
Test parameters:
client->server: 297 seconds, 1000 bytes, 11137 packets
server->client: 297 seconds, 1000 bytes, 0 packets
2025/10/17 19:35:01 POLARIS_LOG {"current_rate":0,"event":"path_switch","new":"2 2 5 2","trigger":"initialization","ts":1760729701.0297294}
Polaris prober initialized with 38 paths
Polaris prober initialized with local 1-111,10.111.0.71:32761 and remote 1-113,10.113.0.71
2025/10/17 19:35:02 POLARIS_LOG {"event":"send_rate","rate":304000,"ts":1760729702.030416}
2025/10/17 19:35:03 POLARIS_LOG {"event":"send_rate","rate":296000,"ts":1760729703.030297}
2025/10/17 19:35:04 POLARIS_LOG {"event":"send_rate","rate":304000,"ts":1760729704.03064}
2025/10/17 19:35:05 POLARIS_LOG {"event":"send_rate","rate":296000,"ts":1760729705.0301542}
2025/10/17 19:35:06 POLARIS_LOG {"event":"send_rate","rate":304000,"ts":1760729706.0305421}
2025/10/17 19:35:07 POLARIS_LOG {"event":"send_rate","rate":296000,"ts":1760729707.030492}
2025/10/17 19:35:08 POLARIS_LOG {"event":"send_rate","rate":304000,"ts":1760729708.0309908}
2025/10/17 19:35:09 POLARIS_LOG {"event":"send_rate","rate":296000,"ts":1760729709.029948}
2025/10/17 19:35:10 POLARIS_LOG {"event":"send_rate","rate":304000,"ts":1760729710.030123}
2025/10/17 19:35:11 POLARIS_LOG {"event":"send_rate","rate":296000,"ts":1760729711.0302472}
2025/10/17 19:35:12 POLARIS_LOG {"event":"send_rate","rate":304000,"ts":1760729712.0306098}
2025/10/17 19:35:13 POLARIS_LOG {"event":"send_rate","rate":296000,"ts":1760729713.030804}
2025/10/17 19:35:14 POLARIS_LOG {"event":"send_rate","rate":304000,"ts":1760729714.0305672}
2025/10/17 19:35:15 POLARIS_LOG {"event":"send_rate","rate":296000,"ts":1760729715.0307844}
2025/10/17 19:35:16 POLARIS_LOG {"event":"send_rate","rate":304000,"ts":1760729716.0304549}
2025/10/17 19:35:17 POLARIS_LOG {"event":"send_rate","rate":296000,"ts":1760729717.0304978}
2025/10/17 19:35:18 POLARIS_LOG {"event":"send_rate","rate":304000,"ts":1760729718.0304785}
2025/10/17 19:35:19 POLARIS_LOG {"event":"send_rate","rate":296000,"ts":1760729719.0308857}
2025/10/17 19:35:20 POLARIS_LOG {"event":"send_rate","rate":304000,"ts":1760729720.0307276}
2025/10/17 19:35:21 POLARIS_LOG {"event":"send_rate","rate":296000,"ts":1760729721.0307884}
2025/10/17 19:35:22 POLARIS_LOG {"event":"send_rate","rate":304000,"ts":1760729722.030294}
2025/10/17 19:35:23 POLARIS_LOG {"event":"send_rate","rate":296000,"ts":1760729723.0302396}
2025/10/17 19:35:24 POLARIS_LOG {"event":"send_rate","rate":304000,"ts":1760729724.030278}
2025/10/17 19:35:25 POLARIS_LOG {"event":"send_rate","rate":296000,"ts":1760729725.0299387}
2025/10/17 19:35:26 POLARIS_LOG {"event":"send_rate","rate":304000,"ts":1760729726.0303445}
2025/10/17 19:35:27 POLARIS_LOG {"event":"send_rate","rate":296000,"ts":1760729727.0302594}
2025/10/17 19:35:28 POLARIS_LOG {"event":"send_rate","rate":304000,"ts":1760729728.0302556}
2025/10/17 19:35:29 POLARIS_LOG {"event":"send_rate","rate":296000,"ts":1760729729.0301719}
2025/10/17 19:35:30 POLARIS_LOG {"event":"send_rate","rate":304000,"ts":1760729730.0301967}
2025/10/17 19:35:31 POLARIS_LOG {"event":"send_rate","rate":296000,"ts":1760729731.0307856}
2025/10/17 19:35:32 POLARIS_LOG {"event":"send_rate","rate":280000,"ts":1760729732.030192}
2025/10/17 19:35:33 POLARIS_LOG {"event":"send_rate","rate":120000,"ts":1760729733.0314574}
2025/10/17 19:35:34 POLARIS_LOG {"event":"send_rate","rate":112000,"ts":1760729734.0300615}
2025/10/17 19:35:35 POLARIS_LOG {"event":"send_rate","rate":112000,"ts":1760729735.0301225}
2025/10/17 19:35:36 POLARIS_LOG {"event":"send_rate","rate":112000,"ts":1760729736.03069}
2025/10/17 19:35:37 POLARIS_LOG {"event":"send_rate","rate":128000,"ts":1760729737.0302892}
2025/10/17 19:35:38 POLARIS_LOG {"event":"send_rate","rate":128000,"ts":1760729738.030157}
2025/10/17 19:35:39 POLARIS_LOG {"event":"send_rate","rate":128000,"ts":1760729739.031368}
2025/10/17 19:35:40 POLARIS_LOG {"event":"send_rate","rate":128000,"ts":1760729740.0316186}
2025/10/17 19:35:41 POLARIS_LOG {"event":"send_rate","rate":72000,"ts":1760729741.0309289}
2025/10/17 19:35:42 POLARIS_LOG {"event":"send_rate","rate":96000,"ts":1760729742.030706}
2025/10/17 19:35:43 POLARIS_LOG {"event":"send_rate","rate":128000,"ts":1760729743.0308945}
2025/10/17 19:35:44 POLARIS_LOG {"event":"send_rate","rate":104000,"ts":1760729744.0301895}
2025/10/17 19:35:45 POLARIS_LOG {"event":"send_rate","rate":136000,"ts":1760729745.0305665}
2025/10/17 19:35:46 POLARIS_LOG {"event":"send_rate","rate":192000,"ts":1760729746.0303876}
2025/10/17 19:35:47 POLARIS_LOG {"event":"send_rate","rate":160000,"ts":1760729747.030786}
2025/10/17 19:35:48 POLARIS_LOG {"event":"send_rate","rate":208000,"ts":1760729748.0301518}
2025/10/17 19:35:49 POLARIS_LOG {"event":"send_rate","rate":168000,"ts":1760729749.0305018}
2025/10/17 19:35:50 POLARIS_LOG {"event":"send_rate","rate":200000,"ts":1760729750.0302017}
2025/10/17 19:35:51 POLARIS_LOG {"event":"send_rate","rate":192000,"ts":1760729751.0318098}
2025/10/17 19:35:51 POLARIS_LOG {"candidates":19,"candidates_unfiltered":25,"current_rate":192000,"estimated_share":500000,"event":"path_switch","max_estimated_share":666500,"new":"1 1 7 7 1 3","old":"2 2 5 2","trigger":"scheduled","ts":1760729751.03188}
2025/10/17 19:35:52 POLARIS_LOG {"event":"send_rate","rate":3400000,"ts":1760729752.0308807}
2025/10/17 19:35:53 POLARIS_LOG {"event":"send_rate","rate":296000,"ts":1760729753.03014}
2025/10/17 19:35:54 POLARIS_LOG {"event":"send_rate","rate":304000,"ts":1760729754.030784}
2025/10/17 19:35:55 POLARIS_LOG {"event":"send_rate","rate":296000,"ts":1760729755.0304348}
2025/10/17 19:35:56 POLARIS_LOG {"event":"send_rate","rate":304000,"ts":1760729756.0304213}
2025/10/17 19:35:57 POLARIS_LOG {"event":"send_rate","rate":296000,"ts":1760729757.0307555}
2025/10/17 19:35:58 POLARIS_LOG {"event":"send_rate","rate":296000,"ts":1760729758.0301127}
2025/10/17 19:35:59 POLARIS_LOG {"event":"send_rate","rate":304000,"ts":1760729759.030518}
2025/10/17 19:36:00 POLARIS_LOG {"event":"send_rate","rate":304000,"ts":1760729760.0305922}
2025/10/17 19:36:01 POLARIS_LOG {"event":"send_rate","rate":296000,"ts":1760729761.0304432}
2025/10/17 19:36:02 POLARIS_LOG {"event":"send_rate","rate":296000,"ts":1760729762.0307076}
2025/10/17 19:36:03 POLARIS_LOG {"event":"send_rate","rate":304000,"ts":1760729763.0299513}
2025/10/17 19:36:04 POLARIS_LOG {"event":"send_rate","rate":296000,"ts":1760729764.0308774}
2025/10/17 19:36:05 POLARIS_LOG {"event":"send_rate","rate":304000,"ts":1760729765.0303514}
2025/10/17 19:36:06 POLARIS_LOG {"event":"send_rate","rate":296000,"ts":1760729766.0301373}
2025/10/17 19:36:07 POLARIS_LOG {"event":"send_rate","rate":304000,"ts":1760729767.0308416}
2025/10/17 19:36:08 POLARIS_LOG {"event":"send_rate","rate":296000,"ts":1760729768.030063}
2025/10/17 19:36:09 POLARIS_LOG {"event":"send_rate","rate":304000,"ts":1760729769.0304685}
2025/10/17 19:36:10 POLARIS_LOG {"event":"send_rate","rate":296000,"ts":1760729770.0300317}
2025/10/17 19:36:11 POLARIS_LOG {"event":"send_rate","rate":304000,"ts":1760729771.030457}
2025/10/17 19:36:12 POLARIS_LOG {"event":"send_rate","rate":296000,"ts":1760729772.030924}
2025/10/17 19:36:13 POLARIS_LOG {"event":"send_rate","rate":304000,"ts":1760729773.0303628}
2025/10/17 19:36:14 POLARIS_LOG {"event":"send_rate","rate":296000,"ts":1760729774.030618}
2025/10/17 19:36:15 POLARIS_LOG {"event":"send_rate","rate":304000,"ts":1760729775.0301795}
2025/10/17 19:36:16 POLARIS_LOG {"event":"send_rate","rate":296000,"ts":1760729776.03111}
2025/10/17 19:36:17 POLARIS_LOG {"event":"send_rate","rate":304000,"ts":1760729777.0307608}
2025/10/17 19:36:18 POLARIS_LOG {"event":"send_rate","rate":296000,"ts":1760729778.0302665}
2025/10/17 19:36:19 POLARIS_LOG {"event":"send_rate","rate":304000,"ts":1760729779.0308359}
2025/10/17 19:36:20 POLARIS_LOG {"event":"send_rate","rate":296000,"ts":1760729780.0303857}
2025/10/17 19:36:21 POLARIS_LOG {"event":"send_rate","rate":304000,"ts":1760729781.030087}
2025/10/17 19:36:22 POLARIS_LOG {"event":"send_rate","rate":296000,"ts":1760729782.0300636}
2025/10/17 19:36:23 POLARIS_LOG {"event":"send_rate","rate":304000,"ts":1760729783.0303342}
2025/10/17 19:36:24 POLARIS_LOG {"event":"send_rate","rate":296000,"ts":1760729784.0306575}
2025/10/17 19:36:25 POLARIS_LOG {"event":"send_rate","rate":304000,"ts":1760729785.0305405}
2025/10/17 19:36:26 POLARIS_LOG {"event":"send_rate","rate":296000,"ts":1760729786.0304792}
2025/10/17 19:36:27 POLARIS_LOG {"event":"send_rate","rate":304000,"ts":1760729787.030381}
2025/10/17 19:36:28 POLARIS_LOG {"event":"send_rate","rate":296000,"ts":1760729788.030287}
2025/10/17 19:36:29 POLARIS_LOG {"event":"send_rate","rate":304000,"ts":1760729789.0301557}
2025/10/17 19:36:30 POLARIS_LOG {"event":"send_rate","rate":296000,"ts":1760729790.029947}
2025/10/17 19:36:31 POLARIS_LOG {"event":"send_rate","rate":304000,"ts":1760729791.0305352}
2025/10/17 19:36:32 POLARIS_LOG {"event":"send_rate","rate":296000,"ts":1760729792.0303106}
2025/10/17 19:36:33 POLARIS_LOG {"event":"send_rate","rate":304000,"ts":1760729793.0302987}
2025/10/17 19:36:34 POLARIS_LOG {"event":"send_rate","rate":296000,"ts":1760729794.031618}
2025/10/17 19:36:35 POLARIS_LOG {"event":"send_rate","rate":304000,"ts":1760729795.0301225}
2025/10/17 19:36:36 POLARIS_LOG {"event":"send_rate","rate":296000,"ts":1760729796.030097}
2025/10/17 19:36:37 POLARIS_LOG {"event":"send_rate","rate":304000,"ts":1760729797.030452}
2025/10/17 19:36:38 POLARIS_LOG {"event":"send_rate","rate":296000,"ts":1760729798.0304914}
2025/10/17 19:36:39 POLARIS_LOG {"event":"send_rate","rate":304000,"ts":1760729799.0309694}
2025/10/17 19:36:40 POLARIS_LOG {"event":"send_rate","rate":296000,"ts":1760729800.031459}
2025/10/17 19:36:41 POLARIS_LOG {"event":"send_rate","rate":304000,"ts":1760729801.0309062}
2025/10/17 19:36:42 POLARIS_LOG {"event":"send_rate","rate":296000,"ts":1760729802.0311337}
2025/10/17 19:36:43 POLARIS_LOG {"event":"send_rate","rate":304000,"ts":1760729803.0301833}
2025/10/17 19:36:44 POLARIS_LOG {"event":"send_rate","rate":296000,"ts":1760729804.0307348}
2025/10/17 19:36:45 POLARIS_LOG {"event":"send_rate","rate":304000,"ts":1760729805.0304534}
2025/10/17 19:36:46 POLARIS_LOG {"event":"send_rate","rate":296000,"ts":1760729806.0304382}
2025/10/17 19:36:47 POLARIS_LOG {"event":"send_rate","rate":304000,"ts":1760729807.030706}
2025/10/17 19:36:48 POLARIS_LOG {"event":"send_rate","rate":296000,"ts":1760729808.0300944}
2025/10/17 19:36:49 POLARIS_LOG {"event":"send_rate","rate":304000,"ts":1760729809.0303946}
2025/10/17 19:36:50 POLARIS_LOG {"event":"send_rate","rate":296000,"ts":1760729810.0299754}
2025/10/17 19:36:51 POLARIS_LOG {"event":"send_rate","rate":304000,"ts":1760729811.0309005}
2025/10/17 19:36:52 POLARIS_LOG {"event":"send_rate","rate":296000,"ts":1760729812.0302238}
2025/10/17 19:36:53 POLARIS_LOG {"event":"send_rate","rate":304000,"ts":1760729813.0302212}
2025/10/17 19:36:54 POLARIS_LOG {"event":"send_rate","rate":296000,"ts":1760729814.0304306}
2025/10/17 19:36:55 POLARIS_LOG {"event":"send_rate","rate":304000,"ts":1760729815.030584}
2025/10/17 19:36:56 POLARIS_LOG {"event":"send_rate","rate":296000,"ts":1760729816.0312853}
2025/10/17 19:36:57 POLARIS_LOG {"event":"send_rate","rate":304000,"ts":1760729817.030745}
2025/10/17 19:36:58 POLARIS_LOG {"event":"send_rate","rate":296000,"ts":1760729818.0309188}
2025/10/17 19:36:59 POLARIS_LOG {"event":"send_rate","rate":296000,"ts":1760729819.0316322}
2025/10/17 19:37:00 POLARIS_LOG {"event":"send_rate","rate":304000,"ts":1760729820.0302403}
2025/10/17 19:37:01 POLARIS_LOG {"event":"send_rate","rate":304000,"ts":1760729821.0308843}
2025/10/17 19:37:02 POLARIS_LOG {"event":"send_rate","rate":296000,"ts":1760729822.029922}
2025/10/17 19:37:03 POLARIS_LOG {"event":"send_rate","rate":304000,"ts":1760729823.030175}
2025/10/17 19:37:04 POLARIS_LOG {"event":"send_rate","rate":296000,"ts":1760729824.0305011}
2025/10/17 19:37:05 POLARIS_LOG {"event":"send_rate","rate":304000,"ts":1760729825.0304487}
2025/10/17 19:37:06 POLARIS_LOG {"event":"send_rate","rate":296000,"ts":1760729826.0306895}
2025/10/17 19:37:07 POLARIS_LOG {"event":"send_rate","rate":304000,"ts":1760729827.0299625}
2025/10/17 19:37:08 POLARIS_LOG {"event":"send_rate","rate":296000,"ts":1760729828.0308373}
2025/10/17 19:37:09 POLARIS_LOG {"event":"send_rate","rate":304000,"ts":1760729829.0306513}
2025/10/17 19:37:10 POLARIS_LOG {"event":"send_rate","rate":296000,"ts":1760729830.030376}
2025/10/17 19:37:11 POLARIS_LOG {"event":"send_rate","rate":304000,"ts":1760729831.0306926}
2025/10/17 19:37:12 POLARIS_LOG {"event":"send_rate","rate":296000,"ts":1760729832.0305433}
2025/10/17 19:37:13 POLARIS_LOG {"event":"send_rate","rate":304000,"ts":1760729833.030672}
2025/10/17 19:37:14 POLARIS_LOG {"event":"send_rate","rate":296000,"ts":1760729834.0303595}
2025/10/17 19:37:15 POLARIS_LOG {"event":"send_rate","rate":304000,"ts":1760729835.0304618}
2025/10/17 19:37:16 POLARIS_LOG {"event":"send_rate","rate":296000,"ts":1760729836.0299447}
2025/10/17 19:37:17 POLARIS_LOG {"event":"send_rate","rate":304000,"ts":1760729837.0299375}
2025/10/17 19:37:18 POLARIS_LOG {"event":"send_rate","rate":296000,"ts":1760729838.030407}
2025/10/17 19:37:19 POLARIS_LOG {"event":"send_rate","rate":304000,"ts":1760729839.0306432}
2025/10/17 19:37:20 POLARIS_LOG {"event":"send_rate","rate":296000,"ts":1760729840.0305145}
2025/10/17 19:37:21 POLARIS_LOG {"event":"send_rate","rate":304000,"ts":1760729841.0299206}
2025/10/17 19:37:22 POLARIS_LOG {"event":"send_rate","rate":296000,"ts":1760729842.030596}
2025/10/17 19:37:23 POLARIS_LOG {"event":"send_rate","rate":304000,"ts":1760729843.0305607}
2025/10/17 19:37:24 POLARIS_LOG {"event":"send_rate","rate":296000,"ts":1760729844.030046}
2025/10/17 19:37:25 POLARIS_LOG {"event":"send_rate","rate":304000,"ts":1760729845.0299459}
2025/10/17 19:37:26 POLARIS_LOG {"event":"send_rate","rate":296000,"ts":1760729846.0417416}
2025/10/17 19:37:27 POLARIS_LOG {"event":"send_rate","rate":304000,"ts":1760729847.030198}
2025/10/17 19:37:28 POLARIS_LOG {"event":"send_rate","rate":296000,"ts":1760729848.030592}
2025/10/17 19:37:29 POLARIS_LOG {"event":"send_rate","rate":304000,"ts":1760729849.0305183}
2025/10/17 19:37:30 POLARIS_LOG {"event":"send_rate","rate":296000,"ts":1760729850.030349}
2025/10/17 19:37:31 POLARIS_LOG {"event":"send_rate","rate":304000,"ts":1760729851.0299416}
2025/10/17 19:37:32 POLARIS_LOG {"event":"send_rate","rate":296000,"ts":1760729852.0299618}
2025/10/17 19:37:33 POLARIS_LOG {"event":"send_rate","rate":296000,"ts":1760729853.0305839}
2025/10/17 19:37:34 POLARIS_LOG {"event":"send_rate","rate":304000,"ts":1760729854.0307932}
2025/10/17 19:37:35 POLARIS_LOG {"event":"send_rate","rate":304000,"ts":1760729855.0306122}
2025/10/17 19:37:36 POLARIS_LOG {"event":"send_rate","rate":296000,"ts":1760729856.0304189}
2025/10/17 19:37:37 POLARIS_LOG {"event":"send_rate","rate":296000,"ts":1760729857.0300727}
2025/10/17 19:37:38 POLARIS_LOG {"event":"send_rate","rate":304000,"ts":1760729858.030068}
2025/10/17 19:37:39 POLARIS_LOG {"event":"send_rate","rate":304000,"ts":1760729859.0334854}
2025/10/17 19:37:40 POLARIS_LOG {"event":"send_rate","rate":296000,"ts":1760729860.0305665}
2025/10/17 19:37:41 POLARIS_LOG {"event":"send_rate","rate":296000,"ts":1760729861.0302646}
2025/10/17 19:37:42 POLARIS_LOG {"event":"send_rate","rate":304000,"ts":1760729862.0300093}
2025/10/17 19:37:43 POLARIS_LOG {"event":"send_rate","rate":296000,"ts":1760729863.0305548}
2025/10/17 19:37:44 POLARIS_LOG {"event":"send_rate","rate":304000,"ts":1760729864.029995}
2025/10/17 19:37:45 POLARIS_LOG {"event":"send_rate","rate":296000,"ts":1760729865.0307345}
2025/10/17 19:37:46 POLARIS_LOG {"event":"send_rate","rate":304000,"ts":1760729866.0300488}
2025/10/17 19:37:47 POLARIS_LOG {"event":"send_rate","rate":296000,"ts":1760729867.03086}
2025/10/17 19:37:48 POLARIS_LOG {"event":"send_rate","rate":304000,"ts":1760729868.0303319}
2025/10/17 19:37:49 POLARIS_LOG {"event":"send_rate","rate":296000,"ts":1760729869.0301893}
2025/10/17 19:37:50 POLARIS_LOG {"event":"send_rate","rate":304000,"ts":1760729870.030568}
2025/10/17 19:37:51 POLARIS_LOG {"event":"send_rate","rate":296000,"ts":1760729871.030832}
2025/10/17 19:37:52 POLARIS_LOG {"event":"send_rate","rate":304000,"ts":1760729872.0308206}
2025/10/17 19:37:53 POLARIS_LOG {"event":"send_rate","rate":296000,"ts":1760729873.0304472}
2025/10/17 19:37:54 POLARIS_LOG {"event":"send_rate","rate":304000,"ts":1760729874.0310056}
2025/10/17 19:37:55 POLARIS_LOG {"event":"send_rate","rate":296000,"ts":1760729875.0304008}
2025/10/17 19:37:56 POLARIS_LOG {"event":"send_rate","rate":304000,"ts":1760729876.0311594}
2025/10/17 19:37:57 POLARIS_LOG {"event":"send_rate","rate":296000,"ts":1760729877.0305996}
2025/10/17 19:37:58 POLARIS_LOG {"event":"send_rate","rate":304000,"ts":1760729878.0302095}
2025/10/17 19:37:59 POLARIS_LOG {"event":"send_rate","rate":296000,"ts":1760729879.0301604}
2025/10/17 19:38:00 POLARIS_LOG {"event":"send_rate","rate":304000,"ts":1760729880.029932}
2025/10/17 19:38:01 POLARIS_LOG {"event":"send_rate","rate":296000,"ts":1760729881.030799}
2025/10/17 19:38:02 POLARIS_LOG {"event":"send_rate","rate":304000,"ts":1760729882.030533}
2025/10/17 19:38:03 POLARIS_LOG {"event":"send_rate","rate":296000,"ts":1760729883.031047}
2025/10/17 19:38:04 POLARIS_LOG {"event":"send_rate","rate":304000,"ts":1760729884.033408}
2025/10/17 19:38:05 POLARIS_LOG {"event":"send_rate","rate":296000,"ts":1760729885.030929}
2025/10/17 19:38:06 POLARIS_LOG {"event":"send_rate","rate":304000,"ts":1760729886.030299}
2025/10/17 19:38:07 POLARIS_LOG {"event":"send_rate","rate":296000,"ts":1760729887.0300214}
2025/10/17 19:38:08 POLARIS_LOG {"event":"send_rate","rate":304000,"ts":1760729888.0302377}
2025/10/17 19:38:09 POLARIS_LOG {"event":"send_rate","rate":296000,"ts":1760729889.0303862}
2025/10/17 19:38:10 POLARIS_LOG {"event":"send_rate","rate":304000,"ts":1760729890.0304983}
2025/10/17 19:38:11 POLARIS_LOG {"event":"send_rate","rate":296000,"ts":1760729891.0303864}
2025/10/17 19:38:12 POLARIS_LOG {"event":"send_rate","rate":304000,"ts":1760729892.0305316}
2025/10/17 19:38:13 POLARIS_LOG {"event":"send_rate","rate":296000,"ts":1760729893.030335}
2025/10/17 19:38:14 POLARIS_LOG {"event":"send_rate","rate":304000,"ts":1760729894.0305173}
2025/10/17 19:38:15 POLARIS_LOG {"event":"send_rate","rate":296000,"ts":1760729895.0303419}
2025/10/17 19:38:16 POLARIS_LOG {"event":"send_rate","rate":304000,"ts":1760729896.0299675}
2025/10/17 19:38:17 POLARIS_LOG {"event":"send_rate","rate":296000,"ts":1760729897.030363}
2025/10/17 19:38:18 POLARIS_LOG {"event":"send_rate","rate":304000,"ts":1760729898.0307283}
2025/10/17 19:38:19 POLARIS_LOG {"event":"send_rate","rate":296000,"ts":1760729899.0307446}
2025/10/17 19:38:20 POLARIS_LOG {"event":"send_rate","rate":304000,"ts":1760729900.0304675}
2025/10/17 19:38:21 POLARIS_LOG {"event":"send_rate","rate":296000,"ts":1760729901.0302796}
2025/10/17 19:38:22 POLARIS_LOG {"event":"send_rate","rate":304000,"ts":1760729902.030638}
2025/10/17 19:38:23 POLARIS_LOG {"event":"send_rate","rate":296000,"ts":1760729903.03081}
2025/10/17 19:38:24 POLARIS_LOG {"event":"send_rate","rate":304000,"ts":1760729904.029979}
2025/10/17 19:38:25 POLARIS_LOG {"event":"send_rate","rate":296000,"ts":1760729905.0305686}
2025/10/17 19:38:26 POLARIS_LOG {"event":"send_rate","rate":304000,"ts":1760729906.030664}
2025/10/17 19:38:27 POLARIS_LOG {"event":"send_rate","rate":296000,"ts":1760729907.030644}
2025/10/17 19:38:28 POLARIS_LOG {"event":"send_rate","rate":304000,"ts":1760729908.0303922}
2025/10/17 19:38:29 POLARIS_LOG {"event":"send_rate","rate":296000,"ts":1760729909.0305521}
2025/10/17 19:38:30 POLARIS_LOG {"event":"send_rate","rate":304000,"ts":1760729910.0299964}
2025/10/17 19:38:31 POLARIS_LOG {"event":"send_rate","rate":296000,"ts":1760729911.0307698}
2025/10/17 19:38:32 POLARIS_LOG {"event":"send_rate","rate":304000,"ts":1760729912.030724}
2025/10/17 19:38:33 POLARIS_LOG {"event":"send_rate","rate":296000,"ts":1760729913.034259}
2025/10/17 19:38:34 POLARIS_LOG {"event":"send_rate","rate":304000,"ts":1760729914.0303833}
2025/10/17 19:38:35 POLARIS_LOG {"event":"send_rate","rate":296000,"ts":1760729915.0309312}
2025/10/17 19:38:36 POLARIS_LOG {"event":"send_rate","rate":304000,"ts":1760729916.0301168}
2025/10/17 19:38:37 POLARIS_LOG {"event":"send_rate","rate":296000,"ts":1760729917.030727}
2025/10/17 19:38:38 POLARIS_LOG {"event":"send_rate","rate":304000,"ts":1760729918.030441}
2025/10/17 19:38:39 POLARIS_LOG {"event":"send_rate","rate":296000,"ts":1760729919.0299397}
2025/10/17 19:38:40 POLARIS_LOG {"event":"send_rate","rate":304000,"ts":1760729920.0300734}
2025/10/17 19:38:41 POLARIS_LOG {"event":"send_rate","rate":296000,"ts":1760729921.0302062}
2025/10/17 19:38:42 POLARIS_LOG {"event":"send_rate","rate":304000,"ts":1760729922.0308757}
2025/10/17 19:38:43 POLARIS_LOG {"event":"send_rate","rate":296000,"ts":1760729923.030294}
2025/10/17 19:38:44 POLARIS_LOG {"event":"send_rate","rate":304000,"ts":1760729924.030191}
2025/10/17 19:38:45 POLARIS_LOG {"event":"send_rate","rate":296000,"ts":1760729925.030153}
2025/10/17 19:38:46 POLARIS_LOG {"event":"send_rate","rate":304000,"ts":1760729926.0309083}
2025/10/17 19:38:47 POLARIS_LOG {"event":"send_rate","rate":296000,"ts":1760729927.0302439}
2025/10/17 19:38:48 POLARIS_LOG {"event":"send_rate","rate":304000,"ts":1760729928.031355}
2025/10/17 19:38:49 POLARIS_LOG {"event":"send_rate","rate":296000,"ts":1760729929.0306113}
2025/10/17 19:38:50 POLARIS_LOG {"event":"send_rate","rate":304000,"ts":1760729930.0307178}
2025/10/17 19:38:51 POLARIS_LOG {"event":"send_rate","rate":296000,"ts":1760729931.0300226}
2025/10/17 19:38:52 POLARIS_LOG {"event":"send_rate","rate":304000,"ts":1760729932.0306594}
2025/10/17 19:38:53 POLARIS_LOG {"event":"send_rate","rate":296000,"ts":1760729933.0300295}
2025/10/17 19:38:54 POLARIS_LOG {"event":"send_rate","rate":304000,"ts":1760729934.030332}
2025/10/17 19:38:55 POLARIS_LOG {"event":"send_rate","rate":296000,"ts":1760729935.0308294}
2025/10/17 19:38:56 POLARIS_LOG {"event":"send_rate","rate":304000,"ts":1760729936.0306604}
2025/10/17 19:38:57 POLARIS_LOG {"event":"send_rate","rate":296000,"ts":1760729937.0309455}
2025/10/17 19:38:58 POLARIS_LOG {"event":"send_rate","rate":304000,"ts":1760729938.0308316}
2025/10/17 19:38:59 POLARIS_LOG {"event":"send_rate","rate":296000,"ts":1760729939.0305018}
2025/10/17 19:39:00 POLARIS_LOG {"event":"send_rate","rate":304000,"ts":1760729940.0305915}
2025/10/17 19:39:01 POLARIS_LOG {"event":"send_rate","rate":296000,"ts":1760729941.0308893}
2025/10/17 19:39:02 POLARIS_LOG {"event":"send_rate","rate":296000,"ts":1760729942.0300605}
2025/10/17 19:39:03 POLARIS_LOG {"event":"send_rate","rate":304000,"ts":1760729943.0306294}
2025/10/17 19:39:04 POLARIS_LOG {"event":"send_rate","rate":304000,"ts":1760729944.0306509}
2025/10/17 19:39:05 POLARIS_LOG {"event":"send_rate","rate":296000,"ts":1760729945.0308752}
2025/10/17 19:39:06 POLARIS_LOG {"event":"send_rate","rate":304000,"ts":1760729946.030824}
2025/10/17 19:39:07 POLARIS_LOG {"event":"send_rate","rate":296000,"ts":1760729947.030677}
2025/10/17 19:39:08 POLARIS_LOG {"event":"send_rate","rate":304000,"ts":1760729948.0310593}
2025/10/17 19:39:09 POLARIS_LOG {"event":"send_rate","rate":296000,"ts":1760729949.0309174}
2025/10/17 19:39:10 POLARIS_LOG {"event":"send_rate","rate":304000,"ts":1760729950.030409}
2025/10/17 19:39:11 POLARIS_LOG {"event":"send_rate","rate":296000,"ts":1760729951.030784}
2025/10/17 19:39:12 POLARIS_LOG {"event":"send_rate","rate":304000,"ts":1760729952.02994}
2025/10/17 19:39:13 POLARIS_LOG {"event":"send_rate","rate":296000,"ts":1760729953.0306933}
2025/10/17 19:39:14 POLARIS_LOG {"event":"send_rate","rate":296000,"ts":1760729954.0299923}
2025/10/17 19:39:15 POLARIS_LOG {"event":"send_rate","rate":304000,"ts":1760729955.0316844}
2025/10/17 19:39:16 POLARIS_LOG {"event":"send_rate","rate":304000,"ts":1760729956.0308635}
2025/10/17 19:39:17 POLARIS_LOG {"event":"send_rate","rate":296000,"ts":1760729957.0306213}
2025/10/17 19:39:18 POLARIS_LOG {"event":"send_rate","rate":296000,"ts":1760729958.030339}
2025/10/17 19:39:19 POLARIS_LOG {"event":"send_rate","rate":304000,"ts":1760729959.0306711}
2025/10/17 19:39:20 POLARIS_LOG {"event":"send_rate","rate":296000,"ts":1760729960.0305483}
2025/10/17 19:39:21 POLARIS_LOG {"event":"send_rate","rate":304000,"ts":1760729961.0306878}
2025/10/17 19:39:22 POLARIS_LOG {"event":"send_rate","rate":296000,"ts":1760729962.030593}
2025/10/17 19:39:23 POLARIS_LOG {"event":"send_rate","rate":304000,"ts":1760729963.0312445}
2025/10/17 19:39:24 POLARIS_LOG {"event":"send_rate","rate":296000,"ts":1760729964.0304413}
2025/10/17 19:39:25 POLARIS_LOG {"event":"send_rate","rate":304000,"ts":1760729965.0303762}
2025/10/17 19:39:26 POLARIS_LOG {"event":"send_rate","rate":296000,"ts":1760729966.0305512}
2025/10/17 19:39:27 POLARIS_LOG {"event":"send_rate","rate":304000,"ts":1760729967.0306456}
2025/10/17 19:39:28 POLARIS_LOG {"event":"send_rate","rate":296000,"ts":1760729968.0313416}
2025/10/17 19:39:29 POLARIS_LOG {"event":"send_rate","rate":304000,"ts":1760729969.030655}
2025/10/17 19:39:30 POLARIS_LOG {"event":"send_rate","rate":296000,"ts":1760729970.030627}
2025/10/17 19:39:31 POLARIS_LOG {"event":"send_rate","rate":304000,"ts":1760729971.0303938}
2025/10/17 19:39:32 POLARIS_LOG {"event":"send_rate","rate":296000,"ts":1760729972.0303}
2025/10/17 19:39:33 POLARIS_LOG {"event":"send_rate","rate":304000,"ts":1760729973.0307243}
2025/10/17 19:39:34 POLARIS_LOG {"event":"send_rate","rate":296000,"ts":1760729974.0306213}
2025/10/17 19:39:35 POLARIS_LOG {"event":"send_rate","rate":304000,"ts":1760729975.0311663}
2025/10/17 19:39:36 POLARIS_LOG {"event":"send_rate","rate":296000,"ts":1760729976.0304968}
2025/10/17 19:39:37 POLARIS_LOG {"event":"send_rate","rate":304000,"ts":1760729977.0328166}
2025/10/17 19:39:38 POLARIS_LOG {"event":"send_rate","rate":296000,"ts":1760729978.0305362}
2025/10/17 19:39:39 POLARIS_LOG {"event":"send_rate","rate":304000,"ts":1760729979.030293}
2025/10/17 19:39:40 POLARIS_LOG {"event":"send_rate","rate":296000,"ts":1760729980.0303116}
2025/10/17 19:39:41 POLARIS_LOG {"event":"send_rate","rate":304000,"ts":1760729981.030297}
2025/10/17 19:39:42 POLARIS_LOG {"event":"send_rate","rate":296000,"ts":1760729982.0300453}
2025/10/17 19:39:43 POLARIS_LOG {"event":"send_rate","rate":304000,"ts":1760729983.0300434}
2025/10/17 19:39:44 POLARIS_LOG {"event":"send_rate","rate":296000,"ts":1760729984.0308921}
2025/10/17 19:39:45 POLARIS_LOG {"event":"send_rate","rate":304000,"ts":1760729985.0304413}
2025/10/17 19:39:46 POLARIS_LOG {"event":"send_rate","rate":296000,"ts":1760729986.0301194}
2025/10/17 19:39:47 POLARIS_LOG {"event":"send_rate","rate":304000,"ts":1760729987.0305731}
2025/10/17 19:39:48 POLARIS_LOG {"event":"send_rate","rate":296000,"ts":1760729988.0300462}
2025/10/17 19:39:49 POLARIS_LOG {"event":"send_rate","rate":304000,"ts":1760729989.0323267}
2025/10/17 19:39:50 POLARIS_LOG {"event":"send_rate","rate":296000,"ts":1760729990.030785}
2025/10/17 19:39:51 POLARIS_LOG {"event":"send_rate","rate":304000,"ts":1760729991.0308843}
2025/10/17 19:39:52 POLARIS_LOG {"event":"send_rate","rate":296000,"ts":1760729992.030233}
2025/10/17 19:39:53 POLARIS_LOG {"event":"send_rate","rate":304000,"ts":1760729993.0303895}
2025/10/17 19:39:54 POLARIS_LOG {"event":"send_rate","rate":296000,"ts":1760729994.0309525}
2025/10/17 19:39:55 POLARIS_LOG {"event":"send_rate","rate":304000,"ts":1760729995.0304656}
2025/10/17 19:39:56 POLARIS_LOG {"event":"send_rate","rate":296000,"ts":1760729996.0303261}
2025/10/17 19:39:57 POLARIS_LOG {"event":"send_rate","rate":304000,"ts":1760729997.030027}
2025/10/17 19:39:58 POLARIS_LOG {"event":"send_rate","rate":296000,"ts":1760729998.030821}
We need to sleep for 1 seconds before we can get the results
2025/10/17 19:39:59 POLARIS_LOG {"event":"send_rate","rate":8000,"ts":1760729999.0302353}
Drain Loop received packet
Drain Loop received non-nil payload
Client sent 11137 packets, server reported 11121 packets received
The network loss rate from client to server is 0.1%

S->C results
Attempted bandwidth: 0 bps / 0.00 Mbps
Achieved bandwidth: 0 bps / 0.00 Mbps
Loss rate: 0.0%
Interarrival time min/avg/max/mdev = -0.000/0.000/0.000/0.000 ms

C->S results
Attempted bandwidth: 299986 bps / 0.30 Mbps
Achieved bandwidth: 299555 bps / 0.30 Mbps
Loss rate: 0.1%
Interarrival time min/avg/max/mdev = 0.002/26.663/439.419/20.316 ms
