
Test parameters:
client->server: 282 seconds, 1000 bytes, 10575 packets
server->client: 282 seconds, 1000 bytes, 0 packets
2025/10/17 19:35:16 POLARIS_LOG {"current_rate":0,"event":"path_switch","new":"2 2 5 2","trigger":"initialization","ts":1760729716.1459668}
Polaris prober initialized with 38 paths
Polaris prober initialized with local 1-111,10.111.0.71:32746 and remote 1-113,10.113.0.71
2025/10/17 19:35:17 POLARIS_LOG {"event":"send_rate","rate":304000,"ts":1760729717.148151}
2025/10/17 19:35:18 POLARIS_LOG {"event":"send_rate","rate":296000,"ts":1760729718.1479545}
2025/10/17 19:35:19 POLARIS_LOG {"event":"send_rate","rate":304000,"ts":1760729719.147663}
2025/10/17 19:35:20 POLARIS_LOG {"event":"send_rate","rate":296000,"ts":1760729720.1474512}
2025/10/17 19:35:21 POLARIS_LOG {"event":"send_rate","rate":304000,"ts":1760729721.1477873}
2025/10/17 19:35:22 POLARIS_LOG {"event":"send_rate","rate":296000,"ts":1760729722.1476216}
2025/10/17 19:35:23 POLARIS_LOG {"event":"send_rate","rate":304000,"ts":1760729723.1555235}
2025/10/17 19:35:24 POLARIS_LOG {"event":"send_rate","rate":296000,"ts":1760729724.1487236}
2025/10/17 19:35:25 POLARIS_LOG {"event":"send_rate","rate":304000,"ts":1760729725.1512382}
2025/10/17 19:35:26 POLARIS_LOG {"event":"send_rate","rate":296000,"ts":1760729726.1496222}
2025/10/17 19:35:27 POLARIS_LOG {"event":"send_rate","rate":304000,"ts":1760729727.1518478}
2025/10/17 19:35:28 POLARIS_LOG {"event":"send_rate","rate":296000,"ts":1760729728.1492844}
2025/10/17 19:35:29 POLARIS_LOG {"event":"send_rate","rate":304000,"ts":1760729729.1571662}
2025/10/17 19:35:30 POLARIS_LOG {"event":"send_rate","rate":296000,"ts":1760729730.1578314}
2025/10/17 19:35:31 POLARIS_LOG {"event":"send_rate","rate":304000,"ts":1760729731.1520147}
2025/10/17 19:35:32 POLARIS_LOG {"event":"send_rate","rate":296000,"ts":1760729732.153076}
2025/10/17 19:35:33 POLARIS_LOG {"event":"send_rate","rate":304000,"ts":1760729733.1493604}
2025/10/17 19:35:34 POLARIS_LOG {"event":"send_rate","rate":240000,"ts":1760729734.1505406}
2025/10/17 19:35:35 POLARIS_LOG {"event":"send_rate","rate":184000,"ts":1760729735.1473575}
2025/10/17 19:35:36 POLARIS_LOG {"candidates":5,"candidates_unfiltered":25,"current_rate":184000,"estimated_share":2000000,"event":"path_switch","max_estimated_share":2000000,"new":"1 1 4 1","old":"2 2 5 2","trigger":"scheduled","ts":1760729736.1476464}
2025/10/17 19:35:36 POLARIS_LOG {"event":"send_rate","rate":144000,"ts":1760729736.1477115}
2025/10/17 19:35:37 POLARIS_LOG {"event":"send_rate","rate":632000,"ts":1760729737.1495018}
2025/10/17 19:35:38 POLARIS_LOG {"event":"send_rate","rate":296000,"ts":1760729738.147353}
2025/10/17 19:35:39 POLARIS_LOG {"event":"send_rate","rate":304000,"ts":1760729739.14936}
2025/10/17 19:35:40 POLARIS_LOG {"event":"send_rate","rate":304000,"ts":1760729740.1731339}
2025/10/17 19:35:41 POLARIS_LOG {"event":"send_rate","rate":296000,"ts":1760729741.1507463}
2025/10/17 19:35:42 POLARIS_LOG {"event":"send_rate","rate":296000,"ts":1760729742.1493912}
2025/10/17 19:35:43 POLARIS_LOG {"event":"send_rate","rate":304000,"ts":1760729743.1501036}
2025/10/17 19:35:44 POLARIS_LOG {"event":"send_rate","rate":296000,"ts":1760729744.1494768}
2025/10/17 19:35:45 POLARIS_LOG {"event":"send_rate","rate":304000,"ts":1760729745.1476474}
2025/10/17 19:35:46 POLARIS_LOG {"event":"send_rate","rate":296000,"ts":1760729746.1521797}
2025/10/17 19:35:47 POLARIS_LOG {"event":"send_rate","rate":304000,"ts":1760729747.1654453}
2025/10/17 19:35:48 POLARIS_LOG {"event":"send_rate","rate":296000,"ts":1760729748.1475093}
2025/10/17 19:35:49 POLARIS_LOG {"event":"send_rate","rate":304000,"ts":1760729749.1479998}
2025/10/17 19:35:50 POLARIS_LOG {"event":"send_rate","rate":296000,"ts":1760729750.1477997}
2025/10/17 19:35:51 POLARIS_LOG {"event":"send_rate","rate":304000,"ts":1760729751.1487052}
2025/10/17 19:35:52 POLARIS_LOG {"event":"send_rate","rate":296000,"ts":1760729752.1485167}
2025/10/17 19:35:53 POLARIS_LOG {"event":"send_rate","rate":304000,"ts":1760729753.1508534}
2025/10/17 19:35:54 POLARIS_LOG {"event":"send_rate","rate":296000,"ts":1760729754.14717}
2025/10/17 19:35:55 POLARIS_LOG {"event":"send_rate","rate":304000,"ts":1760729755.148433}
2025/10/17 19:35:56 POLARIS_LOG {"event":"send_rate","rate":296000,"ts":1760729756.147582}
2025/10/17 19:35:57 POLARIS_LOG {"event":"send_rate","rate":304000,"ts":1760729757.1477938}
2025/10/17 19:35:58 POLARIS_LOG {"event":"send_rate","rate":296000,"ts":1760729758.1478553}
2025/10/17 19:35:59 POLARIS_LOG {"event":"send_rate","rate":304000,"ts":1760729759.1483343}
2025/10/17 19:36:00 POLARIS_LOG {"event":"send_rate","rate":296000,"ts":1760729760.147301}
2025/10/17 19:36:01 POLARIS_LOG {"event":"send_rate","rate":304000,"ts":1760729761.1471896}
2025/10/17 19:36:02 POLARIS_LOG {"event":"send_rate","rate":296000,"ts":1760729762.1480424}
2025/10/17 19:36:03 POLARIS_LOG {"event":"send_rate","rate":304000,"ts":1760729763.1474051}
2025/10/17 19:36:04 POLARIS_LOG {"event":"send_rate","rate":296000,"ts":1760729764.1474164}
2025/10/17 19:36:05 POLARIS_LOG {"event":"send_rate","rate":304000,"ts":1760729765.1504219}
2025/10/17 19:36:06 POLARIS_LOG {"event":"send_rate","rate":296000,"ts":1760729766.1504402}
2025/10/17 19:36:07 POLARIS_LOG {"event":"send_rate","rate":304000,"ts":1760729767.1538987}
2025/10/17 19:36:08 POLARIS_LOG {"event":"send_rate","rate":296000,"ts":1760729768.147691}
2025/10/17 19:36:09 POLARIS_LOG {"event":"send_rate","rate":304000,"ts":1760729769.1478467}
2025/10/17 19:36:10 POLARIS_LOG {"event":"send_rate","rate":296000,"ts":1760729770.1572878}
2025/10/17 19:36:11 POLARIS_LOG {"event":"send_rate","rate":304000,"ts":1760729771.1686838}
2025/10/17 19:36:12 POLARIS_LOG {"event":"send_rate","rate":296000,"ts":1760729772.1473653}
2025/10/17 19:36:13 POLARIS_LOG {"event":"send_rate","rate":304000,"ts":1760729773.148132}
2025/10/17 19:36:14 POLARIS_LOG {"event":"send_rate","rate":296000,"ts":1760729774.1477356}
2025/10/17 19:36:15 POLARIS_LOG {"event":"send_rate","rate":304000,"ts":1760729775.14851}
2025/10/17 19:36:16 POLARIS_LOG {"event":"send_rate","rate":296000,"ts":1760729776.1475167}
2025/10/17 19:36:17 POLARIS_LOG {"event":"send_rate","rate":304000,"ts":1760729777.1475174}
2025/10/17 19:36:18 POLARIS_LOG {"event":"send_rate","rate":296000,"ts":1760729778.1475027}
2025/10/17 19:36:19 POLARIS_LOG {"event":"send_rate","rate":304000,"ts":1760729779.1483293}
2025/10/17 19:36:20 POLARIS_LOG {"event":"send_rate","rate":296000,"ts":1760729780.148534}
2025/10/17 19:36:21 POLARIS_LOG {"event":"send_rate","rate":304000,"ts":1760729781.1480951}
2025/10/17 19:36:22 POLARIS_LOG {"event":"send_rate","rate":296000,"ts":1760729782.1476889}
2025/10/17 19:36:23 POLARIS_LOG {"event":"send_rate","rate":304000,"ts":1760729783.1473606}
2025/10/17 19:36:24 POLARIS_LOG {"event":"send_rate","rate":296000,"ts":1760729784.1484075}
2025/10/17 19:36:25 POLARIS_LOG {"event":"send_rate","rate":304000,"ts":1760729785.1505585}
2025/10/17 19:36:26 POLARIS_LOG {"event":"send_rate","rate":296000,"ts":1760729786.152051}
2025/10/17 19:36:27 POLARIS_LOG {"event":"send_rate","rate":304000,"ts":1760729787.1483924}
2025/10/17 19:36:28 POLARIS_LOG {"event":"send_rate","rate":296000,"ts":1760729788.1493745}
2025/10/17 19:36:29 POLARIS_LOG {"event":"send_rate","rate":296000,"ts":1760729789.1473503}
2025/10/17 19:36:30 POLARIS_LOG {"event":"send_rate","rate":296000,"ts":1760729790.1490152}
2025/10/17 19:36:31 POLARIS_LOG {"event":"send_rate","rate":312000,"ts":1760729791.1509337}
2025/10/17 19:36:32 POLARIS_LOG {"event":"send_rate","rate":296000,"ts":1760729792.154491}
2025/10/17 19:36:33 POLARIS_LOG {"event":"send_rate","rate":304000,"ts":1760729793.1547275}
2025/10/17 19:36:34 POLARIS_LOG {"event":"send_rate","rate":296000,"ts":1760729794.1525097}
2025/10/17 19:36:35 POLARIS_LOG {"event":"send_rate","rate":304000,"ts":1760729795.1474764}
2025/10/17 19:36:36 POLARIS_LOG {"event":"send_rate","rate":296000,"ts":1760729796.147656}
2025/10/17 19:36:37 POLARIS_LOG {"event":"send_rate","rate":296000,"ts":1760729797.1483772}
2025/10/17 19:36:38 POLARIS_LOG {"event":"send_rate","rate":304000,"ts":1760729798.14849}
2025/10/17 19:36:39 POLARIS_LOG {"event":"send_rate","rate":296000,"ts":1760729799.1508112}
2025/10/17 19:36:40 POLARIS_LOG {"event":"send_rate","rate":304000,"ts":1760729800.1492913}
2025/10/17 19:36:41 POLARIS_LOG {"event":"send_rate","rate":304000,"ts":1760729801.1484027}
2025/10/17 19:36:42 POLARIS_LOG {"event":"send_rate","rate":296000,"ts":1760729802.147691}
2025/10/17 19:36:43 POLARIS_LOG {"event":"send_rate","rate":304000,"ts":1760729803.1497104}
2025/10/17 19:36:44 POLARIS_LOG {"event":"send_rate","rate":296000,"ts":1760729804.1496346}
2025/10/17 19:36:45 POLARIS_LOG {"event":"send_rate","rate":296000,"ts":1760729805.1480756}
2025/10/17 19:36:46 POLARIS_LOG {"event":"send_rate","rate":304000,"ts":1760729806.1478486}
2025/10/17 19:36:47 POLARIS_LOG {"event":"send_rate","rate":304000,"ts":1760729807.1487854}
2025/10/17 19:36:48 POLARIS_LOG {"event":"send_rate","rate":296000,"ts":1760729808.147185}
2025/10/17 19:36:49 POLARIS_LOG {"event":"send_rate","rate":304000,"ts":1760729809.148011}
2025/10/17 19:36:50 POLARIS_LOG {"event":"send_rate","rate":296000,"ts":1760729810.147566}
2025/10/17 19:36:51 POLARIS_LOG {"event":"send_rate","rate":304000,"ts":1760729811.165309}
2025/10/17 19:36:52 POLARIS_LOG {"event":"send_rate","rate":296000,"ts":1760729812.1490395}
2025/10/17 19:36:53 POLARIS_LOG {"event":"send_rate","rate":296000,"ts":1760729813.1471887}
2025/10/17 19:36:54 POLARIS_LOG {"event":"send_rate","rate":304000,"ts":1760729814.1500928}
2025/10/17 19:36:55 POLARIS_LOG {"event":"send_rate","rate":296000,"ts":1760729815.1597655}
2025/10/17 19:36:56 POLARIS_LOG {"event":"send_rate","rate":304000,"ts":1760729816.1475048}
2025/10/17 19:36:57 POLARIS_LOG {"event":"send_rate","rate":304000,"ts":1760729817.1502492}
2025/10/17 19:36:58 POLARIS_LOG {"event":"send_rate","rate":296000,"ts":1760729818.148723}
2025/10/17 19:36:59 POLARIS_LOG {"event":"send_rate","rate":280000,"ts":1760729819.1820896}
2025/10/17 19:37:00 POLARIS_LOG {"event":"send_rate","rate":296000,"ts":1760729820.1896594}
2025/10/17 19:37:01 POLARIS_LOG {"event":"send_rate","rate":320000,"ts":1760729821.1490018}
2025/10/17 19:37:02 POLARIS_LOG {"event":"send_rate","rate":312000,"ts":1760729822.1664999}
2025/10/17 19:37:03 POLARIS_LOG {"event":"send_rate","rate":288000,"ts":1760729823.1471736}
2025/10/17 19:37:04 POLARIS_LOG {"event":"send_rate","rate":304000,"ts":1760729824.1485753}
2025/10/17 19:37:05 POLARIS_LOG {"event":"send_rate","rate":296000,"ts":1760729825.1479063}
2025/10/17 19:37:06 POLARIS_LOG {"event":"send_rate","rate":304000,"ts":1760729826.1482775}
2025/10/17 19:37:07 POLARIS_LOG {"event":"send_rate","rate":296000,"ts":1760729827.1472387}
2025/10/17 19:37:08 POLARIS_LOG {"event":"send_rate","rate":304000,"ts":1760729828.1475127}
2025/10/17 19:37:09 POLARIS_LOG {"event":"send_rate","rate":296000,"ts":1760729829.1503654}
2025/10/17 19:37:10 POLARIS_LOG {"event":"send_rate","rate":304000,"ts":1760729830.149332}
2025/10/17 19:37:11 POLARIS_LOG {"event":"send_rate","rate":304000,"ts":1760729831.151082}
2025/10/17 19:37:12 POLARIS_LOG {"event":"send_rate","rate":296000,"ts":1760729832.147536}
2025/10/17 19:37:13 POLARIS_LOG {"event":"send_rate","rate":296000,"ts":1760729833.1478128}
2025/10/17 19:37:14 POLARIS_LOG {"event":"send_rate","rate":304000,"ts":1760729834.1476305}
2025/10/17 19:37:15 POLARIS_LOG {"event":"send_rate","rate":296000,"ts":1760729835.150026}
2025/10/17 19:37:16 POLARIS_LOG {"event":"send_rate","rate":304000,"ts":1760729836.1480844}
2025/10/17 19:37:17 POLARIS_LOG {"event":"send_rate","rate":296000,"ts":1760729837.1676795}
2025/10/17 19:37:18 POLARIS_LOG {"event":"send_rate","rate":304000,"ts":1760729838.1494067}
2025/10/17 19:37:19 POLARIS_LOG {"event":"send_rate","rate":296000,"ts":1760729839.148022}
2025/10/17 19:37:20 POLARIS_LOG {"event":"send_rate","rate":304000,"ts":1760729840.1503224}
2025/10/17 19:37:21 POLARIS_LOG {"event":"send_rate","rate":296000,"ts":1760729841.1472893}
2025/10/17 19:37:22 POLARIS_LOG {"event":"send_rate","rate":304000,"ts":1760729842.154138}
2025/10/17 19:37:23 POLARIS_LOG {"event":"send_rate","rate":296000,"ts":1760729843.1497524}
2025/10/17 19:37:24 POLARIS_LOG {"event":"send_rate","rate":304000,"ts":1760729844.1477454}
2025/10/17 19:37:25 POLARIS_LOG {"event":"send_rate","rate":296000,"ts":1760729845.1486795}
2025/10/17 19:37:26 POLARIS_LOG {"event":"send_rate","rate":304000,"ts":1760729846.1477487}
2025/10/17 19:37:27 POLARIS_LOG {"event":"send_rate","rate":304000,"ts":1760729847.1530023}
2025/10/17 19:37:28 POLARIS_LOG {"event":"send_rate","rate":296000,"ts":1760729848.1621945}
2025/10/17 19:37:29 POLARIS_LOG {"event":"send_rate","rate":296000,"ts":1760729849.1515474}
2025/10/17 19:37:30 POLARIS_LOG {"event":"send_rate","rate":304000,"ts":1760729850.1485634}
2025/10/17 19:37:31 POLARIS_LOG {"event":"send_rate","rate":296000,"ts":1760729851.1476688}
2025/10/17 19:37:32 POLARIS_LOG {"event":"send_rate","rate":304000,"ts":1760729852.1487935}
2025/10/17 19:37:33 POLARIS_LOG {"event":"send_rate","rate":296000,"ts":1760729853.147982}
2025/10/17 19:37:34 POLARIS_LOG {"event":"send_rate","rate":304000,"ts":1760729854.1487997}
2025/10/17 19:37:35 POLARIS_LOG {"event":"send_rate","rate":296000,"ts":1760729855.148781}
2025/10/17 19:37:36 POLARIS_LOG {"event":"send_rate","rate":304000,"ts":1760729856.1538992}
2025/10/17 19:37:37 POLARIS_LOG {"event":"send_rate","rate":296000,"ts":1760729857.1521382}
2025/10/17 19:37:38 POLARIS_LOG {"event":"send_rate","rate":304000,"ts":1760729858.1533668}
2025/10/17 19:37:39 POLARIS_LOG {"event":"send_rate","rate":296000,"ts":1760729859.1473367}
2025/10/17 19:37:40 POLARIS_LOG {"event":"send_rate","rate":304000,"ts":1760729860.148725}
2025/10/17 19:37:41 POLARIS_LOG {"event":"send_rate","rate":296000,"ts":1760729861.1509311}
2025/10/17 19:37:42 POLARIS_LOG {"event":"send_rate","rate":304000,"ts":1760729862.1689324}
2025/10/17 19:37:43 POLARIS_LOG {"event":"send_rate","rate":296000,"ts":1760729863.1499825}
2025/10/17 19:37:44 POLARIS_LOG {"event":"send_rate","rate":304000,"ts":1760729864.148327}
2025/10/17 19:37:45 POLARIS_LOG {"event":"send_rate","rate":296000,"ts":1760729865.1496167}
2025/10/17 19:37:46 POLARIS_LOG {"event":"send_rate","rate":304000,"ts":1760729866.150369}
2025/10/17 19:37:47 POLARIS_LOG {"event":"send_rate","rate":296000,"ts":1760729867.1484156}
2025/10/17 19:37:48 POLARIS_LOG {"event":"send_rate","rate":304000,"ts":1760729868.1517377}
2025/10/17 19:37:49 POLARIS_LOG {"event":"send_rate","rate":304000,"ts":1760729869.1572976}
2025/10/17 19:37:50 POLARIS_LOG {"event":"send_rate","rate":296000,"ts":1760729870.1509073}
2025/10/17 19:37:51 POLARIS_LOG {"event":"send_rate","rate":296000,"ts":1760729871.1482313}
2025/10/17 19:37:52 POLARIS_LOG {"event":"send_rate","rate":312000,"ts":1760729872.1760743}
2025/10/17 19:37:53 POLARIS_LOG {"event":"send_rate","rate":288000,"ts":1760729873.151041}
2025/10/17 19:37:54 POLARIS_LOG {"event":"send_rate","rate":304000,"ts":1760729874.153833}
2025/10/17 19:37:55 POLARIS_LOG {"event":"send_rate","rate":296000,"ts":1760729875.1500912}
2025/10/17 19:37:56 POLARIS_LOG {"event":"send_rate","rate":304000,"ts":1760729876.1483417}
2025/10/17 19:37:57 POLARIS_LOG {"event":"send_rate","rate":296000,"ts":1760729877.1489756}
2025/10/17 19:37:58 POLARIS_LOG {"event":"send_rate","rate":304000,"ts":1760729878.1483357}
2025/10/17 19:37:59 POLARIS_LOG {"event":"send_rate","rate":296000,"ts":1760729879.1481862}
2025/10/17 19:38:00 POLARIS_LOG {"event":"send_rate","rate":304000,"ts":1760729880.1494515}
2025/10/17 19:38:01 POLARIS_LOG {"event":"send_rate","rate":304000,"ts":1760729881.1591077}
2025/10/17 19:38:02 POLARIS_LOG {"event":"send_rate","rate":296000,"ts":1760729882.1485033}
2025/10/17 19:38:03 POLARIS_LOG {"event":"send_rate","rate":304000,"ts":1760729883.1587858}
2025/10/17 19:38:04 POLARIS_LOG {"event":"send_rate","rate":296000,"ts":1760729884.1486874}
2025/10/17 19:38:05 POLARIS_LOG {"event":"send_rate","rate":296000,"ts":1760729885.152371}
2025/10/17 19:38:06 POLARIS_LOG {"event":"send_rate","rate":304000,"ts":1760729886.149855}
2025/10/17 19:38:07 POLARIS_LOG {"event":"send_rate","rate":304000,"ts":1760729887.1641233}
2025/10/17 19:38:08 POLARIS_LOG {"event":"send_rate","rate":296000,"ts":1760729888.1501105}
2025/10/17 19:38:09 POLARIS_LOG {"event":"send_rate","rate":296000,"ts":1760729889.1478543}
2025/10/17 19:38:10 POLARIS_LOG {"event":"send_rate","rate":304000,"ts":1760729890.1471853}
2025/10/17 19:38:11 POLARIS_LOG {"event":"send_rate","rate":296000,"ts":1760729891.1474125}
2025/10/17 19:38:12 POLARIS_LOG {"event":"send_rate","rate":304000,"ts":1760729892.147714}
2025/10/17 19:38:13 POLARIS_LOG {"event":"send_rate","rate":296000,"ts":1760729893.147229}
2025/10/17 19:38:14 POLARIS_LOG {"event":"send_rate","rate":304000,"ts":1760729894.1477175}
2025/10/17 19:38:15 POLARIS_LOG {"event":"send_rate","rate":296000,"ts":1760729895.148082}
2025/10/17 19:38:16 POLARIS_LOG {"event":"send_rate","rate":304000,"ts":1760729896.149711}
2025/10/17 19:38:17 POLARIS_LOG {"event":"send_rate","rate":304000,"ts":1760729897.1585193}
2025/10/17 19:38:18 POLARIS_LOG {"event":"send_rate","rate":296000,"ts":1760729898.1476305}
2025/10/17 19:38:19 POLARIS_LOG {"event":"send_rate","rate":296000,"ts":1760729899.147905}
2025/10/17 19:38:20 POLARIS_LOG {"event":"send_rate","rate":304000,"ts":1760729900.1477582}
2025/10/17 19:38:21 POLARIS_LOG {"event":"send_rate","rate":296000,"ts":1760729901.1474664}
2025/10/17 19:38:22 POLARIS_LOG {"event":"send_rate","rate":304000,"ts":1760729902.1507297}
2025/10/17 19:38:23 POLARIS_LOG {"event":"send_rate","rate":296000,"ts":1760729903.152591}
2025/10/17 19:38:24 POLARIS_LOG {"event":"send_rate","rate":304000,"ts":1760729904.1473489}
2025/10/17 19:38:25 POLARIS_LOG {"event":"send_rate","rate":296000,"ts":1760729905.1500735}
2025/10/17 19:38:26 POLARIS_LOG {"event":"send_rate","rate":304000,"ts":1760729906.151844}
2025/10/17 19:38:27 POLARIS_LOG {"event":"send_rate","rate":296000,"ts":1760729907.1563306}
2025/10/17 19:38:28 POLARIS_LOG {"event":"send_rate","rate":304000,"ts":1760729908.1591616}
2025/10/17 19:38:29 POLARIS_LOG {"event":"send_rate","rate":296000,"ts":1760729909.148117}
2025/10/17 19:38:30 POLARIS_LOG {"event":"send_rate","rate":296000,"ts":1760729910.1506789}
2025/10/17 19:38:31 POLARIS_LOG {"event":"send_rate","rate":304000,"ts":1760729911.1478217}
2025/10/17 19:38:32 POLARIS_LOG {"event":"send_rate","rate":304000,"ts":1760729912.148028}
2025/10/17 19:38:33 POLARIS_LOG {"event":"send_rate","rate":296000,"ts":1760729913.1480172}
2025/10/17 19:38:34 POLARIS_LOG {"event":"send_rate","rate":296000,"ts":1760729914.1543748}
2025/10/17 19:38:35 POLARIS_LOG {"event":"send_rate","rate":304000,"ts":1760729915.1475475}
2025/10/17 19:38:36 POLARIS_LOG {"event":"send_rate","rate":304000,"ts":1760729916.1487832}
2025/10/17 19:38:37 POLARIS_LOG {"event":"send_rate","rate":296000,"ts":1760729917.148432}
2025/10/17 19:38:38 POLARIS_LOG {"event":"send_rate","rate":304000,"ts":1760729918.1504576}
2025/10/17 19:38:39 POLARIS_LOG {"event":"send_rate","rate":296000,"ts":1760729919.1486337}
2025/10/17 19:38:40 POLARIS_LOG {"event":"send_rate","rate":304000,"ts":1760729920.1473715}
2025/10/17 19:38:41 POLARIS_LOG {"event":"send_rate","rate":296000,"ts":1760729921.1476245}
2025/10/17 19:38:42 POLARIS_LOG {"event":"send_rate","rate":296000,"ts":1760729922.1518905}
2025/10/17 19:38:43 POLARIS_LOG {"event":"send_rate","rate":304000,"ts":1760729923.1585643}
2025/10/17 19:38:44 POLARIS_LOG {"event":"send_rate","rate":304000,"ts":1760729924.1526425}
2025/10/17 19:38:45 POLARIS_LOG {"event":"send_rate","rate":296000,"ts":1760729925.1489682}
2025/10/17 19:38:46 POLARIS_LOG {"event":"send_rate","rate":304000,"ts":1760729926.1481411}
2025/10/17 19:38:47 POLARIS_LOG {"event":"send_rate","rate":296000,"ts":1760729927.1572196}
2025/10/17 19:38:48 POLARIS_LOG {"event":"send_rate","rate":304000,"ts":1760729928.147958}
2025/10/17 19:38:49 POLARIS_LOG {"event":"send_rate","rate":296000,"ts":1760729929.14789}
2025/10/17 19:38:50 POLARIS_LOG {"event":"send_rate","rate":304000,"ts":1760729930.1471376}
2025/10/17 19:38:51 POLARIS_LOG {"event":"send_rate","rate":296000,"ts":1760729931.1501074}
2025/10/17 19:38:52 POLARIS_LOG {"event":"send_rate","rate":304000,"ts":1760729932.1479006}
2025/10/17 19:38:53 POLARIS_LOG {"event":"send_rate","rate":296000,"ts":1760729933.147953}
2025/10/17 19:38:54 POLARIS_LOG {"event":"send_rate","rate":296000,"ts":1760729934.1584454}
2025/10/17 19:38:55 POLARIS_LOG {"event":"send_rate","rate":304000,"ts":1760729935.1478395}
2025/10/17 19:38:56 POLARIS_LOG {"event":"send_rate","rate":296000,"ts":1760729936.148812}
2025/10/17 19:38:57 POLARIS_LOG {"event":"send_rate","rate":304000,"ts":1760729937.1477673}
2025/10/17 19:38:58 POLARIS_LOG {"event":"send_rate","rate":296000,"ts":1760729938.1593957}
2025/10/17 19:38:59 POLARIS_LOG {"event":"send_rate","rate":304000,"ts":1760729939.1491957}
2025/10/17 19:39:00 POLARIS_LOG {"event":"send_rate","rate":304000,"ts":1760729940.1520097}
2025/10/17 19:39:01 POLARIS_LOG {"event":"send_rate","rate":296000,"ts":1760729941.1472857}
2025/10/17 19:39:02 POLARIS_LOG {"event":"send_rate","rate":296000,"ts":1760729942.153184}
2025/10/17 19:39:03 POLARIS_LOG {"event":"send_rate","rate":304000,"ts":1760729943.1523347}
2025/10/17 19:39:04 POLARIS_LOG {"event":"send_rate","rate":304000,"ts":1760729944.1740966}
2025/10/17 19:39:05 POLARIS_LOG {"event":"send_rate","rate":296000,"ts":1760729945.1479301}
2025/10/17 19:39:06 POLARIS_LOG {"event":"send_rate","rate":296000,"ts":1760729946.1472194}
2025/10/17 19:39:07 POLARIS_LOG {"event":"send_rate","rate":304000,"ts":1760729947.1484582}
2025/10/17 19:39:08 POLARIS_LOG {"event":"send_rate","rate":296000,"ts":1760729948.1489313}
2025/10/17 19:39:09 POLARIS_LOG {"event":"send_rate","rate":304000,"ts":1760729949.149136}
2025/10/17 19:39:10 POLARIS_LOG {"event":"send_rate","rate":304000,"ts":1760729950.1491768}
2025/10/17 19:39:11 POLARIS_LOG {"event":"send_rate","rate":296000,"ts":1760729951.148166}
2025/10/17 19:39:12 POLARIS_LOG {"event":"send_rate","rate":304000,"ts":1760729952.174532}
2025/10/17 19:39:13 POLARIS_LOG {"event":"send_rate","rate":296000,"ts":1760729953.147458}
2025/10/17 19:39:14 POLARIS_LOG {"event":"send_rate","rate":296000,"ts":1760729954.1480477}
2025/10/17 19:39:15 POLARIS_LOG {"event":"send_rate","rate":304000,"ts":1760729955.1511536}
2025/10/17 19:39:16 POLARIS_LOG {"event":"send_rate","rate":304000,"ts":1760729956.1486168}
2025/10/17 19:39:17 POLARIS_LOG {"event":"send_rate","rate":296000,"ts":1760729957.1482465}
2025/10/17 19:39:18 POLARIS_LOG {"event":"send_rate","rate":304000,"ts":1760729958.149611}
2025/10/17 19:39:19 POLARIS_LOG {"event":"send_rate","rate":296000,"ts":1760729959.154014}
2025/10/17 19:39:20 POLARIS_LOG {"event":"send_rate","rate":296000,"ts":1760729960.1479824}
2025/10/17 19:39:21 POLARIS_LOG {"event":"send_rate","rate":304000,"ts":1760729961.1504645}
2025/10/17 19:39:22 POLARIS_LOG {"event":"send_rate","rate":296000,"ts":1760729962.1478283}
2025/10/17 19:39:23 POLARIS_LOG {"event":"send_rate","rate":304000,"ts":1760729963.1471837}
2025/10/17 19:39:24 POLARIS_LOG {"event":"send_rate","rate":304000,"ts":1760729964.1513946}
2025/10/17 19:39:25 POLARIS_LOG {"event":"send_rate","rate":296000,"ts":1760729965.148122}
2025/10/17 19:39:26 POLARIS_LOG {"event":"send_rate","rate":304000,"ts":1760729966.1510053}
2025/10/17 19:39:27 POLARIS_LOG {"event":"send_rate","rate":296000,"ts":1760729967.147922}
2025/10/17 19:39:28 POLARIS_LOG {"event":"send_rate","rate":296000,"ts":1760729968.147229}
2025/10/17 19:39:29 POLARIS_LOG {"event":"send_rate","rate":304000,"ts":1760729969.1482341}
2025/10/17 19:39:30 POLARIS_LOG {"event":"send_rate","rate":296000,"ts":1760729970.1471493}
2025/10/17 19:39:31 POLARIS_LOG {"event":"send_rate","rate":304000,"ts":1760729971.1472926}
2025/10/17 19:39:32 POLARIS_LOG {"event":"send_rate","rate":296000,"ts":1760729972.148511}
2025/10/17 19:39:33 POLARIS_LOG {"event":"send_rate","rate":304000,"ts":1760729973.1511235}
2025/10/17 19:39:34 POLARIS_LOG {"event":"send_rate","rate":304000,"ts":1760729974.1721356}
2025/10/17 19:39:35 POLARIS_LOG {"event":"send_rate","rate":296000,"ts":1760729975.1473463}
2025/10/17 19:39:36 POLARIS_LOG {"event":"send_rate","rate":296000,"ts":1760729976.1481297}
2025/10/17 19:39:37 POLARIS_LOG {"event":"send_rate","rate":304000,"ts":1760729977.147854}
2025/10/17 19:39:38 POLARIS_LOG {"event":"send_rate","rate":296000,"ts":1760729978.1479871}
2025/10/17 19:39:39 POLARIS_LOG {"event":"send_rate","rate":304000,"ts":1760729979.1482832}
2025/10/17 19:39:40 POLARIS_LOG {"event":"send_rate","rate":296000,"ts":1760729980.1478052}
2025/10/17 19:39:41 POLARIS_LOG {"event":"send_rate","rate":304000,"ts":1760729981.1473393}
2025/10/17 19:39:42 POLARIS_LOG {"event":"send_rate","rate":296000,"ts":1760729982.1504023}
2025/10/17 19:39:43 POLARIS_LOG {"event":"send_rate","rate":304000,"ts":1760729983.1472974}
2025/10/17 19:39:44 POLARIS_LOG {"event":"send_rate","rate":296000,"ts":1760729984.1474063}
2025/10/17 19:39:45 POLARIS_LOG {"event":"send_rate","rate":304000,"ts":1760729985.1477923}
2025/10/17 19:39:46 POLARIS_LOG {"event":"send_rate","rate":296000,"ts":1760729986.1477458}
2025/10/17 19:39:47 POLARIS_LOG {"event":"send_rate","rate":304000,"ts":1760729987.1494954}
2025/10/17 19:39:48 POLARIS_LOG {"event":"send_rate","rate":296000,"ts":1760729988.147867}
2025/10/17 19:39:49 POLARIS_LOG {"event":"send_rate","rate":304000,"ts":1760729989.1479006}
2025/10/17 19:39:50 POLARIS_LOG {"event":"send_rate","rate":296000,"ts":1760729990.1480074}
2025/10/17 19:39:51 POLARIS_LOG {"event":"send_rate","rate":304000,"ts":1760729991.1472237}
2025/10/17 19:39:52 POLARIS_LOG {"event":"send_rate","rate":296000,"ts":1760729992.1477165}
2025/10/17 19:39:53 POLARIS_LOG {"event":"send_rate","rate":304000,"ts":1760729993.1477308}
2025/10/17 19:39:54 POLARIS_LOG {"event":"send_rate","rate":304000,"ts":1760729994.1640599}
2025/10/17 19:39:55 POLARIS_LOG {"event":"send_rate","rate":296000,"ts":1760729995.1478796}
2025/10/17 19:39:56 POLARIS_LOG {"event":"send_rate","rate":296000,"ts":1760729996.1609757}
2025/10/17 19:39:57 POLARIS_LOG {"event":"send_rate","rate":304000,"ts":1760729997.1487036}
We need to sleep for 1 seconds before we can get the results
2025/10/17 19:39:58 POLARIS_LOG {"event":"send_rate","rate":296000,"ts":1760729998.1487088}
2025/10/17 19:39:59 POLARIS_LOG {"event":"send_rate","rate":8000,"ts":1760729999.14728}
Drain Loop received packet
Drain Loop received non-nil payload
Client sent 10575 packets, server reported 10544 packets received
The network loss rate from client to server is 0.3%

S->C results
Attempted bandwidth: 0 bps / 0.00 Mbps
Achieved bandwidth: 0 bps / 0.00 Mbps
Loss rate: 0.0%
Interarrival time min/avg/max/mdev = -0.000/0.000/0.000/0.000 ms

C->S results
Attempted bandwidth: 300000 bps / 0.30 Mbps
Achieved bandwidth: 299120 bps / 0.30 Mbps
Loss rate: 0.3%
Interarrival time min/avg/max/mdev = 0.001/26.713/265.292/15.446 ms
