
Test parameters:
client->server: 288 seconds, 1000 bytes, 10800 packets
server->client: 288 seconds, 1000 bytes, 0 packets
2025/10/17 19:35:10 POLARIS_LOG {"current_rate":0,"event":"path_switch","new":"2 2 5 2","trigger":"initialization","ts":1760729710.0611458}
Polaris prober initialized with 38 paths
Polaris prober initialized with local 1-111,10.111.0.71:32752 and remote 1-113,10.113.0.71
2025/10/17 19:35:11 POLARIS_LOG {"event":"send_rate","rate":296000,"ts":1760729711.0627077}
2025/10/17 19:35:12 POLARIS_LOG {"event":"send_rate","rate":304000,"ts":1760729712.0638244}
2025/10/17 19:35:13 POLARIS_LOG {"event":"send_rate","rate":296000,"ts":1760729713.0622187}
2025/10/17 19:35:14 POLARIS_LOG {"event":"send_rate","rate":304000,"ts":1760729714.0624006}
2025/10/17 19:35:15 POLARIS_LOG {"event":"send_rate","rate":296000,"ts":1760729715.0618906}
2025/10/17 19:35:16 POLARIS_LOG {"event":"send_rate","rate":304000,"ts":1760729716.0619047}
2025/10/17 19:35:17 POLARIS_LOG {"event":"send_rate","rate":296000,"ts":1760729717.0619507}
2025/10/17 19:35:18 POLARIS_LOG {"event":"send_rate","rate":304000,"ts":1760729718.0626247}
2025/10/17 19:35:19 POLARIS_LOG {"event":"send_rate","rate":296000,"ts":1760729719.0626981}
2025/10/17 19:35:20 POLARIS_LOG {"event":"send_rate","rate":304000,"ts":1760729720.0624287}
2025/10/17 19:35:21 POLARIS_LOG {"event":"send_rate","rate":296000,"ts":1760729721.061981}
2025/10/17 19:35:22 POLARIS_LOG {"event":"send_rate","rate":304000,"ts":1760729722.0619054}
2025/10/17 19:35:23 POLARIS_LOG {"event":"send_rate","rate":296000,"ts":1760729723.0628426}
2025/10/17 19:35:24 POLARIS_LOG {"event":"send_rate","rate":304000,"ts":1760729724.062222}
2025/10/17 19:35:25 POLARIS_LOG {"event":"send_rate","rate":296000,"ts":1760729725.0617754}
2025/10/17 19:35:26 POLARIS_LOG {"event":"send_rate","rate":304000,"ts":1760729726.062009}
2025/10/17 19:35:27 POLARIS_LOG {"event":"send_rate","rate":296000,"ts":1760729727.0623024}
2025/10/17 19:35:28 POLARIS_LOG {"event":"send_rate","rate":304000,"ts":1760729728.062619}
2025/10/17 19:35:29 POLARIS_LOG {"event":"send_rate","rate":296000,"ts":1760729729.062105}
2025/10/17 19:35:30 POLARIS_LOG {"event":"send_rate","rate":304000,"ts":1760729730.0675786}
2025/10/17 19:35:31 POLARIS_LOG {"event":"send_rate","rate":248000,"ts":1760729731.061953}
2025/10/17 19:35:32 POLARIS_LOG {"event":"send_rate","rate":144000,"ts":1760729732.0627306}
2025/10/17 19:35:33 POLARIS_LOG {"event":"send_rate","rate":96000,"ts":1760729733.0619087}
2025/10/17 19:35:34 POLARIS_LOG {"event":"send_rate","rate":88000,"ts":1760729734.062366}
2025/10/17 19:35:35 POLARIS_LOG {"event":"send_rate","rate":176000,"ts":1760729735.0618794}
2025/10/17 19:35:36 POLARIS_LOG {"event":"send_rate","rate":144000,"ts":1760729736.0624015}
2025/10/17 19:35:37 POLARIS_LOG {"event":"send_rate","rate":96000,"ts":1760729737.0622835}
2025/10/17 19:35:38 POLARIS_LOG {"event":"send_rate","rate":128000,"ts":1760729738.0620496}
2025/10/17 19:35:39 POLARIS_LOG {"event":"send_rate","rate":144000,"ts":1760729739.062101}
2025/10/17 19:35:40 POLARIS_LOG {"event":"send_rate","rate":96000,"ts":1760729740.062132}
2025/10/17 19:35:40 POLARIS_LOG {"candidates":3,"candidates_unfiltered":25,"current_rate":96000,"estimated_share":1000000,"event":"path_switch","max_estimated_share":1000000,"new":"4 4 1 3","old":"2 2 5 2","trigger":"scheduled","ts":1760729740.0621417}
2025/10/17 19:35:41 POLARIS_LOG {"event":"send_rate","rate":1936000,"ts":1760729741.062566}
2025/10/17 19:35:42 POLARIS_LOG {"event":"send_rate","rate":304000,"ts":1760729742.0627284}
2025/10/17 19:35:43 POLARIS_LOG {"event":"send_rate","rate":296000,"ts":1760729743.0623217}
2025/10/17 19:35:44 POLARIS_LOG {"event":"send_rate","rate":304000,"ts":1760729744.0650299}
2025/10/17 19:35:45 POLARIS_LOG {"event":"send_rate","rate":296000,"ts":1760729745.0642483}
2025/10/17 19:35:46 POLARIS_LOG {"event":"send_rate","rate":304000,"ts":1760729746.0621347}
2025/10/17 19:35:47 POLARIS_LOG {"event":"send_rate","rate":296000,"ts":1760729747.0636816}
2025/10/17 19:35:48 POLARIS_LOG {"event":"send_rate","rate":304000,"ts":1760729748.0619662}
2025/10/17 19:35:49 POLARIS_LOG {"event":"send_rate","rate":296000,"ts":1760729749.062494}
2025/10/17 19:35:50 POLARIS_LOG {"event":"send_rate","rate":304000,"ts":1760729750.0619128}
2025/10/17 19:35:51 POLARIS_LOG {"event":"send_rate","rate":296000,"ts":1760729751.0625591}
2025/10/17 19:35:52 POLARIS_LOG {"event":"send_rate","rate":304000,"ts":1760729752.062546}
2025/10/17 19:35:53 POLARIS_LOG {"event":"send_rate","rate":296000,"ts":1760729753.0618536}
2025/10/17 19:35:54 POLARIS_LOG {"event":"send_rate","rate":304000,"ts":1760729754.0623548}
2025/10/17 19:35:55 POLARIS_LOG {"event":"send_rate","rate":296000,"ts":1760729755.0618758}
2025/10/17 19:35:56 POLARIS_LOG {"event":"send_rate","rate":304000,"ts":1760729756.0621085}
2025/10/17 19:35:57 POLARIS_LOG {"event":"send_rate","rate":296000,"ts":1760729757.0618298}
2025/10/17 19:35:58 POLARIS_LOG {"event":"send_rate","rate":304000,"ts":1760729758.0617142}
2025/10/17 19:35:59 POLARIS_LOG {"event":"send_rate","rate":296000,"ts":1760729759.0623329}
2025/10/17 19:36:00 POLARIS_LOG {"event":"send_rate","rate":304000,"ts":1760729760.0619853}
2025/10/17 19:36:01 POLARIS_LOG {"event":"send_rate","rate":296000,"ts":1760729761.0627193}
2025/10/17 19:36:02 POLARIS_LOG {"event":"send_rate","rate":304000,"ts":1760729762.0618744}
2025/10/17 19:36:03 POLARIS_LOG {"event":"send_rate","rate":296000,"ts":1760729763.0624738}
2025/10/17 19:36:04 POLARIS_LOG {"event":"send_rate","rate":304000,"ts":1760729764.0625932}
2025/10/17 19:36:05 POLARIS_LOG {"event":"send_rate","rate":296000,"ts":1760729765.0625741}
2025/10/17 19:36:06 POLARIS_LOG {"event":"send_rate","rate":304000,"ts":1760729766.0623555}
2025/10/17 19:36:07 POLARIS_LOG {"event":"send_rate","rate":296000,"ts":1760729767.0626917}
2025/10/17 19:36:08 POLARIS_LOG {"event":"send_rate","rate":304000,"ts":1760729768.062519}
2025/10/17 19:36:09 POLARIS_LOG {"event":"send_rate","rate":296000,"ts":1760729769.0623965}
2025/10/17 19:36:10 POLARIS_LOG {"event":"send_rate","rate":304000,"ts":1760729770.0625863}
2025/10/17 19:36:11 POLARIS_LOG {"event":"send_rate","rate":296000,"ts":1760729771.06212}
2025/10/17 19:36:12 POLARIS_LOG {"event":"send_rate","rate":304000,"ts":1760729772.0626624}
2025/10/17 19:36:13 POLARIS_LOG {"event":"send_rate","rate":296000,"ts":1760729773.0619717}
2025/10/17 19:36:14 POLARIS_LOG {"event":"send_rate","rate":304000,"ts":1760729774.0621903}
2025/10/17 19:36:15 POLARIS_LOG {"event":"send_rate","rate":296000,"ts":1760729775.0632548}
2025/10/17 19:36:16 POLARIS_LOG {"event":"send_rate","rate":304000,"ts":1760729776.062668}
2025/10/17 19:36:17 POLARIS_LOG {"event":"send_rate","rate":296000,"ts":1760729777.0626788}
2025/10/17 19:36:18 POLARIS_LOG {"event":"send_rate","rate":304000,"ts":1760729778.0621836}
2025/10/17 19:36:19 POLARIS_LOG {"event":"send_rate","rate":296000,"ts":1760729779.0621793}
2025/10/17 19:36:20 POLARIS_LOG {"event":"send_rate","rate":304000,"ts":1760729780.0622125}
2025/10/17 19:36:21 POLARIS_LOG {"event":"send_rate","rate":296000,"ts":1760729781.0624042}
2025/10/17 19:36:22 POLARIS_LOG {"event":"send_rate","rate":304000,"ts":1760729782.0618916}
2025/10/17 19:36:23 POLARIS_LOG {"event":"send_rate","rate":296000,"ts":1760729783.0622942}
2025/10/17 19:36:24 POLARIS_LOG {"event":"send_rate","rate":296000,"ts":1760729784.0622218}
2025/10/17 19:36:25 POLARIS_LOG {"event":"send_rate","rate":304000,"ts":1760729785.0630755}
2025/10/17 19:36:26 POLARIS_LOG {"event":"send_rate","rate":296000,"ts":1760729786.0623977}
2025/10/17 19:36:27 POLARIS_LOG {"event":"send_rate","rate":304000,"ts":1760729787.062227}
2025/10/17 19:36:28 POLARIS_LOG {"event":"send_rate","rate":304000,"ts":1760729788.0625496}
2025/10/17 19:36:29 POLARIS_LOG {"event":"send_rate","rate":296000,"ts":1760729789.0620887}
2025/10/17 19:36:30 POLARIS_LOG {"event":"send_rate","rate":304000,"ts":1760729790.0632064}
2025/10/17 19:36:31 POLARIS_LOG {"event":"send_rate","rate":296000,"ts":1760729791.0619395}
2025/10/17 19:36:32 POLARIS_LOG {"event":"send_rate","rate":304000,"ts":1760729792.0622306}
2025/10/17 19:36:33 POLARIS_LOG {"event":"send_rate","rate":296000,"ts":1760729793.062741}
2025/10/17 19:36:34 POLARIS_LOG {"event":"send_rate","rate":304000,"ts":1760729794.0643034}
2025/10/17 19:36:35 POLARIS_LOG {"event":"send_rate","rate":296000,"ts":1760729795.0624523}
2025/10/17 19:36:36 POLARIS_LOG {"event":"send_rate","rate":296000,"ts":1760729796.062095}
2025/10/17 19:36:37 POLARIS_LOG {"event":"send_rate","rate":304000,"ts":1760729797.0622232}
2025/10/17 19:36:38 POLARIS_LOG {"event":"send_rate","rate":296000,"ts":1760729798.0621138}
2025/10/17 19:36:39 POLARIS_LOG {"event":"send_rate","rate":304000,"ts":1760729799.0643342}
2025/10/17 19:36:40 POLARIS_LOG {"event":"send_rate","rate":296000,"ts":1760729800.0619638}
2025/10/17 19:36:41 POLARIS_LOG {"event":"send_rate","rate":304000,"ts":1760729801.062054}
2025/10/17 19:36:42 POLARIS_LOG {"event":"send_rate","rate":296000,"ts":1760729802.0625591}
2025/10/17 19:36:43 POLARIS_LOG {"event":"send_rate","rate":304000,"ts":1760729803.061748}
2025/10/17 19:36:44 POLARIS_LOG {"event":"send_rate","rate":296000,"ts":1760729804.0625684}
2025/10/17 19:36:45 POLARIS_LOG {"event":"send_rate","rate":304000,"ts":1760729805.0617301}
2025/10/17 19:36:46 POLARIS_LOG {"event":"send_rate","rate":296000,"ts":1760729806.063276}
2025/10/17 19:36:47 POLARIS_LOG {"event":"send_rate","rate":304000,"ts":1760729807.0625298}
2025/10/17 19:36:48 POLARIS_LOG {"event":"send_rate","rate":296000,"ts":1760729808.0626943}
2025/10/17 19:36:49 POLARIS_LOG {"event":"send_rate","rate":304000,"ts":1760729809.0619993}
2025/10/17 19:36:50 POLARIS_LOG {"event":"send_rate","rate":296000,"ts":1760729810.0620515}
2025/10/17 19:36:51 POLARIS_LOG {"event":"send_rate","rate":304000,"ts":1760729811.0618792}
2025/10/17 19:36:52 POLARIS_LOG {"event":"send_rate","rate":296000,"ts":1760729812.062142}
2025/10/17 19:36:53 POLARIS_LOG {"event":"send_rate","rate":304000,"ts":1760729813.0668032}
2025/10/17 19:36:54 POLARIS_LOG {"event":"send_rate","rate":296000,"ts":1760729814.0623012}
2025/10/17 19:36:55 POLARIS_LOG {"event":"send_rate","rate":304000,"ts":1760729815.062111}
2025/10/17 19:36:56 POLARIS_LOG {"event":"send_rate","rate":296000,"ts":1760729816.0619686}
2025/10/17 19:36:57 POLARIS_LOG {"event":"send_rate","rate":304000,"ts":1760729817.0621297}
2025/10/17 19:36:58 POLARIS_LOG {"event":"send_rate","rate":304000,"ts":1760729818.0666199}
2025/10/17 19:36:59 POLARIS_LOG {"event":"send_rate","rate":296000,"ts":1760729819.0629766}
2025/10/17 19:37:00 POLARIS_LOG {"event":"send_rate","rate":296000,"ts":1760729820.0617495}
2025/10/17 19:37:01 POLARIS_LOG {"event":"send_rate","rate":304000,"ts":1760729821.0624015}
2025/10/17 19:37:02 POLARIS_LOG {"event":"send_rate","rate":296000,"ts":1760729822.0619667}
2025/10/17 19:37:03 POLARIS_LOG {"event":"send_rate","rate":304000,"ts":1760729823.062346}
2025/10/17 19:37:04 POLARIS_LOG {"event":"send_rate","rate":296000,"ts":1760729824.0620487}
2025/10/17 19:37:05 POLARIS_LOG {"event":"send_rate","rate":304000,"ts":1760729825.0626826}
2025/10/17 19:37:06 POLARIS_LOG {"event":"send_rate","rate":296000,"ts":1760729826.0625007}
2025/10/17 19:37:07 POLARIS_LOG {"event":"send_rate","rate":304000,"ts":1760729827.0627728}
2025/10/17 19:37:08 POLARIS_LOG {"event":"send_rate","rate":296000,"ts":1760729828.0621684}
2025/10/17 19:37:09 POLARIS_LOG {"event":"send_rate","rate":304000,"ts":1760729829.0625532}
2025/10/17 19:37:10 POLARIS_LOG {"event":"send_rate","rate":304000,"ts":1760729830.0669029}
2025/10/17 19:37:11 POLARIS_LOG {"event":"send_rate","rate":296000,"ts":1760729831.0623283}
2025/10/17 19:37:12 POLARIS_LOG {"event":"send_rate","rate":296000,"ts":1760729832.0623896}
2025/10/17 19:37:13 POLARIS_LOG {"event":"send_rate","rate":304000,"ts":1760729833.0619607}
2025/10/17 19:37:14 POLARIS_LOG {"event":"send_rate","rate":296000,"ts":1760729834.06324}
2025/10/17 19:37:15 POLARIS_LOG {"event":"send_rate","rate":312000,"ts":1760729835.0857584}
2025/10/17 19:37:16 POLARIS_LOG {"event":"send_rate","rate":288000,"ts":1760729836.0625603}
2025/10/17 19:37:17 POLARIS_LOG {"event":"send_rate","rate":304000,"ts":1760729837.0619562}
2025/10/17 19:37:18 POLARIS_LOG {"event":"send_rate","rate":296000,"ts":1760729838.0623066}
2025/10/17 19:37:19 POLARIS_LOG {"event":"send_rate","rate":304000,"ts":1760729839.064445}
2025/10/17 19:37:20 POLARIS_LOG {"event":"send_rate","rate":296000,"ts":1760729840.0623949}
2025/10/17 19:37:21 POLARIS_LOG {"event":"send_rate","rate":304000,"ts":1760729841.0623808}
2025/10/17 19:37:22 POLARIS_LOG {"event":"send_rate","rate":296000,"ts":1760729842.0620508}
2025/10/17 19:37:23 POLARIS_LOG {"event":"send_rate","rate":304000,"ts":1760729843.062667}
2025/10/17 19:37:24 POLARIS_LOG {"event":"send_rate","rate":296000,"ts":1760729844.0620599}
2025/10/17 19:37:25 POLARIS_LOG {"event":"send_rate","rate":304000,"ts":1760729845.0619643}
2025/10/17 19:37:26 POLARIS_LOG {"event":"send_rate","rate":296000,"ts":1760729846.0632334}
2025/10/17 19:37:27 POLARIS_LOG {"event":"send_rate","rate":304000,"ts":1760729847.062286}
2025/10/17 19:37:28 POLARIS_LOG {"event":"send_rate","rate":296000,"ts":1760729848.0621586}
2025/10/17 19:37:29 POLARIS_LOG {"event":"send_rate","rate":304000,"ts":1760729849.0626123}
2025/10/17 19:37:30 POLARIS_LOG {"event":"send_rate","rate":296000,"ts":1760729850.0619836}
2025/10/17 19:37:31 POLARIS_LOG {"event":"send_rate","rate":304000,"ts":1760729851.0627413}
2025/10/17 19:37:32 POLARIS_LOG {"event":"send_rate","rate":296000,"ts":1760729852.0661373}
2025/10/17 19:37:33 POLARIS_LOG {"event":"send_rate","rate":304000,"ts":1760729853.0632033}
2025/10/17 19:37:34 POLARIS_LOG {"event":"send_rate","rate":296000,"ts":1760729854.0625012}
2025/10/17 19:37:35 POLARIS_LOG {"event":"send_rate","rate":304000,"ts":1760729855.0627518}
2025/10/17 19:37:36 POLARIS_LOG {"event":"send_rate","rate":304000,"ts":1760729856.0786912}
2025/10/17 19:37:37 POLARIS_LOG {"event":"send_rate","rate":296000,"ts":1760729857.061854}
2025/10/17 19:37:38 POLARIS_LOG {"event":"send_rate","rate":296000,"ts":1760729858.0625148}
2025/10/17 19:37:39 POLARIS_LOG {"event":"send_rate","rate":304000,"ts":1760729859.0619295}
2025/10/17 19:37:40 POLARIS_LOG {"event":"send_rate","rate":296000,"ts":1760729860.0620377}
2025/10/17 19:37:41 POLARIS_LOG {"event":"send_rate","rate":304000,"ts":1760729861.0627425}
2025/10/17 19:37:42 POLARIS_LOG {"event":"send_rate","rate":296000,"ts":1760729862.06204}
2025/10/17 19:37:43 POLARIS_LOG {"event":"send_rate","rate":304000,"ts":1760729863.0622046}
2025/10/17 19:37:44 POLARIS_LOG {"event":"send_rate","rate":296000,"ts":1760729864.0620139}
2025/10/17 19:37:45 POLARIS_LOG {"event":"send_rate","rate":304000,"ts":1760729865.0632477}
2025/10/17 19:37:46 POLARIS_LOG {"event":"send_rate","rate":296000,"ts":1760729866.0624754}
2025/10/17 19:37:47 POLARIS_LOG {"event":"send_rate","rate":304000,"ts":1760729867.062138}
2025/10/17 19:37:48 POLARIS_LOG {"event":"send_rate","rate":296000,"ts":1760729868.0620644}
2025/10/17 19:37:49 POLARIS_LOG {"event":"send_rate","rate":304000,"ts":1760729869.0621836}
2025/10/17 19:37:50 POLARIS_LOG {"event":"send_rate","rate":296000,"ts":1760729870.062093}
2025/10/17 19:37:51 POLARIS_LOG {"event":"send_rate","rate":304000,"ts":1760729871.0618198}
2025/10/17 19:37:52 POLARIS_LOG {"event":"send_rate","rate":296000,"ts":1760729872.0631096}
2025/10/17 19:37:53 POLARIS_LOG {"event":"send_rate","rate":304000,"ts":1760729873.0636058}
2025/10/17 19:37:54 POLARIS_LOG {"event":"send_rate","rate":296000,"ts":1760729874.062041}
2025/10/17 19:37:55 POLARIS_LOG {"event":"send_rate","rate":304000,"ts":1760729875.0622704}
2025/10/17 19:37:56 POLARIS_LOG {"event":"send_rate","rate":296000,"ts":1760729876.0620122}
2025/10/17 19:37:57 POLARIS_LOG {"event":"send_rate","rate":304000,"ts":1760729877.0620315}
2025/10/17 19:37:58 POLARIS_LOG {"event":"send_rate","rate":296000,"ts":1760729878.0617602}
2025/10/17 19:37:59 POLARIS_LOG {"event":"send_rate","rate":304000,"ts":1760729879.0620584}
2025/10/17 19:38:00 POLARIS_LOG {"event":"send_rate","rate":296000,"ts":1760729880.0633006}
2025/10/17 19:38:01 POLARIS_LOG {"event":"send_rate","rate":304000,"ts":1760729881.0621626}
2025/10/17 19:38:02 POLARIS_LOG {"event":"send_rate","rate":296000,"ts":1760729882.0627162}
2025/10/17 19:38:03 POLARIS_LOG {"event":"send_rate","rate":304000,"ts":1760729883.0623395}
2025/10/17 19:38:04 POLARIS_LOG {"event":"send_rate","rate":304000,"ts":1760729884.0941954}
2025/10/17 19:38:05 POLARIS_LOG {"event":"send_rate","rate":288000,"ts":1760729885.0653024}
2025/10/17 19:38:06 POLARIS_LOG {"event":"send_rate","rate":304000,"ts":1760729886.0621243}
2025/10/17 19:38:07 POLARIS_LOG {"event":"send_rate","rate":304000,"ts":1760729887.0626125}
2025/10/17 19:38:08 POLARIS_LOG {"event":"send_rate","rate":296000,"ts":1760729888.0617387}
2025/10/17 19:38:09 POLARIS_LOG {"event":"send_rate","rate":304000,"ts":1760729889.0624557}
2025/10/17 19:38:10 POLARIS_LOG {"event":"send_rate","rate":296000,"ts":1760729890.062148}
2025/10/17 19:38:11 POLARIS_LOG {"event":"send_rate","rate":304000,"ts":1760729891.062493}
2025/10/17 19:38:12 POLARIS_LOG {"event":"send_rate","rate":296000,"ts":1760729892.0620763}
2025/10/17 19:38:13 POLARIS_LOG {"event":"send_rate","rate":304000,"ts":1760729893.0624661}
2025/10/17 19:38:14 POLARIS_LOG {"event":"send_rate","rate":296000,"ts":1760729894.0625932}
2025/10/17 19:38:15 POLARIS_LOG {"event":"send_rate","rate":304000,"ts":1760729895.0621612}
2025/10/17 19:38:16 POLARIS_LOG {"event":"send_rate","rate":296000,"ts":1760729896.0625255}
2025/10/17 19:38:17 POLARIS_LOG {"event":"send_rate","rate":304000,"ts":1760729897.0771494}
2025/10/17 19:38:18 POLARIS_LOG {"event":"send_rate","rate":296000,"ts":1760729898.061812}
2025/10/17 19:38:19 POLARIS_LOG {"event":"send_rate","rate":304000,"ts":1760729899.0623863}
2025/10/17 19:38:20 POLARIS_LOG {"event":"send_rate","rate":296000,"ts":1760729900.062221}
2025/10/17 19:38:21 POLARIS_LOG {"event":"send_rate","rate":304000,"ts":1760729901.0618227}
2025/10/17 19:38:22 POLARIS_LOG {"event":"send_rate","rate":296000,"ts":1760729902.0626397}
2025/10/17 19:38:23 POLARIS_LOG {"event":"send_rate","rate":304000,"ts":1760729903.062083}
2025/10/17 19:38:24 POLARIS_LOG {"event":"send_rate","rate":296000,"ts":1760729904.062044}
2025/10/17 19:38:25 POLARIS_LOG {"event":"send_rate","rate":304000,"ts":1760729905.0632021}
2025/10/17 19:38:26 POLARIS_LOG {"event":"send_rate","rate":296000,"ts":1760729906.0631409}
2025/10/17 19:38:27 POLARIS_LOG {"event":"send_rate","rate":304000,"ts":1760729907.0624523}
2025/10/17 19:38:28 POLARIS_LOG {"event":"send_rate","rate":296000,"ts":1760729908.0620503}
2025/10/17 19:38:29 POLARIS_LOG {"event":"send_rate","rate":304000,"ts":1760729909.0626986}
2025/10/17 19:38:30 POLARIS_LOG {"event":"send_rate","rate":296000,"ts":1760729910.068335}
2025/10/17 19:38:31 POLARIS_LOG {"event":"send_rate","rate":304000,"ts":1760729911.062762}
2025/10/17 19:38:32 POLARIS_LOG {"event":"send_rate","rate":296000,"ts":1760729912.0618947}
2025/10/17 19:38:33 POLARIS_LOG {"event":"send_rate","rate":304000,"ts":1760729913.0618153}
2025/10/17 19:38:34 POLARIS_LOG {"event":"send_rate","rate":296000,"ts":1760729914.0631542}
2025/10/17 19:38:35 POLARIS_LOG {"event":"send_rate","rate":304000,"ts":1760729915.0621953}
2025/10/17 19:38:36 POLARIS_LOG {"event":"send_rate","rate":296000,"ts":1760729916.0620313}
2025/10/17 19:38:37 POLARIS_LOG {"event":"send_rate","rate":304000,"ts":1760729917.0626202}
2025/10/17 19:38:38 POLARIS_LOG {"event":"send_rate","rate":296000,"ts":1760729918.0625746}
2025/10/17 19:38:39 POLARIS_LOG {"event":"send_rate","rate":304000,"ts":1760729919.0618463}
2025/10/17 19:38:40 POLARIS_LOG {"event":"send_rate","rate":296000,"ts":1760729920.0621793}
2025/10/17 19:38:41 POLARIS_LOG {"event":"send_rate","rate":304000,"ts":1760729921.0622983}
2025/10/17 19:38:42 POLARIS_LOG {"event":"send_rate","rate":296000,"ts":1760729922.0620086}
2025/10/17 19:38:43 POLARIS_LOG {"event":"send_rate","rate":304000,"ts":1760729923.0618446}
2025/10/17 19:38:44 POLARIS_LOG {"event":"send_rate","rate":296000,"ts":1760729924.062282}
2025/10/17 19:38:45 POLARIS_LOG {"event":"send_rate","rate":304000,"ts":1760729925.0623157}
2025/10/17 19:38:46 POLARIS_LOG {"event":"send_rate","rate":296000,"ts":1760729926.0623882}
2025/10/17 19:38:47 POLARIS_LOG {"event":"send_rate","rate":296000,"ts":1760729927.0618804}
2025/10/17 19:38:48 POLARIS_LOG {"event":"send_rate","rate":304000,"ts":1760729928.0619216}
2025/10/17 19:38:49 POLARIS_LOG {"event":"send_rate","rate":304000,"ts":1760729929.0624688}
2025/10/17 19:38:50 POLARIS_LOG {"event":"send_rate","rate":296000,"ts":1760729930.0619795}
2025/10/17 19:38:51 POLARIS_LOG {"event":"send_rate","rate":304000,"ts":1760729931.0660632}
2025/10/17 19:38:52 POLARIS_LOG {"event":"send_rate","rate":296000,"ts":1760729932.0630064}
2025/10/17 19:38:53 POLARIS_LOG {"event":"send_rate","rate":304000,"ts":1760729933.0619717}
2025/10/17 19:38:54 POLARIS_LOG {"event":"send_rate","rate":296000,"ts":1760729934.0627089}
2025/10/17 19:38:55 POLARIS_LOG {"event":"send_rate","rate":304000,"ts":1760729935.0626493}
2025/10/17 19:38:56 POLARIS_LOG {"event":"send_rate","rate":296000,"ts":1760729936.0623035}
2025/10/17 19:38:57 POLARIS_LOG {"event":"send_rate","rate":304000,"ts":1760729937.0624893}
2025/10/17 19:38:58 POLARIS_LOG {"event":"send_rate","rate":296000,"ts":1760729938.0627162}
2025/10/17 19:38:59 POLARIS_LOG {"event":"send_rate","rate":304000,"ts":1760729939.0752347}
2025/10/17 19:39:00 POLARIS_LOG {"event":"send_rate","rate":296000,"ts":1760729940.062113}
2025/10/17 19:39:01 POLARIS_LOG {"event":"send_rate","rate":296000,"ts":1760729941.061818}
2025/10/17 19:39:02 POLARIS_LOG {"event":"send_rate","rate":304000,"ts":1760729942.0624115}
2025/10/17 19:39:03 POLARIS_LOG {"event":"send_rate","rate":296000,"ts":1760729943.062595}
2025/10/17 19:39:04 POLARIS_LOG {"event":"send_rate","rate":304000,"ts":1760729944.062436}
2025/10/17 19:39:05 POLARIS_LOG {"event":"send_rate","rate":296000,"ts":1760729945.061837}
2025/10/17 19:39:06 POLARIS_LOG {"event":"send_rate","rate":304000,"ts":1760729946.0617466}
2025/10/17 19:39:07 POLARIS_LOG {"event":"send_rate","rate":296000,"ts":1760729947.0663214}
2025/10/17 19:39:08 POLARIS_LOG {"event":"send_rate","rate":304000,"ts":1760729948.0623481}
2025/10/17 19:39:09 POLARIS_LOG {"event":"send_rate","rate":304000,"ts":1760729949.0657063}
2025/10/17 19:39:10 POLARIS_LOG {"event":"send_rate","rate":296000,"ts":1760729950.061733}
2025/10/17 19:39:11 POLARIS_LOG {"event":"send_rate","rate":296000,"ts":1760729951.0620036}
2025/10/17 19:39:12 POLARIS_LOG {"event":"send_rate","rate":304000,"ts":1760729952.0734117}
2025/10/17 19:39:13 POLARIS_LOG {"event":"send_rate","rate":296000,"ts":1760729953.062677}
2025/10/17 19:39:14 POLARIS_LOG {"event":"send_rate","rate":304000,"ts":1760729954.0632215}
2025/10/17 19:39:15 POLARIS_LOG {"event":"send_rate","rate":296000,"ts":1760729955.0621784}
2025/10/17 19:39:16 POLARIS_LOG {"event":"send_rate","rate":304000,"ts":1760729956.0684721}
2025/10/17 19:39:17 POLARIS_LOG {"event":"send_rate","rate":296000,"ts":1760729957.0631547}
2025/10/17 19:39:18 POLARIS_LOG {"event":"send_rate","rate":304000,"ts":1760729958.062649}
2025/10/17 19:39:19 POLARIS_LOG {"event":"send_rate","rate":296000,"ts":1760729959.062171}
2025/10/17 19:39:20 POLARIS_LOG {"event":"send_rate","rate":304000,"ts":1760729960.0619338}
2025/10/17 19:39:21 POLARIS_LOG {"event":"send_rate","rate":296000,"ts":1760729961.063395}
2025/10/17 19:39:22 POLARIS_LOG {"event":"send_rate","rate":304000,"ts":1760729962.064308}
2025/10/17 19:39:23 POLARIS_LOG {"event":"send_rate","rate":296000,"ts":1760729963.062934}
2025/10/17 19:39:24 POLARIS_LOG {"event":"send_rate","rate":304000,"ts":1760729964.0625253}
2025/10/17 19:39:25 POLARIS_LOG {"event":"send_rate","rate":296000,"ts":1760729965.0619333}
2025/10/17 19:39:26 POLARIS_LOG {"event":"send_rate","rate":304000,"ts":1760729966.0626128}
2025/10/17 19:39:27 POLARIS_LOG {"event":"send_rate","rate":296000,"ts":1760729967.06236}
2025/10/17 19:39:28 POLARIS_LOG {"event":"send_rate","rate":304000,"ts":1760729968.0624642}
2025/10/17 19:39:29 POLARIS_LOG {"event":"send_rate","rate":296000,"ts":1760729969.062068}
2025/10/17 19:39:30 POLARIS_LOG {"event":"send_rate","rate":304000,"ts":1760729970.0621598}
2025/10/17 19:39:31 POLARIS_LOG {"event":"send_rate","rate":296000,"ts":1760729971.0617955}
2025/10/17 19:39:32 POLARIS_LOG {"event":"send_rate","rate":304000,"ts":1760729972.0654073}
2025/10/17 19:39:33 POLARIS_LOG {"event":"send_rate","rate":296000,"ts":1760729973.061941}
2025/10/17 19:39:34 POLARIS_LOG {"event":"send_rate","rate":304000,"ts":1760729974.0735576}
2025/10/17 19:39:35 POLARIS_LOG {"event":"send_rate","rate":296000,"ts":1760729975.0620534}
2025/10/17 19:39:36 POLARIS_LOG {"event":"send_rate","rate":304000,"ts":1760729976.0622025}
2025/10/17 19:39:37 POLARIS_LOG {"event":"send_rate","rate":296000,"ts":1760729977.0624561}
2025/10/17 19:39:38 POLARIS_LOG {"event":"send_rate","rate":304000,"ts":1760729978.0622456}
2025/10/17 19:39:39 POLARIS_LOG {"event":"send_rate","rate":296000,"ts":1760729979.0706081}
2025/10/17 19:39:40 POLARIS_LOG {"event":"send_rate","rate":304000,"ts":1760729980.06544}
2025/10/17 19:39:41 POLARIS_LOG {"event":"send_rate","rate":296000,"ts":1760729981.0628867}
2025/10/17 19:39:42 POLARIS_LOG {"event":"send_rate","rate":304000,"ts":1760729982.06339}
2025/10/17 19:39:43 POLARIS_LOG {"event":"send_rate","rate":296000,"ts":1760729983.0621903}
2025/10/17 19:39:44 POLARIS_LOG {"event":"send_rate","rate":304000,"ts":1760729984.0642574}
2025/10/17 19:39:45 POLARIS_LOG {"event":"send_rate","rate":296000,"ts":1760729985.0622413}
2025/10/17 19:39:46 POLARIS_LOG {"event":"send_rate","rate":304000,"ts":1760729986.0620534}
2025/10/17 19:39:47 POLARIS_LOG {"event":"send_rate","rate":296000,"ts":1760729987.0625286}
2025/10/17 19:39:48 POLARIS_LOG {"event":"send_rate","rate":304000,"ts":1760729988.062298}
2025/10/17 19:39:49 POLARIS_LOG {"event":"send_rate","rate":304000,"ts":1760729989.0816498}
2025/10/17 19:39:50 POLARIS_LOG {"event":"send_rate","rate":296000,"ts":1760729990.0627882}
2025/10/17 19:39:51 POLARIS_LOG {"event":"send_rate","rate":304000,"ts":1760729991.0700662}
2025/10/17 19:39:52 POLARIS_LOG {"event":"send_rate","rate":296000,"ts":1760729992.0623813}
2025/10/17 19:39:53 POLARIS_LOG {"event":"send_rate","rate":296000,"ts":1760729993.0624094}
2025/10/17 19:39:54 POLARIS_LOG {"event":"send_rate","rate":304000,"ts":1760729994.0623524}
2025/10/17 19:39:55 POLARIS_LOG {"event":"send_rate","rate":296000,"ts":1760729995.0647192}
2025/10/17 19:39:56 POLARIS_LOG {"event":"send_rate","rate":304000,"ts":1760729996.0617206}
2025/10/17 19:39:57 POLARIS_LOG {"event":"send_rate","rate":296000,"ts":1760729997.0617418}
2025/10/17 19:39:58 POLARIS_LOG {"event":"send_rate","rate":304000,"ts":1760729998.061737}
We need to sleep for 1 seconds before we can get the results
2025/10/17 19:39:59 POLARIS_LOG {"event":"send_rate","rate":8000,"ts":1760729999.061774}
Drain Loop received packet
Drain Loop received non-nil payload
Client sent 10800 packets, server reported 10789 packets received
The network loss rate from client to server is 0.1%

S->C results
Attempted bandwidth: 0 bps / 0.00 Mbps
Achieved bandwidth: 0 bps / 0.00 Mbps
Loss rate: 0.0%
Interarrival time min/avg/max/mdev = -0.000/0.000/0.000/0.000 ms

C->S results
Attempted bandwidth: 300000 bps / 0.30 Mbps
Achieved bandwidth: 299694 bps / 0.30 Mbps
Loss rate: 0.1%
Interarrival time min/avg/max/mdev = 0.002/26.686/580.017/23.523 ms
