
Test parameters:
client->server: 300 seconds, 1000 bytes, 11250 packets
server->client: 300 seconds, 1000 bytes, 0 packets
2025/10/17 19:34:58 POLARIS_LOG {"current_rate":0,"event":"path_switch","new":"2 2 5 2","trigger":"initialization","ts":1760729698.1708016}
Polaris prober initialized with 38 paths
Polaris prober initialized with local 1-111,10.111.0.71:32764 and remote 1-113,10.113.0.71
2025/10/17 19:34:59 POLARIS_LOG {"event":"send_rate","rate":304000,"ts":1760729699.1719708}
2025/10/17 19:35:00 POLARIS_LOG {"event":"send_rate","rate":296000,"ts":1760729700.1712897}
2025/10/17 19:35:01 POLARIS_LOG {"event":"send_rate","rate":304000,"ts":1760729701.1716435}
2025/10/17 19:35:02 POLARIS_LOG {"event":"send_rate","rate":296000,"ts":1760729702.1721451}
2025/10/17 19:35:03 POLARIS_LOG {"event":"send_rate","rate":304000,"ts":1760729703.171936}
2025/10/17 19:35:04 POLARIS_LOG {"event":"send_rate","rate":296000,"ts":1760729704.1722238}
2025/10/17 19:35:05 POLARIS_LOG {"event":"send_rate","rate":304000,"ts":1760729705.1717029}
2025/10/17 19:35:06 POLARIS_LOG {"event":"send_rate","rate":296000,"ts":1760729706.1713219}
2025/10/17 19:35:07 POLARIS_LOG {"event":"send_rate","rate":304000,"ts":1760729707.1721897}
2025/10/17 19:35:08 POLARIS_LOG {"event":"send_rate","rate":296000,"ts":1760729708.1717026}
2025/10/17 19:35:09 POLARIS_LOG {"event":"send_rate","rate":304000,"ts":1760729709.1716354}
2025/10/17 19:35:10 POLARIS_LOG {"event":"send_rate","rate":296000,"ts":1760729710.1718562}
2025/10/17 19:35:11 POLARIS_LOG {"event":"send_rate","rate":304000,"ts":1760729711.1722143}
2025/10/17 19:35:12 POLARIS_LOG {"event":"send_rate","rate":296000,"ts":1760729712.1719136}
2025/10/17 19:35:13 POLARIS_LOG {"event":"send_rate","rate":304000,"ts":1760729713.1723638}
2025/10/17 19:35:14 POLARIS_LOG {"event":"send_rate","rate":296000,"ts":1760729714.171773}
2025/10/17 19:35:15 POLARIS_LOG {"event":"send_rate","rate":304000,"ts":1760729715.1718266}
2025/10/17 19:35:16 POLARIS_LOG {"event":"send_rate","rate":296000,"ts":1760729716.1713681}
2025/10/17 19:35:17 POLARIS_LOG {"event":"send_rate","rate":304000,"ts":1760729717.1716447}
2025/10/17 19:35:18 POLARIS_LOG {"event":"send_rate","rate":296000,"ts":1760729718.1716323}
2025/10/17 19:35:19 POLARIS_LOG {"event":"send_rate","rate":304000,"ts":1760729719.174383}
2025/10/17 19:35:20 POLARIS_LOG {"event":"send_rate","rate":296000,"ts":1760729720.1714575}
2025/10/17 19:35:21 POLARIS_LOG {"event":"send_rate","rate":304000,"ts":1760729721.172557}
2025/10/17 19:35:22 POLARIS_LOG {"event":"send_rate","rate":296000,"ts":1760729722.1717918}
2025/10/17 19:35:23 POLARIS_LOG {"event":"send_rate","rate":304000,"ts":1760729723.171542}
2025/10/17 19:35:24 POLARIS_LOG {"event":"send_rate","rate":296000,"ts":1760729724.1727836}
2025/10/17 19:35:25 POLARIS_LOG {"event":"send_rate","rate":304000,"ts":1760729725.172721}
2025/10/17 19:35:26 POLARIS_LOG {"event":"send_rate","rate":296000,"ts":1760729726.1735141}
2025/10/17 19:35:27 POLARIS_LOG {"event":"send_rate","rate":304000,"ts":1760729727.1729052}
2025/10/17 19:35:28 POLARIS_LOG {"candidates":10,"candidates_unfiltered":25,"current_rate":288000,"estimated_share":2000000,"event":"path_switch","max_estimated_share":2000000,"new":"4 4 2 4","old":"2 2 5 2","trigger":"scheduled","ts":1760729728.1769538}
2025/10/17 19:35:28 POLARIS_LOG {"event":"send_rate","rate":288000,"ts":1760729728.173056}
2025/10/17 19:35:29 POLARIS_LOG {"event":"send_rate","rate":312000,"ts":1760729729.1718905}
2025/10/17 19:35:30 POLARIS_LOG {"event":"send_rate","rate":296000,"ts":1760729730.1732156}
2025/10/17 19:35:31 POLARIS_LOG {"event":"send_rate","rate":304000,"ts":1760729731.1735098}
2025/10/17 19:35:32 POLARIS_LOG {"event":"send_rate","rate":296000,"ts":1760729732.178633}
2025/10/17 19:35:33 POLARIS_LOG {"event":"send_rate","rate":304000,"ts":1760729733.173464}
2025/10/17 19:35:34 POLARIS_LOG {"event":"send_rate","rate":296000,"ts":1760729734.1725879}
2025/10/17 19:35:35 POLARIS_LOG {"event":"send_rate","rate":296000,"ts":1760729735.1739695}
2025/10/17 19:35:36 POLARIS_LOG {"event":"send_rate","rate":304000,"ts":1760729736.171214}
2025/10/17 19:35:37 POLARIS_LOG {"event":"send_rate","rate":304000,"ts":1760729737.1718853}
2025/10/17 19:35:38 POLARIS_LOG {"event":"send_rate","rate":296000,"ts":1760729738.1719317}
2025/10/17 19:35:39 POLARIS_LOG {"event":"send_rate","rate":304000,"ts":1760729739.171921}
2025/10/17 19:35:40 POLARIS_LOG {"event":"send_rate","rate":296000,"ts":1760729740.1717598}
2025/10/17 19:35:41 POLARIS_LOG {"event":"send_rate","rate":304000,"ts":1760729741.1724565}
2025/10/17 19:35:42 POLARIS_LOG {"event":"send_rate","rate":296000,"ts":1760729742.1734593}
2025/10/17 19:35:43 POLARIS_LOG {"event":"send_rate","rate":296000,"ts":1760729743.174783}
2025/10/17 19:35:44 POLARIS_LOG {"event":"send_rate","rate":304000,"ts":1760729744.1719832}
2025/10/17 19:35:45 POLARIS_LOG {"event":"send_rate","rate":304000,"ts":1760729745.1711874}
2025/10/17 19:35:46 POLARIS_LOG {"event":"send_rate","rate":296000,"ts":1760729746.1720824}
2025/10/17 19:35:47 POLARIS_LOG {"event":"send_rate","rate":304000,"ts":1760729747.1745775}
2025/10/17 19:35:48 POLARIS_LOG {"event":"send_rate","rate":296000,"ts":1760729748.1857383}
2025/10/17 19:35:49 POLARIS_LOG {"event":"send_rate","rate":304000,"ts":1760729749.171784}
2025/10/17 19:35:50 POLARIS_LOG {"event":"send_rate","rate":296000,"ts":1760729750.1717353}
2025/10/17 19:35:51 POLARIS_LOG {"event":"send_rate","rate":304000,"ts":1760729751.1715548}
2025/10/17 19:35:52 POLARIS_LOG {"event":"send_rate","rate":296000,"ts":1760729752.1717362}
2025/10/17 19:35:53 POLARIS_LOG {"event":"send_rate","rate":304000,"ts":1760729753.1718776}
2025/10/17 19:35:54 POLARIS_LOG {"event":"send_rate","rate":296000,"ts":1760729754.1723464}
2025/10/17 19:35:55 POLARIS_LOG {"event":"send_rate","rate":304000,"ts":1760729755.171306}
2025/10/17 19:35:56 POLARIS_LOG {"event":"send_rate","rate":296000,"ts":1760729756.1723273}
2025/10/17 19:35:57 POLARIS_LOG {"event":"send_rate","rate":304000,"ts":1760729757.1757078}
2025/10/17 19:35:58 POLARIS_LOG {"event":"send_rate","rate":296000,"ts":1760729758.1715128}
2025/10/17 19:35:59 POLARIS_LOG {"event":"send_rate","rate":304000,"ts":1760729759.1720374}
2025/10/17 19:36:00 POLARIS_LOG {"event":"send_rate","rate":296000,"ts":1760729760.17174}
2025/10/17 19:36:01 POLARIS_LOG {"event":"send_rate","rate":304000,"ts":1760729761.1734054}
2025/10/17 19:36:02 POLARIS_LOG {"event":"send_rate","rate":296000,"ts":1760729762.1727855}
2025/10/17 19:36:03 POLARIS_LOG {"event":"send_rate","rate":304000,"ts":1760729763.173889}
2025/10/17 19:36:04 POLARIS_LOG {"event":"send_rate","rate":296000,"ts":1760729764.172019}
2025/10/17 19:36:05 POLARIS_LOG {"event":"send_rate","rate":304000,"ts":1760729765.1712227}
2025/10/17 19:36:06 POLARIS_LOG {"event":"send_rate","rate":296000,"ts":1760729766.1733932}
2025/10/17 19:36:07 POLARIS_LOG {"event":"send_rate","rate":304000,"ts":1760729767.1761475}
2025/10/17 19:36:08 POLARIS_LOG {"event":"send_rate","rate":296000,"ts":1760729768.171483}
2025/10/17 19:36:09 POLARIS_LOG {"event":"send_rate","rate":304000,"ts":1760729769.1720624}
2025/10/17 19:36:10 POLARIS_LOG {"event":"send_rate","rate":296000,"ts":1760729770.1721044}
2025/10/17 19:36:11 POLARIS_LOG {"event":"send_rate","rate":304000,"ts":1760729771.1719446}
2025/10/17 19:36:12 POLARIS_LOG {"event":"send_rate","rate":296000,"ts":1760729772.1712074}
2025/10/17 19:36:13 POLARIS_LOG {"event":"send_rate","rate":296000,"ts":1760729773.1981947}
2025/10/17 19:36:14 POLARIS_LOG {"event":"send_rate","rate":304000,"ts":1760729774.1725628}
2025/10/17 19:36:15 POLARIS_LOG {"event":"send_rate","rate":304000,"ts":1760729775.17186}
2025/10/17 19:36:16 POLARIS_LOG {"event":"send_rate","rate":296000,"ts":1760729776.1723874}
2025/10/17 19:36:17 POLARIS_LOG {"event":"send_rate","rate":296000,"ts":1760729777.1734695}
2025/10/17 19:36:18 POLARIS_LOG {"event":"send_rate","rate":304000,"ts":1760729778.1760023}
2025/10/17 19:36:19 POLARIS_LOG {"event":"send_rate","rate":304000,"ts":1760729779.1718264}
2025/10/17 19:36:20 POLARIS_LOG {"event":"send_rate","rate":296000,"ts":1760729780.1720166}
2025/10/17 19:36:21 POLARIS_LOG {"event":"send_rate","rate":296000,"ts":1760729781.1750274}
2025/10/17 19:36:22 POLARIS_LOG {"event":"send_rate","rate":304000,"ts":1760729782.172382}
2025/10/17 19:36:23 POLARIS_LOG {"event":"send_rate","rate":304000,"ts":1760729783.1842306}
2025/10/17 19:36:24 POLARIS_LOG {"event":"send_rate","rate":304000,"ts":1760729784.1921577}
2025/10/17 19:36:25 POLARIS_LOG {"event":"send_rate","rate":296000,"ts":1760729785.1720245}
2025/10/17 19:36:26 POLARIS_LOG {"event":"send_rate","rate":296000,"ts":1760729786.1729748}
2025/10/17 19:36:27 POLARIS_LOG {"event":"send_rate","rate":304000,"ts":1760729787.1731377}
2025/10/17 19:36:28 POLARIS_LOG {"event":"send_rate","rate":296000,"ts":1760729788.1733744}
2025/10/17 19:36:29 POLARIS_LOG {"event":"send_rate","rate":304000,"ts":1760729789.1732035}
2025/10/17 19:36:30 POLARIS_LOG {"event":"send_rate","rate":296000,"ts":1760729790.171234}
2025/10/17 19:36:31 POLARIS_LOG {"event":"send_rate","rate":304000,"ts":1760729791.1726851}
2025/10/17 19:36:32 POLARIS_LOG {"event":"send_rate","rate":296000,"ts":1760729792.1732607}
2025/10/17 19:36:33 POLARIS_LOG {"event":"send_rate","rate":304000,"ts":1760729793.175715}
2025/10/17 19:36:34 POLARIS_LOG {"event":"send_rate","rate":296000,"ts":1760729794.1715016}
2025/10/17 19:36:35 POLARIS_LOG {"event":"send_rate","rate":296000,"ts":1760729795.1721764}
2025/10/17 19:36:36 POLARIS_LOG {"event":"send_rate","rate":304000,"ts":1760729796.171704}
2025/10/17 19:36:37 POLARIS_LOG {"event":"send_rate","rate":296000,"ts":1760729797.1715267}
2025/10/17 19:36:38 POLARIS_LOG {"event":"send_rate","rate":304000,"ts":1760729798.1711926}
2025/10/17 19:36:39 POLARIS_LOG {"event":"send_rate","rate":296000,"ts":1760729799.1714165}
2025/10/17 19:36:40 POLARIS_LOG {"event":"send_rate","rate":304000,"ts":1760729800.1713808}
2025/10/17 19:36:41 POLARIS_LOG {"event":"send_rate","rate":304000,"ts":1760729801.1946967}
2025/10/17 19:36:42 POLARIS_LOG {"event":"send_rate","rate":296000,"ts":1760729802.1730406}
2025/10/17 19:36:43 POLARIS_LOG {"event":"send_rate","rate":296000,"ts":1760729803.171951}
2025/10/17 19:36:44 POLARIS_LOG {"event":"send_rate","rate":304000,"ts":1760729804.1781507}
2025/10/17 19:36:45 POLARIS_LOG {"event":"send_rate","rate":296000,"ts":1760729805.1718616}
2025/10/17 19:36:46 POLARIS_LOG {"event":"send_rate","rate":304000,"ts":1760729806.1711824}
2025/10/17 19:36:47 POLARIS_LOG {"event":"send_rate","rate":296000,"ts":1760729807.1715195}
2025/10/17 19:36:48 POLARIS_LOG {"event":"send_rate","rate":304000,"ts":1760729808.171268}
2025/10/17 19:36:49 POLARIS_LOG {"event":"send_rate","rate":296000,"ts":1760729809.1718261}
2025/10/17 19:36:50 POLARIS_LOG {"event":"send_rate","rate":304000,"ts":1760729810.1717489}
2025/10/17 19:36:51 POLARIS_LOG {"event":"send_rate","rate":296000,"ts":1760729811.1729202}
2025/10/17 19:36:52 POLARIS_LOG {"event":"send_rate","rate":304000,"ts":1760729812.171902}
2025/10/17 19:36:53 POLARIS_LOG {"event":"send_rate","rate":296000,"ts":1760729813.1720777}
2025/10/17 19:36:54 POLARIS_LOG {"event":"send_rate","rate":296000,"ts":1760729814.1732452}
2025/10/17 19:36:55 POLARIS_LOG {"event":"send_rate","rate":304000,"ts":1760729815.171255}
2025/10/17 19:36:56 POLARIS_LOG {"event":"send_rate","rate":304000,"ts":1760729816.1724637}
2025/10/17 19:36:57 POLARIS_LOG {"event":"send_rate","rate":296000,"ts":1760729817.1724508}
2025/10/17 19:36:58 POLARIS_LOG {"event":"send_rate","rate":304000,"ts":1760729818.1714652}
2025/10/17 19:36:59 POLARIS_LOG {"event":"send_rate","rate":320000,"ts":1760729819.2339997}
2025/10/17 19:37:00 POLARIS_LOG {"event":"send_rate","rate":272000,"ts":1760729820.2248383}
2025/10/17 19:37:01 POLARIS_LOG {"event":"send_rate","rate":304000,"ts":1760729821.1719873}
2025/10/17 19:37:02 POLARIS_LOG {"event":"send_rate","rate":304000,"ts":1760729822.1716497}
2025/10/17 19:37:03 POLARIS_LOG {"event":"send_rate","rate":296000,"ts":1760729823.1729906}
2025/10/17 19:37:04 POLARIS_LOG {"event":"send_rate","rate":304000,"ts":1760729824.1724706}
2025/10/17 19:37:05 POLARIS_LOG {"event":"send_rate","rate":304000,"ts":1760729825.1824453}
2025/10/17 19:37:06 POLARIS_LOG {"event":"send_rate","rate":296000,"ts":1760729826.1719491}
2025/10/17 19:37:07 POLARIS_LOG {"event":"send_rate","rate":296000,"ts":1760729827.1771042}
2025/10/17 19:37:08 POLARIS_LOG {"event":"send_rate","rate":304000,"ts":1760729828.1719258}
2025/10/17 19:37:09 POLARIS_LOG {"event":"send_rate","rate":296000,"ts":1760729829.1715856}
2025/10/17 19:37:10 POLARIS_LOG {"event":"send_rate","rate":304000,"ts":1760729830.1715362}
2025/10/17 19:37:11 POLARIS_LOG {"event":"send_rate","rate":296000,"ts":1760729831.1730692}
2025/10/17 19:37:12 POLARIS_LOG {"event":"send_rate","rate":304000,"ts":1760729832.1712155}
2025/10/17 19:37:13 POLARIS_LOG {"event":"send_rate","rate":296000,"ts":1760729833.1711879}
2025/10/17 19:37:14 POLARIS_LOG {"event":"send_rate","rate":304000,"ts":1760729834.1713817}
2025/10/17 19:37:15 POLARIS_LOG {"event":"send_rate","rate":304000,"ts":1760729835.1936102}
2025/10/17 19:37:16 POLARIS_LOG {"event":"send_rate","rate":296000,"ts":1760729836.1716063}
2025/10/17 19:37:17 POLARIS_LOG {"event":"send_rate","rate":296000,"ts":1760729837.172171}
2025/10/17 19:37:18 POLARIS_LOG {"event":"send_rate","rate":304000,"ts":1760729838.1720943}
2025/10/17 19:37:19 POLARIS_LOG {"event":"send_rate","rate":304000,"ts":1760729839.1764052}
2025/10/17 19:37:20 POLARIS_LOG {"event":"send_rate","rate":288000,"ts":1760729840.17371}
2025/10/17 19:37:21 POLARIS_LOG {"event":"send_rate","rate":304000,"ts":1760729841.175379}
2025/10/17 19:37:22 POLARIS_LOG {"event":"send_rate","rate":304000,"ts":1760729842.172561}
2025/10/17 19:37:23 POLARIS_LOG {"event":"send_rate","rate":296000,"ts":1760729843.171719}
2025/10/17 19:37:24 POLARIS_LOG {"event":"send_rate","rate":304000,"ts":1760729844.1727116}
2025/10/17 19:37:25 POLARIS_LOG {"event":"send_rate","rate":296000,"ts":1760729845.174165}
2025/10/17 19:37:26 POLARIS_LOG {"event":"send_rate","rate":304000,"ts":1760729846.1721344}
2025/10/17 19:37:27 POLARIS_LOG {"event":"send_rate","rate":296000,"ts":1760729847.17272}
2025/10/17 19:37:28 POLARIS_LOG {"event":"send_rate","rate":304000,"ts":1760729848.1728053}
2025/10/17 19:37:29 POLARIS_LOG {"event":"send_rate","rate":296000,"ts":1760729849.1749103}
2025/10/17 19:37:30 POLARIS_LOG {"event":"send_rate","rate":304000,"ts":1760729850.171384}
2025/10/17 19:37:31 POLARIS_LOG {"event":"send_rate","rate":296000,"ts":1760729851.1720738}
2025/10/17 19:37:32 POLARIS_LOG {"event":"send_rate","rate":304000,"ts":1760729852.1713798}
2025/10/17 19:37:33 POLARIS_LOG {"event":"send_rate","rate":296000,"ts":1760729853.1721318}
2025/10/17 19:37:34 POLARIS_LOG {"event":"send_rate","rate":304000,"ts":1760729854.176101}
2025/10/17 19:37:35 POLARIS_LOG {"event":"send_rate","rate":296000,"ts":1760729855.1714687}
2025/10/17 19:37:36 POLARIS_LOG {"event":"send_rate","rate":304000,"ts":1760729856.1715367}
2025/10/17 19:37:37 POLARIS_LOG {"event":"send_rate","rate":296000,"ts":1760729857.1774712}
2025/10/17 19:37:38 POLARIS_LOG {"event":"send_rate","rate":304000,"ts":1760729858.1718953}
2025/10/17 19:37:39 POLARIS_LOG {"event":"send_rate","rate":296000,"ts":1760729859.1741593}
2025/10/17 19:37:40 POLARIS_LOG {"event":"send_rate","rate":304000,"ts":1760729860.1722586}
2025/10/17 19:37:41 POLARIS_LOG {"event":"send_rate","rate":296000,"ts":1760729861.1737595}
2025/10/17 19:37:42 POLARIS_LOG {"event":"send_rate","rate":304000,"ts":1760729862.1729834}
2025/10/17 19:37:43 POLARIS_LOG {"event":"send_rate","rate":304000,"ts":1760729863.1790552}
2025/10/17 19:37:44 POLARIS_LOG {"event":"send_rate","rate":296000,"ts":1760729864.172315}
2025/10/17 19:37:45 POLARIS_LOG {"event":"send_rate","rate":296000,"ts":1760729865.1715803}
2025/10/17 19:37:46 POLARIS_LOG {"event":"send_rate","rate":304000,"ts":1760729866.1720228}
2025/10/17 19:37:47 POLARIS_LOG {"event":"send_rate","rate":296000,"ts":1760729867.17411}
2025/10/17 19:37:48 POLARIS_LOG {"event":"send_rate","rate":304000,"ts":1760729868.1872666}
2025/10/17 19:37:49 POLARIS_LOG {"event":"send_rate","rate":296000,"ts":1760729869.1714735}
2025/10/17 19:37:50 POLARIS_LOG {"event":"send_rate","rate":304000,"ts":1760729870.1806133}
2025/10/17 19:37:51 POLARIS_LOG {"event":"send_rate","rate":296000,"ts":1760729871.1735222}
2025/10/17 19:37:52 POLARIS_LOG {"event":"send_rate","rate":304000,"ts":1760729872.1723392}
2025/10/17 19:37:53 POLARIS_LOG {"event":"send_rate","rate":296000,"ts":1760729873.171304}
2025/10/17 19:37:54 POLARIS_LOG {"event":"send_rate","rate":304000,"ts":1760729874.1720786}
2025/10/17 19:37:55 POLARIS_LOG {"event":"send_rate","rate":296000,"ts":1760729875.172697}
2025/10/17 19:37:56 POLARIS_LOG {"event":"send_rate","rate":304000,"ts":1760729876.1726203}
2025/10/17 19:37:57 POLARIS_LOG {"event":"send_rate","rate":296000,"ts":1760729877.1733327}
2025/10/17 19:37:58 POLARIS_LOG {"event":"send_rate","rate":304000,"ts":1760729878.1717823}
2025/10/17 19:37:59 POLARIS_LOG {"event":"send_rate","rate":296000,"ts":1760729879.1712527}
2025/10/17 19:38:00 POLARIS_LOG {"event":"send_rate","rate":304000,"ts":1760729880.1760406}
2025/10/17 19:38:01 POLARIS_LOG {"event":"send_rate","rate":296000,"ts":1760729881.1733885}
2025/10/17 19:38:02 POLARIS_LOG {"event":"send_rate","rate":304000,"ts":1760729882.1765475}
2025/10/17 19:38:03 POLARIS_LOG {"event":"send_rate","rate":304000,"ts":1760729883.1813264}
2025/10/17 19:38:04 POLARIS_LOG {"event":"send_rate","rate":288000,"ts":1760729884.1879692}
2025/10/17 19:38:05 POLARIS_LOG {"event":"send_rate","rate":304000,"ts":1760729885.1762998}
2025/10/17 19:38:06 POLARIS_LOG {"event":"send_rate","rate":304000,"ts":1760729886.171288}
2025/10/17 19:38:07 POLARIS_LOG {"event":"send_rate","rate":296000,"ts":1760729887.1728587}
2025/10/17 19:38:08 POLARIS_LOG {"event":"send_rate","rate":304000,"ts":1760729888.1721683}
2025/10/17 19:38:09 POLARIS_LOG {"event":"send_rate","rate":296000,"ts":1760729889.1733916}
2025/10/17 19:38:10 POLARIS_LOG {"event":"send_rate","rate":304000,"ts":1760729890.1768556}
2025/10/17 19:38:11 POLARIS_LOG {"event":"send_rate","rate":296000,"ts":1760729891.1721501}
2025/10/17 19:38:12 POLARIS_LOG {"event":"send_rate","rate":304000,"ts":1760729892.1721206}
2025/10/17 19:38:13 POLARIS_LOG {"event":"send_rate","rate":296000,"ts":1760729893.1726735}
2025/10/17 19:38:14 POLARIS_LOG {"event":"send_rate","rate":312000,"ts":1760729894.1950665}
2025/10/17 19:38:15 POLARIS_LOG {"event":"send_rate","rate":288000,"ts":1760729895.1721356}
2025/10/17 19:38:16 POLARIS_LOG {"event":"send_rate","rate":304000,"ts":1760729896.1732826}
2025/10/17 19:38:17 POLARIS_LOG {"event":"send_rate","rate":296000,"ts":1760729897.1744757}
2025/10/17 19:38:18 POLARIS_LOG {"event":"send_rate","rate":304000,"ts":1760729898.1720634}
2025/10/17 19:38:19 POLARIS_LOG {"event":"send_rate","rate":296000,"ts":1760729899.1713815}
2025/10/17 19:38:20 POLARIS_LOG {"event":"send_rate","rate":304000,"ts":1760729900.171655}
2025/10/17 19:38:21 POLARIS_LOG {"event":"send_rate","rate":296000,"ts":1760729901.17267}
2025/10/17 19:38:22 POLARIS_LOG {"event":"send_rate","rate":304000,"ts":1760729902.1721075}
2025/10/17 19:38:23 POLARIS_LOG {"event":"send_rate","rate":296000,"ts":1760729903.17248}
2025/10/17 19:38:24 POLARIS_LOG {"event":"send_rate","rate":304000,"ts":1760729904.1739247}
2025/10/17 19:38:25 POLARIS_LOG {"event":"send_rate","rate":296000,"ts":1760729905.1929784}
2025/10/17 19:38:26 POLARIS_LOG {"event":"send_rate","rate":296000,"ts":1760729906.1762385}
2025/10/17 19:38:27 POLARIS_LOG {"event":"send_rate","rate":304000,"ts":1760729907.1718774}
2025/10/17 19:38:28 POLARIS_LOG {"event":"send_rate","rate":304000,"ts":1760729908.171941}
2025/10/17 19:38:29 POLARIS_LOG {"event":"send_rate","rate":296000,"ts":1760729909.1745167}
2025/10/17 19:38:30 POLARIS_LOG {"event":"send_rate","rate":304000,"ts":1760729910.171229}
2025/10/17 19:38:31 POLARIS_LOG {"event":"send_rate","rate":296000,"ts":1760729911.1721623}
2025/10/17 19:38:32 POLARIS_LOG {"event":"send_rate","rate":304000,"ts":1760729912.18061}
2025/10/17 19:38:33 POLARIS_LOG {"event":"send_rate","rate":296000,"ts":1760729913.175921}
2025/10/17 19:38:34 POLARIS_LOG {"event":"send_rate","rate":304000,"ts":1760729914.1724474}
2025/10/17 19:38:35 POLARIS_LOG {"event":"send_rate","rate":296000,"ts":1760729915.1717823}
2025/10/17 19:38:36 POLARIS_LOG {"event":"send_rate","rate":296000,"ts":1760729916.1718872}
2025/10/17 19:38:37 POLARIS_LOG {"event":"send_rate","rate":304000,"ts":1760729917.1718345}
2025/10/17 19:38:38 POLARIS_LOG {"event":"send_rate","rate":304000,"ts":1760729918.1720126}
2025/10/17 19:38:39 POLARIS_LOG {"event":"send_rate","rate":296000,"ts":1760729919.1717412}
2025/10/17 19:38:40 POLARIS_LOG {"event":"send_rate","rate":312000,"ts":1760729920.2192667}
2025/10/17 19:38:41 POLARIS_LOG {"event":"send_rate","rate":288000,"ts":1760729921.1719306}
2025/10/17 19:38:42 POLARIS_LOG {"event":"send_rate","rate":304000,"ts":1760729922.173588}
2025/10/17 19:38:43 POLARIS_LOG {"event":"send_rate","rate":296000,"ts":1760729923.1713552}
2025/10/17 19:38:44 POLARIS_LOG {"event":"send_rate","rate":296000,"ts":1760729924.1726646}
2025/10/17 19:38:45 POLARIS_LOG {"event":"send_rate","rate":320000,"ts":1760729925.237022}
2025/10/17 19:38:46 POLARIS_LOG {"event":"send_rate","rate":280000,"ts":1760729926.1987872}
2025/10/17 19:38:47 POLARIS_LOG {"event":"send_rate","rate":304000,"ts":1760729927.1813827}
2025/10/17 19:38:48 POLARIS_LOG {"event":"send_rate","rate":296000,"ts":1760729928.172347}
2025/10/17 19:38:49 POLARIS_LOG {"event":"send_rate","rate":304000,"ts":1760729929.172024}
2025/10/17 19:38:50 POLARIS_LOG {"event":"send_rate","rate":296000,"ts":1760729930.1722527}
2025/10/17 19:38:51 POLARIS_LOG {"event":"send_rate","rate":304000,"ts":1760729931.1720877}
2025/10/17 19:38:52 POLARIS_LOG {"event":"send_rate","rate":304000,"ts":1760729932.1720865}
2025/10/17 19:38:53 POLARIS_LOG {"event":"send_rate","rate":304000,"ts":1760729933.1938846}
2025/10/17 19:38:54 POLARIS_LOG {"event":"send_rate","rate":296000,"ts":1760729934.1780915}
2025/10/17 19:38:55 POLARIS_LOG {"event":"send_rate","rate":296000,"ts":1760729935.172001}
2025/10/17 19:38:56 POLARIS_LOG {"event":"send_rate","rate":296000,"ts":1760729936.1712248}
2025/10/17 19:38:57 POLARIS_LOG {"event":"send_rate","rate":304000,"ts":1760729937.1721392}
2025/10/17 19:38:58 POLARIS_LOG {"event":"send_rate","rate":304000,"ts":1760729938.1741986}
2025/10/17 19:38:59 POLARIS_LOG {"event":"send_rate","rate":296000,"ts":1760729939.1735861}
2025/10/17 19:39:00 POLARIS_LOG {"event":"send_rate","rate":304000,"ts":1760729940.1785352}
2025/10/17 19:39:01 POLARIS_LOG {"event":"send_rate","rate":296000,"ts":1760729941.1730568}
2025/10/17 19:39:02 POLARIS_LOG {"event":"send_rate","rate":296000,"ts":1760729942.1721573}
2025/10/17 19:39:03 POLARIS_LOG {"event":"send_rate","rate":304000,"ts":1760729943.175329}
2025/10/17 19:39:04 POLARIS_LOG {"event":"send_rate","rate":304000,"ts":1760729944.1725702}
2025/10/17 19:39:05 POLARIS_LOG {"event":"send_rate","rate":296000,"ts":1760729945.17218}
2025/10/17 19:39:06 POLARIS_LOG {"event":"send_rate","rate":296000,"ts":1760729946.1720836}
2025/10/17 19:39:07 POLARIS_LOG {"event":"send_rate","rate":304000,"ts":1760729947.1719608}
2025/10/17 19:39:08 POLARIS_LOG {"event":"send_rate","rate":296000,"ts":1760729948.1715894}
2025/10/17 19:39:09 POLARIS_LOG {"event":"send_rate","rate":304000,"ts":1760729949.1718647}
2025/10/17 19:39:10 POLARIS_LOG {"event":"send_rate","rate":296000,"ts":1760729950.1719344}
2025/10/17 19:39:11 POLARIS_LOG {"event":"send_rate","rate":304000,"ts":1760729951.1754737}
2025/10/17 19:39:12 POLARIS_LOG {"event":"send_rate","rate":304000,"ts":1760729952.1749117}
2025/10/17 19:39:13 POLARIS_LOG {"event":"send_rate","rate":296000,"ts":1760729953.182209}
2025/10/17 19:39:14 POLARIS_LOG {"event":"send_rate","rate":296000,"ts":1760729954.1730094}
2025/10/17 19:39:15 POLARIS_LOG {"event":"send_rate","rate":304000,"ts":1760729955.1739883}
2025/10/17 19:39:16 POLARIS_LOG {"event":"send_rate","rate":296000,"ts":1760729956.1723814}
2025/10/17 19:39:17 POLARIS_LOG {"event":"send_rate","rate":304000,"ts":1760729957.1811526}
2025/10/17 19:39:18 POLARIS_LOG {"event":"send_rate","rate":296000,"ts":1760729958.1731954}
2025/10/17 19:39:19 POLARIS_LOG {"event":"send_rate","rate":304000,"ts":1760729959.1802278}
2025/10/17 19:39:20 POLARIS_LOG {"event":"send_rate","rate":296000,"ts":1760729960.1732626}
2025/10/17 19:39:21 POLARIS_LOG {"event":"send_rate","rate":304000,"ts":1760729961.1752543}
2025/10/17 19:39:22 POLARIS_LOG {"event":"send_rate","rate":296000,"ts":1760729962.1730988}
2025/10/17 19:39:23 POLARIS_LOG {"event":"send_rate","rate":304000,"ts":1760729963.1720958}
2025/10/17 19:39:24 POLARIS_LOG {"event":"send_rate","rate":304000,"ts":1760729964.1764357}
2025/10/17 19:39:25 POLARIS_LOG {"event":"send_rate","rate":296000,"ts":1760729965.1765132}
2025/10/17 19:39:26 POLARIS_LOG {"event":"send_rate","rate":296000,"ts":1760729966.1721404}
2025/10/17 19:39:27 POLARIS_LOG {"event":"send_rate","rate":304000,"ts":1760729967.1743352}
2025/10/17 19:39:28 POLARIS_LOG {"event":"send_rate","rate":296000,"ts":1760729968.1894138}
2025/10/17 19:39:29 POLARIS_LOG {"event":"send_rate","rate":304000,"ts":1760729969.174114}
2025/10/17 19:39:30 POLARIS_LOG {"event":"send_rate","rate":296000,"ts":1760729970.1729574}
2025/10/17 19:39:31 POLARIS_LOG {"event":"send_rate","rate":304000,"ts":1760729971.1749043}
2025/10/17 19:39:32 POLARIS_LOG {"event":"send_rate","rate":304000,"ts":1760729972.1844938}
2025/10/17 19:39:33 POLARIS_LOG {"event":"send_rate","rate":296000,"ts":1760729973.1720986}
2025/10/17 19:39:34 POLARIS_LOG {"event":"send_rate","rate":296000,"ts":1760729974.1721704}
2025/10/17 19:39:35 POLARIS_LOG {"event":"send_rate","rate":304000,"ts":1760729975.1777387}
2025/10/17 19:39:36 POLARIS_LOG {"event":"send_rate","rate":296000,"ts":1760729976.1714566}
2025/10/17 19:39:37 POLARIS_LOG {"event":"send_rate","rate":304000,"ts":1760729977.1713653}
2025/10/17 19:39:38 POLARIS_LOG {"event":"send_rate","rate":296000,"ts":1760729978.1712365}
2025/10/17 19:39:39 POLARIS_LOG {"event":"send_rate","rate":304000,"ts":1760729979.171274}
2025/10/17 19:39:40 POLARIS_LOG {"event":"send_rate","rate":296000,"ts":1760729980.1723173}
2025/10/17 19:39:41 POLARIS_LOG {"event":"send_rate","rate":304000,"ts":1760729981.1721}
2025/10/17 19:39:42 POLARIS_LOG {"event":"send_rate","rate":296000,"ts":1760729982.1712928}
2025/10/17 19:39:43 POLARIS_LOG {"event":"send_rate","rate":304000,"ts":1760729983.1743503}
2025/10/17 19:39:44 POLARIS_LOG {"event":"send_rate","rate":296000,"ts":1760729984.178779}
2025/10/17 19:39:45 POLARIS_LOG {"event":"send_rate","rate":304000,"ts":1760729985.1736226}
2025/10/17 19:39:46 POLARIS_LOG {"event":"send_rate","rate":296000,"ts":1760729986.1750226}
2025/10/17 19:39:47 POLARIS_LOG {"event":"send_rate","rate":304000,"ts":1760729987.1718147}
2025/10/17 19:39:48 POLARIS_LOG {"event":"send_rate","rate":296000,"ts":1760729988.174141}
2025/10/17 19:39:49 POLARIS_LOG {"event":"send_rate","rate":296000,"ts":1760729989.175527}
2025/10/17 19:39:50 POLARIS_LOG {"event":"send_rate","rate":304000,"ts":1760729990.1854782}
2025/10/17 19:39:51 POLARIS_LOG {"event":"send_rate","rate":304000,"ts":1760729991.1719825}
2025/10/17 19:39:52 POLARIS_LOG {"event":"send_rate","rate":296000,"ts":1760729992.1759276}
2025/10/17 19:39:53 POLARIS_LOG {"event":"send_rate","rate":304000,"ts":1760729993.1755784}
2025/10/17 19:39:54 POLARIS_LOG {"event":"send_rate","rate":320000,"ts":1760729994.2323544}
2025/10/17 19:39:55 POLARIS_LOG {"event":"send_rate","rate":280000,"ts":1760729995.1775331}
2025/10/17 19:39:56 POLARIS_LOG {"event":"send_rate","rate":296000,"ts":1760729996.1714969}
2025/10/17 19:39:57 POLARIS_LOG {"event":"send_rate","rate":304000,"ts":1760729997.1717913}
2025/10/17 19:39:58 POLARIS_LOG {"event":"send_rate","rate":296000,"ts":1760729998.1716504}
Drain Loop received packet
Drain Loop received non-nil payload
Client sent 11250 packets, server reported 11250 packets received
The network loss rate from client to server is 0.0%

S->C results
Attempted bandwidth: 0 bps / 0.00 Mbps
Achieved bandwidth: 0 bps / 0.00 Mbps
Loss rate: 0.0%
Interarrival time min/avg/max/mdev = -0.000/0.000/0.000/0.000 ms

C->S results
Attempted bandwidth: 300000 bps / 0.30 Mbps
Achieved bandwidth: 300000 bps / 0.30 Mbps
Loss rate: 0.0%
Interarrival time min/avg/max/mdev = 0.002/26.704/177.526/12.281 ms
