
Test parameters:
client->server: 267 seconds, 1000 bytes, 10012 packets
server->client: 267 seconds, 1000 bytes, 0 packets
2025/10/17 19:35:31 POLARIS_LOG {"current_rate":0,"event":"path_switch","new":"2 2 5 2","trigger":"initialization","ts":1760729731.1928957}
Polaris prober initialized with 38 paths
Polaris prober initialized with local 1-111,10.111.0.71:32730 and remote 1-113,10.113.0.71
2025/10/17 19:35:33 POLARIS_LOG {"event":"send_rate","rate":0,"ts":1760729733.195106}
2025/10/17 19:35:34 POLARIS_LOG {"event":"send_rate","rate":0,"ts":1760729734.1947734}
2025/10/17 19:35:35 POLARIS_LOG {"event":"send_rate","rate":264000,"ts":1760729735.1945674}
2025/10/17 19:35:36 POLARIS_LOG {"event":"send_rate","rate":304000,"ts":1760729736.1947815}
2025/10/17 19:35:37 POLARIS_LOG {"event":"send_rate","rate":296000,"ts":1760729737.1949196}
2025/10/17 19:35:38 POLARIS_LOG {"event":"send_rate","rate":216000,"ts":1760729738.194265}
2025/10/17 19:35:39 POLARIS_LOG {"event":"send_rate","rate":256000,"ts":1760729739.1950815}
2025/10/17 19:35:40 POLARIS_LOG {"event":"send_rate","rate":144000,"ts":1760729740.2031834}
2025/10/17 19:35:41 POLARIS_LOG {"event":"send_rate","rate":152000,"ts":1760729741.195571}
2025/10/17 19:35:41 POLARIS_LOG {"candidates":25,"candidates_unfiltered":25,"current_rate":152000,"estimated_share":500000,"event":"path_switch","max_estimated_share":666500,"new":"4 4 6 6 4 1","old":"2 2 5 2","trigger":"scheduled","ts":1760729741.1963892}
2025/10/17 19:35:42 POLARIS_LOG {"event":"send_rate","rate":736000,"ts":1760729742.1949456}
2025/10/17 19:35:43 POLARIS_LOG {"event":"send_rate","rate":296000,"ts":1760729743.1942718}
2025/10/17 19:35:44 POLARIS_LOG {"event":"send_rate","rate":312000,"ts":1760729744.222306}
2025/10/17 19:35:45 POLARIS_LOG {"event":"send_rate","rate":288000,"ts":1760729745.1974037}
2025/10/17 19:35:46 POLARIS_LOG {"event":"send_rate","rate":296000,"ts":1760729746.194407}
2025/10/17 19:35:47 POLARIS_LOG {"event":"send_rate","rate":304000,"ts":1760729747.1951728}
2025/10/17 19:35:48 POLARIS_LOG {"event":"send_rate","rate":296000,"ts":1760729748.196078}
2025/10/17 19:35:49 POLARIS_LOG {"event":"send_rate","rate":304000,"ts":1760729749.194648}
2025/10/17 19:35:50 POLARIS_LOG {"event":"send_rate","rate":296000,"ts":1760729750.195159}
2025/10/17 19:35:51 POLARIS_LOG {"event":"send_rate","rate":304000,"ts":1760729751.1953118}
2025/10/17 19:35:52 POLARIS_LOG {"event":"send_rate","rate":296000,"ts":1760729752.1949987}
2025/10/17 19:35:53 POLARIS_LOG {"event":"send_rate","rate":304000,"ts":1760729753.1950595}
2025/10/17 19:35:54 POLARIS_LOG {"event":"send_rate","rate":304000,"ts":1760729754.1988466}
2025/10/17 19:35:55 POLARIS_LOG {"event":"send_rate","rate":296000,"ts":1760729755.1968777}
2025/10/17 19:35:56 POLARIS_LOG {"event":"send_rate","rate":296000,"ts":1760729756.1975355}
2025/10/17 19:35:57 POLARIS_LOG {"event":"send_rate","rate":304000,"ts":1760729757.1948636}
2025/10/17 19:35:58 POLARIS_LOG {"event":"send_rate","rate":296000,"ts":1760729758.1952238}
2025/10/17 19:35:59 POLARIS_LOG {"event":"send_rate","rate":304000,"ts":1760729759.1975002}
2025/10/17 19:36:00 POLARIS_LOG {"event":"send_rate","rate":296000,"ts":1760729760.19505}
2025/10/17 19:36:01 POLARIS_LOG {"event":"send_rate","rate":304000,"ts":1760729761.1948984}
2025/10/17 19:36:02 POLARIS_LOG {"event":"send_rate","rate":296000,"ts":1760729762.1957216}
2025/10/17 19:36:03 POLARIS_LOG {"event":"send_rate","rate":304000,"ts":1760729763.1949685}
2025/10/17 19:36:04 POLARIS_LOG {"event":"send_rate","rate":296000,"ts":1760729764.1946077}
2025/10/17 19:36:05 POLARIS_LOG {"event":"send_rate","rate":312000,"ts":1760729765.230613}
2025/10/17 19:36:06 POLARIS_LOG {"event":"send_rate","rate":288000,"ts":1760729766.1946714}
2025/10/17 19:36:07 POLARIS_LOG {"event":"send_rate","rate":304000,"ts":1760729767.2041972}
2025/10/17 19:36:08 POLARIS_LOG {"event":"send_rate","rate":296000,"ts":1760729768.1952064}
2025/10/17 19:36:09 POLARIS_LOG {"event":"send_rate","rate":304000,"ts":1760729769.1960042}
2025/10/17 19:36:10 POLARIS_LOG {"event":"send_rate","rate":296000,"ts":1760729770.1947422}
2025/10/17 19:36:11 POLARIS_LOG {"event":"send_rate","rate":296000,"ts":1760729771.197074}
2025/10/17 19:36:12 POLARIS_LOG {"event":"send_rate","rate":304000,"ts":1760729772.1953077}
2025/10/17 19:36:13 POLARIS_LOG {"event":"send_rate","rate":304000,"ts":1760729773.1964395}
2025/10/17 19:36:14 POLARIS_LOG {"event":"send_rate","rate":296000,"ts":1760729774.203292}
2025/10/17 19:36:15 POLARIS_LOG {"event":"send_rate","rate":304000,"ts":1760729775.195424}
2025/10/17 19:36:16 POLARIS_LOG {"event":"send_rate","rate":296000,"ts":1760729776.1972246}
2025/10/17 19:36:17 POLARIS_LOG {"event":"send_rate","rate":304000,"ts":1760729777.2075188}
2025/10/17 19:36:18 POLARIS_LOG {"event":"send_rate","rate":296000,"ts":1760729778.194804}
2025/10/17 19:36:19 POLARIS_LOG {"event":"send_rate","rate":304000,"ts":1760729779.1943548}
2025/10/17 19:36:20 POLARIS_LOG {"event":"send_rate","rate":296000,"ts":1760729780.2015166}
2025/10/17 19:36:21 POLARIS_LOG {"event":"send_rate","rate":296000,"ts":1760729781.203292}
2025/10/17 19:36:22 POLARIS_LOG {"event":"send_rate","rate":304000,"ts":1760729782.2002382}
2025/10/17 19:36:23 POLARIS_LOG {"event":"send_rate","rate":304000,"ts":1760729783.1951928}
2025/10/17 19:36:24 POLARIS_LOG {"event":"send_rate","rate":296000,"ts":1760729784.1973495}
2025/10/17 19:36:25 POLARIS_LOG {"event":"send_rate","rate":304000,"ts":1760729785.1954079}
2025/10/17 19:36:26 POLARIS_LOG {"event":"send_rate","rate":304000,"ts":1760729786.2107806}
2025/10/17 19:36:27 POLARIS_LOG {"event":"send_rate","rate":296000,"ts":1760729787.1944664}
2025/10/17 19:36:28 POLARIS_LOG {"event":"send_rate","rate":296000,"ts":1760729788.1953208}
2025/10/17 19:36:29 POLARIS_LOG {"event":"send_rate","rate":304000,"ts":1760729789.1990106}
2025/10/17 19:36:30 POLARIS_LOG {"event":"send_rate","rate":296000,"ts":1760729790.1958952}
2025/10/17 19:36:31 POLARIS_LOG {"event":"send_rate","rate":304000,"ts":1760729791.1958556}
2025/10/17 19:36:32 POLARIS_LOG {"event":"send_rate","rate":296000,"ts":1760729792.1951692}
2025/10/17 19:36:33 POLARIS_LOG {"event":"send_rate","rate":304000,"ts":1760729793.1955214}
2025/10/17 19:36:34 POLARIS_LOG {"event":"send_rate","rate":304000,"ts":1760729794.214924}
2025/10/17 19:36:35 POLARIS_LOG {"event":"send_rate","rate":296000,"ts":1760729795.1951568}
2025/10/17 19:36:36 POLARIS_LOG {"event":"send_rate","rate":296000,"ts":1760729796.1976762}
2025/10/17 19:36:37 POLARIS_LOG {"event":"send_rate","rate":304000,"ts":1760729797.1969848}
2025/10/17 19:36:38 POLARIS_LOG {"event":"send_rate","rate":296000,"ts":1760729798.1956658}
2025/10/17 19:36:39 POLARIS_LOG {"event":"send_rate","rate":304000,"ts":1760729799.1943274}
2025/10/17 19:36:40 POLARIS_LOG {"event":"send_rate","rate":296000,"ts":1760729800.1942685}
2025/10/17 19:36:41 POLARIS_LOG {"event":"send_rate","rate":304000,"ts":1760729801.196006}
2025/10/17 19:36:42 POLARIS_LOG {"event":"send_rate","rate":296000,"ts":1760729802.1946929}
2025/10/17 19:36:43 POLARIS_LOG {"event":"send_rate","rate":304000,"ts":1760729803.194995}
2025/10/17 19:36:44 POLARIS_LOG {"event":"send_rate","rate":296000,"ts":1760729804.1986198}
2025/10/17 19:36:45 POLARIS_LOG {"event":"send_rate","rate":304000,"ts":1760729805.195974}
2025/10/17 19:36:46 POLARIS_LOG {"event":"send_rate","rate":296000,"ts":1760729806.2115927}
2025/10/17 19:36:47 POLARIS_LOG {"event":"send_rate","rate":296000,"ts":1760729807.1945221}
2025/10/17 19:36:48 POLARIS_LOG {"event":"send_rate","rate":304000,"ts":1760729808.1942844}
2025/10/17 19:36:49 POLARIS_LOG {"event":"send_rate","rate":304000,"ts":1760729809.1952243}
2025/10/17 19:36:50 POLARIS_LOG {"event":"send_rate","rate":296000,"ts":1760729810.1954293}
2025/10/17 19:36:51 POLARIS_LOG {"event":"send_rate","rate":304000,"ts":1760729811.196172}
2025/10/17 19:36:52 POLARIS_LOG {"event":"send_rate","rate":296000,"ts":1760729812.1953282}
2025/10/17 19:36:53 POLARIS_LOG {"event":"send_rate","rate":296000,"ts":1760729813.2049978}
2025/10/17 19:36:54 POLARIS_LOG {"event":"send_rate","rate":304000,"ts":1760729814.194259}
2025/10/17 19:36:55 POLARIS_LOG {"event":"send_rate","rate":304000,"ts":1760729815.1953564}
2025/10/17 19:36:56 POLARIS_LOG {"event":"send_rate","rate":296000,"ts":1760729816.200733}
2025/10/17 19:36:57 POLARIS_LOG {"event":"send_rate","rate":304000,"ts":1760729817.1970458}
2025/10/17 19:36:58 POLARIS_LOG {"event":"send_rate","rate":296000,"ts":1760729818.194287}
2025/10/17 19:36:59 POLARIS_LOG {"event":"send_rate","rate":296000,"ts":1760729819.2360206}
2025/10/17 19:37:00 POLARIS_LOG {"event":"send_rate","rate":288000,"ts":1760729820.2036548}
2025/10/17 19:37:01 POLARIS_LOG {"event":"send_rate","rate":320000,"ts":1760729821.194422}
2025/10/17 19:37:02 POLARIS_LOG {"event":"send_rate","rate":304000,"ts":1760729822.2257257}
2025/10/17 19:37:03 POLARIS_LOG {"event":"send_rate","rate":288000,"ts":1760729823.206382}
2025/10/17 19:37:04 POLARIS_LOG {"event":"send_rate","rate":304000,"ts":1760729824.1957304}
2025/10/17 19:37:05 POLARIS_LOG {"event":"send_rate","rate":304000,"ts":1760729825.2122772}
2025/10/17 19:37:06 POLARIS_LOG {"event":"send_rate","rate":304000,"ts":1760729826.2115152}
2025/10/17 19:37:07 POLARIS_LOG {"event":"send_rate","rate":296000,"ts":1760729827.1960993}
2025/10/17 19:37:08 POLARIS_LOG {"event":"send_rate","rate":296000,"ts":1760729828.1943898}
2025/10/17 19:37:09 POLARIS_LOG {"event":"send_rate","rate":296000,"ts":1760729829.200956}
2025/10/17 19:37:10 POLARIS_LOG {"event":"send_rate","rate":304000,"ts":1760729830.1947763}
2025/10/17 19:37:11 POLARIS_LOG {"event":"send_rate","rate":304000,"ts":1760729831.1958716}
2025/10/17 19:37:12 POLARIS_LOG {"event":"send_rate","rate":296000,"ts":1760729832.1951797}
2025/10/17 19:37:13 POLARIS_LOG {"event":"send_rate","rate":304000,"ts":1760729833.1952558}
2025/10/17 19:37:14 POLARIS_LOG {"event":"send_rate","rate":296000,"ts":1760729834.1955583}
2025/10/17 19:37:15 POLARIS_LOG {"event":"send_rate","rate":296000,"ts":1760729835.1943545}
2025/10/17 19:37:16 POLARIS_LOG {"event":"send_rate","rate":304000,"ts":1760729836.1950793}
2025/10/17 19:37:17 POLARIS_LOG {"event":"send_rate","rate":296000,"ts":1760729837.1948285}
2025/10/17 19:37:18 POLARIS_LOG {"event":"send_rate","rate":304000,"ts":1760729838.1950743}
2025/10/17 19:37:19 POLARIS_LOG {"event":"send_rate","rate":296000,"ts":1760729839.1943414}
2025/10/17 19:37:20 POLARIS_LOG {"event":"send_rate","rate":304000,"ts":1760729840.1957161}
2025/10/17 19:37:21 POLARIS_LOG {"event":"send_rate","rate":296000,"ts":1760729841.1947045}
2025/10/17 19:37:22 POLARIS_LOG {"event":"send_rate","rate":304000,"ts":1760729842.2002964}
2025/10/17 19:37:23 POLARIS_LOG {"event":"send_rate","rate":296000,"ts":1760729843.195493}
2025/10/17 19:37:24 POLARIS_LOG {"event":"send_rate","rate":304000,"ts":1760729844.1998894}
2025/10/17 19:37:25 POLARIS_LOG {"event":"send_rate","rate":296000,"ts":1760729845.1956646}
2025/10/17 19:37:26 POLARIS_LOG {"event":"send_rate","rate":304000,"ts":1760729846.1987154}
2025/10/17 19:37:27 POLARIS_LOG {"event":"send_rate","rate":304000,"ts":1760729847.1992338}
2025/10/17 19:37:28 POLARIS_LOG {"event":"send_rate","rate":296000,"ts":1760729848.1989152}
2025/10/17 19:37:29 POLARIS_LOG {"event":"send_rate","rate":296000,"ts":1760729849.1950927}
2025/10/17 19:37:30 POLARIS_LOG {"event":"send_rate","rate":304000,"ts":1760729850.197811}
2025/10/17 19:37:31 POLARIS_LOG {"event":"send_rate","rate":296000,"ts":1760729851.196329}
2025/10/17 19:37:32 POLARIS_LOG {"event":"send_rate","rate":304000,"ts":1760729852.195897}
2025/10/17 19:37:33 POLARIS_LOG {"event":"send_rate","rate":296000,"ts":1760729853.1972303}
2025/10/17 19:37:34 POLARIS_LOG {"event":"send_rate","rate":304000,"ts":1760729854.19961}
2025/10/17 19:37:35 POLARIS_LOG {"event":"send_rate","rate":296000,"ts":1760729855.1978705}
2025/10/17 19:37:36 POLARIS_LOG {"event":"send_rate","rate":304000,"ts":1760729856.1964002}
2025/10/17 19:37:37 POLARIS_LOG {"event":"send_rate","rate":296000,"ts":1760729857.1945088}
2025/10/17 19:37:38 POLARIS_LOG {"event":"send_rate","rate":304000,"ts":1760729858.2014058}
2025/10/17 19:37:39 POLARIS_LOG {"event":"send_rate","rate":296000,"ts":1760729859.194647}
2025/10/17 19:37:40 POLARIS_LOG {"event":"send_rate","rate":304000,"ts":1760729860.194843}
2025/10/17 19:37:41 POLARIS_LOG {"event":"send_rate","rate":296000,"ts":1760729861.1957552}
2025/10/17 19:37:42 POLARIS_LOG {"event":"send_rate","rate":304000,"ts":1760729862.195667}
2025/10/17 19:37:43 POLARIS_LOG {"event":"send_rate","rate":296000,"ts":1760729863.1948192}
2025/10/17 19:37:44 POLARIS_LOG {"event":"send_rate","rate":304000,"ts":1760729864.195269}
2025/10/17 19:37:45 POLARIS_LOG {"event":"send_rate","rate":296000,"ts":1760729865.1952631}
2025/10/17 19:37:46 POLARIS_LOG {"event":"send_rate","rate":304000,"ts":1760729866.1949284}
2025/10/17 19:37:47 POLARIS_LOG {"event":"send_rate","rate":296000,"ts":1760729867.195573}
2025/10/17 19:37:48 POLARIS_LOG {"event":"send_rate","rate":304000,"ts":1760729868.199053}
2025/10/17 19:37:49 POLARIS_LOG {"event":"send_rate","rate":312000,"ts":1760729869.2437532}
2025/10/17 19:37:50 POLARIS_LOG {"event":"send_rate","rate":288000,"ts":1760729870.200407}
2025/10/17 19:37:51 POLARIS_LOG {"event":"send_rate","rate":296000,"ts":1760729871.1953967}
2025/10/17 19:37:52 POLARIS_LOG {"event":"send_rate","rate":304000,"ts":1760729872.1956208}
2025/10/17 19:37:53 POLARIS_LOG {"event":"send_rate","rate":288000,"ts":1760729873.2005723}
2025/10/17 19:37:54 POLARIS_LOG {"event":"send_rate","rate":312000,"ts":1760729874.2025917}
2025/10/17 19:37:55 POLARIS_LOG {"event":"send_rate","rate":296000,"ts":1760729875.195092}
2025/10/17 19:37:56 POLARIS_LOG {"event":"send_rate","rate":304000,"ts":1760729876.1945467}
2025/10/17 19:37:57 POLARIS_LOG {"event":"send_rate","rate":296000,"ts":1760729877.198517}
2025/10/17 19:37:58 POLARIS_LOG {"event":"send_rate","rate":304000,"ts":1760729878.1951816}
2025/10/17 19:37:59 POLARIS_LOG {"event":"send_rate","rate":296000,"ts":1760729879.1977284}
2025/10/17 19:38:00 POLARIS_LOG {"event":"send_rate","rate":304000,"ts":1760729880.2157903}
2025/10/17 19:38:01 POLARIS_LOG {"event":"send_rate","rate":296000,"ts":1760729881.194636}
2025/10/17 19:38:02 POLARIS_LOG {"event":"send_rate","rate":304000,"ts":1760729882.1958177}
2025/10/17 19:38:03 POLARIS_LOG {"event":"send_rate","rate":296000,"ts":1760729883.2009544}
2025/10/17 19:38:04 POLARIS_LOG {"event":"send_rate","rate":304000,"ts":1760729884.203444}
2025/10/17 19:38:05 POLARIS_LOG {"event":"send_rate","rate":296000,"ts":1760729885.1947644}
2025/10/17 19:38:06 POLARIS_LOG {"event":"send_rate","rate":304000,"ts":1760729886.1981332}
2025/10/17 19:38:07 POLARIS_LOG {"event":"send_rate","rate":296000,"ts":1760729887.1951754}
2025/10/17 19:38:08 POLARIS_LOG {"event":"send_rate","rate":304000,"ts":1760729888.199043}
2025/10/17 19:38:09 POLARIS_LOG {"event":"send_rate","rate":296000,"ts":1760729889.1945038}
2025/10/17 19:38:10 POLARIS_LOG {"event":"send_rate","rate":304000,"ts":1760729890.1951807}
2025/10/17 19:38:11 POLARIS_LOG {"event":"send_rate","rate":296000,"ts":1760729891.1967268}
2025/10/17 19:38:12 POLARIS_LOG {"event":"send_rate","rate":304000,"ts":1760729892.1976273}
2025/10/17 19:38:13 POLARIS_LOG {"event":"send_rate","rate":296000,"ts":1760729893.195308}
2025/10/17 19:38:14 POLARIS_LOG {"event":"send_rate","rate":296000,"ts":1760729894.1955616}
2025/10/17 19:38:15 POLARIS_LOG {"event":"send_rate","rate":304000,"ts":1760729895.195182}
2025/10/17 19:38:16 POLARIS_LOG {"event":"send_rate","rate":304000,"ts":1760729896.1945567}
2025/10/17 19:38:17 POLARIS_LOG {"event":"send_rate","rate":296000,"ts":1760729897.197488}
2025/10/17 19:38:18 POLARIS_LOG {"event":"send_rate","rate":304000,"ts":1760729898.1944058}
2025/10/17 19:38:19 POLARIS_LOG {"event":"send_rate","rate":296000,"ts":1760729899.194849}
2025/10/17 19:38:20 POLARIS_LOG {"event":"send_rate","rate":304000,"ts":1760729900.2022212}
2025/10/17 19:38:21 POLARIS_LOG {"event":"send_rate","rate":296000,"ts":1760729901.1952803}
2025/10/17 19:38:22 POLARIS_LOG {"event":"send_rate","rate":304000,"ts":1760729902.1965399}
2025/10/17 19:38:23 POLARIS_LOG {"event":"send_rate","rate":296000,"ts":1760729903.1988597}
2025/10/17 19:38:24 POLARIS_LOG {"event":"send_rate","rate":304000,"ts":1760729904.1945145}
2025/10/17 19:38:25 POLARIS_LOG {"event":"send_rate","rate":288000,"ts":1760729905.215073}
2025/10/17 19:38:26 POLARIS_LOG {"event":"send_rate","rate":304000,"ts":1760729906.1945987}
2025/10/17 19:38:27 POLARIS_LOG {"event":"send_rate","rate":304000,"ts":1760729907.1951754}
2025/10/17 19:38:28 POLARIS_LOG {"event":"send_rate","rate":296000,"ts":1760729908.1973882}
2025/10/17 19:38:29 POLARIS_LOG {"event":"send_rate","rate":304000,"ts":1760729909.205698}
2025/10/17 19:38:30 POLARIS_LOG {"event":"send_rate","rate":296000,"ts":1760729910.1953604}
2025/10/17 19:38:31 POLARIS_LOG {"event":"send_rate","rate":304000,"ts":1760729911.1969504}
2025/10/17 19:38:32 POLARIS_LOG {"event":"send_rate","rate":304000,"ts":1760729912.1950803}
2025/10/17 19:38:33 POLARIS_LOG {"event":"send_rate","rate":296000,"ts":1760729913.202327}
2025/10/17 19:38:34 POLARIS_LOG {"event":"send_rate","rate":304000,"ts":1760729914.2028396}
2025/10/17 19:38:35 POLARIS_LOG {"event":"send_rate","rate":296000,"ts":1760729915.1951306}
2025/10/17 19:38:36 POLARIS_LOG {"event":"send_rate","rate":304000,"ts":1760729916.1973839}
2025/10/17 19:38:37 POLARIS_LOG {"event":"send_rate","rate":296000,"ts":1760729917.1961396}
2025/10/17 19:38:38 POLARIS_LOG {"event":"send_rate","rate":304000,"ts":1760729918.2103305}
2025/10/17 19:38:39 POLARIS_LOG {"event":"send_rate","rate":296000,"ts":1760729919.19546}
2025/10/17 19:38:40 POLARIS_LOG {"event":"send_rate","rate":304000,"ts":1760729920.1955392}
2025/10/17 19:38:41 POLARIS_LOG {"event":"send_rate","rate":296000,"ts":1760729921.1953244}
2025/10/17 19:38:42 POLARIS_LOG {"event":"send_rate","rate":304000,"ts":1760729922.203151}
2025/10/17 19:38:43 POLARIS_LOG {"event":"send_rate","rate":296000,"ts":1760729923.195254}
2025/10/17 19:38:44 POLARIS_LOG {"event":"send_rate","rate":304000,"ts":1760729924.1989293}
2025/10/17 19:38:45 POLARIS_LOG {"event":"send_rate","rate":296000,"ts":1760729925.1960156}
2025/10/17 19:38:46 POLARIS_LOG {"event":"send_rate","rate":304000,"ts":1760729926.1977844}
2025/10/17 19:38:47 POLARIS_LOG {"event":"send_rate","rate":296000,"ts":1760729927.1956744}
2025/10/17 19:38:48 POLARIS_LOG {"event":"send_rate","rate":296000,"ts":1760729928.1973963}
2025/10/17 19:38:49 POLARIS_LOG {"event":"send_rate","rate":304000,"ts":1760729929.1950586}
2025/10/17 19:38:50 POLARIS_LOG {"event":"send_rate","rate":296000,"ts":1760729930.194864}
2025/10/17 19:38:51 POLARIS_LOG {"event":"send_rate","rate":304000,"ts":1760729931.195123}
2025/10/17 19:38:52 POLARIS_LOG {"event":"send_rate","rate":296000,"ts":1760729932.1948185}
2025/10/17 19:38:53 POLARIS_LOG {"event":"send_rate","rate":304000,"ts":1760729933.1955671}
2025/10/17 19:38:54 POLARIS_LOG {"event":"send_rate","rate":296000,"ts":1760729934.1945984}
2025/10/17 19:38:55 POLARIS_LOG {"event":"send_rate","rate":304000,"ts":1760729935.1950977}
2025/10/17 19:38:56 POLARIS_LOG {"event":"send_rate","rate":304000,"ts":1760729936.1980073}
2025/10/17 19:38:57 POLARIS_LOG {"event":"send_rate","rate":296000,"ts":1760729937.1961358}
2025/10/17 19:38:58 POLARIS_LOG {"event":"send_rate","rate":296000,"ts":1760729938.1947582}
2025/10/17 19:38:59 POLARIS_LOG {"event":"send_rate","rate":304000,"ts":1760729939.195282}
2025/10/17 19:39:00 POLARIS_LOG {"event":"send_rate","rate":296000,"ts":1760729940.1942635}
2025/10/17 19:39:01 POLARIS_LOG {"event":"send_rate","rate":304000,"ts":1760729941.1946895}
2025/10/17 19:39:02 POLARIS_LOG {"event":"send_rate","rate":296000,"ts":1760729942.21581}
2025/10/17 19:39:03 POLARIS_LOG {"event":"send_rate","rate":304000,"ts":1760729943.2013254}
2025/10/17 19:39:04 POLARIS_LOG {"event":"send_rate","rate":296000,"ts":1760729944.195176}
2025/10/17 19:39:05 POLARIS_LOG {"event":"send_rate","rate":304000,"ts":1760729945.197671}
2025/10/17 19:39:06 POLARIS_LOG {"event":"send_rate","rate":296000,"ts":1760729946.1945283}
2025/10/17 19:39:07 POLARIS_LOG {"event":"send_rate","rate":304000,"ts":1760729947.1946747}
2025/10/17 19:39:08 POLARIS_LOG {"event":"send_rate","rate":296000,"ts":1760729948.1953375}
2025/10/17 19:39:09 POLARIS_LOG {"event":"send_rate","rate":304000,"ts":1760729949.1952589}
2025/10/17 19:39:10 POLARIS_LOG {"event":"send_rate","rate":296000,"ts":1760729950.195315}
2025/10/17 19:39:11 POLARIS_LOG {"event":"send_rate","rate":304000,"ts":1760729951.1985075}
2025/10/17 19:39:12 POLARIS_LOG {"event":"send_rate","rate":296000,"ts":1760729952.1945922}
2025/10/17 19:39:13 POLARIS_LOG {"event":"send_rate","rate":296000,"ts":1760729953.2248366}
2025/10/17 19:39:14 POLARIS_LOG {"event":"send_rate","rate":304000,"ts":1760729954.1945634}
2025/10/17 19:39:15 POLARIS_LOG {"event":"send_rate","rate":304000,"ts":1760729955.194622}
2025/10/17 19:39:16 POLARIS_LOG {"event":"send_rate","rate":296000,"ts":1760729956.1952584}
2025/10/17 19:39:17 POLARIS_LOG {"event":"send_rate","rate":304000,"ts":1760729957.1950142}
2025/10/17 19:39:18 POLARIS_LOG {"event":"send_rate","rate":296000,"ts":1760729958.1974037}
2025/10/17 19:39:19 POLARIS_LOG {"event":"send_rate","rate":304000,"ts":1760729959.1949315}
2025/10/17 19:39:20 POLARIS_LOG {"event":"send_rate","rate":296000,"ts":1760729960.1951613}
2025/10/17 19:39:21 POLARIS_LOG {"event":"send_rate","rate":304000,"ts":1760729961.1970437}
2025/10/17 19:39:22 POLARIS_LOG {"event":"send_rate","rate":296000,"ts":1760729962.1945565}
2025/10/17 19:39:23 POLARIS_LOG {"event":"send_rate","rate":296000,"ts":1760729963.196388}
2025/10/17 19:39:24 POLARIS_LOG {"event":"send_rate","rate":304000,"ts":1760729964.1942806}
2025/10/17 19:39:25 POLARIS_LOG {"event":"send_rate","rate":304000,"ts":1760729965.1963074}
2025/10/17 19:39:26 POLARIS_LOG {"event":"send_rate","rate":296000,"ts":1760729966.194704}
2025/10/17 19:39:27 POLARIS_LOG {"event":"send_rate","rate":304000,"ts":1760729967.1950421}
2025/10/17 19:39:28 POLARIS_LOG {"event":"send_rate","rate":296000,"ts":1760729968.1951108}
2025/10/17 19:39:29 POLARIS_LOG {"event":"send_rate","rate":304000,"ts":1760729969.1975877}
2025/10/17 19:39:30 POLARIS_LOG {"event":"send_rate","rate":296000,"ts":1760729970.1997778}
2025/10/17 19:39:31 POLARIS_LOG {"event":"send_rate","rate":304000,"ts":1760729971.198731}
2025/10/17 19:39:32 POLARIS_LOG {"event":"send_rate","rate":296000,"ts":1760729972.195996}
2025/10/17 19:39:33 POLARIS_LOG {"event":"send_rate","rate":304000,"ts":1760729973.1950784}
2025/10/17 19:39:34 POLARIS_LOG {"event":"send_rate","rate":296000,"ts":1760729974.1959052}
2025/10/17 19:39:35 POLARIS_LOG {"event":"send_rate","rate":304000,"ts":1760729975.1952758}
2025/10/17 19:39:36 POLARIS_LOG {"event":"send_rate","rate":296000,"ts":1760729976.197111}
2025/10/17 19:39:37 POLARIS_LOG {"event":"send_rate","rate":304000,"ts":1760729977.1952689}
2025/10/17 19:39:38 POLARIS_LOG {"event":"send_rate","rate":304000,"ts":1760729978.2056863}
2025/10/17 19:39:39 POLARIS_LOG {"event":"send_rate","rate":280000,"ts":1760729979.2154589}
2025/10/17 19:39:40 POLARIS_LOG {"event":"send_rate","rate":312000,"ts":1760729980.1984408}
2025/10/17 19:39:41 POLARIS_LOG {"event":"send_rate","rate":304000,"ts":1760729981.1953785}
2025/10/17 19:39:42 POLARIS_LOG {"event":"send_rate","rate":296000,"ts":1760729982.1963837}
2025/10/17 19:39:43 POLARIS_LOG {"event":"send_rate","rate":304000,"ts":1760729983.1952822}
2025/10/17 19:39:44 POLARIS_LOG {"event":"send_rate","rate":296000,"ts":1760729984.194592}
2025/10/17 19:39:45 POLARIS_LOG {"event":"send_rate","rate":304000,"ts":1760729985.195284}
2025/10/17 19:39:46 POLARIS_LOG {"event":"send_rate","rate":296000,"ts":1760729986.1986673}
2025/10/17 19:39:47 POLARIS_LOG {"event":"send_rate","rate":304000,"ts":1760729987.1945508}
2025/10/17 19:39:48 POLARIS_LOG {"event":"send_rate","rate":296000,"ts":1760729988.1952362}
2025/10/17 19:39:49 POLARIS_LOG {"event":"send_rate","rate":304000,"ts":1760729989.1953468}
2025/10/17 19:39:50 POLARIS_LOG {"event":"send_rate","rate":296000,"ts":1760729990.199947}
2025/10/17 19:39:51 POLARIS_LOG {"event":"send_rate","rate":304000,"ts":1760729991.1943502}
2025/10/17 19:39:52 POLARIS_LOG {"event":"send_rate","rate":296000,"ts":1760729992.1956673}
2025/10/17 19:39:53 POLARIS_LOG {"event":"send_rate","rate":304000,"ts":1760729993.197184}
2025/10/17 19:39:54 POLARIS_LOG {"event":"send_rate","rate":296000,"ts":1760729994.1948502}
2025/10/17 19:39:55 POLARIS_LOG {"event":"send_rate","rate":304000,"ts":1760729995.1949356}
2025/10/17 19:39:56 POLARIS_LOG {"event":"send_rate","rate":296000,"ts":1760729996.194627}
2025/10/17 19:39:57 POLARIS_LOG {"event":"send_rate","rate":304000,"ts":1760729997.1955526}
2025/10/17 19:39:58 POLARIS_LOG {"event":"send_rate","rate":296000,"ts":1760729998.1960597}
2025/10/17 19:39:59 POLARIS_LOG {"event":"send_rate","rate":296000,"ts":1760729999.194483}
2025/10/17 19:40:00 POLARIS_LOG {"event":"send_rate","rate":304000,"ts":1760730000.19426}
Drain Loop received packet
Drain Loop received non-nil payload
Client sent 10012 packets, server reported 9970 packets received
The network loss rate from client to server is 0.4%

S->C results
Attempted bandwidth: 0 bps / 0.00 Mbps
Achieved bandwidth: 0 bps / 0.00 Mbps
Loss rate: 0.0%
Interarrival time min/avg/max/mdev = -0.000/0.000/0.000/0.000 ms

C->S results
Attempted bandwidth: 299985 bps / 0.30 Mbps
Achieved bandwidth: 298726 bps / 0.30 Mbps
Loss rate: 0.4%
Interarrival time min/avg/max/mdev = 0.002/26.591/633.086/24.627 ms
