
Test parameters:
client->server: 291 seconds, 1000 bytes, 10912 packets
server->client: 291 seconds, 1000 bytes, 0 packets
2025/10/17 19:35:07 POLARIS_LOG {"current_rate":0,"event":"path_switch","new":"2 2 5 2","trigger":"initialization","ts":1760729707.0652769}
Polaris prober initialized with 38 paths
Polaris prober initialized with local 1-111,10.111.0.71:32755 and remote 1-113,10.113.0.71
2025/10/17 19:35:08 POLARIS_LOG {"event":"send_rate","rate":304000,"ts":1760729708.0672941}
2025/10/17 19:35:09 POLARIS_LOG {"event":"send_rate","rate":296000,"ts":1760729709.0667295}
2025/10/17 19:35:10 POLARIS_LOG {"event":"send_rate","rate":304000,"ts":1760729710.0671334}
2025/10/17 19:35:11 POLARIS_LOG {"event":"send_rate","rate":296000,"ts":1760729711.0675504}
2025/10/17 19:35:12 POLARIS_LOG {"event":"send_rate","rate":304000,"ts":1760729712.067956}
2025/10/17 19:35:13 POLARIS_LOG {"event":"send_rate","rate":296000,"ts":1760729713.0668948}
2025/10/17 19:35:14 POLARIS_LOG {"event":"send_rate","rate":304000,"ts":1760729714.0788367}
2025/10/17 19:35:15 POLARIS_LOG {"event":"send_rate","rate":296000,"ts":1760729715.067521}
2025/10/17 19:35:16 POLARIS_LOG {"event":"send_rate","rate":304000,"ts":1760729716.0722775}
2025/10/17 19:35:17 POLARIS_LOG {"event":"send_rate","rate":296000,"ts":1760729717.0679023}
2025/10/17 19:35:18 POLARIS_LOG {"event":"send_rate","rate":296000,"ts":1760729718.067511}
2025/10/17 19:35:19 POLARIS_LOG {"event":"send_rate","rate":304000,"ts":1760729719.0679145}
2025/10/17 19:35:20 POLARIS_LOG {"event":"send_rate","rate":304000,"ts":1760729720.0666845}
2025/10/17 19:35:21 POLARIS_LOG {"event":"send_rate","rate":296000,"ts":1760729721.0679631}
2025/10/17 19:35:22 POLARIS_LOG {"event":"send_rate","rate":304000,"ts":1760729722.067599}
2025/10/17 19:35:23 POLARIS_LOG {"event":"send_rate","rate":296000,"ts":1760729723.0670729}
2025/10/17 19:35:24 POLARIS_LOG {"event":"send_rate","rate":296000,"ts":1760729724.06757}
2025/10/17 19:35:25 POLARIS_LOG {"event":"send_rate","rate":304000,"ts":1760729725.070271}
2025/10/17 19:35:26 POLARIS_LOG {"event":"send_rate","rate":304000,"ts":1760729726.0670435}
2025/10/17 19:35:27 POLARIS_LOG {"event":"send_rate","rate":296000,"ts":1760729727.067519}
2025/10/17 19:35:28 POLARIS_LOG {"event":"send_rate","rate":296000,"ts":1760729728.0704877}
2025/10/17 19:35:29 POLARIS_LOG {"event":"send_rate","rate":304000,"ts":1760729729.0675766}
2025/10/17 19:35:30 POLARIS_LOG {"event":"send_rate","rate":296000,"ts":1760729730.0675416}
2025/10/17 19:35:31 POLARIS_LOG {"event":"send_rate","rate":304000,"ts":1760729731.0673594}
2025/10/17 19:35:32 POLARIS_LOG {"event":"send_rate","rate":176000,"ts":1760729732.0667098}
2025/10/17 19:35:33 POLARIS_LOG {"event":"send_rate","rate":192000,"ts":1760729733.0729513}
2025/10/17 19:35:34 POLARIS_LOG {"event":"send_rate","rate":112000,"ts":1760729734.0734653}
2025/10/17 19:35:35 POLARIS_LOG {"event":"send_rate","rate":120000,"ts":1760729735.0667543}
2025/10/17 19:35:36 POLARIS_LOG {"event":"send_rate","rate":88000,"ts":1760729736.0670803}
2025/10/17 19:35:37 POLARIS_LOG {"event":"send_rate","rate":120000,"ts":1760729737.0678487}
2025/10/17 19:35:37 POLARIS_LOG {"candidates":25,"candidates_unfiltered":25,"current_rate":120000,"estimated_share":1000000,"event":"path_switch","max_estimated_share":1000000,"new":"5 5 7 7 4 1","old":"2 2 5 2","trigger":"scheduled","ts":1760729737.068559}
2025/10/17 19:35:38 POLARIS_LOG {"event":"send_rate","rate":160000,"ts":1760729738.0665574}
2025/10/17 19:35:39 POLARIS_LOG {"event":"send_rate","rate":1432000,"ts":1760729739.0695827}
2025/10/17 19:35:40 POLARIS_LOG {"event":"send_rate","rate":304000,"ts":1760729740.0695608}
2025/10/17 19:35:41 POLARIS_LOG {"event":"send_rate","rate":296000,"ts":1760729741.06709}
2025/10/17 19:35:42 POLARIS_LOG {"event":"send_rate","rate":296000,"ts":1760729742.0695674}
2025/10/17 19:35:43 POLARIS_LOG {"event":"send_rate","rate":304000,"ts":1760729743.0672965}
2025/10/17 19:35:44 POLARIS_LOG {"event":"send_rate","rate":296000,"ts":1760729744.0670717}
2025/10/17 19:35:45 POLARIS_LOG {"event":"send_rate","rate":304000,"ts":1760729745.0672507}
2025/10/17 19:35:46 POLARIS_LOG {"event":"send_rate","rate":296000,"ts":1760729746.068538}
2025/10/17 19:35:47 POLARIS_LOG {"event":"send_rate","rate":304000,"ts":1760729747.0708477}
2025/10/17 19:35:48 POLARIS_LOG {"event":"send_rate","rate":296000,"ts":1760729748.0666554}
2025/10/17 19:35:49 POLARIS_LOG {"event":"send_rate","rate":304000,"ts":1760729749.0671916}
2025/10/17 19:35:50 POLARIS_LOG {"event":"send_rate","rate":304000,"ts":1760729750.0827928}
2025/10/17 19:35:51 POLARIS_LOG {"event":"send_rate","rate":296000,"ts":1760729751.0740964}
2025/10/17 19:35:52 POLARIS_LOG {"event":"send_rate","rate":296000,"ts":1760729752.067631}
2025/10/17 19:35:53 POLARIS_LOG {"event":"send_rate","rate":304000,"ts":1760729753.0676918}
2025/10/17 19:35:54 POLARIS_LOG {"event":"send_rate","rate":296000,"ts":1760729754.067508}
2025/10/17 19:35:55 POLARIS_LOG {"event":"send_rate","rate":304000,"ts":1760729755.0741467}
2025/10/17 19:35:56 POLARIS_LOG {"event":"send_rate","rate":304000,"ts":1760729756.0758686}
2025/10/17 19:35:57 POLARIS_LOG {"event":"send_rate","rate":296000,"ts":1760729757.0678797}
2025/10/17 19:35:58 POLARIS_LOG {"event":"send_rate","rate":296000,"ts":1760729758.068466}
2025/10/17 19:35:59 POLARIS_LOG {"event":"send_rate","rate":304000,"ts":1760729759.0694952}
2025/10/17 19:36:00 POLARIS_LOG {"event":"send_rate","rate":296000,"ts":1760729760.0698996}
2025/10/17 19:36:01 POLARIS_LOG {"event":"send_rate","rate":304000,"ts":1760729761.0674608}
2025/10/17 19:36:02 POLARIS_LOG {"event":"send_rate","rate":296000,"ts":1760729762.0673866}
2025/10/17 19:36:03 POLARIS_LOG {"event":"send_rate","rate":304000,"ts":1760729763.0666168}
2025/10/17 19:36:04 POLARIS_LOG {"event":"send_rate","rate":296000,"ts":1760729764.067486}
2025/10/17 19:36:05 POLARIS_LOG {"event":"send_rate","rate":304000,"ts":1760729765.0691116}
2025/10/17 19:36:06 POLARIS_LOG {"event":"send_rate","rate":296000,"ts":1760729766.0699813}
2025/10/17 19:36:07 POLARIS_LOG {"event":"send_rate","rate":304000,"ts":1760729767.0707412}
2025/10/17 19:36:08 POLARIS_LOG {"event":"send_rate","rate":296000,"ts":1760729768.0704858}
2025/10/17 19:36:09 POLARIS_LOG {"event":"send_rate","rate":304000,"ts":1760729769.0673141}
2025/10/17 19:36:10 POLARIS_LOG {"event":"send_rate","rate":304000,"ts":1760729770.081491}
2025/10/17 19:36:11 POLARIS_LOG {"event":"send_rate","rate":296000,"ts":1760729771.0680356}
2025/10/17 19:36:12 POLARIS_LOG {"event":"send_rate","rate":296000,"ts":1760729772.0675836}
2025/10/17 19:36:13 POLARIS_LOG {"event":"send_rate","rate":304000,"ts":1760729773.066541}
2025/10/17 19:36:14 POLARIS_LOG {"event":"send_rate","rate":296000,"ts":1760729774.0690122}
2025/10/17 19:36:15 POLARIS_LOG {"event":"send_rate","rate":304000,"ts":1760729775.0704231}
2025/10/17 19:36:16 POLARIS_LOG {"event":"send_rate","rate":296000,"ts":1760729776.0675843}
2025/10/17 19:36:17 POLARIS_LOG {"event":"send_rate","rate":304000,"ts":1760729777.0672379}
2025/10/17 19:36:18 POLARIS_LOG {"event":"send_rate","rate":296000,"ts":1760729778.0685415}
2025/10/17 19:36:19 POLARIS_LOG {"event":"send_rate","rate":304000,"ts":1760729779.0670834}
2025/10/17 19:36:20 POLARIS_LOG {"event":"send_rate","rate":296000,"ts":1760729780.0705767}
2025/10/17 19:36:21 POLARIS_LOG {"event":"send_rate","rate":304000,"ts":1760729781.0719461}
2025/10/17 19:36:22 POLARIS_LOG {"event":"send_rate","rate":296000,"ts":1760729782.0790033}
2025/10/17 19:36:23 POLARIS_LOG {"event":"send_rate","rate":304000,"ts":1760729783.0680614}
2025/10/17 19:36:24 POLARIS_LOG {"event":"send_rate","rate":296000,"ts":1760729784.0682855}
2025/10/17 19:36:25 POLARIS_LOG {"event":"send_rate","rate":304000,"ts":1760729785.068838}
2025/10/17 19:36:26 POLARIS_LOG {"event":"send_rate","rate":296000,"ts":1760729786.0704675}
2025/10/17 19:36:27 POLARIS_LOG {"event":"send_rate","rate":304000,"ts":1760729787.069143}
2025/10/17 19:36:28 POLARIS_LOG {"event":"send_rate","rate":296000,"ts":1760729788.0678222}
2025/10/17 19:36:29 POLARIS_LOG {"event":"send_rate","rate":304000,"ts":1760729789.0702155}
2025/10/17 19:36:30 POLARIS_LOG {"event":"send_rate","rate":296000,"ts":1760729790.0672705}
2025/10/17 19:36:31 POLARIS_LOG {"event":"send_rate","rate":304000,"ts":1760729791.0681975}
2025/10/17 19:36:32 POLARIS_LOG {"event":"send_rate","rate":296000,"ts":1760729792.0702996}
2025/10/17 19:36:33 POLARIS_LOG {"event":"send_rate","rate":304000,"ts":1760729793.0717483}
2025/10/17 19:36:34 POLARIS_LOG {"event":"send_rate","rate":296000,"ts":1760729794.067521}
2025/10/17 19:36:35 POLARIS_LOG {"event":"send_rate","rate":304000,"ts":1760729795.0698113}
2025/10/17 19:36:36 POLARIS_LOG {"event":"send_rate","rate":296000,"ts":1760729796.0665596}
2025/10/17 19:36:37 POLARIS_LOG {"event":"send_rate","rate":304000,"ts":1760729797.067392}
2025/10/17 19:36:38 POLARIS_LOG {"event":"send_rate","rate":296000,"ts":1760729798.0686102}
2025/10/17 19:36:39 POLARIS_LOG {"event":"send_rate","rate":304000,"ts":1760729799.066632}
2025/10/17 19:36:40 POLARIS_LOG {"event":"send_rate","rate":296000,"ts":1760729800.0708053}
2025/10/17 19:36:41 POLARIS_LOG {"event":"send_rate","rate":304000,"ts":1760729801.0689988}
2025/10/17 19:36:42 POLARIS_LOG {"event":"send_rate","rate":296000,"ts":1760729802.0680094}
2025/10/17 19:36:43 POLARIS_LOG {"event":"send_rate","rate":304000,"ts":1760729803.0666504}
2025/10/17 19:36:44 POLARIS_LOG {"event":"send_rate","rate":296000,"ts":1760729804.0673459}
2025/10/17 19:36:45 POLARIS_LOG {"event":"send_rate","rate":304000,"ts":1760729805.0689483}
2025/10/17 19:36:46 POLARIS_LOG {"event":"send_rate","rate":296000,"ts":1760729806.067172}
2025/10/17 19:36:47 POLARIS_LOG {"event":"send_rate","rate":304000,"ts":1760729807.0681512}
2025/10/17 19:36:48 POLARIS_LOG {"event":"send_rate","rate":296000,"ts":1760729808.0683296}
2025/10/17 19:36:49 POLARIS_LOG {"event":"send_rate","rate":304000,"ts":1760729809.0674028}
2025/10/17 19:36:50 POLARIS_LOG {"event":"send_rate","rate":296000,"ts":1760729810.0719755}
2025/10/17 19:36:51 POLARIS_LOG {"event":"send_rate","rate":304000,"ts":1760729811.0692382}
2025/10/17 19:36:52 POLARIS_LOG {"event":"send_rate","rate":296000,"ts":1760729812.0712056}
2025/10/17 19:36:53 POLARIS_LOG {"event":"send_rate","rate":304000,"ts":1760729813.06659}
2025/10/17 19:36:54 POLARIS_LOG {"event":"send_rate","rate":296000,"ts":1760729814.0676117}
2025/10/17 19:36:55 POLARIS_LOG {"event":"send_rate","rate":296000,"ts":1760729815.0686786}
2025/10/17 19:36:56 POLARIS_LOG {"event":"send_rate","rate":304000,"ts":1760729816.0708432}
2025/10/17 19:36:57 POLARIS_LOG {"event":"send_rate","rate":304000,"ts":1760729817.068095}
2025/10/17 19:36:58 POLARIS_LOG {"event":"send_rate","rate":296000,"ts":1760729818.0667377}
2025/10/17 19:36:59 POLARIS_LOG {"event":"send_rate","rate":296000,"ts":1760729819.0689886}
2025/10/17 19:37:00 POLARIS_LOG {"event":"send_rate","rate":304000,"ts":1760729820.0698564}
2025/10/17 19:37:01 POLARIS_LOG {"event":"send_rate","rate":304000,"ts":1760729821.0671508}
2025/10/17 19:37:02 POLARIS_LOG {"event":"send_rate","rate":296000,"ts":1760729822.0716877}
2025/10/17 19:37:03 POLARIS_LOG {"event":"send_rate","rate":296000,"ts":1760729823.0673096}
2025/10/17 19:37:04 POLARIS_LOG {"event":"send_rate","rate":304000,"ts":1760729824.07757}
2025/10/17 19:37:05 POLARIS_LOG {"event":"send_rate","rate":304000,"ts":1760729825.069394}
2025/10/17 19:37:06 POLARIS_LOG {"event":"send_rate","rate":296000,"ts":1760729826.067086}
2025/10/17 19:37:07 POLARIS_LOG {"event":"send_rate","rate":304000,"ts":1760729827.0680983}
2025/10/17 19:37:08 POLARIS_LOG {"event":"send_rate","rate":296000,"ts":1760729828.0681548}
2025/10/17 19:37:09 POLARIS_LOG {"event":"send_rate","rate":304000,"ts":1760729829.069689}
2025/10/17 19:37:10 POLARIS_LOG {"event":"send_rate","rate":296000,"ts":1760729830.0674481}
2025/10/17 19:37:11 POLARIS_LOG {"event":"send_rate","rate":296000,"ts":1760729831.0675597}
2025/10/17 19:37:12 POLARIS_LOG {"event":"send_rate","rate":304000,"ts":1760729832.0686848}
2025/10/17 19:37:13 POLARIS_LOG {"event":"send_rate","rate":296000,"ts":1760729833.0676386}
2025/10/17 19:37:14 POLARIS_LOG {"event":"send_rate","rate":304000,"ts":1760729834.0680802}
2025/10/17 19:37:15 POLARIS_LOG {"event":"send_rate","rate":296000,"ts":1760729835.0671608}
2025/10/17 19:37:16 POLARIS_LOG {"event":"send_rate","rate":304000,"ts":1760729836.0667927}
2025/10/17 19:37:17 POLARIS_LOG {"event":"send_rate","rate":296000,"ts":1760729837.0676327}
2025/10/17 19:37:18 POLARIS_LOG {"event":"send_rate","rate":304000,"ts":1760729838.0683765}
2025/10/17 19:37:19 POLARIS_LOG {"event":"send_rate","rate":296000,"ts":1760729839.0667071}
2025/10/17 19:37:20 POLARIS_LOG {"event":"send_rate","rate":304000,"ts":1760729840.0709019}
2025/10/17 19:37:21 POLARIS_LOG {"event":"send_rate","rate":296000,"ts":1760729841.0684845}
2025/10/17 19:37:22 POLARIS_LOG {"event":"send_rate","rate":304000,"ts":1760729842.0673873}
2025/10/17 19:37:23 POLARIS_LOG {"event":"send_rate","rate":296000,"ts":1760729843.0769308}
2025/10/17 19:37:24 POLARIS_LOG {"event":"send_rate","rate":304000,"ts":1760729844.0679579}
2025/10/17 19:37:25 POLARIS_LOG {"event":"send_rate","rate":296000,"ts":1760729845.0686975}
2025/10/17 19:37:26 POLARIS_LOG {"event":"send_rate","rate":304000,"ts":1760729846.066603}
2025/10/17 19:37:27 POLARIS_LOG {"event":"send_rate","rate":296000,"ts":1760729847.0668554}
2025/10/17 19:37:28 POLARIS_LOG {"event":"send_rate","rate":304000,"ts":1760729848.0675352}
2025/10/17 19:37:29 POLARIS_LOG {"event":"send_rate","rate":304000,"ts":1760729849.0810957}
2025/10/17 19:37:30 POLARIS_LOG {"event":"send_rate","rate":296000,"ts":1760729850.0694897}
2025/10/17 19:37:31 POLARIS_LOG {"event":"send_rate","rate":296000,"ts":1760729851.0682862}
2025/10/17 19:37:32 POLARIS_LOG {"event":"send_rate","rate":304000,"ts":1760729852.0678158}
2025/10/17 19:37:33 POLARIS_LOG {"event":"send_rate","rate":296000,"ts":1760729853.0701544}
2025/10/17 19:37:34 POLARIS_LOG {"event":"send_rate","rate":304000,"ts":1760729854.0667863}
2025/10/17 19:37:35 POLARIS_LOG {"event":"send_rate","rate":296000,"ts":1760729855.0665789}
2025/10/17 19:37:36 POLARIS_LOG {"event":"send_rate","rate":304000,"ts":1760729856.0667558}
2025/10/17 19:37:37 POLARIS_LOG {"event":"send_rate","rate":296000,"ts":1760729857.0671055}
2025/10/17 19:37:38 POLARIS_LOG {"event":"send_rate","rate":304000,"ts":1760729858.0685406}
2025/10/17 19:37:39 POLARIS_LOG {"event":"send_rate","rate":296000,"ts":1760729859.069508}
2025/10/17 19:37:40 POLARIS_LOG {"event":"send_rate","rate":304000,"ts":1760729860.0687907}
2025/10/17 19:37:41 POLARIS_LOG {"event":"send_rate","rate":296000,"ts":1760729861.0712113}
2025/10/17 19:37:42 POLARIS_LOG {"event":"send_rate","rate":304000,"ts":1760729862.0710576}
2025/10/17 19:37:43 POLARIS_LOG {"event":"send_rate","rate":296000,"ts":1760729863.0716455}
2025/10/17 19:37:44 POLARIS_LOG {"event":"send_rate","rate":304000,"ts":1760729864.0666811}
2025/10/17 19:37:45 POLARIS_LOG {"event":"send_rate","rate":296000,"ts":1760729865.0670664}
2025/10/17 19:37:46 POLARIS_LOG {"event":"send_rate","rate":304000,"ts":1760729866.0668125}
2025/10/17 19:37:47 POLARIS_LOG {"event":"send_rate","rate":296000,"ts":1760729867.067571}
2025/10/17 19:37:48 POLARIS_LOG {"event":"send_rate","rate":304000,"ts":1760729868.0667615}
2025/10/17 19:37:49 POLARIS_LOG {"event":"send_rate","rate":296000,"ts":1760729869.0735166}
2025/10/17 19:37:50 POLARIS_LOG {"event":"send_rate","rate":304000,"ts":1760729870.0669565}
2025/10/17 19:37:51 POLARIS_LOG {"event":"send_rate","rate":296000,"ts":1760729871.0720308}
2025/10/17 19:37:52 POLARIS_LOG {"event":"send_rate","rate":304000,"ts":1760729872.069429}
2025/10/17 19:37:53 POLARIS_LOG {"event":"send_rate","rate":296000,"ts":1760729873.0675821}
2025/10/17 19:37:54 POLARIS_LOG {"event":"send_rate","rate":304000,"ts":1760729874.0688496}
2025/10/17 19:37:55 POLARIS_LOG {"event":"send_rate","rate":296000,"ts":1760729875.0673413}
2025/10/17 19:37:56 POLARIS_LOG {"event":"send_rate","rate":304000,"ts":1760729876.0682526}
2025/10/17 19:37:57 POLARIS_LOG {"event":"send_rate","rate":296000,"ts":1760729877.067506}
2025/10/17 19:37:58 POLARIS_LOG {"event":"send_rate","rate":304000,"ts":1760729878.0672493}
2025/10/17 19:37:59 POLARIS_LOG {"event":"send_rate","rate":296000,"ts":1760729879.066559}
2025/10/17 19:38:00 POLARIS_LOG {"event":"send_rate","rate":304000,"ts":1760729880.0673196}
2025/10/17 19:38:01 POLARIS_LOG {"event":"send_rate","rate":296000,"ts":1760729881.068828}
2025/10/17 19:38:02 POLARIS_LOG {"event":"send_rate","rate":304000,"ts":1760729882.069577}
2025/10/17 19:38:03 POLARIS_LOG {"event":"send_rate","rate":296000,"ts":1760729883.0672417}
2025/10/17 19:38:04 POLARIS_LOG {"event":"send_rate","rate":304000,"ts":1760729884.0678332}
2025/10/17 19:38:05 POLARIS_LOG {"event":"send_rate","rate":296000,"ts":1760729885.0810897}
2025/10/17 19:38:06 POLARIS_LOG {"event":"send_rate","rate":304000,"ts":1760729886.0715904}
2025/10/17 19:38:07 POLARIS_LOG {"event":"send_rate","rate":296000,"ts":1760729887.0687027}
2025/10/17 19:38:08 POLARIS_LOG {"event":"send_rate","rate":304000,"ts":1760729888.0668645}
2025/10/17 19:38:09 POLARIS_LOG {"event":"send_rate","rate":296000,"ts":1760729889.0686755}
2025/10/17 19:38:10 POLARIS_LOG {"event":"send_rate","rate":304000,"ts":1760729890.067415}
2025/10/17 19:38:11 POLARIS_LOG {"event":"send_rate","rate":296000,"ts":1760729891.0730422}
2025/10/17 19:38:12 POLARIS_LOG {"event":"send_rate","rate":304000,"ts":1760729892.0674467}
2025/10/17 19:38:13 POLARIS_LOG {"event":"send_rate","rate":296000,"ts":1760729893.0666423}
2025/10/17 19:38:14 POLARIS_LOG {"event":"send_rate","rate":304000,"ts":1760729894.0684323}
2025/10/17 19:38:15 POLARIS_LOG {"event":"send_rate","rate":296000,"ts":1760729895.0707457}
2025/10/17 19:38:16 POLARIS_LOG {"event":"send_rate","rate":304000,"ts":1760729896.0716822}
2025/10/17 19:38:17 POLARIS_LOG {"event":"send_rate","rate":296000,"ts":1760729897.0687509}
2025/10/17 19:38:18 POLARIS_LOG {"event":"send_rate","rate":304000,"ts":1760729898.0679326}
2025/10/17 19:38:19 POLARIS_LOG {"event":"send_rate","rate":296000,"ts":1760729899.0682414}
2025/10/17 19:38:20 POLARIS_LOG {"event":"send_rate","rate":304000,"ts":1760729900.0693793}
2025/10/17 19:38:21 POLARIS_LOG {"event":"send_rate","rate":296000,"ts":1760729901.067716}
2025/10/17 19:38:22 POLARIS_LOG {"event":"send_rate","rate":304000,"ts":1760729902.0674987}
2025/10/17 19:38:23 POLARIS_LOG {"event":"send_rate","rate":296000,"ts":1760729903.0685947}
2025/10/17 19:38:24 POLARIS_LOG {"event":"send_rate","rate":304000,"ts":1760729904.0666773}
2025/10/17 19:38:25 POLARIS_LOG {"event":"send_rate","rate":296000,"ts":1760729905.0671382}
2025/10/17 19:38:26 POLARIS_LOG {"event":"send_rate","rate":304000,"ts":1760729906.0667238}
2025/10/17 19:38:27 POLARIS_LOG {"event":"send_rate","rate":296000,"ts":1760729907.0700016}
2025/10/17 19:38:28 POLARIS_LOG {"event":"send_rate","rate":304000,"ts":1760729908.0672202}
2025/10/17 19:38:29 POLARIS_LOG {"event":"send_rate","rate":296000,"ts":1760729909.0714133}
2025/10/17 19:38:30 POLARIS_LOG {"event":"send_rate","rate":296000,"ts":1760729910.0709279}
2025/10/17 19:38:31 POLARIS_LOG {"event":"send_rate","rate":304000,"ts":1760729911.0677512}
2025/10/17 19:38:32 POLARIS_LOG {"event":"send_rate","rate":304000,"ts":1760729912.068089}
2025/10/17 19:38:33 POLARIS_LOG {"event":"send_rate","rate":296000,"ts":1760729913.0720186}
2025/10/17 19:38:34 POLARIS_LOG {"event":"send_rate","rate":304000,"ts":1760729914.066542}
2025/10/17 19:38:35 POLARIS_LOG {"event":"send_rate","rate":296000,"ts":1760729915.0670717}
2025/10/17 19:38:36 POLARIS_LOG {"event":"send_rate","rate":304000,"ts":1760729916.0673141}
2025/10/17 19:38:37 POLARIS_LOG {"event":"send_rate","rate":296000,"ts":1760729917.0672846}
2025/10/17 19:38:38 POLARIS_LOG {"event":"send_rate","rate":304000,"ts":1760729918.0670583}
2025/10/17 19:38:39 POLARIS_LOG {"event":"send_rate","rate":296000,"ts":1760729919.0666416}
2025/10/17 19:38:40 POLARIS_LOG {"event":"send_rate","rate":304000,"ts":1760729920.0673707}
2025/10/17 19:38:41 POLARIS_LOG {"event":"send_rate","rate":296000,"ts":1760729921.0728407}
2025/10/17 19:38:42 POLARIS_LOG {"event":"send_rate","rate":296000,"ts":1760729922.0684001}
2025/10/17 19:38:43 POLARIS_LOG {"event":"send_rate","rate":304000,"ts":1760729923.0675461}
2025/10/17 19:38:44 POLARIS_LOG {"event":"send_rate","rate":296000,"ts":1760729924.0680983}
2025/10/17 19:38:45 POLARIS_LOG {"event":"send_rate","rate":304000,"ts":1760729925.0749962}
2025/10/17 19:38:46 POLARIS_LOG {"event":"send_rate","rate":304000,"ts":1760729926.0677075}
2025/10/17 19:38:47 POLARIS_LOG {"event":"send_rate","rate":296000,"ts":1760729927.0685287}
2025/10/17 19:38:48 POLARIS_LOG {"event":"send_rate","rate":296000,"ts":1760729928.0696645}
2025/10/17 19:38:49 POLARIS_LOG {"event":"send_rate","rate":304000,"ts":1760729929.067771}
2025/10/17 19:38:50 POLARIS_LOG {"event":"send_rate","rate":304000,"ts":1760729930.0680072}
2025/10/17 19:38:51 POLARIS_LOG {"event":"send_rate","rate":296000,"ts":1760729931.0734553}
2025/10/17 19:38:52 POLARIS_LOG {"event":"send_rate","rate":304000,"ts":1760729932.0700328}
2025/10/17 19:38:53 POLARIS_LOG {"event":"send_rate","rate":296000,"ts":1760729933.0665505}
2025/10/17 19:38:54 POLARIS_LOG {"event":"send_rate","rate":312000,"ts":1760729934.1027818}
2025/10/17 19:38:55 POLARIS_LOG {"event":"send_rate","rate":288000,"ts":1760729935.07167}
2025/10/17 19:38:56 POLARIS_LOG {"event":"send_rate","rate":296000,"ts":1760729936.067321}
2025/10/17 19:38:57 POLARIS_LOG {"event":"send_rate","rate":304000,"ts":1760729937.0675027}
2025/10/17 19:38:58 POLARIS_LOG {"event":"send_rate","rate":304000,"ts":1760729938.070272}
2025/10/17 19:38:59 POLARIS_LOG {"event":"send_rate","rate":296000,"ts":1760729939.0666068}
2025/10/17 19:39:00 POLARIS_LOG {"event":"send_rate","rate":296000,"ts":1760729940.068256}
2025/10/17 19:39:01 POLARIS_LOG {"event":"send_rate","rate":304000,"ts":1760729941.0718327}
2025/10/17 19:39:02 POLARIS_LOG {"event":"send_rate","rate":296000,"ts":1760729942.0938363}
2025/10/17 19:39:03 POLARIS_LOG {"event":"send_rate","rate":304000,"ts":1760729943.0675883}
2025/10/17 19:39:04 POLARIS_LOG {"event":"send_rate","rate":296000,"ts":1760729944.0672987}
2025/10/17 19:39:05 POLARIS_LOG {"event":"send_rate","rate":304000,"ts":1760729945.067308}
2025/10/17 19:39:06 POLARIS_LOG {"event":"send_rate","rate":296000,"ts":1760729946.0688264}
2025/10/17 19:39:07 POLARIS_LOG {"event":"send_rate","rate":304000,"ts":1760729947.0674386}
2025/10/17 19:39:08 POLARIS_LOG {"event":"send_rate","rate":296000,"ts":1760729948.0674512}
2025/10/17 19:39:09 POLARIS_LOG {"event":"send_rate","rate":304000,"ts":1760729949.0680034}
2025/10/17 19:39:10 POLARIS_LOG {"event":"send_rate","rate":296000,"ts":1760729950.0675101}
2025/10/17 19:39:11 POLARIS_LOG {"event":"send_rate","rate":304000,"ts":1760729951.0668805}
2025/10/17 19:39:12 POLARIS_LOG {"event":"send_rate","rate":304000,"ts":1760729952.0725348}
2025/10/17 19:39:13 POLARIS_LOG {"event":"send_rate","rate":296000,"ts":1760729953.068263}
2025/10/17 19:39:14 POLARIS_LOG {"event":"send_rate","rate":296000,"ts":1760729954.067386}
2025/10/17 19:39:15 POLARIS_LOG {"event":"send_rate","rate":304000,"ts":1760729955.0676346}
2025/10/17 19:39:16 POLARIS_LOG {"event":"send_rate","rate":296000,"ts":1760729956.067363}
2025/10/17 19:39:17 POLARIS_LOG {"event":"send_rate","rate":304000,"ts":1760729957.069124}
2025/10/17 19:39:18 POLARIS_LOG {"event":"send_rate","rate":296000,"ts":1760729958.0785265}
2025/10/17 19:39:19 POLARIS_LOG {"event":"send_rate","rate":304000,"ts":1760729959.069772}
2025/10/17 19:39:20 POLARIS_LOG {"event":"send_rate","rate":296000,"ts":1760729960.0704498}
2025/10/17 19:39:21 POLARIS_LOG {"event":"send_rate","rate":304000,"ts":1760729961.0669816}
2025/10/17 19:39:22 POLARIS_LOG {"event":"send_rate","rate":296000,"ts":1760729962.0691042}
2025/10/17 19:39:23 POLARIS_LOG {"event":"send_rate","rate":304000,"ts":1760729963.0687606}
2025/10/17 19:39:24 POLARIS_LOG {"event":"send_rate","rate":296000,"ts":1760729964.0672488}
2025/10/17 19:39:25 POLARIS_LOG {"event":"send_rate","rate":304000,"ts":1760729965.0667229}
2025/10/17 19:39:26 POLARIS_LOG {"event":"send_rate","rate":296000,"ts":1760729966.0682402}
2025/10/17 19:39:27 POLARIS_LOG {"event":"send_rate","rate":304000,"ts":1760729967.0670788}
2025/10/17 19:39:28 POLARIS_LOG {"event":"send_rate","rate":312000,"ts":1760729968.1015575}
2025/10/17 19:39:29 POLARIS_LOG {"event":"send_rate","rate":288000,"ts":1760729969.0765347}
2025/10/17 19:39:30 POLARIS_LOG {"event":"send_rate","rate":296000,"ts":1760729970.0680542}
2025/10/17 19:39:31 POLARIS_LOG {"event":"send_rate","rate":304000,"ts":1760729971.066613}
2025/10/17 19:39:32 POLARIS_LOG {"event":"send_rate","rate":296000,"ts":1760729972.076079}
2025/10/17 19:39:33 POLARIS_LOG {"event":"send_rate","rate":304000,"ts":1760729973.0699625}
2025/10/17 19:39:34 POLARIS_LOG {"event":"send_rate","rate":304000,"ts":1760729974.0741537}
2025/10/17 19:39:35 POLARIS_LOG {"event":"send_rate","rate":296000,"ts":1760729975.066947}
2025/10/17 19:39:36 POLARIS_LOG {"event":"send_rate","rate":296000,"ts":1760729976.0685804}
2025/10/17 19:39:37 POLARIS_LOG {"event":"send_rate","rate":304000,"ts":1760729977.0692594}
2025/10/17 19:39:38 POLARIS_LOG {"event":"send_rate","rate":304000,"ts":1760729978.0750697}
2025/10/17 19:39:39 POLARIS_LOG {"event":"send_rate","rate":296000,"ts":1760729979.067486}
2025/10/17 19:39:40 POLARIS_LOG {"event":"send_rate","rate":296000,"ts":1760729980.068051}
2025/10/17 19:39:41 POLARIS_LOG {"event":"send_rate","rate":304000,"ts":1760729981.067235}
2025/10/17 19:39:42 POLARIS_LOG {"event":"send_rate","rate":296000,"ts":1760729982.0684674}
2025/10/17 19:39:43 POLARIS_LOG {"event":"send_rate","rate":304000,"ts":1760729983.0706673}
2025/10/17 19:39:44 POLARIS_LOG {"event":"send_rate","rate":312000,"ts":1760729984.1134973}
2025/10/17 19:39:45 POLARIS_LOG {"event":"send_rate","rate":288000,"ts":1760729985.0700731}
2025/10/17 19:39:46 POLARIS_LOG {"event":"send_rate","rate":296000,"ts":1760729986.067893}
2025/10/17 19:39:47 POLARIS_LOG {"event":"send_rate","rate":304000,"ts":1760729987.0669181}
2025/10/17 19:39:48 POLARIS_LOG {"event":"send_rate","rate":296000,"ts":1760729988.0666428}
2025/10/17 19:39:49 POLARIS_LOG {"event":"send_rate","rate":304000,"ts":1760729989.071695}
2025/10/17 19:39:50 POLARIS_LOG {"event":"send_rate","rate":296000,"ts":1760729990.069776}
2025/10/17 19:39:51 POLARIS_LOG {"event":"send_rate","rate":304000,"ts":1760729991.0676796}
2025/10/17 19:39:52 POLARIS_LOG {"event":"send_rate","rate":296000,"ts":1760729992.0676045}
2025/10/17 19:39:53 POLARIS_LOG {"event":"send_rate","rate":304000,"ts":1760729993.0798604}
2025/10/17 19:39:54 POLARIS_LOG {"event":"send_rate","rate":296000,"ts":1760729994.0679862}
2025/10/17 19:39:55 POLARIS_LOG {"event":"send_rate","rate":304000,"ts":1760729995.0667632}
2025/10/17 19:39:56 POLARIS_LOG {"event":"send_rate","rate":296000,"ts":1760729996.0674484}
2025/10/17 19:39:57 POLARIS_LOG {"event":"send_rate","rate":304000,"ts":1760729997.0676548}
2025/10/17 19:39:58 POLARIS_LOG {"event":"send_rate","rate":296000,"ts":1760729998.067991}
We need to sleep for 1 seconds before we can get the results
Drain Loop received packet
Drain Loop received non-nil payload
2025/10/17 19:39:59 POLARIS_LOG {"event":"send_rate","rate":8000,"ts":1760729999.0718935}
Client sent 10912 packets, server reported 10899 packets received
The network loss rate from client to server is 0.1%

S->C results
Attempted bandwidth: 0 bps / 0.00 Mbps
Achieved bandwidth: 0 bps / 0.00 Mbps
Loss rate: 0.0%
Interarrival time min/avg/max/mdev = -0.000/0.000/0.000/0.000 ms

C->S results
Attempted bandwidth: 299986 bps / 0.30 Mbps
Achieved bandwidth: 299628 bps / 0.30 Mbps
Loss rate: 0.1%
Interarrival time min/avg/max/mdev = 0.002/26.688/698.504/25.919 ms
