
Test parameters:
client->server: 261 seconds, 1000 bytes, 9787 packets
server->client: 261 seconds, 1000 bytes, 0 packets
Polaris prober initialized with 38 paths
2025/10/17 19:35:37 POLARIS_LOG {"current_rate":0,"event":"path_switch","new":"2 2 5 2","trigger":"initialization","ts":1760729737.2137299}
Polaris prober initialized with local 1-111,10.111.0.71:32725 and remote 1-113,10.113.0.71
2025/10/17 19:35:39 POLARIS_LOG {"event":"send_rate","rate":0,"ts":1760729739.2153876}
2025/10/17 19:35:40 POLARIS_LOG {"event":"send_rate","rate":192000,"ts":1760729740.2154233}
2025/10/17 19:35:41 POLARIS_LOG {"event":"send_rate","rate":296000,"ts":1760729741.2159357}
2025/10/17 19:35:42 POLARIS_LOG {"event":"send_rate","rate":304000,"ts":1760729742.2150443}
2025/10/17 19:35:43 POLARIS_LOG {"event":"send_rate","rate":296000,"ts":1760729743.214998}
2025/10/17 19:35:44 POLARIS_LOG {"event":"send_rate","rate":304000,"ts":1760729744.216001}
2025/10/17 19:35:45 POLARIS_LOG {"event":"send_rate","rate":296000,"ts":1760729745.2153883}
2025/10/17 19:35:46 POLARIS_LOG {"event":"send_rate","rate":304000,"ts":1760729746.2146096}
2025/10/17 19:35:47 POLARIS_LOG {"event":"send_rate","rate":296000,"ts":1760729747.2155964}
2025/10/17 19:35:48 POLARIS_LOG {"event":"send_rate","rate":304000,"ts":1760729748.2146266}
2025/10/17 19:35:49 POLARIS_LOG {"event":"send_rate","rate":272000,"ts":1760729749.2146544}
2025/10/17 19:35:50 POLARIS_LOG {"event":"send_rate","rate":168000,"ts":1760729750.2154133}
2025/10/17 19:35:51 POLARIS_LOG {"event":"send_rate","rate":224000,"ts":1760729751.215573}
2025/10/17 19:35:52 POLARIS_LOG {"event":"send_rate","rate":264000,"ts":1760729752.2152374}
2025/10/17 19:35:53 POLARIS_LOG {"event":"send_rate","rate":208000,"ts":1760729753.2163217}
2025/10/17 19:35:54 POLARIS_LOG {"event":"send_rate","rate":248000,"ts":1760729754.2151506}
2025/10/17 19:35:55 POLARIS_LOG {"event":"send_rate","rate":360000,"ts":1760729755.2188153}
2025/10/17 19:35:56 POLARIS_LOG {"event":"send_rate","rate":320000,"ts":1760729756.2162333}
2025/10/17 19:35:57 POLARIS_LOG {"event":"send_rate","rate":192000,"ts":1760729757.2162464}
2025/10/17 19:35:58 POLARIS_LOG {"event":"send_rate","rate":232000,"ts":1760729758.2146873}
2025/10/17 19:35:59 POLARIS_LOG {"event":"send_rate","rate":376000,"ts":1760729759.2152903}
2025/10/17 19:36:00 POLARIS_LOG {"event":"send_rate","rate":176000,"ts":1760729760.2149868}
2025/10/17 19:36:01 POLARIS_LOG {"event":"send_rate","rate":264000,"ts":1760729761.2354946}
2025/10/17 19:36:02 POLARIS_LOG {"event":"send_rate","rate":248000,"ts":1760729762.2147932}
2025/10/17 19:36:03 POLARIS_LOG {"event":"send_rate","rate":216000,"ts":1760729763.2182965}
2025/10/17 19:36:04 POLARIS_LOG {"event":"send_rate","rate":256000,"ts":1760729764.2147124}
2025/10/17 19:36:05 POLARIS_LOG {"event":"send_rate","rate":312000,"ts":1760729765.2148082}
2025/10/17 19:36:06 POLARIS_LOG {"event":"send_rate","rate":352000,"ts":1760729766.2265458}
2025/10/17 19:36:07 POLARIS_LOG {"event":"send_rate","rate":376000,"ts":1760729767.227318}
2025/10/17 19:36:08 POLARIS_LOG {"event":"send_rate","rate":392000,"ts":1760729768.2155254}
2025/10/17 19:36:09 POLARIS_LOG {"event":"send_rate","rate":368000,"ts":1760729769.215419}
2025/10/17 19:36:10 POLARIS_LOG {"event":"send_rate","rate":520000,"ts":1760729770.215575}
2025/10/17 19:36:11 POLARIS_LOG {"event":"send_rate","rate":552000,"ts":1760729771.2179484}
2025/10/17 19:36:12 POLARIS_LOG {"event":"send_rate","rate":304000,"ts":1760729772.2190938}
2025/10/17 19:36:13 POLARIS_LOG {"event":"send_rate","rate":296000,"ts":1760729773.2246597}
2025/10/17 19:36:14 POLARIS_LOG {"event":"send_rate","rate":304000,"ts":1760729774.2174199}
2025/10/17 19:36:15 POLARIS_LOG {"event":"send_rate","rate":296000,"ts":1760729775.2156317}
2025/10/17 19:36:16 POLARIS_LOG {"event":"send_rate","rate":296000,"ts":1760729776.2155612}
2025/10/17 19:36:17 POLARIS_LOG {"event":"send_rate","rate":304000,"ts":1760729777.2154343}
2025/10/17 19:36:18 POLARIS_LOG {"event":"send_rate","rate":296000,"ts":1760729778.2147038}
2025/10/17 19:36:19 POLARIS_LOG {"event":"send_rate","rate":304000,"ts":1760729779.2151864}
2025/10/17 19:36:20 POLARIS_LOG {"event":"send_rate","rate":296000,"ts":1760729780.2160418}
2025/10/17 19:36:21 POLARIS_LOG {"event":"send_rate","rate":304000,"ts":1760729781.2226255}
2025/10/17 19:36:22 POLARIS_LOG {"event":"send_rate","rate":296000,"ts":1760729782.2182705}
2025/10/17 19:36:23 POLARIS_LOG {"event":"send_rate","rate":304000,"ts":1760729783.2173927}
2025/10/17 19:36:24 POLARIS_LOG {"event":"send_rate","rate":296000,"ts":1760729784.2158582}
2025/10/17 19:36:25 POLARIS_LOG {"event":"send_rate","rate":304000,"ts":1760729785.2160091}
2025/10/17 19:36:26 POLARIS_LOG {"event":"send_rate","rate":296000,"ts":1760729786.2171388}
2025/10/17 19:36:27 POLARIS_LOG {"event":"send_rate","rate":304000,"ts":1760729787.2154734}
2025/10/17 19:36:28 POLARIS_LOG {"event":"send_rate","rate":296000,"ts":1760729788.2150035}
2025/10/17 19:36:29 POLARIS_LOG {"event":"send_rate","rate":304000,"ts":1760729789.2149613}
2025/10/17 19:36:30 POLARIS_LOG {"event":"send_rate","rate":296000,"ts":1760729790.2170987}
2025/10/17 19:36:31 POLARIS_LOG {"event":"send_rate","rate":304000,"ts":1760729791.2166667}
2025/10/17 19:36:32 POLARIS_LOG {"event":"send_rate","rate":296000,"ts":1760729792.2184238}
2025/10/17 19:36:33 POLARIS_LOG {"event":"send_rate","rate":304000,"ts":1760729793.2327225}
2025/10/17 19:36:34 POLARIS_LOG {"event":"send_rate","rate":296000,"ts":1760729794.223319}
2025/10/17 19:36:35 POLARIS_LOG {"event":"send_rate","rate":304000,"ts":1760729795.2152448}
2025/10/17 19:36:36 POLARIS_LOG {"event":"send_rate","rate":296000,"ts":1760729796.2193255}
2025/10/17 19:36:37 POLARIS_LOG {"event":"send_rate","rate":304000,"ts":1760729797.2171128}
2025/10/17 19:36:38 POLARIS_LOG {"event":"send_rate","rate":304000,"ts":1760729798.2256482}
2025/10/17 19:36:39 POLARIS_LOG {"event":"send_rate","rate":288000,"ts":1760729799.2148764}
2025/10/17 19:36:40 POLARIS_LOG {"event":"send_rate","rate":304000,"ts":1760729800.217963}
2025/10/17 19:36:41 POLARIS_LOG {"event":"send_rate","rate":312000,"ts":1760729801.257905}
2025/10/17 19:36:42 POLARIS_LOG {"event":"send_rate","rate":288000,"ts":1760729802.2164302}
2025/10/17 19:36:43 POLARIS_LOG {"event":"send_rate","rate":304000,"ts":1760729803.2164109}
2025/10/17 19:36:44 POLARIS_LOG {"event":"send_rate","rate":296000,"ts":1760729804.220276}
2025/10/17 19:36:45 POLARIS_LOG {"event":"send_rate","rate":304000,"ts":1760729805.2250118}
2025/10/17 19:36:46 POLARIS_LOG {"event":"send_rate","rate":296000,"ts":1760729806.2222755}
2025/10/17 19:36:47 POLARIS_LOG {"event":"send_rate","rate":304000,"ts":1760729807.2251368}
2025/10/17 19:36:48 POLARIS_LOG {"event":"send_rate","rate":296000,"ts":1760729808.2152984}
2025/10/17 19:36:49 POLARIS_LOG {"event":"send_rate","rate":304000,"ts":1760729809.2175677}
2025/10/17 19:36:50 POLARIS_LOG {"event":"send_rate","rate":296000,"ts":1760729810.21539}
2025/10/17 19:36:51 POLARIS_LOG {"event":"send_rate","rate":304000,"ts":1760729811.214585}
2025/10/17 19:36:52 POLARIS_LOG {"event":"send_rate","rate":296000,"ts":1760729812.2176356}
2025/10/17 19:36:53 POLARIS_LOG {"event":"send_rate","rate":304000,"ts":1760729813.2148073}
2025/10/17 19:36:54 POLARIS_LOG {"event":"send_rate","rate":296000,"ts":1760729814.2159607}
2025/10/17 19:36:55 POLARIS_LOG {"event":"send_rate","rate":304000,"ts":1760729815.215346}
2025/10/17 19:36:56 POLARIS_LOG {"event":"send_rate","rate":296000,"ts":1760729816.2189205}
2025/10/17 19:36:57 POLARIS_LOG {"event":"send_rate","rate":304000,"ts":1760729817.2154317}
2025/10/17 19:36:58 POLARIS_LOG {"event":"send_rate","rate":296000,"ts":1760729818.2154183}
2025/10/17 19:36:59 POLARIS_LOG {"event":"send_rate","rate":296000,"ts":1760729819.2291172}
2025/10/17 19:37:00 POLARIS_LOG {"event":"send_rate","rate":304000,"ts":1760729820.2579958}
2025/10/17 19:37:01 POLARIS_LOG {"event":"send_rate","rate":304000,"ts":1760729821.215285}
2025/10/17 19:37:02 POLARIS_LOG {"event":"send_rate","rate":296000,"ts":1760729822.2178528}
2025/10/17 19:37:03 POLARIS_LOG {"event":"send_rate","rate":304000,"ts":1760729823.2148898}
2025/10/17 19:37:04 POLARIS_LOG {"event":"send_rate","rate":296000,"ts":1760729824.2152727}
2025/10/17 19:37:05 POLARIS_LOG {"event":"send_rate","rate":312000,"ts":1760729825.247147}
2025/10/17 19:37:06 POLARIS_LOG {"event":"send_rate","rate":296000,"ts":1760729826.2332025}
2025/10/17 19:37:07 POLARIS_LOG {"event":"send_rate","rate":296000,"ts":1760729827.2155035}
2025/10/17 19:37:08 POLARIS_LOG {"event":"send_rate","rate":296000,"ts":1760729828.2160351}
2025/10/17 19:37:09 POLARIS_LOG {"event":"send_rate","rate":304000,"ts":1760729829.2155395}
2025/10/17 19:37:10 POLARIS_LOG {"event":"send_rate","rate":296000,"ts":1760729830.2161212}
2025/10/17 19:37:11 POLARIS_LOG {"event":"send_rate","rate":304000,"ts":1760729831.2172093}
2025/10/17 19:37:12 POLARIS_LOG {"event":"send_rate","rate":296000,"ts":1760729832.214944}
2025/10/17 19:37:13 POLARIS_LOG {"event":"send_rate","rate":304000,"ts":1760729833.216241}
2025/10/17 19:37:14 POLARIS_LOG {"event":"send_rate","rate":296000,"ts":1760729834.2153106}
2025/10/17 19:37:15 POLARIS_LOG {"event":"send_rate","rate":304000,"ts":1760729835.2164848}
2025/10/17 19:37:16 POLARIS_LOG {"event":"send_rate","rate":296000,"ts":1760729836.2189882}
2025/10/17 19:37:17 POLARIS_LOG {"event":"send_rate","rate":304000,"ts":1760729837.216062}
2025/10/17 19:37:18 POLARIS_LOG {"event":"send_rate","rate":296000,"ts":1760729838.2158718}
2025/10/17 19:37:19 POLARIS_LOG {"event":"send_rate","rate":296000,"ts":1760729839.2155185}
2025/10/17 19:37:20 POLARIS_LOG {"event":"send_rate","rate":296000,"ts":1760729840.2153442}
2025/10/17 19:37:21 POLARIS_LOG {"event":"send_rate","rate":304000,"ts":1760729841.2154386}
2025/10/17 19:37:22 POLARIS_LOG {"event":"send_rate","rate":304000,"ts":1760729842.216089}
2025/10/17 19:37:23 POLARIS_LOG {"event":"send_rate","rate":304000,"ts":1760729843.2152884}
2025/10/17 19:37:24 POLARIS_LOG {"event":"send_rate","rate":296000,"ts":1760729844.215564}
2025/10/17 19:37:25 POLARIS_LOG {"event":"send_rate","rate":304000,"ts":1760729845.2191694}
2025/10/17 19:37:26 POLARIS_LOG {"event":"send_rate","rate":296000,"ts":1760729846.2186084}
2025/10/17 19:37:27 POLARIS_LOG {"event":"send_rate","rate":304000,"ts":1760729847.215673}
2025/10/17 19:37:28 POLARIS_LOG {"event":"send_rate","rate":296000,"ts":1760729848.2228706}
2025/10/17 19:37:29 POLARIS_LOG {"event":"send_rate","rate":304000,"ts":1760729849.2154396}
2025/10/17 19:37:30 POLARIS_LOG {"event":"send_rate","rate":296000,"ts":1760729850.2201037}
2025/10/17 19:37:31 POLARIS_LOG {"event":"send_rate","rate":296000,"ts":1760729851.2148578}
2025/10/17 19:37:32 POLARIS_LOG {"event":"send_rate","rate":304000,"ts":1760729852.2175732}
2025/10/17 19:37:33 POLARIS_LOG {"event":"send_rate","rate":296000,"ts":1760729853.2158222}
2025/10/17 19:37:34 POLARIS_LOG {"event":"send_rate","rate":304000,"ts":1760729854.2160332}
2025/10/17 19:37:35 POLARIS_LOG {"event":"send_rate","rate":296000,"ts":1760729855.2153568}
2025/10/17 19:37:36 POLARIS_LOG {"event":"send_rate","rate":304000,"ts":1760729856.2158878}
2025/10/17 19:37:37 POLARIS_LOG {"event":"send_rate","rate":296000,"ts":1760729857.2145946}
2025/10/17 19:37:38 POLARIS_LOG {"event":"send_rate","rate":304000,"ts":1760729858.2173622}
2025/10/17 19:37:39 POLARIS_LOG {"event":"send_rate","rate":296000,"ts":1760729859.215411}
2025/10/17 19:37:40 POLARIS_LOG {"event":"send_rate","rate":304000,"ts":1760729860.223732}
2025/10/17 19:37:41 POLARIS_LOG {"event":"send_rate","rate":304000,"ts":1760729861.2174973}
2025/10/17 19:37:42 POLARIS_LOG {"event":"send_rate","rate":296000,"ts":1760729862.220783}
2025/10/17 19:37:43 POLARIS_LOG {"event":"send_rate","rate":296000,"ts":1760729863.2150965}
2025/10/17 19:37:44 POLARIS_LOG {"event":"send_rate","rate":304000,"ts":1760729864.2157507}
2025/10/17 19:37:45 POLARIS_LOG {"event":"send_rate","rate":296000,"ts":1760729865.2167313}
2025/10/17 19:37:46 POLARIS_LOG {"event":"send_rate","rate":304000,"ts":1760729866.2146533}
2025/10/17 19:37:47 POLARIS_LOG {"event":"send_rate","rate":296000,"ts":1760729867.2146592}
2025/10/17 19:37:48 POLARIS_LOG {"event":"send_rate","rate":304000,"ts":1760729868.2149851}
2025/10/17 19:37:49 POLARIS_LOG {"event":"send_rate","rate":296000,"ts":1760729869.2160747}
2025/10/17 19:37:50 POLARIS_LOG {"event":"send_rate","rate":304000,"ts":1760729870.2150445}
2025/10/17 19:37:51 POLARIS_LOG {"event":"send_rate","rate":296000,"ts":1760729871.2168767}
2025/10/17 19:37:52 POLARIS_LOG {"event":"send_rate","rate":304000,"ts":1760729872.220928}
2025/10/17 19:37:53 POLARIS_LOG {"event":"send_rate","rate":296000,"ts":1760729873.214969}
2025/10/17 19:37:54 POLARIS_LOG {"event":"send_rate","rate":304000,"ts":1760729874.2161083}
2025/10/17 19:37:55 POLARIS_LOG {"event":"send_rate","rate":296000,"ts":1760729875.2150664}
2025/10/17 19:37:56 POLARIS_LOG {"event":"send_rate","rate":304000,"ts":1760729876.2150955}
2025/10/17 19:37:57 POLARIS_LOG {"event":"send_rate","rate":296000,"ts":1760729877.2152326}
2025/10/17 19:37:58 POLARIS_LOG {"event":"send_rate","rate":304000,"ts":1760729878.2151122}
2025/10/17 19:37:59 POLARIS_LOG {"event":"send_rate","rate":296000,"ts":1760729879.2166185}
2025/10/17 19:38:00 POLARIS_LOG {"event":"send_rate","rate":304000,"ts":1760729880.2153137}
2025/10/17 19:38:01 POLARIS_LOG {"event":"send_rate","rate":296000,"ts":1760729881.2161934}
2025/10/17 19:38:02 POLARIS_LOG {"event":"send_rate","rate":304000,"ts":1760729882.2165143}
2025/10/17 19:38:03 POLARIS_LOG {"event":"send_rate","rate":296000,"ts":1760729883.21642}
2025/10/17 19:38:04 POLARIS_LOG {"event":"send_rate","rate":304000,"ts":1760729884.2254617}
2025/10/17 19:38:05 POLARIS_LOG {"event":"send_rate","rate":296000,"ts":1760729885.226733}
2025/10/17 19:38:06 POLARIS_LOG {"event":"send_rate","rate":304000,"ts":1760729886.2152858}
2025/10/17 19:38:07 POLARIS_LOG {"event":"send_rate","rate":296000,"ts":1760729887.2149801}
2025/10/17 19:38:08 POLARIS_LOG {"event":"send_rate","rate":304000,"ts":1760729888.2174046}
2025/10/17 19:38:09 POLARIS_LOG {"event":"send_rate","rate":296000,"ts":1760729889.2152762}
2025/10/17 19:38:10 POLARIS_LOG {"event":"send_rate","rate":304000,"ts":1760729890.2186017}
2025/10/17 19:38:11 POLARIS_LOG {"event":"send_rate","rate":296000,"ts":1760729891.215938}
2025/10/17 19:38:12 POLARIS_LOG {"event":"send_rate","rate":304000,"ts":1760729892.2158167}
2025/10/17 19:38:13 POLARIS_LOG {"event":"send_rate","rate":296000,"ts":1760729893.21537}
2025/10/17 19:38:14 POLARIS_LOG {"event":"send_rate","rate":304000,"ts":1760729894.2156692}
2025/10/17 19:38:15 POLARIS_LOG {"event":"send_rate","rate":296000,"ts":1760729895.221104}
2025/10/17 19:38:16 POLARIS_LOG {"event":"send_rate","rate":304000,"ts":1760729896.2146468}
2025/10/17 19:38:17 POLARIS_LOG {"event":"send_rate","rate":296000,"ts":1760729897.215334}
2025/10/17 19:38:18 POLARIS_LOG {"event":"send_rate","rate":304000,"ts":1760729898.2148824}
2025/10/17 19:38:19 POLARIS_LOG {"event":"send_rate","rate":296000,"ts":1760729899.215265}
2025/10/17 19:38:20 POLARIS_LOG {"event":"send_rate","rate":304000,"ts":1760729900.2147617}
2025/10/17 19:38:21 POLARIS_LOG {"event":"send_rate","rate":304000,"ts":1760729901.239321}
2025/10/17 19:38:22 POLARIS_LOG {"event":"send_rate","rate":296000,"ts":1760729902.2170105}
2025/10/17 19:38:23 POLARIS_LOG {"event":"send_rate","rate":304000,"ts":1760729903.2275848}
2025/10/17 19:38:24 POLARIS_LOG {"event":"send_rate","rate":296000,"ts":1760729904.2174585}
2025/10/17 19:38:25 POLARIS_LOG {"event":"send_rate","rate":288000,"ts":1760729905.3591673}
2025/10/17 19:38:26 POLARIS_LOG {"event":"send_rate","rate":312000,"ts":1760729906.2153726}
2025/10/17 19:38:27 POLARIS_LOG {"event":"send_rate","rate":296000,"ts":1760729907.2214026}
2025/10/17 19:38:28 POLARIS_LOG {"event":"send_rate","rate":304000,"ts":1760729908.2152863}
2025/10/17 19:38:29 POLARIS_LOG {"event":"send_rate","rate":296000,"ts":1760729909.2238739}
2025/10/17 19:38:30 POLARIS_LOG {"event":"send_rate","rate":304000,"ts":1760729910.231047}
2025/10/17 19:38:31 POLARIS_LOG {"event":"send_rate","rate":296000,"ts":1760729911.215}
2025/10/17 19:38:32 POLARIS_LOG {"event":"send_rate","rate":304000,"ts":1760729912.215798}
2025/10/17 19:38:33 POLARIS_LOG {"event":"send_rate","rate":296000,"ts":1760729913.215508}
2025/10/17 19:38:34 POLARIS_LOG {"event":"send_rate","rate":304000,"ts":1760729914.2152748}
2025/10/17 19:38:35 POLARIS_LOG {"event":"send_rate","rate":296000,"ts":1760729915.225129}
2025/10/17 19:38:36 POLARIS_LOG {"event":"send_rate","rate":304000,"ts":1760729916.2153323}
2025/10/17 19:38:37 POLARIS_LOG {"event":"send_rate","rate":304000,"ts":1760729917.2306535}
2025/10/17 19:38:38 POLARIS_LOG {"event":"send_rate","rate":296000,"ts":1760729918.2146103}
2025/10/17 19:38:39 POLARIS_LOG {"event":"send_rate","rate":296000,"ts":1760729919.215394}
2025/10/17 19:38:40 POLARIS_LOG {"event":"send_rate","rate":304000,"ts":1760729920.2182891}
2025/10/17 19:38:41 POLARIS_LOG {"event":"send_rate","rate":296000,"ts":1760729921.2177868}
2025/10/17 19:38:42 POLARIS_LOG {"event":"send_rate","rate":304000,"ts":1760729922.2185242}
2025/10/17 19:38:43 POLARIS_LOG {"event":"send_rate","rate":296000,"ts":1760729923.215713}
2025/10/17 19:38:44 POLARIS_LOG {"event":"send_rate","rate":304000,"ts":1760729924.2145863}
2025/10/17 19:38:45 POLARIS_LOG {"event":"send_rate","rate":296000,"ts":1760729925.2150245}
2025/10/17 19:38:46 POLARIS_LOG {"event":"send_rate","rate":304000,"ts":1760729926.2149856}
2025/10/17 19:38:47 POLARIS_LOG {"event":"send_rate","rate":296000,"ts":1760729927.2210913}
2025/10/17 19:38:48 POLARIS_LOG {"event":"send_rate","rate":304000,"ts":1760729928.2155137}
2025/10/17 19:38:49 POLARIS_LOG {"event":"send_rate","rate":296000,"ts":1760729929.2146208}
2025/10/17 19:38:50 POLARIS_LOG {"event":"send_rate","rate":296000,"ts":1760729930.2148273}
2025/10/17 19:38:51 POLARIS_LOG {"event":"send_rate","rate":304000,"ts":1760729931.21499}
2025/10/17 19:38:52 POLARIS_LOG {"event":"send_rate","rate":304000,"ts":1760729932.2168527}
2025/10/17 19:38:53 POLARIS_LOG {"event":"send_rate","rate":296000,"ts":1760729933.216355}
2025/10/17 19:38:54 POLARIS_LOG {"event":"send_rate","rate":296000,"ts":1760729934.2173276}
2025/10/17 19:38:55 POLARIS_LOG {"event":"send_rate","rate":304000,"ts":1760729935.2155373}
2025/10/17 19:38:56 POLARIS_LOG {"event":"send_rate","rate":304000,"ts":1760729936.218312}
2025/10/17 19:38:57 POLARIS_LOG {"event":"send_rate","rate":296000,"ts":1760729937.2256703}
2025/10/17 19:38:58 POLARIS_LOG {"event":"send_rate","rate":296000,"ts":1760729938.214813}
2025/10/17 19:38:59 POLARIS_LOG {"event":"send_rate","rate":304000,"ts":1760729939.2147381}
2025/10/17 19:39:00 POLARIS_LOG {"event":"send_rate","rate":304000,"ts":1760729940.2161193}
2025/10/17 19:39:01 POLARIS_LOG {"event":"send_rate","rate":296000,"ts":1760729941.2171314}
2025/10/17 19:39:02 POLARIS_LOG {"event":"send_rate","rate":296000,"ts":1760729942.2151415}
2025/10/17 19:39:03 POLARIS_LOG {"event":"send_rate","rate":304000,"ts":1760729943.215122}
2025/10/17 19:39:04 POLARIS_LOG {"event":"send_rate","rate":296000,"ts":1760729944.2160604}
2025/10/17 19:39:05 POLARIS_LOG {"event":"send_rate","rate":304000,"ts":1760729945.2153702}
2025/10/17 19:39:06 POLARIS_LOG {"event":"send_rate","rate":296000,"ts":1760729946.2165082}
2025/10/17 19:39:07 POLARIS_LOG {"event":"send_rate","rate":304000,"ts":1760729947.2162158}
2025/10/17 19:39:08 POLARIS_LOG {"event":"send_rate","rate":296000,"ts":1760729948.2155046}
2025/10/17 19:39:09 POLARIS_LOG {"event":"send_rate","rate":304000,"ts":1760729949.2153075}
2025/10/17 19:39:10 POLARIS_LOG {"event":"send_rate","rate":296000,"ts":1760729950.2149773}
2025/10/17 19:39:11 POLARIS_LOG {"event":"send_rate","rate":304000,"ts":1760729951.2209542}
2025/10/17 19:39:12 POLARIS_LOG {"event":"send_rate","rate":296000,"ts":1760729952.232306}
2025/10/17 19:39:13 POLARIS_LOG {"event":"send_rate","rate":304000,"ts":1760729953.2148247}
2025/10/17 19:39:14 POLARIS_LOG {"event":"send_rate","rate":296000,"ts":1760729954.2155511}
2025/10/17 19:39:15 POLARIS_LOG {"event":"send_rate","rate":304000,"ts":1760729955.2206247}
2025/10/17 19:39:16 POLARIS_LOG {"event":"send_rate","rate":296000,"ts":1760729956.2155983}
2025/10/17 19:39:17 POLARIS_LOG {"event":"send_rate","rate":304000,"ts":1760729957.2149775}
2025/10/17 19:39:18 POLARIS_LOG {"event":"send_rate","rate":296000,"ts":1760729958.2149515}
2025/10/17 19:39:19 POLARIS_LOG {"event":"send_rate","rate":304000,"ts":1760729959.2216501}
2025/10/17 19:39:20 POLARIS_LOG {"event":"send_rate","rate":296000,"ts":1760729960.2165363}
2025/10/17 19:39:21 POLARIS_LOG {"event":"send_rate","rate":304000,"ts":1760729961.2150183}
2025/10/17 19:39:22 POLARIS_LOG {"event":"send_rate","rate":296000,"ts":1760729962.2173743}
2025/10/17 19:39:23 POLARIS_LOG {"event":"send_rate","rate":296000,"ts":1760729963.2174947}
2025/10/17 19:39:24 POLARIS_LOG {"event":"send_rate","rate":312000,"ts":1760729964.2338042}
2025/10/17 19:39:25 POLARIS_LOG {"event":"send_rate","rate":296000,"ts":1760729965.218004}
2025/10/17 19:39:26 POLARIS_LOG {"event":"send_rate","rate":296000,"ts":1760729966.214612}
2025/10/17 19:39:27 POLARIS_LOG {"event":"send_rate","rate":304000,"ts":1760729967.2155514}
2025/10/17 19:39:28 POLARIS_LOG {"event":"send_rate","rate":296000,"ts":1760729968.2155876}
2025/10/17 19:39:29 POLARIS_LOG {"event":"send_rate","rate":304000,"ts":1760729969.2153366}
2025/10/17 19:39:30 POLARIS_LOG {"event":"send_rate","rate":296000,"ts":1760729970.2153397}
2025/10/17 19:39:31 POLARIS_LOG {"event":"send_rate","rate":304000,"ts":1760729971.2170346}
2025/10/17 19:39:32 POLARIS_LOG {"event":"send_rate","rate":296000,"ts":1760729972.2156239}
2025/10/17 19:39:33 POLARIS_LOG {"event":"send_rate","rate":304000,"ts":1760729973.2171235}
2025/10/17 19:39:34 POLARIS_LOG {"event":"send_rate","rate":304000,"ts":1760729974.2312808}
2025/10/17 19:39:35 POLARIS_LOG {"event":"send_rate","rate":296000,"ts":1760729975.2150564}
2025/10/17 19:39:36 POLARIS_LOG {"event":"send_rate","rate":296000,"ts":1760729976.2166383}
2025/10/17 19:39:37 POLARIS_LOG {"event":"send_rate","rate":304000,"ts":1760729977.2148862}
2025/10/17 19:39:38 POLARIS_LOG {"event":"send_rate","rate":296000,"ts":1760729978.2157385}
2025/10/17 19:39:39 POLARIS_LOG {"event":"send_rate","rate":304000,"ts":1760729979.234191}
2025/10/17 19:39:40 POLARIS_LOG {"event":"send_rate","rate":296000,"ts":1760729980.2162125}
2025/10/17 19:39:41 POLARIS_LOG {"event":"send_rate","rate":304000,"ts":1760729981.2163076}
2025/10/17 19:39:42 POLARIS_LOG {"event":"send_rate","rate":296000,"ts":1760729982.2152085}
2025/10/17 19:39:43 POLARIS_LOG {"event":"send_rate","rate":304000,"ts":1760729983.216881}
2025/10/17 19:39:44 POLARIS_LOG {"event":"send_rate","rate":296000,"ts":1760729984.2162478}
2025/10/17 19:39:45 POLARIS_LOG {"event":"send_rate","rate":304000,"ts":1760729985.217364}
2025/10/17 19:39:46 POLARIS_LOG {"event":"send_rate","rate":296000,"ts":1760729986.2157624}
2025/10/17 19:39:47 POLARIS_LOG {"event":"send_rate","rate":304000,"ts":1760729987.2158773}
2025/10/17 19:39:48 POLARIS_LOG {"event":"send_rate","rate":296000,"ts":1760729988.2151015}
2025/10/17 19:39:49 POLARIS_LOG {"event":"send_rate","rate":312000,"ts":1760729989.2593017}
2025/10/17 19:39:50 POLARIS_LOG {"event":"send_rate","rate":288000,"ts":1760729990.2296987}
2025/10/17 19:39:51 POLARIS_LOG {"event":"send_rate","rate":304000,"ts":1760729991.217376}
2025/10/17 19:39:52 POLARIS_LOG {"event":"send_rate","rate":296000,"ts":1760729992.2167816}
2025/10/17 19:39:53 POLARIS_LOG {"event":"send_rate","rate":304000,"ts":1760729993.2281272}
2025/10/17 19:39:54 POLARIS_LOG {"event":"send_rate","rate":288000,"ts":1760729994.2220182}
2025/10/17 19:39:55 POLARIS_LOG {"event":"send_rate","rate":304000,"ts":1760729995.2499359}
2025/10/17 19:39:56 POLARIS_LOG {"event":"send_rate","rate":304000,"ts":1760729996.2155178}
2025/10/17 19:39:57 POLARIS_LOG {"event":"send_rate","rate":304000,"ts":1760729997.2156208}
2025/10/17 19:39:58 POLARIS_LOG {"event":"send_rate","rate":296000,"ts":1760729998.217404}
2025/10/17 19:39:59 POLARIS_LOG {"event":"send_rate","rate":304000,"ts":1760729999.2153404}
2025/10/17 19:40:00 POLARIS_LOG {"event":"send_rate","rate":296000,"ts":1760730000.215577}
Drain Loop received packet
Drain Loop received non-nil payload
Client sent 9787 packets, server reported 9759 packets received
The network loss rate from client to server is 0.3%

S->C results
Attempted bandwidth: 0 bps / 0.00 Mbps
Achieved bandwidth: 0 bps / 0.00 Mbps
Loss rate: 0.0%
Interarrival time min/avg/max/mdev = -0.000/0.000/0.000/0.000 ms

C->S results
Attempted bandwidth: 299984 bps / 0.30 Mbps
Achieved bandwidth: 299126 bps / 0.30 Mbps
Loss rate: 0.3%
Interarrival time min/avg/max/mdev = 0.002/26.616/371.222/18.564 ms
