
Test parameters:
client->server: 267 seconds, 1000 bytes, 10012 packets
server->client: 267 seconds, 1000 bytes, 0 packets
2025/10/17 19:47:45 POLARIS_LOG {"current_rate":0,"event":"path_switch","new":"2 2 5 2","trigger":"initialization","ts":1760730465.3846724}
Polaris prober initialized with 38 paths
Polaris prober initialized with local 1-111,10.111.0.71:32730 and remote 1-113,10.113.0.71
2025/10/17 19:47:47 POLARIS_LOG {"event":"send_rate","rate":0,"ts":1760730467.3853865}
2025/10/17 19:47:48 POLARIS_LOG {"event":"send_rate","rate":128000,"ts":1760730468.385694}
2025/10/17 19:47:49 POLARIS_LOG {"event":"send_rate","rate":304000,"ts":1760730469.3858492}
2025/10/17 19:47:50 POLARIS_LOG {"event":"send_rate","rate":304000,"ts":1760730470.3921092}
2025/10/17 19:47:51 POLARIS_LOG {"event":"send_rate","rate":296000,"ts":1760730471.3866158}
2025/10/17 19:47:52 POLARIS_LOG {"event":"send_rate","rate":296000,"ts":1760730472.3853922}
2025/10/17 19:47:53 POLARIS_LOG {"event":"send_rate","rate":304000,"ts":1760730473.3930476}
2025/10/17 19:47:54 POLARIS_LOG {"event":"send_rate","rate":296000,"ts":1760730474.3858173}
2025/10/17 19:47:55 POLARIS_LOG {"event":"send_rate","rate":304000,"ts":1760730475.385219}
2025/10/17 19:47:56 POLARIS_LOG {"event":"send_rate","rate":296000,"ts":1760730476.385996}
2025/10/17 19:47:57 POLARIS_LOG {"event":"send_rate","rate":304000,"ts":1760730477.3884144}
2025/10/17 19:47:58 POLARIS_LOG {"event":"send_rate","rate":296000,"ts":1760730478.3854659}
2025/10/17 19:47:59 POLARIS_LOG {"event":"send_rate","rate":304000,"ts":1760730479.3856163}
2025/10/17 19:48:00 POLARIS_LOG {"event":"send_rate","rate":296000,"ts":1760730480.3860276}
2025/10/17 19:48:01 POLARIS_LOG {"event":"send_rate","rate":296000,"ts":1760730481.446469}
2025/10/17 19:48:02 POLARIS_LOG {"event":"send_rate","rate":304000,"ts":1760730482.3880537}
2025/10/17 19:48:03 POLARIS_LOG {"event":"send_rate","rate":304000,"ts":1760730483.3856454}
2025/10/17 19:48:04 POLARIS_LOG {"event":"send_rate","rate":296000,"ts":1760730484.3857853}
2025/10/17 19:48:05 POLARIS_LOG {"event":"send_rate","rate":264000,"ts":1760730485.3853996}
2025/10/17 19:48:05 POLARIS_LOG {"candidates":13,"candidates_unfiltered":13,"current_rate":264000,"estimated_share":500000,"event":"path_switch","max_estimated_share":666500,"new":"5 5 7 7 4 1","old":"2 2 5 2","trigger":"scheduled","ts":1760730485.385743}
2025/10/17 19:48:06 POLARIS_LOG {"event":"send_rate","rate":336000,"ts":1760730486.3865247}
2025/10/17 19:48:07 POLARIS_LOG {"event":"send_rate","rate":304000,"ts":1760730487.3872948}
2025/10/17 19:48:08 POLARIS_LOG {"event":"send_rate","rate":296000,"ts":1760730488.3860755}
2025/10/17 19:48:09 POLARIS_LOG {"event":"send_rate","rate":304000,"ts":1760730489.385547}
2025/10/17 19:48:10 POLARIS_LOG {"event":"send_rate","rate":296000,"ts":1760730490.3856955}
2025/10/17 19:48:11 POLARIS_LOG {"event":"send_rate","rate":304000,"ts":1760730491.3859482}
2025/10/17 19:48:12 POLARIS_LOG {"event":"send_rate","rate":296000,"ts":1760730492.386926}
2025/10/17 19:48:13 POLARIS_LOG {"event":"send_rate","rate":304000,"ts":1760730493.3860497}
2025/10/17 19:48:14 POLARIS_LOG {"event":"send_rate","rate":296000,"ts":1760730494.3863134}
2025/10/17 19:48:15 POLARIS_LOG {"event":"send_rate","rate":304000,"ts":1760730495.3855283}
2025/10/17 19:48:16 POLARIS_LOG {"event":"send_rate","rate":296000,"ts":1760730496.3853111}
2025/10/17 19:48:17 POLARIS_LOG {"event":"send_rate","rate":304000,"ts":1760730497.385427}
2025/10/17 19:48:18 POLARIS_LOG {"event":"send_rate","rate":296000,"ts":1760730498.3881016}
2025/10/17 19:48:19 POLARIS_LOG {"event":"send_rate","rate":304000,"ts":1760730499.3859413}
2025/10/17 19:48:20 POLARIS_LOG {"event":"send_rate","rate":296000,"ts":1760730500.3860285}
2025/10/17 19:48:21 POLARIS_LOG {"event":"send_rate","rate":304000,"ts":1760730501.3896205}
2025/10/17 19:48:22 POLARIS_LOG {"event":"send_rate","rate":296000,"ts":1760730502.3853033}
2025/10/17 19:48:23 POLARIS_LOG {"event":"send_rate","rate":296000,"ts":1760730503.3868341}
2025/10/17 19:48:24 POLARIS_LOG {"event":"send_rate","rate":304000,"ts":1760730504.3855193}
2025/10/17 19:48:25 POLARIS_LOG {"event":"send_rate","rate":304000,"ts":1760730505.3998291}
2025/10/17 19:48:26 POLARIS_LOG {"event":"send_rate","rate":296000,"ts":1760730506.3857303}
2025/10/17 19:48:27 POLARIS_LOG {"event":"send_rate","rate":304000,"ts":1760730507.3942752}
2025/10/17 19:48:28 POLARIS_LOG {"event":"send_rate","rate":304000,"ts":1760730508.3976674}
2025/10/17 19:48:29 POLARIS_LOG {"event":"send_rate","rate":296000,"ts":1760730509.3864756}
2025/10/17 19:48:30 POLARIS_LOG {"event":"send_rate","rate":296000,"ts":1760730510.3953295}
2025/10/17 19:48:31 POLARIS_LOG {"event":"send_rate","rate":304000,"ts":1760730511.3861115}
2025/10/17 19:48:32 POLARIS_LOG {"event":"send_rate","rate":296000,"ts":1760730512.3884299}
2025/10/17 19:48:33 POLARIS_LOG {"event":"send_rate","rate":304000,"ts":1760730513.3997169}
2025/10/17 19:48:34 POLARIS_LOG {"event":"send_rate","rate":296000,"ts":1760730514.3901422}
2025/10/17 19:48:35 POLARIS_LOG {"event":"send_rate","rate":304000,"ts":1760730515.3852224}
2025/10/17 19:48:36 POLARIS_LOG {"event":"send_rate","rate":296000,"ts":1760730516.3861113}
2025/10/17 19:48:37 POLARIS_LOG {"event":"send_rate","rate":304000,"ts":1760730517.3856611}
2025/10/17 19:48:38 POLARIS_LOG {"event":"send_rate","rate":296000,"ts":1760730518.385751}
2025/10/17 19:48:39 POLARIS_LOG {"event":"send_rate","rate":296000,"ts":1760730519.4043963}
2025/10/17 19:48:40 POLARIS_LOG {"event":"send_rate","rate":304000,"ts":1760730520.3858144}
2025/10/17 19:48:41 POLARIS_LOG {"event":"send_rate","rate":304000,"ts":1760730521.3874853}
2025/10/17 19:48:42 POLARIS_LOG {"event":"send_rate","rate":296000,"ts":1760730522.3862612}
2025/10/17 19:48:43 POLARIS_LOG {"event":"send_rate","rate":296000,"ts":1760730523.385654}
2025/10/17 19:48:44 POLARIS_LOG {"event":"send_rate","rate":304000,"ts":1760730524.3867671}
2025/10/17 19:48:45 POLARIS_LOG {"event":"send_rate","rate":296000,"ts":1760730525.393117}
2025/10/17 19:48:46 POLARIS_LOG {"event":"send_rate","rate":304000,"ts":1760730526.3866513}
2025/10/17 19:48:47 POLARIS_LOG {"event":"send_rate","rate":304000,"ts":1760730527.385816}
2025/10/17 19:48:48 POLARIS_LOG {"event":"send_rate","rate":296000,"ts":1760730528.3855386}
2025/10/17 19:48:49 POLARIS_LOG {"event":"send_rate","rate":304000,"ts":1760730529.4014206}
2025/10/17 19:48:50 POLARIS_LOG {"event":"send_rate","rate":296000,"ts":1760730530.3927813}
2025/10/17 19:48:51 POLARIS_LOG {"event":"send_rate","rate":296000,"ts":1760730531.3855815}
2025/10/17 19:48:52 POLARIS_LOG {"event":"send_rate","rate":304000,"ts":1760730532.3868546}
2025/10/17 19:48:53 POLARIS_LOG {"event":"send_rate","rate":296000,"ts":1760730533.3858962}
2025/10/17 19:48:54 POLARIS_LOG {"event":"send_rate","rate":304000,"ts":1760730534.3852625}
2025/10/17 19:48:55 POLARIS_LOG {"event":"send_rate","rate":296000,"ts":1760730535.3852015}
2025/10/17 19:48:56 POLARIS_LOG {"event":"send_rate","rate":304000,"ts":1760730536.385502}
2025/10/17 19:48:57 POLARIS_LOG {"event":"send_rate","rate":296000,"ts":1760730537.3852284}
2025/10/17 19:48:58 POLARIS_LOG {"event":"send_rate","rate":304000,"ts":1760730538.3858094}
2025/10/17 19:48:59 POLARIS_LOG {"event":"send_rate","rate":296000,"ts":1760730539.3875763}
2025/10/17 19:49:00 POLARIS_LOG {"event":"send_rate","rate":304000,"ts":1760730540.387053}
2025/10/17 19:49:01 POLARIS_LOG {"event":"send_rate","rate":296000,"ts":1760730541.3854249}
2025/10/17 19:49:02 POLARIS_LOG {"event":"send_rate","rate":304000,"ts":1760730542.3860936}
2025/10/17 19:49:03 POLARIS_LOG {"event":"send_rate","rate":296000,"ts":1760730543.3876104}
2025/10/17 19:49:04 POLARIS_LOG {"event":"send_rate","rate":304000,"ts":1760730544.3855417}
2025/10/17 19:49:05 POLARIS_LOG {"event":"send_rate","rate":304000,"ts":1760730545.3955605}
2025/10/17 19:49:06 POLARIS_LOG {"event":"send_rate","rate":296000,"ts":1760730546.3862743}
2025/10/17 19:49:07 POLARIS_LOG {"event":"send_rate","rate":296000,"ts":1760730547.385427}
2025/10/17 19:49:08 POLARIS_LOG {"event":"send_rate","rate":304000,"ts":1760730548.385762}
2025/10/17 19:49:09 POLARIS_LOG {"event":"send_rate","rate":296000,"ts":1760730549.3859231}
2025/10/17 19:49:10 POLARIS_LOG {"event":"send_rate","rate":304000,"ts":1760730550.3860898}
2025/10/17 19:49:11 POLARIS_LOG {"event":"send_rate","rate":296000,"ts":1760730551.3880496}
2025/10/17 19:49:12 POLARIS_LOG {"event":"send_rate","rate":304000,"ts":1760730552.3852746}
2025/10/17 19:49:13 POLARIS_LOG {"event":"send_rate","rate":304000,"ts":1760730553.392564}
2025/10/17 19:49:14 POLARIS_LOG {"event":"send_rate","rate":296000,"ts":1760730554.385229}
2025/10/17 19:49:15 POLARIS_LOG {"event":"send_rate","rate":296000,"ts":1760730555.3895595}
2025/10/17 19:49:16 POLARIS_LOG {"event":"send_rate","rate":304000,"ts":1760730556.3943744}
2025/10/17 19:49:17 POLARIS_LOG {"event":"send_rate","rate":296000,"ts":1760730557.3852255}
2025/10/17 19:49:18 POLARIS_LOG {"event":"send_rate","rate":304000,"ts":1760730558.3861487}
2025/10/17 19:49:19 POLARIS_LOG {"event":"send_rate","rate":296000,"ts":1760730559.3876357}
2025/10/17 19:49:20 POLARIS_LOG {"event":"send_rate","rate":304000,"ts":1760730560.3895748}
2025/10/17 19:49:21 POLARIS_LOG {"event":"send_rate","rate":296000,"ts":1760730561.3860013}
2025/10/17 19:49:22 POLARIS_LOG {"event":"send_rate","rate":304000,"ts":1760730562.3874948}
2025/10/17 19:49:23 POLARIS_LOG {"event":"send_rate","rate":296000,"ts":1760730563.3863869}
2025/10/17 19:49:24 POLARIS_LOG {"event":"send_rate","rate":304000,"ts":1760730564.3876987}
2025/10/17 19:49:25 POLARIS_LOG {"event":"send_rate","rate":296000,"ts":1760730565.3854403}
2025/10/17 19:49:26 POLARIS_LOG {"event":"send_rate","rate":304000,"ts":1760730566.387462}
2025/10/17 19:49:27 POLARIS_LOG {"event":"send_rate","rate":296000,"ts":1760730567.3869176}
2025/10/17 19:49:28 POLARIS_LOG {"event":"send_rate","rate":304000,"ts":1760730568.385674}
2025/10/17 19:49:29 POLARIS_LOG {"event":"send_rate","rate":296000,"ts":1760730569.3860245}
2025/10/17 19:49:30 POLARIS_LOG {"event":"send_rate","rate":304000,"ts":1760730570.3872907}
2025/10/17 19:49:31 POLARIS_LOG {"event":"send_rate","rate":296000,"ts":1760730571.3920057}
2025/10/17 19:49:32 POLARIS_LOG {"event":"send_rate","rate":304000,"ts":1760730572.3929977}
2025/10/17 19:49:33 POLARIS_LOG {"event":"send_rate","rate":296000,"ts":1760730573.3907542}
2025/10/17 19:49:34 POLARIS_LOG {"event":"send_rate","rate":304000,"ts":1760730574.3853793}
2025/10/17 19:49:35 POLARIS_LOG {"event":"send_rate","rate":304000,"ts":1760730575.4018142}
2025/10/17 19:49:36 POLARIS_LOG {"event":"send_rate","rate":296000,"ts":1760730576.3868036}
2025/10/17 19:49:37 POLARIS_LOG {"event":"send_rate","rate":296000,"ts":1760730577.3852186}
2025/10/17 19:49:38 POLARIS_LOG {"event":"send_rate","rate":304000,"ts":1760730578.3922393}
2025/10/17 19:49:39 POLARIS_LOG {"event":"send_rate","rate":296000,"ts":1760730579.38632}
2025/10/17 19:49:40 POLARIS_LOG {"event":"send_rate","rate":304000,"ts":1760730580.400053}
2025/10/17 19:49:41 POLARIS_LOG {"event":"send_rate","rate":296000,"ts":1760730581.3853192}
2025/10/17 19:49:42 POLARIS_LOG {"event":"send_rate","rate":304000,"ts":1760730582.3908794}
2025/10/17 19:49:43 POLARIS_LOG {"event":"send_rate","rate":296000,"ts":1760730583.3853893}
2025/10/17 19:49:44 POLARIS_LOG {"event":"send_rate","rate":304000,"ts":1760730584.3926337}
2025/10/17 19:49:45 POLARIS_LOG {"event":"send_rate","rate":296000,"ts":1760730585.388115}
2025/10/17 19:49:46 POLARIS_LOG {"event":"send_rate","rate":304000,"ts":1760730586.385327}
2025/10/17 19:49:47 POLARIS_LOG {"event":"send_rate","rate":304000,"ts":1760730587.407742}
2025/10/17 19:49:48 POLARIS_LOG {"event":"send_rate","rate":296000,"ts":1760730588.386247}
2025/10/17 19:49:49 POLARIS_LOG {"event":"send_rate","rate":296000,"ts":1760730589.3869214}
2025/10/17 19:49:50 POLARIS_LOG {"event":"send_rate","rate":304000,"ts":1760730590.3853874}
2025/10/17 19:49:51 POLARIS_LOG {"event":"send_rate","rate":296000,"ts":1760730591.3940613}
2025/10/17 19:49:52 POLARIS_LOG {"event":"send_rate","rate":304000,"ts":1760730592.4024994}
2025/10/17 19:49:53 POLARIS_LOG {"event":"send_rate","rate":296000,"ts":1760730593.3885186}
2025/10/17 19:49:54 POLARIS_LOG {"event":"send_rate","rate":304000,"ts":1760730594.385496}
2025/10/17 19:49:55 POLARIS_LOG {"event":"send_rate","rate":296000,"ts":1760730595.386594}
2025/10/17 19:49:56 POLARIS_LOG {"event":"send_rate","rate":304000,"ts":1760730596.3877614}
2025/10/17 19:49:57 POLARIS_LOG {"event":"send_rate","rate":296000,"ts":1760730597.3854818}
2025/10/17 19:49:58 POLARIS_LOG {"event":"send_rate","rate":304000,"ts":1760730598.3869212}
2025/10/17 19:49:59 POLARIS_LOG {"event":"send_rate","rate":296000,"ts":1760730599.3864384}
2025/10/17 19:50:00 POLARIS_LOG {"event":"send_rate","rate":304000,"ts":1760730600.3854256}
2025/10/17 19:50:01 POLARIS_LOG {"event":"send_rate","rate":296000,"ts":1760730601.3861525}
2025/10/17 19:50:02 POLARIS_LOG {"event":"send_rate","rate":296000,"ts":1760730602.395719}
2025/10/17 19:50:03 POLARIS_LOG {"event":"send_rate","rate":304000,"ts":1760730603.3858373}
2025/10/17 19:50:04 POLARIS_LOG {"event":"send_rate","rate":304000,"ts":1760730604.3855665}
2025/10/17 19:50:05 POLARIS_LOG {"event":"send_rate","rate":296000,"ts":1760730605.386179}
2025/10/17 19:50:06 POLARIS_LOG {"event":"send_rate","rate":304000,"ts":1760730606.3856323}
2025/10/17 19:50:07 POLARIS_LOG {"event":"send_rate","rate":296000,"ts":1760730607.3857045}
2025/10/17 19:50:08 POLARIS_LOG {"event":"send_rate","rate":296000,"ts":1760730608.3921416}
2025/10/17 19:50:09 POLARIS_LOG {"event":"send_rate","rate":304000,"ts":1760730609.3886058}
2025/10/17 19:50:10 POLARIS_LOG {"event":"send_rate","rate":304000,"ts":1760730610.3853052}
2025/10/17 19:50:11 POLARIS_LOG {"event":"send_rate","rate":296000,"ts":1760730611.3853838}
2025/10/17 19:50:12 POLARIS_LOG {"event":"send_rate","rate":304000,"ts":1760730612.389525}
2025/10/17 19:50:13 POLARIS_LOG {"event":"send_rate","rate":296000,"ts":1760730613.3852901}
2025/10/17 19:50:14 POLARIS_LOG {"event":"send_rate","rate":296000,"ts":1760730614.386786}
2025/10/17 19:50:15 POLARIS_LOG {"event":"send_rate","rate":304000,"ts":1760730615.385812}
2025/10/17 19:50:16 POLARIS_LOG {"event":"send_rate","rate":304000,"ts":1760730616.386852}
2025/10/17 19:50:17 POLARIS_LOG {"event":"send_rate","rate":296000,"ts":1760730617.385741}
2025/10/17 19:50:18 POLARIS_LOG {"event":"send_rate","rate":304000,"ts":1760730618.3867414}
2025/10/17 19:50:19 POLARIS_LOG {"event":"send_rate","rate":296000,"ts":1760730619.392814}
2025/10/17 19:50:20 POLARIS_LOG {"event":"send_rate","rate":304000,"ts":1760730620.3926215}
2025/10/17 19:50:21 POLARIS_LOG {"event":"send_rate","rate":296000,"ts":1760730621.387579}
2025/10/17 19:50:22 POLARIS_LOG {"event":"send_rate","rate":304000,"ts":1760730622.3875163}
2025/10/17 19:50:23 POLARIS_LOG {"event":"send_rate","rate":296000,"ts":1760730623.3887815}
2025/10/17 19:50:24 POLARIS_LOG {"event":"send_rate","rate":296000,"ts":1760730624.3858309}
2025/10/17 19:50:25 POLARIS_LOG {"event":"send_rate","rate":304000,"ts":1760730625.3877435}
2025/10/17 19:50:26 POLARIS_LOG {"event":"send_rate","rate":296000,"ts":1760730626.3858473}
2025/10/17 19:50:27 POLARIS_LOG {"event":"send_rate","rate":304000,"ts":1760730627.3859978}
2025/10/17 19:50:28 POLARIS_LOG {"event":"send_rate","rate":296000,"ts":1760730628.3855498}
2025/10/17 19:50:29 POLARIS_LOG {"event":"send_rate","rate":304000,"ts":1760730629.3855295}
2025/10/17 19:50:30 POLARIS_LOG {"event":"send_rate","rate":296000,"ts":1760730630.3855226}
2025/10/17 19:50:31 POLARIS_LOG {"event":"send_rate","rate":304000,"ts":1760730631.3856936}
2025/10/17 19:50:32 POLARIS_LOG {"event":"send_rate","rate":296000,"ts":1760730632.3864133}
2025/10/17 19:50:33 POLARIS_LOG {"event":"send_rate","rate":304000,"ts":1760730633.3866944}
2025/10/17 19:50:34 POLARIS_LOG {"event":"send_rate","rate":296000,"ts":1760730634.387784}
2025/10/17 19:50:35 POLARIS_LOG {"event":"send_rate","rate":304000,"ts":1760730635.3868544}
2025/10/17 19:50:36 POLARIS_LOG {"event":"send_rate","rate":296000,"ts":1760730636.3860247}
2025/10/17 19:50:37 POLARIS_LOG {"event":"send_rate","rate":304000,"ts":1760730637.3904505}
2025/10/17 19:50:38 POLARIS_LOG {"event":"send_rate","rate":296000,"ts":1760730638.3855305}
2025/10/17 19:50:39 POLARIS_LOG {"event":"send_rate","rate":304000,"ts":1760730639.3858128}
2025/10/17 19:50:40 POLARIS_LOG {"event":"send_rate","rate":296000,"ts":1760730640.3854418}
2025/10/17 19:50:41 POLARIS_LOG {"event":"send_rate","rate":304000,"ts":1760730641.3864505}
2025/10/17 19:50:42 POLARIS_LOG {"event":"send_rate","rate":296000,"ts":1760730642.3874302}
2025/10/17 19:50:43 POLARIS_LOG {"event":"send_rate","rate":304000,"ts":1760730643.3855255}
2025/10/17 19:50:44 POLARIS_LOG {"event":"send_rate","rate":296000,"ts":1760730644.3865123}
2025/10/17 19:50:45 POLARIS_LOG {"event":"send_rate","rate":304000,"ts":1760730645.3961203}
2025/10/17 19:50:46 POLARIS_LOG {"event":"send_rate","rate":296000,"ts":1760730646.3856103}
2025/10/17 19:50:47 POLARIS_LOG {"event":"send_rate","rate":312000,"ts":1760730647.4138536}
2025/10/17 19:50:48 POLARIS_LOG {"event":"send_rate","rate":288000,"ts":1760730648.3860557}
2025/10/17 19:50:49 POLARIS_LOG {"event":"send_rate","rate":304000,"ts":1760730649.398441}
2025/10/17 19:50:50 POLARIS_LOG {"event":"send_rate","rate":296000,"ts":1760730650.3858423}
2025/10/17 19:50:51 POLARIS_LOG {"event":"send_rate","rate":296000,"ts":1760730651.3859}
2025/10/17 19:50:52 POLARIS_LOG {"event":"send_rate","rate":304000,"ts":1760730652.3859713}
2025/10/17 19:50:53 POLARIS_LOG {"event":"send_rate","rate":296000,"ts":1760730653.4114597}
2025/10/17 19:50:54 POLARIS_LOG {"event":"send_rate","rate":304000,"ts":1760730654.3867698}
2025/10/17 19:50:55 POLARIS_LOG {"event":"send_rate","rate":312000,"ts":1760730655.4182196}
2025/10/17 19:50:56 POLARIS_LOG {"event":"send_rate","rate":288000,"ts":1760730656.3882303}
2025/10/17 19:50:57 POLARIS_LOG {"event":"send_rate","rate":304000,"ts":1760730657.3854704}
2025/10/17 19:50:58 POLARIS_LOG {"event":"send_rate","rate":296000,"ts":1760730658.3861668}
2025/10/17 19:50:59 POLARIS_LOG {"event":"send_rate","rate":304000,"ts":1760730659.3891091}
2025/10/17 19:51:00 POLARIS_LOG {"event":"send_rate","rate":296000,"ts":1760730660.3859844}
2025/10/17 19:51:01 POLARIS_LOG {"event":"send_rate","rate":304000,"ts":1760730661.385251}
2025/10/17 19:51:02 POLARIS_LOG {"event":"send_rate","rate":296000,"ts":1760730662.3887508}
2025/10/17 19:51:03 POLARIS_LOG {"event":"send_rate","rate":304000,"ts":1760730663.3858237}
2025/10/17 19:51:04 POLARIS_LOG {"event":"send_rate","rate":296000,"ts":1760730664.3860073}
2025/10/17 19:51:05 POLARIS_LOG {"event":"send_rate","rate":304000,"ts":1760730665.3855212}
2025/10/17 19:51:06 POLARIS_LOG {"event":"send_rate","rate":296000,"ts":1760730666.3861253}
2025/10/17 19:51:07 POLARIS_LOG {"event":"send_rate","rate":304000,"ts":1760730667.3889484}
2025/10/17 19:51:08 POLARIS_LOG {"event":"send_rate","rate":296000,"ts":1760730668.3859503}
2025/10/17 19:51:09 POLARIS_LOG {"event":"send_rate","rate":304000,"ts":1760730669.385622}
2025/10/17 19:51:10 POLARIS_LOG {"event":"send_rate","rate":296000,"ts":1760730670.3860419}
2025/10/17 19:51:11 POLARIS_LOG {"event":"send_rate","rate":304000,"ts":1760730671.3865361}
2025/10/17 19:51:12 POLARIS_LOG {"event":"send_rate","rate":296000,"ts":1760730672.390687}
2025/10/17 19:51:13 POLARIS_LOG {"event":"send_rate","rate":304000,"ts":1760730673.386577}
2025/10/17 19:51:14 POLARIS_LOG {"event":"send_rate","rate":296000,"ts":1760730674.407364}
2025/10/17 19:51:15 POLARIS_LOG {"event":"send_rate","rate":304000,"ts":1760730675.386084}
2025/10/17 19:51:16 POLARIS_LOG {"event":"send_rate","rate":304000,"ts":1760730676.3993106}
2025/10/17 19:51:17 POLARIS_LOG {"event":"send_rate","rate":296000,"ts":1760730677.3856957}
2025/10/17 19:51:18 POLARIS_LOG {"event":"send_rate","rate":296000,"ts":1760730678.3941333}
2025/10/17 19:51:19 POLARIS_LOG {"event":"send_rate","rate":304000,"ts":1760730679.3876376}
2025/10/17 19:51:20 POLARIS_LOG {"event":"send_rate","rate":296000,"ts":1760730680.3854074}
2025/10/17 19:51:21 POLARIS_LOG {"event":"send_rate","rate":304000,"ts":1760730681.386084}
2025/10/17 19:51:22 POLARIS_LOG {"event":"send_rate","rate":296000,"ts":1760730682.3858812}
2025/10/17 19:51:23 POLARIS_LOG {"event":"send_rate","rate":304000,"ts":1760730683.3896902}
2025/10/17 19:51:24 POLARIS_LOG {"event":"send_rate","rate":296000,"ts":1760730684.3864527}
2025/10/17 19:51:25 POLARIS_LOG {"event":"send_rate","rate":304000,"ts":1760730685.3878841}
2025/10/17 19:51:26 POLARIS_LOG {"event":"send_rate","rate":296000,"ts":1760730686.3856757}
2025/10/17 19:51:27 POLARIS_LOG {"event":"send_rate","rate":304000,"ts":1760730687.3859632}
2025/10/17 19:51:28 POLARIS_LOG {"event":"send_rate","rate":296000,"ts":1760730688.3853965}
2025/10/17 19:51:29 POLARIS_LOG {"event":"send_rate","rate":304000,"ts":1760730689.389417}
2025/10/17 19:51:30 POLARIS_LOG {"event":"send_rate","rate":296000,"ts":1760730690.3861535}
2025/10/17 19:51:31 POLARIS_LOG {"event":"send_rate","rate":304000,"ts":1760730691.3960729}
2025/10/17 19:51:32 POLARIS_LOG {"event":"send_rate","rate":296000,"ts":1760730692.3855739}
2025/10/17 19:51:33 POLARIS_LOG {"event":"send_rate","rate":304000,"ts":1760730693.3973866}
2025/10/17 19:51:34 POLARIS_LOG {"event":"send_rate","rate":304000,"ts":1760730694.4007535}
2025/10/17 19:51:35 POLARIS_LOG {"event":"send_rate","rate":288000,"ts":1760730695.411938}
2025/10/17 19:51:36 POLARIS_LOG {"event":"send_rate","rate":304000,"ts":1760730696.385733}
2025/10/17 19:51:37 POLARIS_LOG {"event":"send_rate","rate":304000,"ts":1760730697.3861}
2025/10/17 19:51:38 POLARIS_LOG {"event":"send_rate","rate":296000,"ts":1760730698.3946955}
2025/10/17 19:51:39 POLARIS_LOG {"event":"send_rate","rate":304000,"ts":1760730699.3863142}
2025/10/17 19:51:40 POLARIS_LOG {"event":"send_rate","rate":296000,"ts":1760730700.3863444}
2025/10/17 19:51:41 POLARIS_LOG {"event":"send_rate","rate":304000,"ts":1760730701.3854208}
2025/10/17 19:51:42 POLARIS_LOG {"event":"send_rate","rate":296000,"ts":1760730702.385398}
2025/10/17 19:51:43 POLARIS_LOG {"event":"send_rate","rate":304000,"ts":1760730703.4090545}
2025/10/17 19:51:44 POLARIS_LOG {"event":"send_rate","rate":296000,"ts":1760730704.3866742}
2025/10/17 19:51:45 POLARIS_LOG {"event":"send_rate","rate":304000,"ts":1760730705.3872893}
2025/10/17 19:51:46 POLARIS_LOG {"event":"send_rate","rate":296000,"ts":1760730706.385757}
2025/10/17 19:51:47 POLARIS_LOG {"event":"send_rate","rate":296000,"ts":1760730707.3868554}
2025/10/17 19:51:48 POLARIS_LOG {"event":"send_rate","rate":304000,"ts":1760730708.3870862}
2025/10/17 19:51:49 POLARIS_LOG {"event":"send_rate","rate":296000,"ts":1760730709.3858469}
2025/10/17 19:51:50 POLARIS_LOG {"event":"send_rate","rate":304000,"ts":1760730710.3857615}
2025/10/17 19:51:51 POLARIS_LOG {"event":"send_rate","rate":304000,"ts":1760730711.409608}
2025/10/17 19:51:52 POLARIS_LOG {"event":"send_rate","rate":296000,"ts":1760730712.3958378}
2025/10/17 19:51:53 POLARIS_LOG {"event":"send_rate","rate":304000,"ts":1760730713.3868308}
2025/10/17 19:51:54 POLARIS_LOG {"event":"send_rate","rate":312000,"ts":1760730714.4443614}
Skipping switch: current path 5 5 7 7 4 1 has lastEstimate 333250 >= maxEstimate 0
2025/10/17 19:51:55 POLARIS_LOG {"event":"send_rate","rate":280000,"ts":1760730715.3976245}
2025/10/17 19:51:56 POLARIS_LOG {"event":"send_rate","rate":304000,"ts":1760730716.3904705}
2025/10/17 19:51:57 POLARIS_LOG {"event":"send_rate","rate":296000,"ts":1760730717.3852022}
2025/10/17 19:51:58 POLARIS_LOG {"event":"send_rate","rate":304000,"ts":1760730718.3857894}
2025/10/17 19:51:59 POLARIS_LOG {"event":"send_rate","rate":304000,"ts":1760730719.405269}
2025/10/17 19:52:00 POLARIS_LOG {"event":"send_rate","rate":296000,"ts":1760730720.3886852}
2025/10/17 19:52:01 POLARIS_LOG {"event":"send_rate","rate":304000,"ts":1760730721.3950036}
2025/10/17 19:52:02 POLARIS_LOG {"event":"send_rate","rate":296000,"ts":1760730722.389816}
2025/10/17 19:52:03 POLARIS_LOG {"event":"send_rate","rate":296000,"ts":1760730723.3871567}
2025/10/17 19:52:04 POLARIS_LOG {"event":"send_rate","rate":304000,"ts":1760730724.3853958}
2025/10/17 19:52:05 POLARIS_LOG {"event":"send_rate","rate":296000,"ts":1760730725.3854952}
2025/10/17 19:52:06 POLARIS_LOG {"event":"send_rate","rate":304000,"ts":1760730726.3852403}
2025/10/17 19:52:07 POLARIS_LOG {"event":"send_rate","rate":296000,"ts":1760730727.3864841}
2025/10/17 19:52:08 POLARIS_LOG {"event":"send_rate","rate":304000,"ts":1760730728.385489}
2025/10/17 19:52:09 POLARIS_LOG {"event":"send_rate","rate":296000,"ts":1760730729.3863084}
2025/10/17 19:52:10 POLARIS_LOG {"event":"send_rate","rate":304000,"ts":1760730730.3903677}
2025/10/17 19:52:11 POLARIS_LOG {"event":"send_rate","rate":296000,"ts":1760730731.3855097}
2025/10/17 19:52:12 POLARIS_LOG {"event":"send_rate","rate":280000,"ts":1760730732.400891}
2025/10/17 19:52:13 POLARIS_LOG {"event":"send_rate","rate":320000,"ts":1760730733.386417}
2025/10/17 19:52:14 POLARIS_LOG {"event":"send_rate","rate":304000,"ts":1760730734.3856163}
Drain Loop received packet
Drain Loop received non-nil payload
Client sent 10012 packets, server reported 9981 packets received
The network loss rate from client to server is 0.3%

S->C results
Attempted bandwidth: 0 bps / 0.00 Mbps
Achieved bandwidth: 0 bps / 0.00 Mbps
Loss rate: 0.0%
Interarrival time min/avg/max/mdev = -0.000/0.000/0.000/0.000 ms

C->S results
Attempted bandwidth: 299985 bps / 0.30 Mbps
Achieved bandwidth: 299056 bps / 0.30 Mbps
Loss rate: 0.3%
Interarrival time min/avg/max/mdev = 0.002/26.616/432.896/20.156 ms
