
Test parameters:
client->server: 279 seconds, 1000 bytes, 10462 packets
server->client: 279 seconds, 1000 bytes, 0 packets
2025/10/17 19:47:33 POLARIS_LOG {"current_rate":0,"event":"path_switch","new":"2 2 5 2","trigger":"initialization","ts":1760730453.32123}
Polaris prober initialized with 38 paths
Polaris prober initialized with local 1-111,10.111.0.71:32743 and remote 1-113,10.113.0.71
2025/10/17 19:47:34 POLARIS_LOG {"event":"send_rate","rate":304000,"ts":1760730454.3226478}
2025/10/17 19:47:35 POLARIS_LOG {"event":"send_rate","rate":296000,"ts":1760730455.3222766}
2025/10/17 19:47:36 POLARIS_LOG {"event":"send_rate","rate":304000,"ts":1760730456.3223975}
2025/10/17 19:47:37 POLARIS_LOG {"event":"send_rate","rate":296000,"ts":1760730457.3219492}
2025/10/17 19:47:38 POLARIS_LOG {"event":"send_rate","rate":304000,"ts":1760730458.3216734}
2025/10/17 19:47:39 POLARIS_LOG {"event":"send_rate","rate":296000,"ts":1760730459.3224504}
2025/10/17 19:47:40 POLARIS_LOG {"event":"send_rate","rate":304000,"ts":1760730460.3221126}
2025/10/17 19:47:41 POLARIS_LOG {"event":"send_rate","rate":296000,"ts":1760730461.3267221}
2025/10/17 19:47:42 POLARIS_LOG {"event":"send_rate","rate":240000,"ts":1760730462.3220696}
2025/10/17 19:47:43 POLARIS_LOG {"event":"send_rate","rate":96000,"ts":1760730463.3222065}
2025/10/17 19:47:43 POLARIS_LOG {"candidates":25,"candidates_unfiltered":25,"current_rate":96000,"estimated_share":2000000,"event":"path_switch","max_estimated_share":2000000,"new":"1 1 7 7 1 3","old":"2 2 5 2","trigger":"scheduled","ts":1760730463.3223274}
2025/10/17 19:47:44 POLARIS_LOG {"event":"send_rate","rate":568000,"ts":1760730464.3218987}
2025/10/17 19:47:45 POLARIS_LOG {"event":"send_rate","rate":296000,"ts":1760730465.3353744}
2025/10/17 19:47:46 POLARIS_LOG {"event":"send_rate","rate":304000,"ts":1760730466.3338532}
2025/10/17 19:47:47 POLARIS_LOG {"event":"send_rate","rate":296000,"ts":1760730467.3227417}
2025/10/17 19:47:48 POLARIS_LOG {"event":"send_rate","rate":304000,"ts":1760730468.3243392}
2025/10/17 19:47:49 POLARIS_LOG {"event":"send_rate","rate":296000,"ts":1760730469.3223813}
2025/10/17 19:47:50 POLARIS_LOG {"event":"send_rate","rate":304000,"ts":1760730470.3225899}
2025/10/17 19:47:51 POLARIS_LOG {"event":"send_rate","rate":296000,"ts":1760730471.3232489}
2025/10/17 19:47:52 POLARIS_LOG {"event":"send_rate","rate":304000,"ts":1760730472.3227797}
2025/10/17 19:47:53 POLARIS_LOG {"event":"send_rate","rate":296000,"ts":1760730473.323456}
2025/10/17 19:47:54 POLARIS_LOG {"event":"send_rate","rate":304000,"ts":1760730474.322827}
2025/10/17 19:47:55 POLARIS_LOG {"event":"send_rate","rate":296000,"ts":1760730475.3232648}
2025/10/17 19:47:56 POLARIS_LOG {"event":"send_rate","rate":304000,"ts":1760730476.3231895}
2025/10/17 19:47:57 POLARIS_LOG {"event":"send_rate","rate":296000,"ts":1760730477.322124}
2025/10/17 19:47:58 POLARIS_LOG {"event":"send_rate","rate":304000,"ts":1760730478.321841}
2025/10/17 19:47:59 POLARIS_LOG {"event":"send_rate","rate":296000,"ts":1760730479.3225274}
2025/10/17 19:48:00 POLARIS_LOG {"event":"send_rate","rate":304000,"ts":1760730480.3218024}
2025/10/17 19:48:01 POLARIS_LOG {"event":"send_rate","rate":296000,"ts":1760730481.3296895}
2025/10/17 19:48:02 POLARIS_LOG {"event":"send_rate","rate":304000,"ts":1760730482.322492}
2025/10/17 19:48:03 POLARIS_LOG {"event":"send_rate","rate":296000,"ts":1760730483.3225813}
2025/10/17 19:48:04 POLARIS_LOG {"event":"send_rate","rate":304000,"ts":1760730484.322391}
2025/10/17 19:48:05 POLARIS_LOG {"event":"send_rate","rate":296000,"ts":1760730485.3229506}
2025/10/17 19:48:06 POLARIS_LOG {"event":"send_rate","rate":296000,"ts":1760730486.3370526}
2025/10/17 19:48:07 POLARIS_LOG {"event":"send_rate","rate":304000,"ts":1760730487.3379254}
2025/10/17 19:48:08 POLARIS_LOG {"event":"send_rate","rate":304000,"ts":1760730488.3230467}
2025/10/17 19:48:09 POLARIS_LOG {"event":"send_rate","rate":296000,"ts":1760730489.3231406}
2025/10/17 19:48:10 POLARIS_LOG {"event":"send_rate","rate":304000,"ts":1760730490.3278787}
2025/10/17 19:48:11 POLARIS_LOG {"event":"send_rate","rate":296000,"ts":1760730491.322355}
2025/10/17 19:48:12 POLARIS_LOG {"event":"send_rate","rate":304000,"ts":1760730492.324744}
2025/10/17 19:48:13 POLARIS_LOG {"event":"send_rate","rate":296000,"ts":1760730493.3223326}
2025/10/17 19:48:14 POLARIS_LOG {"event":"send_rate","rate":296000,"ts":1760730494.3216887}
2025/10/17 19:48:15 POLARIS_LOG {"event":"send_rate","rate":304000,"ts":1760730495.3223298}
2025/10/17 19:48:16 POLARIS_LOG {"event":"send_rate","rate":296000,"ts":1760730496.331782}
2025/10/17 19:48:17 POLARIS_LOG {"event":"send_rate","rate":304000,"ts":1760730497.3305247}
2025/10/17 19:48:18 POLARIS_LOG {"event":"send_rate","rate":304000,"ts":1760730498.3225584}
2025/10/17 19:48:19 POLARIS_LOG {"event":"send_rate","rate":296000,"ts":1760730499.3240676}
2025/10/17 19:48:20 POLARIS_LOG {"event":"send_rate","rate":296000,"ts":1760730500.323493}
2025/10/17 19:48:21 POLARIS_LOG {"event":"send_rate","rate":304000,"ts":1760730501.328927}
2025/10/17 19:48:22 POLARIS_LOG {"event":"send_rate","rate":304000,"ts":1760730502.322613}
2025/10/17 19:48:23 POLARIS_LOG {"event":"send_rate","rate":296000,"ts":1760730503.3223588}
2025/10/17 19:48:24 POLARIS_LOG {"event":"send_rate","rate":304000,"ts":1760730504.329987}
2025/10/17 19:48:25 POLARIS_LOG {"event":"send_rate","rate":296000,"ts":1760730505.3232503}
2025/10/17 19:48:26 POLARIS_LOG {"event":"send_rate","rate":312000,"ts":1760730506.3540583}
2025/10/17 19:48:27 POLARIS_LOG {"event":"send_rate","rate":288000,"ts":1760730507.3331275}
2025/10/17 19:48:28 POLARIS_LOG {"event":"send_rate","rate":296000,"ts":1760730508.3245397}
2025/10/17 19:48:29 POLARIS_LOG {"event":"send_rate","rate":304000,"ts":1760730509.3227777}
2025/10/17 19:48:30 POLARIS_LOG {"event":"send_rate","rate":304000,"ts":1760730510.3244092}
2025/10/17 19:48:31 POLARIS_LOG {"event":"send_rate","rate":296000,"ts":1760730511.3242128}
2025/10/17 19:48:32 POLARIS_LOG {"event":"send_rate","rate":296000,"ts":1760730512.3227487}
2025/10/17 19:48:33 POLARIS_LOG {"event":"send_rate","rate":304000,"ts":1760730513.326032}
2025/10/17 19:48:34 POLARIS_LOG {"event":"send_rate","rate":304000,"ts":1760730514.3342903}
2025/10/17 19:48:35 POLARIS_LOG {"event":"send_rate","rate":296000,"ts":1760730515.321907}
2025/10/17 19:48:36 POLARIS_LOG {"event":"send_rate","rate":296000,"ts":1760730516.322222}
2025/10/17 19:48:37 POLARIS_LOG {"event":"send_rate","rate":304000,"ts":1760730517.3294024}
2025/10/17 19:48:38 POLARIS_LOG {"event":"send_rate","rate":296000,"ts":1760730518.3218346}
2025/10/17 19:48:39 POLARIS_LOG {"event":"send_rate","rate":304000,"ts":1760730519.3225813}
2025/10/17 19:48:40 POLARIS_LOG {"event":"send_rate","rate":296000,"ts":1760730520.3232832}
2025/10/17 19:48:41 POLARIS_LOG {"event":"send_rate","rate":304000,"ts":1760730521.3218565}
2025/10/17 19:48:42 POLARIS_LOG {"event":"send_rate","rate":296000,"ts":1760730522.3232272}
2025/10/17 19:48:43 POLARIS_LOG {"event":"send_rate","rate":296000,"ts":1760730523.3247366}
2025/10/17 19:48:44 POLARIS_LOG {"event":"send_rate","rate":312000,"ts":1760730524.3755276}
2025/10/17 19:48:45 POLARIS_LOG {"event":"send_rate","rate":296000,"ts":1760730525.3235214}
2025/10/17 19:48:46 POLARIS_LOG {"event":"send_rate","rate":296000,"ts":1760730526.322173}
2025/10/17 19:48:47 POLARIS_LOG {"event":"send_rate","rate":304000,"ts":1760730527.3256476}
2025/10/17 19:48:48 POLARIS_LOG {"event":"send_rate","rate":296000,"ts":1760730528.323285}
2025/10/17 19:48:49 POLARIS_LOG {"event":"send_rate","rate":304000,"ts":1760730529.3287742}
2025/10/17 19:48:50 POLARIS_LOG {"event":"send_rate","rate":304000,"ts":1760730530.327926}
2025/10/17 19:48:51 POLARIS_LOG {"event":"send_rate","rate":296000,"ts":1760730531.323548}
2025/10/17 19:48:52 POLARIS_LOG {"event":"send_rate","rate":296000,"ts":1760730532.3222804}
2025/10/17 19:48:53 POLARIS_LOG {"event":"send_rate","rate":304000,"ts":1760730533.3233316}
2025/10/17 19:48:54 POLARIS_LOG {"event":"send_rate","rate":296000,"ts":1760730534.3230278}
2025/10/17 19:48:55 POLARIS_LOG {"event":"send_rate","rate":304000,"ts":1760730535.3254776}
2025/10/17 19:48:56 POLARIS_LOG {"event":"send_rate","rate":296000,"ts":1760730536.3224025}
2025/10/17 19:48:57 POLARIS_LOG {"event":"send_rate","rate":304000,"ts":1760730537.3319592}
2025/10/17 19:48:58 POLARIS_LOG {"event":"send_rate","rate":296000,"ts":1760730538.3229692}
2025/10/17 19:48:59 POLARIS_LOG {"event":"send_rate","rate":304000,"ts":1760730539.334811}
2025/10/17 19:49:00 POLARIS_LOG {"event":"send_rate","rate":296000,"ts":1760730540.3233247}
2025/10/17 19:49:01 POLARIS_LOG {"event":"send_rate","rate":304000,"ts":1760730541.3278353}
2025/10/17 19:49:02 POLARIS_LOG {"event":"send_rate","rate":296000,"ts":1760730542.3221798}
2025/10/17 19:49:03 POLARIS_LOG {"event":"send_rate","rate":304000,"ts":1760730543.323624}
2025/10/17 19:49:04 POLARIS_LOG {"event":"send_rate","rate":296000,"ts":1760730544.322868}
2025/10/17 19:49:05 POLARIS_LOG {"event":"send_rate","rate":304000,"ts":1760730545.3217378}
2025/10/17 19:49:06 POLARIS_LOG {"event":"send_rate","rate":296000,"ts":1760730546.3226697}
2025/10/17 19:49:07 POLARIS_LOG {"event":"send_rate","rate":304000,"ts":1760730547.3246815}
2025/10/17 19:49:08 POLARIS_LOG {"event":"send_rate","rate":296000,"ts":1760730548.3285363}
2025/10/17 19:49:09 POLARIS_LOG {"event":"send_rate","rate":304000,"ts":1760730549.3257189}
2025/10/17 19:49:10 POLARIS_LOG {"event":"send_rate","rate":296000,"ts":1760730550.3232028}
2025/10/17 19:49:11 POLARIS_LOG {"event":"send_rate","rate":304000,"ts":1760730551.3219228}
2025/10/17 19:49:12 POLARIS_LOG {"event":"send_rate","rate":296000,"ts":1760730552.3228936}
2025/10/17 19:49:13 POLARIS_LOG {"event":"send_rate","rate":304000,"ts":1760730553.3222222}
2025/10/17 19:49:14 POLARIS_LOG {"event":"send_rate","rate":304000,"ts":1760730554.339698}
2025/10/17 19:49:15 POLARIS_LOG {"event":"send_rate","rate":296000,"ts":1760730555.3225913}
2025/10/17 19:49:16 POLARIS_LOG {"event":"send_rate","rate":304000,"ts":1760730556.3322575}
2025/10/17 19:49:17 POLARIS_LOG {"event":"send_rate","rate":296000,"ts":1760730557.328637}
2025/10/17 19:49:18 POLARIS_LOG {"event":"send_rate","rate":296000,"ts":1760730558.3233757}
2025/10/17 19:49:19 POLARIS_LOG {"event":"send_rate","rate":304000,"ts":1760730559.3228452}
2025/10/17 19:49:20 POLARIS_LOG {"event":"send_rate","rate":296000,"ts":1760730560.331566}
2025/10/17 19:49:21 POLARIS_LOG {"event":"send_rate","rate":304000,"ts":1760730561.322328}
2025/10/17 19:49:22 POLARIS_LOG {"event":"send_rate","rate":296000,"ts":1760730562.3291767}
2025/10/17 19:49:23 POLARIS_LOG {"event":"send_rate","rate":304000,"ts":1760730563.3227146}
2025/10/17 19:49:24 POLARIS_LOG {"event":"send_rate","rate":296000,"ts":1760730564.328246}
2025/10/17 19:49:25 POLARIS_LOG {"event":"send_rate","rate":304000,"ts":1760730565.322088}
2025/10/17 19:49:26 POLARIS_LOG {"event":"send_rate","rate":296000,"ts":1760730566.332172}
2025/10/17 19:49:27 POLARIS_LOG {"event":"send_rate","rate":304000,"ts":1760730567.3219573}
2025/10/17 19:49:28 POLARIS_LOG {"event":"send_rate","rate":296000,"ts":1760730568.322474}
2025/10/17 19:49:29 POLARIS_LOG {"event":"send_rate","rate":304000,"ts":1760730569.321659}
2025/10/17 19:49:30 POLARIS_LOG {"event":"send_rate","rate":296000,"ts":1760730570.3220947}
2025/10/17 19:49:31 POLARIS_LOG {"event":"send_rate","rate":304000,"ts":1760730571.3270302}
2025/10/17 19:49:32 POLARIS_LOG {"event":"send_rate","rate":296000,"ts":1760730572.3231914}
2025/10/17 19:49:33 POLARIS_LOG {"event":"send_rate","rate":304000,"ts":1760730573.3217204}
2025/10/17 19:49:34 POLARIS_LOG {"event":"send_rate","rate":296000,"ts":1760730574.3240373}
2025/10/17 19:49:35 POLARIS_LOG {"event":"send_rate","rate":304000,"ts":1760730575.3217723}
2025/10/17 19:49:36 POLARIS_LOG {"event":"send_rate","rate":296000,"ts":1760730576.322162}
2025/10/17 19:49:37 POLARIS_LOG {"event":"send_rate","rate":304000,"ts":1760730577.322138}
2025/10/17 19:49:38 POLARIS_LOG {"event":"send_rate","rate":296000,"ts":1760730578.3224761}
2025/10/17 19:49:39 POLARIS_LOG {"event":"send_rate","rate":304000,"ts":1760730579.3236003}
2025/10/17 19:49:40 POLARIS_LOG {"event":"send_rate","rate":296000,"ts":1760730580.3229356}
2025/10/17 19:49:41 POLARIS_LOG {"event":"send_rate","rate":304000,"ts":1760730581.3263164}
2025/10/17 19:49:42 POLARIS_LOG {"event":"send_rate","rate":296000,"ts":1760730582.330917}
2025/10/17 19:49:43 POLARIS_LOG {"event":"send_rate","rate":304000,"ts":1760730583.3227575}
2025/10/17 19:49:44 POLARIS_LOG {"event":"send_rate","rate":296000,"ts":1760730584.3235757}
2025/10/17 19:49:45 POLARIS_LOG {"event":"send_rate","rate":304000,"ts":1760730585.3234084}
2025/10/17 19:49:46 POLARIS_LOG {"event":"send_rate","rate":296000,"ts":1760730586.3253884}
2025/10/17 19:49:47 POLARIS_LOG {"event":"send_rate","rate":312000,"ts":1760730587.353824}
2025/10/17 19:49:48 POLARIS_LOG {"event":"send_rate","rate":288000,"ts":1760730588.326382}
2025/10/17 19:49:49 POLARIS_LOG {"event":"send_rate","rate":296000,"ts":1760730589.322379}
2025/10/17 19:49:50 POLARIS_LOG {"event":"send_rate","rate":304000,"ts":1760730590.3230648}
2025/10/17 19:49:51 POLARIS_LOG {"event":"send_rate","rate":304000,"ts":1760730591.3306687}
2025/10/17 19:49:52 POLARIS_LOG {"event":"send_rate","rate":296000,"ts":1760730592.331318}
2025/10/17 19:49:53 POLARIS_LOG {"event":"send_rate","rate":304000,"ts":1760730593.322059}
2025/10/17 19:49:54 POLARIS_LOG {"event":"send_rate","rate":296000,"ts":1760730594.3217225}
2025/10/17 19:49:55 POLARIS_LOG {"event":"send_rate","rate":296000,"ts":1760730595.326608}
2025/10/17 19:49:56 POLARIS_LOG {"event":"send_rate","rate":304000,"ts":1760730596.3240309}
2025/10/17 19:49:57 POLARIS_LOG {"event":"send_rate","rate":304000,"ts":1760730597.3229613}
2025/10/17 19:49:58 POLARIS_LOG {"event":"send_rate","rate":296000,"ts":1760730598.3364882}
2025/10/17 19:49:59 POLARIS_LOG {"event":"send_rate","rate":296000,"ts":1760730599.3334782}
2025/10/17 19:50:00 POLARIS_LOG {"event":"send_rate","rate":304000,"ts":1760730600.3226647}
2025/10/17 19:50:01 POLARIS_LOG {"event":"send_rate","rate":296000,"ts":1760730601.3266406}
2025/10/17 19:50:02 POLARIS_LOG {"event":"send_rate","rate":304000,"ts":1760730602.3388135}
2025/10/17 19:50:03 POLARIS_LOG {"event":"send_rate","rate":304000,"ts":1760730603.3301299}
2025/10/17 19:50:04 POLARIS_LOG {"event":"send_rate","rate":296000,"ts":1760730604.322211}
2025/10/17 19:50:05 POLARIS_LOG {"event":"send_rate","rate":296000,"ts":1760730605.3222992}
2025/10/17 19:50:06 POLARIS_LOG {"event":"send_rate","rate":304000,"ts":1760730606.3220391}
2025/10/17 19:50:07 POLARIS_LOG {"event":"send_rate","rate":296000,"ts":1760730607.322376}
2025/10/17 19:50:08 POLARIS_LOG {"event":"send_rate","rate":304000,"ts":1760730608.3243692}
2025/10/17 19:50:09 POLARIS_LOG {"event":"send_rate","rate":296000,"ts":1760730609.3237693}
2025/10/17 19:50:10 POLARIS_LOG {"event":"send_rate","rate":304000,"ts":1760730610.3217483}
2025/10/17 19:50:11 POLARIS_LOG {"event":"send_rate","rate":296000,"ts":1760730611.322623}
2025/10/17 19:50:12 POLARIS_LOG {"event":"send_rate","rate":304000,"ts":1760730612.323935}
2025/10/17 19:50:13 POLARIS_LOG {"event":"send_rate","rate":296000,"ts":1760730613.3227758}
2025/10/17 19:50:14 POLARIS_LOG {"event":"send_rate","rate":304000,"ts":1760730614.322126}
2025/10/17 19:50:15 POLARIS_LOG {"event":"send_rate","rate":296000,"ts":1760730615.3229594}
2025/10/17 19:50:16 POLARIS_LOG {"event":"send_rate","rate":304000,"ts":1760730616.3260305}
2025/10/17 19:50:17 POLARIS_LOG {"event":"send_rate","rate":296000,"ts":1760730617.3234475}
2025/10/17 19:50:18 POLARIS_LOG {"event":"send_rate","rate":304000,"ts":1760730618.3249676}
2025/10/17 19:50:19 POLARIS_LOG {"event":"send_rate","rate":304000,"ts":1760730619.3315146}
2025/10/17 19:50:20 POLARIS_LOG {"event":"send_rate","rate":296000,"ts":1760730620.3231921}
2025/10/17 19:50:21 POLARIS_LOG {"event":"send_rate","rate":296000,"ts":1760730621.3226917}
2025/10/17 19:50:22 POLARIS_LOG {"event":"send_rate","rate":304000,"ts":1760730622.334231}
2025/10/17 19:50:23 POLARIS_LOG {"event":"send_rate","rate":296000,"ts":1760730623.3257751}
2025/10/17 19:50:24 POLARIS_LOG {"event":"send_rate","rate":304000,"ts":1760730624.3253815}
2025/10/17 19:50:25 POLARIS_LOG {"event":"send_rate","rate":296000,"ts":1760730625.3249843}
2025/10/17 19:50:26 POLARIS_LOG {"event":"send_rate","rate":304000,"ts":1760730626.326353}
2025/10/17 19:50:27 POLARIS_LOG {"event":"send_rate","rate":296000,"ts":1760730627.322846}
2025/10/17 19:50:28 POLARIS_LOG {"event":"send_rate","rate":304000,"ts":1760730628.338203}
2025/10/17 19:50:29 POLARIS_LOG {"event":"send_rate","rate":296000,"ts":1760730629.3251576}
2025/10/17 19:50:30 POLARIS_LOG {"event":"send_rate","rate":304000,"ts":1760730630.3244424}
2025/10/17 19:50:31 POLARIS_LOG {"event":"send_rate","rate":312000,"ts":1760730631.3774097}
2025/10/17 19:50:32 POLARIS_LOG {"event":"send_rate","rate":288000,"ts":1760730632.3237064}
2025/10/17 19:50:33 POLARIS_LOG {"event":"send_rate","rate":296000,"ts":1760730633.3241198}
Skipping switch: current path 1 1 7 7 1 3 has lastEstimate 400000 >= maxEstimate 0
2025/10/17 19:50:34 POLARIS_LOG {"event":"send_rate","rate":304000,"ts":1760730634.3232746}
2025/10/17 19:50:35 POLARIS_LOG {"event":"send_rate","rate":296000,"ts":1760730635.322857}
2025/10/17 19:50:36 POLARIS_LOG {"event":"send_rate","rate":304000,"ts":1760730636.331803}
2025/10/17 19:50:37 POLARIS_LOG {"event":"send_rate","rate":296000,"ts":1760730637.3226812}
2025/10/17 19:50:38 POLARIS_LOG {"event":"send_rate","rate":304000,"ts":1760730638.338207}
2025/10/17 19:50:39 POLARIS_LOG {"event":"send_rate","rate":296000,"ts":1760730639.322112}
2025/10/17 19:50:40 POLARIS_LOG {"event":"send_rate","rate":304000,"ts":1760730640.3230684}
2025/10/17 19:50:41 POLARIS_LOG {"event":"send_rate","rate":296000,"ts":1760730641.3219008}
2025/10/17 19:50:42 POLARIS_LOG {"event":"send_rate","rate":304000,"ts":1760730642.3224676}
2025/10/17 19:50:43 POLARIS_LOG {"event":"send_rate","rate":296000,"ts":1760730643.3288531}
2025/10/17 19:50:44 POLARIS_LOG {"event":"send_rate","rate":304000,"ts":1760730644.3228931}
2025/10/17 19:50:45 POLARIS_LOG {"event":"send_rate","rate":296000,"ts":1760730645.3234076}
2025/10/17 19:50:46 POLARIS_LOG {"event":"send_rate","rate":304000,"ts":1760730646.3303106}
2025/10/17 19:50:47 POLARIS_LOG {"event":"send_rate","rate":296000,"ts":1760730647.322619}
2025/10/17 19:50:48 POLARIS_LOG {"event":"send_rate","rate":304000,"ts":1760730648.3229706}
2025/10/17 19:50:49 POLARIS_LOG {"event":"send_rate","rate":296000,"ts":1760730649.3337862}
2025/10/17 19:50:50 POLARIS_LOG {"event":"send_rate","rate":304000,"ts":1760730650.3301787}
2025/10/17 19:50:51 POLARIS_LOG {"event":"send_rate","rate":296000,"ts":1760730651.3317406}
2025/10/17 19:50:52 POLARIS_LOG {"event":"send_rate","rate":304000,"ts":1760730652.3226762}
2025/10/17 19:50:53 POLARIS_LOG {"event":"send_rate","rate":296000,"ts":1760730653.322531}
2025/10/17 19:50:54 POLARIS_LOG {"event":"send_rate","rate":304000,"ts":1760730654.3245254}
2025/10/17 19:50:55 POLARIS_LOG {"event":"send_rate","rate":296000,"ts":1760730655.3237092}
2025/10/17 19:50:56 POLARIS_LOG {"event":"send_rate","rate":304000,"ts":1760730656.3223805}
2025/10/17 19:50:57 POLARIS_LOG {"event":"send_rate","rate":296000,"ts":1760730657.3337035}
2025/10/17 19:50:58 POLARIS_LOG {"event":"send_rate","rate":304000,"ts":1760730658.3224459}
2025/10/17 19:50:59 POLARIS_LOG {"event":"send_rate","rate":296000,"ts":1760730659.3240712}
2025/10/17 19:51:00 POLARIS_LOG {"event":"send_rate","rate":296000,"ts":1760730660.3672862}
2025/10/17 19:51:01 POLARIS_LOG {"event":"send_rate","rate":304000,"ts":1760730661.322144}
2025/10/17 19:51:02 POLARIS_LOG {"event":"send_rate","rate":304000,"ts":1760730662.3254452}
2025/10/17 19:51:03 POLARIS_LOG {"event":"send_rate","rate":296000,"ts":1760730663.3228018}
2025/10/17 19:51:04 POLARIS_LOG {"event":"send_rate","rate":304000,"ts":1760730664.3225958}
2025/10/17 19:51:05 POLARIS_LOG {"event":"send_rate","rate":296000,"ts":1760730665.3229444}
2025/10/17 19:51:06 POLARIS_LOG {"event":"send_rate","rate":296000,"ts":1760730666.3265505}
2025/10/17 19:51:07 POLARIS_LOG {"event":"send_rate","rate":304000,"ts":1760730667.370906}
2025/10/17 19:51:08 POLARIS_LOG {"event":"send_rate","rate":304000,"ts":1760730668.3283718}
2025/10/17 19:51:09 POLARIS_LOG {"event":"send_rate","rate":296000,"ts":1760730669.3221796}
2025/10/17 19:51:10 POLARIS_LOG {"event":"send_rate","rate":304000,"ts":1760730670.3219235}
2025/10/17 19:51:11 POLARIS_LOG {"event":"send_rate","rate":296000,"ts":1760730671.3219218}
2025/10/17 19:51:12 POLARIS_LOG {"event":"send_rate","rate":304000,"ts":1760730672.3224866}
2025/10/17 19:51:13 POLARIS_LOG {"event":"send_rate","rate":296000,"ts":1760730673.3239079}
2025/10/17 19:51:14 POLARIS_LOG {"event":"send_rate","rate":296000,"ts":1760730674.3234403}
2025/10/17 19:51:15 POLARIS_LOG {"event":"send_rate","rate":304000,"ts":1760730675.322387}
2025/10/17 19:51:16 POLARIS_LOG {"event":"send_rate","rate":304000,"ts":1760730676.3363464}
2025/10/17 19:51:17 POLARIS_LOG {"event":"send_rate","rate":296000,"ts":1760730677.3235698}
2025/10/17 19:51:18 POLARIS_LOG {"event":"send_rate","rate":304000,"ts":1760730678.3360028}
2025/10/17 19:51:19 POLARIS_LOG {"event":"send_rate","rate":296000,"ts":1760730679.3224165}
2025/10/17 19:51:20 POLARIS_LOG {"event":"send_rate","rate":304000,"ts":1760730680.3219416}
2025/10/17 19:51:21 POLARIS_LOG {"event":"send_rate","rate":296000,"ts":1760730681.3265574}
2025/10/17 19:51:22 POLARIS_LOG {"event":"send_rate","rate":304000,"ts":1760730682.3256311}
2025/10/17 19:51:23 POLARIS_LOG {"event":"send_rate","rate":296000,"ts":1760730683.3312309}
2025/10/17 19:51:24 POLARIS_LOG {"event":"send_rate","rate":296000,"ts":1760730684.322753}
2025/10/17 19:51:25 POLARIS_LOG {"event":"send_rate","rate":304000,"ts":1760730685.3290246}
2025/10/17 19:51:26 POLARIS_LOG {"event":"send_rate","rate":304000,"ts":1760730686.333556}
2025/10/17 19:51:27 POLARIS_LOG {"event":"send_rate","rate":296000,"ts":1760730687.3248785}
2025/10/17 19:51:28 POLARIS_LOG {"event":"send_rate","rate":296000,"ts":1760730688.322296}
2025/10/17 19:51:29 POLARIS_LOG {"event":"send_rate","rate":304000,"ts":1760730689.3231962}
2025/10/17 19:51:30 POLARIS_LOG {"event":"send_rate","rate":304000,"ts":1760730690.3244224}
2025/10/17 19:51:31 POLARIS_LOG {"event":"send_rate","rate":304000,"ts":1760730691.339943}
2025/10/17 19:51:32 POLARIS_LOG {"event":"send_rate","rate":288000,"ts":1760730692.3466356}
Skipping switch: current path 1 1 7 7 1 3 has lastEstimate 400000 >= maxEstimate 0
2025/10/17 19:51:33 POLARIS_LOG {"event":"send_rate","rate":304000,"ts":1760730693.3233624}
2025/10/17 19:51:34 POLARIS_LOG {"event":"send_rate","rate":296000,"ts":1760730694.3226862}
2025/10/17 19:51:35 POLARIS_LOG {"event":"send_rate","rate":304000,"ts":1760730695.3322911}
2025/10/17 19:51:36 POLARIS_LOG {"event":"send_rate","rate":296000,"ts":1760730696.3217478}
2025/10/17 19:51:37 POLARIS_LOG {"event":"send_rate","rate":304000,"ts":1760730697.3227332}
2025/10/17 19:51:38 POLARIS_LOG {"event":"send_rate","rate":304000,"ts":1760730698.3242798}
2025/10/17 19:51:39 POLARIS_LOG {"event":"send_rate","rate":296000,"ts":1760730699.3232648}
2025/10/17 19:51:40 POLARIS_LOG {"event":"send_rate","rate":304000,"ts":1760730700.325561}
2025/10/17 19:51:41 POLARIS_LOG {"event":"send_rate","rate":296000,"ts":1760730701.3265991}
2025/10/17 19:51:42 POLARIS_LOG {"event":"send_rate","rate":304000,"ts":1760730702.3260837}
2025/10/17 19:51:43 POLARIS_LOG {"event":"send_rate","rate":296000,"ts":1760730703.323592}
2025/10/17 19:51:44 POLARIS_LOG {"event":"send_rate","rate":312000,"ts":1760730704.3591928}
2025/10/17 19:51:45 POLARIS_LOG {"event":"send_rate","rate":288000,"ts":1760730705.3219817}
2025/10/17 19:51:46 POLARIS_LOG {"event":"send_rate","rate":304000,"ts":1760730706.32604}
2025/10/17 19:51:47 POLARIS_LOG {"event":"send_rate","rate":296000,"ts":1760730707.3285024}
2025/10/17 19:51:48 POLARIS_LOG {"event":"send_rate","rate":304000,"ts":1760730708.3308382}
2025/10/17 19:51:49 POLARIS_LOG {"event":"send_rate","rate":296000,"ts":1760730709.326672}
2025/10/17 19:51:50 POLARIS_LOG {"event":"send_rate","rate":304000,"ts":1760730710.3255959}
2025/10/17 19:51:51 POLARIS_LOG {"event":"send_rate","rate":296000,"ts":1760730711.3226554}
2025/10/17 19:51:52 POLARIS_LOG {"event":"send_rate","rate":296000,"ts":1760730712.3278744}
2025/10/17 19:51:53 POLARIS_LOG {"event":"send_rate","rate":304000,"ts":1760730713.3227274}
2025/10/17 19:51:54 POLARIS_LOG {"event":"send_rate","rate":296000,"ts":1760730714.325268}
2025/10/17 19:51:55 POLARIS_LOG {"event":"send_rate","rate":304000,"ts":1760730715.3248408}
2025/10/17 19:51:56 POLARIS_LOG {"event":"send_rate","rate":296000,"ts":1760730716.3334002}
2025/10/17 19:51:57 POLARIS_LOG {"event":"send_rate","rate":304000,"ts":1760730717.3233047}
2025/10/17 19:51:58 POLARIS_LOG {"event":"send_rate","rate":304000,"ts":1760730718.3308535}
2025/10/17 19:51:59 POLARIS_LOG {"event":"send_rate","rate":296000,"ts":1760730719.324858}
2025/10/17 19:52:00 POLARIS_LOG {"event":"send_rate","rate":304000,"ts":1760730720.3352644}
2025/10/17 19:52:01 POLARIS_LOG {"event":"send_rate","rate":296000,"ts":1760730721.3360088}
2025/10/17 19:52:02 POLARIS_LOG {"event":"send_rate","rate":296000,"ts":1760730722.3253858}
2025/10/17 19:52:03 POLARIS_LOG {"event":"send_rate","rate":304000,"ts":1760730723.3268914}
2025/10/17 19:52:04 POLARIS_LOG {"event":"send_rate","rate":296000,"ts":1760730724.3240907}
2025/10/17 19:52:05 POLARIS_LOG {"event":"send_rate","rate":304000,"ts":1760730725.3227093}
2025/10/17 19:52:06 POLARIS_LOG {"event":"send_rate","rate":296000,"ts":1760730726.3333294}
2025/10/17 19:52:07 POLARIS_LOG {"event":"send_rate","rate":304000,"ts":1760730727.3304088}
2025/10/17 19:52:08 POLARIS_LOG {"event":"send_rate","rate":296000,"ts":1760730728.322504}
2025/10/17 19:52:09 POLARIS_LOG {"event":"send_rate","rate":304000,"ts":1760730729.3328}
2025/10/17 19:52:10 POLARIS_LOG {"event":"send_rate","rate":296000,"ts":1760730730.322514}
2025/10/17 19:52:11 POLARIS_LOG {"event":"send_rate","rate":304000,"ts":1760730731.3232694}
2025/10/17 19:52:12 POLARIS_LOG {"event":"send_rate","rate":296000,"ts":1760730732.3232586}
We need to sleep for 1 seconds before we can get the results
2025/10/17 19:52:13 POLARIS_LOG {"event":"send_rate","rate":8000,"ts":1760730733.3341603}
Drain Loop received packet
Drain Loop received non-nil payload
Client sent 10462 packets, server reported 10448 packets received
The network loss rate from client to server is 0.1%

S->C results
Attempted bandwidth: 0 bps / 0.00 Mbps
Achieved bandwidth: 0 bps / 0.00 Mbps
Loss rate: 0.0%
Interarrival time min/avg/max/mdev = -0.000/0.000/0.000/0.000 ms

C->S results
Attempted bandwidth: 299985 bps / 0.30 Mbps
Achieved bandwidth: 299584 bps / 0.30 Mbps
Loss rate: 0.1%
Interarrival time min/avg/max/mdev = 0.002/26.705/374.474/18.649 ms
