
Test parameters:
client->server: 270 seconds, 1000 bytes, 10125 packets
server->client: 270 seconds, 1000 bytes, 0 packets
Polaris prober initialized with 38 paths
2025/10/17 19:47:42 POLARIS_LOG {"current_rate":0,"event":"path_switch","new":"2 2 5 2","trigger":"initialization","ts":1760730462.2928352}
Polaris prober initialized with local 1-111,10.111.0.71:32734 and remote 1-113,10.113.0.71
2025/10/17 19:47:44 POLARIS_LOG {"event":"send_rate","rate":0,"ts":1760730464.2946868}
2025/10/17 19:47:45 POLARIS_LOG {"event":"send_rate","rate":0,"ts":1760730465.2944047}
2025/10/17 19:47:46 POLARIS_LOG {"event":"send_rate","rate":288000,"ts":1760730466.2942777}
2025/10/17 19:47:47 POLARIS_LOG {"event":"send_rate","rate":296000,"ts":1760730467.2939408}
2025/10/17 19:47:48 POLARIS_LOG {"event":"send_rate","rate":296000,"ts":1760730468.2980251}
2025/10/17 19:47:49 POLARIS_LOG {"event":"send_rate","rate":192000,"ts":1760730469.2937229}
2025/10/17 19:47:50 POLARIS_LOG {"event":"send_rate","rate":176000,"ts":1760730470.2944596}
2025/10/17 19:47:51 POLARIS_LOG {"event":"send_rate","rate":184000,"ts":1760730471.2943454}
2025/10/17 19:47:52 POLARIS_LOG {"event":"send_rate","rate":144000,"ts":1760730472.2937963}
2025/10/17 19:47:52 POLARIS_LOG {"candidates":7,"candidates_unfiltered":25,"current_rate":144000,"estimated_share":1000000,"event":"path_switch","max_estimated_share":1000000,"new":"4 4 1 3","old":"2 2 5 2","trigger":"scheduled","ts":1760730472.29443}
2025/10/17 19:47:53 POLARIS_LOG {"event":"send_rate","rate":808000,"ts":1760730473.299445}
2025/10/17 19:47:54 POLARIS_LOG {"event":"send_rate","rate":304000,"ts":1760730474.2940588}
2025/10/17 19:47:55 POLARIS_LOG {"event":"send_rate","rate":296000,"ts":1760730475.2945344}
2025/10/17 19:47:56 POLARIS_LOG {"event":"send_rate","rate":304000,"ts":1760730476.293734}
2025/10/17 19:47:57 POLARIS_LOG {"event":"send_rate","rate":296000,"ts":1760730477.2954118}
2025/10/17 19:47:58 POLARIS_LOG {"event":"send_rate","rate":304000,"ts":1760730478.2945926}
2025/10/17 19:47:59 POLARIS_LOG {"event":"send_rate","rate":296000,"ts":1760730479.295354}
2025/10/17 19:48:00 POLARIS_LOG {"event":"send_rate","rate":304000,"ts":1760730480.293936}
2025/10/17 19:48:01 POLARIS_LOG {"event":"send_rate","rate":296000,"ts":1760730481.2946672}
2025/10/17 19:48:02 POLARIS_LOG {"event":"send_rate","rate":304000,"ts":1760730482.2937825}
2025/10/17 19:48:03 POLARIS_LOG {"event":"send_rate","rate":296000,"ts":1760730483.2946556}
2025/10/17 19:48:04 POLARIS_LOG {"event":"send_rate","rate":304000,"ts":1760730484.2944322}
2025/10/17 19:48:05 POLARIS_LOG {"event":"send_rate","rate":296000,"ts":1760730485.297515}
2025/10/17 19:48:06 POLARIS_LOG {"event":"send_rate","rate":296000,"ts":1760730486.2940388}
2025/10/17 19:48:07 POLARIS_LOG {"event":"send_rate","rate":304000,"ts":1760730487.299162}
2025/10/17 19:48:08 POLARIS_LOG {"event":"send_rate","rate":304000,"ts":1760730488.2961812}
2025/10/17 19:48:09 POLARIS_LOG {"event":"send_rate","rate":296000,"ts":1760730489.2967708}
2025/10/17 19:48:10 POLARIS_LOG {"event":"send_rate","rate":304000,"ts":1760730490.300486}
2025/10/17 19:48:11 POLARIS_LOG {"event":"send_rate","rate":296000,"ts":1760730491.3044996}
2025/10/17 19:48:12 POLARIS_LOG {"event":"send_rate","rate":304000,"ts":1760730492.297634}
2025/10/17 19:48:13 POLARIS_LOG {"event":"send_rate","rate":296000,"ts":1760730493.2966557}
2025/10/17 19:48:14 POLARIS_LOG {"event":"send_rate","rate":304000,"ts":1760730494.2937791}
2025/10/17 19:48:15 POLARIS_LOG {"event":"send_rate","rate":296000,"ts":1760730495.3114862}
2025/10/17 19:48:16 POLARIS_LOG {"event":"send_rate","rate":304000,"ts":1760730496.2979271}
2025/10/17 19:48:17 POLARIS_LOG {"event":"send_rate","rate":296000,"ts":1760730497.2947216}
2025/10/17 19:48:18 POLARIS_LOG {"event":"send_rate","rate":296000,"ts":1760730498.2940545}
2025/10/17 19:48:19 POLARIS_LOG {"event":"send_rate","rate":304000,"ts":1760730499.2945948}
2025/10/17 19:48:20 POLARIS_LOG {"event":"send_rate","rate":296000,"ts":1760730500.2945967}
2025/10/17 19:48:21 POLARIS_LOG {"event":"send_rate","rate":304000,"ts":1760730501.2959504}
2025/10/17 19:48:22 POLARIS_LOG {"event":"send_rate","rate":304000,"ts":1760730502.295093}
2025/10/17 19:48:23 POLARIS_LOG {"event":"send_rate","rate":296000,"ts":1760730503.2939787}
2025/10/17 19:48:24 POLARIS_LOG {"event":"send_rate","rate":296000,"ts":1760730504.2937999}
2025/10/17 19:48:25 POLARIS_LOG {"event":"send_rate","rate":304000,"ts":1760730505.2961333}
2025/10/17 19:48:26 POLARIS_LOG {"event":"send_rate","rate":304000,"ts":1760730506.2967958}
2025/10/17 19:48:27 POLARIS_LOG {"event":"send_rate","rate":296000,"ts":1760730507.2942467}
2025/10/17 19:48:28 POLARIS_LOG {"event":"send_rate","rate":304000,"ts":1760730508.3040335}
2025/10/17 19:48:29 POLARIS_LOG {"event":"send_rate","rate":296000,"ts":1760730509.2970667}
2025/10/17 19:48:30 POLARIS_LOG {"event":"send_rate","rate":304000,"ts":1760730510.2959895}
2025/10/17 19:48:31 POLARIS_LOG {"event":"send_rate","rate":296000,"ts":1760730511.2951622}
2025/10/17 19:48:32 POLARIS_LOG {"event":"send_rate","rate":296000,"ts":1760730512.2942178}
2025/10/17 19:48:33 POLARIS_LOG {"event":"send_rate","rate":304000,"ts":1760730513.29623}
2025/10/17 19:48:34 POLARIS_LOG {"event":"send_rate","rate":304000,"ts":1760730514.3022418}
2025/10/17 19:48:35 POLARIS_LOG {"event":"send_rate","rate":288000,"ts":1760730515.2964869}
2025/10/17 19:48:36 POLARIS_LOG {"event":"send_rate","rate":304000,"ts":1760730516.2941332}
2025/10/17 19:48:37 POLARIS_LOG {"event":"send_rate","rate":304000,"ts":1760730517.2942069}
2025/10/17 19:48:38 POLARIS_LOG {"event":"send_rate","rate":296000,"ts":1760730518.2943692}
2025/10/17 19:48:39 POLARIS_LOG {"event":"send_rate","rate":304000,"ts":1760730519.2945797}
2025/10/17 19:48:40 POLARIS_LOG {"event":"send_rate","rate":296000,"ts":1760730520.2962143}
2025/10/17 19:48:41 POLARIS_LOG {"event":"send_rate","rate":304000,"ts":1760730521.2951574}
2025/10/17 19:48:42 POLARIS_LOG {"event":"send_rate","rate":296000,"ts":1760730522.306643}
2025/10/17 19:48:43 POLARIS_LOG {"event":"send_rate","rate":304000,"ts":1760730523.29718}
2025/10/17 19:48:44 POLARIS_LOG {"event":"send_rate","rate":296000,"ts":1760730524.2957942}
2025/10/17 19:48:45 POLARIS_LOG {"event":"send_rate","rate":304000,"ts":1760730525.2966964}
2025/10/17 19:48:46 POLARIS_LOG {"event":"send_rate","rate":296000,"ts":1760730526.2938385}
2025/10/17 19:48:47 POLARIS_LOG {"event":"send_rate","rate":304000,"ts":1760730527.2944424}
2025/10/17 19:48:48 POLARIS_LOG {"event":"send_rate","rate":304000,"ts":1760730528.3074522}
2025/10/17 19:48:49 POLARIS_LOG {"event":"send_rate","rate":296000,"ts":1760730529.2939622}
2025/10/17 19:48:50 POLARIS_LOG {"event":"send_rate","rate":296000,"ts":1760730530.2946389}
2025/10/17 19:48:51 POLARIS_LOG {"event":"send_rate","rate":304000,"ts":1760730531.294045}
2025/10/17 19:48:52 POLARIS_LOG {"event":"send_rate","rate":296000,"ts":1760730532.293793}
2025/10/17 19:48:53 POLARIS_LOG {"event":"send_rate","rate":304000,"ts":1760730533.2950695}
2025/10/17 19:48:54 POLARIS_LOG {"event":"send_rate","rate":296000,"ts":1760730534.2946246}
2025/10/17 19:48:55 POLARIS_LOG {"event":"send_rate","rate":304000,"ts":1760730535.2976868}
2025/10/17 19:48:56 POLARIS_LOG {"event":"send_rate","rate":296000,"ts":1760730536.2940502}
2025/10/17 19:48:57 POLARIS_LOG {"event":"send_rate","rate":304000,"ts":1760730537.2954674}
2025/10/17 19:48:58 POLARIS_LOG {"event":"send_rate","rate":296000,"ts":1760730538.2957046}
2025/10/17 19:48:59 POLARIS_LOG {"event":"send_rate","rate":304000,"ts":1760730539.297183}
2025/10/17 19:49:00 POLARIS_LOG {"event":"send_rate","rate":296000,"ts":1760730540.2937703}
2025/10/17 19:49:01 POLARIS_LOG {"event":"send_rate","rate":304000,"ts":1760730541.2940342}
2025/10/17 19:49:02 POLARIS_LOG {"event":"send_rate","rate":296000,"ts":1760730542.2955267}
2025/10/17 19:49:03 POLARIS_LOG {"event":"send_rate","rate":304000,"ts":1760730543.293951}
2025/10/17 19:49:04 POLARIS_LOG {"event":"send_rate","rate":296000,"ts":1760730544.294595}
2025/10/17 19:49:05 POLARIS_LOG {"event":"send_rate","rate":304000,"ts":1760730545.2945971}
2025/10/17 19:49:06 POLARIS_LOG {"event":"send_rate","rate":296000,"ts":1760730546.2942672}
2025/10/17 19:49:07 POLARIS_LOG {"event":"send_rate","rate":304000,"ts":1760730547.2937305}
2025/10/17 19:49:08 POLARIS_LOG {"event":"send_rate","rate":296000,"ts":1760730548.2964523}
2025/10/17 19:49:09 POLARIS_LOG {"event":"send_rate","rate":304000,"ts":1760730549.2946427}
2025/10/17 19:49:10 POLARIS_LOG {"event":"send_rate","rate":296000,"ts":1760730550.2942827}
2025/10/17 19:49:11 POLARIS_LOG {"event":"send_rate","rate":304000,"ts":1760730551.2937675}
2025/10/17 19:49:12 POLARIS_LOG {"event":"send_rate","rate":296000,"ts":1760730552.2939603}
2025/10/17 19:49:13 POLARIS_LOG {"event":"send_rate","rate":304000,"ts":1760730553.2941976}
2025/10/17 19:49:14 POLARIS_LOG {"event":"send_rate","rate":296000,"ts":1760730554.2996209}
2025/10/17 19:49:15 POLARIS_LOG {"event":"send_rate","rate":304000,"ts":1760730555.294554}
2025/10/17 19:49:16 POLARIS_LOG {"event":"send_rate","rate":296000,"ts":1760730556.296617}
2025/10/17 19:49:17 POLARIS_LOG {"event":"send_rate","rate":304000,"ts":1760730557.293984}
2025/10/17 19:49:18 POLARIS_LOG {"event":"send_rate","rate":296000,"ts":1760730558.2957566}
2025/10/17 19:49:19 POLARIS_LOG {"event":"send_rate","rate":304000,"ts":1760730559.293963}
2025/10/17 19:49:20 POLARIS_LOG {"event":"send_rate","rate":296000,"ts":1760730560.297695}
2025/10/17 19:49:21 POLARIS_LOG {"event":"send_rate","rate":304000,"ts":1760730561.2951841}
2025/10/17 19:49:22 POLARIS_LOG {"event":"send_rate","rate":296000,"ts":1760730562.2944655}
2025/10/17 19:49:23 POLARIS_LOG {"event":"send_rate","rate":304000,"ts":1760730563.2941394}
2025/10/17 19:49:24 POLARIS_LOG {"event":"send_rate","rate":296000,"ts":1760730564.2937756}
2025/10/17 19:49:25 POLARIS_LOG {"event":"send_rate","rate":304000,"ts":1760730565.29393}
2025/10/17 19:49:26 POLARIS_LOG {"event":"send_rate","rate":304000,"ts":1760730566.3063798}
2025/10/17 19:49:27 POLARIS_LOG {"event":"send_rate","rate":296000,"ts":1760730567.2940483}
2025/10/17 19:49:28 POLARIS_LOG {"event":"send_rate","rate":304000,"ts":1760730568.3106441}
2025/10/17 19:49:29 POLARIS_LOG {"event":"send_rate","rate":296000,"ts":1760730569.2937565}
2025/10/17 19:49:30 POLARIS_LOG {"event":"send_rate","rate":296000,"ts":1760730570.2951202}
2025/10/17 19:49:31 POLARIS_LOG {"event":"send_rate","rate":312000,"ts":1760730571.3462229}
Skipping switch: current path 4 4 1 3 has lastEstimate 400000 >= maxEstimate 0
2025/10/17 19:49:32 POLARIS_LOG {"event":"send_rate","rate":288000,"ts":1760730572.2940326}
2025/10/17 19:49:33 POLARIS_LOG {"event":"send_rate","rate":304000,"ts":1760730573.2954142}
2025/10/17 19:49:34 POLARIS_LOG {"event":"send_rate","rate":296000,"ts":1760730574.29758}
2025/10/17 19:49:35 POLARIS_LOG {"event":"send_rate","rate":304000,"ts":1760730575.294753}
2025/10/17 19:49:36 POLARIS_LOG {"event":"send_rate","rate":296000,"ts":1760730576.295451}
2025/10/17 19:49:37 POLARIS_LOG {"event":"send_rate","rate":304000,"ts":1760730577.294353}
2025/10/17 19:49:38 POLARIS_LOG {"event":"send_rate","rate":296000,"ts":1760730578.294601}
2025/10/17 19:49:39 POLARIS_LOG {"event":"send_rate","rate":304000,"ts":1760730579.2941008}
2025/10/17 19:49:40 POLARIS_LOG {"event":"send_rate","rate":296000,"ts":1760730580.294062}
2025/10/17 19:49:41 POLARIS_LOG {"event":"send_rate","rate":304000,"ts":1760730581.2978365}
2025/10/17 19:49:42 POLARIS_LOG {"event":"send_rate","rate":296000,"ts":1760730582.3004534}
2025/10/17 19:49:43 POLARIS_LOG {"event":"send_rate","rate":304000,"ts":1760730583.2950482}
2025/10/17 19:49:44 POLARIS_LOG {"event":"send_rate","rate":296000,"ts":1760730584.2944386}
2025/10/17 19:49:45 POLARIS_LOG {"event":"send_rate","rate":304000,"ts":1760730585.296708}
2025/10/17 19:49:46 POLARIS_LOG {"event":"send_rate","rate":296000,"ts":1760730586.2944055}
2025/10/17 19:49:47 POLARIS_LOG {"event":"send_rate","rate":296000,"ts":1760730587.2966785}
2025/10/17 19:49:48 POLARIS_LOG {"event":"send_rate","rate":304000,"ts":1760730588.2941625}
2025/10/17 19:49:49 POLARIS_LOG {"event":"send_rate","rate":304000,"ts":1760730589.2952733}
2025/10/17 19:49:50 POLARIS_LOG {"event":"send_rate","rate":296000,"ts":1760730590.2963684}
2025/10/17 19:49:51 POLARIS_LOG {"event":"send_rate","rate":304000,"ts":1760730591.2954757}
2025/10/17 19:49:52 POLARIS_LOG {"event":"send_rate","rate":296000,"ts":1760730592.3016205}
2025/10/17 19:49:53 POLARIS_LOG {"event":"send_rate","rate":304000,"ts":1760730593.2941093}
2025/10/17 19:49:54 POLARIS_LOG {"event":"send_rate","rate":296000,"ts":1760730594.2944586}
2025/10/17 19:49:55 POLARIS_LOG {"event":"send_rate","rate":304000,"ts":1760730595.2984521}
2025/10/17 19:49:56 POLARIS_LOG {"event":"send_rate","rate":296000,"ts":1760730596.293785}
2025/10/17 19:49:57 POLARIS_LOG {"event":"send_rate","rate":304000,"ts":1760730597.2965658}
2025/10/17 19:49:58 POLARIS_LOG {"event":"send_rate","rate":296000,"ts":1760730598.294874}
2025/10/17 19:49:59 POLARIS_LOG {"event":"send_rate","rate":304000,"ts":1760730599.2951138}
2025/10/17 19:50:00 POLARIS_LOG {"event":"send_rate","rate":296000,"ts":1760730600.2967694}
2025/10/17 19:50:01 POLARIS_LOG {"event":"send_rate","rate":312000,"ts":1760730601.326738}
2025/10/17 19:50:02 POLARIS_LOG {"event":"send_rate","rate":288000,"ts":1760730602.295277}
Skipping switch: current path 4 4 1 3 has lastEstimate 400000 >= maxEstimate 0
2025/10/17 19:50:03 POLARIS_LOG {"event":"send_rate","rate":312000,"ts":1760730603.321878}
2025/10/17 19:50:04 POLARIS_LOG {"event":"send_rate","rate":288000,"ts":1760730604.293752}
2025/10/17 19:50:05 POLARIS_LOG {"event":"send_rate","rate":304000,"ts":1760730605.296751}
2025/10/17 19:50:06 POLARIS_LOG {"event":"send_rate","rate":296000,"ts":1760730606.2942207}
2025/10/17 19:50:07 POLARIS_LOG {"event":"send_rate","rate":304000,"ts":1760730607.2939243}
2025/10/17 19:50:08 POLARIS_LOG {"event":"send_rate","rate":296000,"ts":1760730608.3010414}
2025/10/17 19:50:09 POLARIS_LOG {"event":"send_rate","rate":304000,"ts":1760730609.2944856}
2025/10/17 19:50:10 POLARIS_LOG {"event":"send_rate","rate":296000,"ts":1760730610.3012283}
2025/10/17 19:50:11 POLARIS_LOG {"event":"send_rate","rate":304000,"ts":1760730611.2983263}
2025/10/17 19:50:12 POLARIS_LOG {"event":"send_rate","rate":304000,"ts":1760730612.310581}
2025/10/17 19:50:13 POLARIS_LOG {"event":"send_rate","rate":296000,"ts":1760730613.2949483}
2025/10/17 19:50:14 POLARIS_LOG {"event":"send_rate","rate":296000,"ts":1760730614.2949443}
2025/10/17 19:50:15 POLARIS_LOG {"event":"send_rate","rate":304000,"ts":1760730615.2940295}
2025/10/17 19:50:16 POLARIS_LOG {"event":"send_rate","rate":296000,"ts":1760730616.2955174}
2025/10/17 19:50:17 POLARIS_LOG {"event":"send_rate","rate":304000,"ts":1760730617.2939572}
2025/10/17 19:50:18 POLARIS_LOG {"event":"send_rate","rate":304000,"ts":1760730618.3141022}
2025/10/17 19:50:19 POLARIS_LOG {"event":"send_rate","rate":296000,"ts":1760730619.2959194}
2025/10/17 19:50:20 POLARIS_LOG {"event":"send_rate","rate":296000,"ts":1760730620.295365}
2025/10/17 19:50:21 POLARIS_LOG {"event":"send_rate","rate":304000,"ts":1760730621.2953696}
2025/10/17 19:50:22 POLARIS_LOG {"event":"send_rate","rate":304000,"ts":1760730622.3073673}
2025/10/17 19:50:23 POLARIS_LOG {"event":"send_rate","rate":288000,"ts":1760730623.2941186}
2025/10/17 19:50:24 POLARIS_LOG {"event":"send_rate","rate":304000,"ts":1760730624.2992632}
2025/10/17 19:50:25 POLARIS_LOG {"event":"send_rate","rate":296000,"ts":1760730625.2938383}
2025/10/17 19:50:26 POLARIS_LOG {"event":"send_rate","rate":304000,"ts":1760730626.2945616}
2025/10/17 19:50:27 POLARIS_LOG {"event":"send_rate","rate":304000,"ts":1760730627.30978}
2025/10/17 19:50:28 POLARIS_LOG {"event":"send_rate","rate":296000,"ts":1760730628.2947426}
2025/10/17 19:50:29 POLARIS_LOG {"event":"send_rate","rate":296000,"ts":1760730629.2954006}
2025/10/17 19:50:30 POLARIS_LOG {"event":"send_rate","rate":304000,"ts":1760730630.2948308}
2025/10/17 19:50:31 POLARIS_LOG {"event":"send_rate","rate":304000,"ts":1760730631.3080509}
2025/10/17 19:50:32 POLARIS_LOG {"event":"send_rate","rate":296000,"ts":1760730632.2946901}
2025/10/17 19:50:33 POLARIS_LOG {"event":"send_rate","rate":304000,"ts":1760730633.2945492}
2025/10/17 19:50:34 POLARIS_LOG {"event":"send_rate","rate":304000,"ts":1760730634.308653}
2025/10/17 19:50:35 POLARIS_LOG {"event":"send_rate","rate":296000,"ts":1760730635.2988617}
2025/10/17 19:50:36 POLARIS_LOG {"event":"send_rate","rate":296000,"ts":1760730636.294526}
2025/10/17 19:50:37 POLARIS_LOG {"event":"send_rate","rate":304000,"ts":1760730637.2946248}
2025/10/17 19:50:38 POLARIS_LOG {"event":"send_rate","rate":296000,"ts":1760730638.2946641}
2025/10/17 19:50:39 POLARIS_LOG {"event":"send_rate","rate":296000,"ts":1760730639.2938936}
2025/10/17 19:50:40 POLARIS_LOG {"event":"send_rate","rate":304000,"ts":1760730640.295327}
2025/10/17 19:50:41 POLARIS_LOG {"event":"send_rate","rate":296000,"ts":1760730641.2947762}
2025/10/17 19:50:42 POLARIS_LOG {"event":"send_rate","rate":304000,"ts":1760730642.2983317}
2025/10/17 19:50:43 POLARIS_LOG {"event":"send_rate","rate":304000,"ts":1760730643.2967393}
2025/10/17 19:50:44 POLARIS_LOG {"event":"send_rate","rate":296000,"ts":1760730644.3055048}
2025/10/17 19:50:45 POLARIS_LOG {"event":"send_rate","rate":296000,"ts":1760730645.2944977}
2025/10/17 19:50:46 POLARIS_LOG {"event":"send_rate","rate":304000,"ts":1760730646.319097}
2025/10/17 19:50:47 POLARIS_LOG {"event":"send_rate","rate":296000,"ts":1760730647.294981}
2025/10/17 19:50:48 POLARIS_LOG {"event":"send_rate","rate":304000,"ts":1760730648.2991292}
2025/10/17 19:50:49 POLARIS_LOG {"event":"send_rate","rate":304000,"ts":1760730649.2987676}
2025/10/17 19:50:50 POLARIS_LOG {"event":"send_rate","rate":320000,"ts":1760730650.3774989}
2025/10/17 19:50:51 POLARIS_LOG {"event":"send_rate","rate":280000,"ts":1760730651.296898}
2025/10/17 19:50:52 POLARIS_LOG {"event":"send_rate","rate":296000,"ts":1760730652.3235123}
2025/10/17 19:50:53 POLARIS_LOG {"event":"send_rate","rate":304000,"ts":1760730653.3083394}
2025/10/17 19:50:54 POLARIS_LOG {"event":"send_rate","rate":296000,"ts":1760730654.294798}
2025/10/17 19:50:55 POLARIS_LOG {"event":"send_rate","rate":296000,"ts":1760730655.2964897}
2025/10/17 19:50:56 POLARIS_LOG {"event":"send_rate","rate":304000,"ts":1760730656.2967227}
2025/10/17 19:50:57 POLARIS_LOG {"event":"send_rate","rate":296000,"ts":1760730657.2956214}
2025/10/17 19:50:58 POLARIS_LOG {"event":"send_rate","rate":304000,"ts":1760730658.2938058}
2025/10/17 19:50:59 POLARIS_LOG {"event":"send_rate","rate":296000,"ts":1760730659.2951381}
2025/10/17 19:51:00 POLARIS_LOG {"event":"send_rate","rate":304000,"ts":1760730660.2940395}
2025/10/17 19:51:01 POLARIS_LOG {"event":"send_rate","rate":296000,"ts":1760730661.2937636}
2025/10/17 19:51:02 POLARIS_LOG {"event":"send_rate","rate":304000,"ts":1760730662.2943313}
2025/10/17 19:51:03 POLARIS_LOG {"event":"send_rate","rate":304000,"ts":1760730663.3013995}
2025/10/17 19:51:04 POLARIS_LOG {"event":"send_rate","rate":296000,"ts":1760730664.2971914}
2025/10/17 19:51:05 POLARIS_LOG {"event":"send_rate","rate":304000,"ts":1760730665.3059866}
2025/10/17 19:51:06 POLARIS_LOG {"event":"send_rate","rate":296000,"ts":1760730666.2947016}
2025/10/17 19:51:07 POLARIS_LOG {"event":"send_rate","rate":288000,"ts":1760730667.2979274}
2025/10/17 19:51:08 POLARIS_LOG {"event":"send_rate","rate":312000,"ts":1760730668.294355}
2025/10/17 19:51:09 POLARIS_LOG {"event":"send_rate","rate":296000,"ts":1760730669.2947202}
2025/10/17 19:51:10 POLARIS_LOG {"event":"send_rate","rate":304000,"ts":1760730670.294296}
2025/10/17 19:51:11 POLARIS_LOG {"event":"send_rate","rate":304000,"ts":1760730671.3039298}
2025/10/17 19:51:12 POLARIS_LOG {"event":"send_rate","rate":296000,"ts":1760730672.2944183}
2025/10/17 19:51:13 POLARIS_LOG {"event":"send_rate","rate":296000,"ts":1760730673.2948058}
2025/10/17 19:51:14 POLARIS_LOG {"event":"send_rate","rate":304000,"ts":1760730674.2971764}
2025/10/17 19:51:15 POLARIS_LOG {"event":"send_rate","rate":296000,"ts":1760730675.2942305}
2025/10/17 19:51:16 POLARIS_LOG {"event":"send_rate","rate":304000,"ts":1760730676.302}
2025/10/17 19:51:17 POLARIS_LOG {"event":"send_rate","rate":296000,"ts":1760730677.2947824}
2025/10/17 19:51:18 POLARIS_LOG {"event":"send_rate","rate":304000,"ts":1760730678.3010602}
2025/10/17 19:51:19 POLARIS_LOG {"event":"send_rate","rate":296000,"ts":1760730679.295997}
2025/10/17 19:51:20 POLARIS_LOG {"event":"send_rate","rate":304000,"ts":1760730680.2962875}
2025/10/17 19:51:21 POLARIS_LOG {"event":"send_rate","rate":296000,"ts":1760730681.3017902}
2025/10/17 19:51:22 POLARIS_LOG {"event":"send_rate","rate":304000,"ts":1760730682.29492}
2025/10/17 19:51:23 POLARIS_LOG {"event":"send_rate","rate":296000,"ts":1760730683.2975638}
2025/10/17 19:51:24 POLARIS_LOG {"event":"send_rate","rate":304000,"ts":1760730684.2949996}
2025/10/17 19:51:25 POLARIS_LOG {"event":"send_rate","rate":296000,"ts":1760730685.294845}
2025/10/17 19:51:26 POLARIS_LOG {"event":"send_rate","rate":304000,"ts":1760730686.296581}
2025/10/17 19:51:27 POLARIS_LOG {"event":"send_rate","rate":296000,"ts":1760730687.2946022}
2025/10/17 19:51:28 POLARIS_LOG {"event":"send_rate","rate":304000,"ts":1760730688.2960181}
2025/10/17 19:51:29 POLARIS_LOG {"event":"send_rate","rate":304000,"ts":1760730689.3044198}
2025/10/17 19:51:30 POLARIS_LOG {"event":"send_rate","rate":296000,"ts":1760730690.2968183}
2025/10/17 19:51:31 POLARIS_LOG {"event":"send_rate","rate":296000,"ts":1760730691.2937226}
2025/10/17 19:51:32 POLARIS_LOG {"event":"send_rate","rate":304000,"ts":1760730692.2958543}
2025/10/17 19:51:33 POLARIS_LOG {"event":"send_rate","rate":296000,"ts":1760730693.2938588}
2025/10/17 19:51:34 POLARIS_LOG {"event":"send_rate","rate":304000,"ts":1760730694.310042}
2025/10/17 19:51:35 POLARIS_LOG {"event":"send_rate","rate":312000,"ts":1760730695.356363}
2025/10/17 19:51:36 POLARIS_LOG {"event":"send_rate","rate":288000,"ts":1760730696.295008}
2025/10/17 19:51:37 POLARIS_LOG {"event":"send_rate","rate":304000,"ts":1760730697.3096673}
2025/10/17 19:51:38 POLARIS_LOG {"event":"send_rate","rate":304000,"ts":1760730698.3322446}
2025/10/17 19:51:39 POLARIS_LOG {"event":"send_rate","rate":288000,"ts":1760730699.2938983}
2025/10/17 19:51:40 POLARIS_LOG {"event":"send_rate","rate":304000,"ts":1760730700.2938435}
2025/10/17 19:51:41 POLARIS_LOG {"event":"send_rate","rate":304000,"ts":1760730701.3151224}
2025/10/17 19:51:42 POLARIS_LOG {"event":"send_rate","rate":296000,"ts":1760730702.294572}
2025/10/17 19:51:43 POLARIS_LOG {"event":"send_rate","rate":296000,"ts":1760730703.3177648}
2025/10/17 19:51:44 POLARIS_LOG {"event":"send_rate","rate":304000,"ts":1760730704.294459}
2025/10/17 19:51:45 POLARIS_LOG {"event":"send_rate","rate":296000,"ts":1760730705.2942805}
2025/10/17 19:51:46 POLARIS_LOG {"event":"send_rate","rate":304000,"ts":1760730706.3050733}
2025/10/17 19:51:47 POLARIS_LOG {"event":"send_rate","rate":304000,"ts":1760730707.3175442}
2025/10/17 19:51:48 POLARIS_LOG {"event":"send_rate","rate":288000,"ts":1760730708.2947004}
2025/10/17 19:51:49 POLARIS_LOG {"event":"send_rate","rate":304000,"ts":1760730709.2953146}
2025/10/17 19:51:50 POLARIS_LOG {"event":"send_rate","rate":304000,"ts":1760730710.3025444}
2025/10/17 19:51:51 POLARIS_LOG {"event":"send_rate","rate":296000,"ts":1760730711.294224}
2025/10/17 19:51:52 POLARIS_LOG {"event":"send_rate","rate":304000,"ts":1760730712.3045826}
2025/10/17 19:51:53 POLARIS_LOG {"event":"send_rate","rate":296000,"ts":1760730713.294607}
2025/10/17 19:51:54 POLARIS_LOG {"event":"send_rate","rate":304000,"ts":1760730714.312925}
2025/10/17 19:51:55 POLARIS_LOG {"event":"send_rate","rate":296000,"ts":1760730715.294739}
2025/10/17 19:51:56 POLARIS_LOG {"event":"send_rate","rate":304000,"ts":1760730716.2959352}
2025/10/17 19:51:57 POLARIS_LOG {"event":"send_rate","rate":296000,"ts":1760730717.2948503}
2025/10/17 19:51:58 POLARIS_LOG {"event":"send_rate","rate":304000,"ts":1760730718.2975447}
2025/10/17 19:51:59 POLARIS_LOG {"event":"send_rate","rate":296000,"ts":1760730719.293913}
2025/10/17 19:52:00 POLARIS_LOG {"event":"send_rate","rate":296000,"ts":1760730720.3001964}
2025/10/17 19:52:01 POLARIS_LOG {"event":"send_rate","rate":304000,"ts":1760730721.295195}
2025/10/17 19:52:02 POLARIS_LOG {"event":"send_rate","rate":304000,"ts":1760730722.2942286}
2025/10/17 19:52:03 POLARIS_LOG {"event":"send_rate","rate":288000,"ts":1760730723.3002594}
2025/10/17 19:52:04 POLARIS_LOG {"event":"send_rate","rate":312000,"ts":1760730724.2939115}
2025/10/17 19:52:05 POLARIS_LOG {"event":"send_rate","rate":296000,"ts":1760730725.2954612}
2025/10/17 19:52:06 POLARIS_LOG {"event":"send_rate","rate":304000,"ts":1760730726.2953835}
2025/10/17 19:52:07 POLARIS_LOG {"event":"send_rate","rate":296000,"ts":1760730727.296829}
2025/10/17 19:52:08 POLARIS_LOG {"event":"send_rate","rate":304000,"ts":1760730728.293775}
2025/10/17 19:52:09 POLARIS_LOG {"event":"send_rate","rate":296000,"ts":1760730729.2953846}
2025/10/17 19:52:10 POLARIS_LOG {"event":"send_rate","rate":304000,"ts":1760730730.3054018}
2025/10/17 19:52:11 POLARIS_LOG {"event":"send_rate","rate":304000,"ts":1760730731.318416}
2025/10/17 19:52:12 POLARIS_LOG {"event":"send_rate","rate":288000,"ts":1760730732.3099134}
Skipping switch: current path 4 4 1 3 has lastEstimate 400000 >= maxEstimate 0
2025/10/17 19:52:13 POLARIS_LOG {"event":"send_rate","rate":304000,"ts":1760730733.298169}
2025/10/17 19:52:14 POLARIS_LOG {"event":"send_rate","rate":304000,"ts":1760730734.2947164}
Drain Loop received packet
Drain Loop received non-nil payload
Client sent 10125 packets, server reported 10090 packets received
The network loss rate from client to server is 0.3%

S->C results
Attempted bandwidth: 0 bps / 0.00 Mbps
Achieved bandwidth: 0 bps / 0.00 Mbps
Loss rate: 0.0%
Interarrival time min/avg/max/mdev = -0.000/0.000/0.000/0.000 ms

C->S results
Attempted bandwidth: 300000 bps / 0.30 Mbps
Achieved bandwidth: 298962 bps / 0.30 Mbps
Loss rate: 0.3%
Interarrival time min/avg/max/mdev = 0.002/26.577/301.232/16.573 ms
