
Test parameters:
client->server: 243 seconds, 1000 bytes, 9112 packets
server->client: 243 seconds, 1000 bytes, 0 packets
2025/10/17 19:48:09 POLARIS_LOG {"current_rate":0,"event":"path_switch","new":"2 2 5 2","trigger":"initialization","ts":1760730489.5102303}
Polaris prober initialized with 38 paths
Polaris prober initialized with local 1-111,10.111.0.71:32706 and remote 1-113,10.113.0.71
2025/10/17 19:48:10 POLARIS_LOG {"event":"send_rate","rate":0,"ts":1760730490.514399}
2025/10/17 19:48:11 POLARIS_LOG {"event":"send_rate","rate":192000,"ts":1760730491.513394}
2025/10/17 19:48:12 POLARIS_LOG {"event":"send_rate","rate":296000,"ts":1760730492.5176833}
2025/10/17 19:48:13 POLARIS_LOG {"event":"send_rate","rate":304000,"ts":1760730493.5136006}
2025/10/17 19:48:14 POLARIS_LOG {"event":"send_rate","rate":296000,"ts":1760730494.5220156}
2025/10/17 19:48:15 POLARIS_LOG {"event":"send_rate","rate":304000,"ts":1760730495.5213838}
2025/10/17 19:48:16 POLARIS_LOG {"event":"send_rate","rate":296000,"ts":1760730496.51358}
2025/10/17 19:48:17 POLARIS_LOG {"event":"send_rate","rate":296000,"ts":1760730497.519351}
2025/10/17 19:48:18 POLARIS_LOG {"event":"send_rate","rate":304000,"ts":1760730498.529918}
2025/10/17 19:48:19 POLARIS_LOG {"event":"send_rate","rate":304000,"ts":1760730499.515289}
2025/10/17 19:48:20 POLARIS_LOG {"event":"send_rate","rate":296000,"ts":1760730500.5186436}
2025/10/17 19:48:21 POLARIS_LOG {"event":"send_rate","rate":304000,"ts":1760730501.530626}
2025/10/17 19:48:22 POLARIS_LOG {"event":"send_rate","rate":296000,"ts":1760730502.5151875}
2025/10/17 19:48:23 POLARIS_LOG {"event":"send_rate","rate":304000,"ts":1760730503.5138276}
2025/10/17 19:48:24 POLARIS_LOG {"event":"send_rate","rate":296000,"ts":1760730504.5137165}
2025/10/17 19:48:25 POLARIS_LOG {"event":"send_rate","rate":304000,"ts":1760730505.5143332}
2025/10/17 19:48:26 POLARIS_LOG {"event":"send_rate","rate":296000,"ts":1760730506.5141628}
2025/10/17 19:48:27 POLARIS_LOG {"event":"send_rate","rate":304000,"ts":1760730507.5139468}
2025/10/17 19:48:28 POLARIS_LOG {"event":"send_rate","rate":296000,"ts":1760730508.5378556}
2025/10/17 19:48:29 POLARIS_LOG {"event":"send_rate","rate":296000,"ts":1760730509.5310194}
2025/10/17 19:48:30 POLARIS_LOG {"event":"send_rate","rate":312000,"ts":1760730510.5266929}
2025/10/17 19:48:31 POLARIS_LOG {"event":"send_rate","rate":288000,"ts":1760730511.5143058}
2025/10/17 19:48:32 POLARIS_LOG {"event":"send_rate","rate":304000,"ts":1760730512.5145736}
2025/10/17 19:48:33 POLARIS_LOG {"event":"send_rate","rate":304000,"ts":1760730513.516493}
2025/10/17 19:48:34 POLARIS_LOG {"event":"send_rate","rate":296000,"ts":1760730514.5141158}
2025/10/17 19:48:35 POLARIS_LOG {"event":"send_rate","rate":304000,"ts":1760730515.5154636}
2025/10/17 19:48:36 POLARIS_LOG {"event":"send_rate","rate":304000,"ts":1760730516.535487}
2025/10/17 19:48:37 POLARIS_LOG {"event":"send_rate","rate":296000,"ts":1760730517.5257552}
2025/10/17 19:48:38 POLARIS_LOG {"event":"send_rate","rate":288000,"ts":1760730518.5144856}
2025/10/17 19:48:39 POLARIS_LOG {"event":"send_rate","rate":304000,"ts":1760730519.5136168}
2025/10/17 19:48:40 POLARIS_LOG {"event":"send_rate","rate":312000,"ts":1760730520.5415142}
2025/10/17 19:48:41 POLARIS_LOG {"event":"send_rate","rate":296000,"ts":1760730521.52503}
2025/10/17 19:48:42 POLARIS_LOG {"event":"send_rate","rate":288000,"ts":1760730522.5215049}
2025/10/17 19:48:43 POLARIS_LOG {"event":"send_rate","rate":312000,"ts":1760730523.517647}
2025/10/17 19:48:44 POLARIS_LOG {"event":"send_rate","rate":296000,"ts":1760730524.513487}
2025/10/17 19:48:45 POLARIS_LOG {"event":"send_rate","rate":304000,"ts":1760730525.5300095}
2025/10/17 19:48:46 POLARIS_LOG {"event":"send_rate","rate":296000,"ts":1760730526.5144176}
2025/10/17 19:48:47 POLARIS_LOG {"event":"send_rate","rate":304000,"ts":1760730527.516958}
2025/10/17 19:48:48 POLARIS_LOG {"event":"send_rate","rate":296000,"ts":1760730528.5165176}
2025/10/17 19:48:49 POLARIS_LOG {"event":"send_rate","rate":296000,"ts":1760730529.5309184}
2025/10/17 19:48:50 POLARIS_LOG {"event":"send_rate","rate":304000,"ts":1760730530.5239484}
2025/10/17 19:48:51 POLARIS_LOG {"event":"send_rate","rate":304000,"ts":1760730531.5290773}
2025/10/17 19:48:52 POLARIS_LOG {"event":"send_rate","rate":296000,"ts":1760730532.5215018}
2025/10/17 19:48:53 POLARIS_LOG {"event":"send_rate","rate":296000,"ts":1760730533.513677}
2025/10/17 19:48:54 POLARIS_LOG {"event":"send_rate","rate":304000,"ts":1760730534.5182784}
2025/10/17 19:48:55 POLARIS_LOG {"event":"send_rate","rate":296000,"ts":1760730535.51771}
2025/10/17 19:48:56 POLARIS_LOG {"event":"send_rate","rate":320000,"ts":1760730536.5743933}
2025/10/17 19:48:57 POLARIS_LOG {"event":"send_rate","rate":280000,"ts":1760730537.5163233}
2025/10/17 19:48:58 POLARIS_LOG {"event":"send_rate","rate":304000,"ts":1760730538.521821}
2025/10/17 19:48:59 POLARIS_LOG {"event":"send_rate","rate":296000,"ts":1760730539.5160382}
2025/10/17 19:49:00 POLARIS_LOG {"event":"send_rate","rate":312000,"ts":1760730540.543834}
2025/10/17 19:49:01 POLARIS_LOG {"event":"send_rate","rate":296000,"ts":1760730541.5270956}
2025/10/17 19:49:02 POLARIS_LOG {"event":"send_rate","rate":296000,"ts":1760730542.520699}
2025/10/17 19:49:03 POLARIS_LOG {"event":"send_rate","rate":296000,"ts":1760730543.5139353}
2025/10/17 19:49:04 POLARIS_LOG {"event":"send_rate","rate":304000,"ts":1760730544.5137544}
2025/10/17 19:49:05 POLARIS_LOG {"event":"send_rate","rate":296000,"ts":1760730545.5155025}
2025/10/17 19:49:06 POLARIS_LOG {"event":"send_rate","rate":304000,"ts":1760730546.5218084}
2025/10/17 19:49:07 POLARIS_LOG {"event":"send_rate","rate":296000,"ts":1760730547.515105}
2025/10/17 19:49:08 POLARIS_LOG {"event":"send_rate","rate":304000,"ts":1760730548.5134716}
2025/10/17 19:49:09 POLARIS_LOG {"event":"send_rate","rate":296000,"ts":1760730549.5172303}
2025/10/17 19:49:10 POLARIS_LOG {"event":"send_rate","rate":296000,"ts":1760730550.5271904}
2025/10/17 19:49:11 POLARIS_LOG {"event":"send_rate","rate":304000,"ts":1760730551.5138438}
2025/10/17 19:49:12 POLARIS_LOG {"event":"send_rate","rate":304000,"ts":1760730552.5152225}
2025/10/17 19:49:13 POLARIS_LOG {"event":"send_rate","rate":296000,"ts":1760730553.5254161}
2025/10/17 19:49:14 POLARIS_LOG {"event":"send_rate","rate":304000,"ts":1760730554.5245264}
2025/10/17 19:49:15 POLARIS_LOG {"event":"send_rate","rate":296000,"ts":1760730555.5315995}
2025/10/17 19:49:16 POLARIS_LOG {"event":"send_rate","rate":304000,"ts":1760730556.5164711}
2025/10/17 19:49:17 POLARIS_LOG {"event":"send_rate","rate":296000,"ts":1760730557.517718}
2025/10/17 19:49:18 POLARIS_LOG {"event":"send_rate","rate":312000,"ts":1760730558.5450544}
Skipping switch: current path 2 2 5 2 has lastEstimate 400000 >= maxEstimate 0
2025/10/17 19:49:19 POLARIS_LOG {"event":"send_rate","rate":288000,"ts":1760730559.5138588}
2025/10/17 19:49:20 POLARIS_LOG {"event":"send_rate","rate":296000,"ts":1760730560.5421531}
2025/10/17 19:49:21 POLARIS_LOG {"event":"send_rate","rate":312000,"ts":1760730561.5274923}
2025/10/17 19:49:22 POLARIS_LOG {"event":"send_rate","rate":296000,"ts":1760730562.5135734}
2025/10/17 19:49:23 POLARIS_LOG {"event":"send_rate","rate":296000,"ts":1760730563.525991}
2025/10/17 19:49:24 POLARIS_LOG {"event":"send_rate","rate":304000,"ts":1760730564.5200276}
2025/10/17 19:49:25 POLARIS_LOG {"event":"send_rate","rate":304000,"ts":1760730565.5307643}
2025/10/17 19:49:26 POLARIS_LOG {"event":"send_rate","rate":296000,"ts":1760730566.5152113}
2025/10/17 19:49:27 POLARIS_LOG {"event":"send_rate","rate":296000,"ts":1760730567.5137236}
2025/10/17 19:49:28 POLARIS_LOG {"event":"send_rate","rate":304000,"ts":1760730568.5185275}
2025/10/17 19:49:29 POLARIS_LOG {"event":"send_rate","rate":304000,"ts":1760730569.534842}
2025/10/17 19:49:30 POLARIS_LOG {"event":"send_rate","rate":296000,"ts":1760730570.5144522}
2025/10/17 19:49:31 POLARIS_LOG {"event":"send_rate","rate":312000,"ts":1760730571.5815175}
2025/10/17 19:49:32 POLARIS_LOG {"event":"send_rate","rate":288000,"ts":1760730572.5141256}
2025/10/17 19:49:33 POLARIS_LOG {"event":"send_rate","rate":296000,"ts":1760730573.5141604}
2025/10/17 19:49:34 POLARIS_LOG {"event":"send_rate","rate":304000,"ts":1760730574.513466}
2025/10/17 19:49:35 POLARIS_LOG {"event":"send_rate","rate":296000,"ts":1760730575.514296}
2025/10/17 19:49:36 POLARIS_LOG {"event":"send_rate","rate":304000,"ts":1760730576.5179868}
2025/10/17 19:49:37 POLARIS_LOG {"event":"send_rate","rate":296000,"ts":1760730577.5153646}
2025/10/17 19:49:38 POLARIS_LOG {"event":"send_rate","rate":304000,"ts":1760730578.521661}
2025/10/17 19:49:39 POLARIS_LOG {"event":"send_rate","rate":296000,"ts":1760730579.5255313}
2025/10/17 19:49:40 POLARIS_LOG {"event":"send_rate","rate":304000,"ts":1760730580.5260963}
2025/10/17 19:49:41 POLARIS_LOG {"event":"send_rate","rate":304000,"ts":1760730581.532337}
2025/10/17 19:49:42 POLARIS_LOG {"event":"send_rate","rate":296000,"ts":1760730582.5138738}
2025/10/17 19:49:43 POLARIS_LOG {"event":"send_rate","rate":296000,"ts":1760730583.5146804}
2025/10/17 19:49:44 POLARIS_LOG {"event":"send_rate","rate":304000,"ts":1760730584.5142598}
2025/10/17 19:49:45 POLARIS_LOG {"event":"send_rate","rate":296000,"ts":1760730585.518138}
2025/10/17 19:49:46 POLARIS_LOG {"event":"send_rate","rate":304000,"ts":1760730586.5177708}
2025/10/17 19:49:47 POLARIS_LOG {"event":"send_rate","rate":296000,"ts":1760730587.5287163}
2025/10/17 19:49:48 POLARIS_LOG {"event":"send_rate","rate":304000,"ts":1760730588.5143337}
2025/10/17 19:49:49 POLARIS_LOG {"event":"send_rate","rate":304000,"ts":1760730589.5325634}
2025/10/17 19:49:50 POLARIS_LOG {"event":"send_rate","rate":288000,"ts":1760730590.5137234}
2025/10/17 19:49:51 POLARIS_LOG {"event":"send_rate","rate":304000,"ts":1760730591.522392}
2025/10/17 19:49:52 POLARIS_LOG {"event":"send_rate","rate":296000,"ts":1760730592.5401871}
2025/10/17 19:49:53 POLARIS_LOG {"event":"send_rate","rate":304000,"ts":1760730593.513265}
2025/10/17 19:49:54 POLARIS_LOG {"event":"send_rate","rate":304000,"ts":1760730594.5144253}
2025/10/17 19:49:55 POLARIS_LOG {"event":"send_rate","rate":296000,"ts":1760730595.5163574}
2025/10/17 19:49:56 POLARIS_LOG {"event":"send_rate","rate":304000,"ts":1760730596.524764}
2025/10/17 19:49:57 POLARIS_LOG {"event":"send_rate","rate":296000,"ts":1760730597.5133934}
2025/10/17 19:49:58 POLARIS_LOG {"event":"send_rate","rate":304000,"ts":1760730598.528817}
2025/10/17 19:49:59 POLARIS_LOG {"event":"send_rate","rate":296000,"ts":1760730599.5134137}
2025/10/17 19:50:00 POLARIS_LOG {"event":"send_rate","rate":304000,"ts":1760730600.5339327}
2025/10/17 19:50:01 POLARIS_LOG {"event":"send_rate","rate":288000,"ts":1760730601.55319}
2025/10/17 19:50:02 POLARIS_LOG {"event":"send_rate","rate":304000,"ts":1760730602.5139136}
2025/10/17 19:50:03 POLARIS_LOG {"event":"send_rate","rate":304000,"ts":1760730603.5226166}
2025/10/17 19:50:04 POLARIS_LOG {"event":"send_rate","rate":296000,"ts":1760730604.5149057}
2025/10/17 19:50:05 POLARIS_LOG {"event":"send_rate","rate":304000,"ts":1760730605.5135064}
2025/10/17 19:50:06 POLARIS_LOG {"event":"send_rate","rate":304000,"ts":1760730606.527753}
2025/10/17 19:50:07 POLARIS_LOG {"event":"send_rate","rate":304000,"ts":1760730607.5398252}
2025/10/17 19:50:08 POLARIS_LOG {"event":"send_rate","rate":288000,"ts":1760730608.5354645}
Skipping switch: current path 2 2 5 2 has lastEstimate 400000 >= maxEstimate 0
2025/10/17 19:50:09 POLARIS_LOG {"event":"send_rate","rate":320000,"ts":1760730609.562196}
2025/10/17 19:50:10 POLARIS_LOG {"event":"send_rate","rate":280000,"ts":1760730610.5137606}
2025/10/17 19:50:11 POLARIS_LOG {"event":"send_rate","rate":304000,"ts":1760730611.5203812}
2025/10/17 19:50:12 POLARIS_LOG {"event":"send_rate","rate":296000,"ts":1760730612.513433}
2025/10/17 19:50:13 POLARIS_LOG {"event":"send_rate","rate":304000,"ts":1760730613.5147552}
2025/10/17 19:50:14 POLARIS_LOG {"event":"send_rate","rate":304000,"ts":1760730614.5209126}
2025/10/17 19:50:15 POLARIS_LOG {"event":"send_rate","rate":296000,"ts":1760730615.518649}
2025/10/17 19:50:16 POLARIS_LOG {"event":"send_rate","rate":296000,"ts":1760730616.528318}
2025/10/17 19:50:17 POLARIS_LOG {"event":"send_rate","rate":304000,"ts":1760730617.5229356}
2025/10/17 19:50:18 POLARIS_LOG {"event":"send_rate","rate":296000,"ts":1760730618.5278118}
2025/10/17 19:50:19 POLARIS_LOG {"event":"send_rate","rate":312000,"ts":1760730619.5317547}
2025/10/17 19:50:20 POLARIS_LOG {"event":"send_rate","rate":288000,"ts":1760730620.5159976}
2025/10/17 19:50:21 POLARIS_LOG {"event":"send_rate","rate":304000,"ts":1760730621.5148754}
2025/10/17 19:50:22 POLARIS_LOG {"event":"send_rate","rate":296000,"ts":1760730622.5145125}
2025/10/17 19:50:23 POLARIS_LOG {"event":"send_rate","rate":304000,"ts":1760730623.5142512}
2025/10/17 19:50:24 POLARIS_LOG {"event":"send_rate","rate":320000,"ts":1760730624.5759099}
2025/10/17 19:50:25 POLARIS_LOG {"event":"send_rate","rate":280000,"ts":1760730625.5434198}
2025/10/17 19:50:26 POLARIS_LOG {"event":"send_rate","rate":312000,"ts":1760730626.5479252}
2025/10/17 19:50:27 POLARIS_LOG {"event":"send_rate","rate":288000,"ts":1760730627.5248137}
2025/10/17 19:50:28 POLARIS_LOG {"event":"send_rate","rate":296000,"ts":1760730628.515217}
2025/10/17 19:50:29 POLARIS_LOG {"event":"send_rate","rate":304000,"ts":1760730629.5246036}
2025/10/17 19:50:30 POLARIS_LOG {"event":"send_rate","rate":296000,"ts":1760730630.516613}
2025/10/17 19:50:31 POLARIS_LOG {"event":"send_rate","rate":304000,"ts":1760730631.522242}
2025/10/17 19:50:32 POLARIS_LOG {"event":"send_rate","rate":296000,"ts":1760730632.5165138}
2025/10/17 19:50:33 POLARIS_LOG {"event":"send_rate","rate":304000,"ts":1760730633.5337849}
2025/10/17 19:50:34 POLARIS_LOG {"event":"send_rate","rate":304000,"ts":1760730634.5432553}
2025/10/17 19:50:35 POLARIS_LOG {"event":"send_rate","rate":296000,"ts":1760730635.514592}
2025/10/17 19:50:36 POLARIS_LOG {"event":"send_rate","rate":296000,"ts":1760730636.5145648}
2025/10/17 19:50:37 POLARIS_LOG {"event":"send_rate","rate":304000,"ts":1760730637.5217304}
2025/10/17 19:50:38 POLARIS_LOG {"event":"send_rate","rate":296000,"ts":1760730638.5141644}
2025/10/17 19:50:39 POLARIS_LOG {"event":"send_rate","rate":304000,"ts":1760730639.5184405}
2025/10/17 19:50:40 POLARIS_LOG {"event":"send_rate","rate":328000,"ts":1760730640.6046226}
2025/10/17 19:50:41 POLARIS_LOG {"event":"send_rate","rate":280000,"ts":1760730641.5502274}
2025/10/17 19:50:42 POLARIS_LOG {"event":"send_rate","rate":288000,"ts":1760730642.5148842}
2025/10/17 19:50:43 POLARIS_LOG {"event":"send_rate","rate":304000,"ts":1760730643.513403}
2025/10/17 19:50:44 POLARIS_LOG {"event":"send_rate","rate":304000,"ts":1760730644.537892}
2025/10/17 19:50:45 POLARIS_LOG {"event":"send_rate","rate":296000,"ts":1760730645.5174437}
2025/10/17 19:50:46 POLARIS_LOG {"event":"send_rate","rate":296000,"ts":1760730646.5174189}
2025/10/17 19:50:47 POLARIS_LOG {"event":"send_rate","rate":304000,"ts":1760730647.5135524}
2025/10/17 19:50:48 POLARIS_LOG {"event":"send_rate","rate":296000,"ts":1760730648.5163324}
2025/10/17 19:50:49 POLARIS_LOG {"event":"send_rate","rate":304000,"ts":1760730649.5176227}
2025/10/17 19:50:50 POLARIS_LOG {"event":"send_rate","rate":296000,"ts":1760730650.5859518}
2025/10/17 19:50:51 POLARIS_LOG {"event":"send_rate","rate":304000,"ts":1760730651.5137699}
2025/10/17 19:50:52 POLARIS_LOG {"event":"send_rate","rate":296000,"ts":1760730652.5136974}
2025/10/17 19:50:53 POLARIS_LOG {"event":"send_rate","rate":304000,"ts":1760730653.514345}
2025/10/17 19:50:54 POLARIS_LOG {"event":"send_rate","rate":296000,"ts":1760730654.5147367}
2025/10/17 19:50:55 POLARIS_LOG {"event":"send_rate","rate":304000,"ts":1760730655.5136251}
2025/10/17 19:50:56 POLARIS_LOG {"event":"send_rate","rate":304000,"ts":1760730656.5353818}
2025/10/17 19:50:57 POLARIS_LOG {"event":"send_rate","rate":296000,"ts":1760730657.5167732}
2025/10/17 19:50:58 POLARIS_LOG {"event":"send_rate","rate":296000,"ts":1760730658.5141253}
2025/10/17 19:50:59 POLARIS_LOG {"event":"send_rate","rate":304000,"ts":1760730659.5144074}
2025/10/17 19:51:00 POLARIS_LOG {"event":"send_rate","rate":296000,"ts":1760730660.5135603}
2025/10/17 19:51:01 POLARIS_LOG {"event":"send_rate","rate":296000,"ts":1760730661.5164502}
2025/10/17 19:51:02 POLARIS_LOG {"event":"send_rate","rate":304000,"ts":1760730662.513667}
2025/10/17 19:51:03 POLARIS_LOG {"event":"send_rate","rate":304000,"ts":1760730663.5140944}
2025/10/17 19:51:04 POLARIS_LOG {"event":"send_rate","rate":296000,"ts":1760730664.5142927}
2025/10/17 19:51:05 POLARIS_LOG {"event":"send_rate","rate":304000,"ts":1760730665.514333}
2025/10/17 19:51:06 POLARIS_LOG {"event":"send_rate","rate":296000,"ts":1760730666.5139356}
2025/10/17 19:51:07 POLARIS_LOG {"event":"send_rate","rate":304000,"ts":1760730667.521387}
2025/10/17 19:51:08 POLARIS_LOG {"event":"send_rate","rate":304000,"ts":1760730668.5398736}
2025/10/17 19:51:09 POLARIS_LOG {"event":"send_rate","rate":288000,"ts":1760730669.516442}
Skipping switch: current path 2 2 5 2 has lastEstimate 400000 >= maxEstimate 0
2025/10/17 19:51:10 POLARIS_LOG {"event":"send_rate","rate":304000,"ts":1760730670.5167434}
2025/10/17 19:51:11 POLARIS_LOG {"event":"send_rate","rate":304000,"ts":1760730671.5168116}
2025/10/17 19:51:12 POLARIS_LOG {"event":"send_rate","rate":296000,"ts":1760730672.5199165}
2025/10/17 19:51:13 POLARIS_LOG {"event":"send_rate","rate":304000,"ts":1760730673.5134342}
2025/10/17 19:51:14 POLARIS_LOG {"event":"send_rate","rate":296000,"ts":1760730674.5147822}
2025/10/17 19:51:15 POLARIS_LOG {"event":"send_rate","rate":304000,"ts":1760730675.520892}
2025/10/17 19:51:16 POLARIS_LOG {"event":"send_rate","rate":296000,"ts":1760730676.5159564}
2025/10/17 19:51:17 POLARIS_LOG {"event":"send_rate","rate":304000,"ts":1760730677.5319135}
2025/10/17 19:51:18 POLARIS_LOG {"event":"send_rate","rate":296000,"ts":1760730678.5134115}
2025/10/17 19:51:19 POLARIS_LOG {"event":"send_rate","rate":296000,"ts":1760730679.518984}
2025/10/17 19:51:20 POLARIS_LOG {"event":"send_rate","rate":304000,"ts":1760730680.5138977}
2025/10/17 19:51:21 POLARIS_LOG {"event":"send_rate","rate":312000,"ts":1760730681.5432665}
2025/10/17 19:51:22 POLARIS_LOG {"event":"send_rate","rate":288000,"ts":1760730682.5132535}
2025/10/17 19:51:23 POLARIS_LOG {"event":"send_rate","rate":296000,"ts":1760730683.5141842}
2025/10/17 19:51:24 POLARIS_LOG {"event":"send_rate","rate":296000,"ts":1760730684.5282102}
2025/10/17 19:51:25 POLARIS_LOG {"event":"send_rate","rate":304000,"ts":1760730685.513459}
2025/10/17 19:51:26 POLARIS_LOG {"event":"send_rate","rate":312000,"ts":1760730686.5302432}
2025/10/17 19:51:27 POLARIS_LOG {"event":"send_rate","rate":288000,"ts":1760730687.5133893}
2025/10/17 19:51:28 POLARIS_LOG {"event":"send_rate","rate":304000,"ts":1760730688.5179362}
2025/10/17 19:51:29 POLARIS_LOG {"event":"send_rate","rate":296000,"ts":1760730689.514156}
2025/10/17 19:51:30 POLARIS_LOG {"event":"send_rate","rate":304000,"ts":1760730690.5141523}
2025/10/17 19:51:31 POLARIS_LOG {"event":"send_rate","rate":296000,"ts":1760730691.513502}
2025/10/17 19:51:32 POLARIS_LOG {"event":"send_rate","rate":312000,"ts":1760730692.530563}
2025/10/17 19:51:33 POLARIS_LOG {"event":"send_rate","rate":288000,"ts":1760730693.51333}
2025/10/17 19:51:34 POLARIS_LOG {"event":"send_rate","rate":304000,"ts":1760730694.5382745}
2025/10/17 19:51:35 POLARIS_LOG {"event":"send_rate","rate":296000,"ts":1760730695.5141633}
2025/10/17 19:51:36 POLARIS_LOG {"event":"send_rate","rate":304000,"ts":1760730696.514051}
2025/10/17 19:51:37 POLARIS_LOG {"event":"send_rate","rate":304000,"ts":1760730697.532326}
2025/10/17 19:51:38 POLARIS_LOG {"event":"send_rate","rate":296000,"ts":1760730698.51378}
2025/10/17 19:51:39 POLARIS_LOG {"event":"send_rate","rate":296000,"ts":1760730699.514003}
2025/10/17 19:51:40 POLARIS_LOG {"event":"send_rate","rate":304000,"ts":1760730700.5135536}
2025/10/17 19:51:41 POLARIS_LOG {"event":"send_rate","rate":304000,"ts":1760730701.5330124}
2025/10/17 19:51:42 POLARIS_LOG {"event":"send_rate","rate":296000,"ts":1760730702.5289416}
2025/10/17 19:51:43 POLARIS_LOG {"event":"send_rate","rate":304000,"ts":1760730703.5183322}
2025/10/17 19:51:44 POLARIS_LOG {"event":"send_rate","rate":296000,"ts":1760730704.5226605}
2025/10/17 19:51:45 POLARIS_LOG {"event":"send_rate","rate":304000,"ts":1760730705.5277655}
2025/10/17 19:51:46 POLARIS_LOG {"event":"send_rate","rate":288000,"ts":1760730706.52195}
2025/10/17 19:51:47 POLARIS_LOG {"event":"send_rate","rate":304000,"ts":1760730707.5140722}
2025/10/17 19:51:48 POLARIS_LOG {"event":"send_rate","rate":304000,"ts":1760730708.5132887}
2025/10/17 19:51:49 POLARIS_LOG {"event":"send_rate","rate":296000,"ts":1760730709.5151646}
2025/10/17 19:51:50 POLARIS_LOG {"event":"send_rate","rate":304000,"ts":1760730710.515965}
2025/10/17 19:51:51 POLARIS_LOG {"event":"send_rate","rate":296000,"ts":1760730711.5156372}
2025/10/17 19:51:52 POLARIS_LOG {"event":"send_rate","rate":320000,"ts":1760730712.5663953}
2025/10/17 19:51:53 POLARIS_LOG {"event":"send_rate","rate":280000,"ts":1760730713.515811}
2025/10/17 19:51:54 POLARIS_LOG {"event":"send_rate","rate":304000,"ts":1760730714.5150695}
2025/10/17 19:51:55 POLARIS_LOG {"event":"send_rate","rate":296000,"ts":1760730715.5135515}
2025/10/17 19:51:56 POLARIS_LOG {"event":"send_rate","rate":304000,"ts":1760730716.514407}
2025/10/17 19:51:57 POLARIS_LOG {"event":"send_rate","rate":296000,"ts":1760730717.523971}
2025/10/17 19:51:58 POLARIS_LOG {"event":"send_rate","rate":304000,"ts":1760730718.5139577}
2025/10/17 19:51:59 POLARIS_LOG {"event":"send_rate","rate":304000,"ts":1760730719.5224326}
2025/10/17 19:52:00 POLARIS_LOG {"event":"send_rate","rate":296000,"ts":1760730720.5149453}
2025/10/17 19:52:01 POLARIS_LOG {"event":"send_rate","rate":296000,"ts":1760730721.5173888}
2025/10/17 19:52:02 POLARIS_LOG {"event":"send_rate","rate":296000,"ts":1760730722.5540552}
2025/10/17 19:52:03 POLARIS_LOG {"event":"send_rate","rate":304000,"ts":1760730723.5172622}
2025/10/17 19:52:04 POLARIS_LOG {"event":"send_rate","rate":312000,"ts":1760730724.5525482}
2025/10/17 19:52:05 POLARIS_LOG {"event":"send_rate","rate":288000,"ts":1760730725.5174208}
2025/10/17 19:52:06 POLARIS_LOG {"event":"send_rate","rate":304000,"ts":1760730726.5140197}
2025/10/17 19:52:07 POLARIS_LOG {"event":"send_rate","rate":296000,"ts":1760730727.5198145}
2025/10/17 19:52:08 POLARIS_LOG {"event":"send_rate","rate":304000,"ts":1760730728.5140698}
2025/10/17 19:52:09 POLARIS_LOG {"event":"send_rate","rate":296000,"ts":1760730729.513993}
2025/10/17 19:52:10 POLARIS_LOG {"event":"send_rate","rate":304000,"ts":1760730730.530851}
2025/10/17 19:52:11 POLARIS_LOG {"event":"send_rate","rate":296000,"ts":1760730731.5144763}
2025/10/17 19:52:12 POLARIS_LOG {"event":"send_rate","rate":304000,"ts":1760730732.527668}
2025/10/17 19:52:13 POLARIS_LOG {"event":"send_rate","rate":296000,"ts":1760730733.521993}
We need to sleep for 1 seconds before we can get the results
Drain Loop received packet
Drain Loop received non-nil payload
Client sent 9112 packets, server reported 9110 packets received
The network loss rate from client to server is 0.0%

S->C results
Attempted bandwidth: 0 bps / 0.00 Mbps
Achieved bandwidth: 0 bps / 0.00 Mbps
Loss rate: 0.0%
Interarrival time min/avg/max/mdev = -0.000/0.000/0.000/0.000 ms

C->S results
Attempted bandwidth: 299983 bps / 0.30 Mbps
Achieved bandwidth: 299917 bps / 0.30 Mbps
Loss rate: 0.0%
Interarrival time min/avg/max/mdev = 0.002/26.593/265.734/15.464 ms
