
Test parameters:
client->server: 297 seconds, 1000 bytes, 11137 packets
server->client: 297 seconds, 1000 bytes, 0 packets
Polaris prober initialized with 38 paths
2025/10/17 19:47:15 POLARIS_LOG {"current_rate":0,"event":"path_switch","new":"2 2 5 2","trigger":"initialization","ts":1760730435.1240711}
Polaris prober initialized with local 1-111,10.111.0.71:32761 and remote 1-113,10.113.0.71
2025/10/17 19:47:16 POLARIS_LOG {"event":"send_rate","rate":304000,"ts":1760730436.1248007}
2025/10/17 19:47:17 POLARIS_LOG {"event":"send_rate","rate":296000,"ts":1760730437.1254554}
2025/10/17 19:47:18 POLARIS_LOG {"event":"send_rate","rate":304000,"ts":1760730438.1330543}
2025/10/17 19:47:19 POLARIS_LOG {"event":"send_rate","rate":296000,"ts":1760730439.1257637}
2025/10/17 19:47:20 POLARIS_LOG {"event":"send_rate","rate":304000,"ts":1760730440.1249874}
2025/10/17 19:47:21 POLARIS_LOG {"event":"send_rate","rate":296000,"ts":1760730441.1284165}
2025/10/17 19:47:22 POLARIS_LOG {"event":"send_rate","rate":304000,"ts":1760730442.1253862}
2025/10/17 19:47:23 POLARIS_LOG {"event":"send_rate","rate":296000,"ts":1760730443.124819}
2025/10/17 19:47:24 POLARIS_LOG {"event":"send_rate","rate":304000,"ts":1760730444.1249554}
2025/10/17 19:47:25 POLARIS_LOG {"event":"send_rate","rate":296000,"ts":1760730445.1255202}
2025/10/17 19:47:26 POLARIS_LOG {"event":"send_rate","rate":304000,"ts":1760730446.1378372}
2025/10/17 19:47:27 POLARIS_LOG {"event":"send_rate","rate":296000,"ts":1760730447.1254318}
2025/10/17 19:47:28 POLARIS_LOG {"event":"send_rate","rate":304000,"ts":1760730448.1246212}
2025/10/17 19:47:29 POLARIS_LOG {"event":"send_rate","rate":296000,"ts":1760730449.124833}
2025/10/17 19:47:30 POLARIS_LOG {"event":"send_rate","rate":304000,"ts":1760730450.1258502}
2025/10/17 19:47:31 POLARIS_LOG {"event":"send_rate","rate":296000,"ts":1760730451.1250823}
2025/10/17 19:47:32 POLARIS_LOG {"event":"send_rate","rate":304000,"ts":1760730452.1254914}
2025/10/17 19:47:33 POLARIS_LOG {"event":"send_rate","rate":296000,"ts":1760730453.1253207}
2025/10/17 19:47:34 POLARIS_LOG {"event":"send_rate","rate":304000,"ts":1760730454.1254992}
2025/10/17 19:47:35 POLARIS_LOG {"event":"send_rate","rate":296000,"ts":1760730455.1252215}
2025/10/17 19:47:36 POLARIS_LOG {"event":"send_rate","rate":304000,"ts":1760730456.1251252}
2025/10/17 19:47:37 POLARIS_LOG {"event":"send_rate","rate":296000,"ts":1760730457.1254728}
2025/10/17 19:47:38 POLARIS_LOG {"event":"send_rate","rate":304000,"ts":1760730458.1253893}
2025/10/17 19:47:39 POLARIS_LOG {"event":"send_rate","rate":296000,"ts":1760730459.1253657}
2025/10/17 19:47:40 POLARIS_LOG {"event":"send_rate","rate":304000,"ts":1760730460.1254356}
2025/10/17 19:47:41 POLARIS_LOG {"event":"send_rate","rate":296000,"ts":1760730461.125115}
2025/10/17 19:47:42 POLARIS_LOG {"event":"send_rate","rate":304000,"ts":1760730462.1249673}
2025/10/17 19:47:43 POLARIS_LOG {"event":"send_rate","rate":152000,"ts":1760730463.1269567}
2025/10/17 19:47:44 POLARIS_LOG {"event":"send_rate","rate":64000,"ts":1760730464.1253967}
2025/10/17 19:47:45 POLARIS_LOG {"event":"send_rate","rate":168000,"ts":1760730465.1262362}
2025/10/17 19:47:45 POLARIS_LOG {"candidates":10,"candidates_unfiltered":25,"current_rate":168000,"estimated_share":2000000,"event":"path_switch","max_estimated_share":2000000,"new":"5 5 2 4","old":"2 2 5 2","trigger":"scheduled","ts":1760730465.12626}
2025/10/17 19:47:46 POLARIS_LOG {"event":"send_rate","rate":264000,"ts":1760730466.1249099}
2025/10/17 19:47:47 POLARIS_LOG {"event":"send_rate","rate":848000,"ts":1760730467.128793}
2025/10/17 19:47:48 POLARIS_LOG {"event":"send_rate","rate":304000,"ts":1760730468.1249433}
2025/10/17 19:47:49 POLARIS_LOG {"event":"send_rate","rate":296000,"ts":1760730469.124581}
2025/10/17 19:47:50 POLARIS_LOG {"event":"send_rate","rate":304000,"ts":1760730470.1252272}
2025/10/17 19:47:51 POLARIS_LOG {"event":"send_rate","rate":296000,"ts":1760730471.1245797}
2025/10/17 19:47:52 POLARIS_LOG {"event":"send_rate","rate":304000,"ts":1760730472.124858}
2025/10/17 19:47:53 POLARIS_LOG {"event":"send_rate","rate":296000,"ts":1760730473.1264145}
2025/10/17 19:47:54 POLARIS_LOG {"event":"send_rate","rate":304000,"ts":1760730474.1252885}
2025/10/17 19:47:55 POLARIS_LOG {"event":"send_rate","rate":296000,"ts":1760730475.1249464}
2025/10/17 19:47:56 POLARIS_LOG {"event":"send_rate","rate":304000,"ts":1760730476.1294487}
2025/10/17 19:47:57 POLARIS_LOG {"event":"send_rate","rate":296000,"ts":1760730477.125231}
2025/10/17 19:47:58 POLARIS_LOG {"event":"send_rate","rate":304000,"ts":1760730478.1255274}
2025/10/17 19:47:59 POLARIS_LOG {"event":"send_rate","rate":296000,"ts":1760730479.1253347}
2025/10/17 19:48:00 POLARIS_LOG {"event":"send_rate","rate":304000,"ts":1760730480.1304338}
2025/10/17 19:48:01 POLARIS_LOG {"event":"send_rate","rate":304000,"ts":1760730481.143884}
2025/10/17 19:48:02 POLARIS_LOG {"event":"send_rate","rate":296000,"ts":1760730482.1256676}
2025/10/17 19:48:03 POLARIS_LOG {"event":"send_rate","rate":296000,"ts":1760730483.1255143}
2025/10/17 19:48:04 POLARIS_LOG {"event":"send_rate","rate":304000,"ts":1760730484.1256058}
2025/10/17 19:48:05 POLARIS_LOG {"event":"send_rate","rate":296000,"ts":1760730485.1252244}
2025/10/17 19:48:06 POLARIS_LOG {"event":"send_rate","rate":304000,"ts":1760730486.1272922}
2025/10/17 19:48:07 POLARIS_LOG {"event":"send_rate","rate":296000,"ts":1760730487.126221}
2025/10/17 19:48:08 POLARIS_LOG {"event":"send_rate","rate":304000,"ts":1760730488.125163}
2025/10/17 19:48:09 POLARIS_LOG {"event":"send_rate","rate":296000,"ts":1760730489.1327631}
2025/10/17 19:48:10 POLARIS_LOG {"event":"send_rate","rate":296000,"ts":1760730490.1253889}
2025/10/17 19:48:11 POLARIS_LOG {"event":"send_rate","rate":304000,"ts":1760730491.1254344}
2025/10/17 19:48:12 POLARIS_LOG {"event":"send_rate","rate":296000,"ts":1760730492.1248875}
2025/10/17 19:48:13 POLARIS_LOG {"event":"send_rate","rate":304000,"ts":1760730493.12529}
2025/10/17 19:48:14 POLARIS_LOG {"event":"send_rate","rate":296000,"ts":1760730494.1251383}
2025/10/17 19:48:15 POLARIS_LOG {"event":"send_rate","rate":304000,"ts":1760730495.1254723}
2025/10/17 19:48:16 POLARIS_LOG {"event":"send_rate","rate":296000,"ts":1760730496.1252701}
2025/10/17 19:48:17 POLARIS_LOG {"event":"send_rate","rate":304000,"ts":1760730497.1248064}
2025/10/17 19:48:18 POLARIS_LOG {"event":"send_rate","rate":296000,"ts":1760730498.1252615}
2025/10/17 19:48:19 POLARIS_LOG {"event":"send_rate","rate":304000,"ts":1760730499.1256635}
2025/10/17 19:48:20 POLARIS_LOG {"event":"send_rate","rate":296000,"ts":1760730500.1252022}
2025/10/17 19:48:21 POLARIS_LOG {"event":"send_rate","rate":304000,"ts":1760730501.1254325}
2025/10/17 19:48:22 POLARIS_LOG {"event":"send_rate","rate":296000,"ts":1760730502.1254978}
2025/10/17 19:48:23 POLARIS_LOG {"event":"send_rate","rate":304000,"ts":1760730503.1245883}
2025/10/17 19:48:24 POLARIS_LOG {"event":"send_rate","rate":296000,"ts":1760730504.1252925}
2025/10/17 19:48:25 POLARIS_LOG {"event":"send_rate","rate":304000,"ts":1760730505.1253645}
2025/10/17 19:48:26 POLARIS_LOG {"event":"send_rate","rate":296000,"ts":1760730506.126201}
2025/10/17 19:48:27 POLARIS_LOG {"event":"send_rate","rate":304000,"ts":1760730507.1255033}
2025/10/17 19:48:28 POLARIS_LOG {"event":"send_rate","rate":296000,"ts":1760730508.1247132}
2025/10/17 19:48:29 POLARIS_LOG {"event":"send_rate","rate":304000,"ts":1760730509.1252859}
2025/10/17 19:48:30 POLARIS_LOG {"event":"send_rate","rate":296000,"ts":1760730510.1249778}
2025/10/17 19:48:31 POLARIS_LOG {"event":"send_rate","rate":304000,"ts":1760730511.124896}
2025/10/17 19:48:32 POLARIS_LOG {"event":"send_rate","rate":296000,"ts":1760730512.1254535}
2025/10/17 19:48:33 POLARIS_LOG {"event":"send_rate","rate":304000,"ts":1760730513.12528}
2025/10/17 19:48:34 POLARIS_LOG {"event":"send_rate","rate":296000,"ts":1760730514.124547}
2025/10/17 19:48:35 POLARIS_LOG {"event":"send_rate","rate":304000,"ts":1760730515.1245623}
2025/10/17 19:48:36 POLARIS_LOG {"event":"send_rate","rate":296000,"ts":1760730516.1245732}
2025/10/17 19:48:37 POLARIS_LOG {"event":"send_rate","rate":304000,"ts":1760730517.124683}
2025/10/17 19:48:38 POLARIS_LOG {"event":"send_rate","rate":296000,"ts":1760730518.125583}
2025/10/17 19:48:39 POLARIS_LOG {"event":"send_rate","rate":304000,"ts":1760730519.1247048}
2025/10/17 19:48:40 POLARIS_LOG {"event":"send_rate","rate":296000,"ts":1760730520.1256318}
2025/10/17 19:48:41 POLARIS_LOG {"event":"send_rate","rate":304000,"ts":1760730521.124751}
2025/10/17 19:48:42 POLARIS_LOG {"event":"send_rate","rate":296000,"ts":1760730522.1255822}
2025/10/17 19:48:43 POLARIS_LOG {"event":"send_rate","rate":304000,"ts":1760730523.125398}
2025/10/17 19:48:44 POLARIS_LOG {"event":"send_rate","rate":296000,"ts":1760730524.1252}
2025/10/17 19:48:45 POLARIS_LOG {"event":"send_rate","rate":304000,"ts":1760730525.1250293}
2025/10/17 19:48:46 POLARIS_LOG {"event":"send_rate","rate":296000,"ts":1760730526.1252465}
2025/10/17 19:48:47 POLARIS_LOG {"event":"send_rate","rate":304000,"ts":1760730527.1253717}
2025/10/17 19:48:48 POLARIS_LOG {"event":"send_rate","rate":296000,"ts":1760730528.1255865}
2025/10/17 19:48:49 POLARIS_LOG {"event":"send_rate","rate":304000,"ts":1760730529.1248813}
2025/10/17 19:48:50 POLARIS_LOG {"event":"send_rate","rate":296000,"ts":1760730530.1250532}
2025/10/17 19:48:51 POLARIS_LOG {"event":"send_rate","rate":304000,"ts":1760730531.1250763}
2025/10/17 19:48:52 POLARIS_LOG {"event":"send_rate","rate":296000,"ts":1760730532.1247811}
2025/10/17 19:48:53 POLARIS_LOG {"event":"send_rate","rate":304000,"ts":1760730533.1252384}
2025/10/17 19:48:54 POLARIS_LOG {"event":"send_rate","rate":296000,"ts":1760730534.1255798}
2025/10/17 19:48:55 POLARIS_LOG {"event":"send_rate","rate":304000,"ts":1760730535.1246412}
2025/10/17 19:48:56 POLARIS_LOG {"event":"send_rate","rate":296000,"ts":1760730536.125281}
2025/10/17 19:48:57 POLARIS_LOG {"event":"send_rate","rate":304000,"ts":1760730537.1250548}
2025/10/17 19:48:58 POLARIS_LOG {"event":"send_rate","rate":296000,"ts":1760730538.125178}
2025/10/17 19:48:59 POLARIS_LOG {"event":"send_rate","rate":304000,"ts":1760730539.1263816}
2025/10/17 19:49:00 POLARIS_LOG {"event":"send_rate","rate":296000,"ts":1760730540.1245487}
2025/10/17 19:49:01 POLARIS_LOG {"event":"send_rate","rate":304000,"ts":1760730541.1252916}
2025/10/17 19:49:02 POLARIS_LOG {"event":"send_rate","rate":296000,"ts":1760730542.124568}
2025/10/17 19:49:03 POLARIS_LOG {"event":"send_rate","rate":304000,"ts":1760730543.1246533}
2025/10/17 19:49:04 POLARIS_LOG {"event":"send_rate","rate":296000,"ts":1760730544.1246984}
2025/10/17 19:49:05 POLARIS_LOG {"event":"send_rate","rate":304000,"ts":1760730545.124847}
2025/10/17 19:49:06 POLARIS_LOG {"event":"send_rate","rate":296000,"ts":1760730546.1253755}
2025/10/17 19:49:07 POLARIS_LOG {"event":"send_rate","rate":304000,"ts":1760730547.1256282}
2025/10/17 19:49:08 POLARIS_LOG {"event":"send_rate","rate":296000,"ts":1760730548.1255367}
2025/10/17 19:49:09 POLARIS_LOG {"event":"send_rate","rate":304000,"ts":1760730549.124553}
2025/10/17 19:49:10 POLARIS_LOG {"event":"send_rate","rate":296000,"ts":1760730550.1255226}
2025/10/17 19:49:11 POLARIS_LOG {"event":"send_rate","rate":304000,"ts":1760730551.1250522}
2025/10/17 19:49:12 POLARIS_LOG {"event":"send_rate","rate":296000,"ts":1760730552.1248784}
2025/10/17 19:49:13 POLARIS_LOG {"event":"send_rate","rate":304000,"ts":1760730553.1254249}
2025/10/17 19:49:14 POLARIS_LOG {"event":"send_rate","rate":296000,"ts":1760730554.1253242}
2025/10/17 19:49:15 POLARIS_LOG {"event":"send_rate","rate":304000,"ts":1760730555.1251411}
2025/10/17 19:49:16 POLARIS_LOG {"event":"send_rate","rate":296000,"ts":1760730556.1287947}
2025/10/17 19:49:17 POLARIS_LOG {"event":"send_rate","rate":304000,"ts":1760730557.1249778}
2025/10/17 19:49:18 POLARIS_LOG {"event":"send_rate","rate":296000,"ts":1760730558.1247842}
2025/10/17 19:49:19 POLARIS_LOG {"event":"send_rate","rate":304000,"ts":1760730559.1247034}
2025/10/17 19:49:20 POLARIS_LOG {"event":"send_rate","rate":296000,"ts":1760730560.1254823}
2025/10/17 19:49:21 POLARIS_LOG {"event":"send_rate","rate":304000,"ts":1760730561.1261916}
2025/10/17 19:49:22 POLARIS_LOG {"event":"send_rate","rate":296000,"ts":1760730562.1259377}
2025/10/17 19:49:23 POLARIS_LOG {"event":"send_rate","rate":304000,"ts":1760730563.1248655}
2025/10/17 19:49:24 POLARIS_LOG {"event":"send_rate","rate":296000,"ts":1760730564.1246283}
2025/10/17 19:49:25 POLARIS_LOG {"event":"send_rate","rate":304000,"ts":1760730565.125392}
2025/10/17 19:49:26 POLARIS_LOG {"event":"send_rate","rate":296000,"ts":1760730566.1251116}
2025/10/17 19:49:27 POLARIS_LOG {"event":"send_rate","rate":304000,"ts":1760730567.1248238}
2025/10/17 19:49:28 POLARIS_LOG {"event":"send_rate","rate":296000,"ts":1760730568.1248918}
2025/10/17 19:49:29 POLARIS_LOG {"event":"send_rate","rate":304000,"ts":1760730569.1248748}
2025/10/17 19:49:30 POLARIS_LOG {"event":"send_rate","rate":296000,"ts":1760730570.1251628}
2025/10/17 19:49:31 POLARIS_LOG {"event":"send_rate","rate":304000,"ts":1760730571.1253772}
2025/10/17 19:49:32 POLARIS_LOG {"event":"send_rate","rate":296000,"ts":1760730572.1255565}
2025/10/17 19:49:33 POLARIS_LOG {"event":"send_rate","rate":304000,"ts":1760730573.1251376}
2025/10/17 19:49:34 POLARIS_LOG {"event":"send_rate","rate":296000,"ts":1760730574.125092}
2025/10/17 19:49:35 POLARIS_LOG {"event":"send_rate","rate":304000,"ts":1760730575.1250312}
2025/10/17 19:49:36 POLARIS_LOG {"event":"send_rate","rate":296000,"ts":1760730576.1248658}
2025/10/17 19:49:37 POLARIS_LOG {"event":"send_rate","rate":304000,"ts":1760730577.1246433}
2025/10/17 19:49:38 POLARIS_LOG {"event":"send_rate","rate":296000,"ts":1760730578.1253872}
2025/10/17 19:49:39 POLARIS_LOG {"event":"send_rate","rate":304000,"ts":1760730579.1255085}
2025/10/17 19:49:40 POLARIS_LOG {"event":"send_rate","rate":296000,"ts":1760730580.1253886}
2025/10/17 19:49:41 POLARIS_LOG {"event":"send_rate","rate":304000,"ts":1760730581.1255498}
2025/10/17 19:49:42 POLARIS_LOG {"event":"send_rate","rate":296000,"ts":1760730582.1254547}
2025/10/17 19:49:43 POLARIS_LOG {"event":"send_rate","rate":296000,"ts":1760730583.125167}
2025/10/17 19:49:44 POLARIS_LOG {"event":"send_rate","rate":304000,"ts":1760730584.1250265}
2025/10/17 19:49:45 POLARIS_LOG {"event":"send_rate","rate":304000,"ts":1760730585.1254935}
2025/10/17 19:49:46 POLARIS_LOG {"event":"send_rate","rate":296000,"ts":1760730586.125524}
2025/10/17 19:49:47 POLARIS_LOG {"event":"send_rate","rate":296000,"ts":1760730587.1256933}
2025/10/17 19:49:48 POLARIS_LOG {"event":"send_rate","rate":304000,"ts":1760730588.1249113}
2025/10/17 19:49:49 POLARIS_LOG {"event":"send_rate","rate":296000,"ts":1760730589.1246574}
2025/10/17 19:49:50 POLARIS_LOG {"event":"send_rate","rate":304000,"ts":1760730590.1254184}
2025/10/17 19:49:51 POLARIS_LOG {"event":"send_rate","rate":296000,"ts":1760730591.124861}
2025/10/17 19:49:52 POLARIS_LOG {"event":"send_rate","rate":304000,"ts":1760730592.124989}
2025/10/17 19:49:53 POLARIS_LOG {"event":"send_rate","rate":296000,"ts":1760730593.1252656}
2025/10/17 19:49:54 POLARIS_LOG {"event":"send_rate","rate":304000,"ts":1760730594.1253786}
2025/10/17 19:49:55 POLARIS_LOG {"event":"send_rate","rate":296000,"ts":1760730595.1245742}
2025/10/17 19:49:56 POLARIS_LOG {"event":"send_rate","rate":304000,"ts":1760730596.1252825}
2025/10/17 19:49:57 POLARIS_LOG {"event":"send_rate","rate":296000,"ts":1760730597.1252027}
2025/10/17 19:49:58 POLARIS_LOG {"event":"send_rate","rate":304000,"ts":1760730598.1247878}
2025/10/17 19:49:59 POLARIS_LOG {"event":"send_rate","rate":296000,"ts":1760730599.124871}
2025/10/17 19:50:00 POLARIS_LOG {"event":"send_rate","rate":304000,"ts":1760730600.1251104}
2025/10/17 19:50:01 POLARIS_LOG {"event":"send_rate","rate":296000,"ts":1760730601.1250613}
2025/10/17 19:50:02 POLARIS_LOG {"event":"send_rate","rate":304000,"ts":1760730602.125512}
2025/10/17 19:50:03 POLARIS_LOG {"event":"send_rate","rate":296000,"ts":1760730603.1249585}
2025/10/17 19:50:04 POLARIS_LOG {"event":"send_rate","rate":304000,"ts":1760730604.124797}
2025/10/17 19:50:05 POLARIS_LOG {"event":"send_rate","rate":296000,"ts":1760730605.1251094}
2025/10/17 19:50:06 POLARIS_LOG {"event":"send_rate","rate":304000,"ts":1760730606.1253028}
2025/10/17 19:50:07 POLARIS_LOG {"event":"send_rate","rate":296000,"ts":1760730607.1245766}
2025/10/17 19:50:08 POLARIS_LOG {"event":"send_rate","rate":304000,"ts":1760730608.1251087}
2025/10/17 19:50:09 POLARIS_LOG {"event":"send_rate","rate":296000,"ts":1760730609.1253211}
2025/10/17 19:50:10 POLARIS_LOG {"event":"send_rate","rate":304000,"ts":1760730610.1255043}
2025/10/17 19:50:11 POLARIS_LOG {"event":"send_rate","rate":296000,"ts":1760730611.125384}
2025/10/17 19:50:12 POLARIS_LOG {"event":"send_rate","rate":304000,"ts":1760730612.1248953}
2025/10/17 19:50:13 POLARIS_LOG {"event":"send_rate","rate":296000,"ts":1760730613.1254249}
2025/10/17 19:50:14 POLARIS_LOG {"event":"send_rate","rate":304000,"ts":1760730614.1253612}
2025/10/17 19:50:15 POLARIS_LOG {"event":"send_rate","rate":296000,"ts":1760730615.125191}
2025/10/17 19:50:16 POLARIS_LOG {"event":"send_rate","rate":304000,"ts":1760730616.124872}
2025/10/17 19:50:17 POLARIS_LOG {"event":"send_rate","rate":296000,"ts":1760730617.1250644}
2025/10/17 19:50:18 POLARIS_LOG {"event":"send_rate","rate":304000,"ts":1760730618.1252093}
2025/10/17 19:50:19 POLARIS_LOG {"event":"send_rate","rate":296000,"ts":1760730619.1259098}
2025/10/17 19:50:20 POLARIS_LOG {"event":"send_rate","rate":304000,"ts":1760730620.124905}
2025/10/17 19:50:21 POLARIS_LOG {"event":"send_rate","rate":296000,"ts":1760730621.1254222}
2025/10/17 19:50:22 POLARIS_LOG {"event":"send_rate","rate":304000,"ts":1760730622.1245956}
2025/10/17 19:50:23 POLARIS_LOG {"event":"send_rate","rate":296000,"ts":1760730623.124735}
2025/10/17 19:50:24 POLARIS_LOG {"event":"send_rate","rate":304000,"ts":1760730624.124946}
2025/10/17 19:50:25 POLARIS_LOG {"event":"send_rate","rate":296000,"ts":1760730625.1251452}
2025/10/17 19:50:26 POLARIS_LOG {"event":"send_rate","rate":304000,"ts":1760730626.1252036}
2025/10/17 19:50:27 POLARIS_LOG {"event":"send_rate","rate":296000,"ts":1760730627.1245427}
2025/10/17 19:50:28 POLARIS_LOG {"event":"send_rate","rate":304000,"ts":1760730628.1255229}
2025/10/17 19:50:29 POLARIS_LOG {"event":"send_rate","rate":296000,"ts":1760730629.1251545}
2025/10/17 19:50:30 POLARIS_LOG {"event":"send_rate","rate":304000,"ts":1760730630.125157}
2025/10/17 19:50:31 POLARIS_LOG {"event":"send_rate","rate":296000,"ts":1760730631.125367}
2025/10/17 19:50:32 POLARIS_LOG {"event":"send_rate","rate":304000,"ts":1760730632.125418}
2025/10/17 19:50:33 POLARIS_LOG {"event":"send_rate","rate":296000,"ts":1760730633.1249187}
2025/10/17 19:50:34 POLARIS_LOG {"event":"send_rate","rate":304000,"ts":1760730634.1253133}
2025/10/17 19:50:35 POLARIS_LOG {"event":"send_rate","rate":296000,"ts":1760730635.1272843}
2025/10/17 19:50:36 POLARIS_LOG {"event":"send_rate","rate":304000,"ts":1760730636.1248484}
2025/10/17 19:50:37 POLARIS_LOG {"event":"send_rate","rate":296000,"ts":1760730637.1249287}
2025/10/17 19:50:38 POLARIS_LOG {"event":"send_rate","rate":304000,"ts":1760730638.1249185}
2025/10/17 19:50:39 POLARIS_LOG {"event":"send_rate","rate":296000,"ts":1760730639.124834}
2025/10/17 19:50:40 POLARIS_LOG {"event":"send_rate","rate":304000,"ts":1760730640.125248}
2025/10/17 19:50:41 POLARIS_LOG {"event":"send_rate","rate":296000,"ts":1760730641.1246326}
2025/10/17 19:50:42 POLARIS_LOG {"event":"send_rate","rate":304000,"ts":1760730642.1247756}
2025/10/17 19:50:43 POLARIS_LOG {"event":"send_rate","rate":296000,"ts":1760730643.1249075}
2025/10/17 19:50:44 POLARIS_LOG {"event":"send_rate","rate":304000,"ts":1760730644.1251066}
2025/10/17 19:50:45 POLARIS_LOG {"event":"send_rate","rate":296000,"ts":1760730645.1255133}
2025/10/17 19:50:46 POLARIS_LOG {"event":"send_rate","rate":304000,"ts":1760730646.1385784}
2025/10/17 19:50:47 POLARIS_LOG {"event":"send_rate","rate":296000,"ts":1760730647.12539}
2025/10/17 19:50:48 POLARIS_LOG {"event":"send_rate","rate":304000,"ts":1760730648.1253877}
2025/10/17 19:50:49 POLARIS_LOG {"event":"send_rate","rate":296000,"ts":1760730649.12503}
2025/10/17 19:50:50 POLARIS_LOG {"event":"send_rate","rate":304000,"ts":1760730650.1250863}
2025/10/17 19:50:51 POLARIS_LOG {"event":"send_rate","rate":296000,"ts":1760730651.1249077}
2025/10/17 19:50:52 POLARIS_LOG {"event":"send_rate","rate":304000,"ts":1760730652.124575}
2025/10/17 19:50:53 POLARIS_LOG {"event":"send_rate","rate":296000,"ts":1760730653.1254184}
2025/10/17 19:50:54 POLARIS_LOG {"event":"send_rate","rate":304000,"ts":1760730654.1251473}
2025/10/17 19:50:55 POLARIS_LOG {"event":"send_rate","rate":296000,"ts":1760730655.140243}
2025/10/17 19:50:56 POLARIS_LOG {"event":"send_rate","rate":304000,"ts":1760730656.1251428}
2025/10/17 19:50:57 POLARIS_LOG {"event":"send_rate","rate":296000,"ts":1760730657.1248028}
2025/10/17 19:50:58 POLARIS_LOG {"event":"send_rate","rate":304000,"ts":1760730658.1248026}
2025/10/17 19:50:59 POLARIS_LOG {"event":"send_rate","rate":296000,"ts":1760730659.1245954}
2025/10/17 19:51:00 POLARIS_LOG {"event":"send_rate","rate":304000,"ts":1760730660.1255212}
2025/10/17 19:51:01 POLARIS_LOG {"event":"send_rate","rate":296000,"ts":1760730661.1250882}
2025/10/17 19:51:02 POLARIS_LOG {"event":"send_rate","rate":304000,"ts":1760730662.1251602}
2025/10/17 19:51:03 POLARIS_LOG {"event":"send_rate","rate":296000,"ts":1760730663.1252513}
2025/10/17 19:51:04 POLARIS_LOG {"event":"send_rate","rate":304000,"ts":1760730664.1245453}
2025/10/17 19:51:05 POLARIS_LOG {"event":"send_rate","rate":296000,"ts":1760730665.125317}
2025/10/17 19:51:06 POLARIS_LOG {"event":"send_rate","rate":304000,"ts":1760730666.1311839}
2025/10/17 19:51:07 POLARIS_LOG {"event":"send_rate","rate":296000,"ts":1760730667.1334462}
2025/10/17 19:51:08 POLARIS_LOG {"event":"send_rate","rate":304000,"ts":1760730668.124906}
2025/10/17 19:51:09 POLARIS_LOG {"event":"send_rate","rate":296000,"ts":1760730669.1255176}
2025/10/17 19:51:10 POLARIS_LOG {"event":"send_rate","rate":304000,"ts":1760730670.1255167}
2025/10/17 19:51:11 POLARIS_LOG {"event":"send_rate","rate":296000,"ts":1760730671.1253843}
2025/10/17 19:51:12 POLARIS_LOG {"event":"send_rate","rate":304000,"ts":1760730672.1246622}
2025/10/17 19:51:13 POLARIS_LOG {"event":"send_rate","rate":296000,"ts":1760730673.1251085}
2025/10/17 19:51:14 POLARIS_LOG {"event":"send_rate","rate":304000,"ts":1760730674.125134}
2025/10/17 19:51:15 POLARIS_LOG {"event":"send_rate","rate":296000,"ts":1760730675.125179}
2025/10/17 19:51:16 POLARIS_LOG {"event":"send_rate","rate":304000,"ts":1760730676.1254146}
2025/10/17 19:51:17 POLARIS_LOG {"event":"send_rate","rate":296000,"ts":1760730677.1255646}
2025/10/17 19:51:18 POLARIS_LOG {"event":"send_rate","rate":304000,"ts":1760730678.125102}
2025/10/17 19:51:19 POLARIS_LOG {"event":"send_rate","rate":296000,"ts":1760730679.1245868}
2025/10/17 19:51:20 POLARIS_LOG {"event":"send_rate","rate":304000,"ts":1760730680.1250892}
2025/10/17 19:51:21 POLARIS_LOG {"event":"send_rate","rate":296000,"ts":1760730681.125501}
2025/10/17 19:51:22 POLARIS_LOG {"event":"send_rate","rate":304000,"ts":1760730682.1253936}
2025/10/17 19:51:23 POLARIS_LOG {"event":"send_rate","rate":296000,"ts":1760730683.1254}
2025/10/17 19:51:24 POLARIS_LOG {"event":"send_rate","rate":304000,"ts":1760730684.1246908}
2025/10/17 19:51:25 POLARIS_LOG {"event":"send_rate","rate":296000,"ts":1760730685.1251092}
2025/10/17 19:51:26 POLARIS_LOG {"event":"send_rate","rate":304000,"ts":1760730686.1254542}
2025/10/17 19:51:27 POLARIS_LOG {"event":"send_rate","rate":296000,"ts":1760730687.124551}
2025/10/17 19:51:28 POLARIS_LOG {"event":"send_rate","rate":296000,"ts":1760730688.124544}
2025/10/17 19:51:29 POLARIS_LOG {"event":"send_rate","rate":304000,"ts":1760730689.1255577}
2025/10/17 19:51:30 POLARIS_LOG {"event":"send_rate","rate":304000,"ts":1760730690.1253073}
2025/10/17 19:51:31 POLARIS_LOG {"event":"send_rate","rate":296000,"ts":1760730691.1251497}
2025/10/17 19:51:32 POLARIS_LOG {"event":"send_rate","rate":296000,"ts":1760730692.1251373}
2025/10/17 19:51:33 POLARIS_LOG {"event":"send_rate","rate":304000,"ts":1760730693.125393}
2025/10/17 19:51:34 POLARIS_LOG {"event":"send_rate","rate":296000,"ts":1760730694.1249666}
2025/10/17 19:51:35 POLARIS_LOG {"event":"send_rate","rate":304000,"ts":1760730695.124978}
2025/10/17 19:51:36 POLARIS_LOG {"event":"send_rate","rate":296000,"ts":1760730696.1255805}
2025/10/17 19:51:37 POLARIS_LOG {"event":"send_rate","rate":304000,"ts":1760730697.125009}
2025/10/17 19:51:38 POLARIS_LOG {"event":"send_rate","rate":296000,"ts":1760730698.12537}
2025/10/17 19:51:39 POLARIS_LOG {"event":"send_rate","rate":304000,"ts":1760730699.1255012}
2025/10/17 19:51:40 POLARIS_LOG {"event":"send_rate","rate":296000,"ts":1760730700.1255558}
2025/10/17 19:51:41 POLARIS_LOG {"event":"send_rate","rate":304000,"ts":1760730701.1248243}
2025/10/17 19:51:42 POLARIS_LOG {"event":"send_rate","rate":296000,"ts":1760730702.1256523}
2025/10/17 19:51:43 POLARIS_LOG {"event":"send_rate","rate":304000,"ts":1760730703.132667}
2025/10/17 19:51:44 POLARIS_LOG {"event":"send_rate","rate":296000,"ts":1760730704.1251075}
2025/10/17 19:51:45 POLARIS_LOG {"event":"send_rate","rate":304000,"ts":1760730705.1252441}
2025/10/17 19:51:46 POLARIS_LOG {"event":"send_rate","rate":296000,"ts":1760730706.124891}
2025/10/17 19:51:47 POLARIS_LOG {"event":"send_rate","rate":304000,"ts":1760730707.1251035}
2025/10/17 19:51:48 POLARIS_LOG {"event":"send_rate","rate":296000,"ts":1760730708.1269388}
2025/10/17 19:51:49 POLARIS_LOG {"event":"send_rate","rate":304000,"ts":1760730709.125533}
2025/10/17 19:51:50 POLARIS_LOG {"event":"send_rate","rate":296000,"ts":1760730710.1248155}
2025/10/17 19:51:51 POLARIS_LOG {"event":"send_rate","rate":304000,"ts":1760730711.1255827}
2025/10/17 19:51:52 POLARIS_LOG {"event":"send_rate","rate":296000,"ts":1760730712.124837}
2025/10/17 19:51:53 POLARIS_LOG {"event":"send_rate","rate":304000,"ts":1760730713.1252055}
2025/10/17 19:51:54 POLARIS_LOG {"event":"send_rate","rate":296000,"ts":1760730714.125603}
2025/10/17 19:51:55 POLARIS_LOG {"event":"send_rate","rate":304000,"ts":1760730715.1250312}
2025/10/17 19:51:56 POLARIS_LOG {"event":"send_rate","rate":296000,"ts":1760730716.126521}
2025/10/17 19:51:57 POLARIS_LOG {"event":"send_rate","rate":304000,"ts":1760730717.1246843}
2025/10/17 19:51:58 POLARIS_LOG {"event":"send_rate","rate":296000,"ts":1760730718.1248322}
2025/10/17 19:51:59 POLARIS_LOG {"event":"send_rate","rate":304000,"ts":1760730719.1273594}
2025/10/17 19:52:00 POLARIS_LOG {"event":"send_rate","rate":296000,"ts":1760730720.125687}
2025/10/17 19:52:01 POLARIS_LOG {"event":"send_rate","rate":304000,"ts":1760730721.1249492}
2025/10/17 19:52:02 POLARIS_LOG {"event":"send_rate","rate":296000,"ts":1760730722.1248899}
2025/10/17 19:52:03 POLARIS_LOG {"event":"send_rate","rate":304000,"ts":1760730723.1245606}
2025/10/17 19:52:04 POLARIS_LOG {"event":"send_rate","rate":304000,"ts":1760730724.1365368}
2025/10/17 19:52:05 POLARIS_LOG {"event":"send_rate","rate":296000,"ts":1760730725.1249547}
2025/10/17 19:52:06 POLARIS_LOG {"event":"send_rate","rate":296000,"ts":1760730726.1255786}
2025/10/17 19:52:07 POLARIS_LOG {"event":"send_rate","rate":304000,"ts":1760730727.124825}
2025/10/17 19:52:08 POLARIS_LOG {"event":"send_rate","rate":296000,"ts":1760730728.1249125}
2025/10/17 19:52:09 POLARIS_LOG {"event":"send_rate","rate":304000,"ts":1760730729.125026}
2025/10/17 19:52:10 POLARIS_LOG {"event":"send_rate","rate":296000,"ts":1760730730.1254902}
2025/10/17 19:52:11 POLARIS_LOG {"event":"send_rate","rate":304000,"ts":1760730731.127228}
2025/10/17 19:52:12 POLARIS_LOG {"event":"send_rate","rate":296000,"ts":1760730732.124814}
We need to sleep for 1 seconds before we can get the results
Drain Loop received packet
Drain Loop received non-nil payload
2025/10/17 19:52:13 POLARIS_LOG {"event":"send_rate","rate":8000,"ts":1760730733.1265292}
Client sent 11137 packets, server reported 11116 packets received
The network loss rate from client to server is 0.2%

S->C results
Attempted bandwidth: 0 bps / 0.00 Mbps
Achieved bandwidth: 0 bps / 0.00 Mbps
Loss rate: 0.0%
Interarrival time min/avg/max/mdev = -0.000/0.000/0.000/0.000 ms

C->S results
Attempted bandwidth: 299986 bps / 0.30 Mbps
Achieved bandwidth: 299420 bps / 0.30 Mbps
Loss rate: 0.2%
Interarrival time min/avg/max/mdev = 0.002/26.679/743.202/26.768 ms
