
Test parameters:
client->server: 291 seconds, 1000 bytes, 10912 packets
server->client: 291 seconds, 1000 bytes, 0 packets
2025/10/17 19:47:21 POLARIS_LOG {"current_rate":0,"event":"path_switch","new":"2 2 5 2","trigger":"initialization","ts":1760730441.1527493}
Polaris prober initialized with 38 paths
Polaris prober initialized with local 1-111,10.111.0.71:32755 and remote 1-113,10.113.0.71
2025/10/17 19:47:22 POLARIS_LOG {"event":"send_rate","rate":304000,"ts":1760730442.1534476}
2025/10/17 19:47:23 POLARIS_LOG {"event":"send_rate","rate":296000,"ts":1760730443.154031}
2025/10/17 19:47:24 POLARIS_LOG {"event":"send_rate","rate":304000,"ts":1760730444.1540349}
2025/10/17 19:47:25 POLARIS_LOG {"event":"send_rate","rate":296000,"ts":1760730445.1531389}
2025/10/17 19:47:26 POLARIS_LOG {"event":"send_rate","rate":304000,"ts":1760730446.153436}
2025/10/17 19:47:27 POLARIS_LOG {"event":"send_rate","rate":296000,"ts":1760730447.1530626}
2025/10/17 19:47:28 POLARIS_LOG {"event":"send_rate","rate":304000,"ts":1760730448.15304}
2025/10/17 19:47:29 POLARIS_LOG {"event":"send_rate","rate":296000,"ts":1760730449.1535363}
2025/10/17 19:47:30 POLARIS_LOG {"event":"send_rate","rate":304000,"ts":1760730450.1533794}
2025/10/17 19:47:31 POLARIS_LOG {"event":"send_rate","rate":296000,"ts":1760730451.154027}
2025/10/17 19:47:32 POLARIS_LOG {"event":"send_rate","rate":304000,"ts":1760730452.1532536}
2025/10/17 19:47:33 POLARIS_LOG {"event":"send_rate","rate":296000,"ts":1760730453.1534853}
2025/10/17 19:47:34 POLARIS_LOG {"event":"send_rate","rate":304000,"ts":1760730454.153418}
2025/10/17 19:47:35 POLARIS_LOG {"event":"send_rate","rate":296000,"ts":1760730455.153434}
2025/10/17 19:47:36 POLARIS_LOG {"event":"send_rate","rate":304000,"ts":1760730456.1587958}
2025/10/17 19:47:37 POLARIS_LOG {"event":"send_rate","rate":296000,"ts":1760730457.153875}
2025/10/17 19:47:38 POLARIS_LOG {"event":"send_rate","rate":304000,"ts":1760730458.1533973}
2025/10/17 19:47:39 POLARIS_LOG {"event":"send_rate","rate":296000,"ts":1760730459.1537747}
2025/10/17 19:47:40 POLARIS_LOG {"event":"send_rate","rate":304000,"ts":1760730460.1537528}
2025/10/17 19:47:41 POLARIS_LOG {"event":"send_rate","rate":296000,"ts":1760730461.1541438}
2025/10/17 19:47:42 POLARIS_LOG {"event":"send_rate","rate":304000,"ts":1760730462.1536736}
2025/10/17 19:47:43 POLARIS_LOG {"event":"send_rate","rate":296000,"ts":1760730463.1538708}
2025/10/17 19:47:44 POLARIS_LOG {"event":"send_rate","rate":192000,"ts":1760730464.1533785}
2025/10/17 19:47:45 POLARIS_LOG {"event":"send_rate","rate":104000,"ts":1760730465.1531222}
2025/10/17 19:47:46 POLARIS_LOG {"event":"send_rate","rate":232000,"ts":1760730466.1532342}
2025/10/17 19:47:47 POLARIS_LOG {"event":"send_rate","rate":168000,"ts":1760730467.155474}
2025/10/17 19:47:48 POLARIS_LOG {"event":"send_rate","rate":224000,"ts":1760730468.1533747}
2025/10/17 19:47:49 POLARIS_LOG {"event":"send_rate","rate":272000,"ts":1760730469.1537256}
2025/10/17 19:47:50 POLARIS_LOG {"event":"send_rate","rate":264000,"ts":1760730470.1542156}
2025/10/17 19:47:51 POLARIS_LOG {"event":"send_rate","rate":200000,"ts":1760730471.1531463}
2025/10/17 19:47:52 POLARIS_LOG {"event":"send_rate","rate":184000,"ts":1760730472.154357}
2025/10/17 19:47:53 POLARIS_LOG {"event":"send_rate","rate":152000,"ts":1760730473.1692588}
2025/10/17 19:47:54 POLARIS_LOG {"event":"send_rate","rate":192000,"ts":1760730474.1537623}
2025/10/17 19:47:55 POLARIS_LOG {"event":"send_rate","rate":208000,"ts":1760730475.1535954}
2025/10/17 19:47:56 POLARIS_LOG {"event":"send_rate","rate":272000,"ts":1760730476.1549983}
2025/10/17 19:47:57 POLARIS_LOG {"event":"send_rate","rate":240000,"ts":1760730477.1532938}
2025/10/17 19:47:58 POLARIS_LOG {"event":"send_rate","rate":136000,"ts":1760730478.1536252}
2025/10/17 19:47:59 POLARIS_LOG {"event":"send_rate","rate":160000,"ts":1760730479.153299}
2025/10/17 19:48:00 POLARIS_LOG {"event":"send_rate","rate":192000,"ts":1760730480.1538284}
2025/10/17 19:48:01 POLARIS_LOG {"event":"send_rate","rate":192000,"ts":1760730481.1537538}
2025/10/17 19:48:01 POLARIS_LOG {"candidates":19,"candidates_unfiltered":25,"current_rate":192000,"estimated_share":500000,"event":"path_switch","max_estimated_share":666500,"new":"5 5 2 4","old":"2 2 5 2","trigger":"scheduled","ts":1760730481.1537514}
2025/10/17 19:48:02 POLARIS_LOG {"event":"send_rate","rate":2112000,"ts":1760730482.1533968}
2025/10/17 19:48:03 POLARIS_LOG {"event":"send_rate","rate":304000,"ts":1760730483.153298}
2025/10/17 19:48:04 POLARIS_LOG {"event":"send_rate","rate":304000,"ts":1760730484.1535337}
2025/10/17 19:48:05 POLARIS_LOG {"event":"send_rate","rate":296000,"ts":1760730485.1532273}
2025/10/17 19:48:06 POLARIS_LOG {"event":"send_rate","rate":304000,"ts":1760730486.154362}
2025/10/17 19:48:07 POLARIS_LOG {"event":"send_rate","rate":296000,"ts":1760730487.1538935}
2025/10/17 19:48:08 POLARIS_LOG {"event":"send_rate","rate":304000,"ts":1760730488.154229}
2025/10/17 19:48:09 POLARIS_LOG {"event":"send_rate","rate":296000,"ts":1760730489.1539621}
2025/10/17 19:48:10 POLARIS_LOG {"event":"send_rate","rate":304000,"ts":1760730490.1539483}
2025/10/17 19:48:11 POLARIS_LOG {"event":"send_rate","rate":296000,"ts":1760730491.1574829}
2025/10/17 19:48:12 POLARIS_LOG {"event":"send_rate","rate":296000,"ts":1760730492.153411}
2025/10/17 19:48:13 POLARIS_LOG {"event":"send_rate","rate":304000,"ts":1760730493.1537695}
2025/10/17 19:48:14 POLARIS_LOG {"event":"send_rate","rate":296000,"ts":1760730494.1537092}
2025/10/17 19:48:15 POLARIS_LOG {"event":"send_rate","rate":304000,"ts":1760730495.1538558}
2025/10/17 19:48:16 POLARIS_LOG {"event":"send_rate","rate":296000,"ts":1760730496.1530237}
2025/10/17 19:48:17 POLARIS_LOG {"event":"send_rate","rate":304000,"ts":1760730497.1537201}
2025/10/17 19:48:18 POLARIS_LOG {"event":"send_rate","rate":296000,"ts":1760730498.153197}
2025/10/17 19:48:19 POLARIS_LOG {"event":"send_rate","rate":304000,"ts":1760730499.1530867}
2025/10/17 19:48:20 POLARIS_LOG {"event":"send_rate","rate":296000,"ts":1760730500.1539423}
2025/10/17 19:48:21 POLARIS_LOG {"event":"send_rate","rate":304000,"ts":1760730501.1584191}
2025/10/17 19:48:22 POLARIS_LOG {"event":"send_rate","rate":296000,"ts":1760730502.1533985}
2025/10/17 19:48:23 POLARIS_LOG {"event":"send_rate","rate":304000,"ts":1760730503.1540487}
2025/10/17 19:48:24 POLARIS_LOG {"event":"send_rate","rate":296000,"ts":1760730504.1539202}
2025/10/17 19:48:25 POLARIS_LOG {"event":"send_rate","rate":304000,"ts":1760730505.1537762}
2025/10/17 19:48:26 POLARIS_LOG {"event":"send_rate","rate":296000,"ts":1760730506.1532352}
2025/10/17 19:48:27 POLARIS_LOG {"event":"send_rate","rate":304000,"ts":1760730507.1530626}
2025/10/17 19:48:28 POLARIS_LOG {"event":"send_rate","rate":296000,"ts":1760730508.1558247}
2025/10/17 19:48:29 POLARIS_LOG {"event":"send_rate","rate":304000,"ts":1760730509.1539419}
2025/10/17 19:48:30 POLARIS_LOG {"event":"send_rate","rate":296000,"ts":1760730510.1535316}
2025/10/17 19:48:31 POLARIS_LOG {"event":"send_rate","rate":304000,"ts":1760730511.153595}
2025/10/17 19:48:32 POLARIS_LOG {"event":"send_rate","rate":296000,"ts":1760730512.153726}
2025/10/17 19:48:33 POLARIS_LOG {"event":"send_rate","rate":304000,"ts":1760730513.1537519}
2025/10/17 19:48:34 POLARIS_LOG {"event":"send_rate","rate":296000,"ts":1760730514.1536481}
2025/10/17 19:48:35 POLARIS_LOG {"event":"send_rate","rate":304000,"ts":1760730515.1535044}
2025/10/17 19:48:36 POLARIS_LOG {"event":"send_rate","rate":296000,"ts":1760730516.1538327}
2025/10/17 19:48:37 POLARIS_LOG {"event":"send_rate","rate":304000,"ts":1760730517.1539211}
2025/10/17 19:48:38 POLARIS_LOG {"event":"send_rate","rate":296000,"ts":1760730518.1535728}
2025/10/17 19:48:39 POLARIS_LOG {"event":"send_rate","rate":304000,"ts":1760730519.170443}
2025/10/17 19:48:40 POLARIS_LOG {"event":"send_rate","rate":296000,"ts":1760730520.1536365}
2025/10/17 19:48:41 POLARIS_LOG {"event":"send_rate","rate":304000,"ts":1760730521.154418}
2025/10/17 19:48:42 POLARIS_LOG {"event":"send_rate","rate":296000,"ts":1760730522.1534178}
2025/10/17 19:48:43 POLARIS_LOG {"event":"send_rate","rate":304000,"ts":1760730523.153411}
2025/10/17 19:48:44 POLARIS_LOG {"event":"send_rate","rate":296000,"ts":1760730524.154401}
2025/10/17 19:48:45 POLARIS_LOG {"event":"send_rate","rate":304000,"ts":1760730525.1535025}
2025/10/17 19:48:46 POLARIS_LOG {"event":"send_rate","rate":296000,"ts":1760730526.1538162}
2025/10/17 19:48:47 POLARIS_LOG {"event":"send_rate","rate":304000,"ts":1760730527.1544442}
2025/10/17 19:48:48 POLARIS_LOG {"event":"send_rate","rate":296000,"ts":1760730528.1538842}
2025/10/17 19:48:49 POLARIS_LOG {"event":"send_rate","rate":304000,"ts":1760730529.1537273}
2025/10/17 19:48:50 POLARIS_LOG {"event":"send_rate","rate":296000,"ts":1760730530.1538126}
2025/10/17 19:48:51 POLARIS_LOG {"event":"send_rate","rate":304000,"ts":1760730531.1531968}
2025/10/17 19:48:52 POLARIS_LOG {"event":"send_rate","rate":296000,"ts":1760730532.1762247}
2025/10/17 19:48:53 POLARIS_LOG {"event":"send_rate","rate":304000,"ts":1760730533.154395}
2025/10/17 19:48:54 POLARIS_LOG {"event":"send_rate","rate":296000,"ts":1760730534.153497}
2025/10/17 19:48:55 POLARIS_LOG {"event":"send_rate","rate":304000,"ts":1760730535.153076}
2025/10/17 19:48:56 POLARIS_LOG {"event":"send_rate","rate":296000,"ts":1760730536.153944}
2025/10/17 19:48:57 POLARIS_LOG {"event":"send_rate","rate":304000,"ts":1760730537.168844}
2025/10/17 19:48:58 POLARIS_LOG {"event":"send_rate","rate":296000,"ts":1760730538.1539483}
2025/10/17 19:48:59 POLARIS_LOG {"event":"send_rate","rate":304000,"ts":1760730539.1541224}
2025/10/17 19:49:00 POLARIS_LOG {"event":"send_rate","rate":296000,"ts":1760730540.1534948}
2025/10/17 19:49:01 POLARIS_LOG {"event":"send_rate","rate":304000,"ts":1760730541.153579}
2025/10/17 19:49:02 POLARIS_LOG {"event":"send_rate","rate":296000,"ts":1760730542.1534474}
2025/10/17 19:49:03 POLARIS_LOG {"event":"send_rate","rate":304000,"ts":1760730543.1540349}
2025/10/17 19:49:04 POLARIS_LOG {"event":"send_rate","rate":296000,"ts":1760730544.1545985}
2025/10/17 19:49:05 POLARIS_LOG {"event":"send_rate","rate":304000,"ts":1760730545.1670825}
2025/10/17 19:49:06 POLARIS_LOG {"event":"send_rate","rate":296000,"ts":1760730546.1533823}
2025/10/17 19:49:07 POLARIS_LOG {"event":"send_rate","rate":304000,"ts":1760730547.1530259}
2025/10/17 19:49:08 POLARIS_LOG {"event":"send_rate","rate":296000,"ts":1760730548.153395}
2025/10/17 19:49:09 POLARIS_LOG {"event":"send_rate","rate":304000,"ts":1760730549.1545687}
2025/10/17 19:49:10 POLARIS_LOG {"event":"send_rate","rate":296000,"ts":1760730550.153742}
2025/10/17 19:49:11 POLARIS_LOG {"event":"send_rate","rate":304000,"ts":1760730551.1533833}
2025/10/17 19:49:12 POLARIS_LOG {"event":"send_rate","rate":296000,"ts":1760730552.1533778}
2025/10/17 19:49:13 POLARIS_LOG {"event":"send_rate","rate":304000,"ts":1760730553.1532557}
2025/10/17 19:49:14 POLARIS_LOG {"event":"send_rate","rate":296000,"ts":1760730554.153309}
2025/10/17 19:49:15 POLARIS_LOG {"event":"send_rate","rate":304000,"ts":1760730555.1574981}
2025/10/17 19:49:16 POLARIS_LOG {"event":"send_rate","rate":296000,"ts":1760730556.1541293}
2025/10/17 19:49:17 POLARIS_LOG {"event":"send_rate","rate":304000,"ts":1760730557.1541865}
2025/10/17 19:49:18 POLARIS_LOG {"event":"send_rate","rate":296000,"ts":1760730558.154022}
2025/10/17 19:49:19 POLARIS_LOG {"event":"send_rate","rate":304000,"ts":1760730559.1598277}
2025/10/17 19:49:20 POLARIS_LOG {"event":"send_rate","rate":296000,"ts":1760730560.153979}
2025/10/17 19:49:21 POLARIS_LOG {"event":"send_rate","rate":304000,"ts":1760730561.1577218}
2025/10/17 19:49:22 POLARIS_LOG {"event":"send_rate","rate":296000,"ts":1760730562.1537745}
2025/10/17 19:49:23 POLARIS_LOG {"event":"send_rate","rate":304000,"ts":1760730563.153781}
2025/10/17 19:49:24 POLARIS_LOG {"event":"send_rate","rate":296000,"ts":1760730564.1533878}
2025/10/17 19:49:25 POLARIS_LOG {"event":"send_rate","rate":304000,"ts":1760730565.1531696}
2025/10/17 19:49:26 POLARIS_LOG {"event":"send_rate","rate":304000,"ts":1760730566.1864376}
2025/10/17 19:49:27 POLARIS_LOG {"event":"send_rate","rate":296000,"ts":1760730567.15327}
2025/10/17 19:49:28 POLARIS_LOG {"event":"send_rate","rate":296000,"ts":1760730568.1539822}
2025/10/17 19:49:29 POLARIS_LOG {"event":"send_rate","rate":304000,"ts":1760730569.154279}
2025/10/17 19:49:30 POLARIS_LOG {"event":"send_rate","rate":296000,"ts":1760730570.153452}
2025/10/17 19:49:31 POLARIS_LOG {"event":"send_rate","rate":304000,"ts":1760730571.153272}
2025/10/17 19:49:32 POLARIS_LOG {"event":"send_rate","rate":296000,"ts":1760730572.15338}
2025/10/17 19:49:33 POLARIS_LOG {"event":"send_rate","rate":304000,"ts":1760730573.1532886}
2025/10/17 19:49:34 POLARIS_LOG {"event":"send_rate","rate":296000,"ts":1760730574.153439}
2025/10/17 19:49:35 POLARIS_LOG {"event":"send_rate","rate":296000,"ts":1760730575.1531727}
2025/10/17 19:49:36 POLARIS_LOG {"event":"send_rate","rate":304000,"ts":1760730576.1534557}
2025/10/17 19:49:37 POLARIS_LOG {"event":"send_rate","rate":304000,"ts":1760730577.1531794}
2025/10/17 19:49:38 POLARIS_LOG {"event":"send_rate","rate":296000,"ts":1760730578.153666}
2025/10/17 19:49:39 POLARIS_LOG {"event":"send_rate","rate":296000,"ts":1760730579.1537871}
2025/10/17 19:49:40 POLARIS_LOG {"event":"send_rate","rate":304000,"ts":1760730580.15366}
2025/10/17 19:49:41 POLARIS_LOG {"event":"send_rate","rate":304000,"ts":1760730581.1533878}
2025/10/17 19:49:42 POLARIS_LOG {"event":"send_rate","rate":296000,"ts":1760730582.1534529}
2025/10/17 19:49:43 POLARIS_LOG {"event":"send_rate","rate":304000,"ts":1760730583.174921}
2025/10/17 19:49:44 POLARIS_LOG {"event":"send_rate","rate":296000,"ts":1760730584.1534917}
2025/10/17 19:49:45 POLARIS_LOG {"event":"send_rate","rate":304000,"ts":1760730585.15376}
2025/10/17 19:49:46 POLARIS_LOG {"event":"send_rate","rate":296000,"ts":1760730586.153382}
2025/10/17 19:49:47 POLARIS_LOG {"event":"send_rate","rate":304000,"ts":1760730587.1640067}
2025/10/17 19:49:48 POLARIS_LOG {"event":"send_rate","rate":296000,"ts":1760730588.153684}
2025/10/17 19:49:49 POLARIS_LOG {"event":"send_rate","rate":296000,"ts":1760730589.153856}
2025/10/17 19:49:50 POLARIS_LOG {"event":"send_rate","rate":304000,"ts":1760730590.153993}
2025/10/17 19:49:51 POLARIS_LOG {"event":"send_rate","rate":296000,"ts":1760730591.154124}
2025/10/17 19:49:52 POLARIS_LOG {"event":"send_rate","rate":304000,"ts":1760730592.1532123}
2025/10/17 19:49:53 POLARIS_LOG {"event":"send_rate","rate":296000,"ts":1760730593.1551764}
2025/10/17 19:49:54 POLARIS_LOG {"event":"send_rate","rate":304000,"ts":1760730594.1532068}
2025/10/17 19:49:55 POLARIS_LOG {"event":"send_rate","rate":296000,"ts":1760730595.153166}
2025/10/17 19:49:56 POLARIS_LOG {"event":"send_rate","rate":304000,"ts":1760730596.153875}
2025/10/17 19:49:57 POLARIS_LOG {"event":"send_rate","rate":296000,"ts":1760730597.157879}
2025/10/17 19:49:58 POLARIS_LOG {"event":"send_rate","rate":304000,"ts":1760730598.1534007}
2025/10/17 19:49:59 POLARIS_LOG {"event":"send_rate","rate":296000,"ts":1760730599.1532428}
2025/10/17 19:50:00 POLARIS_LOG {"event":"send_rate","rate":304000,"ts":1760730600.1536648}
2025/10/17 19:50:01 POLARIS_LOG {"event":"send_rate","rate":296000,"ts":1760730601.1533055}
2025/10/17 19:50:02 POLARIS_LOG {"event":"send_rate","rate":304000,"ts":1760730602.1535923}
2025/10/17 19:50:03 POLARIS_LOG {"event":"send_rate","rate":304000,"ts":1760730603.1760948}
2025/10/17 19:50:04 POLARIS_LOG {"event":"send_rate","rate":296000,"ts":1760730604.1538596}
2025/10/17 19:50:05 POLARIS_LOG {"event":"send_rate","rate":296000,"ts":1760730605.1533806}
2025/10/17 19:50:06 POLARIS_LOG {"event":"send_rate","rate":304000,"ts":1760730606.1532989}
2025/10/17 19:50:07 POLARIS_LOG {"event":"send_rate","rate":296000,"ts":1760730607.1539547}
2025/10/17 19:50:08 POLARIS_LOG {"event":"send_rate","rate":304000,"ts":1760730608.1536806}
2025/10/17 19:50:09 POLARIS_LOG {"event":"send_rate","rate":296000,"ts":1760730609.1536198}
2025/10/17 19:50:10 POLARIS_LOG {"event":"send_rate","rate":304000,"ts":1760730610.1536262}
2025/10/17 19:50:11 POLARIS_LOG {"event":"send_rate","rate":296000,"ts":1760730611.1531672}
2025/10/17 19:50:12 POLARIS_LOG {"event":"send_rate","rate":304000,"ts":1760730612.153241}
2025/10/17 19:50:13 POLARIS_LOG {"event":"send_rate","rate":296000,"ts":1760730613.1533043}
2025/10/17 19:50:14 POLARIS_LOG {"event":"send_rate","rate":304000,"ts":1760730614.1543314}
2025/10/17 19:50:15 POLARIS_LOG {"event":"send_rate","rate":296000,"ts":1760730615.153861}
2025/10/17 19:50:16 POLARIS_LOG {"event":"send_rate","rate":304000,"ts":1760730616.1531272}
2025/10/17 19:50:17 POLARIS_LOG {"event":"send_rate","rate":296000,"ts":1760730617.1530805}
2025/10/17 19:50:18 POLARIS_LOG {"event":"send_rate","rate":304000,"ts":1760730618.153677}
2025/10/17 19:50:19 POLARIS_LOG {"event":"send_rate","rate":296000,"ts":1760730619.1534219}
2025/10/17 19:50:20 POLARIS_LOG {"event":"send_rate","rate":304000,"ts":1760730620.1538055}
2025/10/17 19:50:21 POLARIS_LOG {"event":"send_rate","rate":296000,"ts":1760730621.1534042}
2025/10/17 19:50:22 POLARIS_LOG {"event":"send_rate","rate":304000,"ts":1760730622.1538002}
2025/10/17 19:50:23 POLARIS_LOG {"event":"send_rate","rate":296000,"ts":1760730623.1531436}
2025/10/17 19:50:24 POLARIS_LOG {"event":"send_rate","rate":304000,"ts":1760730624.1534982}
2025/10/17 19:50:25 POLARIS_LOG {"event":"send_rate","rate":296000,"ts":1760730625.1534166}
2025/10/17 19:50:26 POLARIS_LOG {"event":"send_rate","rate":304000,"ts":1760730626.1540716}
2025/10/17 19:50:27 POLARIS_LOG {"event":"send_rate","rate":296000,"ts":1760730627.1539824}
2025/10/17 19:50:28 POLARIS_LOG {"event":"send_rate","rate":304000,"ts":1760730628.1531687}
2025/10/17 19:50:29 POLARIS_LOG {"event":"send_rate","rate":296000,"ts":1760730629.1530435}
2025/10/17 19:50:30 POLARIS_LOG {"event":"send_rate","rate":304000,"ts":1760730630.1535258}
2025/10/17 19:50:31 POLARIS_LOG {"event":"send_rate","rate":296000,"ts":1760730631.1540601}
2025/10/17 19:50:32 POLARIS_LOG {"event":"send_rate","rate":304000,"ts":1760730632.1534438}
2025/10/17 19:50:33 POLARIS_LOG {"event":"send_rate","rate":296000,"ts":1760730633.153049}
2025/10/17 19:50:34 POLARIS_LOG {"event":"send_rate","rate":304000,"ts":1760730634.154687}
2025/10/17 19:50:35 POLARIS_LOG {"event":"send_rate","rate":296000,"ts":1760730635.174758}
2025/10/17 19:50:36 POLARIS_LOG {"event":"send_rate","rate":304000,"ts":1760730636.1574216}
2025/10/17 19:50:37 POLARIS_LOG {"event":"send_rate","rate":296000,"ts":1760730637.1539927}
2025/10/17 19:50:38 POLARIS_LOG {"event":"send_rate","rate":304000,"ts":1760730638.153384}
2025/10/17 19:50:39 POLARIS_LOG {"event":"send_rate","rate":296000,"ts":1760730639.1538243}
2025/10/17 19:50:40 POLARIS_LOG {"event":"send_rate","rate":304000,"ts":1760730640.1533766}
2025/10/17 19:50:41 POLARIS_LOG {"event":"send_rate","rate":296000,"ts":1760730641.1537442}
2025/10/17 19:50:42 POLARIS_LOG {"event":"send_rate","rate":304000,"ts":1760730642.153821}
2025/10/17 19:50:43 POLARIS_LOG {"event":"send_rate","rate":296000,"ts":1760730643.1534002}
2025/10/17 19:50:44 POLARIS_LOG {"event":"send_rate","rate":304000,"ts":1760730644.1540184}
2025/10/17 19:50:45 POLARIS_LOG {"event":"send_rate","rate":296000,"ts":1760730645.1536582}
2025/10/17 19:50:46 POLARIS_LOG {"event":"send_rate","rate":304000,"ts":1760730646.1553514}
2025/10/17 19:50:47 POLARIS_LOG {"event":"send_rate","rate":296000,"ts":1760730647.1532435}
2025/10/17 19:50:48 POLARIS_LOG {"event":"send_rate","rate":304000,"ts":1760730648.1536407}
2025/10/17 19:50:49 POLARIS_LOG {"event":"send_rate","rate":296000,"ts":1760730649.157823}
2025/10/17 19:50:50 POLARIS_LOG {"event":"send_rate","rate":296000,"ts":1760730650.1575627}
2025/10/17 19:50:51 POLARIS_LOG {"event":"send_rate","rate":304000,"ts":1760730651.1533852}
2025/10/17 19:50:52 POLARIS_LOG {"event":"send_rate","rate":304000,"ts":1760730652.153424}
2025/10/17 19:50:53 POLARIS_LOG {"event":"send_rate","rate":296000,"ts":1760730653.1539547}
2025/10/17 19:50:54 POLARIS_LOG {"event":"send_rate","rate":304000,"ts":1760730654.1538908}
2025/10/17 19:50:55 POLARIS_LOG {"event":"send_rate","rate":296000,"ts":1760730655.1532178}
2025/10/17 19:50:56 POLARIS_LOG {"event":"send_rate","rate":304000,"ts":1760730656.153899}
2025/10/17 19:50:57 POLARIS_LOG {"event":"send_rate","rate":296000,"ts":1760730657.1536827}
2025/10/17 19:50:58 POLARIS_LOG {"event":"send_rate","rate":304000,"ts":1760730658.1536415}
2025/10/17 19:50:59 POLARIS_LOG {"event":"send_rate","rate":296000,"ts":1760730659.1536193}
2025/10/17 19:51:00 POLARIS_LOG {"event":"send_rate","rate":304000,"ts":1760730660.1538482}
2025/10/17 19:51:01 POLARIS_LOG {"event":"send_rate","rate":296000,"ts":1760730661.1536155}
2025/10/17 19:51:02 POLARIS_LOG {"event":"send_rate","rate":304000,"ts":1760730662.1535156}
2025/10/17 19:51:03 POLARIS_LOG {"event":"send_rate","rate":296000,"ts":1760730663.1531568}
2025/10/17 19:51:04 POLARIS_LOG {"event":"send_rate","rate":304000,"ts":1760730664.153231}
2025/10/17 19:51:05 POLARIS_LOG {"event":"send_rate","rate":296000,"ts":1760730665.153441}
2025/10/17 19:51:06 POLARIS_LOG {"event":"send_rate","rate":304000,"ts":1760730666.153933}
2025/10/17 19:51:07 POLARIS_LOG {"event":"send_rate","rate":296000,"ts":1760730667.1538143}
2025/10/17 19:51:08 POLARIS_LOG {"event":"send_rate","rate":304000,"ts":1760730668.1539934}
2025/10/17 19:51:09 POLARIS_LOG {"event":"send_rate","rate":296000,"ts":1760730669.1532753}
2025/10/17 19:51:10 POLARIS_LOG {"event":"send_rate","rate":304000,"ts":1760730670.15304}
2025/10/17 19:51:11 POLARIS_LOG {"event":"send_rate","rate":296000,"ts":1760730671.154104}
2025/10/17 19:51:12 POLARIS_LOG {"event":"send_rate","rate":304000,"ts":1760730672.1536589}
2025/10/17 19:51:13 POLARIS_LOG {"event":"send_rate","rate":296000,"ts":1760730673.1530347}
2025/10/17 19:51:14 POLARIS_LOG {"event":"send_rate","rate":304000,"ts":1760730674.1539543}
2025/10/17 19:51:15 POLARIS_LOG {"event":"send_rate","rate":296000,"ts":1760730675.1535752}
2025/10/17 19:51:16 POLARIS_LOG {"event":"send_rate","rate":304000,"ts":1760730676.1537309}
2025/10/17 19:51:17 POLARIS_LOG {"event":"send_rate","rate":296000,"ts":1760730677.153756}
2025/10/17 19:51:18 POLARIS_LOG {"event":"send_rate","rate":304000,"ts":1760730678.1549208}
2025/10/17 19:51:19 POLARIS_LOG {"event":"send_rate","rate":296000,"ts":1760730679.1539512}
2025/10/17 19:51:20 POLARIS_LOG {"event":"send_rate","rate":304000,"ts":1760730680.1540768}
2025/10/17 19:51:21 POLARIS_LOG {"event":"send_rate","rate":296000,"ts":1760730681.1545808}
2025/10/17 19:51:22 POLARIS_LOG {"event":"send_rate","rate":296000,"ts":1760730682.1532829}
2025/10/17 19:51:23 POLARIS_LOG {"event":"send_rate","rate":304000,"ts":1760730683.1533859}
2025/10/17 19:51:24 POLARIS_LOG {"event":"send_rate","rate":296000,"ts":1760730684.153401}
2025/10/17 19:51:25 POLARIS_LOG {"event":"send_rate","rate":304000,"ts":1760730685.1534498}
2025/10/17 19:51:26 POLARIS_LOG {"event":"send_rate","rate":296000,"ts":1760730686.1532784}
2025/10/17 19:51:27 POLARIS_LOG {"event":"send_rate","rate":304000,"ts":1760730687.153024}
2025/10/17 19:51:28 POLARIS_LOG {"event":"send_rate","rate":296000,"ts":1760730688.153608}
2025/10/17 19:51:29 POLARIS_LOG {"event":"send_rate","rate":312000,"ts":1760730689.1856976}
2025/10/17 19:51:30 POLARIS_LOG {"event":"send_rate","rate":288000,"ts":1760730690.1532385}
Skipping switch: current path 5 5 2 4 has lastEstimate 333250 >= maxEstimate 0
2025/10/17 19:51:31 POLARIS_LOG {"event":"send_rate","rate":304000,"ts":1760730691.1533842}
2025/10/17 19:51:32 POLARIS_LOG {"event":"send_rate","rate":296000,"ts":1760730692.153622}
2025/10/17 19:51:33 POLARIS_LOG {"event":"send_rate","rate":304000,"ts":1760730693.1533763}
2025/10/17 19:51:34 POLARIS_LOG {"event":"send_rate","rate":296000,"ts":1760730694.153211}
2025/10/17 19:51:35 POLARIS_LOG {"event":"send_rate","rate":304000,"ts":1760730695.153424}
2025/10/17 19:51:36 POLARIS_LOG {"event":"send_rate","rate":296000,"ts":1760730696.1538072}
2025/10/17 19:51:37 POLARIS_LOG {"event":"send_rate","rate":304000,"ts":1760730697.153444}
2025/10/17 19:51:38 POLARIS_LOG {"event":"send_rate","rate":296000,"ts":1760730698.1635082}
2025/10/17 19:51:39 POLARIS_LOG {"event":"send_rate","rate":304000,"ts":1760730699.1539528}
2025/10/17 19:51:40 POLARIS_LOG {"event":"send_rate","rate":296000,"ts":1760730700.1531289}
2025/10/17 19:51:41 POLARIS_LOG {"event":"send_rate","rate":304000,"ts":1760730701.1536367}
2025/10/17 19:51:42 POLARIS_LOG {"event":"send_rate","rate":296000,"ts":1760730702.1536288}
2025/10/17 19:51:43 POLARIS_LOG {"event":"send_rate","rate":304000,"ts":1760730703.1533957}
2025/10/17 19:51:44 POLARIS_LOG {"event":"send_rate","rate":296000,"ts":1760730704.1533844}
2025/10/17 19:51:45 POLARIS_LOG {"event":"send_rate","rate":304000,"ts":1760730705.154028}
2025/10/17 19:51:46 POLARIS_LOG {"event":"send_rate","rate":296000,"ts":1760730706.1540134}
2025/10/17 19:51:47 POLARIS_LOG {"event":"send_rate","rate":304000,"ts":1760730707.1540484}
2025/10/17 19:51:48 POLARIS_LOG {"event":"send_rate","rate":304000,"ts":1760730708.1665196}
2025/10/17 19:51:49 POLARIS_LOG {"event":"send_rate","rate":296000,"ts":1760730709.1535258}
2025/10/17 19:51:50 POLARIS_LOG {"event":"send_rate","rate":296000,"ts":1760730710.153813}
2025/10/17 19:51:51 POLARIS_LOG {"event":"send_rate","rate":304000,"ts":1760730711.1538901}
2025/10/17 19:51:52 POLARIS_LOG {"event":"send_rate","rate":296000,"ts":1760730712.153145}
2025/10/17 19:51:53 POLARIS_LOG {"event":"send_rate","rate":304000,"ts":1760730713.153148}
2025/10/17 19:51:54 POLARIS_LOG {"event":"send_rate","rate":296000,"ts":1760730714.1533146}
2025/10/17 19:51:55 POLARIS_LOG {"event":"send_rate","rate":304000,"ts":1760730715.1535387}
2025/10/17 19:51:56 POLARIS_LOG {"event":"send_rate","rate":296000,"ts":1760730716.1548877}
2025/10/17 19:51:57 POLARIS_LOG {"event":"send_rate","rate":304000,"ts":1760730717.1534367}
2025/10/17 19:51:58 POLARIS_LOG {"event":"send_rate","rate":296000,"ts":1760730718.1530693}
2025/10/17 19:51:59 POLARIS_LOG {"event":"send_rate","rate":304000,"ts":1760730719.1542473}
2025/10/17 19:52:00 POLARIS_LOG {"event":"send_rate","rate":336000,"ts":1760730720.2817097}
2025/10/17 19:52:01 POLARIS_LOG {"event":"send_rate","rate":264000,"ts":1760730721.1530206}
Skipping switch: current path 5 5 2 4 has lastEstimate 333250 >= maxEstimate 0
2025/10/17 19:52:02 POLARIS_LOG {"event":"send_rate","rate":296000,"ts":1760730722.1532378}
2025/10/17 19:52:03 POLARIS_LOG {"event":"send_rate","rate":304000,"ts":1760730723.1540172}
2025/10/17 19:52:04 POLARIS_LOG {"event":"send_rate","rate":304000,"ts":1760730724.1598945}
2025/10/17 19:52:05 POLARIS_LOG {"event":"send_rate","rate":296000,"ts":1760730725.1533287}
2025/10/17 19:52:06 POLARIS_LOG {"event":"send_rate","rate":296000,"ts":1760730726.1534026}
2025/10/17 19:52:07 POLARIS_LOG {"event":"send_rate","rate":304000,"ts":1760730727.153793}
2025/10/17 19:52:08 POLARIS_LOG {"event":"send_rate","rate":296000,"ts":1760730728.1533163}
2025/10/17 19:52:09 POLARIS_LOG {"event":"send_rate","rate":304000,"ts":1760730729.1533685}
2025/10/17 19:52:10 POLARIS_LOG {"event":"send_rate","rate":296000,"ts":1760730730.1540213}
2025/10/17 19:52:11 POLARIS_LOG {"event":"send_rate","rate":304000,"ts":1760730731.1538732}
2025/10/17 19:52:12 POLARIS_LOG {"event":"send_rate","rate":296000,"ts":1760730732.1541522}
We need to sleep for 1 seconds before we can get the results
Drain Loop received packet
Drain Loop received non-nil payload
2025/10/17 19:52:13 POLARIS_LOG {"event":"send_rate","rate":8000,"ts":1760730733.1535048}
Client sent 10912 packets, server reported 10890 packets received
The network loss rate from client to server is 0.2%

S->C results
Attempted bandwidth: 0 bps / 0.00 Mbps
Achieved bandwidth: 0 bps / 0.00 Mbps
Loss rate: 0.0%
Interarrival time min/avg/max/mdev = -0.000/0.000/0.000/0.000 ms

C->S results
Attempted bandwidth: 299986 bps / 0.30 Mbps
Achieved bandwidth: 299381 bps / 0.30 Mbps
Loss rate: 0.2%
Interarrival time min/avg/max/mdev = 0.002/26.700/419.534/19.820 ms
