
Test parameters:
client->server: 288 seconds, 1000 bytes, 10800 packets
server->client: 288 seconds, 1000 bytes, 0 packets
2025/10/17 19:47:24 POLARIS_LOG {"current_rate":0,"event":"path_switch","new":"2 2 5 2","trigger":"initialization","ts":1760730444.1710393}
Polaris prober initialized with 38 paths
Polaris prober initialized with local 1-111,10.111.0.71:32752 and remote 1-113,10.113.0.71
2025/10/17 19:47:25 POLARIS_LOG {"event":"send_rate","rate":296000,"ts":1760730445.175744}
2025/10/17 19:47:26 POLARIS_LOG {"event":"send_rate","rate":304000,"ts":1760730446.1756628}
2025/10/17 19:47:27 POLARIS_LOG {"event":"send_rate","rate":296000,"ts":1760730447.1723697}
2025/10/17 19:47:28 POLARIS_LOG {"event":"send_rate","rate":304000,"ts":1760730448.1718652}
2025/10/17 19:47:29 POLARIS_LOG {"event":"send_rate","rate":296000,"ts":1760730449.174217}
2025/10/17 19:47:30 POLARIS_LOG {"event":"send_rate","rate":304000,"ts":1760730450.1714752}
2025/10/17 19:47:31 POLARIS_LOG {"event":"send_rate","rate":296000,"ts":1760730451.1716275}
2025/10/17 19:47:32 POLARIS_LOG {"event":"send_rate","rate":304000,"ts":1760730452.1717675}
2025/10/17 19:47:33 POLARIS_LOG {"event":"send_rate","rate":296000,"ts":1760730453.1717591}
2025/10/17 19:47:34 POLARIS_LOG {"event":"send_rate","rate":304000,"ts":1760730454.172154}
2025/10/17 19:47:35 POLARIS_LOG {"event":"send_rate","rate":296000,"ts":1760730455.1727161}
2025/10/17 19:47:36 POLARIS_LOG {"event":"send_rate","rate":304000,"ts":1760730456.1866086}
2025/10/17 19:47:37 POLARIS_LOG {"event":"send_rate","rate":296000,"ts":1760730457.171452}
2025/10/17 19:47:38 POLARIS_LOG {"event":"send_rate","rate":304000,"ts":1760730458.1721547}
2025/10/17 19:47:39 POLARIS_LOG {"event":"send_rate","rate":296000,"ts":1760730459.1719606}
2025/10/17 19:47:40 POLARIS_LOG {"event":"send_rate","rate":304000,"ts":1760730460.1715982}
2025/10/17 19:47:41 POLARIS_LOG {"event":"send_rate","rate":296000,"ts":1760730461.1716995}
2025/10/17 19:47:42 POLARIS_LOG {"event":"send_rate","rate":304000,"ts":1760730462.1760468}
2025/10/17 19:47:43 POLARIS_LOG {"event":"send_rate","rate":144000,"ts":1760730463.171999}
2025/10/17 19:47:44 POLARIS_LOG {"event":"send_rate","rate":160000,"ts":1760730464.1731884}
2025/10/17 19:47:44 POLARIS_LOG {"candidates":25,"candidates_unfiltered":25,"current_rate":160000,"estimated_share":2000000,"event":"path_switch","max_estimated_share":2000000,"new":"1 1 6 6 2 4","old":"2 2 5 2","trigger":"scheduled","ts":1760730464.1731932}
2025/10/17 19:47:45 POLARIS_LOG {"event":"send_rate","rate":592000,"ts":1760730465.1717212}
2025/10/17 19:47:46 POLARIS_LOG {"event":"send_rate","rate":304000,"ts":1760730466.174155}
2025/10/17 19:47:47 POLARIS_LOG {"event":"send_rate","rate":296000,"ts":1760730467.1729217}
2025/10/17 19:47:48 POLARIS_LOG {"event":"send_rate","rate":304000,"ts":1760730468.1728213}
2025/10/17 19:47:49 POLARIS_LOG {"event":"send_rate","rate":296000,"ts":1760730469.172023}
2025/10/17 19:47:50 POLARIS_LOG {"event":"send_rate","rate":304000,"ts":1760730470.1752145}
2025/10/17 19:47:51 POLARIS_LOG {"event":"send_rate","rate":296000,"ts":1760730471.1739564}
2025/10/17 19:47:52 POLARIS_LOG {"event":"send_rate","rate":304000,"ts":1760730472.1724377}
2025/10/17 19:47:53 POLARIS_LOG {"event":"send_rate","rate":296000,"ts":1760730473.173533}
2025/10/17 19:47:54 POLARIS_LOG {"event":"send_rate","rate":304000,"ts":1760730474.1729383}
2025/10/17 19:47:55 POLARIS_LOG {"event":"send_rate","rate":296000,"ts":1760730475.1722221}
2025/10/17 19:47:56 POLARIS_LOG {"event":"send_rate","rate":304000,"ts":1760730476.1754458}
2025/10/17 19:47:57 POLARIS_LOG {"event":"send_rate","rate":296000,"ts":1760730477.1718354}
2025/10/17 19:47:58 POLARIS_LOG {"event":"send_rate","rate":304000,"ts":1760730478.171861}
2025/10/17 19:47:59 POLARIS_LOG {"event":"send_rate","rate":296000,"ts":1760730479.1716626}
2025/10/17 19:48:00 POLARIS_LOG {"event":"send_rate","rate":304000,"ts":1760730480.1731546}
2025/10/17 19:48:01 POLARIS_LOG {"event":"send_rate","rate":296000,"ts":1760730481.1720831}
2025/10/17 19:48:02 POLARIS_LOG {"event":"send_rate","rate":304000,"ts":1760730482.171688}
2025/10/17 19:48:03 POLARIS_LOG {"event":"send_rate","rate":296000,"ts":1760730483.1718829}
2025/10/17 19:48:04 POLARIS_LOG {"event":"send_rate","rate":304000,"ts":1760730484.1776204}
2025/10/17 19:48:05 POLARIS_LOG {"event":"send_rate","rate":296000,"ts":1760730485.1732807}
2025/10/17 19:48:06 POLARIS_LOG {"event":"send_rate","rate":304000,"ts":1760730486.171879}
2025/10/17 19:48:07 POLARIS_LOG {"event":"send_rate","rate":296000,"ts":1760730487.1732244}
2025/10/17 19:48:08 POLARIS_LOG {"event":"send_rate","rate":304000,"ts":1760730488.1769354}
2025/10/17 19:48:09 POLARIS_LOG {"event":"send_rate","rate":296000,"ts":1760730489.1734717}
2025/10/17 19:48:10 POLARIS_LOG {"event":"send_rate","rate":304000,"ts":1760730490.1753733}
2025/10/17 19:48:11 POLARIS_LOG {"event":"send_rate","rate":296000,"ts":1760730491.1755836}
2025/10/17 19:48:12 POLARIS_LOG {"event":"send_rate","rate":304000,"ts":1760730492.1742244}
2025/10/17 19:48:13 POLARIS_LOG {"event":"send_rate","rate":296000,"ts":1760730493.1734707}
2025/10/17 19:48:14 POLARIS_LOG {"event":"send_rate","rate":304000,"ts":1760730494.1728334}
2025/10/17 19:48:15 POLARIS_LOG {"event":"send_rate","rate":304000,"ts":1760730495.1905484}
2025/10/17 19:48:16 POLARIS_LOG {"event":"send_rate","rate":296000,"ts":1760730496.1720345}
2025/10/17 19:48:17 POLARIS_LOG {"event":"send_rate","rate":296000,"ts":1760730497.172033}
2025/10/17 19:48:18 POLARIS_LOG {"event":"send_rate","rate":304000,"ts":1760730498.1726427}
2025/10/17 19:48:19 POLARIS_LOG {"event":"send_rate","rate":296000,"ts":1760730499.1729827}
2025/10/17 19:48:20 POLARIS_LOG {"event":"send_rate","rate":304000,"ts":1760730500.1747565}
2025/10/17 19:48:21 POLARIS_LOG {"event":"send_rate","rate":296000,"ts":1760730501.1720037}
2025/10/17 19:48:22 POLARIS_LOG {"event":"send_rate","rate":304000,"ts":1760730502.183241}
2025/10/17 19:48:23 POLARIS_LOG {"event":"send_rate","rate":296000,"ts":1760730503.1734934}
2025/10/17 19:48:24 POLARIS_LOG {"event":"send_rate","rate":304000,"ts":1760730504.171681}
2025/10/17 19:48:25 POLARIS_LOG {"event":"send_rate","rate":296000,"ts":1760730505.1725225}
2025/10/17 19:48:26 POLARIS_LOG {"event":"send_rate","rate":304000,"ts":1760730506.173193}
2025/10/17 19:48:27 POLARIS_LOG {"event":"send_rate","rate":296000,"ts":1760730507.1724584}
2025/10/17 19:48:28 POLARIS_LOG {"event":"send_rate","rate":304000,"ts":1760730508.1722932}
2025/10/17 19:48:29 POLARIS_LOG {"event":"send_rate","rate":296000,"ts":1760730509.1724043}
2025/10/17 19:48:30 POLARIS_LOG {"event":"send_rate","rate":304000,"ts":1760730510.1718824}
2025/10/17 19:48:31 POLARIS_LOG {"event":"send_rate","rate":296000,"ts":1760730511.1766844}
2025/10/17 19:48:32 POLARIS_LOG {"event":"send_rate","rate":304000,"ts":1760730512.191895}
2025/10/17 19:48:33 POLARIS_LOG {"event":"send_rate","rate":296000,"ts":1760730513.1714716}
2025/10/17 19:48:34 POLARIS_LOG {"event":"send_rate","rate":304000,"ts":1760730514.174413}
2025/10/17 19:48:35 POLARIS_LOG {"event":"send_rate","rate":296000,"ts":1760730515.1728363}
2025/10/17 19:48:36 POLARIS_LOG {"event":"send_rate","rate":304000,"ts":1760730516.1730435}
2025/10/17 19:48:37 POLARIS_LOG {"event":"send_rate","rate":296000,"ts":1760730517.1723483}
2025/10/17 19:48:38 POLARIS_LOG {"event":"send_rate","rate":304000,"ts":1760730518.177484}
2025/10/17 19:48:39 POLARIS_LOG {"event":"send_rate","rate":296000,"ts":1760730519.1726549}
2025/10/17 19:48:40 POLARIS_LOG {"event":"send_rate","rate":304000,"ts":1760730520.179385}
2025/10/17 19:48:41 POLARIS_LOG {"event":"send_rate","rate":296000,"ts":1760730521.172338}
2025/10/17 19:48:42 POLARIS_LOG {"event":"send_rate","rate":304000,"ts":1760730522.1716182}
2025/10/17 19:48:43 POLARIS_LOG {"event":"send_rate","rate":296000,"ts":1760730523.1720316}
2025/10/17 19:48:44 POLARIS_LOG {"event":"send_rate","rate":304000,"ts":1760730524.1724772}
2025/10/17 19:48:45 POLARIS_LOG {"event":"send_rate","rate":296000,"ts":1760730525.1725903}
2025/10/17 19:48:46 POLARIS_LOG {"event":"send_rate","rate":304000,"ts":1760730526.1715865}
2025/10/17 19:48:47 POLARIS_LOG {"event":"send_rate","rate":296000,"ts":1760730527.1726415}
2025/10/17 19:48:48 POLARIS_LOG {"event":"send_rate","rate":304000,"ts":1760730528.1721797}
2025/10/17 19:48:49 POLARIS_LOG {"event":"send_rate","rate":296000,"ts":1760730529.171903}
2025/10/17 19:48:50 POLARIS_LOG {"event":"send_rate","rate":304000,"ts":1760730530.1739383}
2025/10/17 19:48:51 POLARIS_LOG {"event":"send_rate","rate":296000,"ts":1760730531.172328}
2025/10/17 19:48:52 POLARIS_LOG {"event":"send_rate","rate":304000,"ts":1760730532.1746361}
2025/10/17 19:48:53 POLARIS_LOG {"event":"send_rate","rate":296000,"ts":1760730533.1720586}
2025/10/17 19:48:54 POLARIS_LOG {"event":"send_rate","rate":304000,"ts":1760730534.1794796}
2025/10/17 19:48:55 POLARIS_LOG {"event":"send_rate","rate":296000,"ts":1760730535.1788757}
2025/10/17 19:48:56 POLARIS_LOG {"event":"send_rate","rate":304000,"ts":1760730536.1726305}
2025/10/17 19:48:57 POLARIS_LOG {"event":"send_rate","rate":296000,"ts":1760730537.1716595}
2025/10/17 19:48:58 POLARIS_LOG {"event":"send_rate","rate":296000,"ts":1760730538.1715484}
2025/10/17 19:48:59 POLARIS_LOG {"event":"send_rate","rate":304000,"ts":1760730539.1775575}
2025/10/17 19:49:00 POLARIS_LOG {"event":"send_rate","rate":304000,"ts":1760730540.175883}
2025/10/17 19:49:01 POLARIS_LOG {"event":"send_rate","rate":296000,"ts":1760730541.1720238}
2025/10/17 19:49:02 POLARIS_LOG {"event":"send_rate","rate":304000,"ts":1760730542.1717892}
2025/10/17 19:49:03 POLARIS_LOG {"event":"send_rate","rate":296000,"ts":1760730543.1722894}
2025/10/17 19:49:04 POLARIS_LOG {"event":"send_rate","rate":304000,"ts":1760730544.1721766}
2025/10/17 19:49:05 POLARIS_LOG {"event":"send_rate","rate":296000,"ts":1760730545.1733341}
2025/10/17 19:49:06 POLARIS_LOG {"event":"send_rate","rate":304000,"ts":1760730546.1729066}
2025/10/17 19:49:07 POLARIS_LOG {"event":"send_rate","rate":304000,"ts":1760730547.2050083}
2025/10/17 19:49:08 POLARIS_LOG {"event":"send_rate","rate":288000,"ts":1760730548.1765573}
2025/10/17 19:49:09 POLARIS_LOG {"event":"send_rate","rate":304000,"ts":1760730549.1728199}
2025/10/17 19:49:10 POLARIS_LOG {"event":"send_rate","rate":304000,"ts":1760730550.1875274}
2025/10/17 19:49:11 POLARIS_LOG {"event":"send_rate","rate":296000,"ts":1760730551.172881}
2025/10/17 19:49:12 POLARIS_LOG {"event":"send_rate","rate":296000,"ts":1760730552.1871476}
2025/10/17 19:49:13 POLARIS_LOG {"event":"send_rate","rate":304000,"ts":1760730553.172454}
2025/10/17 19:49:14 POLARIS_LOG {"event":"send_rate","rate":296000,"ts":1760730554.1721163}
2025/10/17 19:49:15 POLARIS_LOG {"event":"send_rate","rate":304000,"ts":1760730555.1714249}
2025/10/17 19:49:16 POLARIS_LOG {"event":"send_rate","rate":296000,"ts":1760730556.1769536}
2025/10/17 19:49:17 POLARIS_LOG {"event":"send_rate","rate":304000,"ts":1760730557.171457}
2025/10/17 19:49:18 POLARIS_LOG {"event":"send_rate","rate":296000,"ts":1760730558.1727145}
2025/10/17 19:49:19 POLARIS_LOG {"event":"send_rate","rate":304000,"ts":1760730559.1781516}
2025/10/17 19:49:20 POLARIS_LOG {"event":"send_rate","rate":304000,"ts":1760730560.1734562}
2025/10/17 19:49:21 POLARIS_LOG {"event":"send_rate","rate":296000,"ts":1760730561.1754413}
2025/10/17 19:49:22 POLARIS_LOG {"event":"send_rate","rate":296000,"ts":1760730562.1810865}
2025/10/17 19:49:23 POLARIS_LOG {"event":"send_rate","rate":304000,"ts":1760730563.1765673}
2025/10/17 19:49:24 POLARIS_LOG {"event":"send_rate","rate":296000,"ts":1760730564.1718574}
2025/10/17 19:49:25 POLARIS_LOG {"event":"send_rate","rate":304000,"ts":1760730565.1724045}
2025/10/17 19:49:26 POLARIS_LOG {"event":"send_rate","rate":296000,"ts":1760730566.172731}
2025/10/17 19:49:27 POLARIS_LOG {"event":"send_rate","rate":304000,"ts":1760730567.1746697}
2025/10/17 19:49:28 POLARIS_LOG {"event":"send_rate","rate":304000,"ts":1760730568.1776466}
2025/10/17 19:49:29 POLARIS_LOG {"event":"send_rate","rate":296000,"ts":1760730569.1767142}
2025/10/17 19:49:30 POLARIS_LOG {"event":"send_rate","rate":304000,"ts":1760730570.176856}
2025/10/17 19:49:31 POLARIS_LOG {"event":"send_rate","rate":296000,"ts":1760730571.1732893}
2025/10/17 19:49:32 POLARIS_LOG {"event":"send_rate","rate":296000,"ts":1760730572.1740744}
2025/10/17 19:49:33 POLARIS_LOG {"event":"send_rate","rate":304000,"ts":1760730573.1777341}
2025/10/17 19:49:34 POLARIS_LOG {"event":"send_rate","rate":296000,"ts":1760730574.173506}
2025/10/17 19:49:35 POLARIS_LOG {"event":"send_rate","rate":304000,"ts":1760730575.172792}
2025/10/17 19:49:36 POLARIS_LOG {"event":"send_rate","rate":296000,"ts":1760730576.1878715}
2025/10/17 19:49:37 POLARIS_LOG {"event":"send_rate","rate":304000,"ts":1760730577.172984}
2025/10/17 19:49:38 POLARIS_LOG {"event":"send_rate","rate":296000,"ts":1760730578.1733942}
2025/10/17 19:49:39 POLARIS_LOG {"event":"send_rate","rate":304000,"ts":1760730579.1739383}
2025/10/17 19:49:40 POLARIS_LOG {"event":"send_rate","rate":296000,"ts":1760730580.1722465}
2025/10/17 19:49:41 POLARIS_LOG {"event":"send_rate","rate":304000,"ts":1760730581.1716855}
2025/10/17 19:49:42 POLARIS_LOG {"event":"send_rate","rate":296000,"ts":1760730582.1721027}
2025/10/17 19:49:43 POLARIS_LOG {"event":"send_rate","rate":304000,"ts":1760730583.1723197}
2025/10/17 19:49:44 POLARIS_LOG {"event":"send_rate","rate":296000,"ts":1760730584.1721065}
2025/10/17 19:49:45 POLARIS_LOG {"event":"send_rate","rate":304000,"ts":1760730585.1717398}
2025/10/17 19:49:46 POLARIS_LOG {"event":"send_rate","rate":296000,"ts":1760730586.1738324}
2025/10/17 19:49:47 POLARIS_LOG {"event":"send_rate","rate":296000,"ts":1760730587.1773906}
2025/10/17 19:49:48 POLARIS_LOG {"event":"send_rate","rate":304000,"ts":1760730588.1723216}
2025/10/17 19:49:49 POLARIS_LOG {"event":"send_rate","rate":304000,"ts":1760730589.177497}
2025/10/17 19:49:50 POLARIS_LOG {"event":"send_rate","rate":296000,"ts":1760730590.172001}
2025/10/17 19:49:51 POLARIS_LOG {"event":"send_rate","rate":304000,"ts":1760730591.173065}
2025/10/17 19:49:52 POLARIS_LOG {"event":"send_rate","rate":304000,"ts":1760730592.1779747}
2025/10/17 19:49:53 POLARIS_LOG {"event":"send_rate","rate":296000,"ts":1760730593.1737645}
2025/10/17 19:49:54 POLARIS_LOG {"event":"send_rate","rate":296000,"ts":1760730594.1757843}
2025/10/17 19:49:55 POLARIS_LOG {"event":"send_rate","rate":304000,"ts":1760730595.172989}
2025/10/17 19:49:56 POLARIS_LOG {"event":"send_rate","rate":296000,"ts":1760730596.172673}
2025/10/17 19:49:57 POLARIS_LOG {"event":"send_rate","rate":304000,"ts":1760730597.1715715}
2025/10/17 19:49:58 POLARIS_LOG {"event":"send_rate","rate":296000,"ts":1760730598.1720366}
2025/10/17 19:49:59 POLARIS_LOG {"event":"send_rate","rate":304000,"ts":1760730599.172141}
2025/10/17 19:50:00 POLARIS_LOG {"event":"send_rate","rate":296000,"ts":1760730600.1729298}
2025/10/17 19:50:01 POLARIS_LOG {"event":"send_rate","rate":304000,"ts":1760730601.1714382}
2025/10/17 19:50:02 POLARIS_LOG {"event":"send_rate","rate":296000,"ts":1760730602.1724696}
2025/10/17 19:50:03 POLARIS_LOG {"event":"send_rate","rate":312000,"ts":1760730603.2114253}
Skipping switch: current path 1 1 6 6 2 4 has lastEstimate 400000 >= maxEstimate 0
2025/10/17 19:50:04 POLARIS_LOG {"event":"send_rate","rate":288000,"ts":1760730604.171457}
2025/10/17 19:50:05 POLARIS_LOG {"event":"send_rate","rate":304000,"ts":1760730605.1728404}
2025/10/17 19:50:06 POLARIS_LOG {"event":"send_rate","rate":296000,"ts":1760730606.1738}
2025/10/17 19:50:07 POLARIS_LOG {"event":"send_rate","rate":304000,"ts":1760730607.1798894}
2025/10/17 19:50:08 POLARIS_LOG {"event":"send_rate","rate":296000,"ts":1760730608.1718047}
2025/10/17 19:50:09 POLARIS_LOG {"event":"send_rate","rate":312000,"ts":1760730609.1978297}
2025/10/17 19:50:10 POLARIS_LOG {"event":"send_rate","rate":288000,"ts":1760730610.1770754}
2025/10/17 19:50:11 POLARIS_LOG {"event":"send_rate","rate":304000,"ts":1760730611.1723974}
2025/10/17 19:50:12 POLARIS_LOG {"event":"send_rate","rate":296000,"ts":1760730612.1769714}
2025/10/17 19:50:13 POLARIS_LOG {"event":"send_rate","rate":304000,"ts":1760730613.174864}
2025/10/17 19:50:14 POLARIS_LOG {"event":"send_rate","rate":296000,"ts":1760730614.1727781}
2025/10/17 19:50:15 POLARIS_LOG {"event":"send_rate","rate":304000,"ts":1760730615.17333}
2025/10/17 19:50:16 POLARIS_LOG {"event":"send_rate","rate":296000,"ts":1760730616.1717436}
2025/10/17 19:50:17 POLARIS_LOG {"event":"send_rate","rate":304000,"ts":1760730617.1723158}
2025/10/17 19:50:18 POLARIS_LOG {"event":"send_rate","rate":304000,"ts":1760730618.1808257}
2025/10/17 19:50:19 POLARIS_LOG {"event":"send_rate","rate":296000,"ts":1760730619.1746225}
2025/10/17 19:50:20 POLARIS_LOG {"event":"send_rate","rate":296000,"ts":1760730620.171917}
2025/10/17 19:50:21 POLARIS_LOG {"event":"send_rate","rate":304000,"ts":1760730621.1717677}
2025/10/17 19:50:22 POLARIS_LOG {"event":"send_rate","rate":296000,"ts":1760730622.1745415}
2025/10/17 19:50:23 POLARIS_LOG {"event":"send_rate","rate":304000,"ts":1760730623.1714861}
2025/10/17 19:50:24 POLARIS_LOG {"event":"send_rate","rate":296000,"ts":1760730624.1722245}
2025/10/17 19:50:25 POLARIS_LOG {"event":"send_rate","rate":296000,"ts":1760730625.1808608}
2025/10/17 19:50:26 POLARIS_LOG {"event":"send_rate","rate":304000,"ts":1760730626.1719296}
2025/10/17 19:50:27 POLARIS_LOG {"event":"send_rate","rate":304000,"ts":1760730627.1722984}
2025/10/17 19:50:28 POLARIS_LOG {"event":"send_rate","rate":296000,"ts":1760730628.1718786}
2025/10/17 19:50:29 POLARIS_LOG {"event":"send_rate","rate":304000,"ts":1760730629.1763973}
2025/10/17 19:50:30 POLARIS_LOG {"event":"send_rate","rate":296000,"ts":1760730630.1730042}
2025/10/17 19:50:31 POLARIS_LOG {"event":"send_rate","rate":304000,"ts":1760730631.173092}
2025/10/17 19:50:32 POLARIS_LOG {"event":"send_rate","rate":296000,"ts":1760730632.1773849}
2025/10/17 19:50:33 POLARIS_LOG {"event":"send_rate","rate":304000,"ts":1760730633.173699}
2025/10/17 19:50:34 POLARIS_LOG {"event":"send_rate","rate":296000,"ts":1760730634.1779847}
2025/10/17 19:50:35 POLARIS_LOG {"event":"send_rate","rate":296000,"ts":1760730635.239859}
2025/10/17 19:50:36 POLARIS_LOG {"event":"send_rate","rate":304000,"ts":1760730636.1726067}
2025/10/17 19:50:37 POLARIS_LOG {"event":"send_rate","rate":304000,"ts":1760730637.1728036}
2025/10/17 19:50:38 POLARIS_LOG {"event":"send_rate","rate":296000,"ts":1760730638.177431}
2025/10/17 19:50:39 POLARIS_LOG {"event":"send_rate","rate":304000,"ts":1760730639.171449}
2025/10/17 19:50:40 POLARIS_LOG {"event":"send_rate","rate":296000,"ts":1760730640.1721973}
2025/10/17 19:50:41 POLARIS_LOG {"event":"send_rate","rate":304000,"ts":1760730641.1722467}
2025/10/17 19:50:42 POLARIS_LOG {"event":"send_rate","rate":296000,"ts":1760730642.171525}
2025/10/17 19:50:43 POLARIS_LOG {"event":"send_rate","rate":304000,"ts":1760730643.1724293}
2025/10/17 19:50:44 POLARIS_LOG {"event":"send_rate","rate":296000,"ts":1760730644.173009}
2025/10/17 19:50:45 POLARIS_LOG {"event":"send_rate","rate":304000,"ts":1760730645.1724591}
2025/10/17 19:50:46 POLARIS_LOG {"event":"send_rate","rate":296000,"ts":1760730646.1782432}
2025/10/17 19:50:47 POLARIS_LOG {"event":"send_rate","rate":304000,"ts":1760730647.1723413}
2025/10/17 19:50:48 POLARIS_LOG {"event":"send_rate","rate":296000,"ts":1760730648.175145}
2025/10/17 19:50:49 POLARIS_LOG {"event":"send_rate","rate":304000,"ts":1760730649.1726913}
2025/10/17 19:50:50 POLARIS_LOG {"event":"send_rate","rate":304000,"ts":1760730650.189038}
2025/10/17 19:50:51 POLARIS_LOG {"event":"send_rate","rate":296000,"ts":1760730651.1718993}
2025/10/17 19:50:52 POLARIS_LOG {"event":"send_rate","rate":296000,"ts":1760730652.17446}
2025/10/17 19:50:53 POLARIS_LOG {"event":"send_rate","rate":304000,"ts":1760730653.173071}
2025/10/17 19:50:54 POLARIS_LOG {"event":"send_rate","rate":296000,"ts":1760730654.1729786}
2025/10/17 19:50:55 POLARIS_LOG {"event":"send_rate","rate":304000,"ts":1760730655.1809115}
2025/10/17 19:50:56 POLARIS_LOG {"event":"send_rate","rate":296000,"ts":1760730656.1720245}
2025/10/17 19:50:57 POLARIS_LOG {"event":"send_rate","rate":304000,"ts":1760730657.172976}
2025/10/17 19:50:58 POLARIS_LOG {"event":"send_rate","rate":296000,"ts":1760730658.1730702}
2025/10/17 19:50:59 POLARIS_LOG {"event":"send_rate","rate":304000,"ts":1760730659.1770844}
2025/10/17 19:51:00 POLARIS_LOG {"event":"send_rate","rate":304000,"ts":1760730660.186297}
2025/10/17 19:51:01 POLARIS_LOG {"event":"send_rate","rate":296000,"ts":1760730661.1714675}
2025/10/17 19:51:02 POLARIS_LOG {"event":"send_rate","rate":296000,"ts":1760730662.1731336}
2025/10/17 19:51:03 POLARIS_LOG {"event":"send_rate","rate":304000,"ts":1760730663.171672}
2025/10/17 19:51:04 POLARIS_LOG {"event":"send_rate","rate":296000,"ts":1760730664.175966}
2025/10/17 19:51:05 POLARIS_LOG {"event":"send_rate","rate":304000,"ts":1760730665.1725106}
2025/10/17 19:51:06 POLARIS_LOG {"event":"send_rate","rate":296000,"ts":1760730666.1734197}
2025/10/17 19:51:07 POLARIS_LOG {"event":"send_rate","rate":296000,"ts":1760730667.190224}
2025/10/17 19:51:08 POLARIS_LOG {"event":"send_rate","rate":304000,"ts":1760730668.1716824}
2025/10/17 19:51:09 POLARIS_LOG {"event":"send_rate","rate":304000,"ts":1760730669.171808}
2025/10/17 19:51:10 POLARIS_LOG {"event":"send_rate","rate":296000,"ts":1760730670.174061}
2025/10/17 19:51:11 POLARIS_LOG {"event":"send_rate","rate":296000,"ts":1760730671.1744125}
2025/10/17 19:51:12 POLARIS_LOG {"event":"send_rate","rate":304000,"ts":1760730672.1734211}
2025/10/17 19:51:13 POLARIS_LOG {"event":"send_rate","rate":296000,"ts":1760730673.1769848}
2025/10/17 19:51:14 POLARIS_LOG {"event":"send_rate","rate":304000,"ts":1760730674.1746383}
2025/10/17 19:51:15 POLARIS_LOG {"event":"send_rate","rate":304000,"ts":1760730675.17177}
2025/10/17 19:51:16 POLARIS_LOG {"event":"send_rate","rate":296000,"ts":1760730676.1779985}
2025/10/17 19:51:17 POLARIS_LOG {"event":"send_rate","rate":296000,"ts":1760730677.1748126}
2025/10/17 19:51:18 POLARIS_LOG {"event":"send_rate","rate":304000,"ts":1760730678.1732862}
2025/10/17 19:51:19 POLARIS_LOG {"event":"send_rate","rate":296000,"ts":1760730679.17283}
2025/10/17 19:51:20 POLARIS_LOG {"event":"send_rate","rate":304000,"ts":1760730680.1717377}
2025/10/17 19:51:21 POLARIS_LOG {"event":"send_rate","rate":304000,"ts":1760730681.17601}
2025/10/17 19:51:22 POLARIS_LOG {"event":"send_rate","rate":296000,"ts":1760730682.1832633}
2025/10/17 19:51:23 POLARIS_LOG {"event":"send_rate","rate":296000,"ts":1760730683.1769598}
2025/10/17 19:51:24 POLARIS_LOG {"event":"send_rate","rate":304000,"ts":1760730684.1727364}
2025/10/17 19:51:25 POLARIS_LOG {"event":"send_rate","rate":296000,"ts":1760730685.1721556}
2025/10/17 19:51:26 POLARIS_LOG {"event":"send_rate","rate":304000,"ts":1760730686.1745222}
2025/10/17 19:51:27 POLARIS_LOG {"event":"send_rate","rate":304000,"ts":1760730687.1747518}
2025/10/17 19:51:28 POLARIS_LOG {"event":"send_rate","rate":296000,"ts":1760730688.1836753}
2025/10/17 19:51:29 POLARIS_LOG {"event":"send_rate","rate":304000,"ts":1760730689.172468}
2025/10/17 19:51:30 POLARIS_LOG {"event":"send_rate","rate":296000,"ts":1760730690.1724591}
2025/10/17 19:51:31 POLARIS_LOG {"event":"send_rate","rate":296000,"ts":1760730691.171443}
2025/10/17 19:51:32 POLARIS_LOG {"event":"send_rate","rate":304000,"ts":1760730692.174246}
2025/10/17 19:51:33 POLARIS_LOG {"event":"send_rate","rate":304000,"ts":1760730693.1722567}
2025/10/17 19:51:34 POLARIS_LOG {"event":"send_rate","rate":296000,"ts":1760730694.1726768}
2025/10/17 19:51:35 POLARIS_LOG {"event":"send_rate","rate":296000,"ts":1760730695.1715658}
2025/10/17 19:51:36 POLARIS_LOG {"event":"send_rate","rate":304000,"ts":1760730696.1734226}
2025/10/17 19:51:37 POLARIS_LOG {"event":"send_rate","rate":304000,"ts":1760730697.1731777}
2025/10/17 19:51:38 POLARIS_LOG {"event":"send_rate","rate":312000,"ts":1760730698.2161913}
2025/10/17 19:51:39 POLARIS_LOG {"event":"send_rate","rate":280000,"ts":1760730699.172125}
2025/10/17 19:51:40 POLARIS_LOG {"event":"send_rate","rate":304000,"ts":1760730700.1747339}
2025/10/17 19:51:41 POLARIS_LOG {"event":"send_rate","rate":296000,"ts":1760730701.1847985}
2025/10/17 19:51:42 POLARIS_LOG {"event":"send_rate","rate":304000,"ts":1760730702.174251}
2025/10/17 19:51:43 POLARIS_LOG {"event":"send_rate","rate":296000,"ts":1760730703.172687}
2025/10/17 19:51:44 POLARIS_LOG {"event":"send_rate","rate":304000,"ts":1760730704.1740336}
2025/10/17 19:51:45 POLARIS_LOG {"event":"send_rate","rate":296000,"ts":1760730705.172141}
2025/10/17 19:51:46 POLARIS_LOG {"event":"send_rate","rate":304000,"ts":1760730706.1721587}
2025/10/17 19:51:47 POLARIS_LOG {"event":"send_rate","rate":296000,"ts":1760730707.1746442}
2025/10/17 19:51:48 POLARIS_LOG {"event":"send_rate","rate":304000,"ts":1760730708.1719098}
2025/10/17 19:51:49 POLARIS_LOG {"event":"send_rate","rate":296000,"ts":1760730709.1720827}
2025/10/17 19:51:50 POLARIS_LOG {"event":"send_rate","rate":304000,"ts":1760730710.1727374}
2025/10/17 19:51:51 POLARIS_LOG {"event":"send_rate","rate":296000,"ts":1760730711.1740131}
2025/10/17 19:51:52 POLARIS_LOG {"event":"send_rate","rate":304000,"ts":1760730712.1732981}
2025/10/17 19:51:53 POLARIS_LOG {"event":"send_rate","rate":296000,"ts":1760730713.172347}
2025/10/17 19:51:54 POLARIS_LOG {"event":"send_rate","rate":304000,"ts":1760730714.1715891}
2025/10/17 19:51:55 POLARIS_LOG {"event":"send_rate","rate":304000,"ts":1760730715.1823578}
2025/10/17 19:51:56 POLARIS_LOG {"event":"send_rate","rate":296000,"ts":1760730716.1735878}
2025/10/17 19:51:57 POLARIS_LOG {"event":"send_rate","rate":296000,"ts":1760730717.1732972}
2025/10/17 19:51:58 POLARIS_LOG {"event":"send_rate","rate":304000,"ts":1760730718.172959}
2025/10/17 19:51:59 POLARIS_LOG {"event":"send_rate","rate":296000,"ts":1760730719.2265768}
2025/10/17 19:52:00 POLARIS_LOG {"event":"send_rate","rate":320000,"ts":1760730720.23764}
2025/10/17 19:52:01 POLARIS_LOG {"event":"send_rate","rate":280000,"ts":1760730721.171512}
2025/10/17 19:52:02 POLARIS_LOG {"event":"send_rate","rate":304000,"ts":1760730722.1739705}
2025/10/17 19:52:03 POLARIS_LOG {"event":"send_rate","rate":296000,"ts":1760730723.1728966}
2025/10/17 19:52:04 POLARIS_LOG {"event":"send_rate","rate":304000,"ts":1760730724.1716197}
2025/10/17 19:52:05 POLARIS_LOG {"event":"send_rate","rate":296000,"ts":1760730725.1721203}
2025/10/17 19:52:06 POLARIS_LOG {"event":"send_rate","rate":304000,"ts":1760730726.1714966}
2025/10/17 19:52:07 POLARIS_LOG {"event":"send_rate","rate":296000,"ts":1760730727.171606}
2025/10/17 19:52:08 POLARIS_LOG {"event":"send_rate","rate":304000,"ts":1760730728.173168}
2025/10/17 19:52:09 POLARIS_LOG {"event":"send_rate","rate":296000,"ts":1760730729.1718097}
2025/10/17 19:52:10 POLARIS_LOG {"event":"send_rate","rate":304000,"ts":1760730730.1719604}
2025/10/17 19:52:11 POLARIS_LOG {"event":"send_rate","rate":296000,"ts":1760730731.1715853}
2025/10/17 19:52:12 POLARIS_LOG {"event":"send_rate","rate":304000,"ts":1760730732.1779141}
We need to sleep for 1 seconds before we can get the results
2025/10/17 19:52:13 POLARIS_LOG {"event":"send_rate","rate":8000,"ts":1760730733.17159}
Drain Loop received packet
Drain Loop received non-nil payload
Client sent 10800 packets, server reported 10776 packets received
The network loss rate from client to server is 0.2%

S->C results
Attempted bandwidth: 0 bps / 0.00 Mbps
Achieved bandwidth: 0 bps / 0.00 Mbps
Loss rate: 0.0%
Interarrival time min/avg/max/mdev = -0.000/0.000/0.000/0.000 ms

C->S results
Attempted bandwidth: 300000 bps / 0.30 Mbps
Achieved bandwidth: 299333 bps / 0.30 Mbps
Loss rate: 0.2%
Interarrival time min/avg/max/mdev = 0.002/26.744/520.226/22.214 ms
