2025/10/17 19:47:39 POLARIS_LOG {"current_rate":0,"event":"path_switch","new":"2 2 5 2","trigger":"initialization","ts":1760730459.2121265}

Test parameters:
client->server: 273 seconds, 1000 bytes, 10237 packets
server->client: 273 seconds, 1000 bytes, 0 packets
Polaris prober initialized with 38 paths
Polaris prober initialized with local 1-111,10.111.0.71:32737 and remote 1-113,10.113.0.71
2025/10/17 19:47:40 POLARIS_LOG {"event":"send_rate","rate":0,"ts":1760730460.2181559}
2025/10/17 19:47:41 POLARIS_LOG {"event":"send_rate","rate":0,"ts":1760730461.217253}
2025/10/17 19:47:42 POLARIS_LOG {"event":"send_rate","rate":0,"ts":1760730462.2146065}
2025/10/17 19:47:43 POLARIS_LOG {"event":"send_rate","rate":168000,"ts":1760730463.21474}
2025/10/17 19:47:44 POLARIS_LOG {"event":"send_rate","rate":296000,"ts":1760730464.2149394}
2025/10/17 19:47:45 POLARIS_LOG {"event":"send_rate","rate":304000,"ts":1760730465.21523}
2025/10/17 19:47:46 POLARIS_LOG {"event":"send_rate","rate":296000,"ts":1760730466.2173629}
2025/10/17 19:47:47 POLARIS_LOG {"event":"send_rate","rate":304000,"ts":1760730467.2143934}
2025/10/17 19:47:48 POLARIS_LOG {"event":"send_rate","rate":296000,"ts":1760730468.2151716}
2025/10/17 19:47:49 POLARIS_LOG {"event":"send_rate","rate":304000,"ts":1760730469.214857}
2025/10/17 19:47:50 POLARIS_LOG {"event":"send_rate","rate":280000,"ts":1760730470.2157257}
2025/10/17 19:47:51 POLARIS_LOG {"event":"send_rate","rate":168000,"ts":1760730471.2236795}
2025/10/17 19:47:52 POLARIS_LOG {"event":"send_rate","rate":120000,"ts":1760730472.2153687}
2025/10/17 19:47:53 POLARIS_LOG {"event":"send_rate","rate":120000,"ts":1760730473.2156541}
2025/10/17 19:47:54 POLARIS_LOG {"event":"send_rate","rate":144000,"ts":1760730474.2143595}
2025/10/17 19:47:55 POLARIS_LOG {"event":"send_rate","rate":136000,"ts":1760730475.213567}
2025/10/17 19:47:56 POLARIS_LOG {"event":"send_rate","rate":168000,"ts":1760730476.2174413}
2025/10/17 19:47:57 POLARIS_LOG {"event":"send_rate","rate":120000,"ts":1760730477.215181}
2025/10/17 19:47:58 POLARIS_LOG {"event":"send_rate","rate":168000,"ts":1760730478.2137291}
2025/10/17 19:47:59 POLARIS_LOG {"candidates":25,"candidates_unfiltered":25,"current_rate":168000,"estimated_share":666500,"event":"path_switch","max_estimated_share":666500,"new":"1 1 7 7 2 4","old":"2 2 5 2","trigger":"scheduled","ts":1760730479.2141483}
2025/10/17 19:47:59 POLARIS_LOG {"event":"send_rate","rate":176000,"ts":1760730479.2148767}
2025/10/17 19:48:00 POLARIS_LOG {"event":"send_rate","rate":1696000,"ts":1760730480.216588}
2025/10/17 19:48:01 POLARIS_LOG {"event":"send_rate","rate":304000,"ts":1760730481.2140424}
2025/10/17 19:48:02 POLARIS_LOG {"event":"send_rate","rate":296000,"ts":1760730482.2136176}
2025/10/17 19:48:03 POLARIS_LOG {"event":"send_rate","rate":304000,"ts":1760730483.2159019}
2025/10/17 19:48:04 POLARIS_LOG {"event":"send_rate","rate":296000,"ts":1760730484.2156408}
2025/10/17 19:48:05 POLARIS_LOG {"event":"send_rate","rate":304000,"ts":1760730485.216972}
2025/10/17 19:48:06 POLARIS_LOG {"event":"send_rate","rate":296000,"ts":1760730486.2222357}
2025/10/17 19:48:07 POLARIS_LOG {"event":"send_rate","rate":304000,"ts":1760730487.2313926}
2025/10/17 19:48:08 POLARIS_LOG {"event":"send_rate","rate":296000,"ts":1760730488.215088}
2025/10/17 19:48:09 POLARIS_LOG {"event":"send_rate","rate":304000,"ts":1760730489.2144697}
2025/10/17 19:48:10 POLARIS_LOG {"event":"send_rate","rate":296000,"ts":1760730490.2149148}
2025/10/17 19:48:11 POLARIS_LOG {"event":"send_rate","rate":304000,"ts":1760730491.2308376}
2025/10/17 19:48:12 POLARIS_LOG {"event":"send_rate","rate":296000,"ts":1760730492.2161722}
2025/10/17 19:48:13 POLARIS_LOG {"event":"send_rate","rate":304000,"ts":1760730493.2144036}
2025/10/17 19:48:14 POLARIS_LOG {"event":"send_rate","rate":296000,"ts":1760730494.2152379}
2025/10/17 19:48:15 POLARIS_LOG {"event":"send_rate","rate":296000,"ts":1760730495.2143567}
2025/10/17 19:48:16 POLARIS_LOG {"event":"send_rate","rate":304000,"ts":1760730496.215173}
2025/10/17 19:48:17 POLARIS_LOG {"event":"send_rate","rate":304000,"ts":1760730497.215659}
2025/10/17 19:48:18 POLARIS_LOG {"event":"send_rate","rate":296000,"ts":1760730498.2152066}
2025/10/17 19:48:19 POLARIS_LOG {"event":"send_rate","rate":304000,"ts":1760730499.2171223}
2025/10/17 19:48:20 POLARIS_LOG {"event":"send_rate","rate":296000,"ts":1760730500.2157736}
2025/10/17 19:48:21 POLARIS_LOG {"event":"send_rate","rate":304000,"ts":1760730501.2158124}
2025/10/17 19:48:22 POLARIS_LOG {"event":"send_rate","rate":296000,"ts":1760730502.2238412}
2025/10/17 19:48:23 POLARIS_LOG {"event":"send_rate","rate":296000,"ts":1760730503.2147138}
2025/10/17 19:48:24 POLARIS_LOG {"event":"send_rate","rate":304000,"ts":1760730504.2157722}
2025/10/17 19:48:25 POLARIS_LOG {"event":"send_rate","rate":304000,"ts":1760730505.2229302}
2025/10/17 19:48:26 POLARIS_LOG {"event":"send_rate","rate":296000,"ts":1760730506.2160974}
2025/10/17 19:48:27 POLARIS_LOG {"event":"send_rate","rate":296000,"ts":1760730507.2137942}
2025/10/17 19:48:28 POLARIS_LOG {"event":"send_rate","rate":304000,"ts":1760730508.2357945}
2025/10/17 19:48:29 POLARIS_LOG {"event":"send_rate","rate":296000,"ts":1760730509.2151341}
2025/10/17 19:48:30 POLARIS_LOG {"event":"send_rate","rate":304000,"ts":1760730510.2149181}
2025/10/17 19:48:31 POLARIS_LOG {"event":"send_rate","rate":296000,"ts":1760730511.2154455}
2025/10/17 19:48:32 POLARIS_LOG {"event":"send_rate","rate":304000,"ts":1760730512.214201}
2025/10/17 19:48:33 POLARIS_LOG {"event":"send_rate","rate":296000,"ts":1760730513.2135777}
2025/10/17 19:48:34 POLARIS_LOG {"event":"send_rate","rate":304000,"ts":1760730514.2141545}
2025/10/17 19:48:35 POLARIS_LOG {"event":"send_rate","rate":304000,"ts":1760730515.2223144}
2025/10/17 19:48:36 POLARIS_LOG {"event":"send_rate","rate":296000,"ts":1760730516.2152667}
2025/10/17 19:48:37 POLARIS_LOG {"event":"send_rate","rate":296000,"ts":1760730517.2138035}
2025/10/17 19:48:38 POLARIS_LOG {"event":"send_rate","rate":304000,"ts":1760730518.2138145}
2025/10/17 19:48:39 POLARIS_LOG {"event":"send_rate","rate":296000,"ts":1760730519.214112}
2025/10/17 19:48:40 POLARIS_LOG {"event":"send_rate","rate":304000,"ts":1760730520.2144444}
2025/10/17 19:48:41 POLARIS_LOG {"event":"send_rate","rate":296000,"ts":1760730521.214144}
2025/10/17 19:48:42 POLARIS_LOG {"event":"send_rate","rate":304000,"ts":1760730522.2147374}
2025/10/17 19:48:43 POLARIS_LOG {"event":"send_rate","rate":296000,"ts":1760730523.2431023}
2025/10/17 19:48:44 POLARIS_LOG {"event":"send_rate","rate":304000,"ts":1760730524.2143497}
2025/10/17 19:48:45 POLARIS_LOG {"event":"send_rate","rate":296000,"ts":1760730525.217192}
2025/10/17 19:48:46 POLARIS_LOG {"event":"send_rate","rate":304000,"ts":1760730526.2144816}
2025/10/17 19:48:47 POLARIS_LOG {"event":"send_rate","rate":296000,"ts":1760730527.214144}
2025/10/17 19:48:48 POLARIS_LOG {"event":"send_rate","rate":304000,"ts":1760730528.2146313}
2025/10/17 19:48:49 POLARIS_LOG {"event":"send_rate","rate":296000,"ts":1760730529.2154756}
2025/10/17 19:48:50 POLARIS_LOG {"event":"send_rate","rate":304000,"ts":1760730530.2135422}
2025/10/17 19:48:51 POLARIS_LOG {"event":"send_rate","rate":296000,"ts":1760730531.2153206}
2025/10/17 19:48:52 POLARIS_LOG {"event":"send_rate","rate":304000,"ts":1760730532.2147546}
2025/10/17 19:48:53 POLARIS_LOG {"event":"send_rate","rate":296000,"ts":1760730533.2147868}
2025/10/17 19:48:54 POLARIS_LOG {"event":"send_rate","rate":304000,"ts":1760730534.2144089}
2025/10/17 19:48:55 POLARIS_LOG {"event":"send_rate","rate":296000,"ts":1760730535.2139118}
2025/10/17 19:48:56 POLARIS_LOG {"event":"send_rate","rate":304000,"ts":1760730536.2154014}
2025/10/17 19:48:57 POLARIS_LOG {"event":"send_rate","rate":296000,"ts":1760730537.2135873}
2025/10/17 19:48:58 POLARIS_LOG {"event":"send_rate","rate":304000,"ts":1760730538.214544}
2025/10/17 19:48:59 POLARIS_LOG {"event":"send_rate","rate":296000,"ts":1760730539.2157865}
2025/10/17 19:49:00 POLARIS_LOG {"event":"send_rate","rate":304000,"ts":1760730540.2252176}
2025/10/17 19:49:01 POLARIS_LOG {"event":"send_rate","rate":304000,"ts":1760730541.227418}
2025/10/17 19:49:02 POLARIS_LOG {"event":"send_rate","rate":296000,"ts":1760730542.2143352}
2025/10/17 19:49:03 POLARIS_LOG {"event":"send_rate","rate":296000,"ts":1760730543.2173772}
2025/10/17 19:49:04 POLARIS_LOG {"event":"send_rate","rate":304000,"ts":1760730544.2136722}
2025/10/17 19:49:05 POLARIS_LOG {"event":"send_rate","rate":296000,"ts":1760730545.2164698}
2025/10/17 19:49:06 POLARIS_LOG {"event":"send_rate","rate":304000,"ts":1760730546.2144952}
2025/10/17 19:49:07 POLARIS_LOG {"event":"send_rate","rate":296000,"ts":1760730547.2159185}
2025/10/17 19:49:08 POLARIS_LOG {"event":"send_rate","rate":304000,"ts":1760730548.214287}
2025/10/17 19:49:09 POLARIS_LOG {"event":"send_rate","rate":296000,"ts":1760730549.2144876}
2025/10/17 19:49:10 POLARIS_LOG {"event":"send_rate","rate":304000,"ts":1760730550.259056}
2025/10/17 19:49:11 POLARIS_LOG {"event":"send_rate","rate":296000,"ts":1760730551.2139282}
2025/10/17 19:49:12 POLARIS_LOG {"event":"send_rate","rate":304000,"ts":1760730552.2178435}
2025/10/17 19:49:13 POLARIS_LOG {"event":"send_rate","rate":296000,"ts":1760730553.2150717}
2025/10/17 19:49:14 POLARIS_LOG {"event":"send_rate","rate":304000,"ts":1760730554.213938}
2025/10/17 19:49:15 POLARIS_LOG {"event":"send_rate","rate":296000,"ts":1760730555.2135153}
2025/10/17 19:49:16 POLARIS_LOG {"event":"send_rate","rate":304000,"ts":1760730556.2343435}
2025/10/17 19:49:17 POLARIS_LOG {"event":"send_rate","rate":296000,"ts":1760730557.2224731}
2025/10/17 19:49:18 POLARIS_LOG {"event":"send_rate","rate":296000,"ts":1760730558.2146006}
2025/10/17 19:49:19 POLARIS_LOG {"event":"send_rate","rate":304000,"ts":1760730559.2160747}
2025/10/17 19:49:20 POLARIS_LOG {"event":"send_rate","rate":304000,"ts":1760730560.214144}
2025/10/17 19:49:21 POLARIS_LOG {"event":"send_rate","rate":296000,"ts":1760730561.219305}
2025/10/17 19:49:22 POLARIS_LOG {"event":"send_rate","rate":296000,"ts":1760730562.216583}
2025/10/17 19:49:23 POLARIS_LOG {"event":"send_rate","rate":304000,"ts":1760730563.2150252}
2025/10/17 19:49:24 POLARIS_LOG {"event":"send_rate","rate":304000,"ts":1760730564.2222288}
2025/10/17 19:49:25 POLARIS_LOG {"event":"send_rate","rate":296000,"ts":1760730565.2156703}
2025/10/17 19:49:26 POLARIS_LOG {"event":"send_rate","rate":312000,"ts":1760730566.2558718}
2025/10/17 19:49:27 POLARIS_LOG {"event":"send_rate","rate":288000,"ts":1760730567.2169304}
2025/10/17 19:49:28 POLARIS_LOG {"event":"send_rate","rate":304000,"ts":1760730568.2141259}
2025/10/17 19:49:29 POLARIS_LOG {"event":"send_rate","rate":296000,"ts":1760730569.2145765}
2025/10/17 19:49:30 POLARIS_LOG {"event":"send_rate","rate":304000,"ts":1760730570.2147965}
2025/10/17 19:49:31 POLARIS_LOG {"event":"send_rate","rate":296000,"ts":1760730571.2145154}
2025/10/17 19:49:32 POLARIS_LOG {"event":"send_rate","rate":304000,"ts":1760730572.2265432}
2025/10/17 19:49:33 POLARIS_LOG {"event":"send_rate","rate":296000,"ts":1760730573.2138548}
2025/10/17 19:49:34 POLARIS_LOG {"event":"send_rate","rate":304000,"ts":1760730574.2210891}
2025/10/17 19:49:35 POLARIS_LOG {"event":"send_rate","rate":304000,"ts":1760730575.2393358}
2025/10/17 19:49:36 POLARIS_LOG {"event":"send_rate","rate":280000,"ts":1760730576.2471998}
2025/10/17 19:49:37 POLARIS_LOG {"event":"send_rate","rate":312000,"ts":1760730577.2208138}
2025/10/17 19:49:38 POLARIS_LOG {"event":"send_rate","rate":296000,"ts":1760730578.2158444}
2025/10/17 19:49:39 POLARIS_LOG {"event":"send_rate","rate":304000,"ts":1760730579.2143242}
2025/10/17 19:49:40 POLARIS_LOG {"event":"send_rate","rate":304000,"ts":1760730580.2138948}
2025/10/17 19:49:41 POLARIS_LOG {"event":"send_rate","rate":296000,"ts":1760730581.2143066}
2025/10/17 19:49:42 POLARIS_LOG {"event":"send_rate","rate":304000,"ts":1760730582.214145}
2025/10/17 19:49:43 POLARIS_LOG {"event":"send_rate","rate":296000,"ts":1760730583.2145162}
2025/10/17 19:49:44 POLARIS_LOG {"event":"send_rate","rate":304000,"ts":1760730584.2210069}
2025/10/17 19:49:45 POLARIS_LOG {"event":"send_rate","rate":296000,"ts":1760730585.2146335}
2025/10/17 19:49:46 POLARIS_LOG {"event":"send_rate","rate":304000,"ts":1760730586.214851}
2025/10/17 19:49:47 POLARIS_LOG {"event":"send_rate","rate":296000,"ts":1760730587.2170198}
2025/10/17 19:49:48 POLARIS_LOG {"event":"send_rate","rate":304000,"ts":1760730588.2210693}
2025/10/17 19:49:49 POLARIS_LOG {"event":"send_rate","rate":296000,"ts":1760730589.2136889}
2025/10/17 19:49:50 POLARIS_LOG {"event":"send_rate","rate":296000,"ts":1760730590.2140706}
2025/10/17 19:49:51 POLARIS_LOG {"event":"send_rate","rate":304000,"ts":1760730591.226799}
2025/10/17 19:49:52 POLARIS_LOG {"event":"send_rate","rate":304000,"ts":1760730592.2159534}
2025/10/17 19:49:53 POLARIS_LOG {"event":"send_rate","rate":296000,"ts":1760730593.22079}
2025/10/17 19:49:54 POLARIS_LOG {"event":"send_rate","rate":304000,"ts":1760730594.2271996}
2025/10/17 19:49:55 POLARIS_LOG {"event":"send_rate","rate":296000,"ts":1760730595.2140694}
2025/10/17 19:49:56 POLARIS_LOG {"event":"send_rate","rate":304000,"ts":1760730596.2233067}
2025/10/17 19:49:57 POLARIS_LOG {"event":"send_rate","rate":296000,"ts":1760730597.2160428}
2025/10/17 19:49:58 POLARIS_LOG {"event":"send_rate","rate":296000,"ts":1760730598.2138176}
2025/10/17 19:49:59 POLARIS_LOG {"event":"send_rate","rate":304000,"ts":1760730599.2144983}
2025/10/17 19:50:00 POLARIS_LOG {"event":"send_rate","rate":296000,"ts":1760730600.2138667}
2025/10/17 19:50:01 POLARIS_LOG {"event":"send_rate","rate":304000,"ts":1760730601.2173955}
2025/10/17 19:50:02 POLARIS_LOG {"event":"send_rate","rate":304000,"ts":1760730602.2200038}
2025/10/17 19:50:03 POLARIS_LOG {"event":"send_rate","rate":280000,"ts":1760730603.221733}
2025/10/17 19:50:04 POLARIS_LOG {"event":"send_rate","rate":312000,"ts":1760730604.213907}
2025/10/17 19:50:05 POLARIS_LOG {"event":"send_rate","rate":304000,"ts":1760730605.2141879}
2025/10/17 19:50:06 POLARIS_LOG {"event":"send_rate","rate":296000,"ts":1760730606.2143388}
2025/10/17 19:50:07 POLARIS_LOG {"event":"send_rate","rate":304000,"ts":1760730607.2145238}
2025/10/17 19:50:08 POLARIS_LOG {"event":"send_rate","rate":296000,"ts":1760730608.214017}
2025/10/17 19:50:09 POLARIS_LOG {"event":"send_rate","rate":304000,"ts":1760730609.2150156}
2025/10/17 19:50:10 POLARIS_LOG {"event":"send_rate","rate":296000,"ts":1760730610.214265}
2025/10/17 19:50:11 POLARIS_LOG {"event":"send_rate","rate":304000,"ts":1760730611.213784}
2025/10/17 19:50:12 POLARIS_LOG {"event":"send_rate","rate":304000,"ts":1760730612.2193244}
2025/10/17 19:50:13 POLARIS_LOG {"event":"send_rate","rate":296000,"ts":1760730613.2144191}
2025/10/17 19:50:14 POLARIS_LOG {"event":"send_rate","rate":296000,"ts":1760730614.2142482}
2025/10/17 19:50:15 POLARIS_LOG {"event":"send_rate","rate":304000,"ts":1760730615.2204149}
2025/10/17 19:50:16 POLARIS_LOG {"event":"send_rate","rate":296000,"ts":1760730616.2176306}
2025/10/17 19:50:17 POLARIS_LOG {"event":"send_rate","rate":304000,"ts":1760730617.2136211}
2025/10/17 19:50:18 POLARIS_LOG {"event":"send_rate","rate":304000,"ts":1760730618.2365465}
2025/10/17 19:50:19 POLARIS_LOG {"event":"send_rate","rate":296000,"ts":1760730619.213909}
2025/10/17 19:50:20 POLARIS_LOG {"event":"send_rate","rate":296000,"ts":1760730620.2152302}
2025/10/17 19:50:21 POLARIS_LOG {"event":"send_rate","rate":304000,"ts":1760730621.2150078}
2025/10/17 19:50:22 POLARIS_LOG {"event":"send_rate","rate":296000,"ts":1760730622.2135396}
2025/10/17 19:50:23 POLARIS_LOG {"event":"send_rate","rate":304000,"ts":1760730623.2161999}
2025/10/17 19:50:24 POLARIS_LOG {"event":"send_rate","rate":296000,"ts":1760730624.2153158}
2025/10/17 19:50:25 POLARIS_LOG {"event":"send_rate","rate":304000,"ts":1760730625.2181494}
2025/10/17 19:50:26 POLARIS_LOG {"event":"send_rate","rate":296000,"ts":1760730626.2162914}
2025/10/17 19:50:27 POLARIS_LOG {"event":"send_rate","rate":304000,"ts":1760730627.2146857}
2025/10/17 19:50:28 POLARIS_LOG {"event":"send_rate","rate":296000,"ts":1760730628.2144496}
2025/10/17 19:50:29 POLARIS_LOG {"event":"send_rate","rate":304000,"ts":1760730629.21466}
2025/10/17 19:50:30 POLARIS_LOG {"event":"send_rate","rate":304000,"ts":1760730630.2219663}
2025/10/17 19:50:31 POLARIS_LOG {"event":"send_rate","rate":296000,"ts":1760730631.2144964}
2025/10/17 19:50:32 POLARIS_LOG {"event":"send_rate","rate":296000,"ts":1760730632.2142928}
2025/10/17 19:50:33 POLARIS_LOG {"event":"send_rate","rate":304000,"ts":1760730633.2152743}
2025/10/17 19:50:34 POLARIS_LOG {"event":"send_rate","rate":296000,"ts":1760730634.2195296}
2025/10/17 19:50:35 POLARIS_LOG {"event":"send_rate","rate":312000,"ts":1760730635.242595}
2025/10/17 19:50:36 POLARIS_LOG {"event":"send_rate","rate":288000,"ts":1760730636.2138996}
2025/10/17 19:50:37 POLARIS_LOG {"event":"send_rate","rate":304000,"ts":1760730637.2146556}
2025/10/17 19:50:38 POLARIS_LOG {"event":"send_rate","rate":296000,"ts":1760730638.214223}
2025/10/17 19:50:39 POLARIS_LOG {"event":"send_rate","rate":304000,"ts":1760730639.2149844}
2025/10/17 19:50:40 POLARIS_LOG {"event":"send_rate","rate":296000,"ts":1760730640.2155368}
2025/10/17 19:50:41 POLARIS_LOG {"event":"send_rate","rate":304000,"ts":1760730641.2163062}
2025/10/17 19:50:42 POLARIS_LOG {"event":"send_rate","rate":296000,"ts":1760730642.2137244}
2025/10/17 19:50:43 POLARIS_LOG {"event":"send_rate","rate":304000,"ts":1760730643.2139983}
2025/10/17 19:50:44 POLARIS_LOG {"event":"send_rate","rate":296000,"ts":1760730644.219202}
2025/10/17 19:50:45 POLARIS_LOG {"event":"send_rate","rate":296000,"ts":1760730645.2192152}
2025/10/17 19:50:46 POLARIS_LOG {"event":"send_rate","rate":304000,"ts":1760730646.2161374}
2025/10/17 19:50:47 POLARIS_LOG {"event":"send_rate","rate":304000,"ts":1760730647.219106}
2025/10/17 19:50:48 POLARIS_LOG {"event":"send_rate","rate":296000,"ts":1760730648.2142484}
2025/10/17 19:50:49 POLARIS_LOG {"event":"send_rate","rate":304000,"ts":1760730649.2142057}
2025/10/17 19:50:50 POLARIS_LOG {"event":"send_rate","rate":304000,"ts":1760730650.2521515}
2025/10/17 19:50:51 POLARIS_LOG {"event":"send_rate","rate":296000,"ts":1760730651.2138927}
2025/10/17 19:50:52 POLARIS_LOG {"event":"send_rate","rate":304000,"ts":1760730652.227494}
2025/10/17 19:50:53 POLARIS_LOG {"event":"send_rate","rate":296000,"ts":1760730653.2142372}
2025/10/17 19:50:54 POLARIS_LOG {"event":"send_rate","rate":296000,"ts":1760730654.2165298}
2025/10/17 19:50:55 POLARIS_LOG {"event":"send_rate","rate":304000,"ts":1760730655.2142823}
2025/10/17 19:50:56 POLARIS_LOG {"event":"send_rate","rate":296000,"ts":1760730656.214609}
2025/10/17 19:50:57 POLARIS_LOG {"event":"send_rate","rate":304000,"ts":1760730657.2141385}
2025/10/17 19:50:58 POLARIS_LOG {"event":"send_rate","rate":296000,"ts":1760730658.2135317}
2025/10/17 19:50:59 POLARIS_LOG {"event":"send_rate","rate":296000,"ts":1760730659.2245855}
2025/10/17 19:51:00 POLARIS_LOG {"event":"send_rate","rate":304000,"ts":1760730660.261775}
2025/10/17 19:51:01 POLARIS_LOG {"event":"send_rate","rate":304000,"ts":1760730661.214521}
2025/10/17 19:51:02 POLARIS_LOG {"event":"send_rate","rate":296000,"ts":1760730662.214166}
2025/10/17 19:51:03 POLARIS_LOG {"event":"send_rate","rate":304000,"ts":1760730663.2157533}
2025/10/17 19:51:04 POLARIS_LOG {"event":"send_rate","rate":296000,"ts":1760730664.214805}
2025/10/17 19:51:05 POLARIS_LOG {"event":"send_rate","rate":296000,"ts":1760730665.219623}
2025/10/17 19:51:06 POLARIS_LOG {"event":"send_rate","rate":304000,"ts":1760730666.2146432}
2025/10/17 19:51:07 POLARIS_LOG {"event":"send_rate","rate":296000,"ts":1760730667.2140543}
2025/10/17 19:51:08 POLARIS_LOG {"event":"send_rate","rate":304000,"ts":1760730668.2159975}
2025/10/17 19:51:09 POLARIS_LOG {"event":"send_rate","rate":296000,"ts":1760730669.2142205}
2025/10/17 19:51:10 POLARIS_LOG {"event":"send_rate","rate":304000,"ts":1760730670.2160332}
2025/10/17 19:51:11 POLARIS_LOG {"event":"send_rate","rate":296000,"ts":1760730671.217599}
2025/10/17 19:51:12 POLARIS_LOG {"event":"send_rate","rate":304000,"ts":1760730672.2142339}
2025/10/17 19:51:13 POLARIS_LOG {"event":"send_rate","rate":296000,"ts":1760730673.2207396}
2025/10/17 19:51:14 POLARIS_LOG {"event":"send_rate","rate":304000,"ts":1760730674.2141442}
2025/10/17 19:51:15 POLARIS_LOG {"event":"send_rate","rate":304000,"ts":1760730675.2147367}
2025/10/17 19:51:16 POLARIS_LOG {"event":"send_rate","rate":296000,"ts":1760730676.214769}
2025/10/17 19:51:17 POLARIS_LOG {"event":"send_rate","rate":304000,"ts":1760730677.214612}
2025/10/17 19:51:18 POLARIS_LOG {"event":"send_rate","rate":304000,"ts":1760730678.2348704}
2025/10/17 19:51:19 POLARIS_LOG {"event":"send_rate","rate":288000,"ts":1760730679.2139618}
2025/10/17 19:51:20 POLARIS_LOG {"event":"send_rate","rate":304000,"ts":1760730680.2152736}
2025/10/17 19:51:21 POLARIS_LOG {"event":"send_rate","rate":296000,"ts":1760730681.2148244}
2025/10/17 19:51:22 POLARIS_LOG {"event":"send_rate","rate":304000,"ts":1760730682.2147806}
2025/10/17 19:51:23 POLARIS_LOG {"event":"send_rate","rate":296000,"ts":1760730683.2143383}
2025/10/17 19:51:24 POLARIS_LOG {"event":"send_rate","rate":304000,"ts":1760730684.2156339}
2025/10/17 19:51:25 POLARIS_LOG {"event":"send_rate","rate":296000,"ts":1760730685.2136488}
2025/10/17 19:51:26 POLARIS_LOG {"event":"send_rate","rate":304000,"ts":1760730686.2146277}
2025/10/17 19:51:27 POLARIS_LOG {"event":"send_rate","rate":304000,"ts":1760730687.2220633}
2025/10/17 19:51:28 POLARIS_LOG {"event":"send_rate","rate":296000,"ts":1760730688.2142396}
2025/10/17 19:51:29 POLARIS_LOG {"event":"send_rate","rate":304000,"ts":1760730689.2172906}
2025/10/17 19:51:30 POLARIS_LOG {"event":"send_rate","rate":296000,"ts":1760730690.2227938}
2025/10/17 19:51:31 POLARIS_LOG {"event":"send_rate","rate":296000,"ts":1760730691.217183}
2025/10/17 19:51:32 POLARIS_LOG {"event":"send_rate","rate":296000,"ts":1760730692.2163234}
2025/10/17 19:51:33 POLARIS_LOG {"event":"send_rate","rate":304000,"ts":1760730693.2135122}
2025/10/17 19:51:34 POLARIS_LOG {"event":"send_rate","rate":304000,"ts":1760730694.2150557}
2025/10/17 19:51:35 POLARIS_LOG {"event":"send_rate","rate":296000,"ts":1760730695.2152133}
2025/10/17 19:51:36 POLARIS_LOG {"event":"send_rate","rate":304000,"ts":1760730696.2483327}
2025/10/17 19:51:37 POLARIS_LOG {"event":"send_rate","rate":296000,"ts":1760730697.221596}
2025/10/17 19:51:38 POLARIS_LOG {"event":"send_rate","rate":312000,"ts":1760730698.2340949}
Skipping switch: current path 1 1 7 7 2 4 has lastEstimate 400000 >= maxEstimate 0
2025/10/17 19:51:39 POLARIS_LOG {"event":"send_rate","rate":288000,"ts":1760730699.2150838}
2025/10/17 19:51:40 POLARIS_LOG {"event":"send_rate","rate":304000,"ts":1760730700.2200496}
2025/10/17 19:51:41 POLARIS_LOG {"event":"send_rate","rate":296000,"ts":1760730701.2147179}
2025/10/17 19:51:42 POLARIS_LOG {"event":"send_rate","rate":304000,"ts":1760730702.2170136}
2025/10/17 19:51:43 POLARIS_LOG {"event":"send_rate","rate":296000,"ts":1760730703.233034}
2025/10/17 19:51:44 POLARIS_LOG {"event":"send_rate","rate":304000,"ts":1760730704.2153442}
2025/10/17 19:51:45 POLARIS_LOG {"event":"send_rate","rate":296000,"ts":1760730705.2136962}
2025/10/17 19:51:46 POLARIS_LOG {"event":"send_rate","rate":304000,"ts":1760730706.2139454}
2025/10/17 19:51:47 POLARIS_LOG {"event":"send_rate","rate":296000,"ts":1760730707.2143328}
2025/10/17 19:51:48 POLARIS_LOG {"event":"send_rate","rate":304000,"ts":1760730708.2207685}
2025/10/17 19:51:49 POLARIS_LOG {"event":"send_rate","rate":296000,"ts":1760730709.213846}
2025/10/17 19:51:50 POLARIS_LOG {"event":"send_rate","rate":304000,"ts":1760730710.2156818}
2025/10/17 19:51:51 POLARIS_LOG {"event":"send_rate","rate":296000,"ts":1760730711.215853}
2025/10/17 19:51:52 POLARIS_LOG {"event":"send_rate","rate":304000,"ts":1760730712.224578}
2025/10/17 19:51:53 POLARIS_LOG {"event":"send_rate","rate":296000,"ts":1760730713.2151432}
2025/10/17 19:51:54 POLARIS_LOG {"event":"send_rate","rate":304000,"ts":1760730714.213933}
2025/10/17 19:51:55 POLARIS_LOG {"event":"send_rate","rate":296000,"ts":1760730715.2143502}
2025/10/17 19:51:56 POLARIS_LOG {"event":"send_rate","rate":304000,"ts":1760730716.2184758}
2025/10/17 19:51:57 POLARIS_LOG {"event":"send_rate","rate":288000,"ts":1760730717.2308223}
2025/10/17 19:51:58 POLARIS_LOG {"event":"send_rate","rate":312000,"ts":1760730718.2141113}
2025/10/17 19:51:59 POLARIS_LOG {"event":"send_rate","rate":304000,"ts":1760730719.231096}
2025/10/17 19:52:00 POLARIS_LOG {"event":"send_rate","rate":288000,"ts":1760730720.2290497}
2025/10/17 19:52:01 POLARIS_LOG {"event":"send_rate","rate":304000,"ts":1760730721.2153828}
2025/10/17 19:52:02 POLARIS_LOG {"event":"send_rate","rate":304000,"ts":1760730722.2148159}
2025/10/17 19:52:03 POLARIS_LOG {"event":"send_rate","rate":296000,"ts":1760730723.2143006}
2025/10/17 19:52:04 POLARIS_LOG {"event":"send_rate","rate":304000,"ts":1760730724.2184463}
2025/10/17 19:52:05 POLARIS_LOG {"event":"send_rate","rate":296000,"ts":1760730725.2170515}
2025/10/17 19:52:06 POLARIS_LOG {"event":"send_rate","rate":304000,"ts":1760730726.2151425}
2025/10/17 19:52:07 POLARIS_LOG {"event":"send_rate","rate":296000,"ts":1760730727.2164538}
2025/10/17 19:52:08 POLARIS_LOG {"event":"send_rate","rate":304000,"ts":1760730728.2157006}
2025/10/17 19:52:09 POLARIS_LOG {"event":"send_rate","rate":304000,"ts":1760730729.2292135}
2025/10/17 19:52:10 POLARIS_LOG {"event":"send_rate","rate":296000,"ts":1760730730.2148721}
2025/10/17 19:52:11 POLARIS_LOG {"event":"send_rate","rate":296000,"ts":1760730731.216685}
2025/10/17 19:52:12 POLARIS_LOG {"event":"send_rate","rate":304000,"ts":1760730732.2243168}
2025/10/17 19:52:13 POLARIS_LOG {"event":"send_rate","rate":296000,"ts":1760730733.2223752}
Drain Loop received packet
Drain Loop received non-nil payload
Client sent 10211 packets, server reported 10159 packets received
The network loss rate from client to server is 0.5%

S->C results
Attempted bandwidth: 0 bps / 0.00 Mbps
Achieved bandwidth: 0 bps / 0.00 Mbps
Loss rate: 0.0%
Interarrival time min/avg/max/mdev = -0.000/0.000/0.000/0.000 ms

C->S results
Attempted bandwidth: 299985 bps / 0.30 Mbps
Achieved bandwidth: 297699 bps / 0.30 Mbps
Loss rate: 0.8%
Interarrival time min/avg/max/mdev = 0.002/26.507/464.940/20.939 ms
