
Test parameters:
client->server: 45 seconds, 1000 bytes, 11250 packets
server->client: 45 seconds, 1000 bytes, 0 packets
2025/10/15 08:38:00 POLARIS_LOG {"current_rate":0,"event":"path_switch","new":"2 2 5 2","trigger":"initialization","ts":1760517480.468683}
Polaris prober initialized with 38 paths
Polaris prober initialized with local 1-111,10.111.0.71:32764 and remote 1-113,10.113.0.71
2025/10/15 08:38:01 POLARIS_LOG {"event":"send_rate","rate":1992000,"ts":1760517481.4702265}
2025/10/15 08:38:02 POLARIS_LOG {"event":"send_rate","rate":2000000,"ts":1760517482.469814}
2025/10/15 08:38:03 POLARIS_LOG {"event":"send_rate","rate":2000000,"ts":1760517483.4703312}
2025/10/15 08:38:04 POLARIS_LOG {"event":"send_rate","rate":2000000,"ts":1760517484.4698277}
2025/10/15 08:38:05 POLARIS_LOG {"event":"send_rate","rate":2000000,"ts":1760517485.4702795}
2025/10/15 08:38:06 POLARIS_LOG {"event":"send_rate","rate":2000000,"ts":1760517486.4700322}
2025/10/15 08:38:07 POLARIS_LOG {"event":"send_rate","rate":2000000,"ts":1760517487.4703214}
2025/10/15 08:38:08 POLARIS_LOG {"event":"send_rate","rate":2000000,"ts":1760517488.4701526}
2025/10/15 08:38:09 POLARIS_LOG {"event":"send_rate","rate":2000000,"ts":1760517489.4699156}
2025/10/15 08:38:10 POLARIS_LOG {"event":"send_rate","rate":2000000,"ts":1760517490.4695997}
2025/10/15 08:38:11 POLARIS_LOG {"event":"send_rate","rate":2000000,"ts":1760517491.4694135}
2025/10/15 08:38:12 POLARIS_LOG {"event":"send_rate","rate":2000000,"ts":1760517492.4695988}
2025/10/15 08:38:13 POLARIS_LOG {"event":"send_rate","rate":2000000,"ts":1760517493.4702587}
2025/10/15 08:38:14 POLARIS_LOG {"event":"send_rate","rate":2000000,"ts":1760517494.4702342}
2025/10/15 08:38:15 POLARIS_LOG {"event":"send_rate","rate":2000000,"ts":1760517495.47017}
2025/10/15 08:38:16 POLARIS_LOG {"event":"send_rate","rate":2000000,"ts":1760517496.4696147}
2025/10/15 08:38:17 POLARIS_LOG {"event":"send_rate","rate":1992000,"ts":1760517497.469404}
2025/10/15 08:38:18 POLARIS_LOG {"event":"send_rate","rate":2008000,"ts":1760517498.4696202}
2025/10/15 08:38:19 POLARIS_LOG {"event":"send_rate","rate":2000000,"ts":1760517499.4696333}
2025/10/15 08:38:20 POLARIS_LOG {"event":"send_rate","rate":2000000,"ts":1760517500.470325}
2025/10/15 08:38:21 POLARIS_LOG {"event":"send_rate","rate":1056000,"ts":1760517501.4702406}
2025/10/15 08:38:22 POLARIS_LOG {"event":"send_rate","rate":864000,"ts":1760517502.469655}
2025/10/15 08:38:23 POLARIS_LOG {"event":"send_rate","rate":872000,"ts":1760517503.4697986}
2025/10/15 08:38:24 POLARIS_LOG {"event":"send_rate","rate":864000,"ts":1760517504.4695315}
2025/10/15 08:38:25 POLARIS_LOG {"event":"send_rate","rate":832000,"ts":1760517505.4704263}
2025/10/15 08:38:26 POLARIS_LOG {"event":"send_rate","rate":816000,"ts":1760517506.469853}
2025/10/15 08:38:27 POLARIS_LOG {"event":"send_rate","rate":744000,"ts":1760517507.4695945}
2025/10/15 08:38:28 POLARIS_LOG {"event":"send_rate","rate":592000,"ts":1760517508.4694042}
2025/10/15 08:38:29 POLARIS_LOG {"event":"send_rate","rate":840000,"ts":1760517509.4697587}
2025/10/15 08:38:30 POLARIS_LOG {"event":"send_rate","rate":816000,"ts":1760517510.4703226}
2025/10/15 08:38:30 POLARIS_LOG {"candidates":25,"candidates_unfiltered":25,"current_rate":816000,"estimated_share":2000000,"event":"path_switch","max_estimated_share":2000000,"new":"1 1 7 7 2 4","old":"2 2 5 2","trigger":"scheduled","ts":1760517510.470377}
2025/10/15 08:38:31 POLARIS_LOG {"event":"send_rate","rate":8904000,"ts":1760517511.469638}
2025/10/15 08:38:32 POLARIS_LOG {"event":"send_rate","rate":1720000,"ts":1760517512.4701047}
2025/10/15 08:38:33 POLARIS_LOG {"event":"send_rate","rate":1672000,"ts":1760517513.4698913}
2025/10/15 08:38:34 POLARIS_LOG {"event":"send_rate","rate":1672000,"ts":1760517514.4695044}
2025/10/15 08:38:35 POLARIS_LOG {"event":"send_rate","rate":1680000,"ts":1760517515.4702482}
2025/10/15 08:38:36 POLARIS_LOG {"event":"send_rate","rate":1736000,"ts":1760517516.4698045}
2025/10/15 08:38:37 POLARIS_LOG {"event":"send_rate","rate":1448000,"ts":1760517517.469592}
2025/10/15 08:38:38 POLARIS_LOG {"event":"send_rate","rate":1680000,"ts":1760517518.4701061}
2025/10/15 08:38:39 POLARIS_LOG {"event":"send_rate","rate":1712000,"ts":1760517519.4702537}
2025/10/15 08:38:40 POLARIS_LOG {"event":"send_rate","rate":1632000,"ts":1760517520.469654}
2025/10/15 08:38:41 POLARIS_LOG {"event":"send_rate","rate":1728000,"ts":1760517521.469867}
2025/10/15 08:38:42 POLARIS_LOG {"event":"send_rate","rate":1424000,"ts":1760517522.4695508}
2025/10/15 08:38:43 POLARIS_LOG {"event":"send_rate","rate":1704000,"ts":1760517523.469778}
2025/10/15 08:38:44 POLARIS_LOG {"event":"send_rate","rate":1736000,"ts":1760517524.470223}
2025/10/15 08:38:45 POLARIS_LOG {"event":"send_rate","rate":1672000,"ts":1760517525.469785}
2025/10/15 08:38:46 POLARIS_LOG {"event":"send_rate","rate":1672000,"ts":1760517526.4697664}
Drain Loop received packet
Drain Loop received non-nil payload
We need to sleep for 1 seconds before we can get the results
Client sent 10260 packets, server reported 10105 packets received
The network loss rate from client to server is 1.5%

S->C results
Attempted bandwidth: 0 bps / 0.00 Mbps
Achieved bandwidth: 0 bps / 0.00 Mbps
Loss rate: 0.0%
Interarrival time min/avg/max/mdev = -0.000/0.000/0.000/0.000 ms

C->S results
Attempted bandwidth: 2000000 bps / 2.00 Mbps
Achieved bandwidth: 1796444 bps / 1.80 Mbps
Loss rate: 10.2%
Interarrival time min/avg/max/mdev = 0.002/4.555/86.978/9.079 ms
