
Test parameters:
client->server: 293 seconds, 1000 bytes, 18312 packets
server->client: 293 seconds, 1000 bytes, 0 packets
2025/10/17 19:28:56 POLARIS_LOG {"current_rate":0,"event":"path_switch","new":"2 2 5 2","trigger":"initialization","ts":1760729336.3737745}
Polaris prober initialized with 38 paths
Polaris prober initialized with local 1-111,10.111.0.71:32761 and remote 1-113,10.113.0.71
2025/10/17 19:28:57 POLARIS_LOG {"event":"send_rate","rate":496000,"ts":1760729337.3748283}
2025/10/17 19:28:58 POLARIS_LOG {"event":"send_rate","rate":504000,"ts":1760729338.3756816}
2025/10/17 19:28:59 POLARIS_LOG {"event":"send_rate","rate":496000,"ts":1760729339.375083}
2025/10/17 19:29:00 POLARIS_LOG {"event":"send_rate","rate":504000,"ts":1760729340.3756046}
2025/10/17 19:29:01 POLARIS_LOG {"event":"send_rate","rate":496000,"ts":1760729341.3746116}
2025/10/17 19:29:02 POLARIS_LOG {"event":"send_rate","rate":504000,"ts":1760729342.3751526}
2025/10/17 19:29:03 POLARIS_LOG {"event":"send_rate","rate":496000,"ts":1760729343.3761277}
2025/10/17 19:29:04 POLARIS_LOG {"event":"send_rate","rate":504000,"ts":1760729344.375321}
2025/10/17 19:29:05 POLARIS_LOG {"event":"send_rate","rate":496000,"ts":1760729345.378511}
2025/10/17 19:29:06 POLARIS_LOG {"event":"send_rate","rate":504000,"ts":1760729346.3833416}
2025/10/17 19:29:07 POLARIS_LOG {"event":"send_rate","rate":496000,"ts":1760729347.3752325}
2025/10/17 19:29:08 POLARIS_LOG {"event":"send_rate","rate":504000,"ts":1760729348.3761096}
2025/10/17 19:29:09 POLARIS_LOG {"event":"send_rate","rate":504000,"ts":1760729349.387066}
2025/10/17 19:29:10 POLARIS_LOG {"event":"send_rate","rate":496000,"ts":1760729350.3765373}
2025/10/17 19:29:11 POLARIS_LOG {"event":"send_rate","rate":496000,"ts":1760729351.374971}
2025/10/17 19:29:12 POLARIS_LOG {"event":"send_rate","rate":496000,"ts":1760729352.3754194}
2025/10/17 19:29:13 POLARIS_LOG {"event":"send_rate","rate":504000,"ts":1760729353.3755994}
2025/10/17 19:29:14 POLARIS_LOG {"event":"send_rate","rate":504000,"ts":1760729354.3754122}
2025/10/17 19:29:15 POLARIS_LOG {"event":"send_rate","rate":496000,"ts":1760729355.3769004}
2025/10/17 19:29:16 POLARIS_LOG {"event":"send_rate","rate":504000,"ts":1760729356.3750925}
2025/10/17 19:29:17 POLARIS_LOG {"event":"send_rate","rate":496000,"ts":1760729357.3757036}
2025/10/17 19:29:18 POLARIS_LOG {"event":"send_rate","rate":496000,"ts":1760729358.375059}
2025/10/17 19:29:19 POLARIS_LOG {"event":"send_rate","rate":496000,"ts":1760729359.375202}
2025/10/17 19:29:20 POLARIS_LOG {"event":"send_rate","rate":512000,"ts":1760729360.3746817}
2025/10/17 19:29:21 POLARIS_LOG {"event":"send_rate","rate":496000,"ts":1760729361.3783338}
2025/10/17 19:29:22 POLARIS_LOG {"event":"send_rate","rate":496000,"ts":1760729362.3760116}
2025/10/17 19:29:23 POLARIS_LOG {"event":"send_rate","rate":504000,"ts":1760729363.3755434}
2025/10/17 19:29:24 POLARIS_LOG {"event":"send_rate","rate":496000,"ts":1760729364.3753424}
2025/10/17 19:29:25 POLARIS_LOG {"event":"send_rate","rate":504000,"ts":1760729365.37573}
2025/10/17 19:29:26 POLARIS_LOG {"event":"send_rate","rate":384000,"ts":1760729366.3761432}
2025/10/17 19:29:26 POLARIS_LOG {"candidates":25,"candidates_unfiltered":25,"current_rate":384000,"estimated_share":2000000,"event":"path_switch","max_estimated_share":2000000,"new":"5 5 2 4","old":"2 2 5 2","trigger":"scheduled","ts":1760729366.3769972}
2025/10/17 19:29:27 POLARIS_LOG {"event":"send_rate","rate":616000,"ts":1760729367.3751493}
2025/10/17 19:29:28 POLARIS_LOG {"event":"send_rate","rate":504000,"ts":1760729368.3751552}
2025/10/17 19:29:29 POLARIS_LOG {"event":"send_rate","rate":496000,"ts":1760729369.3755975}
2025/10/17 19:29:30 POLARIS_LOG {"event":"send_rate","rate":496000,"ts":1760729370.375599}
2025/10/17 19:29:31 POLARIS_LOG {"event":"send_rate","rate":504000,"ts":1760729371.3746276}
2025/10/17 19:29:32 POLARIS_LOG {"event":"send_rate","rate":504000,"ts":1760729372.3752778}
2025/10/17 19:29:33 POLARIS_LOG {"event":"send_rate","rate":496000,"ts":1760729373.3785808}
2025/10/17 19:29:34 POLARIS_LOG {"event":"send_rate","rate":496000,"ts":1760729374.3751478}
2025/10/17 19:29:35 POLARIS_LOG {"event":"send_rate","rate":504000,"ts":1760729375.375648}
2025/10/17 19:29:36 POLARIS_LOG {"event":"send_rate","rate":496000,"ts":1760729376.3750124}
2025/10/17 19:29:37 POLARIS_LOG {"event":"send_rate","rate":504000,"ts":1760729377.377448}
2025/10/17 19:29:38 POLARIS_LOG {"event":"send_rate","rate":504000,"ts":1760729378.3763106}
2025/10/17 19:29:39 POLARIS_LOG {"event":"send_rate","rate":496000,"ts":1760729379.3762026}
2025/10/17 19:29:40 POLARIS_LOG {"event":"send_rate","rate":496000,"ts":1760729380.37505}
2025/10/17 19:29:41 POLARIS_LOG {"event":"send_rate","rate":504000,"ts":1760729381.375345}
2025/10/17 19:29:42 POLARIS_LOG {"event":"send_rate","rate":504000,"ts":1760729382.3760486}
2025/10/17 19:29:43 POLARIS_LOG {"event":"send_rate","rate":496000,"ts":1760729383.375911}
2025/10/17 19:29:44 POLARIS_LOG {"event":"send_rate","rate":496000,"ts":1760729384.3752346}
2025/10/17 19:29:45 POLARIS_LOG {"event":"send_rate","rate":504000,"ts":1760729385.375538}
2025/10/17 19:29:46 POLARIS_LOG {"event":"send_rate","rate":496000,"ts":1760729386.375293}
2025/10/17 19:29:47 POLARIS_LOG {"event":"send_rate","rate":504000,"ts":1760729387.3757167}
2025/10/17 19:29:48 POLARIS_LOG {"event":"send_rate","rate":496000,"ts":1760729388.3750744}
2025/10/17 19:29:49 POLARIS_LOG {"event":"send_rate","rate":504000,"ts":1760729389.3755732}
2025/10/17 19:29:50 POLARIS_LOG {"event":"send_rate","rate":496000,"ts":1760729390.375666}
2025/10/17 19:29:51 POLARIS_LOG {"event":"send_rate","rate":496000,"ts":1760729391.3776302}
2025/10/17 19:29:52 POLARIS_LOG {"event":"send_rate","rate":504000,"ts":1760729392.3749862}
2025/10/17 19:29:53 POLARIS_LOG {"event":"send_rate","rate":504000,"ts":1760729393.3754466}
2025/10/17 19:29:54 POLARIS_LOG {"event":"send_rate","rate":496000,"ts":1760729394.3759408}
2025/10/17 19:29:55 POLARIS_LOG {"event":"send_rate","rate":504000,"ts":1760729395.3759983}
2025/10/17 19:29:56 POLARIS_LOG {"event":"send_rate","rate":496000,"ts":1760729396.3754916}
2025/10/17 19:29:57 POLARIS_LOG {"event":"send_rate","rate":504000,"ts":1760729397.3754942}
2025/10/17 19:29:58 POLARIS_LOG {"event":"send_rate","rate":496000,"ts":1760729398.375343}
2025/10/17 19:29:59 POLARIS_LOG {"event":"send_rate","rate":504000,"ts":1760729399.3798563}
2025/10/17 19:30:00 POLARIS_LOG {"event":"send_rate","rate":504000,"ts":1760729400.3787608}
2025/10/17 19:30:01 POLARIS_LOG {"event":"send_rate","rate":496000,"ts":1760729401.3761723}
2025/10/17 19:30:02 POLARIS_LOG {"event":"send_rate","rate":496000,"ts":1760729402.3772683}
2025/10/17 19:30:03 POLARIS_LOG {"event":"send_rate","rate":504000,"ts":1760729403.3760376}
2025/10/17 19:30:04 POLARIS_LOG {"event":"send_rate","rate":496000,"ts":1760729404.3755283}
2025/10/17 19:30:05 POLARIS_LOG {"event":"send_rate","rate":504000,"ts":1760729405.3830788}
2025/10/17 19:30:06 POLARIS_LOG {"event":"send_rate","rate":496000,"ts":1760729406.3750265}
2025/10/17 19:30:07 POLARIS_LOG {"event":"send_rate","rate":504000,"ts":1760729407.3771987}
2025/10/17 19:30:08 POLARIS_LOG {"event":"send_rate","rate":504000,"ts":1760729408.3846426}
2025/10/17 19:30:09 POLARIS_LOG {"event":"send_rate","rate":496000,"ts":1760729409.375358}
2025/10/17 19:30:10 POLARIS_LOG {"event":"send_rate","rate":496000,"ts":1760729410.3753748}
2025/10/17 19:30:11 POLARIS_LOG {"event":"send_rate","rate":504000,"ts":1760729411.3764908}
2025/10/17 19:30:12 POLARIS_LOG {"event":"send_rate","rate":496000,"ts":1760729412.3748918}
2025/10/17 19:30:13 POLARIS_LOG {"event":"send_rate","rate":504000,"ts":1760729413.3789937}
2025/10/17 19:30:14 POLARIS_LOG {"event":"send_rate","rate":504000,"ts":1760729414.379103}
2025/10/17 19:30:15 POLARIS_LOG {"event":"send_rate","rate":496000,"ts":1760729415.3761406}
2025/10/17 19:30:16 POLARIS_LOG {"event":"send_rate","rate":496000,"ts":1760729416.3751419}
2025/10/17 19:30:17 POLARIS_LOG {"event":"send_rate","rate":504000,"ts":1760729417.3749208}
2025/10/17 19:30:18 POLARIS_LOG {"event":"send_rate","rate":496000,"ts":1760729418.3755634}
2025/10/17 19:30:19 POLARIS_LOG {"event":"send_rate","rate":504000,"ts":1760729419.3747947}
2025/10/17 19:30:20 POLARIS_LOG {"event":"send_rate","rate":496000,"ts":1760729420.3764317}
2025/10/17 19:30:21 POLARIS_LOG {"event":"send_rate","rate":504000,"ts":1760729421.3752224}
2025/10/17 19:30:22 POLARIS_LOG {"event":"send_rate","rate":496000,"ts":1760729422.3770154}
2025/10/17 19:30:23 POLARIS_LOG {"event":"send_rate","rate":504000,"ts":1760729423.3752139}
2025/10/17 19:30:24 POLARIS_LOG {"event":"send_rate","rate":496000,"ts":1760729424.3750596}
2025/10/17 19:30:25 POLARIS_LOG {"event":"send_rate","rate":504000,"ts":1760729425.3785186}
2025/10/17 19:30:26 POLARIS_LOG {"event":"send_rate","rate":496000,"ts":1760729426.37581}
2025/10/17 19:30:27 POLARIS_LOG {"event":"send_rate","rate":504000,"ts":1760729427.3768501}
2025/10/17 19:30:28 POLARIS_LOG {"event":"send_rate","rate":496000,"ts":1760729428.3757539}
2025/10/17 19:30:29 POLARIS_LOG {"event":"send_rate","rate":504000,"ts":1760729429.3853898}
2025/10/17 19:30:30 POLARIS_LOG {"event":"send_rate","rate":496000,"ts":1760729430.3754303}
2025/10/17 19:30:31 POLARIS_LOG {"event":"send_rate","rate":504000,"ts":1760729431.3844368}
2025/10/17 19:30:32 POLARIS_LOG {"event":"send_rate","rate":496000,"ts":1760729432.37465}
2025/10/17 19:30:33 POLARIS_LOG {"event":"send_rate","rate":504000,"ts":1760729433.3747518}
2025/10/17 19:30:34 POLARIS_LOG {"event":"send_rate","rate":496000,"ts":1760729434.3746119}
2025/10/17 19:30:35 POLARIS_LOG {"event":"send_rate","rate":504000,"ts":1760729435.37597}
2025/10/17 19:30:36 POLARIS_LOG {"event":"send_rate","rate":496000,"ts":1760729436.3811305}
2025/10/17 19:30:37 POLARIS_LOG {"event":"send_rate","rate":504000,"ts":1760729437.3754504}
2025/10/17 19:30:38 POLARIS_LOG {"event":"send_rate","rate":496000,"ts":1760729438.3753796}
2025/10/17 19:30:39 POLARIS_LOG {"event":"send_rate","rate":504000,"ts":1760729439.3762987}
2025/10/17 19:30:40 POLARIS_LOG {"event":"send_rate","rate":496000,"ts":1760729440.3751419}
2025/10/17 19:30:41 POLARIS_LOG {"event":"send_rate","rate":496000,"ts":1760729441.3765142}
2025/10/17 19:30:42 POLARIS_LOG {"event":"send_rate","rate":504000,"ts":1760729442.3757272}
2025/10/17 19:30:43 POLARIS_LOG {"event":"send_rate","rate":504000,"ts":1760729443.3755505}
2025/10/17 19:30:44 POLARIS_LOG {"event":"send_rate","rate":496000,"ts":1760729444.377864}
2025/10/17 19:30:45 POLARIS_LOG {"event":"send_rate","rate":504000,"ts":1760729445.374999}
2025/10/17 19:30:46 POLARIS_LOG {"event":"send_rate","rate":496000,"ts":1760729446.3761547}
2025/10/17 19:30:47 POLARIS_LOG {"event":"send_rate","rate":504000,"ts":1760729447.3751059}
2025/10/17 19:30:48 POLARIS_LOG {"event":"send_rate","rate":496000,"ts":1760729448.3768387}
2025/10/17 19:30:49 POLARIS_LOG {"event":"send_rate","rate":504000,"ts":1760729449.3773894}
2025/10/17 19:30:50 POLARIS_LOG {"event":"send_rate","rate":496000,"ts":1760729450.3753192}
2025/10/17 19:30:51 POLARIS_LOG {"event":"send_rate","rate":504000,"ts":1760729451.3752956}
2025/10/17 19:30:52 POLARIS_LOG {"event":"send_rate","rate":488000,"ts":1760729452.3761537}
2025/10/17 19:30:53 POLARIS_LOG {"event":"send_rate","rate":512000,"ts":1760729453.3756676}
2025/10/17 19:30:54 POLARIS_LOG {"event":"send_rate","rate":496000,"ts":1760729454.3799238}
2025/10/17 19:30:55 POLARIS_LOG {"event":"send_rate","rate":504000,"ts":1760729455.3765433}
2025/10/17 19:30:56 POLARIS_LOG {"event":"send_rate","rate":496000,"ts":1760729456.378416}
2025/10/17 19:30:57 POLARIS_LOG {"event":"send_rate","rate":504000,"ts":1760729457.3756025}
2025/10/17 19:30:58 POLARIS_LOG {"event":"send_rate","rate":504000,"ts":1760729458.3868024}
2025/10/17 19:30:59 POLARIS_LOG {"event":"send_rate","rate":488000,"ts":1760729459.3794615}
2025/10/17 19:31:00 POLARIS_LOG {"event":"send_rate","rate":504000,"ts":1760729460.375676}
2025/10/17 19:31:01 POLARIS_LOG {"event":"send_rate","rate":496000,"ts":1760729461.3749611}
2025/10/17 19:31:02 POLARIS_LOG {"event":"send_rate","rate":504000,"ts":1760729462.376958}
2025/10/17 19:31:03 POLARIS_LOG {"event":"send_rate","rate":496000,"ts":1760729463.3763266}
2025/10/17 19:31:04 POLARIS_LOG {"event":"send_rate","rate":504000,"ts":1760729464.379072}
2025/10/17 19:31:05 POLARIS_LOG {"event":"send_rate","rate":496000,"ts":1760729465.3761759}
2025/10/17 19:31:06 POLARIS_LOG {"event":"send_rate","rate":504000,"ts":1760729466.377298}
2025/10/17 19:31:07 POLARIS_LOG {"event":"send_rate","rate":504000,"ts":1760729467.378005}
2025/10/17 19:31:08 POLARIS_LOG {"event":"send_rate","rate":496000,"ts":1760729468.3795273}
2025/10/17 19:31:09 POLARIS_LOG {"event":"send_rate","rate":496000,"ts":1760729469.374877}
2025/10/17 19:31:10 POLARIS_LOG {"event":"send_rate","rate":504000,"ts":1760729470.375097}
2025/10/17 19:31:11 POLARIS_LOG {"event":"send_rate","rate":504000,"ts":1760729471.3795686}
2025/10/17 19:31:12 POLARIS_LOG {"event":"send_rate","rate":496000,"ts":1760729472.377378}
2025/10/17 19:31:13 POLARIS_LOG {"event":"send_rate","rate":504000,"ts":1760729473.3783438}
2025/10/17 19:31:14 POLARIS_LOG {"event":"send_rate","rate":496000,"ts":1760729474.3746693}
2025/10/17 19:31:15 POLARIS_LOG {"event":"send_rate","rate":504000,"ts":1760729475.3778293}
2025/10/17 19:31:16 POLARIS_LOG {"event":"send_rate","rate":496000,"ts":1760729476.3749328}
2025/10/17 19:31:17 POLARIS_LOG {"event":"send_rate","rate":496000,"ts":1760729477.3834293}
2025/10/17 19:31:18 POLARIS_LOG {"event":"send_rate","rate":504000,"ts":1760729478.375242}
2025/10/17 19:31:19 POLARIS_LOG {"event":"send_rate","rate":496000,"ts":1760729479.3815925}
2025/10/17 19:31:20 POLARIS_LOG {"event":"send_rate","rate":504000,"ts":1760729480.375315}
2025/10/17 19:31:21 POLARIS_LOG {"event":"send_rate","rate":496000,"ts":1760729481.375117}
2025/10/17 19:31:22 POLARIS_LOG {"event":"send_rate","rate":504000,"ts":1760729482.376385}
2025/10/17 19:31:23 POLARIS_LOG {"event":"send_rate","rate":496000,"ts":1760729483.3775406}
2025/10/17 19:31:24 POLARIS_LOG {"event":"send_rate","rate":504000,"ts":1760729484.3752782}
2025/10/17 19:31:25 POLARIS_LOG {"event":"send_rate","rate":496000,"ts":1760729485.3752875}
2025/10/17 19:31:26 POLARIS_LOG {"event":"send_rate","rate":504000,"ts":1760729486.3746243}
2025/10/17 19:31:27 POLARIS_LOG {"event":"send_rate","rate":496000,"ts":1760729487.3748102}
2025/10/17 19:31:28 POLARIS_LOG {"event":"send_rate","rate":504000,"ts":1760729488.3761358}
2025/10/17 19:31:29 POLARIS_LOG {"event":"send_rate","rate":496000,"ts":1760729489.3762484}
2025/10/17 19:31:30 POLARIS_LOG {"event":"send_rate","rate":504000,"ts":1760729490.3750746}
2025/10/17 19:31:31 POLARIS_LOG {"event":"send_rate","rate":496000,"ts":1760729491.3755972}
2025/10/17 19:31:32 POLARIS_LOG {"event":"send_rate","rate":504000,"ts":1760729492.3746932}
2025/10/17 19:31:33 POLARIS_LOG {"event":"send_rate","rate":496000,"ts":1760729493.3749917}
2025/10/17 19:31:34 POLARIS_LOG {"event":"send_rate","rate":504000,"ts":1760729494.3746288}
2025/10/17 19:31:35 POLARIS_LOG {"event":"send_rate","rate":496000,"ts":1760729495.3755503}
2025/10/17 19:31:36 POLARIS_LOG {"event":"send_rate","rate":504000,"ts":1760729496.3769567}
2025/10/17 19:31:37 POLARIS_LOG {"event":"send_rate","rate":496000,"ts":1760729497.375538}
2025/10/17 19:31:38 POLARIS_LOG {"event":"send_rate","rate":504000,"ts":1760729498.375226}
2025/10/17 19:31:39 POLARIS_LOG {"event":"send_rate","rate":504000,"ts":1760729499.392276}
2025/10/17 19:31:40 POLARIS_LOG {"event":"send_rate","rate":496000,"ts":1760729500.3812406}
2025/10/17 19:31:41 POLARIS_LOG {"event":"send_rate","rate":496000,"ts":1760729501.3819308}
2025/10/17 19:31:42 POLARIS_LOG {"event":"send_rate","rate":504000,"ts":1760729502.3757575}
2025/10/17 19:31:43 POLARIS_LOG {"event":"send_rate","rate":496000,"ts":1760729503.3766525}
2025/10/17 19:31:44 POLARIS_LOG {"event":"send_rate","rate":496000,"ts":1760729504.3750925}
2025/10/17 19:31:45 POLARIS_LOG {"event":"send_rate","rate":504000,"ts":1760729505.3757408}
2025/10/17 19:31:46 POLARIS_LOG {"event":"send_rate","rate":504000,"ts":1760729506.374825}
2025/10/17 19:31:47 POLARIS_LOG {"event":"send_rate","rate":496000,"ts":1760729507.3767254}
2025/10/17 19:31:48 POLARIS_LOG {"event":"send_rate","rate":504000,"ts":1760729508.3771963}
2025/10/17 19:31:49 POLARIS_LOG {"event":"send_rate","rate":496000,"ts":1760729509.3759377}
2025/10/17 19:31:50 POLARIS_LOG {"event":"send_rate","rate":504000,"ts":1760729510.380791}
2025/10/17 19:31:51 POLARIS_LOG {"event":"send_rate","rate":496000,"ts":1760729511.3750834}
2025/10/17 19:31:52 POLARIS_LOG {"event":"send_rate","rate":504000,"ts":1760729512.3768017}
2025/10/17 19:31:53 POLARIS_LOG {"event":"send_rate","rate":496000,"ts":1760729513.3757365}
2025/10/17 19:31:54 POLARIS_LOG {"event":"send_rate","rate":504000,"ts":1760729514.3845832}
2025/10/17 19:31:55 POLARIS_LOG {"event":"send_rate","rate":496000,"ts":1760729515.3765626}
2025/10/17 19:31:56 POLARIS_LOG {"event":"send_rate","rate":496000,"ts":1760729516.3749077}
2025/10/17 19:31:57 POLARIS_LOG {"event":"send_rate","rate":512000,"ts":1760729517.385684}
2025/10/17 19:31:58 POLARIS_LOG {"event":"send_rate","rate":496000,"ts":1760729518.3746588}
2025/10/17 19:31:59 POLARIS_LOG {"event":"send_rate","rate":496000,"ts":1760729519.3778493}
2025/10/17 19:32:00 POLARIS_LOG {"event":"send_rate","rate":504000,"ts":1760729520.3748033}
2025/10/17 19:32:01 POLARIS_LOG {"event":"send_rate","rate":496000,"ts":1760729521.3770459}
2025/10/17 19:32:02 POLARIS_LOG {"event":"send_rate","rate":504000,"ts":1760729522.3750744}
2025/10/17 19:32:03 POLARIS_LOG {"event":"send_rate","rate":496000,"ts":1760729523.374595}
2025/10/17 19:32:04 POLARIS_LOG {"event":"send_rate","rate":512000,"ts":1760729524.3900487}
2025/10/17 19:32:05 POLARIS_LOG {"event":"send_rate","rate":488000,"ts":1760729525.381986}
2025/10/17 19:32:06 POLARIS_LOG {"event":"send_rate","rate":504000,"ts":1760729526.3746533}
2025/10/17 19:32:07 POLARIS_LOG {"event":"send_rate","rate":504000,"ts":1760729527.3878574}
2025/10/17 19:32:08 POLARIS_LOG {"event":"send_rate","rate":496000,"ts":1760729528.3754795}
2025/10/17 19:32:09 POLARIS_LOG {"event":"send_rate","rate":496000,"ts":1760729529.3858755}
2025/10/17 19:32:10 POLARIS_LOG {"event":"send_rate","rate":504000,"ts":1760729530.377133}
2025/10/17 19:32:11 POLARIS_LOG {"event":"send_rate","rate":496000,"ts":1760729531.3755085}
2025/10/17 19:32:12 POLARIS_LOG {"event":"send_rate","rate":504000,"ts":1760729532.3766658}
2025/10/17 19:32:13 POLARIS_LOG {"event":"send_rate","rate":496000,"ts":1760729533.3757703}
2025/10/17 19:32:14 POLARIS_LOG {"event":"send_rate","rate":504000,"ts":1760729534.3759062}
2025/10/17 19:32:15 POLARIS_LOG {"event":"send_rate","rate":496000,"ts":1760729535.3797061}
2025/10/17 19:32:16 POLARIS_LOG {"event":"send_rate","rate":504000,"ts":1760729536.3857172}
2025/10/17 19:32:17 POLARIS_LOG {"event":"send_rate","rate":496000,"ts":1760729537.3756888}
2025/10/17 19:32:18 POLARIS_LOG {"event":"send_rate","rate":504000,"ts":1760729538.3761392}
2025/10/17 19:32:19 POLARIS_LOG {"event":"send_rate","rate":496000,"ts":1760729539.3753917}
2025/10/17 19:32:20 POLARIS_LOG {"event":"send_rate","rate":504000,"ts":1760729540.3752525}
2025/10/17 19:32:21 POLARIS_LOG {"event":"send_rate","rate":496000,"ts":1760729541.375017}
2025/10/17 19:32:22 POLARIS_LOG {"event":"send_rate","rate":504000,"ts":1760729542.3754256}
2025/10/17 19:32:23 POLARIS_LOG {"event":"send_rate","rate":496000,"ts":1760729543.378112}
2025/10/17 19:32:24 POLARIS_LOG {"event":"send_rate","rate":504000,"ts":1760729544.375565}
2025/10/17 19:32:25 POLARIS_LOG {"event":"send_rate","rate":496000,"ts":1760729545.3770814}
2025/10/17 19:32:26 POLARIS_LOG {"event":"send_rate","rate":504000,"ts":1760729546.3747933}
2025/10/17 19:32:27 POLARIS_LOG {"event":"send_rate","rate":496000,"ts":1760729547.3752708}
2025/10/17 19:32:28 POLARIS_LOG {"event":"send_rate","rate":504000,"ts":1760729548.3749273}
2025/10/17 19:32:29 POLARIS_LOG {"event":"send_rate","rate":496000,"ts":1760729549.375192}
2025/10/17 19:32:30 POLARIS_LOG {"event":"send_rate","rate":504000,"ts":1760729550.3752253}
2025/10/17 19:32:31 POLARIS_LOG {"event":"send_rate","rate":496000,"ts":1760729551.3825493}
2025/10/17 19:32:32 POLARIS_LOG {"event":"send_rate","rate":504000,"ts":1760729552.3754084}
2025/10/17 19:32:33 POLARIS_LOG {"event":"send_rate","rate":496000,"ts":1760729553.3756244}
2025/10/17 19:32:34 POLARIS_LOG {"event":"send_rate","rate":504000,"ts":1760729554.375594}
2025/10/17 19:32:35 POLARIS_LOG {"event":"send_rate","rate":496000,"ts":1760729555.3751712}
2025/10/17 19:32:36 POLARIS_LOG {"event":"send_rate","rate":496000,"ts":1760729556.3757882}
2025/10/17 19:32:37 POLARIS_LOG {"event":"send_rate","rate":504000,"ts":1760729557.3754568}
2025/10/17 19:32:38 POLARIS_LOG {"event":"send_rate","rate":504000,"ts":1760729558.37533}
2025/10/17 19:32:39 POLARIS_LOG {"event":"send_rate","rate":496000,"ts":1760729559.3751416}
2025/10/17 19:32:40 POLARIS_LOG {"event":"send_rate","rate":504000,"ts":1760729560.3756025}
2025/10/17 19:32:41 POLARIS_LOG {"event":"send_rate","rate":496000,"ts":1760729561.3766975}
2025/10/17 19:32:42 POLARIS_LOG {"event":"send_rate","rate":504000,"ts":1760729562.3752491}
2025/10/17 19:32:43 POLARIS_LOG {"event":"send_rate","rate":496000,"ts":1760729563.37518}
2025/10/17 19:32:44 POLARIS_LOG {"event":"send_rate","rate":496000,"ts":1760729564.3824704}
2025/10/17 19:32:45 POLARIS_LOG {"event":"send_rate","rate":504000,"ts":1760729565.3751347}
2025/10/17 19:32:46 POLARIS_LOG {"event":"send_rate","rate":496000,"ts":1760729566.3754551}
2025/10/17 19:32:47 POLARIS_LOG {"event":"send_rate","rate":504000,"ts":1760729567.375601}
2025/10/17 19:32:48 POLARIS_LOG {"event":"send_rate","rate":504000,"ts":1760729568.3759944}
2025/10/17 19:32:49 POLARIS_LOG {"event":"send_rate","rate":496000,"ts":1760729569.3824096}
2025/10/17 19:32:50 POLARIS_LOG {"event":"send_rate","rate":496000,"ts":1760729570.3769202}
2025/10/17 19:32:51 POLARIS_LOG {"event":"send_rate","rate":504000,"ts":1760729571.3746297}
2025/10/17 19:32:52 POLARIS_LOG {"event":"send_rate","rate":496000,"ts":1760729572.375515}
2025/10/17 19:32:53 POLARIS_LOG {"event":"send_rate","rate":504000,"ts":1760729573.376836}
2025/10/17 19:32:54 POLARIS_LOG {"event":"send_rate","rate":496000,"ts":1760729574.3757193}
2025/10/17 19:32:55 POLARIS_LOG {"event":"send_rate","rate":504000,"ts":1760729575.3763597}
2025/10/17 19:32:56 POLARIS_LOG {"event":"send_rate","rate":496000,"ts":1760729576.3754866}
2025/10/17 19:32:57 POLARIS_LOG {"event":"send_rate","rate":504000,"ts":1760729577.3764908}
2025/10/17 19:32:58 POLARIS_LOG {"event":"send_rate","rate":496000,"ts":1760729578.3761623}
2025/10/17 19:32:59 POLARIS_LOG {"event":"send_rate","rate":504000,"ts":1760729579.378942}
2025/10/17 19:33:00 POLARIS_LOG {"event":"send_rate","rate":504000,"ts":1760729580.3778994}
2025/10/17 19:33:01 POLARIS_LOG {"event":"send_rate","rate":496000,"ts":1760729581.3758228}
2025/10/17 19:33:02 POLARIS_LOG {"event":"send_rate","rate":496000,"ts":1760729582.378805}
2025/10/17 19:33:03 POLARIS_LOG {"event":"send_rate","rate":504000,"ts":1760729583.3774533}
2025/10/17 19:33:04 POLARIS_LOG {"event":"send_rate","rate":504000,"ts":1760729584.376756}
2025/10/17 19:33:05 POLARIS_LOG {"event":"send_rate","rate":496000,"ts":1760729585.375635}
2025/10/17 19:33:06 POLARIS_LOG {"event":"send_rate","rate":496000,"ts":1760729586.3756}
2025/10/17 19:33:07 POLARIS_LOG {"event":"send_rate","rate":504000,"ts":1760729587.3749597}
2025/10/17 19:33:08 POLARIS_LOG {"event":"send_rate","rate":496000,"ts":1760729588.375919}
2025/10/17 19:33:09 POLARIS_LOG {"event":"send_rate","rate":504000,"ts":1760729589.375252}
2025/10/17 19:33:10 POLARIS_LOG {"event":"send_rate","rate":496000,"ts":1760729590.3761241}
2025/10/17 19:33:11 POLARIS_LOG {"event":"send_rate","rate":504000,"ts":1760729591.3755963}
2025/10/17 19:33:12 POLARIS_LOG {"event":"send_rate","rate":496000,"ts":1760729592.3749576}
2025/10/17 19:33:13 POLARIS_LOG {"event":"send_rate","rate":504000,"ts":1760729593.3753293}
2025/10/17 19:33:14 POLARIS_LOG {"event":"send_rate","rate":496000,"ts":1760729594.374833}
2025/10/17 19:33:15 POLARIS_LOG {"event":"send_rate","rate":504000,"ts":1760729595.3751512}
2025/10/17 19:33:16 POLARIS_LOG {"event":"send_rate","rate":496000,"ts":1760729596.3774238}
2025/10/17 19:33:17 POLARIS_LOG {"event":"send_rate","rate":504000,"ts":1760729597.374796}
2025/10/17 19:33:18 POLARIS_LOG {"event":"send_rate","rate":496000,"ts":1760729598.3756251}
2025/10/17 19:33:19 POLARIS_LOG {"event":"send_rate","rate":512000,"ts":1760729599.3863962}
2025/10/17 19:33:20 POLARIS_LOG {"event":"send_rate","rate":488000,"ts":1760729600.3754203}
2025/10/17 19:33:21 POLARIS_LOG {"event":"send_rate","rate":504000,"ts":1760729601.3747416}
2025/10/17 19:33:22 POLARIS_LOG {"event":"send_rate","rate":496000,"ts":1760729602.37535}
2025/10/17 19:33:23 POLARIS_LOG {"event":"send_rate","rate":504000,"ts":1760729603.3761182}
2025/10/17 19:33:24 POLARIS_LOG {"event":"send_rate","rate":496000,"ts":1760729604.3752966}
2025/10/17 19:33:25 POLARIS_LOG {"event":"send_rate","rate":496000,"ts":1760729605.3757777}
2025/10/17 19:33:26 POLARIS_LOG {"event":"send_rate","rate":504000,"ts":1760729606.3770447}
2025/10/17 19:33:27 POLARIS_LOG {"event":"send_rate","rate":504000,"ts":1760729607.374894}
2025/10/17 19:33:28 POLARIS_LOG {"event":"send_rate","rate":496000,"ts":1760729608.3774896}
2025/10/17 19:33:29 POLARIS_LOG {"event":"send_rate","rate":504000,"ts":1760729609.3757236}
2025/10/17 19:33:30 POLARIS_LOG {"event":"send_rate","rate":496000,"ts":1760729610.3754754}
2025/10/17 19:33:31 POLARIS_LOG {"event":"send_rate","rate":504000,"ts":1760729611.3752272}
2025/10/17 19:33:32 POLARIS_LOG {"event":"send_rate","rate":496000,"ts":1760729612.3822212}
2025/10/17 19:33:33 POLARIS_LOG {"event":"send_rate","rate":504000,"ts":1760729613.374636}
2025/10/17 19:33:34 POLARIS_LOG {"event":"send_rate","rate":496000,"ts":1760729614.3750994}
2025/10/17 19:33:35 POLARIS_LOG {"event":"send_rate","rate":504000,"ts":1760729615.3759346}
2025/10/17 19:33:36 POLARIS_LOG {"event":"send_rate","rate":496000,"ts":1760729616.3762038}
2025/10/17 19:33:37 POLARIS_LOG {"event":"send_rate","rate":504000,"ts":1760729617.3754091}
2025/10/17 19:33:38 POLARIS_LOG {"event":"send_rate","rate":496000,"ts":1760729618.3751614}
2025/10/17 19:33:39 POLARIS_LOG {"event":"send_rate","rate":504000,"ts":1760729619.3753066}
2025/10/17 19:33:40 POLARIS_LOG {"event":"send_rate","rate":496000,"ts":1760729620.3751266}
2025/10/17 19:33:41 POLARIS_LOG {"event":"send_rate","rate":504000,"ts":1760729621.3748074}
2025/10/17 19:33:42 POLARIS_LOG {"event":"send_rate","rate":496000,"ts":1760729622.3828597}
2025/10/17 19:33:43 POLARIS_LOG {"event":"send_rate","rate":504000,"ts":1760729623.382186}
2025/10/17 19:33:44 POLARIS_LOG {"event":"send_rate","rate":496000,"ts":1760729624.37519}
2025/10/17 19:33:45 POLARIS_LOG {"event":"send_rate","rate":504000,"ts":1760729625.3754597}
2025/10/17 19:33:46 POLARIS_LOG {"event":"send_rate","rate":496000,"ts":1760729626.375452}
2025/10/17 19:33:47 POLARIS_LOG {"event":"send_rate","rate":504000,"ts":1760729627.375315}
2025/10/17 19:33:48 POLARIS_LOG {"event":"send_rate","rate":496000,"ts":1760729628.3754258}
2025/10/17 19:33:49 POLARIS_LOG {"event":"send_rate","rate":504000,"ts":1760729629.3823583}
We need to sleep for 1 seconds before we can get the results
2025/10/17 19:33:50 POLARIS_LOG {"event":"send_rate","rate":8000,"ts":1760729630.376458}
Drain Loop received packet
Drain Loop received non-nil payload
We need to sleep for 1 seconds before we can get the results
Client sent 18312 packets, server reported 18285 packets received
The network loss rate from client to server is 0.1%

S->C results
Attempted bandwidth: 0 bps / 0.00 Mbps
Achieved bandwidth: 0 bps / 0.00 Mbps
Loss rate: 0.0%
Interarrival time min/avg/max/mdev = -0.000/0.000/0.000/0.000 ms

C->S results
Attempted bandwidth: 499986 bps / 0.50 Mbps
Achieved bandwidth: 499249 bps / 0.50 Mbps
Loss rate: 0.1%
Interarrival time min/avg/max/mdev = 0.002/16.022/436.474/20.505 ms
