
Test parameters:
client->server: 265 seconds, 1000 bytes, 16562 packets
server->client: 265 seconds, 1000 bytes, 0 packets
Polaris prober initialized with 38 paths
2025/10/17 19:29:24 POLARIS_LOG {"current_rate":0,"event":"path_switch","new":"2 2 5 2","trigger":"initialization","ts":1760729364.4658167}
Polaris prober initialized with local 1-111,10.111.0.71:32749 and remote 1-113,10.113.0.71
2025/10/17 19:29:25 POLARIS_LOG {"event":"send_rate","rate":0,"ts":1760729365.467151}
2025/10/17 19:29:26 POLARIS_LOG {"event":"send_rate","rate":112000,"ts":1760729366.472342}
2025/10/17 19:29:27 POLARIS_LOG {"event":"send_rate","rate":496000,"ts":1760729367.4686265}
2025/10/17 19:29:28 POLARIS_LOG {"event":"send_rate","rate":504000,"ts":1760729368.468978}
2025/10/17 19:29:29 POLARIS_LOG {"event":"send_rate","rate":496000,"ts":1760729369.4673588}
2025/10/17 19:29:30 POLARIS_LOG {"event":"send_rate","rate":504000,"ts":1760729370.4677165}
2025/10/17 19:29:31 POLARIS_LOG {"event":"send_rate","rate":496000,"ts":1760729371.4857442}
2025/10/17 19:29:32 POLARIS_LOG {"event":"send_rate","rate":504000,"ts":1760729372.467371}
2025/10/17 19:29:33 POLARIS_LOG {"event":"send_rate","rate":496000,"ts":1760729373.467521}
2025/10/17 19:29:34 POLARIS_LOG {"event":"send_rate","rate":504000,"ts":1760729374.466747}
2025/10/17 19:29:35 POLARIS_LOG {"event":"send_rate","rate":496000,"ts":1760729375.4677205}
2025/10/17 19:29:36 POLARIS_LOG {"event":"send_rate","rate":504000,"ts":1760729376.467598}
2025/10/17 19:29:37 POLARIS_LOG {"event":"send_rate","rate":496000,"ts":1760729377.4675188}
2025/10/17 19:29:38 POLARIS_LOG {"event":"send_rate","rate":504000,"ts":1760729378.4679544}
2025/10/17 19:29:39 POLARIS_LOG {"event":"send_rate","rate":496000,"ts":1760729379.4674797}
2025/10/17 19:29:40 POLARIS_LOG {"event":"send_rate","rate":504000,"ts":1760729380.4678504}
2025/10/17 19:29:41 POLARIS_LOG {"event":"send_rate","rate":448000,"ts":1760729381.466933}
2025/10/17 19:29:42 POLARIS_LOG {"event":"send_rate","rate":216000,"ts":1760729382.470333}
2025/10/17 19:29:43 POLARIS_LOG {"event":"send_rate","rate":216000,"ts":1760729383.4677372}
2025/10/17 19:29:44 POLARIS_LOG {"event":"send_rate","rate":312000,"ts":1760729384.4681215}
2025/10/17 19:29:44 POLARIS_LOG {"candidates":25,"candidates_unfiltered":25,"current_rate":216000,"estimated_share":1000000,"event":"path_switch","max_estimated_share":1000000,"new":"1 1 7 7 2 4","old":"2 2 5 2","trigger":"scheduled","ts":1760729384.4681175}
2025/10/17 19:29:45 POLARIS_LOG {"event":"send_rate","rate":1304000,"ts":1760729385.468031}
2025/10/17 19:29:46 POLARIS_LOG {"event":"send_rate","rate":496000,"ts":1760729386.4669375}
2025/10/17 19:29:47 POLARIS_LOG {"event":"send_rate","rate":512000,"ts":1760729387.482395}
2025/10/17 19:29:48 POLARIS_LOG {"event":"send_rate","rate":488000,"ts":1760729388.4694774}
2025/10/17 19:29:49 POLARIS_LOG {"event":"send_rate","rate":504000,"ts":1760729389.4676588}
2025/10/17 19:29:50 POLARIS_LOG {"event":"send_rate","rate":496000,"ts":1760729390.4672205}
2025/10/17 19:29:51 POLARIS_LOG {"event":"send_rate","rate":504000,"ts":1760729391.4669914}
2025/10/17 19:29:52 POLARIS_LOG {"event":"send_rate","rate":496000,"ts":1760729392.4682202}
2025/10/17 19:29:53 POLARIS_LOG {"event":"send_rate","rate":504000,"ts":1760729393.4675324}
2025/10/17 19:29:54 POLARIS_LOG {"event":"send_rate","rate":504000,"ts":1760729394.467636}
2025/10/17 19:29:55 POLARIS_LOG {"event":"send_rate","rate":496000,"ts":1760729395.467382}
2025/10/17 19:29:56 POLARIS_LOG {"event":"send_rate","rate":496000,"ts":1760729396.4677372}
2025/10/17 19:29:57 POLARIS_LOG {"event":"send_rate","rate":504000,"ts":1760729397.4667537}
2025/10/17 19:29:58 POLARIS_LOG {"event":"send_rate","rate":504000,"ts":1760729398.4678502}
2025/10/17 19:29:59 POLARIS_LOG {"event":"send_rate","rate":496000,"ts":1760729399.467409}
2025/10/17 19:30:00 POLARIS_LOG {"event":"send_rate","rate":504000,"ts":1760729400.4931006}
2025/10/17 19:30:01 POLARIS_LOG {"event":"send_rate","rate":496000,"ts":1760729401.4668264}
2025/10/17 19:30:02 POLARIS_LOG {"event":"send_rate","rate":496000,"ts":1760729402.4673462}
2025/10/17 19:30:03 POLARIS_LOG {"event":"send_rate","rate":504000,"ts":1760729403.4677207}
2025/10/17 19:30:04 POLARIS_LOG {"event":"send_rate","rate":496000,"ts":1760729404.4669006}
2025/10/17 19:30:05 POLARIS_LOG {"event":"send_rate","rate":504000,"ts":1760729405.4728243}
2025/10/17 19:30:06 POLARIS_LOG {"event":"send_rate","rate":496000,"ts":1760729406.4667664}
2025/10/17 19:30:07 POLARIS_LOG {"event":"send_rate","rate":504000,"ts":1760729407.4669428}
2025/10/17 19:30:08 POLARIS_LOG {"event":"send_rate","rate":496000,"ts":1760729408.467516}
2025/10/17 19:30:09 POLARIS_LOG {"event":"send_rate","rate":504000,"ts":1760729409.4677567}
2025/10/17 19:30:10 POLARIS_LOG {"event":"send_rate","rate":496000,"ts":1760729410.4672236}
2025/10/17 19:30:11 POLARIS_LOG {"event":"send_rate","rate":504000,"ts":1760729411.4671912}
2025/10/17 19:30:12 POLARIS_LOG {"event":"send_rate","rate":496000,"ts":1760729412.4676507}
2025/10/17 19:30:13 POLARIS_LOG {"event":"send_rate","rate":504000,"ts":1760729413.5061443}
2025/10/17 19:30:14 POLARIS_LOG {"event":"send_rate","rate":504000,"ts":1760729414.4713724}
2025/10/17 19:30:15 POLARIS_LOG {"event":"send_rate","rate":496000,"ts":1760729415.4681835}
2025/10/17 19:30:16 POLARIS_LOG {"event":"send_rate","rate":496000,"ts":1760729416.4680004}
2025/10/17 19:30:17 POLARIS_LOG {"event":"send_rate","rate":504000,"ts":1760729417.4696712}
2025/10/17 19:30:18 POLARIS_LOG {"event":"send_rate","rate":496000,"ts":1760729418.466748}
2025/10/17 19:30:19 POLARIS_LOG {"event":"send_rate","rate":504000,"ts":1760729419.4697013}
2025/10/17 19:30:20 POLARIS_LOG {"event":"send_rate","rate":496000,"ts":1760729420.4676728}
2025/10/17 19:30:21 POLARIS_LOG {"event":"send_rate","rate":504000,"ts":1760729421.4680996}
2025/10/17 19:30:22 POLARIS_LOG {"event":"send_rate","rate":496000,"ts":1760729422.467458}
2025/10/17 19:30:23 POLARIS_LOG {"event":"send_rate","rate":504000,"ts":1760729423.4672909}
2025/10/17 19:30:24 POLARIS_LOG {"event":"send_rate","rate":496000,"ts":1760729424.4718547}
2025/10/17 19:30:25 POLARIS_LOG {"event":"send_rate","rate":504000,"ts":1760729425.467427}
2025/10/17 19:30:26 POLARIS_LOG {"event":"send_rate","rate":496000,"ts":1760729426.467334}
2025/10/17 19:30:27 POLARIS_LOG {"event":"send_rate","rate":504000,"ts":1760729427.4673154}
2025/10/17 19:30:28 POLARIS_LOG {"event":"send_rate","rate":496000,"ts":1760729428.4672348}
2025/10/17 19:30:29 POLARIS_LOG {"event":"send_rate","rate":504000,"ts":1760729429.4673984}
2025/10/17 19:30:30 POLARIS_LOG {"event":"send_rate","rate":496000,"ts":1760729430.467627}
2025/10/17 19:30:31 POLARIS_LOG {"event":"send_rate","rate":504000,"ts":1760729431.4670727}
2025/10/17 19:30:32 POLARIS_LOG {"event":"send_rate","rate":496000,"ts":1760729432.467123}
2025/10/17 19:30:33 POLARIS_LOG {"event":"send_rate","rate":504000,"ts":1760729433.4677885}
2025/10/17 19:30:34 POLARIS_LOG {"event":"send_rate","rate":504000,"ts":1760729434.4748971}
2025/10/17 19:30:35 POLARIS_LOG {"event":"send_rate","rate":496000,"ts":1760729435.467439}
2025/10/17 19:30:36 POLARIS_LOG {"event":"send_rate","rate":496000,"ts":1760729436.4686232}
2025/10/17 19:30:37 POLARIS_LOG {"event":"send_rate","rate":504000,"ts":1760729437.468305}
2025/10/17 19:30:38 POLARIS_LOG {"event":"send_rate","rate":496000,"ts":1760729438.4679863}
2025/10/17 19:30:39 POLARIS_LOG {"event":"send_rate","rate":504000,"ts":1760729439.4667413}
2025/10/17 19:30:40 POLARIS_LOG {"event":"send_rate","rate":528000,"ts":1760729440.5295238}
2025/10/17 19:30:41 POLARIS_LOG {"event":"send_rate","rate":464000,"ts":1760729441.467485}
2025/10/17 19:30:42 POLARIS_LOG {"event":"send_rate","rate":504000,"ts":1760729442.4678366}
2025/10/17 19:30:43 POLARIS_LOG {"event":"send_rate","rate":504000,"ts":1760729443.4680903}
2025/10/17 19:30:44 POLARIS_LOG {"event":"send_rate","rate":496000,"ts":1760729444.467254}
2025/10/17 19:30:45 POLARIS_LOG {"event":"send_rate","rate":504000,"ts":1760729445.467484}
2025/10/17 19:30:46 POLARIS_LOG {"event":"send_rate","rate":496000,"ts":1760729446.4671428}
2025/10/17 19:30:47 POLARIS_LOG {"event":"send_rate","rate":504000,"ts":1760729447.4679246}
2025/10/17 19:30:48 POLARIS_LOG {"event":"send_rate","rate":496000,"ts":1760729448.4676018}
2025/10/17 19:30:49 POLARIS_LOG {"event":"send_rate","rate":504000,"ts":1760729449.467117}
2025/10/17 19:30:50 POLARIS_LOG {"event":"send_rate","rate":496000,"ts":1760729450.4682899}
2025/10/17 19:30:51 POLARIS_LOG {"event":"send_rate","rate":504000,"ts":1760729451.4718666}
2025/10/17 19:30:52 POLARIS_LOG {"event":"send_rate","rate":496000,"ts":1760729452.4667957}
2025/10/17 19:30:53 POLARIS_LOG {"event":"send_rate","rate":504000,"ts":1760729453.4673994}
2025/10/17 19:30:54 POLARIS_LOG {"event":"send_rate","rate":496000,"ts":1760729454.4715357}
2025/10/17 19:30:55 POLARIS_LOG {"event":"send_rate","rate":504000,"ts":1760729455.4676337}
2025/10/17 19:30:56 POLARIS_LOG {"event":"send_rate","rate":496000,"ts":1760729456.4681714}
2025/10/17 19:30:57 POLARIS_LOG {"event":"send_rate","rate":504000,"ts":1760729457.4670718}
2025/10/17 19:30:58 POLARIS_LOG {"event":"send_rate","rate":496000,"ts":1760729458.4678087}
2025/10/17 19:30:59 POLARIS_LOG {"event":"send_rate","rate":504000,"ts":1760729459.467268}
2025/10/17 19:31:00 POLARIS_LOG {"event":"send_rate","rate":496000,"ts":1760729460.4674227}
2025/10/17 19:31:01 POLARIS_LOG {"event":"send_rate","rate":504000,"ts":1760729461.4672859}
2025/10/17 19:31:02 POLARIS_LOG {"event":"send_rate","rate":496000,"ts":1760729462.4676871}
2025/10/17 19:31:03 POLARIS_LOG {"event":"send_rate","rate":496000,"ts":1760729463.4761965}
2025/10/17 19:31:04 POLARIS_LOG {"event":"send_rate","rate":504000,"ts":1760729464.4669387}
2025/10/17 19:31:05 POLARIS_LOG {"event":"send_rate","rate":504000,"ts":1760729465.4680498}
2025/10/17 19:31:06 POLARIS_LOG {"event":"send_rate","rate":496000,"ts":1760729466.467627}
2025/10/17 19:31:07 POLARIS_LOG {"event":"send_rate","rate":504000,"ts":1760729467.470902}
2025/10/17 19:31:08 POLARIS_LOG {"event":"send_rate","rate":496000,"ts":1760729468.4697022}
2025/10/17 19:31:09 POLARIS_LOG {"event":"send_rate","rate":504000,"ts":1760729469.4760869}
2025/10/17 19:31:10 POLARIS_LOG {"event":"send_rate","rate":504000,"ts":1760729470.4745464}
2025/10/17 19:31:11 POLARIS_LOG {"event":"send_rate","rate":488000,"ts":1760729471.4669673}
2025/10/17 19:31:12 POLARIS_LOG {"event":"send_rate","rate":504000,"ts":1760729472.4672117}
2025/10/17 19:31:13 POLARIS_LOG {"event":"send_rate","rate":504000,"ts":1760729473.4699721}
2025/10/17 19:31:14 POLARIS_LOG {"event":"send_rate","rate":496000,"ts":1760729474.4676251}
2025/10/17 19:31:15 POLARIS_LOG {"event":"send_rate","rate":496000,"ts":1760729475.4716358}
2025/10/17 19:31:16 POLARIS_LOG {"event":"send_rate","rate":504000,"ts":1760729476.4681976}
2025/10/17 19:31:17 POLARIS_LOG {"event":"send_rate","rate":504000,"ts":1760729477.4692187}
2025/10/17 19:31:18 POLARIS_LOG {"event":"send_rate","rate":496000,"ts":1760729478.4697049}
2025/10/17 19:31:19 POLARIS_LOG {"event":"send_rate","rate":504000,"ts":1760729479.4675987}
2025/10/17 19:31:20 POLARIS_LOG {"event":"send_rate","rate":496000,"ts":1760729480.4684653}
2025/10/17 19:31:21 POLARIS_LOG {"event":"send_rate","rate":496000,"ts":1760729481.4676664}
2025/10/17 19:31:22 POLARIS_LOG {"event":"send_rate","rate":504000,"ts":1760729482.4674232}
2025/10/17 19:31:23 POLARIS_LOG {"event":"send_rate","rate":504000,"ts":1760729483.467714}
2025/10/17 19:31:24 POLARIS_LOG {"event":"send_rate","rate":496000,"ts":1760729484.471031}
2025/10/17 19:31:25 POLARIS_LOG {"event":"send_rate","rate":496000,"ts":1760729485.4669852}
2025/10/17 19:31:26 POLARIS_LOG {"event":"send_rate","rate":504000,"ts":1760729486.4676566}
2025/10/17 19:31:27 POLARIS_LOG {"event":"send_rate","rate":496000,"ts":1760729487.4677064}
2025/10/17 19:31:28 POLARIS_LOG {"event":"send_rate","rate":504000,"ts":1760729488.4671667}
2025/10/17 19:31:29 POLARIS_LOG {"event":"send_rate","rate":496000,"ts":1760729489.4673421}
2025/10/17 19:31:30 POLARIS_LOG {"event":"send_rate","rate":504000,"ts":1760729490.4673798}
2025/10/17 19:31:31 POLARIS_LOG {"event":"send_rate","rate":496000,"ts":1760729491.4703422}
2025/10/17 19:31:32 POLARIS_LOG {"event":"send_rate","rate":504000,"ts":1760729492.4721894}
2025/10/17 19:31:33 POLARIS_LOG {"event":"send_rate","rate":504000,"ts":1760729493.4684038}
2025/10/17 19:31:34 POLARIS_LOG {"event":"send_rate","rate":496000,"ts":1760729494.472982}
2025/10/17 19:31:35 POLARIS_LOG {"event":"send_rate","rate":496000,"ts":1760729495.466983}
2025/10/17 19:31:36 POLARIS_LOG {"event":"send_rate","rate":504000,"ts":1760729496.4670668}
2025/10/17 19:31:37 POLARIS_LOG {"event":"send_rate","rate":496000,"ts":1760729497.4747987}
2025/10/17 19:31:38 POLARIS_LOG {"event":"send_rate","rate":512000,"ts":1760729498.4808373}
2025/10/17 19:31:39 POLARIS_LOG {"event":"send_rate","rate":496000,"ts":1760729499.4703321}
2025/10/17 19:31:40 POLARIS_LOG {"event":"send_rate","rate":496000,"ts":1760729500.4673228}
2025/10/17 19:31:41 POLARIS_LOG {"event":"send_rate","rate":496000,"ts":1760729501.4791949}
2025/10/17 19:31:42 POLARIS_LOG {"event":"send_rate","rate":504000,"ts":1760729502.4676073}
2025/10/17 19:31:43 POLARIS_LOG {"event":"send_rate","rate":496000,"ts":1760729503.4670203}
2025/10/17 19:31:44 POLARIS_LOG {"event":"send_rate","rate":504000,"ts":1760729504.4673316}
2025/10/17 19:31:45 POLARIS_LOG {"event":"send_rate","rate":496000,"ts":1760729505.4674606}
2025/10/17 19:31:46 POLARIS_LOG {"event":"send_rate","rate":504000,"ts":1760729506.467014}
2025/10/17 19:31:47 POLARIS_LOG {"event":"send_rate","rate":496000,"ts":1760729507.468247}
2025/10/17 19:31:48 POLARIS_LOG {"event":"send_rate","rate":504000,"ts":1760729508.4667935}
2025/10/17 19:31:49 POLARIS_LOG {"event":"send_rate","rate":496000,"ts":1760729509.4673595}
2025/10/17 19:31:50 POLARIS_LOG {"event":"send_rate","rate":504000,"ts":1760729510.4667482}
2025/10/17 19:31:51 POLARIS_LOG {"event":"send_rate","rate":496000,"ts":1760729511.467129}
2025/10/17 19:31:52 POLARIS_LOG {"event":"send_rate","rate":504000,"ts":1760729512.467236}
2025/10/17 19:31:53 POLARIS_LOG {"event":"send_rate","rate":496000,"ts":1760729513.4669013}
2025/10/17 19:31:54 POLARIS_LOG {"event":"send_rate","rate":504000,"ts":1760729514.4678385}
2025/10/17 19:31:55 POLARIS_LOG {"event":"send_rate","rate":496000,"ts":1760729515.4681597}
2025/10/17 19:31:56 POLARIS_LOG {"event":"send_rate","rate":504000,"ts":1760729516.4671557}
2025/10/17 19:31:57 POLARIS_LOG {"event":"send_rate","rate":496000,"ts":1760729517.467524}
2025/10/17 19:31:58 POLARIS_LOG {"event":"send_rate","rate":512000,"ts":1760729518.4822094}
2025/10/17 19:31:59 POLARIS_LOG {"event":"send_rate","rate":488000,"ts":1760729519.4681392}
2025/10/17 19:32:00 POLARIS_LOG {"event":"send_rate","rate":504000,"ts":1760729520.4674954}
2025/10/17 19:32:01 POLARIS_LOG {"event":"send_rate","rate":496000,"ts":1760729521.4667602}
2025/10/17 19:32:02 POLARIS_LOG {"event":"send_rate","rate":504000,"ts":1760729522.467816}
2025/10/17 19:32:03 POLARIS_LOG {"event":"send_rate","rate":496000,"ts":1760729523.4686592}
2025/10/17 19:32:04 POLARIS_LOG {"event":"send_rate","rate":504000,"ts":1760729524.4695537}
2025/10/17 19:32:05 POLARIS_LOG {"event":"send_rate","rate":496000,"ts":1760729525.4672065}
2025/10/17 19:32:06 POLARIS_LOG {"event":"send_rate","rate":504000,"ts":1760729526.4669533}
2025/10/17 19:32:07 POLARIS_LOG {"event":"send_rate","rate":504000,"ts":1760729527.4778838}
2025/10/17 19:32:08 POLARIS_LOG {"event":"send_rate","rate":496000,"ts":1760729528.4678614}
2025/10/17 19:32:09 POLARIS_LOG {"event":"send_rate","rate":496000,"ts":1760729529.4685159}
2025/10/17 19:32:10 POLARIS_LOG {"event":"send_rate","rate":504000,"ts":1760729530.4670458}
2025/10/17 19:32:11 POLARIS_LOG {"event":"send_rate","rate":504000,"ts":1760729531.4737067}
2025/10/17 19:32:12 POLARIS_LOG {"event":"send_rate","rate":496000,"ts":1760729532.4680295}
2025/10/17 19:32:13 POLARIS_LOG {"event":"send_rate","rate":496000,"ts":1760729533.466959}
2025/10/17 19:32:14 POLARIS_LOG {"event":"send_rate","rate":504000,"ts":1760729534.4687543}
2025/10/17 19:32:15 POLARIS_LOG {"event":"send_rate","rate":496000,"ts":1760729535.4680836}
2025/10/17 19:32:16 POLARIS_LOG {"event":"send_rate","rate":504000,"ts":1760729536.4672813}
2025/10/17 19:32:17 POLARIS_LOG {"event":"send_rate","rate":496000,"ts":1760729537.466896}
2025/10/17 19:32:18 POLARIS_LOG {"event":"send_rate","rate":504000,"ts":1760729538.467367}
2025/10/17 19:32:19 POLARIS_LOG {"event":"send_rate","rate":496000,"ts":1760729539.467168}
2025/10/17 19:32:20 POLARIS_LOG {"event":"send_rate","rate":504000,"ts":1760729540.469867}
2025/10/17 19:32:21 POLARIS_LOG {"event":"send_rate","rate":496000,"ts":1760729541.4668102}
2025/10/17 19:32:22 POLARIS_LOG {"event":"send_rate","rate":504000,"ts":1760729542.467402}
2025/10/17 19:32:23 POLARIS_LOG {"event":"send_rate","rate":496000,"ts":1760729543.4670787}
2025/10/17 19:32:24 POLARIS_LOG {"event":"send_rate","rate":504000,"ts":1760729544.4678035}
2025/10/17 19:32:25 POLARIS_LOG {"event":"send_rate","rate":496000,"ts":1760729545.467158}
2025/10/17 19:32:26 POLARIS_LOG {"event":"send_rate","rate":504000,"ts":1760729546.4668026}
2025/10/17 19:32:27 POLARIS_LOG {"event":"send_rate","rate":496000,"ts":1760729547.469385}
2025/10/17 19:32:28 POLARIS_LOG {"event":"send_rate","rate":504000,"ts":1760729548.4667757}
2025/10/17 19:32:29 POLARIS_LOG {"event":"send_rate","rate":496000,"ts":1760729549.468297}
2025/10/17 19:32:30 POLARIS_LOG {"event":"send_rate","rate":504000,"ts":1760729550.4667737}
2025/10/17 19:32:31 POLARIS_LOG {"event":"send_rate","rate":496000,"ts":1760729551.4672222}
2025/10/17 19:32:32 POLARIS_LOG {"event":"send_rate","rate":504000,"ts":1760729552.4667535}
2025/10/17 19:32:33 POLARIS_LOG {"event":"send_rate","rate":496000,"ts":1760729553.4670985}
2025/10/17 19:32:34 POLARIS_LOG {"event":"send_rate","rate":504000,"ts":1760729554.4675531}
2025/10/17 19:32:35 POLARIS_LOG {"event":"send_rate","rate":496000,"ts":1760729555.4668772}
2025/10/17 19:32:36 POLARIS_LOG {"event":"send_rate","rate":504000,"ts":1760729556.4680982}
2025/10/17 19:32:37 POLARIS_LOG {"event":"send_rate","rate":496000,"ts":1760729557.468459}
2025/10/17 19:32:38 POLARIS_LOG {"event":"send_rate","rate":504000,"ts":1760729558.4700723}
2025/10/17 19:32:39 POLARIS_LOG {"event":"send_rate","rate":496000,"ts":1760729559.467086}
2025/10/17 19:32:40 POLARIS_LOG {"event":"send_rate","rate":504000,"ts":1760729560.46839}
2025/10/17 19:32:41 POLARIS_LOG {"event":"send_rate","rate":496000,"ts":1760729561.46807}
2025/10/17 19:32:42 POLARIS_LOG {"event":"send_rate","rate":504000,"ts":1760729562.4753757}
2025/10/17 19:32:43 POLARIS_LOG {"event":"send_rate","rate":496000,"ts":1760729563.4670393}
2025/10/17 19:32:44 POLARIS_LOG {"event":"send_rate","rate":504000,"ts":1760729564.4724529}
2025/10/17 19:32:45 POLARIS_LOG {"event":"send_rate","rate":496000,"ts":1760729565.467118}
2025/10/17 19:32:46 POLARIS_LOG {"event":"send_rate","rate":504000,"ts":1760729566.467587}
2025/10/17 19:32:47 POLARIS_LOG {"event":"send_rate","rate":496000,"ts":1760729567.466774}
2025/10/17 19:32:48 POLARIS_LOG {"event":"send_rate","rate":496000,"ts":1760729568.4667563}
2025/10/17 19:32:49 POLARIS_LOG {"event":"send_rate","rate":512000,"ts":1760729569.490772}
2025/10/17 19:32:50 POLARIS_LOG {"event":"send_rate","rate":496000,"ts":1760729570.4744158}
2025/10/17 19:32:51 POLARIS_LOG {"event":"send_rate","rate":496000,"ts":1760729571.4675715}
2025/10/17 19:32:52 POLARIS_LOG {"event":"send_rate","rate":496000,"ts":1760729572.4684331}
2025/10/17 19:32:53 POLARIS_LOG {"event":"send_rate","rate":504000,"ts":1760729573.4699783}
2025/10/17 19:32:54 POLARIS_LOG {"event":"send_rate","rate":496000,"ts":1760729574.4673016}
2025/10/17 19:32:55 POLARIS_LOG {"event":"send_rate","rate":504000,"ts":1760729575.46764}
2025/10/17 19:32:56 POLARIS_LOG {"event":"send_rate","rate":496000,"ts":1760729576.4913907}
2025/10/17 19:32:57 POLARIS_LOG {"event":"send_rate","rate":504000,"ts":1760729577.4672427}
2025/10/17 19:32:58 POLARIS_LOG {"event":"send_rate","rate":496000,"ts":1760729578.4674587}
2025/10/17 19:32:59 POLARIS_LOG {"event":"send_rate","rate":504000,"ts":1760729579.4676383}
2025/10/17 19:33:00 POLARIS_LOG {"event":"send_rate","rate":504000,"ts":1760729580.4682474}
2025/10/17 19:33:01 POLARIS_LOG {"event":"send_rate","rate":496000,"ts":1760729581.4681866}
2025/10/17 19:33:02 POLARIS_LOG {"event":"send_rate","rate":496000,"ts":1760729582.4857125}
2025/10/17 19:33:03 POLARIS_LOG {"event":"send_rate","rate":504000,"ts":1760729583.4671786}
2025/10/17 19:33:04 POLARIS_LOG {"event":"send_rate","rate":496000,"ts":1760729584.467442}
2025/10/17 19:33:05 POLARIS_LOG {"event":"send_rate","rate":504000,"ts":1760729585.466923}
2025/10/17 19:33:06 POLARIS_LOG {"event":"send_rate","rate":496000,"ts":1760729586.467141}
2025/10/17 19:33:07 POLARIS_LOG {"event":"send_rate","rate":504000,"ts":1760729587.467327}
2025/10/17 19:33:08 POLARIS_LOG {"event":"send_rate","rate":496000,"ts":1760729588.4676492}
2025/10/17 19:33:09 POLARIS_LOG {"event":"send_rate","rate":504000,"ts":1760729589.4674702}
2025/10/17 19:33:10 POLARIS_LOG {"event":"send_rate","rate":496000,"ts":1760729590.467131}
2025/10/17 19:33:11 POLARIS_LOG {"event":"send_rate","rate":504000,"ts":1760729591.4680426}
2025/10/17 19:33:12 POLARIS_LOG {"event":"send_rate","rate":496000,"ts":1760729592.4675307}
2025/10/17 19:33:13 POLARIS_LOG {"event":"send_rate","rate":496000,"ts":1760729593.4707813}
2025/10/17 19:33:14 POLARIS_LOG {"event":"send_rate","rate":504000,"ts":1760729594.4677792}
2025/10/17 19:33:15 POLARIS_LOG {"event":"send_rate","rate":504000,"ts":1760729595.4669902}
2025/10/17 19:33:16 POLARIS_LOG {"event":"send_rate","rate":496000,"ts":1760729596.467493}
2025/10/17 19:33:17 POLARIS_LOG {"event":"send_rate","rate":504000,"ts":1760729597.467725}
2025/10/17 19:33:18 POLARIS_LOG {"event":"send_rate","rate":496000,"ts":1760729598.4671586}
2025/10/17 19:33:19 POLARIS_LOG {"event":"send_rate","rate":504000,"ts":1760729599.4671195}
2025/10/17 19:33:20 POLARIS_LOG {"event":"send_rate","rate":496000,"ts":1760729600.4669993}
2025/10/17 19:33:21 POLARIS_LOG {"event":"send_rate","rate":504000,"ts":1760729601.467375}
2025/10/17 19:33:22 POLARIS_LOG {"event":"send_rate","rate":496000,"ts":1760729602.4678173}
2025/10/17 19:33:23 POLARIS_LOG {"event":"send_rate","rate":504000,"ts":1760729603.4676495}
2025/10/17 19:33:24 POLARIS_LOG {"event":"send_rate","rate":504000,"ts":1760729604.4800997}
2025/10/17 19:33:25 POLARIS_LOG {"event":"send_rate","rate":496000,"ts":1760729605.4672525}
2025/10/17 19:33:26 POLARIS_LOG {"event":"send_rate","rate":496000,"ts":1760729606.4675977}
2025/10/17 19:33:27 POLARIS_LOG {"event":"send_rate","rate":504000,"ts":1760729607.4695697}
2025/10/17 19:33:28 POLARIS_LOG {"event":"send_rate","rate":496000,"ts":1760729608.4674518}
2025/10/17 19:33:29 POLARIS_LOG {"event":"send_rate","rate":504000,"ts":1760729609.4776025}
2025/10/17 19:33:30 POLARIS_LOG {"event":"send_rate","rate":496000,"ts":1760729610.4668565}
2025/10/17 19:33:31 POLARIS_LOG {"event":"send_rate","rate":504000,"ts":1760729611.467141}
2025/10/17 19:33:32 POLARIS_LOG {"event":"send_rate","rate":496000,"ts":1760729612.4672234}
2025/10/17 19:33:33 POLARIS_LOG {"event":"send_rate","rate":504000,"ts":1760729613.467378}
2025/10/17 19:33:34 POLARIS_LOG {"event":"send_rate","rate":496000,"ts":1760729614.4684055}
2025/10/17 19:33:35 POLARIS_LOG {"event":"send_rate","rate":504000,"ts":1760729615.469283}
2025/10/17 19:33:36 POLARIS_LOG {"event":"send_rate","rate":496000,"ts":1760729616.4676106}
2025/10/17 19:33:37 POLARIS_LOG {"event":"send_rate","rate":504000,"ts":1760729617.4668708}
2025/10/17 19:33:38 POLARIS_LOG {"event":"send_rate","rate":496000,"ts":1760729618.4682117}
2025/10/17 19:33:39 POLARIS_LOG {"event":"send_rate","rate":504000,"ts":1760729619.4669666}
2025/10/17 19:33:40 POLARIS_LOG {"event":"send_rate","rate":496000,"ts":1760729620.4672914}
2025/10/17 19:33:41 POLARIS_LOG {"event":"send_rate","rate":504000,"ts":1760729621.466808}
2025/10/17 19:33:42 POLARIS_LOG {"event":"send_rate","rate":496000,"ts":1760729622.467277}
2025/10/17 19:33:43 POLARIS_LOG {"event":"send_rate","rate":504000,"ts":1760729623.468777}
2025/10/17 19:33:44 POLARIS_LOG {"event":"send_rate","rate":496000,"ts":1760729624.467554}
2025/10/17 19:33:45 POLARIS_LOG {"event":"send_rate","rate":504000,"ts":1760729625.4667542}
2025/10/17 19:33:46 POLARIS_LOG {"event":"send_rate","rate":496000,"ts":1760729626.4678922}
2025/10/17 19:33:47 POLARIS_LOG {"event":"send_rate","rate":504000,"ts":1760729627.4688163}
2025/10/17 19:33:48 POLARIS_LOG {"event":"send_rate","rate":496000,"ts":1760729628.4674184}
2025/10/17 19:33:49 POLARIS_LOG {"event":"send_rate","rate":504000,"ts":1760729629.4669363}
2025/10/17 19:33:50 POLARIS_LOG {"event":"send_rate","rate":496000,"ts":1760729630.4727094}
We need to sleep for 1 seconds before we can get the results
Drain Loop received packet
Drain Loop received non-nil payload
Client sent 16562 packets, server reported 16544 packets received
The network loss rate from client to server is 0.1%

S->C results
Attempted bandwidth: 0 bps / 0.00 Mbps
Achieved bandwidth: 0 bps / 0.00 Mbps
Loss rate: 0.0%
Interarrival time min/avg/max/mdev = -0.000/0.000/0.000/0.000 ms

C->S results
Attempted bandwidth: 499984 bps / 0.50 Mbps
Achieved bandwidth: 499441 bps / 0.50 Mbps
Loss rate: 0.1%
Interarrival time min/avg/max/mdev = 0.002/15.977/258.915/15.586 ms
