
Test parameters:
client->server: 258 seconds, 1000 bytes, 16125 packets
server->client: 258 seconds, 1000 bytes, 0 packets
2025/10/17 19:29:31 POLARIS_LOG {"current_rate":0,"event":"path_switch","new":"2 2 5 2","trigger":"initialization","ts":1760729371.5358431}
Polaris prober initialized with 38 paths
Polaris prober initialized with local 1-111,10.111.0.71:32745 and remote 1-113,10.113.0.71
2025/10/17 19:29:32 POLARIS_LOG {"event":"send_rate","rate":96000,"ts":1760729372.5372398}
2025/10/17 19:29:33 POLARIS_LOG {"event":"send_rate","rate":504000,"ts":1760729373.5376754}
2025/10/17 19:29:34 POLARIS_LOG {"event":"send_rate","rate":496000,"ts":1760729374.5375729}
2025/10/17 19:29:35 POLARIS_LOG {"event":"send_rate","rate":504000,"ts":1760729375.5378268}
2025/10/17 19:29:36 POLARIS_LOG {"event":"send_rate","rate":496000,"ts":1760729376.5380425}
2025/10/17 19:29:37 POLARIS_LOG {"event":"send_rate","rate":504000,"ts":1760729377.5373294}
2025/10/17 19:29:38 POLARIS_LOG {"event":"send_rate","rate":496000,"ts":1760729378.5371807}
2025/10/17 19:29:39 POLARIS_LOG {"event":"send_rate","rate":504000,"ts":1760729379.5380177}
2025/10/17 19:29:40 POLARIS_LOG {"event":"send_rate","rate":496000,"ts":1760729380.5381737}
2025/10/17 19:29:41 POLARIS_LOG {"event":"send_rate","rate":504000,"ts":1760729381.5380683}
2025/10/17 19:29:42 POLARIS_LOG {"event":"send_rate","rate":496000,"ts":1760729382.5384614}
2025/10/17 19:29:43 POLARIS_LOG {"event":"send_rate","rate":504000,"ts":1760729383.5373855}
2025/10/17 19:29:44 POLARIS_LOG {"event":"send_rate","rate":496000,"ts":1760729384.5378008}
2025/10/17 19:29:45 POLARIS_LOG {"event":"send_rate","rate":456000,"ts":1760729385.537607}
2025/10/17 19:29:46 POLARIS_LOG {"event":"send_rate","rate":544000,"ts":1760729386.537636}
2025/10/17 19:29:47 POLARIS_LOG {"event":"send_rate","rate":472000,"ts":1760729387.537337}
2025/10/17 19:29:48 POLARIS_LOG {"event":"send_rate","rate":496000,"ts":1760729388.5372164}
2025/10/17 19:29:49 POLARIS_LOG {"event":"send_rate","rate":440000,"ts":1760729389.5377839}
2025/10/17 19:29:50 POLARIS_LOG {"event":"send_rate","rate":560000,"ts":1760729390.543356}
2025/10/17 19:29:51 POLARIS_LOG {"event":"send_rate","rate":536000,"ts":1760729391.5378325}
2025/10/17 19:29:52 POLARIS_LOG {"event":"send_rate","rate":496000,"ts":1760729392.5384076}
2025/10/17 19:29:53 POLARIS_LOG {"event":"send_rate","rate":504000,"ts":1760729393.5373774}
2025/10/17 19:29:54 POLARIS_LOG {"event":"send_rate","rate":496000,"ts":1760729394.537701}
2025/10/17 19:29:55 POLARIS_LOG {"event":"send_rate","rate":440000,"ts":1760729395.5380769}
2025/10/17 19:29:56 POLARIS_LOG {"event":"send_rate","rate":240000,"ts":1760729396.537379}
2025/10/17 19:29:57 POLARIS_LOG {"event":"send_rate","rate":280000,"ts":1760729397.5376713}
2025/10/17 19:29:58 POLARIS_LOG {"event":"send_rate","rate":288000,"ts":1760729398.5378933}
2025/10/17 19:29:59 POLARIS_LOG {"event":"send_rate","rate":456000,"ts":1760729399.5376947}
2025/10/17 19:30:00 POLARIS_LOG {"event":"send_rate","rate":576000,"ts":1760729400.537149}
2025/10/17 19:30:01 POLARIS_LOG {"event":"send_rate","rate":432000,"ts":1760729401.5508513}
2025/10/17 19:30:01 POLARIS_LOG {"candidates":2,"candidates_unfiltered":2,"current_rate":432000,"estimated_share":1000000,"event":"path_switch","max_estimated_share":1000000,"new":"4 4 1 3","old":"2 2 5 2","trigger":"scheduled","ts":1760729401.55129}
2025/10/17 19:30:02 POLARIS_LOG {"event":"send_rate","rate":1288000,"ts":1760729402.5379105}
2025/10/17 19:30:03 POLARIS_LOG {"event":"send_rate","rate":504000,"ts":1760729403.5378392}
2025/10/17 19:30:04 POLARIS_LOG {"event":"send_rate","rate":496000,"ts":1760729404.5399275}
2025/10/17 19:30:05 POLARIS_LOG {"event":"send_rate","rate":504000,"ts":1760729405.537115}
2025/10/17 19:30:06 POLARIS_LOG {"event":"send_rate","rate":496000,"ts":1760729406.538033}
2025/10/17 19:30:07 POLARIS_LOG {"event":"send_rate","rate":504000,"ts":1760729407.5383682}
2025/10/17 19:30:08 POLARIS_LOG {"event":"send_rate","rate":496000,"ts":1760729408.537424}
2025/10/17 19:30:09 POLARIS_LOG {"event":"send_rate","rate":504000,"ts":1760729409.5371952}
2025/10/17 19:30:10 POLARIS_LOG {"event":"send_rate","rate":496000,"ts":1760729410.5372322}
2025/10/17 19:30:11 POLARIS_LOG {"event":"send_rate","rate":504000,"ts":1760729411.5377486}
2025/10/17 19:30:12 POLARIS_LOG {"event":"send_rate","rate":504000,"ts":1760729412.5478623}
2025/10/17 19:30:13 POLARIS_LOG {"event":"send_rate","rate":496000,"ts":1760729413.5375838}
2025/10/17 19:30:14 POLARIS_LOG {"event":"send_rate","rate":496000,"ts":1760729414.537775}
2025/10/17 19:30:15 POLARIS_LOG {"event":"send_rate","rate":504000,"ts":1760729415.5382085}
2025/10/17 19:30:16 POLARIS_LOG {"event":"send_rate","rate":496000,"ts":1760729416.5376563}
2025/10/17 19:30:17 POLARIS_LOG {"event":"send_rate","rate":504000,"ts":1760729417.5371854}
2025/10/17 19:30:18 POLARIS_LOG {"event":"send_rate","rate":496000,"ts":1760729418.5371842}
2025/10/17 19:30:19 POLARIS_LOG {"event":"send_rate","rate":496000,"ts":1760729419.5371985}
2025/10/17 19:30:20 POLARIS_LOG {"event":"send_rate","rate":504000,"ts":1760729420.537524}
2025/10/17 19:30:21 POLARIS_LOG {"event":"send_rate","rate":504000,"ts":1760729421.538037}
2025/10/17 19:30:22 POLARIS_LOG {"event":"send_rate","rate":496000,"ts":1760729422.5407977}
2025/10/17 19:30:23 POLARIS_LOG {"event":"send_rate","rate":504000,"ts":1760729423.5375159}
2025/10/17 19:30:24 POLARIS_LOG {"event":"send_rate","rate":496000,"ts":1760729424.5371177}
2025/10/17 19:30:25 POLARIS_LOG {"event":"send_rate","rate":504000,"ts":1760729425.5371022}
2025/10/17 19:30:26 POLARIS_LOG {"event":"send_rate","rate":496000,"ts":1760729426.539071}
2025/10/17 19:30:27 POLARIS_LOG {"event":"send_rate","rate":496000,"ts":1760729427.537483}
2025/10/17 19:30:28 POLARIS_LOG {"event":"send_rate","rate":504000,"ts":1760729428.5380943}
2025/10/17 19:30:29 POLARIS_LOG {"event":"send_rate","rate":504000,"ts":1760729429.5382826}
2025/10/17 19:30:30 POLARIS_LOG {"event":"send_rate","rate":496000,"ts":1760729430.5373797}
2025/10/17 19:30:31 POLARIS_LOG {"event":"send_rate","rate":504000,"ts":1760729431.5378168}
2025/10/17 19:30:32 POLARIS_LOG {"event":"send_rate","rate":496000,"ts":1760729432.537594}
2025/10/17 19:30:33 POLARIS_LOG {"event":"send_rate","rate":504000,"ts":1760729433.5402875}
2025/10/17 19:30:34 POLARIS_LOG {"event":"send_rate","rate":496000,"ts":1760729434.5376797}
2025/10/17 19:30:35 POLARIS_LOG {"event":"send_rate","rate":504000,"ts":1760729435.5376115}
2025/10/17 19:30:36 POLARIS_LOG {"event":"send_rate","rate":496000,"ts":1760729436.5372427}
2025/10/17 19:30:37 POLARIS_LOG {"event":"send_rate","rate":504000,"ts":1760729437.538341}
2025/10/17 19:30:38 POLARIS_LOG {"event":"send_rate","rate":496000,"ts":1760729438.5385149}
2025/10/17 19:30:39 POLARIS_LOG {"event":"send_rate","rate":496000,"ts":1760729439.5373693}
2025/10/17 19:30:40 POLARIS_LOG {"event":"send_rate","rate":504000,"ts":1760729440.538818}
2025/10/17 19:30:41 POLARIS_LOG {"event":"send_rate","rate":504000,"ts":1760729441.5380907}
2025/10/17 19:30:42 POLARIS_LOG {"event":"send_rate","rate":496000,"ts":1760729442.5383925}
2025/10/17 19:30:43 POLARIS_LOG {"event":"send_rate","rate":496000,"ts":1760729443.5376577}
2025/10/17 19:30:44 POLARIS_LOG {"event":"send_rate","rate":504000,"ts":1760729444.5370653}
2025/10/17 19:30:45 POLARIS_LOG {"event":"send_rate","rate":504000,"ts":1760729445.5384343}
2025/10/17 19:30:46 POLARIS_LOG {"event":"send_rate","rate":496000,"ts":1760729446.5382638}
2025/10/17 19:30:47 POLARIS_LOG {"event":"send_rate","rate":496000,"ts":1760729447.5377643}
2025/10/17 19:30:48 POLARIS_LOG {"event":"send_rate","rate":504000,"ts":1760729448.5411289}
2025/10/17 19:30:49 POLARIS_LOG {"event":"send_rate","rate":496000,"ts":1760729449.537935}
2025/10/17 19:30:50 POLARIS_LOG {"event":"send_rate","rate":504000,"ts":1760729450.5406668}
2025/10/17 19:30:51 POLARIS_LOG {"event":"send_rate","rate":496000,"ts":1760729451.5380774}
2025/10/17 19:30:52 POLARIS_LOG {"event":"send_rate","rate":504000,"ts":1760729452.5378711}
2025/10/17 19:30:53 POLARIS_LOG {"event":"send_rate","rate":504000,"ts":1760729453.5385413}
2025/10/17 19:30:54 POLARIS_LOG {"event":"send_rate","rate":504000,"ts":1760729454.5573328}
2025/10/17 19:30:55 POLARIS_LOG {"event":"send_rate","rate":488000,"ts":1760729455.5378466}
2025/10/17 19:30:56 POLARIS_LOG {"event":"send_rate","rate":504000,"ts":1760729456.5378265}
2025/10/17 19:30:57 POLARIS_LOG {"event":"send_rate","rate":496000,"ts":1760729457.537552}
2025/10/17 19:30:58 POLARIS_LOG {"event":"send_rate","rate":504000,"ts":1760729458.5381513}
2025/10/17 19:30:59 POLARIS_LOG {"event":"send_rate","rate":512000,"ts":1760729459.5687919}
2025/10/17 19:31:00 POLARIS_LOG {"event":"send_rate","rate":488000,"ts":1760729460.538274}
Skipping switch: current path 4 4 1 3 has lastEstimate 500000 >= maxEstimate 0
2025/10/17 19:31:01 POLARIS_LOG {"event":"send_rate","rate":496000,"ts":1760729461.5378237}
2025/10/17 19:31:02 POLARIS_LOG {"event":"send_rate","rate":504000,"ts":1760729462.5480604}
2025/10/17 19:31:03 POLARIS_LOG {"event":"send_rate","rate":496000,"ts":1760729463.537253}
2025/10/17 19:31:04 POLARIS_LOG {"event":"send_rate","rate":504000,"ts":1760729464.5479646}
2025/10/17 19:31:05 POLARIS_LOG {"event":"send_rate","rate":496000,"ts":1760729465.537966}
2025/10/17 19:31:06 POLARIS_LOG {"event":"send_rate","rate":504000,"ts":1760729466.5371182}
2025/10/17 19:31:07 POLARIS_LOG {"event":"send_rate","rate":496000,"ts":1760729467.5379856}
2025/10/17 19:31:08 POLARIS_LOG {"event":"send_rate","rate":504000,"ts":1760729468.5392816}
2025/10/17 19:31:09 POLARIS_LOG {"event":"send_rate","rate":496000,"ts":1760729469.5374353}
2025/10/17 19:31:10 POLARIS_LOG {"event":"send_rate","rate":504000,"ts":1760729470.5372756}
2025/10/17 19:31:11 POLARIS_LOG {"event":"send_rate","rate":496000,"ts":1760729471.5372393}
2025/10/17 19:31:12 POLARIS_LOG {"event":"send_rate","rate":504000,"ts":1760729472.5379555}
2025/10/17 19:31:13 POLARIS_LOG {"event":"send_rate","rate":504000,"ts":1760729473.53992}
2025/10/17 19:31:14 POLARIS_LOG {"event":"send_rate","rate":496000,"ts":1760729474.5380018}
2025/10/17 19:31:15 POLARIS_LOG {"event":"send_rate","rate":496000,"ts":1760729475.5388777}
2025/10/17 19:31:16 POLARIS_LOG {"event":"send_rate","rate":504000,"ts":1760729476.5380685}
2025/10/17 19:31:17 POLARIS_LOG {"event":"send_rate","rate":504000,"ts":1760729477.548018}
2025/10/17 19:31:18 POLARIS_LOG {"event":"send_rate","rate":496000,"ts":1760729478.5440893}
2025/10/17 19:31:19 POLARIS_LOG {"event":"send_rate","rate":496000,"ts":1760729479.5381908}
2025/10/17 19:31:20 POLARIS_LOG {"event":"send_rate","rate":504000,"ts":1760729480.5380826}
2025/10/17 19:31:21 POLARIS_LOG {"event":"send_rate","rate":496000,"ts":1760729481.5371618}
2025/10/17 19:31:22 POLARIS_LOG {"event":"send_rate","rate":504000,"ts":1760729482.5378547}
2025/10/17 19:31:23 POLARIS_LOG {"event":"send_rate","rate":504000,"ts":1760729483.5474074}
2025/10/17 19:31:24 POLARIS_LOG {"event":"send_rate","rate":496000,"ts":1760729484.5372732}
2025/10/17 19:31:25 POLARIS_LOG {"event":"send_rate","rate":496000,"ts":1760729485.5380647}
2025/10/17 19:31:26 POLARIS_LOG {"event":"send_rate","rate":504000,"ts":1760729486.5375352}
2025/10/17 19:31:27 POLARIS_LOG {"event":"send_rate","rate":496000,"ts":1760729487.537928}
2025/10/17 19:31:28 POLARIS_LOG {"event":"send_rate","rate":504000,"ts":1760729488.5372746}
2025/10/17 19:31:29 POLARIS_LOG {"event":"send_rate","rate":496000,"ts":1760729489.5383332}
2025/10/17 19:31:30 POLARIS_LOG {"event":"send_rate","rate":504000,"ts":1760729490.5373287}
2025/10/17 19:31:31 POLARIS_LOG {"event":"send_rate","rate":496000,"ts":1760729491.5376236}
2025/10/17 19:31:32 POLARIS_LOG {"event":"send_rate","rate":504000,"ts":1760729492.5397732}
2025/10/17 19:31:33 POLARIS_LOG {"event":"send_rate","rate":496000,"ts":1760729493.537882}
2025/10/17 19:31:34 POLARIS_LOG {"event":"send_rate","rate":504000,"ts":1760729494.537714}
2025/10/17 19:31:35 POLARIS_LOG {"event":"send_rate","rate":496000,"ts":1760729495.5514235}
2025/10/17 19:31:36 POLARIS_LOG {"event":"send_rate","rate":504000,"ts":1760729496.5378919}
2025/10/17 19:31:37 POLARIS_LOG {"event":"send_rate","rate":496000,"ts":1760729497.5389051}
2025/10/17 19:31:38 POLARIS_LOG {"event":"send_rate","rate":504000,"ts":1760729498.5385315}
2025/10/17 19:31:39 POLARIS_LOG {"event":"send_rate","rate":496000,"ts":1760729499.5372052}
2025/10/17 19:31:40 POLARIS_LOG {"event":"send_rate","rate":504000,"ts":1760729500.5373318}
2025/10/17 19:31:41 POLARIS_LOG {"event":"send_rate","rate":496000,"ts":1760729501.5373945}
2025/10/17 19:31:42 POLARIS_LOG {"event":"send_rate","rate":504000,"ts":1760729502.537824}
2025/10/17 19:31:43 POLARIS_LOG {"event":"send_rate","rate":496000,"ts":1760729503.5371606}
2025/10/17 19:31:44 POLARIS_LOG {"event":"send_rate","rate":504000,"ts":1760729504.5448132}
2025/10/17 19:31:45 POLARIS_LOG {"event":"send_rate","rate":496000,"ts":1760729505.53762}
2025/10/17 19:31:46 POLARIS_LOG {"event":"send_rate","rate":504000,"ts":1760729506.537252}
2025/10/17 19:31:47 POLARIS_LOG {"event":"send_rate","rate":496000,"ts":1760729507.5394223}
2025/10/17 19:31:48 POLARIS_LOG {"event":"send_rate","rate":504000,"ts":1760729508.54344}
2025/10/17 19:31:49 POLARIS_LOG {"event":"send_rate","rate":496000,"ts":1760729509.5378258}
2025/10/17 19:31:50 POLARIS_LOG {"event":"send_rate","rate":504000,"ts":1760729510.5377195}
2025/10/17 19:31:51 POLARIS_LOG {"event":"send_rate","rate":496000,"ts":1760729511.5373943}
2025/10/17 19:31:52 POLARIS_LOG {"event":"send_rate","rate":504000,"ts":1760729512.5370824}
2025/10/17 19:31:53 POLARIS_LOG {"event":"send_rate","rate":496000,"ts":1760729513.5375655}
2025/10/17 19:31:54 POLARIS_LOG {"event":"send_rate","rate":504000,"ts":1760729514.5468216}
2025/10/17 19:31:55 POLARIS_LOG {"event":"send_rate","rate":496000,"ts":1760729515.5399792}
2025/10/17 19:31:56 POLARIS_LOG {"event":"send_rate","rate":504000,"ts":1760729516.5657544}
2025/10/17 19:31:57 POLARIS_LOG {"event":"send_rate","rate":496000,"ts":1760729517.5402992}
2025/10/17 19:31:58 POLARIS_LOG {"event":"send_rate","rate":504000,"ts":1760729518.5393064}
2025/10/17 19:31:59 POLARIS_LOG {"event":"send_rate","rate":496000,"ts":1760729519.5377097}
2025/10/17 19:32:00 POLARIS_LOG {"event":"send_rate","rate":504000,"ts":1760729520.538555}
2025/10/17 19:32:01 POLARIS_LOG {"event":"send_rate","rate":496000,"ts":1760729521.5377831}
2025/10/17 19:32:02 POLARIS_LOG {"event":"send_rate","rate":504000,"ts":1760729522.537248}
2025/10/17 19:32:03 POLARIS_LOG {"event":"send_rate","rate":496000,"ts":1760729523.538945}
2025/10/17 19:32:04 POLARIS_LOG {"event":"send_rate","rate":504000,"ts":1760729524.5429091}
2025/10/17 19:32:05 POLARIS_LOG {"event":"send_rate","rate":496000,"ts":1760729525.537833}
2025/10/17 19:32:06 POLARIS_LOG {"event":"send_rate","rate":504000,"ts":1760729526.5379076}
2025/10/17 19:32:07 POLARIS_LOG {"event":"send_rate","rate":496000,"ts":1760729527.5380263}
2025/10/17 19:32:08 POLARIS_LOG {"event":"send_rate","rate":504000,"ts":1760729528.5377605}
2025/10/17 19:32:09 POLARIS_LOG {"event":"send_rate","rate":496000,"ts":1760729529.5382223}
2025/10/17 19:32:10 POLARIS_LOG {"event":"send_rate","rate":504000,"ts":1760729530.5408566}
2025/10/17 19:32:11 POLARIS_LOG {"event":"send_rate","rate":496000,"ts":1760729531.5445957}
2025/10/17 19:32:12 POLARIS_LOG {"event":"send_rate","rate":496000,"ts":1760729532.5371296}
2025/10/17 19:32:13 POLARIS_LOG {"event":"send_rate","rate":504000,"ts":1760729533.5378911}
2025/10/17 19:32:14 POLARIS_LOG {"event":"send_rate","rate":504000,"ts":1760729534.5507843}
2025/10/17 19:32:15 POLARIS_LOG {"event":"send_rate","rate":496000,"ts":1760729535.537505}
2025/10/17 19:32:16 POLARIS_LOG {"event":"send_rate","rate":504000,"ts":1760729536.5452583}
2025/10/17 19:32:17 POLARIS_LOG {"event":"send_rate","rate":496000,"ts":1760729537.5379207}
2025/10/17 19:32:18 POLARIS_LOG {"event":"send_rate","rate":496000,"ts":1760729538.5374887}
2025/10/17 19:32:19 POLARIS_LOG {"event":"send_rate","rate":504000,"ts":1760729539.5377212}
2025/10/17 19:32:20 POLARIS_LOG {"event":"send_rate","rate":504000,"ts":1760729540.5372589}
2025/10/17 19:32:21 POLARIS_LOG {"event":"send_rate","rate":496000,"ts":1760729541.537244}
2025/10/17 19:32:22 POLARIS_LOG {"event":"send_rate","rate":504000,"ts":1760729542.538}
2025/10/17 19:32:23 POLARIS_LOG {"event":"send_rate","rate":496000,"ts":1760729543.5381398}
2025/10/17 19:32:24 POLARIS_LOG {"event":"send_rate","rate":504000,"ts":1760729544.5378964}
2025/10/17 19:32:25 POLARIS_LOG {"event":"send_rate","rate":496000,"ts":1760729545.5379727}
2025/10/17 19:32:26 POLARIS_LOG {"event":"send_rate","rate":504000,"ts":1760729546.5398505}
2025/10/17 19:32:27 POLARIS_LOG {"event":"send_rate","rate":496000,"ts":1760729547.5373075}
2025/10/17 19:32:28 POLARIS_LOG {"event":"send_rate","rate":496000,"ts":1760729548.5371485}
2025/10/17 19:32:29 POLARIS_LOG {"event":"send_rate","rate":504000,"ts":1760729549.5373173}
2025/10/17 19:32:30 POLARIS_LOG {"event":"send_rate","rate":496000,"ts":1760729550.5370939}
2025/10/17 19:32:31 POLARIS_LOG {"event":"send_rate","rate":504000,"ts":1760729551.5383549}
2025/10/17 19:32:32 POLARIS_LOG {"event":"send_rate","rate":504000,"ts":1760729552.537839}
2025/10/17 19:32:33 POLARIS_LOG {"event":"send_rate","rate":496000,"ts":1760729553.537904}
2025/10/17 19:32:34 POLARIS_LOG {"event":"send_rate","rate":504000,"ts":1760729554.537667}
2025/10/17 19:32:35 POLARIS_LOG {"event":"send_rate","rate":496000,"ts":1760729555.5372686}
2025/10/17 19:32:36 POLARIS_LOG {"event":"send_rate","rate":504000,"ts":1760729556.5475113}
2025/10/17 19:32:37 POLARIS_LOG {"event":"send_rate","rate":496000,"ts":1760729557.5373805}
2025/10/17 19:32:38 POLARIS_LOG {"event":"send_rate","rate":504000,"ts":1760729558.547534}
2025/10/17 19:32:39 POLARIS_LOG {"event":"send_rate","rate":496000,"ts":1760729559.5375926}
2025/10/17 19:32:40 POLARIS_LOG {"event":"send_rate","rate":504000,"ts":1760729560.5384705}
2025/10/17 19:32:41 POLARIS_LOG {"event":"send_rate","rate":496000,"ts":1760729561.5374055}
2025/10/17 19:32:42 POLARIS_LOG {"event":"send_rate","rate":504000,"ts":1760729562.603754}
2025/10/17 19:32:43 POLARIS_LOG {"event":"send_rate","rate":496000,"ts":1760729563.5373898}
2025/10/17 19:32:44 POLARIS_LOG {"event":"send_rate","rate":504000,"ts":1760729564.5684702}
2025/10/17 19:32:45 POLARIS_LOG {"event":"send_rate","rate":496000,"ts":1760729565.5374234}
2025/10/17 19:32:46 POLARIS_LOG {"event":"send_rate","rate":504000,"ts":1760729566.537745}
2025/10/17 19:32:47 POLARIS_LOG {"event":"send_rate","rate":496000,"ts":1760729567.5413177}
2025/10/17 19:32:48 POLARIS_LOG {"event":"send_rate","rate":496000,"ts":1760729568.5374749}
2025/10/17 19:32:49 POLARIS_LOG {"event":"send_rate","rate":504000,"ts":1760729569.5374064}
2025/10/17 19:32:50 POLARIS_LOG {"event":"send_rate","rate":496000,"ts":1760729570.537714}
2025/10/17 19:32:51 POLARIS_LOG {"event":"send_rate","rate":504000,"ts":1760729571.5374355}
2025/10/17 19:32:52 POLARIS_LOG {"event":"send_rate","rate":504000,"ts":1760729572.5389547}
2025/10/17 19:32:53 POLARIS_LOG {"event":"send_rate","rate":496000,"ts":1760729573.537285}
2025/10/17 19:32:54 POLARIS_LOG {"event":"send_rate","rate":496000,"ts":1760729574.5378084}
2025/10/17 19:32:55 POLARIS_LOG {"event":"send_rate","rate":504000,"ts":1760729575.5377202}
2025/10/17 19:32:56 POLARIS_LOG {"event":"send_rate","rate":496000,"ts":1760729576.5374727}
2025/10/17 19:32:57 POLARIS_LOG {"event":"send_rate","rate":504000,"ts":1760729577.5465002}
2025/10/17 19:32:58 POLARIS_LOG {"event":"send_rate","rate":496000,"ts":1760729578.5375183}
2025/10/17 19:32:59 POLARIS_LOG {"event":"send_rate","rate":504000,"ts":1760729579.5377529}
2025/10/17 19:33:00 POLARIS_LOG {"event":"send_rate","rate":504000,"ts":1760729580.5396416}
2025/10/17 19:33:01 POLARIS_LOG {"event":"send_rate","rate":496000,"ts":1760729581.5378408}
2025/10/17 19:33:02 POLARIS_LOG {"event":"send_rate","rate":496000,"ts":1760729582.5378325}
2025/10/17 19:33:03 POLARIS_LOG {"event":"send_rate","rate":504000,"ts":1760729583.5379272}
2025/10/17 19:33:04 POLARIS_LOG {"event":"send_rate","rate":496000,"ts":1760729584.5376225}
2025/10/17 19:33:05 POLARIS_LOG {"event":"send_rate","rate":504000,"ts":1760729585.5386899}
2025/10/17 19:33:06 POLARIS_LOG {"event":"send_rate","rate":496000,"ts":1760729586.53738}
2025/10/17 19:33:07 POLARIS_LOG {"event":"send_rate","rate":504000,"ts":1760729587.5373218}
2025/10/17 19:33:08 POLARIS_LOG {"event":"send_rate","rate":496000,"ts":1760729588.5379806}
2025/10/17 19:33:09 POLARIS_LOG {"event":"send_rate","rate":504000,"ts":1760729589.5380793}
2025/10/17 19:33:10 POLARIS_LOG {"event":"send_rate","rate":496000,"ts":1760729590.537153}
2025/10/17 19:33:11 POLARIS_LOG {"event":"send_rate","rate":504000,"ts":1760729591.5370388}
2025/10/17 19:33:12 POLARIS_LOG {"event":"send_rate","rate":496000,"ts":1760729592.538031}
2025/10/17 19:33:13 POLARIS_LOG {"event":"send_rate","rate":504000,"ts":1760729593.5379357}
2025/10/17 19:33:14 POLARIS_LOG {"event":"send_rate","rate":496000,"ts":1760729594.537201}
2025/10/17 19:33:15 POLARIS_LOG {"event":"send_rate","rate":504000,"ts":1760729595.538592}
2025/10/17 19:33:16 POLARIS_LOG {"event":"send_rate","rate":496000,"ts":1760729596.54093}
2025/10/17 19:33:17 POLARIS_LOG {"event":"send_rate","rate":504000,"ts":1760729597.5372868}
2025/10/17 19:33:18 POLARIS_LOG {"event":"send_rate","rate":496000,"ts":1760729598.53764}
2025/10/17 19:33:19 POLARIS_LOG {"event":"send_rate","rate":504000,"ts":1760729599.5379786}
2025/10/17 19:33:20 POLARIS_LOG {"event":"send_rate","rate":496000,"ts":1760729600.5378907}
2025/10/17 19:33:21 POLARIS_LOG {"event":"send_rate","rate":504000,"ts":1760729601.53876}
2025/10/17 19:33:22 POLARIS_LOG {"event":"send_rate","rate":496000,"ts":1760729602.5376263}
2025/10/17 19:33:23 POLARIS_LOG {"event":"send_rate","rate":504000,"ts":1760729603.5375764}
2025/10/17 19:33:24 POLARIS_LOG {"event":"send_rate","rate":496000,"ts":1760729604.5428512}
2025/10/17 19:33:25 POLARIS_LOG {"event":"send_rate","rate":504000,"ts":1760729605.541571}
2025/10/17 19:33:26 POLARIS_LOG {"event":"send_rate","rate":496000,"ts":1760729606.538441}
2025/10/17 19:33:27 POLARIS_LOG {"event":"send_rate","rate":504000,"ts":1760729607.5372293}
2025/10/17 19:33:28 POLARIS_LOG {"event":"send_rate","rate":504000,"ts":1760729608.5460663}
2025/10/17 19:33:29 POLARIS_LOG {"event":"send_rate","rate":496000,"ts":1760729609.5382018}
2025/10/17 19:33:30 POLARIS_LOG {"event":"send_rate","rate":504000,"ts":1760729610.5419722}
2025/10/17 19:33:31 POLARIS_LOG {"event":"send_rate","rate":496000,"ts":1760729611.537959}
2025/10/17 19:33:32 POLARIS_LOG {"event":"send_rate","rate":496000,"ts":1760729612.5377035}
2025/10/17 19:33:33 POLARIS_LOG {"event":"send_rate","rate":520000,"ts":1760729613.5660214}
2025/10/17 19:33:34 POLARIS_LOG {"event":"send_rate","rate":480000,"ts":1760729614.5373762}
2025/10/17 19:33:35 POLARIS_LOG {"event":"send_rate","rate":504000,"ts":1760729615.537649}
2025/10/17 19:33:36 POLARIS_LOG {"event":"send_rate","rate":496000,"ts":1760729616.537634}
2025/10/17 19:33:37 POLARIS_LOG {"event":"send_rate","rate":504000,"ts":1760729617.5376332}
2025/10/17 19:33:38 POLARIS_LOG {"event":"send_rate","rate":496000,"ts":1760729618.5379992}
2025/10/17 19:33:39 POLARIS_LOG {"event":"send_rate","rate":504000,"ts":1760729619.53758}
2025/10/17 19:33:40 POLARIS_LOG {"event":"send_rate","rate":496000,"ts":1760729620.5387118}
2025/10/17 19:33:41 POLARIS_LOG {"event":"send_rate","rate":504000,"ts":1760729621.5375667}
2025/10/17 19:33:42 POLARIS_LOG {"event":"send_rate","rate":496000,"ts":1760729622.5379145}
2025/10/17 19:33:43 POLARIS_LOG {"event":"send_rate","rate":504000,"ts":1760729623.5393884}
2025/10/17 19:33:44 POLARIS_LOG {"event":"send_rate","rate":496000,"ts":1760729624.5379488}
2025/10/17 19:33:45 POLARIS_LOG {"event":"send_rate","rate":504000,"ts":1760729625.5372887}
2025/10/17 19:33:46 POLARIS_LOG {"event":"send_rate","rate":496000,"ts":1760729626.5380428}
2025/10/17 19:33:47 POLARIS_LOG {"event":"send_rate","rate":504000,"ts":1760729627.5379646}
2025/10/17 19:33:48 POLARIS_LOG {"event":"send_rate","rate":504000,"ts":1760729628.5471692}
2025/10/17 19:33:49 POLARIS_LOG {"event":"send_rate","rate":496000,"ts":1760729629.538454}
We need to sleep for 1 seconds before we can get the results
2025/10/17 19:33:50 POLARIS_LOG {"event":"send_rate","rate":408000,"ts":1760729630.537067}
Drain Loop received packet
Drain Loop received non-nil payload
Client sent 16125 packets, server reported 16093 packets received
The network loss rate from client to server is 0.2%

S->C results
Attempted bandwidth: 0 bps / 0.00 Mbps
Achieved bandwidth: 0 bps / 0.00 Mbps
Loss rate: 0.0%
Interarrival time min/avg/max/mdev = -0.000/0.000/0.000/0.000 ms

C->S results
Attempted bandwidth: 500000 bps / 0.50 Mbps
Achieved bandwidth: 499007 bps / 0.50 Mbps
Loss rate: 0.2%
Interarrival time min/avg/max/mdev = 0.002/15.998/160.029/12.001 ms
