
Test parameters:
client->server: 251 seconds, 1000 bytes, 15687 packets
server->client: 251 seconds, 1000 bytes, 0 packets
2025/10/14 15:29:20 POLARIS_LOG {"current_rate":0,"event":"path_switch","new":"2 2 5 2","trigger":"initialization","ts":1760455760.2426982}
Polaris prober initialized with 38 paths
Polaris prober initialized with local 1-111,10.111.0.71:32743 and remote 1-113,10.113.0.71
2025/10/14 15:29:21 POLARIS_LOG {"event":"send_rate","rate":104000,"ts":1760455761.2436419}
2025/10/14 15:29:22 POLARIS_LOG {"event":"send_rate","rate":496000,"ts":1760455762.243999}
2025/10/14 15:29:23 POLARIS_LOG {"event":"send_rate","rate":504000,"ts":1760455763.2444656}
2025/10/14 15:29:24 POLARIS_LOG {"event":"send_rate","rate":504000,"ts":1760455764.2441516}
2025/10/14 15:29:25 POLARIS_LOG {"event":"send_rate","rate":496000,"ts":1760455765.2440267}
2025/10/14 15:29:26 POLARIS_LOG {"event":"send_rate","rate":504000,"ts":1760455766.2435584}
2025/10/14 15:29:27 POLARIS_LOG {"event":"send_rate","rate":496000,"ts":1760455767.2499082}
2025/10/14 15:29:28 POLARIS_LOG {"event":"send_rate","rate":496000,"ts":1760455768.243585}
2025/10/14 15:29:29 POLARIS_LOG {"event":"send_rate","rate":504000,"ts":1760455769.2440453}
2025/10/14 15:29:30 POLARIS_LOG {"event":"send_rate","rate":496000,"ts":1760455770.2435489}
2025/10/14 15:29:31 POLARIS_LOG {"event":"send_rate","rate":504000,"ts":1760455771.2472374}
2025/10/14 15:29:32 POLARIS_LOG {"event":"send_rate","rate":504000,"ts":1760455772.2506683}
2025/10/14 15:29:33 POLARIS_LOG {"event":"send_rate","rate":496000,"ts":1760455773.244147}
2025/10/14 15:29:34 POLARIS_LOG {"event":"send_rate","rate":504000,"ts":1760455774.2439365}
2025/10/14 15:29:35 POLARIS_LOG {"event":"send_rate","rate":376000,"ts":1760455775.243809}
2025/10/14 15:29:36 POLARIS_LOG {"event":"send_rate","rate":352000,"ts":1760455776.2474105}
2025/10/14 15:29:37 POLARIS_LOG {"event":"send_rate","rate":192000,"ts":1760455777.2460725}
2025/10/14 15:29:38 POLARIS_LOG {"event":"send_rate","rate":264000,"ts":1760455778.244415}
2025/10/14 15:29:39 POLARIS_LOG {"event":"send_rate","rate":176000,"ts":1760455779.2488728}
2025/10/14 15:29:40 POLARIS_LOG {"candidates":5,"candidates_unfiltered":25,"current_rate":176000,"estimated_share":1000000,"event":"path_switch","max_estimated_share":1000000,"new":"1 1 7 7 2 4","old":"2 2 5 2","trigger":"scheduled","ts":1760455780.2475297}
2025/10/14 15:29:40 POLARIS_LOG {"event":"send_rate","rate":224000,"ts":1760455780.2551932}
2025/10/14 15:29:41 POLARIS_LOG {"event":"send_rate","rate":1912000,"ts":1760455781.2462792}
2025/10/14 15:29:42 POLARIS_LOG {"event":"send_rate","rate":504000,"ts":1760455782.2449296}
2025/10/14 15:29:43 POLARIS_LOG {"event":"send_rate","rate":496000,"ts":1760455783.2459443}
2025/10/14 15:29:44 POLARIS_LOG {"event":"send_rate","rate":496000,"ts":1760455784.2441761}
2025/10/14 15:29:45 POLARIS_LOG {"event":"send_rate","rate":504000,"ts":1760455785.2480624}
2025/10/14 15:29:46 POLARIS_LOG {"event":"send_rate","rate":512000,"ts":1760455786.26394}
2025/10/14 15:29:47 POLARIS_LOG {"event":"send_rate","rate":488000,"ts":1760455787.2435548}
2025/10/14 15:29:48 POLARIS_LOG {"event":"send_rate","rate":496000,"ts":1760455788.2522078}
2025/10/14 15:29:49 POLARIS_LOG {"event":"send_rate","rate":504000,"ts":1760455789.2436373}
2025/10/14 15:29:50 POLARIS_LOG {"event":"send_rate","rate":504000,"ts":1760455790.24849}
2025/10/14 15:29:51 POLARIS_LOG {"event":"send_rate","rate":496000,"ts":1760455791.2507951}
2025/10/14 15:29:52 POLARIS_LOG {"event":"send_rate","rate":496000,"ts":1760455792.2494676}
2025/10/14 15:29:53 POLARIS_LOG {"event":"send_rate","rate":504000,"ts":1760455793.244992}
2025/10/14 15:29:54 POLARIS_LOG {"event":"send_rate","rate":504000,"ts":1760455794.2589269}
2025/10/14 15:29:55 POLARIS_LOG {"event":"send_rate","rate":496000,"ts":1760455795.2441766}
2025/10/14 15:29:56 POLARIS_LOG {"event":"send_rate","rate":496000,"ts":1760455796.2445312}
2025/10/14 15:29:57 POLARIS_LOG {"event":"send_rate","rate":504000,"ts":1760455797.2511232}
2025/10/14 15:29:58 POLARIS_LOG {"event":"send_rate","rate":496000,"ts":1760455798.243881}
2025/10/14 15:29:59 POLARIS_LOG {"event":"send_rate","rate":504000,"ts":1760455799.2442365}
2025/10/14 15:30:00 POLARIS_LOG {"event":"send_rate","rate":496000,"ts":1760455800.243818}
2025/10/14 15:30:01 POLARIS_LOG {"event":"send_rate","rate":504000,"ts":1760455801.2483923}
2025/10/14 15:30:02 POLARIS_LOG {"event":"send_rate","rate":496000,"ts":1760455802.244949}
2025/10/14 15:30:03 POLARIS_LOG {"event":"send_rate","rate":504000,"ts":1760455803.244035}
2025/10/14 15:30:04 POLARIS_LOG {"event":"send_rate","rate":408000,"ts":1760455804.2581694}
2025/10/14 15:30:05 POLARIS_LOG {"event":"send_rate","rate":592000,"ts":1760455805.2612312}
2025/10/14 15:30:06 POLARIS_LOG {"event":"send_rate","rate":496000,"ts":1760455806.2440934}
2025/10/14 15:30:07 POLARIS_LOG {"event":"send_rate","rate":504000,"ts":1760455807.2440057}
2025/10/14 15:30:08 POLARIS_LOG {"event":"send_rate","rate":496000,"ts":1760455808.2444527}
2025/10/14 15:30:09 POLARIS_LOG {"event":"send_rate","rate":504000,"ts":1760455809.2441823}
2025/10/14 15:30:10 POLARIS_LOG {"event":"send_rate","rate":392000,"ts":1760455810.243914}
Skipping switch: current path 1 1 7 7 2 4 has lastEstimate 400000 >= maxEstimate 0
2025/10/14 15:30:11 POLARIS_LOG {"event":"send_rate","rate":384000,"ts":1760455811.2438548}
2025/10/14 15:30:12 POLARIS_LOG {"event":"send_rate","rate":352000,"ts":1760455812.2439864}
2025/10/14 15:30:13 POLARIS_LOG {"event":"send_rate","rate":448000,"ts":1760455813.2443128}
2025/10/14 15:30:14 POLARIS_LOG {"event":"send_rate","rate":504000,"ts":1760455814.2434502}
2025/10/14 15:30:15 POLARIS_LOG {"event":"send_rate","rate":424000,"ts":1760455815.245381}
2025/10/14 15:30:16 POLARIS_LOG {"event":"send_rate","rate":400000,"ts":1760455816.2451723}
2025/10/14 15:30:17 POLARIS_LOG {"event":"send_rate","rate":392000,"ts":1760455817.2452617}
2025/10/14 15:30:18 POLARIS_LOG {"event":"send_rate","rate":520000,"ts":1760455818.243605}
2025/10/14 15:30:19 POLARIS_LOG {"event":"send_rate","rate":544000,"ts":1760455819.2442808}
2025/10/14 15:30:20 POLARIS_LOG {"event":"send_rate","rate":568000,"ts":1760455820.2563436}
2025/10/14 15:30:21 POLARIS_LOG {"event":"send_rate","rate":600000,"ts":1760455821.2518625}
2025/10/14 15:30:22 POLARIS_LOG {"event":"send_rate","rate":576000,"ts":1760455822.2441208}
2025/10/14 15:30:23 POLARIS_LOG {"event":"send_rate","rate":800000,"ts":1760455823.2452707}
2025/10/14 15:30:24 POLARIS_LOG {"event":"send_rate","rate":592000,"ts":1760455824.243828}
2025/10/14 15:30:25 POLARIS_LOG {"event":"send_rate","rate":504000,"ts":1760455825.2442505}
2025/10/14 15:30:26 POLARIS_LOG {"event":"send_rate","rate":496000,"ts":1760455826.2473292}
2025/10/14 15:30:27 POLARIS_LOG {"event":"send_rate","rate":504000,"ts":1760455827.2453544}
2025/10/14 15:30:28 POLARIS_LOG {"event":"send_rate","rate":496000,"ts":1760455828.2449458}
2025/10/14 15:30:29 POLARIS_LOG {"event":"send_rate","rate":504000,"ts":1760455829.2442722}
2025/10/14 15:30:30 POLARIS_LOG {"event":"send_rate","rate":496000,"ts":1760455830.2440915}
2025/10/14 15:30:31 POLARIS_LOG {"event":"send_rate","rate":504000,"ts":1760455831.2462487}
2025/10/14 15:30:32 POLARIS_LOG {"event":"send_rate","rate":496000,"ts":1760455832.243601}
2025/10/14 15:30:33 POLARIS_LOG {"event":"send_rate","rate":504000,"ts":1760455833.2440372}
2025/10/14 15:30:34 POLARIS_LOG {"event":"send_rate","rate":496000,"ts":1760455834.2436466}
2025/10/14 15:30:35 POLARIS_LOG {"event":"send_rate","rate":504000,"ts":1760455835.2444613}
2025/10/14 15:30:36 POLARIS_LOG {"event":"send_rate","rate":496000,"ts":1760455836.243749}
2025/10/14 15:30:37 POLARIS_LOG {"event":"send_rate","rate":504000,"ts":1760455837.2443886}
2025/10/14 15:30:38 POLARIS_LOG {"event":"send_rate","rate":496000,"ts":1760455838.2437315}
2025/10/14 15:30:39 POLARIS_LOG {"event":"send_rate","rate":504000,"ts":1760455839.2439542}
2025/10/14 15:30:40 POLARIS_LOG {"event":"send_rate","rate":496000,"ts":1760455840.2437944}
2025/10/14 15:30:41 POLARIS_LOG {"event":"send_rate","rate":504000,"ts":1760455841.243988}
2025/10/14 15:30:42 POLARIS_LOG {"event":"send_rate","rate":496000,"ts":1760455842.2437923}
2025/10/14 15:30:43 POLARIS_LOG {"event":"send_rate","rate":504000,"ts":1760455843.2580643}
2025/10/14 15:30:44 POLARIS_LOG {"event":"send_rate","rate":496000,"ts":1760455844.2434554}
2025/10/14 15:30:45 POLARIS_LOG {"event":"send_rate","rate":448000,"ts":1760455845.2436318}
2025/10/14 15:30:46 POLARIS_LOG {"event":"send_rate","rate":376000,"ts":1760455846.2446785}
2025/10/14 15:30:47 POLARIS_LOG {"event":"send_rate","rate":360000,"ts":1760455847.2447731}
2025/10/14 15:30:48 POLARIS_LOG {"event":"send_rate","rate":496000,"ts":1760455848.2434573}
2025/10/14 15:30:49 POLARIS_LOG {"event":"send_rate","rate":528000,"ts":1760455849.2436028}
2025/10/14 15:30:50 POLARIS_LOG {"event":"send_rate","rate":656000,"ts":1760455850.2440956}
2025/10/14 15:30:51 POLARIS_LOG {"event":"send_rate","rate":608000,"ts":1760455851.2436056}
2025/10/14 15:30:52 POLARIS_LOG {"event":"send_rate","rate":528000,"ts":1760455852.243471}
2025/10/14 15:30:53 POLARIS_LOG {"event":"send_rate","rate":504000,"ts":1760455853.2439961}
2025/10/14 15:30:54 POLARIS_LOG {"event":"send_rate","rate":496000,"ts":1760455854.2442904}
2025/10/14 15:30:55 POLARIS_LOG {"event":"send_rate","rate":504000,"ts":1760455855.2492208}
2025/10/14 15:30:56 POLARIS_LOG {"event":"send_rate","rate":496000,"ts":1760455856.2440662}
2025/10/14 15:30:57 POLARIS_LOG {"event":"send_rate","rate":496000,"ts":1760455857.2441146}
2025/10/14 15:30:58 POLARIS_LOG {"event":"send_rate","rate":504000,"ts":1760455858.2477274}
2025/10/14 15:30:59 POLARIS_LOG {"event":"send_rate","rate":504000,"ts":1760455859.2438297}
2025/10/14 15:31:00 POLARIS_LOG {"event":"send_rate","rate":496000,"ts":1760455860.2436695}
2025/10/14 15:31:01 POLARIS_LOG {"event":"send_rate","rate":504000,"ts":1760455861.247251}
2025/10/14 15:31:02 POLARIS_LOG {"event":"send_rate","rate":496000,"ts":1760455862.2442515}
2025/10/14 15:31:03 POLARIS_LOG {"event":"send_rate","rate":504000,"ts":1760455863.2444153}
2025/10/14 15:31:04 POLARIS_LOG {"event":"send_rate","rate":496000,"ts":1760455864.2485104}
2025/10/14 15:31:05 POLARIS_LOG {"event":"send_rate","rate":496000,"ts":1760455865.2445035}
2025/10/14 15:31:06 POLARIS_LOG {"event":"send_rate","rate":504000,"ts":1760455866.2439992}
2025/10/14 15:31:07 POLARIS_LOG {"event":"send_rate","rate":496000,"ts":1760455867.243938}
2025/10/14 15:31:08 POLARIS_LOG {"event":"send_rate","rate":504000,"ts":1760455868.2438083}
2025/10/14 15:31:09 POLARIS_LOG {"event":"send_rate","rate":504000,"ts":1760455869.2537768}
2025/10/14 15:31:10 POLARIS_LOG {"event":"send_rate","rate":496000,"ts":1760455870.243535}
2025/10/14 15:31:11 POLARIS_LOG {"event":"send_rate","rate":496000,"ts":1760455871.2443354}
2025/10/14 15:31:12 POLARIS_LOG {"event":"send_rate","rate":504000,"ts":1760455872.244192}
2025/10/14 15:31:13 POLARIS_LOG {"event":"send_rate","rate":496000,"ts":1760455873.2434933}
2025/10/14 15:31:14 POLARIS_LOG {"event":"send_rate","rate":504000,"ts":1760455874.243519}
2025/10/14 15:31:15 POLARIS_LOG {"event":"send_rate","rate":504000,"ts":1760455875.253141}
2025/10/14 15:31:16 POLARIS_LOG {"event":"send_rate","rate":496000,"ts":1760455876.244051}
2025/10/14 15:31:17 POLARIS_LOG {"event":"send_rate","rate":464000,"ts":1760455877.2443502}
2025/10/14 15:31:18 POLARIS_LOG {"event":"send_rate","rate":536000,"ts":1760455878.2436006}
2025/10/14 15:31:19 POLARIS_LOG {"event":"send_rate","rate":496000,"ts":1760455879.2441444}
2025/10/14 15:31:20 POLARIS_LOG {"event":"send_rate","rate":504000,"ts":1760455880.2440052}
2025/10/14 15:31:21 POLARIS_LOG {"event":"send_rate","rate":496000,"ts":1760455881.244102}
2025/10/14 15:31:22 POLARIS_LOG {"event":"send_rate","rate":504000,"ts":1760455882.244575}
2025/10/14 15:31:23 POLARIS_LOG {"event":"send_rate","rate":496000,"ts":1760455883.243464}
2025/10/14 15:31:24 POLARIS_LOG {"event":"send_rate","rate":432000,"ts":1760455884.2439544}
2025/10/14 15:31:25 POLARIS_LOG {"event":"send_rate","rate":344000,"ts":1760455885.2448394}
2025/10/14 15:31:26 POLARIS_LOG {"event":"send_rate","rate":376000,"ts":1760455886.2443063}
2025/10/14 15:31:27 POLARIS_LOG {"event":"send_rate","rate":560000,"ts":1760455887.243461}
2025/10/14 15:31:28 POLARIS_LOG {"event":"send_rate","rate":632000,"ts":1760455888.243825}
2025/10/14 15:31:29 POLARIS_LOG {"event":"send_rate","rate":520000,"ts":1760455889.2525349}
Skipping switch: current path 1 1 7 7 2 4 has lastEstimate 500000 >= maxEstimate 0
2025/10/14 15:31:30 POLARIS_LOG {"event":"send_rate","rate":408000,"ts":1760455890.2439036}
2025/10/14 15:31:31 POLARIS_LOG {"event":"send_rate","rate":320000,"ts":1760455891.2438405}
2025/10/14 15:31:32 POLARIS_LOG {"event":"send_rate","rate":312000,"ts":1760455892.2443113}
2025/10/14 15:31:33 POLARIS_LOG {"event":"send_rate","rate":328000,"ts":1760455893.243535}
2025/10/14 15:31:34 POLARIS_LOG {"event":"send_rate","rate":496000,"ts":1760455894.2438493}
2025/10/14 15:31:35 POLARIS_LOG {"event":"send_rate","rate":504000,"ts":1760455895.2435334}
2025/10/14 15:31:36 POLARIS_LOG {"event":"send_rate","rate":544000,"ts":1760455896.2584965}
2025/10/14 15:31:37 POLARIS_LOG {"event":"send_rate","rate":528000,"ts":1760455897.2447476}
2025/10/14 15:31:38 POLARIS_LOG {"event":"send_rate","rate":536000,"ts":1760455898.2443438}
2025/10/14 15:31:39 POLARIS_LOG {"event":"send_rate","rate":432000,"ts":1760455899.244131}
Skipping switch: current path 1 1 7 7 2 4 has lastEstimate 500000 >= maxEstimate 0
2025/10/14 15:31:40 POLARIS_LOG {"event":"send_rate","rate":432000,"ts":1760455900.2439368}
2025/10/14 15:31:41 POLARIS_LOG {"event":"send_rate","rate":544000,"ts":1760455901.2434933}
2025/10/14 15:31:42 POLARIS_LOG {"event":"send_rate","rate":536000,"ts":1760455902.2440047}
2025/10/14 15:31:43 POLARIS_LOG {"event":"send_rate","rate":512000,"ts":1760455903.2439523}
2025/10/14 15:31:44 POLARIS_LOG {"event":"send_rate","rate":400000,"ts":1760455904.250413}
2025/10/14 15:31:45 POLARIS_LOG {"event":"send_rate","rate":448000,"ts":1760455905.246156}
2025/10/14 15:31:46 POLARIS_LOG {"event":"send_rate","rate":520000,"ts":1760455906.2435386}
2025/10/14 15:31:47 POLARIS_LOG {"event":"send_rate","rate":560000,"ts":1760455907.2438362}
2025/10/14 15:31:48 POLARIS_LOG {"event":"send_rate","rate":592000,"ts":1760455908.2439702}
2025/10/14 15:31:49 POLARIS_LOG {"event":"send_rate","rate":768000,"ts":1760455909.2440262}
2025/10/14 15:31:50 POLARIS_LOG {"event":"send_rate","rate":760000,"ts":1760455910.2438374}
2025/10/14 15:31:51 POLARIS_LOG {"event":"send_rate","rate":632000,"ts":1760455911.2438948}
2025/10/14 15:31:52 POLARIS_LOG {"event":"send_rate","rate":528000,"ts":1760455912.2444086}
2025/10/14 15:31:53 POLARIS_LOG {"event":"send_rate","rate":496000,"ts":1760455913.2437344}
2025/10/14 15:31:54 POLARIS_LOG {"event":"send_rate","rate":504000,"ts":1760455914.2435112}
2025/10/14 15:31:55 POLARIS_LOG {"event":"send_rate","rate":496000,"ts":1760455915.2434623}
2025/10/14 15:31:56 POLARIS_LOG {"event":"send_rate","rate":504000,"ts":1760455916.2442598}
2025/10/14 15:31:57 POLARIS_LOG {"event":"send_rate","rate":496000,"ts":1760455917.243787}
2025/10/14 15:31:58 POLARIS_LOG {"event":"send_rate","rate":504000,"ts":1760455918.2436743}
2025/10/14 15:31:59 POLARIS_LOG {"event":"send_rate","rate":496000,"ts":1760455919.2434752}
2025/10/14 15:32:00 POLARIS_LOG {"event":"send_rate","rate":504000,"ts":1760455920.2442942}
2025/10/14 15:32:01 POLARIS_LOG {"event":"send_rate","rate":496000,"ts":1760455921.246175}
2025/10/14 15:32:02 POLARIS_LOG {"event":"send_rate","rate":504000,"ts":1760455922.2457178}
2025/10/14 15:32:03 POLARIS_LOG {"event":"send_rate","rate":496000,"ts":1760455923.2451944}
2025/10/14 15:32:04 POLARIS_LOG {"event":"send_rate","rate":504000,"ts":1760455924.2441757}
2025/10/14 15:32:05 POLARIS_LOG {"event":"send_rate","rate":496000,"ts":1760455925.2445226}
2025/10/14 15:32:06 POLARIS_LOG {"event":"send_rate","rate":504000,"ts":1760455926.2438116}
2025/10/14 15:32:07 POLARIS_LOG {"event":"send_rate","rate":496000,"ts":1760455927.2442703}
2025/10/14 15:32:08 POLARIS_LOG {"event":"send_rate","rate":504000,"ts":1760455928.2438524}
2025/10/14 15:32:09 POLARIS_LOG {"event":"send_rate","rate":496000,"ts":1760455929.2436907}
2025/10/14 15:32:10 POLARIS_LOG {"event":"send_rate","rate":504000,"ts":1760455930.2437809}
2025/10/14 15:32:11 POLARIS_LOG {"event":"send_rate","rate":496000,"ts":1760455931.2441134}
2025/10/14 15:32:12 POLARIS_LOG {"event":"send_rate","rate":344000,"ts":1760455932.2441304}
2025/10/14 15:32:13 POLARIS_LOG {"event":"send_rate","rate":240000,"ts":1760455933.243762}
2025/10/14 15:32:14 POLARIS_LOG {"event":"send_rate","rate":376000,"ts":1760455934.2440841}
2025/10/14 15:32:15 POLARIS_LOG {"event":"send_rate","rate":384000,"ts":1760455935.2444725}
2025/10/14 15:32:16 POLARIS_LOG {"event":"send_rate","rate":432000,"ts":1760455936.243749}
2025/10/14 15:32:17 POLARIS_LOG {"event":"send_rate","rate":472000,"ts":1760455937.243658}
2025/10/14 15:32:18 POLARIS_LOG {"event":"send_rate","rate":504000,"ts":1760455938.2438703}
2025/10/14 15:32:19 POLARIS_LOG {"event":"send_rate","rate":512000,"ts":1760455939.2437725}
2025/10/14 15:32:20 POLARIS_LOG {"event":"send_rate","rate":408000,"ts":1760455940.2438247}
2025/10/14 15:32:21 POLARIS_LOG {"event":"send_rate","rate":360000,"ts":1760455941.2437944}
2025/10/14 15:32:22 POLARIS_LOG {"event":"send_rate","rate":344000,"ts":1760455942.243468}
2025/10/14 15:32:23 POLARIS_LOG {"event":"send_rate","rate":312000,"ts":1760455943.2552736}
2025/10/14 15:32:24 POLARIS_LOG {"event":"send_rate","rate":136000,"ts":1760455944.2447414}
2025/10/14 15:32:25 POLARIS_LOG {"event":"send_rate","rate":224000,"ts":1760455945.2434833}
2025/10/14 15:32:26 POLARIS_LOG {"event":"send_rate","rate":168000,"ts":1760455946.2442698}
2025/10/14 15:32:27 POLARIS_LOG {"event":"send_rate","rate":248000,"ts":1760455947.2438333}
2025/10/14 15:32:28 POLARIS_LOG {"event":"send_rate","rate":280000,"ts":1760455948.243496}
2025/10/14 15:32:29 POLARIS_LOG {"event":"send_rate","rate":256000,"ts":1760455949.2437866}
2025/10/14 15:32:30 POLARIS_LOG {"event":"send_rate","rate":320000,"ts":1760455950.2436547}
2025/10/14 15:32:30 POLARIS_LOG {"candidates":25,"candidates_unfiltered":25,"current_rate":320000,"estimated_share":500000,"event":"path_switch","max_estimated_share":500000,"new":"5 5 7 7 4 1","old":"1 1 7 7 2 4","trigger":"scheduled","ts":1760455950.2437131}
2025/10/14 15:32:31 POLARIS_LOG {"event":"send_rate","rate":1280000,"ts":1760455951.2441597}
2025/10/14 15:32:32 POLARIS_LOG {"event":"send_rate","rate":424000,"ts":1760455952.2436244}
2025/10/14 15:32:33 POLARIS_LOG {"event":"send_rate","rate":272000,"ts":1760455953.2457793}
2025/10/14 15:32:34 POLARIS_LOG {"event":"send_rate","rate":360000,"ts":1760455954.2437532}
2025/10/14 15:32:35 POLARIS_LOG {"event":"send_rate","rate":376000,"ts":1760455955.2440684}
2025/10/14 15:32:36 POLARIS_LOG {"event":"send_rate","rate":384000,"ts":1760455956.244823}
2025/10/14 15:32:37 POLARIS_LOG {"event":"send_rate","rate":288000,"ts":1760455957.2437718}
2025/10/14 15:32:38 POLARIS_LOG {"event":"send_rate","rate":336000,"ts":1760455958.2443776}
2025/10/14 15:32:39 POLARIS_LOG {"event":"send_rate","rate":424000,"ts":1760455959.2439635}
2025/10/14 15:32:40 POLARIS_LOG {"event":"send_rate","rate":456000,"ts":1760455960.2436917}
2025/10/14 15:32:41 POLARIS_LOG {"event":"send_rate","rate":512000,"ts":1760455961.243934}
2025/10/14 15:32:42 POLARIS_LOG {"event":"send_rate","rate":656000,"ts":1760455962.2442632}
2025/10/14 15:32:43 POLARIS_LOG {"event":"send_rate","rate":784000,"ts":1760455963.2551248}
2025/10/14 15:32:44 POLARIS_LOG {"event":"send_rate","rate":640000,"ts":1760455964.2441452}
2025/10/14 15:32:45 POLARIS_LOG {"event":"send_rate","rate":520000,"ts":1760455965.2442539}
2025/10/14 15:32:46 POLARIS_LOG {"event":"send_rate","rate":568000,"ts":1760455966.2440293}
2025/10/14 15:32:47 POLARIS_LOG {"event":"send_rate","rate":464000,"ts":1760455967.2442563}
2025/10/14 15:32:48 POLARIS_LOG {"event":"send_rate","rate":224000,"ts":1760455968.243459}
2025/10/14 15:32:49 POLARIS_LOG {"event":"send_rate","rate":224000,"ts":1760455969.244004}
2025/10/14 15:32:50 POLARIS_LOG {"event":"send_rate","rate":296000,"ts":1760455970.2437265}
Skipping switch: current path 5 5 7 7 4 1 has lastEstimate 400000 >= maxEstimate 0
2025/10/14 15:32:51 POLARIS_LOG {"event":"send_rate","rate":400000,"ts":1760455971.243957}
2025/10/14 15:32:52 POLARIS_LOG {"event":"send_rate","rate":488000,"ts":1760455972.2442505}
2025/10/14 15:32:53 POLARIS_LOG {"event":"send_rate","rate":384000,"ts":1760455973.2443612}
2025/10/14 15:32:54 POLARIS_LOG {"event":"send_rate","rate":312000,"ts":1760455974.243591}
2025/10/14 15:32:55 POLARIS_LOG {"event":"send_rate","rate":168000,"ts":1760455975.244502}
2025/10/14 15:32:56 POLARIS_LOG {"event":"send_rate","rate":160000,"ts":1760455976.2435973}
2025/10/14 15:32:57 POLARIS_LOG {"event":"send_rate","rate":216000,"ts":1760455977.2454722}
2025/10/14 15:32:58 POLARIS_LOG {"event":"send_rate","rate":344000,"ts":1760455978.2434688}
2025/10/14 15:32:59 POLARIS_LOG {"event":"send_rate","rate":296000,"ts":1760455979.2438436}
2025/10/14 15:33:00 POLARIS_LOG {"event":"send_rate","rate":288000,"ts":1760455980.243922}
Skipping switch: current path 5 5 7 7 4 1 has lastEstimate 400000 >= maxEstimate 0
2025/10/14 15:33:01 POLARIS_LOG {"event":"send_rate","rate":360000,"ts":1760455981.244198}
2025/10/14 15:33:02 POLARIS_LOG {"event":"send_rate","rate":360000,"ts":1760455982.2441707}
2025/10/14 15:33:03 POLARIS_LOG {"event":"send_rate","rate":328000,"ts":1760455983.2434747}
2025/10/14 15:33:04 POLARIS_LOG {"event":"send_rate","rate":376000,"ts":1760455984.243902}
2025/10/14 15:33:05 POLARIS_LOG {"event":"send_rate","rate":376000,"ts":1760455985.2442534}
2025/10/14 15:33:06 POLARIS_LOG {"event":"send_rate","rate":328000,"ts":1760455986.2437508}
2025/10/14 15:33:07 POLARIS_LOG {"event":"send_rate","rate":384000,"ts":1760455987.2438338}
2025/10/14 15:33:08 POLARIS_LOG {"event":"send_rate","rate":488000,"ts":1760455988.2442915}
2025/10/14 15:33:09 POLARIS_LOG {"event":"send_rate","rate":432000,"ts":1760455989.2434814}
2025/10/14 15:33:10 POLARIS_LOG {"event":"send_rate","rate":312000,"ts":1760455990.2437727}
Skipping switch: current path 5 5 7 7 4 1 has lastEstimate 500000 >= maxEstimate 0
2025/10/14 15:33:11 POLARIS_LOG {"event":"send_rate","rate":376000,"ts":1760455991.2490013}
2025/10/14 15:33:12 POLARIS_LOG {"event":"send_rate","rate":416000,"ts":1760455992.2441182}
2025/10/14 15:33:13 POLARIS_LOG {"event":"send_rate","rate":496000,"ts":1760455993.2476594}
2025/10/14 15:33:14 POLARIS_LOG {"event":"send_rate","rate":360000,"ts":1760455994.24353}
2025/10/14 15:33:15 POLARIS_LOG {"event":"send_rate","rate":368000,"ts":1760455995.2448852}
2025/10/14 15:33:16 POLARIS_LOG {"event":"send_rate","rate":424000,"ts":1760455996.2438443}
2025/10/14 15:33:17 POLARIS_LOG {"event":"send_rate","rate":352000,"ts":1760455997.2450933}
2025/10/14 15:33:18 POLARIS_LOG {"event":"send_rate","rate":480000,"ts":1760455998.2436936}
2025/10/14 15:33:19 POLARIS_LOG {"event":"send_rate","rate":504000,"ts":1760455999.2443416}
2025/10/14 15:33:20 POLARIS_LOG {"event":"send_rate","rate":544000,"ts":1760456000.243526}
2025/10/14 15:33:21 POLARIS_LOG {"event":"send_rate","rate":560000,"ts":1760456001.2439451}
2025/10/14 15:33:22 POLARIS_LOG {"event":"send_rate","rate":456000,"ts":1760456002.2440128}
2025/10/14 15:33:23 POLARIS_LOG {"event":"send_rate","rate":440000,"ts":1760456003.2440708}
2025/10/14 15:33:24 POLARIS_LOG {"event":"send_rate","rate":392000,"ts":1760456004.2437336}
2025/10/14 15:33:25 POLARIS_LOG {"event":"send_rate","rate":464000,"ts":1760456005.2443006}
2025/10/14 15:33:26 POLARIS_LOG {"event":"send_rate","rate":408000,"ts":1760456006.2441509}
2025/10/14 15:33:27 POLARIS_LOG {"event":"send_rate","rate":400000,"ts":1760456007.243732}
2025/10/14 15:33:28 POLARIS_LOG {"event":"send_rate","rate":488000,"ts":1760456008.2446687}
2025/10/14 15:33:29 POLARIS_LOG {"event":"send_rate","rate":520000,"ts":1760456009.243538}
2025/10/14 15:33:30 POLARIS_LOG {"event":"send_rate","rate":640000,"ts":1760456010.244282}
2025/10/14 15:33:31 POLARIS_LOG {"event":"send_rate","rate":448000,"ts":1760456011.2442462}
2025/10/14 15:33:32 POLARIS_LOG {"event":"send_rate","rate":656000,"ts":1760456012.245968}
Drain Loop received packet
Drain Loop received non-nil payload
Client sent 14775 packets, server reported 14617 packets received
The network loss rate from client to server is 1.1%

S->C results
Attempted bandwidth: 0 bps / 0.00 Mbps
Achieved bandwidth: 0 bps / 0.00 Mbps
Loss rate: 0.0%
Interarrival time min/avg/max/mdev = -0.000/0.000/0.000/0.000 ms

C->S results
Attempted bandwidth: 499984 bps / 0.50 Mbps
Achieved bandwidth: 465880 bps / 0.47 Mbps
Loss rate: 6.8%
Interarrival time min/avg/max/mdev = 0.002/17.131/330.990/17.716 ms
