
Test parameters:
client->server: 209 seconds, 1000 bytes, 13062 packets
server->client: 209 seconds, 1000 bytes, 0 packets
2025/10/14 15:30:02 POLARIS_LOG {"current_rate":0,"event":"path_switch","new":"2 2 5 2","trigger":"initialization","ts":1760455802.4185445}
Polaris prober initialized with 38 paths
Polaris prober initialized with local 1-111,10.111.0.71:32725 and remote 1-113,10.113.0.71
2025/10/14 15:30:03 POLARIS_LOG {"event":"send_rate","rate":120000,"ts":1760455803.4232056}
2025/10/14 15:30:04 POLARIS_LOG {"event":"send_rate","rate":496000,"ts":1760455804.4212208}
2025/10/14 15:30:05 POLARIS_LOG {"event":"send_rate","rate":496000,"ts":1760455805.4213862}
2025/10/14 15:30:06 POLARIS_LOG {"event":"send_rate","rate":504000,"ts":1760455806.4203398}
2025/10/14 15:30:07 POLARIS_LOG {"event":"send_rate","rate":504000,"ts":1760455807.424244}
2025/10/14 15:30:08 POLARIS_LOG {"event":"send_rate","rate":496000,"ts":1760455808.426882}
2025/10/14 15:30:09 POLARIS_LOG {"event":"send_rate","rate":504000,"ts":1760455809.435733}
2025/10/14 15:30:10 POLARIS_LOG {"event":"send_rate","rate":496000,"ts":1760455810.421338}
2025/10/14 15:30:11 POLARIS_LOG {"event":"send_rate","rate":504000,"ts":1760455811.4268126}
2025/10/14 15:30:12 POLARIS_LOG {"event":"send_rate","rate":496000,"ts":1760455812.4202218}
2025/10/14 15:30:13 POLARIS_LOG {"event":"send_rate","rate":504000,"ts":1760455813.4281967}
2025/10/14 15:30:14 POLARIS_LOG {"event":"send_rate","rate":496000,"ts":1760455814.4204104}
2025/10/14 15:30:15 POLARIS_LOG {"event":"send_rate","rate":496000,"ts":1760455815.421125}
2025/10/14 15:30:16 POLARIS_LOG {"event":"send_rate","rate":504000,"ts":1760455816.4236085}
2025/10/14 15:30:17 POLARIS_LOG {"event":"send_rate","rate":504000,"ts":1760455817.4283125}
2025/10/14 15:30:18 POLARIS_LOG {"event":"send_rate","rate":336000,"ts":1760455818.42176}
2025/10/14 15:30:19 POLARIS_LOG {"event":"send_rate","rate":280000,"ts":1760455819.4378166}
2025/10/14 15:30:20 POLARIS_LOG {"event":"send_rate","rate":336000,"ts":1760455820.4205475}
2025/10/14 15:30:21 POLARIS_LOG {"event":"send_rate","rate":280000,"ts":1760455821.4210227}
2025/10/14 15:30:22 POLARIS_LOG {"event":"send_rate","rate":264000,"ts":1760455822.4281142}
Skipping switch: current path 2 2 5 2 has lastEstimate 333250 >= maxEstimate 0
2025/10/14 15:30:23 POLARIS_LOG {"event":"send_rate","rate":424000,"ts":1760455823.4254189}
2025/10/14 15:30:24 POLARIS_LOG {"event":"send_rate","rate":448000,"ts":1760455824.4217772}
2025/10/14 15:30:25 POLARIS_LOG {"event":"send_rate","rate":384000,"ts":1760455825.4205065}
2025/10/14 15:30:26 POLARIS_LOG {"event":"send_rate","rate":440000,"ts":1760455826.438338}
2025/10/14 15:30:27 POLARIS_LOG {"event":"send_rate","rate":456000,"ts":1760455827.4689631}
2025/10/14 15:30:28 POLARIS_LOG {"event":"send_rate","rate":488000,"ts":1760455828.437158}
2025/10/14 15:30:29 POLARIS_LOG {"event":"send_rate","rate":600000,"ts":1760455829.4210885}
2025/10/14 15:30:30 POLARIS_LOG {"event":"send_rate","rate":464000,"ts":1760455830.4207385}
2025/10/14 15:30:31 POLARIS_LOG {"event":"send_rate","rate":528000,"ts":1760455831.4204812}
2025/10/14 15:30:32 POLARIS_LOG {"event":"send_rate","rate":312000,"ts":1760455832.420367}
Skipping switch: current path 2 2 5 2 has lastEstimate 400000 >= maxEstimate 0
2025/10/14 15:30:33 POLARIS_LOG {"event":"send_rate","rate":472000,"ts":1760455833.4202237}
2025/10/14 15:30:34 POLARIS_LOG {"event":"send_rate","rate":448000,"ts":1760455834.4228442}
2025/10/14 15:30:35 POLARIS_LOG {"event":"send_rate","rate":504000,"ts":1760455835.4205308}
2025/10/14 15:30:36 POLARIS_LOG {"event":"send_rate","rate":528000,"ts":1760455836.4212954}
2025/10/14 15:30:37 POLARIS_LOG {"event":"send_rate","rate":464000,"ts":1760455837.4214063}
2025/10/14 15:30:38 POLARIS_LOG {"event":"send_rate","rate":368000,"ts":1760455838.4206192}
2025/10/14 15:30:39 POLARIS_LOG {"event":"send_rate","rate":400000,"ts":1760455839.4214098}
2025/10/14 15:30:40 POLARIS_LOG {"event":"send_rate","rate":408000,"ts":1760455840.4209704}
2025/10/14 15:30:41 POLARIS_LOG {"event":"send_rate","rate":416000,"ts":1760455841.4235098}
2025/10/14 15:30:42 POLARIS_LOG {"event":"send_rate","rate":472000,"ts":1760455842.421297}
Skipping switch: current path 2 2 5 2 has lastEstimate 400000 >= maxEstimate 0
2025/10/14 15:30:43 POLARIS_LOG {"event":"send_rate","rate":472000,"ts":1760455843.420274}
2025/10/14 15:30:44 POLARIS_LOG {"event":"send_rate","rate":408000,"ts":1760455844.4230008}
2025/10/14 15:30:45 POLARIS_LOG {"event":"send_rate","rate":504000,"ts":1760455845.420536}
2025/10/14 15:30:46 POLARIS_LOG {"event":"send_rate","rate":400000,"ts":1760455846.4201455}
2025/10/14 15:30:47 POLARIS_LOG {"event":"send_rate","rate":320000,"ts":1760455847.420459}
2025/10/14 15:30:48 POLARIS_LOG {"event":"send_rate","rate":280000,"ts":1760455848.420932}
2025/10/14 15:30:49 POLARIS_LOG {"event":"send_rate","rate":304000,"ts":1760455849.4226873}
2025/10/14 15:30:50 POLARIS_LOG {"event":"send_rate","rate":384000,"ts":1760455850.4234982}
2025/10/14 15:30:51 POLARIS_LOG {"event":"send_rate","rate":344000,"ts":1760455851.4207246}
2025/10/14 15:30:52 POLARIS_LOG {"event":"send_rate","rate":336000,"ts":1760455852.4208622}
2025/10/14 15:30:52 POLARIS_LOG {"candidates":2,"candidates_unfiltered":2,"current_rate":336000,"estimated_share":666500,"event":"path_switch","max_estimated_share":666500,"new":"3 3 6 6 2 4","old":"2 2 5 2","trigger":"scheduled","ts":1760455852.4209218}
2025/10/14 15:30:53 POLARIS_LOG {"event":"send_rate","rate":3720000,"ts":1760455853.4206092}
2025/10/14 15:30:54 POLARIS_LOG {"event":"send_rate","rate":504000,"ts":1760455854.4200947}
2025/10/14 15:30:55 POLARIS_LOG {"event":"send_rate","rate":496000,"ts":1760455855.42115}
2025/10/14 15:30:56 POLARIS_LOG {"event":"send_rate","rate":504000,"ts":1760455856.4202542}
2025/10/14 15:30:57 POLARIS_LOG {"event":"send_rate","rate":496000,"ts":1760455857.420261}
2025/10/14 15:30:58 POLARIS_LOG {"event":"send_rate","rate":496000,"ts":1760455858.4201198}
2025/10/14 15:30:59 POLARIS_LOG {"event":"send_rate","rate":504000,"ts":1760455859.4279664}
2025/10/14 15:31:00 POLARIS_LOG {"event":"send_rate","rate":504000,"ts":1760455860.4213817}
2025/10/14 15:31:01 POLARIS_LOG {"event":"send_rate","rate":496000,"ts":1760455861.4202404}
2025/10/14 15:31:02 POLARIS_LOG {"event":"send_rate","rate":496000,"ts":1760455862.4203608}
2025/10/14 15:31:03 POLARIS_LOG {"event":"send_rate","rate":504000,"ts":1760455863.4203088}
2025/10/14 15:31:04 POLARIS_LOG {"event":"send_rate","rate":512000,"ts":1760455864.4372199}
2025/10/14 15:31:05 POLARIS_LOG {"event":"send_rate","rate":488000,"ts":1760455865.424675}
2025/10/14 15:31:06 POLARIS_LOG {"event":"send_rate","rate":496000,"ts":1760455866.422189}
2025/10/14 15:31:07 POLARIS_LOG {"event":"send_rate","rate":504000,"ts":1760455867.420448}
2025/10/14 15:31:08 POLARIS_LOG {"event":"send_rate","rate":512000,"ts":1760455868.4380145}
2025/10/14 15:31:09 POLARIS_LOG {"event":"send_rate","rate":504000,"ts":1760455869.4517155}
2025/10/14 15:31:10 POLARIS_LOG {"event":"send_rate","rate":480000,"ts":1760455870.420415}
2025/10/14 15:31:11 POLARIS_LOG {"event":"send_rate","rate":504000,"ts":1760455871.4210875}
2025/10/14 15:31:12 POLARIS_LOG {"event":"send_rate","rate":496000,"ts":1760455872.425991}
2025/10/14 15:31:13 POLARIS_LOG {"event":"send_rate","rate":496000,"ts":1760455873.4353337}
2025/10/14 15:31:14 POLARIS_LOG {"event":"send_rate","rate":504000,"ts":1760455874.4200957}
2025/10/14 15:31:15 POLARIS_LOG {"event":"send_rate","rate":504000,"ts":1760455875.4260738}
2025/10/14 15:31:16 POLARIS_LOG {"event":"send_rate","rate":496000,"ts":1760455876.4210937}
2025/10/14 15:31:17 POLARIS_LOG {"event":"send_rate","rate":496000,"ts":1760455877.4200344}
2025/10/14 15:31:18 POLARIS_LOG {"event":"send_rate","rate":504000,"ts":1760455878.4202847}
2025/10/14 15:31:19 POLARIS_LOG {"event":"send_rate","rate":504000,"ts":1760455879.4200575}
2025/10/14 15:31:20 POLARIS_LOG {"event":"send_rate","rate":504000,"ts":1760455880.4237704}
2025/10/14 15:31:21 POLARIS_LOG {"event":"send_rate","rate":496000,"ts":1760455881.4299126}
2025/10/14 15:31:22 POLARIS_LOG {"event":"send_rate","rate":496000,"ts":1760455882.4203398}
2025/10/14 15:31:23 POLARIS_LOG {"event":"send_rate","rate":496000,"ts":1760455883.420416}
2025/10/14 15:31:24 POLARIS_LOG {"event":"send_rate","rate":504000,"ts":1760455884.4210348}
2025/10/14 15:31:25 POLARIS_LOG {"event":"send_rate","rate":504000,"ts":1760455885.4260457}
2025/10/14 15:31:26 POLARIS_LOG {"event":"send_rate","rate":496000,"ts":1760455886.4205575}
2025/10/14 15:31:27 POLARIS_LOG {"event":"send_rate","rate":504000,"ts":1760455887.4219065}
2025/10/14 15:31:28 POLARIS_LOG {"event":"send_rate","rate":496000,"ts":1760455888.4220786}
2025/10/14 15:31:29 POLARIS_LOG {"event":"send_rate","rate":496000,"ts":1760455889.4231877}
2025/10/14 15:31:30 POLARIS_LOG {"event":"send_rate","rate":512000,"ts":1760455890.4273317}
2025/10/14 15:31:31 POLARIS_LOG {"event":"send_rate","rate":496000,"ts":1760455891.4234297}
2025/10/14 15:31:32 POLARIS_LOG {"event":"send_rate","rate":496000,"ts":1760455892.4229915}
2025/10/14 15:31:33 POLARIS_LOG {"event":"send_rate","rate":504000,"ts":1760455893.42022}
2025/10/14 15:31:34 POLARIS_LOG {"event":"send_rate","rate":496000,"ts":1760455894.423633}
2025/10/14 15:31:35 POLARIS_LOG {"event":"send_rate","rate":512000,"ts":1760455895.4524717}
2025/10/14 15:31:36 POLARIS_LOG {"event":"send_rate","rate":488000,"ts":1760455896.4203436}
2025/10/14 15:31:37 POLARIS_LOG {"event":"send_rate","rate":496000,"ts":1760455897.4207084}
2025/10/14 15:31:38 POLARIS_LOG {"event":"send_rate","rate":512000,"ts":1760455898.4254782}
2025/10/14 15:31:39 POLARIS_LOG {"event":"send_rate","rate":488000,"ts":1760455899.4231985}
2025/10/14 15:31:40 POLARIS_LOG {"event":"send_rate","rate":504000,"ts":1760455900.4228556}
2025/10/14 15:31:41 POLARIS_LOG {"event":"send_rate","rate":504000,"ts":1760455901.4280133}
2025/10/14 15:31:42 POLARIS_LOG {"event":"send_rate","rate":496000,"ts":1760455902.42053}
2025/10/14 15:31:43 POLARIS_LOG {"event":"send_rate","rate":504000,"ts":1760455903.4217167}
2025/10/14 15:31:44 POLARIS_LOG {"event":"send_rate","rate":496000,"ts":1760455904.4211023}
2025/10/14 15:31:45 POLARIS_LOG {"event":"send_rate","rate":528000,"ts":1760455905.4801676}
2025/10/14 15:31:46 POLARIS_LOG {"event":"send_rate","rate":472000,"ts":1760455906.421436}
2025/10/14 15:31:47 POLARIS_LOG {"event":"send_rate","rate":496000,"ts":1760455907.4200072}
2025/10/14 15:31:48 POLARIS_LOG {"event":"send_rate","rate":504000,"ts":1760455908.4208877}
2025/10/14 15:31:49 POLARIS_LOG {"event":"send_rate","rate":504000,"ts":1760455909.4208517}
2025/10/14 15:31:50 POLARIS_LOG {"event":"send_rate","rate":496000,"ts":1760455910.4239988}
2025/10/14 15:31:51 POLARIS_LOG {"event":"send_rate","rate":496000,"ts":1760455911.4266763}
2025/10/14 15:31:52 POLARIS_LOG {"event":"send_rate","rate":504000,"ts":1760455912.420266}
2025/10/14 15:31:53 POLARIS_LOG {"event":"send_rate","rate":504000,"ts":1760455913.4207358}
2025/10/14 15:31:54 POLARIS_LOG {"event":"send_rate","rate":496000,"ts":1760455914.4208403}
2025/10/14 15:31:55 POLARIS_LOG {"event":"send_rate","rate":496000,"ts":1760455915.4255025}
2025/10/14 15:31:56 POLARIS_LOG {"event":"send_rate","rate":504000,"ts":1760455916.4226294}
2025/10/14 15:31:57 POLARIS_LOG {"event":"send_rate","rate":504000,"ts":1760455917.4220374}
2025/10/14 15:31:58 POLARIS_LOG {"event":"send_rate","rate":496000,"ts":1760455918.4230962}
2025/10/14 15:31:59 POLARIS_LOG {"event":"send_rate","rate":504000,"ts":1760455919.4203193}
2025/10/14 15:32:00 POLARIS_LOG {"event":"send_rate","rate":496000,"ts":1760455920.4219353}
2025/10/14 15:32:01 POLARIS_LOG {"event":"send_rate","rate":496000,"ts":1760455921.4343088}
2025/10/14 15:32:02 POLARIS_LOG {"event":"send_rate","rate":504000,"ts":1760455922.4203563}
2025/10/14 15:32:03 POLARIS_LOG {"event":"send_rate","rate":504000,"ts":1760455923.4214237}
2025/10/14 15:32:04 POLARIS_LOG {"event":"send_rate","rate":496000,"ts":1760455924.4241464}
2025/10/14 15:32:05 POLARIS_LOG {"event":"send_rate","rate":504000,"ts":1760455925.421295}
2025/10/14 15:32:06 POLARIS_LOG {"event":"send_rate","rate":496000,"ts":1760455926.420655}
2025/10/14 15:32:07 POLARIS_LOG {"event":"send_rate","rate":496000,"ts":1760455927.4243395}
2025/10/14 15:32:08 POLARIS_LOG {"event":"send_rate","rate":504000,"ts":1760455928.4210641}
2025/10/14 15:32:09 POLARIS_LOG {"event":"send_rate","rate":496000,"ts":1760455929.4200056}
2025/10/14 15:32:10 POLARIS_LOG {"event":"send_rate","rate":504000,"ts":1760455930.420028}
2025/10/14 15:32:11 POLARIS_LOG {"event":"send_rate","rate":504000,"ts":1760455931.431954}
2025/10/14 15:32:12 POLARIS_LOG {"event":"send_rate","rate":496000,"ts":1760455932.4201915}
2025/10/14 15:32:13 POLARIS_LOG {"event":"send_rate","rate":496000,"ts":1760455933.4213607}
2025/10/14 15:32:14 POLARIS_LOG {"event":"send_rate","rate":504000,"ts":1760455934.4201317}
2025/10/14 15:32:15 POLARIS_LOG {"event":"send_rate","rate":496000,"ts":1760455935.4206722}
2025/10/14 15:32:16 POLARIS_LOG {"event":"send_rate","rate":504000,"ts":1760455936.424721}
2025/10/14 15:32:17 POLARIS_LOG {"event":"send_rate","rate":496000,"ts":1760455937.4209907}
2025/10/14 15:32:18 POLARIS_LOG {"event":"send_rate","rate":504000,"ts":1760455938.4211564}
2025/10/14 15:32:19 POLARIS_LOG {"event":"send_rate","rate":496000,"ts":1760455939.4207578}
2025/10/14 15:32:20 POLARIS_LOG {"event":"send_rate","rate":504000,"ts":1760455940.4295282}
2025/10/14 15:32:21 POLARIS_LOG {"event":"send_rate","rate":496000,"ts":1760455941.4211044}
2025/10/14 15:32:22 POLARIS_LOG {"event":"send_rate","rate":504000,"ts":1760455942.420979}
2025/10/14 15:32:23 POLARIS_LOG {"event":"send_rate","rate":520000,"ts":1760455943.4548044}
2025/10/14 15:32:24 POLARIS_LOG {"event":"send_rate","rate":480000,"ts":1760455944.4206538}
2025/10/14 15:32:25 POLARIS_LOG {"event":"send_rate","rate":504000,"ts":1760455945.4278016}
2025/10/14 15:32:26 POLARIS_LOG {"event":"send_rate","rate":496000,"ts":1760455946.42034}
2025/10/14 15:32:27 POLARIS_LOG {"event":"send_rate","rate":496000,"ts":1760455947.421399}
2025/10/14 15:32:28 POLARIS_LOG {"event":"send_rate","rate":504000,"ts":1760455948.4205256}
2025/10/14 15:32:29 POLARIS_LOG {"event":"send_rate","rate":504000,"ts":1760455949.4244523}
2025/10/14 15:32:30 POLARIS_LOG {"event":"send_rate","rate":496000,"ts":1760455950.422768}
2025/10/14 15:32:31 POLARIS_LOG {"event":"send_rate","rate":496000,"ts":1760455951.4206238}
2025/10/14 15:32:32 POLARIS_LOG {"event":"send_rate","rate":504000,"ts":1760455952.4202914}
2025/10/14 15:32:33 POLARIS_LOG {"event":"send_rate","rate":496000,"ts":1760455953.4201112}
2025/10/14 15:32:34 POLARIS_LOG {"event":"send_rate","rate":496000,"ts":1760455954.4200091}
2025/10/14 15:32:35 POLARIS_LOG {"event":"send_rate","rate":504000,"ts":1760455955.4200494}
2025/10/14 15:32:36 POLARIS_LOG {"event":"send_rate","rate":504000,"ts":1760455956.4209845}
2025/10/14 15:32:37 POLARIS_LOG {"event":"send_rate","rate":496000,"ts":1760455957.420367}
2025/10/14 15:32:38 POLARIS_LOG {"event":"send_rate","rate":504000,"ts":1760455958.4309828}
2025/10/14 15:32:39 POLARIS_LOG {"event":"send_rate","rate":496000,"ts":1760455959.4212182}
2025/10/14 15:32:40 POLARIS_LOG {"event":"send_rate","rate":512000,"ts":1760455960.4322884}
2025/10/14 15:32:41 POLARIS_LOG {"event":"send_rate","rate":496000,"ts":1760455961.4270146}
2025/10/14 15:32:42 POLARIS_LOG {"event":"send_rate","rate":496000,"ts":1760455962.4217622}
2025/10/14 15:32:43 POLARIS_LOG {"event":"send_rate","rate":496000,"ts":1760455963.4205658}
2025/10/14 15:32:44 POLARIS_LOG {"event":"send_rate","rate":504000,"ts":1760455964.4278026}
2025/10/14 15:32:45 POLARIS_LOG {"event":"send_rate","rate":496000,"ts":1760455965.4208295}
2025/10/14 15:32:46 POLARIS_LOG {"event":"send_rate","rate":504000,"ts":1760455966.4202552}
2025/10/14 15:32:47 POLARIS_LOG {"event":"send_rate","rate":496000,"ts":1760455967.4216568}
2025/10/14 15:32:48 POLARIS_LOG {"event":"send_rate","rate":504000,"ts":1760455968.4207807}
2025/10/14 15:32:49 POLARIS_LOG {"event":"send_rate","rate":496000,"ts":1760455969.4206607}
2025/10/14 15:32:50 POLARIS_LOG {"event":"send_rate","rate":504000,"ts":1760455970.420261}
2025/10/14 15:32:51 POLARIS_LOG {"event":"send_rate","rate":496000,"ts":1760455971.421823}
2025/10/14 15:32:52 POLARIS_LOG {"event":"send_rate","rate":504000,"ts":1760455972.4201758}
2025/10/14 15:32:53 POLARIS_LOG {"event":"send_rate","rate":496000,"ts":1760455973.4239533}
2025/10/14 15:32:54 POLARIS_LOG {"event":"send_rate","rate":512000,"ts":1760455974.4363484}
2025/10/14 15:32:55 POLARIS_LOG {"event":"send_rate","rate":496000,"ts":1760455975.433971}
2025/10/14 15:32:56 POLARIS_LOG {"event":"send_rate","rate":496000,"ts":1760455976.4200714}
2025/10/14 15:32:57 POLARIS_LOG {"event":"send_rate","rate":496000,"ts":1760455977.422207}
2025/10/14 15:32:58 POLARIS_LOG {"event":"send_rate","rate":504000,"ts":1760455978.4207473}
2025/10/14 15:32:59 POLARIS_LOG {"event":"send_rate","rate":512000,"ts":1760455979.4438236}
2025/10/14 15:33:00 POLARIS_LOG {"event":"send_rate","rate":488000,"ts":1760455980.4233031}
2025/10/14 15:33:01 POLARIS_LOG {"event":"send_rate","rate":496000,"ts":1760455981.4213455}
2025/10/14 15:33:02 POLARIS_LOG {"event":"send_rate","rate":504000,"ts":1760455982.420438}
2025/10/14 15:33:03 POLARIS_LOG {"event":"send_rate","rate":496000,"ts":1760455983.4212332}
2025/10/14 15:33:04 POLARIS_LOG {"event":"send_rate","rate":504000,"ts":1760455984.4219396}
2025/10/14 15:33:05 POLARIS_LOG {"event":"send_rate","rate":496000,"ts":1760455985.4200742}
2025/10/14 15:33:06 POLARIS_LOG {"event":"send_rate","rate":504000,"ts":1760455986.425022}
2025/10/14 15:33:07 POLARIS_LOG {"event":"send_rate","rate":496000,"ts":1760455987.4213812}
2025/10/14 15:33:08 POLARIS_LOG {"event":"send_rate","rate":496000,"ts":1760455988.420266}
2025/10/14 15:33:09 POLARIS_LOG {"event":"send_rate","rate":504000,"ts":1760455989.4217365}
2025/10/14 15:33:10 POLARIS_LOG {"event":"send_rate","rate":504000,"ts":1760455990.4202745}
2025/10/14 15:33:11 POLARIS_LOG {"event":"send_rate","rate":504000,"ts":1760455991.4294503}
2025/10/14 15:33:12 POLARIS_LOG {"event":"send_rate","rate":488000,"ts":1760455992.4266987}
2025/10/14 15:33:13 POLARIS_LOG {"event":"send_rate","rate":504000,"ts":1760455993.420045}
2025/10/14 15:33:14 POLARIS_LOG {"event":"send_rate","rate":496000,"ts":1760455994.420564}
2025/10/14 15:33:15 POLARIS_LOG {"event":"send_rate","rate":504000,"ts":1760455995.420927}
2025/10/14 15:33:16 POLARIS_LOG {"event":"send_rate","rate":504000,"ts":1760455996.421847}
2025/10/14 15:33:17 POLARIS_LOG {"event":"send_rate","rate":504000,"ts":1760455997.431866}
2025/10/14 15:33:18 POLARIS_LOG {"event":"send_rate","rate":488000,"ts":1760455998.4206328}
2025/10/14 15:33:19 POLARIS_LOG {"event":"send_rate","rate":504000,"ts":1760455999.4207156}
2025/10/14 15:33:20 POLARIS_LOG {"event":"send_rate","rate":344000,"ts":1760456000.421488}
2025/10/14 15:33:21 POLARIS_LOG {"event":"send_rate","rate":240000,"ts":1760456001.421148}
2025/10/14 15:33:22 POLARIS_LOG {"event":"send_rate","rate":248000,"ts":1760456002.428508}
Skipping switch: current path 3 3 6 6 2 4 has lastEstimate 400000 >= maxEstimate 0
2025/10/14 15:33:23 POLARIS_LOG {"event":"send_rate","rate":320000,"ts":1760456003.4415367}
2025/10/14 15:33:24 POLARIS_LOG {"event":"send_rate","rate":336000,"ts":1760456004.4200106}
2025/10/14 15:33:25 POLARIS_LOG {"event":"send_rate","rate":296000,"ts":1760456005.4202006}
2025/10/14 15:33:26 POLARIS_LOG {"event":"send_rate","rate":368000,"ts":1760456006.4219358}
2025/10/14 15:33:27 POLARIS_LOG {"event":"send_rate","rate":360000,"ts":1760456007.4208615}
2025/10/14 15:33:28 POLARIS_LOG {"event":"send_rate","rate":416000,"ts":1760456008.4228492}
2025/10/14 15:33:29 POLARIS_LOG {"event":"send_rate","rate":392000,"ts":1760456009.422272}
2025/10/14 15:33:30 POLARIS_LOG {"event":"send_rate","rate":480000,"ts":1760456010.4211094}
2025/10/14 15:33:31 POLARIS_LOG {"event":"send_rate","rate":304000,"ts":1760456011.4212954}
2025/10/14 15:33:32 POLARIS_LOG {"event":"send_rate","rate":368000,"ts":1760456012.426589}
Skipping switch: current path 3 3 6 6 2 4 has lastEstimate 400000 >= maxEstimate 0
Drain Loop received packet
Drain Loop received non-nil payload
Client sent 12854 packets, server reported 12772 packets received
The network loss rate from client to server is 0.6%

S->C results
Attempted bandwidth: 0 bps / 0.00 Mbps
Achieved bandwidth: 0 bps / 0.00 Mbps
Loss rate: 0.0%
Interarrival time min/avg/max/mdev = -0.000/0.000/0.000/0.000 ms

C->S results
Attempted bandwidth: 499980 bps / 0.50 Mbps
Achieved bandwidth: 488880 bps / 0.49 Mbps
Loss rate: 2.2%
Interarrival time min/avg/max/mdev = 0.002/16.374/302.416/16.913 ms
