
Test parameters:
client->server: 272 seconds, 1000 bytes, 17000 packets
server->client: 272 seconds, 1000 bytes, 0 packets
Polaris prober initialized with 38 paths
Polaris prober initialized with local 1-111,10.111.0.71:32752 and remote 1-113,10.113.0.71
2025/10/14 15:28:59 POLARIS_LOG {"current_rate":0,"event":"path_switch","new":"2 2 5 2","trigger":"initialization","ts":1760455739.107917}
2025/10/14 15:29:00 POLARIS_LOG {"event":"send_rate","rate":496000,"ts":1760455740.111168}
2025/10/14 15:29:01 POLARIS_LOG {"event":"send_rate","rate":504000,"ts":1760455741.1133387}
2025/10/14 15:29:02 POLARIS_LOG {"event":"send_rate","rate":496000,"ts":1760455742.1105163}
2025/10/14 15:29:03 POLARIS_LOG {"event":"send_rate","rate":496000,"ts":1760455743.1098464}
2025/10/14 15:29:04 POLARIS_LOG {"event":"send_rate","rate":504000,"ts":1760455744.1103475}
2025/10/14 15:29:05 POLARIS_LOG {"event":"send_rate","rate":496000,"ts":1760455745.111437}
2025/10/14 15:29:06 POLARIS_LOG {"event":"send_rate","rate":504000,"ts":1760455746.1098151}
2025/10/14 15:29:07 POLARIS_LOG {"event":"send_rate","rate":496000,"ts":1760455747.1094253}
2025/10/14 15:29:08 POLARIS_LOG {"event":"send_rate","rate":464000,"ts":1760455748.1095955}
2025/10/14 15:29:09 POLARIS_LOG {"event":"send_rate","rate":264000,"ts":1760455749.1098092}
2025/10/14 15:29:09 POLARIS_LOG {"candidates":25,"candidates_unfiltered":25,"current_rate":264000,"estimated_share":2000000,"event":"path_switch","max_estimated_share":2000000,"new":"3 3 6 6 3 5","old":"2 2 5 2","trigger":"scheduled","ts":1760455749.1098683}
2025/10/14 15:29:10 POLARIS_LOG {"event":"send_rate","rate":776000,"ts":1760455750.1093938}
2025/10/14 15:29:11 POLARIS_LOG {"event":"send_rate","rate":496000,"ts":1760455751.1108148}
2025/10/14 15:29:12 POLARIS_LOG {"event":"send_rate","rate":504000,"ts":1760455752.1100404}
2025/10/14 15:29:13 POLARIS_LOG {"event":"send_rate","rate":496000,"ts":1760455753.1096585}
2025/10/14 15:29:14 POLARIS_LOG {"event":"send_rate","rate":504000,"ts":1760455754.1096406}
2025/10/14 15:29:15 POLARIS_LOG {"event":"send_rate","rate":496000,"ts":1760455755.110067}
2025/10/14 15:29:16 POLARIS_LOG {"event":"send_rate","rate":504000,"ts":1760455756.1106315}
2025/10/14 15:29:17 POLARIS_LOG {"event":"send_rate","rate":496000,"ts":1760455757.111211}
2025/10/14 15:29:18 POLARIS_LOG {"event":"send_rate","rate":504000,"ts":1760455758.110164}
2025/10/14 15:29:19 POLARIS_LOG {"event":"send_rate","rate":496000,"ts":1760455759.1105795}
2025/10/14 15:29:20 POLARIS_LOG {"event":"send_rate","rate":504000,"ts":1760455760.1102695}
2025/10/14 15:29:21 POLARIS_LOG {"event":"send_rate","rate":496000,"ts":1760455761.1096237}
2025/10/14 15:29:22 POLARIS_LOG {"event":"send_rate","rate":512000,"ts":1760455762.1212265}
2025/10/14 15:29:23 POLARIS_LOG {"event":"send_rate","rate":488000,"ts":1760455763.1096609}
2025/10/14 15:29:24 POLARIS_LOG {"event":"send_rate","rate":504000,"ts":1760455764.1106489}
2025/10/14 15:29:25 POLARIS_LOG {"event":"send_rate","rate":496000,"ts":1760455765.1098936}
2025/10/14 15:29:26 POLARIS_LOG {"event":"send_rate","rate":504000,"ts":1760455766.1195917}
2025/10/14 15:29:27 POLARIS_LOG {"event":"send_rate","rate":496000,"ts":1760455767.1105306}
2025/10/14 15:29:28 POLARIS_LOG {"event":"send_rate","rate":504000,"ts":1760455768.1108763}
2025/10/14 15:29:29 POLARIS_LOG {"event":"send_rate","rate":496000,"ts":1760455769.1099076}
2025/10/14 15:29:30 POLARIS_LOG {"event":"send_rate","rate":504000,"ts":1760455770.1096907}
2025/10/14 15:29:31 POLARIS_LOG {"event":"send_rate","rate":496000,"ts":1760455771.1094694}
2025/10/14 15:29:32 POLARIS_LOG {"event":"send_rate","rate":512000,"ts":1760455772.1256201}
2025/10/14 15:29:33 POLARIS_LOG {"event":"send_rate","rate":488000,"ts":1760455773.1101136}
2025/10/14 15:29:34 POLARIS_LOG {"event":"send_rate","rate":504000,"ts":1760455774.109953}
2025/10/14 15:29:35 POLARIS_LOG {"event":"send_rate","rate":496000,"ts":1760455775.1101127}
2025/10/14 15:29:36 POLARIS_LOG {"event":"send_rate","rate":504000,"ts":1760455776.1096025}
2025/10/14 15:29:37 POLARIS_LOG {"event":"send_rate","rate":496000,"ts":1760455777.1110241}
2025/10/14 15:29:38 POLARIS_LOG {"event":"send_rate","rate":504000,"ts":1760455778.1093864}
2025/10/14 15:29:39 POLARIS_LOG {"event":"send_rate","rate":496000,"ts":1760455779.1099353}
2025/10/14 15:29:40 POLARIS_LOG {"event":"send_rate","rate":504000,"ts":1760455780.1103668}
2025/10/14 15:29:41 POLARIS_LOG {"event":"send_rate","rate":496000,"ts":1760455781.1101816}
2025/10/14 15:29:42 POLARIS_LOG {"event":"send_rate","rate":504000,"ts":1760455782.1100507}
2025/10/14 15:29:43 POLARIS_LOG {"event":"send_rate","rate":504000,"ts":1760455783.1157658}
2025/10/14 15:29:44 POLARIS_LOG {"event":"send_rate","rate":496000,"ts":1760455784.111845}
2025/10/14 15:29:45 POLARIS_LOG {"event":"send_rate","rate":496000,"ts":1760455785.1165361}
2025/10/14 15:29:46 POLARIS_LOG {"event":"send_rate","rate":504000,"ts":1760455786.1100793}
2025/10/14 15:29:47 POLARIS_LOG {"event":"send_rate","rate":496000,"ts":1760455787.110053}
2025/10/14 15:29:48 POLARIS_LOG {"event":"send_rate","rate":504000,"ts":1760455788.1153798}
2025/10/14 15:29:49 POLARIS_LOG {"event":"send_rate","rate":496000,"ts":1760455789.110227}
2025/10/14 15:29:50 POLARIS_LOG {"event":"send_rate","rate":504000,"ts":1760455790.1094058}
2025/10/14 15:29:51 POLARIS_LOG {"event":"send_rate","rate":496000,"ts":1760455791.1102593}
2025/10/14 15:29:52 POLARIS_LOG {"event":"send_rate","rate":504000,"ts":1760455792.1094158}
2025/10/14 15:29:53 POLARIS_LOG {"event":"send_rate","rate":496000,"ts":1760455793.111117}
2025/10/14 15:29:54 POLARIS_LOG {"event":"send_rate","rate":504000,"ts":1760455794.1120489}
2025/10/14 15:29:55 POLARIS_LOG {"event":"send_rate","rate":496000,"ts":1760455795.1094582}
2025/10/14 15:29:56 POLARIS_LOG {"event":"send_rate","rate":504000,"ts":1760455796.1097405}
2025/10/14 15:29:57 POLARIS_LOG {"event":"send_rate","rate":496000,"ts":1760455797.1096616}
2025/10/14 15:29:58 POLARIS_LOG {"event":"send_rate","rate":504000,"ts":1760455798.1102319}
2025/10/14 15:29:59 POLARIS_LOG {"event":"send_rate","rate":496000,"ts":1760455799.1098635}
2025/10/14 15:30:00 POLARIS_LOG {"event":"send_rate","rate":504000,"ts":1760455800.109462}
2025/10/14 15:30:01 POLARIS_LOG {"event":"send_rate","rate":496000,"ts":1760455801.1094937}
2025/10/14 15:30:02 POLARIS_LOG {"event":"send_rate","rate":504000,"ts":1760455802.1110547}
2025/10/14 15:30:03 POLARIS_LOG {"event":"send_rate","rate":496000,"ts":1760455803.110073}
2025/10/14 15:30:04 POLARIS_LOG {"event":"send_rate","rate":496000,"ts":1760455804.1310527}
2025/10/14 15:30:05 POLARIS_LOG {"event":"send_rate","rate":504000,"ts":1760455805.1110315}
2025/10/14 15:30:06 POLARIS_LOG {"event":"send_rate","rate":504000,"ts":1760455806.1094546}
2025/10/14 15:30:07 POLARIS_LOG {"event":"send_rate","rate":496000,"ts":1760455807.1095479}
2025/10/14 15:30:08 POLARIS_LOG {"event":"send_rate","rate":504000,"ts":1760455808.1102328}
2025/10/14 15:30:09 POLARIS_LOG {"event":"send_rate","rate":496000,"ts":1760455809.1112351}
2025/10/14 15:30:10 POLARIS_LOG {"event":"send_rate","rate":504000,"ts":1760455810.1096692}
2025/10/14 15:30:11 POLARIS_LOG {"event":"send_rate","rate":496000,"ts":1760455811.1110723}
2025/10/14 15:30:12 POLARIS_LOG {"event":"send_rate","rate":504000,"ts":1760455812.110177}
2025/10/14 15:30:13 POLARIS_LOG {"event":"send_rate","rate":496000,"ts":1760455813.1100419}
2025/10/14 15:30:14 POLARIS_LOG {"event":"send_rate","rate":504000,"ts":1760455814.109459}
2025/10/14 15:30:15 POLARIS_LOG {"event":"send_rate","rate":504000,"ts":1760455815.1180263}
2025/10/14 15:30:16 POLARIS_LOG {"event":"send_rate","rate":496000,"ts":1760455816.1093838}
2025/10/14 15:30:17 POLARIS_LOG {"event":"send_rate","rate":496000,"ts":1760455817.110483}
2025/10/14 15:30:18 POLARIS_LOG {"event":"send_rate","rate":504000,"ts":1760455818.1109686}
2025/10/14 15:30:19 POLARIS_LOG {"event":"send_rate","rate":496000,"ts":1760455819.1099668}
2025/10/14 15:30:20 POLARIS_LOG {"event":"send_rate","rate":496000,"ts":1760455820.1110833}
2025/10/14 15:30:21 POLARIS_LOG {"event":"send_rate","rate":504000,"ts":1760455821.1100585}
2025/10/14 15:30:22 POLARIS_LOG {"event":"send_rate","rate":504000,"ts":1760455822.1106293}
2025/10/14 15:30:23 POLARIS_LOG {"event":"send_rate","rate":496000,"ts":1760455823.1101735}
2025/10/14 15:30:24 POLARIS_LOG {"event":"send_rate","rate":504000,"ts":1760455824.110263}
2025/10/14 15:30:25 POLARIS_LOG {"event":"send_rate","rate":496000,"ts":1760455825.1110792}
2025/10/14 15:30:26 POLARIS_LOG {"event":"send_rate","rate":488000,"ts":1760455826.1099815}
2025/10/14 15:30:27 POLARIS_LOG {"event":"send_rate","rate":512000,"ts":1760455827.1096447}
2025/10/14 15:30:28 POLARIS_LOG {"event":"send_rate","rate":504000,"ts":1760455828.1099396}
2025/10/14 15:30:29 POLARIS_LOG {"event":"send_rate","rate":496000,"ts":1760455829.1101916}
2025/10/14 15:30:30 POLARIS_LOG {"event":"send_rate","rate":504000,"ts":1760455830.1102846}
2025/10/14 15:30:31 POLARIS_LOG {"event":"send_rate","rate":496000,"ts":1760455831.1120834}
2025/10/14 15:30:32 POLARIS_LOG {"event":"send_rate","rate":504000,"ts":1760455832.1101608}
2025/10/14 15:30:33 POLARIS_LOG {"event":"send_rate","rate":496000,"ts":1760455833.1099436}
2025/10/14 15:30:34 POLARIS_LOG {"event":"send_rate","rate":504000,"ts":1760455834.1102426}
2025/10/14 15:30:35 POLARIS_LOG {"event":"send_rate","rate":496000,"ts":1760455835.1096208}
2025/10/14 15:30:36 POLARIS_LOG {"event":"send_rate","rate":504000,"ts":1760455836.110914}
2025/10/14 15:30:37 POLARIS_LOG {"event":"send_rate","rate":496000,"ts":1760455837.1102421}
2025/10/14 15:30:38 POLARIS_LOG {"event":"send_rate","rate":496000,"ts":1760455838.1095114}
2025/10/14 15:30:39 POLARIS_LOG {"event":"send_rate","rate":504000,"ts":1760455839.1095474}
2025/10/14 15:30:40 POLARIS_LOG {"event":"send_rate","rate":496000,"ts":1760455840.1101782}
2025/10/14 15:30:41 POLARIS_LOG {"event":"send_rate","rate":504000,"ts":1760455841.1099944}
2025/10/14 15:30:42 POLARIS_LOG {"event":"send_rate","rate":512000,"ts":1760455842.1394691}
2025/10/14 15:30:43 POLARIS_LOG {"event":"send_rate","rate":488000,"ts":1760455843.1134949}
2025/10/14 15:30:44 POLARIS_LOG {"event":"send_rate","rate":504000,"ts":1760455844.110076}
2025/10/14 15:30:45 POLARIS_LOG {"event":"send_rate","rate":496000,"ts":1760455845.1102037}
2025/10/14 15:30:46 POLARIS_LOG {"event":"send_rate","rate":504000,"ts":1760455846.1102128}
2025/10/14 15:30:47 POLARIS_LOG {"event":"send_rate","rate":496000,"ts":1760455847.1100442}
2025/10/14 15:30:48 POLARIS_LOG {"event":"send_rate","rate":496000,"ts":1760455848.1099718}
2025/10/14 15:30:49 POLARIS_LOG {"event":"send_rate","rate":504000,"ts":1760455849.1100972}
2025/10/14 15:30:50 POLARIS_LOG {"event":"send_rate","rate":496000,"ts":1760455850.109625}
2025/10/14 15:30:51 POLARIS_LOG {"event":"send_rate","rate":504000,"ts":1760455851.109638}
2025/10/14 15:30:52 POLARIS_LOG {"event":"send_rate","rate":496000,"ts":1760455852.109454}
2025/10/14 15:30:53 POLARIS_LOG {"event":"send_rate","rate":504000,"ts":1760455853.1101933}
2025/10/14 15:30:54 POLARIS_LOG {"event":"send_rate","rate":504000,"ts":1760455854.1109138}
2025/10/14 15:30:55 POLARIS_LOG {"event":"send_rate","rate":496000,"ts":1760455855.1103637}
2025/10/14 15:30:56 POLARIS_LOG {"event":"send_rate","rate":504000,"ts":1760455856.110619}
2025/10/14 15:30:57 POLARIS_LOG {"event":"send_rate","rate":496000,"ts":1760455857.1105711}
2025/10/14 15:30:58 POLARIS_LOG {"event":"send_rate","rate":496000,"ts":1760455858.1102402}
2025/10/14 15:30:59 POLARIS_LOG {"event":"send_rate","rate":504000,"ts":1760455859.1099546}
2025/10/14 15:31:00 POLARIS_LOG {"event":"send_rate","rate":496000,"ts":1760455860.1097484}
2025/10/14 15:31:01 POLARIS_LOG {"event":"send_rate","rate":504000,"ts":1760455861.1097064}
2025/10/14 15:31:02 POLARIS_LOG {"event":"send_rate","rate":496000,"ts":1760455862.1103215}
2025/10/14 15:31:03 POLARIS_LOG {"event":"send_rate","rate":504000,"ts":1760455863.1098535}
2025/10/14 15:31:04 POLARIS_LOG {"event":"send_rate","rate":496000,"ts":1760455864.1097996}
2025/10/14 15:31:05 POLARIS_LOG {"event":"send_rate","rate":504000,"ts":1760455865.11036}
2025/10/14 15:31:06 POLARIS_LOG {"event":"send_rate","rate":496000,"ts":1760455866.1101105}
2025/10/14 15:31:07 POLARIS_LOG {"event":"send_rate","rate":504000,"ts":1760455867.1099215}
2025/10/14 15:31:08 POLARIS_LOG {"event":"send_rate","rate":496000,"ts":1760455868.1105795}
2025/10/14 15:31:09 POLARIS_LOG {"event":"send_rate","rate":504000,"ts":1760455869.1098623}
2025/10/14 15:31:10 POLARIS_LOG {"event":"send_rate","rate":496000,"ts":1760455870.1099374}
2025/10/14 15:31:11 POLARIS_LOG {"event":"send_rate","rate":504000,"ts":1760455871.109473}
2025/10/14 15:31:12 POLARIS_LOG {"event":"send_rate","rate":496000,"ts":1760455872.110361}
2025/10/14 15:31:13 POLARIS_LOG {"event":"send_rate","rate":504000,"ts":1760455873.1107116}
2025/10/14 15:31:14 POLARIS_LOG {"event":"send_rate","rate":496000,"ts":1760455874.1101298}
2025/10/14 15:31:15 POLARIS_LOG {"event":"send_rate","rate":504000,"ts":1760455875.1101656}
2025/10/14 15:31:16 POLARIS_LOG {"event":"send_rate","rate":496000,"ts":1760455876.110355}
2025/10/14 15:31:17 POLARIS_LOG {"event":"send_rate","rate":504000,"ts":1760455877.1103637}
2025/10/14 15:31:18 POLARIS_LOG {"event":"send_rate","rate":496000,"ts":1760455878.1100078}
2025/10/14 15:31:19 POLARIS_LOG {"event":"send_rate","rate":504000,"ts":1760455879.1103966}
2025/10/14 15:31:20 POLARIS_LOG {"event":"send_rate","rate":496000,"ts":1760455880.1099238}
2025/10/14 15:31:21 POLARIS_LOG {"event":"send_rate","rate":504000,"ts":1760455881.1095433}
2025/10/14 15:31:22 POLARIS_LOG {"event":"send_rate","rate":496000,"ts":1760455882.1098542}
2025/10/14 15:31:23 POLARIS_LOG {"event":"send_rate","rate":504000,"ts":1760455883.1096277}
2025/10/14 15:31:24 POLARIS_LOG {"event":"send_rate","rate":496000,"ts":1760455884.11014}
2025/10/14 15:31:25 POLARIS_LOG {"event":"send_rate","rate":504000,"ts":1760455885.109715}
2025/10/14 15:31:26 POLARIS_LOG {"event":"send_rate","rate":496000,"ts":1760455886.1097152}
2025/10/14 15:31:27 POLARIS_LOG {"event":"send_rate","rate":504000,"ts":1760455887.1098194}
2025/10/14 15:31:28 POLARIS_LOG {"event":"send_rate","rate":496000,"ts":1760455888.1099954}
2025/10/14 15:31:29 POLARIS_LOG {"event":"send_rate","rate":504000,"ts":1760455889.111016}
2025/10/14 15:31:30 POLARIS_LOG {"event":"send_rate","rate":496000,"ts":1760455890.109954}
2025/10/14 15:31:31 POLARIS_LOG {"event":"send_rate","rate":504000,"ts":1760455891.1098235}
2025/10/14 15:31:32 POLARIS_LOG {"event":"send_rate","rate":496000,"ts":1760455892.109588}
2025/10/14 15:31:33 POLARIS_LOG {"event":"send_rate","rate":504000,"ts":1760455893.1098163}
2025/10/14 15:31:34 POLARIS_LOG {"event":"send_rate","rate":496000,"ts":1760455894.1093922}
2025/10/14 15:31:35 POLARIS_LOG {"event":"send_rate","rate":504000,"ts":1760455895.1219914}
2025/10/14 15:31:36 POLARIS_LOG {"event":"send_rate","rate":496000,"ts":1760455896.1100094}
2025/10/14 15:31:37 POLARIS_LOG {"event":"send_rate","rate":504000,"ts":1760455897.1104796}
2025/10/14 15:31:38 POLARIS_LOG {"event":"send_rate","rate":496000,"ts":1760455898.1099062}
2025/10/14 15:31:39 POLARIS_LOG {"event":"send_rate","rate":504000,"ts":1760455899.1096082}
2025/10/14 15:31:40 POLARIS_LOG {"event":"send_rate","rate":496000,"ts":1760455900.1095338}
2025/10/14 15:31:41 POLARIS_LOG {"event":"send_rate","rate":504000,"ts":1760455901.1101475}
2025/10/14 15:31:42 POLARIS_LOG {"event":"send_rate","rate":496000,"ts":1760455902.1094096}
2025/10/14 15:31:43 POLARIS_LOG {"event":"send_rate","rate":504000,"ts":1760455903.1109784}
2025/10/14 15:31:44 POLARIS_LOG {"event":"send_rate","rate":496000,"ts":1760455904.114999}
2025/10/14 15:31:45 POLARIS_LOG {"event":"send_rate","rate":504000,"ts":1760455905.1100104}
2025/10/14 15:31:46 POLARIS_LOG {"event":"send_rate","rate":496000,"ts":1760455906.1423678}
2025/10/14 15:31:47 POLARIS_LOG {"event":"send_rate","rate":504000,"ts":1760455907.1100075}
2025/10/14 15:31:48 POLARIS_LOG {"event":"send_rate","rate":496000,"ts":1760455908.1096315}
2025/10/14 15:31:49 POLARIS_LOG {"event":"send_rate","rate":504000,"ts":1760455909.1095667}
2025/10/14 15:31:50 POLARIS_LOG {"event":"send_rate","rate":496000,"ts":1760455910.1109145}
2025/10/14 15:31:51 POLARIS_LOG {"event":"send_rate","rate":504000,"ts":1760455911.1104999}
2025/10/14 15:31:52 POLARIS_LOG {"event":"send_rate","rate":496000,"ts":1760455912.110154}
2025/10/14 15:31:53 POLARIS_LOG {"event":"send_rate","rate":504000,"ts":1760455913.109698}
2025/10/14 15:31:54 POLARIS_LOG {"event":"send_rate","rate":496000,"ts":1760455914.1098225}
2025/10/14 15:31:55 POLARIS_LOG {"event":"send_rate","rate":504000,"ts":1760455915.109789}
2025/10/14 15:31:56 POLARIS_LOG {"event":"send_rate","rate":504000,"ts":1760455916.1381109}
2025/10/14 15:31:57 POLARIS_LOG {"event":"send_rate","rate":496000,"ts":1760455917.1103156}
2025/10/14 15:31:58 POLARIS_LOG {"event":"send_rate","rate":496000,"ts":1760455918.1094177}
2025/10/14 15:31:59 POLARIS_LOG {"event":"send_rate","rate":504000,"ts":1760455919.1106305}
2025/10/14 15:32:00 POLARIS_LOG {"event":"send_rate","rate":496000,"ts":1760455920.1099834}
2025/10/14 15:32:01 POLARIS_LOG {"event":"send_rate","rate":504000,"ts":1760455921.1104815}
2025/10/14 15:32:02 POLARIS_LOG {"event":"send_rate","rate":496000,"ts":1760455922.1103756}
2025/10/14 15:32:03 POLARIS_LOG {"event":"send_rate","rate":504000,"ts":1760455923.109597}
2025/10/14 15:32:04 POLARIS_LOG {"event":"send_rate","rate":496000,"ts":1760455924.111136}
2025/10/14 15:32:05 POLARIS_LOG {"event":"send_rate","rate":504000,"ts":1760455925.1095932}
2025/10/14 15:32:06 POLARIS_LOG {"event":"send_rate","rate":496000,"ts":1760455926.1101785}
2025/10/14 15:32:07 POLARIS_LOG {"event":"send_rate","rate":504000,"ts":1760455927.110191}
2025/10/14 15:32:08 POLARIS_LOG {"event":"send_rate","rate":496000,"ts":1760455928.1095865}
2025/10/14 15:32:09 POLARIS_LOG {"event":"send_rate","rate":504000,"ts":1760455929.111841}
2025/10/14 15:32:10 POLARIS_LOG {"event":"send_rate","rate":496000,"ts":1760455930.1109838}
2025/10/14 15:32:11 POLARIS_LOG {"event":"send_rate","rate":504000,"ts":1760455931.109982}
2025/10/14 15:32:12 POLARIS_LOG {"event":"send_rate","rate":496000,"ts":1760455932.1097496}
2025/10/14 15:32:13 POLARIS_LOG {"event":"send_rate","rate":504000,"ts":1760455933.110069}
2025/10/14 15:32:14 POLARIS_LOG {"event":"send_rate","rate":496000,"ts":1760455934.110391}
2025/10/14 15:32:15 POLARIS_LOG {"event":"send_rate","rate":504000,"ts":1760455935.110801}
2025/10/14 15:32:16 POLARIS_LOG {"event":"send_rate","rate":496000,"ts":1760455936.1109054}
2025/10/14 15:32:17 POLARIS_LOG {"event":"send_rate","rate":504000,"ts":1760455937.1102698}
2025/10/14 15:32:18 POLARIS_LOG {"event":"send_rate","rate":496000,"ts":1760455938.1101558}
2025/10/14 15:32:19 POLARIS_LOG {"event":"send_rate","rate":504000,"ts":1760455939.1097078}
2025/10/14 15:32:20 POLARIS_LOG {"event":"send_rate","rate":496000,"ts":1760455940.1100163}
2025/10/14 15:32:21 POLARIS_LOG {"event":"send_rate","rate":504000,"ts":1760455941.1095939}
2025/10/14 15:32:22 POLARIS_LOG {"event":"send_rate","rate":496000,"ts":1760455942.1103446}
2025/10/14 15:32:23 POLARIS_LOG {"event":"send_rate","rate":504000,"ts":1760455943.1099348}
2025/10/14 15:32:24 POLARIS_LOG {"event":"send_rate","rate":496000,"ts":1760455944.1115832}
2025/10/14 15:32:25 POLARIS_LOG {"event":"send_rate","rate":504000,"ts":1760455945.1106966}
2025/10/14 15:32:26 POLARIS_LOG {"event":"send_rate","rate":496000,"ts":1760455946.1096725}
2025/10/14 15:32:27 POLARIS_LOG {"event":"send_rate","rate":504000,"ts":1760455947.1094363}
2025/10/14 15:32:28 POLARIS_LOG {"event":"send_rate","rate":496000,"ts":1760455948.1102955}
2025/10/14 15:32:29 POLARIS_LOG {"event":"send_rate","rate":496000,"ts":1760455949.1094556}
2025/10/14 15:32:30 POLARIS_LOG {"event":"send_rate","rate":504000,"ts":1760455950.1117537}
2025/10/14 15:32:31 POLARIS_LOG {"event":"send_rate","rate":504000,"ts":1760455951.1095176}
2025/10/14 15:32:32 POLARIS_LOG {"event":"send_rate","rate":496000,"ts":1760455952.1097095}
2025/10/14 15:32:33 POLARIS_LOG {"event":"send_rate","rate":504000,"ts":1760455953.1105092}
2025/10/14 15:32:34 POLARIS_LOG {"event":"send_rate","rate":504000,"ts":1760455954.1322997}
2025/10/14 15:32:35 POLARIS_LOG {"event":"send_rate","rate":496000,"ts":1760455955.1094558}
2025/10/14 15:32:36 POLARIS_LOG {"event":"send_rate","rate":496000,"ts":1760455956.110375}
2025/10/14 15:32:37 POLARIS_LOG {"event":"send_rate","rate":504000,"ts":1760455957.1096346}
2025/10/14 15:32:38 POLARIS_LOG {"event":"send_rate","rate":496000,"ts":1760455958.1099057}
2025/10/14 15:32:39 POLARIS_LOG {"event":"send_rate","rate":504000,"ts":1760455959.1152744}
2025/10/14 15:32:40 POLARIS_LOG {"event":"send_rate","rate":496000,"ts":1760455960.110059}
2025/10/14 15:32:41 POLARIS_LOG {"event":"send_rate","rate":504000,"ts":1760455961.110505}
2025/10/14 15:32:42 POLARIS_LOG {"event":"send_rate","rate":496000,"ts":1760455962.1102498}
2025/10/14 15:32:43 POLARIS_LOG {"event":"send_rate","rate":504000,"ts":1760455963.1098669}
2025/10/14 15:32:44 POLARIS_LOG {"event":"send_rate","rate":496000,"ts":1760455964.1109765}
2025/10/14 15:32:45 POLARIS_LOG {"event":"send_rate","rate":504000,"ts":1760455965.1098928}
2025/10/14 15:32:46 POLARIS_LOG {"event":"send_rate","rate":496000,"ts":1760455966.110359}
2025/10/14 15:32:47 POLARIS_LOG {"event":"send_rate","rate":496000,"ts":1760455967.11011}
2025/10/14 15:32:48 POLARIS_LOG {"event":"send_rate","rate":504000,"ts":1760455968.1098208}
2025/10/14 15:32:49 POLARIS_LOG {"event":"send_rate","rate":504000,"ts":1760455969.1105638}
2025/10/14 15:32:50 POLARIS_LOG {"event":"send_rate","rate":496000,"ts":1760455970.1103501}
2025/10/14 15:32:51 POLARIS_LOG {"event":"send_rate","rate":504000,"ts":1760455971.1094751}
2025/10/14 15:32:52 POLARIS_LOG {"event":"send_rate","rate":496000,"ts":1760455972.109876}
2025/10/14 15:32:53 POLARIS_LOG {"event":"send_rate","rate":496000,"ts":1760455973.1101885}
2025/10/14 15:32:54 POLARIS_LOG {"event":"send_rate","rate":504000,"ts":1760455974.1094024}
2025/10/14 15:32:55 POLARIS_LOG {"event":"send_rate","rate":504000,"ts":1760455975.1148064}
2025/10/14 15:32:56 POLARIS_LOG {"event":"send_rate","rate":496000,"ts":1760455976.1095452}
2025/10/14 15:32:57 POLARIS_LOG {"event":"send_rate","rate":504000,"ts":1760455977.1100578}
2025/10/14 15:32:58 POLARIS_LOG {"event":"send_rate","rate":496000,"ts":1760455978.1096783}
2025/10/14 15:32:59 POLARIS_LOG {"event":"send_rate","rate":504000,"ts":1760455979.1112075}
2025/10/14 15:33:00 POLARIS_LOG {"event":"send_rate","rate":496000,"ts":1760455980.1097004}
2025/10/14 15:33:01 POLARIS_LOG {"event":"send_rate","rate":504000,"ts":1760455981.110365}
2025/10/14 15:33:02 POLARIS_LOG {"event":"send_rate","rate":496000,"ts":1760455982.1098}
2025/10/14 15:33:03 POLARIS_LOG {"event":"send_rate","rate":496000,"ts":1760455983.1100535}
2025/10/14 15:33:04 POLARIS_LOG {"event":"send_rate","rate":504000,"ts":1760455984.1096983}
2025/10/14 15:33:05 POLARIS_LOG {"event":"send_rate","rate":496000,"ts":1760455985.1098642}
2025/10/14 15:33:06 POLARIS_LOG {"event":"send_rate","rate":504000,"ts":1760455986.1109643}
2025/10/14 15:33:07 POLARIS_LOG {"event":"send_rate","rate":496000,"ts":1760455987.1098766}
2025/10/14 15:33:08 POLARIS_LOG {"event":"send_rate","rate":504000,"ts":1760455988.110131}
2025/10/14 15:33:09 POLARIS_LOG {"event":"send_rate","rate":496000,"ts":1760455989.1102176}
2025/10/14 15:33:10 POLARIS_LOG {"event":"send_rate","rate":504000,"ts":1760455990.1104696}
2025/10/14 15:33:11 POLARIS_LOG {"event":"send_rate","rate":496000,"ts":1760455991.1095712}
2025/10/14 15:33:12 POLARIS_LOG {"event":"send_rate","rate":504000,"ts":1760455992.1100118}
2025/10/14 15:33:13 POLARIS_LOG {"event":"send_rate","rate":496000,"ts":1760455993.1103888}
2025/10/14 15:33:14 POLARIS_LOG {"event":"send_rate","rate":504000,"ts":1760455994.1103241}
2025/10/14 15:33:15 POLARIS_LOG {"event":"send_rate","rate":496000,"ts":1760455995.1098845}
2025/10/14 15:33:16 POLARIS_LOG {"event":"send_rate","rate":504000,"ts":1760455996.1100674}
2025/10/14 15:33:17 POLARIS_LOG {"event":"send_rate","rate":496000,"ts":1760455997.1093915}
2025/10/14 15:33:18 POLARIS_LOG {"event":"send_rate","rate":504000,"ts":1760455998.1140993}
2025/10/14 15:33:19 POLARIS_LOG {"event":"send_rate","rate":496000,"ts":1760455999.110358}
2025/10/14 15:33:20 POLARIS_LOG {"event":"send_rate","rate":504000,"ts":1760456000.1105382}
2025/10/14 15:33:21 POLARIS_LOG {"event":"send_rate","rate":464000,"ts":1760456001.111075}
2025/10/14 15:33:22 POLARIS_LOG {"event":"send_rate","rate":360000,"ts":1760456002.1102405}
2025/10/14 15:33:23 POLARIS_LOG {"event":"send_rate","rate":328000,"ts":1760456003.109562}
2025/10/14 15:33:24 POLARIS_LOG {"event":"send_rate","rate":352000,"ts":1760456004.110339}
2025/10/14 15:33:25 POLARIS_LOG {"event":"send_rate","rate":448000,"ts":1760456005.1095688}
2025/10/14 15:33:26 POLARIS_LOG {"event":"send_rate","rate":552000,"ts":1760456006.1100607}
2025/10/14 15:33:27 POLARIS_LOG {"event":"send_rate","rate":480000,"ts":1760456007.1128147}
2025/10/14 15:33:28 POLARIS_LOG {"event":"send_rate","rate":504000,"ts":1760456008.1098228}
2025/10/14 15:33:29 POLARIS_LOG {"event":"send_rate","rate":448000,"ts":1760456009.1104145}
Skipping switch: current path 3 3 6 6 3 5 has lastEstimate 400000 >= maxEstimate 0
2025/10/14 15:33:30 POLARIS_LOG {"event":"send_rate","rate":536000,"ts":1760456010.1097202}
2025/10/14 15:33:31 POLARIS_LOG {"event":"send_rate","rate":568000,"ts":1760456011.1103816}
2025/10/14 15:33:32 POLARIS_LOG {"event":"send_rate","rate":472000,"ts":1760456012.1102967}
Drain Loop received packet
Drain Loop received non-nil payload
Client sent 17000 packets, server reported 16915 packets received
The network loss rate from client to server is 0.5%

S->C results
Attempted bandwidth: 0 bps / 0.00 Mbps
Achieved bandwidth: 0 bps / 0.00 Mbps
Loss rate: 0.0%
Interarrival time min/avg/max/mdev = -0.000/0.000/0.000/0.000 ms

C->S results
Attempted bandwidth: 500000 bps / 0.50 Mbps
Achieved bandwidth: 497500 bps / 0.50 Mbps
Loss rate: 0.5%
Interarrival time min/avg/max/mdev = 0.002/16.138/291.982/16.609 ms
