
Test parameters:
client->server: 230 seconds, 1000 bytes, 14375 packets
server->client: 230 seconds, 1000 bytes, 0 packets
2025/10/14 15:29:41 POLARIS_LOG {"current_rate":0,"event":"path_switch","new":"2 2 5 2","trigger":"initialization","ts":1760455781.3396423}
Polaris prober initialized with 38 paths
Polaris prober initialized with local 1-111,10.111.0.71:32734 and remote 1-113,10.113.0.71
2025/10/14 15:29:42 POLARIS_LOG {"event":"send_rate","rate":88000,"ts":1760455782.341048}
2025/10/14 15:29:43 POLARIS_LOG {"event":"send_rate","rate":504000,"ts":1760455783.3411832}
2025/10/14 15:29:44 POLARIS_LOG {"event":"send_rate","rate":496000,"ts":1760455784.34248}
2025/10/14 15:29:45 POLARIS_LOG {"event":"send_rate","rate":504000,"ts":1760455785.342775}
2025/10/14 15:29:46 POLARIS_LOG {"event":"send_rate","rate":496000,"ts":1760455786.3414786}
2025/10/14 15:29:47 POLARIS_LOG {"event":"send_rate","rate":504000,"ts":1760455787.341214}
2025/10/14 15:29:48 POLARIS_LOG {"event":"send_rate","rate":496000,"ts":1760455788.3411453}
2025/10/14 15:29:49 POLARIS_LOG {"event":"send_rate","rate":504000,"ts":1760455789.3407114}
2025/10/14 15:29:50 POLARIS_LOG {"event":"send_rate","rate":496000,"ts":1760455790.3443909}
2025/10/14 15:29:51 POLARIS_LOG {"event":"send_rate","rate":448000,"ts":1760455791.3512309}
Skipping switch: current path 2 2 5 2 has lastEstimate 400000 >= maxEstimate 0
2025/10/14 15:29:52 POLARIS_LOG {"event":"send_rate","rate":256000,"ts":1760455792.3415496}
2025/10/14 15:29:53 POLARIS_LOG {"event":"send_rate","rate":176000,"ts":1760455793.3410401}
2025/10/14 15:29:54 POLARIS_LOG {"event":"send_rate","rate":184000,"ts":1760455794.3408425}
2025/10/14 15:29:55 POLARIS_LOG {"event":"send_rate","rate":192000,"ts":1760455795.3415115}
2025/10/14 15:29:56 POLARIS_LOG {"event":"send_rate","rate":168000,"ts":1760455796.3413646}
2025/10/14 15:29:57 POLARIS_LOG {"event":"send_rate","rate":152000,"ts":1760455797.3422475}
2025/10/14 15:29:58 POLARIS_LOG {"event":"send_rate","rate":232000,"ts":1760455798.3437889}
2025/10/14 15:29:59 POLARIS_LOG {"event":"send_rate","rate":264000,"ts":1760455799.34092}
2025/10/14 15:30:00 POLARIS_LOG {"event":"send_rate","rate":224000,"ts":1760455800.3413877}
2025/10/14 15:30:01 POLARIS_LOG {"event":"send_rate","rate":288000,"ts":1760455801.341624}
2025/10/14 15:30:01 POLARIS_LOG {"candidates":25,"candidates_unfiltered":25,"current_rate":288000,"estimated_share":666500,"event":"path_switch","max_estimated_share":666500,"new":"4 4 1 3","old":"2 2 5 2","trigger":"scheduled","ts":1760455801.3417008}
2025/10/14 15:30:02 POLARIS_LOG {"event":"send_rate","rate":3424000,"ts":1760455802.3497646}
2025/10/14 15:30:03 POLARIS_LOG {"event":"send_rate","rate":496000,"ts":1760455803.3569512}
2025/10/14 15:30:04 POLARIS_LOG {"event":"send_rate","rate":496000,"ts":1760455804.345991}
2025/10/14 15:30:05 POLARIS_LOG {"event":"send_rate","rate":504000,"ts":1760455805.3443825}
2025/10/14 15:30:06 POLARIS_LOG {"event":"send_rate","rate":496000,"ts":1760455806.3412004}
2025/10/14 15:30:07 POLARIS_LOG {"event":"send_rate","rate":496000,"ts":1760455807.340745}
2025/10/14 15:30:08 POLARIS_LOG {"event":"send_rate","rate":504000,"ts":1760455808.3417125}
2025/10/14 15:30:09 POLARIS_LOG {"event":"send_rate","rate":496000,"ts":1760455809.3414183}
2025/10/14 15:30:10 POLARIS_LOG {"event":"send_rate","rate":512000,"ts":1760455810.357143}
2025/10/14 15:30:11 POLARIS_LOG {"event":"send_rate","rate":488000,"ts":1760455811.3413882}
2025/10/14 15:30:12 POLARIS_LOG {"event":"send_rate","rate":504000,"ts":1760455812.3415606}
2025/10/14 15:30:13 POLARIS_LOG {"event":"send_rate","rate":504000,"ts":1760455813.3425214}
2025/10/14 15:30:14 POLARIS_LOG {"event":"send_rate","rate":496000,"ts":1760455814.340979}
2025/10/14 15:30:15 POLARIS_LOG {"event":"send_rate","rate":496000,"ts":1760455815.341072}
2025/10/14 15:30:16 POLARIS_LOG {"event":"send_rate","rate":504000,"ts":1760455816.3474429}
2025/10/14 15:30:17 POLARIS_LOG {"event":"send_rate","rate":496000,"ts":1760455817.3416362}
2025/10/14 15:30:18 POLARIS_LOG {"event":"send_rate","rate":504000,"ts":1760455818.341676}
2025/10/14 15:30:19 POLARIS_LOG {"event":"send_rate","rate":496000,"ts":1760455819.3407333}
2025/10/14 15:30:20 POLARIS_LOG {"event":"send_rate","rate":504000,"ts":1760455820.3423982}
2025/10/14 15:30:21 POLARIS_LOG {"event":"send_rate","rate":496000,"ts":1760455821.345093}
2025/10/14 15:30:22 POLARIS_LOG {"event":"send_rate","rate":504000,"ts":1760455822.34143}
2025/10/14 15:30:23 POLARIS_LOG {"event":"send_rate","rate":496000,"ts":1760455823.3408692}
2025/10/14 15:30:24 POLARIS_LOG {"event":"send_rate","rate":504000,"ts":1760455824.3409083}
2025/10/14 15:30:25 POLARIS_LOG {"event":"send_rate","rate":496000,"ts":1760455825.3412652}
2025/10/14 15:30:26 POLARIS_LOG {"event":"send_rate","rate":504000,"ts":1760455826.342688}
2025/10/14 15:30:27 POLARIS_LOG {"event":"send_rate","rate":496000,"ts":1760455827.342533}
2025/10/14 15:30:28 POLARIS_LOG {"event":"send_rate","rate":504000,"ts":1760455828.343292}
2025/10/14 15:30:29 POLARIS_LOG {"event":"send_rate","rate":496000,"ts":1760455829.3415306}
2025/10/14 15:30:30 POLARIS_LOG {"event":"send_rate","rate":504000,"ts":1760455830.3409345}
2025/10/14 15:30:31 POLARIS_LOG {"event":"send_rate","rate":496000,"ts":1760455831.3417454}
2025/10/14 15:30:32 POLARIS_LOG {"event":"send_rate","rate":360000,"ts":1760455832.3521867}
2025/10/14 15:30:33 POLARIS_LOG {"event":"send_rate","rate":464000,"ts":1760455833.3408313}
2025/10/14 15:30:34 POLARIS_LOG {"event":"send_rate","rate":584000,"ts":1760455834.341643}
2025/10/14 15:30:35 POLARIS_LOG {"event":"send_rate","rate":592000,"ts":1760455835.3412116}
2025/10/14 15:30:36 POLARIS_LOG {"event":"send_rate","rate":504000,"ts":1760455836.3418028}
2025/10/14 15:30:37 POLARIS_LOG {"event":"send_rate","rate":496000,"ts":1760455837.3409789}
2025/10/14 15:30:38 POLARIS_LOG {"event":"send_rate","rate":504000,"ts":1760455838.3410668}
2025/10/14 15:30:39 POLARIS_LOG {"event":"send_rate","rate":496000,"ts":1760455839.3419394}
2025/10/14 15:30:40 POLARIS_LOG {"event":"send_rate","rate":504000,"ts":1760455840.3412354}
2025/10/14 15:30:41 POLARIS_LOG {"event":"send_rate","rate":496000,"ts":1760455841.3412786}
2025/10/14 15:30:42 POLARIS_LOG {"event":"send_rate","rate":528000,"ts":1760455842.399992}
2025/10/14 15:30:43 POLARIS_LOG {"event":"send_rate","rate":472000,"ts":1760455843.3408413}
2025/10/14 15:30:44 POLARIS_LOG {"event":"send_rate","rate":504000,"ts":1760455844.3413284}
2025/10/14 15:30:45 POLARIS_LOG {"event":"send_rate","rate":496000,"ts":1760455845.3416188}
2025/10/14 15:30:46 POLARIS_LOG {"event":"send_rate","rate":504000,"ts":1760455846.341067}
2025/10/14 15:30:47 POLARIS_LOG {"event":"send_rate","rate":496000,"ts":1760455847.3480117}
2025/10/14 15:30:48 POLARIS_LOG {"event":"send_rate","rate":504000,"ts":1760455848.3415945}
2025/10/14 15:30:49 POLARIS_LOG {"event":"send_rate","rate":496000,"ts":1760455849.3407161}
2025/10/14 15:30:50 POLARIS_LOG {"event":"send_rate","rate":504000,"ts":1760455850.3407557}
2025/10/14 15:30:51 POLARIS_LOG {"event":"send_rate","rate":496000,"ts":1760455851.34119}
2025/10/14 15:30:52 POLARIS_LOG {"event":"send_rate","rate":504000,"ts":1760455852.3416464}
2025/10/14 15:30:53 POLARIS_LOG {"event":"send_rate","rate":496000,"ts":1760455853.3416471}
2025/10/14 15:30:54 POLARIS_LOG {"event":"send_rate","rate":504000,"ts":1760455854.3414612}
2025/10/14 15:30:55 POLARIS_LOG {"event":"send_rate","rate":496000,"ts":1760455855.341279}
2025/10/14 15:30:56 POLARIS_LOG {"event":"send_rate","rate":504000,"ts":1760455856.3408847}
2025/10/14 15:30:57 POLARIS_LOG {"event":"send_rate","rate":496000,"ts":1760455857.340748}
2025/10/14 15:30:58 POLARIS_LOG {"event":"send_rate","rate":504000,"ts":1760455858.3415468}
2025/10/14 15:30:59 POLARIS_LOG {"event":"send_rate","rate":496000,"ts":1760455859.3408265}
2025/10/14 15:31:00 POLARIS_LOG {"event":"send_rate","rate":504000,"ts":1760455860.3410041}
2025/10/14 15:31:01 POLARIS_LOG {"event":"send_rate","rate":496000,"ts":1760455861.341208}
2025/10/14 15:31:02 POLARIS_LOG {"event":"send_rate","rate":504000,"ts":1760455862.3415837}
2025/10/14 15:31:03 POLARIS_LOG {"event":"send_rate","rate":496000,"ts":1760455863.3407986}
2025/10/14 15:31:04 POLARIS_LOG {"event":"send_rate","rate":504000,"ts":1760455864.3416362}
2025/10/14 15:31:05 POLARIS_LOG {"event":"send_rate","rate":496000,"ts":1760455865.3414192}
2025/10/14 15:31:06 POLARIS_LOG {"event":"send_rate","rate":504000,"ts":1760455866.3434458}
2025/10/14 15:31:07 POLARIS_LOG {"event":"send_rate","rate":496000,"ts":1760455867.3413754}
2025/10/14 15:31:08 POLARIS_LOG {"event":"send_rate","rate":504000,"ts":1760455868.3440282}
2025/10/14 15:31:09 POLARIS_LOG {"event":"send_rate","rate":496000,"ts":1760455869.340898}
2025/10/14 15:31:10 POLARIS_LOG {"event":"send_rate","rate":496000,"ts":1760455870.341617}
2025/10/14 15:31:11 POLARIS_LOG {"event":"send_rate","rate":504000,"ts":1760455871.341666}
2025/10/14 15:31:12 POLARIS_LOG {"event":"send_rate","rate":504000,"ts":1760455872.3414404}
2025/10/14 15:31:13 POLARIS_LOG {"event":"send_rate","rate":496000,"ts":1760455873.3408847}
2025/10/14 15:31:14 POLARIS_LOG {"event":"send_rate","rate":504000,"ts":1760455874.3413117}
2025/10/14 15:31:15 POLARIS_LOG {"event":"send_rate","rate":496000,"ts":1760455875.3428571}
2025/10/14 15:31:16 POLARIS_LOG {"event":"send_rate","rate":504000,"ts":1760455876.3410046}
2025/10/14 15:31:17 POLARIS_LOG {"event":"send_rate","rate":496000,"ts":1760455877.3411639}
2025/10/14 15:31:18 POLARIS_LOG {"event":"send_rate","rate":504000,"ts":1760455878.3408785}
2025/10/14 15:31:19 POLARIS_LOG {"event":"send_rate","rate":496000,"ts":1760455879.3417716}
2025/10/14 15:31:20 POLARIS_LOG {"event":"send_rate","rate":504000,"ts":1760455880.3409767}
2025/10/14 15:31:21 POLARIS_LOG {"event":"send_rate","rate":496000,"ts":1760455881.3414044}
2025/10/14 15:31:22 POLARIS_LOG {"event":"send_rate","rate":504000,"ts":1760455882.341067}
2025/10/14 15:31:23 POLARIS_LOG {"event":"send_rate","rate":496000,"ts":1760455883.3427715}
2025/10/14 15:31:24 POLARIS_LOG {"event":"send_rate","rate":504000,"ts":1760455884.3410008}
2025/10/14 15:31:25 POLARIS_LOG {"event":"send_rate","rate":496000,"ts":1760455885.340727}
2025/10/14 15:31:26 POLARIS_LOG {"event":"send_rate","rate":504000,"ts":1760455886.3410687}
2025/10/14 15:31:27 POLARIS_LOG {"event":"send_rate","rate":496000,"ts":1760455887.3417764}
2025/10/14 15:31:28 POLARIS_LOG {"event":"send_rate","rate":504000,"ts":1760455888.3413553}
2025/10/14 15:31:29 POLARIS_LOG {"event":"send_rate","rate":496000,"ts":1760455889.3409874}
2025/10/14 15:31:30 POLARIS_LOG {"event":"send_rate","rate":504000,"ts":1760455890.3409145}
2025/10/14 15:31:31 POLARIS_LOG {"event":"send_rate","rate":496000,"ts":1760455891.3409839}
2025/10/14 15:31:32 POLARIS_LOG {"event":"send_rate","rate":504000,"ts":1760455892.3409314}
2025/10/14 15:31:33 POLARIS_LOG {"event":"send_rate","rate":496000,"ts":1760455893.3420014}
2025/10/14 15:31:34 POLARIS_LOG {"event":"send_rate","rate":504000,"ts":1760455894.340984}
2025/10/14 15:31:35 POLARIS_LOG {"event":"send_rate","rate":496000,"ts":1760455895.3408668}
2025/10/14 15:31:36 POLARIS_LOG {"event":"send_rate","rate":504000,"ts":1760455896.3416188}
2025/10/14 15:31:37 POLARIS_LOG {"event":"send_rate","rate":496000,"ts":1760455897.3412406}
2025/10/14 15:31:38 POLARIS_LOG {"event":"send_rate","rate":504000,"ts":1760455898.340876}
2025/10/14 15:31:39 POLARIS_LOG {"event":"send_rate","rate":496000,"ts":1760455899.3413641}
2025/10/14 15:31:40 POLARIS_LOG {"event":"send_rate","rate":496000,"ts":1760455900.3409889}
2025/10/14 15:31:41 POLARIS_LOG {"event":"send_rate","rate":504000,"ts":1760455901.3412673}
2025/10/14 15:31:42 POLARIS_LOG {"event":"send_rate","rate":400000,"ts":1760455902.3414025}
2025/10/14 15:31:43 POLARIS_LOG {"event":"send_rate","rate":352000,"ts":1760455903.3416138}
2025/10/14 15:31:44 POLARIS_LOG {"event":"send_rate","rate":384000,"ts":1760455904.341431}
2025/10/14 15:31:45 POLARIS_LOG {"event":"send_rate","rate":408000,"ts":1760455905.3408473}
2025/10/14 15:31:46 POLARIS_LOG {"event":"send_rate","rate":352000,"ts":1760455906.3415296}
2025/10/14 15:31:47 POLARIS_LOG {"event":"send_rate","rate":280000,"ts":1760455907.3412337}
2025/10/14 15:31:48 POLARIS_LOG {"event":"send_rate","rate":328000,"ts":1760455908.3414233}
2025/10/14 15:31:49 POLARIS_LOG {"event":"send_rate","rate":440000,"ts":1760455909.341195}
2025/10/14 15:31:50 POLARIS_LOG {"event":"send_rate","rate":312000,"ts":1760455910.341394}
2025/10/14 15:31:51 POLARIS_LOG {"event":"send_rate","rate":360000,"ts":1760455911.34145}
Skipping switch: current path 4 4 1 3 has lastEstimate 400000 >= maxEstimate 0
2025/10/14 15:31:52 POLARIS_LOG {"event":"send_rate","rate":408000,"ts":1760455912.3413079}
2025/10/14 15:31:53 POLARIS_LOG {"event":"send_rate","rate":480000,"ts":1760455913.3414285}
2025/10/14 15:31:54 POLARIS_LOG {"event":"send_rate","rate":440000,"ts":1760455914.3417196}
2025/10/14 15:31:55 POLARIS_LOG {"event":"send_rate","rate":424000,"ts":1760455915.3417428}
2025/10/14 15:31:56 POLARIS_LOG {"event":"send_rate","rate":408000,"ts":1760455916.3422754}
2025/10/14 15:31:57 POLARIS_LOG {"event":"send_rate","rate":376000,"ts":1760455917.341982}
2025/10/14 15:31:58 POLARIS_LOG {"event":"send_rate","rate":360000,"ts":1760455918.3408191}
2025/10/14 15:31:59 POLARIS_LOG {"event":"send_rate","rate":472000,"ts":1760455919.3413644}
2025/10/14 15:32:00 POLARIS_LOG {"event":"send_rate","rate":528000,"ts":1760455920.3410704}
2025/10/14 15:32:01 POLARIS_LOG {"event":"send_rate","rate":512000,"ts":1760455921.3437896}
2025/10/14 15:32:02 POLARIS_LOG {"event":"send_rate","rate":568000,"ts":1760455922.3435462}
2025/10/14 15:32:03 POLARIS_LOG {"event":"send_rate","rate":656000,"ts":1760455923.3412485}
2025/10/14 15:32:04 POLARIS_LOG {"event":"send_rate","rate":784000,"ts":1760455924.3479211}
2025/10/14 15:32:05 POLARIS_LOG {"event":"send_rate","rate":752000,"ts":1760455925.3416283}
2025/10/14 15:32:06 POLARIS_LOG {"event":"send_rate","rate":552000,"ts":1760455926.341613}
2025/10/14 15:32:07 POLARIS_LOG {"event":"send_rate","rate":416000,"ts":1760455927.3419964}
2025/10/14 15:32:08 POLARIS_LOG {"event":"send_rate","rate":376000,"ts":1760455928.3407192}
2025/10/14 15:32:09 POLARIS_LOG {"event":"send_rate","rate":392000,"ts":1760455929.3409696}
2025/10/14 15:32:10 POLARIS_LOG {"event":"send_rate","rate":496000,"ts":1760455930.3416822}
2025/10/14 15:32:11 POLARIS_LOG {"event":"send_rate","rate":504000,"ts":1760455931.3415961}
2025/10/14 15:32:12 POLARIS_LOG {"event":"send_rate","rate":592000,"ts":1760455932.3412406}
2025/10/14 15:32:13 POLARIS_LOG {"event":"send_rate","rate":480000,"ts":1760455933.3416827}
2025/10/14 15:32:14 POLARIS_LOG {"event":"send_rate","rate":360000,"ts":1760455934.3409085}
2025/10/14 15:32:15 POLARIS_LOG {"event":"send_rate","rate":376000,"ts":1760455935.3409023}
2025/10/14 15:32:16 POLARIS_LOG {"event":"send_rate","rate":232000,"ts":1760455936.3417318}
2025/10/14 15:32:17 POLARIS_LOG {"event":"send_rate","rate":280000,"ts":1760455937.3411283}
2025/10/14 15:32:18 POLARIS_LOG {"event":"send_rate","rate":216000,"ts":1760455938.3417163}
2025/10/14 15:32:19 POLARIS_LOG {"event":"send_rate","rate":192000,"ts":1760455939.340989}
2025/10/14 15:32:20 POLARIS_LOG {"event":"send_rate","rate":240000,"ts":1760455940.3411648}
Skipping switch: current path 4 4 1 3 has lastEstimate 400000 >= maxEstimate 0
2025/10/14 15:32:21 POLARIS_LOG {"event":"send_rate","rate":360000,"ts":1760455941.3420782}
2025/10/14 15:32:22 POLARIS_LOG {"event":"send_rate","rate":456000,"ts":1760455942.340725}
2025/10/14 15:32:23 POLARIS_LOG {"event":"send_rate","rate":352000,"ts":1760455943.3408487}
2025/10/14 15:32:24 POLARIS_LOG {"event":"send_rate","rate":416000,"ts":1760455944.3417068}
2025/10/14 15:32:25 POLARIS_LOG {"event":"send_rate","rate":584000,"ts":1760455945.3409834}
2025/10/14 15:32:26 POLARIS_LOG {"event":"send_rate","rate":416000,"ts":1760455946.34201}
2025/10/14 15:32:27 POLARIS_LOG {"event":"send_rate","rate":328000,"ts":1760455947.3412132}
2025/10/14 15:32:28 POLARIS_LOG {"event":"send_rate","rate":392000,"ts":1760455948.340853}
2025/10/14 15:32:29 POLARIS_LOG {"event":"send_rate","rate":424000,"ts":1760455949.341618}
2025/10/14 15:32:30 POLARIS_LOG {"event":"send_rate","rate":416000,"ts":1760455950.3416452}
Skipping switch: current path 4 4 1 3 has lastEstimate 400000 >= maxEstimate 0
2025/10/14 15:32:31 POLARIS_LOG {"event":"send_rate","rate":376000,"ts":1760455951.341632}
2025/10/14 15:32:32 POLARIS_LOG {"event":"send_rate","rate":368000,"ts":1760455952.3407962}
2025/10/14 15:32:33 POLARIS_LOG {"event":"send_rate","rate":432000,"ts":1760455953.3417132}
2025/10/14 15:32:34 POLARIS_LOG {"event":"send_rate","rate":280000,"ts":1760455954.341085}
2025/10/14 15:32:35 POLARIS_LOG {"event":"send_rate","rate":296000,"ts":1760455955.3413343}
2025/10/14 15:32:36 POLARIS_LOG {"event":"send_rate","rate":440000,"ts":1760455956.341373}
2025/10/14 15:32:37 POLARIS_LOG {"event":"send_rate","rate":520000,"ts":1760455957.3409047}
2025/10/14 15:32:38 POLARIS_LOG {"event":"send_rate","rate":424000,"ts":1760455958.341109}
2025/10/14 15:32:39 POLARIS_LOG {"event":"send_rate","rate":440000,"ts":1760455959.3412313}
2025/10/14 15:32:40 POLARIS_LOG {"event":"send_rate","rate":328000,"ts":1760455960.3417141}
Skipping switch: current path 4 4 1 3 has lastEstimate 400000 >= maxEstimate 0
2025/10/14 15:32:41 POLARIS_LOG {"event":"send_rate","rate":440000,"ts":1760455961.34117}
2025/10/14 15:32:42 POLARIS_LOG {"event":"send_rate","rate":592000,"ts":1760455962.3413181}
2025/10/14 15:32:43 POLARIS_LOG {"event":"send_rate","rate":488000,"ts":1760455963.341585}
2025/10/14 15:32:44 POLARIS_LOG {"event":"send_rate","rate":504000,"ts":1760455964.3410625}
2025/10/14 15:32:45 POLARIS_LOG {"event":"send_rate","rate":464000,"ts":1760455965.340993}
2025/10/14 15:32:46 POLARIS_LOG {"event":"send_rate","rate":512000,"ts":1760455966.3407652}
2025/10/14 15:32:47 POLARIS_LOG {"event":"send_rate","rate":576000,"ts":1760455967.3416986}
2025/10/14 15:32:48 POLARIS_LOG {"event":"send_rate","rate":448000,"ts":1760455968.3409407}
2025/10/14 15:32:49 POLARIS_LOG {"event":"send_rate","rate":528000,"ts":1760455969.3412888}
2025/10/14 15:32:50 POLARIS_LOG {"event":"send_rate","rate":408000,"ts":1760455970.3416438}
2025/10/14 15:32:51 POLARIS_LOG {"event":"send_rate","rate":464000,"ts":1760455971.3416097}
Skipping switch: current path 4 4 1 3 has lastEstimate 500000 >= maxEstimate 0
2025/10/14 15:32:52 POLARIS_LOG {"event":"send_rate","rate":464000,"ts":1760455972.3416934}
2025/10/14 15:32:53 POLARIS_LOG {"event":"send_rate","rate":520000,"ts":1760455973.3409188}
2025/10/14 15:32:54 POLARIS_LOG {"event":"send_rate","rate":560000,"ts":1760455974.3407815}
2025/10/14 15:32:55 POLARIS_LOG {"event":"send_rate","rate":576000,"ts":1760455975.3414607}
2025/10/14 15:32:56 POLARIS_LOG {"event":"send_rate","rate":528000,"ts":1760455976.3414648}
2025/10/14 15:32:57 POLARIS_LOG {"event":"send_rate","rate":664000,"ts":1760455977.3412316}
2025/10/14 15:32:58 POLARIS_LOG {"event":"send_rate","rate":648000,"ts":1760455978.3432646}
2025/10/14 15:32:59 POLARIS_LOG {"event":"send_rate","rate":504000,"ts":1760455979.3407953}
2025/10/14 15:33:00 POLARIS_LOG {"event":"send_rate","rate":456000,"ts":1760455980.3408601}
2025/10/14 15:33:01 POLARIS_LOG {"event":"send_rate","rate":432000,"ts":1760455981.3407462}
Skipping switch: current path 4 4 1 3 has lastEstimate 500000 >= maxEstimate 0
2025/10/14 15:33:02 POLARIS_LOG {"event":"send_rate","rate":424000,"ts":1760455982.3410563}
2025/10/14 15:33:03 POLARIS_LOG {"event":"send_rate","rate":472000,"ts":1760455983.341023}
2025/10/14 15:33:04 POLARIS_LOG {"event":"send_rate","rate":520000,"ts":1760455984.3417175}
2025/10/14 15:33:05 POLARIS_LOG {"event":"send_rate","rate":648000,"ts":1760455985.3410552}
2025/10/14 15:33:06 POLARIS_LOG {"event":"send_rate","rate":504000,"ts":1760455986.3424487}
2025/10/14 15:33:07 POLARIS_LOG {"event":"send_rate","rate":456000,"ts":1760455987.3409986}
2025/10/14 15:33:08 POLARIS_LOG {"event":"send_rate","rate":456000,"ts":1760455988.3423648}
2025/10/14 15:33:09 POLARIS_LOG {"event":"send_rate","rate":320000,"ts":1760455989.3413064}
2025/10/14 15:33:10 POLARIS_LOG {"event":"send_rate","rate":256000,"ts":1760455990.341373}
Skipping switch: current path 4 4 1 3 has lastEstimate 400000 >= maxEstimate 0
2025/10/14 15:33:11 POLARIS_LOG {"event":"send_rate","rate":264000,"ts":1760455991.3412457}
2025/10/14 15:33:12 POLARIS_LOG {"event":"send_rate","rate":392000,"ts":1760455992.3414648}
2025/10/14 15:33:13 POLARIS_LOG {"event":"send_rate","rate":384000,"ts":1760455993.3415723}
2025/10/14 15:33:14 POLARIS_LOG {"event":"send_rate","rate":512000,"ts":1760455994.341434}
2025/10/14 15:33:15 POLARIS_LOG {"event":"send_rate","rate":456000,"ts":1760455995.341221}
2025/10/14 15:33:16 POLARIS_LOG {"event":"send_rate","rate":440000,"ts":1760455996.343211}
2025/10/14 15:33:17 POLARIS_LOG {"event":"send_rate","rate":544000,"ts":1760455997.3411894}
2025/10/14 15:33:18 POLARIS_LOG {"event":"send_rate","rate":192000,"ts":1760455998.341227}
2025/10/14 15:33:19 POLARIS_LOG {"event":"send_rate","rate":400000,"ts":1760455999.3409812}
2025/10/14 15:33:20 POLARIS_LOG {"event":"send_rate","rate":424000,"ts":1760456000.3419337}
Skipping switch: current path 4 4 1 3 has lastEstimate 400000 >= maxEstimate 0
2025/10/14 15:33:21 POLARIS_LOG {"event":"send_rate","rate":400000,"ts":1760456001.3407292}
2025/10/14 15:33:22 POLARIS_LOG {"event":"send_rate","rate":376000,"ts":1760456002.340986}
2025/10/14 15:33:23 POLARIS_LOG {"event":"send_rate","rate":256000,"ts":1760456003.341707}
2025/10/14 15:33:24 POLARIS_LOG {"event":"send_rate","rate":256000,"ts":1760456004.3411589}
2025/10/14 15:33:25 POLARIS_LOG {"event":"send_rate","rate":344000,"ts":1760456005.3411858}
2025/10/14 15:33:26 POLARIS_LOG {"event":"send_rate","rate":360000,"ts":1760456006.3411837}
2025/10/14 15:33:27 POLARIS_LOG {"event":"send_rate","rate":280000,"ts":1760456007.3427744}
2025/10/14 15:33:28 POLARIS_LOG {"event":"send_rate","rate":304000,"ts":1760456008.3417578}
2025/10/14 15:33:29 POLARIS_LOG {"event":"send_rate","rate":320000,"ts":1760456009.340768}
2025/10/14 15:33:30 POLARIS_LOG {"event":"send_rate","rate":384000,"ts":1760456010.3424275}
Skipping switch: current path 4 4 1 3 has lastEstimate 400000 >= maxEstimate 0
2025/10/14 15:33:31 POLARIS_LOG {"event":"send_rate","rate":320000,"ts":1760456011.3411026}
2025/10/14 15:33:32 POLARIS_LOG {"event":"send_rate","rate":304000,"ts":1760456012.3417356}
Drain Loop received packet
Drain Loop received non-nil payload
We need to sleep for 1 seconds before we can get the results
Client sent 13376 packets, server reported 13243 packets received
The network loss rate from client to server is 1.0%

S->C results
Attempted bandwidth: 0 bps / 0.00 Mbps
Achieved bandwidth: 0 bps / 0.00 Mbps
Loss rate: 0.0%
Interarrival time min/avg/max/mdev = -0.000/0.000/0.000/0.000 ms

C->S results
Attempted bandwidth: 500000 bps / 0.50 Mbps
Achieved bandwidth: 460626 bps / 0.46 Mbps
Loss rate: 7.9%
Interarrival time min/avg/max/mdev = 0.002/17.293/357.055/18.433 ms
