
Test parameters:
client->server: 265 seconds, 1000 bytes, 16562 packets
server->client: 265 seconds, 1000 bytes, 0 packets
2025/10/14 15:29:06 POLARIS_LOG {"current_rate":0,"event":"path_switch","new":"2 2 5 2","trigger":"initialization","ts":1760455746.2174494}
Polaris prober initialized with 38 paths
Polaris prober initialized with local 1-111,10.111.0.71:32748 and remote 1-113,10.113.0.71
2025/10/14 15:29:07 POLARIS_LOG {"event":"send_rate","rate":0,"ts":1760455747.219955}
2025/10/14 15:29:08 POLARIS_LOG {"event":"send_rate","rate":120000,"ts":1760455748.2196455}
2025/10/14 15:29:09 POLARIS_LOG {"event":"send_rate","rate":496000,"ts":1760455749.2209194}
2025/10/14 15:29:10 POLARIS_LOG {"event":"send_rate","rate":504000,"ts":1760455750.2200603}
2025/10/14 15:29:11 POLARIS_LOG {"event":"send_rate","rate":496000,"ts":1760455751.2194247}
2025/10/14 15:29:12 POLARIS_LOG {"event":"send_rate","rate":504000,"ts":1760455752.222589}
2025/10/14 15:29:13 POLARIS_LOG {"event":"send_rate","rate":496000,"ts":1760455753.2203376}
2025/10/14 15:29:14 POLARIS_LOG {"event":"send_rate","rate":504000,"ts":1760455754.2198825}
2025/10/14 15:29:15 POLARIS_LOG {"event":"send_rate","rate":464000,"ts":1760455755.2199867}
2025/10/14 15:29:16 POLARIS_LOG {"event":"send_rate","rate":344000,"ts":1760455756.2198234}
2025/10/14 15:29:16 POLARIS_LOG {"candidates":25,"candidates_unfiltered":25,"current_rate":344000,"estimated_share":1000000,"event":"path_switch","max_estimated_share":1000000,"new":"1 1 6 6 2 4","old":"2 2 5 2","trigger":"scheduled","ts":1760455756.2207427}
2025/10/14 15:29:17 POLARIS_LOG {"event":"send_rate","rate":688000,"ts":1760455757.2201672}
2025/10/14 15:29:18 POLARIS_LOG {"event":"send_rate","rate":504000,"ts":1760455758.2214723}
2025/10/14 15:29:19 POLARIS_LOG {"event":"send_rate","rate":496000,"ts":1760455759.2200847}
2025/10/14 15:29:20 POLARIS_LOG {"event":"send_rate","rate":512000,"ts":1760455760.2455575}
2025/10/14 15:29:21 POLARIS_LOG {"event":"send_rate","rate":488000,"ts":1760455761.219705}
2025/10/14 15:29:22 POLARIS_LOG {"event":"send_rate","rate":504000,"ts":1760455762.2196407}
2025/10/14 15:29:23 POLARIS_LOG {"event":"send_rate","rate":496000,"ts":1760455763.2195837}
2025/10/14 15:29:24 POLARIS_LOG {"event":"send_rate","rate":504000,"ts":1760455764.2198641}
2025/10/14 15:29:25 POLARIS_LOG {"event":"send_rate","rate":496000,"ts":1760455765.2197845}
2025/10/14 15:29:26 POLARIS_LOG {"event":"send_rate","rate":504000,"ts":1760455766.2196171}
2025/10/14 15:29:27 POLARIS_LOG {"event":"send_rate","rate":504000,"ts":1760455767.2390106}
2025/10/14 15:29:28 POLARIS_LOG {"event":"send_rate","rate":496000,"ts":1760455768.2199528}
2025/10/14 15:29:29 POLARIS_LOG {"event":"send_rate","rate":496000,"ts":1760455769.219784}
2025/10/14 15:29:30 POLARIS_LOG {"event":"send_rate","rate":504000,"ts":1760455770.2197828}
2025/10/14 15:29:31 POLARIS_LOG {"event":"send_rate","rate":496000,"ts":1760455771.220078}
2025/10/14 15:29:32 POLARIS_LOG {"event":"send_rate","rate":504000,"ts":1760455772.220323}
2025/10/14 15:29:33 POLARIS_LOG {"event":"send_rate","rate":496000,"ts":1760455773.22488}
2025/10/14 15:29:34 POLARIS_LOG {"event":"send_rate","rate":504000,"ts":1760455774.2203023}
2025/10/14 15:29:35 POLARIS_LOG {"event":"send_rate","rate":496000,"ts":1760455775.2195158}
2025/10/14 15:29:36 POLARIS_LOG {"event":"send_rate","rate":504000,"ts":1760455776.2193673}
2025/10/14 15:29:37 POLARIS_LOG {"event":"send_rate","rate":496000,"ts":1760455777.2203524}
2025/10/14 15:29:38 POLARIS_LOG {"event":"send_rate","rate":504000,"ts":1760455778.2199326}
2025/10/14 15:29:39 POLARIS_LOG {"event":"send_rate","rate":496000,"ts":1760455779.219423}
2025/10/14 15:29:40 POLARIS_LOG {"event":"send_rate","rate":496000,"ts":1760455780.2213066}
2025/10/14 15:29:41 POLARIS_LOG {"event":"send_rate","rate":504000,"ts":1760455781.2244189}
2025/10/14 15:29:42 POLARIS_LOG {"event":"send_rate","rate":504000,"ts":1760455782.2202473}
2025/10/14 15:29:43 POLARIS_LOG {"event":"send_rate","rate":496000,"ts":1760455783.2206054}
2025/10/14 15:29:44 POLARIS_LOG {"event":"send_rate","rate":504000,"ts":1760455784.2197611}
2025/10/14 15:29:45 POLARIS_LOG {"event":"send_rate","rate":496000,"ts":1760455785.2221003}
2025/10/14 15:29:46 POLARIS_LOG {"event":"send_rate","rate":496000,"ts":1760455786.2200758}
2025/10/14 15:29:47 POLARIS_LOG {"event":"send_rate","rate":504000,"ts":1760455787.2195156}
2025/10/14 15:29:48 POLARIS_LOG {"event":"send_rate","rate":504000,"ts":1760455788.2346585}
2025/10/14 15:29:49 POLARIS_LOG {"event":"send_rate","rate":496000,"ts":1760455789.2204723}
2025/10/14 15:29:50 POLARIS_LOG {"event":"send_rate","rate":496000,"ts":1760455790.220057}
2025/10/14 15:29:51 POLARIS_LOG {"event":"send_rate","rate":504000,"ts":1760455791.219762}
2025/10/14 15:29:52 POLARIS_LOG {"event":"send_rate","rate":504000,"ts":1760455792.2280657}
2025/10/14 15:29:53 POLARIS_LOG {"event":"send_rate","rate":496000,"ts":1760455793.2207909}
2025/10/14 15:29:54 POLARIS_LOG {"event":"send_rate","rate":496000,"ts":1760455794.2198892}
2025/10/14 15:29:55 POLARIS_LOG {"event":"send_rate","rate":504000,"ts":1760455795.2199636}
2025/10/14 15:29:56 POLARIS_LOG {"event":"send_rate","rate":496000,"ts":1760455796.2195368}
2025/10/14 15:29:57 POLARIS_LOG {"event":"send_rate","rate":504000,"ts":1760455797.2201188}
2025/10/14 15:29:58 POLARIS_LOG {"event":"send_rate","rate":504000,"ts":1760455798.2246974}
2025/10/14 15:29:59 POLARIS_LOG {"event":"send_rate","rate":496000,"ts":1760455799.2204661}
2025/10/14 15:30:00 POLARIS_LOG {"event":"send_rate","rate":496000,"ts":1760455800.2198331}
2025/10/14 15:30:01 POLARIS_LOG {"event":"send_rate","rate":504000,"ts":1760455801.2339919}
2025/10/14 15:30:02 POLARIS_LOG {"event":"send_rate","rate":496000,"ts":1760455802.2203114}
2025/10/14 15:30:03 POLARIS_LOG {"event":"send_rate","rate":504000,"ts":1760455803.220324}
2025/10/14 15:30:04 POLARIS_LOG {"event":"send_rate","rate":504000,"ts":1760455804.2303436}
2025/10/14 15:30:05 POLARIS_LOG {"event":"send_rate","rate":496000,"ts":1760455805.2203012}
2025/10/14 15:30:06 POLARIS_LOG {"event":"send_rate","rate":496000,"ts":1760455806.21947}
2025/10/14 15:30:07 POLARIS_LOG {"event":"send_rate","rate":504000,"ts":1760455807.2194145}
2025/10/14 15:30:08 POLARIS_LOG {"event":"send_rate","rate":496000,"ts":1760455808.2203755}
2025/10/14 15:30:09 POLARIS_LOG {"event":"send_rate","rate":504000,"ts":1760455809.2207236}
2025/10/14 15:30:10 POLARIS_LOG {"event":"send_rate","rate":496000,"ts":1760455810.2199433}
2025/10/14 15:30:11 POLARIS_LOG {"event":"send_rate","rate":504000,"ts":1760455811.2205255}
2025/10/14 15:30:12 POLARIS_LOG {"event":"send_rate","rate":496000,"ts":1760455812.2200608}
2025/10/14 15:30:13 POLARIS_LOG {"event":"send_rate","rate":504000,"ts":1760455813.2202115}
2025/10/14 15:30:14 POLARIS_LOG {"event":"send_rate","rate":496000,"ts":1760455814.220362}
2025/10/14 15:30:15 POLARIS_LOG {"event":"send_rate","rate":504000,"ts":1760455815.2193525}
2025/10/14 15:30:16 POLARIS_LOG {"event":"send_rate","rate":496000,"ts":1760455816.219979}
2025/10/14 15:30:17 POLARIS_LOG {"event":"send_rate","rate":504000,"ts":1760455817.221391}
2025/10/14 15:30:18 POLARIS_LOG {"event":"send_rate","rate":496000,"ts":1760455818.2198927}
2025/10/14 15:30:19 POLARIS_LOG {"event":"send_rate","rate":504000,"ts":1760455819.2196476}
2025/10/14 15:30:20 POLARIS_LOG {"event":"send_rate","rate":496000,"ts":1760455820.2201755}
2025/10/14 15:30:21 POLARIS_LOG {"event":"send_rate","rate":504000,"ts":1760455821.2201154}
2025/10/14 15:30:22 POLARIS_LOG {"event":"send_rate","rate":440000,"ts":1760455822.2197561}
2025/10/14 15:30:23 POLARIS_LOG {"event":"send_rate","rate":432000,"ts":1760455823.220206}
2025/10/14 15:30:24 POLARIS_LOG {"event":"send_rate","rate":440000,"ts":1760455824.2207742}
2025/10/14 15:30:25 POLARIS_LOG {"event":"send_rate","rate":640000,"ts":1760455825.227468}
2025/10/14 15:30:26 POLARIS_LOG {"event":"send_rate","rate":552000,"ts":1760455826.226903}
2025/10/14 15:30:27 POLARIS_LOG {"event":"send_rate","rate":496000,"ts":1760455827.222345}
2025/10/14 15:30:28 POLARIS_LOG {"event":"send_rate","rate":496000,"ts":1760455828.2208278}
2025/10/14 15:30:29 POLARIS_LOG {"event":"send_rate","rate":504000,"ts":1760455829.2199092}
2025/10/14 15:30:30 POLARIS_LOG {"event":"send_rate","rate":496000,"ts":1760455830.2202585}
2025/10/14 15:30:31 POLARIS_LOG {"event":"send_rate","rate":344000,"ts":1760455831.2211864}
2025/10/14 15:30:32 POLARIS_LOG {"event":"send_rate","rate":200000,"ts":1760455832.219912}
2025/10/14 15:30:33 POLARIS_LOG {"event":"send_rate","rate":224000,"ts":1760455833.22033}
2025/10/14 15:30:34 POLARIS_LOG {"event":"send_rate","rate":328000,"ts":1760455834.2198973}
2025/10/14 15:30:35 POLARIS_LOG {"event":"send_rate","rate":456000,"ts":1760455835.2200186}
Skipping switch: current path 1 1 6 6 2 4 has lastEstimate 400000 >= maxEstimate 0
2025/10/14 15:30:36 POLARIS_LOG {"event":"send_rate","rate":320000,"ts":1760455836.220128}
2025/10/14 15:30:37 POLARIS_LOG {"event":"send_rate","rate":328000,"ts":1760455837.2202146}
2025/10/14 15:30:38 POLARIS_LOG {"event":"send_rate","rate":296000,"ts":1760455838.2197466}
2025/10/14 15:30:39 POLARIS_LOG {"event":"send_rate","rate":352000,"ts":1760455839.2210984}
2025/10/14 15:30:40 POLARIS_LOG {"event":"send_rate","rate":296000,"ts":1760455840.220074}
2025/10/14 15:30:41 POLARIS_LOG {"event":"send_rate","rate":288000,"ts":1760455841.2193666}
2025/10/14 15:30:42 POLARIS_LOG {"event":"send_rate","rate":352000,"ts":1760455842.2274652}
2025/10/14 15:30:43 POLARIS_LOG {"event":"send_rate","rate":392000,"ts":1760455843.2200937}
2025/10/14 15:30:44 POLARIS_LOG {"event":"send_rate","rate":288000,"ts":1760455844.2194986}
2025/10/14 15:30:45 POLARIS_LOG {"event":"send_rate","rate":368000,"ts":1760455845.2200282}
2025/10/14 15:30:46 POLARIS_LOG {"event":"send_rate","rate":440000,"ts":1760455846.219573}
2025/10/14 15:30:46 POLARIS_LOG {"candidates":2,"candidates_unfiltered":2,"current_rate":440000,"estimated_share":666500,"event":"path_switch","max_estimated_share":666500,"new":"5 5 2 4","old":"1 1 6 6 2 4","trigger":"scheduled","ts":1760455846.2234967}
2025/10/14 15:30:47 POLARIS_LOG {"event":"send_rate","rate":3232000,"ts":1760455847.2201211}
2025/10/14 15:30:48 POLARIS_LOG {"event":"send_rate","rate":496000,"ts":1760455848.2200425}
2025/10/14 15:30:49 POLARIS_LOG {"event":"send_rate","rate":504000,"ts":1760455849.2202172}
2025/10/14 15:30:50 POLARIS_LOG {"event":"send_rate","rate":496000,"ts":1760455850.2209268}
2025/10/14 15:30:51 POLARIS_LOG {"event":"send_rate","rate":504000,"ts":1760455851.2199342}
2025/10/14 15:30:52 POLARIS_LOG {"event":"send_rate","rate":496000,"ts":1760455852.2202706}
2025/10/14 15:30:53 POLARIS_LOG {"event":"send_rate","rate":504000,"ts":1760455853.2195692}
2025/10/14 15:30:54 POLARIS_LOG {"event":"send_rate","rate":496000,"ts":1760455854.2199433}
2025/10/14 15:30:55 POLARIS_LOG {"event":"send_rate","rate":504000,"ts":1760455855.2203057}
2025/10/14 15:30:56 POLARIS_LOG {"event":"send_rate","rate":496000,"ts":1760455856.2207222}
2025/10/14 15:30:57 POLARIS_LOG {"event":"send_rate","rate":504000,"ts":1760455857.2202754}
2025/10/14 15:30:58 POLARIS_LOG {"event":"send_rate","rate":496000,"ts":1760455858.2237353}
2025/10/14 15:30:59 POLARIS_LOG {"event":"send_rate","rate":504000,"ts":1760455859.2200587}
2025/10/14 15:31:00 POLARIS_LOG {"event":"send_rate","rate":496000,"ts":1760455860.219968}
2025/10/14 15:31:01 POLARIS_LOG {"event":"send_rate","rate":496000,"ts":1760455861.2195065}
2025/10/14 15:31:02 POLARIS_LOG {"event":"send_rate","rate":504000,"ts":1760455862.2193744}
2025/10/14 15:31:03 POLARIS_LOG {"event":"send_rate","rate":504000,"ts":1760455863.2196543}
2025/10/14 15:31:04 POLARIS_LOG {"event":"send_rate","rate":496000,"ts":1760455864.2200253}
2025/10/14 15:31:05 POLARIS_LOG {"event":"send_rate","rate":504000,"ts":1760455865.2205822}
2025/10/14 15:31:06 POLARIS_LOG {"event":"send_rate","rate":496000,"ts":1760455866.2201784}
2025/10/14 15:31:07 POLARIS_LOG {"event":"send_rate","rate":504000,"ts":1760455867.2197883}
2025/10/14 15:31:08 POLARIS_LOG {"event":"send_rate","rate":496000,"ts":1760455868.2200916}
2025/10/14 15:31:09 POLARIS_LOG {"event":"send_rate","rate":504000,"ts":1760455869.219997}
2025/10/14 15:31:10 POLARIS_LOG {"event":"send_rate","rate":496000,"ts":1760455870.219401}
2025/10/14 15:31:11 POLARIS_LOG {"event":"send_rate","rate":504000,"ts":1760455871.2208948}
2025/10/14 15:31:12 POLARIS_LOG {"event":"send_rate","rate":496000,"ts":1760455872.2203326}
2025/10/14 15:31:13 POLARIS_LOG {"event":"send_rate","rate":504000,"ts":1760455873.2209587}
2025/10/14 15:31:14 POLARIS_LOG {"event":"send_rate","rate":496000,"ts":1760455874.2202666}
2025/10/14 15:31:15 POLARIS_LOG {"event":"send_rate","rate":496000,"ts":1760455875.2195067}
2025/10/14 15:31:16 POLARIS_LOG {"event":"send_rate","rate":504000,"ts":1760455876.219449}
2025/10/14 15:31:17 POLARIS_LOG {"event":"send_rate","rate":496000,"ts":1760455877.2195976}
2025/10/14 15:31:18 POLARIS_LOG {"event":"send_rate","rate":504000,"ts":1760455878.2199798}
2025/10/14 15:31:19 POLARIS_LOG {"event":"send_rate","rate":496000,"ts":1760455879.219691}
2025/10/14 15:31:20 POLARIS_LOG {"event":"send_rate","rate":504000,"ts":1760455880.2195935}
2025/10/14 15:31:21 POLARIS_LOG {"event":"send_rate","rate":496000,"ts":1760455881.219966}
2025/10/14 15:31:22 POLARIS_LOG {"event":"send_rate","rate":504000,"ts":1760455882.2197573}
2025/10/14 15:31:23 POLARIS_LOG {"event":"send_rate","rate":496000,"ts":1760455883.2199194}
2025/10/14 15:31:24 POLARIS_LOG {"event":"send_rate","rate":504000,"ts":1760455884.2219124}
2025/10/14 15:31:25 POLARIS_LOG {"event":"send_rate","rate":496000,"ts":1760455885.220026}
2025/10/14 15:31:26 POLARIS_LOG {"event":"send_rate","rate":504000,"ts":1760455886.2199597}
2025/10/14 15:31:27 POLARIS_LOG {"event":"send_rate","rate":496000,"ts":1760455887.2197843}
2025/10/14 15:31:28 POLARIS_LOG {"event":"send_rate","rate":504000,"ts":1760455888.2200782}
2025/10/14 15:31:29 POLARIS_LOG {"event":"send_rate","rate":496000,"ts":1760455889.2195067}
2025/10/14 15:31:30 POLARIS_LOG {"event":"send_rate","rate":504000,"ts":1760455890.2203689}
2025/10/14 15:31:31 POLARIS_LOG {"event":"send_rate","rate":496000,"ts":1760455891.2203448}
2025/10/14 15:31:32 POLARIS_LOG {"event":"send_rate","rate":504000,"ts":1760455892.220074}
2025/10/14 15:31:33 POLARIS_LOG {"event":"send_rate","rate":496000,"ts":1760455893.2196605}
2025/10/14 15:31:34 POLARIS_LOG {"event":"send_rate","rate":504000,"ts":1760455894.2201989}
2025/10/14 15:31:35 POLARIS_LOG {"event":"send_rate","rate":496000,"ts":1760455895.2196507}
2025/10/14 15:31:36 POLARIS_LOG {"event":"send_rate","rate":504000,"ts":1760455896.2200446}
2025/10/14 15:31:37 POLARIS_LOG {"event":"send_rate","rate":496000,"ts":1760455897.2198641}
2025/10/14 15:31:38 POLARIS_LOG {"event":"send_rate","rate":504000,"ts":1760455898.2195132}
2025/10/14 15:31:39 POLARIS_LOG {"event":"send_rate","rate":496000,"ts":1760455899.2202759}
2025/10/14 15:31:40 POLARIS_LOG {"event":"send_rate","rate":504000,"ts":1760455900.21967}
2025/10/14 15:31:41 POLARIS_LOG {"event":"send_rate","rate":496000,"ts":1760455901.2202017}
2025/10/14 15:31:42 POLARIS_LOG {"event":"send_rate","rate":504000,"ts":1760455902.2201707}
2025/10/14 15:31:43 POLARIS_LOG {"event":"send_rate","rate":496000,"ts":1760455903.2198129}
2025/10/14 15:31:44 POLARIS_LOG {"event":"send_rate","rate":504000,"ts":1760455904.2201607}
2025/10/14 15:31:45 POLARIS_LOG {"event":"send_rate","rate":496000,"ts":1760455905.2202046}
2025/10/14 15:31:46 POLARIS_LOG {"event":"send_rate","rate":504000,"ts":1760455906.2198}
2025/10/14 15:31:47 POLARIS_LOG {"event":"send_rate","rate":496000,"ts":1760455907.2195425}
2025/10/14 15:31:48 POLARIS_LOG {"event":"send_rate","rate":504000,"ts":1760455908.2194967}
2025/10/14 15:31:49 POLARIS_LOG {"event":"send_rate","rate":496000,"ts":1760455909.2293968}
2025/10/14 15:31:50 POLARIS_LOG {"event":"send_rate","rate":504000,"ts":1760455910.220033}
2025/10/14 15:31:51 POLARIS_LOG {"event":"send_rate","rate":496000,"ts":1760455911.2193422}
2025/10/14 15:31:52 POLARIS_LOG {"event":"send_rate","rate":504000,"ts":1760455912.2199805}
2025/10/14 15:31:53 POLARIS_LOG {"event":"send_rate","rate":496000,"ts":1760455913.2199724}
2025/10/14 15:31:54 POLARIS_LOG {"event":"send_rate","rate":504000,"ts":1760455914.2237601}
2025/10/14 15:31:55 POLARIS_LOG {"event":"send_rate","rate":496000,"ts":1760455915.2200587}
2025/10/14 15:31:56 POLARIS_LOG {"event":"send_rate","rate":504000,"ts":1760455916.2198176}
2025/10/14 15:31:57 POLARIS_LOG {"event":"send_rate","rate":496000,"ts":1760455917.2202675}
2025/10/14 15:31:58 POLARIS_LOG {"event":"send_rate","rate":504000,"ts":1760455918.2201424}
2025/10/14 15:31:59 POLARIS_LOG {"event":"send_rate","rate":496000,"ts":1760455919.2204218}
2025/10/14 15:32:00 POLARIS_LOG {"event":"send_rate","rate":504000,"ts":1760455920.2203429}
2025/10/14 15:32:01 POLARIS_LOG {"event":"send_rate","rate":496000,"ts":1760455921.2202723}
2025/10/14 15:32:02 POLARIS_LOG {"event":"send_rate","rate":504000,"ts":1760455922.219981}
2025/10/14 15:32:03 POLARIS_LOG {"event":"send_rate","rate":496000,"ts":1760455923.2198787}
2025/10/14 15:32:04 POLARIS_LOG {"event":"send_rate","rate":504000,"ts":1760455924.2197375}
2025/10/14 15:32:05 POLARIS_LOG {"event":"send_rate","rate":496000,"ts":1760455925.2202182}
2025/10/14 15:32:06 POLARIS_LOG {"event":"send_rate","rate":504000,"ts":1760455926.2200089}
2025/10/14 15:32:07 POLARIS_LOG {"event":"send_rate","rate":496000,"ts":1760455927.220133}
2025/10/14 15:32:08 POLARIS_LOG {"event":"send_rate","rate":504000,"ts":1760455928.2199}
2025/10/14 15:32:09 POLARIS_LOG {"event":"send_rate","rate":496000,"ts":1760455929.2203443}
2025/10/14 15:32:10 POLARIS_LOG {"event":"send_rate","rate":504000,"ts":1760455930.2201993}
2025/10/14 15:32:11 POLARIS_LOG {"event":"send_rate","rate":496000,"ts":1760455931.219807}
2025/10/14 15:32:12 POLARIS_LOG {"event":"send_rate","rate":504000,"ts":1760455932.219358}
2025/10/14 15:32:13 POLARIS_LOG {"event":"send_rate","rate":496000,"ts":1760455933.2195244}
2025/10/14 15:32:14 POLARIS_LOG {"event":"send_rate","rate":504000,"ts":1760455934.2202606}
2025/10/14 15:32:15 POLARIS_LOG {"event":"send_rate","rate":496000,"ts":1760455935.2199345}
2025/10/14 15:32:16 POLARIS_LOG {"event":"send_rate","rate":504000,"ts":1760455936.2193596}
2025/10/14 15:32:17 POLARIS_LOG {"event":"send_rate","rate":496000,"ts":1760455937.220036}
2025/10/14 15:32:18 POLARIS_LOG {"event":"send_rate","rate":504000,"ts":1760455938.220076}
2025/10/14 15:32:19 POLARIS_LOG {"event":"send_rate","rate":496000,"ts":1760455939.224047}
2025/10/14 15:32:20 POLARIS_LOG {"event":"send_rate","rate":504000,"ts":1760455940.220098}
2025/10/14 15:32:21 POLARIS_LOG {"event":"send_rate","rate":496000,"ts":1760455941.221093}
2025/10/14 15:32:22 POLARIS_LOG {"event":"send_rate","rate":504000,"ts":1760455942.219672}
2025/10/14 15:32:23 POLARIS_LOG {"event":"send_rate","rate":496000,"ts":1760455943.220408}
2025/10/14 15:32:24 POLARIS_LOG {"event":"send_rate","rate":504000,"ts":1760455944.2193475}
2025/10/14 15:32:25 POLARIS_LOG {"event":"send_rate","rate":496000,"ts":1760455945.2196069}
2025/10/14 15:32:26 POLARIS_LOG {"event":"send_rate","rate":504000,"ts":1760455946.2215912}
2025/10/14 15:32:27 POLARIS_LOG {"event":"send_rate","rate":496000,"ts":1760455947.219829}
2025/10/14 15:32:28 POLARIS_LOG {"event":"send_rate","rate":496000,"ts":1760455948.2193751}
2025/10/14 15:32:29 POLARIS_LOG {"event":"send_rate","rate":504000,"ts":1760455949.2292972}
2025/10/14 15:32:30 POLARIS_LOG {"event":"send_rate","rate":504000,"ts":1760455950.2199419}
2025/10/14 15:32:31 POLARIS_LOG {"event":"send_rate","rate":496000,"ts":1760455951.220168}
2025/10/14 15:32:32 POLARIS_LOG {"event":"send_rate","rate":504000,"ts":1760455952.220486}
2025/10/14 15:32:33 POLARIS_LOG {"event":"send_rate","rate":496000,"ts":1760455953.2198849}
2025/10/14 15:32:34 POLARIS_LOG {"event":"send_rate","rate":504000,"ts":1760455954.220283}
2025/10/14 15:32:35 POLARIS_LOG {"event":"send_rate","rate":496000,"ts":1760455955.220333}
2025/10/14 15:32:36 POLARIS_LOG {"event":"send_rate","rate":504000,"ts":1760455956.2201989}
2025/10/14 15:32:37 POLARIS_LOG {"event":"send_rate","rate":496000,"ts":1760455957.2202454}
2025/10/14 15:32:38 POLARIS_LOG {"event":"send_rate","rate":496000,"ts":1760455958.2301466}
2025/10/14 15:32:39 POLARIS_LOG {"event":"send_rate","rate":504000,"ts":1760455959.2201574}
2025/10/14 15:32:40 POLARIS_LOG {"event":"send_rate","rate":504000,"ts":1760455960.2198515}
2025/10/14 15:32:41 POLARIS_LOG {"event":"send_rate","rate":496000,"ts":1760455961.2196698}
2025/10/14 15:32:42 POLARIS_LOG {"event":"send_rate","rate":504000,"ts":1760455962.2198892}
2025/10/14 15:32:43 POLARIS_LOG {"event":"send_rate","rate":496000,"ts":1760455963.2196748}
2025/10/14 15:32:44 POLARIS_LOG {"event":"send_rate","rate":504000,"ts":1760455964.2236207}
2025/10/14 15:32:45 POLARIS_LOG {"event":"send_rate","rate":496000,"ts":1760455965.2197227}
2025/10/14 15:32:46 POLARIS_LOG {"event":"send_rate","rate":496000,"ts":1760455966.2233908}
2025/10/14 15:32:47 POLARIS_LOG {"event":"send_rate","rate":504000,"ts":1760455967.2193716}
2025/10/14 15:32:48 POLARIS_LOG {"event":"send_rate","rate":496000,"ts":1760455968.2194932}
2025/10/14 15:32:49 POLARIS_LOG {"event":"send_rate","rate":504000,"ts":1760455969.2208052}
2025/10/14 15:32:50 POLARIS_LOG {"event":"send_rate","rate":496000,"ts":1760455970.219356}
2025/10/14 15:32:51 POLARIS_LOG {"event":"send_rate","rate":432000,"ts":1760455971.2197428}
2025/10/14 15:32:52 POLARIS_LOG {"event":"send_rate","rate":352000,"ts":1760455972.2201056}
2025/10/14 15:32:53 POLARIS_LOG {"event":"send_rate","rate":528000,"ts":1760455973.220099}
2025/10/14 15:32:54 POLARIS_LOG {"event":"send_rate","rate":552000,"ts":1760455974.2202497}
2025/10/14 15:32:55 POLARIS_LOG {"event":"send_rate","rate":488000,"ts":1760455975.220753}
Skipping switch: current path 5 5 2 4 has lastEstimate 400000 >= maxEstimate 0
2025/10/14 15:32:56 POLARIS_LOG {"event":"send_rate","rate":464000,"ts":1760455976.2196696}
2025/10/14 15:32:57 POLARIS_LOG {"event":"send_rate","rate":488000,"ts":1760455977.220275}
2025/10/14 15:32:58 POLARIS_LOG {"event":"send_rate","rate":312000,"ts":1760455978.2197409}
2025/10/14 15:32:59 POLARIS_LOG {"event":"send_rate","rate":368000,"ts":1760455979.2200632}
2025/10/14 15:33:00 POLARIS_LOG {"event":"send_rate","rate":352000,"ts":1760455980.2195036}
2025/10/14 15:33:01 POLARIS_LOG {"event":"send_rate","rate":280000,"ts":1760455981.2199428}
2025/10/14 15:33:02 POLARIS_LOG {"event":"send_rate","rate":312000,"ts":1760455982.2194262}
2025/10/14 15:33:03 POLARIS_LOG {"event":"send_rate","rate":344000,"ts":1760455983.2200596}
2025/10/14 15:33:04 POLARIS_LOG {"event":"send_rate","rate":528000,"ts":1760455984.220003}
2025/10/14 15:33:05 POLARIS_LOG {"event":"send_rate","rate":448000,"ts":1760455985.2202644}
2025/10/14 15:33:06 POLARIS_LOG {"event":"send_rate","rate":336000,"ts":1760455986.2204947}
Skipping switch: current path 5 5 2 4 has lastEstimate 400000 >= maxEstimate 0
2025/10/14 15:33:07 POLARIS_LOG {"event":"send_rate","rate":568000,"ts":1760455987.2202163}
2025/10/14 15:33:08 POLARIS_LOG {"event":"send_rate","rate":664000,"ts":1760455988.2193503}
2025/10/14 15:33:09 POLARIS_LOG {"event":"send_rate","rate":760000,"ts":1760455989.2195828}
2025/10/14 15:33:10 POLARIS_LOG {"event":"send_rate","rate":624000,"ts":1760455990.2195373}
2025/10/14 15:33:11 POLARIS_LOG {"event":"send_rate","rate":520000,"ts":1760455991.2200773}
2025/10/14 15:33:12 POLARIS_LOG {"event":"send_rate","rate":480000,"ts":1760455992.2196338}
2025/10/14 15:33:13 POLARIS_LOG {"event":"send_rate","rate":520000,"ts":1760455993.220583}
2025/10/14 15:33:14 POLARIS_LOG {"event":"send_rate","rate":544000,"ts":1760455994.2196364}
2025/10/14 15:33:15 POLARIS_LOG {"event":"send_rate","rate":584000,"ts":1760455995.2236843}
2025/10/14 15:33:16 POLARIS_LOG {"event":"send_rate","rate":600000,"ts":1760455996.233467}
2025/10/14 15:33:17 POLARIS_LOG {"event":"send_rate","rate":480000,"ts":1760455997.220261}
2025/10/14 15:33:18 POLARIS_LOG {"event":"send_rate","rate":704000,"ts":1760455998.219439}
2025/10/14 15:33:19 POLARIS_LOG {"event":"send_rate","rate":552000,"ts":1760455999.2201946}
2025/10/14 15:33:20 POLARIS_LOG {"event":"send_rate","rate":520000,"ts":1760456000.2199035}
2025/10/14 15:33:21 POLARIS_LOG {"event":"send_rate","rate":440000,"ts":1760456001.2199962}
2025/10/14 15:33:22 POLARIS_LOG {"event":"send_rate","rate":304000,"ts":1760456002.2194798}
2025/10/14 15:33:23 POLARIS_LOG {"event":"send_rate","rate":296000,"ts":1760456003.220083}
2025/10/14 15:33:24 POLARIS_LOG {"event":"send_rate","rate":296000,"ts":1760456004.2196887}
2025/10/14 15:33:25 POLARIS_LOG {"event":"send_rate","rate":280000,"ts":1760456005.2215226}
2025/10/14 15:33:26 POLARIS_LOG {"event":"send_rate","rate":328000,"ts":1760456006.2203932}
2025/10/14 15:33:26 POLARIS_LOG {"candidates":2,"candidates_unfiltered":2,"current_rate":328000,"estimated_share":666500,"event":"path_switch","max_estimated_share":666500,"new":"1 1 5 2","old":"5 5 2 4","trigger":"scheduled","ts":1760456006.2204509}
2025/10/14 15:33:27 POLARIS_LOG {"event":"send_rate","rate":1856000,"ts":1760456007.2195516}
2025/10/14 15:33:28 POLARIS_LOG {"event":"send_rate","rate":496000,"ts":1760456008.2195332}
2025/10/14 15:33:29 POLARIS_LOG {"event":"send_rate","rate":504000,"ts":1760456009.2201555}
2025/10/14 15:33:30 POLARIS_LOG {"event":"send_rate","rate":496000,"ts":1760456010.2196994}
2025/10/14 15:33:31 POLARIS_LOG {"event":"send_rate","rate":504000,"ts":1760456011.2198284}
2025/10/14 15:33:32 POLARIS_LOG {"event":"send_rate","rate":496000,"ts":1760456012.2197194}
We need to sleep for 1 seconds before we can get the results
Drain Loop received packet
Drain Loop received non-nil payload
Client sent 16562 packets, server reported 16487 packets received
The network loss rate from client to server is 0.5%

S->C results
Attempted bandwidth: 0 bps / 0.00 Mbps
Achieved bandwidth: 0 bps / 0.00 Mbps
Loss rate: 0.0%
Interarrival time min/avg/max/mdev = -0.000/0.000/0.000/0.000 ms

C->S results
Attempted bandwidth: 499984 bps / 0.50 Mbps
Achieved bandwidth: 497720 bps / 0.50 Mbps
Loss rate: 0.5%
Interarrival time min/avg/max/mdev = 0.002/16.026/305.331/17.009 ms
