
Test parameters:
client->server: 285 seconds, 1000 bytes, 10687 packets
server->client: 285 seconds, 1000 bytes, 0 packets
Polaris prober initialized with 38 paths
Polaris prober initialized with local 1-111,10.111.0.71:32749 and remote 1-113,10.113.0.71
2025/10/14 15:46:43 POLARIS_LOG {"current_rate":0,"event":"path_switch","new":"2 2 5 2","trigger":"initialization","ts":1760456803.064252}
2025/10/14 15:46:44 POLARIS_LOG {"event":"send_rate","rate":288000,"ts":1760456804.067707}
2025/10/14 15:46:45 POLARIS_LOG {"event":"send_rate","rate":296000,"ts":1760456805.0664392}
2025/10/14 15:46:46 POLARIS_LOG {"event":"send_rate","rate":304000,"ts":1760456806.0678787}
2025/10/14 15:46:47 POLARIS_LOG {"event":"send_rate","rate":296000,"ts":1760456807.0675213}
2025/10/14 15:46:48 POLARIS_LOG {"event":"send_rate","rate":304000,"ts":1760456808.0660841}
2025/10/14 15:46:49 POLARIS_LOG {"event":"send_rate","rate":296000,"ts":1760456809.0660532}
2025/10/14 15:46:50 POLARIS_LOG {"event":"send_rate","rate":312000,"ts":1760456810.1009731}
2025/10/14 15:46:51 POLARIS_LOG {"event":"send_rate","rate":288000,"ts":1760456811.0661042}
2025/10/14 15:46:52 POLARIS_LOG {"event":"send_rate","rate":312000,"ts":1760456812.089668}
2025/10/14 15:46:53 POLARIS_LOG {"event":"send_rate","rate":288000,"ts":1760456813.065922}
2025/10/14 15:46:53 POLARIS_LOG {"candidates":25,"candidates_unfiltered":25,"current_rate":288000,"estimated_share":2000000,"event":"path_switch","max_estimated_share":2000000,"new":"1 1 6 6 3 5","old":"2 2 5 2","trigger":"scheduled","ts":1760456813.0660005}
2025/10/14 15:46:54 POLARIS_LOG {"event":"send_rate","rate":304000,"ts":1760456814.0665164}
2025/10/14 15:46:55 POLARIS_LOG {"event":"send_rate","rate":296000,"ts":1760456815.0681016}
2025/10/14 15:46:56 POLARIS_LOG {"event":"send_rate","rate":304000,"ts":1760456816.0674045}
2025/10/14 15:46:57 POLARIS_LOG {"event":"send_rate","rate":296000,"ts":1760456817.0703516}
2025/10/14 15:46:58 POLARIS_LOG {"event":"send_rate","rate":296000,"ts":1760456818.0721319}
2025/10/14 15:46:59 POLARIS_LOG {"event":"send_rate","rate":304000,"ts":1760456819.0666387}
2025/10/14 15:47:00 POLARIS_LOG {"event":"send_rate","rate":304000,"ts":1760456820.0673652}
2025/10/14 15:47:01 POLARIS_LOG {"event":"send_rate","rate":296000,"ts":1760456821.070703}
2025/10/14 15:47:02 POLARIS_LOG {"event":"send_rate","rate":304000,"ts":1760456822.0665665}
2025/10/14 15:47:03 POLARIS_LOG {"event":"send_rate","rate":296000,"ts":1760456823.073319}
2025/10/14 15:47:04 POLARIS_LOG {"event":"send_rate","rate":304000,"ts":1760456824.0665746}
2025/10/14 15:47:05 POLARIS_LOG {"event":"send_rate","rate":296000,"ts":1760456825.0670702}
2025/10/14 15:47:06 POLARIS_LOG {"event":"send_rate","rate":304000,"ts":1760456826.0664284}
2025/10/14 15:47:07 POLARIS_LOG {"event":"send_rate","rate":296000,"ts":1760456827.0661874}
2025/10/14 15:47:08 POLARIS_LOG {"event":"send_rate","rate":304000,"ts":1760456828.0685468}
2025/10/14 15:47:09 POLARIS_LOG {"event":"send_rate","rate":296000,"ts":1760456829.066979}
2025/10/14 15:47:10 POLARIS_LOG {"event":"send_rate","rate":304000,"ts":1760456830.065714}
2025/10/14 15:47:11 POLARIS_LOG {"event":"send_rate","rate":296000,"ts":1760456831.074503}
2025/10/14 15:47:12 POLARIS_LOG {"event":"send_rate","rate":304000,"ts":1760456832.0665967}
2025/10/14 15:47:13 POLARIS_LOG {"event":"send_rate","rate":296000,"ts":1760456833.0657556}
2025/10/14 15:47:14 POLARIS_LOG {"event":"send_rate","rate":296000,"ts":1760456834.0657978}
2025/10/14 15:47:15 POLARIS_LOG {"event":"send_rate","rate":304000,"ts":1760456835.068028}
2025/10/14 15:47:16 POLARIS_LOG {"event":"send_rate","rate":304000,"ts":1760456836.0664632}
2025/10/14 15:47:17 POLARIS_LOG {"event":"send_rate","rate":296000,"ts":1760456837.0758758}
2025/10/14 15:47:18 POLARIS_LOG {"event":"send_rate","rate":296000,"ts":1760456838.065778}
2025/10/14 15:47:19 POLARIS_LOG {"event":"send_rate","rate":304000,"ts":1760456839.0680933}
2025/10/14 15:47:20 POLARIS_LOG {"event":"send_rate","rate":296000,"ts":1760456840.0713274}
2025/10/14 15:47:21 POLARIS_LOG {"event":"send_rate","rate":304000,"ts":1760456841.0672882}
2025/10/14 15:47:22 POLARIS_LOG {"event":"send_rate","rate":304000,"ts":1760456842.066669}
2025/10/14 15:47:23 POLARIS_LOG {"event":"send_rate","rate":296000,"ts":1760456843.0675623}
2025/10/14 15:47:24 POLARIS_LOG {"event":"send_rate","rate":304000,"ts":1760456844.0674617}
2025/10/14 15:47:25 POLARIS_LOG {"event":"send_rate","rate":288000,"ts":1760456845.068758}
2025/10/14 15:47:26 POLARIS_LOG {"event":"send_rate","rate":312000,"ts":1760456846.0677226}
2025/10/14 15:47:27 POLARIS_LOG {"event":"send_rate","rate":296000,"ts":1760456847.1053302}
2025/10/14 15:47:28 POLARIS_LOG {"event":"send_rate","rate":296000,"ts":1760456848.0662138}
2025/10/14 15:47:29 POLARIS_LOG {"event":"send_rate","rate":304000,"ts":1760456849.0671425}
2025/10/14 15:47:30 POLARIS_LOG {"event":"send_rate","rate":304000,"ts":1760456850.0713868}
2025/10/14 15:47:31 POLARIS_LOG {"event":"send_rate","rate":296000,"ts":1760456851.0659103}
2025/10/14 15:47:32 POLARIS_LOG {"event":"send_rate","rate":296000,"ts":1760456852.0658658}
2025/10/14 15:47:33 POLARIS_LOG {"event":"send_rate","rate":304000,"ts":1760456853.0752425}
2025/10/14 15:47:34 POLARIS_LOG {"event":"send_rate","rate":296000,"ts":1760456854.0661936}
2025/10/14 15:47:35 POLARIS_LOG {"event":"send_rate","rate":304000,"ts":1760456855.0693474}
2025/10/14 15:47:36 POLARIS_LOG {"event":"send_rate","rate":296000,"ts":1760456856.0671046}
2025/10/14 15:47:37 POLARIS_LOG {"event":"send_rate","rate":304000,"ts":1760456857.0672932}
2025/10/14 15:47:38 POLARIS_LOG {"event":"send_rate","rate":296000,"ts":1760456858.0818872}
2025/10/14 15:47:39 POLARIS_LOG {"event":"send_rate","rate":304000,"ts":1760456859.0662763}
2025/10/14 15:47:40 POLARIS_LOG {"event":"send_rate","rate":296000,"ts":1760456860.065941}
2025/10/14 15:47:41 POLARIS_LOG {"event":"send_rate","rate":304000,"ts":1760456861.0731125}
2025/10/14 15:47:42 POLARIS_LOG {"event":"send_rate","rate":296000,"ts":1760456862.0670755}
2025/10/14 15:47:43 POLARIS_LOG {"event":"send_rate","rate":304000,"ts":1760456863.0787125}
2025/10/14 15:47:44 POLARIS_LOG {"event":"send_rate","rate":304000,"ts":1760456864.080304}
2025/10/14 15:47:45 POLARIS_LOG {"event":"send_rate","rate":304000,"ts":1760456865.0936062}
2025/10/14 15:47:46 POLARIS_LOG {"event":"send_rate","rate":288000,"ts":1760456866.065719}
2025/10/14 15:47:47 POLARIS_LOG {"event":"send_rate","rate":304000,"ts":1760456867.065994}
2025/10/14 15:47:48 POLARIS_LOG {"event":"send_rate","rate":296000,"ts":1760456868.066457}
2025/10/14 15:47:49 POLARIS_LOG {"event":"send_rate","rate":312000,"ts":1760456869.097554}
2025/10/14 15:47:50 POLARIS_LOG {"event":"send_rate","rate":296000,"ts":1760456870.0705235}
2025/10/14 15:47:51 POLARIS_LOG {"event":"send_rate","rate":296000,"ts":1760456871.066656}
2025/10/14 15:47:52 POLARIS_LOG {"event":"send_rate","rate":296000,"ts":1760456872.0684361}
2025/10/14 15:47:53 POLARIS_LOG {"event":"send_rate","rate":304000,"ts":1760456873.0781333}
2025/10/14 15:47:54 POLARIS_LOG {"event":"send_rate","rate":296000,"ts":1760456874.065783}
2025/10/14 15:47:55 POLARIS_LOG {"event":"send_rate","rate":304000,"ts":1760456875.0665534}
2025/10/14 15:47:56 POLARIS_LOG {"event":"send_rate","rate":296000,"ts":1760456876.066617}
2025/10/14 15:47:57 POLARIS_LOG {"event":"send_rate","rate":304000,"ts":1760456877.0658274}
2025/10/14 15:47:58 POLARIS_LOG {"event":"send_rate","rate":304000,"ts":1760456878.0838823}
2025/10/14 15:47:59 POLARIS_LOG {"event":"send_rate","rate":296000,"ts":1760456879.0657976}
2025/10/14 15:48:00 POLARIS_LOG {"event":"send_rate","rate":296000,"ts":1760456880.0684988}
2025/10/14 15:48:01 POLARIS_LOG {"event":"send_rate","rate":304000,"ts":1760456881.0764942}
2025/10/14 15:48:02 POLARIS_LOG {"event":"send_rate","rate":304000,"ts":1760456882.0877597}
2025/10/14 15:48:03 POLARIS_LOG {"event":"send_rate","rate":296000,"ts":1760456883.0725307}
2025/10/14 15:48:04 POLARIS_LOG {"event":"send_rate","rate":296000,"ts":1760456884.067811}
2025/10/14 15:48:05 POLARIS_LOG {"event":"send_rate","rate":304000,"ts":1760456885.0680401}
2025/10/14 15:48:06 POLARIS_LOG {"event":"send_rate","rate":296000,"ts":1760456886.0665674}
2025/10/14 15:48:07 POLARIS_LOG {"event":"send_rate","rate":304000,"ts":1760456887.0663493}
2025/10/14 15:48:08 POLARIS_LOG {"event":"send_rate","rate":296000,"ts":1760456888.0662906}
2025/10/14 15:48:09 POLARIS_LOG {"event":"send_rate","rate":304000,"ts":1760456889.0713744}
2025/10/14 15:48:10 POLARIS_LOG {"event":"send_rate","rate":296000,"ts":1760456890.0660734}
2025/10/14 15:48:11 POLARIS_LOG {"event":"send_rate","rate":304000,"ts":1760456891.0690947}
2025/10/14 15:48:12 POLARIS_LOG {"event":"send_rate","rate":296000,"ts":1760456892.0682647}
2025/10/14 15:48:13 POLARIS_LOG {"event":"send_rate","rate":304000,"ts":1760456893.0689154}
2025/10/14 15:48:14 POLARIS_LOG {"event":"send_rate","rate":296000,"ts":1760456894.0667603}
2025/10/14 15:48:15 POLARIS_LOG {"event":"send_rate","rate":304000,"ts":1760456895.070583}
2025/10/14 15:48:16 POLARIS_LOG {"event":"send_rate","rate":312000,"ts":1760456896.0998976}
2025/10/14 15:48:17 POLARIS_LOG {"event":"send_rate","rate":288000,"ts":1760456897.0656607}
2025/10/14 15:48:18 POLARIS_LOG {"event":"send_rate","rate":296000,"ts":1760456898.0659113}
2025/10/14 15:48:19 POLARIS_LOG {"event":"send_rate","rate":304000,"ts":1760456899.0803208}
2025/10/14 15:48:20 POLARIS_LOG {"event":"send_rate","rate":296000,"ts":1760456900.0662234}
2025/10/14 15:48:21 POLARIS_LOG {"event":"send_rate","rate":304000,"ts":1760456901.0666816}
2025/10/14 15:48:22 POLARIS_LOG {"event":"send_rate","rate":296000,"ts":1760456902.0671206}
2025/10/14 15:48:23 POLARIS_LOG {"event":"send_rate","rate":304000,"ts":1760456903.0657816}
2025/10/14 15:48:24 POLARIS_LOG {"event":"send_rate","rate":296000,"ts":1760456904.0658135}
2025/10/14 15:48:25 POLARIS_LOG {"event":"send_rate","rate":304000,"ts":1760456905.0658758}
2025/10/14 15:48:26 POLARIS_LOG {"event":"send_rate","rate":296000,"ts":1760456906.067872}
2025/10/14 15:48:27 POLARIS_LOG {"event":"send_rate","rate":304000,"ts":1760456907.067351}
2025/10/14 15:48:28 POLARIS_LOG {"event":"send_rate","rate":296000,"ts":1760456908.0680542}
2025/10/14 15:48:29 POLARIS_LOG {"event":"send_rate","rate":304000,"ts":1760456909.067443}
2025/10/14 15:48:30 POLARIS_LOG {"event":"send_rate","rate":296000,"ts":1760456910.0673146}
2025/10/14 15:48:31 POLARIS_LOG {"event":"send_rate","rate":304000,"ts":1760456911.0660498}
2025/10/14 15:48:32 POLARIS_LOG {"event":"send_rate","rate":296000,"ts":1760456912.067296}
2025/10/14 15:48:33 POLARIS_LOG {"event":"send_rate","rate":296000,"ts":1760456913.070688}
2025/10/14 15:48:34 POLARIS_LOG {"event":"send_rate","rate":304000,"ts":1760456914.0669014}
2025/10/14 15:48:35 POLARIS_LOG {"event":"send_rate","rate":304000,"ts":1760456915.066776}
2025/10/14 15:48:36 POLARIS_LOG {"event":"send_rate","rate":296000,"ts":1760456916.0776372}
2025/10/14 15:48:37 POLARIS_LOG {"event":"send_rate","rate":304000,"ts":1760456917.0664704}
2025/10/14 15:48:38 POLARIS_LOG {"event":"send_rate","rate":296000,"ts":1760456918.0711005}
2025/10/14 15:48:39 POLARIS_LOG {"event":"send_rate","rate":304000,"ts":1760456919.0874019}
2025/10/14 15:48:40 POLARIS_LOG {"event":"send_rate","rate":296000,"ts":1760456920.066493}
2025/10/14 15:48:41 POLARIS_LOG {"event":"send_rate","rate":304000,"ts":1760456921.0665157}
2025/10/14 15:48:42 POLARIS_LOG {"event":"send_rate","rate":296000,"ts":1760456922.0714576}
2025/10/14 15:48:43 POLARIS_LOG {"event":"send_rate","rate":304000,"ts":1760456923.06646}
2025/10/14 15:48:44 POLARIS_LOG {"event":"send_rate","rate":296000,"ts":1760456924.0767539}
2025/10/14 15:48:45 POLARIS_LOG {"event":"send_rate","rate":304000,"ts":1760456925.066125}
2025/10/14 15:48:46 POLARIS_LOG {"event":"send_rate","rate":296000,"ts":1760456926.066825}
2025/10/14 15:48:47 POLARIS_LOG {"event":"send_rate","rate":304000,"ts":1760456927.065665}
2025/10/14 15:48:48 POLARIS_LOG {"event":"send_rate","rate":296000,"ts":1760456928.0664454}
2025/10/14 15:48:49 POLARIS_LOG {"event":"send_rate","rate":304000,"ts":1760456929.0748668}
2025/10/14 15:48:50 POLARIS_LOG {"event":"send_rate","rate":296000,"ts":1760456930.066254}
2025/10/14 15:48:51 POLARIS_LOG {"event":"send_rate","rate":304000,"ts":1760456931.0659153}
2025/10/14 15:48:52 POLARIS_LOG {"event":"send_rate","rate":296000,"ts":1760456932.0795312}
2025/10/14 15:48:53 POLARIS_LOG {"event":"send_rate","rate":304000,"ts":1760456933.0657547}
2025/10/14 15:48:54 POLARIS_LOG {"event":"send_rate","rate":296000,"ts":1760456934.069888}
2025/10/14 15:48:55 POLARIS_LOG {"event":"send_rate","rate":304000,"ts":1760456935.0670886}
2025/10/14 15:48:56 POLARIS_LOG {"event":"send_rate","rate":296000,"ts":1760456936.0665195}
2025/10/14 15:48:57 POLARIS_LOG {"event":"send_rate","rate":304000,"ts":1760456937.0836558}
2025/10/14 15:48:58 POLARIS_LOG {"event":"send_rate","rate":296000,"ts":1760456938.0659184}
2025/10/14 15:48:59 POLARIS_LOG {"event":"send_rate","rate":304000,"ts":1760456939.0912468}
2025/10/14 15:49:00 POLARIS_LOG {"event":"send_rate","rate":296000,"ts":1760456940.065681}
2025/10/14 15:49:01 POLARIS_LOG {"event":"send_rate","rate":304000,"ts":1760456941.070354}
2025/10/14 15:49:02 POLARIS_LOG {"event":"send_rate","rate":296000,"ts":1760456942.0661058}
2025/10/14 15:49:03 POLARIS_LOG {"event":"send_rate","rate":304000,"ts":1760456943.0713735}
2025/10/14 15:49:04 POLARIS_LOG {"event":"send_rate","rate":304000,"ts":1760456944.0818849}
2025/10/14 15:49:05 POLARIS_LOG {"event":"send_rate","rate":296000,"ts":1760456945.074202}
2025/10/14 15:49:06 POLARIS_LOG {"event":"send_rate","rate":296000,"ts":1760456946.0686152}
2025/10/14 15:49:07 POLARIS_LOG {"event":"send_rate","rate":296000,"ts":1760456947.0667088}
2025/10/14 15:49:08 POLARIS_LOG {"event":"send_rate","rate":304000,"ts":1760456948.0764065}
2025/10/14 15:49:09 POLARIS_LOG {"event":"send_rate","rate":296000,"ts":1760456949.0659864}
2025/10/14 15:49:10 POLARIS_LOG {"event":"send_rate","rate":304000,"ts":1760456950.0710046}
2025/10/14 15:49:11 POLARIS_LOG {"event":"send_rate","rate":304000,"ts":1760456951.0711305}
2025/10/14 15:49:12 POLARIS_LOG {"event":"send_rate","rate":296000,"ts":1760456952.0663848}
2025/10/14 15:49:13 POLARIS_LOG {"event":"send_rate","rate":296000,"ts":1760456953.0656972}
2025/10/14 15:49:14 POLARIS_LOG {"event":"send_rate","rate":304000,"ts":1760456954.0663245}
2025/10/14 15:49:15 POLARIS_LOG {"event":"send_rate","rate":296000,"ts":1760456955.0658896}
2025/10/14 15:49:16 POLARIS_LOG {"event":"send_rate","rate":304000,"ts":1760456956.0663536}
2025/10/14 15:49:17 POLARIS_LOG {"event":"send_rate","rate":296000,"ts":1760456957.0676377}
2025/10/14 15:49:18 POLARIS_LOG {"event":"send_rate","rate":304000,"ts":1760456958.066887}
2025/10/14 15:49:19 POLARIS_LOG {"event":"send_rate","rate":296000,"ts":1760456959.0666447}
2025/10/14 15:49:20 POLARIS_LOG {"event":"send_rate","rate":304000,"ts":1760456960.066487}
2025/10/14 15:49:21 POLARIS_LOG {"event":"send_rate","rate":296000,"ts":1760456961.0667284}
2025/10/14 15:49:22 POLARIS_LOG {"event":"send_rate","rate":304000,"ts":1760456962.0662534}
2025/10/14 15:49:23 POLARIS_LOG {"event":"send_rate","rate":312000,"ts":1760456963.1017756}
2025/10/14 15:49:24 POLARIS_LOG {"event":"send_rate","rate":296000,"ts":1760456964.0952618}
2025/10/14 15:49:25 POLARIS_LOG {"event":"send_rate","rate":296000,"ts":1760456965.0733085}
2025/10/14 15:49:26 POLARIS_LOG {"event":"send_rate","rate":304000,"ts":1760456966.1048577}
2025/10/14 15:49:27 POLARIS_LOG {"event":"send_rate","rate":288000,"ts":1760456967.0672247}
2025/10/14 15:49:28 POLARIS_LOG {"event":"send_rate","rate":304000,"ts":1760456968.066272}
2025/10/14 15:49:29 POLARIS_LOG {"event":"send_rate","rate":296000,"ts":1760456969.066696}
2025/10/14 15:49:30 POLARIS_LOG {"event":"send_rate","rate":304000,"ts":1760456970.120259}
2025/10/14 15:49:31 POLARIS_LOG {"event":"send_rate","rate":296000,"ts":1760456971.0663288}
2025/10/14 15:49:32 POLARIS_LOG {"event":"send_rate","rate":304000,"ts":1760456972.066257}
2025/10/14 15:49:33 POLARIS_LOG {"event":"send_rate","rate":296000,"ts":1760456973.0829215}
2025/10/14 15:49:34 POLARIS_LOG {"event":"send_rate","rate":296000,"ts":1760456974.0680614}
2025/10/14 15:49:35 POLARIS_LOG {"event":"send_rate","rate":304000,"ts":1760456975.0663896}
2025/10/14 15:49:36 POLARIS_LOG {"event":"send_rate","rate":304000,"ts":1760456976.0675316}
2025/10/14 15:49:37 POLARIS_LOG {"event":"send_rate","rate":304000,"ts":1760456977.0983415}
2025/10/14 15:49:38 POLARIS_LOG {"event":"send_rate","rate":304000,"ts":1760456978.087248}
2025/10/14 15:49:39 POLARIS_LOG {"event":"send_rate","rate":288000,"ts":1760456979.0669513}
2025/10/14 15:49:40 POLARIS_LOG {"event":"send_rate","rate":296000,"ts":1760456980.0768578}
2025/10/14 15:49:41 POLARIS_LOG {"event":"send_rate","rate":304000,"ts":1760456981.0662901}
2025/10/14 15:49:42 POLARIS_LOG {"event":"send_rate","rate":304000,"ts":1760456982.0775692}
2025/10/14 15:49:43 POLARIS_LOG {"event":"send_rate","rate":296000,"ts":1760456983.0665681}
2025/10/14 15:49:44 POLARIS_LOG {"event":"send_rate","rate":304000,"ts":1760456984.0824103}
2025/10/14 15:49:45 POLARIS_LOG {"event":"send_rate","rate":304000,"ts":1760456985.0870564}
2025/10/14 15:49:46 POLARIS_LOG {"event":"send_rate","rate":296000,"ts":1760456986.0667956}
2025/10/14 15:49:47 POLARIS_LOG {"event":"send_rate","rate":296000,"ts":1760456987.06629}
2025/10/14 15:49:48 POLARIS_LOG {"event":"send_rate","rate":304000,"ts":1760456988.0686255}
2025/10/14 15:49:49 POLARIS_LOG {"event":"send_rate","rate":304000,"ts":1760456989.0733309}
2025/10/14 15:49:50 POLARIS_LOG {"event":"send_rate","rate":288000,"ts":1760456990.066949}
2025/10/14 15:49:51 POLARIS_LOG {"event":"send_rate","rate":304000,"ts":1760456991.0723486}
2025/10/14 15:49:52 POLARIS_LOG {"event":"send_rate","rate":304000,"ts":1760456992.0681632}
2025/10/14 15:49:53 POLARIS_LOG {"event":"send_rate","rate":304000,"ts":1760456993.0788991}
2025/10/14 15:49:54 POLARIS_LOG {"event":"send_rate","rate":296000,"ts":1760456994.0665975}
2025/10/14 15:49:55 POLARIS_LOG {"event":"send_rate","rate":296000,"ts":1760456995.0722578}
2025/10/14 15:49:56 POLARIS_LOG {"event":"send_rate","rate":304000,"ts":1760456996.0668678}
2025/10/14 15:49:57 POLARIS_LOG {"event":"send_rate","rate":304000,"ts":1760456997.0750072}
2025/10/14 15:49:58 POLARIS_LOG {"event":"send_rate","rate":296000,"ts":1760456998.0661895}
2025/10/14 15:49:59 POLARIS_LOG {"event":"send_rate","rate":296000,"ts":1760456999.0660336}
2025/10/14 15:50:00 POLARIS_LOG {"event":"send_rate","rate":304000,"ts":1760457000.0692275}
2025/10/14 15:50:01 POLARIS_LOG {"event":"send_rate","rate":296000,"ts":1760457001.0672278}
2025/10/14 15:50:02 POLARIS_LOG {"event":"send_rate","rate":304000,"ts":1760457002.072203}
2025/10/14 15:50:03 POLARIS_LOG {"event":"send_rate","rate":296000,"ts":1760457003.0744724}
2025/10/14 15:50:04 POLARIS_LOG {"event":"send_rate","rate":304000,"ts":1760457004.06874}
2025/10/14 15:50:05 POLARIS_LOG {"event":"send_rate","rate":296000,"ts":1760457005.0681574}
2025/10/14 15:50:06 POLARIS_LOG {"event":"send_rate","rate":304000,"ts":1760457006.066123}
2025/10/14 15:50:07 POLARIS_LOG {"event":"send_rate","rate":296000,"ts":1760457007.0727882}
2025/10/14 15:50:08 POLARIS_LOG {"event":"send_rate","rate":304000,"ts":1760457008.0656745}
2025/10/14 15:50:09 POLARIS_LOG {"event":"send_rate","rate":296000,"ts":1760457009.0749924}
2025/10/14 15:50:10 POLARIS_LOG {"event":"send_rate","rate":288000,"ts":1760457010.0728822}
2025/10/14 15:50:11 POLARIS_LOG {"event":"send_rate","rate":312000,"ts":1760457011.0749404}
2025/10/14 15:50:12 POLARIS_LOG {"event":"send_rate","rate":304000,"ts":1760457012.070699}
2025/10/14 15:50:13 POLARIS_LOG {"event":"send_rate","rate":296000,"ts":1760457013.0662563}
2025/10/14 15:50:14 POLARIS_LOG {"event":"send_rate","rate":296000,"ts":1760457014.0725932}
2025/10/14 15:50:15 POLARIS_LOG {"event":"send_rate","rate":304000,"ts":1760457015.0673897}
2025/10/14 15:50:16 POLARIS_LOG {"event":"send_rate","rate":296000,"ts":1760457016.0700483}
2025/10/14 15:50:17 POLARIS_LOG {"event":"send_rate","rate":304000,"ts":1760457017.066414}
2025/10/14 15:50:18 POLARIS_LOG {"event":"send_rate","rate":296000,"ts":1760457018.0667586}
2025/10/14 15:50:19 POLARIS_LOG {"event":"send_rate","rate":304000,"ts":1760457019.0705764}
2025/10/14 15:50:20 POLARIS_LOG {"event":"send_rate","rate":304000,"ts":1760457020.0832229}
2025/10/14 15:50:21 POLARIS_LOG {"event":"send_rate","rate":304000,"ts":1760457021.0844278}
2025/10/14 15:50:22 POLARIS_LOG {"event":"send_rate","rate":288000,"ts":1760457022.074159}
Skipping switch: current path 1 1 6 6 3 5 has lastEstimate 333250 >= maxEstimate 0
2025/10/14 15:50:23 POLARIS_LOG {"event":"send_rate","rate":304000,"ts":1760457023.0680141}
2025/10/14 15:50:24 POLARIS_LOG {"event":"send_rate","rate":296000,"ts":1760457024.0666502}
2025/10/14 15:50:25 POLARIS_LOG {"event":"send_rate","rate":312000,"ts":1760457025.0813735}
2025/10/14 15:50:26 POLARIS_LOG {"event":"send_rate","rate":296000,"ts":1760457026.065707}
2025/10/14 15:50:27 POLARIS_LOG {"event":"send_rate","rate":296000,"ts":1760457027.0665805}
2025/10/14 15:50:28 POLARIS_LOG {"event":"send_rate","rate":304000,"ts":1760457028.0740845}
2025/10/14 15:50:29 POLARIS_LOG {"event":"send_rate","rate":296000,"ts":1760457029.0658686}
2025/10/14 15:50:30 POLARIS_LOG {"event":"send_rate","rate":304000,"ts":1760457030.0752766}
2025/10/14 15:50:31 POLARIS_LOG {"event":"send_rate","rate":296000,"ts":1760457031.0665545}
2025/10/14 15:50:32 POLARIS_LOG {"event":"send_rate","rate":296000,"ts":1760457032.0664368}
2025/10/14 15:50:33 POLARIS_LOG {"event":"send_rate","rate":304000,"ts":1760457033.0795221}
2025/10/14 15:50:34 POLARIS_LOG {"event":"send_rate","rate":304000,"ts":1760457034.0666773}
2025/10/14 15:50:35 POLARIS_LOG {"event":"send_rate","rate":304000,"ts":1760457035.086633}
2025/10/14 15:50:36 POLARIS_LOG {"event":"send_rate","rate":288000,"ts":1760457036.065812}
2025/10/14 15:50:37 POLARIS_LOG {"event":"send_rate","rate":304000,"ts":1760457037.079252}
2025/10/14 15:50:38 POLARIS_LOG {"event":"send_rate","rate":296000,"ts":1760457038.0663292}
2025/10/14 15:50:39 POLARIS_LOG {"event":"send_rate","rate":304000,"ts":1760457039.0665014}
2025/10/14 15:50:40 POLARIS_LOG {"event":"send_rate","rate":296000,"ts":1760457040.0890472}
2025/10/14 15:50:41 POLARIS_LOG {"event":"send_rate","rate":304000,"ts":1760457041.0681684}
2025/10/14 15:50:42 POLARIS_LOG {"event":"send_rate","rate":296000,"ts":1760457042.0666049}
2025/10/14 15:50:43 POLARIS_LOG {"event":"send_rate","rate":304000,"ts":1760457043.0825965}
2025/10/14 15:50:44 POLARIS_LOG {"event":"send_rate","rate":296000,"ts":1760457044.066743}
2025/10/14 15:50:45 POLARIS_LOG {"event":"send_rate","rate":320000,"ts":1760457045.120804}
2025/10/14 15:50:46 POLARIS_LOG {"event":"send_rate","rate":288000,"ts":1760457046.0864406}
2025/10/14 15:50:47 POLARIS_LOG {"event":"send_rate","rate":296000,"ts":1760457047.066849}
2025/10/14 15:50:48 POLARIS_LOG {"event":"send_rate","rate":304000,"ts":1760457048.0741203}
2025/10/14 15:50:49 POLARIS_LOG {"event":"send_rate","rate":296000,"ts":1760457049.0671477}
2025/10/14 15:50:50 POLARIS_LOG {"event":"send_rate","rate":296000,"ts":1760457050.0659792}
2025/10/14 15:50:51 POLARIS_LOG {"event":"send_rate","rate":304000,"ts":1760457051.0662274}
2025/10/14 15:50:52 POLARIS_LOG {"event":"send_rate","rate":296000,"ts":1760457052.0683124}
2025/10/14 15:50:53 POLARIS_LOG {"event":"send_rate","rate":296000,"ts":1760457053.0754797}
2025/10/14 15:50:54 POLARIS_LOG {"event":"send_rate","rate":312000,"ts":1760457054.076863}
2025/10/14 15:50:55 POLARIS_LOG {"event":"send_rate","rate":296000,"ts":1760457055.0804265}
2025/10/14 15:50:56 POLARIS_LOG {"event":"send_rate","rate":296000,"ts":1760457056.0664768}
2025/10/14 15:50:57 POLARIS_LOG {"event":"send_rate","rate":304000,"ts":1760457057.0684533}
2025/10/14 15:50:58 POLARIS_LOG {"event":"send_rate","rate":304000,"ts":1760457058.0702345}
2025/10/14 15:50:59 POLARIS_LOG {"event":"send_rate","rate":296000,"ts":1760457059.0677242}
2025/10/14 15:51:00 POLARIS_LOG {"event":"send_rate","rate":296000,"ts":1760457060.0663648}
2025/10/14 15:51:01 POLARIS_LOG {"event":"send_rate","rate":312000,"ts":1760457061.0947835}
2025/10/14 15:51:02 POLARIS_LOG {"event":"send_rate","rate":288000,"ts":1760457062.0672665}
2025/10/14 15:51:03 POLARIS_LOG {"event":"send_rate","rate":304000,"ts":1760457063.066154}
2025/10/14 15:51:04 POLARIS_LOG {"event":"send_rate","rate":296000,"ts":1760457064.0878413}
2025/10/14 15:51:05 POLARIS_LOG {"event":"send_rate","rate":304000,"ts":1760457065.068298}
2025/10/14 15:51:06 POLARIS_LOG {"event":"send_rate","rate":296000,"ts":1760457066.0664353}
2025/10/14 15:51:07 POLARIS_LOG {"event":"send_rate","rate":304000,"ts":1760457067.0677462}
2025/10/14 15:51:08 POLARIS_LOG {"event":"send_rate","rate":304000,"ts":1760457068.0845146}
2025/10/14 15:51:09 POLARIS_LOG {"event":"send_rate","rate":296000,"ts":1760457069.0749996}
2025/10/14 15:51:10 POLARIS_LOG {"event":"send_rate","rate":296000,"ts":1760457070.0663307}
2025/10/14 15:51:11 POLARIS_LOG {"event":"send_rate","rate":304000,"ts":1760457071.0683825}
2025/10/14 15:51:12 POLARIS_LOG {"event":"send_rate","rate":296000,"ts":1760457072.0706434}
2025/10/14 15:51:13 POLARIS_LOG {"event":"send_rate","rate":304000,"ts":1760457073.0667238}
2025/10/14 15:51:14 POLARIS_LOG {"event":"send_rate","rate":296000,"ts":1760457074.0679662}
2025/10/14 15:51:15 POLARIS_LOG {"event":"send_rate","rate":304000,"ts":1760457075.06653}
2025/10/14 15:51:16 POLARIS_LOG {"event":"send_rate","rate":304000,"ts":1760457076.0777535}
2025/10/14 15:51:17 POLARIS_LOG {"event":"send_rate","rate":296000,"ts":1760457077.0664332}
2025/10/14 15:51:18 POLARIS_LOG {"event":"send_rate","rate":296000,"ts":1760457078.0669036}
2025/10/14 15:51:19 POLARIS_LOG {"event":"send_rate","rate":312000,"ts":1760457079.1080642}
2025/10/14 15:51:20 POLARIS_LOG {"event":"send_rate","rate":288000,"ts":1760457080.0663276}
2025/10/14 15:51:21 POLARIS_LOG {"event":"send_rate","rate":312000,"ts":1760457081.1001477}
2025/10/14 15:51:22 POLARIS_LOG {"event":"send_rate","rate":304000,"ts":1760457082.107262}
2025/10/14 15:51:23 POLARIS_LOG {"event":"send_rate","rate":288000,"ts":1760457083.0697992}
2025/10/14 15:51:24 POLARIS_LOG {"event":"send_rate","rate":296000,"ts":1760457084.0667558}
2025/10/14 15:51:25 POLARIS_LOG {"event":"send_rate","rate":304000,"ts":1760457085.0771842}
2025/10/14 15:51:26 POLARIS_LOG {"event":"send_rate","rate":296000,"ts":1760457086.0661705}
2025/10/14 15:51:27 POLARIS_LOG {"event":"send_rate","rate":304000,"ts":1760457087.0659058}
2025/10/14 15:51:28 POLARIS_LOG {"event":"send_rate","rate":296000,"ts":1760457088.0664794}
We need to sleep for 1 seconds before we can get the results
2025/10/14 15:51:29 POLARIS_LOG {"event":"send_rate","rate":24000,"ts":1760457089.0658803}
Drain Loop received packet
Drain Loop received non-nil payload
Client sent 10687 packets, server reported 10641 packets received
The network loss rate from client to server is 0.4%

S->C results
Attempted bandwidth: 0 bps / 0.00 Mbps
Achieved bandwidth: 0 bps / 0.00 Mbps
Loss rate: 0.0%
Interarrival time min/avg/max/mdev = -0.000/0.000/0.000/0.000 ms

C->S results
Attempted bandwidth: 299985 bps / 0.30 Mbps
Achieved bandwidth: 298694 bps / 0.30 Mbps
Loss rate: 0.4%
Interarrival time min/avg/max/mdev = 0.002/26.765/546.053/22.788 ms
