2025/10/14 15:47:19 POLARIS_LOG {"current_rate":0,"event":"path_switch","new":"2 2 5 2","trigger":"initialization","ts":1760456839.387292}

Test parameters:
client->server: 249 seconds, 1000 bytes, 9337 packets
server->client: 249 seconds, 1000 bytes, 0 packets
Polaris prober initialized with 38 paths
Polaris prober initialized with local 1-111,10.111.0.71:32713 and remote 1-113,10.113.0.71
2025/10/14 15:47:20 POLARIS_LOG {"event":"send_rate","rate":0,"ts":1760456840.3907394}
2025/10/14 15:47:21 POLARIS_LOG {"event":"send_rate","rate":128000,"ts":1760456841.3904297}
2025/10/14 15:47:22 POLARIS_LOG {"event":"send_rate","rate":296000,"ts":1760456842.3918746}
2025/10/14 15:47:23 POLARIS_LOG {"event":"send_rate","rate":304000,"ts":1760456843.3920007}
2025/10/14 15:47:24 POLARIS_LOG {"event":"send_rate","rate":296000,"ts":1760456844.392769}
2025/10/14 15:47:25 POLARIS_LOG {"event":"send_rate","rate":304000,"ts":1760456845.3897808}
2025/10/14 15:47:26 POLARIS_LOG {"event":"send_rate","rate":296000,"ts":1760456846.4010632}
2025/10/14 15:47:27 POLARIS_LOG {"event":"send_rate","rate":296000,"ts":1760456847.4001036}
2025/10/14 15:47:28 POLARIS_LOG {"event":"send_rate","rate":304000,"ts":1760456848.3971815}
2025/10/14 15:47:29 POLARIS_LOG {"event":"send_rate","rate":304000,"ts":1760456849.3917623}
2025/10/14 15:47:30 POLARIS_LOG {"event":"send_rate","rate":304000,"ts":1760456850.4048624}
2025/10/14 15:47:31 POLARIS_LOG {"event":"send_rate","rate":288000,"ts":1760456851.3911283}
2025/10/14 15:47:32 POLARIS_LOG {"event":"send_rate","rate":120000,"ts":1760456852.3900125}
2025/10/14 15:47:33 POLARIS_LOG {"event":"send_rate","rate":104000,"ts":1760456853.3899176}
2025/10/14 15:47:34 POLARIS_LOG {"event":"send_rate","rate":72000,"ts":1760456854.393552}
2025/10/14 15:47:35 POLARIS_LOG {"event":"send_rate","rate":120000,"ts":1760456855.3914125}
2025/10/14 15:47:36 POLARIS_LOG {"event":"send_rate","rate":80000,"ts":1760456856.3930993}
2025/10/14 15:47:37 POLARIS_LOG {"event":"send_rate","rate":144000,"ts":1760456857.3903651}
2025/10/14 15:47:38 POLARIS_LOG {"event":"send_rate","rate":136000,"ts":1760456858.3954775}
2025/10/14 15:47:39 POLARIS_LOG {"event":"send_rate","rate":152000,"ts":1760456859.3902473}
2025/10/14 15:47:39 POLARIS_LOG {"candidates":25,"candidates_unfiltered":31,"current_rate":152000,"estimated_share":333250,"event":"path_switch","max_estimated_share":400000,"new":"3 3 6 6 1 3","old":"2 2 5 2","trigger":"scheduled","ts":1760456859.3903465}
2025/10/14 15:47:40 POLARIS_LOG {"event":"send_rate","rate":1104000,"ts":1760456860.3898604}
2025/10/14 15:47:41 POLARIS_LOG {"event":"send_rate","rate":976000,"ts":1760456861.3919058}
2025/10/14 15:47:42 POLARIS_LOG {"event":"send_rate","rate":296000,"ts":1760456862.3899837}
2025/10/14 15:47:43 POLARIS_LOG {"event":"send_rate","rate":312000,"ts":1760456863.4229782}
2025/10/14 15:47:44 POLARIS_LOG {"event":"send_rate","rate":288000,"ts":1760456864.3943882}
2025/10/14 15:47:45 POLARIS_LOG {"event":"send_rate","rate":296000,"ts":1760456865.450328}
2025/10/14 15:47:46 POLARIS_LOG {"event":"send_rate","rate":320000,"ts":1760456866.4248247}
2025/10/14 15:47:47 POLARIS_LOG {"event":"send_rate","rate":288000,"ts":1760456867.390357}
2025/10/14 15:47:48 POLARIS_LOG {"event":"send_rate","rate":296000,"ts":1760456868.3905566}
2025/10/14 15:47:49 POLARIS_LOG {"event":"send_rate","rate":304000,"ts":1760456869.3966575}
2025/10/14 15:47:50 POLARIS_LOG {"event":"send_rate","rate":296000,"ts":1760456870.3925831}
2025/10/14 15:47:51 POLARIS_LOG {"event":"send_rate","rate":304000,"ts":1760456871.3950489}
2025/10/14 15:47:52 POLARIS_LOG {"event":"send_rate","rate":304000,"ts":1760456872.4226646}
2025/10/14 15:47:53 POLARIS_LOG {"event":"send_rate","rate":296000,"ts":1760456873.400376}
2025/10/14 15:47:54 POLARIS_LOG {"event":"send_rate","rate":296000,"ts":1760456874.4136653}
2025/10/14 15:47:55 POLARIS_LOG {"event":"send_rate","rate":304000,"ts":1760456875.4025536}
2025/10/14 15:47:56 POLARIS_LOG {"event":"send_rate","rate":296000,"ts":1760456876.3909867}
2025/10/14 15:47:57 POLARIS_LOG {"event":"send_rate","rate":304000,"ts":1760456877.3901777}
2025/10/14 15:47:58 POLARIS_LOG {"event":"send_rate","rate":296000,"ts":1760456878.3905942}
2025/10/14 15:47:59 POLARIS_LOG {"event":"send_rate","rate":304000,"ts":1760456879.3909369}
2025/10/14 15:48:00 POLARIS_LOG {"event":"send_rate","rate":280000,"ts":1760456880.3986123}
2025/10/14 15:48:01 POLARIS_LOG {"event":"send_rate","rate":256000,"ts":1760456881.3955917}
2025/10/14 15:48:02 POLARIS_LOG {"event":"send_rate","rate":296000,"ts":1760456882.3896525}
2025/10/14 15:48:03 POLARIS_LOG {"event":"send_rate","rate":296000,"ts":1760456883.389966}
2025/10/14 15:48:04 POLARIS_LOG {"event":"send_rate","rate":296000,"ts":1760456884.3948727}
2025/10/14 15:48:05 POLARIS_LOG {"event":"send_rate","rate":376000,"ts":1760456885.4005313}
2025/10/14 15:48:06 POLARIS_LOG {"event":"send_rate","rate":312000,"ts":1760456886.4267707}
2025/10/14 15:48:07 POLARIS_LOG {"event":"send_rate","rate":288000,"ts":1760456887.3987763}
2025/10/14 15:48:08 POLARIS_LOG {"event":"send_rate","rate":304000,"ts":1760456888.400664}
2025/10/14 15:48:09 POLARIS_LOG {"event":"send_rate","rate":296000,"ts":1760456889.3924582}
2025/10/14 15:48:10 POLARIS_LOG {"event":"send_rate","rate":296000,"ts":1760456890.3920963}
2025/10/14 15:48:11 POLARIS_LOG {"event":"send_rate","rate":304000,"ts":1760456891.3934126}
2025/10/14 15:48:12 POLARIS_LOG {"event":"send_rate","rate":296000,"ts":1760456892.390463}
2025/10/14 15:48:13 POLARIS_LOG {"event":"send_rate","rate":304000,"ts":1760456893.3908143}
2025/10/14 15:48:14 POLARIS_LOG {"event":"send_rate","rate":304000,"ts":1760456894.4057815}
2025/10/14 15:48:15 POLARIS_LOG {"event":"send_rate","rate":296000,"ts":1760456895.3931365}
2025/10/14 15:48:16 POLARIS_LOG {"event":"send_rate","rate":296000,"ts":1760456896.3982131}
2025/10/14 15:48:17 POLARIS_LOG {"event":"send_rate","rate":296000,"ts":1760456897.4072251}
2025/10/14 15:48:18 POLARIS_LOG {"event":"send_rate","rate":304000,"ts":1760456898.3900406}
2025/10/14 15:48:19 POLARIS_LOG {"event":"send_rate","rate":304000,"ts":1760456899.390157}
2025/10/14 15:48:20 POLARIS_LOG {"event":"send_rate","rate":296000,"ts":1760456900.3963501}
2025/10/14 15:48:21 POLARIS_LOG {"event":"send_rate","rate":304000,"ts":1760456901.3903575}
2025/10/14 15:48:22 POLARIS_LOG {"event":"send_rate","rate":288000,"ts":1760456902.3955824}
2025/10/14 15:48:23 POLARIS_LOG {"event":"send_rate","rate":248000,"ts":1760456903.3905914}
2025/10/14 15:48:24 POLARIS_LOG {"event":"send_rate","rate":176000,"ts":1760456904.3901148}
2025/10/14 15:48:25 POLARIS_LOG {"event":"send_rate","rate":176000,"ts":1760456905.3898976}
2025/10/14 15:48:26 POLARIS_LOG {"event":"send_rate","rate":240000,"ts":1760456906.394094}
2025/10/14 15:48:27 POLARIS_LOG {"event":"send_rate","rate":168000,"ts":1760456907.3907738}
2025/10/14 15:48:28 POLARIS_LOG {"event":"send_rate","rate":248000,"ts":1760456908.3903234}
2025/10/14 15:48:29 POLARIS_LOG {"event":"send_rate","rate":248000,"ts":1760456909.3898096}
Skipping switch: current path 3 3 6 6 1 3 has lastEstimate 285750 >= maxEstimate 0
2025/10/14 15:48:30 POLARIS_LOG {"event":"send_rate","rate":224000,"ts":1760456910.3902361}
2025/10/14 15:48:31 POLARIS_LOG {"event":"send_rate","rate":288000,"ts":1760456911.3897176}
2025/10/14 15:48:32 POLARIS_LOG {"event":"send_rate","rate":296000,"ts":1760456912.3992817}
2025/10/14 15:48:33 POLARIS_LOG {"event":"send_rate","rate":256000,"ts":1760456913.41624}
2025/10/14 15:48:34 POLARIS_LOG {"event":"send_rate","rate":264000,"ts":1760456914.3906527}
2025/10/14 15:48:35 POLARIS_LOG {"event":"send_rate","rate":328000,"ts":1760456915.3967419}
2025/10/14 15:48:36 POLARIS_LOG {"event":"send_rate","rate":296000,"ts":1760456916.3924737}
2025/10/14 15:48:37 POLARIS_LOG {"event":"send_rate","rate":384000,"ts":1760456917.3944578}
2025/10/14 15:48:38 POLARIS_LOG {"event":"send_rate","rate":440000,"ts":1760456918.422766}
2025/10/14 15:48:39 POLARIS_LOG {"event":"send_rate","rate":352000,"ts":1760456919.3920102}
2025/10/14 15:48:40 POLARIS_LOG {"event":"send_rate","rate":264000,"ts":1760456920.3954966}
2025/10/14 15:48:41 POLARIS_LOG {"event":"send_rate","rate":408000,"ts":1760456921.4056282}
2025/10/14 15:48:42 POLARIS_LOG {"event":"send_rate","rate":392000,"ts":1760456922.4131315}
2025/10/14 15:48:43 POLARIS_LOG {"event":"send_rate","rate":248000,"ts":1760456923.4037526}
2025/10/14 15:48:44 POLARIS_LOG {"event":"send_rate","rate":184000,"ts":1760456924.429306}
2025/10/14 15:48:45 POLARIS_LOG {"event":"send_rate","rate":296000,"ts":1760456925.3901455}
2025/10/14 15:48:46 POLARIS_LOG {"event":"send_rate","rate":256000,"ts":1760456926.4135616}
2025/10/14 15:48:47 POLARIS_LOG {"event":"send_rate","rate":232000,"ts":1760456927.3902903}
2025/10/14 15:48:48 POLARIS_LOG {"event":"send_rate","rate":264000,"ts":1760456928.3898544}
2025/10/14 15:48:49 POLARIS_LOG {"event":"send_rate","rate":256000,"ts":1760456929.3941636}
Skipping switch: current path 3 3 6 6 1 3 has lastEstimate 333250 >= maxEstimate 0
2025/10/14 15:48:50 POLARIS_LOG {"event":"send_rate","rate":264000,"ts":1760456930.392194}
2025/10/14 15:48:51 POLARIS_LOG {"event":"send_rate","rate":328000,"ts":1760456931.3982575}
2025/10/14 15:48:52 POLARIS_LOG {"event":"send_rate","rate":288000,"ts":1760456932.3897219}
2025/10/14 15:48:53 POLARIS_LOG {"event":"send_rate","rate":272000,"ts":1760456933.3986344}
2025/10/14 15:48:54 POLARIS_LOG {"event":"send_rate","rate":288000,"ts":1760456934.394196}
2025/10/14 15:48:55 POLARIS_LOG {"event":"send_rate","rate":288000,"ts":1760456935.3957393}
2025/10/14 15:48:56 POLARIS_LOG {"event":"send_rate","rate":280000,"ts":1760456936.3931189}
2025/10/14 15:48:57 POLARIS_LOG {"event":"send_rate","rate":336000,"ts":1760456937.3905337}
2025/10/14 15:48:58 POLARIS_LOG {"event":"send_rate","rate":360000,"ts":1760456938.3908927}
2025/10/14 15:48:59 POLARIS_LOG {"event":"send_rate","rate":416000,"ts":1760456939.391132}
2025/10/14 15:49:00 POLARIS_LOG {"event":"send_rate","rate":400000,"ts":1760456940.3898916}
2025/10/14 15:49:01 POLARIS_LOG {"event":"send_rate","rate":448000,"ts":1760456941.391531}
2025/10/14 15:49:02 POLARIS_LOG {"event":"send_rate","rate":280000,"ts":1760456942.414949}
2025/10/14 15:49:03 POLARIS_LOG {"event":"send_rate","rate":184000,"ts":1760456943.3949308}
2025/10/14 15:49:04 POLARIS_LOG {"event":"send_rate","rate":232000,"ts":1760456944.398709}
2025/10/14 15:49:05 POLARIS_LOG {"event":"send_rate","rate":280000,"ts":1760456945.3929138}
2025/10/14 15:49:06 POLARIS_LOG {"event":"send_rate","rate":336000,"ts":1760456946.3904037}
2025/10/14 15:49:07 POLARIS_LOG {"event":"send_rate","rate":280000,"ts":1760456947.3924046}
2025/10/14 15:49:08 POLARIS_LOG {"event":"send_rate","rate":232000,"ts":1760456948.39192}
Skipping switch: current path 3 3 6 6 1 3 has lastEstimate 333250 >= maxEstimate 0
2025/10/14 15:49:09 POLARIS_LOG {"event":"send_rate","rate":184000,"ts":1760456949.400501}
2025/10/14 15:49:10 POLARIS_LOG {"event":"send_rate","rate":176000,"ts":1760456950.3902574}
2025/10/14 15:49:11 POLARIS_LOG {"event":"send_rate","rate":264000,"ts":1760456951.3925874}
2025/10/14 15:49:12 POLARIS_LOG {"event":"send_rate","rate":328000,"ts":1760456952.3911965}
2025/10/14 15:49:13 POLARIS_LOG {"event":"send_rate","rate":288000,"ts":1760456953.41712}
2025/10/14 15:49:14 POLARIS_LOG {"event":"send_rate","rate":296000,"ts":1760456954.3904204}
2025/10/14 15:49:15 POLARIS_LOG {"event":"send_rate","rate":248000,"ts":1760456955.3896415}
2025/10/14 15:49:16 POLARIS_LOG {"event":"send_rate","rate":288000,"ts":1760456956.389934}
2025/10/14 15:49:17 POLARIS_LOG {"event":"send_rate","rate":272000,"ts":1760456957.4006617}
2025/10/14 15:49:18 POLARIS_LOG {"event":"send_rate","rate":328000,"ts":1760456958.4004319}
2025/10/14 15:49:19 POLARIS_LOG {"event":"send_rate","rate":304000,"ts":1760456959.4082322}
2025/10/14 15:49:20 POLARIS_LOG {"event":"send_rate","rate":360000,"ts":1760456960.3913422}
2025/10/14 15:49:21 POLARIS_LOG {"event":"send_rate","rate":248000,"ts":1760456961.3921282}
2025/10/14 15:49:22 POLARIS_LOG {"event":"send_rate","rate":288000,"ts":1760456962.3952684}
2025/10/14 15:49:23 POLARIS_LOG {"event":"send_rate","rate":328000,"ts":1760456963.389803}
2025/10/14 15:49:24 POLARIS_LOG {"event":"send_rate","rate":392000,"ts":1760456964.3979743}
2025/10/14 15:49:25 POLARIS_LOG {"event":"send_rate","rate":368000,"ts":1760456965.3959794}
2025/10/14 15:49:26 POLARIS_LOG {"event":"send_rate","rate":328000,"ts":1760456966.3990083}
2025/10/14 15:49:27 POLARIS_LOG {"event":"send_rate","rate":472000,"ts":1760456967.408115}
2025/10/14 15:49:28 POLARIS_LOG {"event":"send_rate","rate":424000,"ts":1760456968.3917277}
2025/10/14 15:49:29 POLARIS_LOG {"event":"send_rate","rate":408000,"ts":1760456969.441026}
2025/10/14 15:49:30 POLARIS_LOG {"event":"send_rate","rate":360000,"ts":1760456970.3991923}
2025/10/14 15:49:31 POLARIS_LOG {"event":"send_rate","rate":408000,"ts":1760456971.3918493}
2025/10/14 15:49:32 POLARIS_LOG {"event":"send_rate","rate":400000,"ts":1760456972.390208}
2025/10/14 15:49:33 POLARIS_LOG {"event":"send_rate","rate":272000,"ts":1760456973.4056122}
2025/10/14 15:49:34 POLARIS_LOG {"event":"send_rate","rate":224000,"ts":1760456974.393715}
2025/10/14 15:49:35 POLARIS_LOG {"event":"send_rate","rate":280000,"ts":1760456975.3910837}
2025/10/14 15:49:36 POLARIS_LOG {"event":"send_rate","rate":272000,"ts":1760456976.3906014}
2025/10/14 15:49:37 POLARIS_LOG {"event":"send_rate","rate":272000,"ts":1760456977.4067001}
2025/10/14 15:49:38 POLARIS_LOG {"event":"send_rate","rate":240000,"ts":1760456978.3912156}
Skipping switch: current path 3 3 6 6 1 3 has lastEstimate 333250 >= maxEstimate 0
2025/10/14 15:49:39 POLARIS_LOG {"event":"send_rate","rate":208000,"ts":1760456979.3962777}
2025/10/14 15:49:40 POLARIS_LOG {"event":"send_rate","rate":176000,"ts":1760456980.40594}
2025/10/14 15:49:41 POLARIS_LOG {"event":"send_rate","rate":304000,"ts":1760456981.39291}
2025/10/14 15:49:42 POLARIS_LOG {"event":"send_rate","rate":280000,"ts":1760456982.4025457}
2025/10/14 15:49:43 POLARIS_LOG {"event":"send_rate","rate":296000,"ts":1760456983.3936865}
2025/10/14 15:49:44 POLARIS_LOG {"event":"send_rate","rate":280000,"ts":1760456984.3905375}
2025/10/14 15:49:45 POLARIS_LOG {"event":"send_rate","rate":232000,"ts":1760456985.3965902}
2025/10/14 15:49:46 POLARIS_LOG {"event":"send_rate","rate":320000,"ts":1760456986.3904867}
2025/10/14 15:49:47 POLARIS_LOG {"event":"send_rate","rate":240000,"ts":1760456987.406239}
2025/10/14 15:49:48 POLARIS_LOG {"event":"send_rate","rate":208000,"ts":1760456988.3904269}
Skipping switch: current path 3 3 6 6 1 3 has lastEstimate 333250 >= maxEstimate 0
2025/10/14 15:49:49 POLARIS_LOG {"event":"send_rate","rate":184000,"ts":1760456989.3971045}
2025/10/14 15:49:50 POLARIS_LOG {"event":"send_rate","rate":288000,"ts":1760456990.4052072}
2025/10/14 15:49:51 POLARIS_LOG {"event":"send_rate","rate":208000,"ts":1760456991.3909256}
2025/10/14 15:49:52 POLARIS_LOG {"event":"send_rate","rate":264000,"ts":1760456992.3910825}
2025/10/14 15:49:53 POLARIS_LOG {"event":"send_rate","rate":344000,"ts":1760456993.4159586}
2025/10/14 15:49:54 POLARIS_LOG {"event":"send_rate","rate":312000,"ts":1760456994.3899677}
2025/10/14 15:49:55 POLARIS_LOG {"event":"send_rate","rate":304000,"ts":1760456995.3905065}
2025/10/14 15:49:56 POLARIS_LOG {"event":"send_rate","rate":352000,"ts":1760456996.3987496}
2025/10/14 15:49:57 POLARIS_LOG {"event":"send_rate","rate":304000,"ts":1760456997.4028609}
2025/10/14 15:49:58 POLARIS_LOG {"event":"send_rate","rate":248000,"ts":1760456998.390291}
Skipping switch: current path 3 3 6 6 1 3 has lastEstimate 333250 >= maxEstimate 0
2025/10/14 15:49:59 POLARIS_LOG {"event":"send_rate","rate":240000,"ts":1760456999.4037929}
2025/10/14 15:50:00 POLARIS_LOG {"event":"send_rate","rate":256000,"ts":1760457000.390467}
2025/10/14 15:50:01 POLARIS_LOG {"event":"send_rate","rate":208000,"ts":1760457001.398893}
2025/10/14 15:50:02 POLARIS_LOG {"event":"send_rate","rate":232000,"ts":1760457002.3917415}
2025/10/14 15:50:03 POLARIS_LOG {"event":"send_rate","rate":136000,"ts":1760457003.3898983}
2025/10/14 15:50:04 POLARIS_LOG {"event":"send_rate","rate":128000,"ts":1760457004.3936932}
2025/10/14 15:50:05 POLARIS_LOG {"event":"send_rate","rate":112000,"ts":1760457005.3903873}
2025/10/14 15:50:06 POLARIS_LOG {"event":"send_rate","rate":96000,"ts":1760457006.3908818}
2025/10/14 15:50:07 POLARIS_LOG {"event":"send_rate","rate":192000,"ts":1760457007.4144661}
2025/10/14 15:50:08 POLARIS_LOG {"event":"send_rate","rate":288000,"ts":1760457008.3904476}
2025/10/14 15:50:09 POLARIS_LOG {"event":"send_rate","rate":224000,"ts":1760457009.3917553}
Skipping switch: current path 3 3 6 6 1 3 has lastEstimate 333250 >= maxEstimate 0
2025/10/14 15:50:10 POLARIS_LOG {"event":"send_rate","rate":248000,"ts":1760457010.3940735}
2025/10/14 15:50:11 POLARIS_LOG {"event":"send_rate","rate":296000,"ts":1760457011.3960967}
2025/10/14 15:50:12 POLARIS_LOG {"event":"send_rate","rate":216000,"ts":1760457012.3896778}
2025/10/14 15:50:13 POLARIS_LOG {"event":"send_rate","rate":248000,"ts":1760457013.3989625}
2025/10/14 15:50:14 POLARIS_LOG {"event":"send_rate","rate":176000,"ts":1760457014.404994}
2025/10/14 15:50:15 POLARIS_LOG {"event":"send_rate","rate":208000,"ts":1760457015.3907597}
2025/10/14 15:50:16 POLARIS_LOG {"event":"send_rate","rate":160000,"ts":1760457016.4048383}
2025/10/14 15:50:17 POLARIS_LOG {"event":"send_rate","rate":304000,"ts":1760457017.390502}
2025/10/14 15:50:18 POLARIS_LOG {"event":"send_rate","rate":320000,"ts":1760457018.3905585}
2025/10/14 15:50:19 POLARIS_LOG {"event":"send_rate","rate":264000,"ts":1760457019.3901675}
Skipping switch: current path 3 3 6 6 1 3 has lastEstimate 333250 >= maxEstimate 0
2025/10/14 15:50:20 POLARIS_LOG {"event":"send_rate","rate":240000,"ts":1760457020.3913834}
2025/10/14 15:50:21 POLARIS_LOG {"event":"send_rate","rate":272000,"ts":1760457021.394816}
2025/10/14 15:50:22 POLARIS_LOG {"event":"send_rate","rate":328000,"ts":1760457022.3906045}
2025/10/14 15:50:23 POLARIS_LOG {"event":"send_rate","rate":280000,"ts":1760457023.3903687}
2025/10/14 15:50:24 POLARIS_LOG {"event":"send_rate","rate":248000,"ts":1760457024.3909044}
2025/10/14 15:50:25 POLARIS_LOG {"event":"send_rate","rate":296000,"ts":1760457025.429667}
2025/10/14 15:50:26 POLARIS_LOG {"event":"send_rate","rate":344000,"ts":1760457026.3917904}
2025/10/14 15:50:27 POLARIS_LOG {"event":"send_rate","rate":344000,"ts":1760457027.4055343}
2025/10/14 15:50:28 POLARIS_LOG {"event":"send_rate","rate":408000,"ts":1760457028.391216}
2025/10/14 15:50:29 POLARIS_LOG {"event":"send_rate","rate":312000,"ts":1760457029.390737}
2025/10/14 15:50:30 POLARIS_LOG {"event":"send_rate","rate":432000,"ts":1760457030.3990407}
2025/10/14 15:50:31 POLARIS_LOG {"event":"send_rate","rate":352000,"ts":1760457031.3918195}
2025/10/14 15:50:32 POLARIS_LOG {"event":"send_rate","rate":336000,"ts":1760457032.392009}
2025/10/14 15:50:33 POLARIS_LOG {"event":"send_rate","rate":392000,"ts":1760457033.3909574}
2025/10/14 15:50:34 POLARIS_LOG {"event":"send_rate","rate":328000,"ts":1760457034.3898392}
2025/10/14 15:50:35 POLARIS_LOG {"event":"send_rate","rate":352000,"ts":1760457035.406941}
2025/10/14 15:50:36 POLARIS_LOG {"event":"send_rate","rate":320000,"ts":1760457036.3931837}
2025/10/14 15:50:37 POLARIS_LOG {"event":"send_rate","rate":208000,"ts":1760457037.4032633}
2025/10/14 15:50:38 POLARIS_LOG {"event":"send_rate","rate":288000,"ts":1760457038.3912954}
2025/10/14 15:50:39 POLARIS_LOG {"event":"send_rate","rate":216000,"ts":1760457039.391}
Skipping switch: current path 3 3 6 6 1 3 has lastEstimate 333250 >= maxEstimate 0
2025/10/14 15:50:40 POLARIS_LOG {"event":"send_rate","rate":136000,"ts":1760457040.4088204}
2025/10/14 15:50:41 POLARIS_LOG {"event":"send_rate","rate":152000,"ts":1760457041.3923354}
2025/10/14 15:50:42 POLARIS_LOG {"event":"send_rate","rate":312000,"ts":1760457042.3902676}
2025/10/14 15:50:43 POLARIS_LOG {"event":"send_rate","rate":296000,"ts":1760457043.4078963}
2025/10/14 15:50:44 POLARIS_LOG {"event":"send_rate","rate":176000,"ts":1760457044.390388}
2025/10/14 15:50:45 POLARIS_LOG {"event":"send_rate","rate":232000,"ts":1760457045.3985043}
2025/10/14 15:50:46 POLARIS_LOG {"event":"send_rate","rate":328000,"ts":1760457046.390703}
2025/10/14 15:50:47 POLARIS_LOG {"event":"send_rate","rate":176000,"ts":1760457047.4009655}
2025/10/14 15:50:48 POLARIS_LOG {"event":"send_rate","rate":248000,"ts":1760457048.3900933}
Skipping switch: current path 3 3 6 6 1 3 has lastEstimate 333250 >= maxEstimate 0
2025/10/14 15:50:49 POLARIS_LOG {"event":"send_rate","rate":280000,"ts":1760457049.3961546}
2025/10/14 15:50:50 POLARIS_LOG {"event":"send_rate","rate":224000,"ts":1760457050.3961294}
2025/10/14 15:50:51 POLARIS_LOG {"event":"send_rate","rate":304000,"ts":1760457051.3929849}
2025/10/14 15:50:52 POLARIS_LOG {"event":"send_rate","rate":464000,"ts":1760457052.389967}
2025/10/14 15:50:53 POLARIS_LOG {"event":"send_rate","rate":344000,"ts":1760457053.3997638}
2025/10/14 15:50:54 POLARIS_LOG {"event":"send_rate","rate":424000,"ts":1760457054.4072807}
2025/10/14 15:50:55 POLARIS_LOG {"event":"send_rate","rate":360000,"ts":1760457055.4013655}
2025/10/14 15:50:56 POLARIS_LOG {"event":"send_rate","rate":240000,"ts":1760457056.3946981}
2025/10/14 15:50:57 POLARIS_LOG {"event":"send_rate","rate":448000,"ts":1760457057.4055896}
2025/10/14 15:50:58 POLARIS_LOG {"event":"send_rate","rate":304000,"ts":1760457058.3904536}
2025/10/14 15:50:59 POLARIS_LOG {"event":"send_rate","rate":416000,"ts":1760457059.39107}
2025/10/14 15:51:00 POLARIS_LOG {"event":"send_rate","rate":544000,"ts":1760457060.3928246}
2025/10/14 15:51:01 POLARIS_LOG {"event":"send_rate","rate":512000,"ts":1760457061.3936958}
2025/10/14 15:51:02 POLARIS_LOG {"event":"send_rate","rate":480000,"ts":1760457062.390573}
2025/10/14 15:51:03 POLARIS_LOG {"event":"send_rate","rate":344000,"ts":1760457063.3903482}
2025/10/14 15:51:04 POLARIS_LOG {"event":"send_rate","rate":296000,"ts":1760457064.3907635}
2025/10/14 15:51:05 POLARIS_LOG {"event":"send_rate","rate":288000,"ts":1760457065.3910863}
2025/10/14 15:51:06 POLARIS_LOG {"event":"send_rate","rate":216000,"ts":1760457066.3934426}
2025/10/14 15:51:07 POLARIS_LOG {"event":"send_rate","rate":400000,"ts":1760457067.4216626}
2025/10/14 15:51:08 POLARIS_LOG {"event":"send_rate","rate":312000,"ts":1760457068.390574}
2025/10/14 15:51:09 POLARIS_LOG {"event":"send_rate","rate":336000,"ts":1760457069.4019759}
2025/10/14 15:51:10 POLARIS_LOG {"event":"send_rate","rate":296000,"ts":1760457070.3915937}
2025/10/14 15:51:11 POLARIS_LOG {"event":"send_rate","rate":312000,"ts":1760457071.3976746}
2025/10/14 15:51:12 POLARIS_LOG {"event":"send_rate","rate":296000,"ts":1760457072.3917038}
2025/10/14 15:51:13 POLARIS_LOG {"event":"send_rate","rate":432000,"ts":1760457073.402663}
2025/10/14 15:51:14 POLARIS_LOG {"event":"send_rate","rate":344000,"ts":1760457074.3901114}
2025/10/14 15:51:15 POLARIS_LOG {"event":"send_rate","rate":344000,"ts":1760457075.389812}
2025/10/14 15:51:16 POLARIS_LOG {"event":"send_rate","rate":328000,"ts":1760457076.390589}
2025/10/14 15:51:17 POLARIS_LOG {"event":"send_rate","rate":328000,"ts":1760457077.3980222}
2025/10/14 15:51:18 POLARIS_LOG {"event":"send_rate","rate":344000,"ts":1760457078.3984857}
2025/10/14 15:51:19 POLARIS_LOG {"event":"send_rate","rate":288000,"ts":1760457079.3905096}
2025/10/14 15:51:20 POLARIS_LOG {"event":"send_rate","rate":352000,"ts":1760457080.39376}
2025/10/14 15:51:21 POLARIS_LOG {"event":"send_rate","rate":376000,"ts":1760457081.4027}
2025/10/14 15:51:22 POLARIS_LOG {"event":"send_rate","rate":312000,"ts":1760457082.397694}
2025/10/14 15:51:23 POLARIS_LOG {"event":"send_rate","rate":216000,"ts":1760457083.41406}
2025/10/14 15:51:24 POLARIS_LOG {"event":"send_rate","rate":272000,"ts":1760457084.395591}
2025/10/14 15:51:25 POLARIS_LOG {"event":"send_rate","rate":360000,"ts":1760457085.3901594}
2025/10/14 15:51:26 POLARIS_LOG {"event":"send_rate","rate":456000,"ts":1760457086.404834}
2025/10/14 15:51:27 POLARIS_LOG {"event":"send_rate","rate":408000,"ts":1760457087.390421}
2025/10/14 15:51:28 POLARIS_LOG {"event":"send_rate","rate":304000,"ts":1760457088.3904002}
2025/10/14 15:51:29 POLARIS_LOG {"event":"send_rate","rate":360000,"ts":1760457089.3897686}
Drain Loop received packet
Drain Loop received non-nil payload
Client sent 9309 packets, server reported 9130 packets received
The network loss rate from client to server is 1.9%

S->C results
Attempted bandwidth: 0 bps / 0.00 Mbps
Achieved bandwidth: 0 bps / 0.00 Mbps
Loss rate: 0.0%
Interarrival time min/avg/max/mdev = -0.000/0.000/0.000/0.000 ms

C->S results
Attempted bandwidth: 299983 bps / 0.30 Mbps
Achieved bandwidth: 293333 bps / 0.29 Mbps
Loss rate: 2.2%
Interarrival time min/avg/max/mdev = 0.002/26.838/551.759/22.911 ms
