
Test parameters:
client->server: 294 seconds, 1000 bytes, 11025 packets
server->client: 294 seconds, 1000 bytes, 0 packets
Polaris prober initialized with 38 paths
Polaris prober initialized with local 1-111,10.111.0.71:32758 and remote 1-113,10.113.0.71
2025/10/14 15:46:34 POLARIS_LOG {"current_rate":0,"event":"path_switch","new":"2 2 5 2","trigger":"initialization","ts":1760456794.0413072}
2025/10/14 15:46:35 POLARIS_LOG {"event":"send_rate","rate":304000,"ts":1760456795.0415852}
2025/10/14 15:46:36 POLARIS_LOG {"event":"send_rate","rate":296000,"ts":1760456796.0424106}
2025/10/14 15:46:37 POLARIS_LOG {"event":"send_rate","rate":304000,"ts":1760456797.0422482}
2025/10/14 15:46:38 POLARIS_LOG {"event":"send_rate","rate":296000,"ts":1760456798.044018}
2025/10/14 15:46:39 POLARIS_LOG {"event":"send_rate","rate":304000,"ts":1760456799.0541978}
2025/10/14 15:46:40 POLARIS_LOG {"event":"send_rate","rate":296000,"ts":1760456800.0425463}
2025/10/14 15:46:41 POLARIS_LOG {"event":"send_rate","rate":304000,"ts":1760456801.0418375}
2025/10/14 15:46:42 POLARIS_LOG {"event":"send_rate","rate":296000,"ts":1760456802.0472214}
2025/10/14 15:46:43 POLARIS_LOG {"event":"send_rate","rate":304000,"ts":1760456803.052938}
2025/10/14 15:46:44 POLARIS_LOG {"event":"send_rate","rate":296000,"ts":1760456804.0416968}
2025/10/14 15:46:45 POLARIS_LOG {"event":"send_rate","rate":304000,"ts":1760456805.041645}
2025/10/14 15:46:46 POLARIS_LOG {"event":"send_rate","rate":296000,"ts":1760456806.0427346}
2025/10/14 15:46:47 POLARIS_LOG {"event":"send_rate","rate":304000,"ts":1760456807.0424662}
2025/10/14 15:46:48 POLARIS_LOG {"event":"send_rate","rate":296000,"ts":1760456808.0417237}
2025/10/14 15:46:49 POLARIS_LOG {"event":"send_rate","rate":304000,"ts":1760456809.0416448}
2025/10/14 15:46:50 POLARIS_LOG {"event":"send_rate","rate":296000,"ts":1760456810.0426314}
2025/10/14 15:46:51 POLARIS_LOG {"event":"send_rate","rate":304000,"ts":1760456811.0432339}
2025/10/14 15:46:52 POLARIS_LOG {"event":"send_rate","rate":296000,"ts":1760456812.0416043}
2025/10/14 15:46:53 POLARIS_LOG {"event":"send_rate","rate":304000,"ts":1760456813.042463}
2025/10/14 15:46:54 POLARIS_LOG {"event":"send_rate","rate":296000,"ts":1760456814.0420027}
2025/10/14 15:46:55 POLARIS_LOG {"event":"send_rate","rate":304000,"ts":1760456815.0423105}
2025/10/14 15:46:56 POLARIS_LOG {"event":"send_rate","rate":296000,"ts":1760456816.0418432}
2025/10/14 15:46:57 POLARIS_LOG {"event":"send_rate","rate":304000,"ts":1760456817.042096}
2025/10/14 15:46:58 POLARIS_LOG {"event":"send_rate","rate":296000,"ts":1760456818.0417807}
2025/10/14 15:46:59 POLARIS_LOG {"event":"send_rate","rate":304000,"ts":1760456819.0424182}
2025/10/14 15:47:00 POLARIS_LOG {"event":"send_rate","rate":296000,"ts":1760456820.0415804}
2025/10/14 15:47:01 POLARIS_LOG {"event":"send_rate","rate":296000,"ts":1760456821.0421584}
2025/10/14 15:47:02 POLARIS_LOG {"event":"send_rate","rate":192000,"ts":1760456822.0439973}
2025/10/14 15:47:03 POLARIS_LOG {"event":"send_rate","rate":200000,"ts":1760456823.0423496}
2025/10/14 15:47:04 POLARIS_LOG {"candidates":10,"candidates_unfiltered":25,"current_rate":200000,"estimated_share":1000000,"event":"path_switch","max_estimated_share":1000000,"new":"3 3 6 6 1 3","old":"2 2 5 2","trigger":"scheduled","ts":1760456824.0432746}
2025/10/14 15:47:04 POLARIS_LOG {"event":"send_rate","rate":264000,"ts":1760456824.0433402}
2025/10/14 15:47:05 POLARIS_LOG {"event":"send_rate","rate":552000,"ts":1760456825.0417664}
2025/10/14 15:47:06 POLARIS_LOG {"event":"send_rate","rate":296000,"ts":1760456826.0428739}
2025/10/14 15:47:07 POLARIS_LOG {"event":"send_rate","rate":304000,"ts":1760456827.041709}
2025/10/14 15:47:08 POLARIS_LOG {"event":"send_rate","rate":296000,"ts":1760456828.0425532}
2025/10/14 15:47:09 POLARIS_LOG {"event":"send_rate","rate":304000,"ts":1760456829.0438473}
2025/10/14 15:47:10 POLARIS_LOG {"event":"send_rate","rate":296000,"ts":1760456830.042895}
2025/10/14 15:47:11 POLARIS_LOG {"event":"send_rate","rate":304000,"ts":1760456831.0428703}
2025/10/14 15:47:12 POLARIS_LOG {"event":"send_rate","rate":296000,"ts":1760456832.0428467}
2025/10/14 15:47:13 POLARIS_LOG {"event":"send_rate","rate":304000,"ts":1760456833.0415652}
2025/10/14 15:47:14 POLARIS_LOG {"event":"send_rate","rate":296000,"ts":1760456834.0433218}
2025/10/14 15:47:15 POLARIS_LOG {"event":"send_rate","rate":304000,"ts":1760456835.0429597}
2025/10/14 15:47:16 POLARIS_LOG {"event":"send_rate","rate":296000,"ts":1760456836.0420938}
2025/10/14 15:47:17 POLARIS_LOG {"event":"send_rate","rate":304000,"ts":1760456837.0417075}
2025/10/14 15:47:18 POLARIS_LOG {"event":"send_rate","rate":296000,"ts":1760456838.0421271}
2025/10/14 15:47:19 POLARIS_LOG {"event":"send_rate","rate":304000,"ts":1760456839.0421815}
2025/10/14 15:47:20 POLARIS_LOG {"event":"send_rate","rate":296000,"ts":1760456840.0418077}
2025/10/14 15:47:21 POLARIS_LOG {"event":"send_rate","rate":304000,"ts":1760456841.042316}
2025/10/14 15:47:22 POLARIS_LOG {"event":"send_rate","rate":296000,"ts":1760456842.0435274}
2025/10/14 15:47:23 POLARIS_LOG {"event":"send_rate","rate":304000,"ts":1760456843.0423017}
2025/10/14 15:47:24 POLARIS_LOG {"event":"send_rate","rate":296000,"ts":1760456844.0460238}
2025/10/14 15:47:25 POLARIS_LOG {"event":"send_rate","rate":304000,"ts":1760456845.0440674}
2025/10/14 15:47:26 POLARIS_LOG {"event":"send_rate","rate":296000,"ts":1760456846.0418448}
2025/10/14 15:47:27 POLARIS_LOG {"event":"send_rate","rate":296000,"ts":1760456847.0492744}
2025/10/14 15:47:28 POLARIS_LOG {"event":"send_rate","rate":304000,"ts":1760456848.041961}
2025/10/14 15:47:29 POLARIS_LOG {"event":"send_rate","rate":304000,"ts":1760456849.042655}
2025/10/14 15:47:30 POLARIS_LOG {"event":"send_rate","rate":296000,"ts":1760456850.0434139}
2025/10/14 15:47:31 POLARIS_LOG {"event":"send_rate","rate":304000,"ts":1760456851.042151}
2025/10/14 15:47:32 POLARIS_LOG {"event":"send_rate","rate":296000,"ts":1760456852.0429976}
2025/10/14 15:47:33 POLARIS_LOG {"event":"send_rate","rate":304000,"ts":1760456853.0632472}
2025/10/14 15:47:34 POLARIS_LOG {"event":"send_rate","rate":296000,"ts":1760456854.042353}
2025/10/14 15:47:35 POLARIS_LOG {"event":"send_rate","rate":304000,"ts":1760456855.042472}
2025/10/14 15:47:36 POLARIS_LOG {"event":"send_rate","rate":296000,"ts":1760456856.0421393}
2025/10/14 15:47:37 POLARIS_LOG {"event":"send_rate","rate":304000,"ts":1760456857.0432217}
2025/10/14 15:47:38 POLARIS_LOG {"event":"send_rate","rate":288000,"ts":1760456858.0447888}
2025/10/14 15:47:39 POLARIS_LOG {"event":"send_rate","rate":312000,"ts":1760456859.04179}
2025/10/14 15:47:40 POLARIS_LOG {"event":"send_rate","rate":296000,"ts":1760456860.049945}
2025/10/14 15:47:41 POLARIS_LOG {"event":"send_rate","rate":304000,"ts":1760456861.0522845}
2025/10/14 15:47:42 POLARIS_LOG {"event":"send_rate","rate":296000,"ts":1760456862.0486307}
2025/10/14 15:47:43 POLARIS_LOG {"event":"send_rate","rate":304000,"ts":1760456863.0433207}
Skipping switch: current path 3 3 6 6 1 3 has lastEstimate 285750 >= maxEstimate 0
2025/10/14 15:47:44 POLARIS_LOG {"event":"send_rate","rate":288000,"ts":1760456864.0533516}
2025/10/14 15:47:45 POLARIS_LOG {"event":"send_rate","rate":304000,"ts":1760456865.0424054}
2025/10/14 15:47:46 POLARIS_LOG {"event":"send_rate","rate":304000,"ts":1760456866.043448}
2025/10/14 15:47:47 POLARIS_LOG {"event":"send_rate","rate":304000,"ts":1760456867.04607}
2025/10/14 15:47:48 POLARIS_LOG {"event":"send_rate","rate":296000,"ts":1760456868.0447645}
2025/10/14 15:47:49 POLARIS_LOG {"event":"send_rate","rate":296000,"ts":1760456869.0426826}
2025/10/14 15:47:50 POLARIS_LOG {"event":"send_rate","rate":304000,"ts":1760456870.0415585}
2025/10/14 15:47:51 POLARIS_LOG {"event":"send_rate","rate":296000,"ts":1760456871.0448983}
2025/10/14 15:47:52 POLARIS_LOG {"event":"send_rate","rate":304000,"ts":1760456872.042984}
2025/10/14 15:47:53 POLARIS_LOG {"event":"send_rate","rate":296000,"ts":1760456873.0415769}
2025/10/14 15:47:54 POLARIS_LOG {"event":"send_rate","rate":304000,"ts":1760456874.0428412}
2025/10/14 15:47:55 POLARIS_LOG {"event":"send_rate","rate":304000,"ts":1760456875.0439231}
2025/10/14 15:47:56 POLARIS_LOG {"event":"send_rate","rate":304000,"ts":1760456876.0561054}
2025/10/14 15:47:57 POLARIS_LOG {"event":"send_rate","rate":296000,"ts":1760456877.04254}
2025/10/14 15:47:58 POLARIS_LOG {"event":"send_rate","rate":296000,"ts":1760456878.0442479}
2025/10/14 15:47:59 POLARIS_LOG {"event":"send_rate","rate":304000,"ts":1760456879.0425367}
2025/10/14 15:48:00 POLARIS_LOG {"event":"send_rate","rate":296000,"ts":1760456880.04861}
2025/10/14 15:48:01 POLARIS_LOG {"event":"send_rate","rate":296000,"ts":1760456881.042072}
2025/10/14 15:48:02 POLARIS_LOG {"event":"send_rate","rate":304000,"ts":1760456882.0465274}
2025/10/14 15:48:03 POLARIS_LOG {"event":"send_rate","rate":304000,"ts":1760456883.044179}
2025/10/14 15:48:04 POLARIS_LOG {"event":"send_rate","rate":296000,"ts":1760456884.0454447}
2025/10/14 15:48:05 POLARIS_LOG {"event":"send_rate","rate":304000,"ts":1760456885.0466464}
2025/10/14 15:48:06 POLARIS_LOG {"event":"send_rate","rate":296000,"ts":1760456886.0427105}
2025/10/14 15:48:07 POLARIS_LOG {"event":"send_rate","rate":296000,"ts":1760456887.0415552}
2025/10/14 15:48:08 POLARIS_LOG {"event":"send_rate","rate":304000,"ts":1760456888.0470488}
2025/10/14 15:48:09 POLARIS_LOG {"event":"send_rate","rate":304000,"ts":1760456889.0444446}
2025/10/14 15:48:10 POLARIS_LOG {"event":"send_rate","rate":296000,"ts":1760456890.0421433}
2025/10/14 15:48:11 POLARIS_LOG {"event":"send_rate","rate":288000,"ts":1760456891.0420475}
2025/10/14 15:48:12 POLARIS_LOG {"event":"send_rate","rate":312000,"ts":1760456892.0527053}
2025/10/14 15:48:13 POLARIS_LOG {"event":"send_rate","rate":296000,"ts":1760456893.0415552}
2025/10/14 15:48:14 POLARIS_LOG {"event":"send_rate","rate":304000,"ts":1760456894.0475633}
2025/10/14 15:48:15 POLARIS_LOG {"event":"send_rate","rate":296000,"ts":1760456895.0420897}
2025/10/14 15:48:16 POLARIS_LOG {"event":"send_rate","rate":304000,"ts":1760456896.055619}
2025/10/14 15:48:17 POLARIS_LOG {"event":"send_rate","rate":296000,"ts":1760456897.0421863}
2025/10/14 15:48:18 POLARIS_LOG {"event":"send_rate","rate":304000,"ts":1760456898.0421314}
2025/10/14 15:48:19 POLARIS_LOG {"event":"send_rate","rate":296000,"ts":1760456899.042218}
2025/10/14 15:48:20 POLARIS_LOG {"event":"send_rate","rate":304000,"ts":1760456900.0532503}
2025/10/14 15:48:21 POLARIS_LOG {"event":"send_rate","rate":304000,"ts":1760456901.0533595}
2025/10/14 15:48:22 POLARIS_LOG {"event":"send_rate","rate":216000,"ts":1760456902.0447147}
2025/10/14 15:48:23 POLARIS_LOG {"event":"send_rate","rate":216000,"ts":1760456903.0458653}
2025/10/14 15:48:24 POLARIS_LOG {"event":"send_rate","rate":200000,"ts":1760456904.0431387}
Skipping switch: current path 3 3 6 6 1 3 has lastEstimate 285750 >= maxEstimate 0
2025/10/14 15:48:25 POLARIS_LOG {"event":"send_rate","rate":176000,"ts":1760456905.0429542}
2025/10/14 15:48:26 POLARIS_LOG {"event":"send_rate","rate":176000,"ts":1760456906.049656}
2025/10/14 15:48:27 POLARIS_LOG {"event":"send_rate","rate":176000,"ts":1760456907.0431914}
2025/10/14 15:48:28 POLARIS_LOG {"event":"send_rate","rate":216000,"ts":1760456908.057565}
2025/10/14 15:48:29 POLARIS_LOG {"event":"send_rate","rate":296000,"ts":1760456909.0419664}
2025/10/14 15:48:30 POLARIS_LOG {"event":"send_rate","rate":304000,"ts":1760456910.0415592}
2025/10/14 15:48:31 POLARIS_LOG {"event":"send_rate","rate":240000,"ts":1760456911.0455954}
2025/10/14 15:48:32 POLARIS_LOG {"event":"send_rate","rate":288000,"ts":1760456912.0428267}
2025/10/14 15:48:33 POLARIS_LOG {"event":"send_rate","rate":152000,"ts":1760456913.052842}
2025/10/14 15:48:34 POLARIS_LOG {"event":"send_rate","rate":248000,"ts":1760456914.0422885}
Skipping switch: current path 3 3 6 6 1 3 has lastEstimate 285750 >= maxEstimate 0
2025/10/14 15:48:35 POLARIS_LOG {"event":"send_rate","rate":304000,"ts":1760456915.0446386}
2025/10/14 15:48:36 POLARIS_LOG {"event":"send_rate","rate":232000,"ts":1760456916.0424564}
2025/10/14 15:48:37 POLARIS_LOG {"event":"send_rate","rate":256000,"ts":1760456917.0470011}
2025/10/14 15:48:38 POLARIS_LOG {"event":"send_rate","rate":296000,"ts":1760456918.051229}
2025/10/14 15:48:39 POLARIS_LOG {"event":"send_rate","rate":408000,"ts":1760456919.0459073}
2025/10/14 15:48:40 POLARIS_LOG {"event":"send_rate","rate":416000,"ts":1760456920.0422916}
2025/10/14 15:48:41 POLARIS_LOG {"event":"send_rate","rate":464000,"ts":1760456921.0417736}
2025/10/14 15:48:42 POLARIS_LOG {"event":"send_rate","rate":288000,"ts":1760456922.0422738}
2025/10/14 15:48:43 POLARIS_LOG {"event":"send_rate","rate":248000,"ts":1760456923.0425372}
Skipping switch: current path 3 3 6 6 1 3 has lastEstimate 333250 >= maxEstimate 0
2025/10/14 15:48:44 POLARIS_LOG {"event":"send_rate","rate":280000,"ts":1760456924.0428057}
2025/10/14 15:48:45 POLARIS_LOG {"event":"send_rate","rate":304000,"ts":1760456925.043825}
2025/10/14 15:48:46 POLARIS_LOG {"event":"send_rate","rate":296000,"ts":1760456926.0431998}
2025/10/14 15:48:47 POLARIS_LOG {"event":"send_rate","rate":232000,"ts":1760456927.042262}
2025/10/14 15:48:48 POLARIS_LOG {"event":"send_rate","rate":216000,"ts":1760456928.0423033}
2025/10/14 15:48:49 POLARIS_LOG {"event":"send_rate","rate":256000,"ts":1760456929.0621905}
2025/10/14 15:48:50 POLARIS_LOG {"event":"send_rate","rate":224000,"ts":1760456930.0422556}
2025/10/14 15:48:51 POLARIS_LOG {"event":"send_rate","rate":248000,"ts":1760456931.0417101}
2025/10/14 15:48:52 POLARIS_LOG {"event":"send_rate","rate":336000,"ts":1760456932.0415804}
2025/10/14 15:48:53 POLARIS_LOG {"event":"send_rate","rate":432000,"ts":1760456933.0445929}
2025/10/14 15:48:54 POLARIS_LOG {"event":"send_rate","rate":296000,"ts":1760456934.0619724}
2025/10/14 15:48:55 POLARIS_LOG {"event":"send_rate","rate":392000,"ts":1760456935.0420656}
2025/10/14 15:48:56 POLARIS_LOG {"event":"send_rate","rate":344000,"ts":1760456936.0428042}
2025/10/14 15:48:57 POLARIS_LOG {"event":"send_rate","rate":376000,"ts":1760456937.0706885}
2025/10/14 15:48:58 POLARIS_LOG {"event":"send_rate","rate":464000,"ts":1760456938.042511}
2025/10/14 15:48:59 POLARIS_LOG {"event":"send_rate","rate":456000,"ts":1760456939.0428247}
2025/10/14 15:49:00 POLARIS_LOG {"event":"send_rate","rate":352000,"ts":1760456940.0422952}
2025/10/14 15:49:01 POLARIS_LOG {"event":"send_rate","rate":352000,"ts":1760456941.0431788}
2025/10/14 15:49:02 POLARIS_LOG {"event":"send_rate","rate":360000,"ts":1760456942.0435767}
2025/10/14 15:49:03 POLARIS_LOG {"event":"send_rate","rate":320000,"ts":1760456943.0541205}
2025/10/14 15:49:04 POLARIS_LOG {"event":"send_rate","rate":224000,"ts":1760456944.060948}
2025/10/14 15:49:05 POLARIS_LOG {"event":"send_rate","rate":192000,"ts":1760456945.06435}
2025/10/14 15:49:06 POLARIS_LOG {"event":"send_rate","rate":240000,"ts":1760456946.04421}
2025/10/14 15:49:07 POLARIS_LOG {"event":"send_rate","rate":352000,"ts":1760456947.0424724}
2025/10/14 15:49:08 POLARIS_LOG {"event":"send_rate","rate":344000,"ts":1760456948.0418413}
2025/10/14 15:49:09 POLARIS_LOG {"event":"send_rate","rate":368000,"ts":1760456949.0425353}
2025/10/14 15:49:10 POLARIS_LOG {"event":"send_rate","rate":344000,"ts":1760456950.0431826}
2025/10/14 15:49:11 POLARIS_LOG {"event":"send_rate","rate":560000,"ts":1760456951.049703}
2025/10/14 15:49:12 POLARIS_LOG {"event":"send_rate","rate":288000,"ts":1760456952.052139}
2025/10/14 15:49:13 POLARIS_LOG {"event":"send_rate","rate":312000,"ts":1760456953.047464}
2025/10/14 15:49:14 POLARIS_LOG {"event":"send_rate","rate":288000,"ts":1760456954.0422423}
2025/10/14 15:49:15 POLARIS_LOG {"event":"send_rate","rate":328000,"ts":1760456955.0417593}
2025/10/14 15:49:16 POLARIS_LOG {"event":"send_rate","rate":304000,"ts":1760456956.0424843}
2025/10/14 15:49:17 POLARIS_LOG {"event":"send_rate","rate":304000,"ts":1760456957.0512853}
2025/10/14 15:49:18 POLARIS_LOG {"event":"send_rate","rate":296000,"ts":1760456958.0429072}
2025/10/14 15:49:19 POLARIS_LOG {"event":"send_rate","rate":296000,"ts":1760456959.0439148}
2025/10/14 15:49:20 POLARIS_LOG {"event":"send_rate","rate":304000,"ts":1760456960.0422642}
2025/10/14 15:49:21 POLARIS_LOG {"event":"send_rate","rate":296000,"ts":1760456961.0415776}
2025/10/14 15:49:22 POLARIS_LOG {"event":"send_rate","rate":304000,"ts":1760456962.048947}
2025/10/14 15:49:23 POLARIS_LOG {"event":"send_rate","rate":296000,"ts":1760456963.041718}
2025/10/14 15:49:24 POLARIS_LOG {"event":"send_rate","rate":304000,"ts":1760456964.0622737}
2025/10/14 15:49:25 POLARIS_LOG {"event":"send_rate","rate":216000,"ts":1760456965.0422761}
2025/10/14 15:49:26 POLARIS_LOG {"event":"send_rate","rate":248000,"ts":1760456966.115865}
2025/10/14 15:49:27 POLARIS_LOG {"event":"send_rate","rate":208000,"ts":1760456967.064906}
2025/10/14 15:49:28 POLARIS_LOG {"event":"send_rate","rate":264000,"ts":1760456968.0743396}
2025/10/14 15:49:29 POLARIS_LOG {"event":"send_rate","rate":312000,"ts":1760456969.0430436}
2025/10/14 15:49:30 POLARIS_LOG {"event":"send_rate","rate":304000,"ts":1760456970.068806}
2025/10/14 15:49:31 POLARIS_LOG {"event":"send_rate","rate":280000,"ts":1760456971.0415795}
2025/10/14 15:49:32 POLARIS_LOG {"event":"send_rate","rate":256000,"ts":1760456972.0476427}
2025/10/14 15:49:33 POLARIS_LOG {"event":"send_rate","rate":248000,"ts":1760456973.0432637}
2025/10/14 15:49:34 POLARIS_LOG {"event":"send_rate","rate":320000,"ts":1760456974.080158}
2025/10/14 15:49:35 POLARIS_LOG {"event":"send_rate","rate":176000,"ts":1760456975.0484}
2025/10/14 15:49:36 POLARIS_LOG {"event":"send_rate","rate":232000,"ts":1760456976.043236}
2025/10/14 15:49:37 POLARIS_LOG {"event":"send_rate","rate":240000,"ts":1760456977.0421267}
2025/10/14 15:49:38 POLARIS_LOG {"event":"send_rate","rate":320000,"ts":1760456978.042445}
2025/10/14 15:49:39 POLARIS_LOG {"event":"send_rate","rate":344000,"ts":1760456979.042825}
2025/10/14 15:49:40 POLARIS_LOG {"event":"send_rate","rate":264000,"ts":1760456980.0423512}
2025/10/14 15:49:41 POLARIS_LOG {"event":"send_rate","rate":232000,"ts":1760456981.0483346}
2025/10/14 15:49:42 POLARIS_LOG {"event":"send_rate","rate":208000,"ts":1760456982.042769}
2025/10/14 15:49:43 POLARIS_LOG {"event":"send_rate","rate":232000,"ts":1760456983.0421264}
2025/10/14 15:49:44 POLARIS_LOG {"event":"send_rate","rate":192000,"ts":1760456984.0420547}
Skipping switch: current path 3 3 6 6 1 3 has lastEstimate 333250 >= maxEstimate 0
2025/10/14 15:49:45 POLARIS_LOG {"event":"send_rate","rate":352000,"ts":1760456985.0424929}
2025/10/14 15:49:46 POLARIS_LOG {"event":"send_rate","rate":296000,"ts":1760456986.0422087}
2025/10/14 15:49:47 POLARIS_LOG {"event":"send_rate","rate":344000,"ts":1760456987.043742}
2025/10/14 15:49:48 POLARIS_LOG {"event":"send_rate","rate":336000,"ts":1760456988.0432482}
2025/10/14 15:49:49 POLARIS_LOG {"event":"send_rate","rate":224000,"ts":1760456989.0457792}
2025/10/14 15:49:50 POLARIS_LOG {"event":"send_rate","rate":384000,"ts":1760456990.0420487}
2025/10/14 15:49:51 POLARIS_LOG {"event":"send_rate","rate":224000,"ts":1760456991.042409}
2025/10/14 15:49:52 POLARIS_LOG {"event":"send_rate","rate":224000,"ts":1760456992.0426745}
2025/10/14 15:49:53 POLARIS_LOG {"event":"send_rate","rate":224000,"ts":1760456993.0435638}
2025/10/14 15:49:54 POLARIS_LOG {"event":"send_rate","rate":280000,"ts":1760456994.0421133}
Skipping switch: current path 3 3 6 6 1 3 has lastEstimate 333250 >= maxEstimate 0
2025/10/14 15:49:55 POLARIS_LOG {"event":"send_rate","rate":336000,"ts":1760456995.04333}
2025/10/14 15:49:56 POLARIS_LOG {"event":"send_rate","rate":328000,"ts":1760456996.081927}
2025/10/14 15:49:57 POLARIS_LOG {"event":"send_rate","rate":288000,"ts":1760456997.048891}
2025/10/14 15:49:58 POLARIS_LOG {"event":"send_rate","rate":328000,"ts":1760456998.0421839}
2025/10/14 15:49:59 POLARIS_LOG {"event":"send_rate","rate":200000,"ts":1760456999.0421238}
2025/10/14 15:50:00 POLARIS_LOG {"event":"send_rate","rate":216000,"ts":1760457000.0493944}
2025/10/14 15:50:01 POLARIS_LOG {"event":"send_rate","rate":376000,"ts":1760457001.0442338}
2025/10/14 15:50:02 POLARIS_LOG {"event":"send_rate","rate":408000,"ts":1760457002.0461168}
2025/10/14 15:50:03 POLARIS_LOG {"event":"send_rate","rate":496000,"ts":1760457003.0862677}
2025/10/14 15:50:04 POLARIS_LOG {"event":"send_rate","rate":256000,"ts":1760457004.041735}
2025/10/14 15:50:05 POLARIS_LOG {"event":"send_rate","rate":216000,"ts":1760457005.0418835}
2025/10/14 15:50:06 POLARIS_LOG {"event":"send_rate","rate":168000,"ts":1760457006.0426168}
2025/10/14 15:50:07 POLARIS_LOG {"event":"send_rate","rate":256000,"ts":1760457007.0730119}
2025/10/14 15:50:08 POLARIS_LOG {"event":"send_rate","rate":304000,"ts":1760457008.0518932}
2025/10/14 15:50:09 POLARIS_LOG {"event":"send_rate","rate":296000,"ts":1760457009.0433683}
2025/10/14 15:50:10 POLARIS_LOG {"event":"send_rate","rate":360000,"ts":1760457010.054098}
2025/10/14 15:50:11 POLARIS_LOG {"event":"send_rate","rate":376000,"ts":1760457011.0472212}
2025/10/14 15:50:12 POLARIS_LOG {"event":"send_rate","rate":392000,"ts":1760457012.060545}
2025/10/14 15:50:13 POLARIS_LOG {"event":"send_rate","rate":344000,"ts":1760457013.0425122}
2025/10/14 15:50:14 POLARIS_LOG {"event":"send_rate","rate":328000,"ts":1760457014.044824}
2025/10/14 15:50:15 POLARIS_LOG {"event":"send_rate","rate":312000,"ts":1760457015.0421236}
2025/10/14 15:50:16 POLARIS_LOG {"event":"send_rate","rate":376000,"ts":1760457016.041623}
2025/10/14 15:50:17 POLARIS_LOG {"event":"send_rate","rate":304000,"ts":1760457017.0468311}
2025/10/14 15:50:18 POLARIS_LOG {"event":"send_rate","rate":376000,"ts":1760457018.0421863}
2025/10/14 15:50:19 POLARIS_LOG {"event":"send_rate","rate":304000,"ts":1760457019.042514}
2025/10/14 15:50:20 POLARIS_LOG {"event":"send_rate","rate":376000,"ts":1760457020.053081}
2025/10/14 15:50:21 POLARIS_LOG {"event":"send_rate","rate":392000,"ts":1760457021.0417147}
2025/10/14 15:50:22 POLARIS_LOG {"event":"send_rate","rate":240000,"ts":1760457022.0496528}
2025/10/14 15:50:23 POLARIS_LOG {"event":"send_rate","rate":224000,"ts":1760457023.0425582}
2025/10/14 15:50:24 POLARIS_LOG {"event":"send_rate","rate":264000,"ts":1760457024.0431418}
Skipping switch: current path 3 3 6 6 1 3 has lastEstimate 333250 >= maxEstimate 0
2025/10/14 15:50:25 POLARIS_LOG {"event":"send_rate","rate":264000,"ts":1760457025.0418677}
2025/10/14 15:50:26 POLARIS_LOG {"event":"send_rate","rate":248000,"ts":1760457026.0477626}
2025/10/14 15:50:27 POLARIS_LOG {"event":"send_rate","rate":224000,"ts":1760457027.0422618}
2025/10/14 15:50:28 POLARIS_LOG {"event":"send_rate","rate":224000,"ts":1760457028.0428095}
2025/10/14 15:50:29 POLARIS_LOG {"event":"send_rate","rate":176000,"ts":1760457029.0771108}
2025/10/14 15:50:30 POLARIS_LOG {"event":"send_rate","rate":256000,"ts":1760457030.0415924}
2025/10/14 15:50:31 POLARIS_LOG {"event":"send_rate","rate":216000,"ts":1760457031.0415967}
2025/10/14 15:50:32 POLARIS_LOG {"event":"send_rate","rate":240000,"ts":1760457032.0433135}
2025/10/14 15:50:33 POLARIS_LOG {"event":"send_rate","rate":312000,"ts":1760457033.0425782}
2025/10/14 15:50:34 POLARIS_LOG {"event":"send_rate","rate":328000,"ts":1760457034.043311}
2025/10/14 15:50:35 POLARIS_LOG {"event":"send_rate","rate":464000,"ts":1760457035.041875}
2025/10/14 15:50:36 POLARIS_LOG {"event":"send_rate","rate":416000,"ts":1760457036.1291091}
2025/10/14 15:50:37 POLARIS_LOG {"event":"send_rate","rate":424000,"ts":1760457037.0420573}
2025/10/14 15:50:38 POLARIS_LOG {"event":"send_rate","rate":448000,"ts":1760457038.0526488}
2025/10/14 15:50:39 POLARIS_LOG {"event":"send_rate","rate":512000,"ts":1760457039.042015}
2025/10/14 15:50:40 POLARIS_LOG {"event":"send_rate","rate":368000,"ts":1760457040.0420024}
2025/10/14 15:50:41 POLARIS_LOG {"event":"send_rate","rate":520000,"ts":1760457041.0446787}
2025/10/14 15:50:42 POLARIS_LOG {"event":"send_rate","rate":336000,"ts":1760457042.0520868}
2025/10/14 15:50:43 POLARIS_LOG {"event":"send_rate","rate":296000,"ts":1760457043.0493598}
2025/10/14 15:50:44 POLARIS_LOG {"event":"send_rate","rate":296000,"ts":1760457044.0427082}
2025/10/14 15:50:45 POLARIS_LOG {"event":"send_rate","rate":304000,"ts":1760457045.0435348}
2025/10/14 15:50:46 POLARIS_LOG {"event":"send_rate","rate":296000,"ts":1760457046.04281}
2025/10/14 15:50:47 POLARIS_LOG {"event":"send_rate","rate":304000,"ts":1760457047.0483136}
2025/10/14 15:50:48 POLARIS_LOG {"event":"send_rate","rate":304000,"ts":1760457048.0444653}
2025/10/14 15:50:49 POLARIS_LOG {"event":"send_rate","rate":296000,"ts":1760457049.041762}
2025/10/14 15:50:50 POLARIS_LOG {"event":"send_rate","rate":296000,"ts":1760457050.0446582}
2025/10/14 15:50:51 POLARIS_LOG {"event":"send_rate","rate":304000,"ts":1760457051.0429506}
2025/10/14 15:50:52 POLARIS_LOG {"event":"send_rate","rate":304000,"ts":1760457052.047923}
2025/10/14 15:50:53 POLARIS_LOG {"event":"send_rate","rate":296000,"ts":1760457053.0415711}
2025/10/14 15:50:54 POLARIS_LOG {"event":"send_rate","rate":296000,"ts":1760457054.0432048}
2025/10/14 15:50:55 POLARIS_LOG {"event":"send_rate","rate":304000,"ts":1760457055.0440824}
2025/10/14 15:50:56 POLARIS_LOG {"event":"send_rate","rate":296000,"ts":1760457056.042362}
2025/10/14 15:50:57 POLARIS_LOG {"event":"send_rate","rate":304000,"ts":1760457057.0463848}
2025/10/14 15:50:58 POLARIS_LOG {"event":"send_rate","rate":296000,"ts":1760457058.0425427}
2025/10/14 15:50:59 POLARIS_LOG {"event":"send_rate","rate":304000,"ts":1760457059.071157}
2025/10/14 15:51:00 POLARIS_LOG {"event":"send_rate","rate":296000,"ts":1760457060.043474}
2025/10/14 15:51:01 POLARIS_LOG {"event":"send_rate","rate":304000,"ts":1760457061.0524447}
2025/10/14 15:51:02 POLARIS_LOG {"event":"send_rate","rate":304000,"ts":1760457062.0585442}
2025/10/14 15:51:03 POLARIS_LOG {"event":"send_rate","rate":296000,"ts":1760457063.042517}
2025/10/14 15:51:04 POLARIS_LOG {"event":"send_rate","rate":296000,"ts":1760457064.0420387}
2025/10/14 15:51:05 POLARIS_LOG {"event":"send_rate","rate":304000,"ts":1760457065.0418923}
2025/10/14 15:51:06 POLARIS_LOG {"event":"send_rate","rate":296000,"ts":1760457066.0417082}
2025/10/14 15:51:07 POLARIS_LOG {"event":"send_rate","rate":296000,"ts":1760457067.0458505}
2025/10/14 15:51:08 POLARIS_LOG {"event":"send_rate","rate":304000,"ts":1760457068.041713}
2025/10/14 15:51:09 POLARIS_LOG {"event":"send_rate","rate":304000,"ts":1760457069.043796}
2025/10/14 15:51:10 POLARIS_LOG {"event":"send_rate","rate":296000,"ts":1760457070.0431006}
2025/10/14 15:51:11 POLARIS_LOG {"event":"send_rate","rate":304000,"ts":1760457071.041659}
2025/10/14 15:51:12 POLARIS_LOG {"event":"send_rate","rate":296000,"ts":1760457072.0430195}
2025/10/14 15:51:13 POLARIS_LOG {"event":"send_rate","rate":304000,"ts":1760457073.0424058}
2025/10/14 15:51:14 POLARIS_LOG {"event":"send_rate","rate":296000,"ts":1760457074.0426345}
2025/10/14 15:51:15 POLARIS_LOG {"event":"send_rate","rate":304000,"ts":1760457075.0417886}
2025/10/14 15:51:16 POLARIS_LOG {"event":"send_rate","rate":296000,"ts":1760457076.0420887}
2025/10/14 15:51:17 POLARIS_LOG {"event":"send_rate","rate":304000,"ts":1760457077.044343}
2025/10/14 15:51:18 POLARIS_LOG {"event":"send_rate","rate":296000,"ts":1760457078.0417233}
2025/10/14 15:51:19 POLARIS_LOG {"event":"send_rate","rate":304000,"ts":1760457079.0422313}
2025/10/14 15:51:20 POLARIS_LOG {"event":"send_rate","rate":296000,"ts":1760457080.0436318}
2025/10/14 15:51:21 POLARIS_LOG {"event":"send_rate","rate":288000,"ts":1760457081.0459547}
2025/10/14 15:51:22 POLARIS_LOG {"event":"send_rate","rate":312000,"ts":1760457082.0416982}
2025/10/14 15:51:23 POLARIS_LOG {"event":"send_rate","rate":272000,"ts":1760457083.0417314}
2025/10/14 15:51:24 POLARIS_LOG {"event":"send_rate","rate":152000,"ts":1760457084.0418873}
Skipping switch: current path 3 3 6 6 1 3 has lastEstimate 333250 >= maxEstimate 0
2025/10/14 15:51:25 POLARIS_LOG {"event":"send_rate","rate":120000,"ts":1760457085.0423696}
2025/10/14 15:51:26 POLARIS_LOG {"event":"send_rate","rate":208000,"ts":1760457086.0432205}
2025/10/14 15:51:27 POLARIS_LOG {"event":"send_rate","rate":160000,"ts":1760457087.0442176}
2025/10/14 15:51:28 POLARIS_LOG {"event":"send_rate","rate":208000,"ts":1760457088.0421474}
2025/10/14 15:51:29 POLARIS_LOG {"event":"send_rate","rate":152000,"ts":1760457089.0440052}
Drain Loop received packet
Drain Loop received non-nil payload
Client sent 10958 packets, server reported 10776 packets received
The network loss rate from client to server is 1.7%

S->C results
Attempted bandwidth: 0 bps / 0.00 Mbps
Achieved bandwidth: 0 bps / 0.00 Mbps
Loss rate: 0.0%
Interarrival time min/avg/max/mdev = -0.000/0.000/0.000/0.000 ms

C->S results
Attempted bandwidth: 300000 bps / 0.30 Mbps
Achieved bandwidth: 293224 bps / 0.29 Mbps
Loss rate: 2.3%
Interarrival time min/avg/max/mdev = 0.002/27.007/603.066/24.001 ms
