
Test parameters:
client->server: 288 seconds, 1000 bytes, 10800 packets
server->client: 288 seconds, 1000 bytes, 0 packets
2025/10/14 15:46:40 POLARIS_LOG {"current_rate":0,"event":"path_switch","new":"2 2 5 2","trigger":"initialization","ts":1760456800.1051881}
Polaris prober initialized with 38 paths
Polaris prober initialized with local 1-111,10.111.0.71:32752 and remote 1-113,10.113.0.71
2025/10/14 15:46:41 POLARIS_LOG {"event":"send_rate","rate":304000,"ts":1760456801.107809}
2025/10/14 15:46:42 POLARIS_LOG {"event":"send_rate","rate":296000,"ts":1760456802.109421}
2025/10/14 15:46:43 POLARIS_LOG {"event":"send_rate","rate":304000,"ts":1760456803.1103008}
2025/10/14 15:46:44 POLARIS_LOG {"event":"send_rate","rate":296000,"ts":1760456804.1062644}
2025/10/14 15:46:45 POLARIS_LOG {"event":"send_rate","rate":304000,"ts":1760456805.1067955}
2025/10/14 15:46:46 POLARIS_LOG {"event":"send_rate","rate":296000,"ts":1760456806.1069076}
2025/10/14 15:46:47 POLARIS_LOG {"event":"send_rate","rate":304000,"ts":1760456807.1084769}
2025/10/14 15:46:48 POLARIS_LOG {"event":"send_rate","rate":296000,"ts":1760456808.1067796}
2025/10/14 15:46:49 POLARIS_LOG {"event":"send_rate","rate":304000,"ts":1760456809.115843}
2025/10/14 15:46:50 POLARIS_LOG {"event":"send_rate","rate":296000,"ts":1760456810.1099002}
2025/10/14 15:46:51 POLARIS_LOG {"event":"send_rate","rate":304000,"ts":1760456811.1065319}
2025/10/14 15:46:52 POLARIS_LOG {"event":"send_rate","rate":296000,"ts":1760456812.107031}
2025/10/14 15:46:53 POLARIS_LOG {"event":"send_rate","rate":304000,"ts":1760456813.1066222}
2025/10/14 15:46:54 POLARIS_LOG {"event":"send_rate","rate":296000,"ts":1760456814.1072347}
2025/10/14 15:46:55 POLARIS_LOG {"event":"send_rate","rate":304000,"ts":1760456815.106231}
2025/10/14 15:46:56 POLARIS_LOG {"event":"send_rate","rate":296000,"ts":1760456816.1060858}
2025/10/14 15:46:57 POLARIS_LOG {"event":"send_rate","rate":304000,"ts":1760456817.109521}
2025/10/14 15:46:58 POLARIS_LOG {"event":"send_rate","rate":296000,"ts":1760456818.1065972}
2025/10/14 15:46:59 POLARIS_LOG {"event":"send_rate","rate":256000,"ts":1760456819.106993}
2025/10/14 15:47:00 POLARIS_LOG {"candidates":10,"candidates_unfiltered":25,"current_rate":256000,"estimated_share":2000000,"event":"path_switch","max_estimated_share":2000000,"new":"5 5 7 7 4 1","old":"2 2 5 2","trigger":"scheduled","ts":1760456820.1060143}
2025/10/14 15:47:00 POLARIS_LOG {"event":"send_rate","rate":152000,"ts":1760456820.106108}
2025/10/14 15:47:01 POLARIS_LOG {"event":"send_rate","rate":496000,"ts":1760456821.1061013}
2025/10/14 15:47:02 POLARIS_LOG {"event":"send_rate","rate":296000,"ts":1760456822.1063125}
2025/10/14 15:47:03 POLARIS_LOG {"event":"send_rate","rate":304000,"ts":1760456823.109931}
2025/10/14 15:47:04 POLARIS_LOG {"event":"send_rate","rate":296000,"ts":1760456824.1067474}
2025/10/14 15:47:05 POLARIS_LOG {"event":"send_rate","rate":304000,"ts":1760456825.106751}
2025/10/14 15:47:06 POLARIS_LOG {"event":"send_rate","rate":296000,"ts":1760456826.1077006}
2025/10/14 15:47:07 POLARIS_LOG {"event":"send_rate","rate":304000,"ts":1760456827.107552}
2025/10/14 15:47:08 POLARIS_LOG {"event":"send_rate","rate":296000,"ts":1760456828.1112201}
2025/10/14 15:47:09 POLARIS_LOG {"event":"send_rate","rate":304000,"ts":1760456829.106946}
2025/10/14 15:47:10 POLARIS_LOG {"event":"send_rate","rate":296000,"ts":1760456830.1061645}
2025/10/14 15:47:11 POLARIS_LOG {"event":"send_rate","rate":304000,"ts":1760456831.1067398}
2025/10/14 15:47:12 POLARIS_LOG {"event":"send_rate","rate":296000,"ts":1760456832.1114538}
2025/10/14 15:47:13 POLARIS_LOG {"event":"send_rate","rate":304000,"ts":1760456833.1062877}
2025/10/14 15:47:14 POLARIS_LOG {"event":"send_rate","rate":296000,"ts":1760456834.1077137}
2025/10/14 15:47:15 POLARIS_LOG {"event":"send_rate","rate":304000,"ts":1760456835.1222181}
2025/10/14 15:47:16 POLARIS_LOG {"event":"send_rate","rate":296000,"ts":1760456836.107035}
2025/10/14 15:47:17 POLARIS_LOG {"event":"send_rate","rate":304000,"ts":1760456837.1070433}
2025/10/14 15:47:18 POLARIS_LOG {"event":"send_rate","rate":296000,"ts":1760456838.1066334}
2025/10/14 15:47:19 POLARIS_LOG {"event":"send_rate","rate":304000,"ts":1760456839.109317}
2025/10/14 15:47:20 POLARIS_LOG {"event":"send_rate","rate":296000,"ts":1760456840.1067784}
2025/10/14 15:47:21 POLARIS_LOG {"event":"send_rate","rate":304000,"ts":1760456841.1066375}
2025/10/14 15:47:22 POLARIS_LOG {"event":"send_rate","rate":296000,"ts":1760456842.1069522}
2025/10/14 15:47:23 POLARIS_LOG {"event":"send_rate","rate":304000,"ts":1760456843.1066325}
2025/10/14 15:47:24 POLARIS_LOG {"event":"send_rate","rate":296000,"ts":1760456844.1281216}
2025/10/14 15:47:25 POLARIS_LOG {"event":"send_rate","rate":304000,"ts":1760456845.1068861}
2025/10/14 15:47:26 POLARIS_LOG {"event":"send_rate","rate":296000,"ts":1760456846.107455}
2025/10/14 15:47:27 POLARIS_LOG {"event":"send_rate","rate":304000,"ts":1760456847.1065536}
2025/10/14 15:47:28 POLARIS_LOG {"event":"send_rate","rate":296000,"ts":1760456848.1063564}
2025/10/14 15:47:29 POLARIS_LOG {"event":"send_rate","rate":304000,"ts":1760456849.1067975}
2025/10/14 15:47:30 POLARIS_LOG {"event":"send_rate","rate":296000,"ts":1760456850.106516}
2025/10/14 15:47:31 POLARIS_LOG {"event":"send_rate","rate":304000,"ts":1760456851.1094062}
2025/10/14 15:47:32 POLARIS_LOG {"event":"send_rate","rate":296000,"ts":1760456852.1072323}
2025/10/14 15:47:33 POLARIS_LOG {"event":"send_rate","rate":296000,"ts":1760456853.1149704}
2025/10/14 15:47:34 POLARIS_LOG {"event":"send_rate","rate":304000,"ts":1760456854.1090987}
2025/10/14 15:47:35 POLARIS_LOG {"event":"send_rate","rate":304000,"ts":1760456855.1074297}
2025/10/14 15:47:36 POLARIS_LOG {"event":"send_rate","rate":296000,"ts":1760456856.107975}
2025/10/14 15:47:37 POLARIS_LOG {"event":"send_rate","rate":304000,"ts":1760456857.111176}
2025/10/14 15:47:38 POLARIS_LOG {"event":"send_rate","rate":296000,"ts":1760456858.1061018}
2025/10/14 15:47:39 POLARIS_LOG {"event":"send_rate","rate":304000,"ts":1760456859.106723}
2025/10/14 15:47:40 POLARIS_LOG {"event":"send_rate","rate":296000,"ts":1760456860.1075418}
2025/10/14 15:47:41 POLARIS_LOG {"event":"send_rate","rate":304000,"ts":1760456861.1104722}
2025/10/14 15:47:42 POLARIS_LOG {"event":"send_rate","rate":296000,"ts":1760456862.1078293}
2025/10/14 15:47:43 POLARIS_LOG {"event":"send_rate","rate":304000,"ts":1760456863.1149209}
2025/10/14 15:47:44 POLARIS_LOG {"event":"send_rate","rate":296000,"ts":1760456864.1061695}
2025/10/14 15:47:45 POLARIS_LOG {"event":"send_rate","rate":296000,"ts":1760456865.1303148}
2025/10/14 15:47:46 POLARIS_LOG {"event":"send_rate","rate":304000,"ts":1760456866.1069994}
2025/10/14 15:47:47 POLARIS_LOG {"event":"send_rate","rate":304000,"ts":1760456867.1172597}
2025/10/14 15:47:48 POLARIS_LOG {"event":"send_rate","rate":296000,"ts":1760456868.1094422}
2025/10/14 15:47:49 POLARIS_LOG {"event":"send_rate","rate":304000,"ts":1760456869.1077383}
2025/10/14 15:47:50 POLARIS_LOG {"event":"send_rate","rate":304000,"ts":1760456870.118402}
2025/10/14 15:47:51 POLARIS_LOG {"event":"send_rate","rate":296000,"ts":1760456871.106812}
2025/10/14 15:47:52 POLARIS_LOG {"event":"send_rate","rate":296000,"ts":1760456872.107435}
2025/10/14 15:47:53 POLARIS_LOG {"event":"send_rate","rate":304000,"ts":1760456873.1065924}
2025/10/14 15:47:54 POLARIS_LOG {"event":"send_rate","rate":296000,"ts":1760456874.1086838}
2025/10/14 15:47:55 POLARIS_LOG {"event":"send_rate","rate":304000,"ts":1760456875.123229}
2025/10/14 15:47:56 POLARIS_LOG {"event":"send_rate","rate":296000,"ts":1760456876.1123033}
2025/10/14 15:47:57 POLARIS_LOG {"event":"send_rate","rate":304000,"ts":1760456877.1067338}
2025/10/14 15:47:58 POLARIS_LOG {"event":"send_rate","rate":296000,"ts":1760456878.1065862}
2025/10/14 15:47:59 POLARIS_LOG {"event":"send_rate","rate":296000,"ts":1760456879.107639}
2025/10/14 15:48:00 POLARIS_LOG {"event":"send_rate","rate":304000,"ts":1760456880.108282}
2025/10/14 15:48:01 POLARIS_LOG {"event":"send_rate","rate":304000,"ts":1760456881.1062138}
2025/10/14 15:48:02 POLARIS_LOG {"event":"send_rate","rate":304000,"ts":1760456882.1204987}
2025/10/14 15:48:03 POLARIS_LOG {"event":"send_rate","rate":296000,"ts":1760456883.1119714}
2025/10/14 15:48:04 POLARIS_LOG {"event":"send_rate","rate":296000,"ts":1760456884.107114}
2025/10/14 15:48:05 POLARIS_LOG {"event":"send_rate","rate":304000,"ts":1760456885.129846}
2025/10/14 15:48:06 POLARIS_LOG {"event":"send_rate","rate":296000,"ts":1760456886.1134589}
2025/10/14 15:48:07 POLARIS_LOG {"event":"send_rate","rate":304000,"ts":1760456887.1077533}
2025/10/14 15:48:08 POLARIS_LOG {"event":"send_rate","rate":296000,"ts":1760456888.106779}
2025/10/14 15:48:09 POLARIS_LOG {"event":"send_rate","rate":304000,"ts":1760456889.1097531}
2025/10/14 15:48:10 POLARIS_LOG {"event":"send_rate","rate":296000,"ts":1760456890.1152294}
2025/10/14 15:48:11 POLARIS_LOG {"event":"send_rate","rate":304000,"ts":1760456891.1135037}
2025/10/14 15:48:12 POLARIS_LOG {"event":"send_rate","rate":296000,"ts":1760456892.1068525}
2025/10/14 15:48:13 POLARIS_LOG {"event":"send_rate","rate":304000,"ts":1760456893.121028}
2025/10/14 15:48:14 POLARIS_LOG {"event":"send_rate","rate":296000,"ts":1760456894.1167474}
2025/10/14 15:48:15 POLARIS_LOG {"event":"send_rate","rate":304000,"ts":1760456895.1073291}
2025/10/14 15:48:16 POLARIS_LOG {"event":"send_rate","rate":296000,"ts":1760456896.112302}
2025/10/14 15:48:17 POLARIS_LOG {"event":"send_rate","rate":296000,"ts":1760456897.106442}
2025/10/14 15:48:18 POLARIS_LOG {"event":"send_rate","rate":304000,"ts":1760456898.1082513}
2025/10/14 15:48:19 POLARIS_LOG {"event":"send_rate","rate":296000,"ts":1760456899.1068168}
2025/10/14 15:48:20 POLARIS_LOG {"event":"send_rate","rate":304000,"ts":1760456900.1064253}
2025/10/14 15:48:21 POLARIS_LOG {"event":"send_rate","rate":296000,"ts":1760456901.1067917}
2025/10/14 15:48:22 POLARIS_LOG {"event":"send_rate","rate":304000,"ts":1760456902.1227822}
2025/10/14 15:48:23 POLARIS_LOG {"event":"send_rate","rate":296000,"ts":1760456903.1060839}
2025/10/14 15:48:24 POLARIS_LOG {"event":"send_rate","rate":304000,"ts":1760456904.1067865}
2025/10/14 15:48:25 POLARIS_LOG {"event":"send_rate","rate":296000,"ts":1760456905.1070883}
2025/10/14 15:48:26 POLARIS_LOG {"event":"send_rate","rate":304000,"ts":1760456906.1066694}
2025/10/14 15:48:27 POLARIS_LOG {"event":"send_rate","rate":304000,"ts":1760456907.1085136}
2025/10/14 15:48:28 POLARIS_LOG {"event":"send_rate","rate":296000,"ts":1760456908.1064699}
2025/10/14 15:48:29 POLARIS_LOG {"event":"send_rate","rate":296000,"ts":1760456909.1073515}
2025/10/14 15:48:30 POLARIS_LOG {"event":"send_rate","rate":304000,"ts":1760456910.1060748}
2025/10/14 15:48:31 POLARIS_LOG {"event":"send_rate","rate":296000,"ts":1760456911.1081934}
2025/10/14 15:48:32 POLARIS_LOG {"event":"send_rate","rate":304000,"ts":1760456912.1065028}
2025/10/14 15:48:33 POLARIS_LOG {"event":"send_rate","rate":304000,"ts":1760456913.114394}
2025/10/14 15:48:34 POLARIS_LOG {"event":"send_rate","rate":296000,"ts":1760456914.1060946}
2025/10/14 15:48:35 POLARIS_LOG {"event":"send_rate","rate":296000,"ts":1760456915.1071043}
2025/10/14 15:48:36 POLARIS_LOG {"event":"send_rate","rate":280000,"ts":1760456916.10728}
2025/10/14 15:48:37 POLARIS_LOG {"event":"send_rate","rate":224000,"ts":1760456917.107191}
2025/10/14 15:48:38 POLARIS_LOG {"event":"send_rate","rate":280000,"ts":1760456918.1074831}
2025/10/14 15:48:39 POLARIS_LOG {"event":"send_rate","rate":328000,"ts":1760456919.1282845}
2025/10/14 15:48:40 POLARIS_LOG {"event":"send_rate","rate":344000,"ts":1760456920.1071072}
2025/10/14 15:48:41 POLARIS_LOG {"event":"send_rate","rate":344000,"ts":1760456921.115238}
2025/10/14 15:48:42 POLARIS_LOG {"event":"send_rate","rate":304000,"ts":1760456922.1113603}
2025/10/14 15:48:43 POLARIS_LOG {"event":"send_rate","rate":296000,"ts":1760456923.1060946}
2025/10/14 15:48:44 POLARIS_LOG {"event":"send_rate","rate":304000,"ts":1760456924.1203628}
2025/10/14 15:48:45 POLARIS_LOG {"event":"send_rate","rate":296000,"ts":1760456925.1062884}
2025/10/14 15:48:46 POLARIS_LOG {"event":"send_rate","rate":304000,"ts":1760456926.1066186}
2025/10/14 15:48:47 POLARIS_LOG {"event":"send_rate","rate":296000,"ts":1760456927.1062913}
2025/10/14 15:48:48 POLARIS_LOG {"event":"send_rate","rate":304000,"ts":1760456928.1094627}
2025/10/14 15:48:49 POLARIS_LOG {"event":"send_rate","rate":272000,"ts":1760456929.1092107}
Skipping switch: current path 5 5 7 7 4 1 has lastEstimate 285750 >= maxEstimate 0
2025/10/14 15:48:50 POLARIS_LOG {"event":"send_rate","rate":216000,"ts":1760456930.1061387}
2025/10/14 15:48:51 POLARIS_LOG {"event":"send_rate","rate":208000,"ts":1760456931.1069767}
2025/10/14 15:48:52 POLARIS_LOG {"event":"send_rate","rate":192000,"ts":1760456932.1069236}
2025/10/14 15:48:53 POLARIS_LOG {"event":"send_rate","rate":224000,"ts":1760456933.107081}
2025/10/14 15:48:54 POLARIS_LOG {"event":"send_rate","rate":328000,"ts":1760456934.1066833}
2025/10/14 15:48:55 POLARIS_LOG {"event":"send_rate","rate":392000,"ts":1760456935.106176}
2025/10/14 15:48:56 POLARIS_LOG {"event":"send_rate","rate":304000,"ts":1760456936.1068552}
2025/10/14 15:48:57 POLARIS_LOG {"event":"send_rate","rate":344000,"ts":1760456937.1119673}
2025/10/14 15:48:58 POLARIS_LOG {"event":"send_rate","rate":328000,"ts":1760456938.10674}
2025/10/14 15:48:59 POLARIS_LOG {"event":"send_rate","rate":256000,"ts":1760456939.1075213}
2025/10/14 15:49:00 POLARIS_LOG {"event":"send_rate","rate":392000,"ts":1760456940.1063228}
2025/10/14 15:49:01 POLARIS_LOG {"event":"send_rate","rate":416000,"ts":1760456941.1075716}
2025/10/14 15:49:02 POLARIS_LOG {"event":"send_rate","rate":328000,"ts":1760456942.1074963}
2025/10/14 15:49:03 POLARIS_LOG {"event":"send_rate","rate":296000,"ts":1760456943.106588}
2025/10/14 15:49:04 POLARIS_LOG {"event":"send_rate","rate":304000,"ts":1760456944.1065419}
2025/10/14 15:49:05 POLARIS_LOG {"event":"send_rate","rate":296000,"ts":1760456945.10697}
2025/10/14 15:49:06 POLARIS_LOG {"event":"send_rate","rate":304000,"ts":1760456946.1066804}
2025/10/14 15:49:07 POLARIS_LOG {"event":"send_rate","rate":296000,"ts":1760456947.1074681}
2025/10/14 15:49:08 POLARIS_LOG {"event":"send_rate","rate":304000,"ts":1760456948.1063251}
2025/10/14 15:49:09 POLARIS_LOG {"event":"send_rate","rate":296000,"ts":1760456949.1061535}
Skipping switch: current path 5 5 7 7 4 1 has lastEstimate 285750 >= maxEstimate 0
2025/10/14 15:49:10 POLARIS_LOG {"event":"send_rate","rate":232000,"ts":1760456950.106605}
2025/10/14 15:49:11 POLARIS_LOG {"event":"send_rate","rate":280000,"ts":1760456951.1060884}
2025/10/14 15:49:12 POLARIS_LOG {"event":"send_rate","rate":368000,"ts":1760456952.1071327}
2025/10/14 15:49:13 POLARIS_LOG {"event":"send_rate","rate":320000,"ts":1760456953.1069055}
2025/10/14 15:49:14 POLARIS_LOG {"event":"send_rate","rate":192000,"ts":1760456954.1076372}
2025/10/14 15:49:15 POLARIS_LOG {"event":"send_rate","rate":304000,"ts":1760456955.1095436}
2025/10/14 15:49:16 POLARIS_LOG {"event":"send_rate","rate":264000,"ts":1760456956.1073852}
2025/10/14 15:49:17 POLARIS_LOG {"event":"send_rate","rate":432000,"ts":1760456957.1077056}
2025/10/14 15:49:18 POLARIS_LOG {"event":"send_rate","rate":312000,"ts":1760456958.1072612}
2025/10/14 15:49:19 POLARIS_LOG {"event":"send_rate","rate":296000,"ts":1760456959.106889}
2025/10/14 15:49:20 POLARIS_LOG {"event":"send_rate","rate":304000,"ts":1760456960.1067045}
2025/10/14 15:49:21 POLARIS_LOG {"event":"send_rate","rate":296000,"ts":1760456961.1062095}
2025/10/14 15:49:22 POLARIS_LOG {"event":"send_rate","rate":304000,"ts":1760456962.1065702}
2025/10/14 15:49:23 POLARIS_LOG {"event":"send_rate","rate":296000,"ts":1760456963.1065009}
2025/10/14 15:49:24 POLARIS_LOG {"event":"send_rate","rate":304000,"ts":1760456964.106675}
2025/10/14 15:49:25 POLARIS_LOG {"event":"send_rate","rate":304000,"ts":1760456965.117891}
2025/10/14 15:49:26 POLARIS_LOG {"event":"send_rate","rate":296000,"ts":1760456966.1204135}
2025/10/14 15:49:27 POLARIS_LOG {"event":"send_rate","rate":296000,"ts":1760456967.1064613}
2025/10/14 15:49:28 POLARIS_LOG {"event":"send_rate","rate":304000,"ts":1760456968.1141696}
2025/10/14 15:49:29 POLARIS_LOG {"event":"send_rate","rate":296000,"ts":1760456969.107967}
2025/10/14 15:49:30 POLARIS_LOG {"event":"send_rate","rate":312000,"ts":1760456970.1452367}
2025/10/14 15:49:31 POLARIS_LOG {"event":"send_rate","rate":288000,"ts":1760456971.1062605}
2025/10/14 15:49:32 POLARIS_LOG {"event":"send_rate","rate":296000,"ts":1760456972.1209724}
2025/10/14 15:49:33 POLARIS_LOG {"event":"send_rate","rate":304000,"ts":1760456973.1067917}
2025/10/14 15:49:34 POLARIS_LOG {"event":"send_rate","rate":304000,"ts":1760456974.1215644}
2025/10/14 15:49:35 POLARIS_LOG {"event":"send_rate","rate":296000,"ts":1760456975.108667}
2025/10/14 15:49:36 POLARIS_LOG {"event":"send_rate","rate":304000,"ts":1760456976.1065862}
2025/10/14 15:49:37 POLARIS_LOG {"event":"send_rate","rate":296000,"ts":1760456977.1070569}
2025/10/14 15:49:38 POLARIS_LOG {"event":"send_rate","rate":304000,"ts":1760456978.1071815}
2025/10/14 15:49:39 POLARIS_LOG {"event":"send_rate","rate":296000,"ts":1760456979.1092906}
2025/10/14 15:49:40 POLARIS_LOG {"event":"send_rate","rate":304000,"ts":1760456980.1061168}
2025/10/14 15:49:41 POLARIS_LOG {"event":"send_rate","rate":296000,"ts":1760456981.106208}
2025/10/14 15:49:42 POLARIS_LOG {"event":"send_rate","rate":304000,"ts":1760456982.1068318}
2025/10/14 15:49:43 POLARIS_LOG {"event":"send_rate","rate":296000,"ts":1760456983.1081426}
2025/10/14 15:49:44 POLARIS_LOG {"event":"send_rate","rate":304000,"ts":1760456984.1065829}
2025/10/14 15:49:45 POLARIS_LOG {"event":"send_rate","rate":296000,"ts":1760456985.1070573}
2025/10/14 15:49:46 POLARIS_LOG {"event":"send_rate","rate":280000,"ts":1760456986.1064248}
2025/10/14 15:49:47 POLARIS_LOG {"event":"send_rate","rate":296000,"ts":1760456987.114094}
2025/10/14 15:49:48 POLARIS_LOG {"event":"send_rate","rate":328000,"ts":1760456988.1065173}
2025/10/14 15:49:49 POLARIS_LOG {"event":"send_rate","rate":264000,"ts":1760456989.1068754}
2025/10/14 15:49:50 POLARIS_LOG {"event":"send_rate","rate":328000,"ts":1760456990.1096635}
2025/10/14 15:49:51 POLARIS_LOG {"event":"send_rate","rate":224000,"ts":1760456991.1068387}
2025/10/14 15:49:52 POLARIS_LOG {"event":"send_rate","rate":320000,"ts":1760456992.1237118}
2025/10/14 15:49:53 POLARIS_LOG {"event":"send_rate","rate":360000,"ts":1760456993.1114695}
2025/10/14 15:49:54 POLARIS_LOG {"event":"send_rate","rate":304000,"ts":1760456994.1064856}
2025/10/14 15:49:55 POLARIS_LOG {"event":"send_rate","rate":296000,"ts":1760456995.1065698}
2025/10/14 15:49:56 POLARIS_LOG {"event":"send_rate","rate":304000,"ts":1760456996.1070282}
2025/10/14 15:49:57 POLARIS_LOG {"event":"send_rate","rate":296000,"ts":1760456997.1069028}
2025/10/14 15:49:58 POLARIS_LOG {"event":"send_rate","rate":304000,"ts":1760456998.1070366}
2025/10/14 15:49:59 POLARIS_LOG {"event":"send_rate","rate":296000,"ts":1760456999.1120489}
2025/10/14 15:50:00 POLARIS_LOG {"event":"send_rate","rate":304000,"ts":1760457000.1067972}
2025/10/14 15:50:01 POLARIS_LOG {"event":"send_rate","rate":296000,"ts":1760457001.1078258}
2025/10/14 15:50:02 POLARIS_LOG {"event":"send_rate","rate":304000,"ts":1760457002.106181}
2025/10/14 15:50:03 POLARIS_LOG {"event":"send_rate","rate":296000,"ts":1760457003.1062365}
2025/10/14 15:50:04 POLARIS_LOG {"event":"send_rate","rate":296000,"ts":1760457004.1065211}
2025/10/14 15:50:05 POLARIS_LOG {"event":"send_rate","rate":304000,"ts":1760457005.109264}
2025/10/14 15:50:06 POLARIS_LOG {"event":"send_rate","rate":304000,"ts":1760457006.1062434}
2025/10/14 15:50:07 POLARIS_LOG {"event":"send_rate","rate":296000,"ts":1760457007.113524}
2025/10/14 15:50:08 POLARIS_LOG {"event":"send_rate","rate":304000,"ts":1760457008.1068904}
2025/10/14 15:50:09 POLARIS_LOG {"event":"send_rate","rate":296000,"ts":1760457009.1064963}
2025/10/14 15:50:10 POLARIS_LOG {"event":"send_rate","rate":304000,"ts":1760457010.1097405}
2025/10/14 15:50:11 POLARIS_LOG {"event":"send_rate","rate":296000,"ts":1760457011.107708}
2025/10/14 15:50:12 POLARIS_LOG {"event":"send_rate","rate":304000,"ts":1760457012.114563}
2025/10/14 15:50:13 POLARIS_LOG {"event":"send_rate","rate":296000,"ts":1760457013.113401}
2025/10/14 15:50:14 POLARIS_LOG {"event":"send_rate","rate":304000,"ts":1760457014.1063495}
2025/10/14 15:50:15 POLARIS_LOG {"event":"send_rate","rate":296000,"ts":1760457015.1063652}
2025/10/14 15:50:16 POLARIS_LOG {"event":"send_rate","rate":304000,"ts":1760457016.106678}
2025/10/14 15:50:17 POLARIS_LOG {"event":"send_rate","rate":296000,"ts":1760457017.1281366}
2025/10/14 15:50:18 POLARIS_LOG {"event":"send_rate","rate":304000,"ts":1760457018.1072361}
2025/10/14 15:50:19 POLARIS_LOG {"event":"send_rate","rate":296000,"ts":1760457019.106634}
2025/10/14 15:50:20 POLARIS_LOG {"event":"send_rate","rate":312000,"ts":1760457020.1340983}
2025/10/14 15:50:21 POLARIS_LOG {"event":"send_rate","rate":288000,"ts":1760457021.1070101}
2025/10/14 15:50:22 POLARIS_LOG {"event":"send_rate","rate":296000,"ts":1760457022.1062794}
2025/10/14 15:50:23 POLARIS_LOG {"event":"send_rate","rate":304000,"ts":1760457023.1068246}
2025/10/14 15:50:24 POLARIS_LOG {"event":"send_rate","rate":304000,"ts":1760457024.1069934}
2025/10/14 15:50:25 POLARIS_LOG {"event":"send_rate","rate":296000,"ts":1760457025.1233943}
2025/10/14 15:50:26 POLARIS_LOG {"event":"send_rate","rate":296000,"ts":1760457026.1063921}
2025/10/14 15:50:27 POLARIS_LOG {"event":"send_rate","rate":304000,"ts":1760457027.1068826}
2025/10/14 15:50:28 POLARIS_LOG {"event":"send_rate","rate":296000,"ts":1760457028.1068578}
2025/10/14 15:50:29 POLARIS_LOG {"event":"send_rate","rate":304000,"ts":1760457029.1063168}
2025/10/14 15:50:30 POLARIS_LOG {"event":"send_rate","rate":304000,"ts":1760457030.1064873}
2025/10/14 15:50:31 POLARIS_LOG {"event":"send_rate","rate":296000,"ts":1760457031.1062052}
2025/10/14 15:50:32 POLARIS_LOG {"event":"send_rate","rate":224000,"ts":1760457032.107246}
2025/10/14 15:50:33 POLARIS_LOG {"event":"send_rate","rate":168000,"ts":1760457033.1063972}
2025/10/14 15:50:34 POLARIS_LOG {"event":"send_rate","rate":200000,"ts":1760457034.122143}
2025/10/14 15:50:35 POLARIS_LOG {"event":"send_rate","rate":200000,"ts":1760457035.1171386}
2025/10/14 15:50:36 POLARIS_LOG {"event":"send_rate","rate":336000,"ts":1760457036.106162}
2025/10/14 15:50:37 POLARIS_LOG {"event":"send_rate","rate":280000,"ts":1760457037.1158543}
2025/10/14 15:50:38 POLARIS_LOG {"event":"send_rate","rate":320000,"ts":1760457038.1069686}
2025/10/14 15:50:39 POLARIS_LOG {"event":"send_rate","rate":216000,"ts":1760457039.1065028}
2025/10/14 15:50:40 POLARIS_LOG {"event":"send_rate","rate":256000,"ts":1760457040.1116922}
Skipping switch: current path 5 5 7 7 4 1 has lastEstimate 285750 >= maxEstimate 0
2025/10/14 15:50:41 POLARIS_LOG {"event":"send_rate","rate":408000,"ts":1760457041.107579}
2025/10/14 15:50:42 POLARIS_LOG {"event":"send_rate","rate":360000,"ts":1760457042.108079}
2025/10/14 15:50:43 POLARIS_LOG {"event":"send_rate","rate":240000,"ts":1760457043.1065607}
2025/10/14 15:50:44 POLARIS_LOG {"event":"send_rate","rate":240000,"ts":1760457044.107078}
2025/10/14 15:50:45 POLARIS_LOG {"event":"send_rate","rate":208000,"ts":1760457045.1137247}
2025/10/14 15:50:46 POLARIS_LOG {"event":"send_rate","rate":488000,"ts":1760457046.1134036}
2025/10/14 15:50:47 POLARIS_LOG {"event":"send_rate","rate":384000,"ts":1760457047.1081674}
2025/10/14 15:50:48 POLARIS_LOG {"event":"send_rate","rate":328000,"ts":1760457048.1084943}
2025/10/14 15:50:49 POLARIS_LOG {"event":"send_rate","rate":352000,"ts":1760457049.1069798}
2025/10/14 15:50:50 POLARIS_LOG {"event":"send_rate","rate":304000,"ts":1760457050.1061926}
2025/10/14 15:50:51 POLARIS_LOG {"event":"send_rate","rate":320000,"ts":1760457051.1069}
2025/10/14 15:50:52 POLARIS_LOG {"event":"send_rate","rate":312000,"ts":1760457052.1070137}
2025/10/14 15:50:53 POLARIS_LOG {"event":"send_rate","rate":352000,"ts":1760457053.1072226}
2025/10/14 15:50:54 POLARIS_LOG {"event":"send_rate","rate":352000,"ts":1760457054.1068058}
2025/10/14 15:50:55 POLARIS_LOG {"event":"send_rate","rate":352000,"ts":1760457055.106542}
2025/10/14 15:50:56 POLARIS_LOG {"event":"send_rate","rate":296000,"ts":1760457056.1067038}
2025/10/14 15:50:57 POLARIS_LOG {"event":"send_rate","rate":304000,"ts":1760457057.1213655}
2025/10/14 15:50:58 POLARIS_LOG {"event":"send_rate","rate":296000,"ts":1760457058.1073232}
2025/10/14 15:50:59 POLARIS_LOG {"event":"send_rate","rate":304000,"ts":1760457059.1069212}
2025/10/14 15:51:00 POLARIS_LOG {"event":"send_rate","rate":296000,"ts":1760457060.106373}
2025/10/14 15:51:01 POLARIS_LOG {"event":"send_rate","rate":304000,"ts":1760457061.1062121}
2025/10/14 15:51:02 POLARIS_LOG {"event":"send_rate","rate":296000,"ts":1760457062.1080353}
2025/10/14 15:51:03 POLARIS_LOG {"event":"send_rate","rate":304000,"ts":1760457063.1063836}
2025/10/14 15:51:04 POLARIS_LOG {"event":"send_rate","rate":304000,"ts":1760457064.1275008}
2025/10/14 15:51:05 POLARIS_LOG {"event":"send_rate","rate":296000,"ts":1760457065.1071355}
2025/10/14 15:51:06 POLARIS_LOG {"event":"send_rate","rate":296000,"ts":1760457066.1067522}
2025/10/14 15:51:07 POLARIS_LOG {"event":"send_rate","rate":304000,"ts":1760457067.1068542}
2025/10/14 15:51:08 POLARIS_LOG {"event":"send_rate","rate":296000,"ts":1760457068.1075625}
2025/10/14 15:51:09 POLARIS_LOG {"event":"send_rate","rate":304000,"ts":1760457069.1072192}
2025/10/14 15:51:10 POLARIS_LOG {"event":"send_rate","rate":296000,"ts":1760457070.1098428}
2025/10/14 15:51:11 POLARIS_LOG {"event":"send_rate","rate":304000,"ts":1760457071.1075623}
2025/10/14 15:51:12 POLARIS_LOG {"event":"send_rate","rate":296000,"ts":1760457072.1519465}
2025/10/14 15:51:13 POLARIS_LOG {"event":"send_rate","rate":304000,"ts":1760457073.1061063}
2025/10/14 15:51:14 POLARIS_LOG {"event":"send_rate","rate":296000,"ts":1760457074.1115348}
2025/10/14 15:51:15 POLARIS_LOG {"event":"send_rate","rate":304000,"ts":1760457075.106534}
2025/10/14 15:51:16 POLARIS_LOG {"event":"send_rate","rate":296000,"ts":1760457076.1071475}
2025/10/14 15:51:17 POLARIS_LOG {"event":"send_rate","rate":280000,"ts":1760457077.1154997}
2025/10/14 15:51:18 POLARIS_LOG {"event":"send_rate","rate":320000,"ts":1760457078.1063323}
2025/10/14 15:51:19 POLARIS_LOG {"event":"send_rate","rate":280000,"ts":1760457079.1070046}
2025/10/14 15:51:20 POLARIS_LOG {"event":"send_rate","rate":320000,"ts":1760457080.107116}
Skipping switch: current path 5 5 7 7 4 1 has lastEstimate 285750 >= maxEstimate 0
2025/10/14 15:51:21 POLARIS_LOG {"event":"send_rate","rate":304000,"ts":1760457081.1066759}
2025/10/14 15:51:22 POLARIS_LOG {"event":"send_rate","rate":304000,"ts":1760457082.1115313}
2025/10/14 15:51:23 POLARIS_LOG {"event":"send_rate","rate":296000,"ts":1760457083.107505}
2025/10/14 15:51:24 POLARIS_LOG {"event":"send_rate","rate":296000,"ts":1760457084.1060967}
2025/10/14 15:51:25 POLARIS_LOG {"event":"send_rate","rate":304000,"ts":1760457085.106761}
2025/10/14 15:51:26 POLARIS_LOG {"event":"send_rate","rate":296000,"ts":1760457086.1062164}
2025/10/14 15:51:27 POLARIS_LOG {"event":"send_rate","rate":304000,"ts":1760457087.1073904}
2025/10/14 15:51:28 POLARIS_LOG {"event":"send_rate","rate":296000,"ts":1760457088.107202}
We need to sleep for 1 seconds before we can get the results
Drain Loop received packet
Drain Loop received non-nil payload
2025/10/14 15:51:29 POLARIS_LOG {"event":"send_rate","rate":8000,"ts":1760457089.1085072}
Client sent 10800 packets, server reported 10662 packets received
The network loss rate from client to server is 1.3%

S->C results
Attempted bandwidth: 0 bps / 0.00 Mbps
Achieved bandwidth: 0 bps / 0.00 Mbps
Loss rate: 0.0%
Interarrival time min/avg/max/mdev = -0.000/0.000/0.000/0.000 ms

C->S results
Attempted bandwidth: 300000 bps / 0.30 Mbps
Achieved bandwidth: 296166 bps / 0.30 Mbps
Loss rate: 1.3%
Interarrival time min/avg/max/mdev = 0.002/26.859/587.782/23.684 ms
