
Test parameters:
client->server: 261 seconds, 1000 bytes, 9787 packets
server->client: 261 seconds, 1000 bytes, 0 packets
Polaris prober initialized with 38 paths
2025/10/14 15:47:07 POLARIS_LOG {"current_rate":0,"event":"path_switch","new":"2 2 5 2","trigger":"initialization","ts":1760456827.3695567}
Polaris prober initialized with local 1-111,10.111.0.71:32725 and remote 1-113,10.113.0.71
2025/10/14 15:47:08 POLARIS_LOG {"event":"send_rate","rate":40000,"ts":1760456828.371302}
2025/10/14 15:47:09 POLARIS_LOG {"event":"send_rate","rate":304000,"ts":1760456829.371845}
2025/10/14 15:47:10 POLARIS_LOG {"event":"send_rate","rate":296000,"ts":1760456830.3716688}
2025/10/14 15:47:11 POLARIS_LOG {"event":"send_rate","rate":304000,"ts":1760456831.3713942}
2025/10/14 15:47:12 POLARIS_LOG {"event":"send_rate","rate":296000,"ts":1760456832.371808}
2025/10/14 15:47:13 POLARIS_LOG {"event":"send_rate","rate":304000,"ts":1760456833.3756354}
2025/10/14 15:47:14 POLARIS_LOG {"event":"send_rate","rate":296000,"ts":1760456834.3733904}
2025/10/14 15:47:15 POLARIS_LOG {"event":"send_rate","rate":304000,"ts":1760456835.3712182}
2025/10/14 15:47:16 POLARIS_LOG {"event":"send_rate","rate":296000,"ts":1760456836.3731813}
2025/10/14 15:47:17 POLARIS_LOG {"event":"send_rate","rate":256000,"ts":1760456837.3714256}
2025/10/14 15:47:17 POLARIS_LOG {"candidates":25,"candidates_unfiltered":25,"current_rate":256000,"estimated_share":500000,"event":"path_switch","max_estimated_share":666500,"new":"3 3 6 6 2 4","old":"2 2 5 2","trigger":"scheduled","ts":1760456837.3716083}
2025/10/14 15:47:18 POLARIS_LOG {"event":"send_rate","rate":344000,"ts":1760456838.3712986}
2025/10/14 15:47:19 POLARIS_LOG {"event":"send_rate","rate":304000,"ts":1760456839.3714075}
2025/10/14 15:47:20 POLARIS_LOG {"event":"send_rate","rate":296000,"ts":1760456840.3712127}
2025/10/14 15:47:21 POLARIS_LOG {"event":"send_rate","rate":304000,"ts":1760456841.371609}
2025/10/14 15:47:22 POLARIS_LOG {"event":"send_rate","rate":296000,"ts":1760456842.3721006}
2025/10/14 15:47:23 POLARIS_LOG {"event":"send_rate","rate":304000,"ts":1760456843.3715067}
2025/10/14 15:47:24 POLARIS_LOG {"event":"send_rate","rate":304000,"ts":1760456844.4040213}
2025/10/14 15:47:25 POLARIS_LOG {"event":"send_rate","rate":288000,"ts":1760456845.3843517}
2025/10/14 15:47:26 POLARIS_LOG {"event":"send_rate","rate":304000,"ts":1760456846.3864381}
2025/10/14 15:47:27 POLARIS_LOG {"event":"send_rate","rate":304000,"ts":1760456847.3732982}
2025/10/14 15:47:28 POLARIS_LOG {"event":"send_rate","rate":296000,"ts":1760456848.3722482}
2025/10/14 15:47:29 POLARIS_LOG {"event":"send_rate","rate":304000,"ts":1760456849.3719757}
2025/10/14 15:47:30 POLARIS_LOG {"event":"send_rate","rate":296000,"ts":1760456850.3719375}
2025/10/14 15:47:31 POLARIS_LOG {"event":"send_rate","rate":304000,"ts":1760456851.3726375}
2025/10/14 15:47:32 POLARIS_LOG {"event":"send_rate","rate":304000,"ts":1760456852.3964984}
2025/10/14 15:47:33 POLARIS_LOG {"event":"send_rate","rate":296000,"ts":1760456853.3752635}
2025/10/14 15:47:34 POLARIS_LOG {"event":"send_rate","rate":296000,"ts":1760456854.3784049}
2025/10/14 15:47:35 POLARIS_LOG {"event":"send_rate","rate":296000,"ts":1760456855.3792555}
2025/10/14 15:47:36 POLARIS_LOG {"event":"send_rate","rate":304000,"ts":1760456856.4190571}
2025/10/14 15:47:37 POLARIS_LOG {"event":"send_rate","rate":304000,"ts":1760456857.3726103}
2025/10/14 15:47:38 POLARIS_LOG {"event":"send_rate","rate":296000,"ts":1760456858.3780046}
2025/10/14 15:47:39 POLARIS_LOG {"event":"send_rate","rate":304000,"ts":1760456859.3723187}
2025/10/14 15:47:40 POLARIS_LOG {"event":"send_rate","rate":296000,"ts":1760456860.371212}
2025/10/14 15:47:41 POLARIS_LOG {"event":"send_rate","rate":296000,"ts":1760456861.3736773}
2025/10/14 15:47:42 POLARIS_LOG {"event":"send_rate","rate":304000,"ts":1760456862.3755407}
2025/10/14 15:47:43 POLARIS_LOG {"event":"send_rate","rate":304000,"ts":1760456863.3718686}
2025/10/14 15:47:44 POLARIS_LOG {"event":"send_rate","rate":296000,"ts":1760456864.373958}
2025/10/14 15:47:45 POLARIS_LOG {"event":"send_rate","rate":304000,"ts":1760456865.3729138}
2025/10/14 15:47:46 POLARIS_LOG {"event":"send_rate","rate":288000,"ts":1760456866.3805537}
2025/10/14 15:47:47 POLARIS_LOG {"event":"send_rate","rate":304000,"ts":1760456867.3754807}
2025/10/14 15:47:48 POLARIS_LOG {"event":"send_rate","rate":312000,"ts":1760456868.3901281}
2025/10/14 15:47:49 POLARIS_LOG {"event":"send_rate","rate":296000,"ts":1760456869.386395}
2025/10/14 15:47:50 POLARIS_LOG {"event":"send_rate","rate":312000,"ts":1760456870.4267013}
2025/10/14 15:47:51 POLARIS_LOG {"event":"send_rate","rate":288000,"ts":1760456871.372086}
2025/10/14 15:47:52 POLARIS_LOG {"event":"send_rate","rate":304000,"ts":1760456872.3941488}
2025/10/14 15:47:53 POLARIS_LOG {"event":"send_rate","rate":288000,"ts":1760456873.3737552}
2025/10/14 15:47:54 POLARIS_LOG {"event":"send_rate","rate":320000,"ts":1760456874.436629}
2025/10/14 15:47:55 POLARIS_LOG {"event":"send_rate","rate":288000,"ts":1760456875.3762398}
2025/10/14 15:47:56 POLARIS_LOG {"event":"send_rate","rate":296000,"ts":1760456876.3784776}
2025/10/14 15:47:57 POLARIS_LOG {"event":"send_rate","rate":296000,"ts":1760456877.3719416}
2025/10/14 15:47:58 POLARIS_LOG {"event":"send_rate","rate":304000,"ts":1760456878.382245}
2025/10/14 15:47:59 POLARIS_LOG {"event":"send_rate","rate":296000,"ts":1760456879.3729255}
2025/10/14 15:48:00 POLARIS_LOG {"event":"send_rate","rate":272000,"ts":1760456880.381594}
2025/10/14 15:48:01 POLARIS_LOG {"event":"send_rate","rate":216000,"ts":1760456881.3808355}
2025/10/14 15:48:02 POLARIS_LOG {"event":"send_rate","rate":160000,"ts":1760456882.3794115}
2025/10/14 15:48:03 POLARIS_LOG {"event":"send_rate","rate":192000,"ts":1760456883.3728836}
2025/10/14 15:48:04 POLARIS_LOG {"event":"send_rate","rate":168000,"ts":1760456884.3881295}
2025/10/14 15:48:05 POLARIS_LOG {"event":"send_rate","rate":144000,"ts":1760456885.3731675}
2025/10/14 15:48:06 POLARIS_LOG {"event":"send_rate","rate":184000,"ts":1760456886.3781927}
2025/10/14 15:48:07 POLARIS_LOG {"candidates":13,"candidates_unfiltered":13,"current_rate":184000,"estimated_share":333250,"event":"path_switch","max_estimated_share":400000,"new":"4 4 1 3","old":"3 3 6 6 2 4","trigger":"scheduled","ts":1760456887.3941133}
2025/10/14 15:48:07 POLARIS_LOG {"event":"send_rate","rate":184000,"ts":1760456887.4161763}
2025/10/14 15:48:08 POLARIS_LOG {"event":"send_rate","rate":1184000,"ts":1760456888.3741176}
2025/10/14 15:48:09 POLARIS_LOG {"event":"send_rate","rate":296000,"ts":1760456889.3728607}
2025/10/14 15:48:10 POLARIS_LOG {"event":"send_rate","rate":304000,"ts":1760456890.3769343}
2025/10/14 15:48:11 POLARIS_LOG {"event":"send_rate","rate":296000,"ts":1760456891.3897102}
2025/10/14 15:48:12 POLARIS_LOG {"event":"send_rate","rate":312000,"ts":1760456892.4086149}
2025/10/14 15:48:13 POLARIS_LOG {"event":"send_rate","rate":288000,"ts":1760456893.3734884}
2025/10/14 15:48:14 POLARIS_LOG {"event":"send_rate","rate":304000,"ts":1760456894.3738194}
2025/10/14 15:48:15 POLARIS_LOG {"event":"send_rate","rate":304000,"ts":1760456895.380909}
2025/10/14 15:48:16 POLARIS_LOG {"event":"send_rate","rate":296000,"ts":1760456896.3752038}
2025/10/14 15:48:17 POLARIS_LOG {"event":"send_rate","rate":304000,"ts":1760456897.3771355}
2025/10/14 15:48:18 POLARIS_LOG {"event":"send_rate","rate":296000,"ts":1760456898.3757272}
2025/10/14 15:48:19 POLARIS_LOG {"event":"send_rate","rate":296000,"ts":1760456899.3816123}
2025/10/14 15:48:20 POLARIS_LOG {"event":"send_rate","rate":304000,"ts":1760456900.3745954}
2025/10/14 15:48:21 POLARIS_LOG {"event":"send_rate","rate":312000,"ts":1760456901.4104002}
2025/10/14 15:48:22 POLARIS_LOG {"event":"send_rate","rate":264000,"ts":1760456902.399827}
2025/10/14 15:48:23 POLARIS_LOG {"event":"send_rate","rate":232000,"ts":1760456903.389961}
2025/10/14 15:48:24 POLARIS_LOG {"event":"send_rate","rate":232000,"ts":1760456904.371864}
2025/10/14 15:48:25 POLARIS_LOG {"event":"send_rate","rate":224000,"ts":1760456905.3722703}
2025/10/14 15:48:26 POLARIS_LOG {"event":"send_rate","rate":184000,"ts":1760456906.371799}
2025/10/14 15:48:27 POLARIS_LOG {"event":"send_rate","rate":256000,"ts":1760456907.3731463}
Skipping switch: current path 4 4 1 3 has lastEstimate 285750 >= maxEstimate 0
2025/10/14 15:48:28 POLARIS_LOG {"event":"send_rate","rate":248000,"ts":1760456908.3731294}
2025/10/14 15:48:29 POLARIS_LOG {"event":"send_rate","rate":176000,"ts":1760456909.3715742}
2025/10/14 15:48:30 POLARIS_LOG {"event":"send_rate","rate":216000,"ts":1760456910.3724618}
2025/10/14 15:48:31 POLARIS_LOG {"event":"send_rate","rate":272000,"ts":1760456911.3819125}
2025/10/14 15:48:32 POLARIS_LOG {"event":"send_rate","rate":224000,"ts":1760456912.3719923}
2025/10/14 15:48:33 POLARIS_LOG {"event":"send_rate","rate":216000,"ts":1760456913.3723648}
2025/10/14 15:48:34 POLARIS_LOG {"event":"send_rate","rate":216000,"ts":1760456914.3742793}
2025/10/14 15:48:35 POLARIS_LOG {"event":"send_rate","rate":120000,"ts":1760456915.3836539}
2025/10/14 15:48:36 POLARIS_LOG {"event":"send_rate","rate":104000,"ts":1760456916.4207742}
2025/10/14 15:48:37 POLARIS_LOG {"event":"send_rate","rate":48000,"ts":1760456917.3737404}
2025/10/14 15:48:37 POLARIS_LOG {"candidates":2,"candidates_unfiltered":2,"current_rate":48000,"estimated_share":400000,"event":"path_switch","max_estimated_share":400000,"new":"3 3 5 2","old":"4 4 1 3","trigger":"scheduled","ts":1760456917.3742187}
2025/10/14 15:48:38 POLARIS_LOG {"event":"send_rate","rate":1544000,"ts":1760456918.3752902}
2025/10/14 15:48:39 POLARIS_LOG {"event":"send_rate","rate":576000,"ts":1760456919.4174042}
2025/10/14 15:48:40 POLARIS_LOG {"event":"send_rate","rate":336000,"ts":1760456920.3716435}
2025/10/14 15:48:41 POLARIS_LOG {"event":"send_rate","rate":304000,"ts":1760456921.3885427}
2025/10/14 15:48:42 POLARIS_LOG {"event":"send_rate","rate":304000,"ts":1760456922.4062057}
2025/10/14 15:48:43 POLARIS_LOG {"event":"send_rate","rate":296000,"ts":1760456923.3968034}
2025/10/14 15:48:44 POLARIS_LOG {"event":"send_rate","rate":288000,"ts":1760456924.38405}
2025/10/14 15:48:45 POLARIS_LOG {"event":"send_rate","rate":304000,"ts":1760456925.372178}
2025/10/14 15:48:46 POLARIS_LOG {"event":"send_rate","rate":304000,"ts":1760456926.3752465}
2025/10/14 15:48:47 POLARIS_LOG {"event":"send_rate","rate":296000,"ts":1760456927.3955739}
2025/10/14 15:48:48 POLARIS_LOG {"event":"send_rate","rate":296000,"ts":1760456928.379231}
2025/10/14 15:48:49 POLARIS_LOG {"event":"send_rate","rate":304000,"ts":1760456929.371596}
2025/10/14 15:48:50 POLARIS_LOG {"event":"send_rate","rate":304000,"ts":1760456930.371809}
2025/10/14 15:48:51 POLARIS_LOG {"event":"send_rate","rate":304000,"ts":1760456931.3827937}
2025/10/14 15:48:52 POLARIS_LOG {"event":"send_rate","rate":296000,"ts":1760456932.3816752}
2025/10/14 15:48:53 POLARIS_LOG {"event":"send_rate","rate":296000,"ts":1760456933.4029741}
2025/10/14 15:48:54 POLARIS_LOG {"event":"send_rate","rate":304000,"ts":1760456934.3748984}
2025/10/14 15:48:55 POLARIS_LOG {"event":"send_rate","rate":304000,"ts":1760456935.3965425}
2025/10/14 15:48:56 POLARIS_LOG {"event":"send_rate","rate":296000,"ts":1760456936.372467}
2025/10/14 15:48:57 POLARIS_LOG {"event":"send_rate","rate":304000,"ts":1760456937.3810396}
2025/10/14 15:48:58 POLARIS_LOG {"event":"send_rate","rate":288000,"ts":1760456938.3763402}
2025/10/14 15:48:59 POLARIS_LOG {"event":"send_rate","rate":304000,"ts":1760456939.4277496}
2025/10/14 15:49:00 POLARIS_LOG {"event":"send_rate","rate":304000,"ts":1760456940.3714223}
2025/10/14 15:49:01 POLARIS_LOG {"event":"send_rate","rate":296000,"ts":1760456941.3752494}
2025/10/14 15:49:02 POLARIS_LOG {"event":"send_rate","rate":304000,"ts":1760456942.3713093}
2025/10/14 15:49:03 POLARIS_LOG {"event":"send_rate","rate":296000,"ts":1760456943.3728058}
2025/10/14 15:49:04 POLARIS_LOG {"event":"send_rate","rate":304000,"ts":1760456944.376138}
2025/10/14 15:49:05 POLARIS_LOG {"event":"send_rate","rate":296000,"ts":1760456945.37391}
2025/10/14 15:49:06 POLARIS_LOG {"event":"send_rate","rate":304000,"ts":1760456946.3782997}
2025/10/14 15:49:07 POLARIS_LOG {"event":"send_rate","rate":304000,"ts":1760456947.3963447}
2025/10/14 15:49:08 POLARIS_LOG {"event":"send_rate","rate":304000,"ts":1760456948.4126856}
2025/10/14 15:49:09 POLARIS_LOG {"event":"send_rate","rate":288000,"ts":1760456949.3781557}
2025/10/14 15:49:10 POLARIS_LOG {"event":"send_rate","rate":304000,"ts":1760456950.3721905}
2025/10/14 15:49:11 POLARIS_LOG {"event":"send_rate","rate":296000,"ts":1760456951.3765538}
2025/10/14 15:49:12 POLARIS_LOG {"event":"send_rate","rate":304000,"ts":1760456952.3735514}
2025/10/14 15:49:13 POLARIS_LOG {"event":"send_rate","rate":296000,"ts":1760456953.4723516}
2025/10/14 15:49:14 POLARIS_LOG {"event":"send_rate","rate":304000,"ts":1760456954.3735793}
2025/10/14 15:49:15 POLARIS_LOG {"event":"send_rate","rate":320000,"ts":1760456955.4598024}
2025/10/14 15:49:16 POLARIS_LOG {"event":"send_rate","rate":280000,"ts":1760456956.3835254}
Skipping switch: current path 3 3 5 2 has lastEstimate 333250 >= maxEstimate 0
2025/10/14 15:49:17 POLARIS_LOG {"event":"send_rate","rate":296000,"ts":1760456957.3768196}
2025/10/14 15:49:18 POLARIS_LOG {"event":"send_rate","rate":304000,"ts":1760456958.371656}
2025/10/14 15:49:19 POLARIS_LOG {"event":"send_rate","rate":304000,"ts":1760456959.3924007}
2025/10/14 15:49:20 POLARIS_LOG {"event":"send_rate","rate":288000,"ts":1760456960.371678}
2025/10/14 15:49:21 POLARIS_LOG {"event":"send_rate","rate":312000,"ts":1760456961.3905938}
2025/10/14 15:49:22 POLARIS_LOG {"event":"send_rate","rate":280000,"ts":1760456962.372704}
2025/10/14 15:49:23 POLARIS_LOG {"event":"send_rate","rate":312000,"ts":1760456963.372232}
2025/10/14 15:49:24 POLARIS_LOG {"event":"send_rate","rate":304000,"ts":1760456964.3738015}
2025/10/14 15:49:25 POLARIS_LOG {"event":"send_rate","rate":296000,"ts":1760456965.371777}
2025/10/14 15:49:26 POLARIS_LOG {"event":"send_rate","rate":304000,"ts":1760456966.3733468}
2025/10/14 15:49:27 POLARIS_LOG {"event":"send_rate","rate":296000,"ts":1760456967.371603}
2025/10/14 15:49:28 POLARIS_LOG {"event":"send_rate","rate":296000,"ts":1760456968.3728533}
2025/10/14 15:49:29 POLARIS_LOG {"event":"send_rate","rate":344000,"ts":1760456969.5125797}
2025/10/14 15:49:30 POLARIS_LOG {"event":"send_rate","rate":280000,"ts":1760456970.4393191}
2025/10/14 15:49:31 POLARIS_LOG {"event":"send_rate","rate":280000,"ts":1760456971.3774366}
2025/10/14 15:49:32 POLARIS_LOG {"event":"send_rate","rate":304000,"ts":1760456972.373206}
2025/10/14 15:49:33 POLARIS_LOG {"event":"send_rate","rate":296000,"ts":1760456973.4233985}
2025/10/14 15:49:34 POLARIS_LOG {"event":"send_rate","rate":296000,"ts":1760456974.3721564}
2025/10/14 15:49:35 POLARIS_LOG {"event":"send_rate","rate":296000,"ts":1760456975.3765385}
2025/10/14 15:49:36 POLARIS_LOG {"event":"send_rate","rate":312000,"ts":1760456976.3738878}
2025/10/14 15:49:37 POLARIS_LOG {"event":"send_rate","rate":312000,"ts":1760456977.4316173}
2025/10/14 15:49:38 POLARIS_LOG {"event":"send_rate","rate":280000,"ts":1760456978.371754}
2025/10/14 15:49:39 POLARIS_LOG {"event":"send_rate","rate":304000,"ts":1760456979.3819928}
2025/10/14 15:49:40 POLARIS_LOG {"event":"send_rate","rate":296000,"ts":1760456980.375365}
2025/10/14 15:49:41 POLARIS_LOG {"event":"send_rate","rate":304000,"ts":1760456981.3876207}
2025/10/14 15:49:42 POLARIS_LOG {"event":"send_rate","rate":296000,"ts":1760456982.372999}
2025/10/14 15:49:43 POLARIS_LOG {"event":"send_rate","rate":304000,"ts":1760456983.3752136}
2025/10/14 15:49:44 POLARIS_LOG {"event":"send_rate","rate":296000,"ts":1760456984.3716376}
2025/10/14 15:49:45 POLARIS_LOG {"event":"send_rate","rate":304000,"ts":1760456985.374409}
2025/10/14 15:49:46 POLARIS_LOG {"event":"send_rate","rate":296000,"ts":1760456986.3715935}
2025/10/14 15:49:47 POLARIS_LOG {"event":"send_rate","rate":304000,"ts":1760456987.3839538}
2025/10/14 15:49:48 POLARIS_LOG {"event":"send_rate","rate":304000,"ts":1760456988.3753016}
2025/10/14 15:49:49 POLARIS_LOG {"event":"send_rate","rate":288000,"ts":1760456989.622205}
2025/10/14 15:49:50 POLARIS_LOG {"event":"send_rate","rate":312000,"ts":1760456990.400972}
2025/10/14 15:49:51 POLARIS_LOG {"event":"send_rate","rate":296000,"ts":1760456991.3832414}
2025/10/14 15:49:52 POLARIS_LOG {"event":"send_rate","rate":304000,"ts":1760456992.3800018}
2025/10/14 15:49:53 POLARIS_LOG {"event":"send_rate","rate":296000,"ts":1760456993.382653}
2025/10/14 15:49:54 POLARIS_LOG {"event":"send_rate","rate":296000,"ts":1760456994.3722908}
2025/10/14 15:49:55 POLARIS_LOG {"event":"send_rate","rate":304000,"ts":1760456995.3713183}
2025/10/14 15:49:56 POLARIS_LOG {"event":"send_rate","rate":304000,"ts":1760456996.3773875}
2025/10/14 15:49:57 POLARIS_LOG {"event":"send_rate","rate":296000,"ts":1760456997.371632}
2025/10/14 15:49:58 POLARIS_LOG {"event":"send_rate","rate":296000,"ts":1760456998.372035}
2025/10/14 15:49:59 POLARIS_LOG {"event":"send_rate","rate":304000,"ts":1760456999.3863647}
2025/10/14 15:50:00 POLARIS_LOG {"event":"send_rate","rate":304000,"ts":1760457000.3792663}
2025/10/14 15:50:01 POLARIS_LOG {"event":"send_rate","rate":296000,"ts":1760457001.3733437}
2025/10/14 15:50:02 POLARIS_LOG {"event":"send_rate","rate":296000,"ts":1760457002.3714488}
2025/10/14 15:50:03 POLARIS_LOG {"event":"send_rate","rate":312000,"ts":1760457003.4065864}
2025/10/14 15:50:04 POLARIS_LOG {"event":"send_rate","rate":304000,"ts":1760457004.407754}
2025/10/14 15:50:05 POLARIS_LOG {"event":"send_rate","rate":288000,"ts":1760457005.378586}
2025/10/14 15:50:06 POLARIS_LOG {"event":"send_rate","rate":296000,"ts":1760457006.3771663}
2025/10/14 15:50:07 POLARIS_LOG {"event":"send_rate","rate":304000,"ts":1760457007.3793027}
2025/10/14 15:50:08 POLARIS_LOG {"event":"send_rate","rate":296000,"ts":1760457008.3901737}
2025/10/14 15:50:09 POLARIS_LOG {"event":"send_rate","rate":304000,"ts":1760457009.3718505}
2025/10/14 15:50:10 POLARIS_LOG {"event":"send_rate","rate":296000,"ts":1760457010.3739605}
2025/10/14 15:50:11 POLARIS_LOG {"event":"send_rate","rate":304000,"ts":1760457011.3719049}
2025/10/14 15:50:12 POLARIS_LOG {"event":"send_rate","rate":296000,"ts":1760457012.372171}
2025/10/14 15:50:13 POLARIS_LOG {"event":"send_rate","rate":304000,"ts":1760457013.3811152}
2025/10/14 15:50:14 POLARIS_LOG {"event":"send_rate","rate":296000,"ts":1760457014.3856208}
2025/10/14 15:50:15 POLARIS_LOG {"event":"send_rate","rate":304000,"ts":1760457015.3719764}
2025/10/14 15:50:16 POLARIS_LOG {"event":"send_rate","rate":288000,"ts":1760457016.372737}
Skipping switch: current path 3 3 5 2 has lastEstimate 333250 >= maxEstimate 0
2025/10/14 15:50:17 POLARIS_LOG {"event":"send_rate","rate":312000,"ts":1760457017.3855956}
2025/10/14 15:50:18 POLARIS_LOG {"event":"send_rate","rate":296000,"ts":1760457018.3775268}
2025/10/14 15:50:19 POLARIS_LOG {"event":"send_rate","rate":304000,"ts":1760457019.3713646}
2025/10/14 15:50:20 POLARIS_LOG {"event":"send_rate","rate":296000,"ts":1760457020.3721402}
2025/10/14 15:50:21 POLARIS_LOG {"event":"send_rate","rate":304000,"ts":1760457021.390531}
2025/10/14 15:50:22 POLARIS_LOG {"event":"send_rate","rate":304000,"ts":1760457022.391096}
2025/10/14 15:50:23 POLARIS_LOG {"event":"send_rate","rate":304000,"ts":1760457023.4035192}
2025/10/14 15:50:24 POLARIS_LOG {"event":"send_rate","rate":288000,"ts":1760457024.3804128}
2025/10/14 15:50:25 POLARIS_LOG {"event":"send_rate","rate":304000,"ts":1760457025.3729694}
2025/10/14 15:50:26 POLARIS_LOG {"event":"send_rate","rate":296000,"ts":1760457026.3720815}
2025/10/14 15:50:27 POLARIS_LOG {"event":"send_rate","rate":304000,"ts":1760457027.3921752}
2025/10/14 15:50:28 POLARIS_LOG {"event":"send_rate","rate":304000,"ts":1760457028.3899941}
2025/10/14 15:50:29 POLARIS_LOG {"event":"send_rate","rate":296000,"ts":1760457029.392343}
2025/10/14 15:50:30 POLARIS_LOG {"event":"send_rate","rate":296000,"ts":1760457030.3719397}
2025/10/14 15:50:31 POLARIS_LOG {"event":"send_rate","rate":304000,"ts":1760457031.3728354}
2025/10/14 15:50:32 POLARIS_LOG {"event":"send_rate","rate":296000,"ts":1760457032.3790538}
2025/10/14 15:50:33 POLARIS_LOG {"event":"send_rate","rate":304000,"ts":1760457033.3830404}
2025/10/14 15:50:34 POLARIS_LOG {"event":"send_rate","rate":296000,"ts":1760457034.3721213}
2025/10/14 15:50:35 POLARIS_LOG {"event":"send_rate","rate":304000,"ts":1760457035.3831058}
2025/10/14 15:50:36 POLARIS_LOG {"event":"send_rate","rate":296000,"ts":1760457036.3728478}
2025/10/14 15:50:37 POLARIS_LOG {"event":"send_rate","rate":304000,"ts":1760457037.3837807}
2025/10/14 15:50:38 POLARIS_LOG {"event":"send_rate","rate":304000,"ts":1760457038.3884804}
2025/10/14 15:50:39 POLARIS_LOG {"event":"send_rate","rate":280000,"ts":1760457039.376554}
2025/10/14 15:50:40 POLARIS_LOG {"event":"send_rate","rate":312000,"ts":1760457040.3717194}
2025/10/14 15:50:41 POLARIS_LOG {"event":"send_rate","rate":304000,"ts":1760457041.372578}
2025/10/14 15:50:42 POLARIS_LOG {"event":"send_rate","rate":304000,"ts":1760457042.3878787}
2025/10/14 15:50:43 POLARIS_LOG {"event":"send_rate","rate":296000,"ts":1760457043.3845294}
2025/10/14 15:50:44 POLARIS_LOG {"event":"send_rate","rate":296000,"ts":1760457044.372405}
2025/10/14 15:50:45 POLARIS_LOG {"event":"send_rate","rate":296000,"ts":1760457045.3715212}
2025/10/14 15:50:46 POLARIS_LOG {"event":"send_rate","rate":304000,"ts":1760457046.3716536}
2025/10/14 15:50:47 POLARIS_LOG {"event":"send_rate","rate":296000,"ts":1760457047.3717496}
2025/10/14 15:50:48 POLARIS_LOG {"event":"send_rate","rate":304000,"ts":1760457048.3748088}
2025/10/14 15:50:49 POLARIS_LOG {"event":"send_rate","rate":304000,"ts":1760457049.3851748}
2025/10/14 15:50:50 POLARIS_LOG {"event":"send_rate","rate":296000,"ts":1760457050.3753083}
2025/10/14 15:50:51 POLARIS_LOG {"event":"send_rate","rate":296000,"ts":1760457051.3716834}
2025/10/14 15:50:52 POLARIS_LOG {"event":"send_rate","rate":304000,"ts":1760457052.3716705}
2025/10/14 15:50:53 POLARIS_LOG {"event":"send_rate","rate":304000,"ts":1760457053.3821356}
2025/10/14 15:50:54 POLARIS_LOG {"event":"send_rate","rate":296000,"ts":1760457054.3730817}
2025/10/14 15:50:55 POLARIS_LOG {"event":"send_rate","rate":304000,"ts":1760457055.3869402}
2025/10/14 15:50:56 POLARIS_LOG {"event":"send_rate","rate":296000,"ts":1760457056.3719194}
2025/10/14 15:50:57 POLARIS_LOG {"event":"send_rate","rate":288000,"ts":1760457057.3757796}
2025/10/14 15:50:58 POLARIS_LOG {"event":"send_rate","rate":320000,"ts":1760457058.3971684}
2025/10/14 15:50:59 POLARIS_LOG {"event":"send_rate","rate":296000,"ts":1760457059.3823135}
2025/10/14 15:51:00 POLARIS_LOG {"event":"send_rate","rate":296000,"ts":1760457060.3727636}
2025/10/14 15:51:01 POLARIS_LOG {"event":"send_rate","rate":296000,"ts":1760457061.3811219}
2025/10/14 15:51:02 POLARIS_LOG {"event":"send_rate","rate":312000,"ts":1760457062.4015882}
2025/10/14 15:51:03 POLARIS_LOG {"event":"send_rate","rate":288000,"ts":1760457063.3716784}
2025/10/14 15:51:04 POLARIS_LOG {"event":"send_rate","rate":312000,"ts":1760457064.3977919}
2025/10/14 15:51:05 POLARIS_LOG {"event":"send_rate","rate":296000,"ts":1760457065.3737795}
2025/10/14 15:51:06 POLARIS_LOG {"event":"send_rate","rate":296000,"ts":1760457066.3776724}
2025/10/14 15:51:07 POLARIS_LOG {"event":"send_rate","rate":296000,"ts":1760457067.3726106}
2025/10/14 15:51:08 POLARIS_LOG {"event":"send_rate","rate":304000,"ts":1760457068.386078}
2025/10/14 15:51:09 POLARIS_LOG {"event":"send_rate","rate":296000,"ts":1760457069.3844094}
2025/10/14 15:51:10 POLARIS_LOG {"event":"send_rate","rate":304000,"ts":1760457070.3725352}
2025/10/14 15:51:11 POLARIS_LOG {"event":"send_rate","rate":296000,"ts":1760457071.382531}
2025/10/14 15:51:12 POLARIS_LOG {"event":"send_rate","rate":304000,"ts":1760457072.3719387}
2025/10/14 15:51:13 POLARIS_LOG {"event":"send_rate","rate":296000,"ts":1760457073.3721917}
2025/10/14 15:51:14 POLARIS_LOG {"event":"send_rate","rate":312000,"ts":1760457074.3906415}
2025/10/14 15:51:15 POLARIS_LOG {"event":"send_rate","rate":296000,"ts":1760457075.3771405}
2025/10/14 15:51:16 POLARIS_LOG {"event":"send_rate","rate":296000,"ts":1760457076.376832}
2025/10/14 15:51:17 POLARIS_LOG {"event":"send_rate","rate":296000,"ts":1760457077.371784}
2025/10/14 15:51:18 POLARIS_LOG {"event":"send_rate","rate":304000,"ts":1760457078.373417}
2025/10/14 15:51:19 POLARIS_LOG {"event":"send_rate","rate":296000,"ts":1760457079.3726554}
2025/10/14 15:51:20 POLARIS_LOG {"event":"send_rate","rate":304000,"ts":1760457080.381017}
2025/10/14 15:51:21 POLARIS_LOG {"event":"send_rate","rate":296000,"ts":1760457081.4334402}
2025/10/14 15:51:22 POLARIS_LOG {"event":"send_rate","rate":304000,"ts":1760457082.3726363}
2025/10/14 15:51:23 POLARIS_LOG {"event":"send_rate","rate":296000,"ts":1760457083.3752697}
2025/10/14 15:51:24 POLARIS_LOG {"event":"send_rate","rate":304000,"ts":1760457084.382259}
2025/10/14 15:51:25 POLARIS_LOG {"event":"send_rate","rate":304000,"ts":1760457085.3874931}
2025/10/14 15:51:26 POLARIS_LOG {"event":"send_rate","rate":296000,"ts":1760457086.3724172}
2025/10/14 15:51:27 POLARIS_LOG {"event":"send_rate","rate":288000,"ts":1760457087.3925803}
Skipping switch: current path 3 3 5 2 has lastEstimate 333250 >= maxEstimate 0
2025/10/14 15:51:28 POLARIS_LOG {"event":"send_rate","rate":312000,"ts":1760457088.3737743}
2025/10/14 15:51:29 POLARIS_LOG {"event":"send_rate","rate":264000,"ts":1760457089.3717198}
We need to sleep for 1 seconds before we can get the results
Drain Loop received packet
Drain Loop received non-nil payload
Client sent 9787 packets, server reported 9726 packets received
The network loss rate from client to server is 0.6%

S->C results
Attempted bandwidth: 0 bps / 0.00 Mbps
Achieved bandwidth: 0 bps / 0.00 Mbps
Loss rate: 0.0%
Interarrival time min/avg/max/mdev = -0.000/0.000/0.000/0.000 ms

C->S results
Attempted bandwidth: 299984 bps / 0.30 Mbps
Achieved bandwidth: 298114 bps / 0.30 Mbps
Loss rate: 0.6%
Interarrival time min/avg/max/mdev = 0.002/26.712/457.371/20.752 ms
