
Test parameters:
client->server: 243 seconds, 1000 bytes, 9112 packets
server->client: 243 seconds, 1000 bytes, 0 packets
2025/10/14 15:47:25 POLARIS_LOG {"current_rate":0,"event":"path_switch","new":"2 2 5 2","trigger":"initialization","ts":1760456845.3402772}
Polaris prober initialized with 38 paths
Polaris prober initialized with local 1-111,10.111.0.71:32706 and remote 1-113,10.113.0.71
2025/10/14 15:47:26 POLARIS_LOG {"event":"send_rate","rate":0,"ts":1760456846.3452735}
2025/10/14 15:47:27 POLARIS_LOG {"event":"send_rate","rate":224000,"ts":1760456847.3455534}
2025/10/14 15:47:28 POLARIS_LOG {"event":"send_rate","rate":304000,"ts":1760456848.3495286}
2025/10/14 15:47:29 POLARIS_LOG {"event":"send_rate","rate":296000,"ts":1760456849.3458555}
2025/10/14 15:47:30 POLARIS_LOG {"event":"send_rate","rate":296000,"ts":1760456850.3539062}
2025/10/14 15:47:31 POLARIS_LOG {"event":"send_rate","rate":304000,"ts":1760456851.3457117}
2025/10/14 15:47:32 POLARIS_LOG {"event":"send_rate","rate":296000,"ts":1760456852.345651}
2025/10/14 15:47:33 POLARIS_LOG {"event":"send_rate","rate":304000,"ts":1760456853.3503985}
2025/10/14 15:47:34 POLARIS_LOG {"event":"send_rate","rate":296000,"ts":1760456854.35135}
2025/10/14 15:47:35 POLARIS_LOG {"event":"send_rate","rate":304000,"ts":1760456855.3456824}
2025/10/14 15:47:36 POLARIS_LOG {"event":"send_rate","rate":304000,"ts":1760456856.3709683}
2025/10/14 15:47:37 POLARIS_LOG {"event":"send_rate","rate":256000,"ts":1760456857.3452814}
2025/10/14 15:47:38 POLARIS_LOG {"event":"send_rate","rate":144000,"ts":1760456858.3456619}
2025/10/14 15:47:39 POLARIS_LOG {"event":"send_rate","rate":208000,"ts":1760456859.348623}
2025/10/14 15:47:40 POLARIS_LOG {"event":"send_rate","rate":144000,"ts":1760456860.347767}
2025/10/14 15:47:41 POLARIS_LOG {"event":"send_rate","rate":88000,"ts":1760456861.3585567}
2025/10/14 15:47:42 POLARIS_LOG {"event":"send_rate","rate":128000,"ts":1760456862.3633273}
2025/10/14 15:47:43 POLARIS_LOG {"event":"send_rate","rate":200000,"ts":1760456863.3701901}
2025/10/14 15:47:44 POLARIS_LOG {"event":"send_rate","rate":232000,"ts":1760456864.3451686}
2025/10/14 15:47:45 POLARIS_LOG {"event":"send_rate","rate":232000,"ts":1760456865.3592682}
Skipping switch: current path 2 2 5 2 has lastEstimate 285750 >= maxEstimate 0
2025/10/14 15:47:46 POLARIS_LOG {"event":"send_rate","rate":144000,"ts":1760456866.3453298}
2025/10/14 15:47:47 POLARIS_LOG {"event":"send_rate","rate":184000,"ts":1760456867.3495088}
2025/10/14 15:47:48 POLARIS_LOG {"event":"send_rate","rate":344000,"ts":1760456868.35967}
2025/10/14 15:47:49 POLARIS_LOG {"event":"send_rate","rate":336000,"ts":1760456869.3451416}
2025/10/14 15:47:50 POLARIS_LOG {"event":"send_rate","rate":432000,"ts":1760456870.3453274}
2025/10/14 15:47:51 POLARIS_LOG {"event":"send_rate","rate":376000,"ts":1760456871.3539386}
2025/10/14 15:47:52 POLARIS_LOG {"event":"send_rate","rate":320000,"ts":1760456872.3451889}
2025/10/14 15:47:53 POLARIS_LOG {"event":"send_rate","rate":280000,"ts":1760456873.3454297}
2025/10/14 15:47:54 POLARIS_LOG {"event":"send_rate","rate":424000,"ts":1760456874.3502598}
2025/10/14 15:47:55 POLARIS_LOG {"event":"send_rate","rate":256000,"ts":1760456875.3470743}
Skipping switch: current path 2 2 5 2 has lastEstimate 333250 >= maxEstimate 0
2025/10/14 15:47:56 POLARIS_LOG {"event":"send_rate","rate":304000,"ts":1760456876.3502212}
2025/10/14 15:47:57 POLARIS_LOG {"event":"send_rate","rate":272000,"ts":1760456877.3607204}
2025/10/14 15:47:58 POLARIS_LOG {"event":"send_rate","rate":296000,"ts":1760456878.3454154}
2025/10/14 15:47:59 POLARIS_LOG {"event":"send_rate","rate":320000,"ts":1760456879.346239}
2025/10/14 15:48:00 POLARIS_LOG {"event":"send_rate","rate":344000,"ts":1760456880.3454077}
2025/10/14 15:48:01 POLARIS_LOG {"event":"send_rate","rate":312000,"ts":1760456881.3451493}
2025/10/14 15:48:02 POLARIS_LOG {"event":"send_rate","rate":232000,"ts":1760456882.3480747}
2025/10/14 15:48:03 POLARIS_LOG {"event":"send_rate","rate":224000,"ts":1760456883.3450208}
2025/10/14 15:48:04 POLARIS_LOG {"event":"send_rate","rate":224000,"ts":1760456884.352462}
2025/10/14 15:48:05 POLARIS_LOG {"event":"send_rate","rate":288000,"ts":1760456885.3454423}
Skipping switch: current path 2 2 5 2 has lastEstimate 285750 >= maxEstimate 0
2025/10/14 15:48:06 POLARIS_LOG {"event":"send_rate","rate":288000,"ts":1760456886.345221}
2025/10/14 15:48:07 POLARIS_LOG {"event":"send_rate","rate":336000,"ts":1760456887.360699}
2025/10/14 15:48:08 POLARIS_LOG {"event":"send_rate","rate":224000,"ts":1760456888.3482873}
2025/10/14 15:48:09 POLARIS_LOG {"event":"send_rate","rate":288000,"ts":1760456889.3486526}
2025/10/14 15:48:10 POLARIS_LOG {"event":"send_rate","rate":240000,"ts":1760456890.3476455}
2025/10/14 15:48:11 POLARIS_LOG {"event":"send_rate","rate":312000,"ts":1760456891.38575}
2025/10/14 15:48:12 POLARIS_LOG {"event":"send_rate","rate":304000,"ts":1760456892.350297}
2025/10/14 15:48:13 POLARIS_LOG {"event":"send_rate","rate":312000,"ts":1760456893.3454597}
2025/10/14 15:48:14 POLARIS_LOG {"event":"send_rate","rate":256000,"ts":1760456894.3513372}
2025/10/14 15:48:15 POLARIS_LOG {"event":"send_rate","rate":232000,"ts":1760456895.3472705}
Skipping switch: current path 2 2 5 2 has lastEstimate 285750 >= maxEstimate 0
2025/10/14 15:48:16 POLARIS_LOG {"event":"send_rate","rate":184000,"ts":1760456896.3461845}
2025/10/14 15:48:17 POLARIS_LOG {"event":"send_rate","rate":192000,"ts":1760456897.3577647}
2025/10/14 15:48:18 POLARIS_LOG {"event":"send_rate","rate":152000,"ts":1760456898.3455517}
2025/10/14 15:48:19 POLARIS_LOG {"event":"send_rate","rate":256000,"ts":1760456899.3456354}
2025/10/14 15:48:20 POLARIS_LOG {"event":"send_rate","rate":264000,"ts":1760456900.3452106}
2025/10/14 15:48:21 POLARIS_LOG {"event":"send_rate","rate":160000,"ts":1760456901.3534184}
2025/10/14 15:48:22 POLARIS_LOG {"event":"send_rate","rate":192000,"ts":1760456902.3570476}
2025/10/14 15:48:23 POLARIS_LOG {"event":"send_rate","rate":96000,"ts":1760456903.345663}
2025/10/14 15:48:24 POLARIS_LOG {"event":"send_rate","rate":160000,"ts":1760456904.3504405}
2025/10/14 15:48:25 POLARIS_LOG {"event":"send_rate","rate":224000,"ts":1760456905.3560467}
2025/10/14 15:48:26 POLARIS_LOG {"event":"send_rate","rate":272000,"ts":1760456906.346449}
2025/10/14 15:48:27 POLARIS_LOG {"event":"send_rate","rate":320000,"ts":1760456907.3461607}
2025/10/14 15:48:28 POLARIS_LOG {"event":"send_rate","rate":296000,"ts":1760456908.3493822}
2025/10/14 15:48:29 POLARIS_LOG {"event":"send_rate","rate":296000,"ts":1760456909.3612506}
2025/10/14 15:48:30 POLARIS_LOG {"event":"send_rate","rate":368000,"ts":1760456910.345467}
2025/10/14 15:48:31 POLARIS_LOG {"event":"send_rate","rate":448000,"ts":1760456911.355838}
2025/10/14 15:48:32 POLARIS_LOG {"event":"send_rate","rate":440000,"ts":1760456912.347964}
2025/10/14 15:48:33 POLARIS_LOG {"event":"send_rate","rate":440000,"ts":1760456913.3597775}
2025/10/14 15:48:34 POLARIS_LOG {"event":"send_rate","rate":384000,"ts":1760456914.3452597}
2025/10/14 15:48:35 POLARIS_LOG {"event":"send_rate","rate":336000,"ts":1760456915.3447855}
2025/10/14 15:48:36 POLARIS_LOG {"event":"send_rate","rate":320000,"ts":1760456916.3473265}
2025/10/14 15:48:37 POLARIS_LOG {"event":"send_rate","rate":432000,"ts":1760456917.34752}
2025/10/14 15:48:38 POLARIS_LOG {"event":"send_rate","rate":272000,"ts":1760456918.3455582}
2025/10/14 15:48:39 POLARIS_LOG {"event":"send_rate","rate":320000,"ts":1760456919.3586931}
2025/10/14 15:48:40 POLARIS_LOG {"event":"send_rate","rate":344000,"ts":1760456920.3454046}
2025/10/14 15:48:41 POLARIS_LOG {"event":"send_rate","rate":400000,"ts":1760456921.3449483}
2025/10/14 15:48:42 POLARIS_LOG {"event":"send_rate","rate":416000,"ts":1760456922.3581874}
2025/10/14 15:48:43 POLARIS_LOG {"event":"send_rate","rate":368000,"ts":1760456923.3457012}
2025/10/14 15:48:44 POLARIS_LOG {"event":"send_rate","rate":280000,"ts":1760456924.357264}
2025/10/14 15:48:45 POLARIS_LOG {"event":"send_rate","rate":440000,"ts":1760456925.351226}
2025/10/14 15:48:46 POLARIS_LOG {"event":"send_rate","rate":408000,"ts":1760456926.345701}
2025/10/14 15:48:47 POLARIS_LOG {"event":"send_rate","rate":472000,"ts":1760456927.3585303}
2025/10/14 15:48:48 POLARIS_LOG {"event":"send_rate","rate":448000,"ts":1760456928.3603053}
2025/10/14 15:48:49 POLARIS_LOG {"event":"send_rate","rate":400000,"ts":1760456929.3452203}
2025/10/14 15:48:50 POLARIS_LOG {"event":"send_rate","rate":368000,"ts":1760456930.3492498}
2025/10/14 15:48:51 POLARIS_LOG {"event":"send_rate","rate":376000,"ts":1760456931.4003496}
2025/10/14 15:48:52 POLARIS_LOG {"event":"send_rate","rate":376000,"ts":1760456932.348056}
2025/10/14 15:48:53 POLARIS_LOG {"event":"send_rate","rate":520000,"ts":1760456933.3488219}
2025/10/14 15:48:54 POLARIS_LOG {"event":"send_rate","rate":456000,"ts":1760456934.3465085}
2025/10/14 15:48:55 POLARIS_LOG {"event":"send_rate","rate":336000,"ts":1760456935.3446577}
2025/10/14 15:48:56 POLARIS_LOG {"event":"send_rate","rate":424000,"ts":1760456936.346501}
2025/10/14 15:48:57 POLARIS_LOG {"event":"send_rate","rate":304000,"ts":1760456937.3561556}
2025/10/14 15:48:58 POLARIS_LOG {"event":"send_rate","rate":296000,"ts":1760456938.3454714}
2025/10/14 15:48:59 POLARIS_LOG {"event":"send_rate","rate":304000,"ts":1760456939.3837025}
2025/10/14 15:49:00 POLARIS_LOG {"event":"send_rate","rate":296000,"ts":1760456940.3460023}
2025/10/14 15:49:01 POLARIS_LOG {"event":"send_rate","rate":296000,"ts":1760456941.3486438}
2025/10/14 15:49:02 POLARIS_LOG {"event":"send_rate","rate":304000,"ts":1760456942.3449645}
2025/10/14 15:49:03 POLARIS_LOG {"event":"send_rate","rate":296000,"ts":1760456943.3750618}
2025/10/14 15:49:04 POLARIS_LOG {"event":"send_rate","rate":304000,"ts":1760456944.34545}
2025/10/14 15:49:05 POLARIS_LOG {"event":"send_rate","rate":296000,"ts":1760456945.3466597}
2025/10/14 15:49:06 POLARIS_LOG {"event":"send_rate","rate":304000,"ts":1760456946.3467681}
2025/10/14 15:49:07 POLARIS_LOG {"event":"send_rate","rate":296000,"ts":1760456947.3467}
2025/10/14 15:49:08 POLARIS_LOG {"event":"send_rate","rate":304000,"ts":1760456948.3645742}
2025/10/14 15:49:09 POLARIS_LOG {"event":"send_rate","rate":296000,"ts":1760456949.3457804}
2025/10/14 15:49:10 POLARIS_LOG {"event":"send_rate","rate":304000,"ts":1760456950.3475661}
2025/10/14 15:49:11 POLARIS_LOG {"event":"send_rate","rate":296000,"ts":1760456951.3457518}
2025/10/14 15:49:12 POLARIS_LOG {"event":"send_rate","rate":304000,"ts":1760456952.3458083}
2025/10/14 15:49:13 POLARIS_LOG {"event":"send_rate","rate":384000,"ts":1760456953.6414645}
2025/10/14 15:49:14 POLARIS_LOG {"event":"send_rate","rate":224000,"ts":1760456954.3899207}
2025/10/14 15:49:15 POLARIS_LOG {"event":"send_rate","rate":296000,"ts":1760456955.3548257}
2025/10/14 15:49:16 POLARIS_LOG {"event":"send_rate","rate":296000,"ts":1760456956.3467894}
2025/10/14 15:49:17 POLARIS_LOG {"event":"send_rate","rate":296000,"ts":1760456957.3453438}
2025/10/14 15:49:18 POLARIS_LOG {"event":"send_rate","rate":296000,"ts":1760456958.3788192}
2025/10/14 15:49:19 POLARIS_LOG {"event":"send_rate","rate":312000,"ts":1760456959.358899}
2025/10/14 15:49:20 POLARIS_LOG {"event":"send_rate","rate":296000,"ts":1760456960.3516805}
2025/10/14 15:49:21 POLARIS_LOG {"event":"send_rate","rate":296000,"ts":1760456961.3466017}
2025/10/14 15:49:22 POLARIS_LOG {"event":"send_rate","rate":304000,"ts":1760456962.3558502}
2025/10/14 15:49:23 POLARIS_LOG {"event":"send_rate","rate":280000,"ts":1760456963.3578708}
2025/10/14 15:49:24 POLARIS_LOG {"event":"send_rate","rate":224000,"ts":1760456964.3455317}
2025/10/14 15:49:25 POLARIS_LOG {"event":"send_rate","rate":192000,"ts":1760456965.352779}
Skipping switch: current path 2 2 5 2 has lastEstimate 333250 >= maxEstimate 0
2025/10/14 15:49:26 POLARIS_LOG {"event":"send_rate","rate":224000,"ts":1760456966.3491907}
2025/10/14 15:49:27 POLARIS_LOG {"event":"send_rate","rate":248000,"ts":1760456967.3599951}
2025/10/14 15:49:28 POLARIS_LOG {"event":"send_rate","rate":304000,"ts":1760456968.3618598}
2025/10/14 15:49:29 POLARIS_LOG {"event":"send_rate","rate":312000,"ts":1760456969.3530045}
2025/10/14 15:49:30 POLARIS_LOG {"event":"send_rate","rate":376000,"ts":1760456970.3446665}
2025/10/14 15:49:31 POLARIS_LOG {"event":"send_rate","rate":480000,"ts":1760456971.3531709}
2025/10/14 15:49:32 POLARIS_LOG {"event":"send_rate","rate":344000,"ts":1760456972.389183}
2025/10/14 15:49:33 POLARIS_LOG {"event":"send_rate","rate":264000,"ts":1760456973.345117}
2025/10/14 15:49:34 POLARIS_LOG {"event":"send_rate","rate":288000,"ts":1760456974.345645}
2025/10/14 15:49:35 POLARIS_LOG {"event":"send_rate","rate":208000,"ts":1760456975.3567846}
Skipping switch: current path 2 2 5 2 has lastEstimate 333250 >= maxEstimate 0
2025/10/14 15:49:36 POLARIS_LOG {"event":"send_rate","rate":144000,"ts":1760456976.3726866}
2025/10/14 15:49:37 POLARIS_LOG {"event":"send_rate","rate":208000,"ts":1760456977.3552039}
2025/10/14 15:49:38 POLARIS_LOG {"event":"send_rate","rate":264000,"ts":1760456978.3455687}
2025/10/14 15:49:39 POLARIS_LOG {"event":"send_rate","rate":184000,"ts":1760456979.3604984}
2025/10/14 15:49:40 POLARIS_LOG {"event":"send_rate","rate":176000,"ts":1760456980.3477635}
2025/10/14 15:49:41 POLARIS_LOG {"event":"send_rate","rate":248000,"ts":1760456981.3469071}
2025/10/14 15:49:42 POLARIS_LOG {"event":"send_rate","rate":184000,"ts":1760456982.3762872}
2025/10/14 15:49:43 POLARIS_LOG {"event":"send_rate","rate":168000,"ts":1760456983.3510573}
2025/10/14 15:49:44 POLARIS_LOG {"event":"send_rate","rate":272000,"ts":1760456984.3475244}
2025/10/14 15:49:45 POLARIS_LOG {"event":"send_rate","rate":328000,"ts":1760456985.3556972}
2025/10/14 15:49:46 POLARIS_LOG {"event":"send_rate","rate":288000,"ts":1760456986.3452582}
2025/10/14 15:49:47 POLARIS_LOG {"event":"send_rate","rate":256000,"ts":1760456987.3471913}
2025/10/14 15:49:48 POLARIS_LOG {"event":"send_rate","rate":296000,"ts":1760456988.3452759}
2025/10/14 15:49:49 POLARIS_LOG {"event":"send_rate","rate":328000,"ts":1760456989.3861175}
2025/10/14 15:49:50 POLARIS_LOG {"event":"send_rate","rate":320000,"ts":1760456990.358162}
2025/10/14 15:49:51 POLARIS_LOG {"event":"send_rate","rate":272000,"ts":1760456991.3547149}
2025/10/14 15:49:52 POLARIS_LOG {"event":"send_rate","rate":184000,"ts":1760456992.3554924}
2025/10/14 15:49:53 POLARIS_LOG {"event":"send_rate","rate":240000,"ts":1760456993.357595}
2025/10/14 15:49:54 POLARIS_LOG {"event":"send_rate","rate":256000,"ts":1760456994.3486493}
2025/10/14 15:49:55 POLARIS_LOG {"event":"send_rate","rate":432000,"ts":1760456995.346739}
2025/10/14 15:49:56 POLARIS_LOG {"event":"send_rate","rate":256000,"ts":1760456996.3532472}
2025/10/14 15:49:57 POLARIS_LOG {"event":"send_rate","rate":336000,"ts":1760456997.3482397}
2025/10/14 15:49:58 POLARIS_LOG {"event":"send_rate","rate":376000,"ts":1760456998.357274}
2025/10/14 15:49:59 POLARIS_LOG {"event":"send_rate","rate":448000,"ts":1760456999.347035}
2025/10/14 15:50:00 POLARIS_LOG {"event":"send_rate","rate":432000,"ts":1760457000.3557699}
2025/10/14 15:50:01 POLARIS_LOG {"event":"send_rate","rate":376000,"ts":1760457001.3637087}
2025/10/14 15:50:02 POLARIS_LOG {"event":"send_rate","rate":232000,"ts":1760457002.3514795}
2025/10/14 15:50:03 POLARIS_LOG {"event":"send_rate","rate":224000,"ts":1760457003.3460288}
2025/10/14 15:50:04 POLARIS_LOG {"event":"send_rate","rate":232000,"ts":1760457004.3567436}
Skipping switch: current path 2 2 5 2 has lastEstimate 333250 >= maxEstimate 0
2025/10/14 15:50:05 POLARIS_LOG {"event":"send_rate","rate":248000,"ts":1760457005.355038}
2025/10/14 15:50:06 POLARIS_LOG {"event":"send_rate","rate":104000,"ts":1760457006.3615916}
2025/10/14 15:50:07 POLARIS_LOG {"event":"send_rate","rate":456000,"ts":1760457007.3482957}
2025/10/14 15:50:08 POLARIS_LOG {"event":"send_rate","rate":320000,"ts":1760457008.345454}
2025/10/14 15:50:09 POLARIS_LOG {"event":"send_rate","rate":328000,"ts":1760457009.347206}
2025/10/14 15:50:10 POLARIS_LOG {"event":"send_rate","rate":360000,"ts":1760457010.3772874}
2025/10/14 15:50:11 POLARIS_LOG {"event":"send_rate","rate":432000,"ts":1760457011.3528805}
2025/10/14 15:50:12 POLARIS_LOG {"event":"send_rate","rate":384000,"ts":1760457012.3447137}
2025/10/14 15:50:13 POLARIS_LOG {"event":"send_rate","rate":280000,"ts":1760457013.3592587}
2025/10/14 15:50:14 POLARIS_LOG {"event":"send_rate","rate":264000,"ts":1760457014.3467898}
2025/10/14 15:50:15 POLARIS_LOG {"event":"send_rate","rate":304000,"ts":1760457015.346946}
2025/10/14 15:50:16 POLARIS_LOG {"event":"send_rate","rate":408000,"ts":1760457016.3458483}
2025/10/14 15:50:17 POLARIS_LOG {"event":"send_rate","rate":448000,"ts":1760457017.3466997}
2025/10/14 15:50:18 POLARIS_LOG {"event":"send_rate","rate":464000,"ts":1760457018.34964}
2025/10/14 15:50:19 POLARIS_LOG {"event":"send_rate","rate":488000,"ts":1760457019.3450224}
2025/10/14 15:50:20 POLARIS_LOG {"event":"send_rate","rate":416000,"ts":1760457020.3819616}
2025/10/14 15:50:21 POLARIS_LOG {"event":"send_rate","rate":288000,"ts":1760457021.3455389}
2025/10/14 15:50:22 POLARIS_LOG {"event":"send_rate","rate":296000,"ts":1760457022.3452132}
2025/10/14 15:50:23 POLARIS_LOG {"event":"send_rate","rate":304000,"ts":1760457023.3558815}
2025/10/14 15:50:24 POLARIS_LOG {"event":"send_rate","rate":296000,"ts":1760457024.359752}
2025/10/14 15:50:25 POLARIS_LOG {"event":"send_rate","rate":304000,"ts":1760457025.3454819}
2025/10/14 15:50:26 POLARIS_LOG {"event":"send_rate","rate":296000,"ts":1760457026.3454096}
2025/10/14 15:50:27 POLARIS_LOG {"event":"send_rate","rate":304000,"ts":1760457027.3463163}
2025/10/14 15:50:28 POLARIS_LOG {"event":"send_rate","rate":304000,"ts":1760457028.3614469}
2025/10/14 15:50:29 POLARIS_LOG {"event":"send_rate","rate":296000,"ts":1760457029.3446581}
2025/10/14 15:50:30 POLARIS_LOG {"event":"send_rate","rate":296000,"ts":1760457030.3493445}
2025/10/14 15:50:31 POLARIS_LOG {"event":"send_rate","rate":304000,"ts":1760457031.3560636}
2025/10/14 15:50:32 POLARIS_LOG {"event":"send_rate","rate":304000,"ts":1760457032.3713362}
2025/10/14 15:50:33 POLARIS_LOG {"event":"send_rate","rate":296000,"ts":1760457033.3451521}
2025/10/14 15:50:34 POLARIS_LOG {"event":"send_rate","rate":296000,"ts":1760457034.351874}
2025/10/14 15:50:35 POLARIS_LOG {"event":"send_rate","rate":304000,"ts":1760457035.3554182}
2025/10/14 15:50:36 POLARIS_LOG {"event":"send_rate","rate":296000,"ts":1760457036.3451207}
2025/10/14 15:50:37 POLARIS_LOG {"event":"send_rate","rate":304000,"ts":1760457037.3449633}
2025/10/14 15:50:38 POLARIS_LOG {"event":"send_rate","rate":296000,"ts":1760457038.3452919}
2025/10/14 15:50:39 POLARIS_LOG {"event":"send_rate","rate":304000,"ts":1760457039.3627582}
2025/10/14 15:50:40 POLARIS_LOG {"event":"send_rate","rate":296000,"ts":1760457040.3472257}
2025/10/14 15:50:41 POLARIS_LOG {"event":"send_rate","rate":304000,"ts":1760457041.360152}
2025/10/14 15:50:42 POLARIS_LOG {"event":"send_rate","rate":296000,"ts":1760457042.3453834}
2025/10/14 15:50:43 POLARIS_LOG {"event":"send_rate","rate":304000,"ts":1760457043.3482263}
2025/10/14 15:50:44 POLARIS_LOG {"event":"send_rate","rate":296000,"ts":1760457044.3519225}
2025/10/14 15:50:45 POLARIS_LOG {"event":"send_rate","rate":312000,"ts":1760457045.385293}
2025/10/14 15:50:46 POLARIS_LOG {"event":"send_rate","rate":288000,"ts":1760457046.3452306}
2025/10/14 15:50:47 POLARIS_LOG {"event":"send_rate","rate":304000,"ts":1760457047.346988}
2025/10/14 15:50:48 POLARIS_LOG {"event":"send_rate","rate":296000,"ts":1760457048.3461132}
2025/10/14 15:50:49 POLARIS_LOG {"event":"send_rate","rate":312000,"ts":1760457049.373614}
2025/10/14 15:50:50 POLARIS_LOG {"event":"send_rate","rate":288000,"ts":1760457050.3451679}
2025/10/14 15:50:51 POLARIS_LOG {"event":"send_rate","rate":304000,"ts":1760457051.345327}
2025/10/14 15:50:52 POLARIS_LOG {"event":"send_rate","rate":296000,"ts":1760457052.3456511}
2025/10/14 15:50:53 POLARIS_LOG {"event":"send_rate","rate":304000,"ts":1760457053.34916}
2025/10/14 15:50:54 POLARIS_LOG {"event":"send_rate","rate":296000,"ts":1760457054.345583}
2025/10/14 15:50:55 POLARIS_LOG {"event":"send_rate","rate":304000,"ts":1760457055.3504531}
2025/10/14 15:50:56 POLARIS_LOG {"event":"send_rate","rate":304000,"ts":1760457056.380369}
2025/10/14 15:50:57 POLARIS_LOG {"event":"send_rate","rate":304000,"ts":1760457057.3803756}
2025/10/14 15:50:58 POLARIS_LOG {"event":"send_rate","rate":296000,"ts":1760457058.3570507}
2025/10/14 15:50:59 POLARIS_LOG {"event":"send_rate","rate":296000,"ts":1760457059.3452654}
2025/10/14 15:51:00 POLARIS_LOG {"event":"send_rate","rate":296000,"ts":1760457060.3565814}
2025/10/14 15:51:01 POLARIS_LOG {"event":"send_rate","rate":296000,"ts":1760457061.4071152}
2025/10/14 15:51:02 POLARIS_LOG {"event":"send_rate","rate":240000,"ts":1760457062.3455937}
2025/10/14 15:51:03 POLARIS_LOG {"event":"send_rate","rate":320000,"ts":1760457063.3472946}
2025/10/14 15:51:04 POLARIS_LOG {"event":"send_rate","rate":312000,"ts":1760457064.3485527}
2025/10/14 15:51:05 POLARIS_LOG {"event":"send_rate","rate":336000,"ts":1760457065.3454163}
2025/10/14 15:51:06 POLARIS_LOG {"event":"send_rate","rate":256000,"ts":1760457066.3499823}
2025/10/14 15:51:07 POLARIS_LOG {"event":"send_rate","rate":216000,"ts":1760457067.3563225}
2025/10/14 15:51:08 POLARIS_LOG {"event":"send_rate","rate":176000,"ts":1760457068.349855}
2025/10/14 15:51:09 POLARIS_LOG {"event":"send_rate","rate":328000,"ts":1760457069.365512}
2025/10/14 15:51:10 POLARIS_LOG {"event":"send_rate","rate":248000,"ts":1760457070.3453197}
2025/10/14 15:51:11 POLARIS_LOG {"event":"send_rate","rate":232000,"ts":1760457071.3456068}
2025/10/14 15:51:12 POLARIS_LOG {"event":"send_rate","rate":360000,"ts":1760457072.358476}
2025/10/14 15:51:13 POLARIS_LOG {"event":"send_rate","rate":192000,"ts":1760457073.34471}
2025/10/14 15:51:14 POLARIS_LOG {"event":"send_rate","rate":256000,"ts":1760457074.3736835}
Skipping switch: current path 2 2 5 2 has lastEstimate 333250 >= maxEstimate 0
2025/10/14 15:51:15 POLARIS_LOG {"event":"send_rate","rate":288000,"ts":1760457075.3458965}
2025/10/14 15:51:16 POLARIS_LOG {"event":"send_rate","rate":376000,"ts":1760457076.345979}
2025/10/14 15:51:17 POLARIS_LOG {"event":"send_rate","rate":392000,"ts":1760457077.3448627}
2025/10/14 15:51:18 POLARIS_LOG {"event":"send_rate","rate":312000,"ts":1760457078.3468137}
2025/10/14 15:51:19 POLARIS_LOG {"event":"send_rate","rate":376000,"ts":1760457079.3463285}
2025/10/14 15:51:20 POLARIS_LOG {"event":"send_rate","rate":488000,"ts":1760457080.3450558}
2025/10/14 15:51:21 POLARIS_LOG {"event":"send_rate","rate":296000,"ts":1760457081.365673}
2025/10/14 15:51:22 POLARIS_LOG {"event":"send_rate","rate":304000,"ts":1760457082.3515115}
2025/10/14 15:51:23 POLARIS_LOG {"event":"send_rate","rate":304000,"ts":1760457083.3692362}
2025/10/14 15:51:24 POLARIS_LOG {"event":"send_rate","rate":296000,"ts":1760457084.3598566}
2025/10/14 15:51:25 POLARIS_LOG {"event":"send_rate","rate":320000,"ts":1760457085.4052727}
2025/10/14 15:51:26 POLARIS_LOG {"event":"send_rate","rate":288000,"ts":1760457086.3630996}
2025/10/14 15:51:27 POLARIS_LOG {"event":"send_rate","rate":288000,"ts":1760457087.345738}
2025/10/14 15:51:28 POLARIS_LOG {"event":"send_rate","rate":304000,"ts":1760457088.3515522}
2025/10/14 15:51:29 POLARIS_LOG {"event":"send_rate","rate":296000,"ts":1760457089.3479564}
We need to sleep for 1 seconds before we can get the results
Drain Loop received packet
Drain Loop received non-nil payload
Client sent 9112 packets, server reported 8999 packets received
The network loss rate from client to server is 1.2%

S->C results
Attempted bandwidth: 0 bps / 0.00 Mbps
Achieved bandwidth: 0 bps / 0.00 Mbps
Loss rate: 0.0%
Interarrival time min/avg/max/mdev = -0.000/0.000/0.000/0.000 ms

C->S results
Attempted bandwidth: 299983 bps / 0.30 Mbps
Achieved bandwidth: 296263 bps / 0.30 Mbps
Loss rate: 1.2%
Interarrival time min/avg/max/mdev = 0.002/26.621/732.916/26.576 ms
