
Test parameters:
client->server: 297 seconds, 1000 bytes, 11137 packets
server->client: 297 seconds, 1000 bytes, 0 packets
2025/10/14 15:46:31 POLARIS_LOG {"current_rate":0,"event":"path_switch","new":"2 2 5 2","trigger":"initialization","ts":1760456791.0117326}
Polaris prober initialized with 38 paths
Polaris prober initialized with local 1-111,10.111.0.71:32761 and remote 1-113,10.113.0.71
2025/10/14 15:46:32 POLARIS_LOG {"event":"send_rate","rate":304000,"ts":1760456792.0120103}
2025/10/14 15:46:33 POLARIS_LOG {"event":"send_rate","rate":296000,"ts":1760456793.015188}
2025/10/14 15:46:34 POLARIS_LOG {"event":"send_rate","rate":304000,"ts":1760456794.0215404}
2025/10/14 15:46:35 POLARIS_LOG {"event":"send_rate","rate":296000,"ts":1760456795.0120234}
2025/10/14 15:46:36 POLARIS_LOG {"event":"send_rate","rate":304000,"ts":1760456796.0126913}
2025/10/14 15:46:37 POLARIS_LOG {"event":"send_rate","rate":296000,"ts":1760456797.0129619}
2025/10/14 15:46:38 POLARIS_LOG {"event":"send_rate","rate":304000,"ts":1760456798.0129285}
2025/10/14 15:46:39 POLARIS_LOG {"event":"send_rate","rate":296000,"ts":1760456799.012201}
2025/10/14 15:46:40 POLARIS_LOG {"event":"send_rate","rate":304000,"ts":1760456800.0132902}
2025/10/14 15:46:41 POLARIS_LOG {"event":"send_rate","rate":296000,"ts":1760456801.012451}
2025/10/14 15:46:42 POLARIS_LOG {"event":"send_rate","rate":304000,"ts":1760456802.0125}
2025/10/14 15:46:43 POLARIS_LOG {"event":"send_rate","rate":296000,"ts":1760456803.0125494}
2025/10/14 15:46:44 POLARIS_LOG {"event":"send_rate","rate":304000,"ts":1760456804.0123563}
2025/10/14 15:46:45 POLARIS_LOG {"event":"send_rate","rate":296000,"ts":1760456805.0127227}
2025/10/14 15:46:46 POLARIS_LOG {"event":"send_rate","rate":304000,"ts":1760456806.0121891}
2025/10/14 15:46:47 POLARIS_LOG {"event":"send_rate","rate":296000,"ts":1760456807.0120132}
2025/10/14 15:46:48 POLARIS_LOG {"event":"send_rate","rate":304000,"ts":1760456808.0158317}
2025/10/14 15:46:49 POLARIS_LOG {"event":"send_rate","rate":296000,"ts":1760456809.0125315}
2025/10/14 15:46:50 POLARIS_LOG {"event":"send_rate","rate":304000,"ts":1760456810.0126507}
2025/10/14 15:46:51 POLARIS_LOG {"event":"send_rate","rate":296000,"ts":1760456811.0124743}
2025/10/14 15:46:52 POLARIS_LOG {"event":"send_rate","rate":304000,"ts":1760456812.013021}
2025/10/14 15:46:53 POLARIS_LOG {"event":"send_rate","rate":296000,"ts":1760456813.0121396}
2025/10/14 15:46:54 POLARIS_LOG {"event":"send_rate","rate":304000,"ts":1760456814.0129387}
2025/10/14 15:46:55 POLARIS_LOG {"event":"send_rate","rate":296000,"ts":1760456815.0129213}
2025/10/14 15:46:56 POLARIS_LOG {"event":"send_rate","rate":304000,"ts":1760456816.0125246}
2025/10/14 15:46:57 POLARIS_LOG {"event":"send_rate","rate":296000,"ts":1760456817.012744}
2025/10/14 15:46:58 POLARIS_LOG {"event":"send_rate","rate":304000,"ts":1760456818.012876}
2025/10/14 15:46:59 POLARIS_LOG {"event":"send_rate","rate":296000,"ts":1760456819.0127366}
2025/10/14 15:47:00 POLARIS_LOG {"event":"send_rate","rate":176000,"ts":1760456820.0127788}
2025/10/14 15:47:01 POLARIS_LOG {"event":"send_rate","rate":200000,"ts":1760456821.0121787}
2025/10/14 15:47:01 POLARIS_LOG {"candidates":3,"candidates_unfiltered":25,"current_rate":200000,"estimated_share":2000000,"event":"path_switch","max_estimated_share":2000000,"new":"5 5 2 4","old":"2 2 5 2","trigger":"scheduled","ts":1760456821.0122411}
2025/10/14 15:47:02 POLARIS_LOG {"event":"send_rate","rate":528000,"ts":1760456822.0120254}
2025/10/14 15:47:03 POLARIS_LOG {"event":"send_rate","rate":296000,"ts":1760456823.0128458}
2025/10/14 15:47:04 POLARIS_LOG {"event":"send_rate","rate":304000,"ts":1760456824.013028}
2025/10/14 15:47:05 POLARIS_LOG {"event":"send_rate","rate":296000,"ts":1760456825.0122437}
2025/10/14 15:47:06 POLARIS_LOG {"event":"send_rate","rate":304000,"ts":1760456826.0152183}
2025/10/14 15:47:07 POLARIS_LOG {"event":"send_rate","rate":296000,"ts":1760456827.0130785}
2025/10/14 15:47:08 POLARIS_LOG {"event":"send_rate","rate":304000,"ts":1760456828.0127032}
2025/10/14 15:47:09 POLARIS_LOG {"event":"send_rate","rate":296000,"ts":1760456829.012721}
2025/10/14 15:47:10 POLARIS_LOG {"event":"send_rate","rate":304000,"ts":1760456830.0124295}
2025/10/14 15:47:11 POLARIS_LOG {"event":"send_rate","rate":296000,"ts":1760456831.0192115}
2025/10/14 15:47:12 POLARIS_LOG {"event":"send_rate","rate":304000,"ts":1760456832.0122006}
2025/10/14 15:47:13 POLARIS_LOG {"event":"send_rate","rate":296000,"ts":1760456833.0121942}
2025/10/14 15:47:14 POLARIS_LOG {"event":"send_rate","rate":304000,"ts":1760456834.012137}
2025/10/14 15:47:15 POLARIS_LOG {"event":"send_rate","rate":296000,"ts":1760456835.012629}
2025/10/14 15:47:16 POLARIS_LOG {"event":"send_rate","rate":304000,"ts":1760456836.0128121}
2025/10/14 15:47:17 POLARIS_LOG {"event":"send_rate","rate":296000,"ts":1760456837.0120158}
2025/10/14 15:47:18 POLARIS_LOG {"event":"send_rate","rate":304000,"ts":1760456838.0122032}
2025/10/14 15:47:19 POLARIS_LOG {"event":"send_rate","rate":296000,"ts":1760456839.014742}
2025/10/14 15:47:20 POLARIS_LOG {"event":"send_rate","rate":304000,"ts":1760456840.0164564}
2025/10/14 15:47:21 POLARIS_LOG {"event":"send_rate","rate":296000,"ts":1760456841.0128355}
2025/10/14 15:47:22 POLARIS_LOG {"event":"send_rate","rate":304000,"ts":1760456842.0130253}
2025/10/14 15:47:23 POLARIS_LOG {"event":"send_rate","rate":296000,"ts":1760456843.0122516}
2025/10/14 15:47:24 POLARIS_LOG {"event":"send_rate","rate":296000,"ts":1760456844.0145853}
2025/10/14 15:47:25 POLARIS_LOG {"event":"send_rate","rate":304000,"ts":1760456845.0128403}
2025/10/14 15:47:26 POLARIS_LOG {"event":"send_rate","rate":296000,"ts":1760456846.0121107}
2025/10/14 15:47:27 POLARIS_LOG {"event":"send_rate","rate":304000,"ts":1760456847.0120318}
2025/10/14 15:47:28 POLARIS_LOG {"event":"send_rate","rate":304000,"ts":1760456848.0128183}
2025/10/14 15:47:29 POLARIS_LOG {"event":"send_rate","rate":296000,"ts":1760456849.0129054}
2025/10/14 15:47:30 POLARIS_LOG {"event":"send_rate","rate":296000,"ts":1760456850.0120902}
2025/10/14 15:47:31 POLARIS_LOG {"event":"send_rate","rate":304000,"ts":1760456851.012824}
2025/10/14 15:47:32 POLARIS_LOG {"event":"send_rate","rate":296000,"ts":1760456852.012124}
2025/10/14 15:47:33 POLARIS_LOG {"event":"send_rate","rate":304000,"ts":1760456853.0125525}
2025/10/14 15:47:34 POLARIS_LOG {"event":"send_rate","rate":296000,"ts":1760456854.0126762}
2025/10/14 15:47:35 POLARIS_LOG {"event":"send_rate","rate":304000,"ts":1760456855.012456}
2025/10/14 15:47:36 POLARIS_LOG {"event":"send_rate","rate":296000,"ts":1760456856.0120175}
2025/10/14 15:47:37 POLARIS_LOG {"event":"send_rate","rate":304000,"ts":1760456857.012285}
2025/10/14 15:47:38 POLARIS_LOG {"event":"send_rate","rate":296000,"ts":1760456858.0132039}
2025/10/14 15:47:39 POLARIS_LOG {"event":"send_rate","rate":304000,"ts":1760456859.014324}
2025/10/14 15:47:40 POLARIS_LOG {"event":"send_rate","rate":296000,"ts":1760456860.012021}
2025/10/14 15:47:41 POLARIS_LOG {"event":"send_rate","rate":304000,"ts":1760456861.0124888}
2025/10/14 15:47:42 POLARIS_LOG {"event":"send_rate","rate":296000,"ts":1760456862.0125372}
2025/10/14 15:47:43 POLARIS_LOG {"event":"send_rate","rate":304000,"ts":1760456863.020908}
2025/10/14 15:47:44 POLARIS_LOG {"event":"send_rate","rate":296000,"ts":1760456864.0128808}
2025/10/14 15:47:45 POLARIS_LOG {"event":"send_rate","rate":304000,"ts":1760456865.012788}
2025/10/14 15:47:46 POLARIS_LOG {"event":"send_rate","rate":304000,"ts":1760456866.015842}
2025/10/14 15:47:47 POLARIS_LOG {"event":"send_rate","rate":296000,"ts":1760456867.0123541}
2025/10/14 15:47:48 POLARIS_LOG {"event":"send_rate","rate":296000,"ts":1760456868.0127556}
2025/10/14 15:47:49 POLARIS_LOG {"event":"send_rate","rate":304000,"ts":1760456869.0129306}
2025/10/14 15:47:50 POLARIS_LOG {"event":"send_rate","rate":296000,"ts":1760456870.0121312}
2025/10/14 15:47:51 POLARIS_LOG {"event":"send_rate","rate":304000,"ts":1760456871.0121403}
2025/10/14 15:47:52 POLARIS_LOG {"event":"send_rate","rate":296000,"ts":1760456872.0122786}
2025/10/14 15:47:53 POLARIS_LOG {"event":"send_rate","rate":304000,"ts":1760456873.0204222}
2025/10/14 15:47:54 POLARIS_LOG {"event":"send_rate","rate":296000,"ts":1760456874.0131252}
2025/10/14 15:47:55 POLARIS_LOG {"event":"send_rate","rate":304000,"ts":1760456875.0124757}
2025/10/14 15:47:56 POLARIS_LOG {"event":"send_rate","rate":296000,"ts":1760456876.0126958}
2025/10/14 15:47:57 POLARIS_LOG {"event":"send_rate","rate":304000,"ts":1760456877.0125625}
2025/10/14 15:47:58 POLARIS_LOG {"event":"send_rate","rate":296000,"ts":1760456878.0121841}
2025/10/14 15:47:59 POLARIS_LOG {"event":"send_rate","rate":312000,"ts":1760456879.0341492}
2025/10/14 15:48:00 POLARIS_LOG {"event":"send_rate","rate":296000,"ts":1760456880.031603}
2025/10/14 15:48:01 POLARIS_LOG {"event":"send_rate","rate":296000,"ts":1760456881.0123322}
2025/10/14 15:48:02 POLARIS_LOG {"event":"send_rate","rate":296000,"ts":1760456882.0162895}
2025/10/14 15:48:03 POLARIS_LOG {"event":"send_rate","rate":304000,"ts":1760456883.0129406}
2025/10/14 15:48:04 POLARIS_LOG {"event":"send_rate","rate":304000,"ts":1760456884.017851}
2025/10/14 15:48:05 POLARIS_LOG {"event":"send_rate","rate":296000,"ts":1760456885.0123594}
2025/10/14 15:48:06 POLARIS_LOG {"event":"send_rate","rate":296000,"ts":1760456886.0126667}
2025/10/14 15:48:07 POLARIS_LOG {"event":"send_rate","rate":304000,"ts":1760456887.0128715}
2025/10/14 15:48:08 POLARIS_LOG {"event":"send_rate","rate":296000,"ts":1760456888.0126162}
2025/10/14 15:48:09 POLARIS_LOG {"event":"send_rate","rate":304000,"ts":1760456889.0150702}
2025/10/14 15:48:10 POLARIS_LOG {"event":"send_rate","rate":296000,"ts":1760456890.0120993}
2025/10/14 15:48:11 POLARIS_LOG {"event":"send_rate","rate":304000,"ts":1760456891.012508}
2025/10/14 15:48:12 POLARIS_LOG {"event":"send_rate","rate":296000,"ts":1760456892.0127358}
2025/10/14 15:48:13 POLARIS_LOG {"event":"send_rate","rate":304000,"ts":1760456893.012841}
2025/10/14 15:48:14 POLARIS_LOG {"event":"send_rate","rate":296000,"ts":1760456894.0127816}
2025/10/14 15:48:15 POLARIS_LOG {"event":"send_rate","rate":304000,"ts":1760456895.0128276}
2025/10/14 15:48:16 POLARIS_LOG {"event":"send_rate","rate":296000,"ts":1760456896.0130033}
2025/10/14 15:48:17 POLARIS_LOG {"event":"send_rate","rate":304000,"ts":1760456897.012539}
2025/10/14 15:48:18 POLARIS_LOG {"event":"send_rate","rate":296000,"ts":1760456898.012606}
2025/10/14 15:48:19 POLARIS_LOG {"event":"send_rate","rate":304000,"ts":1760456899.0123653}
2025/10/14 15:48:20 POLARIS_LOG {"event":"send_rate","rate":296000,"ts":1760456900.0123785}
2025/10/14 15:48:21 POLARIS_LOG {"event":"send_rate","rate":304000,"ts":1760456901.0135875}
2025/10/14 15:48:22 POLARIS_LOG {"event":"send_rate","rate":296000,"ts":1760456902.0132601}
2025/10/14 15:48:23 POLARIS_LOG {"event":"send_rate","rate":224000,"ts":1760456903.0120978}
2025/10/14 15:48:24 POLARIS_LOG {"event":"send_rate","rate":176000,"ts":1760456904.0124154}
2025/10/14 15:48:25 POLARIS_LOG {"event":"send_rate","rate":160000,"ts":1760456905.0121343}
2025/10/14 15:48:26 POLARIS_LOG {"event":"send_rate","rate":200000,"ts":1760456906.0124447}
2025/10/14 15:48:27 POLARIS_LOG {"event":"send_rate","rate":248000,"ts":1760456907.0127237}
2025/10/14 15:48:28 POLARIS_LOG {"event":"send_rate","rate":272000,"ts":1760456908.0124345}
2025/10/14 15:48:29 POLARIS_LOG {"event":"send_rate","rate":232000,"ts":1760456909.012377}
2025/10/14 15:48:30 POLARIS_LOG {"event":"send_rate","rate":296000,"ts":1760456910.0130546}
Skipping switch: current path 5 5 2 4 has lastEstimate 285750 >= maxEstimate 0
2025/10/14 15:48:31 POLARIS_LOG {"event":"send_rate","rate":288000,"ts":1760456911.0127985}
2025/10/14 15:48:32 POLARIS_LOG {"event":"send_rate","rate":320000,"ts":1760456912.013576}
2025/10/14 15:48:33 POLARIS_LOG {"event":"send_rate","rate":368000,"ts":1760456913.012647}
2025/10/14 15:48:34 POLARIS_LOG {"event":"send_rate","rate":384000,"ts":1760456914.0125234}
2025/10/14 15:48:35 POLARIS_LOG {"event":"send_rate","rate":344000,"ts":1760456915.0129309}
2025/10/14 15:48:36 POLARIS_LOG {"event":"send_rate","rate":536000,"ts":1760456916.0123615}
2025/10/14 15:48:37 POLARIS_LOG {"event":"send_rate","rate":328000,"ts":1760456917.01324}
2025/10/14 15:48:38 POLARIS_LOG {"event":"send_rate","rate":424000,"ts":1760456918.012404}
2025/10/14 15:48:39 POLARIS_LOG {"event":"send_rate","rate":304000,"ts":1760456919.0130084}
2025/10/14 15:48:40 POLARIS_LOG {"event":"send_rate","rate":296000,"ts":1760456920.0126038}
2025/10/14 15:48:41 POLARIS_LOG {"event":"send_rate","rate":304000,"ts":1760456921.0123386}
2025/10/14 15:48:42 POLARIS_LOG {"event":"send_rate","rate":296000,"ts":1760456922.012699}
2025/10/14 15:48:43 POLARIS_LOG {"event":"send_rate","rate":304000,"ts":1760456923.0127273}
2025/10/14 15:48:44 POLARIS_LOG {"event":"send_rate","rate":296000,"ts":1760456924.01481}
2025/10/14 15:48:45 POLARIS_LOG {"event":"send_rate","rate":304000,"ts":1760456925.0127835}
2025/10/14 15:48:46 POLARIS_LOG {"event":"send_rate","rate":296000,"ts":1760456926.0134482}
2025/10/14 15:48:47 POLARIS_LOG {"event":"send_rate","rate":304000,"ts":1760456927.0127902}
2025/10/14 15:48:48 POLARIS_LOG {"event":"send_rate","rate":296000,"ts":1760456928.0121596}
2025/10/14 15:48:49 POLARIS_LOG {"event":"send_rate","rate":304000,"ts":1760456929.0121217}
2025/10/14 15:48:50 POLARIS_LOG {"event":"send_rate","rate":296000,"ts":1760456930.0156882}
2025/10/14 15:48:51 POLARIS_LOG {"event":"send_rate","rate":304000,"ts":1760456931.0125093}
2025/10/14 15:48:52 POLARIS_LOG {"event":"send_rate","rate":296000,"ts":1760456932.0333626}
2025/10/14 15:48:53 POLARIS_LOG {"event":"send_rate","rate":304000,"ts":1760456933.0121145}
2025/10/14 15:48:54 POLARIS_LOG {"event":"send_rate","rate":296000,"ts":1760456934.0223699}
2025/10/14 15:48:55 POLARIS_LOG {"event":"send_rate","rate":304000,"ts":1760456935.0120184}
2025/10/14 15:48:56 POLARIS_LOG {"event":"send_rate","rate":296000,"ts":1760456936.012928}
2025/10/14 15:48:57 POLARIS_LOG {"event":"send_rate","rate":304000,"ts":1760456937.012025}
2025/10/14 15:48:58 POLARIS_LOG {"event":"send_rate","rate":296000,"ts":1760456938.014718}
2025/10/14 15:48:59 POLARIS_LOG {"event":"send_rate","rate":304000,"ts":1760456939.01971}
2025/10/14 15:49:00 POLARIS_LOG {"event":"send_rate","rate":296000,"ts":1760456940.0151398}
2025/10/14 15:49:01 POLARIS_LOG {"event":"send_rate","rate":304000,"ts":1760456941.01203}
2025/10/14 15:49:02 POLARIS_LOG {"event":"send_rate","rate":296000,"ts":1760456942.0137374}
2025/10/14 15:49:03 POLARIS_LOG {"event":"send_rate","rate":304000,"ts":1760456943.0126252}
2025/10/14 15:49:04 POLARIS_LOG {"event":"send_rate","rate":296000,"ts":1760456944.0124316}
2025/10/14 15:49:05 POLARIS_LOG {"event":"send_rate","rate":304000,"ts":1760456945.0125868}
2025/10/14 15:49:06 POLARIS_LOG {"event":"send_rate","rate":296000,"ts":1760456946.0131626}
2025/10/14 15:49:07 POLARIS_LOG {"event":"send_rate","rate":304000,"ts":1760456947.012887}
2025/10/14 15:49:08 POLARIS_LOG {"event":"send_rate","rate":296000,"ts":1760456948.0135708}
2025/10/14 15:49:09 POLARIS_LOG {"event":"send_rate","rate":296000,"ts":1760456949.0126014}
2025/10/14 15:49:10 POLARIS_LOG {"event":"send_rate","rate":304000,"ts":1760456950.0129168}
2025/10/14 15:49:11 POLARIS_LOG {"event":"send_rate","rate":296000,"ts":1760456951.0123215}
2025/10/14 15:49:12 POLARIS_LOG {"event":"send_rate","rate":304000,"ts":1760456952.0184507}
2025/10/14 15:49:13 POLARIS_LOG {"event":"send_rate","rate":296000,"ts":1760456953.012278}
2025/10/14 15:49:14 POLARIS_LOG {"event":"send_rate","rate":304000,"ts":1760456954.0132833}
2025/10/14 15:49:15 POLARIS_LOG {"event":"send_rate","rate":304000,"ts":1760456955.0160437}
2025/10/14 15:49:16 POLARIS_LOG {"event":"send_rate","rate":296000,"ts":1760456956.012527}
2025/10/14 15:49:17 POLARIS_LOG {"event":"send_rate","rate":304000,"ts":1760456957.0156436}
2025/10/14 15:49:18 POLARIS_LOG {"event":"send_rate","rate":296000,"ts":1760456958.0121138}
2025/10/14 15:49:19 POLARIS_LOG {"event":"send_rate","rate":296000,"ts":1760456959.012292}
2025/10/14 15:49:20 POLARIS_LOG {"event":"send_rate","rate":304000,"ts":1760456960.012412}
2025/10/14 15:49:21 POLARIS_LOG {"event":"send_rate","rate":296000,"ts":1760456961.012167}
2025/10/14 15:49:22 POLARIS_LOG {"event":"send_rate","rate":304000,"ts":1760456962.013134}
2025/10/14 15:49:23 POLARIS_LOG {"event":"send_rate","rate":296000,"ts":1760456963.0132167}
2025/10/14 15:49:24 POLARIS_LOG {"event":"send_rate","rate":304000,"ts":1760456964.0158174}
2025/10/14 15:49:25 POLARIS_LOG {"event":"send_rate","rate":304000,"ts":1760456965.0250485}
2025/10/14 15:49:26 POLARIS_LOG {"event":"send_rate","rate":296000,"ts":1760456966.013379}
2025/10/14 15:49:27 POLARIS_LOG {"event":"send_rate","rate":184000,"ts":1760456967.0137708}
2025/10/14 15:49:28 POLARIS_LOG {"event":"send_rate","rate":224000,"ts":1760456968.0257456}
2025/10/14 15:49:29 POLARIS_LOG {"event":"send_rate","rate":232000,"ts":1760456969.0158477}
2025/10/14 15:49:30 POLARIS_LOG {"event":"send_rate","rate":200000,"ts":1760456970.013472}
2025/10/14 15:49:31 POLARIS_LOG {"event":"send_rate","rate":328000,"ts":1760456971.01214}
2025/10/14 15:49:32 POLARIS_LOG {"event":"send_rate","rate":336000,"ts":1760456972.0131602}
2025/10/14 15:49:33 POLARIS_LOG {"event":"send_rate","rate":280000,"ts":1760456973.0126839}
2025/10/14 15:49:34 POLARIS_LOG {"event":"send_rate","rate":304000,"ts":1760456974.0151987}
2025/10/14 15:49:35 POLARIS_LOG {"event":"send_rate","rate":224000,"ts":1760456975.0219705}
2025/10/14 15:49:36 POLARIS_LOG {"event":"send_rate","rate":320000,"ts":1760456976.0128126}
2025/10/14 15:49:37 POLARIS_LOG {"event":"send_rate","rate":240000,"ts":1760456977.0126705}
2025/10/14 15:49:38 POLARIS_LOG {"event":"send_rate","rate":232000,"ts":1760456978.0129502}
2025/10/14 15:49:39 POLARIS_LOG {"event":"send_rate","rate":128000,"ts":1760456979.0129158}
2025/10/14 15:49:40 POLARIS_LOG {"event":"send_rate","rate":208000,"ts":1760456980.012156}
2025/10/14 15:49:41 POLARIS_LOG {"event":"send_rate","rate":248000,"ts":1760456981.0127137}
Skipping switch: current path 5 5 2 4 has lastEstimate 333250 >= maxEstimate 0
2025/10/14 15:49:42 POLARIS_LOG {"event":"send_rate","rate":384000,"ts":1760456982.0124235}
2025/10/14 15:49:43 POLARIS_LOG {"event":"send_rate","rate":360000,"ts":1760456983.0120394}
2025/10/14 15:49:44 POLARIS_LOG {"event":"send_rate","rate":256000,"ts":1760456984.012306}
2025/10/14 15:49:45 POLARIS_LOG {"event":"send_rate","rate":272000,"ts":1760456985.0120811}
2025/10/14 15:49:46 POLARIS_LOG {"event":"send_rate","rate":328000,"ts":1760456986.0125294}
2025/10/14 15:49:47 POLARIS_LOG {"event":"send_rate","rate":248000,"ts":1760456987.0123763}
2025/10/14 15:49:48 POLARIS_LOG {"event":"send_rate","rate":352000,"ts":1760456988.0128295}
2025/10/14 15:49:49 POLARIS_LOG {"event":"send_rate","rate":272000,"ts":1760456989.014007}
2025/10/14 15:49:50 POLARIS_LOG {"event":"send_rate","rate":376000,"ts":1760456990.0128496}
2025/10/14 15:49:51 POLARIS_LOG {"event":"send_rate","rate":312000,"ts":1760456991.0134773}
2025/10/14 15:49:52 POLARIS_LOG {"event":"send_rate","rate":312000,"ts":1760456992.0127714}
2025/10/14 15:49:53 POLARIS_LOG {"event":"send_rate","rate":352000,"ts":1760456993.0128374}
2025/10/14 15:49:54 POLARIS_LOG {"event":"send_rate","rate":480000,"ts":1760456994.0122757}
2025/10/14 15:49:55 POLARIS_LOG {"event":"send_rate","rate":488000,"ts":1760456995.0122476}
2025/10/14 15:49:56 POLARIS_LOG {"event":"send_rate","rate":488000,"ts":1760456996.013506}
2025/10/14 15:49:57 POLARIS_LOG {"event":"send_rate","rate":328000,"ts":1760456997.0126817}
2025/10/14 15:49:58 POLARIS_LOG {"event":"send_rate","rate":304000,"ts":1760456998.0129237}
2025/10/14 15:49:59 POLARIS_LOG {"event":"send_rate","rate":296000,"ts":1760456999.012164}
2025/10/14 15:50:00 POLARIS_LOG {"event":"send_rate","rate":304000,"ts":1760457000.012686}
2025/10/14 15:50:01 POLARIS_LOG {"event":"send_rate","rate":296000,"ts":1760457001.0139515}
2025/10/14 15:50:02 POLARIS_LOG {"event":"send_rate","rate":304000,"ts":1760457002.0245543}
2025/10/14 15:50:03 POLARIS_LOG {"event":"send_rate","rate":296000,"ts":1760457003.0267797}
2025/10/14 15:50:04 POLARIS_LOG {"event":"send_rate","rate":304000,"ts":1760457004.0122986}
2025/10/14 15:50:05 POLARIS_LOG {"event":"send_rate","rate":296000,"ts":1760457005.0121064}
2025/10/14 15:50:06 POLARIS_LOG {"event":"send_rate","rate":304000,"ts":1760457006.012881}
2025/10/14 15:50:07 POLARIS_LOG {"event":"send_rate","rate":296000,"ts":1760457007.0126033}
2025/10/14 15:50:08 POLARIS_LOG {"event":"send_rate","rate":304000,"ts":1760457008.0177839}
2025/10/14 15:50:09 POLARIS_LOG {"event":"send_rate","rate":296000,"ts":1760457009.0127516}
2025/10/14 15:50:10 POLARIS_LOG {"event":"send_rate","rate":304000,"ts":1760457010.0127125}
2025/10/14 15:50:11 POLARIS_LOG {"event":"send_rate","rate":296000,"ts":1760457011.0127234}
2025/10/14 15:50:12 POLARIS_LOG {"event":"send_rate","rate":304000,"ts":1760457012.013419}
2025/10/14 15:50:13 POLARIS_LOG {"event":"send_rate","rate":296000,"ts":1760457013.0128}
2025/10/14 15:50:14 POLARIS_LOG {"event":"send_rate","rate":304000,"ts":1760457014.0120728}
2025/10/14 15:50:15 POLARIS_LOG {"event":"send_rate","rate":296000,"ts":1760457015.0126047}
2025/10/14 15:50:16 POLARIS_LOG {"event":"send_rate","rate":304000,"ts":1760457016.0127783}
2025/10/14 15:50:17 POLARIS_LOG {"event":"send_rate","rate":296000,"ts":1760457017.0121708}
2025/10/14 15:50:18 POLARIS_LOG {"event":"send_rate","rate":304000,"ts":1760457018.0142243}
2025/10/14 15:50:19 POLARIS_LOG {"event":"send_rate","rate":296000,"ts":1760457019.0131037}
2025/10/14 15:50:20 POLARIS_LOG {"event":"send_rate","rate":304000,"ts":1760457020.0168607}
2025/10/14 15:50:21 POLARIS_LOG {"event":"send_rate","rate":296000,"ts":1760457021.0126746}
2025/10/14 15:50:22 POLARIS_LOG {"event":"send_rate","rate":304000,"ts":1760457022.0122204}
2025/10/14 15:50:23 POLARIS_LOG {"event":"send_rate","rate":296000,"ts":1760457023.0122213}
2025/10/14 15:50:24 POLARIS_LOG {"event":"send_rate","rate":304000,"ts":1760457024.0129619}
2025/10/14 15:50:25 POLARIS_LOG {"event":"send_rate","rate":296000,"ts":1760457025.012393}
2025/10/14 15:50:26 POLARIS_LOG {"event":"send_rate","rate":304000,"ts":1760457026.0125206}
2025/10/14 15:50:27 POLARIS_LOG {"event":"send_rate","rate":296000,"ts":1760457027.0129523}
2025/10/14 15:50:28 POLARIS_LOG {"event":"send_rate","rate":304000,"ts":1760457028.012804}
2025/10/14 15:50:29 POLARIS_LOG {"event":"send_rate","rate":296000,"ts":1760457029.0126016}
2025/10/14 15:50:30 POLARIS_LOG {"event":"send_rate","rate":304000,"ts":1760457030.0125358}
2025/10/14 15:50:31 POLARIS_LOG {"event":"send_rate","rate":296000,"ts":1760457031.012052}
2025/10/14 15:50:32 POLARIS_LOG {"event":"send_rate","rate":304000,"ts":1760457032.012558}
2025/10/14 15:50:33 POLARIS_LOG {"event":"send_rate","rate":296000,"ts":1760457033.0120327}
2025/10/14 15:50:34 POLARIS_LOG {"event":"send_rate","rate":304000,"ts":1760457034.0129886}
2025/10/14 15:50:35 POLARIS_LOG {"event":"send_rate","rate":296000,"ts":1760457035.0126426}
2025/10/14 15:50:36 POLARIS_LOG {"event":"send_rate","rate":304000,"ts":1760457036.012728}
2025/10/14 15:50:37 POLARIS_LOG {"event":"send_rate","rate":296000,"ts":1760457037.012903}
2025/10/14 15:50:38 POLARIS_LOG {"event":"send_rate","rate":296000,"ts":1760457038.0121677}
2025/10/14 15:50:39 POLARIS_LOG {"event":"send_rate","rate":304000,"ts":1760457039.0145597}
2025/10/14 15:50:40 POLARIS_LOG {"event":"send_rate","rate":296000,"ts":1760457040.0278087}
2025/10/14 15:50:41 POLARIS_LOG {"event":"send_rate","rate":304000,"ts":1760457041.0125906}
2025/10/14 15:50:42 POLARIS_LOG {"event":"send_rate","rate":304000,"ts":1760457042.0121047}
2025/10/14 15:50:43 POLARIS_LOG {"event":"send_rate","rate":296000,"ts":1760457043.0140631}
2025/10/14 15:50:44 POLARIS_LOG {"event":"send_rate","rate":304000,"ts":1760457044.0122259}
2025/10/14 15:50:45 POLARIS_LOG {"event":"send_rate","rate":304000,"ts":1760457045.0289655}
2025/10/14 15:50:46 POLARIS_LOG {"event":"send_rate","rate":288000,"ts":1760457046.0121143}
2025/10/14 15:50:47 POLARIS_LOG {"event":"send_rate","rate":296000,"ts":1760457047.012139}
2025/10/14 15:50:48 POLARIS_LOG {"event":"send_rate","rate":248000,"ts":1760457048.012713}
2025/10/14 15:50:49 POLARIS_LOG {"event":"send_rate","rate":248000,"ts":1760457049.0129066}
2025/10/14 15:50:50 POLARIS_LOG {"event":"send_rate","rate":336000,"ts":1760457050.0127223}
2025/10/14 15:50:51 POLARIS_LOG {"event":"send_rate","rate":312000,"ts":1760457051.0124629}
2025/10/14 15:50:52 POLARIS_LOG {"event":"send_rate","rate":360000,"ts":1760457052.0120807}
2025/10/14 15:50:53 POLARIS_LOG {"event":"send_rate","rate":304000,"ts":1760457053.013012}
2025/10/14 15:50:54 POLARIS_LOG {"event":"send_rate","rate":296000,"ts":1760457054.0126946}
2025/10/14 15:50:55 POLARIS_LOG {"event":"send_rate","rate":304000,"ts":1760457055.0181916}
2025/10/14 15:50:56 POLARIS_LOG {"event":"send_rate","rate":296000,"ts":1760457056.0123417}
2025/10/14 15:50:57 POLARIS_LOG {"event":"send_rate","rate":304000,"ts":1760457057.0137475}
2025/10/14 15:50:58 POLARIS_LOG {"event":"send_rate","rate":296000,"ts":1760457058.0125}
2025/10/14 15:50:59 POLARIS_LOG {"event":"send_rate","rate":304000,"ts":1760457059.012728}
2025/10/14 15:51:00 POLARIS_LOG {"event":"send_rate","rate":304000,"ts":1760457060.015261}
2025/10/14 15:51:01 POLARIS_LOG {"event":"send_rate","rate":296000,"ts":1760457061.0127778}
2025/10/14 15:51:02 POLARIS_LOG {"event":"send_rate","rate":296000,"ts":1760457062.0128522}
2025/10/14 15:51:03 POLARIS_LOG {"event":"send_rate","rate":304000,"ts":1760457063.0128908}
2025/10/14 15:51:04 POLARIS_LOG {"event":"send_rate","rate":296000,"ts":1760457064.0122056}
2025/10/14 15:51:05 POLARIS_LOG {"event":"send_rate","rate":304000,"ts":1760457065.0124586}
2025/10/14 15:51:06 POLARIS_LOG {"event":"send_rate","rate":296000,"ts":1760457066.0121253}
2025/10/14 15:51:07 POLARIS_LOG {"event":"send_rate","rate":304000,"ts":1760457067.0122082}
2025/10/14 15:51:08 POLARIS_LOG {"event":"send_rate","rate":296000,"ts":1760457068.0122154}
2025/10/14 15:51:09 POLARIS_LOG {"event":"send_rate","rate":304000,"ts":1760457069.0123825}
2025/10/14 15:51:10 POLARIS_LOG {"event":"send_rate","rate":296000,"ts":1760457070.0152576}
2025/10/14 15:51:11 POLARIS_LOG {"event":"send_rate","rate":304000,"ts":1760457071.0272305}
2025/10/14 15:51:12 POLARIS_LOG {"event":"send_rate","rate":296000,"ts":1760457072.0123236}
2025/10/14 15:51:13 POLARIS_LOG {"event":"send_rate","rate":304000,"ts":1760457073.0125995}
2025/10/14 15:51:14 POLARIS_LOG {"event":"send_rate","rate":296000,"ts":1760457074.0286689}
2025/10/14 15:51:15 POLARIS_LOG {"event":"send_rate","rate":304000,"ts":1760457075.0127628}
2025/10/14 15:51:16 POLARIS_LOG {"event":"send_rate","rate":296000,"ts":1760457076.0122745}
2025/10/14 15:51:17 POLARIS_LOG {"event":"send_rate","rate":304000,"ts":1760457077.0147564}
2025/10/14 15:51:18 POLARIS_LOG {"event":"send_rate","rate":296000,"ts":1760457078.0122106}
2025/10/14 15:51:19 POLARIS_LOG {"event":"send_rate","rate":304000,"ts":1760457079.0132942}
2025/10/14 15:51:20 POLARIS_LOG {"event":"send_rate","rate":296000,"ts":1760457080.013613}
2025/10/14 15:51:21 POLARIS_LOG {"event":"send_rate","rate":304000,"ts":1760457081.0130208}
2025/10/14 15:51:22 POLARIS_LOG {"event":"send_rate","rate":296000,"ts":1760457082.0127559}
2025/10/14 15:51:23 POLARIS_LOG {"event":"send_rate","rate":304000,"ts":1760457083.0130365}
2025/10/14 15:51:24 POLARIS_LOG {"event":"send_rate","rate":296000,"ts":1760457084.012702}
2025/10/14 15:51:25 POLARIS_LOG {"event":"send_rate","rate":304000,"ts":1760457085.0159395}
2025/10/14 15:51:26 POLARIS_LOG {"event":"send_rate","rate":296000,"ts":1760457086.0127015}
2025/10/14 15:51:27 POLARIS_LOG {"event":"send_rate","rate":304000,"ts":1760457087.0120602}
2025/10/14 15:51:28 POLARIS_LOG {"event":"send_rate","rate":296000,"ts":1760457088.012326}
We need to sleep for 1 seconds before we can get the results
2025/10/14 15:51:29 POLARIS_LOG {"event":"send_rate","rate":8000,"ts":1760457089.0120523}
Drain Loop received packet
Drain Loop received non-nil payload
Client sent 11137 packets, server reported 11026 packets received
The network loss rate from client to server is 1.0%

S->C results
Attempted bandwidth: 0 bps / 0.00 Mbps
Achieved bandwidth: 0 bps / 0.00 Mbps
Loss rate: 0.0%
Interarrival time min/avg/max/mdev = -0.000/0.000/0.000/0.000 ms

C->S results
Attempted bandwidth: 299986 bps / 0.30 Mbps
Achieved bandwidth: 296996 bps / 0.30 Mbps
Loss rate: 1.0%
Interarrival time min/avg/max/mdev = 0.002/26.742/555.644/22.998 ms
