
Test parameters:
client->server: 273 seconds, 1000 bytes, 10237 packets
server->client: 273 seconds, 1000 bytes, 0 packets
2025/10/14 15:46:55 POLARIS_LOG {"current_rate":0,"event":"path_switch","new":"2 2 5 2","trigger":"initialization","ts":1760456815.1922977}
Polaris prober initialized with 38 paths
Polaris prober initialized with local 1-111,10.111.0.71:32737 and remote 1-113,10.113.0.71
2025/10/14 15:46:56 POLARIS_LOG {"event":"send_rate","rate":136000,"ts":1760456816.194313}
2025/10/14 15:46:57 POLARIS_LOG {"event":"send_rate","rate":296000,"ts":1760456817.194204}
2025/10/14 15:46:58 POLARIS_LOG {"event":"send_rate","rate":304000,"ts":1760456818.19448}
2025/10/14 15:46:59 POLARIS_LOG {"event":"send_rate","rate":296000,"ts":1760456819.1944273}
2025/10/14 15:47:00 POLARIS_LOG {"event":"send_rate","rate":304000,"ts":1760456820.1944954}
2025/10/14 15:47:01 POLARIS_LOG {"event":"send_rate","rate":232000,"ts":1760456821.19798}
2025/10/14 15:47:02 POLARIS_LOG {"event":"send_rate","rate":240000,"ts":1760456822.1937578}
2025/10/14 15:47:03 POLARIS_LOG {"event":"send_rate","rate":176000,"ts":1760456823.2271907}
2025/10/14 15:47:04 POLARIS_LOG {"event":"send_rate","rate":200000,"ts":1760456824.195705}
2025/10/14 15:47:05 POLARIS_LOG {"candidates":4,"candidates_unfiltered":25,"current_rate":200000,"estimated_share":1000000,"event":"path_switch","max_estimated_share":1000000,"new":"4 4 1 3","old":"2 2 5 2","trigger":"scheduled","ts":1760456825.1952555}
2025/10/14 15:47:05 POLARIS_LOG {"event":"send_rate","rate":208000,"ts":1760456825.19535}
2025/10/14 15:47:06 POLARIS_LOG {"event":"send_rate","rate":744000,"ts":1760456826.2080636}
2025/10/14 15:47:07 POLARIS_LOG {"event":"send_rate","rate":296000,"ts":1760456827.196174}
2025/10/14 15:47:08 POLARIS_LOG {"event":"send_rate","rate":304000,"ts":1760456828.197205}
2025/10/14 15:47:09 POLARIS_LOG {"event":"send_rate","rate":296000,"ts":1760456829.1983237}
2025/10/14 15:47:10 POLARIS_LOG {"event":"send_rate","rate":304000,"ts":1760456830.19414}
2025/10/14 15:47:11 POLARIS_LOG {"event":"send_rate","rate":296000,"ts":1760456831.194358}
2025/10/14 15:47:12 POLARIS_LOG {"event":"send_rate","rate":304000,"ts":1760456832.1942532}
2025/10/14 15:47:13 POLARIS_LOG {"event":"send_rate","rate":296000,"ts":1760456833.1979804}
2025/10/14 15:47:14 POLARIS_LOG {"event":"send_rate","rate":304000,"ts":1760456834.1945827}
2025/10/14 15:47:15 POLARIS_LOG {"event":"send_rate","rate":296000,"ts":1760456835.1942089}
2025/10/14 15:47:16 POLARIS_LOG {"event":"send_rate","rate":304000,"ts":1760456836.2034225}
2025/10/14 15:47:17 POLARIS_LOG {"event":"send_rate","rate":296000,"ts":1760456837.1941855}
2025/10/14 15:47:18 POLARIS_LOG {"event":"send_rate","rate":304000,"ts":1760456838.1946096}
2025/10/14 15:47:19 POLARIS_LOG {"event":"send_rate","rate":296000,"ts":1760456839.1943192}
2025/10/14 15:47:20 POLARIS_LOG {"event":"send_rate","rate":304000,"ts":1760456840.1937835}
2025/10/14 15:47:21 POLARIS_LOG {"event":"send_rate","rate":296000,"ts":1760456841.1937134}
2025/10/14 15:47:22 POLARIS_LOG {"event":"send_rate","rate":296000,"ts":1760456842.194451}
2025/10/14 15:47:23 POLARIS_LOG {"event":"send_rate","rate":304000,"ts":1760456843.194325}
2025/10/14 15:47:24 POLARIS_LOG {"event":"send_rate","rate":280000,"ts":1760456844.2104766}
2025/10/14 15:47:25 POLARIS_LOG {"event":"send_rate","rate":320000,"ts":1760456845.195244}
2025/10/14 15:47:26 POLARIS_LOG {"event":"send_rate","rate":304000,"ts":1760456846.1943426}
2025/10/14 15:47:27 POLARIS_LOG {"event":"send_rate","rate":296000,"ts":1760456847.2059762}
2025/10/14 15:47:28 POLARIS_LOG {"event":"send_rate","rate":304000,"ts":1760456848.1942263}
2025/10/14 15:47:29 POLARIS_LOG {"event":"send_rate","rate":296000,"ts":1760456849.1941507}
2025/10/14 15:47:30 POLARIS_LOG {"event":"send_rate","rate":304000,"ts":1760456850.238668}
2025/10/14 15:47:31 POLARIS_LOG {"event":"send_rate","rate":296000,"ts":1760456851.204467}
2025/10/14 15:47:32 POLARIS_LOG {"event":"send_rate","rate":304000,"ts":1760456852.1948578}
2025/10/14 15:47:33 POLARIS_LOG {"event":"send_rate","rate":296000,"ts":1760456853.2086723}
2025/10/14 15:47:34 POLARIS_LOG {"event":"send_rate","rate":296000,"ts":1760456854.1950028}
2025/10/14 15:47:35 POLARIS_LOG {"event":"send_rate","rate":304000,"ts":1760456855.202324}
2025/10/14 15:47:36 POLARIS_LOG {"event":"send_rate","rate":304000,"ts":1760456856.208097}
2025/10/14 15:47:37 POLARIS_LOG {"event":"send_rate","rate":296000,"ts":1760456857.2078426}
2025/10/14 15:47:38 POLARIS_LOG {"event":"send_rate","rate":304000,"ts":1760456858.1936736}
2025/10/14 15:47:39 POLARIS_LOG {"event":"send_rate","rate":296000,"ts":1760456859.1955907}
2025/10/14 15:47:40 POLARIS_LOG {"event":"send_rate","rate":304000,"ts":1760456860.2361562}
2025/10/14 15:47:41 POLARIS_LOG {"event":"send_rate","rate":304000,"ts":1760456861.2052474}
2025/10/14 15:47:42 POLARIS_LOG {"event":"send_rate","rate":296000,"ts":1760456862.1987224}
2025/10/14 15:47:43 POLARIS_LOG {"event":"send_rate","rate":296000,"ts":1760456863.1953175}
2025/10/14 15:47:44 POLARIS_LOG {"event":"send_rate","rate":304000,"ts":1760456864.194294}
2025/10/14 15:47:45 POLARIS_LOG {"event":"send_rate","rate":296000,"ts":1760456865.1942596}
2025/10/14 15:47:46 POLARIS_LOG {"event":"send_rate","rate":304000,"ts":1760456866.194487}
2025/10/14 15:47:47 POLARIS_LOG {"event":"send_rate","rate":296000,"ts":1760456867.2022538}
2025/10/14 15:47:48 POLARIS_LOG {"event":"send_rate","rate":304000,"ts":1760456868.1941195}
2025/10/14 15:47:49 POLARIS_LOG {"event":"send_rate","rate":312000,"ts":1760456869.2319703}
2025/10/14 15:47:50 POLARIS_LOG {"event":"send_rate","rate":288000,"ts":1760456870.1945753}
2025/10/14 15:47:51 POLARIS_LOG {"event":"send_rate","rate":296000,"ts":1760456871.1950734}
2025/10/14 15:47:52 POLARIS_LOG {"event":"send_rate","rate":304000,"ts":1760456872.1944587}
2025/10/14 15:47:53 POLARIS_LOG {"event":"send_rate","rate":296000,"ts":1760456873.2146575}
2025/10/14 15:47:54 POLARIS_LOG {"event":"send_rate","rate":304000,"ts":1760456874.1948183}
2025/10/14 15:47:55 POLARIS_LOG {"event":"send_rate","rate":296000,"ts":1760456875.194951}
2025/10/14 15:47:56 POLARIS_LOG {"event":"send_rate","rate":304000,"ts":1760456876.2181373}
2025/10/14 15:47:57 POLARIS_LOG {"event":"send_rate","rate":296000,"ts":1760456877.1938941}
2025/10/14 15:47:58 POLARIS_LOG {"event":"send_rate","rate":304000,"ts":1760456878.1939394}
2025/10/14 15:47:59 POLARIS_LOG {"event":"send_rate","rate":296000,"ts":1760456879.1945608}
2025/10/14 15:48:00 POLARIS_LOG {"event":"send_rate","rate":304000,"ts":1760456880.2001996}
2025/10/14 15:48:01 POLARIS_LOG {"event":"send_rate","rate":304000,"ts":1760456881.2188969}
2025/10/14 15:48:02 POLARIS_LOG {"event":"send_rate","rate":296000,"ts":1760456882.1949391}
2025/10/14 15:48:03 POLARIS_LOG {"event":"send_rate","rate":296000,"ts":1760456883.1943357}
2025/10/14 15:48:04 POLARIS_LOG {"event":"send_rate","rate":280000,"ts":1760456884.2360356}
2025/10/14 15:48:05 POLARIS_LOG {"event":"send_rate","rate":320000,"ts":1760456885.2042577}
2025/10/14 15:48:06 POLARIS_LOG {"event":"send_rate","rate":296000,"ts":1760456886.205126}
2025/10/14 15:48:07 POLARIS_LOG {"event":"send_rate","rate":304000,"ts":1760456887.1946342}
2025/10/14 15:48:08 POLARIS_LOG {"event":"send_rate","rate":296000,"ts":1760456888.1945367}
2025/10/14 15:48:09 POLARIS_LOG {"event":"send_rate","rate":312000,"ts":1760456889.2339654}
2025/10/14 15:48:10 POLARIS_LOG {"event":"send_rate","rate":304000,"ts":1760456890.2369926}
2025/10/14 15:48:11 POLARIS_LOG {"event":"send_rate","rate":288000,"ts":1760456891.1951792}
2025/10/14 15:48:12 POLARIS_LOG {"event":"send_rate","rate":304000,"ts":1760456892.1961071}
2025/10/14 15:48:13 POLARIS_LOG {"event":"send_rate","rate":296000,"ts":1760456893.194403}
2025/10/14 15:48:14 POLARIS_LOG {"event":"send_rate","rate":296000,"ts":1760456894.1947632}
2025/10/14 15:48:15 POLARIS_LOG {"event":"send_rate","rate":304000,"ts":1760456895.2073746}
2025/10/14 15:48:16 POLARIS_LOG {"event":"send_rate","rate":296000,"ts":1760456896.1940663}
2025/10/14 15:48:17 POLARIS_LOG {"event":"send_rate","rate":304000,"ts":1760456897.1984396}
2025/10/14 15:48:18 POLARIS_LOG {"event":"send_rate","rate":304000,"ts":1760456898.2066393}
2025/10/14 15:48:19 POLARIS_LOG {"event":"send_rate","rate":304000,"ts":1760456899.2135344}
2025/10/14 15:48:20 POLARIS_LOG {"event":"send_rate","rate":288000,"ts":1760456900.1938858}
2025/10/14 15:48:21 POLARIS_LOG {"event":"send_rate","rate":304000,"ts":1760456901.1995313}
2025/10/14 15:48:22 POLARIS_LOG {"event":"send_rate","rate":232000,"ts":1760456902.200276}
2025/10/14 15:48:23 POLARIS_LOG {"event":"send_rate","rate":224000,"ts":1760456903.2009578}
2025/10/14 15:48:24 POLARIS_LOG {"event":"send_rate","rate":176000,"ts":1760456904.194369}
Skipping switch: current path 4 4 1 3 has lastEstimate 285750 >= maxEstimate 0
2025/10/14 15:48:25 POLARIS_LOG {"event":"send_rate","rate":224000,"ts":1760456905.1938357}
2025/10/14 15:48:26 POLARIS_LOG {"event":"send_rate","rate":288000,"ts":1760456906.1939204}
2025/10/14 15:48:27 POLARIS_LOG {"event":"send_rate","rate":248000,"ts":1760456907.1945724}
2025/10/14 15:48:28 POLARIS_LOG {"event":"send_rate","rate":192000,"ts":1760456908.1969135}
2025/10/14 15:48:29 POLARIS_LOG {"event":"send_rate","rate":240000,"ts":1760456909.2179801}
2025/10/14 15:48:30 POLARIS_LOG {"event":"send_rate","rate":376000,"ts":1760456910.195066}
2025/10/14 15:48:31 POLARIS_LOG {"event":"send_rate","rate":352000,"ts":1760456911.2113037}
2025/10/14 15:48:32 POLARIS_LOG {"event":"send_rate","rate":360000,"ts":1760456912.1989572}
2025/10/14 15:48:33 POLARIS_LOG {"event":"send_rate","rate":184000,"ts":1760456913.1946344}
2025/10/14 15:48:34 POLARIS_LOG {"event":"send_rate","rate":328000,"ts":1760456914.195175}
2025/10/14 15:48:35 POLARIS_LOG {"event":"send_rate","rate":376000,"ts":1760456915.1947825}
2025/10/14 15:48:36 POLARIS_LOG {"event":"send_rate","rate":336000,"ts":1760456916.1960216}
2025/10/14 15:48:37 POLARIS_LOG {"event":"send_rate","rate":312000,"ts":1760456917.194238}
2025/10/14 15:48:38 POLARIS_LOG {"event":"send_rate","rate":240000,"ts":1760456918.2197254}
2025/10/14 15:48:39 POLARIS_LOG {"event":"send_rate","rate":296000,"ts":1760456919.1954262}
2025/10/14 15:48:40 POLARIS_LOG {"event":"send_rate","rate":320000,"ts":1760456920.194194}
2025/10/14 15:48:41 POLARIS_LOG {"event":"send_rate","rate":192000,"ts":1760456921.1940455}
2025/10/14 15:48:42 POLARIS_LOG {"event":"send_rate","rate":320000,"ts":1760456922.1944969}
2025/10/14 15:48:43 POLARIS_LOG {"event":"send_rate","rate":296000,"ts":1760456923.1950982}
2025/10/14 15:48:44 POLARIS_LOG {"event":"send_rate","rate":320000,"ts":1760456924.1949754}
2025/10/14 15:48:45 POLARIS_LOG {"event":"send_rate","rate":312000,"ts":1760456925.217411}
2025/10/14 15:48:46 POLARIS_LOG {"event":"send_rate","rate":328000,"ts":1760456926.1938353}
2025/10/14 15:48:47 POLARIS_LOG {"event":"send_rate","rate":448000,"ts":1760456927.1979043}
2025/10/14 15:48:48 POLARIS_LOG {"event":"send_rate","rate":336000,"ts":1760456928.1945164}
2025/10/14 15:48:49 POLARIS_LOG {"event":"send_rate","rate":400000,"ts":1760456929.207598}
2025/10/14 15:48:50 POLARIS_LOG {"event":"send_rate","rate":392000,"ts":1760456930.1994221}
2025/10/14 15:48:51 POLARIS_LOG {"event":"send_rate","rate":256000,"ts":1760456931.1999495}
2025/10/14 15:48:52 POLARIS_LOG {"event":"send_rate","rate":208000,"ts":1760456932.199313}
2025/10/14 15:48:53 POLARIS_LOG {"event":"send_rate","rate":200000,"ts":1760456933.1947856}
2025/10/14 15:48:54 POLARIS_LOG {"event":"send_rate","rate":312000,"ts":1760456934.193999}
2025/10/14 15:48:55 POLARIS_LOG {"event":"send_rate","rate":304000,"ts":1760456935.218399}
2025/10/14 15:48:56 POLARIS_LOG {"event":"send_rate","rate":336000,"ts":1760456936.228849}
2025/10/14 15:48:57 POLARIS_LOG {"event":"send_rate","rate":264000,"ts":1760456937.199748}
2025/10/14 15:48:58 POLARIS_LOG {"event":"send_rate","rate":224000,"ts":1760456938.1944137}
2025/10/14 15:48:59 POLARIS_LOG {"event":"send_rate","rate":136000,"ts":1760456939.1946115}
2025/10/14 15:49:00 POLARIS_LOG {"event":"send_rate","rate":240000,"ts":1760456940.1966057}
2025/10/14 15:49:01 POLARIS_LOG {"event":"send_rate","rate":200000,"ts":1760456941.194572}
2025/10/14 15:49:02 POLARIS_LOG {"event":"send_rate","rate":200000,"ts":1760456942.1981792}
2025/10/14 15:49:03 POLARIS_LOG {"event":"send_rate","rate":304000,"ts":1760456943.1969101}
2025/10/14 15:49:04 POLARIS_LOG {"event":"send_rate","rate":216000,"ts":1760456944.1956081}
2025/10/14 15:49:05 POLARIS_LOG {"event":"send_rate","rate":288000,"ts":1760456945.1955183}
Skipping switch: current path 4 4 1 3 has lastEstimate 333250 >= maxEstimate 0
2025/10/14 15:49:06 POLARIS_LOG {"event":"send_rate","rate":360000,"ts":1760456946.194454}
2025/10/14 15:49:07 POLARIS_LOG {"event":"send_rate","rate":248000,"ts":1760456947.2073104}
2025/10/14 15:49:08 POLARIS_LOG {"event":"send_rate","rate":288000,"ts":1760456948.2011838}
2025/10/14 15:49:09 POLARIS_LOG {"event":"send_rate","rate":288000,"ts":1760456949.1941779}
2025/10/14 15:49:10 POLARIS_LOG {"event":"send_rate","rate":304000,"ts":1760456950.1944146}
2025/10/14 15:49:11 POLARIS_LOG {"event":"send_rate","rate":272000,"ts":1760456951.2168078}
2025/10/14 15:49:12 POLARIS_LOG {"event":"send_rate","rate":336000,"ts":1760456952.2249577}
2025/10/14 15:49:13 POLARIS_LOG {"event":"send_rate","rate":368000,"ts":1760456953.196619}
2025/10/14 15:49:14 POLARIS_LOG {"event":"send_rate","rate":288000,"ts":1760456954.2496371}
Skipping switch: current path 4 4 1 3 has lastEstimate 333250 >= maxEstimate 0
2025/10/14 15:49:15 POLARIS_LOG {"event":"send_rate","rate":432000,"ts":1760456955.2298982}
2025/10/14 15:49:16 POLARIS_LOG {"event":"send_rate","rate":336000,"ts":1760456956.194462}
2025/10/14 15:49:17 POLARIS_LOG {"event":"send_rate","rate":328000,"ts":1760456957.1943417}
2025/10/14 15:49:18 POLARIS_LOG {"event":"send_rate","rate":216000,"ts":1760456958.1952183}
2025/10/14 15:49:19 POLARIS_LOG {"event":"send_rate","rate":368000,"ts":1760456959.1949806}
2025/10/14 15:49:20 POLARIS_LOG {"event":"send_rate","rate":368000,"ts":1760456960.195067}
2025/10/14 15:49:21 POLARIS_LOG {"event":"send_rate","rate":472000,"ts":1760456961.1954763}
2025/10/14 15:49:22 POLARIS_LOG {"event":"send_rate","rate":392000,"ts":1760456962.1941338}
2025/10/14 15:49:23 POLARIS_LOG {"event":"send_rate","rate":392000,"ts":1760456963.2161524}
2025/10/14 15:49:24 POLARIS_LOG {"event":"send_rate","rate":224000,"ts":1760456964.2006118}
Skipping switch: current path 4 4 1 3 has lastEstimate 333250 >= maxEstimate 0
2025/10/14 15:49:25 POLARIS_LOG {"event":"send_rate","rate":232000,"ts":1760456965.1957643}
2025/10/14 15:49:26 POLARIS_LOG {"event":"send_rate","rate":216000,"ts":1760456966.2060175}
2025/10/14 15:49:27 POLARIS_LOG {"event":"send_rate","rate":248000,"ts":1760456967.194948}
2025/10/14 15:49:28 POLARIS_LOG {"event":"send_rate","rate":224000,"ts":1760456968.2367651}
2025/10/14 15:49:29 POLARIS_LOG {"event":"send_rate","rate":312000,"ts":1760456969.3153396}
2025/10/14 15:49:30 POLARIS_LOG {"event":"send_rate","rate":304000,"ts":1760456970.193745}
2025/10/14 15:49:31 POLARIS_LOG {"event":"send_rate","rate":448000,"ts":1760456971.1938488}
2025/10/14 15:49:32 POLARIS_LOG {"event":"send_rate","rate":304000,"ts":1760456972.2072535}
2025/10/14 15:49:33 POLARIS_LOG {"event":"send_rate","rate":304000,"ts":1760456973.193745}
2025/10/14 15:49:34 POLARIS_LOG {"event":"send_rate","rate":360000,"ts":1760456974.204639}
2025/10/14 15:49:35 POLARIS_LOG {"event":"send_rate","rate":344000,"ts":1760456975.1992893}
2025/10/14 15:49:36 POLARIS_LOG {"event":"send_rate","rate":488000,"ts":1760456976.1969268}
2025/10/14 15:49:37 POLARIS_LOG {"event":"send_rate","rate":336000,"ts":1760456977.19447}
2025/10/14 15:49:38 POLARIS_LOG {"event":"send_rate","rate":312000,"ts":1760456978.1950898}
2025/10/14 15:49:39 POLARIS_LOG {"event":"send_rate","rate":352000,"ts":1760456979.1996703}
2025/10/14 15:49:40 POLARIS_LOG {"event":"send_rate","rate":296000,"ts":1760456980.1948004}
2025/10/14 15:49:41 POLARIS_LOG {"event":"send_rate","rate":304000,"ts":1760456981.2002687}
2025/10/14 15:49:42 POLARIS_LOG {"event":"send_rate","rate":296000,"ts":1760456982.1948009}
2025/10/14 15:49:43 POLARIS_LOG {"event":"send_rate","rate":304000,"ts":1760456983.2066648}
2025/10/14 15:49:44 POLARIS_LOG {"event":"send_rate","rate":296000,"ts":1760456984.2015624}
2025/10/14 15:49:45 POLARIS_LOG {"event":"send_rate","rate":296000,"ts":1760456985.1941519}
2025/10/14 15:49:46 POLARIS_LOG {"event":"send_rate","rate":288000,"ts":1760456986.2009928}
2025/10/14 15:49:47 POLARIS_LOG {"event":"send_rate","rate":312000,"ts":1760456987.1939478}
2025/10/14 15:49:48 POLARIS_LOG {"event":"send_rate","rate":304000,"ts":1760456988.1949816}
2025/10/14 15:49:49 POLARIS_LOG {"event":"send_rate","rate":288000,"ts":1760456989.1940322}
2025/10/14 15:49:50 POLARIS_LOG {"event":"send_rate","rate":312000,"ts":1760456990.1968021}
2025/10/14 15:49:51 POLARIS_LOG {"event":"send_rate","rate":296000,"ts":1760456991.1937692}
2025/10/14 15:49:52 POLARIS_LOG {"event":"send_rate","rate":304000,"ts":1760456992.1943836}
2025/10/14 15:49:53 POLARIS_LOG {"event":"send_rate","rate":328000,"ts":1760456993.28773}
2025/10/14 15:49:54 POLARIS_LOG {"event":"send_rate","rate":272000,"ts":1760456994.1952913}
Skipping switch: current path 4 4 1 3 has lastEstimate 333250 >= maxEstimate 0
2025/10/14 15:49:55 POLARIS_LOG {"event":"send_rate","rate":296000,"ts":1760456995.200003}
2025/10/14 15:49:56 POLARIS_LOG {"event":"send_rate","rate":304000,"ts":1760456996.1945145}
2025/10/14 15:49:57 POLARIS_LOG {"event":"send_rate","rate":272000,"ts":1760456997.194377}
2025/10/14 15:49:58 POLARIS_LOG {"event":"send_rate","rate":280000,"ts":1760456998.1947305}
2025/10/14 15:49:59 POLARIS_LOG {"event":"send_rate","rate":344000,"ts":1760456999.2000303}
2025/10/14 15:50:00 POLARIS_LOG {"event":"send_rate","rate":264000,"ts":1760457000.1997538}
2025/10/14 15:50:01 POLARIS_LOG {"event":"send_rate","rate":176000,"ts":1760457001.1953175}
2025/10/14 15:50:02 POLARIS_LOG {"event":"send_rate","rate":200000,"ts":1760457002.194615}
2025/10/14 15:50:03 POLARIS_LOG {"event":"send_rate","rate":272000,"ts":1760457003.194516}
2025/10/14 15:50:04 POLARIS_LOG {"event":"send_rate","rate":336000,"ts":1760457004.19553}
2025/10/14 15:50:05 POLARIS_LOG {"event":"send_rate","rate":416000,"ts":1760457005.1936698}
2025/10/14 15:50:06 POLARIS_LOG {"event":"send_rate","rate":320000,"ts":1760457006.194282}
2025/10/14 15:50:07 POLARIS_LOG {"event":"send_rate","rate":416000,"ts":1760457007.1957521}
2025/10/14 15:50:08 POLARIS_LOG {"event":"send_rate","rate":304000,"ts":1760457008.1978304}
2025/10/14 15:50:09 POLARIS_LOG {"event":"send_rate","rate":296000,"ts":1760457009.1943128}
2025/10/14 15:50:10 POLARIS_LOG {"event":"send_rate","rate":304000,"ts":1760457010.1952524}
2025/10/14 15:50:11 POLARIS_LOG {"event":"send_rate","rate":304000,"ts":1760457011.2209241}
2025/10/14 15:50:12 POLARIS_LOG {"event":"send_rate","rate":296000,"ts":1760457012.1968648}
2025/10/14 15:50:13 POLARIS_LOG {"event":"send_rate","rate":296000,"ts":1760457013.1944082}
2025/10/14 15:50:14 POLARIS_LOG {"event":"send_rate","rate":304000,"ts":1760457014.1954494}
2025/10/14 15:50:15 POLARIS_LOG {"event":"send_rate","rate":296000,"ts":1760457015.1943133}
2025/10/14 15:50:16 POLARIS_LOG {"event":"send_rate","rate":304000,"ts":1760457016.194429}
2025/10/14 15:50:17 POLARIS_LOG {"event":"send_rate","rate":296000,"ts":1760457017.1942832}
2025/10/14 15:50:18 POLARIS_LOG {"event":"send_rate","rate":304000,"ts":1760457018.2060122}
2025/10/14 15:50:19 POLARIS_LOG {"event":"send_rate","rate":296000,"ts":1760457019.1946044}
2025/10/14 15:50:20 POLARIS_LOG {"event":"send_rate","rate":304000,"ts":1760457020.2011867}
2025/10/14 15:50:21 POLARIS_LOG {"event":"send_rate","rate":296000,"ts":1760457021.1979115}
2025/10/14 15:50:22 POLARIS_LOG {"event":"send_rate","rate":304000,"ts":1760457022.1974134}
2025/10/14 15:50:23 POLARIS_LOG {"event":"send_rate","rate":264000,"ts":1760457023.1946883}
2025/10/14 15:50:24 POLARIS_LOG {"event":"send_rate","rate":288000,"ts":1760457024.1939888}
2025/10/14 15:50:25 POLARIS_LOG {"event":"send_rate","rate":344000,"ts":1760457025.1941063}
2025/10/14 15:50:26 POLARIS_LOG {"event":"send_rate","rate":304000,"ts":1760457026.1949353}
2025/10/14 15:50:27 POLARIS_LOG {"event":"send_rate","rate":296000,"ts":1760457027.195212}
2025/10/14 15:50:28 POLARIS_LOG {"event":"send_rate","rate":304000,"ts":1760457028.2035995}
2025/10/14 15:50:29 POLARIS_LOG {"event":"send_rate","rate":296000,"ts":1760457029.194293}
2025/10/14 15:50:30 POLARIS_LOG {"event":"send_rate","rate":296000,"ts":1760457030.20358}
2025/10/14 15:50:31 POLARIS_LOG {"event":"send_rate","rate":304000,"ts":1760457031.1952214}
2025/10/14 15:50:32 POLARIS_LOG {"event":"send_rate","rate":304000,"ts":1760457032.1946638}
2025/10/14 15:50:33 POLARIS_LOG {"event":"send_rate","rate":288000,"ts":1760457033.2023115}
2025/10/14 15:50:34 POLARIS_LOG {"event":"send_rate","rate":312000,"ts":1760457034.2096798}
2025/10/14 15:50:35 POLARIS_LOG {"event":"send_rate","rate":296000,"ts":1760457035.2015731}
2025/10/14 15:50:36 POLARIS_LOG {"event":"send_rate","rate":240000,"ts":1760457036.2636316}
2025/10/14 15:50:37 POLARIS_LOG {"event":"send_rate","rate":200000,"ts":1760457037.1947997}
2025/10/14 15:50:38 POLARIS_LOG {"event":"send_rate","rate":256000,"ts":1760457038.208274}
2025/10/14 15:50:39 POLARIS_LOG {"event":"send_rate","rate":208000,"ts":1760457039.193856}
2025/10/14 15:50:40 POLARIS_LOG {"event":"send_rate","rate":200000,"ts":1760457040.1980574}
2025/10/14 15:50:41 POLARIS_LOG {"event":"send_rate","rate":224000,"ts":1760457041.2005508}
2025/10/14 15:50:42 POLARIS_LOG {"event":"send_rate","rate":192000,"ts":1760457042.1947029}
2025/10/14 15:50:43 POLARIS_LOG {"event":"send_rate","rate":328000,"ts":1760457043.1941855}
2025/10/14 15:50:44 POLARIS_LOG {"event":"send_rate","rate":344000,"ts":1760457044.1940663}
2025/10/14 15:50:45 POLARIS_LOG {"event":"send_rate","rate":344000,"ts":1760457045.1991584}
2025/10/14 15:50:46 POLARIS_LOG {"event":"send_rate","rate":368000,"ts":1760457046.1954544}
2025/10/14 15:50:47 POLARIS_LOG {"event":"send_rate","rate":400000,"ts":1760457047.2040133}
2025/10/14 15:50:48 POLARIS_LOG {"event":"send_rate","rate":408000,"ts":1760457048.2082593}
2025/10/14 15:50:49 POLARIS_LOG {"event":"send_rate","rate":496000,"ts":1760457049.2312713}
2025/10/14 15:50:50 POLARIS_LOG {"event":"send_rate","rate":296000,"ts":1760457050.2063096}
2025/10/14 15:50:51 POLARIS_LOG {"event":"send_rate","rate":296000,"ts":1760457051.1945133}
2025/10/14 15:50:52 POLARIS_LOG {"event":"send_rate","rate":304000,"ts":1760457052.205688}
2025/10/14 15:50:53 POLARIS_LOG {"event":"send_rate","rate":288000,"ts":1760457053.2088737}
2025/10/14 15:50:54 POLARIS_LOG {"event":"send_rate","rate":312000,"ts":1760457054.1944947}
2025/10/14 15:50:55 POLARIS_LOG {"event":"send_rate","rate":296000,"ts":1760457055.1942878}
2025/10/14 15:50:56 POLARIS_LOG {"event":"send_rate","rate":304000,"ts":1760457056.197464}
2025/10/14 15:50:57 POLARIS_LOG {"event":"send_rate","rate":288000,"ts":1760457057.2020798}
2025/10/14 15:50:58 POLARIS_LOG {"event":"send_rate","rate":320000,"ts":1760457058.2403738}
2025/10/14 15:50:59 POLARIS_LOG {"event":"send_rate","rate":288000,"ts":1760457059.1947129}
2025/10/14 15:51:00 POLARIS_LOG {"event":"send_rate","rate":304000,"ts":1760457060.1937056}
2025/10/14 15:51:01 POLARIS_LOG {"event":"send_rate","rate":296000,"ts":1760457061.1944764}
2025/10/14 15:51:02 POLARIS_LOG {"event":"send_rate","rate":304000,"ts":1760457062.1941245}
2025/10/14 15:51:03 POLARIS_LOG {"event":"send_rate","rate":296000,"ts":1760457063.207344}
2025/10/14 15:51:04 POLARIS_LOG {"event":"send_rate","rate":304000,"ts":1760457064.200907}
2025/10/14 15:51:05 POLARIS_LOG {"event":"send_rate","rate":296000,"ts":1760457065.194955}
2025/10/14 15:51:06 POLARIS_LOG {"event":"send_rate","rate":304000,"ts":1760457066.1954784}
2025/10/14 15:51:07 POLARIS_LOG {"event":"send_rate","rate":296000,"ts":1760457067.196147}
2025/10/14 15:51:08 POLARIS_LOG {"event":"send_rate","rate":304000,"ts":1760457068.1969018}
2025/10/14 15:51:09 POLARIS_LOG {"event":"send_rate","rate":304000,"ts":1760457069.2201223}
2025/10/14 15:51:10 POLARIS_LOG {"event":"send_rate","rate":288000,"ts":1760457070.206973}
2025/10/14 15:51:11 POLARIS_LOG {"event":"send_rate","rate":304000,"ts":1760457071.2024097}
2025/10/14 15:51:12 POLARIS_LOG {"event":"send_rate","rate":304000,"ts":1760457072.2002256}
2025/10/14 15:51:13 POLARIS_LOG {"event":"send_rate","rate":296000,"ts":1760457073.1955857}
2025/10/14 15:51:14 POLARIS_LOG {"event":"send_rate","rate":304000,"ts":1760457074.1983476}
2025/10/14 15:51:15 POLARIS_LOG {"event":"send_rate","rate":296000,"ts":1760457075.1939657}
2025/10/14 15:51:16 POLARIS_LOG {"event":"send_rate","rate":296000,"ts":1760457076.19821}
2025/10/14 15:51:17 POLARIS_LOG {"event":"send_rate","rate":320000,"ts":1760457077.2361557}
2025/10/14 15:51:18 POLARIS_LOG {"event":"send_rate","rate":288000,"ts":1760457078.1958559}
2025/10/14 15:51:19 POLARIS_LOG {"event":"send_rate","rate":288000,"ts":1760457079.2073526}
2025/10/14 15:51:20 POLARIS_LOG {"event":"send_rate","rate":312000,"ts":1760457080.1999843}
2025/10/14 15:51:21 POLARIS_LOG {"event":"send_rate","rate":296000,"ts":1760457081.1941922}
2025/10/14 15:51:22 POLARIS_LOG {"event":"send_rate","rate":304000,"ts":1760457082.2088974}
2025/10/14 15:51:23 POLARIS_LOG {"event":"send_rate","rate":296000,"ts":1760457083.1944146}
2025/10/14 15:51:24 POLARIS_LOG {"event":"send_rate","rate":296000,"ts":1760457084.1939018}
2025/10/14 15:51:25 POLARIS_LOG {"event":"send_rate","rate":304000,"ts":1760457085.195037}
2025/10/14 15:51:26 POLARIS_LOG {"event":"send_rate","rate":296000,"ts":1760457086.204929}
2025/10/14 15:51:27 POLARIS_LOG {"event":"send_rate","rate":296000,"ts":1760457087.1967475}
2025/10/14 15:51:28 POLARIS_LOG {"event":"send_rate","rate":312000,"ts":1760457088.198661}
We need to sleep for 1 seconds before we can get the results
2025/10/14 15:51:29 POLARIS_LOG {"event":"send_rate","rate":168000,"ts":1760457089.1955085}
Drain Loop received packet
Drain Loop received non-nil payload
Client sent 10237 packets, server reported 10115 packets received
The network loss rate from client to server is 1.2%

S->C results
Attempted bandwidth: 0 bps / 0.00 Mbps
Achieved bandwidth: 0 bps / 0.00 Mbps
Loss rate: 0.0%
Interarrival time min/avg/max/mdev = -0.000/0.000/0.000/0.000 ms

C->S results
Attempted bandwidth: 299985 bps / 0.30 Mbps
Achieved bandwidth: 296410 bps / 0.30 Mbps
Loss rate: 1.2%
Interarrival time min/avg/max/mdev = 0.002/26.884/519.952/22.205 ms
