
Test parameters:
client->server: 282 seconds, 1000 bytes, 10575 packets
server->client: 282 seconds, 1000 bytes, 0 packets
2025/10/14 15:46:46 POLARIS_LOG {"current_rate":0,"event":"path_switch","new":"2 2 5 2","trigger":"initialization","ts":1760456806.166618}
Polaris prober initialized with 38 paths
Polaris prober initialized with local 1-111,10.111.0.71:32746 and remote 1-113,10.113.0.71
2025/10/14 15:46:47 POLARIS_LOG {"event":"send_rate","rate":304000,"ts":1760456807.1674745}
2025/10/14 15:46:48 POLARIS_LOG {"event":"send_rate","rate":296000,"ts":1760456808.167899}
2025/10/14 15:46:49 POLARIS_LOG {"event":"send_rate","rate":304000,"ts":1760456809.1680937}
2025/10/14 15:46:50 POLARIS_LOG {"event":"send_rate","rate":304000,"ts":1760456810.1767912}
2025/10/14 15:46:51 POLARIS_LOG {"event":"send_rate","rate":296000,"ts":1760456811.1703687}
2025/10/14 15:46:52 POLARIS_LOG {"event":"send_rate","rate":296000,"ts":1760456812.168285}
2025/10/14 15:46:53 POLARIS_LOG {"event":"send_rate","rate":304000,"ts":1760456813.1713192}
2025/10/14 15:46:54 POLARIS_LOG {"event":"send_rate","rate":296000,"ts":1760456814.1697505}
2025/10/14 15:46:55 POLARIS_LOG {"event":"send_rate","rate":304000,"ts":1760456815.167659}
2025/10/14 15:46:56 POLARIS_LOG {"event":"send_rate","rate":296000,"ts":1760456816.1676764}
2025/10/14 15:46:57 POLARIS_LOG {"event":"send_rate","rate":304000,"ts":1760456817.1678352}
2025/10/14 15:46:58 POLARIS_LOG {"event":"send_rate","rate":296000,"ts":1760456818.1687572}
2025/10/14 15:46:59 POLARIS_LOG {"event":"send_rate","rate":304000,"ts":1760456819.1696224}
2025/10/14 15:47:00 POLARIS_LOG {"event":"send_rate","rate":296000,"ts":1760456820.1686025}
2025/10/14 15:47:01 POLARIS_LOG {"event":"send_rate","rate":280000,"ts":1760456821.1679707}
2025/10/14 15:47:02 POLARIS_LOG {"event":"send_rate","rate":208000,"ts":1760456822.1682308}
2025/10/14 15:47:03 POLARIS_LOG {"event":"send_rate","rate":216000,"ts":1760456823.1680148}
2025/10/14 15:47:04 POLARIS_LOG {"event":"send_rate","rate":240000,"ts":1760456824.1684759}
2025/10/14 15:47:05 POLARIS_LOG {"event":"send_rate","rate":168000,"ts":1760456825.1674435}
2025/10/14 15:47:06 POLARIS_LOG {"event":"send_rate","rate":208000,"ts":1760456826.175412}
2025/10/14 15:47:06 POLARIS_LOG {"candidates":4,"candidates_unfiltered":25,"current_rate":208000,"estimated_share":1000000,"event":"path_switch","max_estimated_share":1000000,"new":"4 4 1 3","old":"2 2 5 2","trigger":"scheduled","ts":1760456826.1837344}
2025/10/14 15:47:07 POLARIS_LOG {"event":"send_rate","rate":784000,"ts":1760456827.168945}
2025/10/14 15:47:08 POLARIS_LOG {"event":"send_rate","rate":296000,"ts":1760456828.1677027}
2025/10/14 15:47:09 POLARIS_LOG {"event":"send_rate","rate":304000,"ts":1760456829.1682956}
2025/10/14 15:47:10 POLARIS_LOG {"event":"send_rate","rate":296000,"ts":1760456830.1679573}
2025/10/14 15:47:11 POLARIS_LOG {"event":"send_rate","rate":304000,"ts":1760456831.167377}
2025/10/14 15:47:12 POLARIS_LOG {"event":"send_rate","rate":296000,"ts":1760456832.170107}
2025/10/14 15:47:13 POLARIS_LOG {"event":"send_rate","rate":304000,"ts":1760456833.172728}
2025/10/14 15:47:14 POLARIS_LOG {"event":"send_rate","rate":296000,"ts":1760456834.1684897}
2025/10/14 15:47:15 POLARIS_LOG {"event":"send_rate","rate":304000,"ts":1760456835.1683497}
2025/10/14 15:47:16 POLARIS_LOG {"event":"send_rate","rate":312000,"ts":1760456836.2155144}
2025/10/14 15:47:17 POLARIS_LOG {"event":"send_rate","rate":288000,"ts":1760456837.1691275}
2025/10/14 15:47:18 POLARIS_LOG {"event":"send_rate","rate":296000,"ts":1760456838.1690984}
2025/10/14 15:47:19 POLARIS_LOG {"event":"send_rate","rate":304000,"ts":1760456839.1679208}
2025/10/14 15:47:20 POLARIS_LOG {"event":"send_rate","rate":296000,"ts":1760456840.1697426}
2025/10/14 15:47:21 POLARIS_LOG {"event":"send_rate","rate":304000,"ts":1760456841.1700559}
2025/10/14 15:47:22 POLARIS_LOG {"event":"send_rate","rate":296000,"ts":1760456842.1682081}
2025/10/14 15:47:23 POLARIS_LOG {"event":"send_rate","rate":304000,"ts":1760456843.1690493}
2025/10/14 15:47:24 POLARIS_LOG {"event":"send_rate","rate":296000,"ts":1760456844.167677}
2025/10/14 15:47:25 POLARIS_LOG {"event":"send_rate","rate":296000,"ts":1760456845.1768003}
2025/10/14 15:47:26 POLARIS_LOG {"event":"send_rate","rate":304000,"ts":1760456846.1677992}
2025/10/14 15:47:27 POLARIS_LOG {"event":"send_rate","rate":304000,"ts":1760456847.1714692}
2025/10/14 15:47:28 POLARIS_LOG {"event":"send_rate","rate":296000,"ts":1760456848.167635}
2025/10/14 15:47:29 POLARIS_LOG {"event":"send_rate","rate":304000,"ts":1760456849.167914}
2025/10/14 15:47:30 POLARIS_LOG {"event":"send_rate","rate":296000,"ts":1760456850.2437162}
2025/10/14 15:47:31 POLARIS_LOG {"event":"send_rate","rate":304000,"ts":1760456851.1681998}
2025/10/14 15:47:32 POLARIS_LOG {"event":"send_rate","rate":296000,"ts":1760456852.1692677}
2025/10/14 15:47:33 POLARIS_LOG {"event":"send_rate","rate":296000,"ts":1760456853.1677}
2025/10/14 15:47:34 POLARIS_LOG {"event":"send_rate","rate":304000,"ts":1760456854.168025}
2025/10/14 15:47:35 POLARIS_LOG {"event":"send_rate","rate":296000,"ts":1760456855.1773875}
2025/10/14 15:47:36 POLARIS_LOG {"event":"send_rate","rate":312000,"ts":1760456856.180639}
2025/10/14 15:47:37 POLARIS_LOG {"event":"send_rate","rate":296000,"ts":1760456857.1676407}
2025/10/14 15:47:38 POLARIS_LOG {"event":"send_rate","rate":296000,"ts":1760456858.168405}
2025/10/14 15:47:39 POLARIS_LOG {"event":"send_rate","rate":296000,"ts":1760456859.168864}
2025/10/14 15:47:40 POLARIS_LOG {"event":"send_rate","rate":304000,"ts":1760456860.1692116}
2025/10/14 15:47:41 POLARIS_LOG {"event":"send_rate","rate":304000,"ts":1760456861.167557}
2025/10/14 15:47:42 POLARIS_LOG {"event":"send_rate","rate":296000,"ts":1760456862.176003}
2025/10/14 15:47:43 POLARIS_LOG {"event":"send_rate","rate":288000,"ts":1760456863.178356}
2025/10/14 15:47:44 POLARIS_LOG {"event":"send_rate","rate":312000,"ts":1760456864.1681604}
2025/10/14 15:47:45 POLARIS_LOG {"event":"send_rate","rate":304000,"ts":1760456865.1688404}
2025/10/14 15:47:46 POLARIS_LOG {"event":"send_rate","rate":296000,"ts":1760456866.1685855}
2025/10/14 15:47:47 POLARIS_LOG {"event":"send_rate","rate":304000,"ts":1760456867.1771753}
2025/10/14 15:47:48 POLARIS_LOG {"event":"send_rate","rate":296000,"ts":1760456868.16864}
2025/10/14 15:47:49 POLARIS_LOG {"event":"send_rate","rate":296000,"ts":1760456869.1761234}
2025/10/14 15:47:50 POLARIS_LOG {"event":"send_rate","rate":304000,"ts":1760456870.1674483}
2025/10/14 15:47:51 POLARIS_LOG {"event":"send_rate","rate":304000,"ts":1760456871.1680331}
2025/10/14 15:47:52 POLARIS_LOG {"event":"send_rate","rate":304000,"ts":1760456872.189583}
2025/10/14 15:47:53 POLARIS_LOG {"event":"send_rate","rate":304000,"ts":1760456873.2072365}
2025/10/14 15:47:54 POLARIS_LOG {"event":"send_rate","rate":296000,"ts":1760456874.2022061}
2025/10/14 15:47:55 POLARIS_LOG {"event":"send_rate","rate":304000,"ts":1760456875.1939304}
2025/10/14 15:47:56 POLARIS_LOG {"event":"send_rate","rate":304000,"ts":1760456876.219904}
2025/10/14 15:47:57 POLARIS_LOG {"event":"send_rate","rate":288000,"ts":1760456877.1726034}
2025/10/14 15:47:58 POLARIS_LOG {"event":"send_rate","rate":296000,"ts":1760456878.168471}
2025/10/14 15:47:59 POLARIS_LOG {"event":"send_rate","rate":304000,"ts":1760456879.1703784}
2025/10/14 15:48:00 POLARIS_LOG {"event":"send_rate","rate":296000,"ts":1760456880.168454}
2025/10/14 15:48:01 POLARIS_LOG {"event":"send_rate","rate":312000,"ts":1760456881.1983624}
2025/10/14 15:48:02 POLARIS_LOG {"event":"send_rate","rate":288000,"ts":1760456882.1762369}
2025/10/14 15:48:03 POLARIS_LOG {"event":"send_rate","rate":304000,"ts":1760456883.1680458}
2025/10/14 15:48:04 POLARIS_LOG {"event":"send_rate","rate":304000,"ts":1760456884.1875393}
2025/10/14 15:48:05 POLARIS_LOG {"event":"send_rate","rate":288000,"ts":1760456885.1689532}
2025/10/14 15:48:06 POLARIS_LOG {"event":"send_rate","rate":304000,"ts":1760456886.1714132}
2025/10/14 15:48:07 POLARIS_LOG {"event":"send_rate","rate":296000,"ts":1760456887.1680462}
2025/10/14 15:48:08 POLARIS_LOG {"event":"send_rate","rate":304000,"ts":1760456888.1726773}
2025/10/14 15:48:09 POLARIS_LOG {"event":"send_rate","rate":296000,"ts":1760456889.2287335}
2025/10/14 15:48:10 POLARIS_LOG {"event":"send_rate","rate":304000,"ts":1760456890.1795342}
2025/10/14 15:48:11 POLARIS_LOG {"event":"send_rate","rate":304000,"ts":1760456891.1943328}
2025/10/14 15:48:12 POLARIS_LOG {"event":"send_rate","rate":296000,"ts":1760456892.1685104}
2025/10/14 15:48:13 POLARIS_LOG {"event":"send_rate","rate":296000,"ts":1760456893.1684546}
2025/10/14 15:48:14 POLARIS_LOG {"event":"send_rate","rate":304000,"ts":1760456894.1684403}
2025/10/14 15:48:15 POLARIS_LOG {"event":"send_rate","rate":296000,"ts":1760456895.167911}
2025/10/14 15:48:16 POLARIS_LOG {"event":"send_rate","rate":296000,"ts":1760456896.168427}
2025/10/14 15:48:17 POLARIS_LOG {"event":"send_rate","rate":304000,"ts":1760456897.167954}
2025/10/14 15:48:18 POLARIS_LOG {"event":"send_rate","rate":312000,"ts":1760456898.1938744}
2025/10/14 15:48:19 POLARIS_LOG {"event":"send_rate","rate":288000,"ts":1760456899.1739013}
2025/10/14 15:48:20 POLARIS_LOG {"event":"send_rate","rate":304000,"ts":1760456900.168819}
2025/10/14 15:48:21 POLARIS_LOG {"event":"send_rate","rate":304000,"ts":1760456901.183883}
2025/10/14 15:48:22 POLARIS_LOG {"event":"send_rate","rate":296000,"ts":1760456902.1820593}
2025/10/14 15:48:23 POLARIS_LOG {"event":"send_rate","rate":296000,"ts":1760456903.175324}
2025/10/14 15:48:24 POLARIS_LOG {"event":"send_rate","rate":304000,"ts":1760456904.1768162}
2025/10/14 15:48:25 POLARIS_LOG {"event":"send_rate","rate":296000,"ts":1760456905.1826549}
2025/10/14 15:48:26 POLARIS_LOG {"event":"send_rate","rate":304000,"ts":1760456906.1962476}
2025/10/14 15:48:27 POLARIS_LOG {"event":"send_rate","rate":304000,"ts":1760456907.1710083}
2025/10/14 15:48:28 POLARIS_LOG {"event":"send_rate","rate":296000,"ts":1760456908.1680386}
2025/10/14 15:48:29 POLARIS_LOG {"event":"send_rate","rate":304000,"ts":1760456909.1811352}
2025/10/14 15:48:30 POLARIS_LOG {"event":"send_rate","rate":264000,"ts":1760456910.1756647}
2025/10/14 15:48:31 POLARIS_LOG {"event":"send_rate","rate":120000,"ts":1760456911.1701784}
2025/10/14 15:48:32 POLARIS_LOG {"event":"send_rate","rate":112000,"ts":1760456912.1673796}
2025/10/14 15:48:33 POLARIS_LOG {"event":"send_rate","rate":104000,"ts":1760456913.1687076}
2025/10/14 15:48:34 POLARIS_LOG {"event":"send_rate","rate":136000,"ts":1760456914.1676886}
2025/10/14 15:48:35 POLARIS_LOG {"event":"send_rate","rate":192000,"ts":1760456915.1685739}
2025/10/14 15:48:36 POLARIS_LOG {"event":"send_rate","rate":240000,"ts":1760456916.174662}
2025/10/14 15:48:37 POLARIS_LOG {"event":"send_rate","rate":264000,"ts":1760456917.1682315}
2025/10/14 15:48:38 POLARIS_LOG {"event":"send_rate","rate":128000,"ts":1760456918.1890996}
2025/10/14 15:48:39 POLARIS_LOG {"event":"send_rate","rate":264000,"ts":1760456919.1698978}
2025/10/14 15:48:40 POLARIS_LOG {"event":"send_rate","rate":144000,"ts":1760456920.1715596}
2025/10/14 15:48:41 POLARIS_LOG {"event":"send_rate","rate":216000,"ts":1760456921.1731257}
2025/10/14 15:48:42 POLARIS_LOG {"event":"send_rate","rate":208000,"ts":1760456922.1689053}
2025/10/14 15:48:43 POLARIS_LOG {"event":"send_rate","rate":216000,"ts":1760456923.168076}
2025/10/14 15:48:44 POLARIS_LOG {"event":"send_rate","rate":400000,"ts":1760456924.1674614}
2025/10/14 15:48:45 POLARIS_LOG {"event":"send_rate","rate":304000,"ts":1760456925.1678276}
2025/10/14 15:48:46 POLARIS_LOG {"event":"send_rate","rate":168000,"ts":1760456926.169627}
Skipping switch: current path 4 4 1 3 has lastEstimate 333250 >= maxEstimate 0
2025/10/14 15:48:47 POLARIS_LOG {"event":"send_rate","rate":224000,"ts":1760456927.1707008}
2025/10/14 15:48:48 POLARIS_LOG {"event":"send_rate","rate":216000,"ts":1760456928.1736786}
2025/10/14 15:48:49 POLARIS_LOG {"event":"send_rate","rate":200000,"ts":1760456929.172176}
2025/10/14 15:48:50 POLARIS_LOG {"event":"send_rate","rate":328000,"ts":1760456930.1706574}
2025/10/14 15:48:51 POLARIS_LOG {"event":"send_rate","rate":360000,"ts":1760456931.1889257}
2025/10/14 15:48:52 POLARIS_LOG {"event":"send_rate","rate":296000,"ts":1760456932.2027073}
2025/10/14 15:48:53 POLARIS_LOG {"event":"send_rate","rate":256000,"ts":1760456933.1713936}
2025/10/14 15:48:54 POLARIS_LOG {"event":"send_rate","rate":296000,"ts":1760456934.1701183}
2025/10/14 15:48:55 POLARIS_LOG {"event":"send_rate","rate":200000,"ts":1760456935.1678414}
Skipping switch: current path 4 4 1 3 has lastEstimate 333250 >= maxEstimate 0
2025/10/14 15:48:56 POLARIS_LOG {"event":"send_rate","rate":296000,"ts":1760456936.1677094}
2025/10/14 15:48:57 POLARIS_LOG {"event":"send_rate","rate":208000,"ts":1760456937.1713078}
2025/10/14 15:48:58 POLARIS_LOG {"event":"send_rate","rate":264000,"ts":1760456938.1845016}
2025/10/14 15:48:59 POLARIS_LOG {"event":"send_rate","rate":136000,"ts":1760456939.1712365}
2025/10/14 15:49:00 POLARIS_LOG {"event":"send_rate","rate":216000,"ts":1760456940.1683671}
2025/10/14 15:49:01 POLARIS_LOG {"event":"send_rate","rate":232000,"ts":1760456941.1678362}
2025/10/14 15:49:02 POLARIS_LOG {"event":"send_rate","rate":336000,"ts":1760456942.1796653}
2025/10/14 15:49:03 POLARIS_LOG {"event":"send_rate","rate":368000,"ts":1760456943.1825213}
2025/10/14 15:49:04 POLARIS_LOG {"event":"send_rate","rate":256000,"ts":1760456944.1799529}
2025/10/14 15:49:05 POLARIS_LOG {"event":"send_rate","rate":272000,"ts":1760456945.1785326}
Skipping switch: current path 4 4 1 3 has lastEstimate 333250 >= maxEstimate 0
2025/10/14 15:49:06 POLARIS_LOG {"event":"send_rate","rate":248000,"ts":1760456946.1679778}
2025/10/14 15:49:07 POLARIS_LOG {"event":"send_rate","rate":272000,"ts":1760456947.1924887}
2025/10/14 15:49:08 POLARIS_LOG {"event":"send_rate","rate":168000,"ts":1760456948.1684098}
2025/10/14 15:49:09 POLARIS_LOG {"event":"send_rate","rate":160000,"ts":1760456949.1688118}
2025/10/14 15:49:10 POLARIS_LOG {"event":"send_rate","rate":160000,"ts":1760456950.1682425}
2025/10/14 15:49:11 POLARIS_LOG {"event":"send_rate","rate":280000,"ts":1760456951.1683283}
2025/10/14 15:49:12 POLARIS_LOG {"event":"send_rate","rate":224000,"ts":1760456952.1842177}
2025/10/14 15:49:13 POLARIS_LOG {"event":"send_rate","rate":208000,"ts":1760456953.17668}
2025/10/14 15:49:14 POLARIS_LOG {"event":"send_rate","rate":176000,"ts":1760456954.194601}
2025/10/14 15:49:15 POLARIS_LOG {"event":"send_rate","rate":384000,"ts":1760456955.1840994}
Skipping switch: current path 4 4 1 3 has lastEstimate 333250 >= maxEstimate 0
2025/10/14 15:49:16 POLARIS_LOG {"event":"send_rate","rate":288000,"ts":1760456956.1766953}
2025/10/14 15:49:17 POLARIS_LOG {"event":"send_rate","rate":320000,"ts":1760456957.1754634}
2025/10/14 15:49:18 POLARIS_LOG {"event":"send_rate","rate":264000,"ts":1760456958.1678646}
2025/10/14 15:49:19 POLARIS_LOG {"event":"send_rate","rate":280000,"ts":1760456959.1722155}
2025/10/14 15:49:20 POLARIS_LOG {"event":"send_rate","rate":184000,"ts":1760456960.1737523}
2025/10/14 15:49:21 POLARIS_LOG {"event":"send_rate","rate":264000,"ts":1760456961.171253}
2025/10/14 15:49:22 POLARIS_LOG {"event":"send_rate","rate":320000,"ts":1760456962.1716337}
2025/10/14 15:49:23 POLARIS_LOG {"event":"send_rate","rate":280000,"ts":1760456963.1679213}
2025/10/14 15:49:24 POLARIS_LOG {"event":"send_rate","rate":328000,"ts":1760456964.1685495}
2025/10/14 15:49:25 POLARIS_LOG {"event":"send_rate","rate":440000,"ts":1760456965.1738381}
2025/10/14 15:49:26 POLARIS_LOG {"event":"send_rate","rate":256000,"ts":1760456966.1758387}
2025/10/14 15:49:27 POLARIS_LOG {"event":"send_rate","rate":440000,"ts":1760456967.1680524}
2025/10/14 15:49:28 POLARIS_LOG {"event":"send_rate","rate":320000,"ts":1760456968.237088}
2025/10/14 15:49:29 POLARIS_LOG {"event":"send_rate","rate":184000,"ts":1760456969.1715264}
2025/10/14 15:49:30 POLARIS_LOG {"event":"send_rate","rate":248000,"ts":1760456970.1680555}
2025/10/14 15:49:31 POLARIS_LOG {"event":"send_rate","rate":344000,"ts":1760456971.1763904}
2025/10/14 15:49:32 POLARIS_LOG {"event":"send_rate","rate":232000,"ts":1760456972.179186}
2025/10/14 15:49:33 POLARIS_LOG {"event":"send_rate","rate":248000,"ts":1760456973.1781323}
2025/10/14 15:49:34 POLARIS_LOG {"event":"send_rate","rate":248000,"ts":1760456974.1729043}
2025/10/14 15:49:35 POLARIS_LOG {"event":"send_rate","rate":344000,"ts":1760456975.1677778}
2025/10/14 15:49:36 POLARIS_LOG {"event":"send_rate","rate":288000,"ts":1760456976.168521}
Skipping switch: current path 4 4 1 3 has lastEstimate 333250 >= maxEstimate 0
2025/10/14 15:49:37 POLARIS_LOG {"event":"send_rate","rate":304000,"ts":1760456977.1698503}
2025/10/14 15:49:38 POLARIS_LOG {"event":"send_rate","rate":208000,"ts":1760456978.1790986}
2025/10/14 15:49:39 POLARIS_LOG {"event":"send_rate","rate":200000,"ts":1760456979.168704}
2025/10/14 15:49:40 POLARIS_LOG {"event":"send_rate","rate":296000,"ts":1760456980.1815255}
2025/10/14 15:49:41 POLARIS_LOG {"event":"send_rate","rate":400000,"ts":1760456981.1785746}
2025/10/14 15:49:42 POLARIS_LOG {"event":"send_rate","rate":384000,"ts":1760456982.1684496}
2025/10/14 15:49:43 POLARIS_LOG {"event":"send_rate","rate":272000,"ts":1760456983.1675906}
2025/10/14 15:49:44 POLARIS_LOG {"event":"send_rate","rate":208000,"ts":1760456984.17344}
2025/10/14 15:49:45 POLARIS_LOG {"event":"send_rate","rate":280000,"ts":1760456985.1702633}
2025/10/14 15:49:46 POLARIS_LOG {"event":"send_rate","rate":384000,"ts":1760456986.1683445}
2025/10/14 15:49:47 POLARIS_LOG {"event":"send_rate","rate":256000,"ts":1760456987.167466}
2025/10/14 15:49:48 POLARIS_LOG {"event":"send_rate","rate":384000,"ts":1760456988.1677039}
2025/10/14 15:49:49 POLARIS_LOG {"event":"send_rate","rate":336000,"ts":1760456989.195276}
2025/10/14 15:49:50 POLARIS_LOG {"event":"send_rate","rate":448000,"ts":1760456990.1805344}
2025/10/14 15:49:51 POLARIS_LOG {"event":"send_rate","rate":296000,"ts":1760456991.1677756}
2025/10/14 15:49:52 POLARIS_LOG {"event":"send_rate","rate":392000,"ts":1760456992.1677282}
2025/10/14 15:49:53 POLARIS_LOG {"event":"send_rate","rate":256000,"ts":1760456993.1853445}
2025/10/14 15:49:54 POLARIS_LOG {"event":"send_rate","rate":304000,"ts":1760456994.1846008}
2025/10/14 15:49:55 POLARIS_LOG {"event":"send_rate","rate":256000,"ts":1760456995.1766186}
2025/10/14 15:49:56 POLARIS_LOG {"event":"send_rate","rate":296000,"ts":1760456996.1683254}
2025/10/14 15:49:57 POLARIS_LOG {"event":"send_rate","rate":384000,"ts":1760456997.1688652}
2025/10/14 15:49:58 POLARIS_LOG {"event":"send_rate","rate":280000,"ts":1760456998.1731784}
2025/10/14 15:49:59 POLARIS_LOG {"event":"send_rate","rate":384000,"ts":1760456999.1720557}
2025/10/14 15:50:00 POLARIS_LOG {"event":"send_rate","rate":400000,"ts":1760457000.170715}
2025/10/14 15:50:01 POLARIS_LOG {"event":"send_rate","rate":480000,"ts":1760457001.1728344}
2025/10/14 15:50:02 POLARIS_LOG {"event":"send_rate","rate":440000,"ts":1760457002.1704113}
2025/10/14 15:50:03 POLARIS_LOG {"event":"send_rate","rate":408000,"ts":1760457003.1922388}
2025/10/14 15:50:04 POLARIS_LOG {"event":"send_rate","rate":512000,"ts":1760457004.1682453}
2025/10/14 15:50:05 POLARIS_LOG {"event":"send_rate","rate":352000,"ts":1760457005.1689386}
2025/10/14 15:50:06 POLARIS_LOG {"event":"send_rate","rate":224000,"ts":1760457006.1682427}
2025/10/14 15:50:07 POLARIS_LOG {"event":"send_rate","rate":504000,"ts":1760457007.1694725}
2025/10/14 15:50:08 POLARIS_LOG {"event":"send_rate","rate":312000,"ts":1760457008.1693723}
2025/10/14 15:50:09 POLARIS_LOG {"event":"send_rate","rate":280000,"ts":1760457009.1726131}
2025/10/14 15:50:10 POLARIS_LOG {"event":"send_rate","rate":328000,"ts":1760457010.1730175}
2025/10/14 15:50:11 POLARIS_LOG {"event":"send_rate","rate":216000,"ts":1760457011.1727273}
2025/10/14 15:50:12 POLARIS_LOG {"event":"send_rate","rate":368000,"ts":1760457012.1681955}
2025/10/14 15:50:13 POLARIS_LOG {"event":"send_rate","rate":328000,"ts":1760457013.1682746}
2025/10/14 15:50:14 POLARIS_LOG {"event":"send_rate","rate":440000,"ts":1760457014.1756546}
2025/10/14 15:50:15 POLARIS_LOG {"event":"send_rate","rate":328000,"ts":1760457015.1730378}
2025/10/14 15:50:16 POLARIS_LOG {"event":"send_rate","rate":296000,"ts":1760457016.18156}
2025/10/14 15:50:17 POLARIS_LOG {"event":"send_rate","rate":208000,"ts":1760457017.1677568}
2025/10/14 15:50:18 POLARIS_LOG {"event":"send_rate","rate":176000,"ts":1760457018.1780567}
2025/10/14 15:50:19 POLARIS_LOG {"event":"send_rate","rate":224000,"ts":1760457019.1682162}
2025/10/14 15:50:20 POLARIS_LOG {"event":"send_rate","rate":288000,"ts":1760457020.168195}
2025/10/14 15:50:21 POLARIS_LOG {"event":"send_rate","rate":376000,"ts":1760457021.1692104}
2025/10/14 15:50:22 POLARIS_LOG {"event":"send_rate","rate":408000,"ts":1760457022.171235}
2025/10/14 15:50:23 POLARIS_LOG {"event":"send_rate","rate":448000,"ts":1760457023.169789}
2025/10/14 15:50:24 POLARIS_LOG {"event":"send_rate","rate":472000,"ts":1760457024.1869226}
2025/10/14 15:50:25 POLARIS_LOG {"event":"send_rate","rate":360000,"ts":1760457025.1681535}
2025/10/14 15:50:26 POLARIS_LOG {"event":"send_rate","rate":328000,"ts":1760457026.1789339}
2025/10/14 15:50:27 POLARIS_LOG {"event":"send_rate","rate":280000,"ts":1760457027.1710534}
2025/10/14 15:50:28 POLARIS_LOG {"event":"send_rate","rate":328000,"ts":1760457028.1682835}
2025/10/14 15:50:29 POLARIS_LOG {"event":"send_rate","rate":200000,"ts":1760457029.1713352}
2025/10/14 15:50:30 POLARIS_LOG {"event":"send_rate","rate":280000,"ts":1760457030.1956458}
2025/10/14 15:50:31 POLARIS_LOG {"event":"send_rate","rate":232000,"ts":1760457031.1749089}
2025/10/14 15:50:32 POLARIS_LOG {"event":"send_rate","rate":288000,"ts":1760457032.1677275}
2025/10/14 15:50:33 POLARIS_LOG {"event":"send_rate","rate":272000,"ts":1760457033.1770453}
2025/10/14 15:50:34 POLARIS_LOG {"event":"send_rate","rate":272000,"ts":1760457034.1681526}
2025/10/14 15:50:35 POLARIS_LOG {"event":"send_rate","rate":256000,"ts":1760457035.1844237}
2025/10/14 15:50:36 POLARIS_LOG {"event":"send_rate","rate":256000,"ts":1760457036.1677854}
Skipping switch: current path 4 4 1 3 has lastEstimate 333250 >= maxEstimate 0
2025/10/14 15:50:37 POLARIS_LOG {"event":"send_rate","rate":256000,"ts":1760457037.1792006}
2025/10/14 15:50:38 POLARIS_LOG {"event":"send_rate","rate":296000,"ts":1760457038.167378}
2025/10/14 15:50:39 POLARIS_LOG {"event":"send_rate","rate":360000,"ts":1760457039.1760182}
2025/10/14 15:50:40 POLARIS_LOG {"event":"send_rate","rate":296000,"ts":1760457040.1685398}
2025/10/14 15:50:41 POLARIS_LOG {"event":"send_rate","rate":360000,"ts":1760457041.1701586}
2025/10/14 15:50:42 POLARIS_LOG {"event":"send_rate","rate":280000,"ts":1760457042.167547}
2025/10/14 15:50:43 POLARIS_LOG {"event":"send_rate","rate":328000,"ts":1760457043.181288}
2025/10/14 15:50:44 POLARIS_LOG {"event":"send_rate","rate":392000,"ts":1760457044.1694682}
2025/10/14 15:50:45 POLARIS_LOG {"event":"send_rate","rate":304000,"ts":1760457045.168222}
2025/10/14 15:50:46 POLARIS_LOG {"event":"send_rate","rate":296000,"ts":1760457046.1681988}
2025/10/14 15:50:47 POLARIS_LOG {"event":"send_rate","rate":256000,"ts":1760457047.1712492}
2025/10/14 15:50:48 POLARIS_LOG {"event":"send_rate","rate":176000,"ts":1760457048.1678503}
2025/10/14 15:50:49 POLARIS_LOG {"event":"send_rate","rate":224000,"ts":1760457049.1714156}
2025/10/14 15:50:50 POLARIS_LOG {"event":"send_rate","rate":280000,"ts":1760457050.167661}
2025/10/14 15:50:51 POLARIS_LOG {"event":"send_rate","rate":224000,"ts":1760457051.1681035}
2025/10/14 15:50:52 POLARIS_LOG {"event":"send_rate","rate":248000,"ts":1760457052.1677399}
2025/10/14 15:50:53 POLARIS_LOG {"event":"send_rate","rate":120000,"ts":1760457053.1677725}
2025/10/14 15:50:54 POLARIS_LOG {"event":"send_rate","rate":184000,"ts":1760457054.1683178}
2025/10/14 15:50:55 POLARIS_LOG {"event":"send_rate","rate":152000,"ts":1760457055.1681259}
Skipping switch: current path 4 4 1 3 has lastEstimate 333250 >= maxEstimate 0
2025/10/14 15:50:56 POLARIS_LOG {"event":"send_rate","rate":280000,"ts":1760457056.2019432}
2025/10/14 15:50:57 POLARIS_LOG {"event":"send_rate","rate":320000,"ts":1760457057.1720545}
2025/10/14 15:50:58 POLARIS_LOG {"event":"send_rate","rate":344000,"ts":1760457058.1683898}
2025/10/14 15:50:59 POLARIS_LOG {"event":"send_rate","rate":152000,"ts":1760457059.1697247}
2025/10/14 15:51:00 POLARIS_LOG {"event":"send_rate","rate":192000,"ts":1760457060.1681364}
2025/10/14 15:51:01 POLARIS_LOG {"event":"send_rate","rate":192000,"ts":1760457061.170732}
2025/10/14 15:51:02 POLARIS_LOG {"event":"send_rate","rate":360000,"ts":1760457062.1676965}
2025/10/14 15:51:03 POLARIS_LOG {"event":"send_rate","rate":240000,"ts":1760457063.1909611}
2025/10/14 15:51:04 POLARIS_LOG {"event":"send_rate","rate":256000,"ts":1760457064.1686034}
2025/10/14 15:51:05 POLARIS_LOG {"event":"send_rate","rate":264000,"ts":1760457065.168459}
2025/10/14 15:51:06 POLARIS_LOG {"event":"send_rate","rate":360000,"ts":1760457066.1718516}
2025/10/14 15:51:07 POLARIS_LOG {"event":"send_rate","rate":240000,"ts":1760457067.168517}
2025/10/14 15:51:08 POLARIS_LOG {"event":"send_rate","rate":328000,"ts":1760457068.177474}
2025/10/14 15:51:09 POLARIS_LOG {"event":"send_rate","rate":272000,"ts":1760457069.1715105}
2025/10/14 15:51:10 POLARIS_LOG {"event":"send_rate","rate":184000,"ts":1760457070.167375}
2025/10/14 15:51:11 POLARIS_LOG {"event":"send_rate","rate":256000,"ts":1760457071.16857}
2025/10/14 15:51:12 POLARIS_LOG {"event":"send_rate","rate":168000,"ts":1760457072.1837227}
2025/10/14 15:51:13 POLARIS_LOG {"event":"send_rate","rate":176000,"ts":1760457073.167691}
2025/10/14 15:51:14 POLARIS_LOG {"event":"send_rate","rate":240000,"ts":1760457074.1783054}
2025/10/14 15:51:15 POLARIS_LOG {"event":"send_rate","rate":264000,"ts":1760457075.1774306}
2025/10/14 15:51:16 POLARIS_LOG {"event":"send_rate","rate":296000,"ts":1760457076.1920774}
2025/10/14 15:51:17 POLARIS_LOG {"event":"send_rate","rate":232000,"ts":1760457077.1756248}
2025/10/14 15:51:18 POLARIS_LOG {"event":"send_rate","rate":160000,"ts":1760457078.1723459}
2025/10/14 15:51:19 POLARIS_LOG {"event":"send_rate","rate":200000,"ts":1760457079.171993}
2025/10/14 15:51:20 POLARIS_LOG {"event":"send_rate","rate":256000,"ts":1760457080.1677735}
2025/10/14 15:51:21 POLARIS_LOG {"event":"send_rate","rate":224000,"ts":1760457081.171954}
2025/10/14 15:51:22 POLARIS_LOG {"event":"send_rate","rate":264000,"ts":1760457082.1684039}
2025/10/14 15:51:23 POLARIS_LOG {"event":"send_rate","rate":256000,"ts":1760457083.1681843}
2025/10/14 15:51:24 POLARIS_LOG {"event":"send_rate","rate":272000,"ts":1760457084.1703525}
2025/10/14 15:51:25 POLARIS_LOG {"event":"send_rate","rate":320000,"ts":1760457085.1724806}
2025/10/14 15:51:26 POLARIS_LOG {"event":"send_rate","rate":384000,"ts":1760457086.169253}
2025/10/14 15:51:27 POLARIS_LOG {"event":"send_rate","rate":352000,"ts":1760457087.1707525}
2025/10/14 15:51:28 POLARIS_LOG {"event":"send_rate","rate":384000,"ts":1760457088.1711984}
2025/10/14 15:51:29 POLARIS_LOG {"event":"send_rate","rate":328000,"ts":1760457089.16815}
Drain Loop received packet
Drain Loop received non-nil payload
Client sent 10146 packets, server reported 9939 packets received
The network loss rate from client to server is 2.0%

S->C results
Attempted bandwidth: 0 bps / 0.00 Mbps
Achieved bandwidth: 0 bps / 0.00 Mbps
Loss rate: 0.0%
Interarrival time min/avg/max/mdev = -0.000/0.000/0.000/0.000 ms

C->S results
Attempted bandwidth: 300000 bps / 0.30 Mbps
Achieved bandwidth: 281957 bps / 0.28 Mbps
Loss rate: 6.0%
Interarrival time min/avg/max/mdev = 0.002/28.255/530.322/22.407 ms
