
Test parameters:
client->server: 279 seconds, 1000 bytes, 10462 packets
server->client: 279 seconds, 1000 bytes, 0 packets
2025/10/14 15:46:49 POLARIS_LOG {"current_rate":0,"event":"path_switch","new":"2 2 5 2","trigger":"initialization","ts":1760456809.1340616}
Polaris prober initialized with 38 paths
Polaris prober initialized with local 1-111,10.111.0.71:32743 and remote 1-113,10.113.0.71
2025/10/14 15:46:50 POLARIS_LOG {"event":"send_rate","rate":296000,"ts":1760456810.136086}
2025/10/14 15:46:51 POLARIS_LOG {"event":"send_rate","rate":304000,"ts":1760456811.1356251}
2025/10/14 15:46:52 POLARIS_LOG {"event":"send_rate","rate":296000,"ts":1760456812.1359684}
2025/10/14 15:46:53 POLARIS_LOG {"event":"send_rate","rate":304000,"ts":1760456813.1378288}
2025/10/14 15:46:54 POLARIS_LOG {"event":"send_rate","rate":296000,"ts":1760456814.1364803}
2025/10/14 15:46:55 POLARIS_LOG {"event":"send_rate","rate":304000,"ts":1760456815.147403}
2025/10/14 15:46:56 POLARIS_LOG {"event":"send_rate","rate":296000,"ts":1760456816.135547}
2025/10/14 15:46:57 POLARIS_LOG {"event":"send_rate","rate":304000,"ts":1760456817.1398668}
2025/10/14 15:46:58 POLARIS_LOG {"event":"send_rate","rate":296000,"ts":1760456818.1365273}
2025/10/14 15:46:59 POLARIS_LOG {"event":"send_rate","rate":216000,"ts":1760456819.1359487}
2025/10/14 15:46:59 POLARIS_LOG {"candidates":10,"candidates_unfiltered":25,"current_rate":216000,"estimated_share":2000000,"event":"path_switch","max_estimated_share":2000000,"new":"4 4 7 7 4 1","old":"2 2 5 2","trigger":"scheduled","ts":1760456819.1360266}
2025/10/14 15:47:00 POLARIS_LOG {"event":"send_rate","rate":384000,"ts":1760456820.138951}
2025/10/14 15:47:01 POLARIS_LOG {"event":"send_rate","rate":304000,"ts":1760456821.1362317}
2025/10/14 15:47:02 POLARIS_LOG {"event":"send_rate","rate":296000,"ts":1760456822.136389}
2025/10/14 15:47:03 POLARIS_LOG {"event":"send_rate","rate":304000,"ts":1760456823.139061}
2025/10/14 15:47:04 POLARIS_LOG {"event":"send_rate","rate":296000,"ts":1760456824.1354368}
2025/10/14 15:47:05 POLARIS_LOG {"event":"send_rate","rate":304000,"ts":1760456825.1366413}
2025/10/14 15:47:06 POLARIS_LOG {"event":"send_rate","rate":296000,"ts":1760456826.1362796}
2025/10/14 15:47:07 POLARIS_LOG {"event":"send_rate","rate":304000,"ts":1760456827.1357672}
2025/10/14 15:47:08 POLARIS_LOG {"event":"send_rate","rate":296000,"ts":1760456828.1371143}
2025/10/14 15:47:09 POLARIS_LOG {"event":"send_rate","rate":304000,"ts":1760456829.137359}
2025/10/14 15:47:10 POLARIS_LOG {"event":"send_rate","rate":296000,"ts":1760456830.1389408}
2025/10/14 15:47:11 POLARIS_LOG {"event":"send_rate","rate":304000,"ts":1760456831.1458788}
2025/10/14 15:47:12 POLARIS_LOG {"event":"send_rate","rate":296000,"ts":1760456832.1357343}
2025/10/14 15:47:13 POLARIS_LOG {"event":"send_rate","rate":304000,"ts":1760456833.1369772}
2025/10/14 15:47:14 POLARIS_LOG {"event":"send_rate","rate":296000,"ts":1760456834.1392004}
2025/10/14 15:47:15 POLARIS_LOG {"event":"send_rate","rate":304000,"ts":1760456835.1365263}
2025/10/14 15:47:16 POLARIS_LOG {"event":"send_rate","rate":296000,"ts":1760456836.1374278}
2025/10/14 15:47:17 POLARIS_LOG {"event":"send_rate","rate":304000,"ts":1760456837.1361995}
2025/10/14 15:47:18 POLARIS_LOG {"event":"send_rate","rate":296000,"ts":1760456838.1364317}
2025/10/14 15:47:19 POLARIS_LOG {"event":"send_rate","rate":304000,"ts":1760456839.1355147}
2025/10/14 15:47:20 POLARIS_LOG {"event":"send_rate","rate":296000,"ts":1760456840.13554}
2025/10/14 15:47:21 POLARIS_LOG {"event":"send_rate","rate":304000,"ts":1760456841.1389992}
2025/10/14 15:47:22 POLARIS_LOG {"event":"send_rate","rate":296000,"ts":1760456842.135861}
2025/10/14 15:47:23 POLARIS_LOG {"event":"send_rate","rate":304000,"ts":1760456843.136196}
2025/10/14 15:47:24 POLARIS_LOG {"event":"send_rate","rate":304000,"ts":1760456844.1619022}
2025/10/14 15:47:25 POLARIS_LOG {"event":"send_rate","rate":296000,"ts":1760456845.1385515}
2025/10/14 15:47:26 POLARIS_LOG {"event":"send_rate","rate":296000,"ts":1760456846.135724}
2025/10/14 15:47:27 POLARIS_LOG {"event":"send_rate","rate":296000,"ts":1760456847.1531434}
2025/10/14 15:47:28 POLARIS_LOG {"event":"send_rate","rate":304000,"ts":1760456848.1395392}
2025/10/14 15:47:29 POLARIS_LOG {"event":"send_rate","rate":304000,"ts":1760456849.1369936}
2025/10/14 15:47:30 POLARIS_LOG {"event":"send_rate","rate":296000,"ts":1760456850.1368356}
2025/10/14 15:47:31 POLARIS_LOG {"event":"send_rate","rate":304000,"ts":1760456851.1353571}
2025/10/14 15:47:32 POLARIS_LOG {"event":"send_rate","rate":296000,"ts":1760456852.13673}
2025/10/14 15:47:33 POLARIS_LOG {"event":"send_rate","rate":304000,"ts":1760456853.1380837}
2025/10/14 15:47:34 POLARIS_LOG {"event":"send_rate","rate":296000,"ts":1760456854.1366751}
2025/10/14 15:47:35 POLARIS_LOG {"event":"send_rate","rate":304000,"ts":1760456855.135488}
2025/10/14 15:47:36 POLARIS_LOG {"event":"send_rate","rate":304000,"ts":1760456856.1501575}
2025/10/14 15:47:37 POLARIS_LOG {"event":"send_rate","rate":288000,"ts":1760456857.1354892}
2025/10/14 15:47:38 POLARIS_LOG {"event":"send_rate","rate":304000,"ts":1760456858.144398}
2025/10/14 15:47:39 POLARIS_LOG {"event":"send_rate","rate":304000,"ts":1760456859.1394682}
2025/10/14 15:47:40 POLARIS_LOG {"event":"send_rate","rate":296000,"ts":1760456860.136103}
2025/10/14 15:47:41 POLARIS_LOG {"event":"send_rate","rate":296000,"ts":1760456861.1376193}
2025/10/14 15:47:42 POLARIS_LOG {"event":"send_rate","rate":304000,"ts":1760456862.1366117}
2025/10/14 15:47:43 POLARIS_LOG {"event":"send_rate","rate":304000,"ts":1760456863.1377597}
2025/10/14 15:47:44 POLARIS_LOG {"event":"send_rate","rate":296000,"ts":1760456864.1411939}
2025/10/14 15:47:45 POLARIS_LOG {"event":"send_rate","rate":296000,"ts":1760456865.1380017}
2025/10/14 15:47:46 POLARIS_LOG {"event":"send_rate","rate":304000,"ts":1760456866.136768}
2025/10/14 15:47:47 POLARIS_LOG {"event":"send_rate","rate":312000,"ts":1760456867.175936}
2025/10/14 15:47:48 POLARIS_LOG {"event":"send_rate","rate":288000,"ts":1760456868.1363308}
Skipping switch: current path 4 4 7 7 4 1 has lastEstimate 285750 >= maxEstimate 0
2025/10/14 15:47:49 POLARIS_LOG {"event":"send_rate","rate":296000,"ts":1760456869.14608}
2025/10/14 15:47:50 POLARIS_LOG {"event":"send_rate","rate":304000,"ts":1760456870.135664}
2025/10/14 15:47:51 POLARIS_LOG {"event":"send_rate","rate":304000,"ts":1760456871.145216}
2025/10/14 15:47:52 POLARIS_LOG {"event":"send_rate","rate":184000,"ts":1760456872.136336}
2025/10/14 15:47:53 POLARIS_LOG {"event":"send_rate","rate":96000,"ts":1760456873.143414}
2025/10/14 15:47:54 POLARIS_LOG {"event":"send_rate","rate":176000,"ts":1760456874.139569}
2025/10/14 15:47:55 POLARIS_LOG {"event":"send_rate","rate":152000,"ts":1760456875.151585}
2025/10/14 15:47:56 POLARIS_LOG {"event":"send_rate","rate":200000,"ts":1760456876.1393366}
2025/10/14 15:47:57 POLARIS_LOG {"event":"send_rate","rate":152000,"ts":1760456877.146683}
2025/10/14 15:47:58 POLARIS_LOG {"event":"send_rate","rate":176000,"ts":1760456878.1358984}
2025/10/14 15:47:59 POLARIS_LOG {"event":"send_rate","rate":208000,"ts":1760456879.1403565}
2025/10/14 15:47:59 POLARIS_LOG {"candidates":17,"candidates_unfiltered":17,"current_rate":208000,"estimated_share":333250,"event":"path_switch","max_estimated_share":333250,"new":"5 5 6 6 5 2","old":"4 4 7 7 4 1","trigger":"scheduled","ts":1760456879.1404657}
2025/10/14 15:48:00 POLARIS_LOG {"event":"send_rate","rate":1344000,"ts":1760456880.1361308}
2025/10/14 15:48:01 POLARIS_LOG {"event":"send_rate","rate":312000,"ts":1760456881.147398}
2025/10/14 15:48:02 POLARIS_LOG {"event":"send_rate","rate":296000,"ts":1760456882.1359637}
2025/10/14 15:48:03 POLARIS_LOG {"event":"send_rate","rate":296000,"ts":1760456883.1358726}
2025/10/14 15:48:04 POLARIS_LOG {"event":"send_rate","rate":296000,"ts":1760456884.136659}
2025/10/14 15:48:05 POLARIS_LOG {"event":"send_rate","rate":304000,"ts":1760456885.1363993}
2025/10/14 15:48:06 POLARIS_LOG {"event":"send_rate","rate":304000,"ts":1760456886.1365693}
2025/10/14 15:48:07 POLARIS_LOG {"event":"send_rate","rate":304000,"ts":1760456887.147116}
2025/10/14 15:48:08 POLARIS_LOG {"event":"send_rate","rate":296000,"ts":1760456888.149792}
2025/10/14 15:48:09 POLARIS_LOG {"event":"send_rate","rate":296000,"ts":1760456889.136088}
2025/10/14 15:48:10 POLARIS_LOG {"event":"send_rate","rate":304000,"ts":1760456890.1498272}
2025/10/14 15:48:11 POLARIS_LOG {"event":"send_rate","rate":304000,"ts":1760456891.1503098}
2025/10/14 15:48:12 POLARIS_LOG {"event":"send_rate","rate":296000,"ts":1760456892.1362386}
2025/10/14 15:48:13 POLARIS_LOG {"event":"send_rate","rate":288000,"ts":1760456893.1353395}
2025/10/14 15:48:14 POLARIS_LOG {"event":"send_rate","rate":312000,"ts":1760456894.13699}
2025/10/14 15:48:15 POLARIS_LOG {"event":"send_rate","rate":304000,"ts":1760456895.1437523}
2025/10/14 15:48:16 POLARIS_LOG {"event":"send_rate","rate":240000,"ts":1760456896.1354325}
2025/10/14 15:48:17 POLARIS_LOG {"event":"send_rate","rate":232000,"ts":1760456897.1357238}
2025/10/14 15:48:18 POLARIS_LOG {"event":"send_rate","rate":168000,"ts":1760456898.1375525}
2025/10/14 15:48:19 POLARIS_LOG {"event":"send_rate","rate":152000,"ts":1760456899.1387835}
Skipping switch: current path 5 5 6 6 5 2 has lastEstimate 285750 >= maxEstimate 0
2025/10/14 15:48:20 POLARIS_LOG {"event":"send_rate","rate":152000,"ts":1760456900.1372662}
2025/10/14 15:48:21 POLARIS_LOG {"event":"send_rate","rate":144000,"ts":1760456901.1407793}
2025/10/14 15:48:22 POLARIS_LOG {"event":"send_rate","rate":104000,"ts":1760456902.135536}
2025/10/14 15:48:23 POLARIS_LOG {"event":"send_rate","rate":112000,"ts":1760456903.1466882}
2025/10/14 15:48:24 POLARIS_LOG {"event":"send_rate","rate":104000,"ts":1760456904.1400683}
2025/10/14 15:48:25 POLARIS_LOG {"event":"send_rate","rate":88000,"ts":1760456905.1383514}
2025/10/14 15:48:26 POLARIS_LOG {"event":"send_rate","rate":168000,"ts":1760456906.1357694}
2025/10/14 15:48:27 POLARIS_LOG {"event":"send_rate","rate":88000,"ts":1760456907.1358738}
2025/10/14 15:48:28 POLARIS_LOG {"event":"send_rate","rate":88000,"ts":1760456908.136453}
2025/10/14 15:48:29 POLARIS_LOG {"event":"send_rate","rate":104000,"ts":1760456909.155265}
2025/10/14 15:48:29 POLARIS_LOG {"candidates":38,"candidates_unfiltered":38,"current_rate":104000,"estimated_share":333250,"event":"path_switch","max_estimated_share":333250,"new":"2 2 6 6 3 5","old":"5 5 6 6 5 2","trigger":"scheduled","ts":1760456909.1553547}
2025/10/14 15:48:30 POLARIS_LOG {"event":"send_rate","rate":472000,"ts":1760456910.135448}
2025/10/14 15:48:31 POLARIS_LOG {"event":"send_rate","rate":2376000,"ts":1760456911.136035}
2025/10/14 15:48:32 POLARIS_LOG {"event":"send_rate","rate":304000,"ts":1760456912.1360226}
2025/10/14 15:48:33 POLARIS_LOG {"event":"send_rate","rate":296000,"ts":1760456913.1363316}
2025/10/14 15:48:34 POLARIS_LOG {"event":"send_rate","rate":304000,"ts":1760456914.1359775}
2025/10/14 15:48:35 POLARIS_LOG {"event":"send_rate","rate":296000,"ts":1760456915.137239}
2025/10/14 15:48:36 POLARIS_LOG {"event":"send_rate","rate":304000,"ts":1760456916.13597}
2025/10/14 15:48:37 POLARIS_LOG {"event":"send_rate","rate":296000,"ts":1760456917.1372764}
2025/10/14 15:48:38 POLARIS_LOG {"event":"send_rate","rate":296000,"ts":1760456918.1386273}
2025/10/14 15:48:39 POLARIS_LOG {"event":"send_rate","rate":304000,"ts":1760456919.1511328}
2025/10/14 15:48:40 POLARIS_LOG {"event":"send_rate","rate":304000,"ts":1760456920.139252}
2025/10/14 15:48:41 POLARIS_LOG {"event":"send_rate","rate":296000,"ts":1760456921.1354892}
2025/10/14 15:48:42 POLARIS_LOG {"event":"send_rate","rate":304000,"ts":1760456922.1415823}
2025/10/14 15:48:43 POLARIS_LOG {"event":"send_rate","rate":296000,"ts":1760456923.1381125}
2025/10/14 15:48:44 POLARIS_LOG {"event":"send_rate","rate":304000,"ts":1760456924.138068}
2025/10/14 15:48:45 POLARIS_LOG {"event":"send_rate","rate":272000,"ts":1760456925.1382408}
2025/10/14 15:48:46 POLARIS_LOG {"event":"send_rate","rate":328000,"ts":1760456926.1359499}
2025/10/14 15:48:47 POLARIS_LOG {"event":"send_rate","rate":296000,"ts":1760456927.1361506}
2025/10/14 15:48:48 POLARIS_LOG {"event":"send_rate","rate":304000,"ts":1760456928.136352}
2025/10/14 15:48:49 POLARIS_LOG {"event":"send_rate","rate":296000,"ts":1760456929.1382473}
2025/10/14 15:48:50 POLARIS_LOG {"event":"send_rate","rate":304000,"ts":1760456930.1441038}
2025/10/14 15:48:51 POLARIS_LOG {"event":"send_rate","rate":296000,"ts":1760456931.136811}
2025/10/14 15:48:52 POLARIS_LOG {"event":"send_rate","rate":328000,"ts":1760456932.2137856}
2025/10/14 15:48:53 POLARIS_LOG {"event":"send_rate","rate":272000,"ts":1760456933.1362631}
2025/10/14 15:48:54 POLARIS_LOG {"event":"send_rate","rate":304000,"ts":1760456934.1363459}
2025/10/14 15:48:55 POLARIS_LOG {"event":"send_rate","rate":296000,"ts":1760456935.1386352}
2025/10/14 15:48:56 POLARIS_LOG {"event":"send_rate","rate":304000,"ts":1760456936.135585}
2025/10/14 15:48:57 POLARIS_LOG {"event":"send_rate","rate":296000,"ts":1760456937.1454291}
2025/10/14 15:48:58 POLARIS_LOG {"event":"send_rate","rate":304000,"ts":1760456938.1410224}
2025/10/14 15:48:59 POLARIS_LOG {"event":"send_rate","rate":304000,"ts":1760456939.1489472}
2025/10/14 15:49:00 POLARIS_LOG {"event":"send_rate","rate":296000,"ts":1760456940.1358242}
2025/10/14 15:49:01 POLARIS_LOG {"event":"send_rate","rate":296000,"ts":1760456941.135732}
2025/10/14 15:49:02 POLARIS_LOG {"event":"send_rate","rate":304000,"ts":1760456942.1538634}
2025/10/14 15:49:03 POLARIS_LOG {"event":"send_rate","rate":296000,"ts":1760456943.1366527}
2025/10/14 15:49:04 POLARIS_LOG {"event":"send_rate","rate":304000,"ts":1760456944.14752}
2025/10/14 15:49:05 POLARIS_LOG {"event":"send_rate","rate":296000,"ts":1760456945.1470098}
2025/10/14 15:49:06 POLARIS_LOG {"event":"send_rate","rate":296000,"ts":1760456946.1361322}
2025/10/14 15:49:07 POLARIS_LOG {"event":"send_rate","rate":296000,"ts":1760456947.1663635}
2025/10/14 15:49:08 POLARIS_LOG {"event":"send_rate","rate":312000,"ts":1760456948.135682}
2025/10/14 15:49:09 POLARIS_LOG {"event":"send_rate","rate":296000,"ts":1760456949.1356666}
2025/10/14 15:49:10 POLARIS_LOG {"event":"send_rate","rate":296000,"ts":1760456950.1360857}
2025/10/14 15:49:11 POLARIS_LOG {"event":"send_rate","rate":304000,"ts":1760456951.1379464}
2025/10/14 15:49:12 POLARIS_LOG {"event":"send_rate","rate":296000,"ts":1760456952.1440215}
2025/10/14 15:49:13 POLARIS_LOG {"event":"send_rate","rate":304000,"ts":1760456953.1360426}
2025/10/14 15:49:14 POLARIS_LOG {"event":"send_rate","rate":240000,"ts":1760456954.162531}
2025/10/14 15:49:15 POLARIS_LOG {"event":"send_rate","rate":320000,"ts":1760456955.1834662}
2025/10/14 15:49:16 POLARIS_LOG {"event":"send_rate","rate":328000,"ts":1760456956.1360514}
2025/10/14 15:49:17 POLARIS_LOG {"event":"send_rate","rate":312000,"ts":1760456957.1362345}
2025/10/14 15:49:18 POLARIS_LOG {"event":"send_rate","rate":296000,"ts":1760456958.1355724}
2025/10/14 15:49:19 POLARIS_LOG {"event":"send_rate","rate":304000,"ts":1760456959.1399064}
2025/10/14 15:49:20 POLARIS_LOG {"event":"send_rate","rate":304000,"ts":1760456960.1391003}
2025/10/14 15:49:21 POLARIS_LOG {"event":"send_rate","rate":272000,"ts":1760456961.13972}
2025/10/14 15:49:22 POLARIS_LOG {"event":"send_rate","rate":248000,"ts":1760456962.1400476}
2025/10/14 15:49:23 POLARIS_LOG {"event":"send_rate","rate":248000,"ts":1760456963.1362116}
2025/10/14 15:49:24 POLARIS_LOG {"event":"send_rate","rate":200000,"ts":1760456964.1354144}
2025/10/14 15:49:25 POLARIS_LOG {"event":"send_rate","rate":112000,"ts":1760456965.1354053}
2025/10/14 15:49:26 POLARIS_LOG {"event":"send_rate","rate":216000,"ts":1760456966.1512759}
2025/10/14 15:49:27 POLARIS_LOG {"event":"send_rate","rate":216000,"ts":1760456967.135635}
2025/10/14 15:49:28 POLARIS_LOG {"event":"send_rate","rate":360000,"ts":1760456968.1367013}
2025/10/14 15:49:29 POLARIS_LOG {"event":"send_rate","rate":360000,"ts":1760456969.1388}
2025/10/14 15:49:30 POLARIS_LOG {"event":"send_rate","rate":264000,"ts":1760456970.3782597}
2025/10/14 15:49:31 POLARIS_LOG {"event":"send_rate","rate":192000,"ts":1760456971.1503708}
2025/10/14 15:49:32 POLARIS_LOG {"event":"send_rate","rate":272000,"ts":1760456972.1364987}
2025/10/14 15:49:33 POLARIS_LOG {"event":"send_rate","rate":184000,"ts":1760456973.136021}
2025/10/14 15:49:34 POLARIS_LOG {"event":"send_rate","rate":320000,"ts":1760456974.1361349}
2025/10/14 15:49:35 POLARIS_LOG {"event":"send_rate","rate":304000,"ts":1760456975.136684}
2025/10/14 15:49:36 POLARIS_LOG {"event":"send_rate","rate":400000,"ts":1760456976.1362689}
2025/10/14 15:49:37 POLARIS_LOG {"event":"send_rate","rate":368000,"ts":1760456977.137036}
2025/10/14 15:49:38 POLARIS_LOG {"event":"send_rate","rate":344000,"ts":1760456978.1386673}
2025/10/14 15:49:39 POLARIS_LOG {"event":"send_rate","rate":392000,"ts":1760456979.1444619}
2025/10/14 15:49:40 POLARIS_LOG {"event":"send_rate","rate":344000,"ts":1760456980.1354964}
2025/10/14 15:49:41 POLARIS_LOG {"event":"send_rate","rate":456000,"ts":1760456981.1361947}
2025/10/14 15:49:42 POLARIS_LOG {"event":"send_rate","rate":440000,"ts":1760456982.1601737}
2025/10/14 15:49:43 POLARIS_LOG {"event":"send_rate","rate":384000,"ts":1760456983.1366642}
2025/10/14 15:49:44 POLARIS_LOG {"event":"send_rate","rate":296000,"ts":1760456984.1393385}
2025/10/14 15:49:45 POLARIS_LOG {"event":"send_rate","rate":304000,"ts":1760456985.1392055}
2025/10/14 15:49:46 POLARIS_LOG {"event":"send_rate","rate":296000,"ts":1760456986.1361792}
2025/10/14 15:49:47 POLARIS_LOG {"event":"send_rate","rate":304000,"ts":1760456987.1354575}
2025/10/14 15:49:48 POLARIS_LOG {"event":"send_rate","rate":296000,"ts":1760456988.1362634}
2025/10/14 15:49:49 POLARIS_LOG {"event":"send_rate","rate":304000,"ts":1760456989.1366918}
2025/10/14 15:49:50 POLARIS_LOG {"event":"send_rate","rate":296000,"ts":1760456990.1375556}
2025/10/14 15:49:51 POLARIS_LOG {"event":"send_rate","rate":304000,"ts":1760456991.1353862}
2025/10/14 15:49:52 POLARIS_LOG {"event":"send_rate","rate":296000,"ts":1760456992.1359203}
2025/10/14 15:49:53 POLARIS_LOG {"event":"send_rate","rate":304000,"ts":1760456993.1413965}
2025/10/14 15:49:54 POLARIS_LOG {"event":"send_rate","rate":296000,"ts":1760456994.1362035}
2025/10/14 15:49:55 POLARIS_LOG {"event":"send_rate","rate":304000,"ts":1760456995.1355317}
2025/10/14 15:49:56 POLARIS_LOG {"event":"send_rate","rate":296000,"ts":1760456996.156879}
2025/10/14 15:49:57 POLARIS_LOG {"event":"send_rate","rate":304000,"ts":1760456997.1360588}
2025/10/14 15:49:58 POLARIS_LOG {"event":"send_rate","rate":296000,"ts":1760456998.136318}
2025/10/14 15:49:59 POLARIS_LOG {"event":"send_rate","rate":304000,"ts":1760456999.1378455}
2025/10/14 15:50:00 POLARIS_LOG {"event":"send_rate","rate":296000,"ts":1760457000.1364782}
2025/10/14 15:50:01 POLARIS_LOG {"event":"send_rate","rate":232000,"ts":1760457001.1354308}
2025/10/14 15:50:02 POLARIS_LOG {"event":"send_rate","rate":112000,"ts":1760457002.1372967}
2025/10/14 15:50:03 POLARIS_LOG {"event":"send_rate","rate":192000,"ts":1760457003.1372297}
2025/10/14 15:50:04 POLARIS_LOG {"event":"send_rate","rate":184000,"ts":1760457004.136335}
2025/10/14 15:50:05 POLARIS_LOG {"event":"send_rate","rate":288000,"ts":1760457005.1355166}
2025/10/14 15:50:06 POLARIS_LOG {"event":"send_rate","rate":152000,"ts":1760457006.136}
2025/10/14 15:50:07 POLARIS_LOG {"event":"send_rate","rate":208000,"ts":1760457007.1362636}
2025/10/14 15:50:08 POLARIS_LOG {"event":"send_rate","rate":232000,"ts":1760457008.135982}
Skipping switch: current path 2 2 6 6 3 5 has lastEstimate 333250 >= maxEstimate 0
2025/10/14 15:50:09 POLARIS_LOG {"event":"send_rate","rate":216000,"ts":1760457009.135949}
2025/10/14 15:50:10 POLARIS_LOG {"event":"send_rate","rate":296000,"ts":1760457010.1362085}
2025/10/14 15:50:11 POLARIS_LOG {"event":"send_rate","rate":336000,"ts":1760457011.1373727}
2025/10/14 15:50:12 POLARIS_LOG {"event":"send_rate","rate":360000,"ts":1760457012.1446126}
2025/10/14 15:50:13 POLARIS_LOG {"event":"send_rate","rate":368000,"ts":1760457013.1354892}
2025/10/14 15:50:14 POLARIS_LOG {"event":"send_rate","rate":384000,"ts":1760457014.1358094}
2025/10/14 15:50:15 POLARIS_LOG {"event":"send_rate","rate":544000,"ts":1760457015.1362557}
2025/10/14 15:50:16 POLARIS_LOG {"event":"send_rate","rate":408000,"ts":1760457016.138088}
2025/10/14 15:50:17 POLARIS_LOG {"event":"send_rate","rate":432000,"ts":1760457017.1354055}
2025/10/14 15:50:18 POLARIS_LOG {"event":"send_rate","rate":280000,"ts":1760457018.1353421}
Skipping switch: current path 2 2 6 6 3 5 has lastEstimate 333250 >= maxEstimate 0
2025/10/14 15:50:19 POLARIS_LOG {"event":"send_rate","rate":368000,"ts":1760457019.135972}
2025/10/14 15:50:20 POLARIS_LOG {"event":"send_rate","rate":248000,"ts":1760457020.1582408}
2025/10/14 15:50:21 POLARIS_LOG {"event":"send_rate","rate":352000,"ts":1760457021.142239}
2025/10/14 15:50:22 POLARIS_LOG {"event":"send_rate","rate":288000,"ts":1760457022.1356795}
2025/10/14 15:50:23 POLARIS_LOG {"event":"send_rate","rate":232000,"ts":1760457023.1415951}
2025/10/14 15:50:24 POLARIS_LOG {"event":"send_rate","rate":288000,"ts":1760457024.1383505}
2025/10/14 15:50:25 POLARIS_LOG {"event":"send_rate","rate":288000,"ts":1760457025.1366622}
2025/10/14 15:50:26 POLARIS_LOG {"event":"send_rate","rate":280000,"ts":1760457026.1479807}
2025/10/14 15:50:27 POLARIS_LOG {"event":"send_rate","rate":320000,"ts":1760457027.1361818}
2025/10/14 15:50:28 POLARIS_LOG {"event":"send_rate","rate":240000,"ts":1760457028.1462355}
Skipping switch: current path 2 2 6 6 3 5 has lastEstimate 333250 >= maxEstimate 0
2025/10/14 15:50:29 POLARIS_LOG {"event":"send_rate","rate":240000,"ts":1760457029.1497111}
2025/10/14 15:50:30 POLARIS_LOG {"event":"send_rate","rate":328000,"ts":1760457030.138536}
2025/10/14 15:50:31 POLARIS_LOG {"event":"send_rate","rate":304000,"ts":1760457031.135696}
2025/10/14 15:50:32 POLARIS_LOG {"event":"send_rate","rate":376000,"ts":1760457032.136434}
2025/10/14 15:50:33 POLARIS_LOG {"event":"send_rate","rate":224000,"ts":1760457033.1517618}
2025/10/14 15:50:34 POLARIS_LOG {"event":"send_rate","rate":256000,"ts":1760457034.137929}
2025/10/14 15:50:35 POLARIS_LOG {"event":"send_rate","rate":312000,"ts":1760457035.166787}
2025/10/14 15:50:36 POLARIS_LOG {"event":"send_rate","rate":240000,"ts":1760457036.1485567}
2025/10/14 15:50:37 POLARIS_LOG {"event":"send_rate","rate":304000,"ts":1760457037.1363032}
2025/10/14 15:50:38 POLARIS_LOG {"event":"send_rate","rate":296000,"ts":1760457038.1804652}
2025/10/14 15:50:39 POLARIS_LOG {"event":"send_rate","rate":192000,"ts":1760457039.1361842}
2025/10/14 15:50:40 POLARIS_LOG {"event":"send_rate","rate":176000,"ts":1760457040.135892}
2025/10/14 15:50:41 POLARIS_LOG {"event":"send_rate","rate":184000,"ts":1760457041.1355317}
2025/10/14 15:50:42 POLARIS_LOG {"event":"send_rate","rate":168000,"ts":1760457042.1366093}
2025/10/14 15:50:43 POLARIS_LOG {"event":"send_rate","rate":160000,"ts":1760457043.1358957}
2025/10/14 15:50:44 POLARIS_LOG {"event":"send_rate","rate":224000,"ts":1760457044.1354651}
2025/10/14 15:50:45 POLARIS_LOG {"event":"send_rate","rate":304000,"ts":1760457045.1698174}
2025/10/14 15:50:46 POLARIS_LOG {"event":"send_rate","rate":280000,"ts":1760457046.135778}
2025/10/14 15:50:47 POLARIS_LOG {"event":"send_rate","rate":320000,"ts":1760457047.1355288}
2025/10/14 15:50:48 POLARIS_LOG {"event":"send_rate","rate":360000,"ts":1760457048.1358142}
2025/10/14 15:50:49 POLARIS_LOG {"event":"send_rate","rate":344000,"ts":1760457049.135536}
2025/10/14 15:50:50 POLARIS_LOG {"event":"send_rate","rate":304000,"ts":1760457050.1398363}
2025/10/14 15:50:51 POLARIS_LOG {"event":"send_rate","rate":328000,"ts":1760457051.136385}
2025/10/14 15:50:52 POLARIS_LOG {"event":"send_rate","rate":232000,"ts":1760457052.1362758}
2025/10/14 15:50:53 POLARIS_LOG {"event":"send_rate","rate":272000,"ts":1760457053.1376557}
2025/10/14 15:50:54 POLARIS_LOG {"event":"send_rate","rate":296000,"ts":1760457054.1385813}
2025/10/14 15:50:55 POLARIS_LOG {"event":"send_rate","rate":176000,"ts":1760457055.1411757}
2025/10/14 15:50:56 POLARIS_LOG {"event":"send_rate","rate":208000,"ts":1760457056.1357858}
2025/10/14 15:50:57 POLARIS_LOG {"event":"send_rate","rate":240000,"ts":1760457057.1355574}
2025/10/14 15:50:58 POLARIS_LOG {"event":"send_rate","rate":248000,"ts":1760457058.136117}
2025/10/14 15:50:59 POLARIS_LOG {"event":"send_rate","rate":160000,"ts":1760457059.1392057}
Skipping switch: current path 2 2 6 6 3 5 has lastEstimate 333250 >= maxEstimate 0
2025/10/14 15:51:00 POLARIS_LOG {"event":"send_rate","rate":224000,"ts":1760457060.135724}
2025/10/14 15:51:01 POLARIS_LOG {"event":"send_rate","rate":248000,"ts":1760457061.135419}
2025/10/14 15:51:02 POLARIS_LOG {"event":"send_rate","rate":304000,"ts":1760457062.136031}
2025/10/14 15:51:03 POLARIS_LOG {"event":"send_rate","rate":240000,"ts":1760457063.1406417}
2025/10/14 15:51:04 POLARIS_LOG {"event":"send_rate","rate":280000,"ts":1760457064.1795847}
2025/10/14 15:51:05 POLARIS_LOG {"event":"send_rate","rate":296000,"ts":1760457065.1391943}
2025/10/14 15:51:06 POLARIS_LOG {"event":"send_rate","rate":288000,"ts":1760457066.1360855}
2025/10/14 15:51:07 POLARIS_LOG {"event":"send_rate","rate":224000,"ts":1760457067.1355443}
2025/10/14 15:51:08 POLARIS_LOG {"event":"send_rate","rate":192000,"ts":1760457068.136524}
Skipping switch: current path 2 2 6 6 3 5 has lastEstimate 333250 >= maxEstimate 0
2025/10/14 15:51:09 POLARIS_LOG {"event":"send_rate","rate":208000,"ts":1760457069.1435573}
2025/10/14 15:51:10 POLARIS_LOG {"event":"send_rate","rate":200000,"ts":1760457070.1382232}
2025/10/14 15:51:11 POLARIS_LOG {"event":"send_rate","rate":296000,"ts":1760457071.1353292}
2025/10/14 15:51:12 POLARIS_LOG {"event":"send_rate","rate":304000,"ts":1760457072.1406043}
2025/10/14 15:51:13 POLARIS_LOG {"event":"send_rate","rate":480000,"ts":1760457073.137861}
2025/10/14 15:51:14 POLARIS_LOG {"event":"send_rate","rate":352000,"ts":1760457074.1394007}
2025/10/14 15:51:15 POLARIS_LOG {"event":"send_rate","rate":328000,"ts":1760457075.1360328}
2025/10/14 15:51:16 POLARIS_LOG {"event":"send_rate","rate":320000,"ts":1760457076.1371043}
2025/10/14 15:51:17 POLARIS_LOG {"event":"send_rate","rate":376000,"ts":1760457077.1359859}
2025/10/14 15:51:18 POLARIS_LOG {"event":"send_rate","rate":384000,"ts":1760457078.1380715}
2025/10/14 15:51:19 POLARIS_LOG {"event":"send_rate","rate":352000,"ts":1760457079.1381693}
2025/10/14 15:51:20 POLARIS_LOG {"event":"send_rate","rate":360000,"ts":1760457080.136904}
2025/10/14 15:51:21 POLARIS_LOG {"event":"send_rate","rate":368000,"ts":1760457081.1406457}
2025/10/14 15:51:22 POLARIS_LOG {"event":"send_rate","rate":352000,"ts":1760457082.1418924}
2025/10/14 15:51:23 POLARIS_LOG {"event":"send_rate","rate":384000,"ts":1760457083.1361203}
2025/10/14 15:51:24 POLARIS_LOG {"event":"send_rate","rate":216000,"ts":1760457084.1354969}
2025/10/14 15:51:25 POLARIS_LOG {"event":"send_rate","rate":232000,"ts":1760457085.1472213}
2025/10/14 15:51:26 POLARIS_LOG {"event":"send_rate","rate":224000,"ts":1760457086.135714}
2025/10/14 15:51:27 POLARIS_LOG {"event":"send_rate","rate":272000,"ts":1760457087.1361077}
2025/10/14 15:51:28 POLARIS_LOG {"event":"send_rate","rate":280000,"ts":1760457088.1361449}
2025/10/14 15:51:29 POLARIS_LOG {"event":"send_rate","rate":312000,"ts":1760457089.136437}
Drain Loop received packet
Drain Loop received non-nil payload
Client sent 10296 packets, server reported 10099 packets received
The network loss rate from client to server is 1.9%

S->C results
Attempted bandwidth: 0 bps / 0.00 Mbps
Achieved bandwidth: 0 bps / 0.00 Mbps
Loss rate: 0.0%
Interarrival time min/avg/max/mdev = -0.000/0.000/0.000/0.000 ms

C->S results
Attempted bandwidth: 299985 bps / 0.30 Mbps
Achieved bandwidth: 289577 bps / 0.29 Mbps
Loss rate: 3.5%
Interarrival time min/avg/max/mdev = 0.002/27.365/819.374/28.143 ms
