
Test parameters:
client->server: 264 seconds, 1000 bytes, 9900 packets
server->client: 264 seconds, 1000 bytes, 0 packets
2025/10/14 15:47:04 POLARIS_LOG {"current_rate":0,"event":"path_switch","new":"2 2 5 2","trigger":"initialization","ts":1760456824.313651}
Polaris prober initialized with 38 paths
Polaris prober initialized with local 1-111,10.111.0.71:32728 and remote 1-113,10.113.0.71
2025/10/14 15:47:06 POLARIS_LOG {"event":"send_rate","rate":0,"ts":1760456826.31857}
2025/10/14 15:47:07 POLARIS_LOG {"event":"send_rate","rate":88000,"ts":1760456827.3168647}
2025/10/14 15:47:08 POLARIS_LOG {"event":"send_rate","rate":304000,"ts":1760456828.3257666}
2025/10/14 15:47:09 POLARIS_LOG {"event":"send_rate","rate":296000,"ts":1760456829.31518}
2025/10/14 15:47:10 POLARIS_LOG {"event":"send_rate","rate":304000,"ts":1760456830.3167605}
2025/10/14 15:47:11 POLARIS_LOG {"event":"send_rate","rate":296000,"ts":1760456831.3216963}
2025/10/14 15:47:12 POLARIS_LOG {"event":"send_rate","rate":304000,"ts":1760456832.3193243}
2025/10/14 15:47:13 POLARIS_LOG {"event":"send_rate","rate":296000,"ts":1760456833.319982}
2025/10/14 15:47:14 POLARIS_LOG {"event":"send_rate","rate":304000,"ts":1760456834.3159995}
2025/10/14 15:47:15 POLARIS_LOG {"event":"send_rate","rate":296000,"ts":1760456835.3182802}
2025/10/14 15:47:16 POLARIS_LOG {"event":"send_rate","rate":304000,"ts":1760456836.3351207}
2025/10/14 15:47:17 POLARIS_LOG {"event":"send_rate","rate":296000,"ts":1760456837.315235}
2025/10/14 15:47:18 POLARIS_LOG {"event":"send_rate","rate":304000,"ts":1760456838.3161488}
2025/10/14 15:47:19 POLARIS_LOG {"event":"send_rate","rate":296000,"ts":1760456839.3259947}
2025/10/14 15:47:20 POLARIS_LOG {"event":"send_rate","rate":304000,"ts":1760456840.3152244}
2025/10/14 15:47:21 POLARIS_LOG {"event":"send_rate","rate":296000,"ts":1760456841.315423}
2025/10/14 15:47:22 POLARIS_LOG {"event":"send_rate","rate":232000,"ts":1760456842.3153389}
2025/10/14 15:47:23 POLARIS_LOG {"event":"send_rate","rate":144000,"ts":1760456843.3154047}
2025/10/14 15:47:24 POLARIS_LOG {"event":"send_rate","rate":160000,"ts":1760456844.3149202}
2025/10/14 15:47:24 POLARIS_LOG {"candidates":5,"candidates_unfiltered":5,"current_rate":160000,"estimated_share":500000,"event":"path_switch","max_estimated_share":500000,"new":"4 4 3 5","old":"2 2 5 2","trigger":"scheduled","ts":1760456844.3150134}
2025/10/14 15:47:25 POLARIS_LOG {"event":"send_rate","rate":664000,"ts":1760456845.3157372}
2025/10/14 15:47:26 POLARIS_LOG {"event":"send_rate","rate":304000,"ts":1760456846.3168135}
2025/10/14 15:47:27 POLARIS_LOG {"event":"send_rate","rate":304000,"ts":1760456847.3400748}
2025/10/14 15:47:28 POLARIS_LOG {"event":"send_rate","rate":296000,"ts":1760456848.3155541}
2025/10/14 15:47:29 POLARIS_LOG {"event":"send_rate","rate":296000,"ts":1760456849.3157778}
2025/10/14 15:47:30 POLARIS_LOG {"event":"send_rate","rate":304000,"ts":1760456850.315357}
2025/10/14 15:47:31 POLARIS_LOG {"event":"send_rate","rate":296000,"ts":1760456851.3228025}
2025/10/14 15:47:32 POLARIS_LOG {"event":"send_rate","rate":304000,"ts":1760456852.316901}
2025/10/14 15:47:33 POLARIS_LOG {"event":"send_rate","rate":312000,"ts":1760456853.3703103}
2025/10/14 15:47:34 POLARIS_LOG {"event":"send_rate","rate":296000,"ts":1760456854.3418348}
2025/10/14 15:47:35 POLARIS_LOG {"event":"send_rate","rate":288000,"ts":1760456855.315036}
2025/10/14 15:47:36 POLARIS_LOG {"event":"send_rate","rate":304000,"ts":1760456856.3150148}
2025/10/14 15:47:37 POLARIS_LOG {"event":"send_rate","rate":296000,"ts":1760456857.3155568}
2025/10/14 15:47:38 POLARIS_LOG {"event":"send_rate","rate":296000,"ts":1760456858.31639}
2025/10/14 15:47:39 POLARIS_LOG {"event":"send_rate","rate":304000,"ts":1760456859.3237607}
2025/10/14 15:47:40 POLARIS_LOG {"event":"send_rate","rate":304000,"ts":1760456860.3157768}
2025/10/14 15:47:41 POLARIS_LOG {"event":"send_rate","rate":296000,"ts":1760456861.315511}
2025/10/14 15:47:42 POLARIS_LOG {"event":"send_rate","rate":296000,"ts":1760456862.3196247}
2025/10/14 15:47:43 POLARIS_LOG {"event":"send_rate","rate":304000,"ts":1760456863.323113}
2025/10/14 15:47:44 POLARIS_LOG {"event":"send_rate","rate":296000,"ts":1760456864.3149524}
2025/10/14 15:47:45 POLARIS_LOG {"event":"send_rate","rate":304000,"ts":1760456865.3156207}
2025/10/14 15:47:46 POLARIS_LOG {"event":"send_rate","rate":304000,"ts":1760456866.3152492}
2025/10/14 15:47:47 POLARIS_LOG {"event":"send_rate","rate":296000,"ts":1760456867.3203254}
2025/10/14 15:47:48 POLARIS_LOG {"event":"send_rate","rate":304000,"ts":1760456868.3178084}
2025/10/14 15:47:49 POLARIS_LOG {"event":"send_rate","rate":296000,"ts":1760456869.3272138}
2025/10/14 15:47:50 POLARIS_LOG {"event":"send_rate","rate":296000,"ts":1760456870.3148983}
2025/10/14 15:47:51 POLARIS_LOG {"event":"send_rate","rate":304000,"ts":1760456871.3241107}
2025/10/14 15:47:52 POLARIS_LOG {"event":"send_rate","rate":296000,"ts":1760456872.3152187}
2025/10/14 15:47:53 POLARIS_LOG {"event":"send_rate","rate":304000,"ts":1760456873.3162055}
2025/10/14 15:47:54 POLARIS_LOG {"event":"send_rate","rate":296000,"ts":1760456874.3156247}
2025/10/14 15:47:55 POLARIS_LOG {"event":"send_rate","rate":304000,"ts":1760456875.315186}
2025/10/14 15:47:56 POLARIS_LOG {"event":"send_rate","rate":296000,"ts":1760456876.3161235}
2025/10/14 15:47:57 POLARIS_LOG {"event":"send_rate","rate":304000,"ts":1760456877.3153183}
2025/10/14 15:47:58 POLARIS_LOG {"event":"send_rate","rate":296000,"ts":1760456878.3151257}
2025/10/14 15:47:59 POLARIS_LOG {"event":"send_rate","rate":304000,"ts":1760456879.3154378}
2025/10/14 15:48:00 POLARIS_LOG {"event":"send_rate","rate":296000,"ts":1760456880.3157237}
2025/10/14 15:48:01 POLARIS_LOG {"event":"send_rate","rate":304000,"ts":1760456881.3154378}
2025/10/14 15:48:02 POLARIS_LOG {"event":"send_rate","rate":296000,"ts":1760456882.3155382}
2025/10/14 15:48:03 POLARIS_LOG {"event":"send_rate","rate":304000,"ts":1760456883.31517}
2025/10/14 15:48:04 POLARIS_LOG {"event":"send_rate","rate":296000,"ts":1760456884.3148568}
2025/10/14 15:48:05 POLARIS_LOG {"event":"send_rate","rate":304000,"ts":1760456885.3156807}
2025/10/14 15:48:06 POLARIS_LOG {"event":"send_rate","rate":296000,"ts":1760456886.315873}
2025/10/14 15:48:07 POLARIS_LOG {"event":"send_rate","rate":304000,"ts":1760456887.3154333}
2025/10/14 15:48:08 POLARIS_LOG {"event":"send_rate","rate":296000,"ts":1760456888.3151987}
2025/10/14 15:48:09 POLARIS_LOG {"event":"send_rate","rate":304000,"ts":1760456889.318358}
2025/10/14 15:48:10 POLARIS_LOG {"event":"send_rate","rate":296000,"ts":1760456890.315809}
2025/10/14 15:48:11 POLARIS_LOG {"event":"send_rate","rate":304000,"ts":1760456891.3252525}
2025/10/14 15:48:12 POLARIS_LOG {"event":"send_rate","rate":296000,"ts":1760456892.3158448}
2025/10/14 15:48:13 POLARIS_LOG {"event":"send_rate","rate":304000,"ts":1760456893.3149276}
2025/10/14 15:48:14 POLARIS_LOG {"event":"send_rate","rate":296000,"ts":1760456894.316295}
2025/10/14 15:48:15 POLARIS_LOG {"event":"send_rate","rate":304000,"ts":1760456895.3161466}
2025/10/14 15:48:16 POLARIS_LOG {"event":"send_rate","rate":296000,"ts":1760456896.317724}
2025/10/14 15:48:17 POLARIS_LOG {"event":"send_rate","rate":304000,"ts":1760456897.3158293}
2025/10/14 15:48:18 POLARIS_LOG {"event":"send_rate","rate":296000,"ts":1760456898.3158486}
2025/10/14 15:48:19 POLARIS_LOG {"event":"send_rate","rate":304000,"ts":1760456899.3165302}
2025/10/14 15:48:20 POLARIS_LOG {"event":"send_rate","rate":296000,"ts":1760456900.3156872}
2025/10/14 15:48:21 POLARIS_LOG {"event":"send_rate","rate":304000,"ts":1760456901.3158088}
2025/10/14 15:48:22 POLARIS_LOG {"event":"send_rate","rate":304000,"ts":1760456902.3358219}
2025/10/14 15:48:23 POLARIS_LOG {"event":"send_rate","rate":296000,"ts":1760456903.3232484}
2025/10/14 15:48:24 POLARIS_LOG {"event":"send_rate","rate":296000,"ts":1760456904.315477}
2025/10/14 15:48:25 POLARIS_LOG {"event":"send_rate","rate":304000,"ts":1760456905.3258069}
2025/10/14 15:48:26 POLARIS_LOG {"event":"send_rate","rate":296000,"ts":1760456906.315395}
2025/10/14 15:48:27 POLARIS_LOG {"event":"send_rate","rate":304000,"ts":1760456907.3152223}
2025/10/14 15:48:28 POLARIS_LOG {"event":"send_rate","rate":296000,"ts":1760456908.3150902}
2025/10/14 15:48:29 POLARIS_LOG {"event":"send_rate","rate":296000,"ts":1760456909.317916}
2025/10/14 15:48:30 POLARIS_LOG {"event":"send_rate","rate":304000,"ts":1760456910.3157659}
2025/10/14 15:48:31 POLARIS_LOG {"event":"send_rate","rate":304000,"ts":1760456911.3238926}
2025/10/14 15:48:32 POLARIS_LOG {"event":"send_rate","rate":296000,"ts":1760456912.3149848}
2025/10/14 15:48:33 POLARIS_LOG {"event":"send_rate","rate":304000,"ts":1760456913.3153493}
2025/10/14 15:48:34 POLARIS_LOG {"event":"send_rate","rate":296000,"ts":1760456914.315538}
2025/10/14 15:48:35 POLARIS_LOG {"event":"send_rate","rate":304000,"ts":1760456915.3166318}
2025/10/14 15:48:36 POLARIS_LOG {"event":"send_rate","rate":296000,"ts":1760456916.3162088}
2025/10/14 15:48:37 POLARIS_LOG {"event":"send_rate","rate":304000,"ts":1760456917.3174894}
2025/10/14 15:48:38 POLARIS_LOG {"event":"send_rate","rate":304000,"ts":1760456918.3334374}
2025/10/14 15:48:39 POLARIS_LOG {"event":"send_rate","rate":296000,"ts":1760456919.3151205}
2025/10/14 15:48:40 POLARIS_LOG {"event":"send_rate","rate":296000,"ts":1760456920.3148437}
2025/10/14 15:48:41 POLARIS_LOG {"event":"send_rate","rate":304000,"ts":1760456921.3157322}
2025/10/14 15:48:42 POLARIS_LOG {"event":"send_rate","rate":296000,"ts":1760456922.3153465}
2025/10/14 15:48:43 POLARIS_LOG {"event":"send_rate","rate":304000,"ts":1760456923.3157816}
2025/10/14 15:48:44 POLARIS_LOG {"event":"send_rate","rate":296000,"ts":1760456924.3156843}
2025/10/14 15:48:45 POLARIS_LOG {"event":"send_rate","rate":304000,"ts":1760456925.3156848}
2025/10/14 15:48:46 POLARIS_LOG {"event":"send_rate","rate":296000,"ts":1760456926.3152106}
2025/10/14 15:48:47 POLARIS_LOG {"event":"send_rate","rate":304000,"ts":1760456927.315347}
2025/10/14 15:48:48 POLARIS_LOG {"event":"send_rate","rate":296000,"ts":1760456928.3160439}
2025/10/14 15:48:49 POLARIS_LOG {"event":"send_rate","rate":304000,"ts":1760456929.3166406}
2025/10/14 15:48:50 POLARIS_LOG {"event":"send_rate","rate":296000,"ts":1760456930.3151972}
2025/10/14 15:48:51 POLARIS_LOG {"event":"send_rate","rate":304000,"ts":1760456931.319597}
2025/10/14 15:48:52 POLARIS_LOG {"event":"send_rate","rate":296000,"ts":1760456932.3155317}
2025/10/14 15:48:53 POLARIS_LOG {"event":"send_rate","rate":304000,"ts":1760456933.3152046}
2025/10/14 15:48:54 POLARIS_LOG {"event":"send_rate","rate":296000,"ts":1760456934.3148406}
2025/10/14 15:48:55 POLARIS_LOG {"event":"send_rate","rate":304000,"ts":1760456935.3157537}
2025/10/14 15:48:56 POLARIS_LOG {"event":"send_rate","rate":296000,"ts":1760456936.3149626}
2025/10/14 15:48:57 POLARIS_LOG {"event":"send_rate","rate":304000,"ts":1760456937.3212972}
2025/10/14 15:48:58 POLARIS_LOG {"event":"send_rate","rate":296000,"ts":1760456938.321954}
2025/10/14 15:48:59 POLARIS_LOG {"event":"send_rate","rate":304000,"ts":1760456939.316227}
2025/10/14 15:49:00 POLARIS_LOG {"event":"send_rate","rate":296000,"ts":1760456940.3166933}
2025/10/14 15:49:01 POLARIS_LOG {"event":"send_rate","rate":304000,"ts":1760456941.3152835}
2025/10/14 15:49:02 POLARIS_LOG {"event":"send_rate","rate":296000,"ts":1760456942.3295488}
2025/10/14 15:49:03 POLARIS_LOG {"event":"send_rate","rate":304000,"ts":1760456943.3160164}
2025/10/14 15:49:04 POLARIS_LOG {"event":"send_rate","rate":304000,"ts":1760456944.3282497}
2025/10/14 15:49:05 POLARIS_LOG {"event":"send_rate","rate":296000,"ts":1760456945.3166676}
2025/10/14 15:49:06 POLARIS_LOG {"event":"send_rate","rate":296000,"ts":1760456946.3196895}
2025/10/14 15:49:07 POLARIS_LOG {"event":"send_rate","rate":304000,"ts":1760456947.3256555}
2025/10/14 15:49:08 POLARIS_LOG {"event":"send_rate","rate":296000,"ts":1760456948.3153615}
2025/10/14 15:49:09 POLARIS_LOG {"event":"send_rate","rate":304000,"ts":1760456949.3188055}
2025/10/14 15:49:10 POLARIS_LOG {"event":"send_rate","rate":296000,"ts":1760456950.3177736}
2025/10/14 15:49:11 POLARIS_LOG {"event":"send_rate","rate":304000,"ts":1760456951.3156078}
2025/10/14 15:49:12 POLARIS_LOG {"event":"send_rate","rate":296000,"ts":1760456952.314883}
2025/10/14 15:49:13 POLARIS_LOG {"event":"send_rate","rate":304000,"ts":1760456953.3195815}
2025/10/14 15:49:14 POLARIS_LOG {"event":"send_rate","rate":304000,"ts":1760456954.3379354}
2025/10/14 15:49:15 POLARIS_LOG {"event":"send_rate","rate":232000,"ts":1760456955.327443}
2025/10/14 15:49:16 POLARIS_LOG {"event":"send_rate","rate":360000,"ts":1760456956.3248944}
2025/10/14 15:49:17 POLARIS_LOG {"event":"send_rate","rate":304000,"ts":1760456957.316424}
2025/10/14 15:49:18 POLARIS_LOG {"event":"send_rate","rate":296000,"ts":1760456958.3278382}
2025/10/14 15:49:19 POLARIS_LOG {"event":"send_rate","rate":304000,"ts":1760456959.3152256}
2025/10/14 15:49:20 POLARIS_LOG {"event":"send_rate","rate":296000,"ts":1760456960.3152041}
2025/10/14 15:49:21 POLARIS_LOG {"event":"send_rate","rate":304000,"ts":1760456961.3158262}
2025/10/14 15:49:22 POLARIS_LOG {"event":"send_rate","rate":296000,"ts":1760456962.3150618}
2025/10/14 15:49:23 POLARIS_LOG {"event":"send_rate","rate":304000,"ts":1760456963.3234615}
2025/10/14 15:49:24 POLARIS_LOG {"event":"send_rate","rate":296000,"ts":1760456964.3161848}
2025/10/14 15:49:25 POLARIS_LOG {"event":"send_rate","rate":304000,"ts":1760456965.3151956}
2025/10/14 15:49:26 POLARIS_LOG {"event":"send_rate","rate":296000,"ts":1760456966.3384879}
2025/10/14 15:49:27 POLARIS_LOG {"event":"send_rate","rate":304000,"ts":1760456967.3167248}
2025/10/14 15:49:28 POLARIS_LOG {"event":"send_rate","rate":296000,"ts":1760456968.3148715}
2025/10/14 15:49:29 POLARIS_LOG {"event":"send_rate","rate":296000,"ts":1760456969.5192015}
2025/10/14 15:49:30 POLARIS_LOG {"event":"send_rate","rate":304000,"ts":1760456970.340734}
2025/10/14 15:49:31 POLARIS_LOG {"event":"send_rate","rate":288000,"ts":1760456971.3172426}
2025/10/14 15:49:32 POLARIS_LOG {"event":"send_rate","rate":320000,"ts":1760456972.3277304}
2025/10/14 15:49:33 POLARIS_LOG {"event":"send_rate","rate":296000,"ts":1760456973.3156137}
2025/10/14 15:49:34 POLARIS_LOG {"event":"send_rate","rate":296000,"ts":1760456974.315793}
2025/10/14 15:49:35 POLARIS_LOG {"event":"send_rate","rate":304000,"ts":1760456975.316576}
2025/10/14 15:49:36 POLARIS_LOG {"event":"send_rate","rate":296000,"ts":1760456976.3150053}
2025/10/14 15:49:37 POLARIS_LOG {"event":"send_rate","rate":304000,"ts":1760456977.3153603}
2025/10/14 15:49:38 POLARIS_LOG {"event":"send_rate","rate":296000,"ts":1760456978.317292}
2025/10/14 15:49:39 POLARIS_LOG {"event":"send_rate","rate":304000,"ts":1760456979.3182418}
2025/10/14 15:49:40 POLARIS_LOG {"event":"send_rate","rate":296000,"ts":1760456980.3153358}
2025/10/14 15:49:41 POLARIS_LOG {"event":"send_rate","rate":304000,"ts":1760456981.3150542}
2025/10/14 15:49:42 POLARIS_LOG {"event":"send_rate","rate":296000,"ts":1760456982.3156528}
2025/10/14 15:49:43 POLARIS_LOG {"event":"send_rate","rate":304000,"ts":1760456983.3155591}
2025/10/14 15:49:44 POLARIS_LOG {"event":"send_rate","rate":296000,"ts":1760456984.3153248}
2025/10/14 15:49:45 POLARIS_LOG {"event":"send_rate","rate":304000,"ts":1760456985.3156734}
2025/10/14 15:49:46 POLARIS_LOG {"event":"send_rate","rate":296000,"ts":1760456986.3153877}
2025/10/14 15:49:47 POLARIS_LOG {"event":"send_rate","rate":296000,"ts":1760456987.339376}
2025/10/14 15:49:48 POLARIS_LOG {"event":"send_rate","rate":304000,"ts":1760456988.315589}
2025/10/14 15:49:49 POLARIS_LOG {"event":"send_rate","rate":344000,"ts":1760456989.4717472}
2025/10/14 15:49:50 POLARIS_LOG {"event":"send_rate","rate":256000,"ts":1760456990.3156557}
2025/10/14 15:49:51 POLARIS_LOG {"event":"send_rate","rate":296000,"ts":1760456991.3178318}
2025/10/14 15:49:52 POLARIS_LOG {"event":"send_rate","rate":304000,"ts":1760456992.3157809}
2025/10/14 15:49:53 POLARIS_LOG {"event":"send_rate","rate":304000,"ts":1760456993.315077}
2025/10/14 15:49:54 POLARIS_LOG {"event":"send_rate","rate":296000,"ts":1760456994.314944}
2025/10/14 15:49:55 POLARIS_LOG {"event":"send_rate","rate":304000,"ts":1760456995.3149002}
2025/10/14 15:49:56 POLARIS_LOG {"event":"send_rate","rate":296000,"ts":1760456996.3151054}
2025/10/14 15:49:57 POLARIS_LOG {"event":"send_rate","rate":304000,"ts":1760456997.315329}
2025/10/14 15:49:58 POLARIS_LOG {"event":"send_rate","rate":296000,"ts":1760456998.315307}
2025/10/14 15:49:59 POLARIS_LOG {"event":"send_rate","rate":304000,"ts":1760456999.3158603}
2025/10/14 15:50:00 POLARIS_LOG {"event":"send_rate","rate":296000,"ts":1760457000.3302689}
2025/10/14 15:50:01 POLARIS_LOG {"event":"send_rate","rate":296000,"ts":1760457001.3176842}
2025/10/14 15:50:02 POLARIS_LOG {"event":"send_rate","rate":304000,"ts":1760457002.316406}
2025/10/14 15:50:03 POLARIS_LOG {"event":"send_rate","rate":296000,"ts":1760457003.3150144}
2025/10/14 15:50:04 POLARIS_LOG {"event":"send_rate","rate":304000,"ts":1760457004.315191}
2025/10/14 15:50:05 POLARIS_LOG {"event":"send_rate","rate":304000,"ts":1760457005.3158987}
2025/10/14 15:50:06 POLARIS_LOG {"event":"send_rate","rate":304000,"ts":1760457006.3376052}
2025/10/14 15:50:07 POLARIS_LOG {"event":"send_rate","rate":296000,"ts":1760457007.3180857}
2025/10/14 15:50:08 POLARIS_LOG {"event":"send_rate","rate":296000,"ts":1760457008.3158345}
2025/10/14 15:50:09 POLARIS_LOG {"event":"send_rate","rate":304000,"ts":1760457009.3161552}
2025/10/14 15:50:10 POLARIS_LOG {"event":"send_rate","rate":296000,"ts":1760457010.3157682}
2025/10/14 15:50:11 POLARIS_LOG {"event":"send_rate","rate":304000,"ts":1760457011.3364267}
2025/10/14 15:50:12 POLARIS_LOG {"event":"send_rate","rate":296000,"ts":1760457012.3148682}
2025/10/14 15:50:13 POLARIS_LOG {"event":"send_rate","rate":304000,"ts":1760457013.3178608}
2025/10/14 15:50:14 POLARIS_LOG {"event":"send_rate","rate":296000,"ts":1760457014.3151803}
2025/10/14 15:50:15 POLARIS_LOG {"event":"send_rate","rate":296000,"ts":1760457015.3153617}
2025/10/14 15:50:16 POLARIS_LOG {"event":"send_rate","rate":304000,"ts":1760457016.3182356}
2025/10/14 15:50:17 POLARIS_LOG {"event":"send_rate","rate":304000,"ts":1760457017.3297012}
2025/10/14 15:50:18 POLARIS_LOG {"event":"send_rate","rate":296000,"ts":1760457018.3232934}
2025/10/14 15:50:19 POLARIS_LOG {"event":"send_rate","rate":304000,"ts":1760457019.3249059}
2025/10/14 15:50:20 POLARIS_LOG {"event":"send_rate","rate":296000,"ts":1760457020.316178}
2025/10/14 15:50:21 POLARIS_LOG {"event":"send_rate","rate":296000,"ts":1760457021.3154147}
2025/10/14 15:50:22 POLARIS_LOG {"event":"send_rate","rate":304000,"ts":1760457022.3189502}
2025/10/14 15:50:23 POLARIS_LOG {"event":"send_rate","rate":296000,"ts":1760457023.3157547}
2025/10/14 15:50:24 POLARIS_LOG {"event":"send_rate","rate":304000,"ts":1760457024.3275461}
2025/10/14 15:50:25 POLARIS_LOG {"event":"send_rate","rate":296000,"ts":1760457025.3154967}
2025/10/14 15:50:26 POLARIS_LOG {"event":"send_rate","rate":304000,"ts":1760457026.3150785}
2025/10/14 15:50:27 POLARIS_LOG {"event":"send_rate","rate":296000,"ts":1760457027.3162796}
2025/10/14 15:50:28 POLARIS_LOG {"event":"send_rate","rate":304000,"ts":1760457028.3151727}
2025/10/14 15:50:29 POLARIS_LOG {"event":"send_rate","rate":304000,"ts":1760457029.3327355}
2025/10/14 15:50:30 POLARIS_LOG {"event":"send_rate","rate":296000,"ts":1760457030.3166177}
2025/10/14 15:50:31 POLARIS_LOG {"event":"send_rate","rate":296000,"ts":1760457031.3148892}
2025/10/14 15:50:32 POLARIS_LOG {"event":"send_rate","rate":304000,"ts":1760457032.3154728}
2025/10/14 15:50:33 POLARIS_LOG {"event":"send_rate","rate":296000,"ts":1760457033.3158815}
2025/10/14 15:50:34 POLARIS_LOG {"event":"send_rate","rate":304000,"ts":1760457034.3148854}
2025/10/14 15:50:35 POLARIS_LOG {"event":"send_rate","rate":296000,"ts":1760457035.3172448}
2025/10/14 15:50:36 POLARIS_LOG {"event":"send_rate","rate":304000,"ts":1760457036.315663}
2025/10/14 15:50:37 POLARIS_LOG {"event":"send_rate","rate":296000,"ts":1760457037.3233185}
2025/10/14 15:50:38 POLARIS_LOG {"event":"send_rate","rate":304000,"ts":1760457038.3154132}
2025/10/14 15:50:39 POLARIS_LOG {"event":"send_rate","rate":304000,"ts":1760457039.3233662}
2025/10/14 15:50:40 POLARIS_LOG {"event":"send_rate","rate":296000,"ts":1760457040.3158214}
2025/10/14 15:50:41 POLARIS_LOG {"event":"send_rate","rate":296000,"ts":1760457041.3165905}
2025/10/14 15:50:42 POLARIS_LOG {"event":"send_rate","rate":304000,"ts":1760457042.3173528}
2025/10/14 15:50:43 POLARIS_LOG {"event":"send_rate","rate":296000,"ts":1760457043.314958}
2025/10/14 15:50:44 POLARIS_LOG {"event":"send_rate","rate":304000,"ts":1760457044.3164122}
2025/10/14 15:50:45 POLARIS_LOG {"event":"send_rate","rate":296000,"ts":1760457045.3161814}
2025/10/14 15:50:46 POLARIS_LOG {"event":"send_rate","rate":304000,"ts":1760457046.3159013}
2025/10/14 15:50:47 POLARIS_LOG {"event":"send_rate","rate":296000,"ts":1760457047.3224475}
2025/10/14 15:50:48 POLARIS_LOG {"event":"send_rate","rate":304000,"ts":1760457048.315385}
2025/10/14 15:50:49 POLARIS_LOG {"event":"send_rate","rate":296000,"ts":1760457049.3161163}
2025/10/14 15:50:50 POLARIS_LOG {"event":"send_rate","rate":304000,"ts":1760457050.3165212}
2025/10/14 15:50:51 POLARIS_LOG {"event":"send_rate","rate":296000,"ts":1760457051.3155625}
2025/10/14 15:50:52 POLARIS_LOG {"event":"send_rate","rate":304000,"ts":1760457052.3152401}
2025/10/14 15:50:53 POLARIS_LOG {"event":"send_rate","rate":304000,"ts":1760457053.329212}
2025/10/14 15:50:54 POLARIS_LOG {"event":"send_rate","rate":296000,"ts":1760457054.315639}
2025/10/14 15:50:55 POLARIS_LOG {"event":"send_rate","rate":296000,"ts":1760457055.3151925}
2025/10/14 15:50:56 POLARIS_LOG {"event":"send_rate","rate":304000,"ts":1760457056.3153915}
2025/10/14 15:50:57 POLARIS_LOG {"event":"send_rate","rate":296000,"ts":1760457057.3154125}
2025/10/14 15:50:58 POLARIS_LOG {"event":"send_rate","rate":304000,"ts":1760457058.3154378}
2025/10/14 15:50:59 POLARIS_LOG {"event":"send_rate","rate":304000,"ts":1760457059.3309717}
2025/10/14 15:51:00 POLARIS_LOG {"event":"send_rate","rate":296000,"ts":1760457060.3156419}
2025/10/14 15:51:01 POLARIS_LOG {"event":"send_rate","rate":296000,"ts":1760457061.315582}
2025/10/14 15:51:02 POLARIS_LOG {"event":"send_rate","rate":304000,"ts":1760457062.3161762}
2025/10/14 15:51:03 POLARIS_LOG {"event":"send_rate","rate":304000,"ts":1760457063.334434}
2025/10/14 15:51:04 POLARIS_LOG {"event":"send_rate","rate":296000,"ts":1760457064.3283226}
2025/10/14 15:51:05 POLARIS_LOG {"event":"send_rate","rate":296000,"ts":1760457065.3156817}
2025/10/14 15:51:06 POLARIS_LOG {"event":"send_rate","rate":304000,"ts":1760457066.3152359}
2025/10/14 15:51:07 POLARIS_LOG {"event":"send_rate","rate":296000,"ts":1760457067.316569}
2025/10/14 15:51:08 POLARIS_LOG {"event":"send_rate","rate":304000,"ts":1760457068.3251235}
2025/10/14 15:51:09 POLARIS_LOG {"event":"send_rate","rate":288000,"ts":1760457069.3353362}
2025/10/14 15:51:10 POLARIS_LOG {"event":"send_rate","rate":312000,"ts":1760457070.3226569}
2025/10/14 15:51:11 POLARIS_LOG {"event":"send_rate","rate":304000,"ts":1760457071.324039}
2025/10/14 15:51:12 POLARIS_LOG {"event":"send_rate","rate":304000,"ts":1760457072.3418176}
2025/10/14 15:51:13 POLARIS_LOG {"event":"send_rate","rate":288000,"ts":1760457073.319773}
2025/10/14 15:51:14 POLARIS_LOG {"event":"send_rate","rate":304000,"ts":1760457074.3154953}
2025/10/14 15:51:15 POLARIS_LOG {"event":"send_rate","rate":296000,"ts":1760457075.3158653}
2025/10/14 15:51:16 POLARIS_LOG {"event":"send_rate","rate":304000,"ts":1760457076.315844}
2025/10/14 15:51:17 POLARIS_LOG {"event":"send_rate","rate":296000,"ts":1760457077.3160517}
2025/10/14 15:51:18 POLARIS_LOG {"event":"send_rate","rate":304000,"ts":1760457078.3156524}
2025/10/14 15:51:19 POLARIS_LOG {"event":"send_rate","rate":296000,"ts":1760457079.3155875}
2025/10/14 15:51:20 POLARIS_LOG {"event":"send_rate","rate":304000,"ts":1760457080.3184066}
2025/10/14 15:51:21 POLARIS_LOG {"event":"send_rate","rate":296000,"ts":1760457081.3151934}
2025/10/14 15:51:22 POLARIS_LOG {"event":"send_rate","rate":312000,"ts":1760457082.3449314}
2025/10/14 15:51:23 POLARIS_LOG {"event":"send_rate","rate":288000,"ts":1760457083.315868}
2025/10/14 15:51:24 POLARIS_LOG {"event":"send_rate","rate":304000,"ts":1760457084.3178058}
2025/10/14 15:51:25 POLARIS_LOG {"event":"send_rate","rate":296000,"ts":1760457085.3156416}
2025/10/14 15:51:26 POLARIS_LOG {"event":"send_rate","rate":304000,"ts":1760457086.3155215}
2025/10/14 15:51:27 POLARIS_LOG {"event":"send_rate","rate":296000,"ts":1760457087.3154936}
2025/10/14 15:51:28 POLARIS_LOG {"event":"send_rate","rate":304000,"ts":1760457088.317239}
2025/10/14 15:51:29 POLARIS_LOG {"event":"send_rate","rate":296000,"ts":1760457089.3154292}
2025/10/14 15:51:30 POLARIS_LOG {"event":"send_rate","rate":304000,"ts":1760457090.3150363}
Drain Loop received packet
Drain Loop received non-nil payload
Client sent 9900 packets, server reported 9824 packets received
The network loss rate from client to server is 0.8%

S->C results
Attempted bandwidth: 0 bps / 0.00 Mbps
Achieved bandwidth: 0 bps / 0.00 Mbps
Loss rate: 0.0%
Interarrival time min/avg/max/mdev = -0.000/0.000/0.000/0.000 ms

C->S results
Attempted bandwidth: 300000 bps / 0.30 Mbps
Achieved bandwidth: 297696 bps / 0.30 Mbps
Loss rate: 0.8%
Interarrival time min/avg/max/mdev = 0.002/26.693/533.369/22.509 ms
