
Test parameters:
client->server: 276 seconds, 1000 bytes, 10350 packets
server->client: 276 seconds, 1000 bytes, 0 packets
Polaris prober initialized with 38 paths
2025/10/14 15:46:52 POLARIS_LOG {"current_rate":0,"event":"path_switch","new":"2 2 5 2","trigger":"initialization","ts":1760456812.2402987}
Polaris prober initialized with local 1-111,10.111.0.71:32740 and remote 1-113,10.113.0.71
2025/10/14 15:46:53 POLARIS_LOG {"event":"send_rate","rate":296000,"ts":1760456813.2422822}
2025/10/14 15:46:54 POLARIS_LOG {"event":"send_rate","rate":304000,"ts":1760456814.2422364}
2025/10/14 15:46:55 POLARIS_LOG {"event":"send_rate","rate":296000,"ts":1760456815.2419999}
2025/10/14 15:46:56 POLARIS_LOG {"event":"send_rate","rate":304000,"ts":1760456816.2416637}
2025/10/14 15:46:57 POLARIS_LOG {"event":"send_rate","rate":296000,"ts":1760456817.2433283}
2025/10/14 15:46:58 POLARIS_LOG {"event":"send_rate","rate":304000,"ts":1760456818.2416356}
2025/10/14 15:46:59 POLARIS_LOG {"event":"send_rate","rate":208000,"ts":1760456819.2427022}
2025/10/14 15:47:00 POLARIS_LOG {"event":"send_rate","rate":216000,"ts":1760456820.2421758}
2025/10/14 15:47:01 POLARIS_LOG {"event":"send_rate","rate":136000,"ts":1760456821.2421663}
2025/10/14 15:47:02 POLARIS_LOG {"event":"send_rate","rate":136000,"ts":1760456822.242319}
2025/10/14 15:47:03 POLARIS_LOG {"event":"send_rate","rate":136000,"ts":1760456823.2466311}
2025/10/14 15:47:04 POLARIS_LOG {"event":"send_rate","rate":176000,"ts":1760456824.2430317}
2025/10/14 15:47:05 POLARIS_LOG {"event":"send_rate","rate":128000,"ts":1760456825.2415044}
2025/10/14 15:47:06 POLARIS_LOG {"event":"send_rate","rate":112000,"ts":1760456826.2417474}
2025/10/14 15:47:07 POLARIS_LOG {"event":"send_rate","rate":184000,"ts":1760456827.242104}
2025/10/14 15:47:08 POLARIS_LOG {"event":"send_rate","rate":240000,"ts":1760456828.243356}
2025/10/14 15:47:09 POLARIS_LOG {"event":"send_rate","rate":224000,"ts":1760456829.2464647}
2025/10/14 15:47:10 POLARIS_LOG {"event":"send_rate","rate":288000,"ts":1760456830.2421863}
2025/10/14 15:47:11 POLARIS_LOG {"event":"send_rate","rate":352000,"ts":1760456831.245931}
2025/10/14 15:47:12 POLARIS_LOG {"event":"send_rate","rate":248000,"ts":1760456832.2423472}
2025/10/14 15:47:13 POLARIS_LOG {"event":"send_rate","rate":104000,"ts":1760456833.2440655}
2025/10/14 15:47:14 POLARIS_LOG {"event":"send_rate","rate":184000,"ts":1760456834.2421062}
2025/10/14 15:47:15 POLARIS_LOG {"event":"send_rate","rate":224000,"ts":1760456835.2467127}
2025/10/14 15:47:16 POLARIS_LOG {"event":"send_rate","rate":160000,"ts":1760456836.24226}
2025/10/14 15:47:17 POLARIS_LOG {"event":"send_rate","rate":144000,"ts":1760456837.2432098}
2025/10/14 15:47:18 POLARIS_LOG {"event":"send_rate","rate":168000,"ts":1760456838.247303}
2025/10/14 15:47:19 POLARIS_LOG {"event":"send_rate","rate":136000,"ts":1760456839.2420306}
2025/10/14 15:47:20 POLARIS_LOG {"event":"send_rate","rate":136000,"ts":1760456840.2415497}
2025/10/14 15:47:21 POLARIS_LOG {"event":"send_rate","rate":200000,"ts":1760456841.2510915}
2025/10/14 15:47:22 POLARIS_LOG {"event":"send_rate","rate":136000,"ts":1760456842.2417467}
2025/10/14 15:47:23 POLARIS_LOG {"event":"send_rate","rate":192000,"ts":1760456843.242065}
2025/10/14 15:47:24 POLARIS_LOG {"event":"send_rate","rate":152000,"ts":1760456844.2635167}
2025/10/14 15:47:25 POLARIS_LOG {"event":"send_rate","rate":160000,"ts":1760456845.242769}
2025/10/14 15:47:26 POLARIS_LOG {"event":"send_rate","rate":216000,"ts":1760456846.2425861}
2025/10/14 15:47:27 POLARIS_LOG {"event":"send_rate","rate":216000,"ts":1760456847.2440343}
2025/10/14 15:47:28 POLARIS_LOG {"event":"send_rate","rate":144000,"ts":1760456848.242576}
2025/10/14 15:47:29 POLARIS_LOG {"event":"send_rate","rate":112000,"ts":1760456849.242103}
2025/10/14 15:47:30 POLARIS_LOG {"event":"send_rate","rate":144000,"ts":1760456850.3174052}
2025/10/14 15:47:31 POLARIS_LOG {"event":"send_rate","rate":136000,"ts":1760456851.242943}
2025/10/14 15:47:32 POLARIS_LOG {"event":"send_rate","rate":224000,"ts":1760456852.2427104}
2025/10/14 15:47:32 POLARIS_LOG {"candidates":18,"candidates_unfiltered":25,"current_rate":136000,"estimated_share":400000,"event":"path_switch","max_estimated_share":500000,"new":"4 4 7 7 4 1","old":"2 2 5 2","trigger":"scheduled","ts":1760456852.2425716}
2025/10/14 15:47:33 POLARIS_LOG {"event":"send_rate","rate":4424000,"ts":1760456853.249109}
2025/10/14 15:47:34 POLARIS_LOG {"event":"send_rate","rate":296000,"ts":1760456854.2419732}
2025/10/14 15:47:35 POLARIS_LOG {"event":"send_rate","rate":296000,"ts":1760456855.2496753}
2025/10/14 15:47:36 POLARIS_LOG {"event":"send_rate","rate":328000,"ts":1760456856.311096}
2025/10/14 15:47:37 POLARIS_LOG {"event":"send_rate","rate":280000,"ts":1760456857.2413995}
2025/10/14 15:47:38 POLARIS_LOG {"event":"send_rate","rate":304000,"ts":1760456858.2461507}
2025/10/14 15:47:39 POLARIS_LOG {"event":"send_rate","rate":296000,"ts":1760456859.242261}
2025/10/14 15:47:40 POLARIS_LOG {"event":"send_rate","rate":304000,"ts":1760456860.2419293}
2025/10/14 15:47:41 POLARIS_LOG {"event":"send_rate","rate":296000,"ts":1760456861.2440886}
2025/10/14 15:47:42 POLARIS_LOG {"event":"send_rate","rate":296000,"ts":1760456862.2733738}
2025/10/14 15:47:43 POLARIS_LOG {"event":"send_rate","rate":304000,"ts":1760456863.2416413}
2025/10/14 15:47:44 POLARIS_LOG {"event":"send_rate","rate":304000,"ts":1760456864.2420893}
2025/10/14 15:47:45 POLARIS_LOG {"event":"send_rate","rate":288000,"ts":1760456865.2476654}
2025/10/14 15:47:46 POLARIS_LOG {"event":"send_rate","rate":312000,"ts":1760456866.2464063}
2025/10/14 15:47:47 POLARIS_LOG {"event":"send_rate","rate":304000,"ts":1760456867.2712386}
2025/10/14 15:47:48 POLARIS_LOG {"event":"send_rate","rate":288000,"ts":1760456868.2419167}
2025/10/14 15:47:49 POLARIS_LOG {"event":"send_rate","rate":304000,"ts":1760456869.2427738}
2025/10/14 15:47:50 POLARIS_LOG {"event":"send_rate","rate":296000,"ts":1760456870.2470582}
2025/10/14 15:47:51 POLARIS_LOG {"event":"send_rate","rate":304000,"ts":1760456871.2413604}
2025/10/14 15:47:52 POLARIS_LOG {"event":"send_rate","rate":304000,"ts":1760456872.243195}
2025/10/14 15:47:53 POLARIS_LOG {"event":"send_rate","rate":296000,"ts":1760456873.2414064}
2025/10/14 15:47:54 POLARIS_LOG {"event":"send_rate","rate":304000,"ts":1760456874.2423775}
2025/10/14 15:47:55 POLARIS_LOG {"event":"send_rate","rate":296000,"ts":1760456875.246133}
2025/10/14 15:47:56 POLARIS_LOG {"event":"send_rate","rate":312000,"ts":1760456876.2718344}
2025/10/14 15:47:57 POLARIS_LOG {"event":"send_rate","rate":288000,"ts":1760456877.2472527}
2025/10/14 15:47:58 POLARIS_LOG {"event":"send_rate","rate":296000,"ts":1760456878.2421043}
2025/10/14 15:47:59 POLARIS_LOG {"event":"send_rate","rate":296000,"ts":1760456879.2517736}
2025/10/14 15:48:00 POLARIS_LOG {"event":"send_rate","rate":296000,"ts":1760456880.2555568}
2025/10/14 15:48:01 POLARIS_LOG {"event":"send_rate","rate":312000,"ts":1760456881.2456114}
2025/10/14 15:48:02 POLARIS_LOG {"event":"send_rate","rate":304000,"ts":1760456882.2506256}
2025/10/14 15:48:03 POLARIS_LOG {"event":"send_rate","rate":296000,"ts":1760456883.2415395}
2025/10/14 15:48:04 POLARIS_LOG {"event":"send_rate","rate":304000,"ts":1760456884.2466245}
2025/10/14 15:48:05 POLARIS_LOG {"event":"send_rate","rate":296000,"ts":1760456885.2420082}
2025/10/14 15:48:06 POLARIS_LOG {"event":"send_rate","rate":304000,"ts":1760456886.2436342}
2025/10/14 15:48:07 POLARIS_LOG {"event":"send_rate","rate":296000,"ts":1760456887.242426}
2025/10/14 15:48:08 POLARIS_LOG {"event":"send_rate","rate":304000,"ts":1760456888.2632866}
2025/10/14 15:48:09 POLARIS_LOG {"event":"send_rate","rate":296000,"ts":1760456889.2418995}
2025/10/14 15:48:10 POLARIS_LOG {"event":"send_rate","rate":304000,"ts":1760456890.246763}
2025/10/14 15:48:11 POLARIS_LOG {"event":"send_rate","rate":296000,"ts":1760456891.242516}
2025/10/14 15:48:12 POLARIS_LOG {"event":"send_rate","rate":296000,"ts":1760456892.2512646}
2025/10/14 15:48:13 POLARIS_LOG {"event":"send_rate","rate":304000,"ts":1760456893.2419558}
2025/10/14 15:48:14 POLARIS_LOG {"event":"send_rate","rate":304000,"ts":1760456894.2593493}
2025/10/14 15:48:15 POLARIS_LOG {"event":"send_rate","rate":312000,"ts":1760456895.3072026}
2025/10/14 15:48:16 POLARIS_LOG {"event":"send_rate","rate":288000,"ts":1760456896.2560294}
2025/10/14 15:48:17 POLARIS_LOG {"event":"send_rate","rate":296000,"ts":1760456897.2489846}
2025/10/14 15:48:18 POLARIS_LOG {"event":"send_rate","rate":304000,"ts":1760456898.2450418}
2025/10/14 15:48:19 POLARIS_LOG {"event":"send_rate","rate":296000,"ts":1760456899.2437024}
2025/10/14 15:48:20 POLARIS_LOG {"event":"send_rate","rate":296000,"ts":1760456900.2416503}
2025/10/14 15:48:21 POLARIS_LOG {"event":"send_rate","rate":304000,"ts":1760456901.242079}
2025/10/14 15:48:22 POLARIS_LOG {"event":"send_rate","rate":312000,"ts":1760456902.2719114}
2025/10/14 15:48:23 POLARIS_LOG {"event":"send_rate","rate":288000,"ts":1760456903.241498}
2025/10/14 15:48:24 POLARIS_LOG {"event":"send_rate","rate":304000,"ts":1760456904.247751}
2025/10/14 15:48:25 POLARIS_LOG {"event":"send_rate","rate":288000,"ts":1760456905.2492537}
2025/10/14 15:48:26 POLARIS_LOG {"event":"send_rate","rate":312000,"ts":1760456906.2473075}
2025/10/14 15:48:27 POLARIS_LOG {"event":"send_rate","rate":296000,"ts":1760456907.2426832}
2025/10/14 15:48:28 POLARIS_LOG {"event":"send_rate","rate":304000,"ts":1760456908.2829702}
2025/10/14 15:48:29 POLARIS_LOG {"event":"send_rate","rate":296000,"ts":1760456909.242857}
2025/10/14 15:48:30 POLARIS_LOG {"event":"send_rate","rate":296000,"ts":1760456910.2422564}
2025/10/14 15:48:31 POLARIS_LOG {"event":"send_rate","rate":304000,"ts":1760456911.2417436}
2025/10/14 15:48:32 POLARIS_LOG {"event":"send_rate","rate":296000,"ts":1760456912.2431793}
2025/10/14 15:48:33 POLARIS_LOG {"event":"send_rate","rate":304000,"ts":1760456913.25135}
2025/10/14 15:48:34 POLARIS_LOG {"event":"send_rate","rate":296000,"ts":1760456914.2415683}
2025/10/14 15:48:35 POLARIS_LOG {"event":"send_rate","rate":304000,"ts":1760456915.242133}
2025/10/14 15:48:36 POLARIS_LOG {"event":"send_rate","rate":296000,"ts":1760456916.2514203}
2025/10/14 15:48:37 POLARIS_LOG {"event":"send_rate","rate":304000,"ts":1760456917.2418582}
2025/10/14 15:48:38 POLARIS_LOG {"event":"send_rate","rate":304000,"ts":1760456918.252725}
2025/10/14 15:48:39 POLARIS_LOG {"event":"send_rate","rate":288000,"ts":1760456919.243454}
2025/10/14 15:48:40 POLARIS_LOG {"event":"send_rate","rate":304000,"ts":1760456920.2433925}
2025/10/14 15:48:41 POLARIS_LOG {"event":"send_rate","rate":304000,"ts":1760456921.2415156}
2025/10/14 15:48:42 POLARIS_LOG {"event":"send_rate","rate":296000,"ts":1760456922.244923}
2025/10/14 15:48:43 POLARIS_LOG {"event":"send_rate","rate":304000,"ts":1760456923.2420895}
2025/10/14 15:48:44 POLARIS_LOG {"event":"send_rate","rate":296000,"ts":1760456924.2423813}
2025/10/14 15:48:45 POLARIS_LOG {"event":"send_rate","rate":304000,"ts":1760456925.24239}
2025/10/14 15:48:46 POLARIS_LOG {"event":"send_rate","rate":296000,"ts":1760456926.242287}
2025/10/14 15:48:47 POLARIS_LOG {"event":"send_rate","rate":304000,"ts":1760456927.241522}
2025/10/14 15:48:48 POLARIS_LOG {"event":"send_rate","rate":296000,"ts":1760456928.2441256}
2025/10/14 15:48:49 POLARIS_LOG {"event":"send_rate","rate":304000,"ts":1760456929.242346}
2025/10/14 15:48:50 POLARIS_LOG {"event":"send_rate","rate":296000,"ts":1760456930.241416}
2025/10/14 15:48:51 POLARIS_LOG {"event":"send_rate","rate":304000,"ts":1760456931.2477467}
2025/10/14 15:48:52 POLARIS_LOG {"event":"send_rate","rate":304000,"ts":1760456932.2486923}
2025/10/14 15:48:53 POLARIS_LOG {"event":"send_rate","rate":296000,"ts":1760456933.2424605}
2025/10/14 15:48:54 POLARIS_LOG {"event":"send_rate","rate":296000,"ts":1760456934.2452593}
2025/10/14 15:48:55 POLARIS_LOG {"event":"send_rate","rate":304000,"ts":1760456935.2418196}
2025/10/14 15:48:56 POLARIS_LOG {"event":"send_rate","rate":296000,"ts":1760456936.2421966}
2025/10/14 15:48:57 POLARIS_LOG {"event":"send_rate","rate":304000,"ts":1760456937.2427676}
2025/10/14 15:48:58 POLARIS_LOG {"event":"send_rate","rate":296000,"ts":1760456938.2419324}
2025/10/14 15:48:59 POLARIS_LOG {"event":"send_rate","rate":304000,"ts":1760456939.2419124}
2025/10/14 15:49:00 POLARIS_LOG {"event":"send_rate","rate":296000,"ts":1760456940.2420807}
2025/10/14 15:49:01 POLARIS_LOG {"event":"send_rate","rate":304000,"ts":1760456941.243412}
2025/10/14 15:49:02 POLARIS_LOG {"event":"send_rate","rate":296000,"ts":1760456942.2418504}
2025/10/14 15:49:03 POLARIS_LOG {"event":"send_rate","rate":304000,"ts":1760456943.2523634}
2025/10/14 15:49:04 POLARIS_LOG {"event":"send_rate","rate":296000,"ts":1760456944.2438152}
2025/10/14 15:49:05 POLARIS_LOG {"event":"send_rate","rate":304000,"ts":1760456945.2499578}
2025/10/14 15:49:06 POLARIS_LOG {"event":"send_rate","rate":296000,"ts":1760456946.2438378}
2025/10/14 15:49:07 POLARIS_LOG {"event":"send_rate","rate":304000,"ts":1760456947.2416387}
2025/10/14 15:49:08 POLARIS_LOG {"event":"send_rate","rate":304000,"ts":1760456948.2529178}
2025/10/14 15:49:09 POLARIS_LOG {"event":"send_rate","rate":288000,"ts":1760456949.2539406}
2025/10/14 15:49:10 POLARIS_LOG {"event":"send_rate","rate":304000,"ts":1760456950.2418084}
2025/10/14 15:49:11 POLARIS_LOG {"event":"send_rate","rate":304000,"ts":1760456951.2432363}
2025/10/14 15:49:12 POLARIS_LOG {"event":"send_rate","rate":296000,"ts":1760456952.2417214}
2025/10/14 15:49:13 POLARIS_LOG {"event":"send_rate","rate":304000,"ts":1760456953.2421625}
2025/10/14 15:49:14 POLARIS_LOG {"event":"send_rate","rate":288000,"ts":1760456954.2770166}
2025/10/14 15:49:15 POLARIS_LOG {"event":"send_rate","rate":312000,"ts":1760456955.2469244}
2025/10/14 15:49:16 POLARIS_LOG {"event":"send_rate","rate":296000,"ts":1760456956.2444253}
2025/10/14 15:49:17 POLARIS_LOG {"event":"send_rate","rate":304000,"ts":1760456957.250645}
2025/10/14 15:49:18 POLARIS_LOG {"event":"send_rate","rate":296000,"ts":1760456958.242194}
2025/10/14 15:49:19 POLARIS_LOG {"event":"send_rate","rate":312000,"ts":1760456959.2693577}
2025/10/14 15:49:20 POLARIS_LOG {"event":"send_rate","rate":288000,"ts":1760456960.2455375}
2025/10/14 15:49:21 POLARIS_LOG {"event":"send_rate","rate":304000,"ts":1760456961.2421882}
2025/10/14 15:49:22 POLARIS_LOG {"event":"send_rate","rate":296000,"ts":1760456962.2454743}
2025/10/14 15:49:23 POLARIS_LOG {"event":"send_rate","rate":296000,"ts":1760456963.2438219}
2025/10/14 15:49:24 POLARIS_LOG {"event":"send_rate","rate":304000,"ts":1760456964.265097}
2025/10/14 15:49:25 POLARIS_LOG {"event":"send_rate","rate":304000,"ts":1760456965.2413864}
2025/10/14 15:49:26 POLARIS_LOG {"event":"send_rate","rate":304000,"ts":1760456966.2581122}
2025/10/14 15:49:27 POLARIS_LOG {"event":"send_rate","rate":296000,"ts":1760456967.2418544}
2025/10/14 15:49:28 POLARIS_LOG {"event":"send_rate","rate":296000,"ts":1760456968.2444515}
2025/10/14 15:49:29 POLARIS_LOG {"event":"send_rate","rate":296000,"ts":1760456969.2603738}
2025/10/14 15:49:30 POLARIS_LOG {"event":"send_rate","rate":304000,"ts":1760456970.2487845}
2025/10/14 15:49:31 POLARIS_LOG {"event":"send_rate","rate":304000,"ts":1760456971.257528}
2025/10/14 15:49:32 POLARIS_LOG {"event":"send_rate","rate":304000,"ts":1760456972.2757413}
2025/10/14 15:49:33 POLARIS_LOG {"event":"send_rate","rate":288000,"ts":1760456973.245654}
2025/10/14 15:49:34 POLARIS_LOG {"event":"send_rate","rate":304000,"ts":1760456974.2473323}
2025/10/14 15:49:35 POLARIS_LOG {"event":"send_rate","rate":304000,"ts":1760456975.2522664}
2025/10/14 15:49:36 POLARIS_LOG {"event":"send_rate","rate":296000,"ts":1760456976.2505603}
2025/10/14 15:49:37 POLARIS_LOG {"event":"send_rate","rate":304000,"ts":1760456977.241743}
2025/10/14 15:49:38 POLARIS_LOG {"event":"send_rate","rate":296000,"ts":1760456978.248902}
2025/10/14 15:49:39 POLARIS_LOG {"event":"send_rate","rate":304000,"ts":1760456979.2416134}
2025/10/14 15:49:40 POLARIS_LOG {"event":"send_rate","rate":296000,"ts":1760456980.243749}
2025/10/14 15:49:41 POLARIS_LOG {"event":"send_rate","rate":304000,"ts":1760456981.2418718}
2025/10/14 15:49:42 POLARIS_LOG {"event":"send_rate","rate":296000,"ts":1760456982.243281}
2025/10/14 15:49:43 POLARIS_LOG {"event":"send_rate","rate":304000,"ts":1760456983.242252}
2025/10/14 15:49:44 POLARIS_LOG {"event":"send_rate","rate":296000,"ts":1760456984.2520099}
2025/10/14 15:49:45 POLARIS_LOG {"event":"send_rate","rate":304000,"ts":1760456985.2429862}
2025/10/14 15:49:46 POLARIS_LOG {"event":"send_rate","rate":296000,"ts":1760456986.2421}
2025/10/14 15:49:47 POLARIS_LOG {"event":"send_rate","rate":304000,"ts":1760456987.245652}
2025/10/14 15:49:48 POLARIS_LOG {"event":"send_rate","rate":296000,"ts":1760456988.2414818}
2025/10/14 15:49:49 POLARIS_LOG {"event":"send_rate","rate":304000,"ts":1760456989.2413795}
2025/10/14 15:49:50 POLARIS_LOG {"event":"send_rate","rate":296000,"ts":1760456990.24177}
2025/10/14 15:49:51 POLARIS_LOG {"event":"send_rate","rate":304000,"ts":1760456991.2413588}
2025/10/14 15:49:52 POLARIS_LOG {"event":"send_rate","rate":296000,"ts":1760456992.2712731}
2025/10/14 15:49:53 POLARIS_LOG {"event":"send_rate","rate":304000,"ts":1760456993.245205}
2025/10/14 15:49:54 POLARIS_LOG {"event":"send_rate","rate":296000,"ts":1760456994.242101}
2025/10/14 15:49:55 POLARIS_LOG {"event":"send_rate","rate":296000,"ts":1760456995.2413812}
2025/10/14 15:49:56 POLARIS_LOG {"event":"send_rate","rate":304000,"ts":1760456996.2554336}
2025/10/14 15:49:57 POLARIS_LOG {"event":"send_rate","rate":296000,"ts":1760456997.2491753}
2025/10/14 15:49:58 POLARIS_LOG {"event":"send_rate","rate":304000,"ts":1760456998.243224}
2025/10/14 15:49:59 POLARIS_LOG {"event":"send_rate","rate":304000,"ts":1760456999.2440305}
2025/10/14 15:50:00 POLARIS_LOG {"event":"send_rate","rate":296000,"ts":1760457000.2447069}
2025/10/14 15:50:01 POLARIS_LOG {"event":"send_rate","rate":304000,"ts":1760457001.252915}
2025/10/14 15:50:02 POLARIS_LOG {"event":"send_rate","rate":296000,"ts":1760457002.2417123}
2025/10/14 15:50:03 POLARIS_LOG {"event":"send_rate","rate":304000,"ts":1760457003.2599497}
2025/10/14 15:50:04 POLARIS_LOG {"event":"send_rate","rate":296000,"ts":1760457004.246767}
2025/10/14 15:50:05 POLARIS_LOG {"event":"send_rate","rate":304000,"ts":1760457005.2505057}
2025/10/14 15:50:06 POLARIS_LOG {"event":"send_rate","rate":328000,"ts":1760457006.3532732}
2025/10/14 15:50:07 POLARIS_LOG {"event":"send_rate","rate":272000,"ts":1760457007.2472572}
2025/10/14 15:50:08 POLARIS_LOG {"event":"send_rate","rate":296000,"ts":1760457008.2430453}
2025/10/14 15:50:09 POLARIS_LOG {"event":"send_rate","rate":304000,"ts":1760457009.2418022}
2025/10/14 15:50:10 POLARIS_LOG {"event":"send_rate","rate":296000,"ts":1760457010.245035}
2025/10/14 15:50:11 POLARIS_LOG {"event":"send_rate","rate":304000,"ts":1760457011.2482479}
2025/10/14 15:50:12 POLARIS_LOG {"event":"send_rate","rate":296000,"ts":1760457012.251371}
2025/10/14 15:50:13 POLARIS_LOG {"event":"send_rate","rate":296000,"ts":1760457013.2421494}
2025/10/14 15:50:14 POLARIS_LOG {"event":"send_rate","rate":304000,"ts":1760457014.2418773}
2025/10/14 15:50:15 POLARIS_LOG {"event":"send_rate","rate":304000,"ts":1760457015.2421565}
2025/10/14 15:50:16 POLARIS_LOG {"event":"send_rate","rate":296000,"ts":1760457016.2433445}
2025/10/14 15:50:17 POLARIS_LOG {"event":"send_rate","rate":296000,"ts":1760457017.241735}
2025/10/14 15:50:18 POLARIS_LOG {"event":"send_rate","rate":304000,"ts":1760457018.241455}
2025/10/14 15:50:19 POLARIS_LOG {"event":"send_rate","rate":296000,"ts":1760457019.2423902}
2025/10/14 15:50:20 POLARIS_LOG {"event":"send_rate","rate":304000,"ts":1760457020.2420552}
2025/10/14 15:50:21 POLARIS_LOG {"event":"send_rate","rate":304000,"ts":1760457021.2550898}
2025/10/14 15:50:22 POLARIS_LOG {"event":"send_rate","rate":296000,"ts":1760457022.2550104}
2025/10/14 15:50:23 POLARIS_LOG {"event":"send_rate","rate":296000,"ts":1760457023.2594697}
2025/10/14 15:50:24 POLARIS_LOG {"event":"send_rate","rate":304000,"ts":1760457024.2420442}
2025/10/14 15:50:25 POLARIS_LOG {"event":"send_rate","rate":296000,"ts":1760457025.2430272}
2025/10/14 15:50:26 POLARIS_LOG {"event":"send_rate","rate":304000,"ts":1760457026.2475398}
2025/10/14 15:50:27 POLARIS_LOG {"event":"send_rate","rate":296000,"ts":1760457027.2488976}
2025/10/14 15:50:28 POLARIS_LOG {"event":"send_rate","rate":304000,"ts":1760457028.2432342}
2025/10/14 15:50:29 POLARIS_LOG {"event":"send_rate","rate":304000,"ts":1760457029.247475}
2025/10/14 15:50:30 POLARIS_LOG {"event":"send_rate","rate":296000,"ts":1760457030.2442079}
2025/10/14 15:50:31 POLARIS_LOG {"event":"send_rate","rate":296000,"ts":1760457031.2433074}
2025/10/14 15:50:32 POLARIS_LOG {"event":"send_rate","rate":312000,"ts":1760457032.2832284}
2025/10/14 15:50:33 POLARIS_LOG {"event":"send_rate","rate":288000,"ts":1760457033.2475271}
2025/10/14 15:50:34 POLARIS_LOG {"event":"send_rate","rate":304000,"ts":1760457034.2426221}
2025/10/14 15:50:35 POLARIS_LOG {"event":"send_rate","rate":304000,"ts":1760457035.2584958}
2025/10/14 15:50:36 POLARIS_LOG {"event":"send_rate","rate":296000,"ts":1760457036.243678}
2025/10/14 15:50:37 POLARIS_LOG {"event":"send_rate","rate":296000,"ts":1760457037.2421224}
2025/10/14 15:50:38 POLARIS_LOG {"event":"send_rate","rate":304000,"ts":1760457038.2417839}
2025/10/14 15:50:39 POLARIS_LOG {"event":"send_rate","rate":304000,"ts":1760457039.2537918}
2025/10/14 15:50:40 POLARIS_LOG {"event":"send_rate","rate":296000,"ts":1760457040.2453036}
2025/10/14 15:50:41 POLARIS_LOG {"event":"send_rate","rate":296000,"ts":1760457041.2427194}
2025/10/14 15:50:42 POLARIS_LOG {"event":"send_rate","rate":304000,"ts":1760457042.2455094}
2025/10/14 15:50:43 POLARIS_LOG {"event":"send_rate","rate":296000,"ts":1760457043.243028}
2025/10/14 15:50:44 POLARIS_LOG {"event":"send_rate","rate":304000,"ts":1760457044.2414014}
2025/10/14 15:50:45 POLARIS_LOG {"event":"send_rate","rate":296000,"ts":1760457045.247583}
2025/10/14 15:50:46 POLARIS_LOG {"event":"send_rate","rate":304000,"ts":1760457046.2415018}
2025/10/14 15:50:47 POLARIS_LOG {"event":"send_rate","rate":304000,"ts":1760457047.2634184}
2025/10/14 15:50:48 POLARIS_LOG {"event":"send_rate","rate":296000,"ts":1760457048.2416477}
2025/10/14 15:50:49 POLARIS_LOG {"event":"send_rate","rate":296000,"ts":1760457049.242145}
2025/10/14 15:50:50 POLARIS_LOG {"event":"send_rate","rate":304000,"ts":1760457050.2432237}
2025/10/14 15:50:51 POLARIS_LOG {"event":"send_rate","rate":296000,"ts":1760457051.2429898}
2025/10/14 15:50:52 POLARIS_LOG {"event":"send_rate","rate":304000,"ts":1760457052.2425034}
2025/10/14 15:50:53 POLARIS_LOG {"event":"send_rate","rate":296000,"ts":1760457053.2414196}
2025/10/14 15:50:54 POLARIS_LOG {"event":"send_rate","rate":304000,"ts":1760457054.2413442}
2025/10/14 15:50:55 POLARIS_LOG {"event":"send_rate","rate":296000,"ts":1760457055.2447724}
2025/10/14 15:50:56 POLARIS_LOG {"event":"send_rate","rate":304000,"ts":1760457056.245347}
2025/10/14 15:50:57 POLARIS_LOG {"event":"send_rate","rate":296000,"ts":1760457057.2418075}
2025/10/14 15:50:58 POLARIS_LOG {"event":"send_rate","rate":304000,"ts":1760457058.2547603}
2025/10/14 15:50:59 POLARIS_LOG {"event":"send_rate","rate":288000,"ts":1760457059.241723}
2025/10/14 15:51:00 POLARIS_LOG {"event":"send_rate","rate":312000,"ts":1760457060.241557}
2025/10/14 15:51:01 POLARIS_LOG {"event":"send_rate","rate":296000,"ts":1760457061.2422242}
2025/10/14 15:51:02 POLARIS_LOG {"event":"send_rate","rate":304000,"ts":1760457062.244868}
2025/10/14 15:51:03 POLARIS_LOG {"event":"send_rate","rate":296000,"ts":1760457063.241549}
2025/10/14 15:51:04 POLARIS_LOG {"event":"send_rate","rate":304000,"ts":1760457064.2485251}
2025/10/14 15:51:05 POLARIS_LOG {"event":"send_rate","rate":296000,"ts":1760457065.2424536}
2025/10/14 15:51:06 POLARIS_LOG {"event":"send_rate","rate":304000,"ts":1760457066.257265}
2025/10/14 15:51:07 POLARIS_LOG {"event":"send_rate","rate":296000,"ts":1760457067.2430582}
2025/10/14 15:51:08 POLARIS_LOG {"event":"send_rate","rate":304000,"ts":1760457068.2443461}
2025/10/14 15:51:09 POLARIS_LOG {"event":"send_rate","rate":304000,"ts":1760457069.2681394}
2025/10/14 15:51:10 POLARIS_LOG {"event":"send_rate","rate":296000,"ts":1760457070.2416286}
2025/10/14 15:51:11 POLARIS_LOG {"event":"send_rate","rate":296000,"ts":1760457071.2462296}
2025/10/14 15:51:12 POLARIS_LOG {"event":"send_rate","rate":296000,"ts":1760457072.2430096}
2025/10/14 15:51:13 POLARIS_LOG {"event":"send_rate","rate":304000,"ts":1760457073.2441316}
2025/10/14 15:51:14 POLARIS_LOG {"event":"send_rate","rate":304000,"ts":1760457074.2422373}
2025/10/14 15:51:15 POLARIS_LOG {"event":"send_rate","rate":296000,"ts":1760457075.243484}
2025/10/14 15:51:16 POLARIS_LOG {"event":"send_rate","rate":304000,"ts":1760457076.2432187}
2025/10/14 15:51:17 POLARIS_LOG {"event":"send_rate","rate":296000,"ts":1760457077.2467048}
2025/10/14 15:51:18 POLARIS_LOG {"event":"send_rate","rate":304000,"ts":1760457078.241697}
2025/10/14 15:51:19 POLARIS_LOG {"event":"send_rate","rate":296000,"ts":1760457079.2414713}
2025/10/14 15:51:20 POLARIS_LOG {"event":"send_rate","rate":304000,"ts":1760457080.2416055}
2025/10/14 15:51:21 POLARIS_LOG {"event":"send_rate","rate":296000,"ts":1760457081.2447286}
2025/10/14 15:51:22 POLARIS_LOG {"event":"send_rate","rate":304000,"ts":1760457082.2581475}
2025/10/14 15:51:23 POLARIS_LOG {"event":"send_rate","rate":296000,"ts":1760457083.244978}
2025/10/14 15:51:24 POLARIS_LOG {"event":"send_rate","rate":304000,"ts":1760457084.2415986}
2025/10/14 15:51:25 POLARIS_LOG {"event":"send_rate","rate":296000,"ts":1760457085.2438722}
2025/10/14 15:51:26 POLARIS_LOG {"event":"send_rate","rate":304000,"ts":1760457086.2446609}
2025/10/14 15:51:27 POLARIS_LOG {"event":"send_rate","rate":296000,"ts":1760457087.2471282}
2025/10/14 15:51:28 POLARIS_LOG {"event":"send_rate","rate":296000,"ts":1760457088.2563324}
We need to sleep for 1 seconds before we can get the results
2025/10/14 15:51:29 POLARIS_LOG {"event":"send_rate","rate":16000,"ts":1760457089.2573245}
Drain Loop received packet
Drain Loop received non-nil payload
Client sent 10350 packets, server reported 10280 packets received
The network loss rate from client to server is 0.7%

S->C results
Attempted bandwidth: 0 bps / 0.00 Mbps
Achieved bandwidth: 0 bps / 0.00 Mbps
Loss rate: 0.0%
Interarrival time min/avg/max/mdev = -0.000/0.000/0.000/0.000 ms

C->S results
Attempted bandwidth: 300000 bps / 0.30 Mbps
Achieved bandwidth: 297971 bps / 0.30 Mbps
Loss rate: 0.7%
Interarrival time min/avg/max/mdev = 0.001/26.767/597.015/23.880 ms
