
Test parameters:
client->server: 270 seconds, 1000 bytes, 10125 packets
server->client: 270 seconds, 1000 bytes, 0 packets
2025/10/14 15:46:58 POLARIS_LOG {"current_rate":0,"event":"path_switch","new":"2 2 5 2","trigger":"initialization","ts":1760456818.152263}
Polaris prober initialized with 38 paths
Polaris prober initialized with local 1-111,10.111.0.71:32734 and remote 1-113,10.113.0.71
2025/10/14 15:47:00 POLARIS_LOG {"event":"send_rate","rate":0,"ts":1760456820.15434}
2025/10/14 15:47:01 POLARIS_LOG {"event":"send_rate","rate":32000,"ts":1760456821.1585248}
2025/10/14 15:47:02 POLARIS_LOG {"event":"send_rate","rate":296000,"ts":1760456822.1548655}
2025/10/14 15:47:03 POLARIS_LOG {"event":"send_rate","rate":296000,"ts":1760456823.1547637}
2025/10/14 15:47:04 POLARIS_LOG {"event":"send_rate","rate":304000,"ts":1760456824.1553638}
2025/10/14 15:47:05 POLARIS_LOG {"event":"send_rate","rate":296000,"ts":1760456825.1551478}
2025/10/14 15:47:06 POLARIS_LOG {"event":"send_rate","rate":312000,"ts":1760456826.1781397}
2025/10/14 15:47:07 POLARIS_LOG {"event":"send_rate","rate":288000,"ts":1760456827.1544943}
2025/10/14 15:47:08 POLARIS_LOG {"event":"send_rate","rate":304000,"ts":1760456828.1555674}
2025/10/14 15:47:09 POLARIS_LOG {"event":"send_rate","rate":296000,"ts":1760456829.156442}
2025/10/14 15:47:10 POLARIS_LOG {"event":"send_rate","rate":304000,"ts":1760456830.1550994}
2025/10/14 15:47:11 POLARIS_LOG {"event":"send_rate","rate":304000,"ts":1760456831.1603725}
2025/10/14 15:47:12 POLARIS_LOG {"event":"send_rate","rate":296000,"ts":1760456832.154371}
2025/10/14 15:47:13 POLARIS_LOG {"event":"send_rate","rate":304000,"ts":1760456833.1604047}
2025/10/14 15:47:14 POLARIS_LOG {"event":"send_rate","rate":296000,"ts":1760456834.1548514}
2025/10/14 15:47:15 POLARIS_LOG {"event":"send_rate","rate":240000,"ts":1760456835.1549668}
2025/10/14 15:47:16 POLARIS_LOG {"event":"send_rate","rate":104000,"ts":1760456836.1621494}
2025/10/14 15:47:17 POLARIS_LOG {"event":"send_rate","rate":120000,"ts":1760456837.1546423}
2025/10/14 15:47:18 POLARIS_LOG {"candidates":25,"candidates_unfiltered":25,"current_rate":120000,"estimated_share":500000,"event":"path_switch","max_estimated_share":666500,"new":"5 5 6 6 4 1","old":"2 2 5 2","trigger":"scheduled","ts":1760456838.1551006}
2025/10/14 15:47:18 POLARIS_LOG {"event":"send_rate","rate":144000,"ts":1760456838.1558902}
2025/10/14 15:47:19 POLARIS_LOG {"event":"send_rate","rate":384000,"ts":1760456839.1547472}
2025/10/14 15:47:20 POLARIS_LOG {"event":"send_rate","rate":808000,"ts":1760456840.1551933}
2025/10/14 15:47:21 POLARIS_LOG {"event":"send_rate","rate":296000,"ts":1760456841.1553104}
2025/10/14 15:47:22 POLARIS_LOG {"event":"send_rate","rate":304000,"ts":1760456842.1557822}
2025/10/14 15:47:23 POLARIS_LOG {"event":"send_rate","rate":296000,"ts":1760456843.1551356}
2025/10/14 15:47:24 POLARIS_LOG {"event":"send_rate","rate":296000,"ts":1760456844.1595569}
2025/10/14 15:47:25 POLARIS_LOG {"event":"send_rate","rate":304000,"ts":1760456845.1544876}
2025/10/14 15:47:26 POLARIS_LOG {"event":"send_rate","rate":304000,"ts":1760456846.1543367}
2025/10/14 15:47:27 POLARIS_LOG {"event":"send_rate","rate":296000,"ts":1760456847.1547759}
2025/10/14 15:47:28 POLARIS_LOG {"event":"send_rate","rate":304000,"ts":1760456848.157064}
2025/10/14 15:47:29 POLARIS_LOG {"event":"send_rate","rate":296000,"ts":1760456849.1546977}
2025/10/14 15:47:30 POLARIS_LOG {"event":"send_rate","rate":304000,"ts":1760456850.1702077}
2025/10/14 15:47:31 POLARIS_LOG {"event":"send_rate","rate":296000,"ts":1760456851.1557832}
2025/10/14 15:47:32 POLARIS_LOG {"event":"send_rate","rate":304000,"ts":1760456852.1548276}
2025/10/14 15:47:33 POLARIS_LOG {"event":"send_rate","rate":296000,"ts":1760456853.1562552}
2025/10/14 15:47:34 POLARIS_LOG {"event":"send_rate","rate":304000,"ts":1760456854.1557212}
2025/10/14 15:47:35 POLARIS_LOG {"event":"send_rate","rate":296000,"ts":1760456855.1578622}
2025/10/14 15:47:36 POLARIS_LOG {"event":"send_rate","rate":304000,"ts":1760456856.1581545}
2025/10/14 15:47:37 POLARIS_LOG {"event":"send_rate","rate":296000,"ts":1760456857.1550028}
2025/10/14 15:47:38 POLARIS_LOG {"event":"send_rate","rate":304000,"ts":1760456858.1559615}
2025/10/14 15:47:39 POLARIS_LOG {"event":"send_rate","rate":296000,"ts":1760456859.1574693}
2025/10/14 15:47:40 POLARIS_LOG {"event":"send_rate","rate":304000,"ts":1760456860.1546836}
2025/10/14 15:47:41 POLARIS_LOG {"event":"send_rate","rate":304000,"ts":1760456861.1763787}
2025/10/14 15:47:42 POLARIS_LOG {"event":"send_rate","rate":296000,"ts":1760456862.1633875}
2025/10/14 15:47:43 POLARIS_LOG {"event":"send_rate","rate":296000,"ts":1760456863.1543944}
2025/10/14 15:47:44 POLARIS_LOG {"event":"send_rate","rate":304000,"ts":1760456864.154774}
2025/10/14 15:47:45 POLARIS_LOG {"event":"send_rate","rate":296000,"ts":1760456865.1583343}
2025/10/14 15:47:46 POLARIS_LOG {"event":"send_rate","rate":304000,"ts":1760456866.154677}
2025/10/14 15:47:47 POLARIS_LOG {"event":"send_rate","rate":296000,"ts":1760456867.1550703}
2025/10/14 15:47:48 POLARIS_LOG {"event":"send_rate","rate":304000,"ts":1760456868.156836}
2025/10/14 15:47:49 POLARIS_LOG {"event":"send_rate","rate":296000,"ts":1760456869.1558146}
2025/10/14 15:47:50 POLARIS_LOG {"event":"send_rate","rate":304000,"ts":1760456870.1552413}
2025/10/14 15:47:51 POLARIS_LOG {"event":"send_rate","rate":296000,"ts":1760456871.154633}
2025/10/14 15:47:52 POLARIS_LOG {"event":"send_rate","rate":216000,"ts":1760456872.1545193}
2025/10/14 15:47:53 POLARIS_LOG {"event":"send_rate","rate":120000,"ts":1760456873.1569214}
2025/10/14 15:47:54 POLARIS_LOG {"event":"send_rate","rate":240000,"ts":1760456874.1674538}
2025/10/14 15:47:55 POLARIS_LOG {"event":"send_rate","rate":208000,"ts":1760456875.1548717}
2025/10/14 15:47:56 POLARIS_LOG {"event":"send_rate","rate":288000,"ts":1760456876.1567914}
2025/10/14 15:47:57 POLARIS_LOG {"event":"send_rate","rate":272000,"ts":1760456877.168038}
2025/10/14 15:47:58 POLARIS_LOG {"event":"send_rate","rate":200000,"ts":1760456878.1552072}
Skipping switch: current path 5 5 6 6 4 1 has lastEstimate 285750 >= maxEstimate 0
2025/10/14 15:47:59 POLARIS_LOG {"event":"send_rate","rate":224000,"ts":1760456879.1551921}
2025/10/14 15:48:00 POLARIS_LOG {"event":"send_rate","rate":240000,"ts":1760456880.1817675}
2025/10/14 15:48:01 POLARIS_LOG {"event":"send_rate","rate":336000,"ts":1760456881.1704426}
2025/10/14 15:48:02 POLARIS_LOG {"event":"send_rate","rate":408000,"ts":1760456882.1553812}
2025/10/14 15:48:03 POLARIS_LOG {"event":"send_rate","rate":464000,"ts":1760456883.1551468}
2025/10/14 15:48:04 POLARIS_LOG {"event":"send_rate","rate":480000,"ts":1760456884.174421}
2025/10/14 15:48:05 POLARIS_LOG {"event":"send_rate","rate":504000,"ts":1760456885.1557221}
2025/10/14 15:48:06 POLARIS_LOG {"event":"send_rate","rate":304000,"ts":1760456886.1552558}
2025/10/14 15:48:07 POLARIS_LOG {"event":"send_rate","rate":296000,"ts":1760456887.157715}
2025/10/14 15:48:08 POLARIS_LOG {"event":"send_rate","rate":304000,"ts":1760456888.168015}
2025/10/14 15:48:09 POLARIS_LOG {"event":"send_rate","rate":296000,"ts":1760456889.1567276}
2025/10/14 15:48:10 POLARIS_LOG {"event":"send_rate","rate":304000,"ts":1760456890.154597}
2025/10/14 15:48:11 POLARIS_LOG {"event":"send_rate","rate":304000,"ts":1760456891.1675723}
2025/10/14 15:48:12 POLARIS_LOG {"event":"send_rate","rate":296000,"ts":1760456892.1544845}
2025/10/14 15:48:13 POLARIS_LOG {"event":"send_rate","rate":304000,"ts":1760456893.166553}
2025/10/14 15:48:14 POLARIS_LOG {"event":"send_rate","rate":296000,"ts":1760456894.1547258}
2025/10/14 15:48:15 POLARIS_LOG {"event":"send_rate","rate":296000,"ts":1760456895.1596563}
2025/10/14 15:48:16 POLARIS_LOG {"event":"send_rate","rate":296000,"ts":1760456896.156998}
2025/10/14 15:48:17 POLARIS_LOG {"event":"send_rate","rate":304000,"ts":1760456897.1559353}
2025/10/14 15:48:18 POLARIS_LOG {"event":"send_rate","rate":304000,"ts":1760456898.1596894}
2025/10/14 15:48:19 POLARIS_LOG {"event":"send_rate","rate":304000,"ts":1760456899.1678822}
2025/10/14 15:48:20 POLARIS_LOG {"event":"send_rate","rate":296000,"ts":1760456900.154568}
2025/10/14 15:48:21 POLARIS_LOG {"event":"send_rate","rate":296000,"ts":1760456901.1557472}
2025/10/14 15:48:22 POLARIS_LOG {"event":"send_rate","rate":304000,"ts":1760456902.164338}
2025/10/14 15:48:23 POLARIS_LOG {"event":"send_rate","rate":296000,"ts":1760456903.1574092}
2025/10/14 15:48:24 POLARIS_LOG {"event":"send_rate","rate":296000,"ts":1760456904.1600637}
2025/10/14 15:48:25 POLARIS_LOG {"event":"send_rate","rate":304000,"ts":1760456905.155637}
2025/10/14 15:48:26 POLARIS_LOG {"event":"send_rate","rate":304000,"ts":1760456906.154351}
2025/10/14 15:48:27 POLARIS_LOG {"event":"send_rate","rate":296000,"ts":1760456907.1550436}
2025/10/14 15:48:28 POLARIS_LOG {"event":"send_rate","rate":304000,"ts":1760456908.1763718}
2025/10/14 15:48:29 POLARIS_LOG {"event":"send_rate","rate":296000,"ts":1760456909.1554227}
2025/10/14 15:48:30 POLARIS_LOG {"event":"send_rate","rate":304000,"ts":1760456910.1574888}
2025/10/14 15:48:31 POLARIS_LOG {"event":"send_rate","rate":296000,"ts":1760456911.155077}
2025/10/14 15:48:32 POLARIS_LOG {"event":"send_rate","rate":304000,"ts":1760456912.1549072}
2025/10/14 15:48:33 POLARIS_LOG {"event":"send_rate","rate":296000,"ts":1760456913.1625874}
2025/10/14 15:48:34 POLARIS_LOG {"event":"send_rate","rate":304000,"ts":1760456914.1551974}
2025/10/14 15:48:35 POLARIS_LOG {"event":"send_rate","rate":296000,"ts":1760456915.1545336}
2025/10/14 15:48:36 POLARIS_LOG {"event":"send_rate","rate":304000,"ts":1760456916.1593332}
2025/10/14 15:48:37 POLARIS_LOG {"event":"send_rate","rate":296000,"ts":1760456917.1550822}
2025/10/14 15:48:38 POLARIS_LOG {"event":"send_rate","rate":304000,"ts":1760456918.1677554}
2025/10/14 15:48:39 POLARIS_LOG {"event":"send_rate","rate":296000,"ts":1760456919.1552005}
2025/10/14 15:48:40 POLARIS_LOG {"event":"send_rate","rate":296000,"ts":1760456920.1552975}
2025/10/14 15:48:41 POLARIS_LOG {"event":"send_rate","rate":304000,"ts":1760456921.1588862}
2025/10/14 15:48:42 POLARIS_LOG {"event":"send_rate","rate":296000,"ts":1760456922.1548684}
2025/10/14 15:48:43 POLARIS_LOG {"event":"send_rate","rate":304000,"ts":1760456923.1668475}
2025/10/14 15:48:44 POLARIS_LOG {"event":"send_rate","rate":296000,"ts":1760456924.1544}
2025/10/14 15:48:45 POLARIS_LOG {"event":"send_rate","rate":304000,"ts":1760456925.1544943}
2025/10/14 15:48:46 POLARIS_LOG {"event":"send_rate","rate":304000,"ts":1760456926.1547787}
2025/10/14 15:48:47 POLARIS_LOG {"event":"send_rate","rate":296000,"ts":1760456927.154986}
2025/10/14 15:48:48 POLARIS_LOG {"event":"send_rate","rate":304000,"ts":1760456928.1554277}
2025/10/14 15:48:49 POLARIS_LOG {"event":"send_rate","rate":296000,"ts":1760456929.1561272}
2025/10/14 15:48:50 POLARIS_LOG {"event":"send_rate","rate":296000,"ts":1760456930.1549683}
2025/10/14 15:48:51 POLARIS_LOG {"event":"send_rate","rate":304000,"ts":1760456931.168043}
2025/10/14 15:48:52 POLARIS_LOG {"event":"send_rate","rate":296000,"ts":1760456932.154398}
2025/10/14 15:48:53 POLARIS_LOG {"event":"send_rate","rate":304000,"ts":1760456933.1556373}
2025/10/14 15:48:54 POLARIS_LOG {"event":"send_rate","rate":296000,"ts":1760456934.154532}
2025/10/14 15:48:55 POLARIS_LOG {"event":"send_rate","rate":304000,"ts":1760456935.1555972}
2025/10/14 15:48:56 POLARIS_LOG {"event":"send_rate","rate":304000,"ts":1760456936.1664963}
2025/10/14 15:48:57 POLARIS_LOG {"event":"send_rate","rate":296000,"ts":1760456937.159464}
2025/10/14 15:48:58 POLARIS_LOG {"event":"send_rate","rate":296000,"ts":1760456938.1546323}
2025/10/14 15:48:59 POLARIS_LOG {"event":"send_rate","rate":304000,"ts":1760456939.1579258}
2025/10/14 15:49:00 POLARIS_LOG {"event":"send_rate","rate":304000,"ts":1760456940.1591692}
2025/10/14 15:49:01 POLARIS_LOG {"event":"send_rate","rate":296000,"ts":1760456941.1548615}
2025/10/14 15:49:02 POLARIS_LOG {"event":"send_rate","rate":296000,"ts":1760456942.1551435}
2025/10/14 15:49:03 POLARIS_LOG {"event":"send_rate","rate":304000,"ts":1760456943.1555848}
2025/10/14 15:49:04 POLARIS_LOG {"event":"send_rate","rate":296000,"ts":1760456944.1549826}
2025/10/14 15:49:05 POLARIS_LOG {"event":"send_rate","rate":304000,"ts":1760456945.1569045}
2025/10/14 15:49:06 POLARIS_LOG {"event":"send_rate","rate":296000,"ts":1760456946.1563623}
2025/10/14 15:49:07 POLARIS_LOG {"event":"send_rate","rate":288000,"ts":1760456947.1656873}
2025/10/14 15:49:08 POLARIS_LOG {"event":"send_rate","rate":320000,"ts":1760456948.1901927}
2025/10/14 15:49:09 POLARIS_LOG {"event":"send_rate","rate":296000,"ts":1760456949.1595206}
2025/10/14 15:49:10 POLARIS_LOG {"event":"send_rate","rate":296000,"ts":1760456950.1544943}
2025/10/14 15:49:11 POLARIS_LOG {"event":"send_rate","rate":312000,"ts":1760456951.1794524}
2025/10/14 15:49:12 POLARIS_LOG {"event":"send_rate","rate":296000,"ts":1760456952.1611807}
2025/10/14 15:49:13 POLARIS_LOG {"event":"send_rate","rate":296000,"ts":1760456953.167083}
2025/10/14 15:49:14 POLARIS_LOG {"event":"send_rate","rate":312000,"ts":1760456954.189273}
2025/10/14 15:49:15 POLARIS_LOG {"event":"send_rate","rate":288000,"ts":1760456955.1586168}
2025/10/14 15:49:16 POLARIS_LOG {"event":"send_rate","rate":296000,"ts":1760456956.1562545}
2025/10/14 15:49:17 POLARIS_LOG {"event":"send_rate","rate":304000,"ts":1760456957.1609638}
2025/10/14 15:49:18 POLARIS_LOG {"event":"send_rate","rate":296000,"ts":1760456958.1556413}
2025/10/14 15:49:19 POLARIS_LOG {"event":"send_rate","rate":304000,"ts":1760456959.1558375}
2025/10/14 15:49:20 POLARIS_LOG {"event":"send_rate","rate":296000,"ts":1760456960.1630828}
2025/10/14 15:49:21 POLARIS_LOG {"event":"send_rate","rate":304000,"ts":1760456961.1608164}
2025/10/14 15:49:22 POLARIS_LOG {"event":"send_rate","rate":296000,"ts":1760456962.1742442}
2025/10/14 15:49:23 POLARIS_LOG {"event":"send_rate","rate":304000,"ts":1760456963.1556916}
2025/10/14 15:49:24 POLARIS_LOG {"event":"send_rate","rate":296000,"ts":1760456964.154446}
2025/10/14 15:49:25 POLARIS_LOG {"event":"send_rate","rate":304000,"ts":1760456965.154881}
2025/10/14 15:49:26 POLARIS_LOG {"event":"send_rate","rate":296000,"ts":1760456966.1610234}
2025/10/14 15:49:27 POLARIS_LOG {"event":"send_rate","rate":304000,"ts":1760456967.1544752}
2025/10/14 15:49:28 POLARIS_LOG {"event":"send_rate","rate":296000,"ts":1760456968.1554594}
2025/10/14 15:49:29 POLARIS_LOG {"event":"send_rate","rate":288000,"ts":1760456969.1719997}
2025/10/14 15:49:30 POLARIS_LOG {"event":"send_rate","rate":312000,"ts":1760456970.3377442}
2025/10/14 15:49:31 POLARIS_LOG {"event":"send_rate","rate":304000,"ts":1760456971.1611068}
2025/10/14 15:49:32 POLARIS_LOG {"event":"send_rate","rate":288000,"ts":1760456972.1628978}
2025/10/14 15:49:33 POLARIS_LOG {"event":"send_rate","rate":312000,"ts":1760456973.1544642}
2025/10/14 15:49:34 POLARIS_LOG {"event":"send_rate","rate":296000,"ts":1760456974.1556544}
2025/10/14 15:49:35 POLARIS_LOG {"event":"send_rate","rate":304000,"ts":1760456975.1622028}
2025/10/14 15:49:36 POLARIS_LOG {"event":"send_rate","rate":296000,"ts":1760456976.1550002}
2025/10/14 15:49:37 POLARIS_LOG {"event":"send_rate","rate":304000,"ts":1760456977.1714897}
2025/10/14 15:49:38 POLARIS_LOG {"event":"send_rate","rate":296000,"ts":1760456978.1573062}
2025/10/14 15:49:39 POLARIS_LOG {"event":"send_rate","rate":304000,"ts":1760456979.1581602}
2025/10/14 15:49:40 POLARIS_LOG {"event":"send_rate","rate":296000,"ts":1760456980.1545687}
2025/10/14 15:49:41 POLARIS_LOG {"event":"send_rate","rate":304000,"ts":1760456981.1575477}
2025/10/14 15:49:42 POLARIS_LOG {"event":"send_rate","rate":304000,"ts":1760456982.1670716}
2025/10/14 15:49:43 POLARIS_LOG {"event":"send_rate","rate":296000,"ts":1760456983.1552968}
2025/10/14 15:49:44 POLARIS_LOG {"event":"send_rate","rate":288000,"ts":1760456984.1553242}
2025/10/14 15:49:45 POLARIS_LOG {"event":"send_rate","rate":272000,"ts":1760456985.1546624}
2025/10/14 15:49:46 POLARIS_LOG {"event":"send_rate","rate":280000,"ts":1760456986.1633863}
2025/10/14 15:49:47 POLARIS_LOG {"event":"send_rate","rate":312000,"ts":1760456987.169325}
Skipping switch: current path 5 5 6 6 4 1 has lastEstimate 333250 >= maxEstimate 0
2025/10/14 15:49:48 POLARIS_LOG {"event":"send_rate","rate":280000,"ts":1760456988.155308}
2025/10/14 15:49:49 POLARIS_LOG {"event":"send_rate","rate":312000,"ts":1760456989.2170134}
2025/10/14 15:49:50 POLARIS_LOG {"event":"send_rate","rate":352000,"ts":1760456990.155395}
2025/10/14 15:49:51 POLARIS_LOG {"event":"send_rate","rate":312000,"ts":1760456991.1791923}
2025/10/14 15:49:52 POLARIS_LOG {"event":"send_rate","rate":288000,"ts":1760456992.1607356}
2025/10/14 15:49:53 POLARIS_LOG {"event":"send_rate","rate":304000,"ts":1760456993.1652265}
2025/10/14 15:49:54 POLARIS_LOG {"event":"send_rate","rate":296000,"ts":1760456994.1855931}
2025/10/14 15:49:55 POLARIS_LOG {"event":"send_rate","rate":304000,"ts":1760456995.1564744}
2025/10/14 15:49:56 POLARIS_LOG {"event":"send_rate","rate":304000,"ts":1760456996.1669858}
2025/10/14 15:49:57 POLARIS_LOG {"event":"send_rate","rate":296000,"ts":1760456997.1553879}
2025/10/14 15:49:58 POLARIS_LOG {"event":"send_rate","rate":304000,"ts":1760456998.1680543}
2025/10/14 15:49:59 POLARIS_LOG {"event":"send_rate","rate":280000,"ts":1760456999.1699843}
2025/10/14 15:50:00 POLARIS_LOG {"event":"send_rate","rate":280000,"ts":1760457000.1617758}
2025/10/14 15:50:01 POLARIS_LOG {"event":"send_rate","rate":248000,"ts":1760457001.155582}
2025/10/14 15:50:02 POLARIS_LOG {"event":"send_rate","rate":304000,"ts":1760457002.154347}
2025/10/14 15:50:03 POLARIS_LOG {"event":"send_rate","rate":368000,"ts":1760457003.1571035}
2025/10/14 15:50:04 POLARIS_LOG {"event":"send_rate","rate":312000,"ts":1760457004.15504}
2025/10/14 15:50:05 POLARIS_LOG {"event":"send_rate","rate":304000,"ts":1760457005.156236}
2025/10/14 15:50:06 POLARIS_LOG {"event":"send_rate","rate":296000,"ts":1760457006.1544774}
2025/10/14 15:50:07 POLARIS_LOG {"event":"send_rate","rate":304000,"ts":1760457007.1574197}
2025/10/14 15:50:08 POLARIS_LOG {"event":"send_rate","rate":296000,"ts":1760457008.165997}
2025/10/14 15:50:09 POLARIS_LOG {"event":"send_rate","rate":304000,"ts":1760457009.15921}
2025/10/14 15:50:10 POLARIS_LOG {"event":"send_rate","rate":296000,"ts":1760457010.1560345}
2025/10/14 15:50:11 POLARIS_LOG {"event":"send_rate","rate":304000,"ts":1760457011.156476}
2025/10/14 15:50:12 POLARIS_LOG {"event":"send_rate","rate":296000,"ts":1760457012.1552062}
2025/10/14 15:50:13 POLARIS_LOG {"event":"send_rate","rate":304000,"ts":1760457013.1875107}
2025/10/14 15:50:14 POLARIS_LOG {"event":"send_rate","rate":296000,"ts":1760457014.1566298}
2025/10/14 15:50:15 POLARIS_LOG {"event":"send_rate","rate":304000,"ts":1760457015.1549928}
2025/10/14 15:50:16 POLARIS_LOG {"event":"send_rate","rate":296000,"ts":1760457016.1575398}
2025/10/14 15:50:17 POLARIS_LOG {"event":"send_rate","rate":304000,"ts":1760457017.1568377}
2025/10/14 15:50:18 POLARIS_LOG {"event":"send_rate","rate":296000,"ts":1760457018.1548193}
2025/10/14 15:50:19 POLARIS_LOG {"event":"send_rate","rate":304000,"ts":1760457019.155126}
2025/10/14 15:50:20 POLARIS_LOG {"event":"send_rate","rate":296000,"ts":1760457020.1734006}
2025/10/14 15:50:21 POLARIS_LOG {"event":"send_rate","rate":304000,"ts":1760457021.1658156}
2025/10/14 15:50:22 POLARIS_LOG {"event":"send_rate","rate":296000,"ts":1760457022.157471}
2025/10/14 15:50:23 POLARIS_LOG {"event":"send_rate","rate":304000,"ts":1760457023.155859}
2025/10/14 15:50:24 POLARIS_LOG {"event":"send_rate","rate":296000,"ts":1760457024.1543126}
2025/10/14 15:50:25 POLARIS_LOG {"event":"send_rate","rate":304000,"ts":1760457025.159943}
2025/10/14 15:50:26 POLARIS_LOG {"event":"send_rate","rate":296000,"ts":1760457026.155559}
2025/10/14 15:50:27 POLARIS_LOG {"event":"send_rate","rate":296000,"ts":1760457027.1647136}
2025/10/14 15:50:28 POLARIS_LOG {"event":"send_rate","rate":304000,"ts":1760457028.1544855}
2025/10/14 15:50:29 POLARIS_LOG {"event":"send_rate","rate":304000,"ts":1760457029.1646278}
2025/10/14 15:50:30 POLARIS_LOG {"event":"send_rate","rate":296000,"ts":1760457030.1552625}
2025/10/14 15:50:31 POLARIS_LOG {"event":"send_rate","rate":304000,"ts":1760457031.154929}
2025/10/14 15:50:32 POLARIS_LOG {"event":"send_rate","rate":296000,"ts":1760457032.1596053}
2025/10/14 15:50:33 POLARIS_LOG {"event":"send_rate","rate":304000,"ts":1760457033.1545446}
2025/10/14 15:50:34 POLARIS_LOG {"event":"send_rate","rate":296000,"ts":1760457034.1571093}
2025/10/14 15:50:35 POLARIS_LOG {"event":"send_rate","rate":296000,"ts":1760457035.155986}
2025/10/14 15:50:36 POLARIS_LOG {"event":"send_rate","rate":304000,"ts":1760457036.154948}
2025/10/14 15:50:37 POLARIS_LOG {"event":"send_rate","rate":304000,"ts":1760457037.155025}
2025/10/14 15:50:38 POLARIS_LOG {"event":"send_rate","rate":296000,"ts":1760457038.1556652}
2025/10/14 15:50:39 POLARIS_LOG {"event":"send_rate","rate":296000,"ts":1760457039.155589}
2025/10/14 15:50:40 POLARIS_LOG {"event":"send_rate","rate":304000,"ts":1760457040.1543424}
2025/10/14 15:50:41 POLARIS_LOG {"event":"send_rate","rate":304000,"ts":1760457041.1586518}
2025/10/14 15:50:42 POLARIS_LOG {"event":"send_rate","rate":280000,"ts":1760457042.1545649}
2025/10/14 15:50:43 POLARIS_LOG {"event":"send_rate","rate":312000,"ts":1760457043.154342}
2025/10/14 15:50:44 POLARIS_LOG {"event":"send_rate","rate":304000,"ts":1760457044.1545463}
2025/10/14 15:50:45 POLARIS_LOG {"event":"send_rate","rate":168000,"ts":1760457045.1798575}
2025/10/14 15:50:46 POLARIS_LOG {"event":"send_rate","rate":432000,"ts":1760457046.154946}
2025/10/14 15:50:47 POLARIS_LOG {"event":"send_rate","rate":304000,"ts":1760457047.1551168}
2025/10/14 15:50:48 POLARIS_LOG {"event":"send_rate","rate":296000,"ts":1760457048.161698}
2025/10/14 15:50:49 POLARIS_LOG {"event":"send_rate","rate":304000,"ts":1760457049.15577}
2025/10/14 15:50:50 POLARIS_LOG {"event":"send_rate","rate":296000,"ts":1760457050.1548564}
2025/10/14 15:50:51 POLARIS_LOG {"event":"send_rate","rate":304000,"ts":1760457051.1556273}
2025/10/14 15:50:52 POLARIS_LOG {"event":"send_rate","rate":296000,"ts":1760457052.1548584}
2025/10/14 15:50:53 POLARIS_LOG {"event":"send_rate","rate":304000,"ts":1760457053.1608808}
2025/10/14 15:50:54 POLARIS_LOG {"event":"send_rate","rate":296000,"ts":1760457054.1588326}
2025/10/14 15:50:55 POLARIS_LOG {"event":"send_rate","rate":304000,"ts":1760457055.1658676}
2025/10/14 15:50:56 POLARIS_LOG {"event":"send_rate","rate":304000,"ts":1760457056.1833937}
2025/10/14 15:50:57 POLARIS_LOG {"event":"send_rate","rate":288000,"ts":1760457057.1601377}
Skipping switch: current path 5 5 6 6 4 1 has lastEstimate 333250 >= maxEstimate 0
2025/10/14 15:50:58 POLARIS_LOG {"event":"send_rate","rate":304000,"ts":1760457058.1874375}
2025/10/14 15:50:59 POLARIS_LOG {"event":"send_rate","rate":312000,"ts":1760457059.1904666}
2025/10/14 15:51:00 POLARIS_LOG {"event":"send_rate","rate":288000,"ts":1760457060.1601112}
2025/10/14 15:51:01 POLARIS_LOG {"event":"send_rate","rate":296000,"ts":1760457061.1551461}
2025/10/14 15:51:02 POLARIS_LOG {"event":"send_rate","rate":312000,"ts":1760457062.1685445}
2025/10/14 15:51:03 POLARIS_LOG {"event":"send_rate","rate":288000,"ts":1760457063.1546938}
2025/10/14 15:51:04 POLARIS_LOG {"event":"send_rate","rate":304000,"ts":1760457064.1567435}
2025/10/14 15:51:05 POLARIS_LOG {"event":"send_rate","rate":296000,"ts":1760457065.1600084}
2025/10/14 15:51:06 POLARIS_LOG {"event":"send_rate","rate":304000,"ts":1760457066.155491}
2025/10/14 15:51:07 POLARIS_LOG {"event":"send_rate","rate":296000,"ts":1760457067.1547709}
2025/10/14 15:51:08 POLARIS_LOG {"event":"send_rate","rate":304000,"ts":1760457068.1553323}
2025/10/14 15:51:09 POLARIS_LOG {"event":"send_rate","rate":304000,"ts":1760457069.1666713}
2025/10/14 15:51:10 POLARIS_LOG {"event":"send_rate","rate":304000,"ts":1760457070.1806393}
2025/10/14 15:51:11 POLARIS_LOG {"event":"send_rate","rate":288000,"ts":1760457071.1554258}
2025/10/14 15:51:12 POLARIS_LOG {"event":"send_rate","rate":304000,"ts":1760457072.1564186}
2025/10/14 15:51:13 POLARIS_LOG {"event":"send_rate","rate":296000,"ts":1760457073.1550477}
2025/10/14 15:51:14 POLARIS_LOG {"event":"send_rate","rate":304000,"ts":1760457074.1593618}
2025/10/14 15:51:15 POLARIS_LOG {"event":"send_rate","rate":296000,"ts":1760457075.1546037}
2025/10/14 15:51:16 POLARIS_LOG {"event":"send_rate","rate":304000,"ts":1760457076.1546502}
2025/10/14 15:51:17 POLARIS_LOG {"event":"send_rate","rate":296000,"ts":1760457077.155216}
2025/10/14 15:51:18 POLARIS_LOG {"event":"send_rate","rate":312000,"ts":1760457078.1764607}
2025/10/14 15:51:19 POLARIS_LOG {"event":"send_rate","rate":296000,"ts":1760457079.1610146}
2025/10/14 15:51:20 POLARIS_LOG {"event":"send_rate","rate":296000,"ts":1760457080.1547573}
2025/10/14 15:51:21 POLARIS_LOG {"event":"send_rate","rate":296000,"ts":1760457081.1595306}
2025/10/14 15:51:22 POLARIS_LOG {"event":"send_rate","rate":304000,"ts":1760457082.1557496}
2025/10/14 15:51:23 POLARIS_LOG {"event":"send_rate","rate":296000,"ts":1760457083.1546288}
2025/10/14 15:51:24 POLARIS_LOG {"event":"send_rate","rate":304000,"ts":1760457084.15519}
2025/10/14 15:51:25 POLARIS_LOG {"event":"send_rate","rate":304000,"ts":1760457085.1572957}
2025/10/14 15:51:26 POLARIS_LOG {"event":"send_rate","rate":296000,"ts":1760457086.156069}
2025/10/14 15:51:27 POLARIS_LOG {"event":"send_rate","rate":296000,"ts":1760457087.1551929}
2025/10/14 15:51:28 POLARIS_LOG {"event":"send_rate","rate":304000,"ts":1760457088.1548402}
2025/10/14 15:51:29 POLARIS_LOG {"event":"send_rate","rate":296000,"ts":1760457089.1560047}
2025/10/14 15:51:30 POLARIS_LOG {"event":"send_rate","rate":304000,"ts":1760457090.1708446}
Drain Loop received packet
Drain Loop received non-nil payload
Client sent 10125 packets, server reported 10011 packets received
The network loss rate from client to server is 1.1%

S->C results
Attempted bandwidth: 0 bps / 0.00 Mbps
Achieved bandwidth: 0 bps / 0.00 Mbps
Loss rate: 0.0%
Interarrival time min/avg/max/mdev = -0.000/0.000/0.000/0.000 ms

C->S results
Attempted bandwidth: 300000 bps / 0.30 Mbps
Achieved bandwidth: 296622 bps / 0.30 Mbps
Loss rate: 1.1%
Interarrival time min/avg/max/mdev = 0.002/26.450/595.258/23.850 ms
