
Test parameters:
client->server: 231 seconds, 1000 bytes, 8662 packets
server->client: 231 seconds, 1000 bytes, 0 packets
2025/10/14 15:47:37 POLARIS_LOG {"current_rate":0,"event":"path_switch","new":"2 2 5 2","trigger":"initialization","ts":1760456857.8213305}
Polaris prober initialized with 38 paths
Polaris prober initialized with local 1-111,10.111.0.71:32694 and remote 1-113,10.113.0.71
2025/10/14 15:47:38 POLARIS_LOG {"event":"send_rate","rate":0,"ts":1760456858.822776}
2025/10/14 15:47:39 POLARIS_LOG {"event":"send_rate","rate":168000,"ts":1760456859.8237956}
2025/10/14 15:47:40 POLARIS_LOG {"event":"send_rate","rate":296000,"ts":1760456860.826863}
2025/10/14 15:47:41 POLARIS_LOG {"event":"send_rate","rate":304000,"ts":1760456861.8227074}
2025/10/14 15:47:42 POLARIS_LOG {"event":"send_rate","rate":296000,"ts":1760456862.8225877}
2025/10/14 15:47:43 POLARIS_LOG {"event":"send_rate","rate":304000,"ts":1760456863.8239067}
2025/10/14 15:47:44 POLARIS_LOG {"event":"send_rate","rate":296000,"ts":1760456864.822576}
2025/10/14 15:47:45 POLARIS_LOG {"event":"send_rate","rate":304000,"ts":1760456865.822645}
2025/10/14 15:47:46 POLARIS_LOG {"event":"send_rate","rate":296000,"ts":1760456866.8226168}
2025/10/14 15:47:47 POLARIS_LOG {"event":"send_rate","rate":304000,"ts":1760456867.8232346}
2025/10/14 15:47:48 POLARIS_LOG {"event":"send_rate","rate":296000,"ts":1760456868.8223262}
2025/10/14 15:47:49 POLARIS_LOG {"event":"send_rate","rate":304000,"ts":1760456869.822568}
2025/10/14 15:47:50 POLARIS_LOG {"event":"send_rate","rate":304000,"ts":1760456870.8328834}
2025/10/14 15:47:51 POLARIS_LOG {"event":"send_rate","rate":296000,"ts":1760456871.8224678}
2025/10/14 15:47:52 POLARIS_LOG {"event":"send_rate","rate":296000,"ts":1760456872.8225186}
2025/10/14 15:47:53 POLARIS_LOG {"event":"send_rate","rate":304000,"ts":1760456873.82322}
2025/10/14 15:47:54 POLARIS_LOG {"event":"send_rate","rate":296000,"ts":1760456874.8233447}
2025/10/14 15:47:55 POLARIS_LOG {"event":"send_rate","rate":304000,"ts":1760456875.8230574}
2025/10/14 15:47:56 POLARIS_LOG {"event":"send_rate","rate":296000,"ts":1760456876.8273478}
2025/10/14 15:47:57 POLARIS_LOG {"event":"send_rate","rate":304000,"ts":1760456877.8229146}
2025/10/14 15:47:58 POLARIS_LOG {"event":"send_rate","rate":296000,"ts":1760456878.8233254}
2025/10/14 15:47:59 POLARIS_LOG {"event":"send_rate","rate":304000,"ts":1760456879.832294}
2025/10/14 15:48:00 POLARIS_LOG {"event":"send_rate","rate":296000,"ts":1760456880.8226793}
2025/10/14 15:48:01 POLARIS_LOG {"event":"send_rate","rate":304000,"ts":1760456881.8223238}
2025/10/14 15:48:02 POLARIS_LOG {"event":"send_rate","rate":304000,"ts":1760456882.8387907}
2025/10/14 15:48:03 POLARIS_LOG {"event":"send_rate","rate":296000,"ts":1760456883.8228981}
2025/10/14 15:48:04 POLARIS_LOG {"event":"send_rate","rate":296000,"ts":1760456884.8224776}
2025/10/14 15:48:05 POLARIS_LOG {"event":"send_rate","rate":304000,"ts":1760456885.82244}
2025/10/14 15:48:06 POLARIS_LOG {"event":"send_rate","rate":296000,"ts":1760456886.8230062}
2025/10/14 15:48:07 POLARIS_LOG {"event":"send_rate","rate":304000,"ts":1760456887.8232272}
2025/10/14 15:48:08 POLARIS_LOG {"event":"send_rate","rate":296000,"ts":1760456888.823082}
2025/10/14 15:48:09 POLARIS_LOG {"event":"send_rate","rate":304000,"ts":1760456889.8280022}
2025/10/14 15:48:10 POLARIS_LOG {"event":"send_rate","rate":296000,"ts":1760456890.8229566}
2025/10/14 15:48:11 POLARIS_LOG {"event":"send_rate","rate":304000,"ts":1760456891.8237634}
2025/10/14 15:48:12 POLARIS_LOG {"event":"send_rate","rate":296000,"ts":1760456892.8225408}
2025/10/14 15:48:13 POLARIS_LOG {"event":"send_rate","rate":304000,"ts":1760456893.8225577}
2025/10/14 15:48:14 POLARIS_LOG {"event":"send_rate","rate":296000,"ts":1760456894.8239706}
2025/10/14 15:48:15 POLARIS_LOG {"event":"send_rate","rate":304000,"ts":1760456895.8227515}
2025/10/14 15:48:16 POLARIS_LOG {"event":"send_rate","rate":296000,"ts":1760456896.8229187}
2025/10/14 15:48:17 POLARIS_LOG {"event":"send_rate","rate":304000,"ts":1760456897.8232863}
2025/10/14 15:48:18 POLARIS_LOG {"event":"send_rate","rate":296000,"ts":1760456898.822573}
2025/10/14 15:48:19 POLARIS_LOG {"event":"send_rate","rate":304000,"ts":1760456899.8232517}
2025/10/14 15:48:20 POLARIS_LOG {"event":"send_rate","rate":304000,"ts":1760456900.8451421}
2025/10/14 15:48:21 POLARIS_LOG {"event":"send_rate","rate":296000,"ts":1760456901.8238444}
2025/10/14 15:48:22 POLARIS_LOG {"event":"send_rate","rate":296000,"ts":1760456902.8232756}
2025/10/14 15:48:23 POLARIS_LOG {"event":"send_rate","rate":304000,"ts":1760456903.8228219}
2025/10/14 15:48:24 POLARIS_LOG {"event":"send_rate","rate":296000,"ts":1760456904.8232234}
2025/10/14 15:48:25 POLARIS_LOG {"event":"send_rate","rate":304000,"ts":1760456905.8224475}
2025/10/14 15:48:26 POLARIS_LOG {"event":"send_rate","rate":296000,"ts":1760456906.8232782}
2025/10/14 15:48:27 POLARIS_LOG {"event":"send_rate","rate":304000,"ts":1760456907.8224878}
2025/10/14 15:48:28 POLARIS_LOG {"event":"send_rate","rate":296000,"ts":1760456908.8223479}
2025/10/14 15:48:29 POLARIS_LOG {"event":"send_rate","rate":304000,"ts":1760456909.822898}
2025/10/14 15:48:30 POLARIS_LOG {"event":"send_rate","rate":296000,"ts":1760456910.822339}
2025/10/14 15:48:31 POLARIS_LOG {"event":"send_rate","rate":296000,"ts":1760456911.8229985}
2025/10/14 15:48:32 POLARIS_LOG {"event":"send_rate","rate":312000,"ts":1760456912.84052}
2025/10/14 15:48:33 POLARIS_LOG {"event":"send_rate","rate":288000,"ts":1760456913.8226526}
2025/10/14 15:48:34 POLARIS_LOG {"event":"send_rate","rate":304000,"ts":1760456914.8227644}
2025/10/14 15:48:35 POLARIS_LOG {"event":"send_rate","rate":304000,"ts":1760456915.8318095}
2025/10/14 15:48:36 POLARIS_LOG {"event":"send_rate","rate":280000,"ts":1760456916.8275778}
2025/10/14 15:48:37 POLARIS_LOG {"event":"send_rate","rate":312000,"ts":1760456917.8225615}
2025/10/14 15:48:38 POLARIS_LOG {"event":"send_rate","rate":296000,"ts":1760456918.8223457}
2025/10/14 15:48:39 POLARIS_LOG {"event":"send_rate","rate":304000,"ts":1760456919.822512}
2025/10/14 15:48:40 POLARIS_LOG {"event":"send_rate","rate":312000,"ts":1760456920.8493586}
2025/10/14 15:48:41 POLARIS_LOG {"event":"send_rate","rate":288000,"ts":1760456921.823208}
2025/10/14 15:48:42 POLARIS_LOG {"event":"send_rate","rate":304000,"ts":1760456922.823127}
2025/10/14 15:48:43 POLARIS_LOG {"event":"send_rate","rate":296000,"ts":1760456923.8223703}
2025/10/14 15:48:44 POLARIS_LOG {"event":"send_rate","rate":304000,"ts":1760456924.822563}
2025/10/14 15:48:45 POLARIS_LOG {"event":"send_rate","rate":296000,"ts":1760456925.8231893}
2025/10/14 15:48:46 POLARIS_LOG {"event":"send_rate","rate":304000,"ts":1760456926.824471}
2025/10/14 15:48:47 POLARIS_LOG {"event":"send_rate","rate":296000,"ts":1760456927.8228006}
2025/10/14 15:48:48 POLARIS_LOG {"event":"send_rate","rate":304000,"ts":1760456928.8227372}
2025/10/14 15:48:49 POLARIS_LOG {"event":"send_rate","rate":296000,"ts":1760456929.8231823}
2025/10/14 15:48:50 POLARIS_LOG {"event":"send_rate","rate":304000,"ts":1760456930.822633}
2025/10/14 15:48:51 POLARIS_LOG {"event":"send_rate","rate":296000,"ts":1760456931.8236907}
2025/10/14 15:48:52 POLARIS_LOG {"event":"send_rate","rate":208000,"ts":1760456932.8226893}
2025/10/14 15:48:53 POLARIS_LOG {"event":"send_rate","rate":256000,"ts":1760456933.823362}
2025/10/14 15:48:54 POLARIS_LOG {"event":"send_rate","rate":168000,"ts":1760456934.8338108}
2025/10/14 15:48:55 POLARIS_LOG {"event":"send_rate","rate":208000,"ts":1760456935.830233}
2025/10/14 15:48:56 POLARIS_LOG {"event":"send_rate","rate":208000,"ts":1760456936.8226647}
2025/10/14 15:48:57 POLARIS_LOG {"event":"send_rate","rate":232000,"ts":1760456937.8224812}
Skipping switch: current path 2 2 5 2 has lastEstimate 333250 >= maxEstimate 0
2025/10/14 15:48:58 POLARIS_LOG {"event":"send_rate","rate":192000,"ts":1760456938.8233016}
2025/10/14 15:48:59 POLARIS_LOG {"event":"send_rate","rate":144000,"ts":1760456939.834114}
2025/10/14 15:49:00 POLARIS_LOG {"event":"send_rate","rate":224000,"ts":1760456940.8232358}
2025/10/14 15:49:01 POLARIS_LOG {"event":"send_rate","rate":224000,"ts":1760456941.8227236}
2025/10/14 15:49:02 POLARIS_LOG {"event":"send_rate","rate":192000,"ts":1760456942.8319561}
2025/10/14 15:49:03 POLARIS_LOG {"event":"send_rate","rate":152000,"ts":1760456943.832959}
2025/10/14 15:49:04 POLARIS_LOG {"event":"send_rate","rate":272000,"ts":1760456944.8264937}
2025/10/14 15:49:05 POLARIS_LOG {"event":"send_rate","rate":320000,"ts":1760456945.8231463}
2025/10/14 15:49:06 POLARIS_LOG {"event":"send_rate","rate":304000,"ts":1760456946.8231242}
2025/10/14 15:49:07 POLARIS_LOG {"event":"send_rate","rate":272000,"ts":1760456947.82337}
2025/10/14 15:49:08 POLARIS_LOG {"event":"send_rate","rate":360000,"ts":1760456948.8245583}
2025/10/14 15:49:09 POLARIS_LOG {"event":"send_rate","rate":280000,"ts":1760456949.8300018}
2025/10/14 15:49:10 POLARIS_LOG {"event":"send_rate","rate":352000,"ts":1760456950.8290057}
2025/10/14 15:49:11 POLARIS_LOG {"event":"send_rate","rate":416000,"ts":1760456951.8272183}
2025/10/14 15:49:12 POLARIS_LOG {"event":"send_rate","rate":296000,"ts":1760456952.8228936}
2025/10/14 15:49:13 POLARIS_LOG {"event":"send_rate","rate":336000,"ts":1760456953.8367717}
2025/10/14 15:49:14 POLARIS_LOG {"event":"send_rate","rate":496000,"ts":1760456954.8279974}
2025/10/14 15:49:15 POLARIS_LOG {"event":"send_rate","rate":352000,"ts":1760456955.822856}
2025/10/14 15:49:16 POLARIS_LOG {"event":"send_rate","rate":472000,"ts":1760456956.823483}
2025/10/14 15:49:17 POLARIS_LOG {"event":"send_rate","rate":432000,"ts":1760456957.8226597}
2025/10/14 15:49:18 POLARIS_LOG {"event":"send_rate","rate":376000,"ts":1760456958.8226347}
2025/10/14 15:49:19 POLARIS_LOG {"event":"send_rate","rate":368000,"ts":1760456959.8324952}
2025/10/14 15:49:20 POLARIS_LOG {"event":"send_rate","rate":304000,"ts":1760456960.822477}
2025/10/14 15:49:21 POLARIS_LOG {"event":"send_rate","rate":320000,"ts":1760456961.8253024}
2025/10/14 15:49:22 POLARIS_LOG {"event":"send_rate","rate":320000,"ts":1760456962.8230922}
2025/10/14 15:49:23 POLARIS_LOG {"event":"send_rate","rate":408000,"ts":1760456963.823258}
2025/10/14 15:49:24 POLARIS_LOG {"event":"send_rate","rate":400000,"ts":1760456964.8287654}
2025/10/14 15:49:25 POLARIS_LOG {"event":"send_rate","rate":344000,"ts":1760456965.8400888}
2025/10/14 15:49:26 POLARIS_LOG {"event":"send_rate","rate":296000,"ts":1760456966.82235}
2025/10/14 15:49:27 POLARIS_LOG {"event":"send_rate","rate":296000,"ts":1760456967.8297765}
2025/10/14 15:49:28 POLARIS_LOG {"event":"send_rate","rate":304000,"ts":1760456968.8239527}
2025/10/14 15:49:29 POLARIS_LOG {"event":"send_rate","rate":296000,"ts":1760456969.8273542}
2025/10/14 15:49:30 POLARIS_LOG {"event":"send_rate","rate":256000,"ts":1760456970.8231}
2025/10/14 15:49:31 POLARIS_LOG {"event":"send_rate","rate":200000,"ts":1760456971.8228316}
2025/10/14 15:49:32 POLARIS_LOG {"event":"send_rate","rate":160000,"ts":1760456972.823127}
2025/10/14 15:49:33 POLARIS_LOG {"event":"send_rate","rate":248000,"ts":1760456973.823491}
2025/10/14 15:49:34 POLARIS_LOG {"event":"send_rate","rate":192000,"ts":1760456974.8225303}
2025/10/14 15:49:35 POLARIS_LOG {"event":"send_rate","rate":280000,"ts":1760456975.8231418}
2025/10/14 15:49:36 POLARIS_LOG {"event":"send_rate","rate":368000,"ts":1760456976.822876}
2025/10/14 15:49:37 POLARIS_LOG {"event":"send_rate","rate":408000,"ts":1760456977.824662}
2025/10/14 15:49:38 POLARIS_LOG {"event":"send_rate","rate":288000,"ts":1760456978.8226595}
2025/10/14 15:49:39 POLARIS_LOG {"event":"send_rate","rate":336000,"ts":1760456979.8235095}
2025/10/14 15:49:40 POLARIS_LOG {"event":"send_rate","rate":232000,"ts":1760456980.827506}
2025/10/14 15:49:41 POLARIS_LOG {"event":"send_rate","rate":208000,"ts":1760456981.8248978}
2025/10/14 15:49:42 POLARIS_LOG {"event":"send_rate","rate":192000,"ts":1760456982.8249345}
2025/10/14 15:49:43 POLARIS_LOG {"event":"send_rate","rate":272000,"ts":1760456983.829211}
2025/10/14 15:49:44 POLARIS_LOG {"event":"send_rate","rate":256000,"ts":1760456984.8250542}
2025/10/14 15:49:45 POLARIS_LOG {"event":"send_rate","rate":192000,"ts":1760456985.8269932}
2025/10/14 15:49:46 POLARIS_LOG {"event":"send_rate","rate":296000,"ts":1760456986.8232682}
2025/10/14 15:49:47 POLARIS_LOG {"event":"send_rate","rate":288000,"ts":1760456987.8223264}
Skipping switch: current path 2 2 5 2 has lastEstimate 333250 >= maxEstimate 0
2025/10/14 15:49:48 POLARIS_LOG {"event":"send_rate","rate":272000,"ts":1760456988.8233075}
2025/10/14 15:49:49 POLARIS_LOG {"event":"send_rate","rate":352000,"ts":1760456989.822912}
2025/10/14 15:49:50 POLARIS_LOG {"event":"send_rate","rate":240000,"ts":1760456990.8231406}
2025/10/14 15:49:51 POLARIS_LOG {"event":"send_rate","rate":304000,"ts":1760456991.823292}
2025/10/14 15:49:52 POLARIS_LOG {"event":"send_rate","rate":256000,"ts":1760456992.8230162}
2025/10/14 15:49:53 POLARIS_LOG {"event":"send_rate","rate":312000,"ts":1760456993.8232565}
2025/10/14 15:49:54 POLARIS_LOG {"event":"send_rate","rate":232000,"ts":1760456994.823762}
2025/10/14 15:49:55 POLARIS_LOG {"event":"send_rate","rate":232000,"ts":1760456995.823305}
2025/10/14 15:49:56 POLARIS_LOG {"event":"send_rate","rate":272000,"ts":1760456996.8230536}
2025/10/14 15:49:57 POLARIS_LOG {"event":"send_rate","rate":232000,"ts":1760456997.826092}
Skipping switch: current path 2 2 5 2 has lastEstimate 333250 >= maxEstimate 0
2025/10/14 15:49:58 POLARIS_LOG {"event":"send_rate","rate":192000,"ts":1760456998.8229449}
2025/10/14 15:49:59 POLARIS_LOG {"event":"send_rate","rate":216000,"ts":1760456999.8224971}
2025/10/14 15:50:00 POLARIS_LOG {"event":"send_rate","rate":312000,"ts":1760457000.8249063}
2025/10/14 15:50:01 POLARIS_LOG {"event":"send_rate","rate":336000,"ts":1760457001.8227415}
2025/10/14 15:50:02 POLARIS_LOG {"event":"send_rate","rate":448000,"ts":1760457002.8232062}
2025/10/14 15:50:03 POLARIS_LOG {"event":"send_rate","rate":424000,"ts":1760457003.8223438}
2025/10/14 15:50:04 POLARIS_LOG {"event":"send_rate","rate":376000,"ts":1760457004.822572}
2025/10/14 15:50:05 POLARIS_LOG {"event":"send_rate","rate":464000,"ts":1760457005.8227837}
2025/10/14 15:50:06 POLARIS_LOG {"event":"send_rate","rate":272000,"ts":1760457006.8239229}
2025/10/14 15:50:07 POLARIS_LOG {"event":"send_rate","rate":608000,"ts":1760457007.8228316}
2025/10/14 15:50:08 POLARIS_LOG {"event":"send_rate","rate":512000,"ts":1760457008.8244944}
2025/10/14 15:50:09 POLARIS_LOG {"event":"send_rate","rate":352000,"ts":1760457009.822713}
2025/10/14 15:50:10 POLARIS_LOG {"event":"send_rate","rate":280000,"ts":1760457010.8230772}
2025/10/14 15:50:11 POLARIS_LOG {"event":"send_rate","rate":216000,"ts":1760457011.8264463}
2025/10/14 15:50:12 POLARIS_LOG {"event":"send_rate","rate":216000,"ts":1760457012.8286169}
2025/10/14 15:50:13 POLARIS_LOG {"event":"send_rate","rate":256000,"ts":1760457013.8229637}
2025/10/14 15:50:14 POLARIS_LOG {"event":"send_rate","rate":184000,"ts":1760457014.822669}
2025/10/14 15:50:15 POLARIS_LOG {"event":"send_rate","rate":128000,"ts":1760457015.823257}
2025/10/14 15:50:16 POLARIS_LOG {"event":"send_rate","rate":200000,"ts":1760457016.822407}
2025/10/14 15:50:17 POLARIS_LOG {"event":"send_rate","rate":200000,"ts":1760457017.8239913}
2025/10/14 15:50:18 POLARIS_LOG {"event":"send_rate","rate":360000,"ts":1760457018.8230917}
2025/10/14 15:50:19 POLARIS_LOG {"event":"send_rate","rate":192000,"ts":1760457019.822541}
2025/10/14 15:50:20 POLARIS_LOG {"event":"send_rate","rate":448000,"ts":1760457020.8228557}
2025/10/14 15:50:21 POLARIS_LOG {"event":"send_rate","rate":408000,"ts":1760457021.827407}
2025/10/14 15:50:22 POLARIS_LOG {"event":"send_rate","rate":216000,"ts":1760457022.8231993}
2025/10/14 15:50:23 POLARIS_LOG {"event":"send_rate","rate":296000,"ts":1760457023.8229194}
2025/10/14 15:50:24 POLARIS_LOG {"event":"send_rate","rate":216000,"ts":1760457024.8232021}
2025/10/14 15:50:25 POLARIS_LOG {"event":"send_rate","rate":320000,"ts":1760457025.82313}
2025/10/14 15:50:26 POLARIS_LOG {"event":"send_rate","rate":368000,"ts":1760457026.8242173}
2025/10/14 15:50:27 POLARIS_LOG {"event":"send_rate","rate":312000,"ts":1760457027.822609}
2025/10/14 15:50:28 POLARIS_LOG {"event":"send_rate","rate":200000,"ts":1760457028.8229237}
2025/10/14 15:50:29 POLARIS_LOG {"event":"send_rate","rate":256000,"ts":1760457029.8227475}
2025/10/14 15:50:30 POLARIS_LOG {"event":"send_rate","rate":216000,"ts":1760457030.8233144}
2025/10/14 15:50:31 POLARIS_LOG {"event":"send_rate","rate":208000,"ts":1760457031.8232567}
2025/10/14 15:50:32 POLARIS_LOG {"event":"send_rate","rate":312000,"ts":1760457032.8239574}
2025/10/14 15:50:33 POLARIS_LOG {"event":"send_rate","rate":344000,"ts":1760457033.823169}
2025/10/14 15:50:34 POLARIS_LOG {"event":"send_rate","rate":320000,"ts":1760457034.822671}
2025/10/14 15:50:35 POLARIS_LOG {"event":"send_rate","rate":248000,"ts":1760457035.823738}
2025/10/14 15:50:36 POLARIS_LOG {"event":"send_rate","rate":248000,"ts":1760457036.8229442}
Skipping switch: current path 2 2 5 2 has lastEstimate 333250 >= maxEstimate 0
2025/10/14 15:50:37 POLARIS_LOG {"event":"send_rate","rate":256000,"ts":1760457037.8397508}
2025/10/14 15:50:38 POLARIS_LOG {"event":"send_rate","rate":264000,"ts":1760457038.8232143}
2025/10/14 15:50:39 POLARIS_LOG {"event":"send_rate","rate":312000,"ts":1760457039.8243196}
2025/10/14 15:50:40 POLARIS_LOG {"event":"send_rate","rate":336000,"ts":1760457040.8419535}
2025/10/14 15:50:41 POLARIS_LOG {"event":"send_rate","rate":376000,"ts":1760457041.8263}
2025/10/14 15:50:42 POLARIS_LOG {"event":"send_rate","rate":352000,"ts":1760457042.8228157}
2025/10/14 15:50:43 POLARIS_LOG {"event":"send_rate","rate":328000,"ts":1760457043.829563}
2025/10/14 15:50:44 POLARIS_LOG {"event":"send_rate","rate":216000,"ts":1760457044.8228939}
2025/10/14 15:50:45 POLARIS_LOG {"event":"send_rate","rate":288000,"ts":1760457045.8231988}
2025/10/14 15:50:46 POLARIS_LOG {"event":"send_rate","rate":192000,"ts":1760457046.822597}
2025/10/14 15:50:47 POLARIS_LOG {"event":"send_rate","rate":280000,"ts":1760457047.8230808}
Skipping switch: current path 2 2 5 2 has lastEstimate 333250 >= maxEstimate 0
2025/10/14 15:50:48 POLARIS_LOG {"event":"send_rate","rate":296000,"ts":1760457048.8234627}
2025/10/14 15:50:49 POLARIS_LOG {"event":"send_rate","rate":320000,"ts":1760457049.8318162}
2025/10/14 15:50:50 POLARIS_LOG {"event":"send_rate","rate":304000,"ts":1760457050.8233204}
2025/10/14 15:50:51 POLARIS_LOG {"event":"send_rate","rate":360000,"ts":1760457051.8345246}
2025/10/14 15:50:52 POLARIS_LOG {"event":"send_rate","rate":488000,"ts":1760457052.8233516}
2025/10/14 15:50:53 POLARIS_LOG {"event":"send_rate","rate":384000,"ts":1760457053.8313034}
2025/10/14 15:50:54 POLARIS_LOG {"event":"send_rate","rate":344000,"ts":1760457054.823296}
2025/10/14 15:50:55 POLARIS_LOG {"event":"send_rate","rate":312000,"ts":1760457055.8230984}
2025/10/14 15:50:56 POLARIS_LOG {"event":"send_rate","rate":400000,"ts":1760457056.8245342}
2025/10/14 15:50:57 POLARIS_LOG {"event":"send_rate","rate":448000,"ts":1760457057.82261}
2025/10/14 15:50:58 POLARIS_LOG {"event":"send_rate","rate":392000,"ts":1760457058.8223362}
2025/10/14 15:50:59 POLARIS_LOG {"event":"send_rate","rate":240000,"ts":1760457059.824733}
2025/10/14 15:51:00 POLARIS_LOG {"event":"send_rate","rate":240000,"ts":1760457060.8355706}
2025/10/14 15:51:01 POLARIS_LOG {"event":"send_rate","rate":248000,"ts":1760457061.8281124}
2025/10/14 15:51:02 POLARIS_LOG {"event":"send_rate","rate":296000,"ts":1760457062.8233192}
2025/10/14 15:51:03 POLARIS_LOG {"event":"send_rate","rate":240000,"ts":1760457063.8257368}
2025/10/14 15:51:04 POLARIS_LOG {"event":"send_rate","rate":464000,"ts":1760457064.8229907}
2025/10/14 15:51:05 POLARIS_LOG {"event":"send_rate","rate":208000,"ts":1760457065.8225327}
2025/10/14 15:51:06 POLARIS_LOG {"event":"send_rate","rate":256000,"ts":1760457066.822663}
2025/10/14 15:51:07 POLARIS_LOG {"event":"send_rate","rate":200000,"ts":1760457067.8232298}
Skipping switch: current path 2 2 5 2 has lastEstimate 333250 >= maxEstimate 0
2025/10/14 15:51:08 POLARIS_LOG {"event":"send_rate","rate":256000,"ts":1760457068.8228076}
2025/10/14 15:51:09 POLARIS_LOG {"event":"send_rate","rate":376000,"ts":1760457069.824064}
2025/10/14 15:51:10 POLARIS_LOG {"event":"send_rate","rate":328000,"ts":1760457070.8234646}
2025/10/14 15:51:11 POLARIS_LOG {"event":"send_rate","rate":288000,"ts":1760457071.8376336}
2025/10/14 15:51:12 POLARIS_LOG {"event":"send_rate","rate":288000,"ts":1760457072.8235357}
2025/10/14 15:51:13 POLARIS_LOG {"event":"send_rate","rate":328000,"ts":1760457073.822866}
2025/10/14 15:51:14 POLARIS_LOG {"event":"send_rate","rate":304000,"ts":1760457074.823008}
2025/10/14 15:51:15 POLARIS_LOG {"event":"send_rate","rate":280000,"ts":1760457075.8230004}
2025/10/14 15:51:16 POLARIS_LOG {"event":"send_rate","rate":360000,"ts":1760457076.8321066}
2025/10/14 15:51:17 POLARIS_LOG {"event":"send_rate","rate":240000,"ts":1760457077.8228765}
2025/10/14 15:51:18 POLARIS_LOG {"event":"send_rate","rate":248000,"ts":1760457078.8253582}
2025/10/14 15:51:19 POLARIS_LOG {"event":"send_rate","rate":160000,"ts":1760457079.8225121}
2025/10/14 15:51:20 POLARIS_LOG {"event":"send_rate","rate":168000,"ts":1760457080.8232965}
2025/10/14 15:51:21 POLARIS_LOG {"event":"send_rate","rate":200000,"ts":1760457081.8276427}
2025/10/14 15:51:22 POLARIS_LOG {"event":"send_rate","rate":376000,"ts":1760457082.8224406}
2025/10/14 15:51:23 POLARIS_LOG {"event":"send_rate","rate":240000,"ts":1760457083.8231974}
2025/10/14 15:51:24 POLARIS_LOG {"event":"send_rate","rate":304000,"ts":1760457084.8346062}
2025/10/14 15:51:25 POLARIS_LOG {"event":"send_rate","rate":240000,"ts":1760457085.8269684}
2025/10/14 15:51:26 POLARIS_LOG {"event":"send_rate","rate":168000,"ts":1760457086.823471}
2025/10/14 15:51:27 POLARIS_LOG {"event":"send_rate","rate":224000,"ts":1760457087.8226273}
Skipping switch: current path 2 2 5 2 has lastEstimate 333250 >= maxEstimate 0
2025/10/14 15:51:28 POLARIS_LOG {"event":"send_rate","rate":280000,"ts":1760457088.823196}
2025/10/14 15:51:29 POLARIS_LOG {"event":"send_rate","rate":280000,"ts":1760457089.8235168}
Drain Loop received packet
Drain Loop received non-nil payload
We need to sleep for 1 seconds before we can get the results
Client sent 8507 packets, server reported 8317 packets received
The network loss rate from client to server is 2.2%

S->C results
Attempted bandwidth: 0 bps / 0.00 Mbps
Achieved bandwidth: 0 bps / 0.00 Mbps
Loss rate: 0.0%
Interarrival time min/avg/max/mdev = -0.000/0.000/0.000/0.000 ms

C->S results
Attempted bandwidth: 299982 bps / 0.30 Mbps
Achieved bandwidth: 288034 bps / 0.29 Mbps
Loss rate: 4.0%
Interarrival time min/avg/max/mdev = 0.002/27.369/725.684/26.426 ms
