
Test parameters:
client->server: 234 seconds, 1000 bytes, 8775 packets
server->client: 234 seconds, 1000 bytes, 0 packets
2025/10/14 15:47:34 POLARIS_LOG {"current_rate":0,"event":"path_switch","new":"2 2 5 2","trigger":"initialization","ts":1760456854.5299428}
Polaris prober initialized with 38 paths
Polaris prober initialized with local 1-111,10.111.0.71:32698 and remote 1-113,10.113.0.71
2025/10/14 15:47:35 POLARIS_LOG {"event":"send_rate","rate":0,"ts":1760456855.5333369}
2025/10/14 15:47:36 POLARIS_LOG {"event":"send_rate","rate":176000,"ts":1760456856.5329466}
2025/10/14 15:47:37 POLARIS_LOG {"event":"send_rate","rate":312000,"ts":1760456857.5496225}
2025/10/14 15:47:38 POLARIS_LOG {"event":"send_rate","rate":288000,"ts":1760456858.5320394}
2025/10/14 15:47:39 POLARIS_LOG {"event":"send_rate","rate":304000,"ts":1760456859.5343385}
2025/10/14 15:47:40 POLARIS_LOG {"event":"send_rate","rate":296000,"ts":1760456860.532752}
2025/10/14 15:47:41 POLARIS_LOG {"event":"send_rate","rate":304000,"ts":1760456861.5324135}
2025/10/14 15:47:42 POLARIS_LOG {"event":"send_rate","rate":288000,"ts":1760456862.5322518}
2025/10/14 15:47:43 POLARIS_LOG {"event":"send_rate","rate":208000,"ts":1760456863.5434482}
2025/10/14 15:47:44 POLARIS_LOG {"event":"send_rate","rate":280000,"ts":1760456864.532427}
Skipping switch: current path 2 2 5 2 has lastEstimate 285750 >= maxEstimate 0
2025/10/14 15:47:45 POLARIS_LOG {"event":"send_rate","rate":296000,"ts":1760456865.5421913}
2025/10/14 15:47:46 POLARIS_LOG {"event":"send_rate","rate":352000,"ts":1760456866.5338159}
2025/10/14 15:47:47 POLARIS_LOG {"event":"send_rate","rate":320000,"ts":1760456867.5320263}
2025/10/14 15:47:48 POLARIS_LOG {"event":"send_rate","rate":288000,"ts":1760456868.5421472}
2025/10/14 15:47:49 POLARIS_LOG {"event":"send_rate","rate":328000,"ts":1760456869.5386684}
2025/10/14 15:47:50 POLARIS_LOG {"event":"send_rate","rate":256000,"ts":1760456870.560866}
2025/10/14 15:47:51 POLARIS_LOG {"event":"send_rate","rate":232000,"ts":1760456871.5420556}
2025/10/14 15:47:52 POLARIS_LOG {"event":"send_rate","rate":240000,"ts":1760456872.5461476}
2025/10/14 15:47:53 POLARIS_LOG {"event":"send_rate","rate":312000,"ts":1760456873.543033}
Skipping switch: current path 2 2 5 2 has lastEstimate 333250 >= maxEstimate 0
2025/10/14 15:47:54 POLARIS_LOG {"event":"send_rate","rate":256000,"ts":1760456874.532575}
2025/10/14 15:47:55 POLARIS_LOG {"event":"send_rate","rate":280000,"ts":1760456875.5323656}
2025/10/14 15:47:56 POLARIS_LOG {"event":"send_rate","rate":312000,"ts":1760456876.5326025}
2025/10/14 15:47:57 POLARIS_LOG {"event":"send_rate","rate":392000,"ts":1760456877.5478694}
2025/10/14 15:47:58 POLARIS_LOG {"event":"send_rate","rate":424000,"ts":1760456878.5332546}
2025/10/14 15:47:59 POLARIS_LOG {"event":"send_rate","rate":336000,"ts":1760456879.533646}
2025/10/14 15:48:00 POLARIS_LOG {"event":"send_rate","rate":304000,"ts":1760456880.5475905}
2025/10/14 15:48:01 POLARIS_LOG {"event":"send_rate","rate":296000,"ts":1760456881.5322876}
2025/10/14 15:48:02 POLARIS_LOG {"event":"send_rate","rate":296000,"ts":1760456882.5325978}
2025/10/14 15:48:03 POLARIS_LOG {"event":"send_rate","rate":304000,"ts":1760456883.547336}
2025/10/14 15:48:04 POLARIS_LOG {"event":"send_rate","rate":312000,"ts":1760456884.5882776}
2025/10/14 15:48:05 POLARIS_LOG {"event":"send_rate","rate":288000,"ts":1760456885.5328836}
2025/10/14 15:48:06 POLARIS_LOG {"event":"send_rate","rate":296000,"ts":1760456886.5393097}
2025/10/14 15:48:07 POLARIS_LOG {"event":"send_rate","rate":288000,"ts":1760456887.532718}
2025/10/14 15:48:08 POLARIS_LOG {"event":"send_rate","rate":152000,"ts":1760456888.5339422}
2025/10/14 15:48:09 POLARIS_LOG {"event":"send_rate","rate":232000,"ts":1760456889.534677}
2025/10/14 15:48:10 POLARIS_LOG {"event":"send_rate","rate":280000,"ts":1760456890.5419395}
2025/10/14 15:48:11 POLARIS_LOG {"event":"send_rate","rate":192000,"ts":1760456891.5555177}
2025/10/14 15:48:12 POLARIS_LOG {"event":"send_rate","rate":248000,"ts":1760456892.532784}
2025/10/14 15:48:13 POLARIS_LOG {"event":"send_rate","rate":224000,"ts":1760456893.533932}
2025/10/14 15:48:14 POLARIS_LOG {"event":"send_rate","rate":248000,"ts":1760456894.5401263}
Skipping switch: current path 2 2 5 2 has lastEstimate 285750 >= maxEstimate 0
2025/10/14 15:48:15 POLARIS_LOG {"event":"send_rate","rate":360000,"ts":1760456895.5443106}
2025/10/14 15:48:16 POLARIS_LOG {"event":"send_rate","rate":304000,"ts":1760456896.5326889}
2025/10/14 15:48:17 POLARIS_LOG {"event":"send_rate","rate":176000,"ts":1760456897.5374823}
2025/10/14 15:48:18 POLARIS_LOG {"event":"send_rate","rate":168000,"ts":1760456898.5322587}
2025/10/14 15:48:19 POLARIS_LOG {"event":"send_rate","rate":264000,"ts":1760456899.532033}
2025/10/14 15:48:20 POLARIS_LOG {"event":"send_rate","rate":216000,"ts":1760456900.5340328}
2025/10/14 15:48:21 POLARIS_LOG {"event":"send_rate","rate":200000,"ts":1760456901.5326498}
2025/10/14 15:48:22 POLARIS_LOG {"event":"send_rate","rate":232000,"ts":1760456902.5343893}
2025/10/14 15:48:23 POLARIS_LOG {"event":"send_rate","rate":240000,"ts":1760456903.532221}
2025/10/14 15:48:24 POLARIS_LOG {"event":"send_rate","rate":192000,"ts":1760456904.534317}
2025/10/14 15:48:24 POLARIS_LOG {"candidates":3,"candidates_unfiltered":3,"current_rate":192000,"estimated_share":400000,"event":"path_switch","max_estimated_share":400000,"new":"1 1 4 1","old":"2 2 5 2","trigger":"scheduled","ts":1760456904.5343885}
2025/10/14 15:48:25 POLARIS_LOG {"event":"send_rate","rate":1488000,"ts":1760456905.5535412}
2025/10/14 15:48:26 POLARIS_LOG {"event":"send_rate","rate":296000,"ts":1760456906.5342045}
2025/10/14 15:48:27 POLARIS_LOG {"event":"send_rate","rate":304000,"ts":1760456907.5402267}
2025/10/14 15:48:28 POLARIS_LOG {"event":"send_rate","rate":296000,"ts":1760456908.5326118}
2025/10/14 15:48:29 POLARIS_LOG {"event":"send_rate","rate":304000,"ts":1760456909.5324988}
2025/10/14 15:48:30 POLARIS_LOG {"event":"send_rate","rate":296000,"ts":1760456910.540249}
2025/10/14 15:48:31 POLARIS_LOG {"event":"send_rate","rate":304000,"ts":1760456911.5364556}
2025/10/14 15:48:32 POLARIS_LOG {"event":"send_rate","rate":296000,"ts":1760456912.540082}
2025/10/14 15:48:33 POLARIS_LOG {"event":"send_rate","rate":304000,"ts":1760456913.5325434}
2025/10/14 15:48:34 POLARIS_LOG {"event":"send_rate","rate":296000,"ts":1760456914.5398362}
2025/10/14 15:48:35 POLARIS_LOG {"event":"send_rate","rate":304000,"ts":1760456915.5320385}
2025/10/14 15:48:36 POLARIS_LOG {"event":"send_rate","rate":304000,"ts":1760456916.5490701}
2025/10/14 15:48:37 POLARIS_LOG {"event":"send_rate","rate":296000,"ts":1760456917.535212}
2025/10/14 15:48:38 POLARIS_LOG {"event":"send_rate","rate":296000,"ts":1760456918.5335264}
2025/10/14 15:48:39 POLARIS_LOG {"event":"send_rate","rate":304000,"ts":1760456919.5358806}
2025/10/14 15:48:40 POLARIS_LOG {"event":"send_rate","rate":304000,"ts":1760456920.557033}
2025/10/14 15:48:41 POLARIS_LOG {"event":"send_rate","rate":296000,"ts":1760456921.5320468}
2025/10/14 15:48:42 POLARIS_LOG {"event":"send_rate","rate":304000,"ts":1760456922.5433156}
2025/10/14 15:48:43 POLARIS_LOG {"event":"send_rate","rate":296000,"ts":1760456923.5325541}
2025/10/14 15:48:44 POLARIS_LOG {"event":"send_rate","rate":296000,"ts":1760456924.546284}
2025/10/14 15:48:45 POLARIS_LOG {"event":"send_rate","rate":304000,"ts":1760456925.532078}
2025/10/14 15:48:46 POLARIS_LOG {"event":"send_rate","rate":296000,"ts":1760456926.5325775}
2025/10/14 15:48:47 POLARIS_LOG {"event":"send_rate","rate":304000,"ts":1760456927.5427916}
2025/10/14 15:48:48 POLARIS_LOG {"event":"send_rate","rate":296000,"ts":1760456928.532414}
2025/10/14 15:48:49 POLARIS_LOG {"event":"send_rate","rate":304000,"ts":1760456929.533201}
2025/10/14 15:48:50 POLARIS_LOG {"event":"send_rate","rate":296000,"ts":1760456930.5324795}
2025/10/14 15:48:51 POLARIS_LOG {"event":"send_rate","rate":304000,"ts":1760456931.533833}
2025/10/14 15:48:52 POLARIS_LOG {"event":"send_rate","rate":296000,"ts":1760456932.5333707}
2025/10/14 15:48:53 POLARIS_LOG {"event":"send_rate","rate":304000,"ts":1760456933.5325205}
2025/10/14 15:48:54 POLARIS_LOG {"event":"send_rate","rate":296000,"ts":1760456934.532831}
2025/10/14 15:48:55 POLARIS_LOG {"event":"send_rate","rate":304000,"ts":1760456935.5342255}
2025/10/14 15:48:56 POLARIS_LOG {"event":"send_rate","rate":296000,"ts":1760456936.5338187}
2025/10/14 15:48:57 POLARIS_LOG {"event":"send_rate","rate":296000,"ts":1760456937.5544024}
2025/10/14 15:48:58 POLARIS_LOG {"event":"send_rate","rate":304000,"ts":1760456938.5350392}
2025/10/14 15:48:59 POLARIS_LOG {"event":"send_rate","rate":304000,"ts":1760456939.5333264}
2025/10/14 15:49:00 POLARIS_LOG {"event":"send_rate","rate":296000,"ts":1760456940.5321927}
2025/10/14 15:49:01 POLARIS_LOG {"event":"send_rate","rate":304000,"ts":1760456941.55056}
2025/10/14 15:49:02 POLARIS_LOG {"event":"send_rate","rate":296000,"ts":1760456942.5322843}
2025/10/14 15:49:03 POLARIS_LOG {"event":"send_rate","rate":296000,"ts":1760456943.5329084}
2025/10/14 15:49:04 POLARIS_LOG {"event":"send_rate","rate":304000,"ts":1760456944.533753}
2025/10/14 15:49:05 POLARIS_LOG {"event":"send_rate","rate":304000,"ts":1760456945.5337029}
2025/10/14 15:49:06 POLARIS_LOG {"event":"send_rate","rate":296000,"ts":1760456946.5332677}
2025/10/14 15:49:07 POLARIS_LOG {"event":"send_rate","rate":304000,"ts":1760456947.533347}
2025/10/14 15:49:08 POLARIS_LOG {"event":"send_rate","rate":296000,"ts":1760456948.5347703}
2025/10/14 15:49:09 POLARIS_LOG {"event":"send_rate","rate":304000,"ts":1760456949.540535}
2025/10/14 15:49:10 POLARIS_LOG {"event":"send_rate","rate":304000,"ts":1760456950.5482173}
2025/10/14 15:49:11 POLARIS_LOG {"event":"send_rate","rate":288000,"ts":1760456951.5336316}
2025/10/14 15:49:12 POLARIS_LOG {"event":"send_rate","rate":304000,"ts":1760456952.5322819}
2025/10/14 15:49:13 POLARIS_LOG {"event":"send_rate","rate":312000,"ts":1760456953.575681}
2025/10/14 15:49:14 POLARIS_LOG {"event":"send_rate","rate":288000,"ts":1760456954.5322642}
2025/10/14 15:49:15 POLARIS_LOG {"event":"send_rate","rate":304000,"ts":1760456955.539401}
2025/10/14 15:49:16 POLARIS_LOG {"event":"send_rate","rate":296000,"ts":1760456956.5347095}
2025/10/14 15:49:17 POLARIS_LOG {"event":"send_rate","rate":296000,"ts":1760456957.532637}
2025/10/14 15:49:18 POLARIS_LOG {"event":"send_rate","rate":304000,"ts":1760456958.5326185}
2025/10/14 15:49:19 POLARIS_LOG {"event":"send_rate","rate":296000,"ts":1760456959.5324557}
2025/10/14 15:49:20 POLARIS_LOG {"event":"send_rate","rate":304000,"ts":1760456960.5321474}
2025/10/14 15:49:21 POLARIS_LOG {"event":"send_rate","rate":296000,"ts":1760456961.5324013}
2025/10/14 15:49:22 POLARIS_LOG {"event":"send_rate","rate":296000,"ts":1760456962.5385385}
2025/10/14 15:49:23 POLARIS_LOG {"event":"send_rate","rate":320000,"ts":1760456963.577358}
2025/10/14 15:49:24 POLARIS_LOG {"event":"send_rate","rate":288000,"ts":1760456964.5415967}
2025/10/14 15:49:25 POLARIS_LOG {"event":"send_rate","rate":296000,"ts":1760456965.5327046}
2025/10/14 15:49:26 POLARIS_LOG {"event":"send_rate","rate":304000,"ts":1760456966.5404537}
2025/10/14 15:49:27 POLARIS_LOG {"event":"send_rate","rate":296000,"ts":1760456967.5326743}
2025/10/14 15:49:28 POLARIS_LOG {"event":"send_rate","rate":304000,"ts":1760456968.5466928}
2025/10/14 15:49:29 POLARIS_LOG {"event":"send_rate","rate":296000,"ts":1760456969.7204607}
2025/10/14 15:49:30 POLARIS_LOG {"event":"send_rate","rate":304000,"ts":1760456970.536649}
2025/10/14 15:49:31 POLARIS_LOG {"event":"send_rate","rate":296000,"ts":1760456971.5331957}
2025/10/14 15:49:32 POLARIS_LOG {"event":"send_rate","rate":312000,"ts":1760456972.5575683}
2025/10/14 15:49:33 POLARIS_LOG {"event":"send_rate","rate":288000,"ts":1760456973.571879}
Skipping switch: current path 1 1 4 1 has lastEstimate 333250 >= maxEstimate 0
2025/10/14 15:49:34 POLARIS_LOG {"event":"send_rate","rate":304000,"ts":1760456974.5325718}
2025/10/14 15:49:35 POLARIS_LOG {"event":"send_rate","rate":304000,"ts":1760456975.5417662}
2025/10/14 15:49:36 POLARIS_LOG {"event":"send_rate","rate":296000,"ts":1760456976.5426228}
2025/10/14 15:49:37 POLARIS_LOG {"event":"send_rate","rate":296000,"ts":1760456977.5323188}
2025/10/14 15:49:38 POLARIS_LOG {"event":"send_rate","rate":304000,"ts":1760456978.5330687}
2025/10/14 15:49:39 POLARIS_LOG {"event":"send_rate","rate":296000,"ts":1760456979.5344524}
2025/10/14 15:49:40 POLARIS_LOG {"event":"send_rate","rate":304000,"ts":1760456980.5419657}
2025/10/14 15:49:41 POLARIS_LOG {"event":"send_rate","rate":296000,"ts":1760456981.5345085}
2025/10/14 15:49:42 POLARIS_LOG {"event":"send_rate","rate":304000,"ts":1760456982.533967}
2025/10/14 15:49:43 POLARIS_LOG {"event":"send_rate","rate":296000,"ts":1760456983.533776}
2025/10/14 15:49:44 POLARIS_LOG {"event":"send_rate","rate":304000,"ts":1760456984.5424006}
2025/10/14 15:49:45 POLARIS_LOG {"event":"send_rate","rate":296000,"ts":1760456985.5325315}
2025/10/14 15:49:46 POLARIS_LOG {"event":"send_rate","rate":312000,"ts":1760456986.5549526}
2025/10/14 15:49:47 POLARIS_LOG {"event":"send_rate","rate":288000,"ts":1760456987.5344617}
2025/10/14 15:49:48 POLARIS_LOG {"event":"send_rate","rate":304000,"ts":1760456988.5326378}
2025/10/14 15:49:49 POLARIS_LOG {"event":"send_rate","rate":304000,"ts":1760456989.5541427}
2025/10/14 15:49:50 POLARIS_LOG {"event":"send_rate","rate":296000,"ts":1760456990.5320458}
2025/10/14 15:49:51 POLARIS_LOG {"event":"send_rate","rate":304000,"ts":1760456991.5490513}
2025/10/14 15:49:52 POLARIS_LOG {"event":"send_rate","rate":296000,"ts":1760456992.5323868}
2025/10/14 15:49:53 POLARIS_LOG {"event":"send_rate","rate":296000,"ts":1760456993.5419188}
2025/10/14 15:49:54 POLARIS_LOG {"event":"send_rate","rate":304000,"ts":1760456994.5392241}
2025/10/14 15:49:55 POLARIS_LOG {"event":"send_rate","rate":296000,"ts":1760456995.5330853}
2025/10/14 15:49:56 POLARIS_LOG {"event":"send_rate","rate":304000,"ts":1760456996.5363276}
2025/10/14 15:49:57 POLARIS_LOG {"event":"send_rate","rate":296000,"ts":1760456997.5339725}
2025/10/14 15:49:58 POLARIS_LOG {"event":"send_rate","rate":304000,"ts":1760456998.5326266}
2025/10/14 15:49:59 POLARIS_LOG {"event":"send_rate","rate":296000,"ts":1760456999.5356224}
2025/10/14 15:50:00 POLARIS_LOG {"event":"send_rate","rate":304000,"ts":1760457000.5325437}
2025/10/14 15:50:01 POLARIS_LOG {"event":"send_rate","rate":304000,"ts":1760457001.5582845}
2025/10/14 15:50:02 POLARIS_LOG {"event":"send_rate","rate":296000,"ts":1760457002.535191}
2025/10/14 15:50:03 POLARIS_LOG {"event":"send_rate","rate":304000,"ts":1760457003.5452096}
2025/10/14 15:50:04 POLARIS_LOG {"event":"send_rate","rate":296000,"ts":1760457004.5325727}
2025/10/14 15:50:05 POLARIS_LOG {"event":"send_rate","rate":296000,"ts":1760457005.5326462}
2025/10/14 15:50:06 POLARIS_LOG {"event":"send_rate","rate":304000,"ts":1760457006.5326385}
2025/10/14 15:50:07 POLARIS_LOG {"event":"send_rate","rate":296000,"ts":1760457007.535536}
2025/10/14 15:50:08 POLARIS_LOG {"event":"send_rate","rate":304000,"ts":1760457008.5432432}
2025/10/14 15:50:09 POLARIS_LOG {"event":"send_rate","rate":296000,"ts":1760457009.5324945}
2025/10/14 15:50:10 POLARIS_LOG {"event":"send_rate","rate":304000,"ts":1760457010.5454998}
2025/10/14 15:50:11 POLARIS_LOG {"event":"send_rate","rate":296000,"ts":1760457011.5376215}
2025/10/14 15:50:12 POLARIS_LOG {"event":"send_rate","rate":304000,"ts":1760457012.5455263}
2025/10/14 15:50:13 POLARIS_LOG {"event":"send_rate","rate":296000,"ts":1760457013.5383856}
2025/10/14 15:50:14 POLARIS_LOG {"event":"send_rate","rate":304000,"ts":1760457014.5430768}
2025/10/14 15:50:15 POLARIS_LOG {"event":"send_rate","rate":304000,"ts":1760457015.5392792}
2025/10/14 15:50:16 POLARIS_LOG {"event":"send_rate","rate":296000,"ts":1760457016.5325208}
2025/10/14 15:50:17 POLARIS_LOG {"event":"send_rate","rate":296000,"ts":1760457017.533073}
2025/10/14 15:50:18 POLARIS_LOG {"event":"send_rate","rate":304000,"ts":1760457018.5354662}
2025/10/14 15:50:19 POLARIS_LOG {"event":"send_rate","rate":296000,"ts":1760457019.5333984}
2025/10/14 15:50:20 POLARIS_LOG {"event":"send_rate","rate":312000,"ts":1760457020.5617712}
2025/10/14 15:50:21 POLARIS_LOG {"event":"send_rate","rate":288000,"ts":1760457021.5359747}
2025/10/14 15:50:22 POLARIS_LOG {"event":"send_rate","rate":296000,"ts":1760457022.5432878}
2025/10/14 15:50:23 POLARIS_LOG {"event":"send_rate","rate":304000,"ts":1760457023.5370314}
2025/10/14 15:50:24 POLARIS_LOG {"event":"send_rate","rate":304000,"ts":1760457024.534078}
2025/10/14 15:50:25 POLARIS_LOG {"event":"send_rate","rate":296000,"ts":1760457025.5354328}
2025/10/14 15:50:26 POLARIS_LOG {"event":"send_rate","rate":304000,"ts":1760457026.5335083}
2025/10/14 15:50:27 POLARIS_LOG {"event":"send_rate","rate":304000,"ts":1760457027.561066}
2025/10/14 15:50:28 POLARIS_LOG {"event":"send_rate","rate":296000,"ts":1760457028.5383816}
2025/10/14 15:50:29 POLARIS_LOG {"event":"send_rate","rate":296000,"ts":1760457029.5334716}
2025/10/14 15:50:30 POLARIS_LOG {"event":"send_rate","rate":304000,"ts":1760457030.5333467}
2025/10/14 15:50:31 POLARIS_LOG {"event":"send_rate","rate":296000,"ts":1760457031.5332263}
2025/10/14 15:50:32 POLARIS_LOG {"event":"send_rate","rate":304000,"ts":1760457032.5418866}
2025/10/14 15:50:33 POLARIS_LOG {"event":"send_rate","rate":304000,"ts":1760457033.5460246}
2025/10/14 15:50:34 POLARIS_LOG {"event":"send_rate","rate":296000,"ts":1760457034.5407307}
2025/10/14 15:50:35 POLARIS_LOG {"event":"send_rate","rate":296000,"ts":1760457035.546403}
2025/10/14 15:50:36 POLARIS_LOG {"event":"send_rate","rate":304000,"ts":1760457036.5400474}
2025/10/14 15:50:37 POLARIS_LOG {"event":"send_rate","rate":296000,"ts":1760457037.532434}
2025/10/14 15:50:38 POLARIS_LOG {"event":"send_rate","rate":304000,"ts":1760457038.5323653}
2025/10/14 15:50:39 POLARIS_LOG {"event":"send_rate","rate":296000,"ts":1760457039.5328276}
2025/10/14 15:50:40 POLARIS_LOG {"event":"send_rate","rate":304000,"ts":1760457040.535636}
2025/10/14 15:50:41 POLARIS_LOG {"event":"send_rate","rate":296000,"ts":1760457041.5325446}
2025/10/14 15:50:42 POLARIS_LOG {"event":"send_rate","rate":304000,"ts":1760457042.5322554}
2025/10/14 15:50:43 POLARIS_LOG {"event":"send_rate","rate":296000,"ts":1760457043.5334792}
2025/10/14 15:50:44 POLARIS_LOG {"event":"send_rate","rate":304000,"ts":1760457044.548027}
2025/10/14 15:50:45 POLARIS_LOG {"event":"send_rate","rate":296000,"ts":1760457045.5435195}
2025/10/14 15:50:46 POLARIS_LOG {"event":"send_rate","rate":304000,"ts":1760457046.5328133}
2025/10/14 15:50:47 POLARIS_LOG {"event":"send_rate","rate":296000,"ts":1760457047.5446937}
2025/10/14 15:50:48 POLARIS_LOG {"event":"send_rate","rate":304000,"ts":1760457048.5323322}
2025/10/14 15:50:49 POLARIS_LOG {"event":"send_rate","rate":296000,"ts":1760457049.5329432}
2025/10/14 15:50:50 POLARIS_LOG {"event":"send_rate","rate":304000,"ts":1760457050.532865}
2025/10/14 15:50:51 POLARIS_LOG {"event":"send_rate","rate":296000,"ts":1760457051.5418806}
2025/10/14 15:50:52 POLARIS_LOG {"event":"send_rate","rate":304000,"ts":1760457052.5321229}
2025/10/14 15:50:53 POLARIS_LOG {"event":"send_rate","rate":288000,"ts":1760457053.5371876}
2025/10/14 15:50:54 POLARIS_LOG {"event":"send_rate","rate":304000,"ts":1760457054.5337446}
2025/10/14 15:50:55 POLARIS_LOG {"event":"send_rate","rate":304000,"ts":1760457055.532687}
2025/10/14 15:50:56 POLARIS_LOG {"event":"send_rate","rate":296000,"ts":1760457056.5323315}
2025/10/14 15:50:57 POLARIS_LOG {"event":"send_rate","rate":312000,"ts":1760457057.5660896}
2025/10/14 15:50:58 POLARIS_LOG {"event":"send_rate","rate":296000,"ts":1760457058.532025}
2025/10/14 15:50:59 POLARIS_LOG {"event":"send_rate","rate":296000,"ts":1760457059.543833}
2025/10/14 15:51:00 POLARIS_LOG {"event":"send_rate","rate":296000,"ts":1760457060.5390823}
2025/10/14 15:51:01 POLARIS_LOG {"event":"send_rate","rate":304000,"ts":1760457061.5344944}
2025/10/14 15:51:02 POLARIS_LOG {"event":"send_rate","rate":304000,"ts":1760457062.5336509}
2025/10/14 15:51:03 POLARIS_LOG {"event":"send_rate","rate":296000,"ts":1760457063.5320337}
2025/10/14 15:51:04 POLARIS_LOG {"event":"send_rate","rate":296000,"ts":1760457064.5360715}
2025/10/14 15:51:05 POLARIS_LOG {"event":"send_rate","rate":304000,"ts":1760457065.5361772}
2025/10/14 15:51:06 POLARIS_LOG {"event":"send_rate","rate":304000,"ts":1760457066.536318}
2025/10/14 15:51:07 POLARIS_LOG {"event":"send_rate","rate":296000,"ts":1760457067.5399044}
2025/10/14 15:51:08 POLARIS_LOG {"event":"send_rate","rate":296000,"ts":1760457068.5334663}
2025/10/14 15:51:09 POLARIS_LOG {"event":"send_rate","rate":304000,"ts":1760457069.532298}
2025/10/14 15:51:10 POLARIS_LOG {"event":"send_rate","rate":296000,"ts":1760457070.532416}
2025/10/14 15:51:11 POLARIS_LOG {"event":"send_rate","rate":304000,"ts":1760457071.5327835}
2025/10/14 15:51:12 POLARIS_LOG {"event":"send_rate","rate":304000,"ts":1760457072.557465}
2025/10/14 15:51:13 POLARIS_LOG {"event":"send_rate","rate":304000,"ts":1760457073.5607395}
2025/10/14 15:51:14 POLARIS_LOG {"event":"send_rate","rate":296000,"ts":1760457074.5352015}
2025/10/14 15:51:15 POLARIS_LOG {"event":"send_rate","rate":296000,"ts":1760457075.548136}
2025/10/14 15:51:16 POLARIS_LOG {"event":"send_rate","rate":296000,"ts":1760457076.5322304}
2025/10/14 15:51:17 POLARIS_LOG {"event":"send_rate","rate":304000,"ts":1760457077.5445814}
2025/10/14 15:51:18 POLARIS_LOG {"event":"send_rate","rate":304000,"ts":1760457078.5388446}
2025/10/14 15:51:19 POLARIS_LOG {"event":"send_rate","rate":296000,"ts":1760457079.5333583}
2025/10/14 15:51:20 POLARIS_LOG {"event":"send_rate","rate":304000,"ts":1760457080.545846}
2025/10/14 15:51:21 POLARIS_LOG {"event":"send_rate","rate":320000,"ts":1760457081.615886}
2025/10/14 15:51:22 POLARIS_LOG {"event":"send_rate","rate":272000,"ts":1760457082.5320437}
2025/10/14 15:51:23 POLARIS_LOG {"event":"send_rate","rate":304000,"ts":1760457083.5329235}
2025/10/14 15:51:24 POLARIS_LOG {"event":"send_rate","rate":304000,"ts":1760457084.5340674}
2025/10/14 15:51:25 POLARIS_LOG {"event":"send_rate","rate":296000,"ts":1760457085.533465}
2025/10/14 15:51:26 POLARIS_LOG {"event":"send_rate","rate":296000,"ts":1760457086.542185}
2025/10/14 15:51:27 POLARIS_LOG {"event":"send_rate","rate":304000,"ts":1760457087.5326126}
2025/10/14 15:51:28 POLARIS_LOG {"event":"send_rate","rate":296000,"ts":1760457088.5335646}
2025/10/14 15:51:29 POLARIS_LOG {"event":"send_rate","rate":304000,"ts":1760457089.5352535}
We need to sleep for 1 seconds before we can get the results
Drain Loop received packet
Drain Loop received non-nil payload
Client sent 8775 packets, server reported 8728 packets received
The network loss rate from client to server is 0.5%

S->C results
Attempted bandwidth: 0 bps / 0.00 Mbps
Achieved bandwidth: 0 bps / 0.00 Mbps
Loss rate: 0.0%
Interarrival time min/avg/max/mdev = -0.000/0.000/0.000/0.000 ms

C->S results
Attempted bandwidth: 300000 bps / 0.30 Mbps
Achieved bandwidth: 298393 bps / 0.30 Mbps
Loss rate: 0.5%
Interarrival time min/avg/max/mdev = 0.002/26.668/435.537/20.221 ms
