
Test parameters:
client->server: 255 seconds, 1000 bytes, 9562 packets
server->client: 255 seconds, 1000 bytes, 0 packets
2025/10/14 15:41:15 POLARIS_LOG {"current_rate":0,"event":"path_switch","new":"2 2 5 2","trigger":"initialization","ts":1760456475.1035903}
Polaris prober initialized with 38 paths
Polaris prober initialized with local 1-111,10.111.0.71:32719 and remote 1-113,10.113.0.71
2025/10/14 15:41:16 POLARIS_LOG {"event":"send_rate","rate":0,"ts":1760456476.1053922}
2025/10/14 15:41:17 POLARIS_LOG {"event":"send_rate","rate":208000,"ts":1760456477.1054313}
2025/10/14 15:41:18 POLARIS_LOG {"event":"send_rate","rate":304000,"ts":1760456478.1156754}
2025/10/14 15:41:19 POLARIS_LOG {"event":"send_rate","rate":296000,"ts":1760456479.1060903}
2025/10/14 15:41:20 POLARIS_LOG {"event":"send_rate","rate":296000,"ts":1760456480.1056762}
2025/10/14 15:41:21 POLARIS_LOG {"event":"send_rate","rate":304000,"ts":1760456481.1081944}
2025/10/14 15:41:22 POLARIS_LOG {"event":"send_rate","rate":296000,"ts":1760456482.1060674}
2025/10/14 15:41:23 POLARIS_LOG {"event":"send_rate","rate":304000,"ts":1760456483.1102858}
2025/10/14 15:41:24 POLARIS_LOG {"event":"send_rate","rate":304000,"ts":1760456484.1677623}
2025/10/14 15:41:25 POLARIS_LOG {"event":"send_rate","rate":296000,"ts":1760456485.1057456}
2025/10/14 15:41:26 POLARIS_LOG {"event":"send_rate","rate":296000,"ts":1760456486.1109715}
2025/10/14 15:41:27 POLARIS_LOG {"event":"send_rate","rate":304000,"ts":1760456487.1059287}
2025/10/14 15:41:28 POLARIS_LOG {"event":"send_rate","rate":296000,"ts":1760456488.1099753}
2025/10/14 15:41:29 POLARIS_LOG {"event":"send_rate","rate":304000,"ts":1760456489.1060553}
2025/10/14 15:41:30 POLARIS_LOG {"event":"send_rate","rate":296000,"ts":1760456490.106241}
2025/10/14 15:41:31 POLARIS_LOG {"event":"send_rate","rate":304000,"ts":1760456491.1056492}
2025/10/14 15:41:32 POLARIS_LOG {"event":"send_rate","rate":296000,"ts":1760456492.1054227}
2025/10/14 15:41:33 POLARIS_LOG {"event":"send_rate","rate":304000,"ts":1760456493.105804}
2025/10/14 15:41:34 POLARIS_LOG {"event":"send_rate","rate":296000,"ts":1760456494.1059341}
Skipping switch: current path 2 2 5 2 has lastEstimate 285750 >= maxEstimate 0
2025/10/14 15:41:35 POLARIS_LOG {"event":"send_rate","rate":288000,"ts":1760456495.1061058}
2025/10/14 15:41:36 POLARIS_LOG {"event":"send_rate","rate":224000,"ts":1760456496.111214}
2025/10/14 15:41:37 POLARIS_LOG {"event":"send_rate","rate":200000,"ts":1760456497.1368246}
2025/10/14 15:41:38 POLARIS_LOG {"event":"send_rate","rate":240000,"ts":1760456498.106426}
2025/10/14 15:41:39 POLARIS_LOG {"event":"send_rate","rate":168000,"ts":1760456499.119341}
2025/10/14 15:41:40 POLARIS_LOG {"event":"send_rate","rate":336000,"ts":1760456500.1065073}
2025/10/14 15:41:41 POLARIS_LOG {"event":"send_rate","rate":232000,"ts":1760456501.105591}
2025/10/14 15:41:42 POLARIS_LOG {"event":"send_rate","rate":272000,"ts":1760456502.106356}
2025/10/14 15:41:43 POLARIS_LOG {"event":"send_rate","rate":272000,"ts":1760456503.1095197}
2025/10/14 15:41:44 POLARIS_LOG {"event":"send_rate","rate":336000,"ts":1760456504.1060364}
2025/10/14 15:41:45 POLARIS_LOG {"event":"send_rate","rate":408000,"ts":1760456505.1084428}
2025/10/14 15:41:46 POLARIS_LOG {"event":"send_rate","rate":440000,"ts":1760456506.1059773}
2025/10/14 15:41:47 POLARIS_LOG {"event":"send_rate","rate":264000,"ts":1760456507.1197722}
2025/10/14 15:41:48 POLARIS_LOG {"event":"send_rate","rate":232000,"ts":1760456508.1067598}
2025/10/14 15:41:49 POLARIS_LOG {"event":"send_rate","rate":368000,"ts":1760456509.1082575}
2025/10/14 15:41:50 POLARIS_LOG {"event":"send_rate","rate":264000,"ts":1760456510.1070516}
2025/10/14 15:41:51 POLARIS_LOG {"event":"send_rate","rate":232000,"ts":1760456511.1189766}
2025/10/14 15:41:52 POLARIS_LOG {"event":"send_rate","rate":224000,"ts":1760456512.110043}
2025/10/14 15:41:53 POLARIS_LOG {"event":"send_rate","rate":216000,"ts":1760456513.1063209}
2025/10/14 15:41:54 POLARIS_LOG {"event":"send_rate","rate":272000,"ts":1760456514.1060646}
Skipping switch: current path 2 2 5 2 has lastEstimate 333250 >= maxEstimate 0
2025/10/14 15:41:55 POLARIS_LOG {"event":"send_rate","rate":296000,"ts":1760456515.1294134}
2025/10/14 15:41:56 POLARIS_LOG {"event":"send_rate","rate":368000,"ts":1760456516.1110082}
2025/10/14 15:41:57 POLARIS_LOG {"event":"send_rate","rate":336000,"ts":1760456517.1367903}
2025/10/14 15:41:58 POLARIS_LOG {"event":"send_rate","rate":344000,"ts":1760456518.1054604}
2025/10/14 15:41:59 POLARIS_LOG {"event":"send_rate","rate":352000,"ts":1760456519.1054661}
2025/10/14 15:42:00 POLARIS_LOG {"event":"send_rate","rate":432000,"ts":1760456520.1090186}
2025/10/14 15:42:01 POLARIS_LOG {"event":"send_rate","rate":384000,"ts":1760456521.1082184}
2025/10/14 15:42:02 POLARIS_LOG {"event":"send_rate","rate":392000,"ts":1760456522.1175861}
2025/10/14 15:42:03 POLARIS_LOG {"event":"send_rate","rate":312000,"ts":1760456523.1110182}
2025/10/14 15:42:04 POLARIS_LOG {"event":"send_rate","rate":296000,"ts":1760456524.1130335}
2025/10/14 15:42:05 POLARIS_LOG {"event":"send_rate","rate":296000,"ts":1760456525.115992}
2025/10/14 15:42:06 POLARIS_LOG {"event":"send_rate","rate":304000,"ts":1760456526.1219656}
2025/10/14 15:42:07 POLARIS_LOG {"event":"send_rate","rate":304000,"ts":1760456527.1058838}
2025/10/14 15:42:08 POLARIS_LOG {"event":"send_rate","rate":304000,"ts":1760456528.127796}
2025/10/14 15:42:09 POLARIS_LOG {"event":"send_rate","rate":296000,"ts":1760456529.1262028}
2025/10/14 15:42:10 POLARIS_LOG {"event":"send_rate","rate":304000,"ts":1760456530.1229107}
2025/10/14 15:42:11 POLARIS_LOG {"event":"send_rate","rate":296000,"ts":1760456531.1185617}
2025/10/14 15:42:12 POLARIS_LOG {"event":"send_rate","rate":296000,"ts":1760456532.1073668}
2025/10/14 15:42:13 POLARIS_LOG {"event":"send_rate","rate":296000,"ts":1760456533.1216025}
2025/10/14 15:42:14 POLARIS_LOG {"event":"send_rate","rate":304000,"ts":1760456534.11715}
2025/10/14 15:42:15 POLARIS_LOG {"event":"send_rate","rate":296000,"ts":1760456535.105459}
2025/10/14 15:42:16 POLARIS_LOG {"event":"send_rate","rate":304000,"ts":1760456536.1097546}
2025/10/14 15:42:17 POLARIS_LOG {"event":"send_rate","rate":296000,"ts":1760456537.1053398}
2025/10/14 15:42:18 POLARIS_LOG {"event":"send_rate","rate":296000,"ts":1760456538.1136432}
2025/10/14 15:42:19 POLARIS_LOG {"event":"send_rate","rate":304000,"ts":1760456539.110522}
2025/10/14 15:42:20 POLARIS_LOG {"event":"send_rate","rate":304000,"ts":1760456540.1055708}
2025/10/14 15:42:21 POLARIS_LOG {"event":"send_rate","rate":296000,"ts":1760456541.1052504}
2025/10/14 15:42:22 POLARIS_LOG {"event":"send_rate","rate":304000,"ts":1760456542.1192186}
2025/10/14 15:42:23 POLARIS_LOG {"event":"send_rate","rate":296000,"ts":1760456543.1060789}
2025/10/14 15:42:24 POLARIS_LOG {"event":"send_rate","rate":304000,"ts":1760456544.1061256}
2025/10/14 15:42:25 POLARIS_LOG {"event":"send_rate","rate":296000,"ts":1760456545.105292}
2025/10/14 15:42:26 POLARIS_LOG {"event":"send_rate","rate":304000,"ts":1760456546.1188564}
2025/10/14 15:42:27 POLARIS_LOG {"event":"send_rate","rate":296000,"ts":1760456547.1053357}
2025/10/14 15:42:28 POLARIS_LOG {"event":"send_rate","rate":304000,"ts":1760456548.1063163}
2025/10/14 15:42:29 POLARIS_LOG {"event":"send_rate","rate":296000,"ts":1760456549.1056478}
2025/10/14 15:42:30 POLARIS_LOG {"event":"send_rate","rate":304000,"ts":1760456550.1083636}
2025/10/14 15:42:31 POLARIS_LOG {"event":"send_rate","rate":304000,"ts":1760456551.1207626}
2025/10/14 15:42:32 POLARIS_LOG {"event":"send_rate","rate":296000,"ts":1760456552.1118853}
2025/10/14 15:42:33 POLARIS_LOG {"event":"send_rate","rate":296000,"ts":1760456553.105453}
2025/10/14 15:42:34 POLARIS_LOG {"event":"send_rate","rate":304000,"ts":1760456554.1087987}
2025/10/14 15:42:35 POLARIS_LOG {"event":"send_rate","rate":296000,"ts":1760456555.1067765}
2025/10/14 15:42:36 POLARIS_LOG {"event":"send_rate","rate":304000,"ts":1760456556.1101937}
2025/10/14 15:42:37 POLARIS_LOG {"event":"send_rate","rate":296000,"ts":1760456557.1075027}
2025/10/14 15:42:38 POLARIS_LOG {"event":"send_rate","rate":304000,"ts":1760456558.1077325}
2025/10/14 15:42:39 POLARIS_LOG {"event":"send_rate","rate":296000,"ts":1760456559.1057026}
2025/10/14 15:42:40 POLARIS_LOG {"event":"send_rate","rate":248000,"ts":1760456560.1084645}
2025/10/14 15:42:41 POLARIS_LOG {"event":"send_rate","rate":304000,"ts":1760456561.1056778}
2025/10/14 15:42:42 POLARIS_LOG {"event":"send_rate","rate":320000,"ts":1760456562.1086934}
2025/10/14 15:42:43 POLARIS_LOG {"event":"send_rate","rate":240000,"ts":1760456563.110875}
2025/10/14 15:42:44 POLARIS_LOG {"event":"send_rate","rate":304000,"ts":1760456564.10561}
2025/10/14 15:42:45 POLARIS_LOG {"event":"send_rate","rate":272000,"ts":1760456565.105247}
Skipping switch: current path 2 2 5 2 has lastEstimate 333250 >= maxEstimate 0
2025/10/14 15:42:46 POLARIS_LOG {"event":"send_rate","rate":136000,"ts":1760456566.1061065}
2025/10/14 15:42:47 POLARIS_LOG {"event":"send_rate","rate":392000,"ts":1760456567.1356056}
2025/10/14 15:42:48 POLARIS_LOG {"event":"send_rate","rate":256000,"ts":1760456568.1057932}
2025/10/14 15:42:49 POLARIS_LOG {"event":"send_rate","rate":224000,"ts":1760456569.1104848}
2025/10/14 15:42:50 POLARIS_LOG {"event":"send_rate","rate":192000,"ts":1760456570.1052873}
2025/10/14 15:42:51 POLARIS_LOG {"event":"send_rate","rate":240000,"ts":1760456571.106083}
2025/10/14 15:42:52 POLARIS_LOG {"event":"send_rate","rate":256000,"ts":1760456572.1067965}
2025/10/14 15:42:53 POLARIS_LOG {"event":"send_rate","rate":256000,"ts":1760456573.1109805}
2025/10/14 15:42:54 POLARIS_LOG {"event":"send_rate","rate":376000,"ts":1760456574.107375}
2025/10/14 15:42:55 POLARIS_LOG {"event":"send_rate","rate":240000,"ts":1760456575.115839}
Skipping switch: current path 2 2 5 2 has lastEstimate 333250 >= maxEstimate 0
2025/10/14 15:42:56 POLARIS_LOG {"event":"send_rate","rate":368000,"ts":1760456576.1074243}
2025/10/14 15:42:57 POLARIS_LOG {"event":"send_rate","rate":264000,"ts":1760456577.1051078}
2025/10/14 15:42:58 POLARIS_LOG {"event":"send_rate","rate":384000,"ts":1760456578.106674}
2025/10/14 15:42:59 POLARIS_LOG {"event":"send_rate","rate":312000,"ts":1760456579.125691}
2025/10/14 15:43:00 POLARIS_LOG {"event":"send_rate","rate":272000,"ts":1760456580.1114538}
2025/10/14 15:43:01 POLARIS_LOG {"event":"send_rate","rate":368000,"ts":1760456581.1084726}
2025/10/14 15:43:02 POLARIS_LOG {"event":"send_rate","rate":408000,"ts":1760456582.1073534}
2025/10/14 15:43:03 POLARIS_LOG {"event":"send_rate","rate":256000,"ts":1760456583.1077466}
2025/10/14 15:43:04 POLARIS_LOG {"event":"send_rate","rate":344000,"ts":1760456584.1435978}
2025/10/14 15:43:05 POLARIS_LOG {"event":"send_rate","rate":336000,"ts":1760456585.1055357}
2025/10/14 15:43:06 POLARIS_LOG {"event":"send_rate","rate":248000,"ts":1760456586.1060667}
2025/10/14 15:43:07 POLARIS_LOG {"event":"send_rate","rate":296000,"ts":1760456587.1150234}
2025/10/14 15:43:08 POLARIS_LOG {"event":"send_rate","rate":344000,"ts":1760456588.1303995}
2025/10/14 15:43:09 POLARIS_LOG {"event":"send_rate","rate":200000,"ts":1760456589.1188564}
2025/10/14 15:43:10 POLARIS_LOG {"event":"send_rate","rate":248000,"ts":1760456590.1101775}
2025/10/14 15:43:11 POLARIS_LOG {"event":"send_rate","rate":224000,"ts":1760456591.107716}
2025/10/14 15:43:12 POLARIS_LOG {"event":"send_rate","rate":288000,"ts":1760456592.112213}
2025/10/14 15:43:13 POLARIS_LOG {"event":"send_rate","rate":448000,"ts":1760456593.1266327}
2025/10/14 15:43:14 POLARIS_LOG {"event":"send_rate","rate":496000,"ts":1760456594.1246603}
2025/10/14 15:43:15 POLARIS_LOG {"event":"send_rate","rate":400000,"ts":1760456595.1054816}
2025/10/14 15:43:16 POLARIS_LOG {"event":"send_rate","rate":328000,"ts":1760456596.1060834}
2025/10/14 15:43:17 POLARIS_LOG {"event":"send_rate","rate":312000,"ts":1760456597.1120427}
2025/10/14 15:43:18 POLARIS_LOG {"event":"send_rate","rate":304000,"ts":1760456598.1131968}
2025/10/14 15:43:19 POLARIS_LOG {"event":"send_rate","rate":304000,"ts":1760456599.1236155}
2025/10/14 15:43:20 POLARIS_LOG {"event":"send_rate","rate":296000,"ts":1760456600.1051593}
2025/10/14 15:43:21 POLARIS_LOG {"event":"send_rate","rate":296000,"ts":1760456601.1130102}
2025/10/14 15:43:22 POLARIS_LOG {"event":"send_rate","rate":304000,"ts":1760456602.106846}
2025/10/14 15:43:23 POLARIS_LOG {"event":"send_rate","rate":296000,"ts":1760456603.1060023}
2025/10/14 15:43:24 POLARIS_LOG {"event":"send_rate","rate":296000,"ts":1760456604.10611}
2025/10/14 15:43:25 POLARIS_LOG {"event":"send_rate","rate":304000,"ts":1760456605.1163554}
2025/10/14 15:43:26 POLARIS_LOG {"event":"send_rate","rate":304000,"ts":1760456606.113244}
2025/10/14 15:43:27 POLARIS_LOG {"event":"send_rate","rate":288000,"ts":1760456607.12599}
2025/10/14 15:43:28 POLARIS_LOG {"event":"send_rate","rate":312000,"ts":1760456608.1061337}
2025/10/14 15:43:29 POLARIS_LOG {"event":"send_rate","rate":296000,"ts":1760456609.108939}
2025/10/14 15:43:30 POLARIS_LOG {"event":"send_rate","rate":304000,"ts":1760456610.1080863}
2025/10/14 15:43:31 POLARIS_LOG {"event":"send_rate","rate":296000,"ts":1760456611.109732}
2025/10/14 15:43:32 POLARIS_LOG {"event":"send_rate","rate":304000,"ts":1760456612.106365}
2025/10/14 15:43:33 POLARIS_LOG {"event":"send_rate","rate":296000,"ts":1760456613.1058562}
2025/10/14 15:43:34 POLARIS_LOG {"event":"send_rate","rate":304000,"ts":1760456614.1079438}
2025/10/14 15:43:35 POLARIS_LOG {"event":"send_rate","rate":296000,"ts":1760456615.1060808}
2025/10/14 15:43:36 POLARIS_LOG {"event":"send_rate","rate":304000,"ts":1760456616.118966}
2025/10/14 15:43:37 POLARIS_LOG {"event":"send_rate","rate":296000,"ts":1760456617.1051304}
2025/10/14 15:43:38 POLARIS_LOG {"event":"send_rate","rate":312000,"ts":1760456618.1381137}
2025/10/14 15:43:39 POLARIS_LOG {"event":"send_rate","rate":288000,"ts":1760456619.1057515}
2025/10/14 15:43:40 POLARIS_LOG {"event":"send_rate","rate":296000,"ts":1760456620.1056113}
2025/10/14 15:43:41 POLARIS_LOG {"event":"send_rate","rate":304000,"ts":1760456621.1159828}
2025/10/14 15:43:42 POLARIS_LOG {"event":"send_rate","rate":304000,"ts":1760456622.1146624}
2025/10/14 15:43:43 POLARIS_LOG {"event":"send_rate","rate":216000,"ts":1760456623.1117768}
2025/10/14 15:43:44 POLARIS_LOG {"event":"send_rate","rate":280000,"ts":1760456624.1053784}
2025/10/14 15:43:45 POLARIS_LOG {"event":"send_rate","rate":240000,"ts":1760456625.1170793}
Skipping switch: current path 2 2 5 2 has lastEstimate 333250 >= maxEstimate 0
2025/10/14 15:43:46 POLARIS_LOG {"event":"send_rate","rate":280000,"ts":1760456626.1084173}
2025/10/14 15:43:47 POLARIS_LOG {"event":"send_rate","rate":336000,"ts":1760456627.106009}
2025/10/14 15:43:48 POLARIS_LOG {"event":"send_rate","rate":280000,"ts":1760456628.1060915}
2025/10/14 15:43:49 POLARIS_LOG {"event":"send_rate","rate":328000,"ts":1760456629.1098971}
2025/10/14 15:43:50 POLARIS_LOG {"event":"send_rate","rate":304000,"ts":1760456630.107436}
2025/10/14 15:43:51 POLARIS_LOG {"event":"send_rate","rate":224000,"ts":1760456631.1073062}
2025/10/14 15:43:52 POLARIS_LOG {"event":"send_rate","rate":296000,"ts":1760456632.1069584}
2025/10/14 15:43:53 POLARIS_LOG {"event":"send_rate","rate":320000,"ts":1760456633.1057088}
2025/10/14 15:43:54 POLARIS_LOG {"event":"send_rate","rate":248000,"ts":1760456634.111403}
2025/10/14 15:43:55 POLARIS_LOG {"event":"send_rate","rate":296000,"ts":1760456635.1076882}
2025/10/14 15:43:56 POLARIS_LOG {"event":"send_rate","rate":368000,"ts":1760456636.1058428}
2025/10/14 15:43:57 POLARIS_LOG {"event":"send_rate","rate":408000,"ts":1760456637.127368}
2025/10/14 15:43:58 POLARIS_LOG {"event":"send_rate","rate":320000,"ts":1760456638.106135}
2025/10/14 15:43:59 POLARIS_LOG {"event":"send_rate","rate":296000,"ts":1760456639.1181126}
2025/10/14 15:44:00 POLARIS_LOG {"event":"send_rate","rate":296000,"ts":1760456640.1058793}
2025/10/14 15:44:01 POLARIS_LOG {"event":"send_rate","rate":304000,"ts":1760456641.113843}
2025/10/14 15:44:02 POLARIS_LOG {"event":"send_rate","rate":352000,"ts":1760456642.1069791}
2025/10/14 15:44:03 POLARIS_LOG {"event":"send_rate","rate":304000,"ts":1760456643.1157296}
2025/10/14 15:44:04 POLARIS_LOG {"event":"send_rate","rate":280000,"ts":1760456644.1149452}
2025/10/14 15:44:05 POLARIS_LOG {"event":"send_rate","rate":320000,"ts":1760456645.1056082}
2025/10/14 15:44:06 POLARIS_LOG {"event":"send_rate","rate":256000,"ts":1760456646.1181016}
2025/10/14 15:44:07 POLARIS_LOG {"event":"send_rate","rate":248000,"ts":1760456647.1149023}
2025/10/14 15:44:08 POLARIS_LOG {"event":"send_rate","rate":264000,"ts":1760456648.105311}
2025/10/14 15:44:09 POLARIS_LOG {"event":"send_rate","rate":280000,"ts":1760456649.1075203}
2025/10/14 15:44:10 POLARIS_LOG {"event":"send_rate","rate":312000,"ts":1760456650.1078477}
2025/10/14 15:44:11 POLARIS_LOG {"event":"send_rate","rate":312000,"ts":1760456651.106267}
2025/10/14 15:44:12 POLARIS_LOG {"event":"send_rate","rate":336000,"ts":1760456652.1079817}
2025/10/14 15:44:13 POLARIS_LOG {"event":"send_rate","rate":392000,"ts":1760456653.1122413}
2025/10/14 15:44:14 POLARIS_LOG {"event":"send_rate","rate":288000,"ts":1760456654.1100519}
2025/10/14 15:44:15 POLARIS_LOG {"event":"send_rate","rate":256000,"ts":1760456655.1079578}
Skipping switch: current path 2 2 5 2 has lastEstimate 333250 >= maxEstimate 0
2025/10/14 15:44:16 POLARIS_LOG {"event":"send_rate","rate":352000,"ts":1760456656.1166742}
2025/10/14 15:44:17 POLARIS_LOG {"event":"send_rate","rate":304000,"ts":1760456657.1107042}
2025/10/14 15:44:18 POLARIS_LOG {"event":"send_rate","rate":296000,"ts":1760456658.1050994}
2025/10/14 15:44:19 POLARIS_LOG {"event":"send_rate","rate":304000,"ts":1760456659.1052308}
2025/10/14 15:44:20 POLARIS_LOG {"event":"send_rate","rate":304000,"ts":1760456660.1198502}
2025/10/14 15:44:21 POLARIS_LOG {"event":"send_rate","rate":296000,"ts":1760456661.1061232}
2025/10/14 15:44:22 POLARIS_LOG {"event":"send_rate","rate":296000,"ts":1760456662.1070852}
2025/10/14 15:44:23 POLARIS_LOG {"event":"send_rate","rate":304000,"ts":1760456663.1230314}
2025/10/14 15:44:24 POLARIS_LOG {"event":"send_rate","rate":296000,"ts":1760456664.1103835}
2025/10/14 15:44:25 POLARIS_LOG {"event":"send_rate","rate":312000,"ts":1760456665.128858}
2025/10/14 15:44:26 POLARIS_LOG {"event":"send_rate","rate":288000,"ts":1760456666.1068318}
2025/10/14 15:44:27 POLARIS_LOG {"event":"send_rate","rate":304000,"ts":1760456667.1118126}
2025/10/14 15:44:28 POLARIS_LOG {"event":"send_rate","rate":304000,"ts":1760456668.126632}
2025/10/14 15:44:29 POLARIS_LOG {"event":"send_rate","rate":296000,"ts":1760456669.1093547}
2025/10/14 15:44:30 POLARIS_LOG {"event":"send_rate","rate":296000,"ts":1760456670.1069634}
2025/10/14 15:44:31 POLARIS_LOG {"event":"send_rate","rate":304000,"ts":1760456671.106073}
2025/10/14 15:44:32 POLARIS_LOG {"event":"send_rate","rate":296000,"ts":1760456672.1084435}
2025/10/14 15:44:33 POLARIS_LOG {"event":"send_rate","rate":304000,"ts":1760456673.1084795}
2025/10/14 15:44:34 POLARIS_LOG {"event":"send_rate","rate":296000,"ts":1760456674.105322}
2025/10/14 15:44:35 POLARIS_LOG {"event":"send_rate","rate":296000,"ts":1760456675.1123812}
2025/10/14 15:44:36 POLARIS_LOG {"event":"send_rate","rate":304000,"ts":1760456676.108592}
2025/10/14 15:44:37 POLARIS_LOG {"event":"send_rate","rate":304000,"ts":1760456677.1077323}
2025/10/14 15:44:38 POLARIS_LOG {"event":"send_rate","rate":296000,"ts":1760456678.1051173}
2025/10/14 15:44:39 POLARIS_LOG {"event":"send_rate","rate":304000,"ts":1760456679.1056466}
2025/10/14 15:44:40 POLARIS_LOG {"event":"send_rate","rate":296000,"ts":1760456680.1067767}
2025/10/14 15:44:41 POLARIS_LOG {"event":"send_rate","rate":304000,"ts":1760456681.1068802}
2025/10/14 15:44:42 POLARIS_LOG {"event":"send_rate","rate":296000,"ts":1760456682.1076734}
2025/10/14 15:44:43 POLARIS_LOG {"event":"send_rate","rate":304000,"ts":1760456683.1098886}
2025/10/14 15:44:44 POLARIS_LOG {"event":"send_rate","rate":296000,"ts":1760456684.107979}
2025/10/14 15:44:45 POLARIS_LOG {"event":"send_rate","rate":304000,"ts":1760456685.1057475}
2025/10/14 15:44:46 POLARIS_LOG {"event":"send_rate","rate":296000,"ts":1760456686.1072261}
2025/10/14 15:44:47 POLARIS_LOG {"event":"send_rate","rate":296000,"ts":1760456687.1323428}
2025/10/14 15:44:48 POLARIS_LOG {"event":"send_rate","rate":304000,"ts":1760456688.105116}
2025/10/14 15:44:49 POLARIS_LOG {"event":"send_rate","rate":304000,"ts":1760456689.1066122}
2025/10/14 15:44:50 POLARIS_LOG {"event":"send_rate","rate":296000,"ts":1760456690.1058726}
2025/10/14 15:44:51 POLARIS_LOG {"event":"send_rate","rate":296000,"ts":1760456691.1053135}
2025/10/14 15:44:52 POLARIS_LOG {"event":"send_rate","rate":304000,"ts":1760456692.1069973}
2025/10/14 15:44:53 POLARIS_LOG {"event":"send_rate","rate":296000,"ts":1760456693.1065705}
2025/10/14 15:44:54 POLARIS_LOG {"event":"send_rate","rate":304000,"ts":1760456694.106213}
2025/10/14 15:44:55 POLARIS_LOG {"event":"send_rate","rate":304000,"ts":1760456695.1061966}
2025/10/14 15:44:56 POLARIS_LOG {"event":"send_rate","rate":296000,"ts":1760456696.106348}
2025/10/14 15:44:57 POLARIS_LOG {"event":"send_rate","rate":304000,"ts":1760456697.1194544}
2025/10/14 15:44:58 POLARIS_LOG {"event":"send_rate","rate":296000,"ts":1760456698.112229}
2025/10/14 15:44:59 POLARIS_LOG {"event":"send_rate","rate":296000,"ts":1760456699.1425495}
2025/10/14 15:45:00 POLARIS_LOG {"event":"send_rate","rate":304000,"ts":1760456700.117106}
2025/10/14 15:45:01 POLARIS_LOG {"event":"send_rate","rate":304000,"ts":1760456701.111219}
2025/10/14 15:45:02 POLARIS_LOG {"event":"send_rate","rate":296000,"ts":1760456702.1119552}
2025/10/14 15:45:03 POLARIS_LOG {"event":"send_rate","rate":304000,"ts":1760456703.1163194}
2025/10/14 15:45:04 POLARIS_LOG {"event":"send_rate","rate":296000,"ts":1760456704.1056879}
2025/10/14 15:45:05 POLARIS_LOG {"event":"send_rate","rate":296000,"ts":1760456705.1054256}
2025/10/14 15:45:06 POLARIS_LOG {"event":"send_rate","rate":304000,"ts":1760456706.1061454}
2025/10/14 15:45:07 POLARIS_LOG {"event":"send_rate","rate":304000,"ts":1760456707.1100404}
2025/10/14 15:45:08 POLARIS_LOG {"event":"send_rate","rate":304000,"ts":1760456708.1373477}
2025/10/14 15:45:09 POLARIS_LOG {"event":"send_rate","rate":288000,"ts":1760456709.2995093}
2025/10/14 15:45:10 POLARIS_LOG {"event":"send_rate","rate":296000,"ts":1760456710.1215456}
2025/10/14 15:45:11 POLARIS_LOG {"event":"send_rate","rate":304000,"ts":1760456711.1064205}
2025/10/14 15:45:12 POLARIS_LOG {"event":"send_rate","rate":304000,"ts":1760456712.1074393}
2025/10/14 15:45:13 POLARIS_LOG {"event":"send_rate","rate":288000,"ts":1760456713.131166}
2025/10/14 15:45:14 POLARIS_LOG {"event":"send_rate","rate":312000,"ts":1760456714.1061382}
2025/10/14 15:45:15 POLARIS_LOG {"event":"send_rate","rate":312000,"ts":1760456715.1550517}
2025/10/14 15:45:16 POLARIS_LOG {"event":"send_rate","rate":288000,"ts":1760456716.105685}
2025/10/14 15:45:17 POLARIS_LOG {"event":"send_rate","rate":296000,"ts":1760456717.1055284}
2025/10/14 15:45:18 POLARIS_LOG {"event":"send_rate","rate":304000,"ts":1760456718.1070592}
2025/10/14 15:45:19 POLARIS_LOG {"event":"send_rate","rate":288000,"ts":1760456719.1131046}
2025/10/14 15:45:20 POLARIS_LOG {"event":"send_rate","rate":312000,"ts":1760456720.1055303}
2025/10/14 15:45:21 POLARIS_LOG {"event":"send_rate","rate":264000,"ts":1760456721.1051602}
2025/10/14 15:45:22 POLARIS_LOG {"event":"send_rate","rate":240000,"ts":1760456722.1057289}
2025/10/14 15:45:23 POLARIS_LOG {"event":"send_rate","rate":296000,"ts":1760456723.107836}
2025/10/14 15:45:24 POLARIS_LOG {"event":"send_rate","rate":368000,"ts":1760456724.108944}
2025/10/14 15:45:25 POLARIS_LOG {"event":"send_rate","rate":328000,"ts":1760456725.1058831}
2025/10/14 15:45:26 POLARIS_LOG {"event":"send_rate","rate":304000,"ts":1760456726.1116107}
2025/10/14 15:45:27 POLARIS_LOG {"event":"send_rate","rate":288000,"ts":1760456727.1220393}
2025/10/14 15:45:28 POLARIS_LOG {"event":"send_rate","rate":296000,"ts":1760456728.112506}
2025/10/14 15:45:29 POLARIS_LOG {"event":"send_rate","rate":312000,"ts":1760456729.1065342}
2025/10/14 15:45:30 POLARIS_LOG {"event":"send_rate","rate":304000,"ts":1760456730.1065571}
2025/10/14 15:45:31 POLARIS_LOG {"event":"send_rate","rate":296000,"ts":1760456731.1056378}
Drain Loop received packet
Drain Loop received non-nil payload
We need to sleep for 1 seconds before we can get the results
Client sent 9562 packets, server reported 9434 packets received
The network loss rate from client to server is 1.3%

S->C results
Attempted bandwidth: 0 bps / 0.00 Mbps
Achieved bandwidth: 0 bps / 0.00 Mbps
Loss rate: 0.0%
Interarrival time min/avg/max/mdev = -0.000/0.000/0.000/0.000 ms

C->S results
Attempted bandwidth: 299984 bps / 0.30 Mbps
Achieved bandwidth: 295968 bps / 0.30 Mbps
Loss rate: 1.3%
Interarrival time min/avg/max/mdev = 0.002/26.792/646.288/24.890 ms
