
Test parameters:
client->server: 276 seconds, 1000 bytes, 10350 packets
server->client: 276 seconds, 1000 bytes, 0 packets
2025/10/14 15:40:54 POLARIS_LOG {"current_rate":0,"event":"path_switch","new":"2 2 5 2","trigger":"initialization","ts":1760456454.054319}
Polaris prober initialized with 38 paths
Polaris prober initialized with local 1-111,10.111.0.71:32740 and remote 1-113,10.113.0.71
2025/10/14 15:40:55 POLARIS_LOG {"event":"send_rate","rate":304000,"ts":1760456455.0567021}
2025/10/14 15:40:56 POLARIS_LOG {"event":"send_rate","rate":296000,"ts":1760456456.058301}
2025/10/14 15:40:57 POLARIS_LOG {"event":"send_rate","rate":304000,"ts":1760456457.0567358}
2025/10/14 15:40:58 POLARIS_LOG {"event":"send_rate","rate":296000,"ts":1760456458.057384}
2025/10/14 15:40:59 POLARIS_LOG {"event":"send_rate","rate":304000,"ts":1760456459.0655293}
2025/10/14 15:41:00 POLARIS_LOG {"event":"send_rate","rate":248000,"ts":1760456460.056997}
2025/10/14 15:41:01 POLARIS_LOG {"event":"send_rate","rate":168000,"ts":1760456461.0572975}
2025/10/14 15:41:02 POLARIS_LOG {"event":"send_rate","rate":152000,"ts":1760456462.0702024}
2025/10/14 15:41:03 POLARIS_LOG {"event":"send_rate","rate":144000,"ts":1760456463.0568542}
2025/10/14 15:41:04 POLARIS_LOG {"event":"send_rate","rate":224000,"ts":1760456464.0576012}
2025/10/14 15:41:04 POLARIS_LOG {"candidates":25,"candidates_unfiltered":25,"current_rate":224000,"estimated_share":1000000,"event":"path_switch","max_estimated_share":1000000,"new":"5 5 1 3","old":"2 2 5 2","trigger":"scheduled","ts":1760456464.057674}
2025/10/14 15:41:05 POLARIS_LOG {"event":"send_rate","rate":864000,"ts":1760456465.0570703}
2025/10/14 15:41:06 POLARIS_LOG {"event":"send_rate","rate":296000,"ts":1760456466.056695}
2025/10/14 15:41:07 POLARIS_LOG {"event":"send_rate","rate":304000,"ts":1760456467.0572832}
2025/10/14 15:41:08 POLARIS_LOG {"event":"send_rate","rate":304000,"ts":1760456468.0676131}
2025/10/14 15:41:09 POLARIS_LOG {"event":"send_rate","rate":296000,"ts":1760456469.0574496}
2025/10/14 15:41:10 POLARIS_LOG {"event":"send_rate","rate":296000,"ts":1760456470.056577}
2025/10/14 15:41:11 POLARIS_LOG {"event":"send_rate","rate":304000,"ts":1760456471.0677323}
2025/10/14 15:41:12 POLARIS_LOG {"event":"send_rate","rate":296000,"ts":1760456472.0578961}
2025/10/14 15:41:13 POLARIS_LOG {"event":"send_rate","rate":304000,"ts":1760456473.0574381}
2025/10/14 15:41:14 POLARIS_LOG {"event":"send_rate","rate":296000,"ts":1760456474.0568426}
2025/10/14 15:41:15 POLARIS_LOG {"event":"send_rate","rate":304000,"ts":1760456475.0578759}
2025/10/14 15:41:16 POLARIS_LOG {"event":"send_rate","rate":296000,"ts":1760456476.0570037}
2025/10/14 15:41:17 POLARIS_LOG {"event":"send_rate","rate":304000,"ts":1760456477.05763}
2025/10/14 15:41:18 POLARIS_LOG {"event":"send_rate","rate":296000,"ts":1760456478.0572622}
2025/10/14 15:41:19 POLARIS_LOG {"event":"send_rate","rate":304000,"ts":1760456479.0566099}
2025/10/14 15:41:20 POLARIS_LOG {"event":"send_rate","rate":296000,"ts":1760456480.057531}
2025/10/14 15:41:21 POLARIS_LOG {"event":"send_rate","rate":304000,"ts":1760456481.0566337}
2025/10/14 15:41:22 POLARIS_LOG {"event":"send_rate","rate":296000,"ts":1760456482.0574586}
2025/10/14 15:41:23 POLARIS_LOG {"event":"send_rate","rate":304000,"ts":1760456483.0571003}
2025/10/14 15:41:24 POLARIS_LOG {"event":"send_rate","rate":296000,"ts":1760456484.0570965}
2025/10/14 15:41:25 POLARIS_LOG {"event":"send_rate","rate":304000,"ts":1760456485.0569777}
2025/10/14 15:41:26 POLARIS_LOG {"event":"send_rate","rate":296000,"ts":1760456486.0584824}
2025/10/14 15:41:27 POLARIS_LOG {"event":"send_rate","rate":304000,"ts":1760456487.0570297}
2025/10/14 15:41:28 POLARIS_LOG {"event":"send_rate","rate":296000,"ts":1760456488.056609}
2025/10/14 15:41:29 POLARIS_LOG {"event":"send_rate","rate":304000,"ts":1760456489.0577357}
2025/10/14 15:41:30 POLARIS_LOG {"event":"send_rate","rate":304000,"ts":1760456490.0786057}
2025/10/14 15:41:31 POLARIS_LOG {"event":"send_rate","rate":296000,"ts":1760456491.0565698}
2025/10/14 15:41:32 POLARIS_LOG {"event":"send_rate","rate":296000,"ts":1760456492.0567927}
2025/10/14 15:41:33 POLARIS_LOG {"event":"send_rate","rate":304000,"ts":1760456493.0574205}
2025/10/14 15:41:34 POLARIS_LOG {"event":"send_rate","rate":296000,"ts":1760456494.0586033}
2025/10/14 15:41:35 POLARIS_LOG {"event":"send_rate","rate":304000,"ts":1760456495.064167}
2025/10/14 15:41:36 POLARIS_LOG {"event":"send_rate","rate":296000,"ts":1760456496.0573733}
2025/10/14 15:41:37 POLARIS_LOG {"event":"send_rate","rate":320000,"ts":1760456497.1173954}
2025/10/14 15:41:38 POLARIS_LOG {"event":"send_rate","rate":280000,"ts":1760456498.0576603}
2025/10/14 15:41:39 POLARIS_LOG {"event":"send_rate","rate":304000,"ts":1760456499.0583}
2025/10/14 15:41:40 POLARIS_LOG {"event":"send_rate","rate":296000,"ts":1760456500.056884}
2025/10/14 15:41:41 POLARIS_LOG {"event":"send_rate","rate":304000,"ts":1760456501.0571892}
2025/10/14 15:41:42 POLARIS_LOG {"event":"send_rate","rate":296000,"ts":1760456502.0584412}
2025/10/14 15:41:43 POLARIS_LOG {"event":"send_rate","rate":304000,"ts":1760456503.0567434}
2025/10/14 15:41:44 POLARIS_LOG {"event":"send_rate","rate":296000,"ts":1760456504.0566165}
2025/10/14 15:41:45 POLARIS_LOG {"event":"send_rate","rate":304000,"ts":1760456505.057098}
2025/10/14 15:41:46 POLARIS_LOG {"event":"send_rate","rate":296000,"ts":1760456506.0565963}
2025/10/14 15:41:47 POLARIS_LOG {"event":"send_rate","rate":304000,"ts":1760456507.0608406}
2025/10/14 15:41:48 POLARIS_LOG {"event":"send_rate","rate":296000,"ts":1760456508.0570927}
2025/10/14 15:41:49 POLARIS_LOG {"event":"send_rate","rate":304000,"ts":1760456509.0582156}
2025/10/14 15:41:50 POLARIS_LOG {"event":"send_rate","rate":296000,"ts":1760456510.0580182}
2025/10/14 15:41:51 POLARIS_LOG {"event":"send_rate","rate":296000,"ts":1760456511.05667}
2025/10/14 15:41:52 POLARIS_LOG {"event":"send_rate","rate":304000,"ts":1760456512.0580626}
2025/10/14 15:41:53 POLARIS_LOG {"event":"send_rate","rate":304000,"ts":1760456513.0569496}
2025/10/14 15:41:54 POLARIS_LOG {"event":"send_rate","rate":296000,"ts":1760456514.0632558}
2025/10/14 15:41:55 POLARIS_LOG {"event":"send_rate","rate":304000,"ts":1760456515.0598593}
2025/10/14 15:41:56 POLARIS_LOG {"event":"send_rate","rate":296000,"ts":1760456516.060474}
2025/10/14 15:41:57 POLARIS_LOG {"event":"send_rate","rate":304000,"ts":1760456517.0675766}
2025/10/14 15:41:58 POLARIS_LOG {"event":"send_rate","rate":296000,"ts":1760456518.0588186}
2025/10/14 15:41:59 POLARIS_LOG {"event":"send_rate","rate":304000,"ts":1760456519.0643628}
2025/10/14 15:42:00 POLARIS_LOG {"event":"send_rate","rate":296000,"ts":1760456520.0566342}
2025/10/14 15:42:01 POLARIS_LOG {"event":"send_rate","rate":296000,"ts":1760456521.0571358}
2025/10/14 15:42:02 POLARIS_LOG {"event":"send_rate","rate":304000,"ts":1760456522.059514}
2025/10/14 15:42:03 POLARIS_LOG {"event":"send_rate","rate":304000,"ts":1760456523.0568357}
2025/10/14 15:42:04 POLARIS_LOG {"event":"send_rate","rate":296000,"ts":1760456524.0608628}
2025/10/14 15:42:05 POLARIS_LOG {"event":"send_rate","rate":304000,"ts":1760456525.0575275}
2025/10/14 15:42:06 POLARIS_LOG {"event":"send_rate","rate":296000,"ts":1760456526.0569654}
2025/10/14 15:42:07 POLARIS_LOG {"event":"send_rate","rate":296000,"ts":1760456527.0582504}
2025/10/14 15:42:08 POLARIS_LOG {"event":"send_rate","rate":304000,"ts":1760456528.0734522}
2025/10/14 15:42:09 POLARIS_LOG {"event":"send_rate","rate":304000,"ts":1760456529.0673099}
2025/10/14 15:42:10 POLARIS_LOG {"event":"send_rate","rate":296000,"ts":1760456530.0577092}
2025/10/14 15:42:11 POLARIS_LOG {"event":"send_rate","rate":304000,"ts":1760456531.05776}
2025/10/14 15:42:12 POLARIS_LOG {"event":"send_rate","rate":296000,"ts":1760456532.0583029}
2025/10/14 15:42:13 POLARIS_LOG {"event":"send_rate","rate":288000,"ts":1760456533.059452}
2025/10/14 15:42:14 POLARIS_LOG {"event":"send_rate","rate":312000,"ts":1760456534.0576537}
2025/10/14 15:42:15 POLARIS_LOG {"event":"send_rate","rate":304000,"ts":1760456535.058342}
2025/10/14 15:42:16 POLARIS_LOG {"event":"send_rate","rate":296000,"ts":1760456536.057643}
2025/10/14 15:42:17 POLARIS_LOG {"event":"send_rate","rate":296000,"ts":1760456537.0565922}
2025/10/14 15:42:18 POLARIS_LOG {"event":"send_rate","rate":304000,"ts":1760456538.0727525}
2025/10/14 15:42:19 POLARIS_LOG {"event":"send_rate","rate":296000,"ts":1760456539.0575528}
2025/10/14 15:42:20 POLARIS_LOG {"event":"send_rate","rate":304000,"ts":1760456540.061692}
2025/10/14 15:42:21 POLARIS_LOG {"event":"send_rate","rate":296000,"ts":1760456541.0569415}
2025/10/14 15:42:22 POLARIS_LOG {"event":"send_rate","rate":304000,"ts":1760456542.061904}
2025/10/14 15:42:23 POLARIS_LOG {"event":"send_rate","rate":296000,"ts":1760456543.0568}
2025/10/14 15:42:24 POLARIS_LOG {"event":"send_rate","rate":304000,"ts":1760456544.0709362}
2025/10/14 15:42:25 POLARIS_LOG {"event":"send_rate","rate":296000,"ts":1760456545.0579774}
2025/10/14 15:42:26 POLARIS_LOG {"event":"send_rate","rate":304000,"ts":1760456546.0582592}
2025/10/14 15:42:27 POLARIS_LOG {"event":"send_rate","rate":296000,"ts":1760456547.0574071}
2025/10/14 15:42:28 POLARIS_LOG {"event":"send_rate","rate":304000,"ts":1760456548.0658498}
2025/10/14 15:42:29 POLARIS_LOG {"event":"send_rate","rate":304000,"ts":1760456549.0600967}
2025/10/14 15:42:30 POLARIS_LOG {"event":"send_rate","rate":296000,"ts":1760456550.05722}
2025/10/14 15:42:31 POLARIS_LOG {"event":"send_rate","rate":296000,"ts":1760456551.0579197}
2025/10/14 15:42:32 POLARIS_LOG {"event":"send_rate","rate":304000,"ts":1760456552.0575879}
2025/10/14 15:42:33 POLARIS_LOG {"event":"send_rate","rate":296000,"ts":1760456553.0571883}
2025/10/14 15:42:34 POLARIS_LOG {"event":"send_rate","rate":304000,"ts":1760456554.069127}
2025/10/14 15:42:35 POLARIS_LOG {"event":"send_rate","rate":296000,"ts":1760456555.0576365}
2025/10/14 15:42:36 POLARIS_LOG {"event":"send_rate","rate":304000,"ts":1760456556.067318}
2025/10/14 15:42:37 POLARIS_LOG {"event":"send_rate","rate":312000,"ts":1760456557.0866103}
2025/10/14 15:42:38 POLARIS_LOG {"event":"send_rate","rate":288000,"ts":1760456558.0568497}
2025/10/14 15:42:39 POLARIS_LOG {"event":"send_rate","rate":296000,"ts":1760456559.0573661}
2025/10/14 15:42:40 POLARIS_LOG {"event":"send_rate","rate":304000,"ts":1760456560.060239}
2025/10/14 15:42:41 POLARIS_LOG {"event":"send_rate","rate":296000,"ts":1760456561.0578759}
2025/10/14 15:42:42 POLARIS_LOG {"event":"send_rate","rate":304000,"ts":1760456562.0583417}
2025/10/14 15:42:43 POLARIS_LOG {"event":"send_rate","rate":296000,"ts":1760456563.058178}
2025/10/14 15:42:44 POLARIS_LOG {"event":"send_rate","rate":304000,"ts":1760456564.0572643}
2025/10/14 15:42:45 POLARIS_LOG {"event":"send_rate","rate":296000,"ts":1760456565.0572035}
2025/10/14 15:42:46 POLARIS_LOG {"event":"send_rate","rate":304000,"ts":1760456566.0572314}
2025/10/14 15:42:47 POLARIS_LOG {"event":"send_rate","rate":304000,"ts":1760456567.067388}
2025/10/14 15:42:48 POLARIS_LOG {"event":"send_rate","rate":296000,"ts":1760456568.0734515}
2025/10/14 15:42:49 POLARIS_LOG {"event":"send_rate","rate":296000,"ts":1760456569.0569735}
2025/10/14 15:42:50 POLARIS_LOG {"event":"send_rate","rate":312000,"ts":1760456570.0746071}
2025/10/14 15:42:51 POLARIS_LOG {"event":"send_rate","rate":288000,"ts":1760456571.058002}
2025/10/14 15:42:52 POLARIS_LOG {"event":"send_rate","rate":304000,"ts":1760456572.0568526}
2025/10/14 15:42:53 POLARIS_LOG {"event":"send_rate","rate":304000,"ts":1760456573.071741}
2025/10/14 15:42:54 POLARIS_LOG {"event":"send_rate","rate":296000,"ts":1760456574.06142}
2025/10/14 15:42:55 POLARIS_LOG {"event":"send_rate","rate":296000,"ts":1760456575.0565958}
2025/10/14 15:42:56 POLARIS_LOG {"event":"send_rate","rate":304000,"ts":1760456576.057613}
2025/10/14 15:42:57 POLARIS_LOG {"event":"send_rate","rate":296000,"ts":1760456577.0713716}
2025/10/14 15:42:58 POLARIS_LOG {"event":"send_rate","rate":304000,"ts":1760456578.0681205}
2025/10/14 15:42:59 POLARIS_LOG {"event":"send_rate","rate":296000,"ts":1760456579.0591624}
2025/10/14 15:43:00 POLARIS_LOG {"event":"send_rate","rate":304000,"ts":1760456580.0580537}
2025/10/14 15:43:01 POLARIS_LOG {"event":"send_rate","rate":296000,"ts":1760456581.067211}
2025/10/14 15:43:02 POLARIS_LOG {"event":"send_rate","rate":304000,"ts":1760456582.06801}
2025/10/14 15:43:03 POLARIS_LOG {"event":"send_rate","rate":296000,"ts":1760456583.056808}
2025/10/14 15:43:04 POLARIS_LOG {"event":"send_rate","rate":304000,"ts":1760456584.0685058}
2025/10/14 15:43:05 POLARIS_LOG {"event":"send_rate","rate":296000,"ts":1760456585.0645082}
2025/10/14 15:43:06 POLARIS_LOG {"event":"send_rate","rate":304000,"ts":1760456586.0575898}
2025/10/14 15:43:07 POLARIS_LOG {"event":"send_rate","rate":296000,"ts":1760456587.0572214}
2025/10/14 15:43:08 POLARIS_LOG {"event":"send_rate","rate":304000,"ts":1760456588.05854}
2025/10/14 15:43:09 POLARIS_LOG {"event":"send_rate","rate":296000,"ts":1760456589.0609028}
2025/10/14 15:43:10 POLARIS_LOG {"event":"send_rate","rate":304000,"ts":1760456590.0703645}
2025/10/14 15:43:11 POLARIS_LOG {"event":"send_rate","rate":304000,"ts":1760456591.0813844}
2025/10/14 15:43:12 POLARIS_LOG {"event":"send_rate","rate":296000,"ts":1760456592.0575964}
2025/10/14 15:43:13 POLARIS_LOG {"event":"send_rate","rate":296000,"ts":1760456593.0577745}
2025/10/14 15:43:14 POLARIS_LOG {"event":"send_rate","rate":304000,"ts":1760456594.0585103}
2025/10/14 15:43:15 POLARIS_LOG {"event":"send_rate","rate":296000,"ts":1760456595.0578423}
2025/10/14 15:43:16 POLARIS_LOG {"event":"send_rate","rate":304000,"ts":1760456596.0596323}
2025/10/14 15:43:17 POLARIS_LOG {"event":"send_rate","rate":296000,"ts":1760456597.058084}
2025/10/14 15:43:18 POLARIS_LOG {"event":"send_rate","rate":304000,"ts":1760456598.0567605}
2025/10/14 15:43:19 POLARIS_LOG {"event":"send_rate","rate":296000,"ts":1760456599.0577977}
2025/10/14 15:43:20 POLARIS_LOG {"event":"send_rate","rate":304000,"ts":1760456600.0592885}
2025/10/14 15:43:21 POLARIS_LOG {"event":"send_rate","rate":296000,"ts":1760456601.0588915}
2025/10/14 15:43:22 POLARIS_LOG {"event":"send_rate","rate":304000,"ts":1760456602.0641541}
2025/10/14 15:43:23 POLARIS_LOG {"event":"send_rate","rate":296000,"ts":1760456603.0650609}
2025/10/14 15:43:24 POLARIS_LOG {"event":"send_rate","rate":304000,"ts":1760456604.0571363}
2025/10/14 15:43:25 POLARIS_LOG {"event":"send_rate","rate":296000,"ts":1760456605.057331}
2025/10/14 15:43:26 POLARIS_LOG {"event":"send_rate","rate":304000,"ts":1760456606.058044}
2025/10/14 15:43:27 POLARIS_LOG {"event":"send_rate","rate":296000,"ts":1760456607.057414}
2025/10/14 15:43:28 POLARIS_LOG {"event":"send_rate","rate":304000,"ts":1760456608.0571537}
2025/10/14 15:43:29 POLARIS_LOG {"event":"send_rate","rate":296000,"ts":1760456609.0612698}
2025/10/14 15:43:30 POLARIS_LOG {"event":"send_rate","rate":304000,"ts":1760456610.058208}
2025/10/14 15:43:31 POLARIS_LOG {"event":"send_rate","rate":296000,"ts":1760456611.0586233}
2025/10/14 15:43:32 POLARIS_LOG {"event":"send_rate","rate":304000,"ts":1760456612.0592353}
2025/10/14 15:43:33 POLARIS_LOG {"event":"send_rate","rate":296000,"ts":1760456613.0575092}
2025/10/14 15:43:34 POLARIS_LOG {"event":"send_rate","rate":304000,"ts":1760456614.0593376}
2025/10/14 15:43:35 POLARIS_LOG {"event":"send_rate","rate":296000,"ts":1760456615.0580192}
2025/10/14 15:43:36 POLARIS_LOG {"event":"send_rate","rate":296000,"ts":1760456616.0614755}
2025/10/14 15:43:37 POLARIS_LOG {"event":"send_rate","rate":304000,"ts":1760456617.0569816}
2025/10/14 15:43:38 POLARIS_LOG {"event":"send_rate","rate":304000,"ts":1760456618.0574963}
2025/10/14 15:43:39 POLARIS_LOG {"event":"send_rate","rate":296000,"ts":1760456619.0590575}
2025/10/14 15:43:40 POLARIS_LOG {"event":"send_rate","rate":304000,"ts":1760456620.056656}
2025/10/14 15:43:41 POLARIS_LOG {"event":"send_rate","rate":296000,"ts":1760456621.0566287}
2025/10/14 15:43:42 POLARIS_LOG {"event":"send_rate","rate":304000,"ts":1760456622.0659614}
2025/10/14 15:43:43 POLARIS_LOG {"event":"send_rate","rate":296000,"ts":1760456623.0580266}
2025/10/14 15:43:44 POLARIS_LOG {"event":"send_rate","rate":304000,"ts":1760456624.058378}
2025/10/14 15:43:45 POLARIS_LOG {"event":"send_rate","rate":296000,"ts":1760456625.0573385}
2025/10/14 15:43:46 POLARIS_LOG {"event":"send_rate","rate":304000,"ts":1760456626.0595686}
2025/10/14 15:43:47 POLARIS_LOG {"event":"send_rate","rate":296000,"ts":1760456627.0566235}
2025/10/14 15:43:48 POLARIS_LOG {"event":"send_rate","rate":304000,"ts":1760456628.0583017}
2025/10/14 15:43:49 POLARIS_LOG {"event":"send_rate","rate":296000,"ts":1760456629.0576305}
2025/10/14 15:43:50 POLARIS_LOG {"event":"send_rate","rate":304000,"ts":1760456630.0572596}
2025/10/14 15:43:51 POLARIS_LOG {"event":"send_rate","rate":296000,"ts":1760456631.0580914}
2025/10/14 15:43:52 POLARIS_LOG {"event":"send_rate","rate":304000,"ts":1760456632.0582945}
2025/10/14 15:43:53 POLARIS_LOG {"event":"send_rate","rate":296000,"ts":1760456633.0681403}
2025/10/14 15:43:54 POLARIS_LOG {"event":"send_rate","rate":304000,"ts":1760456634.056866}
2025/10/14 15:43:55 POLARIS_LOG {"event":"send_rate","rate":296000,"ts":1760456635.0576308}
2025/10/14 15:43:56 POLARIS_LOG {"event":"send_rate","rate":304000,"ts":1760456636.0565648}
2025/10/14 15:43:57 POLARIS_LOG {"event":"send_rate","rate":296000,"ts":1760456637.0569794}
2025/10/14 15:43:58 POLARIS_LOG {"event":"send_rate","rate":304000,"ts":1760456638.0579414}
2025/10/14 15:43:59 POLARIS_LOG {"event":"send_rate","rate":296000,"ts":1760456639.0587049}
2025/10/14 15:44:00 POLARIS_LOG {"event":"send_rate","rate":304000,"ts":1760456640.0582356}
2025/10/14 15:44:01 POLARIS_LOG {"event":"send_rate","rate":296000,"ts":1760456641.057976}
2025/10/14 15:44:02 POLARIS_LOG {"event":"send_rate","rate":304000,"ts":1760456642.058364}
2025/10/14 15:44:03 POLARIS_LOG {"event":"send_rate","rate":296000,"ts":1760456643.0574105}
2025/10/14 15:44:04 POLARIS_LOG {"event":"send_rate","rate":304000,"ts":1760456644.0573747}
2025/10/14 15:44:05 POLARIS_LOG {"event":"send_rate","rate":296000,"ts":1760456645.0571475}
2025/10/14 15:44:06 POLARIS_LOG {"event":"send_rate","rate":304000,"ts":1760456646.0570543}
2025/10/14 15:44:07 POLARIS_LOG {"event":"send_rate","rate":296000,"ts":1760456647.0574088}
2025/10/14 15:44:08 POLARIS_LOG {"event":"send_rate","rate":304000,"ts":1760456648.0569344}
2025/10/14 15:44:09 POLARIS_LOG {"event":"send_rate","rate":296000,"ts":1760456649.0566978}
2025/10/14 15:44:10 POLARIS_LOG {"event":"send_rate","rate":320000,"ts":1760456650.1278088}
2025/10/14 15:44:11 POLARIS_LOG {"event":"send_rate","rate":280000,"ts":1760456651.0582073}
2025/10/14 15:44:12 POLARIS_LOG {"event":"send_rate","rate":304000,"ts":1760456652.060974}
2025/10/14 15:44:13 POLARIS_LOG {"event":"send_rate","rate":296000,"ts":1760456653.0571465}
2025/10/14 15:44:14 POLARIS_LOG {"event":"send_rate","rate":304000,"ts":1760456654.056965}
2025/10/14 15:44:15 POLARIS_LOG {"event":"send_rate","rate":296000,"ts":1760456655.05876}
2025/10/14 15:44:16 POLARIS_LOG {"event":"send_rate","rate":304000,"ts":1760456656.060058}
2025/10/14 15:44:17 POLARIS_LOG {"event":"send_rate","rate":296000,"ts":1760456657.0569758}
2025/10/14 15:44:18 POLARIS_LOG {"event":"send_rate","rate":304000,"ts":1760456658.058434}
2025/10/14 15:44:19 POLARIS_LOG {"event":"send_rate","rate":296000,"ts":1760456659.057979}
2025/10/14 15:44:20 POLARIS_LOG {"event":"send_rate","rate":304000,"ts":1760456660.0576634}
2025/10/14 15:44:21 POLARIS_LOG {"event":"send_rate","rate":296000,"ts":1760456661.058628}
2025/10/14 15:44:22 POLARIS_LOG {"event":"send_rate","rate":296000,"ts":1760456662.0566156}
2025/10/14 15:44:23 POLARIS_LOG {"event":"send_rate","rate":304000,"ts":1760456663.0572078}
2025/10/14 15:44:24 POLARIS_LOG {"event":"send_rate","rate":296000,"ts":1760456664.0567954}
2025/10/14 15:44:25 POLARIS_LOG {"event":"send_rate","rate":304000,"ts":1760456665.0621808}
2025/10/14 15:44:26 POLARIS_LOG {"event":"send_rate","rate":296000,"ts":1760456666.0572417}
2025/10/14 15:44:27 POLARIS_LOG {"event":"send_rate","rate":304000,"ts":1760456667.0572987}
2025/10/14 15:44:28 POLARIS_LOG {"event":"send_rate","rate":296000,"ts":1760456668.0570352}
2025/10/14 15:44:29 POLARIS_LOG {"event":"send_rate","rate":304000,"ts":1760456669.0569937}
2025/10/14 15:44:30 POLARIS_LOG {"event":"send_rate","rate":296000,"ts":1760456670.0567782}
2025/10/14 15:44:31 POLARIS_LOG {"event":"send_rate","rate":304000,"ts":1760456671.0570505}
2025/10/14 15:44:32 POLARIS_LOG {"event":"send_rate","rate":304000,"ts":1760456672.061337}
2025/10/14 15:44:33 POLARIS_LOG {"event":"send_rate","rate":296000,"ts":1760456673.0597587}
2025/10/14 15:44:34 POLARIS_LOG {"event":"send_rate","rate":304000,"ts":1760456674.0596714}
2025/10/14 15:44:35 POLARIS_LOG {"event":"send_rate","rate":304000,"ts":1760456675.0764048}
2025/10/14 15:44:36 POLARIS_LOG {"event":"send_rate","rate":296000,"ts":1760456676.0582924}
2025/10/14 15:44:37 POLARIS_LOG {"event":"send_rate","rate":304000,"ts":1760456677.0780735}
2025/10/14 15:44:38 POLARIS_LOG {"event":"send_rate","rate":288000,"ts":1760456678.0569723}
2025/10/14 15:44:39 POLARIS_LOG {"event":"send_rate","rate":304000,"ts":1760456679.0578005}
2025/10/14 15:44:40 POLARIS_LOG {"event":"send_rate","rate":304000,"ts":1760456680.0610366}
2025/10/14 15:44:41 POLARIS_LOG {"event":"send_rate","rate":296000,"ts":1760456681.0575073}
2025/10/14 15:44:42 POLARIS_LOG {"event":"send_rate","rate":296000,"ts":1760456682.058018}
2025/10/14 15:44:43 POLARIS_LOG {"event":"send_rate","rate":304000,"ts":1760456683.0648284}
2025/10/14 15:44:44 POLARIS_LOG {"event":"send_rate","rate":304000,"ts":1760456684.0637958}
2025/10/14 15:44:45 POLARIS_LOG {"event":"send_rate","rate":296000,"ts":1760456685.0579684}
2025/10/14 15:44:46 POLARIS_LOG {"event":"send_rate","rate":296000,"ts":1760456686.0581982}
2025/10/14 15:44:47 POLARIS_LOG {"event":"send_rate","rate":304000,"ts":1760456687.0570204}
2025/10/14 15:44:48 POLARIS_LOG {"event":"send_rate","rate":304000,"ts":1760456688.066082}
2025/10/14 15:44:49 POLARIS_LOG {"event":"send_rate","rate":296000,"ts":1760456689.0596344}
2025/10/14 15:44:50 POLARIS_LOG {"event":"send_rate","rate":296000,"ts":1760456690.0575752}
2025/10/14 15:44:51 POLARIS_LOG {"event":"send_rate","rate":304000,"ts":1760456691.0584254}
2025/10/14 15:44:52 POLARIS_LOG {"event":"send_rate","rate":296000,"ts":1760456692.0587792}
2025/10/14 15:44:53 POLARIS_LOG {"event":"send_rate","rate":304000,"ts":1760456693.057459}
2025/10/14 15:44:54 POLARIS_LOG {"event":"send_rate","rate":296000,"ts":1760456694.057178}
2025/10/14 15:44:55 POLARIS_LOG {"event":"send_rate","rate":304000,"ts":1760456695.0575702}
2025/10/14 15:44:56 POLARIS_LOG {"event":"send_rate","rate":296000,"ts":1760456696.057271}
2025/10/14 15:44:57 POLARIS_LOG {"event":"send_rate","rate":304000,"ts":1760456697.0571516}
2025/10/14 15:44:58 POLARIS_LOG {"event":"send_rate","rate":296000,"ts":1760456698.0584958}
2025/10/14 15:44:59 POLARIS_LOG {"event":"send_rate","rate":304000,"ts":1760456699.0575097}
2025/10/14 15:45:00 POLARIS_LOG {"event":"send_rate","rate":296000,"ts":1760456700.0566118}
2025/10/14 15:45:01 POLARIS_LOG {"event":"send_rate","rate":304000,"ts":1760456701.058008}
2025/10/14 15:45:02 POLARIS_LOG {"event":"send_rate","rate":296000,"ts":1760456702.0568693}
2025/10/14 15:45:03 POLARIS_LOG {"event":"send_rate","rate":304000,"ts":1760456703.0577645}
2025/10/14 15:45:04 POLARIS_LOG {"event":"send_rate","rate":296000,"ts":1760456704.0576458}
2025/10/14 15:45:05 POLARIS_LOG {"event":"send_rate","rate":304000,"ts":1760456705.0673234}
2025/10/14 15:45:06 POLARIS_LOG {"event":"send_rate","rate":296000,"ts":1760456706.0600276}
2025/10/14 15:45:07 POLARIS_LOG {"event":"send_rate","rate":304000,"ts":1760456707.057422}
2025/10/14 15:45:08 POLARIS_LOG {"event":"send_rate","rate":296000,"ts":1760456708.0569975}
2025/10/14 15:45:09 POLARIS_LOG {"event":"send_rate","rate":304000,"ts":1760456709.0576336}
2025/10/14 15:45:10 POLARIS_LOG {"event":"send_rate","rate":296000,"ts":1760456710.0644655}
2025/10/14 15:45:11 POLARIS_LOG {"event":"send_rate","rate":304000,"ts":1760456711.0571737}
2025/10/14 15:45:12 POLARIS_LOG {"event":"send_rate","rate":296000,"ts":1760456712.0570996}
2025/10/14 15:45:13 POLARIS_LOG {"event":"send_rate","rate":304000,"ts":1760456713.0568385}
2025/10/14 15:45:14 POLARIS_LOG {"event":"send_rate","rate":296000,"ts":1760456714.05727}
2025/10/14 15:45:15 POLARIS_LOG {"event":"send_rate","rate":304000,"ts":1760456715.0567899}
2025/10/14 15:45:16 POLARIS_LOG {"event":"send_rate","rate":296000,"ts":1760456716.0716534}
2025/10/14 15:45:17 POLARIS_LOG {"event":"send_rate","rate":304000,"ts":1760456717.0566626}
2025/10/14 15:45:18 POLARIS_LOG {"event":"send_rate","rate":296000,"ts":1760456718.057347}
2025/10/14 15:45:19 POLARIS_LOG {"event":"send_rate","rate":304000,"ts":1760456719.0570185}
2025/10/14 15:45:20 POLARIS_LOG {"event":"send_rate","rate":296000,"ts":1760456720.056823}
2025/10/14 15:45:21 POLARIS_LOG {"event":"send_rate","rate":304000,"ts":1760456721.0605204}
2025/10/14 15:45:22 POLARIS_LOG {"event":"send_rate","rate":304000,"ts":1760456722.064991}
2025/10/14 15:45:23 POLARIS_LOG {"event":"send_rate","rate":296000,"ts":1760456723.0592349}
2025/10/14 15:45:24 POLARIS_LOG {"event":"send_rate","rate":296000,"ts":1760456724.064295}
2025/10/14 15:45:25 POLARIS_LOG {"event":"send_rate","rate":304000,"ts":1760456725.0655944}
2025/10/14 15:45:26 POLARIS_LOG {"event":"send_rate","rate":296000,"ts":1760456726.0574734}
2025/10/14 15:45:27 POLARIS_LOG {"event":"send_rate","rate":304000,"ts":1760456727.0568714}
2025/10/14 15:45:28 POLARIS_LOG {"event":"send_rate","rate":296000,"ts":1760456728.058578}
2025/10/14 15:45:29 POLARIS_LOG {"event":"send_rate","rate":304000,"ts":1760456729.0596333}
2025/10/14 15:45:30 POLARIS_LOG {"event":"send_rate","rate":296000,"ts":1760456730.057163}
We need to sleep for 1 seconds before we can get the results
2025/10/14 15:45:31 POLARIS_LOG {"event":"send_rate","rate":8000,"ts":1760456731.057248}
Drain Loop received packet
Drain Loop received non-nil payload
Client sent 10350 packets, server reported 10318 packets received
The network loss rate from client to server is 0.3%

S->C results
Attempted bandwidth: 0 bps / 0.00 Mbps
Achieved bandwidth: 0 bps / 0.00 Mbps
Loss rate: 0.0%
Interarrival time min/avg/max/mdev = -0.000/0.000/0.000/0.000 ms

C->S results
Attempted bandwidth: 300000 bps / 0.30 Mbps
Achieved bandwidth: 299072 bps / 0.30 Mbps
Loss rate: 0.3%
Interarrival time min/avg/max/mdev = 0.002/26.750/395.562/19.204 ms
