
Test parameters:
client->server: 261 seconds, 1000 bytes, 9787 packets
server->client: 261 seconds, 1000 bytes, 0 packets
2025/10/14 15:41:09 POLARIS_LOG {"current_rate":0,"event":"path_switch","new":"2 2 5 2","trigger":"initialization","ts":1760456469.188959}
Polaris prober initialized with 38 paths
Polaris prober initialized with local 1-111,10.111.0.71:32725 and remote 1-113,10.113.0.71
2025/10/14 15:41:10 POLARIS_LOG {"event":"send_rate","rate":0,"ts":1760456470.1908078}
2025/10/14 15:41:11 POLARIS_LOG {"event":"send_rate","rate":120000,"ts":1760456471.1962552}
2025/10/14 15:41:12 POLARIS_LOG {"event":"send_rate","rate":296000,"ts":1760456472.1912012}
2025/10/14 15:41:13 POLARIS_LOG {"event":"send_rate","rate":296000,"ts":1760456473.1910057}
2025/10/14 15:41:14 POLARIS_LOG {"event":"send_rate","rate":304000,"ts":1760456474.19242}
2025/10/14 15:41:15 POLARIS_LOG {"event":"send_rate","rate":296000,"ts":1760456475.1911273}
2025/10/14 15:41:16 POLARIS_LOG {"event":"send_rate","rate":304000,"ts":1760456476.1920023}
2025/10/14 15:41:17 POLARIS_LOG {"event":"send_rate","rate":296000,"ts":1760456477.203888}
2025/10/14 15:41:18 POLARIS_LOG {"event":"send_rate","rate":304000,"ts":1760456478.1917484}
2025/10/14 15:41:19 POLARIS_LOG {"event":"send_rate","rate":296000,"ts":1760456479.1918807}
2025/10/14 15:41:20 POLARIS_LOG {"event":"send_rate","rate":304000,"ts":1760456480.20431}
2025/10/14 15:41:21 POLARIS_LOG {"event":"send_rate","rate":296000,"ts":1760456481.1940315}
2025/10/14 15:41:22 POLARIS_LOG {"event":"send_rate","rate":232000,"ts":1760456482.1915822}
2025/10/14 15:41:23 POLARIS_LOG {"event":"send_rate","rate":240000,"ts":1760456483.1957183}
2025/10/14 15:41:24 POLARIS_LOG {"event":"send_rate","rate":192000,"ts":1760456484.191252}
2025/10/14 15:41:25 POLARIS_LOG {"event":"send_rate","rate":152000,"ts":1760456485.1930718}
2025/10/14 15:41:26 POLARIS_LOG {"event":"send_rate","rate":168000,"ts":1760456486.2000225}
2025/10/14 15:41:27 POLARIS_LOG {"event":"send_rate","rate":168000,"ts":1760456487.1961973}
2025/10/14 15:41:28 POLARIS_LOG {"event":"send_rate","rate":168000,"ts":1760456488.192037}
2025/10/14 15:41:29 POLARIS_LOG {"event":"send_rate","rate":264000,"ts":1760456489.2032847}
2025/10/14 15:41:29 POLARIS_LOG {"candidates":17,"candidates_unfiltered":17,"current_rate":264000,"estimated_share":400000,"event":"path_switch","max_estimated_share":500000,"new":"5 5 2 4","old":"2 2 5 2","trigger":"scheduled","ts":1760456489.2033718}
2025/10/14 15:41:30 POLARIS_LOG {"event":"send_rate","rate":1120000,"ts":1760456490.2032309}
2025/10/14 15:41:31 POLARIS_LOG {"event":"send_rate","rate":312000,"ts":1760456491.2353208}
2025/10/14 15:41:32 POLARIS_LOG {"event":"send_rate","rate":288000,"ts":1760456492.1948252}
2025/10/14 15:41:33 POLARIS_LOG {"event":"send_rate","rate":296000,"ts":1760456493.1921053}
2025/10/14 15:41:34 POLARIS_LOG {"event":"send_rate","rate":304000,"ts":1760456494.197418}
2025/10/14 15:41:35 POLARIS_LOG {"event":"send_rate","rate":304000,"ts":1760456495.1979566}
2025/10/14 15:41:36 POLARIS_LOG {"event":"send_rate","rate":288000,"ts":1760456496.1926825}
2025/10/14 15:41:37 POLARIS_LOG {"event":"send_rate","rate":312000,"ts":1760456497.2047107}
2025/10/14 15:41:38 POLARIS_LOG {"event":"send_rate","rate":296000,"ts":1760456498.1911724}
2025/10/14 15:41:39 POLARIS_LOG {"event":"send_rate","rate":296000,"ts":1760456499.2669716}
2025/10/14 15:41:40 POLARIS_LOG {"event":"send_rate","rate":304000,"ts":1760456500.2118833}
2025/10/14 15:41:41 POLARIS_LOG {"event":"send_rate","rate":288000,"ts":1760456501.20871}
2025/10/14 15:41:42 POLARIS_LOG {"event":"send_rate","rate":312000,"ts":1760456502.1936727}
2025/10/14 15:41:43 POLARIS_LOG {"event":"send_rate","rate":296000,"ts":1760456503.190698}
2025/10/14 15:41:44 POLARIS_LOG {"event":"send_rate","rate":312000,"ts":1760456504.2131739}
2025/10/14 15:41:45 POLARIS_LOG {"event":"send_rate","rate":288000,"ts":1760456505.191501}
2025/10/14 15:41:46 POLARIS_LOG {"event":"send_rate","rate":304000,"ts":1760456506.1919234}
2025/10/14 15:41:47 POLARIS_LOG {"event":"send_rate","rate":296000,"ts":1760456507.1912036}
2025/10/14 15:41:48 POLARIS_LOG {"event":"send_rate","rate":304000,"ts":1760456508.1971776}
2025/10/14 15:41:49 POLARIS_LOG {"event":"send_rate","rate":296000,"ts":1760456509.1914191}
2025/10/14 15:41:50 POLARIS_LOG {"event":"send_rate","rate":304000,"ts":1760456510.193483}
2025/10/14 15:41:51 POLARIS_LOG {"event":"send_rate","rate":304000,"ts":1760456511.2306225}
2025/10/14 15:41:52 POLARIS_LOG {"event":"send_rate","rate":296000,"ts":1760456512.191363}
2025/10/14 15:41:53 POLARIS_LOG {"event":"send_rate","rate":296000,"ts":1760456513.190884}
2025/10/14 15:41:54 POLARIS_LOG {"event":"send_rate","rate":304000,"ts":1760456514.1939054}
2025/10/14 15:41:55 POLARIS_LOG {"event":"send_rate","rate":296000,"ts":1760456515.191126}
2025/10/14 15:41:56 POLARIS_LOG {"event":"send_rate","rate":304000,"ts":1760456516.1926093}
2025/10/14 15:41:57 POLARIS_LOG {"event":"send_rate","rate":304000,"ts":1760456517.1991339}
2025/10/14 15:41:58 POLARIS_LOG {"event":"send_rate","rate":296000,"ts":1760456518.1915743}
2025/10/14 15:41:59 POLARIS_LOG {"event":"send_rate","rate":296000,"ts":1760456519.1947248}
2025/10/14 15:42:00 POLARIS_LOG {"event":"send_rate","rate":320000,"ts":1760456520.2411287}
2025/10/14 15:42:01 POLARIS_LOG {"event":"send_rate","rate":280000,"ts":1760456521.2034562}
2025/10/14 15:42:02 POLARIS_LOG {"event":"send_rate","rate":304000,"ts":1760456522.1952589}
2025/10/14 15:42:03 POLARIS_LOG {"event":"send_rate","rate":296000,"ts":1760456523.190923}
2025/10/14 15:42:04 POLARIS_LOG {"event":"send_rate","rate":304000,"ts":1760456524.192398}
2025/10/14 15:42:05 POLARIS_LOG {"event":"send_rate","rate":296000,"ts":1760456525.1912868}
2025/10/14 15:42:06 POLARIS_LOG {"event":"send_rate","rate":304000,"ts":1760456526.191544}
2025/10/14 15:42:07 POLARIS_LOG {"event":"send_rate","rate":296000,"ts":1760456527.1915405}
2025/10/14 15:42:08 POLARIS_LOG {"event":"send_rate","rate":304000,"ts":1760456528.1979825}
2025/10/14 15:42:09 POLARIS_LOG {"event":"send_rate","rate":296000,"ts":1760456529.2112556}
2025/10/14 15:42:10 POLARIS_LOG {"event":"send_rate","rate":304000,"ts":1760456530.1915169}
2025/10/14 15:42:11 POLARIS_LOG {"event":"send_rate","rate":296000,"ts":1760456531.2032952}
2025/10/14 15:42:12 POLARIS_LOG {"event":"send_rate","rate":304000,"ts":1760456532.1912863}
2025/10/14 15:42:13 POLARIS_LOG {"event":"send_rate","rate":304000,"ts":1760456533.214893}
2025/10/14 15:42:14 POLARIS_LOG {"event":"send_rate","rate":296000,"ts":1760456534.1907961}
2025/10/14 15:42:15 POLARIS_LOG {"event":"send_rate","rate":296000,"ts":1760456535.1917977}
2025/10/14 15:42:16 POLARIS_LOG {"event":"send_rate","rate":304000,"ts":1760456536.2066774}
2025/10/14 15:42:17 POLARIS_LOG {"event":"send_rate","rate":304000,"ts":1760456537.215278}
2025/10/14 15:42:18 POLARIS_LOG {"event":"send_rate","rate":296000,"ts":1760456538.200362}
2025/10/14 15:42:19 POLARIS_LOG {"event":"send_rate","rate":296000,"ts":1760456539.1917288}
2025/10/14 15:42:20 POLARIS_LOG {"event":"send_rate","rate":304000,"ts":1760456540.1917312}
2025/10/14 15:42:21 POLARIS_LOG {"event":"send_rate","rate":296000,"ts":1760456541.1923382}
2025/10/14 15:42:22 POLARIS_LOG {"event":"send_rate","rate":304000,"ts":1760456542.2002459}
2025/10/14 15:42:23 POLARIS_LOG {"event":"send_rate","rate":296000,"ts":1760456543.1919944}
2025/10/14 15:42:24 POLARIS_LOG {"event":"send_rate","rate":304000,"ts":1760456544.1942093}
2025/10/14 15:42:25 POLARIS_LOG {"event":"send_rate","rate":296000,"ts":1760456545.191656}
2025/10/14 15:42:26 POLARIS_LOG {"event":"send_rate","rate":304000,"ts":1760456546.1944194}
2025/10/14 15:42:27 POLARIS_LOG {"event":"send_rate","rate":272000,"ts":1760456547.222144}
2025/10/14 15:42:28 POLARIS_LOG {"event":"send_rate","rate":328000,"ts":1760456548.1997857}
2025/10/14 15:42:29 POLARIS_LOG {"event":"send_rate","rate":296000,"ts":1760456549.1906521}
2025/10/14 15:42:30 POLARIS_LOG {"event":"send_rate","rate":304000,"ts":1760456550.191286}
2025/10/14 15:42:31 POLARIS_LOG {"event":"send_rate","rate":296000,"ts":1760456551.1973732}
2025/10/14 15:42:32 POLARIS_LOG {"event":"send_rate","rate":296000,"ts":1760456552.1967225}
2025/10/14 15:42:33 POLARIS_LOG {"event":"send_rate","rate":304000,"ts":1760456553.1938083}
2025/10/14 15:42:34 POLARIS_LOG {"event":"send_rate","rate":304000,"ts":1760456554.1950572}
2025/10/14 15:42:35 POLARIS_LOG {"event":"send_rate","rate":296000,"ts":1760456555.1992154}
2025/10/14 15:42:36 POLARIS_LOG {"event":"send_rate","rate":296000,"ts":1760456556.1913838}
2025/10/14 15:42:37 POLARIS_LOG {"event":"send_rate","rate":304000,"ts":1760456557.1976907}
2025/10/14 15:42:38 POLARIS_LOG {"event":"send_rate","rate":296000,"ts":1760456558.1907978}
2025/10/14 15:42:39 POLARIS_LOG {"event":"send_rate","rate":304000,"ts":1760456559.1927714}
2025/10/14 15:42:40 POLARIS_LOG {"event":"send_rate","rate":304000,"ts":1760456560.1923811}
2025/10/14 15:42:41 POLARIS_LOG {"event":"send_rate","rate":296000,"ts":1760456561.2038283}
2025/10/14 15:42:42 POLARIS_LOG {"event":"send_rate","rate":296000,"ts":1760456562.198941}
2025/10/14 15:42:43 POLARIS_LOG {"event":"send_rate","rate":304000,"ts":1760456563.2013614}
2025/10/14 15:42:44 POLARIS_LOG {"event":"send_rate","rate":304000,"ts":1760456564.2127552}
2025/10/14 15:42:45 POLARIS_LOG {"event":"send_rate","rate":304000,"ts":1760456565.2181473}
2025/10/14 15:42:46 POLARIS_LOG {"event":"send_rate","rate":288000,"ts":1760456566.1912556}
2025/10/14 15:42:47 POLARIS_LOG {"event":"send_rate","rate":312000,"ts":1760456567.2085948}
2025/10/14 15:42:48 POLARIS_LOG {"event":"send_rate","rate":296000,"ts":1760456568.1967862}
2025/10/14 15:42:49 POLARIS_LOG {"event":"send_rate","rate":296000,"ts":1760456569.1922388}
2025/10/14 15:42:50 POLARIS_LOG {"event":"send_rate","rate":304000,"ts":1760456570.2037728}
2025/10/14 15:42:51 POLARIS_LOG {"event":"send_rate","rate":296000,"ts":1760456571.1939082}
2025/10/14 15:42:52 POLARIS_LOG {"event":"send_rate","rate":304000,"ts":1760456572.1953585}
2025/10/14 15:42:53 POLARIS_LOG {"event":"send_rate","rate":296000,"ts":1760456573.1928637}
2025/10/14 15:42:54 POLARIS_LOG {"event":"send_rate","rate":296000,"ts":1760456574.1923378}
2025/10/14 15:42:55 POLARIS_LOG {"event":"send_rate","rate":304000,"ts":1760456575.1942525}
2025/10/14 15:42:56 POLARIS_LOG {"event":"send_rate","rate":296000,"ts":1760456576.1948261}
2025/10/14 15:42:57 POLARIS_LOG {"event":"send_rate","rate":304000,"ts":1760456577.1916528}
2025/10/14 15:42:58 POLARIS_LOG {"event":"send_rate","rate":296000,"ts":1760456578.2106197}
2025/10/14 15:42:59 POLARIS_LOG {"event":"send_rate","rate":304000,"ts":1760456579.1911964}
2025/10/14 15:43:00 POLARIS_LOG {"event":"send_rate","rate":312000,"ts":1760456580.2244256}
2025/10/14 15:43:01 POLARIS_LOG {"event":"send_rate","rate":288000,"ts":1760456581.1945844}
2025/10/14 15:43:02 POLARIS_LOG {"event":"send_rate","rate":296000,"ts":1760456582.194069}
2025/10/14 15:43:03 POLARIS_LOG {"event":"send_rate","rate":296000,"ts":1760456583.2024949}
2025/10/14 15:43:04 POLARIS_LOG {"event":"send_rate","rate":296000,"ts":1760456584.20963}
2025/10/14 15:43:05 POLARIS_LOG {"event":"send_rate","rate":312000,"ts":1760456585.1947067}
2025/10/14 15:43:06 POLARIS_LOG {"event":"send_rate","rate":288000,"ts":1760456586.277625}
2025/10/14 15:43:07 POLARIS_LOG {"event":"send_rate","rate":312000,"ts":1760456587.1949852}
2025/10/14 15:43:08 POLARIS_LOG {"event":"send_rate","rate":296000,"ts":1760456588.1919575}
2025/10/14 15:43:09 POLARIS_LOG {"event":"send_rate","rate":304000,"ts":1760456589.1919315}
2025/10/14 15:43:10 POLARIS_LOG {"event":"send_rate","rate":296000,"ts":1760456590.1929984}
2025/10/14 15:43:11 POLARIS_LOG {"event":"send_rate","rate":304000,"ts":1760456591.1950383}
2025/10/14 15:43:12 POLARIS_LOG {"event":"send_rate","rate":296000,"ts":1760456592.1931963}
2025/10/14 15:43:13 POLARIS_LOG {"event":"send_rate","rate":288000,"ts":1760456593.1916804}
2025/10/14 15:43:14 POLARIS_LOG {"event":"send_rate","rate":320000,"ts":1760456594.198494}
2025/10/14 15:43:15 POLARIS_LOG {"event":"send_rate","rate":288000,"ts":1760456595.1913679}
2025/10/14 15:43:16 POLARIS_LOG {"event":"send_rate","rate":304000,"ts":1760456596.192532}
2025/10/14 15:43:17 POLARIS_LOG {"event":"send_rate","rate":304000,"ts":1760456597.2003944}
2025/10/14 15:43:18 POLARIS_LOG {"event":"send_rate","rate":296000,"ts":1760456598.1946049}
2025/10/14 15:43:19 POLARIS_LOG {"event":"send_rate","rate":304000,"ts":1760456599.1910462}
2025/10/14 15:43:20 POLARIS_LOG {"event":"send_rate","rate":304000,"ts":1760456600.2097316}
2025/10/14 15:43:21 POLARIS_LOG {"event":"send_rate","rate":296000,"ts":1760456601.1928964}
2025/10/14 15:43:22 POLARIS_LOG {"event":"send_rate","rate":296000,"ts":1760456602.191841}
2025/10/14 15:43:23 POLARIS_LOG {"event":"send_rate","rate":304000,"ts":1760456603.1999347}
2025/10/14 15:43:24 POLARIS_LOG {"event":"send_rate","rate":296000,"ts":1760456604.1908114}
2025/10/14 15:43:25 POLARIS_LOG {"event":"send_rate","rate":304000,"ts":1760456605.1994078}
2025/10/14 15:43:26 POLARIS_LOG {"event":"send_rate","rate":296000,"ts":1760456606.1917286}
2025/10/14 15:43:27 POLARIS_LOG {"event":"send_rate","rate":304000,"ts":1760456607.1946087}
2025/10/14 15:43:28 POLARIS_LOG {"event":"send_rate","rate":296000,"ts":1760456608.1919715}
2025/10/14 15:43:29 POLARIS_LOG {"event":"send_rate","rate":296000,"ts":1760456609.2021847}
2025/10/14 15:43:30 POLARIS_LOG {"event":"send_rate","rate":304000,"ts":1760456610.1917276}
2025/10/14 15:43:31 POLARIS_LOG {"event":"send_rate","rate":304000,"ts":1760456611.2032514}
2025/10/14 15:43:32 POLARIS_LOG {"event":"send_rate","rate":296000,"ts":1760456612.1912403}
2025/10/14 15:43:33 POLARIS_LOG {"event":"send_rate","rate":304000,"ts":1760456613.1933737}
2025/10/14 15:43:34 POLARIS_LOG {"event":"send_rate","rate":296000,"ts":1760456614.1965063}
2025/10/14 15:43:35 POLARIS_LOG {"event":"send_rate","rate":304000,"ts":1760456615.1928616}
2025/10/14 15:43:36 POLARIS_LOG {"event":"send_rate","rate":304000,"ts":1760456616.2046714}
2025/10/14 15:43:37 POLARIS_LOG {"event":"send_rate","rate":296000,"ts":1760456617.2057664}
2025/10/14 15:43:38 POLARIS_LOG {"event":"send_rate","rate":304000,"ts":1760456618.2029378}
2025/10/14 15:43:39 POLARIS_LOG {"event":"send_rate","rate":296000,"ts":1760456619.2048278}
2025/10/14 15:43:40 POLARIS_LOG {"event":"send_rate","rate":296000,"ts":1760456620.199394}
2025/10/14 15:43:41 POLARIS_LOG {"event":"send_rate","rate":304000,"ts":1760456621.190853}
2025/10/14 15:43:42 POLARIS_LOG {"event":"send_rate","rate":304000,"ts":1760456622.2113895}
2025/10/14 15:43:43 POLARIS_LOG {"event":"send_rate","rate":304000,"ts":1760456623.238488}
2025/10/14 15:43:44 POLARIS_LOG {"event":"send_rate","rate":288000,"ts":1760456624.192935}
2025/10/14 15:43:45 POLARIS_LOG {"event":"send_rate","rate":304000,"ts":1760456625.193423}
2025/10/14 15:43:46 POLARIS_LOG {"event":"send_rate","rate":304000,"ts":1760456626.2226663}
2025/10/14 15:43:47 POLARIS_LOG {"event":"send_rate","rate":296000,"ts":1760456627.190883}
2025/10/14 15:43:48 POLARIS_LOG {"event":"send_rate","rate":296000,"ts":1760456628.1910725}
2025/10/14 15:43:49 POLARIS_LOG {"event":"send_rate","rate":304000,"ts":1760456629.1915066}
2025/10/14 15:43:50 POLARIS_LOG {"event":"send_rate","rate":296000,"ts":1760456630.2027493}
2025/10/14 15:43:51 POLARIS_LOG {"event":"send_rate","rate":296000,"ts":1760456631.208387}
2025/10/14 15:43:52 POLARIS_LOG {"event":"send_rate","rate":320000,"ts":1760456632.2509325}
2025/10/14 15:43:53 POLARIS_LOG {"event":"send_rate","rate":280000,"ts":1760456633.1919284}
2025/10/14 15:43:54 POLARIS_LOG {"event":"send_rate","rate":304000,"ts":1760456634.1939642}
2025/10/14 15:43:55 POLARIS_LOG {"event":"send_rate","rate":296000,"ts":1760456635.1914594}
2025/10/14 15:43:56 POLARIS_LOG {"event":"send_rate","rate":304000,"ts":1760456636.1911716}
2025/10/14 15:43:57 POLARIS_LOG {"event":"send_rate","rate":296000,"ts":1760456637.1962836}
2025/10/14 15:43:58 POLARIS_LOG {"event":"send_rate","rate":304000,"ts":1760456638.191762}
2025/10/14 15:43:59 POLARIS_LOG {"event":"send_rate","rate":304000,"ts":1760456639.2054923}
2025/10/14 15:44:00 POLARIS_LOG {"event":"send_rate","rate":296000,"ts":1760456640.1936874}
2025/10/14 15:44:01 POLARIS_LOG {"event":"send_rate","rate":304000,"ts":1760456641.2070718}
2025/10/14 15:44:02 POLARIS_LOG {"event":"send_rate","rate":296000,"ts":1760456642.1915069}
2025/10/14 15:44:03 POLARIS_LOG {"event":"send_rate","rate":296000,"ts":1760456643.193334}
2025/10/14 15:44:04 POLARIS_LOG {"event":"send_rate","rate":296000,"ts":1760456644.1924996}
2025/10/14 15:44:05 POLARIS_LOG {"event":"send_rate","rate":312000,"ts":1760456645.2079306}
2025/10/14 15:44:06 POLARIS_LOG {"event":"send_rate","rate":296000,"ts":1760456646.1923802}
2025/10/14 15:44:07 POLARIS_LOG {"event":"send_rate","rate":304000,"ts":1760456647.2015042}
2025/10/14 15:44:08 POLARIS_LOG {"event":"send_rate","rate":296000,"ts":1760456648.1911888}
2025/10/14 15:44:09 POLARIS_LOG {"event":"send_rate","rate":296000,"ts":1760456649.1940434}
2025/10/14 15:44:10 POLARIS_LOG {"event":"send_rate","rate":312000,"ts":1760456650.205422}
2025/10/14 15:44:11 POLARIS_LOG {"event":"send_rate","rate":288000,"ts":1760456651.1912026}
2025/10/14 15:44:12 POLARIS_LOG {"event":"send_rate","rate":320000,"ts":1760456652.2381332}
2025/10/14 15:44:13 POLARIS_LOG {"event":"send_rate","rate":280000,"ts":1760456653.1922243}
2025/10/14 15:44:14 POLARIS_LOG {"event":"send_rate","rate":304000,"ts":1760456654.1931179}
2025/10/14 15:44:15 POLARIS_LOG {"event":"send_rate","rate":304000,"ts":1760456655.1992261}
2025/10/14 15:44:16 POLARIS_LOG {"event":"send_rate","rate":296000,"ts":1760456656.200255}
2025/10/14 15:44:17 POLARIS_LOG {"event":"send_rate","rate":304000,"ts":1760456657.2145452}
2025/10/14 15:44:18 POLARIS_LOG {"event":"send_rate","rate":296000,"ts":1760456658.1910324}
2025/10/14 15:44:19 POLARIS_LOG {"event":"send_rate","rate":296000,"ts":1760456659.191395}
2025/10/14 15:44:20 POLARIS_LOG {"event":"send_rate","rate":304000,"ts":1760456660.1916642}
2025/10/14 15:44:21 POLARIS_LOG {"event":"send_rate","rate":296000,"ts":1760456661.190884}
2025/10/14 15:44:22 POLARIS_LOG {"event":"send_rate","rate":304000,"ts":1760456662.1924465}
2025/10/14 15:44:23 POLARIS_LOG {"event":"send_rate","rate":288000,"ts":1760456663.2056048}
2025/10/14 15:44:24 POLARIS_LOG {"event":"send_rate","rate":312000,"ts":1760456664.1938148}
2025/10/14 15:44:25 POLARIS_LOG {"event":"send_rate","rate":304000,"ts":1760456665.1966293}
2025/10/14 15:44:26 POLARIS_LOG {"event":"send_rate","rate":296000,"ts":1760456666.2033033}
2025/10/14 15:44:27 POLARIS_LOG {"event":"send_rate","rate":304000,"ts":1760456667.195755}
2025/10/14 15:44:28 POLARIS_LOG {"event":"send_rate","rate":296000,"ts":1760456668.1912894}
2025/10/14 15:44:29 POLARIS_LOG {"event":"send_rate","rate":296000,"ts":1760456669.1912675}
2025/10/14 15:44:30 POLARIS_LOG {"event":"send_rate","rate":304000,"ts":1760456670.1908019}
2025/10/14 15:44:31 POLARIS_LOG {"event":"send_rate","rate":304000,"ts":1760456671.2206907}
2025/10/14 15:44:32 POLARIS_LOG {"event":"send_rate","rate":280000,"ts":1760456672.2280471}
2025/10/14 15:44:33 POLARIS_LOG {"event":"send_rate","rate":312000,"ts":1760456673.1988032}
2025/10/14 15:44:34 POLARIS_LOG {"event":"send_rate","rate":304000,"ts":1760456674.1914608}
2025/10/14 15:44:35 POLARIS_LOG {"event":"send_rate","rate":296000,"ts":1760456675.191508}
2025/10/14 15:44:36 POLARIS_LOG {"event":"send_rate","rate":304000,"ts":1760456676.1916316}
2025/10/14 15:44:37 POLARIS_LOG {"event":"send_rate","rate":296000,"ts":1760456677.1915271}
2025/10/14 15:44:38 POLARIS_LOG {"event":"send_rate","rate":304000,"ts":1760456678.1907594}
2025/10/14 15:44:39 POLARIS_LOG {"event":"send_rate","rate":304000,"ts":1760456679.2002115}
2025/10/14 15:44:40 POLARIS_LOG {"event":"send_rate","rate":296000,"ts":1760456680.204133}
2025/10/14 15:44:41 POLARIS_LOG {"event":"send_rate","rate":296000,"ts":1760456681.1907685}
2025/10/14 15:44:42 POLARIS_LOG {"event":"send_rate","rate":304000,"ts":1760456682.193441}
2025/10/14 15:44:43 POLARIS_LOG {"event":"send_rate","rate":288000,"ts":1760456683.2194636}
2025/10/14 15:44:44 POLARIS_LOG {"event":"send_rate","rate":312000,"ts":1760456684.2029853}
2025/10/14 15:44:45 POLARIS_LOG {"event":"send_rate","rate":296000,"ts":1760456685.1916611}
2025/10/14 15:44:46 POLARIS_LOG {"event":"send_rate","rate":312000,"ts":1760456686.2190325}
2025/10/14 15:44:47 POLARIS_LOG {"event":"send_rate","rate":288000,"ts":1760456687.193571}
2025/10/14 15:44:48 POLARIS_LOG {"event":"send_rate","rate":304000,"ts":1760456688.193326}
2025/10/14 15:44:49 POLARIS_LOG {"event":"send_rate","rate":304000,"ts":1760456689.202814}
2025/10/14 15:44:50 POLARIS_LOG {"event":"send_rate","rate":296000,"ts":1760456690.2038324}
2025/10/14 15:44:51 POLARIS_LOG {"event":"send_rate","rate":296000,"ts":1760456691.1952703}
2025/10/14 15:44:52 POLARIS_LOG {"event":"send_rate","rate":304000,"ts":1760456692.1931775}
2025/10/14 15:44:53 POLARIS_LOG {"event":"send_rate","rate":296000,"ts":1760456693.1947145}
2025/10/14 15:44:54 POLARIS_LOG {"event":"send_rate","rate":304000,"ts":1760456694.1935062}
2025/10/14 15:44:55 POLARIS_LOG {"event":"send_rate","rate":296000,"ts":1760456695.1920266}
2025/10/14 15:44:56 POLARIS_LOG {"event":"send_rate","rate":304000,"ts":1760456696.1972852}
2025/10/14 15:44:57 POLARIS_LOG {"event":"send_rate","rate":288000,"ts":1760456697.1911964}
2025/10/14 15:44:58 POLARIS_LOG {"event":"send_rate","rate":312000,"ts":1760456698.1907392}
2025/10/14 15:44:59 POLARIS_LOG {"event":"send_rate","rate":304000,"ts":1760456699.2112749}
2025/10/14 15:45:00 POLARIS_LOG {"event":"send_rate","rate":288000,"ts":1760456700.1934485}
2025/10/14 15:45:01 POLARIS_LOG {"event":"send_rate","rate":304000,"ts":1760456701.1931174}
2025/10/14 15:45:02 POLARIS_LOG {"event":"send_rate","rate":304000,"ts":1760456702.1952841}
2025/10/14 15:45:03 POLARIS_LOG {"event":"send_rate","rate":296000,"ts":1760456703.1930792}
2025/10/14 15:45:04 POLARIS_LOG {"event":"send_rate","rate":304000,"ts":1760456704.1977744}
2025/10/14 15:45:05 POLARIS_LOG {"event":"send_rate","rate":296000,"ts":1760456705.191224}
2025/10/14 15:45:06 POLARIS_LOG {"event":"send_rate","rate":312000,"ts":1760456706.2220588}
2025/10/14 15:45:07 POLARIS_LOG {"event":"send_rate","rate":288000,"ts":1760456707.1918042}
2025/10/14 15:45:08 POLARIS_LOG {"event":"send_rate","rate":304000,"ts":1760456708.2112508}
2025/10/14 15:45:09 POLARIS_LOG {"event":"send_rate","rate":296000,"ts":1760456709.1918163}
2025/10/14 15:45:10 POLARIS_LOG {"event":"send_rate","rate":296000,"ts":1760456710.2017894}
2025/10/14 15:45:11 POLARIS_LOG {"event":"send_rate","rate":304000,"ts":1760456711.1921232}
2025/10/14 15:45:12 POLARIS_LOG {"event":"send_rate","rate":296000,"ts":1760456712.1958892}
2025/10/14 15:45:13 POLARIS_LOG {"event":"send_rate","rate":304000,"ts":1760456713.194445}
2025/10/14 15:45:14 POLARIS_LOG {"event":"send_rate","rate":304000,"ts":1760456714.199003}
2025/10/14 15:45:15 POLARIS_LOG {"event":"send_rate","rate":296000,"ts":1760456715.1958826}
2025/10/14 15:45:16 POLARIS_LOG {"event":"send_rate","rate":296000,"ts":1760456716.2230206}
2025/10/14 15:45:17 POLARIS_LOG {"event":"send_rate","rate":264000,"ts":1760456717.2166169}
2025/10/14 15:45:18 POLARIS_LOG {"event":"send_rate","rate":344000,"ts":1760456718.190935}
2025/10/14 15:45:19 POLARIS_LOG {"event":"send_rate","rate":296000,"ts":1760456719.194612}
2025/10/14 15:45:20 POLARIS_LOG {"event":"send_rate","rate":304000,"ts":1760456720.1945734}
2025/10/14 15:45:21 POLARIS_LOG {"event":"send_rate","rate":304000,"ts":1760456721.2130876}
2025/10/14 15:45:22 POLARIS_LOG {"event":"send_rate","rate":296000,"ts":1760456722.1981206}
2025/10/14 15:45:23 POLARIS_LOG {"event":"send_rate","rate":296000,"ts":1760456723.1994092}
2025/10/14 15:45:24 POLARIS_LOG {"event":"send_rate","rate":312000,"ts":1760456724.234565}
2025/10/14 15:45:25 POLARIS_LOG {"event":"send_rate","rate":288000,"ts":1760456725.1918285}
2025/10/14 15:45:26 POLARIS_LOG {"event":"send_rate","rate":320000,"ts":1760456726.243745}
2025/10/14 15:45:27 POLARIS_LOG {"event":"send_rate","rate":280000,"ts":1760456727.1907651}
2025/10/14 15:45:28 POLARIS_LOG {"event":"send_rate","rate":296000,"ts":1760456728.1909688}
2025/10/14 15:45:29 POLARIS_LOG {"event":"send_rate","rate":304000,"ts":1760456729.1930704}
2025/10/14 15:45:30 POLARIS_LOG {"event":"send_rate","rate":296000,"ts":1760456730.1913712}
2025/10/14 15:45:31 POLARIS_LOG {"event":"send_rate","rate":304000,"ts":1760456731.19106}
Drain Loop received packet
Drain Loop received non-nil payload
Client sent 9787 packets, server reported 9757 packets received
The network loss rate from client to server is 0.3%

S->C results
Attempted bandwidth: 0 bps / 0.00 Mbps
Achieved bandwidth: 0 bps / 0.00 Mbps
Loss rate: 0.0%
Interarrival time min/avg/max/mdev = -0.000/0.000/0.000/0.000 ms

C->S results
Attempted bandwidth: 299984 bps / 0.30 Mbps
Achieved bandwidth: 299065 bps / 0.30 Mbps
Loss rate: 0.3%
Interarrival time min/avg/max/mdev = 0.002/26.682/386.340/18.965 ms
