
Test parameters:
client->server: 282 seconds, 1000 bytes, 10575 packets
server->client: 282 seconds, 1000 bytes, 0 packets
2025/10/14 15:40:47 POLARIS_LOG {"current_rate":0,"event":"path_switch","new":"2 2 5 2","trigger":"initialization","ts":1760456447.991437}
Polaris prober initialized with 38 paths
Polaris prober initialized with local 1-111,10.111.0.71:32746 and remote 1-113,10.113.0.71
2025/10/14 15:40:48 POLARIS_LOG {"event":"send_rate","rate":304000,"ts":1760456448.9926546}
2025/10/14 15:40:49 POLARIS_LOG {"event":"send_rate","rate":296000,"ts":1760456449.9929674}
2025/10/14 15:40:50 POLARIS_LOG {"event":"send_rate","rate":304000,"ts":1760456450.9942586}
2025/10/14 15:40:51 POLARIS_LOG {"event":"send_rate","rate":296000,"ts":1760456451.9952314}
2025/10/14 15:40:52 POLARIS_LOG {"event":"send_rate","rate":304000,"ts":1760456452.9922082}
2025/10/14 15:40:53 POLARIS_LOG {"event":"send_rate","rate":296000,"ts":1760456453.9926054}
2025/10/14 15:40:54 POLARIS_LOG {"event":"send_rate","rate":304000,"ts":1760456454.9946651}
2025/10/14 15:40:55 POLARIS_LOG {"event":"send_rate","rate":296000,"ts":1760456455.9952211}
2025/10/14 15:40:56 POLARIS_LOG {"event":"send_rate","rate":304000,"ts":1760456456.9928591}
2025/10/14 15:40:57 POLARIS_LOG {"event":"send_rate","rate":296000,"ts":1760456457.9931602}
2025/10/14 15:40:59 POLARIS_LOG {"event":"send_rate","rate":304000,"ts":1760456459.0062404}
2025/10/14 15:40:59 POLARIS_LOG {"event":"send_rate","rate":296000,"ts":1760456459.9928234}
2025/10/14 15:41:00 POLARIS_LOG {"event":"send_rate","rate":232000,"ts":1760456460.992744}
2025/10/14 15:41:01 POLARIS_LOG {"event":"send_rate","rate":112000,"ts":1760456461.9946632}
2025/10/14 15:41:02 POLARIS_LOG {"event":"send_rate","rate":128000,"ts":1760456462.992381}
2025/10/14 15:41:03 POLARIS_LOG {"event":"send_rate","rate":216000,"ts":1760456463.995333}
2025/10/14 15:41:04 POLARIS_LOG {"event":"send_rate","rate":128000,"ts":1760456464.9941728}
2025/10/14 15:41:06 POLARIS_LOG {"event":"send_rate","rate":144000,"ts":1760456466.0094633}
2025/10/14 15:41:06 POLARIS_LOG {"event":"send_rate","rate":96000,"ts":1760456466.9933803}
2025/10/14 15:41:07 POLARIS_LOG {"candidates":5,"candidates_unfiltered":25,"current_rate":96000,"estimated_share":1000000,"event":"path_switch","max_estimated_share":1000000,"new":"4 4 7 7 4 1","old":"2 2 5 2","trigger":"scheduled","ts":1760456467.9929223}
2025/10/14 15:41:07 POLARIS_LOG {"event":"send_rate","rate":160000,"ts":1760456467.993018}
2025/10/14 15:41:08 POLARIS_LOG {"event":"send_rate","rate":1488000,"ts":1760456468.9934442}
2025/10/14 15:41:09 POLARIS_LOG {"event":"send_rate","rate":296000,"ts":1760456469.9921656}
2025/10/14 15:41:11 POLARIS_LOG {"event":"send_rate","rate":312000,"ts":1760456471.026154}
2025/10/14 15:41:11 POLARIS_LOG {"event":"send_rate","rate":288000,"ts":1760456471.9936063}
2025/10/14 15:41:12 POLARIS_LOG {"event":"send_rate","rate":304000,"ts":1760456472.9939415}
2025/10/14 15:41:13 POLARIS_LOG {"event":"send_rate","rate":296000,"ts":1760456473.9931958}
2025/10/14 15:41:14 POLARIS_LOG {"event":"send_rate","rate":304000,"ts":1760456474.9983656}
2025/10/14 15:41:15 POLARIS_LOG {"event":"send_rate","rate":296000,"ts":1760456475.9956963}
2025/10/14 15:41:16 POLARIS_LOG {"event":"send_rate","rate":304000,"ts":1760456476.992769}
2025/10/14 15:41:17 POLARIS_LOG {"event":"send_rate","rate":296000,"ts":1760456477.9979627}
2025/10/14 15:41:18 POLARIS_LOG {"event":"send_rate","rate":304000,"ts":1760456478.9951482}
2025/10/14 15:41:19 POLARIS_LOG {"event":"send_rate","rate":296000,"ts":1760456479.9984457}
2025/10/14 15:41:20 POLARIS_LOG {"event":"send_rate","rate":304000,"ts":1760456480.992437}
2025/10/14 15:41:22 POLARIS_LOG {"event":"send_rate","rate":296000,"ts":1760456482.0066273}
2025/10/14 15:41:22 POLARIS_LOG {"event":"send_rate","rate":304000,"ts":1760456482.9920208}
2025/10/14 15:41:23 POLARIS_LOG {"event":"send_rate","rate":296000,"ts":1760456483.9953065}
2025/10/14 15:41:24 POLARIS_LOG {"event":"send_rate","rate":304000,"ts":1760456484.9945903}
2025/10/14 15:41:26 POLARIS_LOG {"event":"send_rate","rate":296000,"ts":1760456486.0043838}
2025/10/14 15:41:26 POLARIS_LOG {"event":"send_rate","rate":296000,"ts":1760456486.995699}
2025/10/14 15:41:27 POLARIS_LOG {"event":"send_rate","rate":304000,"ts":1760456487.9921584}
2025/10/14 15:41:28 POLARIS_LOG {"event":"send_rate","rate":304000,"ts":1760456488.9979732}
2025/10/14 15:41:29 POLARIS_LOG {"event":"send_rate","rate":296000,"ts":1760456489.9949162}
2025/10/14 15:41:31 POLARIS_LOG {"event":"send_rate","rate":304000,"ts":1760456490.9923992}
2025/10/14 15:41:31 POLARIS_LOG {"event":"send_rate","rate":296000,"ts":1760456491.9947603}
2025/10/14 15:41:32 POLARIS_LOG {"event":"send_rate","rate":304000,"ts":1760456492.992897}
2025/10/14 15:41:33 POLARIS_LOG {"event":"send_rate","rate":296000,"ts":1760456493.9932244}
2025/10/14 15:41:34 POLARIS_LOG {"event":"send_rate","rate":304000,"ts":1760456494.999294}
2025/10/14 15:41:35 POLARIS_LOG {"event":"send_rate","rate":296000,"ts":1760456495.9935837}
2025/10/14 15:41:36 POLARIS_LOG {"event":"send_rate","rate":296000,"ts":1760456496.993824}
2025/10/14 15:41:37 POLARIS_LOG {"event":"send_rate","rate":304000,"ts":1760456497.9930618}
2025/10/14 15:41:38 POLARIS_LOG {"event":"send_rate","rate":304000,"ts":1760456498.9933624}
2025/10/14 15:41:39 POLARIS_LOG {"event":"send_rate","rate":296000,"ts":1760456499.9959743}
2025/10/14 15:41:40 POLARIS_LOG {"event":"send_rate","rate":296000,"ts":1760456500.9928985}
2025/10/14 15:41:41 POLARIS_LOG {"event":"send_rate","rate":304000,"ts":1760456501.992842}
2025/10/14 15:41:42 POLARIS_LOG {"event":"send_rate","rate":304000,"ts":1760456502.9929092}
2025/10/14 15:41:43 POLARIS_LOG {"event":"send_rate","rate":296000,"ts":1760456503.992059}
2025/10/14 15:41:45 POLARIS_LOG {"event":"send_rate","rate":304000,"ts":1760456505.0031414}
2025/10/14 15:41:46 POLARIS_LOG {"event":"send_rate","rate":296000,"ts":1760456506.0151153}
2025/10/14 15:41:46 POLARIS_LOG {"event":"send_rate","rate":304000,"ts":1760456506.9944687}
2025/10/14 15:41:47 POLARIS_LOG {"event":"send_rate","rate":296000,"ts":1760456507.9924023}
2025/10/14 15:41:48 POLARIS_LOG {"event":"send_rate","rate":296000,"ts":1760456508.9947445}
2025/10/14 15:41:49 POLARIS_LOG {"event":"send_rate","rate":304000,"ts":1760456509.9948745}
2025/10/14 15:41:50 POLARIS_LOG {"event":"send_rate","rate":296000,"ts":1760456510.9932263}
2025/10/14 15:41:51 POLARIS_LOG {"event":"send_rate","rate":304000,"ts":1760456511.9941201}
2025/10/14 15:41:52 POLARIS_LOG {"event":"send_rate","rate":304000,"ts":1760456512.9955404}
2025/10/14 15:41:53 POLARIS_LOG {"event":"send_rate","rate":296000,"ts":1760456513.9929254}
2025/10/14 15:41:54 POLARIS_LOG {"event":"send_rate","rate":296000,"ts":1760456514.9929287}
2025/10/14 15:41:55 POLARIS_LOG {"event":"send_rate","rate":304000,"ts":1760456515.9940574}
2025/10/14 15:41:57 POLARIS_LOG {"event":"send_rate","rate":312000,"ts":1760456517.0458305}
Skipping switch: current path 4 4 7 7 4 1 has lastEstimate 333250 >= maxEstimate 0
2025/10/14 15:41:57 POLARIS_LOG {"event":"send_rate","rate":288000,"ts":1760456517.9952395}
2025/10/14 15:41:58 POLARIS_LOG {"event":"send_rate","rate":296000,"ts":1760456518.9920912}
2025/10/14 15:42:00 POLARIS_LOG {"event":"send_rate","rate":312000,"ts":1760456520.0198855}
2025/10/14 15:42:00 POLARIS_LOG {"event":"send_rate","rate":288000,"ts":1760456520.9971497}
2025/10/14 15:42:01 POLARIS_LOG {"event":"send_rate","rate":304000,"ts":1760456521.9947052}
2025/10/14 15:42:02 POLARIS_LOG {"event":"send_rate","rate":296000,"ts":1760456522.992499}
2025/10/14 15:42:04 POLARIS_LOG {"event":"send_rate","rate":304000,"ts":1760456524.006495}
2025/10/14 15:42:04 POLARIS_LOG {"event":"send_rate","rate":296000,"ts":1760456524.9929168}
2025/10/14 15:42:05 POLARIS_LOG {"event":"send_rate","rate":304000,"ts":1760456525.9936137}
2025/10/14 15:42:06 POLARIS_LOG {"event":"send_rate","rate":304000,"ts":1760456526.9982264}
2025/10/14 15:42:08 POLARIS_LOG {"event":"send_rate","rate":296000,"ts":1760456528.0093415}
2025/10/14 15:42:08 POLARIS_LOG {"event":"send_rate","rate":296000,"ts":1760456528.9929347}
2025/10/14 15:42:09 POLARIS_LOG {"event":"send_rate","rate":304000,"ts":1760456529.9933102}
2025/10/14 15:42:10 POLARIS_LOG {"event":"send_rate","rate":296000,"ts":1760456530.9947338}
2025/10/14 15:42:12 POLARIS_LOG {"event":"send_rate","rate":304000,"ts":1760456532.0016925}
2025/10/14 15:42:13 POLARIS_LOG {"event":"send_rate","rate":304000,"ts":1760456533.0007007}
2025/10/14 15:42:14 POLARIS_LOG {"event":"send_rate","rate":296000,"ts":1760456534.0041895}
2025/10/14 15:42:14 POLARIS_LOG {"event":"send_rate","rate":296000,"ts":1760456534.99273}
2025/10/14 15:42:16 POLARIS_LOG {"event":"send_rate","rate":304000,"ts":1760456536.0031812}
2025/10/14 15:42:16 POLARIS_LOG {"event":"send_rate","rate":296000,"ts":1760456536.9931958}
2025/10/14 15:42:17 POLARIS_LOG {"event":"send_rate","rate":304000,"ts":1760456537.992211}
2025/10/14 15:42:18 POLARIS_LOG {"event":"send_rate","rate":296000,"ts":1760456538.993002}
2025/10/14 15:42:19 POLARIS_LOG {"event":"send_rate","rate":304000,"ts":1760456539.9959216}
2025/10/14 15:42:20 POLARIS_LOG {"event":"send_rate","rate":296000,"ts":1760456540.9960392}
2025/10/14 15:42:21 POLARIS_LOG {"event":"send_rate","rate":304000,"ts":1760456541.9927082}
2025/10/14 15:42:22 POLARIS_LOG {"event":"send_rate","rate":296000,"ts":1760456542.9927886}
2025/10/14 15:42:23 POLARIS_LOG {"event":"send_rate","rate":304000,"ts":1760456543.9926572}
2025/10/14 15:42:24 POLARIS_LOG {"event":"send_rate","rate":296000,"ts":1760456544.9961476}
2025/10/14 15:42:25 POLARIS_LOG {"event":"send_rate","rate":304000,"ts":1760456545.9984648}
2025/10/14 15:42:26 POLARIS_LOG {"event":"send_rate","rate":304000,"ts":1760456546.9983017}
2025/10/14 15:42:27 POLARIS_LOG {"event":"send_rate","rate":296000,"ts":1760456547.9920528}
2025/10/14 15:42:29 POLARIS_LOG {"event":"send_rate","rate":312000,"ts":1760456549.0314116}
2025/10/14 15:42:29 POLARIS_LOG {"event":"send_rate","rate":288000,"ts":1760456549.9952264}
2025/10/14 15:42:30 POLARIS_LOG {"event":"send_rate","rate":296000,"ts":1760456550.992536}
2025/10/14 15:42:31 POLARIS_LOG {"event":"send_rate","rate":304000,"ts":1760456551.99225}
2025/10/14 15:42:32 POLARIS_LOG {"event":"send_rate","rate":296000,"ts":1760456552.9934728}
2025/10/14 15:42:33 POLARIS_LOG {"event":"send_rate","rate":304000,"ts":1760456553.9928443}
2025/10/14 15:42:34 POLARIS_LOG {"event":"send_rate","rate":296000,"ts":1760456554.9931197}
2025/10/14 15:42:36 POLARIS_LOG {"event":"send_rate","rate":304000,"ts":1760456556.0010765}
2025/10/14 15:42:37 POLARIS_LOG {"event":"send_rate","rate":296000,"ts":1760456557.0052168}
2025/10/14 15:42:38 POLARIS_LOG {"event":"send_rate","rate":304000,"ts":1760456558.0108392}
2025/10/14 15:42:39 POLARIS_LOG {"event":"send_rate","rate":304000,"ts":1760456559.016417}
2025/10/14 15:42:40 POLARIS_LOG {"event":"send_rate","rate":296000,"ts":1760456560.004851}
2025/10/14 15:42:40 POLARIS_LOG {"event":"send_rate","rate":296000,"ts":1760456560.994567}
2025/10/14 15:42:42 POLARIS_LOG {"event":"send_rate","rate":304000,"ts":1760456562.000671}
2025/10/14 15:42:42 POLARIS_LOG {"event":"send_rate","rate":296000,"ts":1760456562.993452}
2025/10/14 15:42:43 POLARIS_LOG {"event":"send_rate","rate":304000,"ts":1760456563.9923813}
2025/10/14 15:42:44 POLARIS_LOG {"event":"send_rate","rate":296000,"ts":1760456564.9946175}
2025/10/14 15:42:45 POLARIS_LOG {"event":"send_rate","rate":304000,"ts":1760456565.9925652}
2025/10/14 15:42:47 POLARIS_LOG {"event":"send_rate","rate":304000,"ts":1760456567.0100982}
2025/10/14 15:42:47 POLARIS_LOG {"event":"send_rate","rate":296000,"ts":1760456567.993919}
2025/10/14 15:42:48 POLARIS_LOG {"event":"send_rate","rate":296000,"ts":1760456568.9940224}
2025/10/14 15:42:49 POLARIS_LOG {"event":"send_rate","rate":304000,"ts":1760456569.9924304}
2025/10/14 15:42:51 POLARIS_LOG {"event":"send_rate","rate":304000,"ts":1760456571.001302}
2025/10/14 15:42:51 POLARIS_LOG {"event":"send_rate","rate":296000,"ts":1760456571.992289}
2025/10/14 15:42:52 POLARIS_LOG {"event":"send_rate","rate":296000,"ts":1760456572.9941099}
2025/10/14 15:42:53 POLARIS_LOG {"event":"send_rate","rate":304000,"ts":1760456573.9933379}
2025/10/14 15:42:54 POLARIS_LOG {"event":"send_rate","rate":296000,"ts":1760456574.992362}
2025/10/14 15:42:55 POLARIS_LOG {"event":"send_rate","rate":304000,"ts":1760456575.9923582}
2025/10/14 15:42:56 POLARIS_LOG {"event":"send_rate","rate":296000,"ts":1760456576.9922526}
2025/10/14 15:42:57 POLARIS_LOG {"event":"send_rate","rate":304000,"ts":1760456577.9928577}
2025/10/14 15:42:58 POLARIS_LOG {"event":"send_rate","rate":296000,"ts":1760456578.998142}
2025/10/14 15:43:00 POLARIS_LOG {"event":"send_rate","rate":304000,"ts":1760456580.0026681}
2025/10/14 15:43:00 POLARIS_LOG {"event":"send_rate","rate":296000,"ts":1760456580.9925237}
2025/10/14 15:43:01 POLARIS_LOG {"event":"send_rate","rate":304000,"ts":1760456581.9931865}
2025/10/14 15:43:03 POLARIS_LOG {"event":"send_rate","rate":296000,"ts":1760456583.0258524}
2025/10/14 15:43:03 POLARIS_LOG {"event":"send_rate","rate":304000,"ts":1760456583.994136}
2025/10/14 15:43:04 POLARIS_LOG {"event":"send_rate","rate":296000,"ts":1760456584.9940372}
2025/10/14 15:43:05 POLARIS_LOG {"event":"send_rate","rate":304000,"ts":1760456585.992075}
2025/10/14 15:43:07 POLARIS_LOG {"event":"send_rate","rate":296000,"ts":1760456586.9933558}
2025/10/14 15:43:07 POLARIS_LOG {"event":"send_rate","rate":304000,"ts":1760456587.9960244}
2025/10/14 15:43:08 POLARIS_LOG {"event":"send_rate","rate":296000,"ts":1760456588.9920385}
2025/10/14 15:43:09 POLARIS_LOG {"event":"send_rate","rate":304000,"ts":1760456589.9948087}
2025/10/14 15:43:10 POLARIS_LOG {"event":"send_rate","rate":296000,"ts":1760456590.9936738}
2025/10/14 15:43:11 POLARIS_LOG {"event":"send_rate","rate":304000,"ts":1760456591.9987617}
2025/10/14 15:43:12 POLARIS_LOG {"event":"send_rate","rate":296000,"ts":1760456592.9973383}
2025/10/14 15:43:13 POLARIS_LOG {"event":"send_rate","rate":304000,"ts":1760456593.9940872}
2025/10/14 15:43:15 POLARIS_LOG {"event":"send_rate","rate":304000,"ts":1760456595.0065176}
2025/10/14 15:43:15 POLARIS_LOG {"event":"send_rate","rate":296000,"ts":1760456595.9936013}
2025/10/14 15:43:16 POLARIS_LOG {"event":"send_rate","rate":296000,"ts":1760456596.9927728}
2025/10/14 15:43:17 POLARIS_LOG {"event":"send_rate","rate":304000,"ts":1760456597.9931862}
2025/10/14 15:43:18 POLARIS_LOG {"event":"send_rate","rate":296000,"ts":1760456598.9927473}
2025/10/14 15:43:19 POLARIS_LOG {"event":"send_rate","rate":304000,"ts":1760456599.9927168}
2025/10/14 15:43:20 POLARIS_LOG {"event":"send_rate","rate":296000,"ts":1760456600.9959452}
2025/10/14 15:43:21 POLARIS_LOG {"event":"send_rate","rate":304000,"ts":1760456601.992551}
2025/10/14 15:43:22 POLARIS_LOG {"event":"send_rate","rate":296000,"ts":1760456602.993048}
2025/10/14 15:43:23 POLARIS_LOG {"event":"send_rate","rate":304000,"ts":1760456603.99245}
2025/10/14 15:43:24 POLARIS_LOG {"event":"send_rate","rate":296000,"ts":1760456604.992948}
2025/10/14 15:43:25 POLARIS_LOG {"event":"send_rate","rate":304000,"ts":1760456605.9922473}
2025/10/14 15:43:26 POLARIS_LOG {"event":"send_rate","rate":296000,"ts":1760456606.9936438}
2025/10/14 15:43:27 POLARIS_LOG {"event":"send_rate","rate":304000,"ts":1760456607.992547}
2025/10/14 15:43:28 POLARIS_LOG {"event":"send_rate","rate":296000,"ts":1760456608.9941616}
2025/10/14 15:43:29 POLARIS_LOG {"event":"send_rate","rate":304000,"ts":1760456609.9942245}
2025/10/14 15:43:30 POLARIS_LOG {"event":"send_rate","rate":296000,"ts":1760456610.9951432}
2025/10/14 15:43:31 POLARIS_LOG {"event":"send_rate","rate":304000,"ts":1760456611.9919896}
2025/10/14 15:43:32 POLARIS_LOG {"event":"send_rate","rate":296000,"ts":1760456612.9928813}
2025/10/14 15:43:33 POLARIS_LOG {"event":"send_rate","rate":296000,"ts":1760456613.9929667}
2025/10/14 15:43:34 POLARIS_LOG {"event":"send_rate","rate":304000,"ts":1760456614.992904}
2025/10/14 15:43:36 POLARIS_LOG {"event":"send_rate","rate":312000,"ts":1760456616.0270672}
2025/10/14 15:43:36 POLARIS_LOG {"event":"send_rate","rate":288000,"ts":1760456616.99283}
2025/10/14 15:43:38 POLARIS_LOG {"event":"send_rate","rate":296000,"ts":1760456618.004593}
2025/10/14 15:43:38 POLARIS_LOG {"event":"send_rate","rate":304000,"ts":1760456618.9940658}
2025/10/14 15:43:39 POLARIS_LOG {"event":"send_rate","rate":304000,"ts":1760456619.9926865}
2025/10/14 15:43:41 POLARIS_LOG {"event":"send_rate","rate":296000,"ts":1760456621.000425}
2025/10/14 15:43:42 POLARIS_LOG {"event":"send_rate","rate":296000,"ts":1760456622.0019603}
2025/10/14 15:43:42 POLARIS_LOG {"event":"send_rate","rate":304000,"ts":1760456622.9932263}
2025/10/14 15:43:43 POLARIS_LOG {"event":"send_rate","rate":304000,"ts":1760456623.9928367}
2025/10/14 15:43:44 POLARIS_LOG {"event":"send_rate","rate":296000,"ts":1760456624.9927244}
2025/10/14 15:43:45 POLARIS_LOG {"event":"send_rate","rate":304000,"ts":1760456625.9923708}
2025/10/14 15:43:46 POLARIS_LOG {"event":"send_rate","rate":296000,"ts":1760456626.9927309}
2025/10/14 15:43:47 POLARIS_LOG {"event":"send_rate","rate":296000,"ts":1760456627.9925976}
2025/10/14 15:43:48 POLARIS_LOG {"event":"send_rate","rate":304000,"ts":1760456628.9943967}
2025/10/14 15:43:49 POLARIS_LOG {"event":"send_rate","rate":304000,"ts":1760456629.9928114}
2025/10/14 15:43:50 POLARIS_LOG {"event":"send_rate","rate":296000,"ts":1760456630.995255}
2025/10/14 15:43:51 POLARIS_LOG {"event":"send_rate","rate":304000,"ts":1760456631.9927084}
2025/10/14 15:43:52 POLARIS_LOG {"event":"send_rate","rate":296000,"ts":1760456632.9930246}
2025/10/14 15:43:53 POLARIS_LOG {"event":"send_rate","rate":304000,"ts":1760456633.995216}
2025/10/14 15:43:54 POLARIS_LOG {"event":"send_rate","rate":296000,"ts":1760456634.9952686}
2025/10/14 15:43:55 POLARIS_LOG {"event":"send_rate","rate":304000,"ts":1760456635.994403}
2025/10/14 15:43:56 POLARIS_LOG {"event":"send_rate","rate":296000,"ts":1760456636.992926}
2025/10/14 15:43:57 POLARIS_LOG {"event":"send_rate","rate":304000,"ts":1760456637.9991112}
2025/10/14 15:43:58 POLARIS_LOG {"event":"send_rate","rate":296000,"ts":1760456638.9929862}
2025/10/14 15:43:59 POLARIS_LOG {"event":"send_rate","rate":304000,"ts":1760456639.99509}
2025/10/14 15:44:00 POLARIS_LOG {"event":"send_rate","rate":296000,"ts":1760456640.9925363}
2025/10/14 15:44:01 POLARIS_LOG {"event":"send_rate","rate":296000,"ts":1760456641.9992025}
2025/10/14 15:44:02 POLARIS_LOG {"event":"send_rate","rate":304000,"ts":1760456642.9920423}
2025/10/14 15:44:03 POLARIS_LOG {"event":"send_rate","rate":304000,"ts":1760456643.994106}
2025/10/14 15:44:04 POLARIS_LOG {"event":"send_rate","rate":296000,"ts":1760456644.9998326}
2025/10/14 15:44:05 POLARIS_LOG {"event":"send_rate","rate":296000,"ts":1760456645.9925559}
2025/10/14 15:44:06 POLARIS_LOG {"event":"send_rate","rate":304000,"ts":1760456646.9980853}
2025/10/14 15:44:07 POLARIS_LOG {"event":"send_rate","rate":304000,"ts":1760456647.9935703}
2025/10/14 15:44:08 POLARIS_LOG {"event":"send_rate","rate":296000,"ts":1760456648.9926064}
2025/10/14 15:44:09 POLARIS_LOG {"event":"send_rate","rate":296000,"ts":1760456649.9921923}
2025/10/14 15:44:10 POLARIS_LOG {"event":"send_rate","rate":304000,"ts":1760456650.9925458}
2025/10/14 15:44:11 POLARIS_LOG {"event":"send_rate","rate":296000,"ts":1760456651.9928799}
2025/10/14 15:44:12 POLARIS_LOG {"event":"send_rate","rate":304000,"ts":1760456652.996078}
2025/10/14 15:44:13 POLARIS_LOG {"event":"send_rate","rate":296000,"ts":1760456653.9920816}
2025/10/14 15:44:14 POLARIS_LOG {"event":"send_rate","rate":304000,"ts":1760456654.9923577}
2025/10/14 15:44:15 POLARIS_LOG {"event":"send_rate","rate":296000,"ts":1760456655.992116}
2025/10/14 15:44:16 POLARIS_LOG {"event":"send_rate","rate":304000,"ts":1760456656.9924767}
2025/10/14 15:44:17 POLARIS_LOG {"event":"send_rate","rate":296000,"ts":1760456657.9934978}
2025/10/14 15:44:18 POLARIS_LOG {"event":"send_rate","rate":304000,"ts":1760456658.9929328}
2025/10/14 15:44:19 POLARIS_LOG {"event":"send_rate","rate":296000,"ts":1760456659.9960108}
2025/10/14 15:44:20 POLARIS_LOG {"event":"send_rate","rate":304000,"ts":1760456660.992579}
2025/10/14 15:44:22 POLARIS_LOG {"event":"send_rate","rate":304000,"ts":1760456662.0008948}
2025/10/14 15:44:22 POLARIS_LOG {"event":"send_rate","rate":296000,"ts":1760456662.9923217}
2025/10/14 15:44:23 POLARIS_LOG {"event":"send_rate","rate":304000,"ts":1760456663.9974694}
2025/10/14 15:44:25 POLARIS_LOG {"event":"send_rate","rate":296000,"ts":1760456665.0076046}
2025/10/14 15:44:25 POLARIS_LOG {"event":"send_rate","rate":304000,"ts":1760456665.99562}
2025/10/14 15:44:26 POLARIS_LOG {"event":"send_rate","rate":296000,"ts":1760456666.999187}
2025/10/14 15:44:27 POLARIS_LOG {"event":"send_rate","rate":304000,"ts":1760456667.9964528}
2025/10/14 15:44:28 POLARIS_LOG {"event":"send_rate","rate":296000,"ts":1760456668.9922628}
2025/10/14 15:44:29 POLARIS_LOG {"event":"send_rate","rate":296000,"ts":1760456669.9938664}
2025/10/14 15:44:31 POLARIS_LOG {"event":"send_rate","rate":304000,"ts":1760456670.992001}
2025/10/14 15:44:31 POLARIS_LOG {"event":"send_rate","rate":296000,"ts":1760456671.992928}
2025/10/14 15:44:32 POLARIS_LOG {"event":"send_rate","rate":304000,"ts":1760456672.9946785}
2025/10/14 15:44:34 POLARIS_LOG {"event":"send_rate","rate":304000,"ts":1760456674.006096}
2025/10/14 15:44:35 POLARIS_LOG {"event":"send_rate","rate":296000,"ts":1760456675.0009644}
2025/10/14 15:44:35 POLARIS_LOG {"event":"send_rate","rate":296000,"ts":1760456675.9953582}
2025/10/14 15:44:36 POLARIS_LOG {"event":"send_rate","rate":304000,"ts":1760456676.9927766}
2025/10/14 15:44:37 POLARIS_LOG {"event":"send_rate","rate":296000,"ts":1760456677.9937205}
2025/10/14 15:44:38 POLARIS_LOG {"event":"send_rate","rate":304000,"ts":1760456678.9931424}
2025/10/14 15:44:39 POLARIS_LOG {"event":"send_rate","rate":296000,"ts":1760456679.9952238}
2025/10/14 15:44:40 POLARIS_LOG {"event":"send_rate","rate":304000,"ts":1760456680.9944816}
2025/10/14 15:44:42 POLARIS_LOG {"event":"send_rate","rate":304000,"ts":1760456682.0052137}
2025/10/14 15:44:42 POLARIS_LOG {"event":"send_rate","rate":296000,"ts":1760456682.9922256}
2025/10/14 15:44:43 POLARIS_LOG {"event":"send_rate","rate":304000,"ts":1760456683.9999032}
2025/10/14 15:44:44 POLARIS_LOG {"event":"send_rate","rate":296000,"ts":1760456684.9969242}
2025/10/14 15:44:45 POLARIS_LOG {"event":"send_rate","rate":296000,"ts":1760456685.9924672}
2025/10/14 15:44:47 POLARIS_LOG {"event":"send_rate","rate":304000,"ts":1760456687.0003715}
2025/10/14 15:44:47 POLARIS_LOG {"event":"send_rate","rate":296000,"ts":1760456687.9928217}
2025/10/14 15:44:48 POLARIS_LOG {"event":"send_rate","rate":304000,"ts":1760456688.994359}
2025/10/14 15:44:49 POLARIS_LOG {"event":"send_rate","rate":296000,"ts":1760456689.9925005}
2025/10/14 15:44:50 POLARIS_LOG {"event":"send_rate","rate":304000,"ts":1760456690.9925816}
2025/10/14 15:44:51 POLARIS_LOG {"event":"send_rate","rate":296000,"ts":1760456691.9939344}
2025/10/14 15:44:53 POLARIS_LOG {"event":"send_rate","rate":312000,"ts":1760456693.0265405}
2025/10/14 15:44:53 POLARIS_LOG {"event":"send_rate","rate":288000,"ts":1760456693.9961338}
2025/10/14 15:44:54 POLARIS_LOG {"event":"send_rate","rate":304000,"ts":1760456694.996351}
2025/10/14 15:44:55 POLARIS_LOG {"event":"send_rate","rate":296000,"ts":1760456695.9928038}
2025/10/14 15:44:57 POLARIS_LOG {"event":"send_rate","rate":304000,"ts":1760456697.019766}
2025/10/14 15:44:57 POLARIS_LOG {"event":"send_rate","rate":296000,"ts":1760456697.9933274}
2025/10/14 15:44:58 POLARIS_LOG {"event":"send_rate","rate":304000,"ts":1760456698.9931812}
2025/10/14 15:44:59 POLARIS_LOG {"event":"send_rate","rate":296000,"ts":1760456699.995566}
2025/10/14 15:45:00 POLARIS_LOG {"event":"send_rate","rate":304000,"ts":1760456700.995235}
2025/10/14 15:45:01 POLARIS_LOG {"event":"send_rate","rate":296000,"ts":1760456701.9928575}
2025/10/14 15:45:03 POLARIS_LOG {"event":"send_rate","rate":312000,"ts":1760456703.0124424}
2025/10/14 15:45:03 POLARIS_LOG {"event":"send_rate","rate":288000,"ts":1760456703.9924066}
2025/10/14 15:45:04 POLARIS_LOG {"event":"send_rate","rate":304000,"ts":1760456704.993343}
2025/10/14 15:45:05 POLARIS_LOG {"event":"send_rate","rate":296000,"ts":1760456705.9952767}
2025/10/14 15:45:06 POLARIS_LOG {"event":"send_rate","rate":304000,"ts":1760456706.9982057}
2025/10/14 15:45:07 POLARIS_LOG {"event":"send_rate","rate":296000,"ts":1760456707.996371}
2025/10/14 15:45:08 POLARIS_LOG {"event":"send_rate","rate":304000,"ts":1760456708.9921103}
2025/10/14 15:45:09 POLARIS_LOG {"event":"send_rate","rate":296000,"ts":1760456709.9927278}
2025/10/14 15:45:10 POLARIS_LOG {"event":"send_rate","rate":304000,"ts":1760456710.99454}
2025/10/14 15:45:11 POLARIS_LOG {"event":"send_rate","rate":296000,"ts":1760456711.992137}
2025/10/14 15:45:13 POLARIS_LOG {"event":"send_rate","rate":304000,"ts":1760456713.0002058}
2025/10/14 15:45:13 POLARIS_LOG {"event":"send_rate","rate":296000,"ts":1760456713.9935513}
2025/10/14 15:45:14 POLARIS_LOG {"event":"send_rate","rate":304000,"ts":1760456714.9924169}
2025/10/14 15:45:16 POLARIS_LOG {"event":"send_rate","rate":296000,"ts":1760456716.0112643}
2025/10/14 15:45:16 POLARIS_LOG {"event":"send_rate","rate":304000,"ts":1760456716.992192}
2025/10/14 15:45:17 POLARIS_LOG {"event":"send_rate","rate":296000,"ts":1760456717.9928975}
2025/10/14 15:45:19 POLARIS_LOG {"event":"send_rate","rate":304000,"ts":1760456719.0257168}
2025/10/14 15:45:19 POLARIS_LOG {"event":"send_rate","rate":296000,"ts":1760456719.992052}
2025/10/14 15:45:20 POLARIS_LOG {"event":"send_rate","rate":304000,"ts":1760456720.9926512}
2025/10/14 15:45:21 POLARIS_LOG {"event":"send_rate","rate":296000,"ts":1760456721.9927168}
2025/10/14 15:45:22 POLARIS_LOG {"event":"send_rate","rate":304000,"ts":1760456722.9933484}
2025/10/14 15:45:23 POLARIS_LOG {"event":"send_rate","rate":296000,"ts":1760456723.9928513}
2025/10/14 15:45:24 POLARIS_LOG {"event":"send_rate","rate":304000,"ts":1760456724.9947972}
2025/10/14 15:45:25 POLARIS_LOG {"event":"send_rate","rate":296000,"ts":1760456725.9921622}
2025/10/14 15:45:27 POLARIS_LOG {"event":"send_rate","rate":312000,"ts":1760456727.0343823}
2025/10/14 15:45:27 POLARIS_LOG {"event":"send_rate","rate":288000,"ts":1760456727.9929976}
2025/10/14 15:45:28 POLARIS_LOG {"event":"send_rate","rate":304000,"ts":1760456728.9921982}
2025/10/14 15:45:29 POLARIS_LOG {"event":"send_rate","rate":296000,"ts":1760456729.995202}
We need to sleep for 1 seconds before we can get the results
2025/10/14 15:45:31 POLARIS_LOG {"event":"send_rate","rate":8000,"ts":1760456731.008692}
Drain Loop received packet
Drain Loop received non-nil payload
Client sent 10575 packets, server reported 10563 packets received
The network loss rate from client to server is 0.1%

S->C results
Attempted bandwidth: 0 bps / 0.00 Mbps
Achieved bandwidth: 0 bps / 0.00 Mbps
Loss rate: 0.0%
Interarrival time min/avg/max/mdev = -0.000/0.000/0.000/0.000 ms

C->S results
Attempted bandwidth: 300000 bps / 0.30 Mbps
Achieved bandwidth: 299659 bps / 0.30 Mbps
Loss rate: 0.1%
Interarrival time min/avg/max/mdev = 0.002/26.676/525.862/22.342 ms
