
Test parameters:
client->server: 240 seconds, 1000 bytes, 9000 packets
server->client: 240 seconds, 1000 bytes, 0 packets
2025/10/14 15:41:30 POLARIS_LOG {"current_rate":0,"event":"path_switch","new":"2 2 5 2","trigger":"initialization","ts":1760456490.139582}
Polaris prober initialized with 38 paths
Polaris prober initialized with local 1-111,10.111.0.71:32703 and remote 1-113,10.113.0.71
2025/10/14 15:41:31 POLARIS_LOG {"event":"send_rate","rate":0,"ts":1760456491.145921}
2025/10/14 15:41:32 POLARIS_LOG {"event":"send_rate","rate":264000,"ts":1760456492.1458747}
2025/10/14 15:41:33 POLARIS_LOG {"event":"send_rate","rate":296000,"ts":1760456493.1465526}
2025/10/14 15:41:34 POLARIS_LOG {"event":"send_rate","rate":304000,"ts":1760456494.146654}
2025/10/14 15:41:35 POLARIS_LOG {"event":"send_rate","rate":296000,"ts":1760456495.1488898}
2025/10/14 15:41:36 POLARIS_LOG {"event":"send_rate","rate":296000,"ts":1760456496.1515937}
2025/10/14 15:41:37 POLARIS_LOG {"event":"send_rate","rate":304000,"ts":1760456497.149057}
2025/10/14 15:41:38 POLARIS_LOG {"event":"send_rate","rate":304000,"ts":1760456498.1464992}
2025/10/14 15:41:39 POLARIS_LOG {"event":"send_rate","rate":296000,"ts":1760456499.145835}
2025/10/14 15:41:40 POLARIS_LOG {"event":"send_rate","rate":296000,"ts":1760456500.1463592}
2025/10/14 15:41:41 POLARIS_LOG {"event":"send_rate","rate":304000,"ts":1760456501.148986}
2025/10/14 15:41:42 POLARIS_LOG {"event":"send_rate","rate":304000,"ts":1760456502.1526213}
2025/10/14 15:41:43 POLARIS_LOG {"event":"send_rate","rate":296000,"ts":1760456503.1475396}
2025/10/14 15:41:44 POLARIS_LOG {"event":"send_rate","rate":304000,"ts":1760456504.1553257}
2025/10/14 15:41:45 POLARIS_LOG {"event":"send_rate","rate":272000,"ts":1760456505.1460853}
2025/10/14 15:41:46 POLARIS_LOG {"event":"send_rate","rate":328000,"ts":1760456506.1485784}
2025/10/14 15:41:47 POLARIS_LOG {"event":"send_rate","rate":296000,"ts":1760456507.1470585}
2025/10/14 15:41:48 POLARIS_LOG {"event":"send_rate","rate":304000,"ts":1760456508.1460211}
2025/10/14 15:41:49 POLARIS_LOG {"event":"send_rate","rate":296000,"ts":1760456509.146218}
2025/10/14 15:41:50 POLARIS_LOG {"event":"send_rate","rate":304000,"ts":1760456510.1482773}
2025/10/14 15:41:51 POLARIS_LOG {"event":"send_rate","rate":296000,"ts":1760456511.151784}
2025/10/14 15:41:52 POLARIS_LOG {"event":"send_rate","rate":312000,"ts":1760456512.170947}
2025/10/14 15:41:53 POLARIS_LOG {"event":"send_rate","rate":288000,"ts":1760456513.146379}
2025/10/14 15:41:54 POLARIS_LOG {"event":"send_rate","rate":304000,"ts":1760456514.1480823}
2025/10/14 15:41:55 POLARIS_LOG {"event":"send_rate","rate":296000,"ts":1760456515.1480103}
2025/10/14 15:41:56 POLARIS_LOG {"event":"send_rate","rate":304000,"ts":1760456516.1510766}
2025/10/14 15:41:57 POLARIS_LOG {"event":"send_rate","rate":296000,"ts":1760456517.1498992}
2025/10/14 15:41:58 POLARIS_LOG {"event":"send_rate","rate":304000,"ts":1760456518.145847}
2025/10/14 15:41:59 POLARIS_LOG {"event":"send_rate","rate":296000,"ts":1760456519.145675}
2025/10/14 15:42:00 POLARIS_LOG {"event":"send_rate","rate":304000,"ts":1760456520.1575217}
2025/10/14 15:42:01 POLARIS_LOG {"event":"send_rate","rate":296000,"ts":1760456521.1529527}
2025/10/14 15:42:02 POLARIS_LOG {"event":"send_rate","rate":304000,"ts":1760456522.1483407}
2025/10/14 15:42:03 POLARIS_LOG {"event":"send_rate","rate":296000,"ts":1760456523.1499915}
2025/10/14 15:42:04 POLARIS_LOG {"event":"send_rate","rate":304000,"ts":1760456524.145923}
2025/10/14 15:42:05 POLARIS_LOG {"event":"send_rate","rate":296000,"ts":1760456525.145875}
2025/10/14 15:42:06 POLARIS_LOG {"event":"send_rate","rate":304000,"ts":1760456526.1467783}
2025/10/14 15:42:07 POLARIS_LOG {"event":"send_rate","rate":296000,"ts":1760456527.1604228}
2025/10/14 15:42:08 POLARIS_LOG {"event":"send_rate","rate":304000,"ts":1760456528.150842}
2025/10/14 15:42:09 POLARIS_LOG {"event":"send_rate","rate":304000,"ts":1760456529.1581752}
2025/10/14 15:42:10 POLARIS_LOG {"event":"send_rate","rate":296000,"ts":1760456530.1462917}
2025/10/14 15:42:11 POLARIS_LOG {"event":"send_rate","rate":304000,"ts":1760456531.162644}
2025/10/14 15:42:12 POLARIS_LOG {"event":"send_rate","rate":296000,"ts":1760456532.1505077}
2025/10/14 15:42:13 POLARIS_LOG {"event":"send_rate","rate":304000,"ts":1760456533.1558547}
2025/10/14 15:42:14 POLARIS_LOG {"event":"send_rate","rate":288000,"ts":1760456534.1503527}
2025/10/14 15:42:15 POLARIS_LOG {"event":"send_rate","rate":304000,"ts":1760456535.1469054}
2025/10/14 15:42:16 POLARIS_LOG {"event":"send_rate","rate":296000,"ts":1760456536.1505654}
2025/10/14 15:42:17 POLARIS_LOG {"event":"send_rate","rate":304000,"ts":1760456537.1463969}
2025/10/14 15:42:18 POLARIS_LOG {"event":"send_rate","rate":296000,"ts":1760456538.1496706}
2025/10/14 15:42:19 POLARIS_LOG {"event":"send_rate","rate":304000,"ts":1760456539.153785}
2025/10/14 15:42:20 POLARIS_LOG {"event":"send_rate","rate":304000,"ts":1760456540.146444}
2025/10/14 15:42:21 POLARIS_LOG {"event":"send_rate","rate":296000,"ts":1760456541.1483374}
2025/10/14 15:42:22 POLARIS_LOG {"event":"send_rate","rate":304000,"ts":1760456542.1509073}
2025/10/14 15:42:23 POLARIS_LOG {"event":"send_rate","rate":296000,"ts":1760456543.1464417}
2025/10/14 15:42:24 POLARIS_LOG {"event":"send_rate","rate":304000,"ts":1760456544.1643295}
2025/10/14 15:42:25 POLARIS_LOG {"event":"send_rate","rate":296000,"ts":1760456545.1469386}
2025/10/14 15:42:26 POLARIS_LOG {"event":"send_rate","rate":296000,"ts":1760456546.1460242}
2025/10/14 15:42:27 POLARIS_LOG {"event":"send_rate","rate":288000,"ts":1760456547.2269115}
2025/10/14 15:42:28 POLARIS_LOG {"event":"send_rate","rate":312000,"ts":1760456548.1615326}
2025/10/14 15:42:29 POLARIS_LOG {"event":"send_rate","rate":304000,"ts":1760456549.1568317}
2025/10/14 15:42:30 POLARIS_LOG {"event":"send_rate","rate":304000,"ts":1760456550.1489546}
2025/10/14 15:42:31 POLARIS_LOG {"event":"send_rate","rate":296000,"ts":1760456551.149982}
2025/10/14 15:42:32 POLARIS_LOG {"event":"send_rate","rate":304000,"ts":1760456552.1459846}
2025/10/14 15:42:33 POLARIS_LOG {"event":"send_rate","rate":296000,"ts":1760456553.1465335}
2025/10/14 15:42:34 POLARIS_LOG {"event":"send_rate","rate":296000,"ts":1760456554.145758}
2025/10/14 15:42:35 POLARIS_LOG {"event":"send_rate","rate":304000,"ts":1760456555.154295}
2025/10/14 15:42:36 POLARIS_LOG {"event":"send_rate","rate":304000,"ts":1760456556.1462724}
2025/10/14 15:42:37 POLARIS_LOG {"event":"send_rate","rate":296000,"ts":1760456557.1483808}
2025/10/14 15:42:38 POLARIS_LOG {"event":"send_rate","rate":304000,"ts":1760456558.1478353}
2025/10/14 15:42:39 POLARIS_LOG {"event":"send_rate","rate":296000,"ts":1760456559.1493464}
2025/10/14 15:42:40 POLARIS_LOG {"event":"send_rate","rate":304000,"ts":1760456560.1657674}
2025/10/14 15:42:41 POLARIS_LOG {"event":"send_rate","rate":296000,"ts":1760456561.1471975}
2025/10/14 15:42:42 POLARIS_LOG {"event":"send_rate","rate":296000,"ts":1760456562.1470203}
2025/10/14 15:42:43 POLARIS_LOG {"event":"send_rate","rate":304000,"ts":1760456563.1456695}
2025/10/14 15:42:44 POLARIS_LOG {"event":"send_rate","rate":304000,"ts":1760456564.149865}
2025/10/14 15:42:45 POLARIS_LOG {"event":"send_rate","rate":296000,"ts":1760456565.1458385}
2025/10/14 15:42:46 POLARIS_LOG {"event":"send_rate","rate":296000,"ts":1760456566.1462517}
2025/10/14 15:42:47 POLARIS_LOG {"event":"send_rate","rate":304000,"ts":1760456567.1543732}
2025/10/14 15:42:48 POLARIS_LOG {"event":"send_rate","rate":304000,"ts":1760456568.163575}
2025/10/14 15:42:49 POLARIS_LOG {"event":"send_rate","rate":296000,"ts":1760456569.145952}
2025/10/14 15:42:50 POLARIS_LOG {"event":"send_rate","rate":304000,"ts":1760456570.1574225}
2025/10/14 15:42:51 POLARIS_LOG {"event":"send_rate","rate":296000,"ts":1760456571.1461506}
2025/10/14 15:42:52 POLARIS_LOG {"event":"send_rate","rate":296000,"ts":1760456572.1465936}
2025/10/14 15:42:53 POLARIS_LOG {"event":"send_rate","rate":304000,"ts":1760456573.1501296}
2025/10/14 15:42:54 POLARIS_LOG {"event":"send_rate","rate":296000,"ts":1760456574.1467915}
2025/10/14 15:42:55 POLARIS_LOG {"event":"send_rate","rate":304000,"ts":1760456575.146793}
2025/10/14 15:42:56 POLARIS_LOG {"event":"send_rate","rate":304000,"ts":1760456576.156349}
2025/10/14 15:42:57 POLARIS_LOG {"event":"send_rate","rate":296000,"ts":1760456577.147062}
2025/10/14 15:42:58 POLARIS_LOG {"event":"send_rate","rate":304000,"ts":1760456578.1472633}
2025/10/14 15:42:59 POLARIS_LOG {"event":"send_rate","rate":272000,"ts":1760456579.1458085}
2025/10/14 15:43:00 POLARIS_LOG {"event":"send_rate","rate":280000,"ts":1760456580.146562}
Skipping switch: current path 2 2 5 2 has lastEstimate 333250 >= maxEstimate 0
2025/10/14 15:43:01 POLARIS_LOG {"event":"send_rate","rate":264000,"ts":1760456581.1609356}
2025/10/14 15:43:02 POLARIS_LOG {"event":"send_rate","rate":384000,"ts":1760456582.1485186}
2025/10/14 15:43:03 POLARIS_LOG {"event":"send_rate","rate":296000,"ts":1760456583.1529486}
2025/10/14 15:43:04 POLARIS_LOG {"event":"send_rate","rate":304000,"ts":1760456584.173302}
2025/10/14 15:43:05 POLARIS_LOG {"event":"send_rate","rate":296000,"ts":1760456585.1460447}
2025/10/14 15:43:06 POLARIS_LOG {"event":"send_rate","rate":304000,"ts":1760456586.1552515}
2025/10/14 15:43:07 POLARIS_LOG {"event":"send_rate","rate":296000,"ts":1760456587.147282}
2025/10/14 15:43:08 POLARIS_LOG {"event":"send_rate","rate":296000,"ts":1760456588.1470368}
2025/10/14 15:43:09 POLARIS_LOG {"event":"send_rate","rate":304000,"ts":1760456589.1553082}
2025/10/14 15:43:10 POLARIS_LOG {"event":"send_rate","rate":296000,"ts":1760456590.150164}
2025/10/14 15:43:11 POLARIS_LOG {"event":"send_rate","rate":304000,"ts":1760456591.1564178}
2025/10/14 15:43:12 POLARIS_LOG {"event":"send_rate","rate":296000,"ts":1760456592.1576867}
2025/10/14 15:43:13 POLARIS_LOG {"event":"send_rate","rate":304000,"ts":1760456593.1485436}
2025/10/14 15:43:14 POLARIS_LOG {"event":"send_rate","rate":304000,"ts":1760456594.1659176}
2025/10/14 15:43:15 POLARIS_LOG {"event":"send_rate","rate":296000,"ts":1760456595.1523018}
2025/10/14 15:43:16 POLARIS_LOG {"event":"send_rate","rate":304000,"ts":1760456596.1561086}
2025/10/14 15:43:17 POLARIS_LOG {"event":"send_rate","rate":296000,"ts":1760456597.145798}
2025/10/14 15:43:18 POLARIS_LOG {"event":"send_rate","rate":304000,"ts":1760456598.1557994}
2025/10/14 15:43:19 POLARIS_LOG {"event":"send_rate","rate":296000,"ts":1760456599.1475537}
2025/10/14 15:43:20 POLARIS_LOG {"event":"send_rate","rate":296000,"ts":1760456600.1468778}
2025/10/14 15:43:21 POLARIS_LOG {"event":"send_rate","rate":304000,"ts":1760456601.159806}
2025/10/14 15:43:22 POLARIS_LOG {"event":"send_rate","rate":296000,"ts":1760456602.1466491}
2025/10/14 15:43:23 POLARIS_LOG {"event":"send_rate","rate":304000,"ts":1760456603.1457195}
2025/10/14 15:43:24 POLARIS_LOG {"event":"send_rate","rate":296000,"ts":1760456604.1465864}
2025/10/14 15:43:25 POLARIS_LOG {"event":"send_rate","rate":304000,"ts":1760456605.1465616}
2025/10/14 15:43:26 POLARIS_LOG {"event":"send_rate","rate":296000,"ts":1760456606.148932}
2025/10/14 15:43:27 POLARIS_LOG {"event":"send_rate","rate":304000,"ts":1760456607.1480994}
2025/10/14 15:43:28 POLARIS_LOG {"event":"send_rate","rate":296000,"ts":1760456608.1466198}
2025/10/14 15:43:29 POLARIS_LOG {"event":"send_rate","rate":304000,"ts":1760456609.1521213}
2025/10/14 15:43:30 POLARIS_LOG {"event":"send_rate","rate":296000,"ts":1760456610.146366}
2025/10/14 15:43:31 POLARIS_LOG {"event":"send_rate","rate":304000,"ts":1760456611.1523843}
2025/10/14 15:43:32 POLARIS_LOG {"event":"send_rate","rate":296000,"ts":1760456612.146359}
2025/10/14 15:43:33 POLARIS_LOG {"event":"send_rate","rate":304000,"ts":1760456613.159778}
2025/10/14 15:43:34 POLARIS_LOG {"event":"send_rate","rate":304000,"ts":1760456614.1622913}
2025/10/14 15:43:35 POLARIS_LOG {"event":"send_rate","rate":288000,"ts":1760456615.15979}
2025/10/14 15:43:36 POLARIS_LOG {"event":"send_rate","rate":304000,"ts":1760456616.1484091}
2025/10/14 15:43:37 POLARIS_LOG {"event":"send_rate","rate":304000,"ts":1760456617.1473956}
2025/10/14 15:43:38 POLARIS_LOG {"event":"send_rate","rate":296000,"ts":1760456618.1459496}
2025/10/14 15:43:39 POLARIS_LOG {"event":"send_rate","rate":304000,"ts":1760456619.1574144}
2025/10/14 15:43:40 POLARIS_LOG {"event":"send_rate","rate":296000,"ts":1760456620.1466122}
2025/10/14 15:43:41 POLARIS_LOG {"event":"send_rate","rate":304000,"ts":1760456621.1466162}
2025/10/14 15:43:42 POLARIS_LOG {"event":"send_rate","rate":296000,"ts":1760456622.1477685}
2025/10/14 15:43:43 POLARIS_LOG {"event":"send_rate","rate":304000,"ts":1760456623.145925}
2025/10/14 15:43:44 POLARIS_LOG {"event":"send_rate","rate":296000,"ts":1760456624.145902}
2025/10/14 15:43:45 POLARIS_LOG {"event":"send_rate","rate":304000,"ts":1760456625.1456838}
2025/10/14 15:43:46 POLARIS_LOG {"event":"send_rate","rate":304000,"ts":1760456626.1623154}
2025/10/14 15:43:47 POLARIS_LOG {"event":"send_rate","rate":296000,"ts":1760456627.1464803}
2025/10/14 15:43:48 POLARIS_LOG {"event":"send_rate","rate":296000,"ts":1760456628.1522193}
2025/10/14 15:43:49 POLARIS_LOG {"event":"send_rate","rate":304000,"ts":1760456629.1458185}
2025/10/14 15:43:50 POLARIS_LOG {"event":"send_rate","rate":296000,"ts":1760456630.1484756}
2025/10/14 15:43:51 POLARIS_LOG {"event":"send_rate","rate":312000,"ts":1760456631.1722891}
2025/10/14 15:43:52 POLARIS_LOG {"event":"send_rate","rate":288000,"ts":1760456632.1502566}
2025/10/14 15:43:53 POLARIS_LOG {"event":"send_rate","rate":304000,"ts":1760456633.150435}
2025/10/14 15:43:54 POLARIS_LOG {"event":"send_rate","rate":296000,"ts":1760456634.1459653}
2025/10/14 15:43:55 POLARIS_LOG {"event":"send_rate","rate":304000,"ts":1760456635.1497874}
2025/10/14 15:43:56 POLARIS_LOG {"event":"send_rate","rate":304000,"ts":1760456636.1652577}
2025/10/14 15:43:57 POLARIS_LOG {"event":"send_rate","rate":296000,"ts":1760456637.1552112}
2025/10/14 15:43:58 POLARIS_LOG {"event":"send_rate","rate":296000,"ts":1760456638.14806}
2025/10/14 15:43:59 POLARIS_LOG {"event":"send_rate","rate":304000,"ts":1760456639.146619}
2025/10/14 15:44:00 POLARIS_LOG {"event":"send_rate","rate":296000,"ts":1760456640.14782}
2025/10/14 15:44:01 POLARIS_LOG {"event":"send_rate","rate":304000,"ts":1760456641.1612809}
2025/10/14 15:44:02 POLARIS_LOG {"event":"send_rate","rate":296000,"ts":1760456642.147816}
2025/10/14 15:44:03 POLARIS_LOG {"event":"send_rate","rate":304000,"ts":1760456643.1478674}
2025/10/14 15:44:04 POLARIS_LOG {"event":"send_rate","rate":296000,"ts":1760456644.1469243}
2025/10/14 15:44:05 POLARIS_LOG {"event":"send_rate","rate":304000,"ts":1760456645.1602108}
2025/10/14 15:44:06 POLARIS_LOG {"event":"send_rate","rate":296000,"ts":1760456646.1509807}
2025/10/14 15:44:07 POLARIS_LOG {"event":"send_rate","rate":304000,"ts":1760456647.150209}
2025/10/14 15:44:08 POLARIS_LOG {"event":"send_rate","rate":296000,"ts":1760456648.1500902}
2025/10/14 15:44:09 POLARIS_LOG {"event":"send_rate","rate":304000,"ts":1760456649.1467268}
2025/10/14 15:44:10 POLARIS_LOG {"event":"send_rate","rate":296000,"ts":1760456650.1536725}
2025/10/14 15:44:11 POLARIS_LOG {"event":"send_rate","rate":304000,"ts":1760456651.1478662}
2025/10/14 15:44:12 POLARIS_LOG {"event":"send_rate","rate":296000,"ts":1760456652.148079}
2025/10/14 15:44:13 POLARIS_LOG {"event":"send_rate","rate":304000,"ts":1760456653.1535802}
2025/10/14 15:44:14 POLARIS_LOG {"event":"send_rate","rate":296000,"ts":1760456654.1513433}
2025/10/14 15:44:15 POLARIS_LOG {"event":"send_rate","rate":280000,"ts":1760456655.151504}
2025/10/14 15:44:16 POLARIS_LOG {"event":"send_rate","rate":272000,"ts":1760456656.1459343}
2025/10/14 15:44:17 POLARIS_LOG {"event":"send_rate","rate":336000,"ts":1760456657.146316}
2025/10/14 15:44:18 POLARIS_LOG {"event":"send_rate","rate":312000,"ts":1760456658.1515894}
2025/10/14 15:44:19 POLARIS_LOG {"event":"send_rate","rate":304000,"ts":1760456659.1458828}
2025/10/14 15:44:20 POLARIS_LOG {"event":"send_rate","rate":296000,"ts":1760456660.1457899}
2025/10/14 15:44:21 POLARIS_LOG {"event":"send_rate","rate":304000,"ts":1760456661.1459842}
2025/10/14 15:44:22 POLARIS_LOG {"event":"send_rate","rate":264000,"ts":1760456662.146328}
2025/10/14 15:44:23 POLARIS_LOG {"event":"send_rate","rate":328000,"ts":1760456663.1468914}
2025/10/14 15:44:24 POLARIS_LOG {"event":"send_rate","rate":304000,"ts":1760456664.145988}
2025/10/14 15:44:25 POLARIS_LOG {"event":"send_rate","rate":264000,"ts":1760456665.1471217}
2025/10/14 15:44:26 POLARIS_LOG {"event":"send_rate","rate":256000,"ts":1760456666.146176}
2025/10/14 15:44:27 POLARIS_LOG {"event":"send_rate","rate":272000,"ts":1760456667.1464453}
2025/10/14 15:44:28 POLARIS_LOG {"event":"send_rate","rate":184000,"ts":1760456668.1457357}
2025/10/14 15:44:29 POLARIS_LOG {"event":"send_rate","rate":336000,"ts":1760456669.1473863}
2025/10/14 15:44:30 POLARIS_LOG {"event":"send_rate","rate":344000,"ts":1760456670.1482537}
2025/10/14 15:44:31 POLARIS_LOG {"event":"send_rate","rate":384000,"ts":1760456671.1494734}
2025/10/14 15:44:32 POLARIS_LOG {"event":"send_rate","rate":368000,"ts":1760456672.1736348}
2025/10/14 15:44:33 POLARIS_LOG {"event":"send_rate","rate":296000,"ts":1760456673.1464307}
2025/10/14 15:44:34 POLARIS_LOG {"event":"send_rate","rate":296000,"ts":1760456674.148765}
2025/10/14 15:44:35 POLARIS_LOG {"event":"send_rate","rate":304000,"ts":1760456675.152397}
2025/10/14 15:44:36 POLARIS_LOG {"event":"send_rate","rate":296000,"ts":1760456676.1474614}
2025/10/14 15:44:37 POLARIS_LOG {"event":"send_rate","rate":304000,"ts":1760456677.1479375}
2025/10/14 15:44:38 POLARIS_LOG {"event":"send_rate","rate":296000,"ts":1760456678.1461143}
2025/10/14 15:44:39 POLARIS_LOG {"event":"send_rate","rate":304000,"ts":1760456679.1460912}
2025/10/14 15:44:40 POLARIS_LOG {"event":"send_rate","rate":296000,"ts":1760456680.1500704}
2025/10/14 15:44:41 POLARIS_LOG {"event":"send_rate","rate":304000,"ts":1760456681.1459754}
2025/10/14 15:44:42 POLARIS_LOG {"event":"send_rate","rate":296000,"ts":1760456682.1512163}
2025/10/14 15:44:43 POLARIS_LOG {"event":"send_rate","rate":304000,"ts":1760456683.1456747}
2025/10/14 15:44:44 POLARIS_LOG {"event":"send_rate","rate":312000,"ts":1760456684.1897569}
2025/10/14 15:44:45 POLARIS_LOG {"event":"send_rate","rate":288000,"ts":1760456685.152963}
2025/10/14 15:44:46 POLARIS_LOG {"event":"send_rate","rate":296000,"ts":1760456686.1472611}
2025/10/14 15:44:47 POLARIS_LOG {"event":"send_rate","rate":304000,"ts":1760456687.148227}
2025/10/14 15:44:48 POLARIS_LOG {"event":"send_rate","rate":296000,"ts":1760456688.1464548}
2025/10/14 15:44:49 POLARIS_LOG {"event":"send_rate","rate":304000,"ts":1760456689.1463516}
2025/10/14 15:44:50 POLARIS_LOG {"event":"send_rate","rate":296000,"ts":1760456690.1582077}
2025/10/14 15:44:51 POLARIS_LOG {"event":"send_rate","rate":304000,"ts":1760456691.1489909}
2025/10/14 15:44:52 POLARIS_LOG {"event":"send_rate","rate":304000,"ts":1760456692.1724126}
2025/10/14 15:44:53 POLARIS_LOG {"event":"send_rate","rate":296000,"ts":1760456693.1602967}
2025/10/14 15:44:54 POLARIS_LOG {"event":"send_rate","rate":288000,"ts":1760456694.150338}
2025/10/14 15:44:55 POLARIS_LOG {"event":"send_rate","rate":296000,"ts":1760456695.15481}
2025/10/14 15:44:56 POLARIS_LOG {"event":"send_rate","rate":280000,"ts":1760456696.146833}
2025/10/14 15:44:57 POLARIS_LOG {"event":"send_rate","rate":216000,"ts":1760456697.1514626}
2025/10/14 15:44:58 POLARIS_LOG {"event":"send_rate","rate":264000,"ts":1760456698.1469138}
2025/10/14 15:44:59 POLARIS_LOG {"event":"send_rate","rate":328000,"ts":1760456699.1587174}
2025/10/14 15:45:00 POLARIS_LOG {"event":"send_rate","rate":416000,"ts":1760456700.1553402}
2025/10/14 15:45:01 POLARIS_LOG {"event":"send_rate","rate":304000,"ts":1760456701.1545439}
2025/10/14 15:45:02 POLARIS_LOG {"event":"send_rate","rate":232000,"ts":1760456702.1472378}
2025/10/14 15:45:03 POLARIS_LOG {"event":"send_rate","rate":352000,"ts":1760456703.1486635}
2025/10/14 15:45:04 POLARIS_LOG {"event":"send_rate","rate":320000,"ts":1760456704.1462631}
2025/10/14 15:45:05 POLARIS_LOG {"event":"send_rate","rate":296000,"ts":1760456705.1473362}
2025/10/14 15:45:06 POLARIS_LOG {"event":"send_rate","rate":312000,"ts":1760456706.1661613}
2025/10/14 15:45:07 POLARIS_LOG {"event":"send_rate","rate":296000,"ts":1760456707.149903}
2025/10/14 15:45:08 POLARIS_LOG {"event":"send_rate","rate":304000,"ts":1760456708.1643896}
2025/10/14 15:45:09 POLARIS_LOG {"event":"send_rate","rate":296000,"ts":1760456709.158877}
2025/10/14 15:45:10 POLARIS_LOG {"event":"send_rate","rate":296000,"ts":1760456710.1466303}
2025/10/14 15:45:11 POLARIS_LOG {"event":"send_rate","rate":296000,"ts":1760456711.146113}
2025/10/14 15:45:12 POLARIS_LOG {"event":"send_rate","rate":312000,"ts":1760456712.173457}
2025/10/14 15:45:13 POLARIS_LOG {"event":"send_rate","rate":296000,"ts":1760456713.1611404}
2025/10/14 15:45:14 POLARIS_LOG {"event":"send_rate","rate":240000,"ts":1760456714.1500785}
2025/10/14 15:45:15 POLARIS_LOG {"event":"send_rate","rate":272000,"ts":1760456715.1579537}
2025/10/14 15:45:16 POLARIS_LOG {"event":"send_rate","rate":360000,"ts":1760456716.1460423}
2025/10/14 15:45:17 POLARIS_LOG {"event":"send_rate","rate":320000,"ts":1760456717.146088}
2025/10/14 15:45:18 POLARIS_LOG {"event":"send_rate","rate":304000,"ts":1760456718.1493309}
2025/10/14 15:45:19 POLARIS_LOG {"event":"send_rate","rate":296000,"ts":1760456719.1465213}
2025/10/14 15:45:20 POLARIS_LOG {"event":"send_rate","rate":304000,"ts":1760456720.1465907}
2025/10/14 15:45:21 POLARIS_LOG {"event":"send_rate","rate":288000,"ts":1760456721.1573422}
2025/10/14 15:45:22 POLARIS_LOG {"event":"send_rate","rate":304000,"ts":1760456722.1462126}
2025/10/14 15:45:23 POLARIS_LOG {"event":"send_rate","rate":304000,"ts":1760456723.1466036}
2025/10/14 15:45:24 POLARIS_LOG {"event":"send_rate","rate":312000,"ts":1760456724.164545}
2025/10/14 15:45:25 POLARIS_LOG {"event":"send_rate","rate":288000,"ts":1760456725.1466186}
2025/10/14 15:45:26 POLARIS_LOG {"event":"send_rate","rate":304000,"ts":1760456726.146654}
2025/10/14 15:45:27 POLARIS_LOG {"event":"send_rate","rate":296000,"ts":1760456727.1491146}
2025/10/14 15:45:28 POLARIS_LOG {"event":"send_rate","rate":304000,"ts":1760456728.1479342}
2025/10/14 15:45:29 POLARIS_LOG {"event":"send_rate","rate":296000,"ts":1760456729.1481156}
2025/10/14 15:45:30 POLARIS_LOG {"event":"send_rate","rate":304000,"ts":1760456730.146175}
2025/10/14 15:45:31 POLARIS_LOG {"event":"send_rate","rate":296000,"ts":1760456731.1478193}
Drain Loop received packet
Drain Loop received non-nil payload
We need to sleep for 1 seconds before we can get the results
Client sent 9000 packets, server reported 8871 packets received
The network loss rate from client to server is 1.4%

S->C results
Attempted bandwidth: 0 bps / 0.00 Mbps
Achieved bandwidth: 0 bps / 0.00 Mbps
Loss rate: 0.0%
Interarrival time min/avg/max/mdev = -0.000/0.000/0.000/0.000 ms

C->S results
Attempted bandwidth: 300000 bps / 0.30 Mbps
Achieved bandwidth: 295700 bps / 0.30 Mbps
Loss rate: 1.4%
Interarrival time min/avg/max/mdev = 0.002/26.832/643.532/24.833 ms
