
Test parameters:
client->server: 264 seconds, 1000 bytes, 9900 packets
server->client: 264 seconds, 1000 bytes, 0 packets
2025/10/14 15:41:06 POLARIS_LOG {"current_rate":0,"event":"path_switch","new":"2 2 5 2","trigger":"initialization","ts":1760456466.0684123}
Polaris prober initialized with 38 paths
Polaris prober initialized with local 1-111,10.111.0.71:32728 and remote 1-113,10.113.0.71
2025/10/14 15:41:08 POLARIS_LOG {"event":"send_rate","rate":8000,"ts":1760456468.077244}
2025/10/14 15:41:09 POLARIS_LOG {"event":"send_rate","rate":304000,"ts":1760456469.0806644}
2025/10/14 15:41:10 POLARIS_LOG {"event":"send_rate","rate":296000,"ts":1760456470.0792985}
2025/10/14 15:41:11 POLARIS_LOG {"event":"send_rate","rate":304000,"ts":1760456471.0840302}
2025/10/14 15:41:12 POLARIS_LOG {"event":"send_rate","rate":296000,"ts":1760456472.082359}
2025/10/14 15:41:13 POLARIS_LOG {"event":"send_rate","rate":296000,"ts":1760456473.077607}
2025/10/14 15:41:14 POLARIS_LOG {"event":"send_rate","rate":304000,"ts":1760456474.0804856}
2025/10/14 15:41:15 POLARIS_LOG {"event":"send_rate","rate":296000,"ts":1760456475.077653}
2025/10/14 15:41:16 POLARIS_LOG {"event":"send_rate","rate":304000,"ts":1760456476.0787868}
2025/10/14 15:41:17 POLARIS_LOG {"event":"send_rate","rate":304000,"ts":1760456477.0909343}
2025/10/14 15:41:18 POLARIS_LOG {"event":"send_rate","rate":296000,"ts":1760456478.081003}
2025/10/14 15:41:19 POLARIS_LOG {"event":"send_rate","rate":296000,"ts":1760456479.0797575}
2025/10/14 15:41:20 POLARIS_LOG {"event":"send_rate","rate":176000,"ts":1760456480.078693}
2025/10/14 15:41:21 POLARIS_LOG {"event":"send_rate","rate":192000,"ts":1760456481.0800853}
2025/10/14 15:41:22 POLARIS_LOG {"event":"send_rate","rate":104000,"ts":1760456482.0773098}
2025/10/14 15:41:23 POLARIS_LOG {"event":"send_rate","rate":168000,"ts":1760456483.08255}
2025/10/14 15:41:24 POLARIS_LOG {"event":"send_rate","rate":208000,"ts":1760456484.0792365}
2025/10/14 15:41:25 POLARIS_LOG {"event":"send_rate","rate":232000,"ts":1760456485.0786614}
2025/10/14 15:41:26 POLARIS_LOG {"event":"send_rate","rate":152000,"ts":1760456486.0777051}
2025/10/14 15:41:27 POLARIS_LOG {"event":"send_rate","rate":176000,"ts":1760456487.0792692}
2025/10/14 15:41:28 POLARIS_LOG {"event":"send_rate","rate":176000,"ts":1760456488.077857}
2025/10/14 15:41:29 POLARIS_LOG {"event":"send_rate","rate":224000,"ts":1760456489.0772126}
2025/10/14 15:41:30 POLARIS_LOG {"event":"send_rate","rate":224000,"ts":1760456490.0800517}
2025/10/14 15:41:31 POLARIS_LOG {"event":"send_rate","rate":168000,"ts":1760456491.0865893}
2025/10/14 15:41:32 POLARIS_LOG {"event":"send_rate","rate":192000,"ts":1760456492.0784717}
2025/10/14 15:41:33 POLARIS_LOG {"event":"send_rate","rate":208000,"ts":1760456493.0789847}
2025/10/14 15:41:34 POLARIS_LOG {"event":"send_rate","rate":192000,"ts":1760456494.0779595}
2025/10/14 15:41:35 POLARIS_LOG {"event":"send_rate","rate":192000,"ts":1760456495.0779586}
2025/10/14 15:41:36 POLARIS_LOG {"event":"send_rate","rate":144000,"ts":1760456496.0781903}
2025/10/14 15:41:36 POLARIS_LOG {"candidates":13,"candidates_unfiltered":13,"current_rate":144000,"estimated_share":400000,"event":"path_switch","max_estimated_share":400000,"new":"4 4 6 6 4 1","old":"2 2 5 2","trigger":"scheduled","ts":1760456496.0782902}
2025/10/14 15:41:37 POLARIS_LOG {"event":"send_rate","rate":2272000,"ts":1760456497.0791054}
2025/10/14 15:41:38 POLARIS_LOG {"event":"send_rate","rate":304000,"ts":1760456498.089903}
2025/10/14 15:41:39 POLARIS_LOG {"event":"send_rate","rate":296000,"ts":1760456499.0772774}
2025/10/14 15:41:40 POLARIS_LOG {"event":"send_rate","rate":304000,"ts":1760456500.0792174}
2025/10/14 15:41:41 POLARIS_LOG {"event":"send_rate","rate":296000,"ts":1760456501.077137}
2025/10/14 15:41:42 POLARIS_LOG {"event":"send_rate","rate":312000,"ts":1760456502.0997024}
2025/10/14 15:41:43 POLARIS_LOG {"event":"send_rate","rate":296000,"ts":1760456503.087302}
2025/10/14 15:41:44 POLARIS_LOG {"event":"send_rate","rate":296000,"ts":1760456504.0817366}
2025/10/14 15:41:45 POLARIS_LOG {"event":"send_rate","rate":296000,"ts":1760456505.088042}
2025/10/14 15:41:46 POLARIS_LOG {"event":"send_rate","rate":304000,"ts":1760456506.0793135}
2025/10/14 15:41:47 POLARIS_LOG {"event":"send_rate","rate":296000,"ts":1760456507.0790157}
2025/10/14 15:41:48 POLARIS_LOG {"event":"send_rate","rate":304000,"ts":1760456508.0778623}
2025/10/14 15:41:49 POLARIS_LOG {"event":"send_rate","rate":296000,"ts":1760456509.078167}
2025/10/14 15:41:50 POLARIS_LOG {"event":"send_rate","rate":304000,"ts":1760456510.0786881}
2025/10/14 15:41:51 POLARIS_LOG {"event":"send_rate","rate":296000,"ts":1760456511.0774348}
2025/10/14 15:41:52 POLARIS_LOG {"event":"send_rate","rate":296000,"ts":1760456512.0926976}
2025/10/14 15:41:53 POLARIS_LOG {"event":"send_rate","rate":312000,"ts":1760456513.0962288}
2025/10/14 15:41:54 POLARIS_LOG {"event":"send_rate","rate":296000,"ts":1760456514.0771468}
2025/10/14 15:41:55 POLARIS_LOG {"event":"send_rate","rate":296000,"ts":1760456515.0796635}
2025/10/14 15:41:56 POLARIS_LOG {"event":"send_rate","rate":304000,"ts":1760456516.0867825}
2025/10/14 15:41:57 POLARIS_LOG {"event":"send_rate","rate":328000,"ts":1760456517.2295604}
2025/10/14 15:41:58 POLARIS_LOG {"event":"send_rate","rate":272000,"ts":1760456518.0979419}
2025/10/14 15:41:59 POLARIS_LOG {"event":"send_rate","rate":296000,"ts":1760456519.0776515}
2025/10/14 15:42:00 POLARIS_LOG {"event":"send_rate","rate":304000,"ts":1760456520.0808206}
2025/10/14 15:42:01 POLARIS_LOG {"event":"send_rate","rate":296000,"ts":1760456521.0777588}
2025/10/14 15:42:02 POLARIS_LOG {"event":"send_rate","rate":304000,"ts":1760456522.0796242}
2025/10/14 15:42:03 POLARIS_LOG {"event":"send_rate","rate":296000,"ts":1760456523.0786598}
2025/10/14 15:42:04 POLARIS_LOG {"event":"send_rate","rate":304000,"ts":1760456524.0788589}
2025/10/14 15:42:05 POLARIS_LOG {"event":"send_rate","rate":296000,"ts":1760456525.0791774}
2025/10/14 15:42:06 POLARIS_LOG {"event":"send_rate","rate":304000,"ts":1760456526.0821517}
2025/10/14 15:42:07 POLARIS_LOG {"event":"send_rate","rate":312000,"ts":1760456527.13483}
2025/10/14 15:42:08 POLARIS_LOG {"event":"send_rate","rate":288000,"ts":1760456528.0874827}
2025/10/14 15:42:09 POLARIS_LOG {"event":"send_rate","rate":296000,"ts":1760456529.0853367}
2025/10/14 15:42:10 POLARIS_LOG {"event":"send_rate","rate":304000,"ts":1760456530.0780926}
2025/10/14 15:42:11 POLARIS_LOG {"event":"send_rate","rate":296000,"ts":1760456531.0850399}
2025/10/14 15:42:12 POLARIS_LOG {"event":"send_rate","rate":296000,"ts":1760456532.081489}
2025/10/14 15:42:13 POLARIS_LOG {"event":"send_rate","rate":304000,"ts":1760456533.092081}
2025/10/14 15:42:14 POLARIS_LOG {"event":"send_rate","rate":304000,"ts":1760456534.0793893}
2025/10/14 15:42:15 POLARIS_LOG {"event":"send_rate","rate":304000,"ts":1760456535.0876539}
2025/10/14 15:42:16 POLARIS_LOG {"event":"send_rate","rate":296000,"ts":1760456536.0781894}
2025/10/14 15:42:17 POLARIS_LOG {"event":"send_rate","rate":296000,"ts":1760456537.0833464}
2025/10/14 15:42:18 POLARIS_LOG {"event":"send_rate","rate":304000,"ts":1760456538.0774496}
2025/10/14 15:42:19 POLARIS_LOG {"event":"send_rate","rate":304000,"ts":1760456539.0982358}
2025/10/14 15:42:20 POLARIS_LOG {"event":"send_rate","rate":296000,"ts":1760456540.0785804}
2025/10/14 15:42:21 POLARIS_LOG {"event":"send_rate","rate":296000,"ts":1760456541.0774794}
2025/10/14 15:42:22 POLARIS_LOG {"event":"send_rate","rate":296000,"ts":1760456542.0775397}
2025/10/14 15:42:23 POLARIS_LOG {"event":"send_rate","rate":304000,"ts":1760456543.080371}
2025/10/14 15:42:24 POLARIS_LOG {"event":"send_rate","rate":296000,"ts":1760456544.086313}
2025/10/14 15:42:25 POLARIS_LOG {"event":"send_rate","rate":312000,"ts":1760456545.0933995}
2025/10/14 15:42:26 POLARIS_LOG {"event":"send_rate","rate":288000,"ts":1760456546.077467}
Skipping switch: current path 4 4 6 6 4 1 has lastEstimate 333250 >= maxEstimate 0
2025/10/14 15:42:27 POLARIS_LOG {"event":"send_rate","rate":304000,"ts":1760456547.0777516}
2025/10/14 15:42:28 POLARIS_LOG {"event":"send_rate","rate":304000,"ts":1760456548.0775301}
2025/10/14 15:42:29 POLARIS_LOG {"event":"send_rate","rate":296000,"ts":1760456549.0778244}
2025/10/14 15:42:30 POLARIS_LOG {"event":"send_rate","rate":304000,"ts":1760456550.0787184}
2025/10/14 15:42:31 POLARIS_LOG {"event":"send_rate","rate":296000,"ts":1760456551.0781803}
2025/10/14 15:42:32 POLARIS_LOG {"event":"send_rate","rate":296000,"ts":1760456552.0778818}
2025/10/14 15:42:33 POLARIS_LOG {"event":"send_rate","rate":304000,"ts":1760456553.0785005}
2025/10/14 15:42:34 POLARIS_LOG {"event":"send_rate","rate":304000,"ts":1760456554.0821514}
2025/10/14 15:42:35 POLARIS_LOG {"event":"send_rate","rate":296000,"ts":1760456555.0776303}
2025/10/14 15:42:36 POLARIS_LOG {"event":"send_rate","rate":304000,"ts":1760456556.0811634}
2025/10/14 15:42:37 POLARIS_LOG {"event":"send_rate","rate":304000,"ts":1760456557.0910707}
2025/10/14 15:42:38 POLARIS_LOG {"event":"send_rate","rate":296000,"ts":1760456558.0771546}
2025/10/14 15:42:39 POLARIS_LOG {"event":"send_rate","rate":296000,"ts":1760456559.0822353}
2025/10/14 15:42:40 POLARIS_LOG {"event":"send_rate","rate":304000,"ts":1760456560.0981894}
2025/10/14 15:42:41 POLARIS_LOG {"event":"send_rate","rate":296000,"ts":1760456561.0802464}
2025/10/14 15:42:42 POLARIS_LOG {"event":"send_rate","rate":304000,"ts":1760456562.079214}
2025/10/14 15:42:43 POLARIS_LOG {"event":"send_rate","rate":296000,"ts":1760456563.0816665}
2025/10/14 15:42:44 POLARIS_LOG {"event":"send_rate","rate":304000,"ts":1760456564.077289}
2025/10/14 15:42:45 POLARIS_LOG {"event":"send_rate","rate":304000,"ts":1760456565.0996647}
2025/10/14 15:42:46 POLARIS_LOG {"event":"send_rate","rate":288000,"ts":1760456566.0798476}
Skipping switch: current path 4 4 6 6 4 1 has lastEstimate 333250 >= maxEstimate 0
2025/10/14 15:42:47 POLARIS_LOG {"event":"send_rate","rate":312000,"ts":1760456567.1119304}
2025/10/14 15:42:48 POLARIS_LOG {"event":"send_rate","rate":296000,"ts":1760456568.078437}
2025/10/14 15:42:49 POLARIS_LOG {"event":"send_rate","rate":296000,"ts":1760456569.077797}
2025/10/14 15:42:50 POLARIS_LOG {"event":"send_rate","rate":304000,"ts":1760456570.0974753}
2025/10/14 15:42:51 POLARIS_LOG {"event":"send_rate","rate":296000,"ts":1760456571.0780656}
2025/10/14 15:42:52 POLARIS_LOG {"event":"send_rate","rate":304000,"ts":1760456572.0796814}
2025/10/14 15:42:53 POLARIS_LOG {"event":"send_rate","rate":296000,"ts":1760456573.0798092}
2025/10/14 15:42:54 POLARIS_LOG {"event":"send_rate","rate":304000,"ts":1760456574.087386}
2025/10/14 15:42:55 POLARIS_LOG {"event":"send_rate","rate":296000,"ts":1760456575.081779}
2025/10/14 15:42:56 POLARIS_LOG {"event":"send_rate","rate":296000,"ts":1760456576.0771792}
2025/10/14 15:42:57 POLARIS_LOG {"event":"send_rate","rate":304000,"ts":1760456577.0776877}
2025/10/14 15:42:58 POLARIS_LOG {"event":"send_rate","rate":312000,"ts":1760456578.1290283}
2025/10/14 15:42:59 POLARIS_LOG {"event":"send_rate","rate":296000,"ts":1760456579.1095085}
2025/10/14 15:43:00 POLARIS_LOG {"event":"send_rate","rate":288000,"ts":1760456580.07771}
2025/10/14 15:43:01 POLARIS_LOG {"event":"send_rate","rate":304000,"ts":1760456581.0780747}
2025/10/14 15:43:02 POLARIS_LOG {"event":"send_rate","rate":296000,"ts":1760456582.0772393}
2025/10/14 15:43:03 POLARIS_LOG {"event":"send_rate","rate":304000,"ts":1760456583.0775225}
2025/10/14 15:43:04 POLARIS_LOG {"event":"send_rate","rate":312000,"ts":1760456584.10834}
2025/10/14 15:43:05 POLARIS_LOG {"event":"send_rate","rate":296000,"ts":1760456585.0935986}
2025/10/14 15:43:06 POLARIS_LOG {"event":"send_rate","rate":288000,"ts":1760456586.0775728}
Skipping switch: current path 4 4 6 6 4 1 has lastEstimate 333250 >= maxEstimate 0
2025/10/14 15:43:07 POLARIS_LOG {"event":"send_rate","rate":304000,"ts":1760456587.0771067}
2025/10/14 15:43:08 POLARIS_LOG {"event":"send_rate","rate":304000,"ts":1760456588.0878832}
2025/10/14 15:43:09 POLARIS_LOG {"event":"send_rate","rate":304000,"ts":1760456589.097476}
2025/10/14 15:43:10 POLARIS_LOG {"event":"send_rate","rate":296000,"ts":1760456590.0884707}
2025/10/14 15:43:11 POLARIS_LOG {"event":"send_rate","rate":296000,"ts":1760456591.0785747}
2025/10/14 15:43:12 POLARIS_LOG {"event":"send_rate","rate":296000,"ts":1760456592.0771096}
2025/10/14 15:43:13 POLARIS_LOG {"event":"send_rate","rate":304000,"ts":1760456593.0814312}
2025/10/14 15:43:14 POLARIS_LOG {"event":"send_rate","rate":312000,"ts":1760456594.1084538}
2025/10/14 15:43:15 POLARIS_LOG {"event":"send_rate","rate":288000,"ts":1760456595.0771666}
2025/10/14 15:43:16 POLARIS_LOG {"event":"send_rate","rate":296000,"ts":1760456596.0919702}
2025/10/14 15:43:17 POLARIS_LOG {"event":"send_rate","rate":312000,"ts":1760456597.100416}
2025/10/14 15:43:18 POLARIS_LOG {"event":"send_rate","rate":288000,"ts":1760456598.0779104}
2025/10/14 15:43:19 POLARIS_LOG {"event":"send_rate","rate":304000,"ts":1760456599.0778558}
2025/10/14 15:43:20 POLARIS_LOG {"event":"send_rate","rate":296000,"ts":1760456600.0795019}
2025/10/14 15:43:21 POLARIS_LOG {"event":"send_rate","rate":304000,"ts":1760456601.0817158}
2025/10/14 15:43:22 POLARIS_LOG {"event":"send_rate","rate":296000,"ts":1760456602.0790036}
2025/10/14 15:43:23 POLARIS_LOG {"event":"send_rate","rate":304000,"ts":1760456603.0803072}
2025/10/14 15:43:24 POLARIS_LOG {"event":"send_rate","rate":304000,"ts":1760456604.08282}
2025/10/14 15:43:25 POLARIS_LOG {"event":"send_rate","rate":296000,"ts":1760456605.077576}
2025/10/14 15:43:26 POLARIS_LOG {"event":"send_rate","rate":296000,"ts":1760456606.090049}
2025/10/14 15:43:27 POLARIS_LOG {"event":"send_rate","rate":304000,"ts":1760456607.0876734}
2025/10/14 15:43:28 POLARIS_LOG {"event":"send_rate","rate":296000,"ts":1760456608.0777876}
2025/10/14 15:43:29 POLARIS_LOG {"event":"send_rate","rate":304000,"ts":1760456609.0789733}
2025/10/14 15:43:30 POLARIS_LOG {"event":"send_rate","rate":296000,"ts":1760456610.081527}
2025/10/14 15:43:31 POLARIS_LOG {"event":"send_rate","rate":304000,"ts":1760456611.0777194}
2025/10/14 15:43:32 POLARIS_LOG {"event":"send_rate","rate":296000,"ts":1760456612.0780396}
2025/10/14 15:43:33 POLARIS_LOG {"event":"send_rate","rate":304000,"ts":1760456613.080081}
2025/10/14 15:43:34 POLARIS_LOG {"event":"send_rate","rate":296000,"ts":1760456614.077851}
2025/10/14 15:43:35 POLARIS_LOG {"event":"send_rate","rate":304000,"ts":1760456615.077776}
2025/10/14 15:43:36 POLARIS_LOG {"event":"send_rate","rate":304000,"ts":1760456616.0945585}
2025/10/14 15:43:37 POLARIS_LOG {"event":"send_rate","rate":296000,"ts":1760456617.0782259}
2025/10/14 15:43:38 POLARIS_LOG {"event":"send_rate","rate":304000,"ts":1760456618.1026933}
2025/10/14 15:43:39 POLARIS_LOG {"event":"send_rate","rate":296000,"ts":1760456619.0782905}
2025/10/14 15:43:40 POLARIS_LOG {"event":"send_rate","rate":296000,"ts":1760456620.0787036}
2025/10/14 15:43:41 POLARIS_LOG {"event":"send_rate","rate":304000,"ts":1760456621.0866919}
2025/10/14 15:43:42 POLARIS_LOG {"event":"send_rate","rate":296000,"ts":1760456622.0884185}
2025/10/14 15:43:43 POLARIS_LOG {"event":"send_rate","rate":304000,"ts":1760456623.0837567}
2025/10/14 15:43:44 POLARIS_LOG {"event":"send_rate","rate":296000,"ts":1760456624.086465}
2025/10/14 15:43:45 POLARIS_LOG {"event":"send_rate","rate":304000,"ts":1760456625.0955253}
2025/10/14 15:43:46 POLARIS_LOG {"event":"send_rate","rate":296000,"ts":1760456626.0773861}
2025/10/14 15:43:47 POLARIS_LOG {"event":"send_rate","rate":304000,"ts":1760456627.0775177}
2025/10/14 15:43:48 POLARIS_LOG {"event":"send_rate","rate":296000,"ts":1760456628.0792503}
2025/10/14 15:43:49 POLARIS_LOG {"event":"send_rate","rate":304000,"ts":1760456629.0808623}
2025/10/14 15:43:50 POLARIS_LOG {"event":"send_rate","rate":296000,"ts":1760456630.079476}
2025/10/14 15:43:51 POLARIS_LOG {"event":"send_rate","rate":304000,"ts":1760456631.0786698}
2025/10/14 15:43:52 POLARIS_LOG {"event":"send_rate","rate":296000,"ts":1760456632.0797}
2025/10/14 15:43:53 POLARIS_LOG {"event":"send_rate","rate":304000,"ts":1760456633.0772421}
2025/10/14 15:43:54 POLARIS_LOG {"event":"send_rate","rate":296000,"ts":1760456634.0779512}
2025/10/14 15:43:55 POLARIS_LOG {"event":"send_rate","rate":304000,"ts":1760456635.07897}
2025/10/14 15:43:56 POLARIS_LOG {"event":"send_rate","rate":328000,"ts":1760456636.1783278}
2025/10/14 15:43:57 POLARIS_LOG {"event":"send_rate","rate":272000,"ts":1760456637.078792}
2025/10/14 15:43:58 POLARIS_LOG {"event":"send_rate","rate":296000,"ts":1760456638.0789492}
2025/10/14 15:43:59 POLARIS_LOG {"event":"send_rate","rate":304000,"ts":1760456639.091421}
2025/10/14 15:44:00 POLARIS_LOG {"event":"send_rate","rate":296000,"ts":1760456640.0797522}
2025/10/14 15:44:01 POLARIS_LOG {"event":"send_rate","rate":304000,"ts":1760456641.0782673}
2025/10/14 15:44:02 POLARIS_LOG {"event":"send_rate","rate":296000,"ts":1760456642.079599}
2025/10/14 15:44:03 POLARIS_LOG {"event":"send_rate","rate":304000,"ts":1760456643.0848532}
2025/10/14 15:44:04 POLARIS_LOG {"event":"send_rate","rate":296000,"ts":1760456644.0778456}
2025/10/14 15:44:05 POLARIS_LOG {"event":"send_rate","rate":304000,"ts":1760456645.079068}
2025/10/14 15:44:06 POLARIS_LOG {"event":"send_rate","rate":296000,"ts":1760456646.0854464}
2025/10/14 15:44:07 POLARIS_LOG {"event":"send_rate","rate":304000,"ts":1760456647.0791993}
2025/10/14 15:44:08 POLARIS_LOG {"event":"send_rate","rate":296000,"ts":1760456648.0771801}
2025/10/14 15:44:09 POLARIS_LOG {"event":"send_rate","rate":304000,"ts":1760456649.0782032}
2025/10/14 15:44:10 POLARIS_LOG {"event":"send_rate","rate":296000,"ts":1760456650.0808244}
2025/10/14 15:44:11 POLARIS_LOG {"event":"send_rate","rate":296000,"ts":1760456651.0786326}
2025/10/14 15:44:12 POLARIS_LOG {"event":"send_rate","rate":304000,"ts":1760456652.0792074}
2025/10/14 15:44:13 POLARIS_LOG {"event":"send_rate","rate":304000,"ts":1760456653.0771625}
2025/10/14 15:44:14 POLARIS_LOG {"event":"send_rate","rate":296000,"ts":1760456654.0784683}
2025/10/14 15:44:15 POLARIS_LOG {"event":"send_rate","rate":296000,"ts":1760456655.0809882}
2025/10/14 15:44:16 POLARIS_LOG {"event":"send_rate","rate":304000,"ts":1760456656.0887477}
2025/10/14 15:44:17 POLARIS_LOG {"event":"send_rate","rate":304000,"ts":1760456657.0932965}
2025/10/14 15:44:18 POLARIS_LOG {"event":"send_rate","rate":296000,"ts":1760456658.077807}
2025/10/14 15:44:19 POLARIS_LOG {"event":"send_rate","rate":304000,"ts":1760456659.0830705}
2025/10/14 15:44:20 POLARIS_LOG {"event":"send_rate","rate":296000,"ts":1760456660.0844426}
2025/10/14 15:44:21 POLARIS_LOG {"event":"send_rate","rate":304000,"ts":1760456661.0773256}
2025/10/14 15:44:22 POLARIS_LOG {"event":"send_rate","rate":296000,"ts":1760456662.077124}
2025/10/14 15:44:23 POLARIS_LOG {"event":"send_rate","rate":304000,"ts":1760456663.0776265}
2025/10/14 15:44:24 POLARIS_LOG {"event":"send_rate","rate":296000,"ts":1760456664.0791264}
2025/10/14 15:44:25 POLARIS_LOG {"event":"send_rate","rate":304000,"ts":1760456665.0854366}
2025/10/14 15:44:26 POLARIS_LOG {"event":"send_rate","rate":296000,"ts":1760456666.078206}
2025/10/14 15:44:27 POLARIS_LOG {"event":"send_rate","rate":304000,"ts":1760456667.0780275}
2025/10/14 15:44:28 POLARIS_LOG {"event":"send_rate","rate":296000,"ts":1760456668.0875404}
2025/10/14 15:44:29 POLARIS_LOG {"event":"send_rate","rate":304000,"ts":1760456669.0897837}
2025/10/14 15:44:30 POLARIS_LOG {"event":"send_rate","rate":296000,"ts":1760456670.0799136}
2025/10/14 15:44:31 POLARIS_LOG {"event":"send_rate","rate":296000,"ts":1760456671.1500518}
2025/10/14 15:44:32 POLARIS_LOG {"event":"send_rate","rate":304000,"ts":1760456672.0772412}
2025/10/14 15:44:33 POLARIS_LOG {"event":"send_rate","rate":304000,"ts":1760456673.0779467}
2025/10/14 15:44:34 POLARIS_LOG {"event":"send_rate","rate":296000,"ts":1760456674.0780373}
2025/10/14 15:44:35 POLARIS_LOG {"event":"send_rate","rate":304000,"ts":1760456675.0773385}
2025/10/14 15:44:36 POLARIS_LOG {"event":"send_rate","rate":304000,"ts":1760456676.091838}
2025/10/14 15:44:37 POLARIS_LOG {"event":"send_rate","rate":296000,"ts":1760456677.090423}
2025/10/14 15:44:38 POLARIS_LOG {"event":"send_rate","rate":296000,"ts":1760456678.077709}
2025/10/14 15:44:39 POLARIS_LOG {"event":"send_rate","rate":296000,"ts":1760456679.0873969}
2025/10/14 15:44:40 POLARIS_LOG {"event":"send_rate","rate":304000,"ts":1760456680.0774274}
2025/10/14 15:44:41 POLARIS_LOG {"event":"send_rate","rate":304000,"ts":1760456681.0792046}
2025/10/14 15:44:42 POLARIS_LOG {"event":"send_rate","rate":296000,"ts":1760456682.0790238}
2025/10/14 15:44:43 POLARIS_LOG {"event":"send_rate","rate":304000,"ts":1760456683.0803666}
2025/10/14 15:44:44 POLARIS_LOG {"event":"send_rate","rate":304000,"ts":1760456684.0954025}
2025/10/14 15:44:45 POLARIS_LOG {"event":"send_rate","rate":296000,"ts":1760456685.0782743}
2025/10/14 15:44:46 POLARIS_LOG {"event":"send_rate","rate":296000,"ts":1760456686.087502}
2025/10/14 15:44:47 POLARIS_LOG {"event":"send_rate","rate":304000,"ts":1760456687.0956755}
2025/10/14 15:44:48 POLARIS_LOG {"event":"send_rate","rate":296000,"ts":1760456688.0792246}
2025/10/14 15:44:49 POLARIS_LOG {"event":"send_rate","rate":296000,"ts":1760456689.0776646}
2025/10/14 15:44:50 POLARIS_LOG {"event":"send_rate","rate":304000,"ts":1760456690.0833619}
2025/10/14 15:44:51 POLARIS_LOG {"event":"send_rate","rate":304000,"ts":1760456691.0805657}
2025/10/14 15:44:52 POLARIS_LOG {"event":"send_rate","rate":296000,"ts":1760456692.0772884}
2025/10/14 15:44:53 POLARIS_LOG {"event":"send_rate","rate":296000,"ts":1760456693.0818617}
2025/10/14 15:44:54 POLARIS_LOG {"event":"send_rate","rate":304000,"ts":1760456694.0801835}
2025/10/14 15:44:55 POLARIS_LOG {"event":"send_rate","rate":304000,"ts":1760456695.0987046}
2025/10/14 15:44:56 POLARIS_LOG {"event":"send_rate","rate":296000,"ts":1760456696.0821168}
2025/10/14 15:44:57 POLARIS_LOG {"event":"send_rate","rate":304000,"ts":1760456697.0833118}
2025/10/14 15:44:58 POLARIS_LOG {"event":"send_rate","rate":296000,"ts":1760456698.0791793}
2025/10/14 15:44:59 POLARIS_LOG {"event":"send_rate","rate":296000,"ts":1760456699.1026158}
2025/10/14 15:45:00 POLARIS_LOG {"event":"send_rate","rate":304000,"ts":1760456700.077355}
2025/10/14 15:45:01 POLARIS_LOG {"event":"send_rate","rate":296000,"ts":1760456701.0774875}
2025/10/14 15:45:02 POLARIS_LOG {"event":"send_rate","rate":304000,"ts":1760456702.0773745}
2025/10/14 15:45:03 POLARIS_LOG {"event":"send_rate","rate":296000,"ts":1760456703.111487}
2025/10/14 15:45:04 POLARIS_LOG {"event":"send_rate","rate":304000,"ts":1760456704.0775447}
2025/10/14 15:45:05 POLARIS_LOG {"event":"send_rate","rate":304000,"ts":1760456705.0816824}
2025/10/14 15:45:06 POLARIS_LOG {"event":"send_rate","rate":296000,"ts":1760456706.0777}
2025/10/14 15:45:07 POLARIS_LOG {"event":"send_rate","rate":304000,"ts":1760456707.0797005}
2025/10/14 15:45:08 POLARIS_LOG {"event":"send_rate","rate":296000,"ts":1760456708.0778193}
2025/10/14 15:45:09 POLARIS_LOG {"event":"send_rate","rate":312000,"ts":1760456709.1304057}
2025/10/14 15:45:10 POLARIS_LOG {"event":"send_rate","rate":296000,"ts":1760456710.1082945}
2025/10/14 15:45:11 POLARIS_LOG {"event":"send_rate","rate":288000,"ts":1760456711.0804737}
2025/10/14 15:45:12 POLARIS_LOG {"event":"send_rate","rate":304000,"ts":1760456712.0783112}
2025/10/14 15:45:13 POLARIS_LOG {"event":"send_rate","rate":304000,"ts":1760456713.0816891}
2025/10/14 15:45:14 POLARIS_LOG {"event":"send_rate","rate":296000,"ts":1760456714.0780656}
2025/10/14 15:45:15 POLARIS_LOG {"event":"send_rate","rate":304000,"ts":1760456715.080303}
2025/10/14 15:45:16 POLARIS_LOG {"event":"send_rate","rate":296000,"ts":1760456716.108455}
2025/10/14 15:45:17 POLARIS_LOG {"event":"send_rate","rate":320000,"ts":1760456717.156761}
2025/10/14 15:45:18 POLARIS_LOG {"event":"send_rate","rate":280000,"ts":1760456718.0800939}
2025/10/14 15:45:19 POLARIS_LOG {"event":"send_rate","rate":296000,"ts":1760456719.077116}
2025/10/14 15:45:20 POLARIS_LOG {"event":"send_rate","rate":304000,"ts":1760456720.078791}
2025/10/14 15:45:21 POLARIS_LOG {"event":"send_rate","rate":296000,"ts":1760456721.0775943}
2025/10/14 15:45:22 POLARIS_LOG {"event":"send_rate","rate":304000,"ts":1760456722.0878901}
2025/10/14 15:45:23 POLARIS_LOG {"event":"send_rate","rate":296000,"ts":1760456723.0772157}
2025/10/14 15:45:24 POLARIS_LOG {"event":"send_rate","rate":320000,"ts":1760456724.119195}
2025/10/14 15:45:25 POLARIS_LOG {"event":"send_rate","rate":288000,"ts":1760456725.081314}
2025/10/14 15:45:26 POLARIS_LOG {"event":"send_rate","rate":304000,"ts":1760456726.0994942}
2025/10/14 15:45:27 POLARIS_LOG {"event":"send_rate","rate":288000,"ts":1760456727.078099}
2025/10/14 15:45:28 POLARIS_LOG {"event":"send_rate","rate":304000,"ts":1760456728.077665}
2025/10/14 15:45:29 POLARIS_LOG {"event":"send_rate","rate":296000,"ts":1760456729.0771022}
2025/10/14 15:45:30 POLARIS_LOG {"event":"send_rate","rate":304000,"ts":1760456730.0772915}
2025/10/14 15:45:31 POLARIS_LOG {"event":"send_rate","rate":296000,"ts":1760456731.0771244}
2025/10/14 15:45:32 POLARIS_LOG {"event":"send_rate","rate":304000,"ts":1760456732.0772943}
We need to sleep for 1 seconds before we can get the results
Drain Loop received packet
Drain Loop received non-nil payload
Client sent 9900 packets, server reported 9876 packets received
The network loss rate from client to server is 0.2%

S->C results
Attempted bandwidth: 0 bps / 0.00 Mbps
Achieved bandwidth: 0 bps / 0.00 Mbps
Loss rate: 0.0%
Interarrival time min/avg/max/mdev = -0.000/0.000/0.000/0.000 ms

C->S results
Attempted bandwidth: 300000 bps / 0.30 Mbps
Achieved bandwidth: 299272 bps / 0.30 Mbps
Loss rate: 0.2%
Interarrival time min/avg/max/mdev = 0.002/26.627/418.035/19.784 ms
