
Test parameters:
client->server: 285 seconds, 1000 bytes, 10687 packets
server->client: 285 seconds, 1000 bytes, 0 packets
2025/10/14 15:40:44 POLARIS_LOG {"current_rate":0,"event":"path_switch","new":"2 2 5 2","trigger":"initialization","ts":1760456444.9217992}
Polaris prober initialized with 38 paths
Polaris prober initialized with local 1-111,10.111.0.71:32749 and remote 1-113,10.113.0.71
2025/10/14 15:40:45 POLARIS_LOG {"event":"send_rate","rate":296000,"ts":1760456445.923476}
2025/10/14 15:40:46 POLARIS_LOG {"event":"send_rate","rate":304000,"ts":1760456446.9255517}
2025/10/14 15:40:47 POLARIS_LOG {"event":"send_rate","rate":296000,"ts":1760456447.9239197}
2025/10/14 15:40:48 POLARIS_LOG {"event":"send_rate","rate":304000,"ts":1760456448.9236488}
2025/10/14 15:40:49 POLARIS_LOG {"event":"send_rate","rate":296000,"ts":1760456449.9244359}
2025/10/14 15:40:50 POLARIS_LOG {"event":"send_rate","rate":304000,"ts":1760456450.922957}
2025/10/14 15:40:51 POLARIS_LOG {"event":"send_rate","rate":296000,"ts":1760456451.9231193}
2025/10/14 15:40:52 POLARIS_LOG {"event":"send_rate","rate":304000,"ts":1760456452.9236712}
2025/10/14 15:40:53 POLARIS_LOG {"event":"send_rate","rate":296000,"ts":1760456453.924193}
2025/10/14 15:40:54 POLARIS_LOG {"event":"send_rate","rate":304000,"ts":1760456454.9240842}
2025/10/14 15:40:55 POLARIS_LOG {"event":"send_rate","rate":296000,"ts":1760456455.9238653}
2025/10/14 15:40:56 POLARIS_LOG {"event":"send_rate","rate":304000,"ts":1760456456.9272}
2025/10/14 15:40:57 POLARIS_LOG {"event":"send_rate","rate":296000,"ts":1760456457.9235332}
2025/10/14 15:40:58 POLARIS_LOG {"event":"send_rate","rate":296000,"ts":1760456458.9236648}
2025/10/14 15:40:59 POLARIS_LOG {"event":"send_rate","rate":304000,"ts":1760456459.9277072}
2025/10/14 15:41:00 POLARIS_LOG {"event":"send_rate","rate":160000,"ts":1760456460.9232137}
2025/10/14 15:41:01 POLARIS_LOG {"event":"send_rate","rate":120000,"ts":1760456461.923005}
2025/10/14 15:41:02 POLARIS_LOG {"event":"send_rate","rate":56000,"ts":1760456462.9232736}
2025/10/14 15:41:03 POLARIS_LOG {"event":"send_rate","rate":80000,"ts":1760456463.923236}
2025/10/14 15:41:04 POLARIS_LOG {"event":"send_rate","rate":112000,"ts":1760456464.924885}
2025/10/14 15:41:04 POLARIS_LOG {"candidates":25,"candidates_unfiltered":25,"current_rate":112000,"estimated_share":1000000,"event":"path_switch","max_estimated_share":1000000,"new":"4 4 6 6 4 1","old":"2 2 5 2","trigger":"scheduled","ts":1760456464.92497}
2025/10/14 15:41:05 POLARIS_LOG {"event":"send_rate","rate":752000,"ts":1760456465.9260054}
2025/10/14 15:41:06 POLARIS_LOG {"event":"send_rate","rate":824000,"ts":1760456466.9322388}
2025/10/14 15:41:07 POLARIS_LOG {"event":"send_rate","rate":296000,"ts":1760456467.9272134}
2025/10/14 15:41:08 POLARIS_LOG {"event":"send_rate","rate":304000,"ts":1760456468.9230244}
2025/10/14 15:41:09 POLARIS_LOG {"event":"send_rate","rate":296000,"ts":1760456469.9227884}
2025/10/14 15:41:10 POLARIS_LOG {"event":"send_rate","rate":296000,"ts":1760456470.9260325}
2025/10/14 15:41:11 POLARIS_LOG {"event":"send_rate","rate":304000,"ts":1760456471.9232368}
2025/10/14 15:41:12 POLARIS_LOG {"event":"send_rate","rate":304000,"ts":1760456472.924457}
2025/10/14 15:41:13 POLARIS_LOG {"event":"send_rate","rate":296000,"ts":1760456473.9312518}
2025/10/14 15:41:14 POLARIS_LOG {"event":"send_rate","rate":296000,"ts":1760456474.9229202}
2025/10/14 15:41:15 POLARIS_LOG {"event":"send_rate","rate":304000,"ts":1760456475.9236352}
2025/10/14 15:41:16 POLARIS_LOG {"event":"send_rate","rate":304000,"ts":1760456476.9240072}
2025/10/14 15:41:17 POLARIS_LOG {"event":"send_rate","rate":296000,"ts":1760456477.9227786}
2025/10/14 15:41:18 POLARIS_LOG {"event":"send_rate","rate":296000,"ts":1760456478.9237087}
2025/10/14 15:41:19 POLARIS_LOG {"event":"send_rate","rate":304000,"ts":1760456479.9241226}
2025/10/14 15:41:20 POLARIS_LOG {"event":"send_rate","rate":304000,"ts":1760456480.926049}
2025/10/14 15:41:21 POLARIS_LOG {"event":"send_rate","rate":296000,"ts":1760456481.9235346}
2025/10/14 15:41:22 POLARIS_LOG {"event":"send_rate","rate":296000,"ts":1760456482.9250438}
2025/10/14 15:41:23 POLARIS_LOG {"event":"send_rate","rate":304000,"ts":1760456483.9227448}
2025/10/14 15:41:24 POLARIS_LOG {"event":"send_rate","rate":304000,"ts":1760456484.9284961}
2025/10/14 15:41:25 POLARIS_LOG {"event":"send_rate","rate":296000,"ts":1760456485.9228783}
2025/10/14 15:41:26 POLARIS_LOG {"event":"send_rate","rate":296000,"ts":1760456486.9234228}
2025/10/14 15:41:27 POLARIS_LOG {"event":"send_rate","rate":304000,"ts":1760456487.9229622}
2025/10/14 15:41:28 POLARIS_LOG {"event":"send_rate","rate":304000,"ts":1760456488.9262726}
2025/10/14 15:41:29 POLARIS_LOG {"event":"send_rate","rate":296000,"ts":1760456489.9241936}
2025/10/14 15:41:30 POLARIS_LOG {"event":"send_rate","rate":296000,"ts":1760456490.9235673}
2025/10/14 15:41:31 POLARIS_LOG {"event":"send_rate","rate":304000,"ts":1760456491.9235482}
2025/10/14 15:41:32 POLARIS_LOG {"event":"send_rate","rate":296000,"ts":1760456492.9230654}
2025/10/14 15:41:33 POLARIS_LOG {"event":"send_rate","rate":304000,"ts":1760456493.9383385}
2025/10/14 15:41:34 POLARIS_LOG {"event":"send_rate","rate":304000,"ts":1760456494.945784}
2025/10/14 15:41:35 POLARIS_LOG {"event":"send_rate","rate":296000,"ts":1760456495.9233527}
2025/10/14 15:41:36 POLARIS_LOG {"event":"send_rate","rate":296000,"ts":1760456496.9234562}
2025/10/14 15:41:37 POLARIS_LOG {"event":"send_rate","rate":304000,"ts":1760456497.923581}
2025/10/14 15:41:38 POLARIS_LOG {"event":"send_rate","rate":296000,"ts":1760456498.9240582}
2025/10/14 15:41:39 POLARIS_LOG {"event":"send_rate","rate":304000,"ts":1760456499.923447}
2025/10/14 15:41:40 POLARIS_LOG {"event":"send_rate","rate":296000,"ts":1760456500.9238656}
2025/10/14 15:41:41 POLARIS_LOG {"event":"send_rate","rate":304000,"ts":1760456501.923762}
2025/10/14 15:41:42 POLARIS_LOG {"event":"send_rate","rate":296000,"ts":1760456502.9245355}
2025/10/14 15:41:43 POLARIS_LOG {"event":"send_rate","rate":304000,"ts":1760456503.922891}
2025/10/14 15:41:44 POLARIS_LOG {"event":"send_rate","rate":304000,"ts":1760456504.9292872}
2025/10/14 15:41:45 POLARIS_LOG {"event":"send_rate","rate":296000,"ts":1760456505.9275103}
2025/10/14 15:41:46 POLARIS_LOG {"event":"send_rate","rate":296000,"ts":1760456506.9254293}
2025/10/14 15:41:47 POLARIS_LOG {"event":"send_rate","rate":304000,"ts":1760456507.9273415}
2025/10/14 15:41:48 POLARIS_LOG {"event":"send_rate","rate":296000,"ts":1760456508.9240305}
2025/10/14 15:41:49 POLARIS_LOG {"event":"send_rate","rate":304000,"ts":1760456509.9236326}
2025/10/14 15:41:50 POLARIS_LOG {"event":"send_rate","rate":304000,"ts":1760456510.9306786}
2025/10/14 15:41:51 POLARIS_LOG {"event":"send_rate","rate":296000,"ts":1760456511.9234023}
2025/10/14 15:41:52 POLARIS_LOG {"event":"send_rate","rate":296000,"ts":1760456512.925351}
2025/10/14 15:41:53 POLARIS_LOG {"event":"send_rate","rate":304000,"ts":1760456513.922953}
2025/10/14 15:41:54 POLARIS_LOG {"event":"send_rate","rate":296000,"ts":1760456514.9230378}
2025/10/14 15:41:55 POLARIS_LOG {"event":"send_rate","rate":304000,"ts":1760456515.9236994}
2025/10/14 15:41:56 POLARIS_LOG {"event":"send_rate","rate":296000,"ts":1760456516.9280567}
2025/10/14 15:41:57 POLARIS_LOG {"event":"send_rate","rate":304000,"ts":1760456517.9228294}
2025/10/14 15:41:58 POLARIS_LOG {"event":"send_rate","rate":296000,"ts":1760456518.9342775}
2025/10/14 15:41:59 POLARIS_LOG {"event":"send_rate","rate":304000,"ts":1760456519.9232354}
2025/10/14 15:42:00 POLARIS_LOG {"event":"send_rate","rate":296000,"ts":1760456520.9237475}
2025/10/14 15:42:01 POLARIS_LOG {"event":"send_rate","rate":304000,"ts":1760456521.924054}
2025/10/14 15:42:02 POLARIS_LOG {"event":"send_rate","rate":296000,"ts":1760456522.923493}
2025/10/14 15:42:03 POLARIS_LOG {"event":"send_rate","rate":304000,"ts":1760456523.9227448}
2025/10/14 15:42:04 POLARIS_LOG {"event":"send_rate","rate":296000,"ts":1760456524.92281}
2025/10/14 15:42:05 POLARIS_LOG {"event":"send_rate","rate":304000,"ts":1760456525.9233558}
2025/10/14 15:42:06 POLARIS_LOG {"event":"send_rate","rate":296000,"ts":1760456526.9234664}
2025/10/14 15:42:07 POLARIS_LOG {"event":"send_rate","rate":304000,"ts":1760456527.9237115}
2025/10/14 15:42:08 POLARIS_LOG {"event":"send_rate","rate":296000,"ts":1760456528.9235132}
2025/10/14 15:42:09 POLARIS_LOG {"event":"send_rate","rate":304000,"ts":1760456529.923416}
2025/10/14 15:42:10 POLARIS_LOG {"event":"send_rate","rate":296000,"ts":1760456530.9235477}
2025/10/14 15:42:11 POLARIS_LOG {"event":"send_rate","rate":304000,"ts":1760456531.923216}
2025/10/14 15:42:12 POLARIS_LOG {"event":"send_rate","rate":296000,"ts":1760456532.9246898}
2025/10/14 15:42:13 POLARIS_LOG {"event":"send_rate","rate":304000,"ts":1760456533.923013}
2025/10/14 15:42:14 POLARIS_LOG {"event":"send_rate","rate":296000,"ts":1760456534.925489}
2025/10/14 15:42:15 POLARIS_LOG {"event":"send_rate","rate":304000,"ts":1760456535.924683}
2025/10/14 15:42:16 POLARIS_LOG {"event":"send_rate","rate":296000,"ts":1760456536.9241736}
2025/10/14 15:42:17 POLARIS_LOG {"event":"send_rate","rate":304000,"ts":1760456537.9303434}
2025/10/14 15:42:18 POLARIS_LOG {"event":"send_rate","rate":296000,"ts":1760456538.9229867}
2025/10/14 15:42:19 POLARIS_LOG {"event":"send_rate","rate":304000,"ts":1760456539.9228325}
2025/10/14 15:42:20 POLARIS_LOG {"event":"send_rate","rate":296000,"ts":1760456540.9234614}
2025/10/14 15:42:21 POLARIS_LOG {"event":"send_rate","rate":304000,"ts":1760456541.9231246}
2025/10/14 15:42:22 POLARIS_LOG {"event":"send_rate","rate":296000,"ts":1760456542.9245808}
2025/10/14 15:42:23 POLARIS_LOG {"event":"send_rate","rate":304000,"ts":1760456543.9227676}
2025/10/14 15:42:24 POLARIS_LOG {"event":"send_rate","rate":296000,"ts":1760456544.9228692}
2025/10/14 15:42:25 POLARIS_LOG {"event":"send_rate","rate":304000,"ts":1760456545.9229822}
2025/10/14 15:42:26 POLARIS_LOG {"event":"send_rate","rate":296000,"ts":1760456546.9234645}
2025/10/14 15:42:27 POLARIS_LOG {"event":"send_rate","rate":304000,"ts":1760456547.9235132}
2025/10/14 15:42:28 POLARIS_LOG {"event":"send_rate","rate":280000,"ts":1760456548.9293063}
2025/10/14 15:42:29 POLARIS_LOG {"event":"send_rate","rate":320000,"ts":1760456549.9235063}
2025/10/14 15:42:30 POLARIS_LOG {"event":"send_rate","rate":296000,"ts":1760456550.9235086}
2025/10/14 15:42:31 POLARIS_LOG {"event":"send_rate","rate":304000,"ts":1760456551.9247565}
2025/10/14 15:42:32 POLARIS_LOG {"event":"send_rate","rate":304000,"ts":1760456552.9412758}
2025/10/14 15:42:33 POLARIS_LOG {"event":"send_rate","rate":296000,"ts":1760456553.9231431}
2025/10/14 15:42:34 POLARIS_LOG {"event":"send_rate","rate":296000,"ts":1760456554.9253056}
2025/10/14 15:42:35 POLARIS_LOG {"event":"send_rate","rate":304000,"ts":1760456555.9291456}
2025/10/14 15:42:36 POLARIS_LOG {"event":"send_rate","rate":296000,"ts":1760456556.92371}
2025/10/14 15:42:37 POLARIS_LOG {"event":"send_rate","rate":312000,"ts":1760456557.9504194}
2025/10/14 15:42:38 POLARIS_LOG {"event":"send_rate","rate":288000,"ts":1760456558.9231954}
2025/10/14 15:42:39 POLARIS_LOG {"event":"send_rate","rate":304000,"ts":1760456559.923624}
2025/10/14 15:42:40 POLARIS_LOG {"event":"send_rate","rate":296000,"ts":1760456560.9237409}
2025/10/14 15:42:41 POLARIS_LOG {"event":"send_rate","rate":304000,"ts":1760456561.9235315}
2025/10/14 15:42:42 POLARIS_LOG {"event":"send_rate","rate":296000,"ts":1760456562.926612}
2025/10/14 15:42:43 POLARIS_LOG {"event":"send_rate","rate":304000,"ts":1760456563.9245412}
2025/10/14 15:42:44 POLARIS_LOG {"event":"send_rate","rate":296000,"ts":1760456564.9241505}
2025/10/14 15:42:45 POLARIS_LOG {"event":"send_rate","rate":296000,"ts":1760456565.922784}
2025/10/14 15:42:46 POLARIS_LOG {"event":"send_rate","rate":304000,"ts":1760456566.9230235}
2025/10/14 15:42:47 POLARIS_LOG {"event":"send_rate","rate":304000,"ts":1760456567.9261167}
2025/10/14 15:42:48 POLARIS_LOG {"event":"send_rate","rate":296000,"ts":1760456568.9230118}
2025/10/14 15:42:49 POLARIS_LOG {"event":"send_rate","rate":296000,"ts":1760456569.9238095}
2025/10/14 15:42:50 POLARIS_LOG {"event":"send_rate","rate":304000,"ts":1760456570.9339364}
2025/10/14 15:42:51 POLARIS_LOG {"event":"send_rate","rate":296000,"ts":1760456571.923199}
2025/10/14 15:42:52 POLARIS_LOG {"event":"send_rate","rate":304000,"ts":1760456572.9243813}
2025/10/14 15:42:53 POLARIS_LOG {"event":"send_rate","rate":296000,"ts":1760456573.9230819}
2025/10/14 15:42:54 POLARIS_LOG {"event":"send_rate","rate":304000,"ts":1760456574.9234288}
2025/10/14 15:42:55 POLARIS_LOG {"event":"send_rate","rate":304000,"ts":1760456575.92752}
2025/10/14 15:42:56 POLARIS_LOG {"event":"send_rate","rate":296000,"ts":1760456576.9237747}
2025/10/14 15:42:57 POLARIS_LOG {"event":"send_rate","rate":296000,"ts":1760456577.9227831}
2025/10/14 15:42:58 POLARIS_LOG {"event":"send_rate","rate":304000,"ts":1760456578.923876}
2025/10/14 15:42:59 POLARIS_LOG {"event":"send_rate","rate":304000,"ts":1760456579.9345145}
2025/10/14 15:43:00 POLARIS_LOG {"event":"send_rate","rate":296000,"ts":1760456580.9235985}
2025/10/14 15:43:01 POLARIS_LOG {"event":"send_rate","rate":296000,"ts":1760456581.923892}
2025/10/14 15:43:02 POLARIS_LOG {"event":"send_rate","rate":304000,"ts":1760456582.9256437}
2025/10/14 15:43:03 POLARIS_LOG {"event":"send_rate","rate":296000,"ts":1760456583.9239433}
2025/10/14 15:43:04 POLARIS_LOG {"event":"send_rate","rate":304000,"ts":1760456584.923284}
2025/10/14 15:43:05 POLARIS_LOG {"event":"send_rate","rate":296000,"ts":1760456585.922756}
2025/10/14 15:43:06 POLARIS_LOG {"event":"send_rate","rate":304000,"ts":1760456586.923237}
2025/10/14 15:43:07 POLARIS_LOG {"event":"send_rate","rate":296000,"ts":1760456587.922815}
2025/10/14 15:43:08 POLARIS_LOG {"event":"send_rate","rate":304000,"ts":1760456588.9230983}
2025/10/14 15:43:09 POLARIS_LOG {"event":"send_rate","rate":296000,"ts":1760456589.9228892}
2025/10/14 15:43:10 POLARIS_LOG {"event":"send_rate","rate":304000,"ts":1760456590.9297762}
2025/10/14 15:43:11 POLARIS_LOG {"event":"send_rate","rate":296000,"ts":1760456591.9240513}
2025/10/14 15:43:12 POLARIS_LOG {"event":"send_rate","rate":304000,"ts":1760456592.923259}
2025/10/14 15:43:13 POLARIS_LOG {"event":"send_rate","rate":296000,"ts":1760456593.9230173}
2025/10/14 15:43:14 POLARIS_LOG {"event":"send_rate","rate":304000,"ts":1760456594.9230497}
2025/10/14 15:43:15 POLARIS_LOG {"event":"send_rate","rate":296000,"ts":1760456595.923251}
2025/10/14 15:43:16 POLARIS_LOG {"event":"send_rate","rate":304000,"ts":1760456596.9230516}
2025/10/14 15:43:17 POLARIS_LOG {"event":"send_rate","rate":296000,"ts":1760456597.923035}
2025/10/14 15:43:18 POLARIS_LOG {"event":"send_rate","rate":304000,"ts":1760456598.922783}
2025/10/14 15:43:19 POLARIS_LOG {"event":"send_rate","rate":296000,"ts":1760456599.9232967}
2025/10/14 15:43:20 POLARIS_LOG {"event":"send_rate","rate":304000,"ts":1760456600.9228592}
2025/10/14 15:43:21 POLARIS_LOG {"event":"send_rate","rate":296000,"ts":1760456601.9236088}
2025/10/14 15:43:22 POLARIS_LOG {"event":"send_rate","rate":304000,"ts":1760456602.9251587}
2025/10/14 15:43:23 POLARIS_LOG {"event":"send_rate","rate":296000,"ts":1760456603.9237094}
2025/10/14 15:43:24 POLARIS_LOG {"event":"send_rate","rate":304000,"ts":1760456604.9327211}
2025/10/14 15:43:25 POLARIS_LOG {"event":"send_rate","rate":296000,"ts":1760456605.9235933}
2025/10/14 15:43:26 POLARIS_LOG {"event":"send_rate","rate":304000,"ts":1760456606.923313}
2025/10/14 15:43:27 POLARIS_LOG {"event":"send_rate","rate":296000,"ts":1760456607.9232388}
2025/10/14 15:43:28 POLARIS_LOG {"event":"send_rate","rate":304000,"ts":1760456608.9241877}
2025/10/14 15:43:29 POLARIS_LOG {"event":"send_rate","rate":296000,"ts":1760456609.9232004}
2025/10/14 15:43:30 POLARIS_LOG {"event":"send_rate","rate":304000,"ts":1760456610.9228408}
2025/10/14 15:43:31 POLARIS_LOG {"event":"send_rate","rate":296000,"ts":1760456611.9249647}
2025/10/14 15:43:32 POLARIS_LOG {"event":"send_rate","rate":304000,"ts":1760456612.923085}
2025/10/14 15:43:33 POLARIS_LOG {"event":"send_rate","rate":296000,"ts":1760456613.9229462}
2025/10/14 15:43:34 POLARIS_LOG {"event":"send_rate","rate":304000,"ts":1760456614.9284358}
2025/10/14 15:43:35 POLARIS_LOG {"event":"send_rate","rate":296000,"ts":1760456615.9239225}
2025/10/14 15:43:36 POLARIS_LOG {"event":"send_rate","rate":304000,"ts":1760456616.9236062}
2025/10/14 15:43:37 POLARIS_LOG {"event":"send_rate","rate":296000,"ts":1760456617.924716}
2025/10/14 15:43:38 POLARIS_LOG {"event":"send_rate","rate":304000,"ts":1760456618.9229987}
2025/10/14 15:43:39 POLARIS_LOG {"event":"send_rate","rate":304000,"ts":1760456619.930781}
2025/10/14 15:43:40 POLARIS_LOG {"event":"send_rate","rate":296000,"ts":1760456620.9331443}
2025/10/14 15:43:41 POLARIS_LOG {"event":"send_rate","rate":296000,"ts":1760456621.923225}
2025/10/14 15:43:42 POLARIS_LOG {"event":"send_rate","rate":304000,"ts":1760456622.92489}
2025/10/14 15:43:43 POLARIS_LOG {"event":"send_rate","rate":296000,"ts":1760456623.9240453}
2025/10/14 15:43:44 POLARIS_LOG {"event":"send_rate","rate":304000,"ts":1760456624.923052}
2025/10/14 15:43:45 POLARIS_LOG {"event":"send_rate","rate":296000,"ts":1760456625.9233584}
2025/10/14 15:43:46 POLARIS_LOG {"event":"send_rate","rate":304000,"ts":1760456626.935576}
2025/10/14 15:43:47 POLARIS_LOG {"event":"send_rate","rate":296000,"ts":1760456627.9398456}
2025/10/14 15:43:48 POLARIS_LOG {"event":"send_rate","rate":304000,"ts":1760456628.9230776}
2025/10/14 15:43:49 POLARIS_LOG {"event":"send_rate","rate":296000,"ts":1760456629.924242}
2025/10/14 15:43:50 POLARIS_LOG {"event":"send_rate","rate":304000,"ts":1760456630.9240842}
2025/10/14 15:43:51 POLARIS_LOG {"event":"send_rate","rate":296000,"ts":1760456631.9267266}
2025/10/14 15:43:52 POLARIS_LOG {"event":"send_rate","rate":304000,"ts":1760456632.927458}
2025/10/14 15:43:53 POLARIS_LOG {"event":"send_rate","rate":296000,"ts":1760456633.924184}
2025/10/14 15:43:54 POLARIS_LOG {"event":"send_rate","rate":304000,"ts":1760456634.9231405}
2025/10/14 15:43:55 POLARIS_LOG {"event":"send_rate","rate":296000,"ts":1760456635.9240954}
2025/10/14 15:43:56 POLARIS_LOG {"event":"send_rate","rate":304000,"ts":1760456636.9231713}
2025/10/14 15:43:57 POLARIS_LOG {"event":"send_rate","rate":296000,"ts":1760456637.9235992}
2025/10/14 15:43:58 POLARIS_LOG {"event":"send_rate","rate":304000,"ts":1760456638.923206}
2025/10/14 15:43:59 POLARIS_LOG {"event":"send_rate","rate":296000,"ts":1760456639.9232006}
2025/10/14 15:44:00 POLARIS_LOG {"event":"send_rate","rate":304000,"ts":1760456640.925517}
2025/10/14 15:44:01 POLARIS_LOG {"event":"send_rate","rate":296000,"ts":1760456641.9231935}
2025/10/14 15:44:02 POLARIS_LOG {"event":"send_rate","rate":304000,"ts":1760456642.9279494}
2025/10/14 15:44:03 POLARIS_LOG {"event":"send_rate","rate":296000,"ts":1760456643.9257097}
2025/10/14 15:44:04 POLARIS_LOG {"event":"send_rate","rate":304000,"ts":1760456644.925036}
2025/10/14 15:44:05 POLARIS_LOG {"event":"send_rate","rate":296000,"ts":1760456645.9260385}
2025/10/14 15:44:06 POLARIS_LOG {"event":"send_rate","rate":304000,"ts":1760456646.923401}
2025/10/14 15:44:07 POLARIS_LOG {"event":"send_rate","rate":296000,"ts":1760456647.9262419}
2025/10/14 15:44:08 POLARIS_LOG {"event":"send_rate","rate":304000,"ts":1760456648.9237316}
2025/10/14 15:44:09 POLARIS_LOG {"event":"send_rate","rate":296000,"ts":1760456649.9264212}
2025/10/14 15:44:10 POLARIS_LOG {"event":"send_rate","rate":304000,"ts":1760456650.9236338}
2025/10/14 15:44:11 POLARIS_LOG {"event":"send_rate","rate":296000,"ts":1760456651.9287007}
2025/10/14 15:44:12 POLARIS_LOG {"event":"send_rate","rate":304000,"ts":1760456652.9240406}
2025/10/14 15:44:13 POLARIS_LOG {"event":"send_rate","rate":296000,"ts":1760456653.9230034}
2025/10/14 15:44:14 POLARIS_LOG {"event":"send_rate","rate":280000,"ts":1760456654.9275799}
2025/10/14 15:44:15 POLARIS_LOG {"event":"send_rate","rate":320000,"ts":1760456655.9236891}
2025/10/14 15:44:16 POLARIS_LOG {"event":"send_rate","rate":304000,"ts":1760456656.926061}
2025/10/14 15:44:17 POLARIS_LOG {"event":"send_rate","rate":296000,"ts":1760456657.923771}
2025/10/14 15:44:18 POLARIS_LOG {"event":"send_rate","rate":304000,"ts":1760456658.929422}
2025/10/14 15:44:19 POLARIS_LOG {"event":"send_rate","rate":296000,"ts":1760456659.9239883}
2025/10/14 15:44:20 POLARIS_LOG {"event":"send_rate","rate":304000,"ts":1760456660.9287903}
2025/10/14 15:44:21 POLARIS_LOG {"event":"send_rate","rate":296000,"ts":1760456661.9245822}
2025/10/14 15:44:22 POLARIS_LOG {"event":"send_rate","rate":304000,"ts":1760456662.9242551}
2025/10/14 15:44:23 POLARIS_LOG {"event":"send_rate","rate":296000,"ts":1760456663.9244642}
2025/10/14 15:44:24 POLARIS_LOG {"event":"send_rate","rate":296000,"ts":1760456664.9285896}
2025/10/14 15:44:25 POLARIS_LOG {"event":"send_rate","rate":304000,"ts":1760456665.928667}
2025/10/14 15:44:26 POLARIS_LOG {"event":"send_rate","rate":296000,"ts":1760456666.9236116}
2025/10/14 15:44:27 POLARIS_LOG {"event":"send_rate","rate":304000,"ts":1760456667.9231682}
2025/10/14 15:44:28 POLARIS_LOG {"event":"send_rate","rate":296000,"ts":1760456668.9238129}
2025/10/14 15:44:29 POLARIS_LOG {"event":"send_rate","rate":304000,"ts":1760456669.9299726}
2025/10/14 15:44:30 POLARIS_LOG {"event":"send_rate","rate":296000,"ts":1760456670.922836}
2025/10/14 15:44:31 POLARIS_LOG {"event":"send_rate","rate":304000,"ts":1760456671.9338484}
2025/10/14 15:44:32 POLARIS_LOG {"event":"send_rate","rate":296000,"ts":1760456672.9233801}
2025/10/14 15:44:33 POLARIS_LOG {"event":"send_rate","rate":304000,"ts":1760456673.9342096}
2025/10/14 15:44:34 POLARIS_LOG {"event":"send_rate","rate":304000,"ts":1760456674.9293637}
2025/10/14 15:44:35 POLARIS_LOG {"event":"send_rate","rate":296000,"ts":1760456675.9238882}
2025/10/14 15:44:36 POLARIS_LOG {"event":"send_rate","rate":296000,"ts":1760456676.9234822}
2025/10/14 15:44:37 POLARIS_LOG {"event":"send_rate","rate":304000,"ts":1760456677.9232767}
2025/10/14 15:44:38 POLARIS_LOG {"event":"send_rate","rate":296000,"ts":1760456678.9245632}
2025/10/14 15:44:39 POLARIS_LOG {"event":"send_rate","rate":304000,"ts":1760456679.924261}
2025/10/14 15:44:40 POLARIS_LOG {"event":"send_rate","rate":296000,"ts":1760456680.9243033}
2025/10/14 15:44:41 POLARIS_LOG {"event":"send_rate","rate":304000,"ts":1760456681.9233186}
2025/10/14 15:44:42 POLARIS_LOG {"event":"send_rate","rate":296000,"ts":1760456682.923657}
2025/10/14 15:44:43 POLARIS_LOG {"event":"send_rate","rate":304000,"ts":1760456683.9267}
2025/10/14 15:44:44 POLARIS_LOG {"event":"send_rate","rate":296000,"ts":1760456684.9326155}
2025/10/14 15:44:45 POLARIS_LOG {"event":"send_rate","rate":304000,"ts":1760456685.9252708}
2025/10/14 15:44:46 POLARIS_LOG {"event":"send_rate","rate":296000,"ts":1760456686.9236255}
2025/10/14 15:44:47 POLARIS_LOG {"event":"send_rate","rate":304000,"ts":1760456687.9240313}
2025/10/14 15:44:48 POLARIS_LOG {"event":"send_rate","rate":296000,"ts":1760456688.9250927}
2025/10/14 15:44:49 POLARIS_LOG {"event":"send_rate","rate":304000,"ts":1760456689.9234195}
2025/10/14 15:44:50 POLARIS_LOG {"event":"send_rate","rate":296000,"ts":1760456690.9228835}
2025/10/14 15:44:51 POLARIS_LOG {"event":"send_rate","rate":304000,"ts":1760456691.9235795}
2025/10/14 15:44:52 POLARIS_LOG {"event":"send_rate","rate":296000,"ts":1760456692.933236}
2025/10/14 15:44:53 POLARIS_LOG {"event":"send_rate","rate":304000,"ts":1760456693.9239619}
2025/10/14 15:44:54 POLARIS_LOG {"event":"send_rate","rate":296000,"ts":1760456694.9233258}
2025/10/14 15:44:55 POLARIS_LOG {"event":"send_rate","rate":304000,"ts":1760456695.9241314}
2025/10/14 15:44:56 POLARIS_LOG {"event":"send_rate","rate":296000,"ts":1760456696.9246006}
2025/10/14 15:44:57 POLARIS_LOG {"event":"send_rate","rate":304000,"ts":1760456697.9227724}
2025/10/14 15:44:58 POLARIS_LOG {"event":"send_rate","rate":296000,"ts":1760456698.9246922}
2025/10/14 15:44:59 POLARIS_LOG {"event":"send_rate","rate":304000,"ts":1760456699.923446}
2025/10/14 15:45:00 POLARIS_LOG {"event":"send_rate","rate":296000,"ts":1760456700.9322503}
2025/10/14 15:45:01 POLARIS_LOG {"event":"send_rate","rate":304000,"ts":1760456701.9249086}
2025/10/14 15:45:02 POLARIS_LOG {"event":"send_rate","rate":296000,"ts":1760456702.933892}
2025/10/14 15:45:03 POLARIS_LOG {"event":"send_rate","rate":304000,"ts":1760456703.9241662}
2025/10/14 15:45:04 POLARIS_LOG {"event":"send_rate","rate":296000,"ts":1760456704.9237306}
2025/10/14 15:45:05 POLARIS_LOG {"event":"send_rate","rate":280000,"ts":1760456705.928694}
2025/10/14 15:45:06 POLARIS_LOG {"event":"send_rate","rate":320000,"ts":1760456706.923232}
2025/10/14 15:45:07 POLARIS_LOG {"event":"send_rate","rate":304000,"ts":1760456707.9244897}
2025/10/14 15:45:08 POLARIS_LOG {"event":"send_rate","rate":296000,"ts":1760456708.9244053}
2025/10/14 15:45:09 POLARIS_LOG {"event":"send_rate","rate":304000,"ts":1760456709.9247317}
2025/10/14 15:45:10 POLARIS_LOG {"event":"send_rate","rate":296000,"ts":1760456710.9233973}
2025/10/14 15:45:11 POLARIS_LOG {"event":"send_rate","rate":304000,"ts":1760456711.9233456}
2025/10/14 15:45:12 POLARIS_LOG {"event":"send_rate","rate":296000,"ts":1760456712.9230978}
2025/10/14 15:45:13 POLARIS_LOG {"event":"send_rate","rate":304000,"ts":1760456713.923345}
2025/10/14 15:45:14 POLARIS_LOG {"event":"send_rate","rate":296000,"ts":1760456714.9229312}
2025/10/14 15:45:15 POLARIS_LOG {"event":"send_rate","rate":304000,"ts":1760456715.9239817}
2025/10/14 15:45:16 POLARIS_LOG {"event":"send_rate","rate":296000,"ts":1760456716.923359}
2025/10/14 15:45:17 POLARIS_LOG {"event":"send_rate","rate":304000,"ts":1760456717.9233015}
2025/10/14 15:45:18 POLARIS_LOG {"event":"send_rate","rate":296000,"ts":1760456718.924347}
2025/10/14 15:45:19 POLARIS_LOG {"event":"send_rate","rate":304000,"ts":1760456719.9245956}
2025/10/14 15:45:20 POLARIS_LOG {"event":"send_rate","rate":296000,"ts":1760456720.9232845}
2025/10/14 15:45:21 POLARIS_LOG {"event":"send_rate","rate":304000,"ts":1760456721.9233074}
2025/10/14 15:45:22 POLARIS_LOG {"event":"send_rate","rate":296000,"ts":1760456722.9236834}
2025/10/14 15:45:23 POLARIS_LOG {"event":"send_rate","rate":304000,"ts":1760456723.923004}
2025/10/14 15:45:24 POLARIS_LOG {"event":"send_rate","rate":296000,"ts":1760456724.9245582}
2025/10/14 15:45:25 POLARIS_LOG {"event":"send_rate","rate":304000,"ts":1760456725.9353366}
2025/10/14 15:45:26 POLARIS_LOG {"event":"send_rate","rate":296000,"ts":1760456726.9230032}
2025/10/14 15:45:27 POLARIS_LOG {"event":"send_rate","rate":304000,"ts":1760456727.9275599}
2025/10/14 15:45:28 POLARIS_LOG {"event":"send_rate","rate":296000,"ts":1760456728.9227374}
2025/10/14 15:45:29 POLARIS_LOG {"event":"send_rate","rate":304000,"ts":1760456729.9241788}
We need to sleep for 1 seconds before we can get the results
2025/10/14 15:45:30 POLARIS_LOG {"event":"send_rate","rate":8000,"ts":1760456730.9231248}
Drain Loop received packet
Drain Loop received non-nil payload
Client sent 10687 packets, server reported 10674 packets received
The network loss rate from client to server is 0.1%

S->C results
Attempted bandwidth: 0 bps / 0.00 Mbps
Achieved bandwidth: 0 bps / 0.00 Mbps
Loss rate: 0.0%
Interarrival time min/avg/max/mdev = -0.000/0.000/0.000/0.000 ms

C->S results
Attempted bandwidth: 299985 bps / 0.30 Mbps
Achieved bandwidth: 299621 bps / 0.30 Mbps
Loss rate: 0.1%
Interarrival time min/avg/max/mdev = 0.002/26.675/465.415/20.946 ms
