
Test parameters:
client->server: 273 seconds, 1000 bytes, 10237 packets
server->client: 273 seconds, 1000 bytes, 0 packets
2025/10/14 15:40:57 POLARIS_LOG {"current_rate":0,"event":"path_switch","new":"2 2 5 2","trigger":"initialization","ts":1760456457.0788229}
Polaris prober initialized with 38 paths
Polaris prober initialized with local 1-111,10.111.0.71:32737 and remote 1-113,10.113.0.71
2025/10/14 15:40:58 POLARIS_LOG {"event":"send_rate","rate":0,"ts":1760456458.0818348}
2025/10/14 15:40:59 POLARIS_LOG {"event":"send_rate","rate":64000,"ts":1760456459.0820959}
2025/10/14 15:41:00 POLARIS_LOG {"event":"send_rate","rate":304000,"ts":1760456460.0820127}
2025/10/14 15:41:01 POLARIS_LOG {"event":"send_rate","rate":296000,"ts":1760456461.081706}
2025/10/14 15:41:02 POLARIS_LOG {"event":"send_rate","rate":296000,"ts":1760456462.0821304}
2025/10/14 15:41:03 POLARIS_LOG {"event":"send_rate","rate":304000,"ts":1760456463.0890782}
2025/10/14 15:41:04 POLARIS_LOG {"event":"send_rate","rate":304000,"ts":1760456464.08281}
2025/10/14 15:41:05 POLARIS_LOG {"event":"send_rate","rate":296000,"ts":1760456465.0833879}
2025/10/14 15:41:06 POLARIS_LOG {"event":"send_rate","rate":304000,"ts":1760456466.090346}
2025/10/14 15:41:07 POLARIS_LOG {"event":"send_rate","rate":296000,"ts":1760456467.091401}
2025/10/14 15:41:08 POLARIS_LOG {"event":"send_rate","rate":304000,"ts":1760456468.0822632}
2025/10/14 15:41:09 POLARIS_LOG {"event":"send_rate","rate":296000,"ts":1760456469.0913212}
2025/10/14 15:41:10 POLARIS_LOG {"event":"send_rate","rate":304000,"ts":1760456470.0813282}
2025/10/14 15:41:11 POLARIS_LOG {"event":"send_rate","rate":296000,"ts":1760456471.0814185}
2025/10/14 15:41:12 POLARIS_LOG {"event":"send_rate","rate":304000,"ts":1760456472.0831864}
2025/10/14 15:41:13 POLARIS_LOG {"event":"send_rate","rate":304000,"ts":1760456473.096267}
2025/10/14 15:41:14 POLARIS_LOG {"event":"send_rate","rate":296000,"ts":1760456474.0811572}
2025/10/14 15:41:15 POLARIS_LOG {"event":"send_rate","rate":296000,"ts":1760456475.0956433}
2025/10/14 15:41:16 POLARIS_LOG {"event":"send_rate","rate":304000,"ts":1760456476.092472}
2025/10/14 15:41:17 POLARIS_LOG {"event":"send_rate","rate":160000,"ts":1760456477.0980647}
2025/10/14 15:41:18 POLARIS_LOG {"event":"send_rate","rate":248000,"ts":1760456478.087485}
2025/10/14 15:41:19 POLARIS_LOG {"event":"send_rate","rate":232000,"ts":1760456479.082173}
2025/10/14 15:41:20 POLARIS_LOG {"event":"send_rate","rate":192000,"ts":1760456480.0832474}
2025/10/14 15:41:21 POLARIS_LOG {"event":"send_rate","rate":176000,"ts":1760456481.081945}
2025/10/14 15:41:22 POLARIS_LOG {"event":"send_rate","rate":152000,"ts":1760456482.0831163}
2025/10/14 15:41:23 POLARIS_LOG {"event":"send_rate","rate":184000,"ts":1760456483.091443}
2025/10/14 15:41:24 POLARIS_LOG {"event":"send_rate","rate":264000,"ts":1760456484.0955472}
2025/10/14 15:41:25 POLARIS_LOG {"event":"send_rate","rate":296000,"ts":1760456485.0860713}
2025/10/14 15:41:26 POLARIS_LOG {"event":"send_rate","rate":240000,"ts":1760456486.1142683}
2025/10/14 15:41:27 POLARIS_LOG {"event":"send_rate","rate":240000,"ts":1760456487.0821648}
2025/10/14 15:41:27 POLARIS_LOG {"candidates":6,"candidates_unfiltered":6,"current_rate":240000,"estimated_share":500000,"event":"path_switch","max_estimated_share":500000,"new":"4 4 2 4","old":"2 2 5 2","trigger":"scheduled","ts":1760456487.0822864}
2025/10/14 15:41:28 POLARIS_LOG {"event":"send_rate","rate":1208000,"ts":1760456488.0827277}
2025/10/14 15:41:29 POLARIS_LOG {"event":"send_rate","rate":304000,"ts":1760456489.0818005}
2025/10/14 15:41:30 POLARIS_LOG {"event":"send_rate","rate":304000,"ts":1760456490.0848944}
2025/10/14 15:41:31 POLARIS_LOG {"event":"send_rate","rate":296000,"ts":1760456491.0816557}
2025/10/14 15:41:32 POLARIS_LOG {"event":"send_rate","rate":296000,"ts":1760456492.0829356}
2025/10/14 15:41:33 POLARIS_LOG {"event":"send_rate","rate":304000,"ts":1760456493.0844064}
2025/10/14 15:41:34 POLARIS_LOG {"event":"send_rate","rate":304000,"ts":1760456494.107671}
2025/10/14 15:41:35 POLARIS_LOG {"event":"send_rate","rate":296000,"ts":1760456495.0857751}
2025/10/14 15:41:36 POLARIS_LOG {"event":"send_rate","rate":304000,"ts":1760456496.0917056}
2025/10/14 15:41:37 POLARIS_LOG {"event":"send_rate","rate":296000,"ts":1760456497.0840087}
2025/10/14 15:41:38 POLARIS_LOG {"event":"send_rate","rate":304000,"ts":1760456498.091439}
2025/10/14 15:41:39 POLARIS_LOG {"event":"send_rate","rate":304000,"ts":1760456499.1024714}
2025/10/14 15:41:40 POLARIS_LOG {"event":"send_rate","rate":288000,"ts":1760456500.0860128}
2025/10/14 15:41:41 POLARIS_LOG {"event":"send_rate","rate":304000,"ts":1760456501.0856452}
2025/10/14 15:41:42 POLARIS_LOG {"event":"send_rate","rate":296000,"ts":1760456502.0818524}
2025/10/14 15:41:43 POLARIS_LOG {"event":"send_rate","rate":304000,"ts":1760456503.0828655}
2025/10/14 15:41:44 POLARIS_LOG {"event":"send_rate","rate":304000,"ts":1760456504.0995543}
2025/10/14 15:41:45 POLARIS_LOG {"event":"send_rate","rate":296000,"ts":1760456505.096955}
2025/10/14 15:41:46 POLARIS_LOG {"event":"send_rate","rate":296000,"ts":1760456506.0816724}
2025/10/14 15:41:47 POLARIS_LOG {"event":"send_rate","rate":304000,"ts":1760456507.0825434}
2025/10/14 15:41:48 POLARIS_LOG {"event":"send_rate","rate":304000,"ts":1760456508.0922961}
2025/10/14 15:41:49 POLARIS_LOG {"event":"send_rate","rate":296000,"ts":1760456509.0866022}
2025/10/14 15:41:50 POLARIS_LOG {"event":"send_rate","rate":296000,"ts":1760456510.0829835}
2025/10/14 15:41:51 POLARIS_LOG {"event":"send_rate","rate":304000,"ts":1760456511.0824478}
2025/10/14 15:41:52 POLARIS_LOG {"event":"send_rate","rate":304000,"ts":1760456512.0868237}
2025/10/14 15:41:53 POLARIS_LOG {"event":"send_rate","rate":296000,"ts":1760456513.083874}
2025/10/14 15:41:54 POLARIS_LOG {"event":"send_rate","rate":296000,"ts":1760456514.081777}
2025/10/14 15:41:55 POLARIS_LOG {"event":"send_rate","rate":304000,"ts":1760456515.0834632}
2025/10/14 15:41:56 POLARIS_LOG {"event":"send_rate","rate":304000,"ts":1760456516.1090062}
2025/10/14 15:41:57 POLARIS_LOG {"event":"send_rate","rate":296000,"ts":1760456517.092048}
2025/10/14 15:41:58 POLARIS_LOG {"event":"send_rate","rate":304000,"ts":1760456518.1005893}
2025/10/14 15:41:59 POLARIS_LOG {"event":"send_rate","rate":296000,"ts":1760456519.0831249}
2025/10/14 15:42:00 POLARIS_LOG {"event":"send_rate","rate":296000,"ts":1760456520.0826993}
2025/10/14 15:42:01 POLARIS_LOG {"event":"send_rate","rate":304000,"ts":1760456521.0832179}
2025/10/14 15:42:02 POLARIS_LOG {"event":"send_rate","rate":304000,"ts":1760456522.1010065}
2025/10/14 15:42:03 POLARIS_LOG {"event":"send_rate","rate":296000,"ts":1760456523.0872788}
2025/10/14 15:42:04 POLARIS_LOG {"event":"send_rate","rate":296000,"ts":1760456524.0817497}
2025/10/14 15:42:05 POLARIS_LOG {"event":"send_rate","rate":304000,"ts":1760456525.0840821}
2025/10/14 15:42:06 POLARIS_LOG {"event":"send_rate","rate":304000,"ts":1760456526.0991323}
2025/10/14 15:42:07 POLARIS_LOG {"event":"send_rate","rate":296000,"ts":1760456527.0912297}
2025/10/14 15:42:08 POLARIS_LOG {"event":"send_rate","rate":304000,"ts":1760456528.0959487}
2025/10/14 15:42:09 POLARIS_LOG {"event":"send_rate","rate":296000,"ts":1760456529.0817719}
2025/10/14 15:42:10 POLARIS_LOG {"event":"send_rate","rate":296000,"ts":1760456530.0823264}
2025/10/14 15:42:11 POLARIS_LOG {"event":"send_rate","rate":304000,"ts":1760456531.0810697}
2025/10/14 15:42:12 POLARIS_LOG {"event":"send_rate","rate":296000,"ts":1760456532.0811281}
2025/10/14 15:42:13 POLARIS_LOG {"event":"send_rate","rate":320000,"ts":1760456533.1323469}
2025/10/14 15:42:14 POLARIS_LOG {"event":"send_rate","rate":280000,"ts":1760456534.0812104}
2025/10/14 15:42:15 POLARIS_LOG {"event":"send_rate","rate":304000,"ts":1760456535.0829246}
2025/10/14 15:42:16 POLARIS_LOG {"event":"send_rate","rate":296000,"ts":1760456536.0843737}
2025/10/14 15:42:17 POLARIS_LOG {"event":"send_rate","rate":304000,"ts":1760456537.083214}
2025/10/14 15:42:18 POLARIS_LOG {"event":"send_rate","rate":296000,"ts":1760456538.0828009}
2025/10/14 15:42:19 POLARIS_LOG {"event":"send_rate","rate":304000,"ts":1760456539.1016972}
2025/10/14 15:42:20 POLARIS_LOG {"event":"send_rate","rate":296000,"ts":1760456540.0814238}
2025/10/14 15:42:21 POLARIS_LOG {"event":"send_rate","rate":304000,"ts":1760456541.0820088}
2025/10/14 15:42:22 POLARIS_LOG {"event":"send_rate","rate":296000,"ts":1760456542.1008537}
2025/10/14 15:42:23 POLARIS_LOG {"event":"send_rate","rate":304000,"ts":1760456543.081721}
2025/10/14 15:42:24 POLARIS_LOG {"event":"send_rate","rate":296000,"ts":1760456544.085717}
2025/10/14 15:42:25 POLARIS_LOG {"event":"send_rate","rate":304000,"ts":1760456545.081124}
2025/10/14 15:42:26 POLARIS_LOG {"event":"send_rate","rate":296000,"ts":1760456546.0821624}
2025/10/14 15:42:27 POLARIS_LOG {"event":"send_rate","rate":304000,"ts":1760456547.0836315}
2025/10/14 15:42:28 POLARIS_LOG {"event":"send_rate","rate":304000,"ts":1760456548.0956924}
2025/10/14 15:42:29 POLARIS_LOG {"event":"send_rate","rate":296000,"ts":1760456549.0900784}
2025/10/14 15:42:30 POLARIS_LOG {"event":"send_rate","rate":296000,"ts":1760456550.0811481}
2025/10/14 15:42:31 POLARIS_LOG {"event":"send_rate","rate":304000,"ts":1760456551.0816405}
2025/10/14 15:42:32 POLARIS_LOG {"event":"send_rate","rate":296000,"ts":1760456552.08251}
2025/10/14 15:42:33 POLARIS_LOG {"event":"send_rate","rate":304000,"ts":1760456553.081402}
2025/10/14 15:42:34 POLARIS_LOG {"event":"send_rate","rate":296000,"ts":1760456554.0811229}
2025/10/14 15:42:35 POLARIS_LOG {"event":"send_rate","rate":304000,"ts":1760456555.102961}
2025/10/14 15:42:36 POLARIS_LOG {"event":"send_rate","rate":296000,"ts":1760456556.0829031}
2025/10/14 15:42:37 POLARIS_LOG {"event":"send_rate","rate":304000,"ts":1760456557.088487}
2025/10/14 15:42:38 POLARIS_LOG {"event":"send_rate","rate":296000,"ts":1760456558.082419}
2025/10/14 15:42:39 POLARIS_LOG {"event":"send_rate","rate":296000,"ts":1760456559.0856354}
2025/10/14 15:42:40 POLARIS_LOG {"event":"send_rate","rate":304000,"ts":1760456560.0862696}
2025/10/14 15:42:41 POLARIS_LOG {"event":"send_rate","rate":304000,"ts":1760456561.0813382}
2025/10/14 15:42:42 POLARIS_LOG {"event":"send_rate","rate":296000,"ts":1760456562.0882268}
2025/10/14 15:42:43 POLARIS_LOG {"event":"send_rate","rate":304000,"ts":1760456563.0812414}
2025/10/14 15:42:44 POLARIS_LOG {"event":"send_rate","rate":296000,"ts":1760456564.084981}
2025/10/14 15:42:45 POLARIS_LOG {"event":"send_rate","rate":296000,"ts":1760456565.0934653}
2025/10/14 15:42:46 POLARIS_LOG {"event":"send_rate","rate":304000,"ts":1760456566.0823183}
2025/10/14 15:42:47 POLARIS_LOG {"event":"send_rate","rate":296000,"ts":1760456567.0846913}
2025/10/14 15:42:48 POLARIS_LOG {"event":"send_rate","rate":304000,"ts":1760456568.0830226}
2025/10/14 15:42:49 POLARIS_LOG {"event":"send_rate","rate":304000,"ts":1760456569.090124}
2025/10/14 15:42:50 POLARIS_LOG {"event":"send_rate","rate":296000,"ts":1760456570.082486}
2025/10/14 15:42:51 POLARIS_LOG {"event":"send_rate","rate":304000,"ts":1760456571.0824313}
2025/10/14 15:42:52 POLARIS_LOG {"event":"send_rate","rate":296000,"ts":1760456572.0849671}
2025/10/14 15:42:53 POLARIS_LOG {"event":"send_rate","rate":296000,"ts":1760456573.1226566}
2025/10/14 15:42:54 POLARIS_LOG {"event":"send_rate","rate":320000,"ts":1760456574.1342847}
2025/10/14 15:42:55 POLARIS_LOG {"event":"send_rate","rate":304000,"ts":1760456575.1410742}
2025/10/14 15:42:56 POLARIS_LOG {"event":"send_rate","rate":280000,"ts":1760456576.0918217}
2025/10/14 15:42:57 POLARIS_LOG {"event":"send_rate","rate":296000,"ts":1760456577.0817947}
2025/10/14 15:42:58 POLARIS_LOG {"event":"send_rate","rate":320000,"ts":1760456578.1375353}
2025/10/14 15:42:59 POLARIS_LOG {"event":"send_rate","rate":288000,"ts":1760456579.1025608}
2025/10/14 15:43:00 POLARIS_LOG {"event":"send_rate","rate":296000,"ts":1760456580.0859156}
2025/10/14 15:43:01 POLARIS_LOG {"event":"send_rate","rate":296000,"ts":1760456581.0951266}
2025/10/14 15:43:02 POLARIS_LOG {"event":"send_rate","rate":304000,"ts":1760456582.0830855}
2025/10/14 15:43:03 POLARIS_LOG {"event":"send_rate","rate":304000,"ts":1760456583.0923321}
2025/10/14 15:43:04 POLARIS_LOG {"event":"send_rate","rate":296000,"ts":1760456584.0938997}
2025/10/14 15:43:05 POLARIS_LOG {"event":"send_rate","rate":304000,"ts":1760456585.098491}
2025/10/14 15:43:06 POLARIS_LOG {"event":"send_rate","rate":296000,"ts":1760456586.0864134}
2025/10/14 15:43:07 POLARIS_LOG {"event":"send_rate","rate":304000,"ts":1760456587.104628}
2025/10/14 15:43:08 POLARIS_LOG {"event":"send_rate","rate":296000,"ts":1760456588.0967166}
2025/10/14 15:43:09 POLARIS_LOG {"event":"send_rate","rate":312000,"ts":1760456589.1435974}
2025/10/14 15:43:10 POLARIS_LOG {"event":"send_rate","rate":296000,"ts":1760456590.0983415}
2025/10/14 15:43:11 POLARIS_LOG {"event":"send_rate","rate":296000,"ts":1760456591.1112404}
2025/10/14 15:43:12 POLARIS_LOG {"event":"send_rate","rate":296000,"ts":1760456592.0857348}
2025/10/14 15:43:13 POLARIS_LOG {"event":"send_rate","rate":296000,"ts":1760456593.081846}
2025/10/14 15:43:14 POLARIS_LOG {"event":"send_rate","rate":312000,"ts":1760456594.1067889}
2025/10/14 15:43:15 POLARIS_LOG {"event":"send_rate","rate":288000,"ts":1760456595.0998602}
2025/10/14 15:43:16 POLARIS_LOG {"event":"send_rate","rate":304000,"ts":1760456596.0819125}
2025/10/14 15:43:17 POLARIS_LOG {"event":"send_rate","rate":304000,"ts":1760456597.10069}
2025/10/14 15:43:18 POLARIS_LOG {"event":"send_rate","rate":296000,"ts":1760456598.0859005}
2025/10/14 15:43:19 POLARIS_LOG {"event":"send_rate","rate":296000,"ts":1760456599.094485}
2025/10/14 15:43:20 POLARIS_LOG {"event":"send_rate","rate":304000,"ts":1760456600.085301}
2025/10/14 15:43:21 POLARIS_LOG {"event":"send_rate","rate":304000,"ts":1760456601.0929935}
2025/10/14 15:43:22 POLARIS_LOG {"event":"send_rate","rate":296000,"ts":1760456602.09401}
2025/10/14 15:43:23 POLARIS_LOG {"event":"send_rate","rate":304000,"ts":1760456603.1185153}
2025/10/14 15:43:24 POLARIS_LOG {"event":"send_rate","rate":296000,"ts":1760456604.0835145}
2025/10/14 15:43:25 POLARIS_LOG {"event":"send_rate","rate":312000,"ts":1760456605.1400135}
2025/10/14 15:43:26 POLARIS_LOG {"event":"send_rate","rate":288000,"ts":1760456606.093455}
2025/10/14 15:43:27 POLARIS_LOG {"event":"send_rate","rate":296000,"ts":1760456607.0853994}
2025/10/14 15:43:28 POLARIS_LOG {"event":"send_rate","rate":304000,"ts":1760456608.087657}
2025/10/14 15:43:29 POLARIS_LOG {"event":"send_rate","rate":296000,"ts":1760456609.0817387}
2025/10/14 15:43:30 POLARIS_LOG {"event":"send_rate","rate":304000,"ts":1760456610.0814347}
2025/10/14 15:43:31 POLARIS_LOG {"event":"send_rate","rate":296000,"ts":1760456611.0832276}
2025/10/14 15:43:32 POLARIS_LOG {"event":"send_rate","rate":304000,"ts":1760456612.081909}
2025/10/14 15:43:33 POLARIS_LOG {"event":"send_rate","rate":296000,"ts":1760456613.1012378}
2025/10/14 15:43:34 POLARIS_LOG {"event":"send_rate","rate":304000,"ts":1760456614.0855103}
2025/10/14 15:43:35 POLARIS_LOG {"event":"send_rate","rate":296000,"ts":1760456615.0818498}
2025/10/14 15:43:36 POLARIS_LOG {"event":"send_rate","rate":304000,"ts":1760456616.0813334}
2025/10/14 15:43:37 POLARIS_LOG {"event":"send_rate","rate":296000,"ts":1760456617.0872574}
2025/10/14 15:43:38 POLARIS_LOG {"event":"send_rate","rate":304000,"ts":1760456618.0814025}
2025/10/14 15:43:39 POLARIS_LOG {"event":"send_rate","rate":296000,"ts":1760456619.0819607}
2025/10/14 15:43:40 POLARIS_LOG {"event":"send_rate","rate":304000,"ts":1760456620.0896895}
2025/10/14 15:43:41 POLARIS_LOG {"event":"send_rate","rate":296000,"ts":1760456621.0813954}
2025/10/14 15:43:42 POLARIS_LOG {"event":"send_rate","rate":296000,"ts":1760456622.08336}
2025/10/14 15:43:43 POLARIS_LOG {"event":"send_rate","rate":304000,"ts":1760456623.081212}
2025/10/14 15:43:44 POLARIS_LOG {"event":"send_rate","rate":304000,"ts":1760456624.0937073}
2025/10/14 15:43:45 POLARIS_LOG {"event":"send_rate","rate":296000,"ts":1760456625.0957975}
2025/10/14 15:43:46 POLARIS_LOG {"event":"send_rate","rate":328000,"ts":1760456626.1576235}
2025/10/14 15:43:47 POLARIS_LOG {"event":"send_rate","rate":272000,"ts":1760456627.082519}
Skipping switch: current path 4 4 2 4 has lastEstimate 333250 >= maxEstimate 0
2025/10/14 15:43:48 POLARIS_LOG {"event":"send_rate","rate":304000,"ts":1760456628.0958824}
2025/10/14 15:43:49 POLARIS_LOG {"event":"send_rate","rate":304000,"ts":1760456629.092163}
2025/10/14 15:43:50 POLARIS_LOG {"event":"send_rate","rate":296000,"ts":1760456630.0816991}
2025/10/14 15:43:51 POLARIS_LOG {"event":"send_rate","rate":312000,"ts":1760456631.1385407}
2025/10/14 15:43:52 POLARIS_LOG {"event":"send_rate","rate":288000,"ts":1760456632.0849667}
2025/10/14 15:43:53 POLARIS_LOG {"event":"send_rate","rate":304000,"ts":1760456633.1161196}
2025/10/14 15:43:54 POLARIS_LOG {"event":"send_rate","rate":296000,"ts":1760456634.0904212}
2025/10/14 15:43:55 POLARIS_LOG {"event":"send_rate","rate":296000,"ts":1760456635.0879629}
2025/10/14 15:43:56 POLARIS_LOG {"event":"send_rate","rate":296000,"ts":1760456636.0858932}
2025/10/14 15:43:57 POLARIS_LOG {"event":"send_rate","rate":304000,"ts":1760456637.0883083}
2025/10/14 15:43:58 POLARIS_LOG {"event":"send_rate","rate":304000,"ts":1760456638.0849946}
2025/10/14 15:43:59 POLARIS_LOG {"event":"send_rate","rate":296000,"ts":1760456639.0856383}
2025/10/14 15:44:00 POLARIS_LOG {"event":"send_rate","rate":304000,"ts":1760456640.0818331}
2025/10/14 15:44:01 POLARIS_LOG {"event":"send_rate","rate":296000,"ts":1760456641.0814924}
2025/10/14 15:44:02 POLARIS_LOG {"event":"send_rate","rate":304000,"ts":1760456642.0903966}
2025/10/14 15:44:03 POLARIS_LOG {"event":"send_rate","rate":296000,"ts":1760456643.0847754}
2025/10/14 15:44:04 POLARIS_LOG {"event":"send_rate","rate":296000,"ts":1760456644.1088195}
2025/10/14 15:44:05 POLARIS_LOG {"event":"send_rate","rate":312000,"ts":1760456645.1079292}
2025/10/14 15:44:06 POLARIS_LOG {"event":"send_rate","rate":288000,"ts":1760456646.0976868}
Skipping switch: current path 4 4 2 4 has lastEstimate 333250 >= maxEstimate 0
2025/10/14 15:44:07 POLARIS_LOG {"event":"send_rate","rate":304000,"ts":1760456647.0823379}
2025/10/14 15:44:08 POLARIS_LOG {"event":"send_rate","rate":304000,"ts":1760456648.1023736}
2025/10/14 15:44:09 POLARIS_LOG {"event":"send_rate","rate":296000,"ts":1760456649.0832136}
2025/10/14 15:44:10 POLARIS_LOG {"event":"send_rate","rate":296000,"ts":1760456650.097698}
2025/10/14 15:44:11 POLARIS_LOG {"event":"send_rate","rate":304000,"ts":1760456651.08328}
2025/10/14 15:44:12 POLARIS_LOG {"event":"send_rate","rate":296000,"ts":1760456652.0830653}
2025/10/14 15:44:13 POLARIS_LOG {"event":"send_rate","rate":304000,"ts":1760456653.0830503}
2025/10/14 15:44:14 POLARIS_LOG {"event":"send_rate","rate":296000,"ts":1760456654.0907812}
2025/10/14 15:44:15 POLARIS_LOG {"event":"send_rate","rate":312000,"ts":1760456655.1025496}
2025/10/14 15:44:16 POLARIS_LOG {"event":"send_rate","rate":296000,"ts":1760456656.0888922}
2025/10/14 15:44:17 POLARIS_LOG {"event":"send_rate","rate":296000,"ts":1760456657.088616}
2025/10/14 15:44:18 POLARIS_LOG {"event":"send_rate","rate":304000,"ts":1760456658.0914254}
2025/10/14 15:44:19 POLARIS_LOG {"event":"send_rate","rate":296000,"ts":1760456659.0824301}
2025/10/14 15:44:20 POLARIS_LOG {"event":"send_rate","rate":296000,"ts":1760456660.0843458}
2025/10/14 15:44:21 POLARIS_LOG {"event":"send_rate","rate":304000,"ts":1760456661.0921748}
2025/10/14 15:44:22 POLARIS_LOG {"event":"send_rate","rate":296000,"ts":1760456662.0827303}
2025/10/14 15:44:23 POLARIS_LOG {"event":"send_rate","rate":304000,"ts":1760456663.0816944}
2025/10/14 15:44:24 POLARIS_LOG {"event":"send_rate","rate":296000,"ts":1760456664.084228}
2025/10/14 15:44:25 POLARIS_LOG {"event":"send_rate","rate":312000,"ts":1760456665.098367}
2025/10/14 15:44:26 POLARIS_LOG {"event":"send_rate","rate":288000,"ts":1760456666.081999}
2025/10/14 15:44:27 POLARIS_LOG {"event":"send_rate","rate":304000,"ts":1760456667.083804}
2025/10/14 15:44:28 POLARIS_LOG {"event":"send_rate","rate":304000,"ts":1760456668.0838335}
2025/10/14 15:44:29 POLARIS_LOG {"event":"send_rate","rate":296000,"ts":1760456669.089879}
2025/10/14 15:44:30 POLARIS_LOG {"event":"send_rate","rate":304000,"ts":1760456670.0973117}
2025/10/14 15:44:31 POLARIS_LOG {"event":"send_rate","rate":288000,"ts":1760456671.0962644}
2025/10/14 15:44:32 POLARIS_LOG {"event":"send_rate","rate":304000,"ts":1760456672.0820432}
2025/10/14 15:44:33 POLARIS_LOG {"event":"send_rate","rate":304000,"ts":1760456673.0840957}
2025/10/14 15:44:34 POLARIS_LOG {"event":"send_rate","rate":296000,"ts":1760456674.08204}
2025/10/14 15:44:35 POLARIS_LOG {"event":"send_rate","rate":304000,"ts":1760456675.0825393}
2025/10/14 15:44:36 POLARIS_LOG {"event":"send_rate","rate":296000,"ts":1760456676.0820186}
2025/10/14 15:44:37 POLARIS_LOG {"event":"send_rate","rate":304000,"ts":1760456677.084311}
2025/10/14 15:44:38 POLARIS_LOG {"event":"send_rate","rate":296000,"ts":1760456678.0818534}
2025/10/14 15:44:39 POLARIS_LOG {"event":"send_rate","rate":304000,"ts":1760456679.0824816}
2025/10/14 15:44:40 POLARIS_LOG {"event":"send_rate","rate":304000,"ts":1760456680.0855024}
2025/10/14 15:44:41 POLARIS_LOG {"event":"send_rate","rate":296000,"ts":1760456681.0875475}
2025/10/14 15:44:42 POLARIS_LOG {"event":"send_rate","rate":304000,"ts":1760456682.0968053}
2025/10/14 15:44:43 POLARIS_LOG {"event":"send_rate","rate":296000,"ts":1760456683.081539}
2025/10/14 15:44:44 POLARIS_LOG {"event":"send_rate","rate":296000,"ts":1760456684.0837948}
2025/10/14 15:44:45 POLARIS_LOG {"event":"send_rate","rate":304000,"ts":1760456685.0917904}
2025/10/14 15:44:46 POLARIS_LOG {"event":"send_rate","rate":296000,"ts":1760456686.1059825}
2025/10/14 15:44:47 POLARIS_LOG {"event":"send_rate","rate":304000,"ts":1760456687.094483}
2025/10/14 15:44:48 POLARIS_LOG {"event":"send_rate","rate":304000,"ts":1760456688.0964239}
2025/10/14 15:44:49 POLARIS_LOG {"event":"send_rate","rate":304000,"ts":1760456689.1064625}
2025/10/14 15:44:50 POLARIS_LOG {"event":"send_rate","rate":288000,"ts":1760456690.0842955}
2025/10/14 15:44:51 POLARIS_LOG {"event":"send_rate","rate":304000,"ts":1760456691.0853143}
2025/10/14 15:44:52 POLARIS_LOG {"event":"send_rate","rate":296000,"ts":1760456692.082812}
2025/10/14 15:44:53 POLARIS_LOG {"event":"send_rate","rate":304000,"ts":1760456693.0835378}
2025/10/14 15:44:54 POLARIS_LOG {"event":"send_rate","rate":304000,"ts":1760456694.1116195}
2025/10/14 15:44:55 POLARIS_LOG {"event":"send_rate","rate":296000,"ts":1760456695.084194}
2025/10/14 15:44:56 POLARIS_LOG {"event":"send_rate","rate":296000,"ts":1760456696.084201}
2025/10/14 15:44:57 POLARIS_LOG {"event":"send_rate","rate":304000,"ts":1760456697.0835752}
2025/10/14 15:44:58 POLARIS_LOG {"event":"send_rate","rate":296000,"ts":1760456698.0833213}
2025/10/14 15:44:59 POLARIS_LOG {"event":"send_rate","rate":312000,"ts":1760456699.1023934}
2025/10/14 15:45:00 POLARIS_LOG {"event":"send_rate","rate":296000,"ts":1760456700.0939803}
2025/10/14 15:45:01 POLARIS_LOG {"event":"send_rate","rate":296000,"ts":1760456701.081629}
2025/10/14 15:45:02 POLARIS_LOG {"event":"send_rate","rate":296000,"ts":1760456702.1116843}
2025/10/14 15:45:03 POLARIS_LOG {"event":"send_rate","rate":304000,"ts":1760456703.084735}
2025/10/14 15:45:04 POLARIS_LOG {"event":"send_rate","rate":296000,"ts":1760456704.082352}
2025/10/14 15:45:05 POLARIS_LOG {"event":"send_rate","rate":304000,"ts":1760456705.0954194}
2025/10/14 15:45:06 POLARIS_LOG {"event":"send_rate","rate":296000,"ts":1760456706.0862951}
2025/10/14 15:45:07 POLARIS_LOG {"event":"send_rate","rate":304000,"ts":1760456707.0872502}
2025/10/14 15:45:08 POLARIS_LOG {"event":"send_rate","rate":296000,"ts":1760456708.0842893}
2025/10/14 15:45:09 POLARIS_LOG {"event":"send_rate","rate":304000,"ts":1760456709.085212}
2025/10/14 15:45:10 POLARIS_LOG {"event":"send_rate","rate":296000,"ts":1760456710.0994956}
2025/10/14 15:45:11 POLARIS_LOG {"event":"send_rate","rate":304000,"ts":1760456711.0824575}
2025/10/14 15:45:12 POLARIS_LOG {"event":"send_rate","rate":296000,"ts":1760456712.081194}
2025/10/14 15:45:13 POLARIS_LOG {"event":"send_rate","rate":296000,"ts":1760456713.0954483}
2025/10/14 15:45:14 POLARIS_LOG {"event":"send_rate","rate":312000,"ts":1760456714.0961494}
2025/10/14 15:45:15 POLARIS_LOG {"event":"send_rate","rate":296000,"ts":1760456715.082729}
2025/10/14 15:45:16 POLARIS_LOG {"event":"send_rate","rate":304000,"ts":1760456716.108938}
2025/10/14 15:45:17 POLARIS_LOG {"event":"send_rate","rate":296000,"ts":1760456717.0965092}
2025/10/14 15:45:18 POLARIS_LOG {"event":"send_rate","rate":296000,"ts":1760456718.0848086}
2025/10/14 15:45:19 POLARIS_LOG {"event":"send_rate","rate":304000,"ts":1760456719.093061}
2025/10/14 15:45:20 POLARIS_LOG {"event":"send_rate","rate":296000,"ts":1760456720.089443}
2025/10/14 15:45:21 POLARIS_LOG {"event":"send_rate","rate":304000,"ts":1760456721.093698}
2025/10/14 15:45:22 POLARIS_LOG {"event":"send_rate","rate":288000,"ts":1760456722.1008804}
2025/10/14 15:45:23 POLARIS_LOG {"event":"send_rate","rate":312000,"ts":1760456723.0882409}
2025/10/14 15:45:24 POLARIS_LOG {"event":"send_rate","rate":296000,"ts":1760456724.0812938}
2025/10/14 15:45:25 POLARIS_LOG {"event":"send_rate","rate":304000,"ts":1760456725.0996811}
2025/10/14 15:45:26 POLARIS_LOG {"event":"send_rate","rate":296000,"ts":1760456726.1100721}
2025/10/14 15:45:27 POLARIS_LOG {"event":"send_rate","rate":304000,"ts":1760456727.0825922}
2025/10/14 15:45:28 POLARIS_LOG {"event":"send_rate","rate":304000,"ts":1760456728.1122718}
2025/10/14 15:45:29 POLARIS_LOG {"event":"send_rate","rate":296000,"ts":1760456729.0816848}
2025/10/14 15:45:30 POLARIS_LOG {"event":"send_rate","rate":296000,"ts":1760456730.090067}
2025/10/14 15:45:31 POLARIS_LOG {"event":"send_rate","rate":304000,"ts":1760456731.0872157}
Drain Loop received packet
Drain Loop received non-nil payload
Client sent 10237 packets, server reported 10200 packets received
The network loss rate from client to server is 0.4%

S->C results
Attempted bandwidth: 0 bps / 0.00 Mbps
Achieved bandwidth: 0 bps / 0.00 Mbps
Loss rate: 0.0%
Interarrival time min/avg/max/mdev = -0.000/0.000/0.000/0.000 ms

C->S results
Attempted bandwidth: 299985 bps / 0.30 Mbps
Achieved bandwidth: 298901 bps / 0.30 Mbps
Loss rate: 0.4%
Interarrival time min/avg/max/mdev = 0.002/26.600/389.619/19.053 ms
