
Test parameters:
client->server: 249 seconds, 1000 bytes, 9337 packets
server->client: 249 seconds, 1000 bytes, 0 packets
Polaris prober initialized with 38 paths
2025/10/14 15:41:21 POLARIS_LOG {"current_rate":0,"event":"path_switch","new":"2 2 5 2","trigger":"initialization","ts":1760456481.2655709}
Polaris prober initialized with local 1-111,10.111.0.71:32713 and remote 1-113,10.113.0.71
2025/10/14 15:41:22 POLARIS_LOG {"event":"send_rate","rate":0,"ts":1760456482.2681131}
2025/10/14 15:41:23 POLARIS_LOG {"event":"send_rate","rate":200000,"ts":1760456483.2680404}
2025/10/14 15:41:24 POLARIS_LOG {"event":"send_rate","rate":304000,"ts":1760456484.2699227}
2025/10/14 15:41:25 POLARIS_LOG {"event":"send_rate","rate":296000,"ts":1760456485.267727}
2025/10/14 15:41:26 POLARIS_LOG {"event":"send_rate","rate":304000,"ts":1760456486.267576}
2025/10/14 15:41:27 POLARIS_LOG {"event":"send_rate","rate":296000,"ts":1760456487.270249}
2025/10/14 15:41:28 POLARIS_LOG {"event":"send_rate","rate":304000,"ts":1760456488.2673957}
2025/10/14 15:41:29 POLARIS_LOG {"event":"send_rate","rate":296000,"ts":1760456489.2712047}
2025/10/14 15:41:30 POLARIS_LOG {"event":"send_rate","rate":312000,"ts":1760456490.2952344}
2025/10/14 15:41:31 POLARIS_LOG {"event":"send_rate","rate":288000,"ts":1760456491.2713282}
Skipping switch: current path 2 2 5 2 has lastEstimate 250000 >= maxEstimate 0
2025/10/14 15:41:32 POLARIS_LOG {"event":"send_rate","rate":304000,"ts":1760456492.2676418}
2025/10/14 15:41:33 POLARIS_LOG {"event":"send_rate","rate":296000,"ts":1760456493.268575}
2025/10/14 15:41:34 POLARIS_LOG {"event":"send_rate","rate":304000,"ts":1760456494.2699757}
2025/10/14 15:41:35 POLARIS_LOG {"event":"send_rate","rate":296000,"ts":1760456495.2677615}
2025/10/14 15:41:36 POLARIS_LOG {"event":"send_rate","rate":304000,"ts":1760456496.2677994}
2025/10/14 15:41:37 POLARIS_LOG {"event":"send_rate","rate":272000,"ts":1760456497.2699053}
2025/10/14 15:41:38 POLARIS_LOG {"event":"send_rate","rate":328000,"ts":1760456498.2679744}
2025/10/14 15:41:39 POLARIS_LOG {"event":"send_rate","rate":296000,"ts":1760456499.2724707}
2025/10/14 15:41:40 POLARIS_LOG {"event":"send_rate","rate":320000,"ts":1760456500.3320744}
2025/10/14 15:41:41 POLARIS_LOG {"event":"send_rate","rate":288000,"ts":1760456501.280077}
2025/10/14 15:41:42 POLARIS_LOG {"event":"send_rate","rate":296000,"ts":1760456502.2675622}
2025/10/14 15:41:43 POLARIS_LOG {"event":"send_rate","rate":296000,"ts":1760456503.267803}
2025/10/14 15:41:44 POLARIS_LOG {"event":"send_rate","rate":296000,"ts":1760456504.2703583}
2025/10/14 15:41:45 POLARIS_LOG {"event":"send_rate","rate":304000,"ts":1760456505.2684553}
2025/10/14 15:41:46 POLARIS_LOG {"event":"send_rate","rate":304000,"ts":1760456506.267397}
2025/10/14 15:41:47 POLARIS_LOG {"event":"send_rate","rate":296000,"ts":1760456507.2713108}
2025/10/14 15:41:48 POLARIS_LOG {"event":"send_rate","rate":296000,"ts":1760456508.30408}
2025/10/14 15:41:49 POLARIS_LOG {"event":"send_rate","rate":240000,"ts":1760456509.2677314}
2025/10/14 15:41:50 POLARIS_LOG {"event":"send_rate","rate":248000,"ts":1760456510.2752666}
2025/10/14 15:41:51 POLARIS_LOG {"event":"send_rate","rate":264000,"ts":1760456511.268268}
Skipping switch: current path 2 2 5 2 has lastEstimate 333250 >= maxEstimate 0
2025/10/14 15:41:52 POLARIS_LOG {"event":"send_rate","rate":264000,"ts":1760456512.2676353}
2025/10/14 15:41:53 POLARIS_LOG {"event":"send_rate","rate":232000,"ts":1760456513.2673254}
2025/10/14 15:41:54 POLARIS_LOG {"event":"send_rate","rate":448000,"ts":1760456514.311385}
2025/10/14 15:41:55 POLARIS_LOG {"event":"send_rate","rate":408000,"ts":1760456515.2802289}
2025/10/14 15:41:56 POLARIS_LOG {"event":"send_rate","rate":304000,"ts":1760456516.2717357}
2025/10/14 15:41:57 POLARIS_LOG {"event":"send_rate","rate":296000,"ts":1760456517.271769}
2025/10/14 15:41:58 POLARIS_LOG {"event":"send_rate","rate":304000,"ts":1760456518.2676275}
2025/10/14 15:41:59 POLARIS_LOG {"event":"send_rate","rate":296000,"ts":1760456519.2832885}
2025/10/14 15:42:00 POLARIS_LOG {"event":"send_rate","rate":312000,"ts":1760456520.3183982}
2025/10/14 15:42:01 POLARIS_LOG {"event":"send_rate","rate":288000,"ts":1760456521.270614}
Skipping switch: current path 2 2 5 2 has lastEstimate 333250 >= maxEstimate 0
2025/10/14 15:42:02 POLARIS_LOG {"event":"send_rate","rate":304000,"ts":1760456522.2682426}
2025/10/14 15:42:03 POLARIS_LOG {"event":"send_rate","rate":296000,"ts":1760456523.2677126}
2025/10/14 15:42:04 POLARIS_LOG {"event":"send_rate","rate":304000,"ts":1760456524.2786012}
2025/10/14 15:42:05 POLARIS_LOG {"event":"send_rate","rate":296000,"ts":1760456525.2680101}
2025/10/14 15:42:06 POLARIS_LOG {"event":"send_rate","rate":304000,"ts":1760456526.2704568}
2025/10/14 15:42:07 POLARIS_LOG {"event":"send_rate","rate":296000,"ts":1760456527.2672656}
2025/10/14 15:42:08 POLARIS_LOG {"event":"send_rate","rate":304000,"ts":1760456528.2861474}
2025/10/14 15:42:09 POLARIS_LOG {"event":"send_rate","rate":296000,"ts":1760456529.2686367}
2025/10/14 15:42:10 POLARIS_LOG {"event":"send_rate","rate":296000,"ts":1760456530.2711236}
2025/10/14 15:42:11 POLARIS_LOG {"event":"send_rate","rate":304000,"ts":1760456531.2700038}
2025/10/14 15:42:12 POLARIS_LOG {"event":"send_rate","rate":304000,"ts":1760456532.2801244}
2025/10/14 15:42:13 POLARIS_LOG {"event":"send_rate","rate":296000,"ts":1760456533.3241065}
2025/10/14 15:42:14 POLARIS_LOG {"event":"send_rate","rate":304000,"ts":1760456534.2842271}
2025/10/14 15:42:15 POLARIS_LOG {"event":"send_rate","rate":296000,"ts":1760456535.2677855}
2025/10/14 15:42:16 POLARIS_LOG {"event":"send_rate","rate":304000,"ts":1760456536.269365}
2025/10/14 15:42:17 POLARIS_LOG {"event":"send_rate","rate":296000,"ts":1760456537.2689672}
2025/10/14 15:42:18 POLARIS_LOG {"event":"send_rate","rate":304000,"ts":1760456538.2683764}
2025/10/14 15:42:19 POLARIS_LOG {"event":"send_rate","rate":264000,"ts":1760456539.2681656}
2025/10/14 15:42:20 POLARIS_LOG {"event":"send_rate","rate":336000,"ts":1760456540.2797241}
2025/10/14 15:42:21 POLARIS_LOG {"event":"send_rate","rate":296000,"ts":1760456541.2688553}
2025/10/14 15:42:22 POLARIS_LOG {"event":"send_rate","rate":304000,"ts":1760456542.2687702}
2025/10/14 15:42:23 POLARIS_LOG {"event":"send_rate","rate":296000,"ts":1760456543.2778678}
2025/10/14 15:42:24 POLARIS_LOG {"event":"send_rate","rate":304000,"ts":1760456544.2890713}
2025/10/14 15:42:25 POLARIS_LOG {"event":"send_rate","rate":296000,"ts":1760456545.2690117}
2025/10/14 15:42:26 POLARIS_LOG {"event":"send_rate","rate":192000,"ts":1760456546.2742748}
2025/10/14 15:42:27 POLARIS_LOG {"event":"send_rate","rate":248000,"ts":1760456547.2672591}
2025/10/14 15:42:28 POLARIS_LOG {"event":"send_rate","rate":336000,"ts":1760456548.2698512}
2025/10/14 15:42:29 POLARIS_LOG {"event":"send_rate","rate":368000,"ts":1760456549.2679727}
2025/10/14 15:42:30 POLARIS_LOG {"event":"send_rate","rate":360000,"ts":1760456550.2711685}
2025/10/14 15:42:31 POLARIS_LOG {"event":"send_rate","rate":296000,"ts":1760456551.2680428}
2025/10/14 15:42:32 POLARIS_LOG {"event":"send_rate","rate":296000,"ts":1760456552.2677288}
2025/10/14 15:42:33 POLARIS_LOG {"event":"send_rate","rate":304000,"ts":1760456553.2677379}
2025/10/14 15:42:34 POLARIS_LOG {"event":"send_rate","rate":296000,"ts":1760456554.267686}
2025/10/14 15:42:35 POLARIS_LOG {"event":"send_rate","rate":304000,"ts":1760456555.2741146}
2025/10/14 15:42:36 POLARIS_LOG {"event":"send_rate","rate":248000,"ts":1760456556.2683258}
2025/10/14 15:42:37 POLARIS_LOG {"event":"send_rate","rate":248000,"ts":1760456557.2674186}
2025/10/14 15:42:38 POLARIS_LOG {"event":"send_rate","rate":184000,"ts":1760456558.267261}
2025/10/14 15:42:39 POLARIS_LOG {"event":"send_rate","rate":248000,"ts":1760456559.2740731}
2025/10/14 15:42:40 POLARIS_LOG {"event":"send_rate","rate":192000,"ts":1760456560.2691913}
2025/10/14 15:42:41 POLARIS_LOG {"event":"send_rate","rate":368000,"ts":1760456561.271208}
2025/10/14 15:42:42 POLARIS_LOG {"event":"send_rate","rate":288000,"ts":1760456562.2847848}
2025/10/14 15:42:43 POLARIS_LOG {"event":"send_rate","rate":248000,"ts":1760456563.2704484}
2025/10/14 15:42:44 POLARIS_LOG {"event":"send_rate","rate":184000,"ts":1760456564.2727833}
2025/10/14 15:42:45 POLARIS_LOG {"event":"send_rate","rate":280000,"ts":1760456565.2685966}
2025/10/14 15:42:46 POLARIS_LOG {"event":"send_rate","rate":144000,"ts":1760456566.2920249}
2025/10/14 15:42:47 POLARIS_LOG {"event":"send_rate","rate":624000,"ts":1760456567.2677255}
2025/10/14 15:42:48 POLARIS_LOG {"event":"send_rate","rate":472000,"ts":1760456568.2678235}
2025/10/14 15:42:49 POLARIS_LOG {"event":"send_rate","rate":456000,"ts":1760456569.2678053}
2025/10/14 15:42:50 POLARIS_LOG {"event":"send_rate","rate":312000,"ts":1760456570.2685826}
2025/10/14 15:42:51 POLARIS_LOG {"event":"send_rate","rate":288000,"ts":1760456571.26802}
2025/10/14 15:42:52 POLARIS_LOG {"event":"send_rate","rate":312000,"ts":1760456572.2711837}
2025/10/14 15:42:53 POLARIS_LOG {"event":"send_rate","rate":304000,"ts":1760456573.267971}
2025/10/14 15:42:54 POLARIS_LOG {"event":"send_rate","rate":296000,"ts":1760456574.2680595}
2025/10/14 15:42:55 POLARIS_LOG {"event":"send_rate","rate":304000,"ts":1760456575.2681851}
2025/10/14 15:42:56 POLARIS_LOG {"event":"send_rate","rate":296000,"ts":1760456576.2718365}
2025/10/14 15:42:57 POLARIS_LOG {"event":"send_rate","rate":304000,"ts":1760456577.2686267}
2025/10/14 15:42:58 POLARIS_LOG {"event":"send_rate","rate":296000,"ts":1760456578.2685106}
2025/10/14 15:42:59 POLARIS_LOG {"event":"send_rate","rate":304000,"ts":1760456579.2767453}
2025/10/14 15:43:00 POLARIS_LOG {"event":"send_rate","rate":296000,"ts":1760456580.2676928}
2025/10/14 15:43:01 POLARIS_LOG {"event":"send_rate","rate":304000,"ts":1760456581.2685065}
2025/10/14 15:43:02 POLARIS_LOG {"event":"send_rate","rate":304000,"ts":1760456582.273665}
2025/10/14 15:43:03 POLARIS_LOG {"event":"send_rate","rate":296000,"ts":1760456583.268267}
2025/10/14 15:43:04 POLARIS_LOG {"event":"send_rate","rate":296000,"ts":1760456584.2678905}
2025/10/14 15:43:05 POLARIS_LOG {"event":"send_rate","rate":304000,"ts":1760456585.2677324}
2025/10/14 15:43:06 POLARIS_LOG {"event":"send_rate","rate":296000,"ts":1760456586.269396}
2025/10/14 15:43:07 POLARIS_LOG {"event":"send_rate","rate":304000,"ts":1760456587.273847}
2025/10/14 15:43:08 POLARIS_LOG {"event":"send_rate","rate":296000,"ts":1760456588.2706842}
2025/10/14 15:43:09 POLARIS_LOG {"event":"send_rate","rate":304000,"ts":1760456589.2718747}
2025/10/14 15:43:10 POLARIS_LOG {"event":"send_rate","rate":296000,"ts":1760456590.2680774}
2025/10/14 15:43:11 POLARIS_LOG {"event":"send_rate","rate":304000,"ts":1760456591.2968721}
2025/10/14 15:43:12 POLARIS_LOG {"event":"send_rate","rate":296000,"ts":1760456592.2707975}
2025/10/14 15:43:13 POLARIS_LOG {"event":"send_rate","rate":304000,"ts":1760456593.2673414}
2025/10/14 15:43:14 POLARIS_LOG {"event":"send_rate","rate":296000,"ts":1760456594.276499}
2025/10/14 15:43:15 POLARIS_LOG {"event":"send_rate","rate":304000,"ts":1760456595.2674835}
2025/10/14 15:43:16 POLARIS_LOG {"event":"send_rate","rate":296000,"ts":1760456596.26756}
2025/10/14 15:43:17 POLARIS_LOG {"event":"send_rate","rate":248000,"ts":1760456597.267526}
2025/10/14 15:43:18 POLARIS_LOG {"event":"send_rate","rate":304000,"ts":1760456598.2782974}
2025/10/14 15:43:19 POLARIS_LOG {"event":"send_rate","rate":296000,"ts":1760456599.2795172}
2025/10/14 15:43:20 POLARIS_LOG {"event":"send_rate","rate":288000,"ts":1760456600.2738006}
2025/10/14 15:43:21 POLARIS_LOG {"event":"send_rate","rate":208000,"ts":1760456601.2673318}
Skipping switch: current path 2 2 5 2 has lastEstimate 333250 >= maxEstimate 0
2025/10/14 15:43:22 POLARIS_LOG {"event":"send_rate","rate":264000,"ts":1760456602.2695477}
2025/10/14 15:43:23 POLARIS_LOG {"event":"send_rate","rate":296000,"ts":1760456603.2679355}
2025/10/14 15:43:24 POLARIS_LOG {"event":"send_rate","rate":416000,"ts":1760456604.2681556}
2025/10/14 15:43:25 POLARIS_LOG {"event":"send_rate","rate":376000,"ts":1760456605.2673342}
2025/10/14 15:43:26 POLARIS_LOG {"event":"send_rate","rate":304000,"ts":1760456606.2683737}
2025/10/14 15:43:27 POLARIS_LOG {"event":"send_rate","rate":288000,"ts":1760456607.2696867}
2025/10/14 15:43:28 POLARIS_LOG {"event":"send_rate","rate":224000,"ts":1760456608.268333}
2025/10/14 15:43:29 POLARIS_LOG {"event":"send_rate","rate":216000,"ts":1760456609.2680848}
2025/10/14 15:43:30 POLARIS_LOG {"event":"send_rate","rate":272000,"ts":1760456610.267881}
2025/10/14 15:43:31 POLARIS_LOG {"event":"send_rate","rate":336000,"ts":1760456611.3007324}
2025/10/14 15:43:32 POLARIS_LOG {"event":"send_rate","rate":344000,"ts":1760456612.2697272}
2025/10/14 15:43:33 POLARIS_LOG {"event":"send_rate","rate":320000,"ts":1760456613.2690299}
2025/10/14 15:43:34 POLARIS_LOG {"event":"send_rate","rate":280000,"ts":1760456614.2689576}
2025/10/14 15:43:35 POLARIS_LOG {"event":"send_rate","rate":376000,"ts":1760456615.2779956}
2025/10/14 15:43:36 POLARIS_LOG {"event":"send_rate","rate":344000,"ts":1760456616.2685049}
2025/10/14 15:43:37 POLARIS_LOG {"event":"send_rate","rate":304000,"ts":1760456617.2673054}
2025/10/14 15:43:38 POLARIS_LOG {"event":"send_rate","rate":304000,"ts":1760456618.293357}
2025/10/14 15:43:39 POLARIS_LOG {"event":"send_rate","rate":296000,"ts":1760456619.2682076}
2025/10/14 15:43:40 POLARIS_LOG {"event":"send_rate","rate":296000,"ts":1760456620.2894938}
2025/10/14 15:43:41 POLARIS_LOG {"event":"send_rate","rate":296000,"ts":1760456621.2724779}
2025/10/14 15:43:42 POLARIS_LOG {"event":"send_rate","rate":304000,"ts":1760456622.2856784}
2025/10/14 15:43:43 POLARIS_LOG {"event":"send_rate","rate":304000,"ts":1760456623.2673316}
2025/10/14 15:43:44 POLARIS_LOG {"event":"send_rate","rate":296000,"ts":1760456624.2785168}
2025/10/14 15:43:45 POLARIS_LOG {"event":"send_rate","rate":304000,"ts":1760456625.2682862}
2025/10/14 15:43:46 POLARIS_LOG {"event":"send_rate","rate":296000,"ts":1760456626.2743738}
2025/10/14 15:43:47 POLARIS_LOG {"event":"send_rate","rate":296000,"ts":1760456627.269688}
2025/10/14 15:43:48 POLARIS_LOG {"event":"send_rate","rate":304000,"ts":1760456628.2675867}
2025/10/14 15:43:49 POLARIS_LOG {"event":"send_rate","rate":304000,"ts":1760456629.303902}
2025/10/14 15:43:50 POLARIS_LOG {"event":"send_rate","rate":296000,"ts":1760456630.267692}
2025/10/14 15:43:51 POLARIS_LOG {"event":"send_rate","rate":296000,"ts":1760456631.268295}
2025/10/14 15:43:52 POLARIS_LOG {"event":"send_rate","rate":304000,"ts":1760456632.2675886}
2025/10/14 15:43:53 POLARIS_LOG {"event":"send_rate","rate":304000,"ts":1760456633.2690468}
2025/10/14 15:43:54 POLARIS_LOG {"event":"send_rate","rate":304000,"ts":1760456634.282986}
2025/10/14 15:43:55 POLARIS_LOG {"event":"send_rate","rate":288000,"ts":1760456635.2689188}
2025/10/14 15:43:56 POLARIS_LOG {"event":"send_rate","rate":304000,"ts":1760456636.2685819}
2025/10/14 15:43:57 POLARIS_LOG {"event":"send_rate","rate":296000,"ts":1760456637.268134}
2025/10/14 15:43:58 POLARIS_LOG {"event":"send_rate","rate":304000,"ts":1760456638.2675297}
2025/10/14 15:43:59 POLARIS_LOG {"event":"send_rate","rate":296000,"ts":1760456639.2674363}
2025/10/14 15:44:00 POLARIS_LOG {"event":"send_rate","rate":304000,"ts":1760456640.2684324}
2025/10/14 15:44:01 POLARIS_LOG {"event":"send_rate","rate":296000,"ts":1760456641.2701864}
2025/10/14 15:44:02 POLARIS_LOG {"event":"send_rate","rate":304000,"ts":1760456642.2752368}
2025/10/14 15:44:03 POLARIS_LOG {"event":"send_rate","rate":296000,"ts":1760456643.2686365}
2025/10/14 15:44:04 POLARIS_LOG {"event":"send_rate","rate":304000,"ts":1760456644.2679076}
2025/10/14 15:44:05 POLARIS_LOG {"event":"send_rate","rate":304000,"ts":1760456645.2828088}
2025/10/14 15:44:06 POLARIS_LOG {"event":"send_rate","rate":296000,"ts":1760456646.268088}
2025/10/14 15:44:07 POLARIS_LOG {"event":"send_rate","rate":296000,"ts":1760456647.268373}
2025/10/14 15:44:08 POLARIS_LOG {"event":"send_rate","rate":304000,"ts":1760456648.2674034}
2025/10/14 15:44:09 POLARIS_LOG {"event":"send_rate","rate":296000,"ts":1760456649.2691863}
2025/10/14 15:44:10 POLARIS_LOG {"event":"send_rate","rate":304000,"ts":1760456650.2923973}
2025/10/14 15:44:11 POLARIS_LOG {"event":"send_rate","rate":304000,"ts":1760456651.2934983}
2025/10/14 15:44:12 POLARIS_LOG {"event":"send_rate","rate":296000,"ts":1760456652.2676303}
2025/10/14 15:44:13 POLARIS_LOG {"event":"send_rate","rate":296000,"ts":1760456653.2834291}
2025/10/14 15:44:14 POLARIS_LOG {"event":"send_rate","rate":304000,"ts":1760456654.267923}
2025/10/14 15:44:15 POLARIS_LOG {"event":"send_rate","rate":296000,"ts":1760456655.2675173}
2025/10/14 15:44:16 POLARIS_LOG {"event":"send_rate","rate":304000,"ts":1760456656.2677112}
2025/10/14 15:44:17 POLARIS_LOG {"event":"send_rate","rate":304000,"ts":1760456657.2780595}
2025/10/14 15:44:18 POLARIS_LOG {"event":"send_rate","rate":296000,"ts":1760456658.2677636}
2025/10/14 15:44:19 POLARIS_LOG {"event":"send_rate","rate":304000,"ts":1760456659.2844923}
2025/10/14 15:44:20 POLARIS_LOG {"event":"send_rate","rate":296000,"ts":1760456660.27904}
2025/10/14 15:44:21 POLARIS_LOG {"event":"send_rate","rate":304000,"ts":1760456661.2839642}
2025/10/14 15:44:22 POLARIS_LOG {"event":"send_rate","rate":296000,"ts":1760456662.2681305}
2025/10/14 15:44:23 POLARIS_LOG {"event":"send_rate","rate":296000,"ts":1760456663.2677047}
2025/10/14 15:44:24 POLARIS_LOG {"event":"send_rate","rate":304000,"ts":1760456664.2675142}
2025/10/14 15:44:25 POLARIS_LOG {"event":"send_rate","rate":296000,"ts":1760456665.2812498}
2025/10/14 15:44:26 POLARIS_LOG {"event":"send_rate","rate":312000,"ts":1760456666.292942}
2025/10/14 15:44:27 POLARIS_LOG {"event":"send_rate","rate":296000,"ts":1760456667.2801352}
2025/10/14 15:44:28 POLARIS_LOG {"event":"send_rate","rate":296000,"ts":1760456668.2690609}
2025/10/14 15:44:29 POLARIS_LOG {"event":"send_rate","rate":304000,"ts":1760456669.2889318}
2025/10/14 15:44:30 POLARIS_LOG {"event":"send_rate","rate":296000,"ts":1760456670.279206}
2025/10/14 15:44:31 POLARIS_LOG {"event":"send_rate","rate":296000,"ts":1760456671.268173}
2025/10/14 15:44:32 POLARIS_LOG {"event":"send_rate","rate":304000,"ts":1760456672.277246}
2025/10/14 15:44:33 POLARIS_LOG {"event":"send_rate","rate":296000,"ts":1760456673.267803}
2025/10/14 15:44:34 POLARIS_LOG {"event":"send_rate","rate":304000,"ts":1760456674.2680838}
2025/10/14 15:44:35 POLARIS_LOG {"event":"send_rate","rate":304000,"ts":1760456675.281881}
2025/10/14 15:44:36 POLARIS_LOG {"event":"send_rate","rate":296000,"ts":1760456676.26853}
2025/10/14 15:44:37 POLARIS_LOG {"event":"send_rate","rate":296000,"ts":1760456677.268089}
2025/10/14 15:44:38 POLARIS_LOG {"event":"send_rate","rate":304000,"ts":1760456678.2717962}
2025/10/14 15:44:39 POLARIS_LOG {"event":"send_rate","rate":296000,"ts":1760456679.2700531}
2025/10/14 15:44:40 POLARIS_LOG {"event":"send_rate","rate":304000,"ts":1760456680.2676604}
2025/10/14 15:44:41 POLARIS_LOG {"event":"send_rate","rate":296000,"ts":1760456681.2721493}
2025/10/14 15:44:42 POLARIS_LOG {"event":"send_rate","rate":304000,"ts":1760456682.2732818}
2025/10/14 15:44:43 POLARIS_LOG {"event":"send_rate","rate":296000,"ts":1760456683.2817047}
2025/10/14 15:44:44 POLARIS_LOG {"event":"send_rate","rate":304000,"ts":1760456684.2702887}
2025/10/14 15:44:45 POLARIS_LOG {"event":"send_rate","rate":296000,"ts":1760456685.2859526}
2025/10/14 15:44:46 POLARIS_LOG {"event":"send_rate","rate":304000,"ts":1760456686.2679918}
2025/10/14 15:44:47 POLARIS_LOG {"event":"send_rate","rate":296000,"ts":1760456687.2690365}
2025/10/14 15:44:48 POLARIS_LOG {"event":"send_rate","rate":304000,"ts":1760456688.2688994}
2025/10/14 15:44:49 POLARIS_LOG {"event":"send_rate","rate":296000,"ts":1760456689.2689483}
2025/10/14 15:44:50 POLARIS_LOG {"event":"send_rate","rate":304000,"ts":1760456690.2674923}
2025/10/14 15:44:51 POLARIS_LOG {"event":"send_rate","rate":296000,"ts":1760456691.2675104}
2025/10/14 15:44:52 POLARIS_LOG {"event":"send_rate","rate":304000,"ts":1760456692.2776713}
2025/10/14 15:44:53 POLARIS_LOG {"event":"send_rate","rate":296000,"ts":1760456693.2685735}
2025/10/14 15:44:54 POLARIS_LOG {"event":"send_rate","rate":304000,"ts":1760456694.2680445}
2025/10/14 15:44:55 POLARIS_LOG {"event":"send_rate","rate":296000,"ts":1760456695.27918}
2025/10/14 15:44:56 POLARIS_LOG {"event":"send_rate","rate":304000,"ts":1760456696.2833693}
2025/10/14 15:44:57 POLARIS_LOG {"event":"send_rate","rate":296000,"ts":1760456697.2686768}
2025/10/14 15:44:58 POLARIS_LOG {"event":"send_rate","rate":304000,"ts":1760456698.2728798}
2025/10/14 15:44:59 POLARIS_LOG {"event":"send_rate","rate":296000,"ts":1760456699.2694283}
2025/10/14 15:45:00 POLARIS_LOG {"event":"send_rate","rate":296000,"ts":1760456700.2800097}
2025/10/14 15:45:01 POLARIS_LOG {"event":"send_rate","rate":304000,"ts":1760456701.2682023}
2025/10/14 15:45:02 POLARIS_LOG {"event":"send_rate","rate":304000,"ts":1760456702.268026}
2025/10/14 15:45:03 POLARIS_LOG {"event":"send_rate","rate":256000,"ts":1760456703.2677798}
2025/10/14 15:45:04 POLARIS_LOG {"event":"send_rate","rate":320000,"ts":1760456704.2796147}
2025/10/14 15:45:05 POLARIS_LOG {"event":"send_rate","rate":320000,"ts":1760456705.2679281}
2025/10/14 15:45:06 POLARIS_LOG {"event":"send_rate","rate":304000,"ts":1760456706.285117}
2025/10/14 15:45:07 POLARIS_LOG {"event":"send_rate","rate":296000,"ts":1760456707.2678423}
2025/10/14 15:45:08 POLARIS_LOG {"event":"send_rate","rate":296000,"ts":1760456708.2707522}
2025/10/14 15:45:09 POLARIS_LOG {"event":"send_rate","rate":304000,"ts":1760456709.275004}
2025/10/14 15:45:10 POLARIS_LOG {"event":"send_rate","rate":296000,"ts":1760456710.2909877}
2025/10/14 15:45:11 POLARIS_LOG {"event":"send_rate","rate":312000,"ts":1760456711.3000023}
2025/10/14 15:45:12 POLARIS_LOG {"event":"send_rate","rate":288000,"ts":1760456712.2701285}
2025/10/14 15:45:13 POLARIS_LOG {"event":"send_rate","rate":304000,"ts":1760456713.2679214}
2025/10/14 15:45:14 POLARIS_LOG {"event":"send_rate","rate":304000,"ts":1760456714.2701895}
2025/10/14 15:45:15 POLARIS_LOG {"event":"send_rate","rate":288000,"ts":1760456715.2798142}
2025/10/14 15:45:16 POLARIS_LOG {"event":"send_rate","rate":312000,"ts":1760456716.2857203}
2025/10/14 15:45:17 POLARIS_LOG {"event":"send_rate","rate":288000,"ts":1760456717.2846038}
2025/10/14 15:45:18 POLARIS_LOG {"event":"send_rate","rate":312000,"ts":1760456718.2746387}
2025/10/14 15:45:19 POLARIS_LOG {"event":"send_rate","rate":296000,"ts":1760456719.267599}
2025/10/14 15:45:20 POLARIS_LOG {"event":"send_rate","rate":296000,"ts":1760456720.2673457}
2025/10/14 15:45:21 POLARIS_LOG {"event":"send_rate","rate":304000,"ts":1760456721.2673109}
2025/10/14 15:45:22 POLARIS_LOG {"event":"send_rate","rate":288000,"ts":1760456722.2707005}
2025/10/14 15:45:23 POLARIS_LOG {"event":"send_rate","rate":312000,"ts":1760456723.2779584}
2025/10/14 15:45:24 POLARIS_LOG {"event":"send_rate","rate":304000,"ts":1760456724.2774293}
2025/10/14 15:45:25 POLARIS_LOG {"event":"send_rate","rate":296000,"ts":1760456725.26778}
2025/10/14 15:45:26 POLARIS_LOG {"event":"send_rate","rate":304000,"ts":1760456726.2792482}
2025/10/14 15:45:27 POLARIS_LOG {"event":"send_rate","rate":296000,"ts":1760456727.2682896}
2025/10/14 15:45:28 POLARIS_LOG {"event":"send_rate","rate":304000,"ts":1760456728.2893736}
2025/10/14 15:45:29 POLARIS_LOG {"event":"send_rate","rate":296000,"ts":1760456729.2758837}
2025/10/14 15:45:30 POLARIS_LOG {"event":"send_rate","rate":304000,"ts":1760456730.2715971}
2025/10/14 15:45:31 POLARIS_LOG {"event":"send_rate","rate":296000,"ts":1760456731.2710483}
We need to sleep for 1 seconds before we can get the results
Drain Loop received packet
Drain Loop received non-nil payload
Client sent 9337 packets, server reported 9221 packets received
The network loss rate from client to server is 1.2%

S->C results
Attempted bandwidth: 0 bps / 0.00 Mbps
Achieved bandwidth: 0 bps / 0.00 Mbps
Loss rate: 0.0%
Interarrival time min/avg/max/mdev = -0.000/0.000/0.000/0.000 ms

C->S results
Attempted bandwidth: 299983 bps / 0.30 Mbps
Achieved bandwidth: 296257 bps / 0.30 Mbps
Loss rate: 1.2%
Interarrival time min/avg/max/mdev = 0.002/26.696/633.402/24.631 ms
