
Test parameters:
client->server: 291 seconds, 1000 bytes, 10912 packets
server->client: 291 seconds, 1000 bytes, 0 packets
2025/10/14 15:40:38 POLARIS_LOG {"current_rate":0,"event":"path_switch","new":"2 2 5 2","trigger":"initialization","ts":1760456438.8764744}
Polaris prober initialized with 38 paths
Polaris prober initialized with local 1-111,10.111.0.71:32755 and remote 1-113,10.113.0.71
2025/10/14 15:40:39 POLARIS_LOG {"event":"send_rate","rate":304000,"ts":1760456439.8791914}
2025/10/14 15:40:40 POLARIS_LOG {"event":"send_rate","rate":296000,"ts":1760456440.881747}
2025/10/14 15:40:41 POLARIS_LOG {"event":"send_rate","rate":304000,"ts":1760456441.8796482}
2025/10/14 15:40:42 POLARIS_LOG {"event":"send_rate","rate":296000,"ts":1760456442.8796315}
2025/10/14 15:40:43 POLARIS_LOG {"event":"send_rate","rate":304000,"ts":1760456443.8799105}
2025/10/14 15:40:44 POLARIS_LOG {"event":"send_rate","rate":296000,"ts":1760456444.8793488}
2025/10/14 15:40:45 POLARIS_LOG {"event":"send_rate","rate":304000,"ts":1760456445.8788655}
2025/10/14 15:40:46 POLARIS_LOG {"event":"send_rate","rate":296000,"ts":1760456446.8802192}
2025/10/14 15:40:47 POLARIS_LOG {"event":"send_rate","rate":296000,"ts":1760456447.8800364}
2025/10/14 15:40:48 POLARIS_LOG {"event":"send_rate","rate":304000,"ts":1760456448.8791845}
2025/10/14 15:40:49 POLARIS_LOG {"event":"send_rate","rate":296000,"ts":1760456449.8785655}
2025/10/14 15:40:50 POLARIS_LOG {"event":"send_rate","rate":304000,"ts":1760456450.879288}
2025/10/14 15:40:51 POLARIS_LOG {"event":"send_rate","rate":296000,"ts":1760456451.8784792}
2025/10/14 15:40:52 POLARIS_LOG {"event":"send_rate","rate":304000,"ts":1760456452.8817952}
2025/10/14 15:40:53 POLARIS_LOG {"event":"send_rate","rate":296000,"ts":1760456453.8790736}
2025/10/14 15:40:54 POLARIS_LOG {"event":"send_rate","rate":304000,"ts":1760456454.880141}
2025/10/14 15:40:55 POLARIS_LOG {"event":"send_rate","rate":304000,"ts":1760456455.879331}
2025/10/14 15:40:56 POLARIS_LOG {"event":"send_rate","rate":296000,"ts":1760456456.8787856}
2025/10/14 15:40:57 POLARIS_LOG {"event":"send_rate","rate":296000,"ts":1760456457.8810666}
2025/10/14 15:40:58 POLARIS_LOG {"event":"send_rate","rate":296000,"ts":1760456458.8828511}
2025/10/14 15:40:59 POLARIS_LOG {"event":"send_rate","rate":304000,"ts":1760456459.88085}
2025/10/14 15:41:00 POLARIS_LOG {"event":"send_rate","rate":192000,"ts":1760456460.8792543}
2025/10/14 15:41:01 POLARIS_LOG {"event":"send_rate","rate":168000,"ts":1760456461.8798835}
2025/10/14 15:41:02 POLARIS_LOG {"event":"send_rate","rate":128000,"ts":1760456462.8794355}
2025/10/14 15:41:03 POLARIS_LOG {"event":"send_rate","rate":120000,"ts":1760456463.8790708}
2025/10/14 15:41:04 POLARIS_LOG {"event":"send_rate","rate":168000,"ts":1760456464.8921483}
2025/10/14 15:41:05 POLARIS_LOG {"event":"send_rate","rate":176000,"ts":1760456465.8808868}
2025/10/14 15:41:06 POLARIS_LOG {"event":"send_rate","rate":184000,"ts":1760456466.8794591}
2025/10/14 15:41:07 POLARIS_LOG {"event":"send_rate","rate":216000,"ts":1760456467.8877976}
2025/10/14 15:41:08 POLARIS_LOG {"event":"send_rate","rate":240000,"ts":1760456468.8785129}
2025/10/14 15:41:09 POLARIS_LOG {"event":"send_rate","rate":328000,"ts":1760456469.879277}
2025/10/14 15:41:10 POLARIS_LOG {"event":"send_rate","rate":176000,"ts":1760456470.8795893}
2025/10/14 15:41:11 POLARIS_LOG {"event":"send_rate","rate":232000,"ts":1760456471.8791366}
2025/10/14 15:41:12 POLARIS_LOG {"event":"send_rate","rate":224000,"ts":1760456472.8786116}
2025/10/14 15:41:13 POLARIS_LOG {"event":"send_rate","rate":336000,"ts":1760456473.8851984}
2025/10/14 15:41:14 POLARIS_LOG {"event":"send_rate","rate":240000,"ts":1760456474.8796442}
2025/10/14 15:41:15 POLARIS_LOG {"event":"send_rate","rate":248000,"ts":1760456475.880039}
2025/10/14 15:41:16 POLARIS_LOG {"event":"send_rate","rate":240000,"ts":1760456476.879468}
2025/10/14 15:41:17 POLARIS_LOG {"event":"send_rate","rate":184000,"ts":1760456477.879676}
2025/10/14 15:41:18 POLARIS_LOG {"event":"send_rate","rate":136000,"ts":1760456478.8789277}
2025/10/14 15:41:18 POLARIS_LOG {"candidates":4,"candidates_unfiltered":4,"current_rate":136000,"estimated_share":666500,"event":"path_switch","max_estimated_share":666500,"new":"5 5 3 5","old":"2 2 5 2","trigger":"scheduled","ts":1760456478.8800526}
2025/10/14 15:41:19 POLARIS_LOG {"event":"send_rate","rate":2064000,"ts":1760456479.8784418}
2025/10/14 15:41:20 POLARIS_LOG {"event":"send_rate","rate":304000,"ts":1760456480.87934}
2025/10/14 15:41:21 POLARIS_LOG {"event":"send_rate","rate":296000,"ts":1760456481.8824599}
2025/10/14 15:41:22 POLARIS_LOG {"event":"send_rate","rate":304000,"ts":1760456482.8793468}
2025/10/14 15:41:23 POLARIS_LOG {"event":"send_rate","rate":296000,"ts":1760456483.887529}
2025/10/14 15:41:24 POLARIS_LOG {"event":"send_rate","rate":304000,"ts":1760456484.8784049}
2025/10/14 15:41:25 POLARIS_LOG {"event":"send_rate","rate":304000,"ts":1760456485.9061909}
2025/10/14 15:41:26 POLARIS_LOG {"event":"send_rate","rate":296000,"ts":1760456486.8789732}
2025/10/14 15:41:27 POLARIS_LOG {"event":"send_rate","rate":296000,"ts":1760456487.8787298}
2025/10/14 15:41:28 POLARIS_LOG {"event":"send_rate","rate":304000,"ts":1760456488.880619}
2025/10/14 15:41:29 POLARIS_LOG {"event":"send_rate","rate":296000,"ts":1760456489.879495}
2025/10/14 15:41:30 POLARIS_LOG {"event":"send_rate","rate":304000,"ts":1760456490.8799546}
2025/10/14 15:41:31 POLARIS_LOG {"event":"send_rate","rate":296000,"ts":1760456491.8792484}
2025/10/14 15:41:32 POLARIS_LOG {"event":"send_rate","rate":304000,"ts":1760456492.8791275}
2025/10/14 15:41:33 POLARIS_LOG {"event":"send_rate","rate":296000,"ts":1760456493.8785229}
2025/10/14 15:41:34 POLARIS_LOG {"event":"send_rate","rate":304000,"ts":1760456494.8800871}
2025/10/14 15:41:35 POLARIS_LOG {"event":"send_rate","rate":296000,"ts":1760456495.8793545}
2025/10/14 15:41:36 POLARIS_LOG {"event":"send_rate","rate":304000,"ts":1760456496.8800986}
2025/10/14 15:41:37 POLARIS_LOG {"event":"send_rate","rate":296000,"ts":1760456497.879551}
2025/10/14 15:41:38 POLARIS_LOG {"event":"send_rate","rate":304000,"ts":1760456498.8878045}
2025/10/14 15:41:39 POLARIS_LOG {"event":"send_rate","rate":296000,"ts":1760456499.8794878}
2025/10/14 15:41:40 POLARIS_LOG {"event":"send_rate","rate":304000,"ts":1760456500.888553}
2025/10/14 15:41:41 POLARIS_LOG {"event":"send_rate","rate":296000,"ts":1760456501.8800445}
2025/10/14 15:41:42 POLARIS_LOG {"event":"send_rate","rate":304000,"ts":1760456502.8838866}
2025/10/14 15:41:43 POLARIS_LOG {"event":"send_rate","rate":296000,"ts":1760456503.8798738}
2025/10/14 15:41:44 POLARIS_LOG {"event":"send_rate","rate":304000,"ts":1760456504.8790221}
2025/10/14 15:41:45 POLARIS_LOG {"event":"send_rate","rate":296000,"ts":1760456505.8820324}
2025/10/14 15:41:46 POLARIS_LOG {"event":"send_rate","rate":304000,"ts":1760456506.8793871}
2025/10/14 15:41:47 POLARIS_LOG {"event":"send_rate","rate":296000,"ts":1760456507.8784938}
2025/10/14 15:41:48 POLARIS_LOG {"event":"send_rate","rate":304000,"ts":1760456508.8796368}
2025/10/14 15:41:49 POLARIS_LOG {"event":"send_rate","rate":296000,"ts":1760456509.8829277}
2025/10/14 15:41:50 POLARIS_LOG {"event":"send_rate","rate":304000,"ts":1760456510.889027}
2025/10/14 15:41:51 POLARIS_LOG {"event":"send_rate","rate":296000,"ts":1760456511.8948188}
2025/10/14 15:41:52 POLARIS_LOG {"event":"send_rate","rate":304000,"ts":1760456512.8791995}
2025/10/14 15:41:53 POLARIS_LOG {"event":"send_rate","rate":296000,"ts":1760456513.8788}
2025/10/14 15:41:54 POLARIS_LOG {"event":"send_rate","rate":304000,"ts":1760456514.8793514}
2025/10/14 15:41:55 POLARIS_LOG {"event":"send_rate","rate":296000,"ts":1760456515.8794568}
2025/10/14 15:41:56 POLARIS_LOG {"event":"send_rate","rate":304000,"ts":1760456516.8804224}
2025/10/14 15:41:57 POLARIS_LOG {"event":"send_rate","rate":296000,"ts":1760456517.8790429}
2025/10/14 15:41:58 POLARIS_LOG {"event":"send_rate","rate":304000,"ts":1760456518.8796914}
2025/10/14 15:41:59 POLARIS_LOG {"event":"send_rate","rate":296000,"ts":1760456519.879103}
2025/10/14 15:42:00 POLARIS_LOG {"event":"send_rate","rate":304000,"ts":1760456520.8801126}
2025/10/14 15:42:01 POLARIS_LOG {"event":"send_rate","rate":296000,"ts":1760456521.881736}
2025/10/14 15:42:02 POLARIS_LOG {"event":"send_rate","rate":304000,"ts":1760456522.8792284}
2025/10/14 15:42:03 POLARIS_LOG {"event":"send_rate","rate":296000,"ts":1760456523.8859763}
2025/10/14 15:42:04 POLARIS_LOG {"event":"send_rate","rate":304000,"ts":1760456524.88254}
2025/10/14 15:42:05 POLARIS_LOG {"event":"send_rate","rate":296000,"ts":1760456525.8794441}
2025/10/14 15:42:06 POLARIS_LOG {"event":"send_rate","rate":304000,"ts":1760456526.880101}
2025/10/14 15:42:07 POLARIS_LOG {"event":"send_rate","rate":288000,"ts":1760456527.8889897}
2025/10/14 15:42:08 POLARIS_LOG {"event":"send_rate","rate":312000,"ts":1760456528.8902314}
Skipping switch: current path 5 5 3 5 has lastEstimate 400000 >= maxEstimate 0
2025/10/14 15:42:09 POLARIS_LOG {"event":"send_rate","rate":296000,"ts":1760456529.8807971}
2025/10/14 15:42:10 POLARIS_LOG {"event":"send_rate","rate":304000,"ts":1760456530.892246}
2025/10/14 15:42:11 POLARIS_LOG {"event":"send_rate","rate":296000,"ts":1760456531.8795478}
2025/10/14 15:42:12 POLARIS_LOG {"event":"send_rate","rate":304000,"ts":1760456532.8796637}
2025/10/14 15:42:13 POLARIS_LOG {"event":"send_rate","rate":296000,"ts":1760456533.8787932}
2025/10/14 15:42:14 POLARIS_LOG {"event":"send_rate","rate":304000,"ts":1760456534.8801055}
2025/10/14 15:42:15 POLARIS_LOG {"event":"send_rate","rate":296000,"ts":1760456535.881018}
2025/10/14 15:42:16 POLARIS_LOG {"event":"send_rate","rate":304000,"ts":1760456536.878777}
2025/10/14 15:42:17 POLARIS_LOG {"event":"send_rate","rate":296000,"ts":1760456537.8788793}
2025/10/14 15:42:18 POLARIS_LOG {"event":"send_rate","rate":304000,"ts":1760456538.8809283}
2025/10/14 15:42:19 POLARIS_LOG {"event":"send_rate","rate":296000,"ts":1760456539.8844771}
2025/10/14 15:42:20 POLARIS_LOG {"event":"send_rate","rate":296000,"ts":1760456540.878801}
2025/10/14 15:42:21 POLARIS_LOG {"event":"send_rate","rate":304000,"ts":1760456541.8787878}
2025/10/14 15:42:22 POLARIS_LOG {"event":"send_rate","rate":304000,"ts":1760456542.878565}
2025/10/14 15:42:23 POLARIS_LOG {"event":"send_rate","rate":296000,"ts":1760456543.8787663}
2025/10/14 15:42:24 POLARIS_LOG {"event":"send_rate","rate":296000,"ts":1760456544.879232}
2025/10/14 15:42:25 POLARIS_LOG {"event":"send_rate","rate":304000,"ts":1760456545.8815727}
2025/10/14 15:42:26 POLARIS_LOG {"event":"send_rate","rate":304000,"ts":1760456546.8799922}
2025/10/14 15:42:27 POLARIS_LOG {"event":"send_rate","rate":296000,"ts":1760456547.8792243}
2025/10/14 15:42:28 POLARIS_LOG {"event":"send_rate","rate":304000,"ts":1760456548.8820894}
2025/10/14 15:42:29 POLARIS_LOG {"event":"send_rate","rate":296000,"ts":1760456549.8786576}
2025/10/14 15:42:30 POLARIS_LOG {"event":"send_rate","rate":304000,"ts":1760456550.8825085}
2025/10/14 15:42:31 POLARIS_LOG {"event":"send_rate","rate":296000,"ts":1760456551.8791206}
2025/10/14 15:42:32 POLARIS_LOG {"event":"send_rate","rate":304000,"ts":1760456552.8796754}
2025/10/14 15:42:33 POLARIS_LOG {"event":"send_rate","rate":296000,"ts":1760456553.8796403}
2025/10/14 15:42:34 POLARIS_LOG {"event":"send_rate","rate":296000,"ts":1760456554.8794136}
2025/10/14 15:42:35 POLARIS_LOG {"event":"send_rate","rate":304000,"ts":1760456555.8828175}
2025/10/14 15:42:36 POLARIS_LOG {"event":"send_rate","rate":296000,"ts":1760456556.8784406}
2025/10/14 15:42:37 POLARIS_LOG {"event":"send_rate","rate":304000,"ts":1760456557.8883424}
2025/10/14 15:42:38 POLARIS_LOG {"event":"send_rate","rate":296000,"ts":1760456558.8789384}
2025/10/14 15:42:39 POLARIS_LOG {"event":"send_rate","rate":304000,"ts":1760456559.8794942}
2025/10/14 15:42:40 POLARIS_LOG {"event":"send_rate","rate":296000,"ts":1760456560.8787763}
2025/10/14 15:42:41 POLARIS_LOG {"event":"send_rate","rate":304000,"ts":1760456561.8792114}
2025/10/14 15:42:42 POLARIS_LOG {"event":"send_rate","rate":304000,"ts":1760456562.8801625}
2025/10/14 15:42:43 POLARIS_LOG {"event":"send_rate","rate":304000,"ts":1760456563.9147205}
2025/10/14 15:42:44 POLARIS_LOG {"event":"send_rate","rate":296000,"ts":1760456564.8956223}
2025/10/14 15:42:45 POLARIS_LOG {"event":"send_rate","rate":296000,"ts":1760456565.8787286}
2025/10/14 15:42:46 POLARIS_LOG {"event":"send_rate","rate":296000,"ts":1760456566.8788242}
2025/10/14 15:42:47 POLARIS_LOG {"event":"send_rate","rate":304000,"ts":1760456567.8891191}
2025/10/14 15:42:48 POLARIS_LOG {"event":"send_rate","rate":296000,"ts":1760456568.8818514}
2025/10/14 15:42:49 POLARIS_LOG {"event":"send_rate","rate":304000,"ts":1760456569.8824966}
2025/10/14 15:42:50 POLARIS_LOG {"event":"send_rate","rate":296000,"ts":1760456570.8793414}
2025/10/14 15:42:51 POLARIS_LOG {"event":"send_rate","rate":304000,"ts":1760456571.8800778}
2025/10/14 15:42:52 POLARIS_LOG {"event":"send_rate","rate":296000,"ts":1760456572.8794067}
2025/10/14 15:42:53 POLARIS_LOG {"event":"send_rate","rate":304000,"ts":1760456573.8787544}
2025/10/14 15:42:54 POLARIS_LOG {"event":"send_rate","rate":296000,"ts":1760456574.878786}
2025/10/14 15:42:55 POLARIS_LOG {"event":"send_rate","rate":304000,"ts":1760456575.8795044}
2025/10/14 15:42:56 POLARIS_LOG {"event":"send_rate","rate":296000,"ts":1760456576.8802485}
2025/10/14 15:42:57 POLARIS_LOG {"event":"send_rate","rate":304000,"ts":1760456577.8794222}
2025/10/14 15:42:58 POLARIS_LOG {"event":"send_rate","rate":296000,"ts":1760456578.8988369}
2025/10/14 15:42:59 POLARIS_LOG {"event":"send_rate","rate":312000,"ts":1760456579.9012768}
2025/10/14 15:43:00 POLARIS_LOG {"event":"send_rate","rate":288000,"ts":1760456580.879348}
2025/10/14 15:43:01 POLARIS_LOG {"event":"send_rate","rate":304000,"ts":1760456581.8796046}
2025/10/14 15:43:02 POLARIS_LOG {"event":"send_rate","rate":296000,"ts":1760456582.8786967}
2025/10/14 15:43:03 POLARIS_LOG {"event":"send_rate","rate":304000,"ts":1760456583.8822708}
2025/10/14 15:43:04 POLARIS_LOG {"event":"send_rate","rate":296000,"ts":1760456584.8799343}
2025/10/14 15:43:05 POLARIS_LOG {"event":"send_rate","rate":304000,"ts":1760456585.878832}
2025/10/14 15:43:06 POLARIS_LOG {"event":"send_rate","rate":304000,"ts":1760456586.8849936}
2025/10/14 15:43:07 POLARIS_LOG {"event":"send_rate","rate":296000,"ts":1760456587.8786771}
2025/10/14 15:43:08 POLARIS_LOG {"event":"send_rate","rate":296000,"ts":1760456588.9276016}
2025/10/14 15:43:09 POLARIS_LOG {"event":"send_rate","rate":304000,"ts":1760456589.8841941}
2025/10/14 15:43:10 POLARIS_LOG {"event":"send_rate","rate":296000,"ts":1760456590.8804848}
2025/10/14 15:43:11 POLARIS_LOG {"event":"send_rate","rate":304000,"ts":1760456591.8788614}
2025/10/14 15:43:12 POLARIS_LOG {"event":"send_rate","rate":296000,"ts":1760456592.8793757}
2025/10/14 15:43:13 POLARIS_LOG {"event":"send_rate","rate":304000,"ts":1760456593.8952591}
2025/10/14 15:43:14 POLARIS_LOG {"event":"send_rate","rate":288000,"ts":1760456594.8901408}
2025/10/14 15:43:15 POLARIS_LOG {"event":"send_rate","rate":312000,"ts":1760456595.8805408}
2025/10/14 15:43:16 POLARIS_LOG {"event":"send_rate","rate":296000,"ts":1760456596.879356}
2025/10/14 15:43:17 POLARIS_LOG {"event":"send_rate","rate":304000,"ts":1760456597.8789544}
2025/10/14 15:43:18 POLARIS_LOG {"event":"send_rate","rate":296000,"ts":1760456598.8796842}
2025/10/14 15:43:19 POLARIS_LOG {"event":"send_rate","rate":304000,"ts":1760456599.8832026}
2025/10/14 15:43:20 POLARIS_LOG {"event":"send_rate","rate":296000,"ts":1760456600.8807266}
2025/10/14 15:43:21 POLARIS_LOG {"event":"send_rate","rate":304000,"ts":1760456601.8790941}
2025/10/14 15:43:22 POLARIS_LOG {"event":"send_rate","rate":296000,"ts":1760456602.88514}
2025/10/14 15:43:23 POLARIS_LOG {"event":"send_rate","rate":304000,"ts":1760456603.8812516}
2025/10/14 15:43:24 POLARIS_LOG {"event":"send_rate","rate":296000,"ts":1760456604.8833034}
2025/10/14 15:43:25 POLARIS_LOG {"event":"send_rate","rate":304000,"ts":1760456605.8813992}
2025/10/14 15:43:26 POLARIS_LOG {"event":"send_rate","rate":296000,"ts":1760456606.8796537}
2025/10/14 15:43:27 POLARIS_LOG {"event":"send_rate","rate":304000,"ts":1760456607.8794954}
2025/10/14 15:43:28 POLARIS_LOG {"event":"send_rate","rate":296000,"ts":1760456608.8789744}
2025/10/14 15:43:29 POLARIS_LOG {"event":"send_rate","rate":304000,"ts":1760456609.8836467}
2025/10/14 15:43:30 POLARIS_LOG {"event":"send_rate","rate":296000,"ts":1760456610.8794172}
2025/10/14 15:43:31 POLARIS_LOG {"event":"send_rate","rate":304000,"ts":1760456611.8787167}
2025/10/14 15:43:32 POLARIS_LOG {"event":"send_rate","rate":296000,"ts":1760456612.8786929}
2025/10/14 15:43:33 POLARIS_LOG {"event":"send_rate","rate":304000,"ts":1760456613.879098}
2025/10/14 15:43:34 POLARIS_LOG {"event":"send_rate","rate":296000,"ts":1760456614.8803651}
2025/10/14 15:43:35 POLARIS_LOG {"event":"send_rate","rate":304000,"ts":1760456615.879171}
2025/10/14 15:43:36 POLARIS_LOG {"event":"send_rate","rate":296000,"ts":1760456616.878701}
2025/10/14 15:43:37 POLARIS_LOG {"event":"send_rate","rate":304000,"ts":1760456617.8791456}
2025/10/14 15:43:38 POLARIS_LOG {"event":"send_rate","rate":296000,"ts":1760456618.8793395}
2025/10/14 15:43:39 POLARIS_LOG {"event":"send_rate","rate":304000,"ts":1760456619.879536}
2025/10/14 15:43:40 POLARIS_LOG {"event":"send_rate","rate":304000,"ts":1760456620.9029255}
2025/10/14 15:43:41 POLARIS_LOG {"event":"send_rate","rate":296000,"ts":1760456621.8788054}
2025/10/14 15:43:42 POLARIS_LOG {"event":"send_rate","rate":296000,"ts":1760456622.878435}
2025/10/14 15:43:43 POLARIS_LOG {"event":"send_rate","rate":304000,"ts":1760456623.8800642}
2025/10/14 15:43:44 POLARIS_LOG {"event":"send_rate","rate":296000,"ts":1760456624.8793054}
2025/10/14 15:43:45 POLARIS_LOG {"event":"send_rate","rate":304000,"ts":1760456625.8814812}
2025/10/14 15:43:46 POLARIS_LOG {"event":"send_rate","rate":288000,"ts":1760456626.886982}
2025/10/14 15:43:47 POLARIS_LOG {"event":"send_rate","rate":312000,"ts":1760456627.8805423}
2025/10/14 15:43:48 POLARIS_LOG {"event":"send_rate","rate":296000,"ts":1760456628.879929}
2025/10/14 15:43:49 POLARIS_LOG {"event":"send_rate","rate":304000,"ts":1760456629.8812752}
2025/10/14 15:43:50 POLARIS_LOG {"event":"send_rate","rate":296000,"ts":1760456630.87994}
2025/10/14 15:43:51 POLARIS_LOG {"event":"send_rate","rate":304000,"ts":1760456631.891732}
2025/10/14 15:43:52 POLARIS_LOG {"event":"send_rate","rate":296000,"ts":1760456632.8797321}
2025/10/14 15:43:53 POLARIS_LOG {"event":"send_rate","rate":304000,"ts":1760456633.879234}
2025/10/14 15:43:54 POLARIS_LOG {"event":"send_rate","rate":296000,"ts":1760456634.87921}
2025/10/14 15:43:55 POLARIS_LOG {"event":"send_rate","rate":304000,"ts":1760456635.8786976}
2025/10/14 15:43:56 POLARIS_LOG {"event":"send_rate","rate":296000,"ts":1760456636.8845522}
2025/10/14 15:43:57 POLARIS_LOG {"event":"send_rate","rate":304000,"ts":1760456637.8800838}
2025/10/14 15:43:58 POLARIS_LOG {"event":"send_rate","rate":296000,"ts":1760456638.8851752}
2025/10/14 15:43:59 POLARIS_LOG {"event":"send_rate","rate":304000,"ts":1760456639.88365}
2025/10/14 15:44:00 POLARIS_LOG {"event":"send_rate","rate":296000,"ts":1760456640.8867712}
2025/10/14 15:44:01 POLARIS_LOG {"event":"send_rate","rate":304000,"ts":1760456641.9008949}
2025/10/14 15:44:02 POLARIS_LOG {"event":"send_rate","rate":296000,"ts":1760456642.879214}
2025/10/14 15:44:03 POLARIS_LOG {"event":"send_rate","rate":296000,"ts":1760456643.8789008}
2025/10/14 15:44:04 POLARIS_LOG {"event":"send_rate","rate":304000,"ts":1760456644.8802485}
2025/10/14 15:44:05 POLARIS_LOG {"event":"send_rate","rate":304000,"ts":1760456645.878741}
2025/10/14 15:44:06 POLARIS_LOG {"event":"send_rate","rate":296000,"ts":1760456646.8789914}
2025/10/14 15:44:07 POLARIS_LOG {"event":"send_rate","rate":296000,"ts":1760456647.8792822}
2025/10/14 15:44:08 POLARIS_LOG {"event":"send_rate","rate":304000,"ts":1760456648.8786035}
2025/10/14 15:44:09 POLARIS_LOG {"event":"send_rate","rate":296000,"ts":1760456649.879017}
2025/10/14 15:44:10 POLARIS_LOG {"event":"send_rate","rate":304000,"ts":1760456650.8809068}
2025/10/14 15:44:11 POLARIS_LOG {"event":"send_rate","rate":304000,"ts":1760456651.8795319}
2025/10/14 15:44:12 POLARIS_LOG {"event":"send_rate","rate":296000,"ts":1760456652.8785336}
2025/10/14 15:44:13 POLARIS_LOG {"event":"send_rate","rate":304000,"ts":1760456653.8800492}
2025/10/14 15:44:14 POLARIS_LOG {"event":"send_rate","rate":296000,"ts":1760456654.886784}
2025/10/14 15:44:15 POLARIS_LOG {"event":"send_rate","rate":296000,"ts":1760456655.8790019}
2025/10/14 15:44:16 POLARIS_LOG {"event":"send_rate","rate":304000,"ts":1760456656.8791132}
2025/10/14 15:44:17 POLARIS_LOG {"event":"send_rate","rate":296000,"ts":1760456657.8791733}
2025/10/14 15:44:18 POLARIS_LOG {"event":"send_rate","rate":304000,"ts":1760456658.8867476}
2025/10/14 15:44:19 POLARIS_LOG {"event":"send_rate","rate":304000,"ts":1760456659.8807123}
2025/10/14 15:44:20 POLARIS_LOG {"event":"send_rate","rate":296000,"ts":1760456660.8791997}
2025/10/14 15:44:21 POLARIS_LOG {"event":"send_rate","rate":296000,"ts":1760456661.8784046}
2025/10/14 15:44:22 POLARIS_LOG {"event":"send_rate","rate":304000,"ts":1760456662.8801167}
2025/10/14 15:44:23 POLARIS_LOG {"event":"send_rate","rate":296000,"ts":1760456663.8793151}
2025/10/14 15:44:24 POLARIS_LOG {"event":"send_rate","rate":304000,"ts":1760456664.879174}
2025/10/14 15:44:25 POLARIS_LOG {"event":"send_rate","rate":296000,"ts":1760456665.8818982}
2025/10/14 15:44:26 POLARIS_LOG {"event":"send_rate","rate":304000,"ts":1760456666.881529}
2025/10/14 15:44:27 POLARIS_LOG {"event":"send_rate","rate":296000,"ts":1760456667.881251}
2025/10/14 15:44:28 POLARIS_LOG {"event":"send_rate","rate":304000,"ts":1760456668.879581}
2025/10/14 15:44:29 POLARIS_LOG {"event":"send_rate","rate":296000,"ts":1760456669.8793607}
2025/10/14 15:44:30 POLARIS_LOG {"event":"send_rate","rate":304000,"ts":1760456670.8795075}
2025/10/14 15:44:31 POLARIS_LOG {"event":"send_rate","rate":296000,"ts":1760456671.879386}
2025/10/14 15:44:32 POLARIS_LOG {"event":"send_rate","rate":304000,"ts":1760456672.8799767}
2025/10/14 15:44:33 POLARIS_LOG {"event":"send_rate","rate":304000,"ts":1760456673.8867643}
2025/10/14 15:44:34 POLARIS_LOG {"event":"send_rate","rate":296000,"ts":1760456674.8788843}
2025/10/14 15:44:35 POLARIS_LOG {"event":"send_rate","rate":296000,"ts":1760456675.8814254}
2025/10/14 15:44:36 POLARIS_LOG {"event":"send_rate","rate":304000,"ts":1760456676.88163}
2025/10/14 15:44:37 POLARIS_LOG {"event":"send_rate","rate":296000,"ts":1760456677.881835}
2025/10/14 15:44:38 POLARIS_LOG {"event":"send_rate","rate":304000,"ts":1760456678.8793933}
2025/10/14 15:44:39 POLARIS_LOG {"event":"send_rate","rate":296000,"ts":1760456679.8803642}
2025/10/14 15:44:40 POLARIS_LOG {"event":"send_rate","rate":304000,"ts":1760456680.8789015}
2025/10/14 15:44:41 POLARIS_LOG {"event":"send_rate","rate":296000,"ts":1760456681.8790703}
2025/10/14 15:44:42 POLARIS_LOG {"event":"send_rate","rate":304000,"ts":1760456682.879537}
2025/10/14 15:44:43 POLARIS_LOG {"event":"send_rate","rate":296000,"ts":1760456683.8898954}
2025/10/14 15:44:44 POLARIS_LOG {"event":"send_rate","rate":304000,"ts":1760456684.8952324}
2025/10/14 15:44:45 POLARIS_LOG {"event":"send_rate","rate":296000,"ts":1760456685.8793495}
2025/10/14 15:44:46 POLARIS_LOG {"event":"send_rate","rate":304000,"ts":1760456686.87844}
2025/10/14 15:44:47 POLARIS_LOG {"event":"send_rate","rate":296000,"ts":1760456687.879299}
2025/10/14 15:44:48 POLARIS_LOG {"event":"send_rate","rate":304000,"ts":1760456688.8815002}
2025/10/14 15:44:49 POLARIS_LOG {"event":"send_rate","rate":296000,"ts":1760456689.8799143}
2025/10/14 15:44:50 POLARIS_LOG {"event":"send_rate","rate":304000,"ts":1760456690.8809378}
2025/10/14 15:44:51 POLARIS_LOG {"event":"send_rate","rate":296000,"ts":1760456691.8793986}
2025/10/14 15:44:52 POLARIS_LOG {"event":"send_rate","rate":304000,"ts":1760456692.8837776}
2025/10/14 15:44:53 POLARIS_LOG {"event":"send_rate","rate":296000,"ts":1760456693.8842885}
2025/10/14 15:44:54 POLARIS_LOG {"event":"send_rate","rate":312000,"ts":1760456694.9311244}
2025/10/14 15:44:55 POLARIS_LOG {"event":"send_rate","rate":288000,"ts":1760456695.880595}
2025/10/14 15:44:56 POLARIS_LOG {"event":"send_rate","rate":304000,"ts":1760456696.8794336}
2025/10/14 15:44:57 POLARIS_LOG {"event":"send_rate","rate":296000,"ts":1760456697.8793747}
2025/10/14 15:44:58 POLARIS_LOG {"event":"send_rate","rate":304000,"ts":1760456698.8793547}
2025/10/14 15:44:59 POLARIS_LOG {"event":"send_rate","rate":296000,"ts":1760456699.8926811}
2025/10/14 15:45:00 POLARIS_LOG {"event":"send_rate","rate":304000,"ts":1760456700.8787777}
2025/10/14 15:45:01 POLARIS_LOG {"event":"send_rate","rate":296000,"ts":1760456701.879682}
2025/10/14 15:45:02 POLARIS_LOG {"event":"send_rate","rate":304000,"ts":1760456702.8784776}
2025/10/14 15:45:03 POLARIS_LOG {"event":"send_rate","rate":296000,"ts":1760456703.887511}
2025/10/14 15:45:04 POLARIS_LOG {"event":"send_rate","rate":304000,"ts":1760456704.8799841}
2025/10/14 15:45:05 POLARIS_LOG {"event":"send_rate","rate":296000,"ts":1760456705.879855}
2025/10/14 15:45:06 POLARIS_LOG {"event":"send_rate","rate":304000,"ts":1760456706.8799834}
2025/10/14 15:45:07 POLARIS_LOG {"event":"send_rate","rate":296000,"ts":1760456707.87942}
2025/10/14 15:45:08 POLARIS_LOG {"event":"send_rate","rate":304000,"ts":1760456708.879451}
2025/10/14 15:45:09 POLARIS_LOG {"event":"send_rate","rate":296000,"ts":1760456709.878571}
2025/10/14 15:45:10 POLARIS_LOG {"event":"send_rate","rate":304000,"ts":1760456710.8862445}
2025/10/14 15:45:11 POLARIS_LOG {"event":"send_rate","rate":296000,"ts":1760456711.8808858}
2025/10/14 15:45:12 POLARIS_LOG {"event":"send_rate","rate":304000,"ts":1760456712.8925304}
2025/10/14 15:45:13 POLARIS_LOG {"event":"send_rate","rate":288000,"ts":1760456713.880841}
2025/10/14 15:45:14 POLARIS_LOG {"event":"send_rate","rate":312000,"ts":1760456714.8785756}
2025/10/14 15:45:15 POLARIS_LOG {"event":"send_rate","rate":296000,"ts":1760456715.878456}
2025/10/14 15:45:16 POLARIS_LOG {"event":"send_rate","rate":304000,"ts":1760456716.8820367}
2025/10/14 15:45:17 POLARIS_LOG {"event":"send_rate","rate":296000,"ts":1760456717.8794045}
2025/10/14 15:45:18 POLARIS_LOG {"event":"send_rate","rate":304000,"ts":1760456718.8791823}
2025/10/14 15:45:19 POLARIS_LOG {"event":"send_rate","rate":296000,"ts":1760456719.8808858}
2025/10/14 15:45:20 POLARIS_LOG {"event":"send_rate","rate":304000,"ts":1760456720.8822033}
2025/10/14 15:45:21 POLARIS_LOG {"event":"send_rate","rate":296000,"ts":1760456721.8788877}
2025/10/14 15:45:22 POLARIS_LOG {"event":"send_rate","rate":304000,"ts":1760456722.880523}
2025/10/14 15:45:23 POLARIS_LOG {"event":"send_rate","rate":296000,"ts":1760456723.8789907}
2025/10/14 15:45:24 POLARIS_LOG {"event":"send_rate","rate":304000,"ts":1760456724.8896317}
2025/10/14 15:45:25 POLARIS_LOG {"event":"send_rate","rate":296000,"ts":1760456725.8788602}
2025/10/14 15:45:26 POLARIS_LOG {"event":"send_rate","rate":304000,"ts":1760456726.8785942}
2025/10/14 15:45:27 POLARIS_LOG {"event":"send_rate","rate":296000,"ts":1760456727.8784194}
2025/10/14 15:45:28 POLARIS_LOG {"event":"send_rate","rate":304000,"ts":1760456728.879657}
2025/10/14 15:45:29 POLARIS_LOG {"event":"send_rate","rate":296000,"ts":1760456729.880456}
We need to sleep for 1 seconds before we can get the results
2025/10/14 15:45:30 POLARIS_LOG {"event":"send_rate","rate":8000,"ts":1760456730.8797789}
Drain Loop received packet
Drain Loop received non-nil payload
Client sent 10912 packets, server reported 10885 packets received
The network loss rate from client to server is 0.2%

S->C results
Attempted bandwidth: 0 bps / 0.00 Mbps
Achieved bandwidth: 0 bps / 0.00 Mbps
Loss rate: 0.0%
Interarrival time min/avg/max/mdev = -0.000/0.000/0.000/0.000 ms

C->S results
Attempted bandwidth: 299986 bps / 0.30 Mbps
Achieved bandwidth: 299243 bps / 0.30 Mbps
Loss rate: 0.2%
Interarrival time min/avg/max/mdev = 0.002/26.716/688.888/25.733 ms
