
Test parameters:
client->server: 252 seconds, 1000 bytes, 9450 packets
server->client: 252 seconds, 1000 bytes, 0 packets
2025/10/14 15:41:18 POLARIS_LOG {"current_rate":0,"event":"path_switch","new":"2 2 5 2","trigger":"initialization","ts":1760456478.1849735}
Polaris prober initialized with 38 paths
Polaris prober initialized with local 1-111,10.111.0.71:32715 and remote 1-113,10.113.0.71
2025/10/14 15:41:19 POLARIS_LOG {"event":"send_rate","rate":0,"ts":1760456479.188684}
2025/10/14 15:41:20 POLARIS_LOG {"event":"send_rate","rate":184000,"ts":1760456480.191026}
2025/10/14 15:41:21 POLARIS_LOG {"event":"send_rate","rate":304000,"ts":1760456481.1903887}
2025/10/14 15:41:22 POLARIS_LOG {"event":"send_rate","rate":296000,"ts":1760456482.1915796}
2025/10/14 15:41:23 POLARIS_LOG {"event":"send_rate","rate":304000,"ts":1760456483.2056568}
2025/10/14 15:41:24 POLARIS_LOG {"event":"send_rate","rate":296000,"ts":1760456484.1894414}
2025/10/14 15:41:25 POLARIS_LOG {"event":"send_rate","rate":304000,"ts":1760456485.1903393}
2025/10/14 15:41:26 POLARIS_LOG {"event":"send_rate","rate":312000,"ts":1760456486.220498}
2025/10/14 15:41:27 POLARIS_LOG {"event":"send_rate","rate":288000,"ts":1760456487.1897438}
2025/10/14 15:41:28 POLARIS_LOG {"event":"send_rate","rate":200000,"ts":1760456488.1893978}
2025/10/14 15:41:28 POLARIS_LOG {"candidates":3,"candidates_unfiltered":3,"current_rate":200000,"estimated_share":500000,"event":"path_switch","max_estimated_share":500000,"new":"1 1 4 1","old":"2 2 5 2","trigger":"scheduled","ts":1760456488.1902604}
2025/10/14 15:41:29 POLARIS_LOG {"event":"send_rate","rate":400000,"ts":1760456489.1891656}
2025/10/14 15:41:30 POLARIS_LOG {"event":"send_rate","rate":296000,"ts":1760456490.1891189}
2025/10/14 15:41:31 POLARIS_LOG {"event":"send_rate","rate":304000,"ts":1760456491.1907697}
2025/10/14 15:41:32 POLARIS_LOG {"event":"send_rate","rate":304000,"ts":1760456492.2043104}
2025/10/14 15:41:33 POLARIS_LOG {"event":"send_rate","rate":296000,"ts":1760456493.1955614}
2025/10/14 15:41:34 POLARIS_LOG {"event":"send_rate","rate":304000,"ts":1760456494.207322}
2025/10/14 15:41:35 POLARIS_LOG {"event":"send_rate","rate":296000,"ts":1760456495.1922116}
2025/10/14 15:41:36 POLARIS_LOG {"event":"send_rate","rate":288000,"ts":1760456496.2084162}
2025/10/14 15:41:37 POLARIS_LOG {"event":"send_rate","rate":312000,"ts":1760456497.201676}
2025/10/14 15:41:38 POLARIS_LOG {"event":"send_rate","rate":296000,"ts":1760456498.188716}
2025/10/14 15:41:39 POLARIS_LOG {"event":"send_rate","rate":304000,"ts":1760456499.188938}
2025/10/14 15:41:40 POLARIS_LOG {"event":"send_rate","rate":296000,"ts":1760456500.188927}
2025/10/14 15:41:41 POLARIS_LOG {"event":"send_rate","rate":304000,"ts":1760456501.1910365}
2025/10/14 15:41:42 POLARIS_LOG {"event":"send_rate","rate":296000,"ts":1760456502.190238}
2025/10/14 15:41:43 POLARIS_LOG {"event":"send_rate","rate":304000,"ts":1760456503.1888058}
2025/10/14 15:41:44 POLARIS_LOG {"event":"send_rate","rate":312000,"ts":1760456504.234238}
2025/10/14 15:41:45 POLARIS_LOG {"event":"send_rate","rate":288000,"ts":1760456505.1911948}
2025/10/14 15:41:46 POLARIS_LOG {"event":"send_rate","rate":296000,"ts":1760456506.1886303}
2025/10/14 15:41:47 POLARIS_LOG {"event":"send_rate","rate":304000,"ts":1760456507.2034311}
2025/10/14 15:41:48 POLARIS_LOG {"event":"send_rate","rate":296000,"ts":1760456508.189088}
2025/10/14 15:41:49 POLARIS_LOG {"event":"send_rate","rate":296000,"ts":1760456509.1936834}
2025/10/14 15:41:50 POLARIS_LOG {"event":"send_rate","rate":312000,"ts":1760456510.2130604}
2025/10/14 15:41:51 POLARIS_LOG {"event":"send_rate","rate":296000,"ts":1760456511.2009315}
2025/10/14 15:41:52 POLARIS_LOG {"event":"send_rate","rate":296000,"ts":1760456512.1932623}
2025/10/14 15:41:53 POLARIS_LOG {"event":"send_rate","rate":304000,"ts":1760456513.1925929}
2025/10/14 15:41:54 POLARIS_LOG {"event":"send_rate","rate":304000,"ts":1760456514.20171}
2025/10/14 15:41:55 POLARIS_LOG {"event":"send_rate","rate":304000,"ts":1760456515.29851}
2025/10/14 15:41:56 POLARIS_LOG {"event":"send_rate","rate":288000,"ts":1760456516.1992533}
2025/10/14 15:41:57 POLARIS_LOG {"event":"send_rate","rate":304000,"ts":1760456517.188936}
2025/10/14 15:41:58 POLARIS_LOG {"event":"send_rate","rate":296000,"ts":1760456518.1909637}
2025/10/14 15:41:59 POLARIS_LOG {"event":"send_rate","rate":304000,"ts":1760456519.1892877}
2025/10/14 15:42:00 POLARIS_LOG {"event":"send_rate","rate":296000,"ts":1760456520.1934981}
2025/10/14 15:42:01 POLARIS_LOG {"event":"send_rate","rate":304000,"ts":1760456521.1892715}
2025/10/14 15:42:02 POLARIS_LOG {"event":"send_rate","rate":296000,"ts":1760456522.1898043}
2025/10/14 15:42:03 POLARIS_LOG {"event":"send_rate","rate":304000,"ts":1760456523.190861}
2025/10/14 15:42:04 POLARIS_LOG {"event":"send_rate","rate":296000,"ts":1760456524.1889696}
2025/10/14 15:42:05 POLARIS_LOG {"event":"send_rate","rate":304000,"ts":1760456525.188818}
2025/10/14 15:42:06 POLARIS_LOG {"event":"send_rate","rate":304000,"ts":1760456526.205617}
2025/10/14 15:42:07 POLARIS_LOG {"event":"send_rate","rate":296000,"ts":1760456527.188669}
2025/10/14 15:42:08 POLARIS_LOG {"event":"send_rate","rate":288000,"ts":1760456528.1989696}
Skipping switch: current path 1 1 4 1 has lastEstimate 333250 >= maxEstimate 0
2025/10/14 15:42:09 POLARIS_LOG {"event":"send_rate","rate":312000,"ts":1760456529.191685}
2025/10/14 15:42:10 POLARIS_LOG {"event":"send_rate","rate":296000,"ts":1760456530.189523}
2025/10/14 15:42:11 POLARIS_LOG {"event":"send_rate","rate":296000,"ts":1760456531.2227376}
2025/10/14 15:42:12 POLARIS_LOG {"event":"send_rate","rate":304000,"ts":1760456532.1889238}
2025/10/14 15:42:13 POLARIS_LOG {"event":"send_rate","rate":304000,"ts":1760456533.2009635}
2025/10/14 15:42:14 POLARIS_LOG {"event":"send_rate","rate":296000,"ts":1760456534.190054}
2025/10/14 15:42:15 POLARIS_LOG {"event":"send_rate","rate":304000,"ts":1760456535.1984835}
2025/10/14 15:42:16 POLARIS_LOG {"event":"send_rate","rate":296000,"ts":1760456536.1897469}
2025/10/14 15:42:17 POLARIS_LOG {"event":"send_rate","rate":304000,"ts":1760456537.1921961}
2025/10/14 15:42:18 POLARIS_LOG {"event":"send_rate","rate":296000,"ts":1760456538.1905596}
2025/10/14 15:42:19 POLARIS_LOG {"event":"send_rate","rate":304000,"ts":1760456539.205555}
2025/10/14 15:42:20 POLARIS_LOG {"event":"send_rate","rate":296000,"ts":1760456540.1895547}
2025/10/14 15:42:21 POLARIS_LOG {"event":"send_rate","rate":304000,"ts":1760456541.2130804}
2025/10/14 15:42:22 POLARIS_LOG {"event":"send_rate","rate":296000,"ts":1760456542.1941879}
2025/10/14 15:42:23 POLARIS_LOG {"event":"send_rate","rate":312000,"ts":1760456543.217913}
2025/10/14 15:42:24 POLARIS_LOG {"event":"send_rate","rate":288000,"ts":1760456544.189727}
2025/10/14 15:42:25 POLARIS_LOG {"event":"send_rate","rate":304000,"ts":1760456545.1898255}
2025/10/14 15:42:26 POLARIS_LOG {"event":"send_rate","rate":296000,"ts":1760456546.1894152}
2025/10/14 15:42:27 POLARIS_LOG {"event":"send_rate","rate":304000,"ts":1760456547.2131257}
2025/10/14 15:42:28 POLARIS_LOG {"event":"send_rate","rate":296000,"ts":1760456548.1888044}
2025/10/14 15:42:29 POLARIS_LOG {"event":"send_rate","rate":304000,"ts":1760456549.1895747}
2025/10/14 15:42:30 POLARIS_LOG {"event":"send_rate","rate":296000,"ts":1760456550.1911874}
2025/10/14 15:42:31 POLARIS_LOG {"event":"send_rate","rate":296000,"ts":1760456551.217503}
2025/10/14 15:42:32 POLARIS_LOG {"event":"send_rate","rate":312000,"ts":1760456552.216202}
2025/10/14 15:42:33 POLARIS_LOG {"event":"send_rate","rate":296000,"ts":1760456553.1900735}
2025/10/14 15:42:34 POLARIS_LOG {"event":"send_rate","rate":296000,"ts":1760456554.190172}
2025/10/14 15:42:35 POLARIS_LOG {"event":"send_rate","rate":296000,"ts":1760456555.1923647}
2025/10/14 15:42:36 POLARIS_LOG {"event":"send_rate","rate":304000,"ts":1760456556.2018178}
2025/10/14 15:42:37 POLARIS_LOG {"event":"send_rate","rate":296000,"ts":1760456557.2066805}
2025/10/14 15:42:38 POLARIS_LOG {"event":"send_rate","rate":304000,"ts":1760456558.190943}
2025/10/14 15:42:39 POLARIS_LOG {"event":"send_rate","rate":304000,"ts":1760456559.1887474}
2025/10/14 15:42:40 POLARIS_LOG {"event":"send_rate","rate":296000,"ts":1760456560.2188754}
2025/10/14 15:42:41 POLARIS_LOG {"event":"send_rate","rate":304000,"ts":1760456561.189113}
2025/10/14 15:42:42 POLARIS_LOG {"event":"send_rate","rate":296000,"ts":1760456562.1890898}
2025/10/14 15:42:43 POLARIS_LOG {"event":"send_rate","rate":296000,"ts":1760456563.213345}
2025/10/14 15:42:44 POLARIS_LOG {"event":"send_rate","rate":304000,"ts":1760456564.18971}
2025/10/14 15:42:45 POLARIS_LOG {"event":"send_rate","rate":320000,"ts":1760456565.2445664}
2025/10/14 15:42:46 POLARIS_LOG {"event":"send_rate","rate":280000,"ts":1760456566.1893263}
2025/10/14 15:42:47 POLARIS_LOG {"event":"send_rate","rate":312000,"ts":1760456567.2179415}
2025/10/14 15:42:48 POLARIS_LOG {"event":"send_rate","rate":288000,"ts":1760456568.1912444}
2025/10/14 15:42:49 POLARIS_LOG {"event":"send_rate","rate":296000,"ts":1760456569.2145507}
2025/10/14 15:42:50 POLARIS_LOG {"event":"send_rate","rate":296000,"ts":1760456570.1890209}
2025/10/14 15:42:51 POLARIS_LOG {"event":"send_rate","rate":304000,"ts":1760456571.1902862}
2025/10/14 15:42:52 POLARIS_LOG {"event":"send_rate","rate":304000,"ts":1760456572.1919026}
2025/10/14 15:42:53 POLARIS_LOG {"event":"send_rate","rate":296000,"ts":1760456573.188677}
2025/10/14 15:42:54 POLARIS_LOG {"event":"send_rate","rate":304000,"ts":1760456574.1890833}
2025/10/14 15:42:55 POLARIS_LOG {"event":"send_rate","rate":304000,"ts":1760456575.1941228}
2025/10/14 15:42:56 POLARIS_LOG {"event":"send_rate","rate":296000,"ts":1760456576.1895688}
2025/10/14 15:42:57 POLARIS_LOG {"event":"send_rate","rate":296000,"ts":1760456577.1895027}
2025/10/14 15:42:58 POLARIS_LOG {"event":"send_rate","rate":304000,"ts":1760456578.1928804}
2025/10/14 15:42:59 POLARIS_LOG {"event":"send_rate","rate":304000,"ts":1760456579.2117383}
2025/10/14 15:43:00 POLARIS_LOG {"event":"send_rate","rate":296000,"ts":1760456580.1890128}
2025/10/14 15:43:01 POLARIS_LOG {"event":"send_rate","rate":296000,"ts":1760456581.189064}
2025/10/14 15:43:02 POLARIS_LOG {"event":"send_rate","rate":304000,"ts":1760456582.192863}
2025/10/14 15:43:03 POLARIS_LOG {"event":"send_rate","rate":304000,"ts":1760456583.1994708}
2025/10/14 15:43:04 POLARIS_LOG {"event":"send_rate","rate":296000,"ts":1760456584.2025337}
2025/10/14 15:43:05 POLARIS_LOG {"event":"send_rate","rate":296000,"ts":1760456585.1895814}
2025/10/14 15:43:06 POLARIS_LOG {"event":"send_rate","rate":296000,"ts":1760456586.2514427}
2025/10/14 15:43:07 POLARIS_LOG {"event":"send_rate","rate":312000,"ts":1760456587.1972003}
2025/10/14 15:43:08 POLARIS_LOG {"event":"send_rate","rate":296000,"ts":1760456588.1896446}
2025/10/14 15:43:09 POLARIS_LOG {"event":"send_rate","rate":312000,"ts":1760456589.22445}
2025/10/14 15:43:10 POLARIS_LOG {"event":"send_rate","rate":296000,"ts":1760456590.2153542}
2025/10/14 15:43:11 POLARIS_LOG {"event":"send_rate","rate":288000,"ts":1760456591.193068}
2025/10/14 15:43:12 POLARIS_LOG {"event":"send_rate","rate":304000,"ts":1760456592.1899185}
2025/10/14 15:43:13 POLARIS_LOG {"event":"send_rate","rate":288000,"ts":1760456593.1918778}
2025/10/14 15:43:14 POLARIS_LOG {"event":"send_rate","rate":312000,"ts":1760456594.1895156}
2025/10/14 15:43:15 POLARIS_LOG {"event":"send_rate","rate":304000,"ts":1760456595.2007263}
2025/10/14 15:43:16 POLARIS_LOG {"event":"send_rate","rate":296000,"ts":1760456596.1978614}
2025/10/14 15:43:17 POLARIS_LOG {"event":"send_rate","rate":296000,"ts":1760456597.207253}
2025/10/14 15:43:18 POLARIS_LOG {"event":"send_rate","rate":304000,"ts":1760456598.2043188}
2025/10/14 15:43:19 POLARIS_LOG {"event":"send_rate","rate":296000,"ts":1760456599.1886446}
2025/10/14 15:43:20 POLARIS_LOG {"event":"send_rate","rate":304000,"ts":1760456600.1901486}
2025/10/14 15:43:21 POLARIS_LOG {"event":"send_rate","rate":304000,"ts":1760456601.192627}
2025/10/14 15:43:22 POLARIS_LOG {"event":"send_rate","rate":304000,"ts":1760456602.2265117}
2025/10/14 15:43:23 POLARIS_LOG {"event":"send_rate","rate":288000,"ts":1760456603.1893637}
2025/10/14 15:43:24 POLARIS_LOG {"event":"send_rate","rate":304000,"ts":1760456604.1911182}
2025/10/14 15:43:25 POLARIS_LOG {"event":"send_rate","rate":288000,"ts":1760456605.194417}
2025/10/14 15:43:26 POLARIS_LOG {"event":"send_rate","rate":312000,"ts":1760456606.1894019}
2025/10/14 15:43:27 POLARIS_LOG {"event":"send_rate","rate":312000,"ts":1760456607.2480505}
2025/10/14 15:43:28 POLARIS_LOG {"event":"send_rate","rate":288000,"ts":1760456608.201576}
Skipping switch: current path 1 1 4 1 has lastEstimate 333250 >= maxEstimate 0
2025/10/14 15:43:29 POLARIS_LOG {"event":"send_rate","rate":296000,"ts":1760456609.1886368}
2025/10/14 15:43:30 POLARIS_LOG {"event":"send_rate","rate":304000,"ts":1760456610.1889796}
2025/10/14 15:43:31 POLARIS_LOG {"event":"send_rate","rate":296000,"ts":1760456611.2198055}
2025/10/14 15:43:32 POLARIS_LOG {"event":"send_rate","rate":304000,"ts":1760456612.1888707}
2025/10/14 15:43:33 POLARIS_LOG {"event":"send_rate","rate":304000,"ts":1760456613.2036102}
2025/10/14 15:43:34 POLARIS_LOG {"event":"send_rate","rate":304000,"ts":1760456614.2353978}
2025/10/14 15:43:35 POLARIS_LOG {"event":"send_rate","rate":296000,"ts":1760456615.2034633}
2025/10/14 15:43:36 POLARIS_LOG {"event":"send_rate","rate":296000,"ts":1760456616.1938913}
2025/10/14 15:43:37 POLARIS_LOG {"event":"send_rate","rate":296000,"ts":1760456617.1895347}
2025/10/14 15:43:38 POLARIS_LOG {"event":"send_rate","rate":312000,"ts":1760456618.2543929}
2025/10/14 15:43:39 POLARIS_LOG {"event":"send_rate","rate":288000,"ts":1760456619.1906385}
2025/10/14 15:43:40 POLARIS_LOG {"event":"send_rate","rate":304000,"ts":1760456620.1899323}
2025/10/14 15:43:41 POLARIS_LOG {"event":"send_rate","rate":304000,"ts":1760456621.2092247}
2025/10/14 15:43:42 POLARIS_LOG {"event":"send_rate","rate":296000,"ts":1760456622.193198}
2025/10/14 15:43:43 POLARIS_LOG {"event":"send_rate","rate":296000,"ts":1760456623.1887636}
2025/10/14 15:43:44 POLARIS_LOG {"event":"send_rate","rate":304000,"ts":1760456624.1893303}
2025/10/14 15:43:45 POLARIS_LOG {"event":"send_rate","rate":304000,"ts":1760456625.2074862}
2025/10/14 15:43:46 POLARIS_LOG {"event":"send_rate","rate":296000,"ts":1760456626.1907623}
2025/10/14 15:43:47 POLARIS_LOG {"event":"send_rate","rate":296000,"ts":1760456627.189071}
2025/10/14 15:43:48 POLARIS_LOG {"event":"send_rate","rate":304000,"ts":1760456628.1963975}
2025/10/14 15:43:49 POLARIS_LOG {"event":"send_rate","rate":296000,"ts":1760456629.192569}
2025/10/14 15:43:50 POLARIS_LOG {"event":"send_rate","rate":304000,"ts":1760456630.1898804}
2025/10/14 15:43:51 POLARIS_LOG {"event":"send_rate","rate":304000,"ts":1760456631.209095}
2025/10/14 15:43:52 POLARIS_LOG {"event":"send_rate","rate":280000,"ts":1760456632.1900792}
2025/10/14 15:43:53 POLARIS_LOG {"event":"send_rate","rate":312000,"ts":1760456633.1932755}
2025/10/14 15:43:54 POLARIS_LOG {"event":"send_rate","rate":296000,"ts":1760456634.212684}
2025/10/14 15:43:55 POLARIS_LOG {"event":"send_rate","rate":304000,"ts":1760456635.1926796}
2025/10/14 15:43:56 POLARIS_LOG {"event":"send_rate","rate":312000,"ts":1760456636.2102966}
2025/10/14 15:43:57 POLARIS_LOG {"event":"send_rate","rate":296000,"ts":1760456637.2017612}
2025/10/14 15:43:58 POLARIS_LOG {"event":"send_rate","rate":296000,"ts":1760456638.1895294}
2025/10/14 15:43:59 POLARIS_LOG {"event":"send_rate","rate":296000,"ts":1760456639.1953328}
2025/10/14 15:44:00 POLARIS_LOG {"event":"send_rate","rate":304000,"ts":1760456640.1896694}
2025/10/14 15:44:01 POLARIS_LOG {"event":"send_rate","rate":304000,"ts":1760456641.2041223}
2025/10/14 15:44:02 POLARIS_LOG {"event":"send_rate","rate":296000,"ts":1760456642.1905515}
2025/10/14 15:44:03 POLARIS_LOG {"event":"send_rate","rate":296000,"ts":1760456643.1911957}
2025/10/14 15:44:04 POLARIS_LOG {"event":"send_rate","rate":304000,"ts":1760456644.1898525}
2025/10/14 15:44:05 POLARIS_LOG {"event":"send_rate","rate":296000,"ts":1760456645.189892}
2025/10/14 15:44:06 POLARIS_LOG {"event":"send_rate","rate":312000,"ts":1760456646.2256339}
2025/10/14 15:44:07 POLARIS_LOG {"event":"send_rate","rate":288000,"ts":1760456647.189201}
Skipping switch: current path 1 1 4 1 has lastEstimate 333250 >= maxEstimate 0
2025/10/14 15:44:08 POLARIS_LOG {"event":"send_rate","rate":304000,"ts":1760456648.2018661}
2025/10/14 15:44:09 POLARIS_LOG {"event":"send_rate","rate":296000,"ts":1760456649.1906142}
2025/10/14 15:44:10 POLARIS_LOG {"event":"send_rate","rate":304000,"ts":1760456650.194485}
2025/10/14 15:44:11 POLARIS_LOG {"event":"send_rate","rate":296000,"ts":1760456651.1897912}
2025/10/14 15:44:12 POLARIS_LOG {"event":"send_rate","rate":304000,"ts":1760456652.2071187}
2025/10/14 15:44:13 POLARIS_LOG {"event":"send_rate","rate":304000,"ts":1760456653.2199037}
2025/10/14 15:44:14 POLARIS_LOG {"event":"send_rate","rate":304000,"ts":1760456654.220543}
2025/10/14 15:44:15 POLARIS_LOG {"event":"send_rate","rate":288000,"ts":1760456655.2129505}
2025/10/14 15:44:16 POLARIS_LOG {"event":"send_rate","rate":304000,"ts":1760456656.1902325}
2025/10/14 15:44:17 POLARIS_LOG {"event":"send_rate","rate":280000,"ts":1760456657.2038128}
2025/10/14 15:44:18 POLARIS_LOG {"event":"send_rate","rate":320000,"ts":1760456658.1936922}
2025/10/14 15:44:19 POLARIS_LOG {"event":"send_rate","rate":296000,"ts":1760456659.1914783}
2025/10/14 15:44:20 POLARIS_LOG {"event":"send_rate","rate":304000,"ts":1760456660.2137263}
2025/10/14 15:44:21 POLARIS_LOG {"event":"send_rate","rate":296000,"ts":1760456661.1888845}
2025/10/14 15:44:22 POLARIS_LOG {"event":"send_rate","rate":296000,"ts":1760456662.194097}
2025/10/14 15:44:23 POLARIS_LOG {"event":"send_rate","rate":304000,"ts":1760456663.1886194}
2025/10/14 15:44:24 POLARIS_LOG {"event":"send_rate","rate":296000,"ts":1760456664.203629}
2025/10/14 15:44:25 POLARIS_LOG {"event":"send_rate","rate":304000,"ts":1760456665.189153}
2025/10/14 15:44:26 POLARIS_LOG {"event":"send_rate","rate":304000,"ts":1760456666.190506}
2025/10/14 15:44:27 POLARIS_LOG {"event":"send_rate","rate":296000,"ts":1760456667.191319}
2025/10/14 15:44:28 POLARIS_LOG {"event":"send_rate","rate":304000,"ts":1760456668.192114}
2025/10/14 15:44:29 POLARIS_LOG {"event":"send_rate","rate":296000,"ts":1760456669.1895294}
2025/10/14 15:44:30 POLARIS_LOG {"event":"send_rate","rate":304000,"ts":1760456670.195785}
2025/10/14 15:44:31 POLARIS_LOG {"event":"send_rate","rate":304000,"ts":1760456671.2064216}
2025/10/14 15:44:32 POLARIS_LOG {"event":"send_rate","rate":288000,"ts":1760456672.2072814}
2025/10/14 15:44:33 POLARIS_LOG {"event":"send_rate","rate":304000,"ts":1760456673.197501}
2025/10/14 15:44:34 POLARIS_LOG {"event":"send_rate","rate":296000,"ts":1760456674.1955593}
2025/10/14 15:44:35 POLARIS_LOG {"event":"send_rate","rate":304000,"ts":1760456675.2008202}
2025/10/14 15:44:36 POLARIS_LOG {"event":"send_rate","rate":304000,"ts":1760456676.2025118}
2025/10/14 15:44:37 POLARIS_LOG {"event":"send_rate","rate":296000,"ts":1760456677.1931767}
2025/10/14 15:44:38 POLARIS_LOG {"event":"send_rate","rate":304000,"ts":1760456678.2102}
2025/10/14 15:44:39 POLARIS_LOG {"event":"send_rate","rate":296000,"ts":1760456679.188662}
2025/10/14 15:44:40 POLARIS_LOG {"event":"send_rate","rate":304000,"ts":1760456680.1916492}
2025/10/14 15:44:41 POLARIS_LOG {"event":"send_rate","rate":304000,"ts":1760456681.2014103}
2025/10/14 15:44:42 POLARIS_LOG {"event":"send_rate","rate":296000,"ts":1760456682.190236}
2025/10/14 15:44:43 POLARIS_LOG {"event":"send_rate","rate":296000,"ts":1760456683.1978462}
2025/10/14 15:44:44 POLARIS_LOG {"event":"send_rate","rate":304000,"ts":1760456684.189341}
2025/10/14 15:44:45 POLARIS_LOG {"event":"send_rate","rate":296000,"ts":1760456685.1935084}
2025/10/14 15:44:46 POLARIS_LOG {"event":"send_rate","rate":296000,"ts":1760456686.1927698}
2025/10/14 15:44:47 POLARIS_LOG {"event":"send_rate","rate":304000,"ts":1760456687.1886845}
2025/10/14 15:44:48 POLARIS_LOG {"event":"send_rate","rate":304000,"ts":1760456688.1955035}
2025/10/14 15:44:49 POLARIS_LOG {"event":"send_rate","rate":296000,"ts":1760456689.1889477}
2025/10/14 15:44:50 POLARIS_LOG {"event":"send_rate","rate":304000,"ts":1760456690.21193}
2025/10/14 15:44:51 POLARIS_LOG {"event":"send_rate","rate":296000,"ts":1760456691.1903715}
2025/10/14 15:44:52 POLARIS_LOG {"event":"send_rate","rate":304000,"ts":1760456692.203838}
2025/10/14 15:44:53 POLARIS_LOG {"event":"send_rate","rate":288000,"ts":1760456693.193987}
2025/10/14 15:44:54 POLARIS_LOG {"event":"send_rate","rate":312000,"ts":1760456694.2118866}
2025/10/14 15:44:55 POLARIS_LOG {"event":"send_rate","rate":296000,"ts":1760456695.1966598}
2025/10/14 15:44:56 POLARIS_LOG {"event":"send_rate","rate":296000,"ts":1760456696.1917706}
2025/10/14 15:44:57 POLARIS_LOG {"event":"send_rate","rate":312000,"ts":1760456697.2055666}
2025/10/14 15:44:58 POLARIS_LOG {"event":"send_rate","rate":288000,"ts":1760456698.2144496}
2025/10/14 15:44:59 POLARIS_LOG {"event":"send_rate","rate":296000,"ts":1760456699.191227}
2025/10/14 15:45:00 POLARIS_LOG {"event":"send_rate","rate":312000,"ts":1760456700.1995285}
2025/10/14 15:45:01 POLARIS_LOG {"event":"send_rate","rate":296000,"ts":1760456701.193325}
2025/10/14 15:45:02 POLARIS_LOG {"event":"send_rate","rate":296000,"ts":1760456702.188981}
2025/10/14 15:45:03 POLARIS_LOG {"event":"send_rate","rate":304000,"ts":1760456703.191346}
2025/10/14 15:45:04 POLARIS_LOG {"event":"send_rate","rate":296000,"ts":1760456704.1893294}
2025/10/14 15:45:05 POLARIS_LOG {"event":"send_rate","rate":304000,"ts":1760456705.1925325}
2025/10/14 15:45:06 POLARIS_LOG {"event":"send_rate","rate":304000,"ts":1760456706.193517}
2025/10/14 15:45:07 POLARIS_LOG {"event":"send_rate","rate":296000,"ts":1760456707.197427}
2025/10/14 15:45:08 POLARIS_LOG {"event":"send_rate","rate":296000,"ts":1760456708.1900716}
2025/10/14 15:45:09 POLARIS_LOG {"event":"send_rate","rate":320000,"ts":1760456709.235453}
2025/10/14 15:45:10 POLARIS_LOG {"event":"send_rate","rate":280000,"ts":1760456710.1915507}
2025/10/14 15:45:11 POLARIS_LOG {"event":"send_rate","rate":320000,"ts":1760456711.2411096}
2025/10/14 15:45:12 POLARIS_LOG {"event":"send_rate","rate":280000,"ts":1760456712.1893506}
2025/10/14 15:45:13 POLARIS_LOG {"event":"send_rate","rate":312000,"ts":1760456713.2094681}
2025/10/14 15:45:14 POLARIS_LOG {"event":"send_rate","rate":296000,"ts":1760456714.1925037}
2025/10/14 15:45:15 POLARIS_LOG {"event":"send_rate","rate":296000,"ts":1760456715.1886342}
2025/10/14 15:45:16 POLARIS_LOG {"event":"send_rate","rate":296000,"ts":1760456716.1924994}
2025/10/14 15:45:17 POLARIS_LOG {"event":"send_rate","rate":312000,"ts":1760456717.2186763}
2025/10/14 15:45:18 POLARIS_LOG {"event":"send_rate","rate":296000,"ts":1760456718.198974}
2025/10/14 15:45:19 POLARIS_LOG {"event":"send_rate","rate":296000,"ts":1760456719.190056}
2025/10/14 15:45:20 POLARIS_LOG {"event":"send_rate","rate":304000,"ts":1760456720.192202}
2025/10/14 15:45:21 POLARIS_LOG {"event":"send_rate","rate":296000,"ts":1760456721.1893768}
2025/10/14 15:45:22 POLARIS_LOG {"event":"send_rate","rate":296000,"ts":1760456722.1893926}
2025/10/14 15:45:23 POLARIS_LOG {"event":"send_rate","rate":304000,"ts":1760456723.1971395}
2025/10/14 15:45:24 POLARIS_LOG {"event":"send_rate","rate":296000,"ts":1760456724.1891341}
2025/10/14 15:45:25 POLARIS_LOG {"event":"send_rate","rate":304000,"ts":1760456725.1896389}
2025/10/14 15:45:26 POLARIS_LOG {"event":"send_rate","rate":296000,"ts":1760456726.188628}
2025/10/14 15:45:27 POLARIS_LOG {"event":"send_rate","rate":296000,"ts":1760456727.2125964}
2025/10/14 15:45:28 POLARIS_LOG {"event":"send_rate","rate":312000,"ts":1760456728.2007837}
2025/10/14 15:45:29 POLARIS_LOG {"event":"send_rate","rate":296000,"ts":1760456729.1895125}
2025/10/14 15:45:30 POLARIS_LOG {"event":"send_rate","rate":296000,"ts":1760456730.1918175}
2025/10/14 15:45:31 POLARIS_LOG {"event":"send_rate","rate":304000,"ts":1760456731.1902044}
Drain Loop received packet
Drain Loop received non-nil payload
Client sent 9450 packets, server reported 9431 packets received
The network loss rate from client to server is 0.2%

S->C results
Attempted bandwidth: 0 bps / 0.00 Mbps
Achieved bandwidth: 0 bps / 0.00 Mbps
Loss rate: 0.0%
Interarrival time min/avg/max/mdev = -0.000/0.000/0.000/0.000 ms

C->S results
Attempted bandwidth: 300000 bps / 0.30 Mbps
Achieved bandwidth: 299396 bps / 0.30 Mbps
Loss rate: 0.2%
Interarrival time min/avg/max/mdev = 0.002/26.641/467.711/21.002 ms
