2025/10/14 15:40:41 POLARIS_LOG {"current_rate":0,"event":"path_switch","new":"2 2 5 2","trigger":"initialization","ts":1760456441.8899689}

Test parameters:
client->server: 288 seconds, 1000 bytes, 10800 packets
server->client: 288 seconds, 1000 bytes, 0 packets
Polaris prober initialized with 38 paths
Polaris prober initialized with local 1-111,10.111.0.71:32752 and remote 1-113,10.113.0.71
2025/10/14 15:40:42 POLARIS_LOG {"event":"send_rate","rate":296000,"ts":1760456442.8913517}
2025/10/14 15:40:43 POLARIS_LOG {"event":"send_rate","rate":296000,"ts":1760456443.896905}
2025/10/14 15:40:44 POLARIS_LOG {"event":"send_rate","rate":304000,"ts":1760456444.8905697}
2025/10/14 15:40:45 POLARIS_LOG {"event":"send_rate","rate":296000,"ts":1760456445.8915765}
2025/10/14 15:40:46 POLARIS_LOG {"event":"send_rate","rate":304000,"ts":1760456446.8917708}
2025/10/14 15:40:47 POLARIS_LOG {"event":"send_rate","rate":296000,"ts":1760456447.8923926}
2025/10/14 15:40:48 POLARIS_LOG {"event":"send_rate","rate":304000,"ts":1760456448.8951848}
2025/10/14 15:40:49 POLARIS_LOG {"event":"send_rate","rate":296000,"ts":1760456449.895602}
2025/10/14 15:40:50 POLARIS_LOG {"event":"send_rate","rate":304000,"ts":1760456450.89148}
2025/10/14 15:40:51 POLARIS_LOG {"event":"send_rate","rate":296000,"ts":1760456451.8939502}
2025/10/14 15:40:52 POLARIS_LOG {"event":"send_rate","rate":304000,"ts":1760456452.891429}
2025/10/14 15:40:53 POLARIS_LOG {"event":"send_rate","rate":296000,"ts":1760456453.8941903}
2025/10/14 15:40:54 POLARIS_LOG {"event":"send_rate","rate":304000,"ts":1760456454.8905523}
2025/10/14 15:40:55 POLARIS_LOG {"event":"send_rate","rate":296000,"ts":1760456455.8952253}
2025/10/14 15:40:56 POLARIS_LOG {"event":"send_rate","rate":304000,"ts":1760456456.891504}
2025/10/14 15:40:57 POLARIS_LOG {"event":"send_rate","rate":296000,"ts":1760456457.8913827}
2025/10/14 15:40:58 POLARIS_LOG {"event":"send_rate","rate":304000,"ts":1760456458.892247}
2025/10/14 15:40:59 POLARIS_LOG {"event":"send_rate","rate":272000,"ts":1760456459.8917696}
2025/10/14 15:41:00 POLARIS_LOG {"event":"send_rate","rate":104000,"ts":1760456460.891354}
2025/10/14 15:41:01 POLARIS_LOG {"event":"send_rate","rate":128000,"ts":1760456461.890942}
2025/10/14 15:41:01 POLARIS_LOG {"candidates":25,"candidates_unfiltered":25,"current_rate":128000,"estimated_share":2000000,"event":"path_switch","max_estimated_share":2000000,"new":"1 1 6 6 3 5","old":"2 2 5 2","trigger":"scheduled","ts":1760456461.8917887}
2025/10/14 15:41:02 POLARIS_LOG {"event":"send_rate","rate":696000,"ts":1760456462.896064}
2025/10/14 15:41:03 POLARIS_LOG {"event":"send_rate","rate":296000,"ts":1760456463.8942037}
2025/10/14 15:41:04 POLARIS_LOG {"event":"send_rate","rate":304000,"ts":1760456464.8912745}
2025/10/14 15:41:05 POLARIS_LOG {"event":"send_rate","rate":296000,"ts":1760456465.893551}
2025/10/14 15:41:06 POLARIS_LOG {"event":"send_rate","rate":304000,"ts":1760456466.8914347}
2025/10/14 15:41:07 POLARIS_LOG {"event":"send_rate","rate":296000,"ts":1760456467.8929758}
2025/10/14 15:41:08 POLARIS_LOG {"event":"send_rate","rate":304000,"ts":1760456468.8926327}
2025/10/14 15:41:09 POLARIS_LOG {"event":"send_rate","rate":296000,"ts":1760456469.8906767}
2025/10/14 15:41:10 POLARIS_LOG {"event":"send_rate","rate":304000,"ts":1760456470.8925078}
2025/10/14 15:41:11 POLARIS_LOG {"event":"send_rate","rate":296000,"ts":1760456471.8907318}
2025/10/14 15:41:12 POLARIS_LOG {"event":"send_rate","rate":304000,"ts":1760456472.8959918}
2025/10/14 15:41:13 POLARIS_LOG {"event":"send_rate","rate":296000,"ts":1760456473.8963277}
2025/10/14 15:41:14 POLARIS_LOG {"event":"send_rate","rate":304000,"ts":1760456474.8927836}
2025/10/14 15:41:15 POLARIS_LOG {"event":"send_rate","rate":296000,"ts":1760456475.8941975}
2025/10/14 15:41:16 POLARIS_LOG {"event":"send_rate","rate":304000,"ts":1760456476.891184}
2025/10/14 15:41:17 POLARIS_LOG {"event":"send_rate","rate":296000,"ts":1760456477.8913662}
2025/10/14 15:41:18 POLARIS_LOG {"event":"send_rate","rate":304000,"ts":1760456478.8906424}
2025/10/14 15:41:19 POLARIS_LOG {"event":"send_rate","rate":296000,"ts":1760456479.901439}
2025/10/14 15:41:20 POLARIS_LOG {"event":"send_rate","rate":304000,"ts":1760456480.8919508}
2025/10/14 15:41:21 POLARIS_LOG {"event":"send_rate","rate":296000,"ts":1760456481.8916826}
2025/10/14 15:41:22 POLARIS_LOG {"event":"send_rate","rate":304000,"ts":1760456482.8912265}
2025/10/14 15:41:23 POLARIS_LOG {"event":"send_rate","rate":296000,"ts":1760456483.8930845}
2025/10/14 15:41:24 POLARIS_LOG {"event":"send_rate","rate":304000,"ts":1760456484.895783}
2025/10/14 15:41:25 POLARIS_LOG {"event":"send_rate","rate":296000,"ts":1760456485.8925505}
2025/10/14 15:41:26 POLARIS_LOG {"event":"send_rate","rate":304000,"ts":1760456486.8912084}
2025/10/14 15:41:27 POLARIS_LOG {"event":"send_rate","rate":296000,"ts":1760456487.892624}
2025/10/14 15:41:28 POLARIS_LOG {"event":"send_rate","rate":304000,"ts":1760456488.8919737}
2025/10/14 15:41:29 POLARIS_LOG {"event":"send_rate","rate":296000,"ts":1760456489.8935475}
2025/10/14 15:41:30 POLARIS_LOG {"event":"send_rate","rate":304000,"ts":1760456490.892904}
2025/10/14 15:41:31 POLARIS_LOG {"event":"send_rate","rate":296000,"ts":1760456491.891879}
2025/10/14 15:41:32 POLARIS_LOG {"event":"send_rate","rate":304000,"ts":1760456492.89221}
2025/10/14 15:41:33 POLARIS_LOG {"event":"send_rate","rate":296000,"ts":1760456493.8918266}
2025/10/14 15:41:34 POLARIS_LOG {"event":"send_rate","rate":304000,"ts":1760456494.9223385}
2025/10/14 15:41:35 POLARIS_LOG {"event":"send_rate","rate":296000,"ts":1760456495.8920412}
2025/10/14 15:41:36 POLARIS_LOG {"event":"send_rate","rate":304000,"ts":1760456496.8953202}
2025/10/14 15:41:37 POLARIS_LOG {"event":"send_rate","rate":296000,"ts":1760456497.8922133}
2025/10/14 15:41:38 POLARIS_LOG {"event":"send_rate","rate":304000,"ts":1760456498.8911405}
2025/10/14 15:41:39 POLARIS_LOG {"event":"send_rate","rate":288000,"ts":1760456499.9294806}
2025/10/14 15:41:40 POLARIS_LOG {"event":"send_rate","rate":312000,"ts":1760456500.8928063}
2025/10/14 15:41:41 POLARIS_LOG {"event":"send_rate","rate":296000,"ts":1760456501.8972723}
2025/10/14 15:41:42 POLARIS_LOG {"event":"send_rate","rate":304000,"ts":1760456502.8943655}
2025/10/14 15:41:43 POLARIS_LOG {"event":"send_rate","rate":296000,"ts":1760456503.8935082}
2025/10/14 15:41:44 POLARIS_LOG {"event":"send_rate","rate":304000,"ts":1760456504.9004862}
2025/10/14 15:41:45 POLARIS_LOG {"event":"send_rate","rate":296000,"ts":1760456505.8986843}
2025/10/14 15:41:46 POLARIS_LOG {"event":"send_rate","rate":304000,"ts":1760456506.89264}
2025/10/14 15:41:47 POLARIS_LOG {"event":"send_rate","rate":296000,"ts":1760456507.8909197}
2025/10/14 15:41:48 POLARIS_LOG {"event":"send_rate","rate":304000,"ts":1760456508.8949406}
2025/10/14 15:41:49 POLARIS_LOG {"event":"send_rate","rate":296000,"ts":1760456509.8936718}
2025/10/14 15:41:50 POLARIS_LOG {"event":"send_rate","rate":304000,"ts":1760456510.8916492}
2025/10/14 15:41:51 POLARIS_LOG {"event":"send_rate","rate":296000,"ts":1760456511.9189014}
2025/10/14 15:41:52 POLARIS_LOG {"event":"send_rate","rate":304000,"ts":1760456512.8918743}
2025/10/14 15:41:53 POLARIS_LOG {"event":"send_rate","rate":296000,"ts":1760456513.891309}
2025/10/14 15:41:54 POLARIS_LOG {"event":"send_rate","rate":304000,"ts":1760456514.892769}
2025/10/14 15:41:55 POLARIS_LOG {"event":"send_rate","rate":296000,"ts":1760456515.8922145}
2025/10/14 15:41:56 POLARIS_LOG {"event":"send_rate","rate":296000,"ts":1760456516.8964207}
2025/10/14 15:41:57 POLARIS_LOG {"event":"send_rate","rate":304000,"ts":1760456517.8943822}
2025/10/14 15:41:58 POLARIS_LOG {"event":"send_rate","rate":296000,"ts":1760456518.8907974}
2025/10/14 15:41:59 POLARIS_LOG {"event":"send_rate","rate":304000,"ts":1760456519.8981917}
2025/10/14 15:42:00 POLARIS_LOG {"event":"send_rate","rate":296000,"ts":1760456520.8916962}
2025/10/14 15:42:01 POLARIS_LOG {"event":"send_rate","rate":304000,"ts":1760456521.8966448}
2025/10/14 15:42:02 POLARIS_LOG {"event":"send_rate","rate":296000,"ts":1760456522.8911254}
2025/10/14 15:42:03 POLARIS_LOG {"event":"send_rate","rate":304000,"ts":1760456523.890965}
2025/10/14 15:42:04 POLARIS_LOG {"event":"send_rate","rate":296000,"ts":1760456524.891229}
2025/10/14 15:42:05 POLARIS_LOG {"event":"send_rate","rate":304000,"ts":1760456525.90604}
2025/10/14 15:42:06 POLARIS_LOG {"event":"send_rate","rate":296000,"ts":1760456526.8923168}
2025/10/14 15:42:07 POLARIS_LOG {"event":"send_rate","rate":304000,"ts":1760456527.8938692}
2025/10/14 15:42:08 POLARIS_LOG {"event":"send_rate","rate":304000,"ts":1760456528.8984811}
2025/10/14 15:42:09 POLARIS_LOG {"event":"send_rate","rate":296000,"ts":1760456529.8908172}
2025/10/14 15:42:10 POLARIS_LOG {"event":"send_rate","rate":304000,"ts":1760456530.894608}
2025/10/14 15:42:11 POLARIS_LOG {"event":"send_rate","rate":296000,"ts":1760456531.890414}
2025/10/14 15:42:12 POLARIS_LOG {"event":"send_rate","rate":296000,"ts":1760456532.891143}
2025/10/14 15:42:13 POLARIS_LOG {"event":"send_rate","rate":304000,"ts":1760456533.9039319}
2025/10/14 15:42:14 POLARIS_LOG {"event":"send_rate","rate":296000,"ts":1760456534.8931477}
2025/10/14 15:42:15 POLARIS_LOG {"event":"send_rate","rate":304000,"ts":1760456535.8916745}
2025/10/14 15:42:16 POLARIS_LOG {"event":"send_rate","rate":296000,"ts":1760456536.905966}
2025/10/14 15:42:17 POLARIS_LOG {"event":"send_rate","rate":304000,"ts":1760456537.8905306}
2025/10/14 15:42:18 POLARIS_LOG {"event":"send_rate","rate":304000,"ts":1760456538.8962789}
2025/10/14 15:42:19 POLARIS_LOG {"event":"send_rate","rate":296000,"ts":1760456539.890545}
2025/10/14 15:42:20 POLARIS_LOG {"event":"send_rate","rate":296000,"ts":1760456540.8919296}
2025/10/14 15:42:21 POLARIS_LOG {"event":"send_rate","rate":304000,"ts":1760456541.8958733}
2025/10/14 15:42:22 POLARIS_LOG {"event":"send_rate","rate":296000,"ts":1760456542.89047}
2025/10/14 15:42:23 POLARIS_LOG {"event":"send_rate","rate":304000,"ts":1760456543.891017}
2025/10/14 15:42:24 POLARIS_LOG {"event":"send_rate","rate":304000,"ts":1760456544.914676}
2025/10/14 15:42:25 POLARIS_LOG {"event":"send_rate","rate":296000,"ts":1760456545.8928092}
2025/10/14 15:42:26 POLARIS_LOG {"event":"send_rate","rate":296000,"ts":1760456546.8908157}
2025/10/14 15:42:27 POLARIS_LOG {"event":"send_rate","rate":304000,"ts":1760456547.8918223}
2025/10/14 15:42:28 POLARIS_LOG {"event":"send_rate","rate":304000,"ts":1760456548.9170349}
2025/10/14 15:42:29 POLARIS_LOG {"event":"send_rate","rate":296000,"ts":1760456549.9008956}
2025/10/14 15:42:30 POLARIS_LOG {"event":"send_rate","rate":296000,"ts":1760456550.8917625}
2025/10/14 15:42:31 POLARIS_LOG {"event":"send_rate","rate":304000,"ts":1760456551.892176}
2025/10/14 15:42:32 POLARIS_LOG {"event":"send_rate","rate":296000,"ts":1760456552.891299}
2025/10/14 15:42:33 POLARIS_LOG {"event":"send_rate","rate":304000,"ts":1760456553.8930895}
2025/10/14 15:42:34 POLARIS_LOG {"event":"send_rate","rate":296000,"ts":1760456554.8920188}
2025/10/14 15:42:35 POLARIS_LOG {"event":"send_rate","rate":304000,"ts":1760456555.894167}
2025/10/14 15:42:36 POLARIS_LOG {"event":"send_rate","rate":296000,"ts":1760456556.8908503}
2025/10/14 15:42:37 POLARIS_LOG {"event":"send_rate","rate":304000,"ts":1760456557.8990939}
2025/10/14 15:42:38 POLARIS_LOG {"event":"send_rate","rate":296000,"ts":1760456558.8952131}
2025/10/14 15:42:39 POLARIS_LOG {"event":"send_rate","rate":304000,"ts":1760456559.8915615}
2025/10/14 15:42:40 POLARIS_LOG {"event":"send_rate","rate":296000,"ts":1760456560.8907907}
2025/10/14 15:42:41 POLARIS_LOG {"event":"send_rate","rate":304000,"ts":1760456561.8914015}
2025/10/14 15:42:42 POLARIS_LOG {"event":"send_rate","rate":296000,"ts":1760456562.8906105}
2025/10/14 15:42:43 POLARIS_LOG {"event":"send_rate","rate":304000,"ts":1760456563.8921974}
2025/10/14 15:42:44 POLARIS_LOG {"event":"send_rate","rate":296000,"ts":1760456564.8910515}
2025/10/14 15:42:45 POLARIS_LOG {"event":"send_rate","rate":304000,"ts":1760456565.8914323}
2025/10/14 15:42:46 POLARIS_LOG {"event":"send_rate","rate":296000,"ts":1760456566.8925018}
2025/10/14 15:42:47 POLARIS_LOG {"event":"send_rate","rate":304000,"ts":1760456567.8961756}
2025/10/14 15:42:48 POLARIS_LOG {"event":"send_rate","rate":296000,"ts":1760456568.8913038}
2025/10/14 15:42:49 POLARIS_LOG {"event":"send_rate","rate":304000,"ts":1760456569.8932004}
2025/10/14 15:42:50 POLARIS_LOG {"event":"send_rate","rate":296000,"ts":1760456570.8914034}
2025/10/14 15:42:51 POLARIS_LOG {"event":"send_rate","rate":304000,"ts":1760456571.890821}
2025/10/14 15:42:52 POLARIS_LOG {"event":"send_rate","rate":296000,"ts":1760456572.896269}
2025/10/14 15:42:53 POLARIS_LOG {"event":"send_rate","rate":304000,"ts":1760456573.8919857}
2025/10/14 15:42:54 POLARIS_LOG {"event":"send_rate","rate":296000,"ts":1760456574.8918781}
2025/10/14 15:42:55 POLARIS_LOG {"event":"send_rate","rate":304000,"ts":1760456575.8904183}
2025/10/14 15:42:56 POLARIS_LOG {"event":"send_rate","rate":296000,"ts":1760456576.890784}
2025/10/14 15:42:57 POLARIS_LOG {"event":"send_rate","rate":304000,"ts":1760456577.8925877}
2025/10/14 15:42:58 POLARIS_LOG {"event":"send_rate","rate":296000,"ts":1760456578.8932548}
2025/10/14 15:42:59 POLARIS_LOG {"event":"send_rate","rate":304000,"ts":1760456579.892992}
2025/10/14 15:43:00 POLARIS_LOG {"event":"send_rate","rate":296000,"ts":1760456580.8960173}
2025/10/14 15:43:01 POLARIS_LOG {"event":"send_rate","rate":304000,"ts":1760456581.9080544}
2025/10/14 15:43:02 POLARIS_LOG {"event":"send_rate","rate":296000,"ts":1760456582.890424}
2025/10/14 15:43:03 POLARIS_LOG {"event":"send_rate","rate":304000,"ts":1760456583.9002686}
2025/10/14 15:43:04 POLARIS_LOG {"event":"send_rate","rate":296000,"ts":1760456584.8908038}
2025/10/14 15:43:05 POLARIS_LOG {"event":"send_rate","rate":304000,"ts":1760456585.8923018}
2025/10/14 15:43:06 POLARIS_LOG {"event":"send_rate","rate":296000,"ts":1760456586.9080193}
2025/10/14 15:43:07 POLARIS_LOG {"event":"send_rate","rate":304000,"ts":1760456587.8918862}
2025/10/14 15:43:08 POLARIS_LOG {"event":"send_rate","rate":304000,"ts":1760456588.9312463}
2025/10/14 15:43:09 POLARIS_LOG {"event":"send_rate","rate":296000,"ts":1760456589.906342}
2025/10/14 15:43:10 POLARIS_LOG {"event":"send_rate","rate":296000,"ts":1760456590.891844}
2025/10/14 15:43:11 POLARIS_LOG {"event":"send_rate","rate":304000,"ts":1760456591.891343}
2025/10/14 15:43:12 POLARIS_LOG {"event":"send_rate","rate":296000,"ts":1760456592.8953319}
2025/10/14 15:43:13 POLARIS_LOG {"event":"send_rate","rate":304000,"ts":1760456593.8916543}
2025/10/14 15:43:14 POLARIS_LOG {"event":"send_rate","rate":296000,"ts":1760456594.89191}
2025/10/14 15:43:15 POLARIS_LOG {"event":"send_rate","rate":304000,"ts":1760456595.8906367}
2025/10/14 15:43:16 POLARIS_LOG {"event":"send_rate","rate":296000,"ts":1760456596.8931525}
2025/10/14 15:43:17 POLARIS_LOG {"event":"send_rate","rate":304000,"ts":1760456597.8973088}
2025/10/14 15:43:18 POLARIS_LOG {"event":"send_rate","rate":296000,"ts":1760456598.8914797}
2025/10/14 15:43:19 POLARIS_LOG {"event":"send_rate","rate":304000,"ts":1760456599.8907344}
2025/10/14 15:43:20 POLARIS_LOG {"event":"send_rate","rate":296000,"ts":1760456600.8918347}
2025/10/14 15:43:21 POLARIS_LOG {"event":"send_rate","rate":304000,"ts":1760456601.8940413}
2025/10/14 15:43:22 POLARIS_LOG {"event":"send_rate","rate":296000,"ts":1760456602.8946693}
2025/10/14 15:43:23 POLARIS_LOG {"event":"send_rate","rate":304000,"ts":1760456603.8925717}
2025/10/14 15:43:24 POLARIS_LOG {"event":"send_rate","rate":296000,"ts":1760456604.890601}
2025/10/14 15:43:25 POLARIS_LOG {"event":"send_rate","rate":304000,"ts":1760456605.8914237}
2025/10/14 15:43:26 POLARIS_LOG {"event":"send_rate","rate":296000,"ts":1760456606.8904488}
2025/10/14 15:43:27 POLARIS_LOG {"event":"send_rate","rate":304000,"ts":1760456607.8915527}
2025/10/14 15:43:28 POLARIS_LOG {"event":"send_rate","rate":296000,"ts":1760456608.8916786}
2025/10/14 15:43:29 POLARIS_LOG {"event":"send_rate","rate":304000,"ts":1760456609.891781}
2025/10/14 15:43:30 POLARIS_LOG {"event":"send_rate","rate":296000,"ts":1760456610.894749}
2025/10/14 15:43:31 POLARIS_LOG {"event":"send_rate","rate":304000,"ts":1760456611.9077895}
2025/10/14 15:43:32 POLARIS_LOG {"event":"send_rate","rate":296000,"ts":1760456612.8911974}
2025/10/14 15:43:33 POLARIS_LOG {"event":"send_rate","rate":304000,"ts":1760456613.8939164}
2025/10/14 15:43:34 POLARIS_LOG {"event":"send_rate","rate":296000,"ts":1760456614.8918524}
2025/10/14 15:43:35 POLARIS_LOG {"event":"send_rate","rate":304000,"ts":1760456615.9048114}
2025/10/14 15:43:36 POLARIS_LOG {"event":"send_rate","rate":296000,"ts":1760456616.8920364}
2025/10/14 15:43:37 POLARIS_LOG {"event":"send_rate","rate":304000,"ts":1760456617.8913586}
2025/10/14 15:43:38 POLARIS_LOG {"event":"send_rate","rate":296000,"ts":1760456618.8918836}
2025/10/14 15:43:39 POLARIS_LOG {"event":"send_rate","rate":304000,"ts":1760456619.8949332}
2025/10/14 15:43:40 POLARIS_LOG {"event":"send_rate","rate":304000,"ts":1760456620.9081714}
2025/10/14 15:43:41 POLARIS_LOG {"event":"send_rate","rate":296000,"ts":1760456621.9195664}
2025/10/14 15:43:42 POLARIS_LOG {"event":"send_rate","rate":296000,"ts":1760456622.8905}
2025/10/14 15:43:43 POLARIS_LOG {"event":"send_rate","rate":304000,"ts":1760456623.8919168}
2025/10/14 15:43:44 POLARIS_LOG {"event":"send_rate","rate":296000,"ts":1760456624.892226}
2025/10/14 15:43:45 POLARIS_LOG {"event":"send_rate","rate":304000,"ts":1760456625.8937032}
2025/10/14 15:43:46 POLARIS_LOG {"event":"send_rate","rate":296000,"ts":1760456626.893142}
2025/10/14 15:43:47 POLARIS_LOG {"event":"send_rate","rate":296000,"ts":1760456627.8913336}
2025/10/14 15:43:48 POLARIS_LOG {"event":"send_rate","rate":304000,"ts":1760456628.8933678}
2025/10/14 15:43:49 POLARIS_LOG {"event":"send_rate","rate":304000,"ts":1760456629.8920162}
2025/10/14 15:43:50 POLARIS_LOG {"event":"send_rate","rate":296000,"ts":1760456630.8957531}
2025/10/14 15:43:51 POLARIS_LOG {"event":"send_rate","rate":304000,"ts":1760456631.8916745}
2025/10/14 15:43:52 POLARIS_LOG {"event":"send_rate","rate":296000,"ts":1760456632.8909576}
2025/10/14 15:43:53 POLARIS_LOG {"event":"send_rate","rate":304000,"ts":1760456633.8910103}
2025/10/14 15:43:54 POLARIS_LOG {"event":"send_rate","rate":296000,"ts":1760456634.8904986}
2025/10/14 15:43:55 POLARIS_LOG {"event":"send_rate","rate":296000,"ts":1760456635.8959515}
2025/10/14 15:43:56 POLARIS_LOG {"event":"send_rate","rate":304000,"ts":1760456636.8912323}
2025/10/14 15:43:57 POLARIS_LOG {"event":"send_rate","rate":304000,"ts":1760456637.8923013}
2025/10/14 15:43:58 POLARIS_LOG {"event":"send_rate","rate":296000,"ts":1760456638.893375}
2025/10/14 15:43:59 POLARIS_LOG {"event":"send_rate","rate":296000,"ts":1760456639.8922427}
2025/10/14 15:44:00 POLARIS_LOG {"event":"send_rate","rate":304000,"ts":1760456640.892057}
2025/10/14 15:44:01 POLARIS_LOG {"event":"send_rate","rate":304000,"ts":1760456641.9018989}
2025/10/14 15:44:02 POLARIS_LOG {"event":"send_rate","rate":296000,"ts":1760456642.8915653}
2025/10/14 15:44:03 POLARIS_LOG {"event":"send_rate","rate":304000,"ts":1760456643.8930283}
2025/10/14 15:44:04 POLARIS_LOG {"event":"send_rate","rate":296000,"ts":1760456644.891313}
2025/10/14 15:44:05 POLARIS_LOG {"event":"send_rate","rate":304000,"ts":1760456645.890879}
2025/10/14 15:44:06 POLARIS_LOG {"event":"send_rate","rate":296000,"ts":1760456646.8904555}
2025/10/14 15:44:07 POLARIS_LOG {"event":"send_rate","rate":296000,"ts":1760456647.8915677}
2025/10/14 15:44:08 POLARIS_LOG {"event":"send_rate","rate":304000,"ts":1760456648.892541}
2025/10/14 15:44:09 POLARIS_LOG {"event":"send_rate","rate":304000,"ts":1760456649.8914344}
2025/10/14 15:44:10 POLARIS_LOG {"event":"send_rate","rate":296000,"ts":1760456650.891442}
2025/10/14 15:44:11 POLARIS_LOG {"event":"send_rate","rate":304000,"ts":1760456651.8915312}
2025/10/14 15:44:12 POLARIS_LOG {"event":"send_rate","rate":296000,"ts":1760456652.8917441}
2025/10/14 15:44:13 POLARIS_LOG {"event":"send_rate","rate":296000,"ts":1760456653.8909955}
2025/10/14 15:44:14 POLARIS_LOG {"event":"send_rate","rate":304000,"ts":1760456654.8933094}
2025/10/14 15:44:15 POLARIS_LOG {"event":"send_rate","rate":296000,"ts":1760456655.9001548}
2025/10/14 15:44:16 POLARIS_LOG {"event":"send_rate","rate":304000,"ts":1760456656.89133}
2025/10/14 15:44:17 POLARIS_LOG {"event":"send_rate","rate":296000,"ts":1760456657.89103}
2025/10/14 15:44:18 POLARIS_LOG {"event":"send_rate","rate":304000,"ts":1760456658.8970656}
2025/10/14 15:44:19 POLARIS_LOG {"event":"send_rate","rate":296000,"ts":1760456659.8912847}
2025/10/14 15:44:20 POLARIS_LOG {"event":"send_rate","rate":304000,"ts":1760456660.8904965}
2025/10/14 15:44:21 POLARIS_LOG {"event":"send_rate","rate":296000,"ts":1760456661.8919983}
2025/10/14 15:44:22 POLARIS_LOG {"event":"send_rate","rate":304000,"ts":1760456662.891456}
2025/10/14 15:44:23 POLARIS_LOG {"event":"send_rate","rate":296000,"ts":1760456663.8915713}
2025/10/14 15:44:24 POLARIS_LOG {"event":"send_rate","rate":304000,"ts":1760456664.8995016}
2025/10/14 15:44:25 POLARIS_LOG {"event":"send_rate","rate":296000,"ts":1760456665.8924665}
2025/10/14 15:44:26 POLARIS_LOG {"event":"send_rate","rate":304000,"ts":1760456666.8916595}
2025/10/14 15:44:27 POLARIS_LOG {"event":"send_rate","rate":296000,"ts":1760456667.8918128}
2025/10/14 15:44:28 POLARIS_LOG {"event":"send_rate","rate":304000,"ts":1760456668.891027}
2025/10/14 15:44:29 POLARIS_LOG {"event":"send_rate","rate":304000,"ts":1760456669.893016}
2025/10/14 15:44:30 POLARIS_LOG {"event":"send_rate","rate":296000,"ts":1760456670.8928843}
2025/10/14 15:44:31 POLARIS_LOG {"event":"send_rate","rate":296000,"ts":1760456671.890558}
2025/10/14 15:44:32 POLARIS_LOG {"event":"send_rate","rate":304000,"ts":1760456672.8913367}
2025/10/14 15:44:33 POLARIS_LOG {"event":"send_rate","rate":296000,"ts":1760456673.8913417}
2025/10/14 15:44:34 POLARIS_LOG {"event":"send_rate","rate":304000,"ts":1760456674.8931956}
2025/10/14 15:44:35 POLARIS_LOG {"event":"send_rate","rate":296000,"ts":1760456675.8917975}
2025/10/14 15:44:36 POLARIS_LOG {"event":"send_rate","rate":304000,"ts":1760456676.897196}
2025/10/14 15:44:37 POLARIS_LOG {"event":"send_rate","rate":304000,"ts":1760456677.8954031}
2025/10/14 15:44:38 POLARIS_LOG {"event":"send_rate","rate":296000,"ts":1760456678.8971767}
2025/10/14 15:44:39 POLARIS_LOG {"event":"send_rate","rate":296000,"ts":1760456679.8904374}
2025/10/14 15:44:40 POLARIS_LOG {"event":"send_rate","rate":304000,"ts":1760456680.893791}
2025/10/14 15:44:41 POLARIS_LOG {"event":"send_rate","rate":296000,"ts":1760456681.8919997}
2025/10/14 15:44:42 POLARIS_LOG {"event":"send_rate","rate":304000,"ts":1760456682.8909087}
2025/10/14 15:44:43 POLARIS_LOG {"event":"send_rate","rate":296000,"ts":1760456683.8917325}
2025/10/14 15:44:44 POLARIS_LOG {"event":"send_rate","rate":304000,"ts":1760456684.927023}
2025/10/14 15:44:45 POLARIS_LOG {"event":"send_rate","rate":296000,"ts":1760456685.892216}
2025/10/14 15:44:46 POLARIS_LOG {"event":"send_rate","rate":304000,"ts":1760456686.8904822}
2025/10/14 15:44:47 POLARIS_LOG {"event":"send_rate","rate":296000,"ts":1760456687.8923965}
2025/10/14 15:44:48 POLARIS_LOG {"event":"send_rate","rate":304000,"ts":1760456688.8978271}
2025/10/14 15:44:49 POLARIS_LOG {"event":"send_rate","rate":296000,"ts":1760456689.8913023}
2025/10/14 15:44:50 POLARIS_LOG {"event":"send_rate","rate":304000,"ts":1760456690.8910997}
2025/10/14 15:44:51 POLARIS_LOG {"event":"send_rate","rate":296000,"ts":1760456691.8906837}
2025/10/14 15:44:52 POLARIS_LOG {"event":"send_rate","rate":304000,"ts":1760456692.8915935}
2025/10/14 15:44:53 POLARIS_LOG {"event":"send_rate","rate":296000,"ts":1760456693.8939798}
2025/10/14 15:44:54 POLARIS_LOG {"event":"send_rate","rate":304000,"ts":1760456694.8905337}
2025/10/14 15:44:55 POLARIS_LOG {"event":"send_rate","rate":296000,"ts":1760456695.8906832}
2025/10/14 15:44:56 POLARIS_LOG {"event":"send_rate","rate":304000,"ts":1760456696.891414}
2025/10/14 15:44:57 POLARIS_LOG {"event":"send_rate","rate":304000,"ts":1760456697.8967564}
2025/10/14 15:44:58 POLARIS_LOG {"event":"send_rate","rate":296000,"ts":1760456698.8911865}
2025/10/14 15:44:59 POLARIS_LOG {"event":"send_rate","rate":296000,"ts":1760456699.8904164}
2025/10/14 15:45:00 POLARIS_LOG {"event":"send_rate","rate":304000,"ts":1760456700.89059}
2025/10/14 15:45:01 POLARIS_LOG {"event":"send_rate","rate":304000,"ts":1760456701.8958757}
2025/10/14 15:45:02 POLARIS_LOG {"event":"send_rate","rate":296000,"ts":1760456702.890612}
2025/10/14 15:45:03 POLARIS_LOG {"event":"send_rate","rate":296000,"ts":1760456703.8928626}
2025/10/14 15:45:04 POLARIS_LOG {"event":"send_rate","rate":304000,"ts":1760456704.8917818}
2025/10/14 15:45:05 POLARIS_LOG {"event":"send_rate","rate":288000,"ts":1760456705.9005888}
2025/10/14 15:45:06 POLARIS_LOG {"event":"send_rate","rate":312000,"ts":1760456706.8932934}
2025/10/14 15:45:07 POLARIS_LOG {"event":"send_rate","rate":296000,"ts":1760456707.894965}
2025/10/14 15:45:08 POLARIS_LOG {"event":"send_rate","rate":304000,"ts":1760456708.893513}
2025/10/14 15:45:09 POLARIS_LOG {"event":"send_rate","rate":288000,"ts":1760456709.8931625}
2025/10/14 15:45:10 POLARIS_LOG {"event":"send_rate","rate":312000,"ts":1760456710.8911047}
2025/10/14 15:45:11 POLARIS_LOG {"event":"send_rate","rate":296000,"ts":1760456711.8914602}
2025/10/14 15:45:12 POLARIS_LOG {"event":"send_rate","rate":304000,"ts":1760456712.8944743}
2025/10/14 15:45:13 POLARIS_LOG {"event":"send_rate","rate":296000,"ts":1760456713.8922956}
2025/10/14 15:45:14 POLARIS_LOG {"event":"send_rate","rate":304000,"ts":1760456714.8909411}
2025/10/14 15:45:15 POLARIS_LOG {"event":"send_rate","rate":296000,"ts":1760456715.8906112}
2025/10/14 15:45:16 POLARIS_LOG {"event":"send_rate","rate":304000,"ts":1760456716.895587}
2025/10/14 15:45:17 POLARIS_LOG {"event":"send_rate","rate":296000,"ts":1760456717.8926291}
2025/10/14 15:45:18 POLARIS_LOG {"event":"send_rate","rate":304000,"ts":1760456718.893492}
2025/10/14 15:45:19 POLARIS_LOG {"event":"send_rate","rate":296000,"ts":1760456719.8904333}
2025/10/14 15:45:20 POLARIS_LOG {"event":"send_rate","rate":304000,"ts":1760456720.8947573}
2025/10/14 15:45:21 POLARIS_LOG {"event":"send_rate","rate":296000,"ts":1760456721.8946097}
2025/10/14 15:45:22 POLARIS_LOG {"event":"send_rate","rate":304000,"ts":1760456722.891607}
2025/10/14 15:45:23 POLARIS_LOG {"event":"send_rate","rate":296000,"ts":1760456723.892634}
2025/10/14 15:45:24 POLARIS_LOG {"event":"send_rate","rate":304000,"ts":1760456724.8914564}
2025/10/14 15:45:25 POLARIS_LOG {"event":"send_rate","rate":296000,"ts":1760456725.8909502}
2025/10/14 15:45:26 POLARIS_LOG {"event":"send_rate","rate":304000,"ts":1760456726.8932726}
2025/10/14 15:45:27 POLARIS_LOG {"event":"send_rate","rate":296000,"ts":1760456727.8912196}
2025/10/14 15:45:28 POLARIS_LOG {"event":"send_rate","rate":304000,"ts":1760456728.8923388}
2025/10/14 15:45:29 POLARIS_LOG {"event":"send_rate","rate":296000,"ts":1760456729.890954}
We need to sleep for 1 seconds before we can get the results
2025/10/14 15:45:30 POLARIS_LOG {"event":"send_rate","rate":16000,"ts":1760456730.8904335}
Drain Loop received packet
Drain Loop received non-nil payload
Client sent 10800 packets, server reported 10776 packets received
The network loss rate from client to server is 0.2%

S->C results
Attempted bandwidth: 0 bps / 0.00 Mbps
Achieved bandwidth: 0 bps / 0.00 Mbps
Loss rate: 0.0%
Interarrival time min/avg/max/mdev = -0.000/0.000/0.000/0.000 ms

C->S results
Attempted bandwidth: 300000 bps / 0.30 Mbps
Achieved bandwidth: 299333 bps / 0.30 Mbps
Loss rate: 0.2%
Interarrival time min/avg/max/mdev = 0.002/26.713/704.811/26.040 ms
