
Test parameters:
client->server: 300 seconds, 1000 bytes, 18750 packets
server->client: 300 seconds, 1000 bytes, 0 packets
2025/10/17 20:11:11 POLARIS_LOG {"current_rate":0,"event":"path_switch","new":"2 2 5 2","trigger":"initialization","ts":1760731871.5591059}
Polaris prober initialized with 38 paths
Polaris prober initialized with local 1-111,10.111.0.71:32764 and remote 1-113,10.113.0.71
2025/10/17 20:11:12 POLARIS_LOG {"event":"send_rate","rate":504000,"ts":1760731872.560567}
2025/10/17 20:11:13 POLARIS_LOG {"event":"send_rate","rate":496000,"ts":1760731873.5604258}
2025/10/17 20:11:14 POLARIS_LOG {"event":"send_rate","rate":496000,"ts":1760731874.5599844}
2025/10/17 20:11:15 POLARIS_LOG {"event":"send_rate","rate":504000,"ts":1760731875.5598161}
2025/10/17 20:11:16 POLARIS_LOG {"event":"send_rate","rate":504000,"ts":1760731876.5605578}
2025/10/17 20:11:17 POLARIS_LOG {"event":"send_rate","rate":496000,"ts":1760731877.5603044}
2025/10/17 20:11:18 POLARIS_LOG {"event":"send_rate","rate":504000,"ts":1760731878.5603971}
2025/10/17 20:11:19 POLARIS_LOG {"event":"send_rate","rate":496000,"ts":1760731879.560379}
2025/10/17 20:11:20 POLARIS_LOG {"event":"send_rate","rate":504000,"ts":1760731880.5595198}
2025/10/17 20:11:21 POLARIS_LOG {"event":"send_rate","rate":496000,"ts":1760731881.560088}
2025/10/17 20:11:22 POLARIS_LOG {"event":"send_rate","rate":504000,"ts":1760731882.5596035}
2025/10/17 20:11:23 POLARIS_LOG {"event":"send_rate","rate":496000,"ts":1760731883.560183}
2025/10/17 20:11:24 POLARIS_LOG {"event":"send_rate","rate":504000,"ts":1760731884.560145}
2025/10/17 20:11:25 POLARIS_LOG {"event":"send_rate","rate":496000,"ts":1760731885.5602918}
2025/10/17 20:11:26 POLARIS_LOG {"event":"send_rate","rate":496000,"ts":1760731886.5597265}
2025/10/17 20:11:27 POLARIS_LOG {"event":"send_rate","rate":504000,"ts":1760731887.5603235}
2025/10/17 20:11:28 POLARIS_LOG {"event":"send_rate","rate":496000,"ts":1760731888.5605664}
2025/10/17 20:11:29 POLARIS_LOG {"event":"send_rate","rate":504000,"ts":1760731889.5601206}
2025/10/17 20:11:30 POLARIS_LOG {"event":"send_rate","rate":496000,"ts":1760731890.563365}
2025/10/17 20:11:31 POLARIS_LOG {"event":"send_rate","rate":504000,"ts":1760731891.560011}
2025/10/17 20:11:32 POLARIS_LOG {"event":"send_rate","rate":504000,"ts":1760731892.560061}
2025/10/17 20:11:33 POLARIS_LOG {"event":"send_rate","rate":496000,"ts":1760731893.5602837}
2025/10/17 20:11:34 POLARIS_LOG {"event":"send_rate","rate":496000,"ts":1760731894.5615382}
2025/10/17 20:11:35 POLARIS_LOG {"event":"send_rate","rate":504000,"ts":1760731895.5617824}
2025/10/17 20:11:36 POLARIS_LOG {"event":"send_rate","rate":496000,"ts":1760731896.5602446}
2025/10/17 20:11:37 POLARIS_LOG {"event":"send_rate","rate":504000,"ts":1760731897.560673}
2025/10/17 20:11:38 POLARIS_LOG {"event":"send_rate","rate":504000,"ts":1760731898.5616274}
2025/10/17 20:11:39 POLARIS_LOG {"event":"send_rate","rate":496000,"ts":1760731899.5605257}
2025/10/17 20:11:40 POLARIS_LOG {"event":"send_rate","rate":504000,"ts":1760731900.5617163}
2025/10/17 20:11:41 POLARIS_LOG {"event":"send_rate","rate":496000,"ts":1760731901.5603294}
2025/10/17 20:11:42 POLARIS_LOG {"event":"send_rate","rate":504000,"ts":1760731902.559985}
2025/10/17 20:11:43 POLARIS_LOG {"event":"send_rate","rate":496000,"ts":1760731903.5609217}
2025/10/17 20:11:44 POLARIS_LOG {"event":"send_rate","rate":496000,"ts":1760731904.561921}
2025/10/17 20:11:45 POLARIS_LOG {"event":"send_rate","rate":504000,"ts":1760731905.5618114}
2025/10/17 20:11:46 POLARIS_LOG {"event":"send_rate","rate":504000,"ts":1760731906.5613313}
2025/10/17 20:11:47 POLARIS_LOG {"event":"send_rate","rate":496000,"ts":1760731907.5597367}
2025/10/17 20:11:48 POLARIS_LOG {"event":"send_rate","rate":488000,"ts":1760731908.560793}
2025/10/17 20:11:49 POLARIS_LOG {"event":"send_rate","rate":384000,"ts":1760731909.5644503}
2025/10/17 20:11:50 POLARIS_LOG {"event":"send_rate","rate":304000,"ts":1760731910.5601237}
2025/10/17 20:11:51 POLARIS_LOG {"event":"send_rate","rate":368000,"ts":1760731911.5597515}
2025/10/17 20:11:51 POLARIS_LOG {"candidates":5,"candidates_unfiltered":25,"current_rate":368000,"estimated_share":2000000,"event":"path_switch","max_estimated_share":2000000,"new":"5 5 2 4","old":"2 2 5 2","trigger":"scheduled","ts":1760731911.559835}
2025/10/17 20:11:52 POLARIS_LOG {"event":"send_rate","rate":952000,"ts":1760731912.5618393}
2025/10/17 20:11:53 POLARIS_LOG {"event":"send_rate","rate":504000,"ts":1760731913.560721}
2025/10/17 20:11:54 POLARIS_LOG {"event":"send_rate","rate":504000,"ts":1760731914.5647762}
2025/10/17 20:11:55 POLARIS_LOG {"event":"send_rate","rate":496000,"ts":1760731915.5611095}
2025/10/17 20:11:56 POLARIS_LOG {"event":"send_rate","rate":504000,"ts":1760731916.560707}
2025/10/17 20:11:57 POLARIS_LOG {"event":"send_rate","rate":496000,"ts":1760731917.5620944}
2025/10/17 20:11:58 POLARIS_LOG {"event":"send_rate","rate":496000,"ts":1760731918.5602086}
2025/10/17 20:11:59 POLARIS_LOG {"event":"send_rate","rate":512000,"ts":1760731919.5759027}
2025/10/17 20:12:00 POLARIS_LOG {"event":"send_rate","rate":496000,"ts":1760731920.5665452}
2025/10/17 20:12:01 POLARIS_LOG {"event":"send_rate","rate":496000,"ts":1760731921.5604682}
2025/10/17 20:12:02 POLARIS_LOG {"event":"send_rate","rate":496000,"ts":1760731922.5601714}
2025/10/17 20:12:03 POLARIS_LOG {"event":"send_rate","rate":504000,"ts":1760731923.5614328}
2025/10/17 20:12:04 POLARIS_LOG {"event":"send_rate","rate":496000,"ts":1760731924.5636845}
2025/10/17 20:12:05 POLARIS_LOG {"event":"send_rate","rate":504000,"ts":1760731925.5604014}
2025/10/17 20:12:06 POLARIS_LOG {"event":"send_rate","rate":504000,"ts":1760731926.564084}
2025/10/17 20:12:07 POLARIS_LOG {"event":"send_rate","rate":496000,"ts":1760731927.5595303}
2025/10/17 20:12:08 POLARIS_LOG {"event":"send_rate","rate":504000,"ts":1760731928.5698233}
2025/10/17 20:12:09 POLARIS_LOG {"event":"send_rate","rate":496000,"ts":1760731929.5624802}
2025/10/17 20:12:10 POLARIS_LOG {"event":"send_rate","rate":504000,"ts":1760731930.562885}
2025/10/17 20:12:11 POLARIS_LOG {"event":"send_rate","rate":496000,"ts":1760731931.5603495}
2025/10/17 20:12:12 POLARIS_LOG {"event":"send_rate","rate":496000,"ts":1760731932.5605502}
2025/10/17 20:12:13 POLARIS_LOG {"event":"send_rate","rate":504000,"ts":1760731933.56039}
2025/10/17 20:12:14 POLARIS_LOG {"event":"send_rate","rate":496000,"ts":1760731934.5611796}
2025/10/17 20:12:15 POLARIS_LOG {"event":"send_rate","rate":504000,"ts":1760731935.5601828}
2025/10/17 20:12:16 POLARIS_LOG {"event":"send_rate","rate":512000,"ts":1760731936.5858881}
2025/10/17 20:12:17 POLARIS_LOG {"event":"send_rate","rate":488000,"ts":1760731937.5598376}
2025/10/17 20:12:18 POLARIS_LOG {"event":"send_rate","rate":496000,"ts":1760731938.5639052}
2025/10/17 20:12:19 POLARIS_LOG {"event":"send_rate","rate":504000,"ts":1760731939.5595264}
2025/10/17 20:12:20 POLARIS_LOG {"event":"send_rate","rate":496000,"ts":1760731940.5596244}
2025/10/17 20:12:21 POLARIS_LOG {"event":"send_rate","rate":504000,"ts":1760731941.560537}
2025/10/17 20:12:22 POLARIS_LOG {"event":"send_rate","rate":504000,"ts":1760731942.5669765}
2025/10/17 20:12:23 POLARIS_LOG {"event":"send_rate","rate":496000,"ts":1760731943.5706732}
2025/10/17 20:12:24 POLARIS_LOG {"event":"send_rate","rate":496000,"ts":1760731944.5596635}
2025/10/17 20:12:25 POLARIS_LOG {"event":"send_rate","rate":496000,"ts":1760731945.5607715}
2025/10/17 20:12:26 POLARIS_LOG {"event":"send_rate","rate":504000,"ts":1760731946.5605953}
2025/10/17 20:12:27 POLARIS_LOG {"event":"send_rate","rate":504000,"ts":1760731947.560536}
2025/10/17 20:12:28 POLARIS_LOG {"event":"send_rate","rate":496000,"ts":1760731948.561315}
2025/10/17 20:12:29 POLARIS_LOG {"event":"send_rate","rate":504000,"ts":1760731949.5638895}
2025/10/17 20:12:30 POLARIS_LOG {"event":"send_rate","rate":496000,"ts":1760731950.5601585}
2025/10/17 20:12:31 POLARIS_LOG {"event":"send_rate","rate":504000,"ts":1760731951.5598214}
2025/10/17 20:12:32 POLARIS_LOG {"event":"send_rate","rate":512000,"ts":1760731952.5790696}
2025/10/17 20:12:33 POLARIS_LOG {"event":"send_rate","rate":488000,"ts":1760731953.560242}
2025/10/17 20:12:34 POLARIS_LOG {"event":"send_rate","rate":496000,"ts":1760731954.5606477}
2025/10/17 20:12:35 POLARIS_LOG {"event":"send_rate","rate":504000,"ts":1760731955.5601273}
2025/10/17 20:12:36 POLARIS_LOG {"event":"send_rate","rate":496000,"ts":1760731956.5602026}
2025/10/17 20:12:37 POLARIS_LOG {"event":"send_rate","rate":504000,"ts":1760731957.570408}
2025/10/17 20:12:38 POLARIS_LOG {"event":"send_rate","rate":496000,"ts":1760731958.5603836}
2025/10/17 20:12:39 POLARIS_LOG {"event":"send_rate","rate":504000,"ts":1760731959.560029}
2025/10/17 20:12:40 POLARIS_LOG {"event":"send_rate","rate":496000,"ts":1760731960.5600278}
2025/10/17 20:12:41 POLARIS_LOG {"event":"send_rate","rate":504000,"ts":1760731961.5601933}
2025/10/17 20:12:42 POLARIS_LOG {"event":"send_rate","rate":496000,"ts":1760731962.5616481}
2025/10/17 20:12:43 POLARIS_LOG {"event":"send_rate","rate":504000,"ts":1760731963.5602362}
2025/10/17 20:12:44 POLARIS_LOG {"event":"send_rate","rate":496000,"ts":1760731964.5596104}
2025/10/17 20:12:45 POLARIS_LOG {"event":"send_rate","rate":504000,"ts":1760731965.5602999}
2025/10/17 20:12:46 POLARIS_LOG {"event":"send_rate","rate":496000,"ts":1760731966.5607667}
2025/10/17 20:12:47 POLARIS_LOG {"event":"send_rate","rate":504000,"ts":1760731967.5602844}
2025/10/17 20:12:48 POLARIS_LOG {"event":"send_rate","rate":496000,"ts":1760731968.5599298}
2025/10/17 20:12:49 POLARIS_LOG {"event":"send_rate","rate":504000,"ts":1760731969.5603461}
2025/10/17 20:12:50 POLARIS_LOG {"event":"send_rate","rate":496000,"ts":1760731970.561383}
2025/10/17 20:12:51 POLARIS_LOG {"event":"send_rate","rate":504000,"ts":1760731971.5601697}
2025/10/17 20:12:52 POLARIS_LOG {"event":"send_rate","rate":496000,"ts":1760731972.5602422}
2025/10/17 20:12:53 POLARIS_LOG {"event":"send_rate","rate":504000,"ts":1760731973.560201}
2025/10/17 20:12:54 POLARIS_LOG {"event":"send_rate","rate":496000,"ts":1760731974.5599883}
2025/10/17 20:12:55 POLARIS_LOG {"event":"send_rate","rate":504000,"ts":1760731975.5596187}
2025/10/17 20:12:56 POLARIS_LOG {"event":"send_rate","rate":496000,"ts":1760731976.5611417}
2025/10/17 20:12:57 POLARIS_LOG {"event":"send_rate","rate":504000,"ts":1760731977.5596244}
2025/10/17 20:12:58 POLARIS_LOG {"event":"send_rate","rate":496000,"ts":1760731978.5595148}
2025/10/17 20:12:59 POLARIS_LOG {"event":"send_rate","rate":504000,"ts":1760731979.5600998}
2025/10/17 20:13:00 POLARIS_LOG {"event":"send_rate","rate":496000,"ts":1760731980.5597584}
2025/10/17 20:13:01 POLARIS_LOG {"event":"send_rate","rate":504000,"ts":1760731981.560041}
2025/10/17 20:13:02 POLARIS_LOG {"event":"send_rate","rate":496000,"ts":1760731982.5603738}
2025/10/17 20:13:03 POLARIS_LOG {"event":"send_rate","rate":496000,"ts":1760731983.560087}
2025/10/17 20:13:04 POLARIS_LOG {"event":"send_rate","rate":504000,"ts":1760731984.5627055}
2025/10/17 20:13:05 POLARIS_LOG {"event":"send_rate","rate":504000,"ts":1760731985.560052}
2025/10/17 20:13:06 POLARIS_LOG {"event":"send_rate","rate":496000,"ts":1760731986.5604458}
2025/10/17 20:13:07 POLARIS_LOG {"event":"send_rate","rate":504000,"ts":1760731987.5597525}
2025/10/17 20:13:08 POLARIS_LOG {"event":"send_rate","rate":496000,"ts":1760731988.5611284}
2025/10/17 20:13:09 POLARIS_LOG {"event":"send_rate","rate":504000,"ts":1760731989.560697}
2025/10/17 20:13:10 POLARIS_LOG {"event":"send_rate","rate":496000,"ts":1760731990.5604062}
2025/10/17 20:13:11 POLARIS_LOG {"event":"send_rate","rate":504000,"ts":1760731991.5597975}
2025/10/17 20:13:12 POLARIS_LOG {"event":"send_rate","rate":496000,"ts":1760731992.56124}
2025/10/17 20:13:13 POLARIS_LOG {"event":"send_rate","rate":504000,"ts":1760731993.5600178}
2025/10/17 20:13:14 POLARIS_LOG {"event":"send_rate","rate":496000,"ts":1760731994.5604272}
2025/10/17 20:13:15 POLARIS_LOG {"event":"send_rate","rate":504000,"ts":1760731995.5625854}
2025/10/17 20:13:16 POLARIS_LOG {"event":"send_rate","rate":496000,"ts":1760731996.559611}
2025/10/17 20:13:17 POLARIS_LOG {"event":"send_rate","rate":504000,"ts":1760731997.5627205}
2025/10/17 20:13:18 POLARIS_LOG {"event":"send_rate","rate":496000,"ts":1760731998.560474}
2025/10/17 20:13:19 POLARIS_LOG {"event":"send_rate","rate":504000,"ts":1760731999.5631316}
2025/10/17 20:13:20 POLARIS_LOG {"event":"send_rate","rate":504000,"ts":1760732000.5662262}
2025/10/17 20:13:21 POLARIS_LOG {"event":"send_rate","rate":496000,"ts":1760732001.5597208}
2025/10/17 20:13:22 POLARIS_LOG {"event":"send_rate","rate":496000,"ts":1760732002.5602326}
2025/10/17 20:13:23 POLARIS_LOG {"event":"send_rate","rate":504000,"ts":1760732003.5602715}
2025/10/17 20:13:24 POLARIS_LOG {"event":"send_rate","rate":496000,"ts":1760732004.5615888}
2025/10/17 20:13:25 POLARIS_LOG {"event":"send_rate","rate":512000,"ts":1760732005.5747612}
2025/10/17 20:13:26 POLARIS_LOG {"event":"send_rate","rate":488000,"ts":1760732006.5613973}
2025/10/17 20:13:27 POLARIS_LOG {"event":"send_rate","rate":504000,"ts":1760732007.5596116}
2025/10/17 20:13:28 POLARIS_LOG {"event":"send_rate","rate":496000,"ts":1760732008.559531}
2025/10/17 20:13:29 POLARIS_LOG {"event":"send_rate","rate":504000,"ts":1760732009.5609748}
2025/10/17 20:13:30 POLARIS_LOG {"event":"send_rate","rate":496000,"ts":1760732010.5595248}
2025/10/17 20:13:31 POLARIS_LOG {"event":"send_rate","rate":504000,"ts":1760732011.560254}
2025/10/17 20:13:32 POLARIS_LOG {"event":"send_rate","rate":496000,"ts":1760732012.560168}
2025/10/17 20:13:33 POLARIS_LOG {"event":"send_rate","rate":504000,"ts":1760732013.5620275}
2025/10/17 20:13:34 POLARIS_LOG {"event":"send_rate","rate":496000,"ts":1760732014.5597723}
2025/10/17 20:13:35 POLARIS_LOG {"event":"send_rate","rate":504000,"ts":1760732015.5606809}
2025/10/17 20:13:36 POLARIS_LOG {"event":"send_rate","rate":496000,"ts":1760732016.559947}
2025/10/17 20:13:37 POLARIS_LOG {"event":"send_rate","rate":504000,"ts":1760732017.5597763}
2025/10/17 20:13:38 POLARIS_LOG {"event":"send_rate","rate":496000,"ts":1760732018.5604064}
2025/10/17 20:13:39 POLARIS_LOG {"event":"send_rate","rate":488000,"ts":1760732019.5643852}
2025/10/17 20:13:40 POLARIS_LOG {"event":"send_rate","rate":520000,"ts":1760732020.5898087}
2025/10/17 20:13:41 POLARIS_LOG {"event":"send_rate","rate":496000,"ts":1760732021.562217}
2025/10/17 20:13:42 POLARIS_LOG {"event":"send_rate","rate":496000,"ts":1760732022.5614057}
2025/10/17 20:13:43 POLARIS_LOG {"event":"send_rate","rate":504000,"ts":1760732023.5602813}
2025/10/17 20:13:44 POLARIS_LOG {"event":"send_rate","rate":496000,"ts":1760732024.5655115}
2025/10/17 20:13:45 POLARIS_LOG {"event":"send_rate","rate":504000,"ts":1760732025.5650842}
2025/10/17 20:13:46 POLARIS_LOG {"event":"send_rate","rate":496000,"ts":1760732026.5716424}
2025/10/17 20:13:47 POLARIS_LOG {"event":"send_rate","rate":504000,"ts":1760732027.561536}
2025/10/17 20:13:48 POLARIS_LOG {"event":"send_rate","rate":496000,"ts":1760732028.5599313}
2025/10/17 20:13:49 POLARIS_LOG {"event":"send_rate","rate":496000,"ts":1760732029.5610669}
2025/10/17 20:13:50 POLARIS_LOG {"event":"send_rate","rate":504000,"ts":1760732030.5601993}
2025/10/17 20:13:51 POLARIS_LOG {"event":"send_rate","rate":496000,"ts":1760732031.5595706}
2025/10/17 20:13:52 POLARIS_LOG {"event":"send_rate","rate":504000,"ts":1760732032.560474}
2025/10/17 20:13:53 POLARIS_LOG {"event":"send_rate","rate":504000,"ts":1760732033.5663936}
2025/10/17 20:13:54 POLARIS_LOG {"event":"send_rate","rate":496000,"ts":1760732034.5609257}
2025/10/17 20:13:55 POLARIS_LOG {"event":"send_rate","rate":504000,"ts":1760732035.5605054}
2025/10/17 20:13:56 POLARIS_LOG {"event":"send_rate","rate":496000,"ts":1760732036.5640726}
2025/10/17 20:13:57 POLARIS_LOG {"event":"send_rate","rate":496000,"ts":1760732037.5604982}
2025/10/17 20:13:58 POLARIS_LOG {"event":"send_rate","rate":504000,"ts":1760732038.5604863}
2025/10/17 20:13:59 POLARIS_LOG {"event":"send_rate","rate":496000,"ts":1760732039.560092}
2025/10/17 20:14:00 POLARIS_LOG {"event":"send_rate","rate":504000,"ts":1760732040.5605392}
2025/10/17 20:14:01 POLARIS_LOG {"event":"send_rate","rate":504000,"ts":1760732041.5626407}
2025/10/17 20:14:02 POLARIS_LOG {"event":"send_rate","rate":496000,"ts":1760732042.559893}
2025/10/17 20:14:03 POLARIS_LOG {"event":"send_rate","rate":504000,"ts":1760732043.56048}
2025/10/17 20:14:04 POLARIS_LOG {"event":"send_rate","rate":496000,"ts":1760732044.5622559}
2025/10/17 20:14:05 POLARIS_LOG {"event":"send_rate","rate":504000,"ts":1760732045.5604687}
2025/10/17 20:14:06 POLARIS_LOG {"event":"send_rate","rate":496000,"ts":1760732046.5620306}
2025/10/17 20:14:07 POLARIS_LOG {"event":"send_rate","rate":504000,"ts":1760732047.5630665}
2025/10/17 20:14:08 POLARIS_LOG {"event":"send_rate","rate":496000,"ts":1760732048.5596411}
2025/10/17 20:14:09 POLARIS_LOG {"event":"send_rate","rate":496000,"ts":1760732049.5602734}
2025/10/17 20:14:10 POLARIS_LOG {"event":"send_rate","rate":504000,"ts":1760732050.5603962}
2025/10/17 20:14:11 POLARIS_LOG {"event":"send_rate","rate":496000,"ts":1760732051.5604427}
2025/10/17 20:14:12 POLARIS_LOG {"event":"send_rate","rate":504000,"ts":1760732052.5597937}
2025/10/17 20:14:13 POLARIS_LOG {"event":"send_rate","rate":504000,"ts":1760732053.5606573}
2025/10/17 20:14:14 POLARIS_LOG {"event":"send_rate","rate":496000,"ts":1760732054.565008}
2025/10/17 20:14:15 POLARIS_LOG {"event":"send_rate","rate":504000,"ts":1760732055.5605829}
2025/10/17 20:14:16 POLARIS_LOG {"event":"send_rate","rate":496000,"ts":1760732056.561044}
2025/10/17 20:14:17 POLARIS_LOG {"event":"send_rate","rate":496000,"ts":1760732057.5616615}
2025/10/17 20:14:18 POLARIS_LOG {"event":"send_rate","rate":512000,"ts":1760732058.5689468}
2025/10/17 20:14:19 POLARIS_LOG {"event":"send_rate","rate":488000,"ts":1760732059.560842}
2025/10/17 20:14:20 POLARIS_LOG {"event":"send_rate","rate":504000,"ts":1760732060.5617716}
2025/10/17 20:14:21 POLARIS_LOG {"event":"send_rate","rate":496000,"ts":1760732061.5632005}
2025/10/17 20:14:22 POLARIS_LOG {"event":"send_rate","rate":504000,"ts":1760732062.561125}
2025/10/17 20:14:23 POLARIS_LOG {"event":"send_rate","rate":496000,"ts":1760732063.560232}
2025/10/17 20:14:24 POLARIS_LOG {"event":"send_rate","rate":504000,"ts":1760732064.5699444}
2025/10/17 20:14:25 POLARIS_LOG {"event":"send_rate","rate":496000,"ts":1760732065.5596795}
2025/10/17 20:14:26 POLARIS_LOG {"event":"send_rate","rate":504000,"ts":1760732066.5604548}
2025/10/17 20:14:27 POLARIS_LOG {"event":"send_rate","rate":504000,"ts":1760732067.5611794}
2025/10/17 20:14:28 POLARIS_LOG {"event":"send_rate","rate":496000,"ts":1760732068.5605125}
2025/10/17 20:14:29 POLARIS_LOG {"event":"send_rate","rate":496000,"ts":1760732069.5599408}
2025/10/17 20:14:30 POLARIS_LOG {"event":"send_rate","rate":504000,"ts":1760732070.5611973}
2025/10/17 20:14:31 POLARIS_LOG {"event":"send_rate","rate":496000,"ts":1760732071.560526}
2025/10/17 20:14:32 POLARIS_LOG {"event":"send_rate","rate":504000,"ts":1760732072.5612655}
2025/10/17 20:14:33 POLARIS_LOG {"event":"send_rate","rate":504000,"ts":1760732073.5614662}
2025/10/17 20:14:34 POLARIS_LOG {"event":"send_rate","rate":496000,"ts":1760732074.5595326}
2025/10/17 20:14:35 POLARIS_LOG {"event":"send_rate","rate":504000,"ts":1760732075.5623658}
2025/10/17 20:14:36 POLARIS_LOG {"event":"send_rate","rate":496000,"ts":1760732076.5600185}
2025/10/17 20:14:37 POLARIS_LOG {"event":"send_rate","rate":496000,"ts":1760732077.5609999}
2025/10/17 20:14:38 POLARIS_LOG {"event":"send_rate","rate":504000,"ts":1760732078.5596805}
2025/10/17 20:14:39 POLARIS_LOG {"event":"send_rate","rate":496000,"ts":1760732079.5601737}
2025/10/17 20:14:40 POLARIS_LOG {"event":"send_rate","rate":504000,"ts":1760732080.5623517}
2025/10/17 20:14:41 POLARIS_LOG {"event":"send_rate","rate":504000,"ts":1760732081.561487}
2025/10/17 20:14:42 POLARIS_LOG {"event":"send_rate","rate":496000,"ts":1760732082.5605018}
2025/10/17 20:14:43 POLARIS_LOG {"event":"send_rate","rate":496000,"ts":1760732083.5599117}
2025/10/17 20:14:44 POLARIS_LOG {"event":"send_rate","rate":504000,"ts":1760732084.5611832}
2025/10/17 20:14:45 POLARIS_LOG {"event":"send_rate","rate":504000,"ts":1760732085.5626204}
2025/10/17 20:14:46 POLARIS_LOG {"event":"send_rate","rate":504000,"ts":1760732086.5747604}
2025/10/17 20:14:47 POLARIS_LOG {"event":"send_rate","rate":488000,"ts":1760732087.5602536}
2025/10/17 20:14:48 POLARIS_LOG {"event":"send_rate","rate":504000,"ts":1760732088.5610144}
2025/10/17 20:14:49 POLARIS_LOG {"event":"send_rate","rate":496000,"ts":1760732089.560165}
2025/10/17 20:14:50 POLARIS_LOG {"event":"send_rate","rate":504000,"ts":1760732090.5607936}
2025/10/17 20:14:51 POLARIS_LOG {"event":"send_rate","rate":496000,"ts":1760732091.5602467}
2025/10/17 20:14:52 POLARIS_LOG {"event":"send_rate","rate":504000,"ts":1760732092.5606716}
2025/10/17 20:14:53 POLARIS_LOG {"event":"send_rate","rate":496000,"ts":1760732093.5608912}
2025/10/17 20:14:54 POLARIS_LOG {"event":"send_rate","rate":504000,"ts":1760732094.5598118}
2025/10/17 20:14:55 POLARIS_LOG {"event":"send_rate","rate":496000,"ts":1760732095.5602946}
2025/10/17 20:14:56 POLARIS_LOG {"event":"send_rate","rate":504000,"ts":1760732096.5604498}
2025/10/17 20:14:57 POLARIS_LOG {"event":"send_rate","rate":496000,"ts":1760732097.5613742}
2025/10/17 20:14:58 POLARIS_LOG {"event":"send_rate","rate":504000,"ts":1760732098.5599809}
2025/10/17 20:14:59 POLARIS_LOG {"event":"send_rate","rate":496000,"ts":1760732099.561838}
2025/10/17 20:15:00 POLARIS_LOG {"event":"send_rate","rate":504000,"ts":1760732100.5595517}
2025/10/17 20:15:01 POLARIS_LOG {"event":"send_rate","rate":496000,"ts":1760732101.5604684}
2025/10/17 20:15:02 POLARIS_LOG {"event":"send_rate","rate":504000,"ts":1760732102.5606742}
2025/10/17 20:15:03 POLARIS_LOG {"event":"send_rate","rate":496000,"ts":1760732103.5597327}
2025/10/17 20:15:04 POLARIS_LOG {"event":"send_rate","rate":504000,"ts":1760732104.560412}
2025/10/17 20:15:05 POLARIS_LOG {"event":"send_rate","rate":496000,"ts":1760732105.5606072}
2025/10/17 20:15:06 POLARIS_LOG {"event":"send_rate","rate":504000,"ts":1760732106.5603719}
2025/10/17 20:15:07 POLARIS_LOG {"event":"send_rate","rate":496000,"ts":1760732107.559887}
2025/10/17 20:15:08 POLARIS_LOG {"event":"send_rate","rate":504000,"ts":1760732108.5602443}
2025/10/17 20:15:09 POLARIS_LOG {"event":"send_rate","rate":496000,"ts":1760732109.5610185}
2025/10/17 20:15:10 POLARIS_LOG {"event":"send_rate","rate":496000,"ts":1760732110.584067}
2025/10/17 20:15:11 POLARIS_LOG {"event":"send_rate","rate":504000,"ts":1760732111.561389}
2025/10/17 20:15:12 POLARIS_LOG {"event":"send_rate","rate":496000,"ts":1760732112.5883856}
2025/10/17 20:15:13 POLARIS_LOG {"event":"send_rate","rate":504000,"ts":1760732113.5604296}
2025/10/17 20:15:14 POLARIS_LOG {"event":"send_rate","rate":504000,"ts":1760732114.5618124}
2025/10/17 20:15:15 POLARIS_LOG {"event":"send_rate","rate":520000,"ts":1760732115.6108742}
2025/10/17 20:15:16 POLARIS_LOG {"event":"send_rate","rate":480000,"ts":1760732116.560008}
2025/10/17 20:15:17 POLARIS_LOG {"event":"send_rate","rate":496000,"ts":1760732117.5599463}
2025/10/17 20:15:18 POLARIS_LOG {"event":"send_rate","rate":504000,"ts":1760732118.5596535}
2025/10/17 20:15:19 POLARIS_LOG {"event":"send_rate","rate":496000,"ts":1760732119.5610476}
2025/10/17 20:15:20 POLARIS_LOG {"event":"send_rate","rate":504000,"ts":1760732120.562673}
2025/10/17 20:15:21 POLARIS_LOG {"event":"send_rate","rate":496000,"ts":1760732121.5616257}
2025/10/17 20:15:22 POLARIS_LOG {"event":"send_rate","rate":504000,"ts":1760732122.5605395}
2025/10/17 20:15:23 POLARIS_LOG {"event":"send_rate","rate":496000,"ts":1760732123.5608075}
2025/10/17 20:15:24 POLARIS_LOG {"event":"send_rate","rate":504000,"ts":1760732124.5613308}
2025/10/17 20:15:25 POLARIS_LOG {"event":"send_rate","rate":496000,"ts":1760732125.5652342}
2025/10/17 20:15:26 POLARIS_LOG {"event":"send_rate","rate":504000,"ts":1760732126.5598056}
2025/10/17 20:15:27 POLARIS_LOG {"event":"send_rate","rate":496000,"ts":1760732127.5610101}
2025/10/17 20:15:28 POLARIS_LOG {"event":"send_rate","rate":504000,"ts":1760732128.5623353}
2025/10/17 20:15:29 POLARIS_LOG {"event":"send_rate","rate":496000,"ts":1760732129.5699081}
2025/10/17 20:15:30 POLARIS_LOG {"event":"send_rate","rate":504000,"ts":1760732130.560476}
2025/10/17 20:15:31 POLARIS_LOG {"event":"send_rate","rate":496000,"ts":1760732131.5603101}
2025/10/17 20:15:32 POLARIS_LOG {"event":"send_rate","rate":504000,"ts":1760732132.596087}
2025/10/17 20:15:33 POLARIS_LOG {"event":"send_rate","rate":496000,"ts":1760732133.5597029}
2025/10/17 20:15:34 POLARIS_LOG {"event":"send_rate","rate":504000,"ts":1760732134.5606835}
2025/10/17 20:15:35 POLARIS_LOG {"event":"send_rate","rate":496000,"ts":1760732135.5618732}
2025/10/17 20:15:36 POLARIS_LOG {"event":"send_rate","rate":504000,"ts":1760732136.5604389}
2025/10/17 20:15:37 POLARIS_LOG {"event":"send_rate","rate":504000,"ts":1760732137.566099}
2025/10/17 20:15:38 POLARIS_LOG {"event":"send_rate","rate":496000,"ts":1760732138.561187}
2025/10/17 20:15:39 POLARIS_LOG {"event":"send_rate","rate":504000,"ts":1760732139.5706267}
2025/10/17 20:15:40 POLARIS_LOG {"event":"send_rate","rate":496000,"ts":1760732140.5599506}
2025/10/17 20:15:41 POLARIS_LOG {"event":"send_rate","rate":496000,"ts":1760732141.560211}
2025/10/17 20:15:42 POLARIS_LOG {"event":"send_rate","rate":504000,"ts":1760732142.5599065}
2025/10/17 20:15:43 POLARIS_LOG {"event":"send_rate","rate":496000,"ts":1760732143.5607572}
2025/10/17 20:15:44 POLARIS_LOG {"event":"send_rate","rate":512000,"ts":1760732144.5760179}
2025/10/17 20:15:45 POLARIS_LOG {"event":"send_rate","rate":488000,"ts":1760732145.5596423}
2025/10/17 20:15:46 POLARIS_LOG {"event":"send_rate","rate":504000,"ts":1760732146.5600872}
2025/10/17 20:15:47 POLARIS_LOG {"event":"send_rate","rate":504000,"ts":1760732147.5657225}
2025/10/17 20:15:48 POLARIS_LOG {"event":"send_rate","rate":496000,"ts":1760732148.560315}
2025/10/17 20:15:49 POLARIS_LOG {"event":"send_rate","rate":496000,"ts":1760732149.5637958}
2025/10/17 20:15:50 POLARIS_LOG {"event":"send_rate","rate":504000,"ts":1760732150.560129}
2025/10/17 20:15:51 POLARIS_LOG {"event":"send_rate","rate":496000,"ts":1760732151.563788}
2025/10/17 20:15:52 POLARIS_LOG {"event":"send_rate","rate":504000,"ts":1760732152.5612364}
2025/10/17 20:15:53 POLARIS_LOG {"event":"send_rate","rate":496000,"ts":1760732153.559753}
2025/10/17 20:15:54 POLARIS_LOG {"event":"send_rate","rate":504000,"ts":1760732154.5604746}
2025/10/17 20:15:55 POLARIS_LOG {"event":"send_rate","rate":496000,"ts":1760732155.5608706}
2025/10/17 20:15:56 POLARIS_LOG {"event":"send_rate","rate":504000,"ts":1760732156.5595148}
2025/10/17 20:15:57 POLARIS_LOG {"event":"send_rate","rate":496000,"ts":1760732157.5600488}
2025/10/17 20:15:58 POLARIS_LOG {"event":"send_rate","rate":504000,"ts":1760732158.5595853}
2025/10/17 20:15:59 POLARIS_LOG {"event":"send_rate","rate":496000,"ts":1760732159.560028}
2025/10/17 20:16:00 POLARIS_LOG {"event":"send_rate","rate":504000,"ts":1760732160.5601544}
2025/10/17 20:16:01 POLARIS_LOG {"event":"send_rate","rate":496000,"ts":1760732161.5598028}
2025/10/17 20:16:02 POLARIS_LOG {"event":"send_rate","rate":504000,"ts":1760732162.5596344}
2025/10/17 20:16:03 POLARIS_LOG {"event":"send_rate","rate":504000,"ts":1760732163.5750296}
2025/10/17 20:16:04 POLARIS_LOG {"event":"send_rate","rate":496000,"ts":1760732164.5616698}
2025/10/17 20:16:05 POLARIS_LOG {"event":"send_rate","rate":496000,"ts":1760732165.5603096}
2025/10/17 20:16:06 POLARIS_LOG {"event":"send_rate","rate":504000,"ts":1760732166.5601096}
2025/10/17 20:16:07 POLARIS_LOG {"event":"send_rate","rate":496000,"ts":1760732167.5612366}
2025/10/17 20:16:08 POLARIS_LOG {"event":"send_rate","rate":504000,"ts":1760732168.5642588}
2025/10/17 20:16:09 POLARIS_LOG {"event":"send_rate","rate":496000,"ts":1760732169.560366}
2025/10/17 20:16:10 POLARIS_LOG {"event":"send_rate","rate":496000,"ts":1760732170.5615034}
2025/10/17 20:16:11 POLARIS_LOG {"event":"send_rate","rate":504000,"ts":1760732171.5608642}
We need to sleep for 1 seconds before we can get the results
2025/10/17 20:16:12 POLARIS_LOG {"event":"send_rate","rate":8000,"ts":1760732172.5605445}
Drain Loop received packet
Drain Loop received non-nil payload
We need to sleep for 1 seconds before we can get the results
Client sent 18750 packets, server reported 18728 packets received
The network loss rate from client to server is 0.1%

S->C results
Attempted bandwidth: 0 bps / 0.00 Mbps
Achieved bandwidth: 0 bps / 0.00 Mbps
Loss rate: 0.0%
Interarrival time min/avg/max/mdev = -0.000/0.000/0.000/0.000 ms

C->S results
Attempted bandwidth: 500000 bps / 0.50 Mbps
Achieved bandwidth: 499413 bps / 0.50 Mbps
Loss rate: 0.1%
Interarrival time min/avg/max/mdev = 0.002/16.017/219.855/14.277 ms
