
Test parameters:
client->server: 265 seconds, 1000 bytes, 16562 packets
server->client: 265 seconds, 1000 bytes, 0 packets
Polaris prober initialized with 38 paths
Polaris prober initialized with local 1-111,10.111.0.71:32749 and remote 1-113,10.113.0.71
2025/10/17 20:11:46 POLARIS_LOG {"current_rate":0,"event":"path_switch","new":"2 2 5 2","trigger":"initialization","ts":1760731906.6002162}
2025/10/17 20:11:47 POLARIS_LOG {"event":"send_rate","rate":0,"ts":1760731907.6018066}
2025/10/17 20:11:48 POLARIS_LOG {"event":"send_rate","rate":80000,"ts":1760731908.6022727}
2025/10/17 20:11:49 POLARIS_LOG {"event":"send_rate","rate":504000,"ts":1760731909.6014557}
2025/10/17 20:11:50 POLARIS_LOG {"event":"send_rate","rate":496000,"ts":1760731910.601811}
2025/10/17 20:11:51 POLARIS_LOG {"event":"send_rate","rate":504000,"ts":1760731911.6018124}
2025/10/17 20:11:52 POLARIS_LOG {"event":"send_rate","rate":496000,"ts":1760731912.6016266}
2025/10/17 20:11:53 POLARIS_LOG {"event":"send_rate","rate":504000,"ts":1760731913.6014464}
2025/10/17 20:11:54 POLARIS_LOG {"event":"send_rate","rate":496000,"ts":1760731914.6020827}
2025/10/17 20:11:55 POLARIS_LOG {"event":"send_rate","rate":504000,"ts":1760731915.6020443}
2025/10/17 20:11:56 POLARIS_LOG {"event":"send_rate","rate":496000,"ts":1760731916.6017325}
2025/10/17 20:11:57 POLARIS_LOG {"event":"send_rate","rate":504000,"ts":1760731917.6020646}
2025/10/17 20:11:58 POLARIS_LOG {"event":"send_rate","rate":496000,"ts":1760731918.601431}
2025/10/17 20:11:59 POLARIS_LOG {"event":"send_rate","rate":504000,"ts":1760731919.6022143}
2025/10/17 20:12:00 POLARIS_LOG {"event":"send_rate","rate":496000,"ts":1760731920.603496}
2025/10/17 20:12:01 POLARIS_LOG {"event":"send_rate","rate":504000,"ts":1760731921.602108}
2025/10/17 20:12:02 POLARIS_LOG {"event":"send_rate","rate":496000,"ts":1760731922.6016526}
2025/10/17 20:12:03 POLARIS_LOG {"event":"send_rate","rate":504000,"ts":1760731923.6012626}
2025/10/17 20:12:04 POLARIS_LOG {"event":"send_rate","rate":496000,"ts":1760731924.601695}
2025/10/17 20:12:05 POLARIS_LOG {"event":"send_rate","rate":504000,"ts":1760731925.6018832}
2025/10/17 20:12:06 POLARIS_LOG {"event":"send_rate","rate":496000,"ts":1760731926.602084}
2025/10/17 20:12:07 POLARIS_LOG {"event":"send_rate","rate":504000,"ts":1760731927.6017103}
2025/10/17 20:12:08 POLARIS_LOG {"event":"send_rate","rate":496000,"ts":1760731928.602009}
2025/10/17 20:12:09 POLARIS_LOG {"event":"send_rate","rate":504000,"ts":1760731929.602982}
2025/10/17 20:12:10 POLARIS_LOG {"event":"send_rate","rate":496000,"ts":1760731930.6013134}
2025/10/17 20:12:11 POLARIS_LOG {"event":"send_rate","rate":504000,"ts":1760731931.6017828}
2025/10/17 20:12:12 POLARIS_LOG {"event":"send_rate","rate":496000,"ts":1760731932.602133}
2025/10/17 20:12:13 POLARIS_LOG {"event":"send_rate","rate":504000,"ts":1760731933.6016448}
2025/10/17 20:12:14 POLARIS_LOG {"event":"send_rate","rate":496000,"ts":1760731934.6027203}
2025/10/17 20:12:15 POLARIS_LOG {"event":"send_rate","rate":504000,"ts":1760731935.6025367}
2025/10/17 20:12:16 POLARIS_LOG {"event":"send_rate","rate":496000,"ts":1760731936.6023202}
2025/10/17 20:12:17 POLARIS_LOG {"event":"send_rate","rate":504000,"ts":1760731937.6027017}
2025/10/17 20:12:18 POLARIS_LOG {"event":"send_rate","rate":496000,"ts":1760731938.601711}
2025/10/17 20:12:19 POLARIS_LOG {"event":"send_rate","rate":496000,"ts":1760731939.6014183}
2025/10/17 20:12:20 POLARIS_LOG {"event":"send_rate","rate":512000,"ts":1760731940.613121}
2025/10/17 20:12:21 POLARIS_LOG {"event":"send_rate","rate":488000,"ts":1760731941.6027439}
2025/10/17 20:12:22 POLARIS_LOG {"event":"send_rate","rate":504000,"ts":1760731942.6018171}
2025/10/17 20:12:23 POLARIS_LOG {"event":"send_rate","rate":504000,"ts":1760731943.601725}
2025/10/17 20:12:24 POLARIS_LOG {"event":"send_rate","rate":496000,"ts":1760731944.601898}
2025/10/17 20:12:25 POLARIS_LOG {"event":"send_rate","rate":504000,"ts":1760731945.602339}
2025/10/17 20:12:26 POLARIS_LOG {"event":"send_rate","rate":496000,"ts":1760731946.6026368}
2025/10/17 20:12:27 POLARIS_LOG {"event":"send_rate","rate":504000,"ts":1760731947.6014082}
2025/10/17 20:12:28 POLARIS_LOG {"event":"send_rate","rate":496000,"ts":1760731948.6017377}
2025/10/17 20:12:29 POLARIS_LOG {"event":"send_rate","rate":504000,"ts":1760731949.6014402}
2025/10/17 20:12:30 POLARIS_LOG {"event":"send_rate","rate":496000,"ts":1760731950.6020565}
2025/10/17 20:12:31 POLARIS_LOG {"event":"send_rate","rate":504000,"ts":1760731951.6015449}
2025/10/17 20:12:32 POLARIS_LOG {"event":"send_rate","rate":496000,"ts":1760731952.603463}
2025/10/17 20:12:33 POLARIS_LOG {"event":"send_rate","rate":504000,"ts":1760731953.6016395}
2025/10/17 20:12:34 POLARIS_LOG {"event":"send_rate","rate":496000,"ts":1760731954.60131}
2025/10/17 20:12:35 POLARIS_LOG {"event":"send_rate","rate":504000,"ts":1760731955.6018221}
2025/10/17 20:12:36 POLARIS_LOG {"event":"send_rate","rate":496000,"ts":1760731956.6026497}
2025/10/17 20:12:37 POLARIS_LOG {"event":"send_rate","rate":496000,"ts":1760731957.6031919}
2025/10/17 20:12:38 POLARIS_LOG {"event":"send_rate","rate":504000,"ts":1760731958.6021726}
2025/10/17 20:12:39 POLARIS_LOG {"event":"send_rate","rate":504000,"ts":1760731959.6015737}
2025/10/17 20:12:40 POLARIS_LOG {"event":"send_rate","rate":496000,"ts":1760731960.6033764}
2025/10/17 20:12:41 POLARIS_LOG {"event":"send_rate","rate":496000,"ts":1760731961.6013956}
2025/10/17 20:12:42 POLARIS_LOG {"event":"send_rate","rate":504000,"ts":1760731962.604213}
2025/10/17 20:12:43 POLARIS_LOG {"event":"send_rate","rate":496000,"ts":1760731963.6013708}
2025/10/17 20:12:44 POLARIS_LOG {"event":"send_rate","rate":504000,"ts":1760731964.6026149}
2025/10/17 20:12:45 POLARIS_LOG {"event":"send_rate","rate":504000,"ts":1760731965.601307}
2025/10/17 20:12:46 POLARIS_LOG {"event":"send_rate","rate":496000,"ts":1760731966.6018934}
2025/10/17 20:12:47 POLARIS_LOG {"event":"send_rate","rate":496000,"ts":1760731967.604171}
2025/10/17 20:12:48 POLARIS_LOG {"event":"send_rate","rate":504000,"ts":1760731968.6069937}
2025/10/17 20:12:49 POLARIS_LOG {"event":"send_rate","rate":504000,"ts":1760731969.6019666}
2025/10/17 20:12:50 POLARIS_LOG {"event":"send_rate","rate":496000,"ts":1760731970.6018836}
2025/10/17 20:12:51 POLARIS_LOG {"event":"send_rate","rate":504000,"ts":1760731971.6055667}
2025/10/17 20:12:52 POLARIS_LOG {"event":"send_rate","rate":496000,"ts":1760731972.6022098}
2025/10/17 20:12:53 POLARIS_LOG {"event":"send_rate","rate":504000,"ts":1760731973.6032574}
2025/10/17 20:12:54 POLARIS_LOG {"event":"send_rate","rate":496000,"ts":1760731974.602627}
2025/10/17 20:12:55 POLARIS_LOG {"event":"send_rate","rate":496000,"ts":1760731975.6018553}
2025/10/17 20:12:56 POLARIS_LOG {"event":"send_rate","rate":504000,"ts":1760731976.6023996}
2025/10/17 20:12:57 POLARIS_LOG {"event":"send_rate","rate":496000,"ts":1760731977.6016376}
2025/10/17 20:12:58 POLARIS_LOG {"event":"send_rate","rate":504000,"ts":1760731978.6023626}
2025/10/17 20:12:59 POLARIS_LOG {"event":"send_rate","rate":504000,"ts":1760731979.6063666}
2025/10/17 20:13:00 POLARIS_LOG {"event":"send_rate","rate":496000,"ts":1760731980.6013942}
2025/10/17 20:13:01 POLARIS_LOG {"event":"send_rate","rate":496000,"ts":1760731981.601787}
2025/10/17 20:13:02 POLARIS_LOG {"event":"send_rate","rate":504000,"ts":1760731982.6013074}
2025/10/17 20:13:03 POLARIS_LOG {"event":"send_rate","rate":496000,"ts":1760731983.602138}
2025/10/17 20:13:04 POLARIS_LOG {"event":"send_rate","rate":504000,"ts":1760731984.6024969}
2025/10/17 20:13:05 POLARIS_LOG {"event":"send_rate","rate":496000,"ts":1760731985.6021752}
2025/10/17 20:13:06 POLARIS_LOG {"event":"send_rate","rate":504000,"ts":1760731986.601763}
2025/10/17 20:13:07 POLARIS_LOG {"event":"send_rate","rate":496000,"ts":1760731987.6020906}
2025/10/17 20:13:08 POLARIS_LOG {"event":"send_rate","rate":504000,"ts":1760731988.602139}
2025/10/17 20:13:09 POLARIS_LOG {"event":"send_rate","rate":496000,"ts":1760731989.6016157}
2025/10/17 20:13:10 POLARIS_LOG {"event":"send_rate","rate":504000,"ts":1760731990.6021879}
2025/10/17 20:13:11 POLARIS_LOG {"event":"send_rate","rate":496000,"ts":1760731991.6021132}
2025/10/17 20:13:12 POLARIS_LOG {"event":"send_rate","rate":504000,"ts":1760731992.6019692}
2025/10/17 20:13:13 POLARIS_LOG {"event":"send_rate","rate":496000,"ts":1760731993.6016743}
2025/10/17 20:13:14 POLARIS_LOG {"event":"send_rate","rate":496000,"ts":1760731994.6017644}
2025/10/17 20:13:15 POLARIS_LOG {"event":"send_rate","rate":504000,"ts":1760731995.6028166}
2025/10/17 20:13:16 POLARIS_LOG {"event":"send_rate","rate":504000,"ts":1760731996.6013005}
2025/10/17 20:13:17 POLARIS_LOG {"event":"send_rate","rate":496000,"ts":1760731997.60273}
2025/10/17 20:13:18 POLARIS_LOG {"event":"send_rate","rate":504000,"ts":1760731998.6023386}
2025/10/17 20:13:19 POLARIS_LOG {"event":"send_rate","rate":504000,"ts":1760731999.6077344}
2025/10/17 20:13:20 POLARIS_LOG {"event":"send_rate","rate":496000,"ts":1760732000.6047566}
2025/10/17 20:13:21 POLARIS_LOG {"event":"send_rate","rate":496000,"ts":1760732001.6033883}
2025/10/17 20:13:22 POLARIS_LOG {"event":"send_rate","rate":504000,"ts":1760732002.601398}
2025/10/17 20:13:23 POLARIS_LOG {"event":"send_rate","rate":496000,"ts":1760732003.604313}
2025/10/17 20:13:24 POLARIS_LOG {"event":"send_rate","rate":504000,"ts":1760732004.6028855}
2025/10/17 20:13:25 POLARIS_LOG {"event":"send_rate","rate":496000,"ts":1760732005.6041243}
2025/10/17 20:13:26 POLARIS_LOG {"event":"send_rate","rate":504000,"ts":1760732006.6030674}
2025/10/17 20:13:27 POLARIS_LOG {"event":"send_rate","rate":496000,"ts":1760732007.6024623}
2025/10/17 20:13:28 POLARIS_LOG {"event":"send_rate","rate":504000,"ts":1760732008.6015909}
2025/10/17 20:13:29 POLARIS_LOG {"event":"send_rate","rate":496000,"ts":1760732009.602162}
2025/10/17 20:13:30 POLARIS_LOG {"event":"send_rate","rate":504000,"ts":1760732010.6038625}
2025/10/17 20:13:31 POLARIS_LOG {"event":"send_rate","rate":496000,"ts":1760732011.6020434}
2025/10/17 20:13:32 POLARIS_LOG {"event":"send_rate","rate":504000,"ts":1760732012.6016867}
2025/10/17 20:13:33 POLARIS_LOG {"event":"send_rate","rate":496000,"ts":1760732013.6017268}
2025/10/17 20:13:34 POLARIS_LOG {"event":"send_rate","rate":504000,"ts":1760732014.610086}
2025/10/17 20:13:35 POLARIS_LOG {"event":"send_rate","rate":496000,"ts":1760732015.60195}
2025/10/17 20:13:36 POLARIS_LOG {"event":"send_rate","rate":504000,"ts":1760732016.6014056}
2025/10/17 20:13:37 POLARIS_LOG {"event":"send_rate","rate":496000,"ts":1760732017.6018424}
2025/10/17 20:13:38 POLARIS_LOG {"event":"send_rate","rate":504000,"ts":1760732018.6023362}
2025/10/17 20:13:39 POLARIS_LOG {"event":"send_rate","rate":496000,"ts":1760732019.6030512}
2025/10/17 20:13:40 POLARIS_LOG {"event":"send_rate","rate":504000,"ts":1760732020.6017826}
2025/10/17 20:13:41 POLARIS_LOG {"event":"send_rate","rate":496000,"ts":1760732021.603296}
2025/10/17 20:13:42 POLARIS_LOG {"event":"send_rate","rate":504000,"ts":1760732022.6012638}
2025/10/17 20:13:43 POLARIS_LOG {"event":"send_rate","rate":496000,"ts":1760732023.6020272}
2025/10/17 20:13:44 POLARIS_LOG {"event":"send_rate","rate":504000,"ts":1760732024.6018848}
2025/10/17 20:13:45 POLARIS_LOG {"event":"send_rate","rate":496000,"ts":1760732025.6029289}
2025/10/17 20:13:46 POLARIS_LOG {"event":"send_rate","rate":504000,"ts":1760732026.601956}
2025/10/17 20:13:47 POLARIS_LOG {"event":"send_rate","rate":496000,"ts":1760732027.6012936}
2025/10/17 20:13:48 POLARIS_LOG {"event":"send_rate","rate":504000,"ts":1760732028.6023371}
2025/10/17 20:13:49 POLARIS_LOG {"event":"send_rate","rate":496000,"ts":1760732029.6033776}
2025/10/17 20:13:50 POLARIS_LOG {"event":"send_rate","rate":504000,"ts":1760732030.6052642}
2025/10/17 20:13:51 POLARIS_LOG {"event":"send_rate","rate":496000,"ts":1760732031.605761}
2025/10/17 20:13:52 POLARIS_LOG {"event":"send_rate","rate":504000,"ts":1760732032.6024697}
2025/10/17 20:13:53 POLARIS_LOG {"event":"send_rate","rate":496000,"ts":1760732033.6026566}
2025/10/17 20:13:54 POLARIS_LOG {"event":"send_rate","rate":504000,"ts":1760732034.6019642}
2025/10/17 20:13:55 POLARIS_LOG {"event":"send_rate","rate":496000,"ts":1760732035.6024904}
2025/10/17 20:13:56 POLARIS_LOG {"event":"send_rate","rate":504000,"ts":1760732036.6016908}
2025/10/17 20:13:57 POLARIS_LOG {"event":"send_rate","rate":496000,"ts":1760732037.6024466}
2025/10/17 20:13:58 POLARIS_LOG {"event":"send_rate","rate":504000,"ts":1760732038.6014152}
2025/10/17 20:13:59 POLARIS_LOG {"event":"send_rate","rate":496000,"ts":1760732039.60312}
2025/10/17 20:14:00 POLARIS_LOG {"event":"send_rate","rate":504000,"ts":1760732040.6022172}
2025/10/17 20:14:01 POLARIS_LOG {"event":"send_rate","rate":496000,"ts":1760732041.6112604}
2025/10/17 20:14:02 POLARIS_LOG {"event":"send_rate","rate":504000,"ts":1760732042.611038}
2025/10/17 20:14:03 POLARIS_LOG {"event":"send_rate","rate":496000,"ts":1760732043.6016219}
2025/10/17 20:14:04 POLARIS_LOG {"event":"send_rate","rate":504000,"ts":1760732044.602484}
2025/10/17 20:14:05 POLARIS_LOG {"event":"send_rate","rate":496000,"ts":1760732045.6012945}
2025/10/17 20:14:06 POLARIS_LOG {"event":"send_rate","rate":504000,"ts":1760732046.6012597}
2025/10/17 20:14:07 POLARIS_LOG {"event":"send_rate","rate":496000,"ts":1760732047.602092}
2025/10/17 20:14:08 POLARIS_LOG {"event":"send_rate","rate":504000,"ts":1760732048.6021836}
2025/10/17 20:14:09 POLARIS_LOG {"event":"send_rate","rate":496000,"ts":1760732049.6014194}
2025/10/17 20:14:10 POLARIS_LOG {"event":"send_rate","rate":496000,"ts":1760732050.6015968}
2025/10/17 20:14:11 POLARIS_LOG {"event":"send_rate","rate":504000,"ts":1760732051.6031475}
2025/10/17 20:14:12 POLARIS_LOG {"event":"send_rate","rate":496000,"ts":1760732052.6016479}
2025/10/17 20:14:13 POLARIS_LOG {"event":"send_rate","rate":504000,"ts":1760732053.6035943}
2025/10/17 20:14:14 POLARIS_LOG {"event":"send_rate","rate":504000,"ts":1760732054.6013858}
2025/10/17 20:14:15 POLARIS_LOG {"event":"send_rate","rate":496000,"ts":1760732055.6022272}
2025/10/17 20:14:16 POLARIS_LOG {"event":"send_rate","rate":504000,"ts":1760732056.6022704}
2025/10/17 20:14:17 POLARIS_LOG {"event":"send_rate","rate":512000,"ts":1760732057.6287496}
2025/10/17 20:14:18 POLARIS_LOG {"event":"send_rate","rate":488000,"ts":1760732058.6049016}
2025/10/17 20:14:19 POLARIS_LOG {"event":"send_rate","rate":496000,"ts":1760732059.61026}
2025/10/17 20:14:20 POLARIS_LOG {"event":"send_rate","rate":496000,"ts":1760732060.601499}
2025/10/17 20:14:21 POLARIS_LOG {"event":"send_rate","rate":504000,"ts":1760732061.6106937}
2025/10/17 20:14:22 POLARIS_LOG {"event":"send_rate","rate":504000,"ts":1760732062.6025116}
2025/10/17 20:14:23 POLARIS_LOG {"event":"send_rate","rate":496000,"ts":1760732063.6026921}
2025/10/17 20:14:24 POLARIS_LOG {"event":"send_rate","rate":496000,"ts":1760732064.6017628}
2025/10/17 20:14:25 POLARIS_LOG {"event":"send_rate","rate":504000,"ts":1760732065.6015258}
2025/10/17 20:14:26 POLARIS_LOG {"event":"send_rate","rate":504000,"ts":1760732066.6087925}
2025/10/17 20:14:27 POLARIS_LOG {"event":"send_rate","rate":496000,"ts":1760732067.601867}
2025/10/17 20:14:28 POLARIS_LOG {"event":"send_rate","rate":496000,"ts":1760732068.6020849}
2025/10/17 20:14:29 POLARIS_LOG {"event":"send_rate","rate":504000,"ts":1760732069.6022837}
2025/10/17 20:14:30 POLARIS_LOG {"event":"send_rate","rate":496000,"ts":1760732070.601622}
2025/10/17 20:14:31 POLARIS_LOG {"event":"send_rate","rate":504000,"ts":1760732071.6013107}
2025/10/17 20:14:32 POLARIS_LOG {"event":"send_rate","rate":496000,"ts":1760732072.6015546}
2025/10/17 20:14:33 POLARIS_LOG {"event":"send_rate","rate":504000,"ts":1760732073.6032722}
2025/10/17 20:14:34 POLARIS_LOG {"event":"send_rate","rate":496000,"ts":1760732074.602368}
2025/10/17 20:14:35 POLARIS_LOG {"event":"send_rate","rate":504000,"ts":1760732075.608623}
2025/10/17 20:14:36 POLARIS_LOG {"event":"send_rate","rate":496000,"ts":1760732076.6028621}
2025/10/17 20:14:37 POLARIS_LOG {"event":"send_rate","rate":504000,"ts":1760732077.6021683}
2025/10/17 20:14:38 POLARIS_LOG {"event":"send_rate","rate":496000,"ts":1760732078.6018312}
2025/10/17 20:14:39 POLARIS_LOG {"event":"send_rate","rate":504000,"ts":1760732079.6034248}
2025/10/17 20:14:40 POLARIS_LOG {"event":"send_rate","rate":496000,"ts":1760732080.602074}
2025/10/17 20:14:41 POLARIS_LOG {"event":"send_rate","rate":504000,"ts":1760732081.601719}
2025/10/17 20:14:42 POLARIS_LOG {"event":"send_rate","rate":496000,"ts":1760732082.6016068}
2025/10/17 20:14:43 POLARIS_LOG {"event":"send_rate","rate":504000,"ts":1760732083.602679}
2025/10/17 20:14:44 POLARIS_LOG {"event":"send_rate","rate":496000,"ts":1760732084.6036987}
2025/10/17 20:14:45 POLARIS_LOG {"event":"send_rate","rate":504000,"ts":1760732085.601763}
2025/10/17 20:14:46 POLARIS_LOG {"event":"send_rate","rate":496000,"ts":1760732086.6112797}
2025/10/17 20:14:47 POLARIS_LOG {"event":"send_rate","rate":504000,"ts":1760732087.6024637}
2025/10/17 20:14:48 POLARIS_LOG {"event":"send_rate","rate":496000,"ts":1760732088.6015205}
2025/10/17 20:14:49 POLARIS_LOG {"event":"send_rate","rate":504000,"ts":1760732089.6045918}
2025/10/17 20:14:50 POLARIS_LOG {"event":"send_rate","rate":496000,"ts":1760732090.6021836}
2025/10/17 20:14:51 POLARIS_LOG {"event":"send_rate","rate":504000,"ts":1760732091.6013792}
2025/10/17 20:14:52 POLARIS_LOG {"event":"send_rate","rate":496000,"ts":1760732092.6013901}
2025/10/17 20:14:53 POLARIS_LOG {"event":"send_rate","rate":504000,"ts":1760732093.6015544}
2025/10/17 20:14:54 POLARIS_LOG {"event":"send_rate","rate":496000,"ts":1760732094.601404}
2025/10/17 20:14:55 POLARIS_LOG {"event":"send_rate","rate":504000,"ts":1760732095.6022415}
2025/10/17 20:14:56 POLARIS_LOG {"event":"send_rate","rate":496000,"ts":1760732096.6024857}
2025/10/17 20:14:57 POLARIS_LOG {"event":"send_rate","rate":504000,"ts":1760732097.6018329}
2025/10/17 20:14:58 POLARIS_LOG {"event":"send_rate","rate":496000,"ts":1760732098.602294}
2025/10/17 20:14:59 POLARIS_LOG {"event":"send_rate","rate":504000,"ts":1760732099.6033413}
2025/10/17 20:15:00 POLARIS_LOG {"event":"send_rate","rate":496000,"ts":1760732100.6034172}
2025/10/17 20:15:01 POLARIS_LOG {"event":"send_rate","rate":504000,"ts":1760732101.6031146}
2025/10/17 20:15:02 POLARIS_LOG {"event":"send_rate","rate":496000,"ts":1760732102.602687}
2025/10/17 20:15:03 POLARIS_LOG {"event":"send_rate","rate":504000,"ts":1760732103.6016223}
2025/10/17 20:15:04 POLARIS_LOG {"event":"send_rate","rate":496000,"ts":1760732104.6016712}
2025/10/17 20:15:05 POLARIS_LOG {"event":"send_rate","rate":504000,"ts":1760732105.6022341}
2025/10/17 20:15:06 POLARIS_LOG {"event":"send_rate","rate":496000,"ts":1760732106.609879}
2025/10/17 20:15:07 POLARIS_LOG {"event":"send_rate","rate":504000,"ts":1760732107.6030383}
2025/10/17 20:15:08 POLARIS_LOG {"event":"send_rate","rate":496000,"ts":1760732108.602487}
2025/10/17 20:15:09 POLARIS_LOG {"event":"send_rate","rate":504000,"ts":1760732109.601928}
2025/10/17 20:15:10 POLARIS_LOG {"event":"send_rate","rate":488000,"ts":1760732110.633767}
2025/10/17 20:15:11 POLARIS_LOG {"event":"send_rate","rate":512000,"ts":1760732111.6126256}
2025/10/17 20:15:12 POLARIS_LOG {"event":"send_rate","rate":496000,"ts":1760732112.603132}
2025/10/17 20:15:13 POLARIS_LOG {"event":"send_rate","rate":504000,"ts":1760732113.6015673}
2025/10/17 20:15:14 POLARIS_LOG {"event":"send_rate","rate":496000,"ts":1760732114.6021633}
2025/10/17 20:15:15 POLARIS_LOG {"event":"send_rate","rate":504000,"ts":1760732115.6049058}
2025/10/17 20:15:16 POLARIS_LOG {"event":"send_rate","rate":496000,"ts":1760732116.6025286}
2025/10/17 20:15:17 POLARIS_LOG {"event":"send_rate","rate":504000,"ts":1760732117.6020112}
2025/10/17 20:15:18 POLARIS_LOG {"event":"send_rate","rate":496000,"ts":1760732118.603563}
2025/10/17 20:15:19 POLARIS_LOG {"event":"send_rate","rate":504000,"ts":1760732119.601807}
2025/10/17 20:15:20 POLARIS_LOG {"event":"send_rate","rate":496000,"ts":1760732120.6024368}
2025/10/17 20:15:21 POLARIS_LOG {"event":"send_rate","rate":504000,"ts":1760732121.6018848}
2025/10/17 20:15:22 POLARIS_LOG {"event":"send_rate","rate":496000,"ts":1760732122.60181}
2025/10/17 20:15:23 POLARIS_LOG {"event":"send_rate","rate":504000,"ts":1760732123.6025434}
2025/10/17 20:15:24 POLARIS_LOG {"event":"send_rate","rate":496000,"ts":1760732124.601559}
2025/10/17 20:15:25 POLARIS_LOG {"event":"send_rate","rate":504000,"ts":1760732125.6029758}
2025/10/17 20:15:26 POLARIS_LOG {"event":"send_rate","rate":496000,"ts":1760732126.6047997}
2025/10/17 20:15:27 POLARIS_LOG {"event":"send_rate","rate":504000,"ts":1760732127.601535}
2025/10/17 20:15:28 POLARIS_LOG {"event":"send_rate","rate":496000,"ts":1760732128.6025493}
2025/10/17 20:15:29 POLARIS_LOG {"event":"send_rate","rate":504000,"ts":1760732129.6023276}
2025/10/17 20:15:30 POLARIS_LOG {"event":"send_rate","rate":496000,"ts":1760732130.6014197}
2025/10/17 20:15:31 POLARIS_LOG {"event":"send_rate","rate":504000,"ts":1760732131.6022086}
2025/10/17 20:15:32 POLARIS_LOG {"event":"send_rate","rate":496000,"ts":1760732132.6159263}
2025/10/17 20:15:33 POLARIS_LOG {"event":"send_rate","rate":504000,"ts":1760732133.6022286}
2025/10/17 20:15:34 POLARIS_LOG {"event":"send_rate","rate":496000,"ts":1760732134.6013951}
2025/10/17 20:15:35 POLARIS_LOG {"event":"send_rate","rate":504000,"ts":1760732135.6016622}
2025/10/17 20:15:36 POLARIS_LOG {"event":"send_rate","rate":496000,"ts":1760732136.601703}
2025/10/17 20:15:37 POLARIS_LOG {"event":"send_rate","rate":504000,"ts":1760732137.6013763}
2025/10/17 20:15:38 POLARIS_LOG {"event":"send_rate","rate":496000,"ts":1760732138.6014595}
2025/10/17 20:15:39 POLARIS_LOG {"event":"send_rate","rate":504000,"ts":1760732139.6048915}
2025/10/17 20:15:40 POLARIS_LOG {"event":"send_rate","rate":496000,"ts":1760732140.601439}
2025/10/17 20:15:41 POLARIS_LOG {"event":"send_rate","rate":496000,"ts":1760732141.6036432}
2025/10/17 20:15:42 POLARIS_LOG {"event":"send_rate","rate":504000,"ts":1760732142.6105933}
2025/10/17 20:15:43 POLARIS_LOG {"event":"send_rate","rate":504000,"ts":1760732143.6012912}
2025/10/17 20:15:44 POLARIS_LOG {"event":"send_rate","rate":496000,"ts":1760732144.6021478}
2025/10/17 20:15:45 POLARIS_LOG {"event":"send_rate","rate":504000,"ts":1760732145.60347}
2025/10/17 20:15:46 POLARIS_LOG {"event":"send_rate","rate":496000,"ts":1760732146.6019633}
2025/10/17 20:15:47 POLARIS_LOG {"event":"send_rate","rate":504000,"ts":1760732147.6025302}
2025/10/17 20:15:48 POLARIS_LOG {"event":"send_rate","rate":496000,"ts":1760732148.6015217}
2025/10/17 20:15:49 POLARIS_LOG {"event":"send_rate","rate":496000,"ts":1760732149.6016576}
2025/10/17 20:15:50 POLARIS_LOG {"event":"send_rate","rate":504000,"ts":1760732150.6020796}
2025/10/17 20:15:51 POLARIS_LOG {"event":"send_rate","rate":496000,"ts":1760732151.6017013}
2025/10/17 20:15:52 POLARIS_LOG {"event":"send_rate","rate":504000,"ts":1760732152.602639}
2025/10/17 20:15:53 POLARIS_LOG {"event":"send_rate","rate":504000,"ts":1760732153.612448}
2025/10/17 20:15:54 POLARIS_LOG {"event":"send_rate","rate":496000,"ts":1760732154.6055794}
2025/10/17 20:15:55 POLARIS_LOG {"event":"send_rate","rate":504000,"ts":1760732155.6055086}
2025/10/17 20:15:56 POLARIS_LOG {"event":"send_rate","rate":496000,"ts":1760732156.6012912}
2025/10/17 20:15:57 POLARIS_LOG {"event":"send_rate","rate":496000,"ts":1760732157.6020193}
2025/10/17 20:15:58 POLARIS_LOG {"event":"send_rate","rate":504000,"ts":1760732158.6025531}
2025/10/17 20:15:59 POLARIS_LOG {"event":"send_rate","rate":504000,"ts":1760732159.6036618}
2025/10/17 20:16:00 POLARIS_LOG {"event":"send_rate","rate":496000,"ts":1760732160.6013045}
2025/10/17 20:16:01 POLARIS_LOG {"event":"send_rate","rate":496000,"ts":1760732161.6022565}
2025/10/17 20:16:02 POLARIS_LOG {"event":"send_rate","rate":504000,"ts":1760732162.6030307}
2025/10/17 20:16:03 POLARIS_LOG {"event":"send_rate","rate":496000,"ts":1760732163.602205}
2025/10/17 20:16:04 POLARIS_LOG {"event":"send_rate","rate":504000,"ts":1760732164.6045597}
2025/10/17 20:16:05 POLARIS_LOG {"event":"send_rate","rate":504000,"ts":1760732165.6146896}
2025/10/17 20:16:06 POLARIS_LOG {"event":"send_rate","rate":496000,"ts":1760732166.6015613}
2025/10/17 20:16:07 POLARIS_LOG {"event":"send_rate","rate":496000,"ts":1760732167.6032534}
2025/10/17 20:16:08 POLARIS_LOG {"event":"send_rate","rate":504000,"ts":1760732168.601445}
2025/10/17 20:16:09 POLARIS_LOG {"event":"send_rate","rate":496000,"ts":1760732169.6016808}
2025/10/17 20:16:10 POLARIS_LOG {"event":"send_rate","rate":504000,"ts":1760732170.6022189}
2025/10/17 20:16:11 POLARIS_LOG {"event":"send_rate","rate":496000,"ts":1760732171.6025891}
2025/10/17 20:16:12 POLARIS_LOG {"event":"send_rate","rate":504000,"ts":1760732172.6026707}
We need to sleep for 1 seconds before we can get the results
Drain Loop received packet
Drain Loop received non-nil payload
Client sent 16562 packets, server reported 16555 packets received
The network loss rate from client to server is 0.0%

S->C results
Attempted bandwidth: 0 bps / 0.00 Mbps
Achieved bandwidth: 0 bps / 0.00 Mbps
Loss rate: 0.0%
Interarrival time min/avg/max/mdev = -0.000/0.000/0.000/0.000 ms

C->S results
Attempted bandwidth: 499984 bps / 0.50 Mbps
Achieved bandwidth: 499773 bps / 0.50 Mbps
Loss rate: 0.0%
Interarrival time min/avg/max/mdev = 0.003/15.955/209.209/13.902 ms
