
Test parameters:
client->server: 272 seconds, 1000 bytes, 17000 packets
server->client: 272 seconds, 1000 bytes, 0 packets
Polaris prober initialized with 38 paths
2025/10/17 20:11:39 POLARIS_LOG {"current_rate":0,"event":"path_switch","new":"2 2 5 2","trigger":"initialization","ts":1760731899.5435965}
Polaris prober initialized with local 1-111,10.111.0.71:32752 and remote 1-113,10.113.0.71
2025/10/17 20:11:40 POLARIS_LOG {"event":"send_rate","rate":488000,"ts":1760731900.5481033}
2025/10/17 20:11:41 POLARIS_LOG {"event":"send_rate","rate":496000,"ts":1760731901.5478446}
2025/10/17 20:11:42 POLARIS_LOG {"event":"send_rate","rate":504000,"ts":1760731902.550629}
2025/10/17 20:11:43 POLARIS_LOG {"event":"send_rate","rate":496000,"ts":1760731903.5449893}
2025/10/17 20:11:44 POLARIS_LOG {"event":"send_rate","rate":504000,"ts":1760731904.548278}
2025/10/17 20:11:45 POLARIS_LOG {"event":"send_rate","rate":496000,"ts":1760731905.5447838}
2025/10/17 20:11:46 POLARIS_LOG {"event":"send_rate","rate":504000,"ts":1760731906.5446558}
2025/10/17 20:11:47 POLARIS_LOG {"event":"send_rate","rate":496000,"ts":1760731907.545452}
2025/10/17 20:11:48 POLARIS_LOG {"event":"send_rate","rate":296000,"ts":1760731908.553072}
2025/10/17 20:11:49 POLARIS_LOG {"candidates":15,"candidates_unfiltered":25,"current_rate":296000,"estimated_share":2000000,"event":"path_switch","max_estimated_share":2000000,"new":"1 1 7 7 1 3","old":"2 2 5 2","trigger":"scheduled","ts":1760731909.5447347}
2025/10/17 20:11:49 POLARIS_LOG {"event":"send_rate","rate":184000,"ts":1760731909.544814}
2025/10/17 20:11:50 POLARIS_LOG {"event":"send_rate","rate":1024000,"ts":1760731910.5447514}
2025/10/17 20:11:51 POLARIS_LOG {"event":"send_rate","rate":496000,"ts":1760731911.54549}
2025/10/17 20:11:52 POLARIS_LOG {"event":"send_rate","rate":504000,"ts":1760731912.5450923}
2025/10/17 20:11:53 POLARIS_LOG {"event":"send_rate","rate":496000,"ts":1760731913.549421}
2025/10/17 20:11:54 POLARIS_LOG {"event":"send_rate","rate":504000,"ts":1760731914.5470634}
2025/10/17 20:11:55 POLARIS_LOG {"event":"send_rate","rate":496000,"ts":1760731915.5444856}
2025/10/17 20:11:56 POLARIS_LOG {"event":"send_rate","rate":504000,"ts":1760731916.5449464}
2025/10/17 20:11:57 POLARIS_LOG {"event":"send_rate","rate":496000,"ts":1760731917.5451312}
2025/10/17 20:11:58 POLARIS_LOG {"event":"send_rate","rate":504000,"ts":1760731918.5473475}
2025/10/17 20:11:59 POLARIS_LOG {"event":"send_rate","rate":496000,"ts":1760731919.565733}
2025/10/17 20:12:00 POLARIS_LOG {"event":"send_rate","rate":512000,"ts":1760731920.5630643}
2025/10/17 20:12:01 POLARIS_LOG {"event":"send_rate","rate":488000,"ts":1760731921.5447352}
2025/10/17 20:12:02 POLARIS_LOG {"event":"send_rate","rate":504000,"ts":1760731922.5455925}
2025/10/17 20:12:03 POLARIS_LOG {"event":"send_rate","rate":496000,"ts":1760731923.5488074}
2025/10/17 20:12:04 POLARIS_LOG {"event":"send_rate","rate":504000,"ts":1760731924.5453959}
2025/10/17 20:12:05 POLARIS_LOG {"event":"send_rate","rate":496000,"ts":1760731925.546407}
2025/10/17 20:12:06 POLARIS_LOG {"event":"send_rate","rate":504000,"ts":1760731926.5468037}
2025/10/17 20:12:07 POLARIS_LOG {"event":"send_rate","rate":496000,"ts":1760731927.545533}
2025/10/17 20:12:08 POLARIS_LOG {"event":"send_rate","rate":496000,"ts":1760731928.5489917}
2025/10/17 20:12:09 POLARIS_LOG {"event":"send_rate","rate":504000,"ts":1760731929.5471485}
2025/10/17 20:12:10 POLARIS_LOG {"event":"send_rate","rate":504000,"ts":1760731930.5448313}
2025/10/17 20:12:11 POLARIS_LOG {"event":"send_rate","rate":496000,"ts":1760731931.545738}
2025/10/17 20:12:12 POLARIS_LOG {"event":"send_rate","rate":496000,"ts":1760731932.5448372}
2025/10/17 20:12:13 POLARIS_LOG {"event":"send_rate","rate":504000,"ts":1760731933.5449324}
2025/10/17 20:12:14 POLARIS_LOG {"event":"send_rate","rate":504000,"ts":1760731934.545121}
2025/10/17 20:12:15 POLARIS_LOG {"event":"send_rate","rate":496000,"ts":1760731935.545939}
2025/10/17 20:12:16 POLARIS_LOG {"event":"send_rate","rate":504000,"ts":1760731936.544415}
2025/10/17 20:12:17 POLARIS_LOG {"event":"send_rate","rate":496000,"ts":1760731937.5449035}
2025/10/17 20:12:18 POLARIS_LOG {"event":"send_rate","rate":504000,"ts":1760731938.5480855}
2025/10/17 20:12:19 POLARIS_LOG {"event":"send_rate","rate":496000,"ts":1760731939.5473104}
2025/10/17 20:12:20 POLARIS_LOG {"event":"send_rate","rate":504000,"ts":1760731940.5548909}
2025/10/17 20:12:21 POLARIS_LOG {"event":"send_rate","rate":504000,"ts":1760731941.5549605}
2025/10/17 20:12:22 POLARIS_LOG {"event":"send_rate","rate":496000,"ts":1760731942.5452833}
2025/10/17 20:12:23 POLARIS_LOG {"event":"send_rate","rate":496000,"ts":1760731943.5447905}
2025/10/17 20:12:24 POLARIS_LOG {"event":"send_rate","rate":496000,"ts":1760731944.5469198}
2025/10/17 20:12:25 POLARIS_LOG {"event":"send_rate","rate":504000,"ts":1760731945.545204}
2025/10/17 20:12:26 POLARIS_LOG {"event":"send_rate","rate":504000,"ts":1760731946.544683}
2025/10/17 20:12:27 POLARIS_LOG {"event":"send_rate","rate":496000,"ts":1760731947.5477786}
2025/10/17 20:12:28 POLARIS_LOG {"event":"send_rate","rate":504000,"ts":1760731948.5465946}
2025/10/17 20:12:29 POLARIS_LOG {"event":"send_rate","rate":496000,"ts":1760731949.5453072}
2025/10/17 20:12:30 POLARIS_LOG {"event":"send_rate","rate":496000,"ts":1760731950.5481548}
2025/10/17 20:12:31 POLARIS_LOG {"event":"send_rate","rate":504000,"ts":1760731951.5467458}
2025/10/17 20:12:32 POLARIS_LOG {"event":"send_rate","rate":512000,"ts":1760731952.5663784}
2025/10/17 20:12:33 POLARIS_LOG {"event":"send_rate","rate":488000,"ts":1760731953.5475564}
2025/10/17 20:12:34 POLARIS_LOG {"event":"send_rate","rate":504000,"ts":1760731954.5455148}
2025/10/17 20:12:35 POLARIS_LOG {"event":"send_rate","rate":496000,"ts":1760731955.5446203}
2025/10/17 20:12:36 POLARIS_LOG {"event":"send_rate","rate":504000,"ts":1760731956.5462341}
2025/10/17 20:12:37 POLARIS_LOG {"event":"send_rate","rate":496000,"ts":1760731957.5497754}
2025/10/17 20:12:38 POLARIS_LOG {"event":"send_rate","rate":504000,"ts":1760731958.5525138}
2025/10/17 20:12:39 POLARIS_LOG {"event":"send_rate","rate":496000,"ts":1760731959.5473685}
2025/10/17 20:12:40 POLARIS_LOG {"event":"send_rate","rate":496000,"ts":1760731960.5445182}
2025/10/17 20:12:41 POLARIS_LOG {"event":"send_rate","rate":504000,"ts":1760731961.5492125}
2025/10/17 20:12:42 POLARIS_LOG {"event":"send_rate","rate":496000,"ts":1760731962.5486164}
2025/10/17 20:12:43 POLARIS_LOG {"event":"send_rate","rate":496000,"ts":1760731963.5458522}
2025/10/17 20:12:44 POLARIS_LOG {"event":"send_rate","rate":504000,"ts":1760731964.5445936}
2025/10/17 20:12:45 POLARIS_LOG {"event":"send_rate","rate":504000,"ts":1760731965.5484505}
2025/10/17 20:12:46 POLARIS_LOG {"event":"send_rate","rate":504000,"ts":1760731966.545769}
2025/10/17 20:12:47 POLARIS_LOG {"event":"send_rate","rate":496000,"ts":1760731967.550612}
2025/10/17 20:12:48 POLARIS_LOG {"event":"send_rate","rate":496000,"ts":1760731968.5450983}
2025/10/17 20:12:49 POLARIS_LOG {"event":"send_rate","rate":504000,"ts":1760731969.544382}
2025/10/17 20:12:50 POLARIS_LOG {"event":"send_rate","rate":496000,"ts":1760731970.5448117}
2025/10/17 20:12:51 POLARIS_LOG {"event":"send_rate","rate":504000,"ts":1760731971.5457103}
2025/10/17 20:12:52 POLARIS_LOG {"event":"send_rate","rate":496000,"ts":1760731972.5444713}
2025/10/17 20:12:53 POLARIS_LOG {"event":"send_rate","rate":504000,"ts":1760731973.5450952}
2025/10/17 20:12:54 POLARIS_LOG {"event":"send_rate","rate":504000,"ts":1760731974.5459888}
2025/10/17 20:12:55 POLARIS_LOG {"event":"send_rate","rate":496000,"ts":1760731975.5479436}
2025/10/17 20:12:56 POLARIS_LOG {"event":"send_rate","rate":496000,"ts":1760731976.545114}
2025/10/17 20:12:57 POLARIS_LOG {"event":"send_rate","rate":504000,"ts":1760731977.545935}
2025/10/17 20:12:58 POLARIS_LOG {"event":"send_rate","rate":504000,"ts":1760731978.5519164}
2025/10/17 20:12:59 POLARIS_LOG {"event":"send_rate","rate":496000,"ts":1760731979.54662}
2025/10/17 20:13:00 POLARIS_LOG {"event":"send_rate","rate":504000,"ts":1760731980.5479207}
2025/10/17 20:13:01 POLARIS_LOG {"event":"send_rate","rate":496000,"ts":1760731981.5450928}
2025/10/17 20:13:02 POLARIS_LOG {"event":"send_rate","rate":504000,"ts":1760731982.547238}
2025/10/17 20:13:03 POLARIS_LOG {"event":"send_rate","rate":496000,"ts":1760731983.5446754}
2025/10/17 20:13:04 POLARIS_LOG {"event":"send_rate","rate":504000,"ts":1760731984.5496144}
2025/10/17 20:13:05 POLARIS_LOG {"event":"send_rate","rate":496000,"ts":1760731985.5447335}
2025/10/17 20:13:06 POLARIS_LOG {"event":"send_rate","rate":496000,"ts":1760731986.5454288}
2025/10/17 20:13:07 POLARIS_LOG {"event":"send_rate","rate":504000,"ts":1760731987.546528}
2025/10/17 20:13:08 POLARIS_LOG {"event":"send_rate","rate":496000,"ts":1760731988.5455575}
2025/10/17 20:13:09 POLARIS_LOG {"event":"send_rate","rate":504000,"ts":1760731989.5451448}
2025/10/17 20:13:10 POLARIS_LOG {"event":"send_rate","rate":504000,"ts":1760731990.5494676}
2025/10/17 20:13:11 POLARIS_LOG {"event":"send_rate","rate":488000,"ts":1760731991.544998}
2025/10/17 20:13:12 POLARIS_LOG {"event":"send_rate","rate":504000,"ts":1760731992.5445216}
2025/10/17 20:13:13 POLARIS_LOG {"event":"send_rate","rate":504000,"ts":1760731993.544554}
2025/10/17 20:13:14 POLARIS_LOG {"event":"send_rate","rate":496000,"ts":1760731994.5448737}
2025/10/17 20:13:15 POLARIS_LOG {"event":"send_rate","rate":504000,"ts":1760731995.5449092}
2025/10/17 20:13:16 POLARIS_LOG {"event":"send_rate","rate":496000,"ts":1760731996.544921}
2025/10/17 20:13:17 POLARIS_LOG {"event":"send_rate","rate":504000,"ts":1760731997.544485}
2025/10/17 20:13:18 POLARIS_LOG {"event":"send_rate","rate":496000,"ts":1760731998.544425}
2025/10/17 20:13:19 POLARIS_LOG {"event":"send_rate","rate":520000,"ts":1760731999.5823932}
2025/10/17 20:13:20 POLARIS_LOG {"event":"send_rate","rate":488000,"ts":1760732000.5593803}
2025/10/17 20:13:21 POLARIS_LOG {"event":"send_rate","rate":496000,"ts":1760732001.5446558}
2025/10/17 20:13:22 POLARIS_LOG {"event":"send_rate","rate":496000,"ts":1760732002.54493}
2025/10/17 20:13:23 POLARIS_LOG {"event":"send_rate","rate":504000,"ts":1760732003.5460281}
2025/10/17 20:13:24 POLARIS_LOG {"event":"send_rate","rate":496000,"ts":1760732004.5449026}
2025/10/17 20:13:25 POLARIS_LOG {"event":"send_rate","rate":504000,"ts":1760732005.5455947}
2025/10/17 20:13:26 POLARIS_LOG {"event":"send_rate","rate":496000,"ts":1760732006.545593}
2025/10/17 20:13:27 POLARIS_LOG {"event":"send_rate","rate":504000,"ts":1760732007.5447893}
2025/10/17 20:13:28 POLARIS_LOG {"event":"send_rate","rate":496000,"ts":1760732008.5459068}
2025/10/17 20:13:29 POLARIS_LOG {"event":"send_rate","rate":504000,"ts":1760732009.5465848}
2025/10/17 20:13:30 POLARIS_LOG {"event":"send_rate","rate":496000,"ts":1760732010.544496}
2025/10/17 20:13:31 POLARIS_LOG {"event":"send_rate","rate":504000,"ts":1760732011.5452604}
2025/10/17 20:13:32 POLARIS_LOG {"event":"send_rate","rate":496000,"ts":1760732012.5479646}
2025/10/17 20:13:33 POLARIS_LOG {"event":"send_rate","rate":504000,"ts":1760732013.5472586}
2025/10/17 20:13:34 POLARIS_LOG {"event":"send_rate","rate":496000,"ts":1760732014.5444276}
2025/10/17 20:13:35 POLARIS_LOG {"event":"send_rate","rate":504000,"ts":1760732015.5447454}
2025/10/17 20:13:36 POLARIS_LOG {"event":"send_rate","rate":496000,"ts":1760732016.5447505}
2025/10/17 20:13:37 POLARIS_LOG {"event":"send_rate","rate":504000,"ts":1760732017.5501022}
2025/10/17 20:13:38 POLARIS_LOG {"event":"send_rate","rate":496000,"ts":1760732018.5450456}
2025/10/17 20:13:39 POLARIS_LOG {"event":"send_rate","rate":504000,"ts":1760732019.5445025}
2025/10/17 20:13:40 POLARIS_LOG {"event":"send_rate","rate":496000,"ts":1760732020.5459096}
2025/10/17 20:13:41 POLARIS_LOG {"event":"send_rate","rate":504000,"ts":1760732021.5450373}
2025/10/17 20:13:42 POLARIS_LOG {"event":"send_rate","rate":496000,"ts":1760732022.5453331}
2025/10/17 20:13:43 POLARIS_LOG {"event":"send_rate","rate":504000,"ts":1760732023.5444334}
2025/10/17 20:13:44 POLARIS_LOG {"event":"send_rate","rate":496000,"ts":1760732024.5455024}
2025/10/17 20:13:45 POLARIS_LOG {"event":"send_rate","rate":504000,"ts":1760732025.5450008}
2025/10/17 20:13:46 POLARIS_LOG {"event":"send_rate","rate":496000,"ts":1760732026.544885}
2025/10/17 20:13:47 POLARIS_LOG {"event":"send_rate","rate":504000,"ts":1760732027.5451324}
2025/10/17 20:13:48 POLARIS_LOG {"event":"send_rate","rate":504000,"ts":1760732028.5494993}
2025/10/17 20:13:49 POLARIS_LOG {"event":"send_rate","rate":496000,"ts":1760732029.5447848}
2025/10/17 20:13:50 POLARIS_LOG {"event":"send_rate","rate":496000,"ts":1760732030.5471613}
2025/10/17 20:13:51 POLARIS_LOG {"event":"send_rate","rate":520000,"ts":1760732031.5774543}
2025/10/17 20:13:52 POLARIS_LOG {"event":"send_rate","rate":480000,"ts":1760732032.5454717}
2025/10/17 20:13:53 POLARIS_LOG {"event":"send_rate","rate":496000,"ts":1760732033.5454683}
2025/10/17 20:13:54 POLARIS_LOG {"event":"send_rate","rate":504000,"ts":1760732034.5449357}
2025/10/17 20:13:55 POLARIS_LOG {"event":"send_rate","rate":504000,"ts":1760732035.5446026}
2025/10/17 20:13:56 POLARIS_LOG {"event":"send_rate","rate":496000,"ts":1760732036.5451612}
2025/10/17 20:13:57 POLARIS_LOG {"event":"send_rate","rate":504000,"ts":1760732037.544795}
2025/10/17 20:13:58 POLARIS_LOG {"event":"send_rate","rate":496000,"ts":1760732038.5456245}
2025/10/17 20:13:59 POLARIS_LOG {"event":"send_rate","rate":504000,"ts":1760732039.545206}
2025/10/17 20:14:00 POLARIS_LOG {"event":"send_rate","rate":496000,"ts":1760732040.5468113}
2025/10/17 20:14:01 POLARIS_LOG {"event":"send_rate","rate":504000,"ts":1760732041.545456}
2025/10/17 20:14:02 POLARIS_LOG {"event":"send_rate","rate":496000,"ts":1760732042.5447176}
2025/10/17 20:14:03 POLARIS_LOG {"event":"send_rate","rate":504000,"ts":1760732043.5447476}
2025/10/17 20:14:04 POLARIS_LOG {"event":"send_rate","rate":496000,"ts":1760732044.544405}
2025/10/17 20:14:05 POLARIS_LOG {"event":"send_rate","rate":504000,"ts":1760732045.5447035}
2025/10/17 20:14:06 POLARIS_LOG {"event":"send_rate","rate":496000,"ts":1760732046.5443723}
2025/10/17 20:14:07 POLARIS_LOG {"event":"send_rate","rate":504000,"ts":1760732047.5450888}
2025/10/17 20:14:08 POLARIS_LOG {"event":"send_rate","rate":496000,"ts":1760732048.544368}
2025/10/17 20:14:09 POLARIS_LOG {"event":"send_rate","rate":496000,"ts":1760732049.5477128}
2025/10/17 20:14:10 POLARIS_LOG {"event":"send_rate","rate":504000,"ts":1760732050.5457406}
2025/10/17 20:14:11 POLARIS_LOG {"event":"send_rate","rate":496000,"ts":1760732051.54542}
2025/10/17 20:14:12 POLARIS_LOG {"event":"send_rate","rate":512000,"ts":1760732052.5639958}
2025/10/17 20:14:13 POLARIS_LOG {"event":"send_rate","rate":488000,"ts":1760732053.5451207}
2025/10/17 20:14:14 POLARIS_LOG {"event":"send_rate","rate":504000,"ts":1760732054.5454137}
2025/10/17 20:14:15 POLARIS_LOG {"event":"send_rate","rate":496000,"ts":1760732055.5459733}
2025/10/17 20:14:16 POLARIS_LOG {"event":"send_rate","rate":504000,"ts":1760732056.5446372}
2025/10/17 20:14:17 POLARIS_LOG {"event":"send_rate","rate":504000,"ts":1760732057.544752}
2025/10/17 20:14:18 POLARIS_LOG {"event":"send_rate","rate":496000,"ts":1760732058.566732}
2025/10/17 20:14:19 POLARIS_LOG {"event":"send_rate","rate":504000,"ts":1760732059.5455127}
2025/10/17 20:14:20 POLARIS_LOG {"event":"send_rate","rate":496000,"ts":1760732060.544864}
2025/10/17 20:14:21 POLARIS_LOG {"event":"send_rate","rate":504000,"ts":1760732061.5449522}
2025/10/17 20:14:22 POLARIS_LOG {"event":"send_rate","rate":496000,"ts":1760732062.5452495}
2025/10/17 20:14:23 POLARIS_LOG {"event":"send_rate","rate":504000,"ts":1760732063.544918}
2025/10/17 20:14:24 POLARIS_LOG {"event":"send_rate","rate":496000,"ts":1760732064.5469947}
2025/10/17 20:14:25 POLARIS_LOG {"event":"send_rate","rate":496000,"ts":1760732065.548715}
2025/10/17 20:14:26 POLARIS_LOG {"event":"send_rate","rate":504000,"ts":1760732066.5457585}
2025/10/17 20:14:27 POLARIS_LOG {"event":"send_rate","rate":504000,"ts":1760732067.5448415}
2025/10/17 20:14:28 POLARIS_LOG {"event":"send_rate","rate":496000,"ts":1760732068.5503097}
2025/10/17 20:14:29 POLARIS_LOG {"event":"send_rate","rate":496000,"ts":1760732069.5448399}
2025/10/17 20:14:30 POLARIS_LOG {"event":"send_rate","rate":504000,"ts":1760732070.544831}
2025/10/17 20:14:31 POLARIS_LOG {"event":"send_rate","rate":504000,"ts":1760732071.5446095}
2025/10/17 20:14:32 POLARIS_LOG {"event":"send_rate","rate":496000,"ts":1760732072.5453794}
2025/10/17 20:14:33 POLARIS_LOG {"event":"send_rate","rate":504000,"ts":1760732073.5443985}
2025/10/17 20:14:34 POLARIS_LOG {"event":"send_rate","rate":496000,"ts":1760732074.54475}
2025/10/17 20:14:35 POLARIS_LOG {"event":"send_rate","rate":496000,"ts":1760732075.5455086}
2025/10/17 20:14:36 POLARIS_LOG {"event":"send_rate","rate":504000,"ts":1760732076.5549588}
2025/10/17 20:14:37 POLARIS_LOG {"event":"send_rate","rate":496000,"ts":1760732077.545401}
2025/10/17 20:14:38 POLARIS_LOG {"event":"send_rate","rate":504000,"ts":1760732078.5445588}
2025/10/17 20:14:39 POLARIS_LOG {"event":"send_rate","rate":504000,"ts":1760732079.5495498}
2025/10/17 20:14:40 POLARIS_LOG {"event":"send_rate","rate":496000,"ts":1760732080.545767}
2025/10/17 20:14:41 POLARIS_LOG {"event":"send_rate","rate":496000,"ts":1760732081.5461726}
2025/10/17 20:14:42 POLARIS_LOG {"event":"send_rate","rate":504000,"ts":1760732082.545018}
2025/10/17 20:14:43 POLARIS_LOG {"event":"send_rate","rate":496000,"ts":1760732083.5447586}
2025/10/17 20:14:44 POLARIS_LOG {"event":"send_rate","rate":504000,"ts":1760732084.5483027}
2025/10/17 20:14:45 POLARIS_LOG {"event":"send_rate","rate":496000,"ts":1760732085.5443726}
2025/10/17 20:14:46 POLARIS_LOG {"event":"send_rate","rate":504000,"ts":1760732086.5461156}
2025/10/17 20:14:47 POLARIS_LOG {"event":"send_rate","rate":504000,"ts":1760732087.5542445}
2025/10/17 20:14:48 POLARIS_LOG {"event":"send_rate","rate":496000,"ts":1760732088.5445457}
2025/10/17 20:14:49 POLARIS_LOG {"event":"send_rate","rate":504000,"ts":1760732089.545473}
2025/10/17 20:14:50 POLARIS_LOG {"event":"send_rate","rate":496000,"ts":1760732090.544635}
2025/10/17 20:14:51 POLARIS_LOG {"event":"send_rate","rate":504000,"ts":1760732091.5544086}
2025/10/17 20:14:52 POLARIS_LOG {"event":"send_rate","rate":496000,"ts":1760732092.5454476}
2025/10/17 20:14:53 POLARIS_LOG {"event":"send_rate","rate":496000,"ts":1760732093.544537}
2025/10/17 20:14:54 POLARIS_LOG {"event":"send_rate","rate":504000,"ts":1760732094.5453987}
2025/10/17 20:14:55 POLARIS_LOG {"event":"send_rate","rate":504000,"ts":1760732095.5452404}
2025/10/17 20:14:56 POLARIS_LOG {"event":"send_rate","rate":496000,"ts":1760732096.545286}
2025/10/17 20:14:57 POLARIS_LOG {"event":"send_rate","rate":496000,"ts":1760732097.5446477}
2025/10/17 20:14:58 POLARIS_LOG {"event":"send_rate","rate":504000,"ts":1760732098.544387}
2025/10/17 20:14:59 POLARIS_LOG {"event":"send_rate","rate":496000,"ts":1760732099.5443795}
2025/10/17 20:15:00 POLARIS_LOG {"event":"send_rate","rate":504000,"ts":1760732100.5478773}
2025/10/17 20:15:01 POLARIS_LOG {"event":"send_rate","rate":520000,"ts":1760732101.5836942}
2025/10/17 20:15:02 POLARIS_LOG {"event":"send_rate","rate":480000,"ts":1760732102.5453715}
2025/10/17 20:15:03 POLARIS_LOG {"event":"send_rate","rate":504000,"ts":1760732103.5492327}
2025/10/17 20:15:04 POLARIS_LOG {"event":"send_rate","rate":496000,"ts":1760732104.5453825}
2025/10/17 20:15:05 POLARIS_LOG {"event":"send_rate","rate":496000,"ts":1760732105.5451066}
2025/10/17 20:15:06 POLARIS_LOG {"event":"send_rate","rate":504000,"ts":1760732106.5455296}
2025/10/17 20:15:07 POLARIS_LOG {"event":"send_rate","rate":496000,"ts":1760732107.5450714}
2025/10/17 20:15:08 POLARIS_LOG {"event":"send_rate","rate":504000,"ts":1760732108.5450726}
2025/10/17 20:15:09 POLARIS_LOG {"event":"send_rate","rate":496000,"ts":1760732109.5480554}
2025/10/17 20:15:10 POLARIS_LOG {"event":"send_rate","rate":504000,"ts":1760732110.5494802}
2025/10/17 20:15:11 POLARIS_LOG {"event":"send_rate","rate":496000,"ts":1760732111.5452342}
2025/10/17 20:15:12 POLARIS_LOG {"event":"send_rate","rate":504000,"ts":1760732112.5456376}
2025/10/17 20:15:13 POLARIS_LOG {"event":"send_rate","rate":504000,"ts":1760732113.5462797}
2025/10/17 20:15:14 POLARIS_LOG {"event":"send_rate","rate":496000,"ts":1760732114.546278}
2025/10/17 20:15:15 POLARIS_LOG {"event":"send_rate","rate":504000,"ts":1760732115.559262}
2025/10/17 20:15:16 POLARIS_LOG {"event":"send_rate","rate":496000,"ts":1760732116.5458648}
2025/10/17 20:15:17 POLARIS_LOG {"event":"send_rate","rate":496000,"ts":1760732117.5448651}
2025/10/17 20:15:18 POLARIS_LOG {"event":"send_rate","rate":504000,"ts":1760732118.5449662}
2025/10/17 20:15:19 POLARIS_LOG {"event":"send_rate","rate":496000,"ts":1760732119.5453753}
2025/10/17 20:15:20 POLARIS_LOG {"event":"send_rate","rate":504000,"ts":1760732120.5466952}
2025/10/17 20:15:21 POLARIS_LOG {"event":"send_rate","rate":504000,"ts":1760732121.561404}
2025/10/17 20:15:22 POLARIS_LOG {"event":"send_rate","rate":496000,"ts":1760732122.547377}
2025/10/17 20:15:23 POLARIS_LOG {"event":"send_rate","rate":496000,"ts":1760732123.545651}
2025/10/17 20:15:24 POLARIS_LOG {"event":"send_rate","rate":504000,"ts":1760732124.544999}
2025/10/17 20:15:25 POLARIS_LOG {"event":"send_rate","rate":504000,"ts":1760732125.5475216}
2025/10/17 20:15:26 POLARIS_LOG {"event":"send_rate","rate":496000,"ts":1760732126.5445776}
2025/10/17 20:15:27 POLARIS_LOG {"event":"send_rate","rate":496000,"ts":1760732127.5454206}
2025/10/17 20:15:28 POLARIS_LOG {"event":"send_rate","rate":504000,"ts":1760732128.5470996}
2025/10/17 20:15:29 POLARIS_LOG {"event":"send_rate","rate":496000,"ts":1760732129.546762}
2025/10/17 20:15:30 POLARIS_LOG {"event":"send_rate","rate":504000,"ts":1760732130.5475273}
2025/10/17 20:15:31 POLARIS_LOG {"event":"send_rate","rate":496000,"ts":1760732131.5462427}
2025/10/17 20:15:32 POLARIS_LOG {"event":"send_rate","rate":504000,"ts":1760732132.544496}
2025/10/17 20:15:33 POLARIS_LOG {"event":"send_rate","rate":496000,"ts":1760732133.5449812}
2025/10/17 20:15:34 POLARIS_LOG {"event":"send_rate","rate":504000,"ts":1760732134.5469987}
2025/10/17 20:15:35 POLARIS_LOG {"event":"send_rate","rate":496000,"ts":1760732135.5454447}
2025/10/17 20:15:36 POLARIS_LOG {"event":"send_rate","rate":504000,"ts":1760732136.5498962}
2025/10/17 20:15:37 POLARIS_LOG {"event":"send_rate","rate":496000,"ts":1760732137.5470688}
2025/10/17 20:15:38 POLARIS_LOG {"event":"send_rate","rate":504000,"ts":1760732138.546019}
2025/10/17 20:15:39 POLARIS_LOG {"event":"send_rate","rate":512000,"ts":1760732139.579737}
2025/10/17 20:15:40 POLARIS_LOG {"event":"send_rate","rate":488000,"ts":1760732140.5456686}
2025/10/17 20:15:41 POLARIS_LOG {"event":"send_rate","rate":496000,"ts":1760732141.5447655}
2025/10/17 20:15:42 POLARIS_LOG {"event":"send_rate","rate":504000,"ts":1760732142.5456553}
2025/10/17 20:15:43 POLARIS_LOG {"event":"send_rate","rate":496000,"ts":1760732143.545247}
2025/10/17 20:15:44 POLARIS_LOG {"event":"send_rate","rate":512000,"ts":1760732144.5572197}
2025/10/17 20:15:45 POLARIS_LOG {"event":"send_rate","rate":488000,"ts":1760732145.547162}
2025/10/17 20:15:46 POLARIS_LOG {"event":"send_rate","rate":504000,"ts":1760732146.5466928}
2025/10/17 20:15:47 POLARIS_LOG {"event":"send_rate","rate":496000,"ts":1760732147.5455494}
2025/10/17 20:15:48 POLARIS_LOG {"event":"send_rate","rate":504000,"ts":1760732148.5459785}
2025/10/17 20:15:49 POLARIS_LOG {"event":"send_rate","rate":496000,"ts":1760732149.5448875}
2025/10/17 20:15:50 POLARIS_LOG {"event":"send_rate","rate":504000,"ts":1760732150.5447326}
2025/10/17 20:15:51 POLARIS_LOG {"event":"send_rate","rate":496000,"ts":1760732151.5452418}
2025/10/17 20:15:52 POLARIS_LOG {"event":"send_rate","rate":504000,"ts":1760732152.5464108}
2025/10/17 20:15:53 POLARIS_LOG {"event":"send_rate","rate":504000,"ts":1760732153.5739005}
2025/10/17 20:15:54 POLARIS_LOG {"event":"send_rate","rate":496000,"ts":1760732154.5448184}
2025/10/17 20:15:55 POLARIS_LOG {"event":"send_rate","rate":496000,"ts":1760732155.548258}
2025/10/17 20:15:56 POLARIS_LOG {"event":"send_rate","rate":504000,"ts":1760732156.5578523}
2025/10/17 20:15:57 POLARIS_LOG {"event":"send_rate","rate":504000,"ts":1760732157.5488634}
2025/10/17 20:15:58 POLARIS_LOG {"event":"send_rate","rate":496000,"ts":1760732158.5447628}
2025/10/17 20:15:59 POLARIS_LOG {"event":"send_rate","rate":496000,"ts":1760732159.5479069}
2025/10/17 20:16:00 POLARIS_LOG {"event":"send_rate","rate":504000,"ts":1760732160.5443661}
2025/10/17 20:16:01 POLARIS_LOG {"event":"send_rate","rate":496000,"ts":1760732161.5454886}
2025/10/17 20:16:02 POLARIS_LOG {"event":"send_rate","rate":504000,"ts":1760732162.5456104}
2025/10/17 20:16:03 POLARIS_LOG {"event":"send_rate","rate":496000,"ts":1760732163.545022}
2025/10/17 20:16:04 POLARIS_LOG {"event":"send_rate","rate":504000,"ts":1760732164.544894}
2025/10/17 20:16:05 POLARIS_LOG {"event":"send_rate","rate":496000,"ts":1760732165.545555}
2025/10/17 20:16:06 POLARIS_LOG {"event":"send_rate","rate":504000,"ts":1760732166.5460525}
2025/10/17 20:16:07 POLARIS_LOG {"event":"send_rate","rate":496000,"ts":1760732167.5461607}
2025/10/17 20:16:08 POLARIS_LOG {"event":"send_rate","rate":504000,"ts":1760732168.5454078}
2025/10/17 20:16:09 POLARIS_LOG {"event":"send_rate","rate":496000,"ts":1760732169.5451267}
2025/10/17 20:16:10 POLARIS_LOG {"event":"send_rate","rate":504000,"ts":1760732170.5449145}
2025/10/17 20:16:11 POLARIS_LOG {"event":"send_rate","rate":496000,"ts":1760732171.5470836}
We need to sleep for 1 seconds before we can get the results
2025/10/17 20:16:12 POLARIS_LOG {"event":"send_rate","rate":24000,"ts":1760732172.5476513}
Drain Loop received packet
Drain Loop received non-nil payload
We need to sleep for 1 seconds before we can get the results
Client sent 17000 packets, server reported 16987 packets received
The network loss rate from client to server is 0.1%

S->C results
Attempted bandwidth: 0 bps / 0.00 Mbps
Achieved bandwidth: 0 bps / 0.00 Mbps
Loss rate: 0.0%
Interarrival time min/avg/max/mdev = -0.000/0.000/0.000/0.000 ms

C->S results
Attempted bandwidth: 500000 bps / 0.50 Mbps
Achieved bandwidth: 499617 bps / 0.50 Mbps
Loss rate: 0.1%
Interarrival time min/avg/max/mdev = 0.002/15.991/275.343/16.104 ms
