
Test parameters:
client->server: 258 seconds, 1000 bytes, 16125 packets
server->client: 258 seconds, 1000 bytes, 0 packets
Polaris prober initialized with 38 paths
Polaris prober initialized with local 1-111,10.111.0.71:32746 and remote 1-113,10.113.0.71
2025/10/17 20:11:53 POLARIS_LOG {"current_rate":0,"event":"path_switch","new":"2 2 5 2","trigger":"initialization","ts":1760731913.6087356}
2025/10/17 20:11:54 POLARIS_LOG {"event":"send_rate","rate":280000,"ts":1760731914.6273482}
2025/10/17 20:11:55 POLARIS_LOG {"event":"send_rate","rate":496000,"ts":1760731915.6271536}
2025/10/17 20:11:56 POLARIS_LOG {"event":"send_rate","rate":496000,"ts":1760731916.6148434}
2025/10/17 20:11:57 POLARIS_LOG {"event":"send_rate","rate":496000,"ts":1760731917.6136048}
2025/10/17 20:11:58 POLARIS_LOG {"event":"send_rate","rate":504000,"ts":1760731918.6149888}
2025/10/17 20:11:59 POLARIS_LOG {"event":"send_rate","rate":504000,"ts":1760731919.626453}
2025/10/17 20:12:00 POLARIS_LOG {"event":"send_rate","rate":496000,"ts":1760731920.6144402}
2025/10/17 20:12:01 POLARIS_LOG {"event":"send_rate","rate":504000,"ts":1760731921.6155915}
2025/10/17 20:12:02 POLARIS_LOG {"event":"send_rate","rate":496000,"ts":1760731922.6148338}
2025/10/17 20:12:03 POLARIS_LOG {"event":"send_rate","rate":496000,"ts":1760731923.6135387}
2025/10/17 20:12:04 POLARIS_LOG {"event":"send_rate","rate":504000,"ts":1760731924.625912}
2025/10/17 20:12:05 POLARIS_LOG {"event":"send_rate","rate":480000,"ts":1760731925.6165764}
2025/10/17 20:12:06 POLARIS_LOG {"event":"send_rate","rate":440000,"ts":1760731926.6171758}
2025/10/17 20:12:07 POLARIS_LOG {"event":"send_rate","rate":456000,"ts":1760731927.6150894}
2025/10/17 20:12:08 POLARIS_LOG {"event":"send_rate","rate":336000,"ts":1760731928.617152}
2025/10/17 20:12:09 POLARIS_LOG {"event":"send_rate","rate":416000,"ts":1760731929.6136847}
2025/10/17 20:12:10 POLARIS_LOG {"event":"send_rate","rate":352000,"ts":1760731930.615263}
2025/10/17 20:12:11 POLARIS_LOG {"event":"send_rate","rate":328000,"ts":1760731931.6206403}
2025/10/17 20:12:12 POLARIS_LOG {"event":"send_rate","rate":440000,"ts":1760731932.614971}
2025/10/17 20:12:13 POLARIS_LOG {"candidates":10,"candidates_unfiltered":25,"current_rate":440000,"estimated_share":1000000,"event":"path_switch","max_estimated_share":1000000,"new":"3 3 4 1","old":"2 2 5 2","trigger":"scheduled","ts":1760731933.6213398}
2025/10/17 20:12:13 POLARIS_LOG {"event":"send_rate","rate":448000,"ts":1760731933.6214535}
2025/10/17 20:12:14 POLARIS_LOG {"event":"send_rate","rate":1304000,"ts":1760731934.6150963}
2025/10/17 20:12:15 POLARIS_LOG {"event":"send_rate","rate":496000,"ts":1760731935.6143036}
2025/10/17 20:12:16 POLARIS_LOG {"event":"send_rate","rate":504000,"ts":1760731936.6242976}
2025/10/17 20:12:17 POLARIS_LOG {"event":"send_rate","rate":512000,"ts":1760731937.633523}
2025/10/17 20:12:18 POLARIS_LOG {"event":"send_rate","rate":488000,"ts":1760731938.615406}
2025/10/17 20:12:19 POLARIS_LOG {"event":"send_rate","rate":504000,"ts":1760731939.6145175}
2025/10/17 20:12:20 POLARIS_LOG {"event":"send_rate","rate":496000,"ts":1760731940.6351979}
2025/10/17 20:12:21 POLARIS_LOG {"event":"send_rate","rate":504000,"ts":1760731941.6161885}
2025/10/17 20:12:22 POLARIS_LOG {"event":"send_rate","rate":496000,"ts":1760731942.6138868}
2025/10/17 20:12:23 POLARIS_LOG {"event":"send_rate","rate":504000,"ts":1760731943.6170359}
2025/10/17 20:12:24 POLARIS_LOG {"event":"send_rate","rate":496000,"ts":1760731944.6144974}
2025/10/17 20:12:25 POLARIS_LOG {"event":"send_rate","rate":496000,"ts":1760731945.6141734}
2025/10/17 20:12:26 POLARIS_LOG {"event":"send_rate","rate":504000,"ts":1760731946.6144638}
2025/10/17 20:12:27 POLARIS_LOG {"event":"send_rate","rate":496000,"ts":1760731947.617028}
2025/10/17 20:12:28 POLARIS_LOG {"event":"send_rate","rate":504000,"ts":1760731948.6136253}
2025/10/17 20:12:29 POLARIS_LOG {"event":"send_rate","rate":504000,"ts":1760731949.6157243}
2025/10/17 20:12:30 POLARIS_LOG {"event":"send_rate","rate":496000,"ts":1760731950.6160228}
2025/10/17 20:12:31 POLARIS_LOG {"event":"send_rate","rate":504000,"ts":1760731951.6159139}
2025/10/17 20:12:32 POLARIS_LOG {"event":"send_rate","rate":504000,"ts":1760731952.631898}
2025/10/17 20:12:33 POLARIS_LOG {"event":"send_rate","rate":488000,"ts":1760731953.6137779}
2025/10/17 20:12:33 POLARIS_LOG {"candidates":5,"candidates_unfiltered":5,"current_rate":488000,"estimated_share":1000000,"event":"path_switch","max_estimated_share":1000000,"new":"4 4 2 4","old":"3 3 4 1","trigger":"scheduled","ts":1760731953.614625}
2025/10/17 20:12:34 POLARIS_LOG {"event":"send_rate","rate":504000,"ts":1760731954.6140864}
2025/10/17 20:12:35 POLARIS_LOG {"event":"send_rate","rate":496000,"ts":1760731955.6147144}
2025/10/17 20:12:36 POLARIS_LOG {"event":"send_rate","rate":504000,"ts":1760731956.6181583}
2025/10/17 20:12:37 POLARIS_LOG {"event":"send_rate","rate":512000,"ts":1760731957.6451418}
2025/10/17 20:12:38 POLARIS_LOG {"event":"send_rate","rate":488000,"ts":1760731958.6164753}
2025/10/17 20:12:39 POLARIS_LOG {"event":"send_rate","rate":496000,"ts":1760731959.6150231}
2025/10/17 20:12:40 POLARIS_LOG {"event":"send_rate","rate":504000,"ts":1760731960.6319118}
2025/10/17 20:12:41 POLARIS_LOG {"event":"send_rate","rate":496000,"ts":1760731961.614496}
2025/10/17 20:12:42 POLARIS_LOG {"event":"send_rate","rate":504000,"ts":1760731962.61525}
2025/10/17 20:12:43 POLARIS_LOG {"event":"send_rate","rate":496000,"ts":1760731963.6140673}
2025/10/17 20:12:44 POLARIS_LOG {"event":"send_rate","rate":504000,"ts":1760731964.6148362}
2025/10/17 20:12:45 POLARIS_LOG {"event":"send_rate","rate":496000,"ts":1760731965.6147885}
2025/10/17 20:12:46 POLARIS_LOG {"event":"send_rate","rate":504000,"ts":1760731966.6142375}
2025/10/17 20:12:47 POLARIS_LOG {"event":"send_rate","rate":504000,"ts":1760731967.6270864}
2025/10/17 20:12:48 POLARIS_LOG {"event":"send_rate","rate":496000,"ts":1760731968.6149402}
2025/10/17 20:12:49 POLARIS_LOG {"event":"send_rate","rate":496000,"ts":1760731969.6138792}
2025/10/17 20:12:50 POLARIS_LOG {"event":"send_rate","rate":504000,"ts":1760731970.6144996}
2025/10/17 20:12:51 POLARIS_LOG {"event":"send_rate","rate":504000,"ts":1760731971.6165128}
2025/10/17 20:12:52 POLARIS_LOG {"event":"send_rate","rate":496000,"ts":1760731972.622143}
2025/10/17 20:12:53 POLARIS_LOG {"event":"send_rate","rate":504000,"ts":1760731973.6175687}
2025/10/17 20:12:54 POLARIS_LOG {"event":"send_rate","rate":496000,"ts":1760731974.614027}
2025/10/17 20:12:55 POLARIS_LOG {"event":"send_rate","rate":496000,"ts":1760731975.6145449}
2025/10/17 20:12:56 POLARIS_LOG {"event":"send_rate","rate":504000,"ts":1760731976.6149275}
2025/10/17 20:12:57 POLARIS_LOG {"event":"send_rate","rate":496000,"ts":1760731977.61367}
2025/10/17 20:12:58 POLARIS_LOG {"event":"send_rate","rate":504000,"ts":1760731978.6162348}
2025/10/17 20:12:59 POLARIS_LOG {"event":"send_rate","rate":504000,"ts":1760731979.6174803}
2025/10/17 20:13:00 POLARIS_LOG {"event":"send_rate","rate":496000,"ts":1760731980.613785}
2025/10/17 20:13:01 POLARIS_LOG {"event":"send_rate","rate":496000,"ts":1760731981.614744}
2025/10/17 20:13:02 POLARIS_LOG {"event":"send_rate","rate":504000,"ts":1760731982.6157072}
2025/10/17 20:13:03 POLARIS_LOG {"event":"send_rate","rate":496000,"ts":1760731983.6175985}
2025/10/17 20:13:04 POLARIS_LOG {"event":"send_rate","rate":504000,"ts":1760731984.6144028}
2025/10/17 20:13:05 POLARIS_LOG {"event":"send_rate","rate":496000,"ts":1760731985.6136682}
2025/10/17 20:13:06 POLARIS_LOG {"event":"send_rate","rate":504000,"ts":1760731986.6144083}
2025/10/17 20:13:07 POLARIS_LOG {"event":"send_rate","rate":496000,"ts":1760731987.6141129}
2025/10/17 20:13:08 POLARIS_LOG {"event":"send_rate","rate":504000,"ts":1760731988.6138701}
2025/10/17 20:13:09 POLARIS_LOG {"event":"send_rate","rate":496000,"ts":1760731989.6136444}
2025/10/17 20:13:10 POLARIS_LOG {"event":"send_rate","rate":504000,"ts":1760731990.6224453}
2025/10/17 20:13:11 POLARIS_LOG {"event":"send_rate","rate":496000,"ts":1760731991.6134737}
2025/10/17 20:13:12 POLARIS_LOG {"event":"send_rate","rate":504000,"ts":1760731992.6141593}
2025/10/17 20:13:13 POLARIS_LOG {"event":"send_rate","rate":496000,"ts":1760731993.6139476}
2025/10/17 20:13:14 POLARIS_LOG {"event":"send_rate","rate":504000,"ts":1760731994.6140003}
2025/10/17 20:13:15 POLARIS_LOG {"event":"send_rate","rate":496000,"ts":1760731995.6140742}
2025/10/17 20:13:16 POLARIS_LOG {"event":"send_rate","rate":504000,"ts":1760731996.6141796}
2025/10/17 20:13:17 POLARIS_LOG {"event":"send_rate","rate":496000,"ts":1760731997.6134539}
2025/10/17 20:13:18 POLARIS_LOG {"event":"send_rate","rate":504000,"ts":1760731998.6142209}
2025/10/17 20:13:19 POLARIS_LOG {"event":"send_rate","rate":496000,"ts":1760731999.6156907}
2025/10/17 20:13:20 POLARIS_LOG {"event":"send_rate","rate":504000,"ts":1760732000.6155708}
2025/10/17 20:13:21 POLARIS_LOG {"event":"send_rate","rate":504000,"ts":1760732001.6187391}
2025/10/17 20:13:22 POLARIS_LOG {"event":"send_rate","rate":496000,"ts":1760732002.6141412}
2025/10/17 20:13:23 POLARIS_LOG {"event":"send_rate","rate":496000,"ts":1760732003.6150417}
2025/10/17 20:13:24 POLARIS_LOG {"event":"send_rate","rate":504000,"ts":1760732004.6139212}
2025/10/17 20:13:25 POLARIS_LOG {"event":"send_rate","rate":496000,"ts":1760732005.615045}
2025/10/17 20:13:26 POLARIS_LOG {"event":"send_rate","rate":504000,"ts":1760732006.613519}
2025/10/17 20:13:27 POLARIS_LOG {"event":"send_rate","rate":496000,"ts":1760732007.6143572}
2025/10/17 20:13:28 POLARIS_LOG {"event":"send_rate","rate":504000,"ts":1760732008.6135077}
2025/10/17 20:13:29 POLARIS_LOG {"event":"send_rate","rate":496000,"ts":1760732009.6136527}
2025/10/17 20:13:30 POLARIS_LOG {"event":"send_rate","rate":504000,"ts":1760732010.6142702}
2025/10/17 20:13:31 POLARIS_LOG {"event":"send_rate","rate":496000,"ts":1760732011.613447}
2025/10/17 20:13:32 POLARIS_LOG {"event":"send_rate","rate":504000,"ts":1760732012.6148102}
2025/10/17 20:13:33 POLARIS_LOG {"event":"send_rate","rate":496000,"ts":1760732013.6150188}
2025/10/17 20:13:34 POLARIS_LOG {"event":"send_rate","rate":504000,"ts":1760732014.6134956}
2025/10/17 20:13:35 POLARIS_LOG {"event":"send_rate","rate":496000,"ts":1760732015.6140785}
2025/10/17 20:13:36 POLARIS_LOG {"event":"send_rate","rate":504000,"ts":1760732016.6173782}
2025/10/17 20:13:37 POLARIS_LOG {"event":"send_rate","rate":496000,"ts":1760732017.6141882}
2025/10/17 20:13:38 POLARIS_LOG {"event":"send_rate","rate":504000,"ts":1760732018.613885}
2025/10/17 20:13:39 POLARIS_LOG {"event":"send_rate","rate":496000,"ts":1760732019.6137707}
2025/10/17 20:13:40 POLARIS_LOG {"event":"send_rate","rate":504000,"ts":1760732020.620058}
2025/10/17 20:13:41 POLARIS_LOG {"event":"send_rate","rate":496000,"ts":1760732021.616029}
2025/10/17 20:13:42 POLARIS_LOG {"event":"send_rate","rate":504000,"ts":1760732022.6170752}
2025/10/17 20:13:43 POLARIS_LOG {"event":"send_rate","rate":504000,"ts":1760732023.6193433}
2025/10/17 20:13:44 POLARIS_LOG {"event":"send_rate","rate":496000,"ts":1760732024.6150396}
2025/10/17 20:13:45 POLARIS_LOG {"event":"send_rate","rate":496000,"ts":1760732025.6175084}
2025/10/17 20:13:46 POLARIS_LOG {"event":"send_rate","rate":504000,"ts":1760732026.6171505}
2025/10/17 20:13:47 POLARIS_LOG {"event":"send_rate","rate":496000,"ts":1760732027.6147618}
2025/10/17 20:13:48 POLARIS_LOG {"event":"send_rate","rate":504000,"ts":1760732028.6175265}
2025/10/17 20:13:49 POLARIS_LOG {"event":"send_rate","rate":496000,"ts":1760732029.6175234}
2025/10/17 20:13:50 POLARIS_LOG {"event":"send_rate","rate":504000,"ts":1760732030.6164346}
2025/10/17 20:13:51 POLARIS_LOG {"event":"send_rate","rate":496000,"ts":1760732031.659}
2025/10/17 20:13:52 POLARIS_LOG {"event":"send_rate","rate":504000,"ts":1760732032.6145403}
2025/10/17 20:13:53 POLARIS_LOG {"event":"send_rate","rate":496000,"ts":1760732033.614837}
2025/10/17 20:13:54 POLARIS_LOG {"event":"send_rate","rate":496000,"ts":1760732034.6153288}
2025/10/17 20:13:55 POLARIS_LOG {"event":"send_rate","rate":504000,"ts":1760732035.616075}
2025/10/17 20:13:56 POLARIS_LOG {"event":"send_rate","rate":504000,"ts":1760732036.6147513}
2025/10/17 20:13:57 POLARIS_LOG {"event":"send_rate","rate":496000,"ts":1760732037.6134624}
2025/10/17 20:13:58 POLARIS_LOG {"event":"send_rate","rate":504000,"ts":1760732038.6175013}
2025/10/17 20:13:59 POLARIS_LOG {"event":"send_rate","rate":496000,"ts":1760732039.6176538}
2025/10/17 20:14:00 POLARIS_LOG {"event":"send_rate","rate":504000,"ts":1760732040.613447}
2025/10/17 20:14:01 POLARIS_LOG {"event":"send_rate","rate":496000,"ts":1760732041.6145387}
2025/10/17 20:14:02 POLARIS_LOG {"event":"send_rate","rate":504000,"ts":1760732042.6260278}
2025/10/17 20:14:03 POLARIS_LOG {"event":"send_rate","rate":496000,"ts":1760732043.6148605}
2025/10/17 20:14:04 POLARIS_LOG {"event":"send_rate","rate":504000,"ts":1760732044.616946}
2025/10/17 20:14:05 POLARIS_LOG {"event":"send_rate","rate":496000,"ts":1760732045.614323}
2025/10/17 20:14:06 POLARIS_LOG {"event":"send_rate","rate":496000,"ts":1760732046.6135392}
2025/10/17 20:14:07 POLARIS_LOG {"event":"send_rate","rate":504000,"ts":1760732047.6136496}
2025/10/17 20:14:08 POLARIS_LOG {"event":"send_rate","rate":504000,"ts":1760732048.6138933}
2025/10/17 20:14:09 POLARIS_LOG {"event":"send_rate","rate":496000,"ts":1760732049.6145113}
2025/10/17 20:14:10 POLARIS_LOG {"event":"send_rate","rate":504000,"ts":1760732050.6163754}
2025/10/17 20:14:11 POLARIS_LOG {"event":"send_rate","rate":496000,"ts":1760732051.6190329}
2025/10/17 20:14:12 POLARIS_LOG {"event":"send_rate","rate":504000,"ts":1760732052.6291087}
2025/10/17 20:14:13 POLARIS_LOG {"event":"send_rate","rate":496000,"ts":1760732053.6146948}
2025/10/17 20:14:14 POLARIS_LOG {"event":"send_rate","rate":504000,"ts":1760732054.6155086}
2025/10/17 20:14:15 POLARIS_LOG {"event":"send_rate","rate":496000,"ts":1760732055.6140509}
2025/10/17 20:14:16 POLARIS_LOG {"event":"send_rate","rate":496000,"ts":1760732056.620592}
2025/10/17 20:14:17 POLARIS_LOG {"event":"send_rate","rate":504000,"ts":1760732057.6149495}
2025/10/17 20:14:18 POLARIS_LOG {"event":"send_rate","rate":504000,"ts":1760732058.6197014}
2025/10/17 20:14:19 POLARIS_LOG {"event":"send_rate","rate":496000,"ts":1760732059.621061}
2025/10/17 20:14:20 POLARIS_LOG {"event":"send_rate","rate":504000,"ts":1760732060.6174035}
2025/10/17 20:14:21 POLARIS_LOG {"event":"send_rate","rate":496000,"ts":1760732061.6136084}
2025/10/17 20:14:22 POLARIS_LOG {"event":"send_rate","rate":504000,"ts":1760732062.614954}
2025/10/17 20:14:23 POLARIS_LOG {"event":"send_rate","rate":496000,"ts":1760732063.6139536}
2025/10/17 20:14:24 POLARIS_LOG {"event":"send_rate","rate":496000,"ts":1760732064.621592}
2025/10/17 20:14:25 POLARIS_LOG {"event":"send_rate","rate":504000,"ts":1760732065.6150055}
2025/10/17 20:14:26 POLARIS_LOG {"event":"send_rate","rate":496000,"ts":1760732066.6135015}
2025/10/17 20:14:27 POLARIS_LOG {"event":"send_rate","rate":504000,"ts":1760732067.6145642}
2025/10/17 20:14:28 POLARIS_LOG {"event":"send_rate","rate":504000,"ts":1760732068.6227124}
2025/10/17 20:14:29 POLARIS_LOG {"event":"send_rate","rate":496000,"ts":1760732069.61644}
2025/10/17 20:14:30 POLARIS_LOG {"event":"send_rate","rate":504000,"ts":1760732070.6146061}
2025/10/17 20:14:31 POLARIS_LOG {"event":"send_rate","rate":496000,"ts":1760732071.6183052}
2025/10/17 20:14:32 POLARIS_LOG {"event":"send_rate","rate":504000,"ts":1760732072.6193671}
2025/10/17 20:14:33 POLARIS_LOG {"event":"send_rate","rate":496000,"ts":1760732073.6146572}
2025/10/17 20:14:34 POLARIS_LOG {"event":"send_rate","rate":496000,"ts":1760732074.614327}
2025/10/17 20:14:35 POLARIS_LOG {"event":"send_rate","rate":504000,"ts":1760732075.6134896}
2025/10/17 20:14:36 POLARIS_LOG {"event":"send_rate","rate":504000,"ts":1760732076.6153803}
2025/10/17 20:14:37 POLARIS_LOG {"event":"send_rate","rate":496000,"ts":1760732077.6149893}
2025/10/17 20:14:38 POLARIS_LOG {"event":"send_rate","rate":504000,"ts":1760732078.625859}
2025/10/17 20:14:39 POLARIS_LOG {"event":"send_rate","rate":496000,"ts":1760732079.6134703}
2025/10/17 20:14:40 POLARIS_LOG {"event":"send_rate","rate":496000,"ts":1760732080.6149666}
2025/10/17 20:14:41 POLARIS_LOG {"event":"send_rate","rate":504000,"ts":1760732081.6158664}
2025/10/17 20:14:42 POLARIS_LOG {"event":"send_rate","rate":496000,"ts":1760732082.6137044}
2025/10/17 20:14:43 POLARIS_LOG {"event":"send_rate","rate":504000,"ts":1760732083.6140254}
2025/10/17 20:14:44 POLARIS_LOG {"event":"send_rate","rate":504000,"ts":1760732084.6174903}
2025/10/17 20:14:45 POLARIS_LOG {"event":"send_rate","rate":496000,"ts":1760732085.6149588}
2025/10/17 20:14:46 POLARIS_LOG {"event":"send_rate","rate":496000,"ts":1760732086.6135015}
2025/10/17 20:14:47 POLARIS_LOG {"event":"send_rate","rate":504000,"ts":1760732087.6199338}
2025/10/17 20:14:48 POLARIS_LOG {"event":"send_rate","rate":496000,"ts":1760732088.6138597}
2025/10/17 20:14:49 POLARIS_LOG {"event":"send_rate","rate":504000,"ts":1760732089.620174}
2025/10/17 20:14:50 POLARIS_LOG {"event":"send_rate","rate":496000,"ts":1760732090.61363}
2025/10/17 20:14:51 POLARIS_LOG {"event":"send_rate","rate":504000,"ts":1760732091.6150923}
2025/10/17 20:14:52 POLARIS_LOG {"event":"send_rate","rate":504000,"ts":1760732092.616404}
2025/10/17 20:14:53 POLARIS_LOG {"event":"send_rate","rate":496000,"ts":1760732093.6142645}
2025/10/17 20:14:54 POLARIS_LOG {"event":"send_rate","rate":504000,"ts":1760732094.6157417}
2025/10/17 20:14:55 POLARIS_LOG {"event":"send_rate","rate":496000,"ts":1760732095.6159449}
2025/10/17 20:14:56 POLARIS_LOG {"event":"send_rate","rate":504000,"ts":1760732096.617665}
2025/10/17 20:14:57 POLARIS_LOG {"event":"send_rate","rate":496000,"ts":1760732097.6139667}
2025/10/17 20:14:58 POLARIS_LOG {"event":"send_rate","rate":496000,"ts":1760732098.6142192}
2025/10/17 20:14:59 POLARIS_LOG {"event":"send_rate","rate":504000,"ts":1760732099.6141002}
2025/10/17 20:15:00 POLARIS_LOG {"event":"send_rate","rate":496000,"ts":1760732100.615082}
2025/10/17 20:15:01 POLARIS_LOG {"event":"send_rate","rate":504000,"ts":1760732101.6135077}
2025/10/17 20:15:02 POLARIS_LOG {"event":"send_rate","rate":496000,"ts":1760732102.6139104}
2025/10/17 20:15:03 POLARIS_LOG {"event":"send_rate","rate":504000,"ts":1760732103.6134558}
2025/10/17 20:15:04 POLARIS_LOG {"event":"send_rate","rate":504000,"ts":1760732104.6189682}
2025/10/17 20:15:05 POLARIS_LOG {"event":"send_rate","rate":496000,"ts":1760732105.6135437}
2025/10/17 20:15:06 POLARIS_LOG {"event":"send_rate","rate":504000,"ts":1760732106.6303937}
2025/10/17 20:15:07 POLARIS_LOG {"event":"send_rate","rate":496000,"ts":1760732107.616107}
2025/10/17 20:15:08 POLARIS_LOG {"event":"send_rate","rate":496000,"ts":1760732108.6184835}
2025/10/17 20:15:09 POLARIS_LOG {"event":"send_rate","rate":504000,"ts":1760732109.6134746}
2025/10/17 20:15:10 POLARIS_LOG {"event":"send_rate","rate":496000,"ts":1760732110.614519}
2025/10/17 20:15:11 POLARIS_LOG {"event":"send_rate","rate":504000,"ts":1760732111.6150239}
2025/10/17 20:15:12 POLARIS_LOG {"event":"send_rate","rate":488000,"ts":1760732112.6329296}
2025/10/17 20:15:13 POLARIS_LOG {"event":"send_rate","rate":504000,"ts":1760732113.6140883}
2025/10/17 20:15:14 POLARIS_LOG {"event":"send_rate","rate":504000,"ts":1760732114.615758}
2025/10/17 20:15:15 POLARIS_LOG {"event":"send_rate","rate":504000,"ts":1760732115.6352825}
2025/10/17 20:15:16 POLARIS_LOG {"event":"send_rate","rate":496000,"ts":1760732116.6143765}
2025/10/17 20:15:17 POLARIS_LOG {"event":"send_rate","rate":504000,"ts":1760732117.6148245}
2025/10/17 20:15:18 POLARIS_LOG {"event":"send_rate","rate":512000,"ts":1760732118.6351764}
2025/10/17 20:15:19 POLARIS_LOG {"event":"send_rate","rate":488000,"ts":1760732119.6144645}
2025/10/17 20:15:20 POLARIS_LOG {"event":"send_rate","rate":504000,"ts":1760732120.6254313}
2025/10/17 20:15:21 POLARIS_LOG {"event":"send_rate","rate":496000,"ts":1760732121.614474}
2025/10/17 20:15:22 POLARIS_LOG {"event":"send_rate","rate":496000,"ts":1760732122.614004}
2025/10/17 20:15:23 POLARIS_LOG {"event":"send_rate","rate":504000,"ts":1760732123.6173136}
2025/10/17 20:15:24 POLARIS_LOG {"event":"send_rate","rate":496000,"ts":1760732124.614371}
2025/10/17 20:15:25 POLARIS_LOG {"event":"send_rate","rate":504000,"ts":1760732125.6140704}
2025/10/17 20:15:26 POLARIS_LOG {"event":"send_rate","rate":496000,"ts":1760732126.614128}
2025/10/17 20:15:27 POLARIS_LOG {"event":"send_rate","rate":504000,"ts":1760732127.6147575}
2025/10/17 20:15:28 POLARIS_LOG {"event":"send_rate","rate":496000,"ts":1760732128.6143625}
2025/10/17 20:15:29 POLARIS_LOG {"event":"send_rate","rate":504000,"ts":1760732129.6145768}
2025/10/17 20:15:30 POLARIS_LOG {"event":"send_rate","rate":496000,"ts":1760732130.6147783}
2025/10/17 20:15:31 POLARIS_LOG {"event":"send_rate","rate":504000,"ts":1760732131.613736}
2025/10/17 20:15:32 POLARIS_LOG {"event":"send_rate","rate":512000,"ts":1760732132.6373215}
2025/10/17 20:15:33 POLARIS_LOG {"event":"send_rate","rate":480000,"ts":1760732133.6135237}
2025/10/17 20:15:33 POLARIS_LOG {"candidates":5,"candidates_unfiltered":5,"current_rate":480000,"estimated_share":1000000,"event":"path_switch","max_estimated_share":1000000,"new":"3 3 6 6 3 5","old":"4 4 2 4","trigger":"scheduled","ts":1760732133.6153038}
2025/10/17 20:15:34 POLARIS_LOG {"event":"send_rate","rate":504000,"ts":1760732134.6151633}
2025/10/17 20:15:35 POLARIS_LOG {"event":"send_rate","rate":504000,"ts":1760732135.6148493}
2025/10/17 20:15:36 POLARIS_LOG {"event":"send_rate","rate":496000,"ts":1760732136.6134608}
2025/10/17 20:15:37 POLARIS_LOG {"event":"send_rate","rate":504000,"ts":1760732137.6143613}
2025/10/17 20:15:38 POLARIS_LOG {"event":"send_rate","rate":496000,"ts":1760732138.615174}
2025/10/17 20:15:39 POLARIS_LOG {"event":"send_rate","rate":504000,"ts":1760732139.6158576}
2025/10/17 20:15:40 POLARIS_LOG {"event":"send_rate","rate":496000,"ts":1760732140.614723}
2025/10/17 20:15:41 POLARIS_LOG {"event":"send_rate","rate":504000,"ts":1760732141.614745}
2025/10/17 20:15:42 POLARIS_LOG {"event":"send_rate","rate":496000,"ts":1760732142.6134453}
2025/10/17 20:15:43 POLARIS_LOG {"event":"send_rate","rate":504000,"ts":1760732143.6139147}
2025/10/17 20:15:44 POLARIS_LOG {"event":"send_rate","rate":496000,"ts":1760732144.613947}
2025/10/17 20:15:45 POLARIS_LOG {"event":"send_rate","rate":504000,"ts":1760732145.6144712}
2025/10/17 20:15:46 POLARIS_LOG {"event":"send_rate","rate":504000,"ts":1760732146.6236296}
2025/10/17 20:15:47 POLARIS_LOG {"event":"send_rate","rate":496000,"ts":1760732147.6136196}
2025/10/17 20:15:48 POLARIS_LOG {"event":"send_rate","rate":496000,"ts":1760732148.6154203}
2025/10/17 20:15:49 POLARIS_LOG {"event":"send_rate","rate":504000,"ts":1760732149.614696}
2025/10/17 20:15:50 POLARIS_LOG {"event":"send_rate","rate":496000,"ts":1760732150.6158593}
2025/10/17 20:15:51 POLARIS_LOG {"event":"send_rate","rate":504000,"ts":1760732151.6180832}
2025/10/17 20:15:52 POLARIS_LOG {"event":"send_rate","rate":496000,"ts":1760732152.613476}
2025/10/17 20:15:53 POLARIS_LOG {"event":"send_rate","rate":504000,"ts":1760732153.6408727}
2025/10/17 20:15:54 POLARIS_LOG {"event":"send_rate","rate":496000,"ts":1760732154.6143959}
2025/10/17 20:15:55 POLARIS_LOG {"event":"send_rate","rate":496000,"ts":1760732155.6158636}
2025/10/17 20:15:56 POLARIS_LOG {"event":"send_rate","rate":504000,"ts":1760732156.6151705}
2025/10/17 20:15:57 POLARIS_LOG {"event":"send_rate","rate":504000,"ts":1760732157.614268}
2025/10/17 20:15:58 POLARIS_LOG {"event":"send_rate","rate":496000,"ts":1760732158.6140375}
2025/10/17 20:15:59 POLARIS_LOG {"event":"send_rate","rate":496000,"ts":1760732159.6141605}
2025/10/17 20:16:00 POLARIS_LOG {"event":"send_rate","rate":504000,"ts":1760732160.6134667}
2025/10/17 20:16:01 POLARIS_LOG {"event":"send_rate","rate":504000,"ts":1760732161.6143792}
2025/10/17 20:16:02 POLARIS_LOG {"event":"send_rate","rate":496000,"ts":1760732162.6150224}
2025/10/17 20:16:03 POLARIS_LOG {"event":"send_rate","rate":504000,"ts":1760732163.6257308}
2025/10/17 20:16:04 POLARIS_LOG {"event":"send_rate","rate":496000,"ts":1760732164.613844}
2025/10/17 20:16:05 POLARIS_LOG {"event":"send_rate","rate":504000,"ts":1760732165.6134894}
2025/10/17 20:16:06 POLARIS_LOG {"event":"send_rate","rate":496000,"ts":1760732166.6161487}
2025/10/17 20:16:07 POLARIS_LOG {"event":"send_rate","rate":504000,"ts":1760732167.6144478}
2025/10/17 20:16:08 POLARIS_LOG {"event":"send_rate","rate":496000,"ts":1760732168.6135097}
2025/10/17 20:16:09 POLARIS_LOG {"event":"send_rate","rate":504000,"ts":1760732169.6148648}
2025/10/17 20:16:10 POLARIS_LOG {"event":"send_rate","rate":496000,"ts":1760732170.6144602}
2025/10/17 20:16:11 POLARIS_LOG {"event":"send_rate","rate":504000,"ts":1760732171.6134627}
We need to sleep for 1 seconds before we can get the results
2025/10/17 20:16:12 POLARIS_LOG {"event":"send_rate","rate":232000,"ts":1760732172.6151972}
Drain Loop received packet
Drain Loop received non-nil payload
Client sent 16125 packets, server reported 16102 packets received
The network loss rate from client to server is 0.1%

S->C results
Attempted bandwidth: 0 bps / 0.00 Mbps
Achieved bandwidth: 0 bps / 0.00 Mbps
Loss rate: 0.0%
Interarrival time min/avg/max/mdev = -0.000/0.000/0.000/0.000 ms

C->S results
Attempted bandwidth: 500000 bps / 0.50 Mbps
Achieved bandwidth: 499286 bps / 0.50 Mbps
Loss rate: 0.1%
Interarrival time min/avg/max/mdev = 0.002/16.011/186.499/13.057 ms
