
Test parameters:
client->server: 258 seconds, 1000 bytes, 16125 packets
server->client: 258 seconds, 1000 bytes, 0 packets
2025/10/14 15:16:52 POLARIS_LOG {"current_rate":0,"event":"path_switch","new":"2 2 5 2","trigger":"initialization","ts":1760455012.6596646}
Polaris prober initialized with 38 paths
Polaris prober initialized with local 1-111,10.111.0.71:32743 and remote 1-113,10.113.0.71
2025/10/14 15:16:53 POLARIS_LOG {"event":"send_rate","rate":168000,"ts":1760455013.6619837}
2025/10/14 15:16:54 POLARIS_LOG {"event":"send_rate","rate":504000,"ts":1760455014.6615577}
2025/10/14 15:16:55 POLARIS_LOG {"event":"send_rate","rate":496000,"ts":1760455015.6614897}
2025/10/14 15:16:56 POLARIS_LOG {"event":"send_rate","rate":504000,"ts":1760455016.6620154}
2025/10/14 15:16:57 POLARIS_LOG {"event":"send_rate","rate":496000,"ts":1760455017.6626203}
2025/10/14 15:16:58 POLARIS_LOG {"event":"send_rate","rate":512000,"ts":1760455018.6755285}
2025/10/14 15:16:59 POLARIS_LOG {"event":"send_rate","rate":488000,"ts":1760455019.6617208}
2025/10/14 15:17:00 POLARIS_LOG {"event":"send_rate","rate":504000,"ts":1760455020.6616354}
2025/10/14 15:17:01 POLARIS_LOG {"event":"send_rate","rate":496000,"ts":1760455021.6612182}
2025/10/14 15:17:02 POLARIS_LOG {"event":"send_rate","rate":504000,"ts":1760455022.6623402}
2025/10/14 15:17:03 POLARIS_LOG {"event":"send_rate","rate":496000,"ts":1760455023.661552}
2025/10/14 15:17:04 POLARIS_LOG {"event":"send_rate","rate":504000,"ts":1760455024.6608365}
2025/10/14 15:17:05 POLARIS_LOG {"event":"send_rate","rate":496000,"ts":1760455025.6608295}
2025/10/14 15:17:06 POLARIS_LOG {"event":"send_rate","rate":504000,"ts":1760455026.6712208}
2025/10/14 15:17:07 POLARIS_LOG {"event":"send_rate","rate":496000,"ts":1760455027.6608212}
2025/10/14 15:17:08 POLARIS_LOG {"event":"send_rate","rate":496000,"ts":1760455028.6608992}
2025/10/14 15:17:09 POLARIS_LOG {"event":"send_rate","rate":504000,"ts":1760455029.6607358}
2025/10/14 15:17:10 POLARIS_LOG {"event":"send_rate","rate":504000,"ts":1760455030.6630447}
2025/10/14 15:17:11 POLARIS_LOG {"event":"send_rate","rate":496000,"ts":1760455031.6631322}
2025/10/14 15:17:12 POLARIS_LOG {"event":"send_rate","rate":504000,"ts":1760455032.6739075}
2025/10/14 15:17:13 POLARIS_LOG {"event":"send_rate","rate":496000,"ts":1760455033.6621141}
2025/10/14 15:17:14 POLARIS_LOG {"event":"send_rate","rate":504000,"ts":1760455034.661556}
2025/10/14 15:17:15 POLARIS_LOG {"event":"send_rate","rate":432000,"ts":1760455035.671541}
2025/10/14 15:17:16 POLARIS_LOG {"event":"send_rate","rate":216000,"ts":1760455036.661908}
2025/10/14 15:17:17 POLARIS_LOG {"event":"send_rate","rate":200000,"ts":1760455037.6616523}
2025/10/14 15:17:18 POLARIS_LOG {"event":"send_rate","rate":192000,"ts":1760455038.6619143}
2025/10/14 15:17:19 POLARIS_LOG {"event":"send_rate","rate":264000,"ts":1760455039.6650655}
2025/10/14 15:17:20 POLARIS_LOG {"event":"send_rate","rate":360000,"ts":1760455040.6614673}
2025/10/14 15:17:21 POLARIS_LOG {"event":"send_rate","rate":336000,"ts":1760455041.6614041}
2025/10/14 15:17:22 POLARIS_LOG {"candidates":25,"candidates_unfiltered":25,"current_rate":336000,"estimated_share":666500,"event":"path_switch","max_estimated_share":666500,"new":"5 5 2 4","old":"2 2 5 2","trigger":"scheduled","ts":1760455042.66134}
2025/10/14 15:17:22 POLARIS_LOG {"event":"send_rate","rate":208000,"ts":1760455042.6613946}
2025/10/14 15:17:23 POLARIS_LOG {"event":"send_rate","rate":2288000,"ts":1760455043.6613524}
2025/10/14 15:17:24 POLARIS_LOG {"event":"send_rate","rate":504000,"ts":1760455044.6610737}
2025/10/14 15:17:25 POLARIS_LOG {"event":"send_rate","rate":496000,"ts":1760455045.6610427}
2025/10/14 15:17:26 POLARIS_LOG {"event":"send_rate","rate":504000,"ts":1760455046.6618085}
2025/10/14 15:17:27 POLARIS_LOG {"event":"send_rate","rate":496000,"ts":1760455047.665815}
2025/10/14 15:17:28 POLARIS_LOG {"event":"send_rate","rate":504000,"ts":1760455048.6617036}
2025/10/14 15:17:29 POLARIS_LOG {"event":"send_rate","rate":496000,"ts":1760455049.6606815}
2025/10/14 15:17:30 POLARIS_LOG {"event":"send_rate","rate":496000,"ts":1760455050.6629999}
2025/10/14 15:17:31 POLARIS_LOG {"event":"send_rate","rate":504000,"ts":1760455051.661623}
2025/10/14 15:17:32 POLARIS_LOG {"event":"send_rate","rate":504000,"ts":1760455052.6616757}
2025/10/14 15:17:33 POLARIS_LOG {"event":"send_rate","rate":496000,"ts":1760455053.6613564}
2025/10/14 15:17:34 POLARIS_LOG {"event":"send_rate","rate":504000,"ts":1760455054.661571}
2025/10/14 15:17:35 POLARIS_LOG {"event":"send_rate","rate":496000,"ts":1760455055.661847}
2025/10/14 15:17:36 POLARIS_LOG {"event":"send_rate","rate":504000,"ts":1760455056.6606822}
2025/10/14 15:17:37 POLARIS_LOG {"event":"send_rate","rate":496000,"ts":1760455057.6611836}
2025/10/14 15:17:38 POLARIS_LOG {"event":"send_rate","rate":496000,"ts":1760455058.661381}
2025/10/14 15:17:39 POLARIS_LOG {"event":"send_rate","rate":504000,"ts":1760455059.661111}
2025/10/14 15:17:40 POLARIS_LOG {"event":"send_rate","rate":512000,"ts":1760455060.6878777}
2025/10/14 15:17:41 POLARIS_LOG {"event":"send_rate","rate":488000,"ts":1760455061.662476}
Skipping switch: current path 5 5 2 4 has lastEstimate 500000 >= maxEstimate 0
2025/10/14 15:17:42 POLARIS_LOG {"event":"send_rate","rate":504000,"ts":1760455062.660757}
2025/10/14 15:17:43 POLARIS_LOG {"event":"send_rate","rate":496000,"ts":1760455063.6626003}
2025/10/14 15:17:44 POLARIS_LOG {"event":"send_rate","rate":504000,"ts":1760455064.6612675}
2025/10/14 15:17:45 POLARIS_LOG {"event":"send_rate","rate":496000,"ts":1760455065.661142}
2025/10/14 15:17:46 POLARIS_LOG {"event":"send_rate","rate":504000,"ts":1760455066.662224}
2025/10/14 15:17:47 POLARIS_LOG {"event":"send_rate","rate":496000,"ts":1760455067.6611462}
2025/10/14 15:17:48 POLARIS_LOG {"event":"send_rate","rate":504000,"ts":1760455068.6615288}
2025/10/14 15:17:49 POLARIS_LOG {"event":"send_rate","rate":496000,"ts":1760455069.6609972}
2025/10/14 15:17:50 POLARIS_LOG {"event":"send_rate","rate":504000,"ts":1760455070.6619482}
2025/10/14 15:17:51 POLARIS_LOG {"event":"send_rate","rate":496000,"ts":1760455071.6614316}
2025/10/14 15:17:52 POLARIS_LOG {"event":"send_rate","rate":496000,"ts":1760455072.662602}
2025/10/14 15:17:53 POLARIS_LOG {"event":"send_rate","rate":504000,"ts":1760455073.6610007}
2025/10/14 15:17:54 POLARIS_LOG {"event":"send_rate","rate":504000,"ts":1760455074.667245}
2025/10/14 15:17:55 POLARIS_LOG {"event":"send_rate","rate":496000,"ts":1760455075.6632483}
2025/10/14 15:17:56 POLARIS_LOG {"event":"send_rate","rate":504000,"ts":1760455076.6624303}
2025/10/14 15:17:57 POLARIS_LOG {"event":"send_rate","rate":496000,"ts":1760455077.661163}
2025/10/14 15:17:58 POLARIS_LOG {"event":"send_rate","rate":504000,"ts":1760455078.6627235}
2025/10/14 15:17:59 POLARIS_LOG {"event":"send_rate","rate":496000,"ts":1760455079.6615558}
2025/10/14 15:18:00 POLARIS_LOG {"event":"send_rate","rate":496000,"ts":1760455080.6726782}
2025/10/14 15:18:01 POLARIS_LOG {"event":"send_rate","rate":504000,"ts":1760455081.6623175}
2025/10/14 15:18:02 POLARIS_LOG {"event":"send_rate","rate":496000,"ts":1760455082.6615734}
2025/10/14 15:18:03 POLARIS_LOG {"event":"send_rate","rate":504000,"ts":1760455083.6620448}
2025/10/14 15:18:04 POLARIS_LOG {"event":"send_rate","rate":496000,"ts":1760455084.6615634}
2025/10/14 15:18:05 POLARIS_LOG {"event":"send_rate","rate":504000,"ts":1760455085.6616235}
2025/10/14 15:18:06 POLARIS_LOG {"event":"send_rate","rate":496000,"ts":1760455086.6614797}
2025/10/14 15:18:07 POLARIS_LOG {"event":"send_rate","rate":504000,"ts":1760455087.668417}
2025/10/14 15:18:08 POLARIS_LOG {"event":"send_rate","rate":504000,"ts":1760455088.6655757}
2025/10/14 15:18:09 POLARIS_LOG {"event":"send_rate","rate":496000,"ts":1760455089.66096}
2025/10/14 15:18:10 POLARIS_LOG {"event":"send_rate","rate":496000,"ts":1760455090.661674}
2025/10/14 15:18:11 POLARIS_LOG {"event":"send_rate","rate":504000,"ts":1760455091.6628923}
2025/10/14 15:18:12 POLARIS_LOG {"event":"send_rate","rate":496000,"ts":1760455092.6616688}
2025/10/14 15:18:13 POLARIS_LOG {"event":"send_rate","rate":504000,"ts":1760455093.661538}
2025/10/14 15:18:14 POLARIS_LOG {"event":"send_rate","rate":496000,"ts":1760455094.660827}
2025/10/14 15:18:15 POLARIS_LOG {"event":"send_rate","rate":504000,"ts":1760455095.6617904}
2025/10/14 15:18:16 POLARIS_LOG {"event":"send_rate","rate":496000,"ts":1760455096.6612878}
2025/10/14 15:18:17 POLARIS_LOG {"event":"send_rate","rate":504000,"ts":1760455097.6613517}
2025/10/14 15:18:18 POLARIS_LOG {"event":"send_rate","rate":496000,"ts":1760455098.6616979}
2025/10/14 15:18:19 POLARIS_LOG {"event":"send_rate","rate":504000,"ts":1760455099.6614952}
2025/10/14 15:18:20 POLARIS_LOG {"event":"send_rate","rate":504000,"ts":1760455100.6642275}
2025/10/14 15:18:21 POLARIS_LOG {"event":"send_rate","rate":496000,"ts":1760455101.6614025}
2025/10/14 15:18:22 POLARIS_LOG {"event":"send_rate","rate":496000,"ts":1760455102.6621819}
2025/10/14 15:18:23 POLARIS_LOG {"event":"send_rate","rate":504000,"ts":1760455103.6635954}
2025/10/14 15:18:24 POLARIS_LOG {"event":"send_rate","rate":496000,"ts":1760455104.6614408}
2025/10/14 15:18:25 POLARIS_LOG {"event":"send_rate","rate":504000,"ts":1760455105.6622474}
2025/10/14 15:18:26 POLARIS_LOG {"event":"send_rate","rate":496000,"ts":1760455106.660896}
2025/10/14 15:18:27 POLARIS_LOG {"event":"send_rate","rate":504000,"ts":1760455107.6618633}
2025/10/14 15:18:28 POLARIS_LOG {"event":"send_rate","rate":496000,"ts":1760455108.662024}
2025/10/14 15:18:29 POLARIS_LOG {"event":"send_rate","rate":504000,"ts":1760455109.6614287}
2025/10/14 15:18:30 POLARIS_LOG {"event":"send_rate","rate":496000,"ts":1760455110.6677978}
2025/10/14 15:18:31 POLARIS_LOG {"event":"send_rate","rate":504000,"ts":1760455111.6613145}
2025/10/14 15:18:32 POLARIS_LOG {"event":"send_rate","rate":496000,"ts":1760455112.661899}
2025/10/14 15:18:33 POLARIS_LOG {"event":"send_rate","rate":504000,"ts":1760455113.6614084}
2025/10/14 15:18:34 POLARIS_LOG {"event":"send_rate","rate":496000,"ts":1760455114.6610816}
2025/10/14 15:18:35 POLARIS_LOG {"event":"send_rate","rate":504000,"ts":1760455115.6631963}
2025/10/14 15:18:36 POLARIS_LOG {"event":"send_rate","rate":496000,"ts":1760455116.661337}
2025/10/14 15:18:37 POLARIS_LOG {"event":"send_rate","rate":504000,"ts":1760455117.661275}
2025/10/14 15:18:38 POLARIS_LOG {"event":"send_rate","rate":496000,"ts":1760455118.6615312}
2025/10/14 15:18:39 POLARIS_LOG {"event":"send_rate","rate":504000,"ts":1760455119.6652489}
2025/10/14 15:18:40 POLARIS_LOG {"event":"send_rate","rate":496000,"ts":1760455120.6619532}
2025/10/14 15:18:41 POLARIS_LOG {"event":"send_rate","rate":504000,"ts":1760455121.6635633}
2025/10/14 15:18:42 POLARIS_LOG {"event":"send_rate","rate":496000,"ts":1760455122.663247}
2025/10/14 15:18:43 POLARIS_LOG {"event":"send_rate","rate":504000,"ts":1760455123.661119}
2025/10/14 15:18:44 POLARIS_LOG {"event":"send_rate","rate":496000,"ts":1760455124.6621714}
2025/10/14 15:18:45 POLARIS_LOG {"event":"send_rate","rate":504000,"ts":1760455125.6612344}
2025/10/14 15:18:46 POLARIS_LOG {"event":"send_rate","rate":496000,"ts":1760455126.6622176}
2025/10/14 15:18:47 POLARIS_LOG {"event":"send_rate","rate":504000,"ts":1760455127.660903}
2025/10/14 15:18:48 POLARIS_LOG {"event":"send_rate","rate":496000,"ts":1760455128.66449}
2025/10/14 15:18:49 POLARIS_LOG {"event":"send_rate","rate":504000,"ts":1760455129.6640437}
2025/10/14 15:18:50 POLARIS_LOG {"event":"send_rate","rate":496000,"ts":1760455130.6619396}
2025/10/14 15:18:51 POLARIS_LOG {"event":"send_rate","rate":504000,"ts":1760455131.6623375}
2025/10/14 15:18:52 POLARIS_LOG {"event":"send_rate","rate":496000,"ts":1760455132.6614459}
2025/10/14 15:18:53 POLARIS_LOG {"event":"send_rate","rate":504000,"ts":1760455133.6631024}
2025/10/14 15:18:54 POLARIS_LOG {"event":"send_rate","rate":496000,"ts":1760455134.6622322}
2025/10/14 15:18:55 POLARIS_LOG {"event":"send_rate","rate":512000,"ts":1760455135.6765122}
2025/10/14 15:18:56 POLARIS_LOG {"event":"send_rate","rate":488000,"ts":1760455136.660703}
2025/10/14 15:18:57 POLARIS_LOG {"event":"send_rate","rate":504000,"ts":1760455137.6607366}
2025/10/14 15:18:58 POLARIS_LOG {"event":"send_rate","rate":496000,"ts":1760455138.660977}
2025/10/14 15:18:59 POLARIS_LOG {"event":"send_rate","rate":504000,"ts":1760455139.672897}
2025/10/14 15:19:00 POLARIS_LOG {"event":"send_rate","rate":496000,"ts":1760455140.6622562}
2025/10/14 15:19:01 POLARIS_LOG {"event":"send_rate","rate":504000,"ts":1760455141.6632888}
2025/10/14 15:19:02 POLARIS_LOG {"event":"send_rate","rate":496000,"ts":1760455142.661997}
2025/10/14 15:19:03 POLARIS_LOG {"event":"send_rate","rate":504000,"ts":1760455143.6638005}
2025/10/14 15:19:04 POLARIS_LOG {"event":"send_rate","rate":496000,"ts":1760455144.661348}
2025/10/14 15:19:05 POLARIS_LOG {"event":"send_rate","rate":504000,"ts":1760455145.6616685}
2025/10/14 15:19:06 POLARIS_LOG {"event":"send_rate","rate":496000,"ts":1760455146.6618824}
2025/10/14 15:19:07 POLARIS_LOG {"event":"send_rate","rate":504000,"ts":1760455147.6629531}
2025/10/14 15:19:08 POLARIS_LOG {"event":"send_rate","rate":496000,"ts":1760455148.661207}
2025/10/14 15:19:09 POLARIS_LOG {"event":"send_rate","rate":504000,"ts":1760455149.6614103}
2025/10/14 15:19:10 POLARIS_LOG {"event":"send_rate","rate":496000,"ts":1760455150.661904}
2025/10/14 15:19:11 POLARIS_LOG {"event":"send_rate","rate":504000,"ts":1760455151.6618633}
2025/10/14 15:19:12 POLARIS_LOG {"event":"send_rate","rate":496000,"ts":1760455152.6774926}
2025/10/14 15:19:13 POLARIS_LOG {"event":"send_rate","rate":504000,"ts":1760455153.661543}
2025/10/14 15:19:14 POLARIS_LOG {"event":"send_rate","rate":504000,"ts":1760455154.6753936}
2025/10/14 15:19:15 POLARIS_LOG {"event":"send_rate","rate":496000,"ts":1760455155.662762}
2025/10/14 15:19:16 POLARIS_LOG {"event":"send_rate","rate":496000,"ts":1760455156.6610565}
2025/10/14 15:19:17 POLARIS_LOG {"event":"send_rate","rate":504000,"ts":1760455157.6613102}
2025/10/14 15:19:18 POLARIS_LOG {"event":"send_rate","rate":496000,"ts":1760455158.6790125}
2025/10/14 15:19:19 POLARIS_LOG {"event":"send_rate","rate":504000,"ts":1760455159.6616302}
2025/10/14 15:19:20 POLARIS_LOG {"event":"send_rate","rate":496000,"ts":1760455160.6610768}
2025/10/14 15:19:21 POLARIS_LOG {"event":"send_rate","rate":504000,"ts":1760455161.6760345}
2025/10/14 15:19:22 POLARIS_LOG {"event":"send_rate","rate":496000,"ts":1760455162.6655169}
2025/10/14 15:19:23 POLARIS_LOG {"event":"send_rate","rate":504000,"ts":1760455163.6609058}
2025/10/14 15:19:24 POLARIS_LOG {"event":"send_rate","rate":504000,"ts":1760455164.675668}
2025/10/14 15:19:25 POLARIS_LOG {"event":"send_rate","rate":496000,"ts":1760455165.6622255}
2025/10/14 15:19:26 POLARIS_LOG {"event":"send_rate","rate":504000,"ts":1760455166.6791165}
2025/10/14 15:19:27 POLARIS_LOG {"event":"send_rate","rate":496000,"ts":1760455167.67355}
2025/10/14 15:19:28 POLARIS_LOG {"event":"send_rate","rate":496000,"ts":1760455168.6624863}
2025/10/14 15:19:29 POLARIS_LOG {"event":"send_rate","rate":504000,"ts":1760455169.67535}
2025/10/14 15:19:30 POLARIS_LOG {"event":"send_rate","rate":496000,"ts":1760455170.6674604}
2025/10/14 15:19:31 POLARIS_LOG {"event":"send_rate","rate":496000,"ts":1760455171.6847851}
2025/10/14 15:19:32 POLARIS_LOG {"event":"send_rate","rate":504000,"ts":1760455172.673218}
2025/10/14 15:19:33 POLARIS_LOG {"event":"send_rate","rate":504000,"ts":1760455173.6606786}
2025/10/14 15:19:34 POLARIS_LOG {"event":"send_rate","rate":496000,"ts":1760455174.6612055}
2025/10/14 15:19:35 POLARIS_LOG {"event":"send_rate","rate":504000,"ts":1760455175.6622968}
2025/10/14 15:19:36 POLARIS_LOG {"event":"send_rate","rate":496000,"ts":1760455176.6642325}
2025/10/14 15:19:37 POLARIS_LOG {"event":"send_rate","rate":504000,"ts":1760455177.6614487}
2025/10/14 15:19:38 POLARIS_LOG {"event":"send_rate","rate":496000,"ts":1760455178.6617894}
2025/10/14 15:19:39 POLARIS_LOG {"event":"send_rate","rate":496000,"ts":1760455179.6640172}
2025/10/14 15:19:40 POLARIS_LOG {"event":"send_rate","rate":504000,"ts":1760455180.662644}
2025/10/14 15:19:41 POLARIS_LOG {"event":"send_rate","rate":504000,"ts":1760455181.6628773}
2025/10/14 15:19:42 POLARIS_LOG {"event":"send_rate","rate":496000,"ts":1760455182.6609933}
2025/10/14 15:19:43 POLARIS_LOG {"event":"send_rate","rate":504000,"ts":1760455183.6623657}
2025/10/14 15:19:44 POLARIS_LOG {"event":"send_rate","rate":456000,"ts":1760455184.6872294}
2025/10/14 15:19:45 POLARIS_LOG {"event":"send_rate","rate":544000,"ts":1760455185.6609466}
2025/10/14 15:19:46 POLARIS_LOG {"event":"send_rate","rate":496000,"ts":1760455186.660861}
2025/10/14 15:19:47 POLARIS_LOG {"event":"send_rate","rate":504000,"ts":1760455187.6616488}
2025/10/14 15:19:48 POLARIS_LOG {"event":"send_rate","rate":496000,"ts":1760455188.661484}
2025/10/14 15:19:49 POLARIS_LOG {"event":"send_rate","rate":512000,"ts":1760455189.6794355}
2025/10/14 15:19:50 POLARIS_LOG {"event":"send_rate","rate":488000,"ts":1760455190.6621075}
2025/10/14 15:19:51 POLARIS_LOG {"event":"send_rate","rate":504000,"ts":1760455191.662543}
2025/10/14 15:19:52 POLARIS_LOG {"event":"send_rate","rate":496000,"ts":1760455192.66556}
2025/10/14 15:19:53 POLARIS_LOG {"event":"send_rate","rate":504000,"ts":1760455193.6611638}
2025/10/14 15:19:54 POLARIS_LOG {"event":"send_rate","rate":496000,"ts":1760455194.6637914}
2025/10/14 15:19:55 POLARIS_LOG {"event":"send_rate","rate":504000,"ts":1760455195.6614501}
2025/10/14 15:19:56 POLARIS_LOG {"event":"send_rate","rate":496000,"ts":1760455196.6618536}
2025/10/14 15:19:57 POLARIS_LOG {"event":"send_rate","rate":504000,"ts":1760455197.6615796}
2025/10/14 15:19:58 POLARIS_LOG {"event":"send_rate","rate":496000,"ts":1760455198.6617653}
2025/10/14 15:19:59 POLARIS_LOG {"event":"send_rate","rate":504000,"ts":1760455199.6613321}
2025/10/14 15:20:00 POLARIS_LOG {"event":"send_rate","rate":504000,"ts":1760455200.6791608}
2025/10/14 15:20:01 POLARIS_LOG {"event":"send_rate","rate":496000,"ts":1760455201.662597}
2025/10/14 15:20:02 POLARIS_LOG {"event":"send_rate","rate":496000,"ts":1760455202.661345}
2025/10/14 15:20:03 POLARIS_LOG {"event":"send_rate","rate":504000,"ts":1760455203.6654007}
2025/10/14 15:20:04 POLARIS_LOG {"event":"send_rate","rate":496000,"ts":1760455204.6617773}
2025/10/14 15:20:05 POLARIS_LOG {"event":"send_rate","rate":504000,"ts":1760455205.664586}
2025/10/14 15:20:06 POLARIS_LOG {"event":"send_rate","rate":496000,"ts":1760455206.6636782}
2025/10/14 15:20:07 POLARIS_LOG {"event":"send_rate","rate":496000,"ts":1760455207.661055}
2025/10/14 15:20:08 POLARIS_LOG {"event":"send_rate","rate":504000,"ts":1760455208.6620698}
2025/10/14 15:20:09 POLARIS_LOG {"event":"send_rate","rate":496000,"ts":1760455209.6621714}
2025/10/14 15:20:10 POLARIS_LOG {"event":"send_rate","rate":504000,"ts":1760455210.6615992}
2025/10/14 15:20:11 POLARIS_LOG {"event":"send_rate","rate":496000,"ts":1760455211.6607404}
2025/10/14 15:20:12 POLARIS_LOG {"event":"send_rate","rate":496000,"ts":1760455212.683222}
2025/10/14 15:20:13 POLARIS_LOG {"event":"send_rate","rate":504000,"ts":1760455213.6607034}
2025/10/14 15:20:14 POLARIS_LOG {"event":"send_rate","rate":504000,"ts":1760455214.6614244}
2025/10/14 15:20:15 POLARIS_LOG {"event":"send_rate","rate":504000,"ts":1760455215.6639864}
2025/10/14 15:20:16 POLARIS_LOG {"event":"send_rate","rate":496000,"ts":1760455216.668389}
2025/10/14 15:20:17 POLARIS_LOG {"event":"send_rate","rate":496000,"ts":1760455217.6610024}
2025/10/14 15:20:18 POLARIS_LOG {"event":"send_rate","rate":504000,"ts":1760455218.6633534}
2025/10/14 15:20:19 POLARIS_LOG {"event":"send_rate","rate":504000,"ts":1760455219.6633737}
2025/10/14 15:20:20 POLARIS_LOG {"event":"send_rate","rate":496000,"ts":1760455220.662744}
2025/10/14 15:20:21 POLARIS_LOG {"event":"send_rate","rate":496000,"ts":1760455221.662278}
2025/10/14 15:20:22 POLARIS_LOG {"event":"send_rate","rate":504000,"ts":1760455222.6667209}
2025/10/14 15:20:23 POLARIS_LOG {"event":"send_rate","rate":496000,"ts":1760455223.6642504}
2025/10/14 15:20:24 POLARIS_LOG {"event":"send_rate","rate":504000,"ts":1760455224.661156}
2025/10/14 15:20:25 POLARIS_LOG {"event":"send_rate","rate":496000,"ts":1760455225.661843}
2025/10/14 15:20:26 POLARIS_LOG {"event":"send_rate","rate":504000,"ts":1760455226.661861}
2025/10/14 15:20:27 POLARIS_LOG {"event":"send_rate","rate":496000,"ts":1760455227.6612613}
2025/10/14 15:20:28 POLARIS_LOG {"event":"send_rate","rate":504000,"ts":1760455228.6617413}
2025/10/14 15:20:29 POLARIS_LOG {"event":"send_rate","rate":512000,"ts":1760455229.6821709}
2025/10/14 15:20:30 POLARIS_LOG {"event":"send_rate","rate":488000,"ts":1760455230.665685}
2025/10/14 15:20:31 POLARIS_LOG {"event":"send_rate","rate":496000,"ts":1760455231.6648223}
2025/10/14 15:20:32 POLARIS_LOG {"event":"send_rate","rate":504000,"ts":1760455232.669611}
2025/10/14 15:20:33 POLARIS_LOG {"event":"send_rate","rate":496000,"ts":1760455233.6613858}
2025/10/14 15:20:34 POLARIS_LOG {"event":"send_rate","rate":504000,"ts":1760455234.6620908}
2025/10/14 15:20:35 POLARIS_LOG {"event":"send_rate","rate":504000,"ts":1760455235.6666732}
2025/10/14 15:20:36 POLARIS_LOG {"event":"send_rate","rate":496000,"ts":1760455236.661555}
2025/10/14 15:20:37 POLARIS_LOG {"event":"send_rate","rate":504000,"ts":1760455237.6924913}
2025/10/14 15:20:38 POLARIS_LOG {"event":"send_rate","rate":496000,"ts":1760455238.662016}
2025/10/14 15:20:39 POLARIS_LOG {"event":"send_rate","rate":496000,"ts":1760455239.6611857}
2025/10/14 15:20:40 POLARIS_LOG {"event":"send_rate","rate":504000,"ts":1760455240.6611276}
2025/10/14 15:20:41 POLARIS_LOG {"event":"send_rate","rate":496000,"ts":1760455241.6608436}
2025/10/14 15:20:42 POLARIS_LOG {"event":"send_rate","rate":504000,"ts":1760455242.6691568}
2025/10/14 15:20:43 POLARIS_LOG {"event":"send_rate","rate":496000,"ts":1760455243.661746}
2025/10/14 15:20:44 POLARIS_LOG {"event":"send_rate","rate":504000,"ts":1760455244.6619372}
2025/10/14 15:20:45 POLARIS_LOG {"event":"send_rate","rate":496000,"ts":1760455245.6637182}
2025/10/14 15:20:46 POLARIS_LOG {"event":"send_rate","rate":504000,"ts":1760455246.661927}
2025/10/14 15:20:47 POLARIS_LOG {"event":"send_rate","rate":496000,"ts":1760455247.661486}
2025/10/14 15:20:48 POLARIS_LOG {"event":"send_rate","rate":504000,"ts":1760455248.6607203}
2025/10/14 15:20:49 POLARIS_LOG {"event":"send_rate","rate":496000,"ts":1760455249.6616075}
2025/10/14 15:20:50 POLARIS_LOG {"event":"send_rate","rate":504000,"ts":1760455250.6631062}
2025/10/14 15:20:51 POLARIS_LOG {"event":"send_rate","rate":496000,"ts":1760455251.6622713}
2025/10/14 15:20:52 POLARIS_LOG {"event":"send_rate","rate":504000,"ts":1760455252.6615403}
2025/10/14 15:20:53 POLARIS_LOG {"event":"send_rate","rate":496000,"ts":1760455253.6623561}
2025/10/14 15:20:54 POLARIS_LOG {"event":"send_rate","rate":504000,"ts":1760455254.662326}
2025/10/14 15:20:55 POLARIS_LOG {"event":"send_rate","rate":496000,"ts":1760455255.6624136}
2025/10/14 15:20:56 POLARIS_LOG {"event":"send_rate","rate":504000,"ts":1760455256.6609557}
2025/10/14 15:20:57 POLARIS_LOG {"event":"send_rate","rate":504000,"ts":1760455257.677058}
2025/10/14 15:20:58 POLARIS_LOG {"event":"send_rate","rate":496000,"ts":1760455258.6608696}
2025/10/14 15:20:59 POLARIS_LOG {"event":"send_rate","rate":496000,"ts":1760455259.662702}
2025/10/14 15:21:00 POLARIS_LOG {"event":"send_rate","rate":504000,"ts":1760455260.6656024}
2025/10/14 15:21:01 POLARIS_LOG {"event":"send_rate","rate":496000,"ts":1760455261.675671}
2025/10/14 15:21:02 POLARIS_LOG {"event":"send_rate","rate":504000,"ts":1760455262.6717389}
2025/10/14 15:21:03 POLARIS_LOG {"event":"send_rate","rate":496000,"ts":1760455263.6847117}
2025/10/14 15:21:04 POLARIS_LOG {"event":"send_rate","rate":504000,"ts":1760455264.661486}
2025/10/14 15:21:05 POLARIS_LOG {"event":"send_rate","rate":496000,"ts":1760455265.6618485}
2025/10/14 15:21:06 POLARIS_LOG {"event":"send_rate","rate":504000,"ts":1760455266.6610718}
2025/10/14 15:21:07 POLARIS_LOG {"event":"send_rate","rate":496000,"ts":1760455267.6613142}
2025/10/14 15:21:08 POLARIS_LOG {"event":"send_rate","rate":496000,"ts":1760455268.6606784}
2025/10/14 15:21:09 POLARIS_LOG {"event":"send_rate","rate":512000,"ts":1760455269.6760423}
2025/10/14 15:21:10 POLARIS_LOG {"event":"send_rate","rate":496000,"ts":1760455270.6709461}
We need to sleep for 1 seconds before we can get the results
2025/10/14 15:21:11 POLARIS_LOG {"event":"send_rate","rate":336000,"ts":1760455271.6613593}
Drain Loop received packet
Drain Loop received non-nil payload
Client sent 16125 packets, server reported 16109 packets received
The network loss rate from client to server is 0.1%

S->C results
Attempted bandwidth: 0 bps / 0.00 Mbps
Achieved bandwidth: 0 bps / 0.00 Mbps
Loss rate: 0.0%
Interarrival time min/avg/max/mdev = -0.000/0.000/0.000/0.000 ms

C->S results
Attempted bandwidth: 500000 bps / 0.50 Mbps
Achieved bandwidth: 499503 bps / 0.50 Mbps
Loss rate: 0.1%
Interarrival time min/avg/max/mdev = 0.002/15.968/274.536/16.080 ms
