
Test parameters:
client->server: 286 seconds, 1000 bytes, 17875 packets
server->client: 286 seconds, 1000 bytes, 0 packets
2025/10/14 15:16:24 POLARIS_LOG {"current_rate":0,"event":"path_switch","new":"2 2 5 2","trigger":"initialization","ts":1760454984.5961263}
Polaris prober initialized with 38 paths
Polaris prober initialized with local 1-111,10.111.0.71:32758 and remote 1-113,10.113.0.71
2025/10/14 15:16:25 POLARIS_LOG {"event":"send_rate","rate":504000,"ts":1760454985.5974097}
2025/10/14 15:16:26 POLARIS_LOG {"event":"send_rate","rate":496000,"ts":1760454986.597206}
2025/10/14 15:16:27 POLARIS_LOG {"event":"send_rate","rate":504000,"ts":1760454987.5974672}
2025/10/14 15:16:28 POLARIS_LOG {"event":"send_rate","rate":496000,"ts":1760454988.597242}
2025/10/14 15:16:29 POLARIS_LOG {"event":"send_rate","rate":504000,"ts":1760454989.5977492}
2025/10/14 15:16:30 POLARIS_LOG {"event":"send_rate","rate":496000,"ts":1760454990.5977159}
2025/10/14 15:16:31 POLARIS_LOG {"event":"send_rate","rate":504000,"ts":1760454991.597141}
2025/10/14 15:16:32 POLARIS_LOG {"event":"send_rate","rate":496000,"ts":1760454992.59721}
2025/10/14 15:16:33 POLARIS_LOG {"event":"send_rate","rate":504000,"ts":1760454993.5976894}
2025/10/14 15:16:34 POLARIS_LOG {"event":"send_rate","rate":496000,"ts":1760454994.5968502}
2025/10/14 15:16:35 POLARIS_LOG {"event":"send_rate","rate":504000,"ts":1760454995.5972476}
2025/10/14 15:16:36 POLARIS_LOG {"event":"send_rate","rate":496000,"ts":1760454996.5970585}
2025/10/14 15:16:37 POLARIS_LOG {"event":"send_rate","rate":504000,"ts":1760454997.5976887}
2025/10/14 15:16:38 POLARIS_LOG {"event":"send_rate","rate":496000,"ts":1760454998.598232}
2025/10/14 15:16:39 POLARIS_LOG {"event":"send_rate","rate":504000,"ts":1760454999.5975523}
2025/10/14 15:16:40 POLARIS_LOG {"event":"send_rate","rate":496000,"ts":1760455000.5970228}
2025/10/14 15:16:41 POLARIS_LOG {"event":"send_rate","rate":504000,"ts":1760455001.5969272}
2025/10/14 15:16:42 POLARIS_LOG {"event":"send_rate","rate":496000,"ts":1760455002.598089}
2025/10/14 15:16:43 POLARIS_LOG {"event":"send_rate","rate":504000,"ts":1760455003.5974166}
2025/10/14 15:16:44 POLARIS_LOG {"event":"send_rate","rate":496000,"ts":1760455004.5972078}
2025/10/14 15:16:45 POLARIS_LOG {"event":"send_rate","rate":504000,"ts":1760455005.597769}
2025/10/14 15:16:46 POLARIS_LOG {"event":"send_rate","rate":496000,"ts":1760455006.5967877}
2025/10/14 15:16:47 POLARIS_LOG {"event":"send_rate","rate":504000,"ts":1760455007.5974638}
2025/10/14 15:16:48 POLARIS_LOG {"event":"send_rate","rate":480000,"ts":1760455008.5976794}
2025/10/14 15:16:49 POLARIS_LOG {"event":"send_rate","rate":280000,"ts":1760455009.597574}
2025/10/14 15:16:50 POLARIS_LOG {"event":"send_rate","rate":376000,"ts":1760455010.5969543}
2025/10/14 15:16:51 POLARIS_LOG {"event":"send_rate","rate":272000,"ts":1760455011.5971463}
2025/10/14 15:16:52 POLARIS_LOG {"event":"send_rate","rate":304000,"ts":1760455012.5979874}
2025/10/14 15:16:53 POLARIS_LOG {"event":"send_rate","rate":480000,"ts":1760455013.5982492}
2025/10/14 15:16:54 POLARIS_LOG {"candidates":13,"candidates_unfiltered":13,"current_rate":480000,"estimated_share":1000000,"event":"path_switch","max_estimated_share":1000000,"new":"4 4 3 5","old":"2 2 5 2","trigger":"scheduled","ts":1760455014.5976434}
2025/10/14 15:16:54 POLARIS_LOG {"event":"send_rate","rate":320000,"ts":1760455014.5977259}
2025/10/14 15:16:55 POLARIS_LOG {"event":"send_rate","rate":1480000,"ts":1760455015.5972164}
2025/10/14 15:16:56 POLARIS_LOG {"event":"send_rate","rate":504000,"ts":1760455016.5975714}
2025/10/14 15:16:57 POLARIS_LOG {"event":"send_rate","rate":504000,"ts":1760455017.5993226}
2025/10/14 15:16:58 POLARIS_LOG {"event":"send_rate","rate":496000,"ts":1760455018.5976186}
2025/10/14 15:16:59 POLARIS_LOG {"event":"send_rate","rate":504000,"ts":1760455019.5974982}
2025/10/14 15:17:00 POLARIS_LOG {"event":"send_rate","rate":504000,"ts":1760455020.6069462}
2025/10/14 15:17:01 POLARIS_LOG {"event":"send_rate","rate":488000,"ts":1760455021.5972364}
2025/10/14 15:17:02 POLARIS_LOG {"event":"send_rate","rate":504000,"ts":1760455022.6015658}
2025/10/14 15:17:03 POLARIS_LOG {"event":"send_rate","rate":504000,"ts":1760455023.597661}
2025/10/14 15:17:04 POLARIS_LOG {"event":"send_rate","rate":496000,"ts":1760455024.5992148}
2025/10/14 15:17:05 POLARIS_LOG {"event":"send_rate","rate":496000,"ts":1760455025.5971448}
2025/10/14 15:17:06 POLARIS_LOG {"event":"send_rate","rate":504000,"ts":1760455026.5986202}
2025/10/14 15:17:07 POLARIS_LOG {"event":"send_rate","rate":504000,"ts":1760455027.610205}
2025/10/14 15:17:08 POLARIS_LOG {"event":"send_rate","rate":496000,"ts":1760455028.5969658}
2025/10/14 15:17:09 POLARIS_LOG {"event":"send_rate","rate":504000,"ts":1760455029.5992396}
2025/10/14 15:17:10 POLARIS_LOG {"event":"send_rate","rate":496000,"ts":1760455030.597636}
2025/10/14 15:17:11 POLARIS_LOG {"event":"send_rate","rate":496000,"ts":1760455031.5997274}
2025/10/14 15:17:12 POLARIS_LOG {"event":"send_rate","rate":504000,"ts":1760455032.5980675}
2025/10/14 15:17:13 POLARIS_LOG {"event":"send_rate","rate":496000,"ts":1760455033.5971758}
2025/10/14 15:17:14 POLARIS_LOG {"event":"send_rate","rate":504000,"ts":1760455034.5969875}
2025/10/14 15:17:15 POLARIS_LOG {"event":"send_rate","rate":496000,"ts":1760455035.597177}
2025/10/14 15:17:16 POLARIS_LOG {"event":"send_rate","rate":504000,"ts":1760455036.5983577}
2025/10/14 15:17:17 POLARIS_LOG {"event":"send_rate","rate":496000,"ts":1760455037.5971093}
2025/10/14 15:17:18 POLARIS_LOG {"event":"send_rate","rate":504000,"ts":1760455038.597324}
2025/10/14 15:17:19 POLARIS_LOG {"event":"send_rate","rate":504000,"ts":1760455039.599288}
2025/10/14 15:17:20 POLARIS_LOG {"event":"send_rate","rate":496000,"ts":1760455040.5976226}
2025/10/14 15:17:21 POLARIS_LOG {"event":"send_rate","rate":496000,"ts":1760455041.5969775}
2025/10/14 15:17:22 POLARIS_LOG {"event":"send_rate","rate":496000,"ts":1760455042.6002636}
2025/10/14 15:17:23 POLARIS_LOG {"event":"send_rate","rate":512000,"ts":1760455043.5986085}
2025/10/14 15:17:24 POLARIS_LOG {"event":"send_rate","rate":496000,"ts":1760455044.5977232}
2025/10/14 15:17:25 POLARIS_LOG {"event":"send_rate","rate":496000,"ts":1760455045.5982916}
2025/10/14 15:17:26 POLARIS_LOG {"event":"send_rate","rate":504000,"ts":1760455046.5975506}
2025/10/14 15:17:27 POLARIS_LOG {"event":"send_rate","rate":496000,"ts":1760455047.5968287}
2025/10/14 15:17:28 POLARIS_LOG {"event":"send_rate","rate":504000,"ts":1760455048.5999665}
2025/10/14 15:17:29 POLARIS_LOG {"event":"send_rate","rate":496000,"ts":1760455049.5968995}
2025/10/14 15:17:30 POLARIS_LOG {"event":"send_rate","rate":504000,"ts":1760455050.5968094}
2025/10/14 15:17:31 POLARIS_LOG {"event":"send_rate","rate":496000,"ts":1760455051.5972548}
2025/10/14 15:17:32 POLARIS_LOG {"event":"send_rate","rate":504000,"ts":1760455052.597445}
2025/10/14 15:17:33 POLARIS_LOG {"event":"send_rate","rate":496000,"ts":1760455053.5972226}
2025/10/14 15:17:34 POLARIS_LOG {"event":"send_rate","rate":504000,"ts":1760455054.5985205}
2025/10/14 15:17:35 POLARIS_LOG {"event":"send_rate","rate":496000,"ts":1760455055.5980997}
2025/10/14 15:17:36 POLARIS_LOG {"event":"send_rate","rate":504000,"ts":1760455056.597999}
2025/10/14 15:17:37 POLARIS_LOG {"event":"send_rate","rate":496000,"ts":1760455057.5985317}
2025/10/14 15:17:38 POLARIS_LOG {"event":"send_rate","rate":504000,"ts":1760455058.5975902}
2025/10/14 15:17:39 POLARIS_LOG {"event":"send_rate","rate":496000,"ts":1760455059.5985923}
2025/10/14 15:17:40 POLARIS_LOG {"event":"send_rate","rate":496000,"ts":1760455060.6000156}
2025/10/14 15:17:41 POLARIS_LOG {"event":"send_rate","rate":504000,"ts":1760455061.6175947}
2025/10/14 15:17:42 POLARIS_LOG {"event":"send_rate","rate":504000,"ts":1760455062.5986078}
2025/10/14 15:17:43 POLARIS_LOG {"event":"send_rate","rate":496000,"ts":1760455063.5975451}
2025/10/14 15:17:44 POLARIS_LOG {"event":"send_rate","rate":504000,"ts":1760455064.597527}
2025/10/14 15:17:45 POLARIS_LOG {"event":"send_rate","rate":496000,"ts":1760455065.597137}
2025/10/14 15:17:46 POLARIS_LOG {"event":"send_rate","rate":504000,"ts":1760455066.5975828}
2025/10/14 15:17:47 POLARIS_LOG {"event":"send_rate","rate":496000,"ts":1760455067.5976672}
2025/10/14 15:17:48 POLARIS_LOG {"event":"send_rate","rate":504000,"ts":1760455068.597511}
2025/10/14 15:17:49 POLARIS_LOG {"event":"send_rate","rate":496000,"ts":1760455069.5987163}
2025/10/14 15:17:50 POLARIS_LOG {"event":"send_rate","rate":504000,"ts":1760455070.5973444}
2025/10/14 15:17:51 POLARIS_LOG {"event":"send_rate","rate":496000,"ts":1760455071.597468}
2025/10/14 15:17:52 POLARIS_LOG {"event":"send_rate","rate":504000,"ts":1760455072.5976002}
2025/10/14 15:17:53 POLARIS_LOG {"event":"send_rate","rate":496000,"ts":1760455073.5981054}
2025/10/14 15:17:54 POLARIS_LOG {"event":"send_rate","rate":504000,"ts":1760455074.5972779}
2025/10/14 15:17:55 POLARIS_LOG {"event":"send_rate","rate":496000,"ts":1760455075.598172}
2025/10/14 15:17:56 POLARIS_LOG {"event":"send_rate","rate":512000,"ts":1760455076.6091995}
2025/10/14 15:17:57 POLARIS_LOG {"event":"send_rate","rate":488000,"ts":1760455077.5968177}
2025/10/14 15:17:58 POLARIS_LOG {"event":"send_rate","rate":504000,"ts":1760455078.5973904}
2025/10/14 15:17:59 POLARIS_LOG {"event":"send_rate","rate":496000,"ts":1760455079.6048763}
2025/10/14 15:18:00 POLARIS_LOG {"event":"send_rate","rate":496000,"ts":1760455080.60758}
2025/10/14 15:18:01 POLARIS_LOG {"event":"send_rate","rate":496000,"ts":1760455081.5973513}
2025/10/14 15:18:02 POLARIS_LOG {"event":"send_rate","rate":504000,"ts":1760455082.5981822}
2025/10/14 15:18:03 POLARIS_LOG {"event":"send_rate","rate":496000,"ts":1760455083.6019542}
2025/10/14 15:18:04 POLARIS_LOG {"event":"send_rate","rate":504000,"ts":1760455084.5973923}
2025/10/14 15:18:05 POLARIS_LOG {"event":"send_rate","rate":496000,"ts":1760455085.5976043}
2025/10/14 15:18:06 POLARIS_LOG {"event":"send_rate","rate":504000,"ts":1760455086.5986702}
2025/10/14 15:18:07 POLARIS_LOG {"event":"send_rate","rate":496000,"ts":1760455087.598042}
2025/10/14 15:18:08 POLARIS_LOG {"event":"send_rate","rate":504000,"ts":1760455088.5990818}
2025/10/14 15:18:09 POLARIS_LOG {"event":"send_rate","rate":496000,"ts":1760455089.598299}
2025/10/14 15:18:10 POLARIS_LOG {"event":"send_rate","rate":504000,"ts":1760455090.5993896}
2025/10/14 15:18:11 POLARIS_LOG {"event":"send_rate","rate":496000,"ts":1760455091.5968366}
2025/10/14 15:18:12 POLARIS_LOG {"event":"send_rate","rate":504000,"ts":1760455092.597944}
2025/10/14 15:18:13 POLARIS_LOG {"event":"send_rate","rate":496000,"ts":1760455093.597352}
2025/10/14 15:18:14 POLARIS_LOG {"event":"send_rate","rate":504000,"ts":1760455094.5982683}
2025/10/14 15:18:15 POLARIS_LOG {"event":"send_rate","rate":496000,"ts":1760455095.5981925}
2025/10/14 15:18:16 POLARIS_LOG {"event":"send_rate","rate":504000,"ts":1760455096.5976546}
2025/10/14 15:18:17 POLARIS_LOG {"event":"send_rate","rate":496000,"ts":1760455097.5999422}
2025/10/14 15:18:18 POLARIS_LOG {"event":"send_rate","rate":504000,"ts":1760455098.5982141}
2025/10/14 15:18:19 POLARIS_LOG {"event":"send_rate","rate":496000,"ts":1760455099.5992188}
2025/10/14 15:18:20 POLARIS_LOG {"event":"send_rate","rate":504000,"ts":1760455100.5978706}
2025/10/14 15:18:21 POLARIS_LOG {"event":"send_rate","rate":496000,"ts":1760455101.597116}
2025/10/14 15:18:22 POLARIS_LOG {"event":"send_rate","rate":504000,"ts":1760455102.6004584}
2025/10/14 15:18:23 POLARIS_LOG {"event":"send_rate","rate":496000,"ts":1760455103.6007996}
2025/10/14 15:18:24 POLARIS_LOG {"event":"send_rate","rate":504000,"ts":1760455104.596966}
2025/10/14 15:18:25 POLARIS_LOG {"event":"send_rate","rate":496000,"ts":1760455105.5973365}
2025/10/14 15:18:26 POLARIS_LOG {"event":"send_rate","rate":504000,"ts":1760455106.59693}
2025/10/14 15:18:27 POLARIS_LOG {"event":"send_rate","rate":496000,"ts":1760455107.5969052}
2025/10/14 15:18:28 POLARIS_LOG {"event":"send_rate","rate":504000,"ts":1760455108.5968475}
2025/10/14 15:18:29 POLARIS_LOG {"event":"send_rate","rate":496000,"ts":1760455109.601431}
2025/10/14 15:18:30 POLARIS_LOG {"event":"send_rate","rate":504000,"ts":1760455110.5977764}
2025/10/14 15:18:31 POLARIS_LOG {"event":"send_rate","rate":496000,"ts":1760455111.5970383}
2025/10/14 15:18:32 POLARIS_LOG {"event":"send_rate","rate":504000,"ts":1760455112.5974684}
2025/10/14 15:18:33 POLARIS_LOG {"event":"send_rate","rate":496000,"ts":1760455113.597641}
2025/10/14 15:18:34 POLARIS_LOG {"event":"send_rate","rate":504000,"ts":1760455114.5977352}
2025/10/14 15:18:35 POLARIS_LOG {"event":"send_rate","rate":496000,"ts":1760455115.5980763}
2025/10/14 15:18:36 POLARIS_LOG {"event":"send_rate","rate":504000,"ts":1760455116.601879}
2025/10/14 15:18:37 POLARIS_LOG {"event":"send_rate","rate":496000,"ts":1760455117.599564}
2025/10/14 15:18:38 POLARIS_LOG {"event":"send_rate","rate":496000,"ts":1760455118.5997398}
2025/10/14 15:18:39 POLARIS_LOG {"event":"send_rate","rate":504000,"ts":1760455119.59754}
2025/10/14 15:18:40 POLARIS_LOG {"event":"send_rate","rate":504000,"ts":1760455120.6046412}
2025/10/14 15:18:41 POLARIS_LOG {"event":"send_rate","rate":504000,"ts":1760455121.6048334}
2025/10/14 15:18:42 POLARIS_LOG {"event":"send_rate","rate":496000,"ts":1760455122.5994751}
2025/10/14 15:18:43 POLARIS_LOG {"event":"send_rate","rate":496000,"ts":1760455123.5977464}
2025/10/14 15:18:44 POLARIS_LOG {"event":"send_rate","rate":504000,"ts":1760455124.597079}
2025/10/14 15:18:45 POLARIS_LOG {"event":"send_rate","rate":496000,"ts":1760455125.5978231}
2025/10/14 15:18:46 POLARIS_LOG {"event":"send_rate","rate":496000,"ts":1760455126.6049688}
2025/10/14 15:18:47 POLARIS_LOG {"event":"send_rate","rate":512000,"ts":1760455127.6106942}
2025/10/14 15:18:48 POLARIS_LOG {"event":"send_rate","rate":496000,"ts":1760455128.596922}
2025/10/14 15:18:49 POLARIS_LOG {"event":"send_rate","rate":496000,"ts":1760455129.5970898}
2025/10/14 15:18:50 POLARIS_LOG {"event":"send_rate","rate":504000,"ts":1760455130.5974247}
2025/10/14 15:18:51 POLARIS_LOG {"event":"send_rate","rate":496000,"ts":1760455131.5986161}
2025/10/14 15:18:52 POLARIS_LOG {"event":"send_rate","rate":504000,"ts":1760455132.5969741}
2025/10/14 15:18:53 POLARIS_LOG {"event":"send_rate","rate":496000,"ts":1760455133.5979815}
2025/10/14 15:18:54 POLARIS_LOG {"event":"send_rate","rate":504000,"ts":1760455134.5976255}
2025/10/14 15:18:55 POLARIS_LOG {"event":"send_rate","rate":496000,"ts":1760455135.59848}
2025/10/14 15:18:56 POLARIS_LOG {"event":"send_rate","rate":496000,"ts":1760455136.6021233}
2025/10/14 15:18:57 POLARIS_LOG {"event":"send_rate","rate":504000,"ts":1760455137.5988984}
2025/10/14 15:18:58 POLARIS_LOG {"event":"send_rate","rate":504000,"ts":1760455138.610053}
2025/10/14 15:18:59 POLARIS_LOG {"event":"send_rate","rate":496000,"ts":1760455139.6005213}
2025/10/14 15:19:00 POLARIS_LOG {"event":"send_rate","rate":504000,"ts":1760455140.5994647}
2025/10/14 15:19:01 POLARIS_LOG {"event":"send_rate","rate":496000,"ts":1760455141.5978105}
2025/10/14 15:19:02 POLARIS_LOG {"event":"send_rate","rate":504000,"ts":1760455142.5997279}
2025/10/14 15:19:03 POLARIS_LOG {"event":"send_rate","rate":496000,"ts":1760455143.5982118}
2025/10/14 15:19:04 POLARIS_LOG {"event":"send_rate","rate":504000,"ts":1760455144.5978532}
2025/10/14 15:19:05 POLARIS_LOG {"event":"send_rate","rate":496000,"ts":1760455145.6006765}
2025/10/14 15:19:06 POLARIS_LOG {"event":"send_rate","rate":504000,"ts":1760455146.6028445}
2025/10/14 15:19:07 POLARIS_LOG {"event":"send_rate","rate":496000,"ts":1760455147.5993454}
2025/10/14 15:19:08 POLARIS_LOG {"event":"send_rate","rate":504000,"ts":1760455148.5968676}
2025/10/14 15:19:09 POLARIS_LOG {"event":"send_rate","rate":496000,"ts":1760455149.597147}
2025/10/14 15:19:10 POLARIS_LOG {"event":"send_rate","rate":504000,"ts":1760455150.5976343}
2025/10/14 15:19:11 POLARIS_LOG {"event":"send_rate","rate":496000,"ts":1760455151.5976846}
2025/10/14 15:19:12 POLARIS_LOG {"event":"send_rate","rate":496000,"ts":1760455152.5974505}
2025/10/14 15:19:13 POLARIS_LOG {"event":"send_rate","rate":504000,"ts":1760455153.59716}
2025/10/14 15:19:14 POLARIS_LOG {"event":"send_rate","rate":504000,"ts":1760455154.5972867}
2025/10/14 15:19:15 POLARIS_LOG {"event":"send_rate","rate":496000,"ts":1760455155.598336}
2025/10/14 15:19:16 POLARIS_LOG {"event":"send_rate","rate":496000,"ts":1760455156.5994468}
2025/10/14 15:19:17 POLARIS_LOG {"event":"send_rate","rate":504000,"ts":1760455157.597006}
2025/10/14 15:19:18 POLARIS_LOG {"event":"send_rate","rate":504000,"ts":1760455158.5999377}
2025/10/14 15:19:19 POLARIS_LOG {"event":"send_rate","rate":496000,"ts":1760455159.596891}
2025/10/14 15:19:20 POLARIS_LOG {"event":"send_rate","rate":496000,"ts":1760455160.5972295}
2025/10/14 15:19:21 POLARIS_LOG {"event":"send_rate","rate":504000,"ts":1760455161.5976405}
2025/10/14 15:19:22 POLARIS_LOG {"event":"send_rate","rate":496000,"ts":1760455162.5972683}
2025/10/14 15:19:23 POLARIS_LOG {"event":"send_rate","rate":504000,"ts":1760455163.5976162}
2025/10/14 15:19:24 POLARIS_LOG {"event":"send_rate","rate":496000,"ts":1760455164.5968733}
2025/10/14 15:19:25 POLARIS_LOG {"event":"send_rate","rate":504000,"ts":1760455165.6050575}
2025/10/14 15:19:26 POLARIS_LOG {"event":"send_rate","rate":504000,"ts":1760455166.5985959}
2025/10/14 15:19:27 POLARIS_LOG {"event":"send_rate","rate":496000,"ts":1760455167.5968997}
2025/10/14 15:19:28 POLARIS_LOG {"event":"send_rate","rate":496000,"ts":1760455168.6013997}
2025/10/14 15:19:29 POLARIS_LOG {"event":"send_rate","rate":504000,"ts":1760455169.5975566}
2025/10/14 15:19:30 POLARIS_LOG {"event":"send_rate","rate":496000,"ts":1760455170.6029172}
2025/10/14 15:19:31 POLARIS_LOG {"event":"send_rate","rate":496000,"ts":1760455171.6045382}
2025/10/14 15:19:32 POLARIS_LOG {"event":"send_rate","rate":504000,"ts":1760455172.5968397}
2025/10/14 15:19:33 POLARIS_LOG {"event":"send_rate","rate":504000,"ts":1760455173.5974336}
2025/10/14 15:19:34 POLARIS_LOG {"event":"send_rate","rate":496000,"ts":1760455174.599363}
2025/10/14 15:19:35 POLARIS_LOG {"event":"send_rate","rate":504000,"ts":1760455175.5972333}
2025/10/14 15:19:36 POLARIS_LOG {"event":"send_rate","rate":496000,"ts":1760455176.5983334}
2025/10/14 15:19:37 POLARIS_LOG {"event":"send_rate","rate":504000,"ts":1760455177.602561}
2025/10/14 15:19:38 POLARIS_LOG {"event":"send_rate","rate":504000,"ts":1760455178.6004837}
2025/10/14 15:19:39 POLARIS_LOG {"event":"send_rate","rate":496000,"ts":1760455179.5977898}
2025/10/14 15:19:40 POLARIS_LOG {"event":"send_rate","rate":496000,"ts":1760455180.5975947}
2025/10/14 15:19:41 POLARIS_LOG {"event":"send_rate","rate":496000,"ts":1760455181.5979846}
2025/10/14 15:19:42 POLARIS_LOG {"event":"send_rate","rate":512000,"ts":1760455182.5995889}
2025/10/14 15:19:43 POLARIS_LOG {"event":"send_rate","rate":496000,"ts":1760455183.5967863}
2025/10/14 15:19:44 POLARIS_LOG {"event":"send_rate","rate":496000,"ts":1760455184.5975797}
2025/10/14 15:19:45 POLARIS_LOG {"event":"send_rate","rate":504000,"ts":1760455185.599954}
2025/10/14 15:19:46 POLARIS_LOG {"event":"send_rate","rate":496000,"ts":1760455186.5973601}
2025/10/14 15:19:47 POLARIS_LOG {"event":"send_rate","rate":504000,"ts":1760455187.5993366}
2025/10/14 15:19:48 POLARIS_LOG {"event":"send_rate","rate":496000,"ts":1760455188.5982547}
2025/10/14 15:19:49 POLARIS_LOG {"event":"send_rate","rate":504000,"ts":1760455189.5973947}
2025/10/14 15:19:50 POLARIS_LOG {"event":"send_rate","rate":504000,"ts":1760455190.6002028}
2025/10/14 15:19:51 POLARIS_LOG {"event":"send_rate","rate":496000,"ts":1760455191.5976107}
2025/10/14 15:19:52 POLARIS_LOG {"event":"send_rate","rate":496000,"ts":1760455192.597797}
2025/10/14 15:19:53 POLARIS_LOG {"event":"send_rate","rate":504000,"ts":1760455193.5971406}
2025/10/14 15:19:54 POLARIS_LOG {"event":"send_rate","rate":496000,"ts":1760455194.597868}
2025/10/14 15:19:55 POLARIS_LOG {"event":"send_rate","rate":504000,"ts":1760455195.5970635}
2025/10/14 15:19:56 POLARIS_LOG {"event":"send_rate","rate":496000,"ts":1760455196.599462}
2025/10/14 15:19:57 POLARIS_LOG {"event":"send_rate","rate":504000,"ts":1760455197.5974028}
2025/10/14 15:19:58 POLARIS_LOG {"event":"send_rate","rate":496000,"ts":1760455198.5978785}
2025/10/14 15:19:59 POLARIS_LOG {"event":"send_rate","rate":504000,"ts":1760455199.5973752}
2025/10/14 15:20:00 POLARIS_LOG {"event":"send_rate","rate":496000,"ts":1760455200.597238}
2025/10/14 15:20:01 POLARIS_LOG {"event":"send_rate","rate":504000,"ts":1760455201.5972824}
2025/10/14 15:20:02 POLARIS_LOG {"event":"send_rate","rate":496000,"ts":1760455202.5984895}
2025/10/14 15:20:03 POLARIS_LOG {"event":"send_rate","rate":504000,"ts":1760455203.5972085}
2025/10/14 15:20:04 POLARIS_LOG {"event":"send_rate","rate":496000,"ts":1760455204.597594}
2025/10/14 15:20:05 POLARIS_LOG {"event":"send_rate","rate":504000,"ts":1760455205.5971868}
2025/10/14 15:20:06 POLARIS_LOG {"event":"send_rate","rate":496000,"ts":1760455206.5971978}
2025/10/14 15:20:07 POLARIS_LOG {"event":"send_rate","rate":504000,"ts":1760455207.5974345}
2025/10/14 15:20:08 POLARIS_LOG {"event":"send_rate","rate":496000,"ts":1760455208.5968559}
2025/10/14 15:20:09 POLARIS_LOG {"event":"send_rate","rate":504000,"ts":1760455209.5977702}
2025/10/14 15:20:10 POLARIS_LOG {"event":"send_rate","rate":496000,"ts":1760455210.5973797}
2025/10/14 15:20:11 POLARIS_LOG {"event":"send_rate","rate":504000,"ts":1760455211.5972588}
2025/10/14 15:20:12 POLARIS_LOG {"event":"send_rate","rate":496000,"ts":1760455212.5971227}
2025/10/14 15:20:13 POLARIS_LOG {"event":"send_rate","rate":504000,"ts":1760455213.599217}
2025/10/14 15:20:14 POLARIS_LOG {"event":"send_rate","rate":496000,"ts":1760455214.59733}
2025/10/14 15:20:15 POLARIS_LOG {"event":"send_rate","rate":504000,"ts":1760455215.5972643}
2025/10/14 15:20:16 POLARIS_LOG {"event":"send_rate","rate":496000,"ts":1760455216.598426}
2025/10/14 15:20:17 POLARIS_LOG {"event":"send_rate","rate":504000,"ts":1760455217.5970192}
2025/10/14 15:20:18 POLARIS_LOG {"event":"send_rate","rate":496000,"ts":1760455218.5979862}
2025/10/14 15:20:19 POLARIS_LOG {"event":"send_rate","rate":504000,"ts":1760455219.5975015}
2025/10/14 15:20:20 POLARIS_LOG {"event":"send_rate","rate":496000,"ts":1760455220.598385}
2025/10/14 15:20:21 POLARIS_LOG {"event":"send_rate","rate":504000,"ts":1760455221.6032157}
2025/10/14 15:20:22 POLARIS_LOG {"event":"send_rate","rate":472000,"ts":1760455222.6706872}
2025/10/14 15:20:23 POLARIS_LOG {"event":"send_rate","rate":528000,"ts":1760455223.5972102}
2025/10/14 15:20:24 POLARIS_LOG {"event":"send_rate","rate":496000,"ts":1760455224.597024}
2025/10/14 15:20:25 POLARIS_LOG {"event":"send_rate","rate":504000,"ts":1760455225.6006467}
2025/10/14 15:20:26 POLARIS_LOG {"event":"send_rate","rate":496000,"ts":1760455226.5969698}
2025/10/14 15:20:27 POLARIS_LOG {"event":"send_rate","rate":488000,"ts":1760455227.5991387}
2025/10/14 15:20:28 POLARIS_LOG {"event":"send_rate","rate":512000,"ts":1760455228.5982883}
2025/10/14 15:20:29 POLARIS_LOG {"event":"send_rate","rate":504000,"ts":1760455229.5983455}
2025/10/14 15:20:30 POLARIS_LOG {"event":"send_rate","rate":496000,"ts":1760455230.5971267}
2025/10/14 15:20:31 POLARIS_LOG {"event":"send_rate","rate":504000,"ts":1760455231.597871}
2025/10/14 15:20:32 POLARIS_LOG {"event":"send_rate","rate":496000,"ts":1760455232.597454}
2025/10/14 15:20:33 POLARIS_LOG {"event":"send_rate","rate":504000,"ts":1760455233.5979512}
2025/10/14 15:20:34 POLARIS_LOG {"event":"send_rate","rate":496000,"ts":1760455234.5974925}
2025/10/14 15:20:35 POLARIS_LOG {"event":"send_rate","rate":504000,"ts":1760455235.597607}
2025/10/14 15:20:36 POLARIS_LOG {"event":"send_rate","rate":496000,"ts":1760455236.5976264}
2025/10/14 15:20:37 POLARIS_LOG {"event":"send_rate","rate":496000,"ts":1760455237.5983567}
2025/10/14 15:20:38 POLARIS_LOG {"event":"send_rate","rate":504000,"ts":1760455238.5986676}
2025/10/14 15:20:39 POLARIS_LOG {"event":"send_rate","rate":504000,"ts":1760455239.5987413}
2025/10/14 15:20:40 POLARIS_LOG {"event":"send_rate","rate":496000,"ts":1760455240.5978484}
2025/10/14 15:20:41 POLARIS_LOG {"event":"send_rate","rate":504000,"ts":1760455241.5973575}
2025/10/14 15:20:42 POLARIS_LOG {"event":"send_rate","rate":496000,"ts":1760455242.5976996}
2025/10/14 15:20:43 POLARIS_LOG {"event":"send_rate","rate":504000,"ts":1760455243.5983543}
2025/10/14 15:20:44 POLARIS_LOG {"event":"send_rate","rate":496000,"ts":1760455244.5973053}
2025/10/14 15:20:45 POLARIS_LOG {"event":"send_rate","rate":504000,"ts":1760455245.59979}
2025/10/14 15:20:46 POLARIS_LOG {"event":"send_rate","rate":496000,"ts":1760455246.5980308}
2025/10/14 15:20:47 POLARIS_LOG {"event":"send_rate","rate":504000,"ts":1760455247.5968335}
2025/10/14 15:20:48 POLARIS_LOG {"event":"send_rate","rate":496000,"ts":1760455248.597664}
2025/10/14 15:20:49 POLARIS_LOG {"event":"send_rate","rate":496000,"ts":1760455249.5988486}
2025/10/14 15:20:50 POLARIS_LOG {"event":"send_rate","rate":504000,"ts":1760455250.598258}
2025/10/14 15:20:51 POLARIS_LOG {"event":"send_rate","rate":504000,"ts":1760455251.5971472}
2025/10/14 15:20:52 POLARIS_LOG {"event":"send_rate","rate":496000,"ts":1760455252.611384}
2025/10/14 15:20:53 POLARIS_LOG {"event":"send_rate","rate":504000,"ts":1760455253.5973985}
2025/10/14 15:20:54 POLARIS_LOG {"event":"send_rate","rate":496000,"ts":1760455254.5986624}
2025/10/14 15:20:55 POLARIS_LOG {"event":"send_rate","rate":504000,"ts":1760455255.5984569}
2025/10/14 15:20:56 POLARIS_LOG {"event":"send_rate","rate":496000,"ts":1760455256.5999851}
2025/10/14 15:20:57 POLARIS_LOG {"event":"send_rate","rate":504000,"ts":1760455257.6012354}
2025/10/14 15:20:58 POLARIS_LOG {"event":"send_rate","rate":496000,"ts":1760455258.5972168}
2025/10/14 15:20:59 POLARIS_LOG {"event":"send_rate","rate":504000,"ts":1760455259.6010828}
2025/10/14 15:21:00 POLARIS_LOG {"event":"send_rate","rate":504000,"ts":1760455260.6116247}
2025/10/14 15:21:01 POLARIS_LOG {"event":"send_rate","rate":496000,"ts":1760455261.5970886}
2025/10/14 15:21:02 POLARIS_LOG {"event":"send_rate","rate":512000,"ts":1760455262.629933}
2025/10/14 15:21:03 POLARIS_LOG {"event":"send_rate","rate":488000,"ts":1760455263.59791}
2025/10/14 15:21:04 POLARIS_LOG {"event":"send_rate","rate":504000,"ts":1760455264.6033285}
Skipping switch: current path 4 4 3 5 has lastEstimate 500000 >= maxEstimate 0
2025/10/14 15:21:05 POLARIS_LOG {"event":"send_rate","rate":496000,"ts":1760455265.6018934}
2025/10/14 15:21:06 POLARIS_LOG {"event":"send_rate","rate":496000,"ts":1760455266.5982413}
2025/10/14 15:21:07 POLARIS_LOG {"event":"send_rate","rate":496000,"ts":1760455267.60788}
2025/10/14 15:21:08 POLARIS_LOG {"event":"send_rate","rate":504000,"ts":1760455268.5979776}
2025/10/14 15:21:09 POLARIS_LOG {"event":"send_rate","rate":504000,"ts":1760455269.5985763}
2025/10/14 15:21:10 POLARIS_LOG {"event":"send_rate","rate":496000,"ts":1760455270.5982773}
We need to sleep for 1 seconds before we can get the results
Drain Loop received packet
Drain Loop received non-nil payload
2025/10/14 15:21:11 POLARIS_LOG {"event":"send_rate","rate":8000,"ts":1760455271.5976741}
Client sent 17875 packets, server reported 17865 packets received
The network loss rate from client to server is 0.1%

S->C results
Attempted bandwidth: 0 bps / 0.00 Mbps
Achieved bandwidth: 0 bps / 0.00 Mbps
Loss rate: 0.0%
Interarrival time min/avg/max/mdev = -0.000/0.000/0.000/0.000 ms

C->S results
Attempted bandwidth: 500000 bps / 0.50 Mbps
Achieved bandwidth: 499720 bps / 0.50 Mbps
Loss rate: 0.1%
Interarrival time min/avg/max/mdev = 0.001/16.013/335.038/17.861 ms
