
Test parameters:
client->server: 265 seconds, 1000 bytes, 16562 packets
server->client: 265 seconds, 1000 bytes, 0 packets
2025/10/14 15:16:45 POLARIS_LOG {"current_rate":0,"event":"path_switch","new":"2 2 5 2","trigger":"initialization","ts":1760455005.5632842}
Polaris prober initialized with 38 paths
Polaris prober initialized with local 1-111,10.111.0.71:32749 and remote 1-113,10.113.0.71
2025/10/14 15:16:46 POLARIS_LOG {"event":"send_rate","rate":0,"ts":1760455006.5654008}
2025/10/14 15:16:47 POLARIS_LOG {"event":"send_rate","rate":48000,"ts":1760455007.5646853}
2025/10/14 15:16:48 POLARIS_LOG {"event":"send_rate","rate":504000,"ts":1760455008.565435}
2025/10/14 15:16:49 POLARIS_LOG {"event":"send_rate","rate":496000,"ts":1760455009.5646837}
2025/10/14 15:16:50 POLARIS_LOG {"event":"send_rate","rate":504000,"ts":1760455010.5660455}
2025/10/14 15:16:51 POLARIS_LOG {"event":"send_rate","rate":496000,"ts":1760455011.565099}
2025/10/14 15:16:52 POLARIS_LOG {"event":"send_rate","rate":504000,"ts":1760455012.5663006}
2025/10/14 15:16:53 POLARIS_LOG {"event":"send_rate","rate":496000,"ts":1760455013.5649452}
2025/10/14 15:16:54 POLARIS_LOG {"event":"send_rate","rate":504000,"ts":1760455014.5672128}
2025/10/14 15:16:55 POLARIS_LOG {"event":"send_rate","rate":496000,"ts":1760455015.5652153}
2025/10/14 15:16:56 POLARIS_LOG {"event":"send_rate","rate":504000,"ts":1760455016.5653782}
2025/10/14 15:16:57 POLARIS_LOG {"event":"send_rate","rate":496000,"ts":1760455017.565923}
2025/10/14 15:16:58 POLARIS_LOG {"event":"send_rate","rate":496000,"ts":1760455018.5729835}
2025/10/14 15:16:59 POLARIS_LOG {"event":"send_rate","rate":504000,"ts":1760455019.5665874}
2025/10/14 15:17:00 POLARIS_LOG {"event":"send_rate","rate":504000,"ts":1760455020.5655935}
2025/10/14 15:17:01 POLARIS_LOG {"event":"send_rate","rate":496000,"ts":1760455021.5656183}
2025/10/14 15:17:02 POLARIS_LOG {"event":"send_rate","rate":504000,"ts":1760455022.5662813}
2025/10/14 15:17:03 POLARIS_LOG {"event":"send_rate","rate":496000,"ts":1760455023.5658257}
2025/10/14 15:17:04 POLARIS_LOG {"event":"send_rate","rate":504000,"ts":1760455024.5672965}
2025/10/14 15:17:05 POLARIS_LOG {"event":"send_rate","rate":496000,"ts":1760455025.565124}
2025/10/14 15:17:06 POLARIS_LOG {"event":"send_rate","rate":496000,"ts":1760455026.5658197}
2025/10/14 15:17:07 POLARIS_LOG {"event":"send_rate","rate":504000,"ts":1760455027.5654588}
2025/10/14 15:17:08 POLARIS_LOG {"event":"send_rate","rate":504000,"ts":1760455028.56577}
2025/10/14 15:17:09 POLARIS_LOG {"event":"send_rate","rate":496000,"ts":1760455029.5667446}
2025/10/14 15:17:10 POLARIS_LOG {"event":"send_rate","rate":496000,"ts":1760455030.56553}
2025/10/14 15:17:11 POLARIS_LOG {"event":"send_rate","rate":504000,"ts":1760455031.5675619}
2025/10/14 15:17:12 POLARIS_LOG {"event":"send_rate","rate":504000,"ts":1760455032.5653708}
2025/10/14 15:17:13 POLARIS_LOG {"event":"send_rate","rate":496000,"ts":1760455033.566021}
2025/10/14 15:17:14 POLARIS_LOG {"event":"send_rate","rate":504000,"ts":1760455034.565509}
2025/10/14 15:17:15 POLARIS_LOG {"event":"send_rate","rate":352000,"ts":1760455035.5654242}
2025/10/14 15:17:15 POLARIS_LOG {"candidates":7,"candidates_unfiltered":7,"current_rate":352000,"estimated_share":1000000,"event":"path_switch","max_estimated_share":1000000,"new":"1 1 6 6 3 5","old":"2 2 5 2","trigger":"scheduled","ts":1760455035.5662785}
2025/10/14 15:17:16 POLARIS_LOG {"event":"send_rate","rate":648000,"ts":1760455036.564812}
2025/10/14 15:17:17 POLARIS_LOG {"event":"send_rate","rate":496000,"ts":1760455037.5659354}
2025/10/14 15:17:18 POLARIS_LOG {"event":"send_rate","rate":504000,"ts":1760455038.5654025}
2025/10/14 15:17:19 POLARIS_LOG {"event":"send_rate","rate":496000,"ts":1760455039.569705}
2025/10/14 15:17:20 POLARIS_LOG {"event":"send_rate","rate":504000,"ts":1760455040.565422}
2025/10/14 15:17:21 POLARIS_LOG {"event":"send_rate","rate":512000,"ts":1760455041.5937803}
2025/10/14 15:17:22 POLARIS_LOG {"event":"send_rate","rate":488000,"ts":1760455042.5650241}
2025/10/14 15:17:23 POLARIS_LOG {"event":"send_rate","rate":496000,"ts":1760455043.5652723}
2025/10/14 15:17:24 POLARIS_LOG {"event":"send_rate","rate":504000,"ts":1760455044.5648208}
2025/10/14 15:17:25 POLARIS_LOG {"event":"send_rate","rate":496000,"ts":1760455045.5715299}
2025/10/14 15:17:26 POLARIS_LOG {"event":"send_rate","rate":496000,"ts":1760455046.5670936}
2025/10/14 15:17:27 POLARIS_LOG {"event":"send_rate","rate":504000,"ts":1760455047.5662541}
2025/10/14 15:17:28 POLARIS_LOG {"event":"send_rate","rate":496000,"ts":1760455048.5653841}
2025/10/14 15:17:29 POLARIS_LOG {"event":"send_rate","rate":504000,"ts":1760455049.5653188}
2025/10/14 15:17:30 POLARIS_LOG {"event":"send_rate","rate":496000,"ts":1760455050.5673022}
2025/10/14 15:17:31 POLARIS_LOG {"event":"send_rate","rate":504000,"ts":1760455051.5657399}
2025/10/14 15:17:32 POLARIS_LOG {"event":"send_rate","rate":496000,"ts":1760455052.56541}
2025/10/14 15:17:33 POLARIS_LOG {"event":"send_rate","rate":504000,"ts":1760455053.56495}
2025/10/14 15:17:34 POLARIS_LOG {"event":"send_rate","rate":504000,"ts":1760455054.5664644}
2025/10/14 15:17:35 POLARIS_LOG {"event":"send_rate","rate":496000,"ts":1760455055.5662158}
2025/10/14 15:17:36 POLARIS_LOG {"event":"send_rate","rate":504000,"ts":1760455056.565744}
2025/10/14 15:17:37 POLARIS_LOG {"event":"send_rate","rate":496000,"ts":1760455057.5681615}
2025/10/14 15:17:38 POLARIS_LOG {"event":"send_rate","rate":504000,"ts":1760455058.5671875}
2025/10/14 15:17:39 POLARIS_LOG {"event":"send_rate","rate":496000,"ts":1760455059.5655174}
2025/10/14 15:17:40 POLARIS_LOG {"event":"send_rate","rate":496000,"ts":1760455060.5650668}
2025/10/14 15:17:41 POLARIS_LOG {"event":"send_rate","rate":504000,"ts":1760455061.5649354}
2025/10/14 15:17:42 POLARIS_LOG {"event":"send_rate","rate":496000,"ts":1760455062.5653896}
2025/10/14 15:17:43 POLARIS_LOG {"event":"send_rate","rate":504000,"ts":1760455063.5656633}
2025/10/14 15:17:44 POLARIS_LOG {"event":"send_rate","rate":496000,"ts":1760455064.5652745}
2025/10/14 15:17:45 POLARIS_LOG {"event":"send_rate","rate":504000,"ts":1760455065.5661218}
2025/10/14 15:17:46 POLARIS_LOG {"event":"send_rate","rate":496000,"ts":1760455066.5655653}
2025/10/14 15:17:47 POLARIS_LOG {"event":"send_rate","rate":504000,"ts":1760455067.5664482}
2025/10/14 15:17:48 POLARIS_LOG {"event":"send_rate","rate":504000,"ts":1760455068.5762634}
2025/10/14 15:17:49 POLARIS_LOG {"event":"send_rate","rate":496000,"ts":1760455069.5651593}
2025/10/14 15:17:50 POLARIS_LOG {"event":"send_rate","rate":496000,"ts":1760455070.5656831}
2025/10/14 15:17:51 POLARIS_LOG {"event":"send_rate","rate":504000,"ts":1760455071.5661094}
2025/10/14 15:17:52 POLARIS_LOG {"event":"send_rate","rate":496000,"ts":1760455072.565563}
2025/10/14 15:17:53 POLARIS_LOG {"event":"send_rate","rate":504000,"ts":1760455073.565537}
2025/10/14 15:17:54 POLARIS_LOG {"event":"send_rate","rate":496000,"ts":1760455074.5673018}
2025/10/14 15:17:55 POLARIS_LOG {"event":"send_rate","rate":504000,"ts":1760455075.5647936}
2025/10/14 15:17:56 POLARIS_LOG {"event":"send_rate","rate":496000,"ts":1760455076.5651164}
2025/10/14 15:17:57 POLARIS_LOG {"event":"send_rate","rate":504000,"ts":1760455077.564876}
2025/10/14 15:17:58 POLARIS_LOG {"event":"send_rate","rate":496000,"ts":1760455078.5655248}
2025/10/14 15:17:59 POLARIS_LOG {"event":"send_rate","rate":504000,"ts":1760455079.567338}
2025/10/14 15:18:00 POLARIS_LOG {"event":"send_rate","rate":504000,"ts":1760455080.574131}
2025/10/14 15:18:01 POLARIS_LOG {"event":"send_rate","rate":496000,"ts":1760455081.5674565}
2025/10/14 15:18:02 POLARIS_LOG {"event":"send_rate","rate":496000,"ts":1760455082.5659013}
2025/10/14 15:18:03 POLARIS_LOG {"event":"send_rate","rate":504000,"ts":1760455083.5656786}
2025/10/14 15:18:04 POLARIS_LOG {"event":"send_rate","rate":504000,"ts":1760455084.5684288}
2025/10/14 15:18:05 POLARIS_LOG {"event":"send_rate","rate":496000,"ts":1760455085.5653548}
2025/10/14 15:18:06 POLARIS_LOG {"event":"send_rate","rate":496000,"ts":1760455086.5652993}
2025/10/14 15:18:07 POLARIS_LOG {"event":"send_rate","rate":504000,"ts":1760455087.564608}
2025/10/14 15:18:08 POLARIS_LOG {"event":"send_rate","rate":504000,"ts":1760455088.570501}
2025/10/14 15:18:09 POLARIS_LOG {"event":"send_rate","rate":496000,"ts":1760455089.567525}
2025/10/14 15:18:10 POLARIS_LOG {"event":"send_rate","rate":496000,"ts":1760455090.5650105}
2025/10/14 15:18:11 POLARIS_LOG {"event":"send_rate","rate":512000,"ts":1760455091.5801613}
2025/10/14 15:18:12 POLARIS_LOG {"event":"send_rate","rate":488000,"ts":1760455092.5650303}
2025/10/14 15:18:13 POLARIS_LOG {"event":"send_rate","rate":504000,"ts":1760455093.5673442}
2025/10/14 15:18:14 POLARIS_LOG {"event":"send_rate","rate":496000,"ts":1760455094.5650666}
2025/10/14 15:18:15 POLARIS_LOG {"event":"send_rate","rate":504000,"ts":1760455095.5646074}
2025/10/14 15:18:16 POLARIS_LOG {"event":"send_rate","rate":496000,"ts":1760455096.564706}
2025/10/14 15:18:17 POLARIS_LOG {"event":"send_rate","rate":504000,"ts":1760455097.565418}
2025/10/14 15:18:18 POLARIS_LOG {"event":"send_rate","rate":496000,"ts":1760455098.5651066}
2025/10/14 15:18:19 POLARIS_LOG {"event":"send_rate","rate":504000,"ts":1760455099.5652506}
2025/10/14 15:18:20 POLARIS_LOG {"event":"send_rate","rate":496000,"ts":1760455100.5655234}
2025/10/14 15:18:21 POLARIS_LOG {"event":"send_rate","rate":504000,"ts":1760455101.5655591}
2025/10/14 15:18:22 POLARIS_LOG {"event":"send_rate","rate":496000,"ts":1760455102.5648975}
2025/10/14 15:18:23 POLARIS_LOG {"event":"send_rate","rate":504000,"ts":1760455103.5716593}
2025/10/14 15:18:24 POLARIS_LOG {"event":"send_rate","rate":496000,"ts":1760455104.566335}
2025/10/14 15:18:25 POLARIS_LOG {"event":"send_rate","rate":504000,"ts":1760455105.5652218}
2025/10/14 15:18:26 POLARIS_LOG {"event":"send_rate","rate":496000,"ts":1760455106.5653145}
2025/10/14 15:18:27 POLARIS_LOG {"event":"send_rate","rate":504000,"ts":1760455107.565225}
2025/10/14 15:18:28 POLARIS_LOG {"event":"send_rate","rate":496000,"ts":1760455108.5660398}
2025/10/14 15:18:29 POLARIS_LOG {"event":"send_rate","rate":504000,"ts":1760455109.5652251}
2025/10/14 15:18:30 POLARIS_LOG {"event":"send_rate","rate":496000,"ts":1760455110.5646622}
2025/10/14 15:18:31 POLARIS_LOG {"event":"send_rate","rate":512000,"ts":1760455111.5783007}
2025/10/14 15:18:32 POLARIS_LOG {"event":"send_rate","rate":488000,"ts":1760455112.565615}
2025/10/14 15:18:33 POLARIS_LOG {"event":"send_rate","rate":504000,"ts":1760455113.5707886}
2025/10/14 15:18:34 POLARIS_LOG {"event":"send_rate","rate":504000,"ts":1760455114.573839}
2025/10/14 15:18:35 POLARIS_LOG {"event":"send_rate","rate":496000,"ts":1760455115.5655437}
2025/10/14 15:18:36 POLARIS_LOG {"event":"send_rate","rate":496000,"ts":1760455116.5648654}
2025/10/14 15:18:37 POLARIS_LOG {"event":"send_rate","rate":504000,"ts":1760455117.5660405}
2025/10/14 15:18:38 POLARIS_LOG {"event":"send_rate","rate":496000,"ts":1760455118.5653756}
2025/10/14 15:18:39 POLARIS_LOG {"event":"send_rate","rate":504000,"ts":1760455119.564683}
2025/10/14 15:18:40 POLARIS_LOG {"event":"send_rate","rate":496000,"ts":1760455120.5648425}
2025/10/14 15:18:41 POLARIS_LOG {"event":"send_rate","rate":504000,"ts":1760455121.5680256}
2025/10/14 15:18:42 POLARIS_LOG {"event":"send_rate","rate":496000,"ts":1760455122.5658355}
2025/10/14 15:18:43 POLARIS_LOG {"event":"send_rate","rate":504000,"ts":1760455123.5651543}
2025/10/14 15:18:44 POLARIS_LOG {"event":"send_rate","rate":496000,"ts":1760455124.5658634}
2025/10/14 15:18:45 POLARIS_LOG {"event":"send_rate","rate":504000,"ts":1760455125.565158}
2025/10/14 15:18:46 POLARIS_LOG {"event":"send_rate","rate":504000,"ts":1760455126.5719452}
2025/10/14 15:18:47 POLARIS_LOG {"event":"send_rate","rate":496000,"ts":1760455127.565746}
2025/10/14 15:18:48 POLARIS_LOG {"event":"send_rate","rate":504000,"ts":1760455128.5783818}
2025/10/14 15:18:49 POLARIS_LOG {"event":"send_rate","rate":496000,"ts":1760455129.565899}
2025/10/14 15:18:50 POLARIS_LOG {"event":"send_rate","rate":496000,"ts":1760455130.5646553}
2025/10/14 15:18:51 POLARIS_LOG {"event":"send_rate","rate":504000,"ts":1760455131.5662868}
2025/10/14 15:18:52 POLARIS_LOG {"event":"send_rate","rate":496000,"ts":1760455132.5654535}
2025/10/14 15:18:53 POLARIS_LOG {"event":"send_rate","rate":504000,"ts":1760455133.5653398}
2025/10/14 15:18:54 POLARIS_LOG {"event":"send_rate","rate":496000,"ts":1760455134.5686686}
2025/10/14 15:18:55 POLARIS_LOG {"event":"send_rate","rate":496000,"ts":1760455135.5647297}
2025/10/14 15:18:56 POLARIS_LOG {"event":"send_rate","rate":512000,"ts":1760455136.5758767}
2025/10/14 15:18:57 POLARIS_LOG {"event":"send_rate","rate":488000,"ts":1760455137.5652092}
2025/10/14 15:18:58 POLARIS_LOG {"event":"send_rate","rate":504000,"ts":1760455138.5696456}
2025/10/14 15:18:59 POLARIS_LOG {"event":"send_rate","rate":504000,"ts":1760455139.5657449}
2025/10/14 15:19:00 POLARIS_LOG {"event":"send_rate","rate":496000,"ts":1760455140.5661137}
2025/10/14 15:19:01 POLARIS_LOG {"event":"send_rate","rate":504000,"ts":1760455141.5658822}
2025/10/14 15:19:02 POLARIS_LOG {"event":"send_rate","rate":496000,"ts":1760455142.5662446}
2025/10/14 15:19:03 POLARIS_LOG {"event":"send_rate","rate":504000,"ts":1760455143.5662708}
2025/10/14 15:19:04 POLARIS_LOG {"event":"send_rate","rate":496000,"ts":1760455144.5647376}
2025/10/14 15:19:05 POLARIS_LOG {"event":"send_rate","rate":496000,"ts":1760455145.5650196}
2025/10/14 15:19:06 POLARIS_LOG {"event":"send_rate","rate":504000,"ts":1760455146.5651152}
2025/10/14 15:19:07 POLARIS_LOG {"event":"send_rate","rate":504000,"ts":1760455147.565546}
2025/10/14 15:19:08 POLARIS_LOG {"event":"send_rate","rate":496000,"ts":1760455148.5655384}
2025/10/14 15:19:09 POLARIS_LOG {"event":"send_rate","rate":496000,"ts":1760455149.5656757}
2025/10/14 15:19:10 POLARIS_LOG {"event":"send_rate","rate":504000,"ts":1760455150.565384}
2025/10/14 15:19:11 POLARIS_LOG {"event":"send_rate","rate":496000,"ts":1760455151.5650356}
2025/10/14 15:19:12 POLARIS_LOG {"event":"send_rate","rate":504000,"ts":1760455152.5659184}
2025/10/14 15:19:13 POLARIS_LOG {"event":"send_rate","rate":496000,"ts":1760455153.5660212}
2025/10/14 15:19:14 POLARIS_LOG {"event":"send_rate","rate":504000,"ts":1760455154.5717669}
2025/10/14 15:19:15 POLARIS_LOG {"event":"send_rate","rate":496000,"ts":1760455155.5656233}
2025/10/14 15:19:16 POLARIS_LOG {"event":"send_rate","rate":504000,"ts":1760455156.566392}
2025/10/14 15:19:17 POLARIS_LOG {"event":"send_rate","rate":496000,"ts":1760455157.5656345}
2025/10/14 15:19:18 POLARIS_LOG {"event":"send_rate","rate":504000,"ts":1760455158.5646758}
2025/10/14 15:19:19 POLARIS_LOG {"event":"send_rate","rate":496000,"ts":1760455159.5661418}
2025/10/14 15:19:20 POLARIS_LOG {"event":"send_rate","rate":504000,"ts":1760455160.5647738}
2025/10/14 15:19:21 POLARIS_LOG {"event":"send_rate","rate":496000,"ts":1760455161.5658877}
2025/10/14 15:19:22 POLARIS_LOG {"event":"send_rate","rate":504000,"ts":1760455162.568062}
2025/10/14 15:19:23 POLARIS_LOG {"event":"send_rate","rate":496000,"ts":1760455163.564731}
2025/10/14 15:19:24 POLARIS_LOG {"event":"send_rate","rate":504000,"ts":1760455164.564731}
2025/10/14 15:19:25 POLARIS_LOG {"event":"send_rate","rate":496000,"ts":1760455165.5658476}
2025/10/14 15:19:26 POLARIS_LOG {"event":"send_rate","rate":504000,"ts":1760455166.568251}
2025/10/14 15:19:27 POLARIS_LOG {"event":"send_rate","rate":496000,"ts":1760455167.5656166}
2025/10/14 15:19:28 POLARIS_LOG {"event":"send_rate","rate":504000,"ts":1760455168.565365}
2025/10/14 15:19:29 POLARIS_LOG {"event":"send_rate","rate":496000,"ts":1760455169.568951}
2025/10/14 15:19:30 POLARIS_LOG {"event":"send_rate","rate":504000,"ts":1760455170.5662026}
2025/10/14 15:19:31 POLARIS_LOG {"event":"send_rate","rate":496000,"ts":1760455171.5661952}
2025/10/14 15:19:32 POLARIS_LOG {"event":"send_rate","rate":504000,"ts":1760455172.5655446}
2025/10/14 15:19:33 POLARIS_LOG {"event":"send_rate","rate":496000,"ts":1760455173.5690308}
2025/10/14 15:19:34 POLARIS_LOG {"event":"send_rate","rate":504000,"ts":1760455174.5654144}
2025/10/14 15:19:35 POLARIS_LOG {"event":"send_rate","rate":496000,"ts":1760455175.5657148}
2025/10/14 15:19:36 POLARIS_LOG {"event":"send_rate","rate":504000,"ts":1760455176.5659375}
2025/10/14 15:19:37 POLARIS_LOG {"event":"send_rate","rate":496000,"ts":1760455177.564624}
2025/10/14 15:19:38 POLARIS_LOG {"event":"send_rate","rate":504000,"ts":1760455178.573611}
2025/10/14 15:19:39 POLARIS_LOG {"event":"send_rate","rate":496000,"ts":1760455179.565533}
2025/10/14 15:19:40 POLARIS_LOG {"event":"send_rate","rate":504000,"ts":1760455180.5649846}
2025/10/14 15:19:41 POLARIS_LOG {"event":"send_rate","rate":496000,"ts":1760455181.5653284}
2025/10/14 15:19:42 POLARIS_LOG {"event":"send_rate","rate":504000,"ts":1760455182.5648293}
2025/10/14 15:19:43 POLARIS_LOG {"event":"send_rate","rate":496000,"ts":1760455183.5660887}
2025/10/14 15:19:44 POLARIS_LOG {"event":"send_rate","rate":504000,"ts":1760455184.5723772}
2025/10/14 15:19:45 POLARIS_LOG {"event":"send_rate","rate":496000,"ts":1760455185.5647137}
2025/10/14 15:19:46 POLARIS_LOG {"event":"send_rate","rate":504000,"ts":1760455186.5651665}
2025/10/14 15:19:47 POLARIS_LOG {"event":"send_rate","rate":496000,"ts":1760455187.5646186}
2025/10/14 15:19:48 POLARIS_LOG {"event":"send_rate","rate":504000,"ts":1760455188.5681107}
2025/10/14 15:19:49 POLARIS_LOG {"event":"send_rate","rate":496000,"ts":1760455189.5667055}
2025/10/14 15:19:50 POLARIS_LOG {"event":"send_rate","rate":504000,"ts":1760455190.5666761}
2025/10/14 15:19:51 POLARIS_LOG {"event":"send_rate","rate":496000,"ts":1760455191.565748}
2025/10/14 15:19:52 POLARIS_LOG {"event":"send_rate","rate":504000,"ts":1760455192.565517}
2025/10/14 15:19:53 POLARIS_LOG {"event":"send_rate","rate":496000,"ts":1760455193.5653949}
2025/10/14 15:19:54 POLARIS_LOG {"event":"send_rate","rate":504000,"ts":1760455194.5647724}
2025/10/14 15:19:55 POLARIS_LOG {"event":"send_rate","rate":496000,"ts":1760455195.5654695}
2025/10/14 15:19:56 POLARIS_LOG {"event":"send_rate","rate":504000,"ts":1760455196.5656621}
2025/10/14 15:19:57 POLARIS_LOG {"event":"send_rate","rate":496000,"ts":1760455197.567371}
2025/10/14 15:19:58 POLARIS_LOG {"event":"send_rate","rate":504000,"ts":1760455198.5647683}
2025/10/14 15:19:59 POLARIS_LOG {"event":"send_rate","rate":496000,"ts":1760455199.5661945}
2025/10/14 15:20:00 POLARIS_LOG {"event":"send_rate","rate":504000,"ts":1760455200.565537}
2025/10/14 15:20:01 POLARIS_LOG {"event":"send_rate","rate":496000,"ts":1760455201.5675082}
2025/10/14 15:20:02 POLARIS_LOG {"event":"send_rate","rate":504000,"ts":1760455202.565019}
2025/10/14 15:20:03 POLARIS_LOG {"event":"send_rate","rate":496000,"ts":1760455203.5648386}
2025/10/14 15:20:04 POLARIS_LOG {"event":"send_rate","rate":504000,"ts":1760455204.5649557}
2025/10/14 15:20:05 POLARIS_LOG {"event":"send_rate","rate":496000,"ts":1760455205.573116}
2025/10/14 15:20:06 POLARIS_LOG {"event":"send_rate","rate":504000,"ts":1760455206.565539}
2025/10/14 15:20:07 POLARIS_LOG {"event":"send_rate","rate":496000,"ts":1760455207.565119}
2025/10/14 15:20:08 POLARIS_LOG {"event":"send_rate","rate":504000,"ts":1760455208.5671482}
2025/10/14 15:20:09 POLARIS_LOG {"event":"send_rate","rate":496000,"ts":1760455209.5650225}
2025/10/14 15:20:10 POLARIS_LOG {"event":"send_rate","rate":504000,"ts":1760455210.5655193}
2025/10/14 15:20:11 POLARIS_LOG {"event":"send_rate","rate":504000,"ts":1760455211.5865421}
2025/10/14 15:20:12 POLARIS_LOG {"event":"send_rate","rate":488000,"ts":1760455212.5782883}
2025/10/14 15:20:13 POLARIS_LOG {"event":"send_rate","rate":504000,"ts":1760455213.565564}
2025/10/14 15:20:14 POLARIS_LOG {"event":"send_rate","rate":504000,"ts":1760455214.56536}
2025/10/14 15:20:15 POLARIS_LOG {"event":"send_rate","rate":496000,"ts":1760455215.5646918}
2025/10/14 15:20:16 POLARIS_LOG {"event":"send_rate","rate":496000,"ts":1760455216.5756626}
2025/10/14 15:20:17 POLARIS_LOG {"event":"send_rate","rate":504000,"ts":1760455217.565455}
2025/10/14 15:20:18 POLARIS_LOG {"event":"send_rate","rate":504000,"ts":1760455218.5655499}
2025/10/14 15:20:19 POLARIS_LOG {"event":"send_rate","rate":496000,"ts":1760455219.5669172}
2025/10/14 15:20:20 POLARIS_LOG {"event":"send_rate","rate":496000,"ts":1760455220.5659604}
2025/10/14 15:20:21 POLARIS_LOG {"event":"send_rate","rate":504000,"ts":1760455221.5655825}
2025/10/14 15:20:22 POLARIS_LOG {"event":"send_rate","rate":496000,"ts":1760455222.5648358}
2025/10/14 15:20:23 POLARIS_LOG {"event":"send_rate","rate":504000,"ts":1760455223.5649142}
2025/10/14 15:20:24 POLARIS_LOG {"event":"send_rate","rate":504000,"ts":1760455224.5654988}
2025/10/14 15:20:25 POLARIS_LOG {"event":"send_rate","rate":496000,"ts":1760455225.565435}
2025/10/14 15:20:26 POLARIS_LOG {"event":"send_rate","rate":504000,"ts":1760455226.5703716}
2025/10/14 15:20:27 POLARIS_LOG {"event":"send_rate","rate":496000,"ts":1760455227.566647}
2025/10/14 15:20:28 POLARIS_LOG {"event":"send_rate","rate":504000,"ts":1760455228.5663767}
2025/10/14 15:20:29 POLARIS_LOG {"event":"send_rate","rate":496000,"ts":1760455229.5647092}
2025/10/14 15:20:30 POLARIS_LOG {"event":"send_rate","rate":504000,"ts":1760455230.5660453}
2025/10/14 15:20:31 POLARIS_LOG {"event":"send_rate","rate":496000,"ts":1760455231.5646179}
2025/10/14 15:20:32 POLARIS_LOG {"event":"send_rate","rate":504000,"ts":1760455232.571262}
2025/10/14 15:20:33 POLARIS_LOG {"event":"send_rate","rate":496000,"ts":1760455233.566917}
2025/10/14 15:20:34 POLARIS_LOG {"event":"send_rate","rate":504000,"ts":1760455234.5681424}
2025/10/14 15:20:35 POLARIS_LOG {"event":"send_rate","rate":496000,"ts":1760455235.5681589}
2025/10/14 15:20:36 POLARIS_LOG {"event":"send_rate","rate":504000,"ts":1760455236.5744624}
2025/10/14 15:20:37 POLARIS_LOG {"event":"send_rate","rate":496000,"ts":1760455237.5691938}
2025/10/14 15:20:38 POLARIS_LOG {"event":"send_rate","rate":496000,"ts":1760455238.564899}
2025/10/14 15:20:39 POLARIS_LOG {"event":"send_rate","rate":504000,"ts":1760455239.5685468}
2025/10/14 15:20:40 POLARIS_LOG {"event":"send_rate","rate":496000,"ts":1760455240.5653682}
2025/10/14 15:20:41 POLARIS_LOG {"event":"send_rate","rate":504000,"ts":1760455241.5657907}
2025/10/14 15:20:42 POLARIS_LOG {"event":"send_rate","rate":496000,"ts":1760455242.5649536}
2025/10/14 15:20:43 POLARIS_LOG {"event":"send_rate","rate":504000,"ts":1760455243.5655792}
2025/10/14 15:20:44 POLARIS_LOG {"event":"send_rate","rate":496000,"ts":1760455244.565542}
2025/10/14 15:20:45 POLARIS_LOG {"event":"send_rate","rate":504000,"ts":1760455245.5652173}
2025/10/14 15:20:46 POLARIS_LOG {"event":"send_rate","rate":496000,"ts":1760455246.565225}
2025/10/14 15:20:47 POLARIS_LOG {"event":"send_rate","rate":504000,"ts":1760455247.5688977}
2025/10/14 15:20:48 POLARIS_LOG {"event":"send_rate","rate":504000,"ts":1760455248.5686808}
2025/10/14 15:20:49 POLARIS_LOG {"event":"send_rate","rate":496000,"ts":1760455249.5765157}
2025/10/14 15:20:50 POLARIS_LOG {"event":"send_rate","rate":496000,"ts":1760455250.5649006}
2025/10/14 15:20:51 POLARIS_LOG {"event":"send_rate","rate":504000,"ts":1760455251.5660908}
2025/10/14 15:20:52 POLARIS_LOG {"event":"send_rate","rate":496000,"ts":1760455252.5678556}
2025/10/14 15:20:53 POLARIS_LOG {"event":"send_rate","rate":504000,"ts":1760455253.56557}
2025/10/14 15:20:54 POLARIS_LOG {"event":"send_rate","rate":512000,"ts":1760455254.5852356}
2025/10/14 15:20:55 POLARIS_LOG {"event":"send_rate","rate":488000,"ts":1760455255.5646157}
Skipping switch: current path 1 1 6 6 3 5 has lastEstimate 500000 >= maxEstimate 0
2025/10/14 15:20:56 POLARIS_LOG {"event":"send_rate","rate":504000,"ts":1760455256.5685258}
2025/10/14 15:20:57 POLARIS_LOG {"event":"send_rate","rate":496000,"ts":1760455257.5696774}
2025/10/14 15:20:58 POLARIS_LOG {"event":"send_rate","rate":496000,"ts":1760455258.5659993}
2025/10/14 15:20:59 POLARIS_LOG {"event":"send_rate","rate":504000,"ts":1760455259.572011}
2025/10/14 15:21:00 POLARIS_LOG {"event":"send_rate","rate":504000,"ts":1760455260.5688884}
2025/10/14 15:21:01 POLARIS_LOG {"event":"send_rate","rate":496000,"ts":1760455261.5650342}
2025/10/14 15:21:02 POLARIS_LOG {"event":"send_rate","rate":496000,"ts":1760455262.564981}
2025/10/14 15:21:03 POLARIS_LOG {"event":"send_rate","rate":504000,"ts":1760455263.566308}
2025/10/14 15:21:04 POLARIS_LOG {"event":"send_rate","rate":496000,"ts":1760455264.5657246}
2025/10/14 15:21:05 POLARIS_LOG {"event":"send_rate","rate":504000,"ts":1760455265.5664036}
2025/10/14 15:21:06 POLARIS_LOG {"event":"send_rate","rate":496000,"ts":1760455266.5668998}
2025/10/14 15:21:07 POLARIS_LOG {"event":"send_rate","rate":504000,"ts":1760455267.5665717}
2025/10/14 15:21:08 POLARIS_LOG {"event":"send_rate","rate":496000,"ts":1760455268.5648537}
2025/10/14 15:21:09 POLARIS_LOG {"event":"send_rate","rate":504000,"ts":1760455269.564695}
2025/10/14 15:21:10 POLARIS_LOG {"event":"send_rate","rate":496000,"ts":1760455270.567087}
2025/10/14 15:21:11 POLARIS_LOG {"event":"send_rate","rate":504000,"ts":1760455271.5652103}
We need to sleep for 1 seconds before we can get the results
Drain Loop received packet
Drain Loop received non-nil payload
Client sent 16562 packets, server reported 16540 packets received
The network loss rate from client to server is 0.1%

S->C results
Attempted bandwidth: 0 bps / 0.00 Mbps
Achieved bandwidth: 0 bps / 0.00 Mbps
Loss rate: 0.0%
Interarrival time min/avg/max/mdev = -0.000/0.000/0.000/0.000 ms

C->S results
Attempted bandwidth: 499984 bps / 0.50 Mbps
Achieved bandwidth: 499320 bps / 0.50 Mbps
Loss rate: 0.1%
Interarrival time min/avg/max/mdev = 0.002/15.972/208.705/13.883 ms
