
Test parameters:
client->server: 267 seconds, 1000 bytes, 10012 packets
server->client: 267 seconds, 1000 bytes, 0 packets
Polaris prober initialized with 38 paths
2025/10/14 15:35:03 POLARIS_LOG {"current_rate":0,"event":"path_switch","new":"2 2 5 2","trigger":"initialization","ts":1760456103.669508}
Polaris prober initialized with local 1-111,10.111.0.71:32730 and remote 1-113,10.113.0.71
2025/10/14 15:35:05 POLARIS_LOG {"event":"send_rate","rate":0,"ts":1760456105.6706076}
2025/10/14 15:35:06 POLARIS_LOG {"event":"send_rate","rate":280000,"ts":1760456106.6805587}
2025/10/14 15:35:07 POLARIS_LOG {"event":"send_rate","rate":296000,"ts":1760456107.6718557}
2025/10/14 15:35:08 POLARIS_LOG {"event":"send_rate","rate":304000,"ts":1760456108.6712677}
2025/10/14 15:35:09 POLARIS_LOG {"event":"send_rate","rate":296000,"ts":1760456109.6701727}
2025/10/14 15:35:10 POLARIS_LOG {"event":"send_rate","rate":296000,"ts":1760456110.6709042}
2025/10/14 15:35:11 POLARIS_LOG {"event":"send_rate","rate":304000,"ts":1760456111.6714747}
2025/10/14 15:35:12 POLARIS_LOG {"event":"send_rate","rate":296000,"ts":1760456112.6706574}
2025/10/14 15:35:13 POLARIS_LOG {"event":"send_rate","rate":304000,"ts":1760456113.684059}
2025/10/14 15:35:14 POLARIS_LOG {"event":"send_rate","rate":296000,"ts":1760456114.670257}
2025/10/14 15:35:15 POLARIS_LOG {"event":"send_rate","rate":304000,"ts":1760456115.6754558}
2025/10/14 15:35:16 POLARIS_LOG {"event":"send_rate","rate":296000,"ts":1760456116.6710875}
2025/10/14 15:35:17 POLARIS_LOG {"event":"send_rate","rate":304000,"ts":1760456117.671913}
2025/10/14 15:35:18 POLARIS_LOG {"event":"send_rate","rate":296000,"ts":1760456118.6710305}
2025/10/14 15:35:19 POLARIS_LOG {"event":"send_rate","rate":224000,"ts":1760456119.6753018}
2025/10/14 15:35:20 POLARIS_LOG {"event":"send_rate","rate":144000,"ts":1760456120.6752722}
2025/10/14 15:35:21 POLARIS_LOG {"event":"send_rate","rate":144000,"ts":1760456121.6718025}
2025/10/14 15:35:22 POLARIS_LOG {"event":"send_rate","rate":176000,"ts":1760456122.6707153}
2025/10/14 15:35:23 POLARIS_LOG {"candidates":7,"candidates_unfiltered":25,"current_rate":176000,"estimated_share":500000,"event":"path_switch","max_estimated_share":666500,"new":"4 4 2 4","old":"2 2 5 2","trigger":"scheduled","ts":1760456123.670151}
2025/10/14 15:35:23 POLARIS_LOG {"event":"send_rate","rate":176000,"ts":1760456123.6736977}
2025/10/14 15:35:24 POLARIS_LOG {"event":"send_rate","rate":936000,"ts":1760456124.6723504}
2025/10/14 15:35:25 POLARIS_LOG {"event":"send_rate","rate":304000,"ts":1760456125.6735704}
2025/10/14 15:35:26 POLARIS_LOG {"event":"send_rate","rate":296000,"ts":1760456126.670676}
2025/10/14 15:35:27 POLARIS_LOG {"event":"send_rate","rate":304000,"ts":1760456127.6702158}
2025/10/14 15:35:28 POLARIS_LOG {"event":"send_rate","rate":296000,"ts":1760456128.6702604}
2025/10/14 15:35:29 POLARIS_LOG {"event":"send_rate","rate":304000,"ts":1760456129.670526}
2025/10/14 15:35:30 POLARIS_LOG {"event":"send_rate","rate":304000,"ts":1760456130.6753917}
2025/10/14 15:35:31 POLARIS_LOG {"event":"send_rate","rate":296000,"ts":1760456131.6740253}
2025/10/14 15:35:32 POLARIS_LOG {"event":"send_rate","rate":296000,"ts":1760456132.670752}
2025/10/14 15:35:33 POLARIS_LOG {"event":"send_rate","rate":304000,"ts":1760456133.6703868}
2025/10/14 15:35:34 POLARIS_LOG {"event":"send_rate","rate":296000,"ts":1760456134.6876183}
2025/10/14 15:35:35 POLARIS_LOG {"event":"send_rate","rate":304000,"ts":1760456135.6786664}
2025/10/14 15:35:36 POLARIS_LOG {"event":"send_rate","rate":312000,"ts":1760456136.7018747}
2025/10/14 15:35:37 POLARIS_LOG {"event":"send_rate","rate":288000,"ts":1760456137.6710896}
2025/10/14 15:35:38 POLARIS_LOG {"event":"send_rate","rate":304000,"ts":1760456138.6795297}
2025/10/14 15:35:39 POLARIS_LOG {"event":"send_rate","rate":296000,"ts":1760456139.672587}
2025/10/14 15:35:40 POLARIS_LOG {"event":"send_rate","rate":296000,"ts":1760456140.6727307}
2025/10/14 15:35:41 POLARIS_LOG {"event":"send_rate","rate":304000,"ts":1760456141.6753938}
2025/10/14 15:35:42 POLARIS_LOG {"event":"send_rate","rate":304000,"ts":1760456142.6855476}
2025/10/14 15:35:43 POLARIS_LOG {"event":"send_rate","rate":296000,"ts":1760456143.6882873}
2025/10/14 15:35:44 POLARIS_LOG {"event":"send_rate","rate":296000,"ts":1760456144.6708848}
2025/10/14 15:35:45 POLARIS_LOG {"event":"send_rate","rate":304000,"ts":1760456145.6710467}
2025/10/14 15:35:46 POLARIS_LOG {"event":"send_rate","rate":296000,"ts":1760456146.6707838}
2025/10/14 15:35:47 POLARIS_LOG {"event":"send_rate","rate":304000,"ts":1760456147.671443}
2025/10/14 15:35:48 POLARIS_LOG {"event":"send_rate","rate":296000,"ts":1760456148.6711898}
2025/10/14 15:35:49 POLARIS_LOG {"event":"send_rate","rate":296000,"ts":1760456149.6712189}
2025/10/14 15:35:50 POLARIS_LOG {"event":"send_rate","rate":304000,"ts":1760456150.6709192}
2025/10/14 15:35:51 POLARIS_LOG {"event":"send_rate","rate":304000,"ts":1760456151.670125}
2025/10/14 15:35:52 POLARIS_LOG {"event":"send_rate","rate":296000,"ts":1760456152.6712916}
2025/10/14 15:35:53 POLARIS_LOG {"event":"send_rate","rate":304000,"ts":1760456153.673202}
2025/10/14 15:35:54 POLARIS_LOG {"event":"send_rate","rate":296000,"ts":1760456154.670648}
2025/10/14 15:35:55 POLARIS_LOG {"event":"send_rate","rate":304000,"ts":1760456155.685399}
2025/10/14 15:35:56 POLARIS_LOG {"event":"send_rate","rate":304000,"ts":1760456156.6944764}
2025/10/14 15:35:57 POLARIS_LOG {"event":"send_rate","rate":296000,"ts":1760456157.6707327}
2025/10/14 15:35:58 POLARIS_LOG {"event":"send_rate","rate":296000,"ts":1760456158.6710827}
2025/10/14 15:35:59 POLARIS_LOG {"event":"send_rate","rate":296000,"ts":1760456159.6704323}
2025/10/14 15:36:00 POLARIS_LOG {"event":"send_rate","rate":304000,"ts":1760456160.6701849}
2025/10/14 15:36:01 POLARIS_LOG {"event":"send_rate","rate":304000,"ts":1760456161.6865768}
2025/10/14 15:36:02 POLARIS_LOG {"event":"send_rate","rate":312000,"ts":1760456162.727264}
2025/10/14 15:36:03 POLARIS_LOG {"event":"send_rate","rate":288000,"ts":1760456163.6735756}
2025/10/14 15:36:04 POLARIS_LOG {"event":"send_rate","rate":304000,"ts":1760456164.6833513}
2025/10/14 15:36:05 POLARIS_LOG {"event":"send_rate","rate":288000,"ts":1760456165.6703427}
2025/10/14 15:36:06 POLARIS_LOG {"event":"send_rate","rate":312000,"ts":1760456166.6846466}
2025/10/14 15:36:07 POLARIS_LOG {"event":"send_rate","rate":296000,"ts":1760456167.6717253}
2025/10/14 15:36:08 POLARIS_LOG {"event":"send_rate","rate":296000,"ts":1760456168.6720781}
2025/10/14 15:36:09 POLARIS_LOG {"event":"send_rate","rate":304000,"ts":1760456169.6707966}
2025/10/14 15:36:10 POLARIS_LOG {"event":"send_rate","rate":296000,"ts":1760456170.6779137}
2025/10/14 15:36:11 POLARIS_LOG {"event":"send_rate","rate":304000,"ts":1760456171.6704717}
2025/10/14 15:36:12 POLARIS_LOG {"event":"send_rate","rate":296000,"ts":1760456172.6708443}
2025/10/14 15:36:13 POLARIS_LOG {"event":"send_rate","rate":296000,"ts":1760456173.6731572}
2025/10/14 15:36:14 POLARIS_LOG {"event":"send_rate","rate":304000,"ts":1760456174.678648}
2025/10/14 15:36:15 POLARIS_LOG {"event":"send_rate","rate":304000,"ts":1760456175.6701827}
2025/10/14 15:36:16 POLARIS_LOG {"event":"send_rate","rate":296000,"ts":1760456176.67114}
2025/10/14 15:36:17 POLARIS_LOG {"event":"send_rate","rate":296000,"ts":1760456177.6744144}
2025/10/14 15:36:18 POLARIS_LOG {"event":"send_rate","rate":304000,"ts":1760456178.6705163}
2025/10/14 15:36:19 POLARIS_LOG {"event":"send_rate","rate":304000,"ts":1760456179.6736717}
2025/10/14 15:36:20 POLARIS_LOG {"event":"send_rate","rate":296000,"ts":1760456180.6731732}
2025/10/14 15:36:21 POLARIS_LOG {"event":"send_rate","rate":296000,"ts":1760456181.6710746}
2025/10/14 15:36:22 POLARIS_LOG {"event":"send_rate","rate":312000,"ts":1760456182.696869}
2025/10/14 15:36:23 POLARIS_LOG {"event":"send_rate","rate":296000,"ts":1760456183.6762617}
2025/10/14 15:36:24 POLARIS_LOG {"event":"send_rate","rate":296000,"ts":1760456184.6756377}
2025/10/14 15:36:25 POLARIS_LOG {"event":"send_rate","rate":296000,"ts":1760456185.6705394}
2025/10/14 15:36:26 POLARIS_LOG {"event":"send_rate","rate":304000,"ts":1760456186.6721625}
2025/10/14 15:36:27 POLARIS_LOG {"event":"send_rate","rate":304000,"ts":1760456187.6705117}
2025/10/14 15:36:28 POLARIS_LOG {"event":"send_rate","rate":296000,"ts":1760456188.6706648}
2025/10/14 15:36:29 POLARIS_LOG {"event":"send_rate","rate":304000,"ts":1760456189.6718962}
2025/10/14 15:36:30 POLARIS_LOG {"event":"send_rate","rate":296000,"ts":1760456190.671006}
2025/10/14 15:36:31 POLARIS_LOG {"event":"send_rate","rate":336000,"ts":1760456191.787826}
2025/10/14 15:36:32 POLARIS_LOG {"event":"send_rate","rate":264000,"ts":1760456192.6746123}
2025/10/14 15:36:33 POLARIS_LOG {"event":"send_rate","rate":296000,"ts":1760456193.6706479}
2025/10/14 15:36:34 POLARIS_LOG {"event":"send_rate","rate":304000,"ts":1760456194.670292}
2025/10/14 15:36:35 POLARIS_LOG {"event":"send_rate","rate":296000,"ts":1760456195.6719527}
2025/10/14 15:36:36 POLARIS_LOG {"event":"send_rate","rate":304000,"ts":1760456196.6717975}
2025/10/14 15:36:37 POLARIS_LOG {"event":"send_rate","rate":296000,"ts":1760456197.6764739}
2025/10/14 15:36:38 POLARIS_LOG {"event":"send_rate","rate":304000,"ts":1760456198.67119}
2025/10/14 15:36:39 POLARIS_LOG {"event":"send_rate","rate":304000,"ts":1760456199.6747463}
2025/10/14 15:36:40 POLARIS_LOG {"event":"send_rate","rate":296000,"ts":1760456200.6704028}
2025/10/14 15:36:41 POLARIS_LOG {"event":"send_rate","rate":296000,"ts":1760456201.6705923}
2025/10/14 15:36:42 POLARIS_LOG {"event":"send_rate","rate":304000,"ts":1760456202.6755087}
2025/10/14 15:36:43 POLARIS_LOG {"event":"send_rate","rate":304000,"ts":1760456203.6753454}
2025/10/14 15:36:44 POLARIS_LOG {"event":"send_rate","rate":304000,"ts":1760456204.689073}
2025/10/14 15:36:45 POLARIS_LOG {"event":"send_rate","rate":288000,"ts":1760456205.6706624}
2025/10/14 15:36:46 POLARIS_LOG {"event":"send_rate","rate":304000,"ts":1760456206.671368}
2025/10/14 15:36:47 POLARIS_LOG {"event":"send_rate","rate":296000,"ts":1760456207.6705608}
2025/10/14 15:36:48 POLARIS_LOG {"event":"send_rate","rate":304000,"ts":1760456208.6711922}
2025/10/14 15:36:49 POLARIS_LOG {"event":"send_rate","rate":304000,"ts":1760456209.678005}
2025/10/14 15:36:50 POLARIS_LOG {"event":"send_rate","rate":296000,"ts":1760456210.6711943}
2025/10/14 15:36:51 POLARIS_LOG {"event":"send_rate","rate":304000,"ts":1760456211.6821167}
2025/10/14 15:36:52 POLARIS_LOG {"event":"send_rate","rate":296000,"ts":1760456212.6752827}
2025/10/14 15:36:53 POLARIS_LOG {"event":"send_rate","rate":296000,"ts":1760456213.6709013}
2025/10/14 15:36:54 POLARIS_LOG {"event":"send_rate","rate":312000,"ts":1760456214.698805}
2025/10/14 15:36:55 POLARIS_LOG {"event":"send_rate","rate":288000,"ts":1760456215.6701899}
2025/10/14 15:36:56 POLARIS_LOG {"event":"send_rate","rate":304000,"ts":1760456216.670653}
2025/10/14 15:36:57 POLARIS_LOG {"event":"send_rate","rate":304000,"ts":1760456217.6755698}
2025/10/14 15:36:58 POLARIS_LOG {"event":"send_rate","rate":296000,"ts":1760456218.6709056}
2025/10/14 15:36:59 POLARIS_LOG {"event":"send_rate","rate":296000,"ts":1760456219.6708038}
2025/10/14 15:37:00 POLARIS_LOG {"event":"send_rate","rate":304000,"ts":1760456220.677743}
2025/10/14 15:37:01 POLARIS_LOG {"event":"send_rate","rate":296000,"ts":1760456221.6717103}
2025/10/14 15:37:02 POLARIS_LOG {"event":"send_rate","rate":304000,"ts":1760456222.6714725}
2025/10/14 15:37:03 POLARIS_LOG {"event":"send_rate","rate":296000,"ts":1760456223.6709964}
2025/10/14 15:37:04 POLARIS_LOG {"event":"send_rate","rate":304000,"ts":1760456224.6724768}
2025/10/14 15:37:05 POLARIS_LOG {"event":"send_rate","rate":304000,"ts":1760456225.682935}
2025/10/14 15:37:06 POLARIS_LOG {"event":"send_rate","rate":296000,"ts":1760456226.6757483}
2025/10/14 15:37:07 POLARIS_LOG {"event":"send_rate","rate":296000,"ts":1760456227.6725972}
2025/10/14 15:37:08 POLARIS_LOG {"event":"send_rate","rate":320000,"ts":1760456228.7260518}
2025/10/14 15:37:09 POLARIS_LOG {"event":"send_rate","rate":280000,"ts":1760456229.6709623}
2025/10/14 15:37:10 POLARIS_LOG {"event":"send_rate","rate":312000,"ts":1760456230.700645}
2025/10/14 15:37:11 POLARIS_LOG {"event":"send_rate","rate":288000,"ts":1760456231.6705856}
2025/10/14 15:37:12 POLARIS_LOG {"event":"send_rate","rate":312000,"ts":1760456232.7024415}
2025/10/14 15:37:13 POLARIS_LOG {"event":"send_rate","rate":296000,"ts":1760456233.689138}
2025/10/14 15:37:14 POLARIS_LOG {"event":"send_rate","rate":280000,"ts":1760456234.7275324}
2025/10/14 15:37:15 POLARIS_LOG {"event":"send_rate","rate":312000,"ts":1760456235.6703324}
2025/10/14 15:37:16 POLARIS_LOG {"event":"send_rate","rate":304000,"ts":1760456236.6820078}
2025/10/14 15:37:17 POLARIS_LOG {"event":"send_rate","rate":304000,"ts":1760456237.7019353}
2025/10/14 15:37:18 POLARIS_LOG {"event":"send_rate","rate":296000,"ts":1760456238.6713686}
2025/10/14 15:37:19 POLARIS_LOG {"event":"send_rate","rate":296000,"ts":1760456239.670853}
2025/10/14 15:37:20 POLARIS_LOG {"event":"send_rate","rate":304000,"ts":1760456240.6721296}
2025/10/14 15:37:21 POLARIS_LOG {"event":"send_rate","rate":296000,"ts":1760456241.6704435}
2025/10/14 15:37:22 POLARIS_LOG {"event":"send_rate","rate":304000,"ts":1760456242.6893086}
2025/10/14 15:37:23 POLARIS_LOG {"event":"send_rate","rate":296000,"ts":1760456243.6708403}
2025/10/14 15:37:24 POLARIS_LOG {"event":"send_rate","rate":304000,"ts":1760456244.6717887}
2025/10/14 15:37:25 POLARIS_LOG {"event":"send_rate","rate":296000,"ts":1760456245.6750221}
2025/10/14 15:37:26 POLARIS_LOG {"event":"send_rate","rate":304000,"ts":1760456246.6976311}
2025/10/14 15:37:27 POLARIS_LOG {"event":"send_rate","rate":304000,"ts":1760456247.680396}
2025/10/14 15:37:28 POLARIS_LOG {"event":"send_rate","rate":304000,"ts":1760456248.705954}
2025/10/14 15:37:29 POLARIS_LOG {"event":"send_rate","rate":296000,"ts":1760456249.6922069}
2025/10/14 15:37:30 POLARIS_LOG {"event":"send_rate","rate":304000,"ts":1760456250.6957994}
2025/10/14 15:37:31 POLARIS_LOG {"event":"send_rate","rate":304000,"ts":1760456251.7200952}
2025/10/14 15:37:32 POLARIS_LOG {"event":"send_rate","rate":296000,"ts":1760456252.692133}
2025/10/14 15:37:33 POLARIS_LOG {"event":"send_rate","rate":288000,"ts":1760456253.6713672}
2025/10/14 15:37:34 POLARIS_LOG {"event":"send_rate","rate":304000,"ts":1760456254.682955}
2025/10/14 15:37:35 POLARIS_LOG {"event":"send_rate","rate":296000,"ts":1760456255.6704104}
2025/10/14 15:37:36 POLARIS_LOG {"event":"send_rate","rate":312000,"ts":1760456256.6928258}
2025/10/14 15:37:37 POLARIS_LOG {"event":"send_rate","rate":296000,"ts":1760456257.7451973}
2025/10/14 15:37:38 POLARIS_LOG {"event":"send_rate","rate":296000,"ts":1760456258.6703286}
2025/10/14 15:37:39 POLARIS_LOG {"event":"send_rate","rate":296000,"ts":1760456259.670668}
2025/10/14 15:37:40 POLARIS_LOG {"event":"send_rate","rate":296000,"ts":1760456260.6742473}
2025/10/14 15:37:41 POLARIS_LOG {"event":"send_rate","rate":304000,"ts":1760456261.6710718}
2025/10/14 15:37:42 POLARIS_LOG {"event":"send_rate","rate":304000,"ts":1760456262.6728504}
2025/10/14 15:37:43 POLARIS_LOG {"event":"send_rate","rate":296000,"ts":1760456263.6711838}
2025/10/14 15:37:44 POLARIS_LOG {"event":"send_rate","rate":304000,"ts":1760456264.682095}
2025/10/14 15:37:45 POLARIS_LOG {"event":"send_rate","rate":296000,"ts":1760456265.6716564}
2025/10/14 15:37:46 POLARIS_LOG {"event":"send_rate","rate":304000,"ts":1760456266.6701744}
2025/10/14 15:37:47 POLARIS_LOG {"event":"send_rate","rate":296000,"ts":1760456267.6765878}
2025/10/14 15:37:48 POLARIS_LOG {"event":"send_rate","rate":304000,"ts":1760456268.6703062}
2025/10/14 15:37:49 POLARIS_LOG {"event":"send_rate","rate":296000,"ts":1760456269.7207704}
2025/10/14 15:37:50 POLARIS_LOG {"event":"send_rate","rate":304000,"ts":1760456270.689513}
2025/10/14 15:37:51 POLARIS_LOG {"event":"send_rate","rate":296000,"ts":1760456271.6803591}
2025/10/14 15:37:52 POLARIS_LOG {"event":"send_rate","rate":304000,"ts":1760456272.6706827}
2025/10/14 15:37:53 POLARIS_LOG {"event":"send_rate","rate":296000,"ts":1760456273.6712582}
2025/10/14 15:37:54 POLARIS_LOG {"event":"send_rate","rate":304000,"ts":1760456274.6701744}
2025/10/14 15:37:55 POLARIS_LOG {"event":"send_rate","rate":304000,"ts":1760456275.688189}
2025/10/14 15:37:56 POLARIS_LOG {"event":"send_rate","rate":296000,"ts":1760456276.671139}
2025/10/14 15:37:57 POLARIS_LOG {"event":"send_rate","rate":304000,"ts":1760456277.7115471}
2025/10/14 15:37:58 POLARIS_LOG {"event":"send_rate","rate":296000,"ts":1760456278.6765804}
2025/10/14 15:37:59 POLARIS_LOG {"event":"send_rate","rate":304000,"ts":1760456279.6942983}
2025/10/14 15:38:00 POLARIS_LOG {"event":"send_rate","rate":296000,"ts":1760456280.6726224}
2025/10/14 15:38:01 POLARIS_LOG {"event":"send_rate","rate":296000,"ts":1760456281.6727257}
2025/10/14 15:38:02 POLARIS_LOG {"event":"send_rate","rate":296000,"ts":1760456282.699575}
2025/10/14 15:38:03 POLARIS_LOG {"event":"send_rate","rate":304000,"ts":1760456283.6719577}
2025/10/14 15:38:04 POLARIS_LOG {"event":"send_rate","rate":304000,"ts":1760456284.6755435}
2025/10/14 15:38:05 POLARIS_LOG {"event":"send_rate","rate":296000,"ts":1760456285.6747484}
2025/10/14 15:38:06 POLARIS_LOG {"event":"send_rate","rate":304000,"ts":1760456286.6832936}
2025/10/14 15:38:07 POLARIS_LOG {"event":"send_rate","rate":296000,"ts":1760456287.6750193}
2025/10/14 15:38:08 POLARIS_LOG {"event":"send_rate","rate":304000,"ts":1760456288.6858335}
2025/10/14 15:38:09 POLARIS_LOG {"event":"send_rate","rate":296000,"ts":1760456289.6746716}
2025/10/14 15:38:10 POLARIS_LOG {"event":"send_rate","rate":304000,"ts":1760456290.6841261}
2025/10/14 15:38:11 POLARIS_LOG {"event":"send_rate","rate":296000,"ts":1760456291.6812494}
2025/10/14 15:38:12 POLARIS_LOG {"event":"send_rate","rate":296000,"ts":1760456292.6707551}
2025/10/14 15:38:13 POLARIS_LOG {"event":"send_rate","rate":304000,"ts":1760456293.6905406}
2025/10/14 15:38:14 POLARIS_LOG {"event":"send_rate","rate":312000,"ts":1760456294.7038822}
2025/10/14 15:38:15 POLARIS_LOG {"event":"send_rate","rate":288000,"ts":1760456295.6780083}
2025/10/14 15:38:16 POLARIS_LOG {"event":"send_rate","rate":312000,"ts":1760456296.7207696}
2025/10/14 15:38:17 POLARIS_LOG {"event":"send_rate","rate":288000,"ts":1760456297.6709452}
2025/10/14 15:38:18 POLARIS_LOG {"event":"send_rate","rate":296000,"ts":1760456298.6921868}
2025/10/14 15:38:19 POLARIS_LOG {"event":"send_rate","rate":304000,"ts":1760456299.6748838}
2025/10/14 15:38:20 POLARIS_LOG {"event":"send_rate","rate":304000,"ts":1760456300.6861322}
2025/10/14 15:38:21 POLARIS_LOG {"event":"send_rate","rate":304000,"ts":1760456301.7035213}
2025/10/14 15:38:22 POLARIS_LOG {"event":"send_rate","rate":288000,"ts":1760456302.6966066}
2025/10/14 15:38:23 POLARIS_LOG {"event":"send_rate","rate":304000,"ts":1760456303.6713698}
Skipping switch: current path 4 4 2 4 has lastEstimate 400000 >= maxEstimate 0
2025/10/14 15:38:24 POLARIS_LOG {"event":"send_rate","rate":304000,"ts":1760456304.7071478}
2025/10/14 15:38:25 POLARIS_LOG {"event":"send_rate","rate":296000,"ts":1760456305.677846}
2025/10/14 15:38:26 POLARIS_LOG {"event":"send_rate","rate":304000,"ts":1760456306.6770465}
2025/10/14 15:38:27 POLARIS_LOG {"event":"send_rate","rate":296000,"ts":1760456307.6705418}
2025/10/14 15:38:28 POLARIS_LOG {"event":"send_rate","rate":296000,"ts":1760456308.6760023}
2025/10/14 15:38:29 POLARIS_LOG {"event":"send_rate","rate":304000,"ts":1760456309.6722972}
2025/10/14 15:38:30 POLARIS_LOG {"event":"send_rate","rate":296000,"ts":1760456310.6784182}
2025/10/14 15:38:31 POLARIS_LOG {"event":"send_rate","rate":304000,"ts":1760456311.6705065}
2025/10/14 15:38:32 POLARIS_LOG {"event":"send_rate","rate":296000,"ts":1760456312.7003443}
2025/10/14 15:38:33 POLARIS_LOG {"event":"send_rate","rate":304000,"ts":1760456313.6745842}
2025/10/14 15:38:34 POLARIS_LOG {"event":"send_rate","rate":304000,"ts":1760456314.6765475}
2025/10/14 15:38:35 POLARIS_LOG {"event":"send_rate","rate":304000,"ts":1760456315.7059727}
2025/10/14 15:38:36 POLARIS_LOG {"event":"send_rate","rate":288000,"ts":1760456316.6713884}
2025/10/14 15:38:37 POLARIS_LOG {"event":"send_rate","rate":304000,"ts":1760456317.6701558}
2025/10/14 15:38:38 POLARIS_LOG {"event":"send_rate","rate":304000,"ts":1760456318.693057}
2025/10/14 15:38:39 POLARIS_LOG {"event":"send_rate","rate":296000,"ts":1760456319.6723175}
2025/10/14 15:38:40 POLARIS_LOG {"event":"send_rate","rate":296000,"ts":1760456320.6721735}
2025/10/14 15:38:41 POLARIS_LOG {"event":"send_rate","rate":304000,"ts":1760456321.6704102}
2025/10/14 15:38:42 POLARIS_LOG {"event":"send_rate","rate":296000,"ts":1760456322.6744018}
2025/10/14 15:38:43 POLARIS_LOG {"event":"send_rate","rate":304000,"ts":1760456323.670234}
2025/10/14 15:38:44 POLARIS_LOG {"event":"send_rate","rate":304000,"ts":1760456324.6855175}
2025/10/14 15:38:45 POLARIS_LOG {"event":"send_rate","rate":296000,"ts":1760456325.6732635}
2025/10/14 15:38:46 POLARIS_LOG {"event":"send_rate","rate":296000,"ts":1760456326.6737735}
2025/10/14 15:38:47 POLARIS_LOG {"event":"send_rate","rate":304000,"ts":1760456327.6711214}
2025/10/14 15:38:48 POLARIS_LOG {"event":"send_rate","rate":296000,"ts":1760456328.6719747}
2025/10/14 15:38:49 POLARIS_LOG {"event":"send_rate","rate":320000,"ts":1760456329.7238054}
2025/10/14 15:38:50 POLARIS_LOG {"event":"send_rate","rate":288000,"ts":1760456330.6928763}
2025/10/14 15:38:51 POLARIS_LOG {"event":"send_rate","rate":296000,"ts":1760456331.6815224}
2025/10/14 15:38:52 POLARIS_LOG {"event":"send_rate","rate":296000,"ts":1760456332.6712556}
2025/10/14 15:38:53 POLARIS_LOG {"event":"send_rate","rate":304000,"ts":1760456333.6744304}
2025/10/14 15:38:54 POLARIS_LOG {"event":"send_rate","rate":296000,"ts":1760456334.6752915}
2025/10/14 15:38:55 POLARIS_LOG {"event":"send_rate","rate":304000,"ts":1760456335.6826577}
2025/10/14 15:38:56 POLARIS_LOG {"event":"send_rate","rate":296000,"ts":1760456336.6728792}
2025/10/14 15:38:57 POLARIS_LOG {"event":"send_rate","rate":304000,"ts":1760456337.6720004}
2025/10/14 15:38:58 POLARIS_LOG {"event":"send_rate","rate":296000,"ts":1760456338.672293}
2025/10/14 15:38:59 POLARIS_LOG {"event":"send_rate","rate":304000,"ts":1760456339.6783674}
2025/10/14 15:39:00 POLARIS_LOG {"event":"send_rate","rate":296000,"ts":1760456340.6720207}
2025/10/14 15:39:01 POLARIS_LOG {"event":"send_rate","rate":288000,"ts":1760456341.6874857}
2025/10/14 15:39:02 POLARIS_LOG {"event":"send_rate","rate":320000,"ts":1760456342.6925476}
2025/10/14 15:39:03 POLARIS_LOG {"event":"send_rate","rate":296000,"ts":1760456343.6709762}
2025/10/14 15:39:04 POLARIS_LOG {"event":"send_rate","rate":304000,"ts":1760456344.6874437}
2025/10/14 15:39:05 POLARIS_LOG {"event":"send_rate","rate":280000,"ts":1760456345.6849656}
2025/10/14 15:39:06 POLARIS_LOG {"event":"send_rate","rate":312000,"ts":1760456346.6747391}
2025/10/14 15:39:07 POLARIS_LOG {"event":"send_rate","rate":304000,"ts":1760456347.6708612}
2025/10/14 15:39:08 POLARIS_LOG {"event":"send_rate","rate":296000,"ts":1760456348.6710384}
2025/10/14 15:39:09 POLARIS_LOG {"event":"send_rate","rate":304000,"ts":1760456349.6740162}
2025/10/14 15:39:10 POLARIS_LOG {"event":"send_rate","rate":296000,"ts":1760456350.6702716}
2025/10/14 15:39:11 POLARIS_LOG {"event":"send_rate","rate":304000,"ts":1760456351.6851957}
2025/10/14 15:39:12 POLARIS_LOG {"event":"send_rate","rate":304000,"ts":1760456352.6903174}
2025/10/14 15:39:13 POLARIS_LOG {"event":"send_rate","rate":296000,"ts":1760456353.670143}
2025/10/14 15:39:14 POLARIS_LOG {"event":"send_rate","rate":296000,"ts":1760456354.6724954}
2025/10/14 15:39:15 POLARIS_LOG {"event":"send_rate","rate":304000,"ts":1760456355.6725693}
2025/10/14 15:39:16 POLARIS_LOG {"event":"send_rate","rate":296000,"ts":1760456356.6776195}
2025/10/14 15:39:17 POLARIS_LOG {"event":"send_rate","rate":296000,"ts":1760456357.6802392}
2025/10/14 15:39:18 POLARIS_LOG {"event":"send_rate","rate":304000,"ts":1760456358.6772397}
2025/10/14 15:39:19 POLARIS_LOG {"event":"send_rate","rate":304000,"ts":1760456359.6713405}
2025/10/14 15:39:20 POLARIS_LOG {"event":"send_rate","rate":296000,"ts":1760456360.6710532}
2025/10/14 15:39:21 POLARIS_LOG {"event":"send_rate","rate":304000,"ts":1760456361.6714323}
2025/10/14 15:39:22 POLARIS_LOG {"event":"send_rate","rate":296000,"ts":1760456362.6707194}
2025/10/14 15:39:23 POLARIS_LOG {"event":"send_rate","rate":304000,"ts":1760456363.6786966}
2025/10/14 15:39:24 POLARIS_LOG {"event":"send_rate","rate":296000,"ts":1760456364.6756637}
2025/10/14 15:39:25 POLARIS_LOG {"event":"send_rate","rate":304000,"ts":1760456365.6709657}
2025/10/14 15:39:26 POLARIS_LOG {"event":"send_rate","rate":296000,"ts":1760456366.6734114}
2025/10/14 15:39:27 POLARIS_LOG {"event":"send_rate","rate":304000,"ts":1760456367.6761448}
2025/10/14 15:39:28 POLARIS_LOG {"event":"send_rate","rate":296000,"ts":1760456368.6777058}
2025/10/14 15:39:29 POLARIS_LOG {"event":"send_rate","rate":296000,"ts":1760456369.6793005}
2025/10/14 15:39:30 POLARIS_LOG {"event":"send_rate","rate":304000,"ts":1760456370.670952}
2025/10/14 15:39:31 POLARIS_LOG {"event":"send_rate","rate":296000,"ts":1760456371.6743798}
2025/10/14 15:39:32 POLARIS_LOG {"event":"send_rate","rate":304000,"ts":1760456372.670395}
Drain Loop received packet
Drain Loop received non-nil payload
Client sent 10012 packets, server reported 9994 packets received
The network loss rate from client to server is 0.2%

S->C results
Attempted bandwidth: 0 bps / 0.00 Mbps
Achieved bandwidth: 0 bps / 0.00 Mbps
Loss rate: 0.0%
Interarrival time min/avg/max/mdev = -0.000/0.000/0.000/0.000 ms

C->S results
Attempted bandwidth: 299985 bps / 0.30 Mbps
Achieved bandwidth: 299445 bps / 0.30 Mbps
Loss rate: 0.2%
Interarrival time min/avg/max/mdev = 0.002/26.612/311.571/16.881 ms
