
Test parameters:
client->server: 291 seconds, 1000 bytes, 10912 packets
server->client: 291 seconds, 1000 bytes, 0 packets
2025/10/14 15:34:39 POLARIS_LOG {"current_rate":0,"event":"path_switch","new":"2 2 5 2","trigger":"initialization","ts":1760456079.38178}
Polaris prober initialized with 38 paths
Polaris prober initialized with local 1-111,10.111.0.71:32755 and remote 1-113,10.113.0.71
2025/10/14 15:34:40 POLARIS_LOG {"event":"send_rate","rate":296000,"ts":1760456080.382131}
2025/10/14 15:34:41 POLARIS_LOG {"event":"send_rate","rate":296000,"ts":1760456081.382913}
2025/10/14 15:34:42 POLARIS_LOG {"event":"send_rate","rate":304000,"ts":1760456082.3829079}
2025/10/14 15:34:43 POLARIS_LOG {"event":"send_rate","rate":296000,"ts":1760456083.3821027}
2025/10/14 15:34:44 POLARIS_LOG {"event":"send_rate","rate":304000,"ts":1760456084.3822846}
2025/10/14 15:34:45 POLARIS_LOG {"event":"send_rate","rate":296000,"ts":1760456085.3830624}
2025/10/14 15:34:46 POLARIS_LOG {"event":"send_rate","rate":304000,"ts":1760456086.3826506}
2025/10/14 15:34:47 POLARIS_LOG {"event":"send_rate","rate":296000,"ts":1760456087.3822875}
2025/10/14 15:34:48 POLARIS_LOG {"event":"send_rate","rate":304000,"ts":1760456088.382691}
2025/10/14 15:34:49 POLARIS_LOG {"event":"send_rate","rate":296000,"ts":1760456089.3833437}
2025/10/14 15:34:50 POLARIS_LOG {"event":"send_rate","rate":304000,"ts":1760456090.3826127}
2025/10/14 15:34:51 POLARIS_LOG {"event":"send_rate","rate":296000,"ts":1760456091.3822129}
2025/10/14 15:34:52 POLARIS_LOG {"event":"send_rate","rate":304000,"ts":1760456092.3830678}
2025/10/14 15:34:53 POLARIS_LOG {"event":"send_rate","rate":296000,"ts":1760456093.382276}
2025/10/14 15:34:54 POLARIS_LOG {"event":"send_rate","rate":304000,"ts":1760456094.3827138}
2025/10/14 15:34:55 POLARIS_LOG {"event":"send_rate","rate":296000,"ts":1760456095.3827498}
2025/10/14 15:34:56 POLARIS_LOG {"event":"send_rate","rate":296000,"ts":1760456096.3838408}
2025/10/14 15:34:57 POLARIS_LOG {"event":"send_rate","rate":304000,"ts":1760456097.3823483}
2025/10/14 15:34:58 POLARIS_LOG {"event":"send_rate","rate":304000,"ts":1760456098.3825188}
2025/10/14 15:34:59 POLARIS_LOG {"event":"send_rate","rate":296000,"ts":1760456099.3823755}
2025/10/14 15:35:00 POLARIS_LOG {"event":"send_rate","rate":296000,"ts":1760456100.3823068}
2025/10/14 15:35:01 POLARIS_LOG {"event":"send_rate","rate":208000,"ts":1760456101.3830278}
2025/10/14 15:35:02 POLARIS_LOG {"event":"send_rate","rate":168000,"ts":1760456102.3823113}
2025/10/14 15:35:03 POLARIS_LOG {"event":"send_rate","rate":128000,"ts":1760456103.3825498}
2025/10/14 15:35:04 POLARIS_LOG {"event":"send_rate","rate":216000,"ts":1760456104.382517}
2025/10/14 15:35:05 POLARIS_LOG {"event":"send_rate","rate":232000,"ts":1760456105.3821535}
2025/10/14 15:35:06 POLARIS_LOG {"event":"send_rate","rate":296000,"ts":1760456106.3836508}
2025/10/14 15:35:07 POLARIS_LOG {"event":"send_rate","rate":200000,"ts":1760456107.382126}
2025/10/14 15:35:08 POLARIS_LOG {"event":"send_rate","rate":392000,"ts":1760456108.383098}
2025/10/14 15:35:09 POLARIS_LOG {"event":"send_rate","rate":304000,"ts":1760456109.3822036}
2025/10/14 15:35:10 POLARIS_LOG {"event":"send_rate","rate":408000,"ts":1760456110.38306}
2025/10/14 15:35:11 POLARIS_LOG {"event":"send_rate","rate":392000,"ts":1760456111.3830192}
2025/10/14 15:35:12 POLARIS_LOG {"event":"send_rate","rate":440000,"ts":1760456112.38254}
2025/10/14 15:35:13 POLARIS_LOG {"event":"send_rate","rate":440000,"ts":1760456113.3822064}
2025/10/14 15:35:14 POLARIS_LOG {"event":"send_rate","rate":376000,"ts":1760456114.3839583}
2025/10/14 15:35:15 POLARIS_LOG {"event":"send_rate","rate":224000,"ts":1760456115.382495}
2025/10/14 15:35:16 POLARIS_LOG {"event":"send_rate","rate":184000,"ts":1760456116.3828733}
2025/10/14 15:35:17 POLARIS_LOG {"event":"send_rate","rate":200000,"ts":1760456117.3834336}
2025/10/14 15:35:18 POLARIS_LOG {"event":"send_rate","rate":248000,"ts":1760456118.382672}
2025/10/14 15:35:19 POLARIS_LOG {"event":"send_rate","rate":176000,"ts":1760456119.382971}
2025/10/14 15:35:19 POLARIS_LOG {"candidates":4,"candidates_unfiltered":4,"current_rate":176000,"estimated_share":666500,"event":"path_switch","max_estimated_share":666500,"new":"5 5 1 3","old":"2 2 5 2","trigger":"scheduled","ts":1760456119.382998}
2025/10/14 15:35:20 POLARIS_LOG {"event":"send_rate","rate":768000,"ts":1760456120.3828788}
2025/10/14 15:35:21 POLARIS_LOG {"event":"send_rate","rate":304000,"ts":1760456121.3830142}
2025/10/14 15:35:22 POLARIS_LOG {"event":"send_rate","rate":296000,"ts":1760456122.3822618}
2025/10/14 15:35:23 POLARIS_LOG {"event":"send_rate","rate":304000,"ts":1760456123.3835368}
2025/10/14 15:35:24 POLARIS_LOG {"event":"send_rate","rate":296000,"ts":1760456124.382661}
2025/10/14 15:35:25 POLARIS_LOG {"event":"send_rate","rate":304000,"ts":1760456125.3830767}
2025/10/14 15:35:26 POLARIS_LOG {"event":"send_rate","rate":296000,"ts":1760456126.3831327}
2025/10/14 15:35:27 POLARIS_LOG {"event":"send_rate","rate":304000,"ts":1760456127.3829734}
2025/10/14 15:35:28 POLARIS_LOG {"event":"send_rate","rate":296000,"ts":1760456128.3822627}
2025/10/14 15:35:29 POLARIS_LOG {"event":"send_rate","rate":304000,"ts":1760456129.3824244}
2025/10/14 15:35:30 POLARIS_LOG {"event":"send_rate","rate":296000,"ts":1760456130.3825848}
2025/10/14 15:35:31 POLARIS_LOG {"event":"send_rate","rate":304000,"ts":1760456131.3825266}
2025/10/14 15:35:32 POLARIS_LOG {"event":"send_rate","rate":296000,"ts":1760456132.3828754}
2025/10/14 15:35:33 POLARIS_LOG {"event":"send_rate","rate":304000,"ts":1760456133.3825488}
2025/10/14 15:35:34 POLARIS_LOG {"event":"send_rate","rate":296000,"ts":1760456134.3830683}
2025/10/14 15:35:35 POLARIS_LOG {"event":"send_rate","rate":304000,"ts":1760456135.382358}
2025/10/14 15:35:36 POLARIS_LOG {"event":"send_rate","rate":296000,"ts":1760456136.3830762}
2025/10/14 15:35:37 POLARIS_LOG {"event":"send_rate","rate":304000,"ts":1760456137.3831234}
2025/10/14 15:35:38 POLARIS_LOG {"event":"send_rate","rate":296000,"ts":1760456138.3828228}
2025/10/14 15:35:39 POLARIS_LOG {"event":"send_rate","rate":304000,"ts":1760456139.3823972}
2025/10/14 15:35:40 POLARIS_LOG {"event":"send_rate","rate":296000,"ts":1760456140.3823009}
2025/10/14 15:35:41 POLARIS_LOG {"event":"send_rate","rate":304000,"ts":1760456141.383046}
2025/10/14 15:35:42 POLARIS_LOG {"event":"send_rate","rate":296000,"ts":1760456142.3825939}
2025/10/14 15:35:43 POLARIS_LOG {"event":"send_rate","rate":304000,"ts":1760456143.3825338}
2025/10/14 15:35:44 POLARIS_LOG {"event":"send_rate","rate":296000,"ts":1760456144.3824043}
2025/10/14 15:35:45 POLARIS_LOG {"event":"send_rate","rate":304000,"ts":1760456145.3824744}
2025/10/14 15:35:46 POLARIS_LOG {"event":"send_rate","rate":296000,"ts":1760456146.383148}
2025/10/14 15:35:47 POLARIS_LOG {"event":"send_rate","rate":304000,"ts":1760456147.3824425}
2025/10/14 15:35:48 POLARIS_LOG {"event":"send_rate","rate":296000,"ts":1760456148.383025}
2025/10/14 15:35:49 POLARIS_LOG {"event":"send_rate","rate":304000,"ts":1760456149.3913186}
2025/10/14 15:35:50 POLARIS_LOG {"event":"send_rate","rate":296000,"ts":1760456150.3836715}
2025/10/14 15:35:51 POLARIS_LOG {"event":"send_rate","rate":304000,"ts":1760456151.382625}
2025/10/14 15:35:52 POLARIS_LOG {"event":"send_rate","rate":296000,"ts":1760456152.3827305}
2025/10/14 15:35:53 POLARIS_LOG {"event":"send_rate","rate":304000,"ts":1760456153.3831322}
2025/10/14 15:35:54 POLARIS_LOG {"event":"send_rate","rate":296000,"ts":1760456154.3827517}
2025/10/14 15:35:55 POLARIS_LOG {"event":"send_rate","rate":304000,"ts":1760456155.3828323}
2025/10/14 15:35:56 POLARIS_LOG {"event":"send_rate","rate":296000,"ts":1760456156.3830543}
2025/10/14 15:35:57 POLARIS_LOG {"event":"send_rate","rate":304000,"ts":1760456157.3830142}
2025/10/14 15:35:58 POLARIS_LOG {"event":"send_rate","rate":296000,"ts":1760456158.3829787}
2025/10/14 15:35:59 POLARIS_LOG {"event":"send_rate","rate":304000,"ts":1760456159.3824596}
2025/10/14 15:36:00 POLARIS_LOG {"event":"send_rate","rate":296000,"ts":1760456160.3829427}
2025/10/14 15:36:01 POLARIS_LOG {"event":"send_rate","rate":304000,"ts":1760456161.3831146}
2025/10/14 15:36:02 POLARIS_LOG {"event":"send_rate","rate":296000,"ts":1760456162.3824146}
2025/10/14 15:36:03 POLARIS_LOG {"event":"send_rate","rate":304000,"ts":1760456163.3830414}
2025/10/14 15:36:04 POLARIS_LOG {"event":"send_rate","rate":296000,"ts":1760456164.3822274}
2025/10/14 15:36:05 POLARIS_LOG {"event":"send_rate","rate":304000,"ts":1760456165.383897}
2025/10/14 15:36:06 POLARIS_LOG {"event":"send_rate","rate":296000,"ts":1760456166.382549}
2025/10/14 15:36:07 POLARIS_LOG {"event":"send_rate","rate":304000,"ts":1760456167.3841393}
2025/10/14 15:36:08 POLARIS_LOG {"event":"send_rate","rate":296000,"ts":1760456168.3825884}
2025/10/14 15:36:09 POLARIS_LOG {"event":"send_rate","rate":304000,"ts":1760456169.3834314}
2025/10/14 15:36:10 POLARIS_LOG {"event":"send_rate","rate":296000,"ts":1760456170.3827631}
2025/10/14 15:36:11 POLARIS_LOG {"event":"send_rate","rate":304000,"ts":1760456171.3830974}
2025/10/14 15:36:12 POLARIS_LOG {"event":"send_rate","rate":296000,"ts":1760456172.3827934}
2025/10/14 15:36:13 POLARIS_LOG {"event":"send_rate","rate":304000,"ts":1760456173.3821795}
2025/10/14 15:36:14 POLARIS_LOG {"event":"send_rate","rate":296000,"ts":1760456174.3858504}
2025/10/14 15:36:15 POLARIS_LOG {"event":"send_rate","rate":304000,"ts":1760456175.3827314}
2025/10/14 15:36:16 POLARIS_LOG {"event":"send_rate","rate":296000,"ts":1760456176.3828554}
2025/10/14 15:36:17 POLARIS_LOG {"event":"send_rate","rate":304000,"ts":1760456177.3832421}
2025/10/14 15:36:18 POLARIS_LOG {"event":"send_rate","rate":296000,"ts":1760456178.3837607}
2025/10/14 15:36:19 POLARIS_LOG {"event":"send_rate","rate":304000,"ts":1760456179.3828106}
2025/10/14 15:36:20 POLARIS_LOG {"event":"send_rate","rate":296000,"ts":1760456180.3826394}
2025/10/14 15:36:21 POLARIS_LOG {"event":"send_rate","rate":304000,"ts":1760456181.3829205}
2025/10/14 15:36:22 POLARIS_LOG {"event":"send_rate","rate":296000,"ts":1760456182.382531}
2025/10/14 15:36:23 POLARIS_LOG {"event":"send_rate","rate":304000,"ts":1760456183.383105}
2025/10/14 15:36:24 POLARIS_LOG {"event":"send_rate","rate":296000,"ts":1760456184.3847551}
2025/10/14 15:36:25 POLARIS_LOG {"event":"send_rate","rate":304000,"ts":1760456185.3845117}
2025/10/14 15:36:26 POLARIS_LOG {"event":"send_rate","rate":296000,"ts":1760456186.3826659}
2025/10/14 15:36:27 POLARIS_LOG {"event":"send_rate","rate":304000,"ts":1760456187.3824568}
2025/10/14 15:36:28 POLARIS_LOG {"event":"send_rate","rate":296000,"ts":1760456188.3832245}
2025/10/14 15:36:29 POLARIS_LOG {"event":"send_rate","rate":304000,"ts":1760456189.3827}
2025/10/14 15:36:30 POLARIS_LOG {"event":"send_rate","rate":296000,"ts":1760456190.3828294}
2025/10/14 15:36:31 POLARIS_LOG {"event":"send_rate","rate":304000,"ts":1760456191.3835323}
2025/10/14 15:36:32 POLARIS_LOG {"event":"send_rate","rate":296000,"ts":1760456192.382438}
2025/10/14 15:36:33 POLARIS_LOG {"event":"send_rate","rate":304000,"ts":1760456193.3829763}
2025/10/14 15:36:34 POLARIS_LOG {"event":"send_rate","rate":296000,"ts":1760456194.383177}
2025/10/14 15:36:35 POLARIS_LOG {"event":"send_rate","rate":296000,"ts":1760456195.3823004}
2025/10/14 15:36:36 POLARIS_LOG {"event":"send_rate","rate":304000,"ts":1760456196.3825417}
2025/10/14 15:36:37 POLARIS_LOG {"event":"send_rate","rate":304000,"ts":1760456197.383998}
2025/10/14 15:36:38 POLARIS_LOG {"event":"send_rate","rate":296000,"ts":1760456198.3829522}
2025/10/14 15:36:39 POLARIS_LOG {"event":"send_rate","rate":296000,"ts":1760456199.3823545}
2025/10/14 15:36:40 POLARIS_LOG {"event":"send_rate","rate":304000,"ts":1760456200.3827245}
2025/10/14 15:36:41 POLARIS_LOG {"event":"send_rate","rate":296000,"ts":1760456201.3821094}
2025/10/14 15:36:42 POLARIS_LOG {"event":"send_rate","rate":304000,"ts":1760456202.3823519}
2025/10/14 15:36:43 POLARIS_LOG {"event":"send_rate","rate":296000,"ts":1760456203.382335}
2025/10/14 15:36:44 POLARIS_LOG {"event":"send_rate","rate":304000,"ts":1760456204.3830228}
2025/10/14 15:36:45 POLARIS_LOG {"event":"send_rate","rate":296000,"ts":1760456205.3820941}
2025/10/14 15:36:46 POLARIS_LOG {"event":"send_rate","rate":304000,"ts":1760456206.382995}
2025/10/14 15:36:47 POLARIS_LOG {"event":"send_rate","rate":296000,"ts":1760456207.382713}
2025/10/14 15:36:48 POLARIS_LOG {"event":"send_rate","rate":304000,"ts":1760456208.3825223}
2025/10/14 15:36:49 POLARIS_LOG {"event":"send_rate","rate":296000,"ts":1760456209.3830345}
2025/10/14 15:36:50 POLARIS_LOG {"event":"send_rate","rate":304000,"ts":1760456210.3825736}
2025/10/14 15:36:51 POLARIS_LOG {"event":"send_rate","rate":296000,"ts":1760456211.3829932}
2025/10/14 15:36:52 POLARIS_LOG {"event":"send_rate","rate":304000,"ts":1760456212.3826551}
2025/10/14 15:36:53 POLARIS_LOG {"event":"send_rate","rate":296000,"ts":1760456213.3830366}
2025/10/14 15:36:54 POLARIS_LOG {"event":"send_rate","rate":304000,"ts":1760456214.382391}
2025/10/14 15:36:55 POLARIS_LOG {"event":"send_rate","rate":296000,"ts":1760456215.3830292}
2025/10/14 15:36:56 POLARIS_LOG {"event":"send_rate","rate":304000,"ts":1760456216.382355}
2025/10/14 15:36:57 POLARIS_LOG {"event":"send_rate","rate":296000,"ts":1760456217.3828351}
2025/10/14 15:36:58 POLARIS_LOG {"event":"send_rate","rate":304000,"ts":1760456218.3828838}
2025/10/14 15:36:59 POLARIS_LOG {"event":"send_rate","rate":296000,"ts":1760456219.382617}
2025/10/14 15:37:00 POLARIS_LOG {"event":"send_rate","rate":304000,"ts":1760456220.3825572}
2025/10/14 15:37:01 POLARIS_LOG {"event":"send_rate","rate":296000,"ts":1760456221.3826609}
2025/10/14 15:37:02 POLARIS_LOG {"event":"send_rate","rate":304000,"ts":1760456222.3831947}
2025/10/14 15:37:03 POLARIS_LOG {"event":"send_rate","rate":296000,"ts":1760456223.3823938}
2025/10/14 15:37:04 POLARIS_LOG {"event":"send_rate","rate":304000,"ts":1760456224.3829737}
2025/10/14 15:37:05 POLARIS_LOG {"event":"send_rate","rate":296000,"ts":1760456225.383212}
2025/10/14 15:37:06 POLARIS_LOG {"event":"send_rate","rate":304000,"ts":1760456226.3824537}
2025/10/14 15:37:07 POLARIS_LOG {"event":"send_rate","rate":296000,"ts":1760456227.3827705}
2025/10/14 15:37:08 POLARIS_LOG {"event":"send_rate","rate":304000,"ts":1760456228.3823845}
2025/10/14 15:37:09 POLARIS_LOG {"event":"send_rate","rate":296000,"ts":1760456229.3828413}
2025/10/14 15:37:10 POLARIS_LOG {"event":"send_rate","rate":304000,"ts":1760456230.3828807}
2025/10/14 15:37:11 POLARIS_LOG {"event":"send_rate","rate":296000,"ts":1760456231.382815}
2025/10/14 15:37:12 POLARIS_LOG {"event":"send_rate","rate":304000,"ts":1760456232.3825858}
2025/10/14 15:37:13 POLARIS_LOG {"event":"send_rate","rate":296000,"ts":1760456233.3827686}
2025/10/14 15:37:14 POLARIS_LOG {"event":"send_rate","rate":304000,"ts":1760456234.3823037}
2025/10/14 15:37:15 POLARIS_LOG {"event":"send_rate","rate":296000,"ts":1760456235.3825715}
2025/10/14 15:37:16 POLARIS_LOG {"event":"send_rate","rate":304000,"ts":1760456236.3829515}
2025/10/14 15:37:17 POLARIS_LOG {"event":"send_rate","rate":296000,"ts":1760456237.3825443}
2025/10/14 15:37:18 POLARIS_LOG {"event":"send_rate","rate":304000,"ts":1760456238.3828757}
2025/10/14 15:37:19 POLARIS_LOG {"event":"send_rate","rate":296000,"ts":1760456239.3822155}
2025/10/14 15:37:20 POLARIS_LOG {"event":"send_rate","rate":304000,"ts":1760456240.3820894}
2025/10/14 15:37:21 POLARIS_LOG {"event":"send_rate","rate":296000,"ts":1760456241.383234}
2025/10/14 15:37:22 POLARIS_LOG {"event":"send_rate","rate":304000,"ts":1760456242.382869}
2025/10/14 15:37:23 POLARIS_LOG {"event":"send_rate","rate":296000,"ts":1760456243.3830056}
2025/10/14 15:37:24 POLARIS_LOG {"event":"send_rate","rate":304000,"ts":1760456244.3828692}
2025/10/14 15:37:25 POLARIS_LOG {"event":"send_rate","rate":296000,"ts":1760456245.3822541}
2025/10/14 15:37:26 POLARIS_LOG {"event":"send_rate","rate":304000,"ts":1760456246.382932}
2025/10/14 15:37:27 POLARIS_LOG {"event":"send_rate","rate":296000,"ts":1760456247.382779}
2025/10/14 15:37:28 POLARIS_LOG {"event":"send_rate","rate":304000,"ts":1760456248.3830838}
2025/10/14 15:37:29 POLARIS_LOG {"event":"send_rate","rate":296000,"ts":1760456249.3828318}
2025/10/14 15:37:30 POLARIS_LOG {"event":"send_rate","rate":304000,"ts":1760456250.3823454}
2025/10/14 15:37:31 POLARIS_LOG {"event":"send_rate","rate":296000,"ts":1760456251.3830876}
2025/10/14 15:37:32 POLARIS_LOG {"event":"send_rate","rate":304000,"ts":1760456252.3827312}
2025/10/14 15:37:33 POLARIS_LOG {"event":"send_rate","rate":296000,"ts":1760456253.3827238}
2025/10/14 15:37:34 POLARIS_LOG {"event":"send_rate","rate":304000,"ts":1760456254.382663}
2025/10/14 15:37:35 POLARIS_LOG {"event":"send_rate","rate":296000,"ts":1760456255.382679}
2025/10/14 15:37:36 POLARIS_LOG {"event":"send_rate","rate":304000,"ts":1760456256.3825204}
2025/10/14 15:37:37 POLARIS_LOG {"event":"send_rate","rate":296000,"ts":1760456257.3827963}
2025/10/14 15:37:38 POLARIS_LOG {"event":"send_rate","rate":304000,"ts":1760456258.382917}
2025/10/14 15:37:39 POLARIS_LOG {"event":"send_rate","rate":296000,"ts":1760456259.3823192}
2025/10/14 15:37:40 POLARIS_LOG {"event":"send_rate","rate":304000,"ts":1760456260.382443}
2025/10/14 15:37:41 POLARIS_LOG {"event":"send_rate","rate":296000,"ts":1760456261.38311}
2025/10/14 15:37:42 POLARIS_LOG {"event":"send_rate","rate":304000,"ts":1760456262.3825068}
2025/10/14 15:37:43 POLARIS_LOG {"event":"send_rate","rate":296000,"ts":1760456263.382508}
2025/10/14 15:37:44 POLARIS_LOG {"event":"send_rate","rate":304000,"ts":1760456264.3825917}
2025/10/14 15:37:45 POLARIS_LOG {"event":"send_rate","rate":296000,"ts":1760456265.3828347}
2025/10/14 15:37:46 POLARIS_LOG {"event":"send_rate","rate":304000,"ts":1760456266.3831708}
2025/10/14 15:37:47 POLARIS_LOG {"event":"send_rate","rate":296000,"ts":1760456267.383195}
2025/10/14 15:37:48 POLARIS_LOG {"event":"send_rate","rate":304000,"ts":1760456268.383271}
2025/10/14 15:37:49 POLARIS_LOG {"event":"send_rate","rate":296000,"ts":1760456269.3829896}
2025/10/14 15:37:50 POLARIS_LOG {"event":"send_rate","rate":304000,"ts":1760456270.3828685}
2025/10/14 15:37:51 POLARIS_LOG {"event":"send_rate","rate":296000,"ts":1760456271.3830392}
2025/10/14 15:37:52 POLARIS_LOG {"event":"send_rate","rate":304000,"ts":1760456272.3824143}
2025/10/14 15:37:53 POLARIS_LOG {"event":"send_rate","rate":296000,"ts":1760456273.382358}
2025/10/14 15:37:54 POLARIS_LOG {"event":"send_rate","rate":304000,"ts":1760456274.383056}
2025/10/14 15:37:55 POLARIS_LOG {"event":"send_rate","rate":296000,"ts":1760456275.383057}
2025/10/14 15:37:56 POLARIS_LOG {"event":"send_rate","rate":304000,"ts":1760456276.3830605}
2025/10/14 15:37:57 POLARIS_LOG {"event":"send_rate","rate":296000,"ts":1760456277.382863}
2025/10/14 15:37:58 POLARIS_LOG {"event":"send_rate","rate":304000,"ts":1760456278.3825262}
2025/10/14 15:37:59 POLARIS_LOG {"event":"send_rate","rate":296000,"ts":1760456279.3830335}
2025/10/14 15:38:00 POLARIS_LOG {"event":"send_rate","rate":304000,"ts":1760456280.3827674}
2025/10/14 15:38:01 POLARIS_LOG {"event":"send_rate","rate":296000,"ts":1760456281.3833168}
2025/10/14 15:38:02 POLARIS_LOG {"event":"send_rate","rate":304000,"ts":1760456282.383033}
2025/10/14 15:38:03 POLARIS_LOG {"event":"send_rate","rate":296000,"ts":1760456283.38287}
2025/10/14 15:38:04 POLARIS_LOG {"event":"send_rate","rate":304000,"ts":1760456284.3830812}
2025/10/14 15:38:05 POLARIS_LOG {"event":"send_rate","rate":296000,"ts":1760456285.382367}
2025/10/14 15:38:06 POLARIS_LOG {"event":"send_rate","rate":304000,"ts":1760456286.3821223}
2025/10/14 15:38:07 POLARIS_LOG {"event":"send_rate","rate":296000,"ts":1760456287.3884041}
2025/10/14 15:38:08 POLARIS_LOG {"event":"send_rate","rate":304000,"ts":1760456288.383044}
2025/10/14 15:38:09 POLARIS_LOG {"event":"send_rate","rate":296000,"ts":1760456289.3825173}
2025/10/14 15:38:10 POLARIS_LOG {"event":"send_rate","rate":304000,"ts":1760456290.3826768}
2025/10/14 15:38:11 POLARIS_LOG {"event":"send_rate","rate":296000,"ts":1760456291.3821337}
2025/10/14 15:38:12 POLARIS_LOG {"event":"send_rate","rate":304000,"ts":1760456292.382658}
2025/10/14 15:38:13 POLARIS_LOG {"event":"send_rate","rate":296000,"ts":1760456293.3830926}
2025/10/14 15:38:14 POLARIS_LOG {"event":"send_rate","rate":304000,"ts":1760456294.3832}
2025/10/14 15:38:15 POLARIS_LOG {"event":"send_rate","rate":296000,"ts":1760456295.3832197}
2025/10/14 15:38:16 POLARIS_LOG {"event":"send_rate","rate":296000,"ts":1760456296.3821795}
2025/10/14 15:38:17 POLARIS_LOG {"event":"send_rate","rate":304000,"ts":1760456297.382637}
2025/10/14 15:38:18 POLARIS_LOG {"event":"send_rate","rate":296000,"ts":1760456298.382363}
2025/10/14 15:38:19 POLARIS_LOG {"event":"send_rate","rate":304000,"ts":1760456299.3827002}
2025/10/14 15:38:20 POLARIS_LOG {"event":"send_rate","rate":296000,"ts":1760456300.382677}
2025/10/14 15:38:21 POLARIS_LOG {"event":"send_rate","rate":304000,"ts":1760456301.3827925}
2025/10/14 15:38:22 POLARIS_LOG {"event":"send_rate","rate":296000,"ts":1760456302.3828723}
2025/10/14 15:38:23 POLARIS_LOG {"event":"send_rate","rate":304000,"ts":1760456303.3826745}
2025/10/14 15:38:24 POLARIS_LOG {"event":"send_rate","rate":296000,"ts":1760456304.382434}
2025/10/14 15:38:25 POLARIS_LOG {"event":"send_rate","rate":304000,"ts":1760456305.3823454}
2025/10/14 15:38:26 POLARIS_LOG {"event":"send_rate","rate":296000,"ts":1760456306.3826852}
2025/10/14 15:38:27 POLARIS_LOG {"event":"send_rate","rate":304000,"ts":1760456307.3829741}
2025/10/14 15:38:28 POLARIS_LOG {"event":"send_rate","rate":296000,"ts":1760456308.382643}
2025/10/14 15:38:29 POLARIS_LOG {"event":"send_rate","rate":304000,"ts":1760456309.3821228}
2025/10/14 15:38:30 POLARIS_LOG {"event":"send_rate","rate":296000,"ts":1760456310.3821206}
2025/10/14 15:38:31 POLARIS_LOG {"event":"send_rate","rate":304000,"ts":1760456311.3829885}
2025/10/14 15:38:32 POLARIS_LOG {"event":"send_rate","rate":296000,"ts":1760456312.3829594}
2025/10/14 15:38:33 POLARIS_LOG {"event":"send_rate","rate":304000,"ts":1760456313.3831213}
2025/10/14 15:38:34 POLARIS_LOG {"event":"send_rate","rate":296000,"ts":1760456314.3823805}
2025/10/14 15:38:35 POLARIS_LOG {"event":"send_rate","rate":304000,"ts":1760456315.382838}
2025/10/14 15:38:36 POLARIS_LOG {"event":"send_rate","rate":296000,"ts":1760456316.3831265}
2025/10/14 15:38:37 POLARIS_LOG {"event":"send_rate","rate":304000,"ts":1760456317.3827975}
2025/10/14 15:38:38 POLARIS_LOG {"event":"send_rate","rate":296000,"ts":1760456318.382536}
2025/10/14 15:38:39 POLARIS_LOG {"event":"send_rate","rate":304000,"ts":1760456319.382583}
2025/10/14 15:38:40 POLARIS_LOG {"event":"send_rate","rate":296000,"ts":1760456320.3832014}
2025/10/14 15:38:41 POLARIS_LOG {"event":"send_rate","rate":304000,"ts":1760456321.3825483}
2025/10/14 15:38:42 POLARIS_LOG {"event":"send_rate","rate":296000,"ts":1760456322.382706}
2025/10/14 15:38:43 POLARIS_LOG {"event":"send_rate","rate":304000,"ts":1760456323.382642}
2025/10/14 15:38:44 POLARIS_LOG {"event":"send_rate","rate":296000,"ts":1760456324.3828678}
2025/10/14 15:38:45 POLARIS_LOG {"event":"send_rate","rate":304000,"ts":1760456325.3824997}
2025/10/14 15:38:46 POLARIS_LOG {"event":"send_rate","rate":296000,"ts":1760456326.3831022}
2025/10/14 15:38:47 POLARIS_LOG {"event":"send_rate","rate":304000,"ts":1760456327.3831282}
2025/10/14 15:38:48 POLARIS_LOG {"event":"send_rate","rate":296000,"ts":1760456328.3828158}
2025/10/14 15:38:49 POLARIS_LOG {"event":"send_rate","rate":304000,"ts":1760456329.382925}
2025/10/14 15:38:50 POLARIS_LOG {"event":"send_rate","rate":296000,"ts":1760456330.3823202}
2025/10/14 15:38:51 POLARIS_LOG {"event":"send_rate","rate":304000,"ts":1760456331.3826978}
2025/10/14 15:38:52 POLARIS_LOG {"event":"send_rate","rate":296000,"ts":1760456332.3830216}
2025/10/14 15:38:53 POLARIS_LOG {"event":"send_rate","rate":304000,"ts":1760456333.3829637}
2025/10/14 15:38:54 POLARIS_LOG {"event":"send_rate","rate":296000,"ts":1760456334.382306}
2025/10/14 15:38:55 POLARIS_LOG {"event":"send_rate","rate":304000,"ts":1760456335.3824387}
2025/10/14 15:38:56 POLARIS_LOG {"event":"send_rate","rate":296000,"ts":1760456336.3829424}
2025/10/14 15:38:57 POLARIS_LOG {"event":"send_rate","rate":304000,"ts":1760456337.382737}
2025/10/14 15:38:58 POLARIS_LOG {"event":"send_rate","rate":296000,"ts":1760456338.3822684}
2025/10/14 15:38:59 POLARIS_LOG {"event":"send_rate","rate":304000,"ts":1760456339.3829067}
2025/10/14 15:39:00 POLARIS_LOG {"event":"send_rate","rate":296000,"ts":1760456340.383737}
2025/10/14 15:39:01 POLARIS_LOG {"event":"send_rate","rate":320000,"ts":1760456341.4310617}
2025/10/14 15:39:02 POLARIS_LOG {"event":"send_rate","rate":280000,"ts":1760456342.3830485}
2025/10/14 15:39:03 POLARIS_LOG {"event":"send_rate","rate":304000,"ts":1760456343.3826213}
2025/10/14 15:39:04 POLARIS_LOG {"event":"send_rate","rate":296000,"ts":1760456344.3828127}
2025/10/14 15:39:05 POLARIS_LOG {"event":"send_rate","rate":304000,"ts":1760456345.382895}
2025/10/14 15:39:06 POLARIS_LOG {"event":"send_rate","rate":296000,"ts":1760456346.3829486}
2025/10/14 15:39:07 POLARIS_LOG {"event":"send_rate","rate":304000,"ts":1760456347.3822126}
2025/10/14 15:39:08 POLARIS_LOG {"event":"send_rate","rate":296000,"ts":1760456348.3826492}
2025/10/14 15:39:09 POLARIS_LOG {"event":"send_rate","rate":304000,"ts":1760456349.3822901}
2025/10/14 15:39:10 POLARIS_LOG {"event":"send_rate","rate":296000,"ts":1760456350.382645}
2025/10/14 15:39:11 POLARIS_LOG {"event":"send_rate","rate":304000,"ts":1760456351.382641}
2025/10/14 15:39:12 POLARIS_LOG {"event":"send_rate","rate":296000,"ts":1760456352.3829148}
2025/10/14 15:39:13 POLARIS_LOG {"event":"send_rate","rate":304000,"ts":1760456353.3824208}
2025/10/14 15:39:14 POLARIS_LOG {"event":"send_rate","rate":296000,"ts":1760456354.3821645}
2025/10/14 15:39:15 POLARIS_LOG {"event":"send_rate","rate":304000,"ts":1760456355.382763}
2025/10/14 15:39:16 POLARIS_LOG {"event":"send_rate","rate":296000,"ts":1760456356.3827577}
2025/10/14 15:39:17 POLARIS_LOG {"event":"send_rate","rate":304000,"ts":1760456357.382287}
2025/10/14 15:39:18 POLARIS_LOG {"event":"send_rate","rate":296000,"ts":1760456358.3824203}
2025/10/14 15:39:19 POLARIS_LOG {"event":"send_rate","rate":304000,"ts":1760456359.3824756}
2025/10/14 15:39:20 POLARIS_LOG {"event":"send_rate","rate":296000,"ts":1760456360.3826153}
2025/10/14 15:39:21 POLARIS_LOG {"event":"send_rate","rate":304000,"ts":1760456361.3828425}
2025/10/14 15:39:22 POLARIS_LOG {"event":"send_rate","rate":296000,"ts":1760456362.3823783}
2025/10/14 15:39:23 POLARIS_LOG {"event":"send_rate","rate":304000,"ts":1760456363.382771}
2025/10/14 15:39:24 POLARIS_LOG {"event":"send_rate","rate":296000,"ts":1760456364.383016}
2025/10/14 15:39:25 POLARIS_LOG {"event":"send_rate","rate":304000,"ts":1760456365.382471}
2025/10/14 15:39:26 POLARIS_LOG {"event":"send_rate","rate":296000,"ts":1760456366.3832026}
2025/10/14 15:39:27 POLARIS_LOG {"event":"send_rate","rate":304000,"ts":1760456367.3822823}
2025/10/14 15:39:28 POLARIS_LOG {"event":"send_rate","rate":296000,"ts":1760456368.3836262}
2025/10/14 15:39:29 POLARIS_LOG {"event":"send_rate","rate":304000,"ts":1760456369.3858514}
2025/10/14 15:39:30 POLARIS_LOG {"event":"send_rate","rate":296000,"ts":1760456370.3825135}
We need to sleep for 1 seconds before we can get the results
2025/10/14 15:39:31 POLARIS_LOG {"event":"send_rate","rate":16000,"ts":1760456371.382164}
Drain Loop received packet
Drain Loop received non-nil payload
Client sent 10912 packets, server reported 10898 packets received
The network loss rate from client to server is 0.1%

S->C results
Attempted bandwidth: 0 bps / 0.00 Mbps
Achieved bandwidth: 0 bps / 0.00 Mbps
Loss rate: 0.0%
Interarrival time min/avg/max/mdev = -0.000/0.000/0.000/0.000 ms

C->S results
Attempted bandwidth: 299986 bps / 0.30 Mbps
Achieved bandwidth: 299601 bps / 0.30 Mbps
Loss rate: 0.1%
Interarrival time min/avg/max/mdev = 0.002/26.704/382.693/18.868 ms
