
Test parameters:
client->server: 264 seconds, 1000 bytes, 9900 packets
server->client: 264 seconds, 1000 bytes, 0 packets
Polaris prober initialized with 38 paths
Polaris prober initialized with local 1-111,10.111.0.71:32728 and remote 1-113,10.113.0.71
2025/10/14 15:35:06 POLARIS_LOG {"current_rate":0,"event":"path_switch","new":"2 2 5 2","trigger":"initialization","ts":1760456106.6309233}
2025/10/14 15:35:08 POLARIS_LOG {"event":"send_rate","rate":40000,"ts":1760456108.6357613}
2025/10/14 15:35:09 POLARIS_LOG {"event":"send_rate","rate":304000,"ts":1760456109.6360216}
2025/10/14 15:35:10 POLARIS_LOG {"event":"send_rate","rate":296000,"ts":1760456110.6342719}
2025/10/14 15:35:11 POLARIS_LOG {"event":"send_rate","rate":304000,"ts":1760456111.632639}
2025/10/14 15:35:12 POLARIS_LOG {"event":"send_rate","rate":296000,"ts":1760456112.6346781}
2025/10/14 15:35:13 POLARIS_LOG {"event":"send_rate","rate":304000,"ts":1760456113.633804}
2025/10/14 15:35:14 POLARIS_LOG {"event":"send_rate","rate":296000,"ts":1760456114.6415155}
2025/10/14 15:35:15 POLARIS_LOG {"event":"send_rate","rate":304000,"ts":1760456115.635339}
2025/10/14 15:35:16 POLARIS_LOG {"event":"send_rate","rate":296000,"ts":1760456116.6370819}
2025/10/14 15:35:17 POLARIS_LOG {"event":"send_rate","rate":280000,"ts":1760456117.6340778}
2025/10/14 15:35:18 POLARIS_LOG {"event":"send_rate","rate":232000,"ts":1760456118.6612766}
2025/10/14 15:35:19 POLARIS_LOG {"event":"send_rate","rate":216000,"ts":1760456119.6345813}
2025/10/14 15:35:20 POLARIS_LOG {"event":"send_rate","rate":280000,"ts":1760456120.632872}
2025/10/14 15:35:21 POLARIS_LOG {"event":"send_rate","rate":464000,"ts":1760456121.6406007}
2025/10/14 15:35:22 POLARIS_LOG {"event":"send_rate","rate":328000,"ts":1760456122.633063}
2025/10/14 15:35:23 POLARIS_LOG {"event":"send_rate","rate":304000,"ts":1760456123.6324494}
2025/10/14 15:35:24 POLARIS_LOG {"event":"send_rate","rate":320000,"ts":1760456124.7215648}
2025/10/14 15:35:25 POLARIS_LOG {"event":"send_rate","rate":280000,"ts":1760456125.6340828}
2025/10/14 15:35:26 POLARIS_LOG {"event":"send_rate","rate":296000,"ts":1760456126.6400225}
2025/10/14 15:35:27 POLARIS_LOG {"event":"send_rate","rate":296000,"ts":1760456127.6328807}
2025/10/14 15:35:28 POLARIS_LOG {"event":"send_rate","rate":304000,"ts":1760456128.650486}
2025/10/14 15:35:29 POLARIS_LOG {"event":"send_rate","rate":312000,"ts":1760456129.6685064}
2025/10/14 15:35:30 POLARIS_LOG {"event":"send_rate","rate":296000,"ts":1760456130.6542404}
2025/10/14 15:35:31 POLARIS_LOG {"event":"send_rate","rate":304000,"ts":1760456131.6655378}
2025/10/14 15:35:32 POLARIS_LOG {"event":"send_rate","rate":288000,"ts":1760456132.635486}
2025/10/14 15:35:33 POLARIS_LOG {"event":"send_rate","rate":304000,"ts":1760456133.6399553}
2025/10/14 15:35:34 POLARIS_LOG {"event":"send_rate","rate":296000,"ts":1760456134.6381652}
2025/10/14 15:35:35 POLARIS_LOG {"event":"send_rate","rate":304000,"ts":1760456135.6329267}
2025/10/14 15:35:36 POLARIS_LOG {"event":"send_rate","rate":296000,"ts":1760456136.6413076}
2025/10/14 15:35:37 POLARIS_LOG {"event":"send_rate","rate":296000,"ts":1760456137.6346745}
2025/10/14 15:35:38 POLARIS_LOG {"event":"send_rate","rate":304000,"ts":1760456138.6340137}
2025/10/14 15:35:39 POLARIS_LOG {"event":"send_rate","rate":304000,"ts":1760456139.635437}
2025/10/14 15:35:40 POLARIS_LOG {"event":"send_rate","rate":296000,"ts":1760456140.6476672}
2025/10/14 15:35:41 POLARIS_LOG {"event":"send_rate","rate":296000,"ts":1760456141.6331651}
2025/10/14 15:35:42 POLARIS_LOG {"event":"send_rate","rate":304000,"ts":1760456142.6346254}
2025/10/14 15:35:43 POLARIS_LOG {"event":"send_rate","rate":296000,"ts":1760456143.6327083}
2025/10/14 15:35:44 POLARIS_LOG {"event":"send_rate","rate":304000,"ts":1760456144.6698844}
2025/10/14 15:35:45 POLARIS_LOG {"event":"send_rate","rate":304000,"ts":1760456145.6567717}
2025/10/14 15:35:46 POLARIS_LOG {"event":"send_rate","rate":296000,"ts":1760456146.63597}
2025/10/14 15:35:47 POLARIS_LOG {"event":"send_rate","rate":296000,"ts":1760456147.660627}
2025/10/14 15:35:48 POLARIS_LOG {"event":"send_rate","rate":304000,"ts":1760456148.6336613}
2025/10/14 15:35:49 POLARIS_LOG {"event":"send_rate","rate":296000,"ts":1760456149.6334865}
2025/10/14 15:35:50 POLARIS_LOG {"event":"send_rate","rate":304000,"ts":1760456150.634055}
2025/10/14 15:35:51 POLARIS_LOG {"event":"send_rate","rate":296000,"ts":1760456151.6373222}
2025/10/14 15:35:52 POLARIS_LOG {"event":"send_rate","rate":304000,"ts":1760456152.63364}
2025/10/14 15:35:53 POLARIS_LOG {"event":"send_rate","rate":296000,"ts":1760456153.6327105}
2025/10/14 15:35:54 POLARIS_LOG {"event":"send_rate","rate":304000,"ts":1760456154.6340895}
2025/10/14 15:35:55 POLARIS_LOG {"event":"send_rate","rate":304000,"ts":1760456155.6529925}
2025/10/14 15:35:56 POLARIS_LOG {"event":"send_rate","rate":296000,"ts":1760456156.6329706}
2025/10/14 15:35:57 POLARIS_LOG {"event":"send_rate","rate":304000,"ts":1760456157.6362004}
2025/10/14 15:35:58 POLARIS_LOG {"event":"send_rate","rate":296000,"ts":1760456158.6333425}
2025/10/14 15:35:59 POLARIS_LOG {"event":"send_rate","rate":304000,"ts":1760456159.6502278}
2025/10/14 15:36:00 POLARIS_LOG {"event":"send_rate","rate":296000,"ts":1760456160.63513}
2025/10/14 15:36:01 POLARIS_LOG {"event":"send_rate","rate":296000,"ts":1760456161.634074}
2025/10/14 15:36:02 POLARIS_LOG {"event":"send_rate","rate":304000,"ts":1760456162.6328194}
2025/10/14 15:36:03 POLARIS_LOG {"event":"send_rate","rate":296000,"ts":1760456163.6457584}
2025/10/14 15:36:04 POLARIS_LOG {"event":"send_rate","rate":304000,"ts":1760456164.644533}
2025/10/14 15:36:05 POLARIS_LOG {"event":"send_rate","rate":296000,"ts":1760456165.6331277}
2025/10/14 15:36:06 POLARIS_LOG {"event":"send_rate","rate":304000,"ts":1760456166.638465}
2025/10/14 15:36:07 POLARIS_LOG {"event":"send_rate","rate":296000,"ts":1760456167.6333635}
2025/10/14 15:36:08 POLARIS_LOG {"event":"send_rate","rate":304000,"ts":1760456168.6333036}
2025/10/14 15:36:09 POLARIS_LOG {"event":"send_rate","rate":296000,"ts":1760456169.6564162}
2025/10/14 15:36:10 POLARIS_LOG {"event":"send_rate","rate":296000,"ts":1760456170.6352427}
2025/10/14 15:36:11 POLARIS_LOG {"event":"send_rate","rate":304000,"ts":1760456171.6328647}
2025/10/14 15:36:12 POLARIS_LOG {"event":"send_rate","rate":312000,"ts":1760456172.6621125}
2025/10/14 15:36:13 POLARIS_LOG {"event":"send_rate","rate":296000,"ts":1760456173.6388907}
2025/10/14 15:36:14 POLARIS_LOG {"event":"send_rate","rate":296000,"ts":1760456174.6335804}
2025/10/14 15:36:15 POLARIS_LOG {"event":"send_rate","rate":296000,"ts":1760456175.6342573}
2025/10/14 15:36:16 POLARIS_LOG {"event":"send_rate","rate":304000,"ts":1760456176.6332695}
2025/10/14 15:36:17 POLARIS_LOG {"event":"send_rate","rate":296000,"ts":1760456177.633223}
2025/10/14 15:36:18 POLARIS_LOG {"event":"send_rate","rate":312000,"ts":1760456178.6512585}
2025/10/14 15:36:19 POLARIS_LOG {"event":"send_rate","rate":288000,"ts":1760456179.6365135}
2025/10/14 15:36:20 POLARIS_LOG {"event":"send_rate","rate":304000,"ts":1760456180.6335921}
2025/10/14 15:36:21 POLARIS_LOG {"event":"send_rate","rate":296000,"ts":1760456181.6351733}
2025/10/14 15:36:22 POLARIS_LOG {"event":"send_rate","rate":304000,"ts":1760456182.6555145}
2025/10/14 15:36:23 POLARIS_LOG {"event":"send_rate","rate":304000,"ts":1760456183.698371}
2025/10/14 15:36:24 POLARIS_LOG {"event":"send_rate","rate":296000,"ts":1760456184.6466436}
2025/10/14 15:36:25 POLARIS_LOG {"event":"send_rate","rate":304000,"ts":1760456185.6448164}
2025/10/14 15:36:26 POLARIS_LOG {"event":"send_rate","rate":296000,"ts":1760456186.633742}
2025/10/14 15:36:27 POLARIS_LOG {"event":"send_rate","rate":296000,"ts":1760456187.6327064}
2025/10/14 15:36:28 POLARIS_LOG {"event":"send_rate","rate":304000,"ts":1760456188.6331937}
2025/10/14 15:36:29 POLARIS_LOG {"event":"send_rate","rate":304000,"ts":1760456189.6432767}
2025/10/14 15:36:30 POLARIS_LOG {"event":"send_rate","rate":296000,"ts":1760456190.638616}
2025/10/14 15:36:31 POLARIS_LOG {"event":"send_rate","rate":296000,"ts":1760456191.6337116}
2025/10/14 15:36:32 POLARIS_LOG {"event":"send_rate","rate":312000,"ts":1760456192.6554503}
2025/10/14 15:36:33 POLARIS_LOG {"event":"send_rate","rate":288000,"ts":1760456193.6332102}
2025/10/14 15:36:34 POLARIS_LOG {"event":"send_rate","rate":304000,"ts":1760456194.6338181}
2025/10/14 15:36:35 POLARIS_LOG {"event":"send_rate","rate":304000,"ts":1760456195.6438131}
2025/10/14 15:36:36 POLARIS_LOG {"event":"send_rate","rate":296000,"ts":1760456196.6436913}
2025/10/14 15:36:37 POLARIS_LOG {"event":"send_rate","rate":296000,"ts":1760456197.6491902}
2025/10/14 15:36:38 POLARIS_LOG {"event":"send_rate","rate":304000,"ts":1760456198.6333444}
2025/10/14 15:36:39 POLARIS_LOG {"event":"send_rate","rate":296000,"ts":1760456199.6324432}
2025/10/14 15:36:40 POLARIS_LOG {"event":"send_rate","rate":304000,"ts":1760456200.6328669}
2025/10/14 15:36:41 POLARIS_LOG {"event":"send_rate","rate":296000,"ts":1760456201.6333902}
2025/10/14 15:36:42 POLARIS_LOG {"event":"send_rate","rate":304000,"ts":1760456202.6334279}
2025/10/14 15:36:43 POLARIS_LOG {"event":"send_rate","rate":296000,"ts":1760456203.6331077}
2025/10/14 15:36:44 POLARIS_LOG {"event":"send_rate","rate":296000,"ts":1760456204.6394935}
2025/10/14 15:36:45 POLARIS_LOG {"event":"send_rate","rate":304000,"ts":1760456205.6330335}
2025/10/14 15:36:46 POLARIS_LOG {"event":"send_rate","rate":304000,"ts":1760456206.6339865}
2025/10/14 15:36:47 POLARIS_LOG {"event":"send_rate","rate":304000,"ts":1760456207.6412172}
2025/10/14 15:36:48 POLARIS_LOG {"event":"send_rate","rate":296000,"ts":1760456208.636071}
2025/10/14 15:36:49 POLARIS_LOG {"event":"send_rate","rate":296000,"ts":1760456209.633419}
2025/10/14 15:36:50 POLARIS_LOG {"event":"send_rate","rate":304000,"ts":1760456210.6343925}
2025/10/14 15:36:51 POLARIS_LOG {"event":"send_rate","rate":296000,"ts":1760456211.6331074}
2025/10/14 15:36:52 POLARIS_LOG {"event":"send_rate","rate":304000,"ts":1760456212.6339447}
2025/10/14 15:36:53 POLARIS_LOG {"event":"send_rate","rate":296000,"ts":1760456213.6348474}
2025/10/14 15:36:54 POLARIS_LOG {"event":"send_rate","rate":304000,"ts":1760456214.6336935}
2025/10/14 15:36:55 POLARIS_LOG {"event":"send_rate","rate":296000,"ts":1760456215.6337042}
2025/10/14 15:36:56 POLARIS_LOG {"event":"send_rate","rate":304000,"ts":1760456216.6340225}
2025/10/14 15:36:57 POLARIS_LOG {"event":"send_rate","rate":296000,"ts":1760456217.6354492}
2025/10/14 15:36:58 POLARIS_LOG {"event":"send_rate","rate":304000,"ts":1760456218.6403897}
2025/10/14 15:36:59 POLARIS_LOG {"event":"send_rate","rate":296000,"ts":1760456219.6338625}
2025/10/14 15:37:00 POLARIS_LOG {"event":"send_rate","rate":304000,"ts":1760456220.6358712}
2025/10/14 15:37:01 POLARIS_LOG {"event":"send_rate","rate":296000,"ts":1760456221.63319}
2025/10/14 15:37:02 POLARIS_LOG {"event":"send_rate","rate":304000,"ts":1760456222.6326513}
2025/10/14 15:37:03 POLARIS_LOG {"event":"send_rate","rate":296000,"ts":1760456223.6338372}
2025/10/14 15:37:04 POLARIS_LOG {"event":"send_rate","rate":304000,"ts":1760456224.6333046}
2025/10/14 15:37:05 POLARIS_LOG {"event":"send_rate","rate":296000,"ts":1760456225.6324515}
2025/10/14 15:37:06 POLARIS_LOG {"event":"send_rate","rate":304000,"ts":1760456226.6348884}
2025/10/14 15:37:07 POLARIS_LOG {"event":"send_rate","rate":296000,"ts":1760456227.6333332}
2025/10/14 15:37:08 POLARIS_LOG {"event":"send_rate","rate":304000,"ts":1760456228.6337159}
2025/10/14 15:37:09 POLARIS_LOG {"event":"send_rate","rate":296000,"ts":1760456229.6341457}
2025/10/14 15:37:10 POLARIS_LOG {"event":"send_rate","rate":304000,"ts":1760456230.6356237}
2025/10/14 15:37:11 POLARIS_LOG {"event":"send_rate","rate":296000,"ts":1760456231.6326377}
2025/10/14 15:37:12 POLARIS_LOG {"event":"send_rate","rate":304000,"ts":1760456232.6340814}
2025/10/14 15:37:13 POLARIS_LOG {"event":"send_rate","rate":296000,"ts":1760456233.6325953}
2025/10/14 15:37:14 POLARIS_LOG {"event":"send_rate","rate":304000,"ts":1760456234.6438215}
2025/10/14 15:37:15 POLARIS_LOG {"event":"send_rate","rate":296000,"ts":1760456235.639392}
2025/10/14 15:37:16 POLARIS_LOG {"event":"send_rate","rate":304000,"ts":1760456236.6401575}
2025/10/14 15:37:17 POLARIS_LOG {"event":"send_rate","rate":296000,"ts":1760456237.6327102}
2025/10/14 15:37:18 POLARIS_LOG {"event":"send_rate","rate":304000,"ts":1760456238.6333277}
2025/10/14 15:37:19 POLARIS_LOG {"event":"send_rate","rate":296000,"ts":1760456239.6329021}
2025/10/14 15:37:20 POLARIS_LOG {"event":"send_rate","rate":304000,"ts":1760456240.6340284}
2025/10/14 15:37:21 POLARIS_LOG {"event":"send_rate","rate":304000,"ts":1760456241.6444724}
2025/10/14 15:37:22 POLARIS_LOG {"event":"send_rate","rate":288000,"ts":1760456242.635715}
2025/10/14 15:37:23 POLARIS_LOG {"event":"send_rate","rate":304000,"ts":1760456243.6388032}
2025/10/14 15:37:24 POLARIS_LOG {"event":"send_rate","rate":296000,"ts":1760456244.6678677}
2025/10/14 15:37:25 POLARIS_LOG {"event":"send_rate","rate":304000,"ts":1760456245.6334405}
2025/10/14 15:37:26 POLARIS_LOG {"event":"send_rate","rate":304000,"ts":1760456246.632937}
2025/10/14 15:37:27 POLARIS_LOG {"event":"send_rate","rate":296000,"ts":1760456247.6345463}
2025/10/14 15:37:28 POLARIS_LOG {"event":"send_rate","rate":304000,"ts":1760456248.6477675}
2025/10/14 15:37:29 POLARIS_LOG {"event":"send_rate","rate":296000,"ts":1760456249.6333866}
2025/10/14 15:37:30 POLARIS_LOG {"event":"send_rate","rate":304000,"ts":1760456250.6376553}
2025/10/14 15:37:31 POLARIS_LOG {"event":"send_rate","rate":296000,"ts":1760456251.6514652}
2025/10/14 15:37:32 POLARIS_LOG {"event":"send_rate","rate":296000,"ts":1760456252.6489503}
2025/10/14 15:37:33 POLARIS_LOG {"event":"send_rate","rate":304000,"ts":1760456253.6324952}
2025/10/14 15:37:34 POLARIS_LOG {"event":"send_rate","rate":304000,"ts":1760456254.6325934}
2025/10/14 15:37:35 POLARIS_LOG {"event":"send_rate","rate":296000,"ts":1760456255.634072}
2025/10/14 15:37:36 POLARIS_LOG {"event":"send_rate","rate":296000,"ts":1760456256.63243}
2025/10/14 15:37:37 POLARIS_LOG {"event":"send_rate","rate":304000,"ts":1760456257.6446178}
2025/10/14 15:37:38 POLARIS_LOG {"event":"send_rate","rate":296000,"ts":1760456258.6324244}
2025/10/14 15:37:39 POLARIS_LOG {"event":"send_rate","rate":304000,"ts":1760456259.6330504}
2025/10/14 15:37:40 POLARIS_LOG {"event":"send_rate","rate":304000,"ts":1760456260.6350045}
2025/10/14 15:37:41 POLARIS_LOG {"event":"send_rate","rate":296000,"ts":1760456261.636521}
2025/10/14 15:37:42 POLARIS_LOG {"event":"send_rate","rate":304000,"ts":1760456262.634729}
2025/10/14 15:37:43 POLARIS_LOG {"event":"send_rate","rate":296000,"ts":1760456263.6383972}
2025/10/14 15:37:44 POLARIS_LOG {"event":"send_rate","rate":296000,"ts":1760456264.632589}
2025/10/14 15:37:45 POLARIS_LOG {"event":"send_rate","rate":304000,"ts":1760456265.6330779}
2025/10/14 15:37:46 POLARIS_LOG {"event":"send_rate","rate":304000,"ts":1760456266.6351316}
2025/10/14 15:37:47 POLARIS_LOG {"event":"send_rate","rate":296000,"ts":1760456267.6421006}
2025/10/14 15:37:48 POLARIS_LOG {"event":"send_rate","rate":296000,"ts":1760456268.659432}
2025/10/14 15:37:49 POLARIS_LOG {"event":"send_rate","rate":304000,"ts":1760456269.6327057}
2025/10/14 15:37:50 POLARIS_LOG {"event":"send_rate","rate":304000,"ts":1760456270.6347332}
2025/10/14 15:37:51 POLARIS_LOG {"event":"send_rate","rate":304000,"ts":1760456271.647184}
2025/10/14 15:37:52 POLARIS_LOG {"event":"send_rate","rate":296000,"ts":1760456272.635816}
2025/10/14 15:37:53 POLARIS_LOG {"event":"send_rate","rate":296000,"ts":1760456273.6324441}
2025/10/14 15:37:54 POLARIS_LOG {"event":"send_rate","rate":296000,"ts":1760456274.6475763}
2025/10/14 15:37:55 POLARIS_LOG {"event":"send_rate","rate":304000,"ts":1760456275.6460412}
2025/10/14 15:37:56 POLARIS_LOG {"event":"send_rate","rate":304000,"ts":1760456276.643722}
2025/10/14 15:37:57 POLARIS_LOG {"event":"send_rate","rate":296000,"ts":1760456277.6464994}
2025/10/14 15:37:58 POLARIS_LOG {"event":"send_rate","rate":296000,"ts":1760456278.6369615}
2025/10/14 15:37:59 POLARIS_LOG {"event":"send_rate","rate":304000,"ts":1760456279.639433}
2025/10/14 15:38:00 POLARIS_LOG {"event":"send_rate","rate":304000,"ts":1760456280.6368968}
2025/10/14 15:38:01 POLARIS_LOG {"event":"send_rate","rate":296000,"ts":1760456281.633908}
2025/10/14 15:38:02 POLARIS_LOG {"event":"send_rate","rate":296000,"ts":1760456282.6331456}
2025/10/14 15:38:03 POLARIS_LOG {"event":"send_rate","rate":304000,"ts":1760456283.634196}
2025/10/14 15:38:04 POLARIS_LOG {"event":"send_rate","rate":296000,"ts":1760456284.6363175}
2025/10/14 15:38:05 POLARIS_LOG {"event":"send_rate","rate":304000,"ts":1760456285.647229}
2025/10/14 15:38:06 POLARIS_LOG {"event":"send_rate","rate":304000,"ts":1760456286.6502855}
2025/10/14 15:38:07 POLARIS_LOG {"event":"send_rate","rate":296000,"ts":1760456287.634485}
2025/10/14 15:38:08 POLARIS_LOG {"event":"send_rate","rate":304000,"ts":1760456288.637433}
2025/10/14 15:38:09 POLARIS_LOG {"event":"send_rate","rate":296000,"ts":1760456289.6420524}
2025/10/14 15:38:10 POLARIS_LOG {"event":"send_rate","rate":296000,"ts":1760456290.6332285}
2025/10/14 15:38:11 POLARIS_LOG {"event":"send_rate","rate":304000,"ts":1760456291.6335013}
2025/10/14 15:38:12 POLARIS_LOG {"event":"send_rate","rate":296000,"ts":1760456292.633914}
2025/10/14 15:38:13 POLARIS_LOG {"event":"send_rate","rate":304000,"ts":1760456293.6330707}
2025/10/14 15:38:14 POLARIS_LOG {"event":"send_rate","rate":304000,"ts":1760456294.644843}
2025/10/14 15:38:15 POLARIS_LOG {"event":"send_rate","rate":296000,"ts":1760456295.64706}
2025/10/14 15:38:16 POLARIS_LOG {"event":"send_rate","rate":296000,"ts":1760456296.6370254}
2025/10/14 15:38:17 POLARIS_LOG {"event":"send_rate","rate":304000,"ts":1760456297.6481063}
2025/10/14 15:38:18 POLARIS_LOG {"event":"send_rate","rate":304000,"ts":1760456298.660145}
2025/10/14 15:38:19 POLARIS_LOG {"event":"send_rate","rate":296000,"ts":1760456299.6420891}
2025/10/14 15:38:20 POLARIS_LOG {"event":"send_rate","rate":296000,"ts":1760456300.63327}
2025/10/14 15:38:21 POLARIS_LOG {"event":"send_rate","rate":312000,"ts":1760456301.6712286}
2025/10/14 15:38:22 POLARIS_LOG {"event":"send_rate","rate":296000,"ts":1760456302.6527567}
2025/10/14 15:38:23 POLARIS_LOG {"event":"send_rate","rate":288000,"ts":1760456303.6484506}
2025/10/14 15:38:24 POLARIS_LOG {"event":"send_rate","rate":320000,"ts":1760456304.6784818}
2025/10/14 15:38:25 POLARIS_LOG {"event":"send_rate","rate":288000,"ts":1760456305.6325965}
Skipping switch: current path 2 2 5 2 has lastEstimate 400000 >= maxEstimate 0
2025/10/14 15:38:26 POLARIS_LOG {"event":"send_rate","rate":296000,"ts":1760456306.6576097}
2025/10/14 15:38:27 POLARIS_LOG {"event":"send_rate","rate":312000,"ts":1760456307.6526701}
2025/10/14 15:38:28 POLARIS_LOG {"event":"send_rate","rate":288000,"ts":1760456308.633712}
2025/10/14 15:38:29 POLARIS_LOG {"event":"send_rate","rate":296000,"ts":1760456309.6554492}
2025/10/14 15:38:30 POLARIS_LOG {"event":"send_rate","rate":304000,"ts":1760456310.632649}
2025/10/14 15:38:31 POLARIS_LOG {"event":"send_rate","rate":304000,"ts":1760456311.640436}
2025/10/14 15:38:32 POLARIS_LOG {"event":"send_rate","rate":296000,"ts":1760456312.6367962}
2025/10/14 15:38:33 POLARIS_LOG {"event":"send_rate","rate":304000,"ts":1760456313.6351988}
2025/10/14 15:38:34 POLARIS_LOG {"event":"send_rate","rate":296000,"ts":1760456314.6356833}
2025/10/14 15:38:35 POLARIS_LOG {"event":"send_rate","rate":304000,"ts":1760456315.6372972}
2025/10/14 15:38:36 POLARIS_LOG {"event":"send_rate","rate":304000,"ts":1760456316.639423}
2025/10/14 15:38:37 POLARIS_LOG {"event":"send_rate","rate":296000,"ts":1760456317.6339095}
2025/10/14 15:38:38 POLARIS_LOG {"event":"send_rate","rate":296000,"ts":1760456318.635347}
2025/10/14 15:38:39 POLARIS_LOG {"event":"send_rate","rate":304000,"ts":1760456319.6347222}
2025/10/14 15:38:40 POLARIS_LOG {"event":"send_rate","rate":280000,"ts":1760456320.6333382}
2025/10/14 15:38:41 POLARIS_LOG {"event":"send_rate","rate":320000,"ts":1760456321.6805954}
2025/10/14 15:38:42 POLARIS_LOG {"event":"send_rate","rate":296000,"ts":1760456322.6337962}
2025/10/14 15:38:43 POLARIS_LOG {"event":"send_rate","rate":304000,"ts":1760456323.6358788}
2025/10/14 15:38:44 POLARIS_LOG {"event":"send_rate","rate":296000,"ts":1760456324.6329634}
2025/10/14 15:38:45 POLARIS_LOG {"event":"send_rate","rate":304000,"ts":1760456325.640687}
2025/10/14 15:38:46 POLARIS_LOG {"event":"send_rate","rate":296000,"ts":1760456326.6325405}
2025/10/14 15:38:47 POLARIS_LOG {"event":"send_rate","rate":304000,"ts":1760456327.6339273}
2025/10/14 15:38:48 POLARIS_LOG {"event":"send_rate","rate":296000,"ts":1760456328.6331801}
2025/10/14 15:38:49 POLARIS_LOG {"event":"send_rate","rate":304000,"ts":1760456329.6374853}
2025/10/14 15:38:50 POLARIS_LOG {"event":"send_rate","rate":296000,"ts":1760456330.647043}
2025/10/14 15:38:51 POLARIS_LOG {"event":"send_rate","rate":312000,"ts":1760456331.6553013}
2025/10/14 15:38:52 POLARIS_LOG {"event":"send_rate","rate":288000,"ts":1760456332.6333299}
2025/10/14 15:38:53 POLARIS_LOG {"event":"send_rate","rate":304000,"ts":1760456333.6325982}
2025/10/14 15:38:54 POLARIS_LOG {"event":"send_rate","rate":296000,"ts":1760456334.6336064}
2025/10/14 15:38:55 POLARIS_LOG {"event":"send_rate","rate":304000,"ts":1760456335.6356099}
2025/10/14 15:38:56 POLARIS_LOG {"event":"send_rate","rate":296000,"ts":1760456336.6334052}
2025/10/14 15:38:57 POLARIS_LOG {"event":"send_rate","rate":304000,"ts":1760456337.634127}
2025/10/14 15:38:58 POLARIS_LOG {"event":"send_rate","rate":304000,"ts":1760456338.6411295}
2025/10/14 15:38:59 POLARIS_LOG {"event":"send_rate","rate":296000,"ts":1760456339.6333473}
2025/10/14 15:39:00 POLARIS_LOG {"event":"send_rate","rate":312000,"ts":1760456340.6917684}
2025/10/14 15:39:01 POLARIS_LOG {"event":"send_rate","rate":304000,"ts":1760456341.6944592}
2025/10/14 15:39:02 POLARIS_LOG {"event":"send_rate","rate":280000,"ts":1760456342.6344855}
2025/10/14 15:39:03 POLARIS_LOG {"event":"send_rate","rate":304000,"ts":1760456343.645793}
2025/10/14 15:39:04 POLARIS_LOG {"event":"send_rate","rate":296000,"ts":1760456344.6329253}
2025/10/14 15:39:05 POLARIS_LOG {"event":"send_rate","rate":304000,"ts":1760456345.6340926}
2025/10/14 15:39:06 POLARIS_LOG {"event":"send_rate","rate":312000,"ts":1760456346.6715255}
2025/10/14 15:39:07 POLARIS_LOG {"event":"send_rate","rate":288000,"ts":1760456347.634235}
2025/10/14 15:39:08 POLARIS_LOG {"event":"send_rate","rate":296000,"ts":1760456348.633201}
2025/10/14 15:39:09 POLARIS_LOG {"event":"send_rate","rate":304000,"ts":1760456349.6454103}
2025/10/14 15:39:10 POLARIS_LOG {"event":"send_rate","rate":296000,"ts":1760456350.6341593}
2025/10/14 15:39:11 POLARIS_LOG {"event":"send_rate","rate":304000,"ts":1760456351.6536162}
2025/10/14 15:39:12 POLARIS_LOG {"event":"send_rate","rate":296000,"ts":1760456352.6358438}
2025/10/14 15:39:13 POLARIS_LOG {"event":"send_rate","rate":320000,"ts":1760456353.685127}
2025/10/14 15:39:14 POLARIS_LOG {"event":"send_rate","rate":280000,"ts":1760456354.6328754}
2025/10/14 15:39:15 POLARIS_LOG {"event":"send_rate","rate":304000,"ts":1760456355.63345}
2025/10/14 15:39:16 POLARIS_LOG {"event":"send_rate","rate":296000,"ts":1760456356.6380231}
2025/10/14 15:39:17 POLARIS_LOG {"event":"send_rate","rate":304000,"ts":1760456357.6468897}
2025/10/14 15:39:18 POLARIS_LOG {"event":"send_rate","rate":304000,"ts":1760456358.6499}
2025/10/14 15:39:19 POLARIS_LOG {"event":"send_rate","rate":296000,"ts":1760456359.6403737}
2025/10/14 15:39:20 POLARIS_LOG {"event":"send_rate","rate":296000,"ts":1760456360.6338887}
2025/10/14 15:39:21 POLARIS_LOG {"event":"send_rate","rate":304000,"ts":1760456361.640192}
2025/10/14 15:39:22 POLARIS_LOG {"event":"send_rate","rate":296000,"ts":1760456362.6526043}
2025/10/14 15:39:23 POLARIS_LOG {"event":"send_rate","rate":304000,"ts":1760456363.6446924}
2025/10/14 15:39:24 POLARIS_LOG {"event":"send_rate","rate":304000,"ts":1760456364.6564436}
2025/10/14 15:39:25 POLARIS_LOG {"event":"send_rate","rate":296000,"ts":1760456365.634684}
2025/10/14 15:39:26 POLARIS_LOG {"event":"send_rate","rate":296000,"ts":1760456366.635651}
2025/10/14 15:39:27 POLARIS_LOG {"event":"send_rate","rate":304000,"ts":1760456367.6522863}
2025/10/14 15:39:28 POLARIS_LOG {"event":"send_rate","rate":296000,"ts":1760456368.6363535}
2025/10/14 15:39:29 POLARIS_LOG {"event":"send_rate","rate":304000,"ts":1760456369.6344464}
2025/10/14 15:39:30 POLARIS_LOG {"event":"send_rate","rate":296000,"ts":1760456370.6351378}
2025/10/14 15:39:31 POLARIS_LOG {"event":"send_rate","rate":296000,"ts":1760456371.6337326}
We need to sleep for 1 seconds before we can get the results
2025/10/14 15:39:32 POLARIS_LOG {"event":"send_rate","rate":272000,"ts":1760456372.6332114}
Drain Loop received packet
Drain Loop received non-nil payload
Client sent 9900 packets, server reported 9844 packets received
The network loss rate from client to server is 0.6%

S->C results
Attempted bandwidth: 0 bps / 0.00 Mbps
Achieved bandwidth: 0 bps / 0.00 Mbps
Loss rate: 0.0%
Interarrival time min/avg/max/mdev = -0.000/0.000/0.000/0.000 ms

C->S results
Attempted bandwidth: 300000 bps / 0.30 Mbps
Achieved bandwidth: 298303 bps / 0.30 Mbps
Loss rate: 0.6%
Interarrival time min/avg/max/mdev = 0.002/26.696/447.415/20.511 ms
