
Test parameters:
client->server: 276 seconds, 1000 bytes, 10350 packets
server->client: 276 seconds, 1000 bytes, 0 packets
2025/10/14 15:34:54 POLARIS_LOG {"current_rate":0,"event":"path_switch","new":"2 2 5 2","trigger":"initialization","ts":1760456094.5383098}
Polaris prober initialized with 38 paths
Polaris prober initialized with local 1-111,10.111.0.71:32740 and remote 1-113,10.113.0.71
2025/10/14 15:34:55 POLARIS_LOG {"event":"send_rate","rate":296000,"ts":1760456095.5431175}
2025/10/14 15:34:56 POLARIS_LOG {"event":"send_rate","rate":304000,"ts":1760456096.542287}
2025/10/14 15:34:57 POLARIS_LOG {"event":"send_rate","rate":296000,"ts":1760456097.5424373}
2025/10/14 15:34:58 POLARIS_LOG {"event":"send_rate","rate":304000,"ts":1760456098.548064}
2025/10/14 15:34:59 POLARIS_LOG {"event":"send_rate","rate":296000,"ts":1760456099.5422719}
2025/10/14 15:35:00 POLARIS_LOG {"event":"send_rate","rate":304000,"ts":1760456100.5426233}
2025/10/14 15:35:01 POLARIS_LOG {"event":"send_rate","rate":232000,"ts":1760456101.541815}
2025/10/14 15:35:02 POLARIS_LOG {"event":"send_rate","rate":96000,"ts":1760456102.5429854}
2025/10/14 15:35:03 POLARIS_LOG {"event":"send_rate","rate":120000,"ts":1760456103.549184}
2025/10/14 15:35:04 POLARIS_LOG {"candidates":13,"candidates_unfiltered":25,"current_rate":168000,"estimated_share":1000000,"event":"path_switch","max_estimated_share":1000000,"new":"5 5 2 4","old":"2 2 5 2","trigger":"scheduled","ts":1760456104.542441}
2025/10/14 15:35:04 POLARIS_LOG {"event":"send_rate","rate":168000,"ts":1760456104.5417125}
2025/10/14 15:35:05 POLARIS_LOG {"event":"send_rate","rate":888000,"ts":1760456105.555647}
2025/10/14 15:35:06 POLARIS_LOG {"event":"send_rate","rate":296000,"ts":1760456106.5432386}
2025/10/14 15:35:07 POLARIS_LOG {"event":"send_rate","rate":296000,"ts":1760456107.5453944}
2025/10/14 15:35:08 POLARIS_LOG {"event":"send_rate","rate":304000,"ts":1760456108.5473614}
2025/10/14 15:35:09 POLARIS_LOG {"event":"send_rate","rate":296000,"ts":1760456109.542787}
2025/10/14 15:35:10 POLARIS_LOG {"event":"send_rate","rate":304000,"ts":1760456110.5438156}
2025/10/14 15:35:11 POLARIS_LOG {"event":"send_rate","rate":296000,"ts":1760456111.5425782}
2025/10/14 15:35:12 POLARIS_LOG {"event":"send_rate","rate":304000,"ts":1760456112.542295}
2025/10/14 15:35:13 POLARIS_LOG {"event":"send_rate","rate":296000,"ts":1760456113.5422773}
2025/10/14 15:35:14 POLARIS_LOG {"event":"send_rate","rate":304000,"ts":1760456114.5426078}
2025/10/14 15:35:15 POLARIS_LOG {"event":"send_rate","rate":296000,"ts":1760456115.5436928}
2025/10/14 15:35:16 POLARIS_LOG {"event":"send_rate","rate":304000,"ts":1760456116.545577}
2025/10/14 15:35:17 POLARIS_LOG {"event":"send_rate","rate":296000,"ts":1760456117.5418236}
2025/10/14 15:35:18 POLARIS_LOG {"event":"send_rate","rate":304000,"ts":1760456118.548863}
2025/10/14 15:35:19 POLARIS_LOG {"event":"send_rate","rate":296000,"ts":1760456119.5439997}
2025/10/14 15:35:20 POLARIS_LOG {"event":"send_rate","rate":304000,"ts":1760456120.5418174}
2025/10/14 15:35:21 POLARIS_LOG {"event":"send_rate","rate":304000,"ts":1760456121.5640197}
2025/10/14 15:35:22 POLARIS_LOG {"event":"send_rate","rate":296000,"ts":1760456122.5443172}
2025/10/14 15:35:23 POLARIS_LOG {"event":"send_rate","rate":296000,"ts":1760456123.5418599}
2025/10/14 15:35:24 POLARIS_LOG {"event":"send_rate","rate":304000,"ts":1760456124.559965}
2025/10/14 15:35:25 POLARIS_LOG {"event":"send_rate","rate":296000,"ts":1760456125.5422103}
2025/10/14 15:35:26 POLARIS_LOG {"event":"send_rate","rate":304000,"ts":1760456126.5424736}
2025/10/14 15:35:27 POLARIS_LOG {"event":"send_rate","rate":296000,"ts":1760456127.543197}
2025/10/14 15:35:28 POLARIS_LOG {"event":"send_rate","rate":304000,"ts":1760456128.54604}
2025/10/14 15:35:29 POLARIS_LOG {"event":"send_rate","rate":296000,"ts":1760456129.5425067}
2025/10/14 15:35:30 POLARIS_LOG {"event":"send_rate","rate":304000,"ts":1760456130.5593534}
2025/10/14 15:35:31 POLARIS_LOG {"event":"send_rate","rate":296000,"ts":1760456131.5437417}
2025/10/14 15:35:32 POLARIS_LOG {"event":"send_rate","rate":304000,"ts":1760456132.5475004}
2025/10/14 15:35:33 POLARIS_LOG {"event":"send_rate","rate":296000,"ts":1760456133.5427608}
2025/10/14 15:35:34 POLARIS_LOG {"event":"send_rate","rate":304000,"ts":1760456134.5421271}
2025/10/14 15:35:35 POLARIS_LOG {"event":"send_rate","rate":296000,"ts":1760456135.5418293}
2025/10/14 15:35:36 POLARIS_LOG {"event":"send_rate","rate":296000,"ts":1760456136.5447628}
2025/10/14 15:35:37 POLARIS_LOG {"event":"send_rate","rate":304000,"ts":1760456137.5435941}
2025/10/14 15:35:38 POLARIS_LOG {"event":"send_rate","rate":304000,"ts":1760456138.5470505}
2025/10/14 15:35:39 POLARIS_LOG {"event":"send_rate","rate":296000,"ts":1760456139.5418282}
2025/10/14 15:35:40 POLARIS_LOG {"event":"send_rate","rate":304000,"ts":1760456140.5420783}
2025/10/14 15:35:41 POLARIS_LOG {"event":"send_rate","rate":296000,"ts":1760456141.5426416}
2025/10/14 15:35:42 POLARIS_LOG {"event":"send_rate","rate":304000,"ts":1760456142.5433054}
2025/10/14 15:35:43 POLARIS_LOG {"event":"send_rate","rate":296000,"ts":1760456143.5426903}
2025/10/14 15:35:44 POLARIS_LOG {"event":"send_rate","rate":304000,"ts":1760456144.5432296}
2025/10/14 15:35:45 POLARIS_LOG {"event":"send_rate","rate":296000,"ts":1760456145.5433476}
2025/10/14 15:35:46 POLARIS_LOG {"event":"send_rate","rate":304000,"ts":1760456146.5437016}
2025/10/14 15:35:47 POLARIS_LOG {"event":"send_rate","rate":296000,"ts":1760456147.5481424}
2025/10/14 15:35:48 POLARIS_LOG {"event":"send_rate","rate":304000,"ts":1760456148.5490956}
2025/10/14 15:35:49 POLARIS_LOG {"event":"send_rate","rate":296000,"ts":1760456149.5431778}
2025/10/14 15:35:50 POLARIS_LOG {"event":"send_rate","rate":304000,"ts":1760456150.5420437}
2025/10/14 15:35:51 POLARIS_LOG {"event":"send_rate","rate":304000,"ts":1760456151.5550268}
2025/10/14 15:35:52 POLARIS_LOG {"event":"send_rate","rate":296000,"ts":1760456152.5431411}
2025/10/14 15:35:53 POLARIS_LOG {"event":"send_rate","rate":296000,"ts":1760456153.5572865}
2025/10/14 15:35:54 POLARIS_LOG {"event":"send_rate","rate":304000,"ts":1760456154.5432444}
2025/10/14 15:35:55 POLARIS_LOG {"event":"send_rate","rate":296000,"ts":1760456155.5424464}
2025/10/14 15:35:56 POLARIS_LOG {"event":"send_rate","rate":304000,"ts":1760456156.5424106}
2025/10/14 15:35:57 POLARIS_LOG {"event":"send_rate","rate":296000,"ts":1760456157.5422108}
2025/10/14 15:35:58 POLARIS_LOG {"event":"send_rate","rate":296000,"ts":1760456158.5488617}
2025/10/14 15:35:59 POLARIS_LOG {"event":"send_rate","rate":304000,"ts":1760456159.5477197}
2025/10/14 15:36:00 POLARIS_LOG {"event":"send_rate","rate":304000,"ts":1760456160.5424426}
2025/10/14 15:36:01 POLARIS_LOG {"event":"send_rate","rate":296000,"ts":1760456161.544612}
2025/10/14 15:36:02 POLARIS_LOG {"event":"send_rate","rate":304000,"ts":1760456162.542375}
2025/10/14 15:36:03 POLARIS_LOG {"event":"send_rate","rate":296000,"ts":1760456163.543647}
2025/10/14 15:36:04 POLARIS_LOG {"event":"send_rate","rate":304000,"ts":1760456164.5429149}
2025/10/14 15:36:05 POLARIS_LOG {"event":"send_rate","rate":296000,"ts":1760456165.542842}
2025/10/14 15:36:06 POLARIS_LOG {"event":"send_rate","rate":304000,"ts":1760456166.5417514}
2025/10/14 15:36:07 POLARIS_LOG {"event":"send_rate","rate":296000,"ts":1760456167.5500045}
2025/10/14 15:36:08 POLARIS_LOG {"event":"send_rate","rate":304000,"ts":1760456168.5453372}
2025/10/14 15:36:09 POLARIS_LOG {"event":"send_rate","rate":296000,"ts":1760456169.5421116}
2025/10/14 15:36:10 POLARIS_LOG {"event":"send_rate","rate":296000,"ts":1760456170.543099}
2025/10/14 15:36:11 POLARIS_LOG {"event":"send_rate","rate":304000,"ts":1760456171.542022}
2025/10/14 15:36:12 POLARIS_LOG {"event":"send_rate","rate":304000,"ts":1760456172.5538926}
2025/10/14 15:36:13 POLARIS_LOG {"event":"send_rate","rate":296000,"ts":1760456173.5431838}
2025/10/14 15:36:14 POLARIS_LOG {"event":"send_rate","rate":304000,"ts":1760456174.5513535}
2025/10/14 15:36:15 POLARIS_LOG {"event":"send_rate","rate":296000,"ts":1760456175.5447083}
2025/10/14 15:36:16 POLARIS_LOG {"event":"send_rate","rate":296000,"ts":1760456176.5450716}
2025/10/14 15:36:17 POLARIS_LOG {"event":"send_rate","rate":312000,"ts":1760456177.5574353}
2025/10/14 15:36:18 POLARIS_LOG {"event":"send_rate","rate":288000,"ts":1760456178.555311}
2025/10/14 15:36:19 POLARIS_LOG {"event":"send_rate","rate":304000,"ts":1760456179.5436778}
2025/10/14 15:36:20 POLARIS_LOG {"event":"send_rate","rate":304000,"ts":1760456180.548094}
2025/10/14 15:36:21 POLARIS_LOG {"event":"send_rate","rate":296000,"ts":1760456181.5442758}
2025/10/14 15:36:22 POLARIS_LOG {"event":"send_rate","rate":304000,"ts":1760456182.5434077}
2025/10/14 15:36:23 POLARIS_LOG {"event":"send_rate","rate":296000,"ts":1760456183.5483975}
2025/10/14 15:36:24 POLARIS_LOG {"event":"send_rate","rate":296000,"ts":1760456184.5423}
2025/10/14 15:36:25 POLARIS_LOG {"event":"send_rate","rate":304000,"ts":1760456185.542664}
2025/10/14 15:36:26 POLARIS_LOG {"event":"send_rate","rate":296000,"ts":1760456186.5436194}
2025/10/14 15:36:27 POLARIS_LOG {"event":"send_rate","rate":304000,"ts":1760456187.5529552}
2025/10/14 15:36:28 POLARIS_LOG {"event":"send_rate","rate":304000,"ts":1760456188.549019}
2025/10/14 15:36:29 POLARIS_LOG {"event":"send_rate","rate":296000,"ts":1760456189.5421963}
2025/10/14 15:36:30 POLARIS_LOG {"event":"send_rate","rate":304000,"ts":1760456190.5425205}
2025/10/14 15:36:31 POLARIS_LOG {"event":"send_rate","rate":296000,"ts":1760456191.5439441}
2025/10/14 15:36:32 POLARIS_LOG {"event":"send_rate","rate":296000,"ts":1760456192.5487516}
2025/10/14 15:36:33 POLARIS_LOG {"event":"send_rate","rate":304000,"ts":1760456193.543814}
2025/10/14 15:36:34 POLARIS_LOG {"event":"send_rate","rate":304000,"ts":1760456194.5633411}
2025/10/14 15:36:35 POLARIS_LOG {"event":"send_rate","rate":296000,"ts":1760456195.5419416}
2025/10/14 15:36:36 POLARIS_LOG {"event":"send_rate","rate":304000,"ts":1760456196.5491126}
2025/10/14 15:36:37 POLARIS_LOG {"event":"send_rate","rate":296000,"ts":1760456197.5520756}
2025/10/14 15:36:38 POLARIS_LOG {"event":"send_rate","rate":304000,"ts":1760456198.5579739}
2025/10/14 15:36:39 POLARIS_LOG {"event":"send_rate","rate":288000,"ts":1760456199.542521}
2025/10/14 15:36:40 POLARIS_LOG {"event":"send_rate","rate":312000,"ts":1760456200.5618038}
2025/10/14 15:36:41 POLARIS_LOG {"event":"send_rate","rate":304000,"ts":1760456201.5613995}
2025/10/14 15:36:42 POLARIS_LOG {"event":"send_rate","rate":296000,"ts":1760456202.5511847}
2025/10/14 15:36:43 POLARIS_LOG {"event":"send_rate","rate":296000,"ts":1760456203.5432446}
2025/10/14 15:36:44 POLARIS_LOG {"event":"send_rate","rate":296000,"ts":1760456204.5431764}
2025/10/14 15:36:45 POLARIS_LOG {"event":"send_rate","rate":304000,"ts":1760456205.543192}
2025/10/14 15:36:46 POLARIS_LOG {"event":"send_rate","rate":304000,"ts":1760456206.5436165}
2025/10/14 15:36:47 POLARIS_LOG {"event":"send_rate","rate":296000,"ts":1760456207.5429318}
2025/10/14 15:36:48 POLARIS_LOG {"event":"send_rate","rate":304000,"ts":1760456208.543663}
2025/10/14 15:36:49 POLARIS_LOG {"event":"send_rate","rate":296000,"ts":1760456209.5518465}
2025/10/14 15:36:50 POLARIS_LOG {"event":"send_rate","rate":312000,"ts":1760456210.5739584}
2025/10/14 15:36:51 POLARIS_LOG {"event":"send_rate","rate":288000,"ts":1760456211.542645}
2025/10/14 15:36:52 POLARIS_LOG {"event":"send_rate","rate":296000,"ts":1760456212.541752}
2025/10/14 15:36:53 POLARIS_LOG {"event":"send_rate","rate":304000,"ts":1760456213.5423052}
2025/10/14 15:36:54 POLARIS_LOG {"event":"send_rate","rate":296000,"ts":1760456214.543239}
2025/10/14 15:36:55 POLARIS_LOG {"event":"send_rate","rate":304000,"ts":1760456215.5432181}
2025/10/14 15:36:56 POLARIS_LOG {"event":"send_rate","rate":296000,"ts":1760456216.542068}
2025/10/14 15:36:57 POLARIS_LOG {"event":"send_rate","rate":304000,"ts":1760456217.5475893}
2025/10/14 15:36:58 POLARIS_LOG {"event":"send_rate","rate":296000,"ts":1760456218.5530846}
2025/10/14 15:36:59 POLARIS_LOG {"event":"send_rate","rate":304000,"ts":1760456219.5476878}
2025/10/14 15:37:00 POLARIS_LOG {"event":"send_rate","rate":296000,"ts":1760456220.5423627}
2025/10/14 15:37:01 POLARIS_LOG {"event":"send_rate","rate":304000,"ts":1760456221.5463455}
2025/10/14 15:37:02 POLARIS_LOG {"event":"send_rate","rate":296000,"ts":1760456222.5432203}
2025/10/14 15:37:03 POLARIS_LOG {"event":"send_rate","rate":304000,"ts":1760456223.542939}
2025/10/14 15:37:04 POLARIS_LOG {"event":"send_rate","rate":304000,"ts":1760456224.557479}
2025/10/14 15:37:05 POLARIS_LOG {"event":"send_rate","rate":296000,"ts":1760456225.5417998}
2025/10/14 15:37:06 POLARIS_LOG {"event":"send_rate","rate":296000,"ts":1760456226.542371}
2025/10/14 15:37:07 POLARIS_LOG {"event":"send_rate","rate":304000,"ts":1760456227.5428567}
2025/10/14 15:37:08 POLARIS_LOG {"event":"send_rate","rate":304000,"ts":1760456228.549549}
2025/10/14 15:37:09 POLARIS_LOG {"event":"send_rate","rate":296000,"ts":1760456229.5481403}
2025/10/14 15:37:10 POLARIS_LOG {"event":"send_rate","rate":296000,"ts":1760456230.5617628}
2025/10/14 15:37:11 POLARIS_LOG {"event":"send_rate","rate":304000,"ts":1760456231.5426412}
2025/10/14 15:37:12 POLARIS_LOG {"event":"send_rate","rate":296000,"ts":1760456232.5465872}
2025/10/14 15:37:13 POLARIS_LOG {"event":"send_rate","rate":304000,"ts":1760456233.5425062}
2025/10/14 15:37:14 POLARIS_LOG {"event":"send_rate","rate":296000,"ts":1760456234.5465257}
2025/10/14 15:37:15 POLARIS_LOG {"event":"send_rate","rate":312000,"ts":1760456235.563006}
2025/10/14 15:37:16 POLARIS_LOG {"event":"send_rate","rate":296000,"ts":1760456236.5614803}
2025/10/14 15:37:17 POLARIS_LOG {"event":"send_rate","rate":296000,"ts":1760456237.5429397}
2025/10/14 15:37:18 POLARIS_LOG {"event":"send_rate","rate":296000,"ts":1760456238.5436273}
2025/10/14 15:37:19 POLARIS_LOG {"event":"send_rate","rate":304000,"ts":1760456239.543108}
2025/10/14 15:37:20 POLARIS_LOG {"event":"send_rate","rate":296000,"ts":1760456240.543217}
2025/10/14 15:37:21 POLARIS_LOG {"event":"send_rate","rate":304000,"ts":1760456241.5472898}
2025/10/14 15:37:22 POLARIS_LOG {"event":"send_rate","rate":296000,"ts":1760456242.5417244}
2025/10/14 15:37:23 POLARIS_LOG {"event":"send_rate","rate":304000,"ts":1760456243.5537822}
2025/10/14 15:37:24 POLARIS_LOG {"event":"send_rate","rate":296000,"ts":1760456244.5427122}
2025/10/14 15:37:25 POLARIS_LOG {"event":"send_rate","rate":304000,"ts":1760456245.5501456}
2025/10/14 15:37:26 POLARIS_LOG {"event":"send_rate","rate":296000,"ts":1760456246.5425513}
2025/10/14 15:37:27 POLARIS_LOG {"event":"send_rate","rate":304000,"ts":1760456247.5424955}
2025/10/14 15:37:28 POLARIS_LOG {"event":"send_rate","rate":296000,"ts":1760456248.5417876}
2025/10/14 15:37:29 POLARIS_LOG {"event":"send_rate","rate":304000,"ts":1760456249.542951}
2025/10/14 15:37:30 POLARIS_LOG {"event":"send_rate","rate":296000,"ts":1760456250.5439615}
2025/10/14 15:37:31 POLARIS_LOG {"event":"send_rate","rate":304000,"ts":1760456251.5437486}
2025/10/14 15:37:32 POLARIS_LOG {"event":"send_rate","rate":296000,"ts":1760456252.5444055}
2025/10/14 15:37:33 POLARIS_LOG {"event":"send_rate","rate":304000,"ts":1760456253.5420768}
2025/10/14 15:37:34 POLARIS_LOG {"event":"send_rate","rate":296000,"ts":1760456254.5424047}
2025/10/14 15:37:35 POLARIS_LOG {"event":"send_rate","rate":304000,"ts":1760456255.5424614}
2025/10/14 15:37:36 POLARIS_LOG {"event":"send_rate","rate":296000,"ts":1760456256.5820713}
2025/10/14 15:37:37 POLARIS_LOG {"event":"send_rate","rate":304000,"ts":1760456257.550989}
2025/10/14 15:37:38 POLARIS_LOG {"event":"send_rate","rate":304000,"ts":1760456258.554467}
2025/10/14 15:37:39 POLARIS_LOG {"event":"send_rate","rate":296000,"ts":1760456259.543961}
2025/10/14 15:37:40 POLARIS_LOG {"event":"send_rate","rate":304000,"ts":1760456260.5652392}
2025/10/14 15:37:41 POLARIS_LOG {"event":"send_rate","rate":296000,"ts":1760456261.544092}
2025/10/14 15:37:42 POLARIS_LOG {"event":"send_rate","rate":296000,"ts":1760456262.5421236}
2025/10/14 15:37:43 POLARIS_LOG {"event":"send_rate","rate":304000,"ts":1760456263.5444095}
2025/10/14 15:37:44 POLARIS_LOG {"event":"send_rate","rate":296000,"ts":1760456264.5466058}
2025/10/14 15:37:45 POLARIS_LOG {"event":"send_rate","rate":304000,"ts":1760456265.5423732}
2025/10/14 15:37:46 POLARIS_LOG {"event":"send_rate","rate":296000,"ts":1760456266.5734854}
2025/10/14 15:37:47 POLARIS_LOG {"event":"send_rate","rate":304000,"ts":1760456267.5419283}
2025/10/14 15:37:48 POLARIS_LOG {"event":"send_rate","rate":312000,"ts":1760456268.5757449}
2025/10/14 15:37:49 POLARIS_LOG {"event":"send_rate","rate":288000,"ts":1760456269.5527422}
2025/10/14 15:37:50 POLARIS_LOG {"event":"send_rate","rate":296000,"ts":1760456270.5428634}
2025/10/14 15:37:51 POLARIS_LOG {"event":"send_rate","rate":304000,"ts":1760456271.5425484}
2025/10/14 15:37:52 POLARIS_LOG {"event":"send_rate","rate":296000,"ts":1760456272.5427585}
2025/10/14 15:37:53 POLARIS_LOG {"event":"send_rate","rate":304000,"ts":1760456273.5512445}
2025/10/14 15:37:54 POLARIS_LOG {"event":"send_rate","rate":296000,"ts":1760456274.5653617}
2025/10/14 15:37:55 POLARIS_LOG {"event":"send_rate","rate":304000,"ts":1760456275.5433784}
2025/10/14 15:37:56 POLARIS_LOG {"event":"send_rate","rate":296000,"ts":1760456276.5419762}
2025/10/14 15:37:57 POLARIS_LOG {"event":"send_rate","rate":296000,"ts":1760456277.5961125}
2025/10/14 15:37:58 POLARIS_LOG {"event":"send_rate","rate":304000,"ts":1760456278.5645494}
2025/10/14 15:37:59 POLARIS_LOG {"event":"send_rate","rate":304000,"ts":1760456279.5524359}
2025/10/14 15:38:00 POLARIS_LOG {"event":"send_rate","rate":296000,"ts":1760456280.5422778}
2025/10/14 15:38:01 POLARIS_LOG {"event":"send_rate","rate":304000,"ts":1760456281.54186}
2025/10/14 15:38:02 POLARIS_LOG {"event":"send_rate","rate":296000,"ts":1760456282.5470433}
2025/10/14 15:38:03 POLARIS_LOG {"event":"send_rate","rate":304000,"ts":1760456283.5558414}
2025/10/14 15:38:04 POLARIS_LOG {"event":"send_rate","rate":296000,"ts":1760456284.5426197}
2025/10/14 15:38:05 POLARIS_LOG {"event":"send_rate","rate":304000,"ts":1760456285.549847}
2025/10/14 15:38:06 POLARIS_LOG {"event":"send_rate","rate":296000,"ts":1760456286.5425956}
2025/10/14 15:38:07 POLARIS_LOG {"event":"send_rate","rate":304000,"ts":1760456287.563193}
2025/10/14 15:38:08 POLARIS_LOG {"event":"send_rate","rate":296000,"ts":1760456288.54271}
2025/10/14 15:38:09 POLARIS_LOG {"event":"send_rate","rate":296000,"ts":1760456289.5565326}
2025/10/14 15:38:10 POLARIS_LOG {"event":"send_rate","rate":304000,"ts":1760456290.542666}
2025/10/14 15:38:11 POLARIS_LOG {"event":"send_rate","rate":304000,"ts":1760456291.5417347}
2025/10/14 15:38:12 POLARIS_LOG {"event":"send_rate","rate":304000,"ts":1760456292.5605488}
2025/10/14 15:38:13 POLARIS_LOG {"event":"send_rate","rate":296000,"ts":1760456293.541968}
2025/10/14 15:38:14 POLARIS_LOG {"event":"send_rate","rate":296000,"ts":1760456294.5425682}
2025/10/14 15:38:15 POLARIS_LOG {"event":"send_rate","rate":312000,"ts":1760456295.59102}
2025/10/14 15:38:16 POLARIS_LOG {"event":"send_rate","rate":288000,"ts":1760456296.5477333}
2025/10/14 15:38:17 POLARIS_LOG {"event":"send_rate","rate":304000,"ts":1760456297.5473647}
2025/10/14 15:38:18 POLARIS_LOG {"event":"send_rate","rate":312000,"ts":1760456298.581279}
2025/10/14 15:38:19 POLARIS_LOG {"event":"send_rate","rate":288000,"ts":1760456299.5444477}
2025/10/14 15:38:20 POLARIS_LOG {"event":"send_rate","rate":296000,"ts":1760456300.5474823}
2025/10/14 15:38:21 POLARIS_LOG {"event":"send_rate","rate":304000,"ts":1760456301.5487573}
2025/10/14 15:38:22 POLARIS_LOG {"event":"send_rate","rate":296000,"ts":1760456302.5451999}
2025/10/14 15:38:23 POLARIS_LOG {"event":"send_rate","rate":304000,"ts":1760456303.5536244}
2025/10/14 15:38:24 POLARIS_LOG {"event":"send_rate","rate":296000,"ts":1760456304.5525708}
2025/10/14 15:38:25 POLARIS_LOG {"event":"send_rate","rate":304000,"ts":1760456305.5483263}
2025/10/14 15:38:26 POLARIS_LOG {"event":"send_rate","rate":296000,"ts":1760456306.5509107}
2025/10/14 15:38:27 POLARIS_LOG {"event":"send_rate","rate":304000,"ts":1760456307.5421658}
2025/10/14 15:38:28 POLARIS_LOG {"event":"send_rate","rate":296000,"ts":1760456308.54471}
2025/10/14 15:38:29 POLARIS_LOG {"event":"send_rate","rate":304000,"ts":1760456309.5474312}
2025/10/14 15:38:30 POLARIS_LOG {"event":"send_rate","rate":296000,"ts":1760456310.5425935}
2025/10/14 15:38:31 POLARIS_LOG {"event":"send_rate","rate":304000,"ts":1760456311.5425467}
2025/10/14 15:38:32 POLARIS_LOG {"event":"send_rate","rate":304000,"ts":1760456312.5604236}
2025/10/14 15:38:33 POLARIS_LOG {"event":"send_rate","rate":288000,"ts":1760456313.551056}
Skipping switch: current path 5 5 2 4 has lastEstimate 400000 >= maxEstimate 0
2025/10/14 15:38:34 POLARIS_LOG {"event":"send_rate","rate":304000,"ts":1760456314.543228}
2025/10/14 15:38:35 POLARIS_LOG {"event":"send_rate","rate":304000,"ts":1760456315.5460923}
2025/10/14 15:38:36 POLARIS_LOG {"event":"send_rate","rate":296000,"ts":1760456316.5419123}
2025/10/14 15:38:37 POLARIS_LOG {"event":"send_rate","rate":296000,"ts":1760456317.541883}
2025/10/14 15:38:38 POLARIS_LOG {"event":"send_rate","rate":304000,"ts":1760456318.5535388}
2025/10/14 15:38:39 POLARIS_LOG {"event":"send_rate","rate":304000,"ts":1760456319.5513206}
2025/10/14 15:38:40 POLARIS_LOG {"event":"send_rate","rate":304000,"ts":1760456320.5631058}
2025/10/14 15:38:41 POLARIS_LOG {"event":"send_rate","rate":296000,"ts":1760456321.5425587}
2025/10/14 15:38:42 POLARIS_LOG {"event":"send_rate","rate":296000,"ts":1760456322.5431988}
2025/10/14 15:38:43 POLARIS_LOG {"event":"send_rate","rate":304000,"ts":1760456323.5424023}
2025/10/14 15:38:44 POLARIS_LOG {"event":"send_rate","rate":296000,"ts":1760456324.5614896}
2025/10/14 15:38:45 POLARIS_LOG {"event":"send_rate","rate":296000,"ts":1760456325.5431573}
2025/10/14 15:38:46 POLARIS_LOG {"event":"send_rate","rate":304000,"ts":1760456326.5424554}
2025/10/14 15:38:47 POLARIS_LOG {"event":"send_rate","rate":296000,"ts":1760456327.545943}
2025/10/14 15:38:48 POLARIS_LOG {"event":"send_rate","rate":304000,"ts":1760456328.5440774}
2025/10/14 15:38:49 POLARIS_LOG {"event":"send_rate","rate":296000,"ts":1760456329.5578558}
2025/10/14 15:38:50 POLARIS_LOG {"event":"send_rate","rate":304000,"ts":1760456330.5423527}
2025/10/14 15:38:51 POLARIS_LOG {"event":"send_rate","rate":296000,"ts":1760456331.5423067}
2025/10/14 15:38:52 POLARIS_LOG {"event":"send_rate","rate":296000,"ts":1760456332.5482929}
2025/10/14 15:38:53 POLARIS_LOG {"event":"send_rate","rate":312000,"ts":1760456333.5428314}
2025/10/14 15:38:54 POLARIS_LOG {"event":"send_rate","rate":296000,"ts":1760456334.5432947}
2025/10/14 15:38:55 POLARIS_LOG {"event":"send_rate","rate":296000,"ts":1760456335.541722}
2025/10/14 15:38:56 POLARIS_LOG {"event":"send_rate","rate":304000,"ts":1760456336.550482}
2025/10/14 15:38:57 POLARIS_LOG {"event":"send_rate","rate":304000,"ts":1760456337.5423417}
2025/10/14 15:38:58 POLARIS_LOG {"event":"send_rate","rate":296000,"ts":1760456338.546645}
2025/10/14 15:38:59 POLARIS_LOG {"event":"send_rate","rate":304000,"ts":1760456339.5432987}
2025/10/14 15:39:00 POLARIS_LOG {"event":"send_rate","rate":296000,"ts":1760456340.543854}
2025/10/14 15:39:01 POLARIS_LOG {"event":"send_rate","rate":296000,"ts":1760456341.542166}
2025/10/14 15:39:02 POLARIS_LOG {"event":"send_rate","rate":304000,"ts":1760456342.5441685}
2025/10/14 15:39:03 POLARIS_LOG {"event":"send_rate","rate":304000,"ts":1760456343.5479639}
2025/10/14 15:39:04 POLARIS_LOG {"event":"send_rate","rate":296000,"ts":1760456344.5433414}
2025/10/14 15:39:05 POLARIS_LOG {"event":"send_rate","rate":296000,"ts":1760456345.5420678}
2025/10/14 15:39:06 POLARIS_LOG {"event":"send_rate","rate":304000,"ts":1760456346.5424142}
2025/10/14 15:39:07 POLARIS_LOG {"event":"send_rate","rate":304000,"ts":1760456347.5611148}
2025/10/14 15:39:08 POLARIS_LOG {"event":"send_rate","rate":288000,"ts":1760456348.5417519}
2025/10/14 15:39:09 POLARIS_LOG {"event":"send_rate","rate":312000,"ts":1760456349.5489497}
2025/10/14 15:39:10 POLARIS_LOG {"event":"send_rate","rate":296000,"ts":1760456350.5440493}
2025/10/14 15:39:11 POLARIS_LOG {"event":"send_rate","rate":296000,"ts":1760456351.5427845}
2025/10/14 15:39:12 POLARIS_LOG {"event":"send_rate","rate":304000,"ts":1760456352.5455194}
2025/10/14 15:39:13 POLARIS_LOG {"event":"send_rate","rate":296000,"ts":1760456353.5433176}
2025/10/14 15:39:14 POLARIS_LOG {"event":"send_rate","rate":304000,"ts":1760456354.5481656}
2025/10/14 15:39:15 POLARIS_LOG {"event":"send_rate","rate":296000,"ts":1760456355.5424829}
2025/10/14 15:39:16 POLARIS_LOG {"event":"send_rate","rate":304000,"ts":1760456356.5420644}
2025/10/14 15:39:17 POLARIS_LOG {"event":"send_rate","rate":296000,"ts":1760456357.5425303}
2025/10/14 15:39:18 POLARIS_LOG {"event":"send_rate","rate":296000,"ts":1760456358.5958252}
2025/10/14 15:39:19 POLARIS_LOG {"event":"send_rate","rate":304000,"ts":1760456359.555196}
2025/10/14 15:39:20 POLARIS_LOG {"event":"send_rate","rate":304000,"ts":1760456360.5421412}
2025/10/14 15:39:21 POLARIS_LOG {"event":"send_rate","rate":304000,"ts":1760456361.5450053}
2025/10/14 15:39:22 POLARIS_LOG {"event":"send_rate","rate":296000,"ts":1760456362.5461526}
2025/10/14 15:39:23 POLARIS_LOG {"event":"send_rate","rate":296000,"ts":1760456363.5435936}
2025/10/14 15:39:24 POLARIS_LOG {"event":"send_rate","rate":312000,"ts":1760456364.5676882}
2025/10/14 15:39:25 POLARIS_LOG {"event":"send_rate","rate":288000,"ts":1760456365.5425432}
2025/10/14 15:39:26 POLARIS_LOG {"event":"send_rate","rate":304000,"ts":1760456366.5444758}
2025/10/14 15:39:27 POLARIS_LOG {"event":"send_rate","rate":296000,"ts":1760456367.544279}
2025/10/14 15:39:28 POLARIS_LOG {"event":"send_rate","rate":304000,"ts":1760456368.5419142}
2025/10/14 15:39:29 POLARIS_LOG {"event":"send_rate","rate":304000,"ts":1760456369.547868}
2025/10/14 15:39:30 POLARIS_LOG {"event":"send_rate","rate":296000,"ts":1760456370.5549374}
We need to sleep for 1 seconds before we can get the results
2025/10/14 15:39:31 POLARIS_LOG {"event":"send_rate","rate":8000,"ts":1760456371.5497854}
Drain Loop received packet
Drain Loop received non-nil payload
Client sent 10350 packets, server reported 10330 packets received
The network loss rate from client to server is 0.2%

S->C results
Attempted bandwidth: 0 bps / 0.00 Mbps
Achieved bandwidth: 0 bps / 0.00 Mbps
Loss rate: 0.0%
Interarrival time min/avg/max/mdev = -0.000/0.000/0.000/0.000 ms

C->S results
Attempted bandwidth: 300000 bps / 0.30 Mbps
Achieved bandwidth: 299420 bps / 0.30 Mbps
Loss rate: 0.2%
Interarrival time min/avg/max/mdev = 0.002/26.720/485.125/21.410 ms
