
Test parameters:
client->server: 285 seconds, 1000 bytes, 10687 packets
server->client: 285 seconds, 1000 bytes, 0 packets
2025/10/14 15:34:45 POLARIS_LOG {"current_rate":0,"event":"path_switch","new":"2 2 5 2","trigger":"initialization","ts":1760456085.408868}
Polaris prober initialized with 38 paths
Polaris prober initialized with local 1-111,10.111.0.71:32749 and remote 1-113,10.113.0.71
2025/10/14 15:34:46 POLARIS_LOG {"event":"send_rate","rate":296000,"ts":1760456086.4107504}
2025/10/14 15:34:47 POLARIS_LOG {"event":"send_rate","rate":304000,"ts":1760456087.4141743}
2025/10/14 15:34:48 POLARIS_LOG {"event":"send_rate","rate":296000,"ts":1760456088.410858}
2025/10/14 15:34:49 POLARIS_LOG {"event":"send_rate","rate":304000,"ts":1760456089.411352}
2025/10/14 15:34:50 POLARIS_LOG {"event":"send_rate","rate":296000,"ts":1760456090.4130888}
2025/10/14 15:34:51 POLARIS_LOG {"event":"send_rate","rate":304000,"ts":1760456091.4170809}
2025/10/14 15:34:52 POLARIS_LOG {"event":"send_rate","rate":304000,"ts":1760456092.4304032}
2025/10/14 15:34:53 POLARIS_LOG {"event":"send_rate","rate":296000,"ts":1760456093.4194934}
2025/10/14 15:34:54 POLARIS_LOG {"event":"send_rate","rate":296000,"ts":1760456094.4112177}
2025/10/14 15:34:55 POLARIS_LOG {"event":"send_rate","rate":304000,"ts":1760456095.410945}
2025/10/14 15:34:56 POLARIS_LOG {"event":"send_rate","rate":304000,"ts":1760456096.425877}
2025/10/14 15:34:57 POLARIS_LOG {"event":"send_rate","rate":288000,"ts":1760456097.4109719}
2025/10/14 15:34:58 POLARIS_LOG {"event":"send_rate","rate":304000,"ts":1760456098.4115174}
2025/10/14 15:34:59 POLARIS_LOG {"event":"send_rate","rate":304000,"ts":1760456099.4133708}
2025/10/14 15:35:00 POLARIS_LOG {"event":"send_rate","rate":296000,"ts":1760456100.411088}
2025/10/14 15:35:01 POLARIS_LOG {"event":"send_rate","rate":232000,"ts":1760456101.4128323}
2025/10/14 15:35:02 POLARIS_LOG {"event":"send_rate","rate":72000,"ts":1760456102.4119325}
2025/10/14 15:35:03 POLARIS_LOG {"event":"send_rate","rate":112000,"ts":1760456103.4118876}
2025/10/14 15:35:04 POLARIS_LOG {"event":"send_rate","rate":120000,"ts":1760456104.4291744}
2025/10/14 15:35:05 POLARIS_LOG {"event":"send_rate","rate":112000,"ts":1760456105.4137075}
2025/10/14 15:35:05 POLARIS_LOG {"candidates":13,"candidates_unfiltered":25,"current_rate":112000,"estimated_share":1000000,"event":"path_switch","max_estimated_share":1000000,"new":"1 1 7 7 3 5","old":"2 2 5 2","trigger":"scheduled","ts":1760456105.4137986}
2025/10/14 15:35:06 POLARIS_LOG {"event":"send_rate","rate":1152000,"ts":1760456106.4108045}
2025/10/14 15:35:07 POLARIS_LOG {"event":"send_rate","rate":296000,"ts":1760456107.4108653}
2025/10/14 15:35:08 POLARIS_LOG {"event":"send_rate","rate":296000,"ts":1760456108.4136162}
2025/10/14 15:35:09 POLARIS_LOG {"event":"send_rate","rate":304000,"ts":1760456109.4114497}
2025/10/14 15:35:10 POLARIS_LOG {"event":"send_rate","rate":304000,"ts":1760456110.4114344}
2025/10/14 15:35:11 POLARIS_LOG {"event":"send_rate","rate":304000,"ts":1760456111.420476}
2025/10/14 15:35:12 POLARIS_LOG {"event":"send_rate","rate":296000,"ts":1760456112.4113643}
2025/10/14 15:35:13 POLARIS_LOG {"event":"send_rate","rate":296000,"ts":1760456113.411995}
2025/10/14 15:35:14 POLARIS_LOG {"event":"send_rate","rate":304000,"ts":1760456114.4124944}
2025/10/14 15:35:15 POLARIS_LOG {"event":"send_rate","rate":304000,"ts":1760456115.4146175}
2025/10/14 15:35:16 POLARIS_LOG {"event":"send_rate","rate":296000,"ts":1760456116.4112039}
2025/10/14 15:35:17 POLARIS_LOG {"event":"send_rate","rate":296000,"ts":1760456117.4111834}
2025/10/14 15:35:18 POLARIS_LOG {"event":"send_rate","rate":296000,"ts":1760456118.4162798}
2025/10/14 15:35:19 POLARIS_LOG {"event":"send_rate","rate":304000,"ts":1760456119.4130728}
2025/10/14 15:35:20 POLARIS_LOG {"event":"send_rate","rate":304000,"ts":1760456120.4116497}
2025/10/14 15:35:21 POLARIS_LOG {"event":"send_rate","rate":296000,"ts":1760456121.4114223}
2025/10/14 15:35:22 POLARIS_LOG {"event":"send_rate","rate":304000,"ts":1760456122.410745}
2025/10/14 15:35:23 POLARIS_LOG {"event":"send_rate","rate":296000,"ts":1760456123.4113007}
2025/10/14 15:35:24 POLARIS_LOG {"event":"send_rate","rate":304000,"ts":1760456124.4107225}
2025/10/14 15:35:25 POLARIS_LOG {"event":"send_rate","rate":296000,"ts":1760456125.4109933}
2025/10/14 15:35:26 POLARIS_LOG {"event":"send_rate","rate":304000,"ts":1760456126.4119303}
2025/10/14 15:35:27 POLARIS_LOG {"event":"send_rate","rate":288000,"ts":1760456127.4168308}
2025/10/14 15:35:28 POLARIS_LOG {"event":"send_rate","rate":312000,"ts":1760456128.4187725}
2025/10/14 15:35:29 POLARIS_LOG {"event":"send_rate","rate":296000,"ts":1760456129.4128425}
2025/10/14 15:35:30 POLARIS_LOG {"event":"send_rate","rate":304000,"ts":1760456130.4193408}
2025/10/14 15:35:31 POLARIS_LOG {"event":"send_rate","rate":296000,"ts":1760456131.4116378}
2025/10/14 15:35:32 POLARIS_LOG {"event":"send_rate","rate":304000,"ts":1760456132.41222}
2025/10/14 15:35:33 POLARIS_LOG {"event":"send_rate","rate":296000,"ts":1760456133.413082}
2025/10/14 15:35:34 POLARIS_LOG {"event":"send_rate","rate":304000,"ts":1760456134.4275815}
2025/10/14 15:35:35 POLARIS_LOG {"event":"send_rate","rate":304000,"ts":1760456135.4273343}
2025/10/14 15:35:36 POLARIS_LOG {"event":"send_rate","rate":296000,"ts":1760456136.4109457}
2025/10/14 15:35:37 POLARIS_LOG {"event":"send_rate","rate":296000,"ts":1760456137.4111109}
2025/10/14 15:35:38 POLARIS_LOG {"event":"send_rate","rate":304000,"ts":1760456138.4112394}
2025/10/14 15:35:39 POLARIS_LOG {"event":"send_rate","rate":296000,"ts":1760456139.4112246}
2025/10/14 15:35:40 POLARIS_LOG {"event":"send_rate","rate":304000,"ts":1760456140.4108348}
2025/10/14 15:35:41 POLARIS_LOG {"event":"send_rate","rate":296000,"ts":1760456141.4139812}
2025/10/14 15:35:42 POLARIS_LOG {"event":"send_rate","rate":304000,"ts":1760456142.4128642}
2025/10/14 15:35:43 POLARIS_LOG {"event":"send_rate","rate":296000,"ts":1760456143.4111457}
2025/10/14 15:35:44 POLARIS_LOG {"event":"send_rate","rate":312000,"ts":1760456144.4496715}
2025/10/14 15:35:45 POLARIS_LOG {"event":"send_rate","rate":288000,"ts":1760456145.412056}
2025/10/14 15:35:45 POLARIS_LOG {"candidates":2,"candidates_unfiltered":2,"current_rate":288000,"estimated_share":500000,"event":"path_switch","max_estimated_share":500000,"new":"5 5 2 4","old":"1 1 7 7 3 5","trigger":"scheduled","ts":1760456145.4127464}
2025/10/14 15:35:46 POLARIS_LOG {"event":"send_rate","rate":304000,"ts":1760456146.4137151}
2025/10/14 15:35:47 POLARIS_LOG {"event":"send_rate","rate":296000,"ts":1760456147.4118795}
2025/10/14 15:35:48 POLARIS_LOG {"event":"send_rate","rate":304000,"ts":1760456148.411406}
2025/10/14 15:35:49 POLARIS_LOG {"event":"send_rate","rate":288000,"ts":1760456149.4231126}
2025/10/14 15:35:50 POLARIS_LOG {"event":"send_rate","rate":320000,"ts":1760456150.4504776}
2025/10/14 15:35:51 POLARIS_LOG {"event":"send_rate","rate":288000,"ts":1760456151.4108443}
2025/10/14 15:35:52 POLARIS_LOG {"event":"send_rate","rate":304000,"ts":1760456152.413812}
2025/10/14 15:35:53 POLARIS_LOG {"event":"send_rate","rate":296000,"ts":1760456153.412561}
2025/10/14 15:35:54 POLARIS_LOG {"event":"send_rate","rate":304000,"ts":1760456154.4116185}
2025/10/14 15:35:55 POLARIS_LOG {"event":"send_rate","rate":296000,"ts":1760456155.4114861}
2025/10/14 15:35:56 POLARIS_LOG {"event":"send_rate","rate":304000,"ts":1760456156.4106858}
2025/10/14 15:35:57 POLARIS_LOG {"event":"send_rate","rate":304000,"ts":1760456157.4223797}
2025/10/14 15:35:58 POLARIS_LOG {"event":"send_rate","rate":296000,"ts":1760456158.4113286}
2025/10/14 15:35:59 POLARIS_LOG {"event":"send_rate","rate":296000,"ts":1760456159.4113786}
2025/10/14 15:36:00 POLARIS_LOG {"event":"send_rate","rate":304000,"ts":1760456160.4112065}
2025/10/14 15:36:01 POLARIS_LOG {"event":"send_rate","rate":296000,"ts":1760456161.4120812}
2025/10/14 15:36:02 POLARIS_LOG {"event":"send_rate","rate":304000,"ts":1760456162.4120789}
2025/10/14 15:36:03 POLARIS_LOG {"event":"send_rate","rate":296000,"ts":1760456163.4184096}
2025/10/14 15:36:04 POLARIS_LOG {"event":"send_rate","rate":296000,"ts":1760456164.411343}
2025/10/14 15:36:05 POLARIS_LOG {"event":"send_rate","rate":304000,"ts":1760456165.4111931}
2025/10/14 15:36:06 POLARIS_LOG {"event":"send_rate","rate":304000,"ts":1760456166.4151933}
2025/10/14 15:36:07 POLARIS_LOG {"event":"send_rate","rate":296000,"ts":1760456167.410715}
2025/10/14 15:36:08 POLARIS_LOG {"event":"send_rate","rate":304000,"ts":1760456168.423136}
2025/10/14 15:36:09 POLARIS_LOG {"event":"send_rate","rate":296000,"ts":1760456169.4123833}
2025/10/14 15:36:10 POLARIS_LOG {"event":"send_rate","rate":304000,"ts":1760456170.413431}
2025/10/14 15:36:11 POLARIS_LOG {"event":"send_rate","rate":296000,"ts":1760456171.4115624}
2025/10/14 15:36:12 POLARIS_LOG {"event":"send_rate","rate":304000,"ts":1760456172.4130082}
2025/10/14 15:36:13 POLARIS_LOG {"event":"send_rate","rate":296000,"ts":1760456173.4112227}
2025/10/14 15:36:14 POLARIS_LOG {"event":"send_rate","rate":304000,"ts":1760456174.4107194}
2025/10/14 15:36:15 POLARIS_LOG {"event":"send_rate","rate":296000,"ts":1760456175.4110575}
2025/10/14 15:36:16 POLARIS_LOG {"event":"send_rate","rate":296000,"ts":1760456176.415891}
2025/10/14 15:36:17 POLARIS_LOG {"event":"send_rate","rate":304000,"ts":1760456177.4135485}
2025/10/14 15:36:18 POLARIS_LOG {"event":"send_rate","rate":304000,"ts":1760456178.4116478}
2025/10/14 15:36:19 POLARIS_LOG {"event":"send_rate","rate":296000,"ts":1760456179.4112008}
2025/10/14 15:36:20 POLARIS_LOG {"event":"send_rate","rate":304000,"ts":1760456180.4126246}
2025/10/14 15:36:21 POLARIS_LOG {"event":"send_rate","rate":296000,"ts":1760456181.4108152}
2025/10/14 15:36:22 POLARIS_LOG {"event":"send_rate","rate":304000,"ts":1760456182.4112098}
2025/10/14 15:36:23 POLARIS_LOG {"event":"send_rate","rate":296000,"ts":1760456183.4115744}
2025/10/14 15:36:24 POLARIS_LOG {"event":"send_rate","rate":304000,"ts":1760456184.4112494}
2025/10/14 15:36:25 POLARIS_LOG {"event":"send_rate","rate":296000,"ts":1760456185.416785}
2025/10/14 15:36:26 POLARIS_LOG {"event":"send_rate","rate":296000,"ts":1760456186.4108963}
2025/10/14 15:36:27 POLARIS_LOG {"event":"send_rate","rate":304000,"ts":1760456187.4113798}
2025/10/14 15:36:28 POLARIS_LOG {"event":"send_rate","rate":304000,"ts":1760456188.411637}
2025/10/14 15:36:29 POLARIS_LOG {"event":"send_rate","rate":296000,"ts":1760456189.411084}
2025/10/14 15:36:30 POLARIS_LOG {"event":"send_rate","rate":296000,"ts":1760456190.4122927}
2025/10/14 15:36:31 POLARIS_LOG {"event":"send_rate","rate":304000,"ts":1760456191.4107132}
2025/10/14 15:36:32 POLARIS_LOG {"event":"send_rate","rate":304000,"ts":1760456192.4109724}
2025/10/14 15:36:33 POLARIS_LOG {"event":"send_rate","rate":296000,"ts":1760456193.4181023}
2025/10/14 15:36:34 POLARIS_LOG {"event":"send_rate","rate":296000,"ts":1760456194.4208817}
2025/10/14 15:36:35 POLARIS_LOG {"event":"send_rate","rate":304000,"ts":1760456195.4118047}
2025/10/14 15:36:36 POLARIS_LOG {"event":"send_rate","rate":296000,"ts":1760456196.410708}
2025/10/14 15:36:37 POLARIS_LOG {"event":"send_rate","rate":304000,"ts":1760456197.4131596}
2025/10/14 15:36:38 POLARIS_LOG {"event":"send_rate","rate":296000,"ts":1760456198.4121733}
2025/10/14 15:36:39 POLARIS_LOG {"event":"send_rate","rate":304000,"ts":1760456199.4111114}
2025/10/14 15:36:40 POLARIS_LOG {"event":"send_rate","rate":304000,"ts":1760456200.4163122}
2025/10/14 15:36:41 POLARIS_LOG {"event":"send_rate","rate":296000,"ts":1760456201.4137547}
2025/10/14 15:36:42 POLARIS_LOG {"event":"send_rate","rate":296000,"ts":1760456202.4109464}
2025/10/14 15:36:43 POLARIS_LOG {"event":"send_rate","rate":304000,"ts":1760456203.412206}
2025/10/14 15:36:44 POLARIS_LOG {"event":"send_rate","rate":304000,"ts":1760456204.4160047}
2025/10/14 15:36:45 POLARIS_LOG {"event":"send_rate","rate":296000,"ts":1760456205.4106772}
2025/10/14 15:36:46 POLARIS_LOG {"event":"send_rate","rate":296000,"ts":1760456206.4114318}
2025/10/14 15:36:47 POLARIS_LOG {"event":"send_rate","rate":304000,"ts":1760456207.421973}
2025/10/14 15:36:48 POLARIS_LOG {"event":"send_rate","rate":296000,"ts":1760456208.4122567}
2025/10/14 15:36:49 POLARIS_LOG {"event":"send_rate","rate":304000,"ts":1760456209.4132311}
2025/10/14 15:36:50 POLARIS_LOG {"event":"send_rate","rate":304000,"ts":1760456210.424471}
2025/10/14 15:36:51 POLARIS_LOG {"event":"send_rate","rate":296000,"ts":1760456211.4161458}
2025/10/14 15:36:52 POLARIS_LOG {"event":"send_rate","rate":304000,"ts":1760456212.4264574}
2025/10/14 15:36:53 POLARIS_LOG {"event":"send_rate","rate":296000,"ts":1760456213.4152548}
2025/10/14 15:36:54 POLARIS_LOG {"event":"send_rate","rate":296000,"ts":1760456214.4132373}
2025/10/14 15:36:55 POLARIS_LOG {"event":"send_rate","rate":304000,"ts":1760456215.414235}
2025/10/14 15:36:56 POLARIS_LOG {"event":"send_rate","rate":296000,"ts":1760456216.4130452}
2025/10/14 15:36:57 POLARIS_LOG {"event":"send_rate","rate":304000,"ts":1760456217.4143817}
2025/10/14 15:36:58 POLARIS_LOG {"event":"send_rate","rate":296000,"ts":1760456218.4118826}
2025/10/14 15:36:59 POLARIS_LOG {"event":"send_rate","rate":304000,"ts":1760456219.4148967}
2025/10/14 15:37:00 POLARIS_LOG {"event":"send_rate","rate":304000,"ts":1760456220.4181693}
2025/10/14 15:37:01 POLARIS_LOG {"event":"send_rate","rate":304000,"ts":1760456221.4325805}
2025/10/14 15:37:02 POLARIS_LOG {"event":"send_rate","rate":288000,"ts":1760456222.4109309}
2025/10/14 15:37:03 POLARIS_LOG {"event":"send_rate","rate":304000,"ts":1760456223.4112403}
2025/10/14 15:37:04 POLARIS_LOG {"event":"send_rate","rate":296000,"ts":1760456224.4111316}
2025/10/14 15:37:05 POLARIS_LOG {"event":"send_rate","rate":304000,"ts":1760456225.4256666}
2025/10/14 15:37:06 POLARIS_LOG {"event":"send_rate","rate":296000,"ts":1760456226.4133558}
2025/10/14 15:37:07 POLARIS_LOG {"event":"send_rate","rate":304000,"ts":1760456227.4114308}
2025/10/14 15:37:08 POLARIS_LOG {"event":"send_rate","rate":296000,"ts":1760456228.4112606}
2025/10/14 15:37:09 POLARIS_LOG {"event":"send_rate","rate":304000,"ts":1760456229.4139075}
2025/10/14 15:37:10 POLARIS_LOG {"event":"send_rate","rate":296000,"ts":1760456230.4114099}
2025/10/14 15:37:11 POLARIS_LOG {"event":"send_rate","rate":304000,"ts":1760456231.412437}
2025/10/14 15:37:12 POLARIS_LOG {"event":"send_rate","rate":296000,"ts":1760456232.4131095}
2025/10/14 15:37:13 POLARIS_LOG {"event":"send_rate","rate":304000,"ts":1760456233.4178162}
2025/10/14 15:37:14 POLARIS_LOG {"event":"send_rate","rate":296000,"ts":1760456234.411193}
2025/10/14 15:37:15 POLARIS_LOG {"event":"send_rate","rate":304000,"ts":1760456235.4151165}
2025/10/14 15:37:16 POLARIS_LOG {"event":"send_rate","rate":296000,"ts":1760456236.4150813}
2025/10/14 15:37:17 POLARIS_LOG {"event":"send_rate","rate":304000,"ts":1760456237.4146726}
2025/10/14 15:37:18 POLARIS_LOG {"event":"send_rate","rate":296000,"ts":1760456238.4116952}
2025/10/14 15:37:19 POLARIS_LOG {"event":"send_rate","rate":304000,"ts":1760456239.4172752}
2025/10/14 15:37:20 POLARIS_LOG {"event":"send_rate","rate":296000,"ts":1760456240.4128215}
2025/10/14 15:37:21 POLARIS_LOG {"event":"send_rate","rate":304000,"ts":1760456241.418422}
2025/10/14 15:37:22 POLARIS_LOG {"event":"send_rate","rate":296000,"ts":1760456242.4124854}
2025/10/14 15:37:23 POLARIS_LOG {"event":"send_rate","rate":304000,"ts":1760456243.4118893}
2025/10/14 15:37:24 POLARIS_LOG {"event":"send_rate","rate":296000,"ts":1760456244.4115121}
2025/10/14 15:37:25 POLARIS_LOG {"event":"send_rate","rate":304000,"ts":1760456245.4509938}
2025/10/14 15:37:26 POLARIS_LOG {"event":"send_rate","rate":296000,"ts":1760456246.4112844}
2025/10/14 15:37:27 POLARIS_LOG {"event":"send_rate","rate":304000,"ts":1760456247.4117498}
2025/10/14 15:37:28 POLARIS_LOG {"event":"send_rate","rate":296000,"ts":1760456248.4152458}
2025/10/14 15:37:29 POLARIS_LOG {"event":"send_rate","rate":304000,"ts":1760456249.4108498}
2025/10/14 15:37:30 POLARIS_LOG {"event":"send_rate","rate":296000,"ts":1760456250.4107068}
2025/10/14 15:37:31 POLARIS_LOG {"event":"send_rate","rate":304000,"ts":1760456251.415113}
2025/10/14 15:37:32 POLARIS_LOG {"event":"send_rate","rate":296000,"ts":1760456252.4123971}
2025/10/14 15:37:33 POLARIS_LOG {"event":"send_rate","rate":304000,"ts":1760456253.4116387}
2025/10/14 15:37:34 POLARIS_LOG {"event":"send_rate","rate":296000,"ts":1760456254.4117658}
2025/10/14 15:37:35 POLARIS_LOG {"event":"send_rate","rate":304000,"ts":1760456255.4112473}
2025/10/14 15:37:36 POLARIS_LOG {"event":"send_rate","rate":296000,"ts":1760456256.4115834}
2025/10/14 15:37:37 POLARIS_LOG {"event":"send_rate","rate":304000,"ts":1760456257.4113507}
2025/10/14 15:37:38 POLARIS_LOG {"event":"send_rate","rate":296000,"ts":1760456258.411959}
2025/10/14 15:37:39 POLARIS_LOG {"event":"send_rate","rate":304000,"ts":1760456259.4114547}
2025/10/14 15:37:40 POLARIS_LOG {"event":"send_rate","rate":304000,"ts":1760456260.420916}
2025/10/14 15:37:41 POLARIS_LOG {"event":"send_rate","rate":296000,"ts":1760456261.4107516}
2025/10/14 15:37:42 POLARIS_LOG {"event":"send_rate","rate":296000,"ts":1760456262.4170632}
2025/10/14 15:37:43 POLARIS_LOG {"event":"send_rate","rate":304000,"ts":1760456263.4219427}
2025/10/14 15:37:44 POLARIS_LOG {"event":"send_rate","rate":296000,"ts":1760456264.412662}
2025/10/14 15:37:45 POLARIS_LOG {"event":"send_rate","rate":304000,"ts":1760456265.4115057}
2025/10/14 15:37:46 POLARIS_LOG {"event":"send_rate","rate":296000,"ts":1760456266.4112577}
2025/10/14 15:37:47 POLARIS_LOG {"event":"send_rate","rate":296000,"ts":1760456267.410701}
2025/10/14 15:37:48 POLARIS_LOG {"event":"send_rate","rate":304000,"ts":1760456268.4117239}
2025/10/14 15:37:49 POLARIS_LOG {"event":"send_rate","rate":304000,"ts":1760456269.4113963}
2025/10/14 15:37:50 POLARIS_LOG {"event":"send_rate","rate":296000,"ts":1760456270.4120176}
2025/10/14 15:37:51 POLARIS_LOG {"event":"send_rate","rate":304000,"ts":1760456271.4239511}
2025/10/14 15:37:52 POLARIS_LOG {"event":"send_rate","rate":296000,"ts":1760456272.4157233}
2025/10/14 15:37:53 POLARIS_LOG {"event":"send_rate","rate":304000,"ts":1760456273.4128323}
2025/10/14 15:37:54 POLARIS_LOG {"event":"send_rate","rate":296000,"ts":1760456274.4114392}
2025/10/14 15:37:55 POLARIS_LOG {"event":"send_rate","rate":304000,"ts":1760456275.4169953}
2025/10/14 15:37:56 POLARIS_LOG {"event":"send_rate","rate":296000,"ts":1760456276.4113717}
2025/10/14 15:37:57 POLARIS_LOG {"event":"send_rate","rate":304000,"ts":1760456277.41148}
2025/10/14 15:37:58 POLARIS_LOG {"event":"send_rate","rate":296000,"ts":1760456278.411019}
2025/10/14 15:37:59 POLARIS_LOG {"event":"send_rate","rate":304000,"ts":1760456279.4121723}
2025/10/14 15:38:00 POLARIS_LOG {"event":"send_rate","rate":296000,"ts":1760456280.4152684}
2025/10/14 15:38:01 POLARIS_LOG {"event":"send_rate","rate":304000,"ts":1760456281.410855}
2025/10/14 15:38:02 POLARIS_LOG {"event":"send_rate","rate":296000,"ts":1760456282.4118736}
2025/10/14 15:38:03 POLARIS_LOG {"event":"send_rate","rate":304000,"ts":1760456283.4193456}
2025/10/14 15:38:04 POLARIS_LOG {"event":"send_rate","rate":296000,"ts":1760456284.4119296}
2025/10/14 15:38:05 POLARIS_LOG {"event":"send_rate","rate":304000,"ts":1760456285.4183862}
2025/10/14 15:38:06 POLARIS_LOG {"event":"send_rate","rate":296000,"ts":1760456286.4223206}
2025/10/14 15:38:07 POLARIS_LOG {"event":"send_rate","rate":296000,"ts":1760456287.4108417}
2025/10/14 15:38:08 POLARIS_LOG {"event":"send_rate","rate":304000,"ts":1760456288.4130404}
2025/10/14 15:38:09 POLARIS_LOG {"event":"send_rate","rate":296000,"ts":1760456289.410974}
2025/10/14 15:38:10 POLARIS_LOG {"event":"send_rate","rate":304000,"ts":1760456290.4112427}
2025/10/14 15:38:11 POLARIS_LOG {"event":"send_rate","rate":304000,"ts":1760456291.417466}
2025/10/14 15:38:12 POLARIS_LOG {"event":"send_rate","rate":296000,"ts":1760456292.4208372}
2025/10/14 15:38:13 POLARIS_LOG {"event":"send_rate","rate":304000,"ts":1760456293.4354463}
2025/10/14 15:38:14 POLARIS_LOG {"event":"send_rate","rate":296000,"ts":1760456294.4128203}
2025/10/14 15:38:15 POLARIS_LOG {"event":"send_rate","rate":304000,"ts":1760456295.412018}
2025/10/14 15:38:16 POLARIS_LOG {"event":"send_rate","rate":296000,"ts":1760456296.4115307}
2025/10/14 15:38:17 POLARIS_LOG {"event":"send_rate","rate":296000,"ts":1760456297.4112022}
2025/10/14 15:38:18 POLARIS_LOG {"event":"send_rate","rate":312000,"ts":1760456298.4342427}
2025/10/14 15:38:19 POLARIS_LOG {"event":"send_rate","rate":288000,"ts":1760456299.4115937}
2025/10/14 15:38:20 POLARIS_LOG {"event":"send_rate","rate":304000,"ts":1760456300.415982}
2025/10/14 15:38:21 POLARIS_LOG {"event":"send_rate","rate":296000,"ts":1760456301.4116452}
2025/10/14 15:38:22 POLARIS_LOG {"event":"send_rate","rate":304000,"ts":1760456302.4134672}
2025/10/14 15:38:23 POLARIS_LOG {"event":"send_rate","rate":296000,"ts":1760456303.4152205}
2025/10/14 15:38:24 POLARIS_LOG {"event":"send_rate","rate":304000,"ts":1760456304.411055}
2025/10/14 15:38:25 POLARIS_LOG {"event":"send_rate","rate":296000,"ts":1760456305.4115262}
2025/10/14 15:38:26 POLARIS_LOG {"event":"send_rate","rate":304000,"ts":1760456306.4121428}
2025/10/14 15:38:27 POLARIS_LOG {"event":"send_rate","rate":304000,"ts":1760456307.4178321}
2025/10/14 15:38:28 POLARIS_LOG {"event":"send_rate","rate":296000,"ts":1760456308.414881}
2025/10/14 15:38:29 POLARIS_LOG {"event":"send_rate","rate":312000,"ts":1760456309.471836}
2025/10/14 15:38:30 POLARIS_LOG {"event":"send_rate","rate":288000,"ts":1760456310.4157543}
2025/10/14 15:38:31 POLARIS_LOG {"event":"send_rate","rate":296000,"ts":1760456311.4174767}
2025/10/14 15:38:32 POLARIS_LOG {"event":"send_rate","rate":304000,"ts":1760456312.4165468}
2025/10/14 15:38:33 POLARIS_LOG {"event":"send_rate","rate":304000,"ts":1760456313.4153001}
2025/10/14 15:38:34 POLARIS_LOG {"event":"send_rate","rate":296000,"ts":1760456314.4147062}
2025/10/14 15:38:35 POLARIS_LOG {"event":"send_rate","rate":296000,"ts":1760456315.4108806}
2025/10/14 15:38:36 POLARIS_LOG {"event":"send_rate","rate":304000,"ts":1760456316.4115376}
2025/10/14 15:38:37 POLARIS_LOG {"event":"send_rate","rate":296000,"ts":1760456317.4129548}
2025/10/14 15:38:38 POLARIS_LOG {"event":"send_rate","rate":304000,"ts":1760456318.4109647}
2025/10/14 15:38:39 POLARIS_LOG {"event":"send_rate","rate":296000,"ts":1760456319.4134533}
2025/10/14 15:38:40 POLARIS_LOG {"event":"send_rate","rate":304000,"ts":1760456320.415584}
2025/10/14 15:38:41 POLARIS_LOG {"event":"send_rate","rate":296000,"ts":1760456321.410869}
2025/10/14 15:38:42 POLARIS_LOG {"event":"send_rate","rate":304000,"ts":1760456322.4147718}
2025/10/14 15:38:43 POLARIS_LOG {"event":"send_rate","rate":296000,"ts":1760456323.4116359}
2025/10/14 15:38:44 POLARIS_LOG {"event":"send_rate","rate":304000,"ts":1760456324.4111896}
2025/10/14 15:38:45 POLARIS_LOG {"event":"send_rate","rate":296000,"ts":1760456325.4112418}
2025/10/14 15:38:46 POLARIS_LOG {"event":"send_rate","rate":304000,"ts":1760456326.414411}
2025/10/14 15:38:47 POLARIS_LOG {"event":"send_rate","rate":296000,"ts":1760456327.4109402}
2025/10/14 15:38:48 POLARIS_LOG {"event":"send_rate","rate":304000,"ts":1760456328.4110038}
2025/10/14 15:38:49 POLARIS_LOG {"event":"send_rate","rate":296000,"ts":1760456329.411831}
2025/10/14 15:38:50 POLARIS_LOG {"event":"send_rate","rate":296000,"ts":1760456330.4122689}
2025/10/14 15:38:51 POLARIS_LOG {"event":"send_rate","rate":304000,"ts":1760456331.4111183}
2025/10/14 15:38:52 POLARIS_LOG {"event":"send_rate","rate":304000,"ts":1760456332.4114218}
2025/10/14 15:38:53 POLARIS_LOG {"event":"send_rate","rate":296000,"ts":1760456333.4135442}
2025/10/14 15:38:54 POLARIS_LOG {"event":"send_rate","rate":304000,"ts":1760456334.410698}
2025/10/14 15:38:55 POLARIS_LOG {"event":"send_rate","rate":296000,"ts":1760456335.4109888}
2025/10/14 15:38:56 POLARIS_LOG {"event":"send_rate","rate":304000,"ts":1760456336.41179}
2025/10/14 15:38:57 POLARIS_LOG {"event":"send_rate","rate":296000,"ts":1760456337.412832}
2025/10/14 15:38:58 POLARIS_LOG {"event":"send_rate","rate":304000,"ts":1760456338.4155817}
2025/10/14 15:38:59 POLARIS_LOG {"event":"send_rate","rate":296000,"ts":1760456339.4133868}
2025/10/14 15:39:00 POLARIS_LOG {"event":"send_rate","rate":304000,"ts":1760456340.4107344}
2025/10/14 15:39:01 POLARIS_LOG {"event":"send_rate","rate":304000,"ts":1760456341.4395664}
2025/10/14 15:39:02 POLARIS_LOG {"event":"send_rate","rate":296000,"ts":1760456342.4115741}
2025/10/14 15:39:03 POLARIS_LOG {"event":"send_rate","rate":296000,"ts":1760456343.411807}
2025/10/14 15:39:04 POLARIS_LOG {"event":"send_rate","rate":304000,"ts":1760456344.4288328}
2025/10/14 15:39:05 POLARIS_LOG {"event":"send_rate","rate":296000,"ts":1760456345.412103}
2025/10/14 15:39:06 POLARIS_LOG {"event":"send_rate","rate":304000,"ts":1760456346.4192526}
2025/10/14 15:39:07 POLARIS_LOG {"event":"send_rate","rate":296000,"ts":1760456347.4106789}
2025/10/14 15:39:08 POLARIS_LOG {"event":"send_rate","rate":304000,"ts":1760456348.4128633}
2025/10/14 15:39:09 POLARIS_LOG {"event":"send_rate","rate":296000,"ts":1760456349.418598}
2025/10/14 15:39:10 POLARIS_LOG {"event":"send_rate","rate":304000,"ts":1760456350.412896}
2025/10/14 15:39:11 POLARIS_LOG {"event":"send_rate","rate":304000,"ts":1760456351.4278975}
2025/10/14 15:39:12 POLARIS_LOG {"event":"send_rate","rate":296000,"ts":1760456352.4116106}
2025/10/14 15:39:13 POLARIS_LOG {"event":"send_rate","rate":296000,"ts":1760456353.4120138}
2025/10/14 15:39:14 POLARIS_LOG {"event":"send_rate","rate":304000,"ts":1760456354.416102}
2025/10/14 15:39:15 POLARIS_LOG {"event":"send_rate","rate":296000,"ts":1760456355.4111874}
2025/10/14 15:39:16 POLARIS_LOG {"event":"send_rate","rate":304000,"ts":1760456356.4120305}
2025/10/14 15:39:17 POLARIS_LOG {"event":"send_rate","rate":296000,"ts":1760456357.4106693}
2025/10/14 15:39:18 POLARIS_LOG {"event":"send_rate","rate":304000,"ts":1760456358.4112506}
2025/10/14 15:39:19 POLARIS_LOG {"event":"send_rate","rate":296000,"ts":1760456359.4153621}
2025/10/14 15:39:20 POLARIS_LOG {"event":"send_rate","rate":296000,"ts":1760456360.411783}
2025/10/14 15:39:21 POLARIS_LOG {"event":"send_rate","rate":304000,"ts":1760456361.412089}
2025/10/14 15:39:22 POLARIS_LOG {"event":"send_rate","rate":296000,"ts":1760456362.4170587}
2025/10/14 15:39:23 POLARIS_LOG {"event":"send_rate","rate":304000,"ts":1760456363.415148}
2025/10/14 15:39:24 POLARIS_LOG {"event":"send_rate","rate":304000,"ts":1760456364.4112332}
2025/10/14 15:39:25 POLARIS_LOG {"event":"send_rate","rate":296000,"ts":1760456365.412101}
2025/10/14 15:39:26 POLARIS_LOG {"event":"send_rate","rate":304000,"ts":1760456366.4133554}
2025/10/14 15:39:27 POLARIS_LOG {"event":"send_rate","rate":296000,"ts":1760456367.417016}
2025/10/14 15:39:28 POLARIS_LOG {"event":"send_rate","rate":304000,"ts":1760456368.416427}
2025/10/14 15:39:29 POLARIS_LOG {"event":"send_rate","rate":296000,"ts":1760456369.4108713}
2025/10/14 15:39:30 POLARIS_LOG {"event":"send_rate","rate":304000,"ts":1760456370.412216}
We need to sleep for 1 seconds before we can get the results
2025/10/14 15:39:31 POLARIS_LOG {"event":"send_rate","rate":8000,"ts":1760456371.4118118}
Drain Loop received packet
Drain Loop received non-nil payload
Client sent 10687 packets, server reported 10674 packets received
The network loss rate from client to server is 0.1%

S->C results
Attempted bandwidth: 0 bps / 0.00 Mbps
Achieved bandwidth: 0 bps / 0.00 Mbps
Loss rate: 0.0%
Interarrival time min/avg/max/mdev = -0.000/0.000/0.000/0.000 ms

C->S results
Attempted bandwidth: 299985 bps / 0.30 Mbps
Achieved bandwidth: 299621 bps / 0.30 Mbps
Loss rate: 0.1%
Interarrival time min/avg/max/mdev = 0.002/26.702/431.820/20.128 ms
