
Test parameters:
client->server: 255 seconds, 1000 bytes, 9562 packets
server->client: 255 seconds, 1000 bytes, 0 packets
2025/10/14 15:35:15 POLARIS_LOG {"current_rate":0,"event":"path_switch","new":"2 2 5 2","trigger":"initialization","ts":1760456115.6274226}
Polaris prober initialized with 38 paths
Polaris prober initialized with local 1-111,10.111.0.71:32719 and remote 1-113,10.113.0.71
2025/10/14 15:35:16 POLARIS_LOG {"event":"send_rate","rate":0,"ts":1760456116.6304555}
2025/10/14 15:35:17 POLARIS_LOG {"event":"send_rate","rate":224000,"ts":1760456117.6298532}
2025/10/14 15:35:18 POLARIS_LOG {"event":"send_rate","rate":296000,"ts":1760456118.6301107}
2025/10/14 15:35:19 POLARIS_LOG {"event":"send_rate","rate":304000,"ts":1760456119.6403985}
2025/10/14 15:35:20 POLARIS_LOG {"event":"send_rate","rate":296000,"ts":1760456120.6298146}
2025/10/14 15:35:21 POLARIS_LOG {"event":"send_rate","rate":304000,"ts":1760456121.6303792}
2025/10/14 15:35:22 POLARIS_LOG {"event":"send_rate","rate":296000,"ts":1760456122.649198}
2025/10/14 15:35:23 POLARIS_LOG {"event":"send_rate","rate":304000,"ts":1760456123.6306224}
2025/10/14 15:35:24 POLARIS_LOG {"event":"send_rate","rate":320000,"ts":1760456124.711848}
2025/10/14 15:35:25 POLARIS_LOG {"event":"send_rate","rate":280000,"ts":1760456125.6313386}
2025/10/14 15:35:25 POLARIS_LOG {"candidates":4,"candidates_unfiltered":4,"current_rate":280000,"estimated_share":666500,"event":"path_switch","max_estimated_share":666500,"new":"3 3 4 1","old":"2 2 5 2","trigger":"scheduled","ts":1760456125.6314209}
2025/10/14 15:35:26 POLARIS_LOG {"event":"send_rate","rate":296000,"ts":1760456126.6303554}
2025/10/14 15:35:27 POLARIS_LOG {"event":"send_rate","rate":304000,"ts":1760456127.6324227}
2025/10/14 15:35:28 POLARIS_LOG {"event":"send_rate","rate":296000,"ts":1760456128.6308703}
2025/10/14 15:35:29 POLARIS_LOG {"event":"send_rate","rate":296000,"ts":1760456129.6312735}
2025/10/14 15:35:30 POLARIS_LOG {"event":"send_rate","rate":304000,"ts":1760456130.6307843}
2025/10/14 15:35:31 POLARIS_LOG {"event":"send_rate","rate":304000,"ts":1760456131.6301131}
2025/10/14 15:35:32 POLARIS_LOG {"event":"send_rate","rate":296000,"ts":1760456132.6306212}
2025/10/14 15:35:33 POLARIS_LOG {"event":"send_rate","rate":304000,"ts":1760456133.6375256}
2025/10/14 15:35:34 POLARIS_LOG {"event":"send_rate","rate":296000,"ts":1760456134.6354284}
2025/10/14 15:35:35 POLARIS_LOG {"event":"send_rate","rate":304000,"ts":1760456135.6580353}
2025/10/14 15:35:36 POLARIS_LOG {"event":"send_rate","rate":296000,"ts":1760456136.6395092}
2025/10/14 15:35:37 POLARIS_LOG {"event":"send_rate","rate":304000,"ts":1760456137.6306038}
2025/10/14 15:35:38 POLARIS_LOG {"event":"send_rate","rate":304000,"ts":1760456138.6435835}
2025/10/14 15:35:39 POLARIS_LOG {"event":"send_rate","rate":296000,"ts":1760456139.6377308}
2025/10/14 15:35:40 POLARIS_LOG {"event":"send_rate","rate":296000,"ts":1760456140.6316016}
2025/10/14 15:35:41 POLARIS_LOG {"event":"send_rate","rate":304000,"ts":1760456141.631333}
2025/10/14 15:35:42 POLARIS_LOG {"event":"send_rate","rate":296000,"ts":1760456142.63073}
2025/10/14 15:35:43 POLARIS_LOG {"event":"send_rate","rate":296000,"ts":1760456143.629786}
2025/10/14 15:35:44 POLARIS_LOG {"event":"send_rate","rate":304000,"ts":1760456144.6382608}
2025/10/14 15:35:45 POLARIS_LOG {"event":"send_rate","rate":304000,"ts":1760456145.630254}
2025/10/14 15:35:46 POLARIS_LOG {"event":"send_rate","rate":296000,"ts":1760456146.6307788}
2025/10/14 15:35:47 POLARIS_LOG {"event":"send_rate","rate":304000,"ts":1760456147.6333828}
2025/10/14 15:35:48 POLARIS_LOG {"event":"send_rate","rate":296000,"ts":1760456148.6297903}
2025/10/14 15:35:49 POLARIS_LOG {"event":"send_rate","rate":296000,"ts":1760456149.6312337}
2025/10/14 15:35:50 POLARIS_LOG {"event":"send_rate","rate":304000,"ts":1760456150.6309881}
2025/10/14 15:35:51 POLARIS_LOG {"event":"send_rate","rate":296000,"ts":1760456151.6314738}
2025/10/14 15:35:52 POLARIS_LOG {"event":"send_rate","rate":304000,"ts":1760456152.6303158}
2025/10/14 15:35:53 POLARIS_LOG {"event":"send_rate","rate":304000,"ts":1760456153.656446}
2025/10/14 15:35:54 POLARIS_LOG {"event":"send_rate","rate":304000,"ts":1760456154.6524143}
2025/10/14 15:35:55 POLARIS_LOG {"event":"send_rate","rate":288000,"ts":1760456155.6300519}
2025/10/14 15:35:55 POLARIS_LOG {"candidates":2,"candidates_unfiltered":2,"current_rate":288000,"estimated_share":500000,"event":"path_switch","max_estimated_share":500000,"new":"1 1 7 7 3 5","old":"3 3 4 1","trigger":"scheduled","ts":1760456155.630318}
2025/10/14 15:35:56 POLARIS_LOG {"event":"send_rate","rate":304000,"ts":1760456156.630655}
2025/10/14 15:35:57 POLARIS_LOG {"event":"send_rate","rate":296000,"ts":1760456157.6306798}
2025/10/14 15:35:58 POLARIS_LOG {"event":"send_rate","rate":304000,"ts":1760456158.6300695}
2025/10/14 15:35:59 POLARIS_LOG {"event":"send_rate","rate":296000,"ts":1760456159.6300344}
2025/10/14 15:36:00 POLARIS_LOG {"event":"send_rate","rate":304000,"ts":1760456160.6307979}
2025/10/14 15:36:01 POLARIS_LOG {"event":"send_rate","rate":304000,"ts":1760456161.6394527}
2025/10/14 15:36:02 POLARIS_LOG {"event":"send_rate","rate":296000,"ts":1760456162.6300197}
2025/10/14 15:36:03 POLARIS_LOG {"event":"send_rate","rate":296000,"ts":1760456163.6306148}
2025/10/14 15:36:04 POLARIS_LOG {"event":"send_rate","rate":304000,"ts":1760456164.6327388}
2025/10/14 15:36:05 POLARIS_LOG {"event":"send_rate","rate":296000,"ts":1760456165.7375515}
2025/10/14 15:36:06 POLARIS_LOG {"event":"send_rate","rate":304000,"ts":1760456166.6311066}
2025/10/14 15:36:07 POLARIS_LOG {"event":"send_rate","rate":304000,"ts":1760456167.6502893}
2025/10/14 15:36:08 POLARIS_LOG {"event":"send_rate","rate":296000,"ts":1760456168.6312976}
2025/10/14 15:36:09 POLARIS_LOG {"event":"send_rate","rate":296000,"ts":1760456169.630313}
2025/10/14 15:36:10 POLARIS_LOG {"event":"send_rate","rate":304000,"ts":1760456170.6304393}
2025/10/14 15:36:11 POLARIS_LOG {"event":"send_rate","rate":304000,"ts":1760456171.653074}
2025/10/14 15:36:12 POLARIS_LOG {"event":"send_rate","rate":304000,"ts":1760456172.651001}
2025/10/14 15:36:13 POLARIS_LOG {"event":"send_rate","rate":296000,"ts":1760456173.6352365}
2025/10/14 15:36:14 POLARIS_LOG {"event":"send_rate","rate":296000,"ts":1760456174.6303382}
2025/10/14 15:36:15 POLARIS_LOG {"event":"send_rate","rate":296000,"ts":1760456175.630771}
2025/10/14 15:36:16 POLARIS_LOG {"event":"send_rate","rate":312000,"ts":1760456176.6526957}
2025/10/14 15:36:17 POLARIS_LOG {"event":"send_rate","rate":296000,"ts":1760456177.6441433}
2025/10/14 15:36:18 POLARIS_LOG {"event":"send_rate","rate":296000,"ts":1760456178.6304843}
2025/10/14 15:36:19 POLARIS_LOG {"event":"send_rate","rate":296000,"ts":1760456179.6306489}
2025/10/14 15:36:20 POLARIS_LOG {"event":"send_rate","rate":304000,"ts":1760456180.6328502}
2025/10/14 15:36:21 POLARIS_LOG {"event":"send_rate","rate":296000,"ts":1760456181.6300516}
2025/10/14 15:36:22 POLARIS_LOG {"event":"send_rate","rate":304000,"ts":1760456182.632376}
2025/10/14 15:36:23 POLARIS_LOG {"event":"send_rate","rate":296000,"ts":1760456183.6298497}
2025/10/14 15:36:24 POLARIS_LOG {"event":"send_rate","rate":304000,"ts":1760456184.6348593}
2025/10/14 15:36:25 POLARIS_LOG {"event":"send_rate","rate":296000,"ts":1760456185.6306982}
2025/10/14 15:36:26 POLARIS_LOG {"event":"send_rate","rate":312000,"ts":1760456186.6537557}
2025/10/14 15:36:27 POLARIS_LOG {"event":"send_rate","rate":288000,"ts":1760456187.630566}
2025/10/14 15:36:28 POLARIS_LOG {"event":"send_rate","rate":304000,"ts":1760456188.6305594}
2025/10/14 15:36:29 POLARIS_LOG {"event":"send_rate","rate":296000,"ts":1760456189.6311374}
2025/10/14 15:36:30 POLARIS_LOG {"event":"send_rate","rate":304000,"ts":1760456190.6416283}
2025/10/14 15:36:31 POLARIS_LOG {"event":"send_rate","rate":296000,"ts":1760456191.7150328}
2025/10/14 15:36:32 POLARIS_LOG {"event":"send_rate","rate":304000,"ts":1760456192.6391098}
2025/10/14 15:36:33 POLARIS_LOG {"event":"send_rate","rate":296000,"ts":1760456193.629787}
2025/10/14 15:36:34 POLARIS_LOG {"event":"send_rate","rate":304000,"ts":1760456194.6355302}
2025/10/14 15:36:35 POLARIS_LOG {"event":"send_rate","rate":296000,"ts":1760456195.6298625}
2025/10/14 15:36:36 POLARIS_LOG {"event":"send_rate","rate":304000,"ts":1760456196.6312704}
2025/10/14 15:36:37 POLARIS_LOG {"event":"send_rate","rate":304000,"ts":1760456197.6398375}
2025/10/14 15:36:38 POLARIS_LOG {"event":"send_rate","rate":296000,"ts":1760456198.6368628}
2025/10/14 15:36:39 POLARIS_LOG {"event":"send_rate","rate":296000,"ts":1760456199.6300638}
2025/10/14 15:36:40 POLARIS_LOG {"event":"send_rate","rate":304000,"ts":1760456200.6310337}
2025/10/14 15:36:41 POLARIS_LOG {"event":"send_rate","rate":296000,"ts":1760456201.6471732}
2025/10/14 15:36:42 POLARIS_LOG {"event":"send_rate","rate":304000,"ts":1760456202.6310577}
2025/10/14 15:36:43 POLARIS_LOG {"event":"send_rate","rate":296000,"ts":1760456203.6304462}
2025/10/14 15:36:44 POLARIS_LOG {"event":"send_rate","rate":312000,"ts":1760456204.6552024}
2025/10/14 15:36:45 POLARIS_LOG {"event":"send_rate","rate":296000,"ts":1760456205.6418462}
2025/10/14 15:36:46 POLARIS_LOG {"event":"send_rate","rate":296000,"ts":1760456206.6303377}
2025/10/14 15:36:47 POLARIS_LOG {"event":"send_rate","rate":304000,"ts":1760456207.641501}
2025/10/14 15:36:48 POLARIS_LOG {"event":"send_rate","rate":296000,"ts":1760456208.641151}
2025/10/14 15:36:49 POLARIS_LOG {"event":"send_rate","rate":296000,"ts":1760456209.6340492}
2025/10/14 15:36:50 POLARIS_LOG {"event":"send_rate","rate":304000,"ts":1760456210.631744}
2025/10/14 15:36:51 POLARIS_LOG {"event":"send_rate","rate":296000,"ts":1760456211.6308482}
2025/10/14 15:36:52 POLARIS_LOG {"event":"send_rate","rate":296000,"ts":1760456212.6364439}
2025/10/14 15:36:53 POLARIS_LOG {"event":"send_rate","rate":304000,"ts":1760456213.6329987}
2025/10/14 15:36:54 POLARIS_LOG {"event":"send_rate","rate":304000,"ts":1760456214.6310956}
2025/10/14 15:36:55 POLARIS_LOG {"event":"send_rate","rate":296000,"ts":1760456215.6321337}
2025/10/14 15:36:56 POLARIS_LOG {"event":"send_rate","rate":304000,"ts":1760456216.6342974}
2025/10/14 15:36:57 POLARIS_LOG {"event":"send_rate","rate":296000,"ts":1760456217.64809}
2025/10/14 15:36:58 POLARIS_LOG {"event":"send_rate","rate":304000,"ts":1760456218.631205}
2025/10/14 15:36:59 POLARIS_LOG {"event":"send_rate","rate":296000,"ts":1760456219.6338375}
2025/10/14 15:37:00 POLARIS_LOG {"event":"send_rate","rate":304000,"ts":1760456220.633389}
2025/10/14 15:37:01 POLARIS_LOG {"event":"send_rate","rate":296000,"ts":1760456221.6301236}
2025/10/14 15:37:02 POLARIS_LOG {"event":"send_rate","rate":304000,"ts":1760456222.6349883}
2025/10/14 15:37:03 POLARIS_LOG {"event":"send_rate","rate":296000,"ts":1760456223.6410244}
2025/10/14 15:37:04 POLARIS_LOG {"event":"send_rate","rate":304000,"ts":1760456224.6341789}
2025/10/14 15:37:05 POLARIS_LOG {"event":"send_rate","rate":296000,"ts":1760456225.6397204}
2025/10/14 15:37:06 POLARIS_LOG {"event":"send_rate","rate":304000,"ts":1760456226.6455433}
2025/10/14 15:37:07 POLARIS_LOG {"event":"send_rate","rate":296000,"ts":1760456227.6308465}
2025/10/14 15:37:08 POLARIS_LOG {"event":"send_rate","rate":312000,"ts":1760456228.692068}
2025/10/14 15:37:09 POLARIS_LOG {"event":"send_rate","rate":288000,"ts":1760456229.630214}
2025/10/14 15:37:10 POLARIS_LOG {"event":"send_rate","rate":304000,"ts":1760456230.6303508}
2025/10/14 15:37:11 POLARIS_LOG {"event":"send_rate","rate":296000,"ts":1760456231.6346557}
2025/10/14 15:37:12 POLARIS_LOG {"event":"send_rate","rate":304000,"ts":1760456232.6367605}
2025/10/14 15:37:13 POLARIS_LOG {"event":"send_rate","rate":304000,"ts":1760456233.6674817}
2025/10/14 15:37:14 POLARIS_LOG {"event":"send_rate","rate":288000,"ts":1760456234.643273}
2025/10/14 15:37:15 POLARIS_LOG {"event":"send_rate","rate":304000,"ts":1760456235.6307552}
2025/10/14 15:37:16 POLARIS_LOG {"event":"send_rate","rate":296000,"ts":1760456236.6317196}
2025/10/14 15:37:17 POLARIS_LOG {"event":"send_rate","rate":312000,"ts":1760456237.6472497}
2025/10/14 15:37:18 POLARIS_LOG {"event":"send_rate","rate":296000,"ts":1760456238.6505995}
2025/10/14 15:37:19 POLARIS_LOG {"event":"send_rate","rate":296000,"ts":1760456239.6326768}
2025/10/14 15:37:20 POLARIS_LOG {"event":"send_rate","rate":304000,"ts":1760456240.6325002}
2025/10/14 15:37:21 POLARIS_LOG {"event":"send_rate","rate":296000,"ts":1760456241.6329675}
2025/10/14 15:37:22 POLARIS_LOG {"event":"send_rate","rate":304000,"ts":1760456242.6422532}
2025/10/14 15:37:23 POLARIS_LOG {"event":"send_rate","rate":296000,"ts":1760456243.630106}
2025/10/14 15:37:24 POLARIS_LOG {"event":"send_rate","rate":296000,"ts":1760456244.6353345}
2025/10/14 15:37:25 POLARIS_LOG {"event":"send_rate","rate":304000,"ts":1760456245.6309142}
2025/10/14 15:37:26 POLARIS_LOG {"event":"send_rate","rate":304000,"ts":1760456246.6326022}
2025/10/14 15:37:27 POLARIS_LOG {"event":"send_rate","rate":304000,"ts":1760456247.6504552}
2025/10/14 15:37:28 POLARIS_LOG {"event":"send_rate","rate":288000,"ts":1760456248.630684}
2025/10/14 15:37:29 POLARIS_LOG {"event":"send_rate","rate":304000,"ts":1760456249.6321614}
2025/10/14 15:37:30 POLARIS_LOG {"event":"send_rate","rate":296000,"ts":1760456250.6305668}
2025/10/14 15:37:31 POLARIS_LOG {"event":"send_rate","rate":304000,"ts":1760456251.6367629}
2025/10/14 15:37:32 POLARIS_LOG {"event":"send_rate","rate":296000,"ts":1760456252.6299143}
2025/10/14 15:37:33 POLARIS_LOG {"event":"send_rate","rate":304000,"ts":1760456253.6317604}
2025/10/14 15:37:34 POLARIS_LOG {"event":"send_rate","rate":296000,"ts":1760456254.6303957}
2025/10/14 15:37:35 POLARIS_LOG {"event":"send_rate","rate":304000,"ts":1760456255.6339607}
2025/10/14 15:37:36 POLARIS_LOG {"event":"send_rate","rate":296000,"ts":1760456256.6347783}
2025/10/14 15:37:37 POLARIS_LOG {"event":"send_rate","rate":304000,"ts":1760456257.630771}
2025/10/14 15:37:38 POLARIS_LOG {"event":"send_rate","rate":296000,"ts":1760456258.6302295}
2025/10/14 15:37:39 POLARIS_LOG {"event":"send_rate","rate":304000,"ts":1760456259.6313052}
2025/10/14 15:37:40 POLARIS_LOG {"event":"send_rate","rate":304000,"ts":1760456260.634518}
2025/10/14 15:37:41 POLARIS_LOG {"event":"send_rate","rate":304000,"ts":1760456261.649178}
2025/10/14 15:37:42 POLARIS_LOG {"event":"send_rate","rate":296000,"ts":1760456262.64676}
2025/10/14 15:37:43 POLARIS_LOG {"event":"send_rate","rate":296000,"ts":1760456263.631015}
2025/10/14 15:37:44 POLARIS_LOG {"event":"send_rate","rate":296000,"ts":1760456264.6344984}
2025/10/14 15:37:45 POLARIS_LOG {"event":"send_rate","rate":312000,"ts":1760456265.6536634}
2025/10/14 15:37:46 POLARIS_LOG {"event":"send_rate","rate":304000,"ts":1760456266.6727302}
2025/10/14 15:37:47 POLARIS_LOG {"event":"send_rate","rate":296000,"ts":1760456267.6664035}
2025/10/14 15:37:48 POLARIS_LOG {"event":"send_rate","rate":296000,"ts":1760456268.6409023}
2025/10/14 15:37:49 POLARIS_LOG {"event":"send_rate","rate":296000,"ts":1760456269.6403959}
2025/10/14 15:37:50 POLARIS_LOG {"event":"send_rate","rate":296000,"ts":1760456270.642405}
2025/10/14 15:37:51 POLARIS_LOG {"event":"send_rate","rate":304000,"ts":1760456271.6310647}
2025/10/14 15:37:52 POLARIS_LOG {"event":"send_rate","rate":296000,"ts":1760456272.635323}
2025/10/14 15:37:53 POLARIS_LOG {"event":"send_rate","rate":304000,"ts":1760456273.6304834}
2025/10/14 15:37:54 POLARIS_LOG {"event":"send_rate","rate":296000,"ts":1760456274.6310582}
2025/10/14 15:37:55 POLARIS_LOG {"event":"send_rate","rate":304000,"ts":1760456275.6446872}
2025/10/14 15:37:56 POLARIS_LOG {"event":"send_rate","rate":296000,"ts":1760456276.6300647}
2025/10/14 15:37:57 POLARIS_LOG {"event":"send_rate","rate":304000,"ts":1760456277.6330795}
2025/10/14 15:37:58 POLARIS_LOG {"event":"send_rate","rate":304000,"ts":1760456278.6371527}
2025/10/14 15:37:59 POLARIS_LOG {"event":"send_rate","rate":288000,"ts":1760456279.6423578}
2025/10/14 15:38:00 POLARIS_LOG {"event":"send_rate","rate":304000,"ts":1760456280.6353152}
2025/10/14 15:38:01 POLARIS_LOG {"event":"send_rate","rate":304000,"ts":1760456281.6303833}
2025/10/14 15:38:02 POLARIS_LOG {"event":"send_rate","rate":296000,"ts":1760456282.6317844}
2025/10/14 15:38:03 POLARIS_LOG {"event":"send_rate","rate":312000,"ts":1760456283.6590846}
2025/10/14 15:38:04 POLARIS_LOG {"event":"send_rate","rate":288000,"ts":1760456284.6298892}
2025/10/14 15:38:05 POLARIS_LOG {"event":"send_rate","rate":304000,"ts":1760456285.6408854}
2025/10/14 15:38:06 POLARIS_LOG {"event":"send_rate","rate":296000,"ts":1760456286.638704}
2025/10/14 15:38:07 POLARIS_LOG {"event":"send_rate","rate":304000,"ts":1760456287.6306703}
2025/10/14 15:38:08 POLARIS_LOG {"event":"send_rate","rate":296000,"ts":1760456288.6308455}
2025/10/14 15:38:09 POLARIS_LOG {"event":"send_rate","rate":304000,"ts":1760456289.6298504}
2025/10/14 15:38:10 POLARIS_LOG {"event":"send_rate","rate":304000,"ts":1760456290.6401508}
2025/10/14 15:38:11 POLARIS_LOG {"event":"send_rate","rate":296000,"ts":1760456291.6306}
2025/10/14 15:38:12 POLARIS_LOG {"event":"send_rate","rate":296000,"ts":1760456292.6302674}
2025/10/14 15:38:13 POLARIS_LOG {"event":"send_rate","rate":304000,"ts":1760456293.6297848}
2025/10/14 15:38:14 POLARIS_LOG {"event":"send_rate","rate":296000,"ts":1760456294.6307049}
2025/10/14 15:38:15 POLARIS_LOG {"event":"send_rate","rate":304000,"ts":1760456295.6316814}
2025/10/14 15:38:16 POLARIS_LOG {"event":"send_rate","rate":296000,"ts":1760456296.637688}
2025/10/14 15:38:17 POLARIS_LOG {"event":"send_rate","rate":304000,"ts":1760456297.631462}
2025/10/14 15:38:18 POLARIS_LOG {"event":"send_rate","rate":296000,"ts":1760456298.63216}
2025/10/14 15:38:19 POLARIS_LOG {"event":"send_rate","rate":304000,"ts":1760456299.6314297}
2025/10/14 15:38:20 POLARIS_LOG {"event":"send_rate","rate":296000,"ts":1760456300.630026}
2025/10/14 15:38:21 POLARIS_LOG {"event":"send_rate","rate":304000,"ts":1760456301.630683}
2025/10/14 15:38:22 POLARIS_LOG {"event":"send_rate","rate":296000,"ts":1760456302.6309612}
2025/10/14 15:38:23 POLARIS_LOG {"event":"send_rate","rate":296000,"ts":1760456303.6326263}
2025/10/14 15:38:24 POLARIS_LOG {"event":"send_rate","rate":296000,"ts":1760456304.6423326}
2025/10/14 15:38:25 POLARIS_LOG {"event":"send_rate","rate":304000,"ts":1760456305.6761618}
2025/10/14 15:38:26 POLARIS_LOG {"event":"send_rate","rate":304000,"ts":1760456306.6299133}
2025/10/14 15:38:27 POLARIS_LOG {"event":"send_rate","rate":296000,"ts":1760456307.631001}
2025/10/14 15:38:28 POLARIS_LOG {"event":"send_rate","rate":304000,"ts":1760456308.6404812}
2025/10/14 15:38:29 POLARIS_LOG {"event":"send_rate","rate":304000,"ts":1760456309.634727}
2025/10/14 15:38:30 POLARIS_LOG {"event":"send_rate","rate":296000,"ts":1760456310.6380932}
2025/10/14 15:38:31 POLARIS_LOG {"event":"send_rate","rate":304000,"ts":1760456311.6304762}
2025/10/14 15:38:32 POLARIS_LOG {"event":"send_rate","rate":296000,"ts":1760456312.65452}
2025/10/14 15:38:33 POLARIS_LOG {"event":"send_rate","rate":304000,"ts":1760456313.6310194}
2025/10/14 15:38:34 POLARIS_LOG {"event":"send_rate","rate":296000,"ts":1760456314.6331847}
2025/10/14 15:38:35 POLARIS_LOG {"event":"send_rate","rate":312000,"ts":1760456315.6696808}
2025/10/14 15:38:36 POLARIS_LOG {"event":"send_rate","rate":288000,"ts":1760456316.6950839}
2025/10/14 15:38:37 POLARIS_LOG {"event":"send_rate","rate":296000,"ts":1760456317.644538}
2025/10/14 15:38:38 POLARIS_LOG {"event":"send_rate","rate":304000,"ts":1760456318.6411328}
2025/10/14 15:38:39 POLARIS_LOG {"event":"send_rate","rate":304000,"ts":1760456319.650011}
2025/10/14 15:38:40 POLARIS_LOG {"event":"send_rate","rate":296000,"ts":1760456320.634686}
2025/10/14 15:38:41 POLARIS_LOG {"event":"send_rate","rate":296000,"ts":1760456321.6354828}
2025/10/14 15:38:42 POLARIS_LOG {"event":"send_rate","rate":312000,"ts":1760456322.6732621}
2025/10/14 15:38:43 POLARIS_LOG {"event":"send_rate","rate":288000,"ts":1760456323.6307182}
2025/10/14 15:38:44 POLARIS_LOG {"event":"send_rate","rate":304000,"ts":1760456324.637657}
2025/10/14 15:38:45 POLARIS_LOG {"event":"send_rate","rate":296000,"ts":1760456325.6355734}
2025/10/14 15:38:46 POLARIS_LOG {"event":"send_rate","rate":304000,"ts":1760456326.6305692}
2025/10/14 15:38:47 POLARIS_LOG {"event":"send_rate","rate":320000,"ts":1760456327.6841612}
2025/10/14 15:38:48 POLARIS_LOG {"event":"send_rate","rate":280000,"ts":1760456328.6320145}
2025/10/14 15:38:49 POLARIS_LOG {"event":"send_rate","rate":296000,"ts":1760456329.6302664}
2025/10/14 15:38:50 POLARIS_LOG {"event":"send_rate","rate":304000,"ts":1760456330.63018}
2025/10/14 15:38:51 POLARIS_LOG {"event":"send_rate","rate":296000,"ts":1760456331.6304936}
2025/10/14 15:38:52 POLARIS_LOG {"event":"send_rate","rate":304000,"ts":1760456332.631433}
2025/10/14 15:38:53 POLARIS_LOG {"event":"send_rate","rate":296000,"ts":1760456333.6336389}
2025/10/14 15:38:54 POLARIS_LOG {"event":"send_rate","rate":304000,"ts":1760456334.635466}
2025/10/14 15:38:55 POLARIS_LOG {"event":"send_rate","rate":304000,"ts":1760456335.6512108}
2025/10/14 15:38:56 POLARIS_LOG {"event":"send_rate","rate":296000,"ts":1760456336.6302688}
2025/10/14 15:38:57 POLARIS_LOG {"event":"send_rate","rate":304000,"ts":1760456337.6509674}
2025/10/14 15:38:58 POLARIS_LOG {"event":"send_rate","rate":288000,"ts":1760456338.6307685}
2025/10/14 15:38:59 POLARIS_LOG {"event":"send_rate","rate":312000,"ts":1760456339.6488256}
2025/10/14 15:39:00 POLARIS_LOG {"event":"send_rate","rate":296000,"ts":1760456340.6335144}
2025/10/14 15:39:01 POLARIS_LOG {"event":"send_rate","rate":296000,"ts":1760456341.6392643}
2025/10/14 15:39:02 POLARIS_LOG {"event":"send_rate","rate":304000,"ts":1760456342.6498232}
2025/10/14 15:39:03 POLARIS_LOG {"event":"send_rate","rate":304000,"ts":1760456343.659736}
2025/10/14 15:39:04 POLARIS_LOG {"event":"send_rate","rate":296000,"ts":1760456344.6299376}
2025/10/14 15:39:05 POLARIS_LOG {"event":"send_rate","rate":296000,"ts":1760456345.631259}
2025/10/14 15:39:06 POLARIS_LOG {"event":"send_rate","rate":304000,"ts":1760456346.637681}
2025/10/14 15:39:07 POLARIS_LOG {"event":"send_rate","rate":296000,"ts":1760456347.6314065}
2025/10/14 15:39:08 POLARIS_LOG {"event":"send_rate","rate":304000,"ts":1760456348.6327305}
2025/10/14 15:39:09 POLARIS_LOG {"event":"send_rate","rate":296000,"ts":1760456349.631447}
2025/10/14 15:39:10 POLARIS_LOG {"event":"send_rate","rate":304000,"ts":1760456350.6443794}
2025/10/14 15:39:11 POLARIS_LOG {"event":"send_rate","rate":296000,"ts":1760456351.634451}
2025/10/14 15:39:12 POLARIS_LOG {"event":"send_rate","rate":304000,"ts":1760456352.6359189}
2025/10/14 15:39:13 POLARIS_LOG {"event":"send_rate","rate":304000,"ts":1760456353.6410427}
2025/10/14 15:39:14 POLARIS_LOG {"event":"send_rate","rate":296000,"ts":1760456354.6327288}
2025/10/14 15:39:15 POLARIS_LOG {"event":"send_rate","rate":304000,"ts":1760456355.6515346}
2025/10/14 15:39:16 POLARIS_LOG {"event":"send_rate","rate":296000,"ts":1760456356.6371043}
2025/10/14 15:39:17 POLARIS_LOG {"event":"send_rate","rate":304000,"ts":1760456357.6421216}
2025/10/14 15:39:18 POLARIS_LOG {"event":"send_rate","rate":296000,"ts":1760456358.6302528}
2025/10/14 15:39:19 POLARIS_LOG {"event":"send_rate","rate":296000,"ts":1760456359.634835}
2025/10/14 15:39:20 POLARIS_LOG {"event":"send_rate","rate":304000,"ts":1760456360.6304567}
2025/10/14 15:39:21 POLARIS_LOG {"event":"send_rate","rate":296000,"ts":1760456361.6336262}
2025/10/14 15:39:22 POLARIS_LOG {"event":"send_rate","rate":304000,"ts":1760456362.6310272}
2025/10/14 15:39:23 POLARIS_LOG {"event":"send_rate","rate":296000,"ts":1760456363.6341233}
2025/10/14 15:39:24 POLARIS_LOG {"event":"send_rate","rate":304000,"ts":1760456364.633895}
2025/10/14 15:39:25 POLARIS_LOG {"event":"send_rate","rate":296000,"ts":1760456365.6366973}
2025/10/14 15:39:26 POLARIS_LOG {"event":"send_rate","rate":304000,"ts":1760456366.629945}
2025/10/14 15:39:27 POLARIS_LOG {"event":"send_rate","rate":296000,"ts":1760456367.6303768}
2025/10/14 15:39:28 POLARIS_LOG {"event":"send_rate","rate":304000,"ts":1760456368.6324692}
2025/10/14 15:39:29 POLARIS_LOG {"event":"send_rate","rate":304000,"ts":1760456369.642108}
2025/10/14 15:39:30 POLARIS_LOG {"event":"send_rate","rate":296000,"ts":1760456370.6313636}
2025/10/14 15:39:31 POLARIS_LOG {"event":"send_rate","rate":296000,"ts":1760456371.6533535}
We need to sleep for 1 seconds before we can get the results
Drain Loop received packet
Drain Loop received non-nil payload
Client sent 9562 packets, server reported 9547 packets received
The network loss rate from client to server is 0.2%

S->C results
Attempted bandwidth: 0 bps / 0.00 Mbps
Achieved bandwidth: 0 bps / 0.00 Mbps
Loss rate: 0.0%
Interarrival time min/avg/max/mdev = -0.000/0.000/0.000/0.000 ms

C->S results
Attempted bandwidth: 299984 bps / 0.30 Mbps
Achieved bandwidth: 299513 bps / 0.30 Mbps
Loss rate: 0.2%
Interarrival time min/avg/max/mdev = 0.002/26.650/445.199/20.458 ms
