
Test parameters:
client->server: 282 seconds, 1000 bytes, 10575 packets
server->client: 282 seconds, 1000 bytes, 0 packets
Polaris prober initialized with 38 paths
Polaris prober initialized with local 1-111,10.111.0.71:32746 and remote 1-113,10.113.0.71
2025/10/14 15:34:48 POLARIS_LOG {"current_rate":0,"event":"path_switch","new":"2 2 5 2","trigger":"initialization","ts":1760456088.4796019}
2025/10/14 15:34:49 POLARIS_LOG {"event":"send_rate","rate":296000,"ts":1760456089.4811451}
2025/10/14 15:34:50 POLARIS_LOG {"event":"send_rate","rate":304000,"ts":1760456090.4815722}
2025/10/14 15:34:51 POLARIS_LOG {"event":"send_rate","rate":304000,"ts":1760456091.4818053}
2025/10/14 15:34:52 POLARIS_LOG {"event":"send_rate","rate":296000,"ts":1760456092.4821444}
2025/10/14 15:34:53 POLARIS_LOG {"event":"send_rate","rate":304000,"ts":1760456093.4816878}
2025/10/14 15:34:54 POLARIS_LOG {"event":"send_rate","rate":296000,"ts":1760456094.4815843}
2025/10/14 15:34:55 POLARIS_LOG {"event":"send_rate","rate":304000,"ts":1760456095.4825585}
2025/10/14 15:34:56 POLARIS_LOG {"event":"send_rate","rate":296000,"ts":1760456096.4818194}
2025/10/14 15:34:57 POLARIS_LOG {"event":"send_rate","rate":304000,"ts":1760456097.4817576}
2025/10/14 15:34:58 POLARIS_LOG {"event":"send_rate","rate":296000,"ts":1760456098.4838483}
2025/10/14 15:34:59 POLARIS_LOG {"event":"send_rate","rate":304000,"ts":1760456099.4866488}
2025/10/14 15:35:00 POLARIS_LOG {"event":"send_rate","rate":256000,"ts":1760456100.4874642}
2025/10/14 15:35:01 POLARIS_LOG {"event":"send_rate","rate":88000,"ts":1760456101.481953}
2025/10/14 15:35:02 POLARIS_LOG {"event":"send_rate","rate":128000,"ts":1760456102.4824023}
2025/10/14 15:35:03 POLARIS_LOG {"event":"send_rate","rate":120000,"ts":1760456103.4819095}
2025/10/14 15:35:04 POLARIS_LOG {"event":"send_rate","rate":112000,"ts":1760456104.4824257}
2025/10/14 15:35:05 POLARIS_LOG {"event":"send_rate","rate":96000,"ts":1760456105.4872885}
2025/10/14 15:35:06 POLARIS_LOG {"event":"send_rate","rate":104000,"ts":1760456106.483204}
2025/10/14 15:35:07 POLARIS_LOG {"event":"send_rate","rate":152000,"ts":1760456107.4894242}
2025/10/14 15:35:08 POLARIS_LOG {"candidates":3,"candidates_unfiltered":25,"current_rate":152000,"estimated_share":1000000,"event":"path_switch","max_estimated_share":1000000,"new":"4 4 1 3","old":"2 2 5 2","trigger":"scheduled","ts":1760456108.4810834}
2025/10/14 15:35:08 POLARIS_LOG {"event":"send_rate","rate":184000,"ts":1760456108.4822197}
2025/10/14 15:35:09 POLARIS_LOG {"event":"send_rate","rate":1752000,"ts":1760456109.4810185}
2025/10/14 15:35:10 POLARIS_LOG {"event":"send_rate","rate":304000,"ts":1760456110.483219}
2025/10/14 15:35:11 POLARIS_LOG {"event":"send_rate","rate":296000,"ts":1760456111.487502}
2025/10/14 15:35:12 POLARIS_LOG {"event":"send_rate","rate":304000,"ts":1760456112.4821885}
2025/10/14 15:35:13 POLARIS_LOG {"event":"send_rate","rate":296000,"ts":1760456113.4816535}
2025/10/14 15:35:14 POLARIS_LOG {"event":"send_rate","rate":304000,"ts":1760456114.4811196}
2025/10/14 15:35:15 POLARIS_LOG {"event":"send_rate","rate":296000,"ts":1760456115.481718}
2025/10/14 15:35:16 POLARIS_LOG {"event":"send_rate","rate":304000,"ts":1760456116.4828482}
2025/10/14 15:35:17 POLARIS_LOG {"event":"send_rate","rate":296000,"ts":1760456117.508669}
2025/10/14 15:35:18 POLARIS_LOG {"event":"send_rate","rate":304000,"ts":1760456118.4823024}
2025/10/14 15:35:19 POLARIS_LOG {"event":"send_rate","rate":296000,"ts":1760456119.4819093}
2025/10/14 15:35:20 POLARIS_LOG {"event":"send_rate","rate":304000,"ts":1760456120.4957113}
2025/10/14 15:35:21 POLARIS_LOG {"event":"send_rate","rate":296000,"ts":1760456121.482304}
2025/10/14 15:35:22 POLARIS_LOG {"event":"send_rate","rate":304000,"ts":1760456122.4813678}
2025/10/14 15:35:23 POLARIS_LOG {"event":"send_rate","rate":296000,"ts":1760456123.4840074}
2025/10/14 15:35:24 POLARIS_LOG {"event":"send_rate","rate":304000,"ts":1760456124.4812264}
2025/10/14 15:35:25 POLARIS_LOG {"event":"send_rate","rate":296000,"ts":1760456125.483621}
2025/10/14 15:35:26 POLARIS_LOG {"event":"send_rate","rate":304000,"ts":1760456126.4810562}
2025/10/14 15:35:27 POLARIS_LOG {"event":"send_rate","rate":304000,"ts":1760456127.4892995}
2025/10/14 15:35:28 POLARIS_LOG {"event":"send_rate","rate":296000,"ts":1760456128.4813514}
2025/10/14 15:35:29 POLARIS_LOG {"event":"send_rate","rate":296000,"ts":1760456129.4817264}
2025/10/14 15:35:30 POLARIS_LOG {"event":"send_rate","rate":304000,"ts":1760456130.4810138}
2025/10/14 15:35:31 POLARIS_LOG {"event":"send_rate","rate":296000,"ts":1760456131.4819286}
2025/10/14 15:35:32 POLARIS_LOG {"event":"send_rate","rate":304000,"ts":1760456132.4838872}
2025/10/14 15:35:33 POLARIS_LOG {"event":"send_rate","rate":296000,"ts":1760456133.48192}
2025/10/14 15:35:34 POLARIS_LOG {"event":"send_rate","rate":304000,"ts":1760456134.4810188}
2025/10/14 15:35:35 POLARIS_LOG {"event":"send_rate","rate":296000,"ts":1760456135.4819682}
2025/10/14 15:35:36 POLARIS_LOG {"event":"send_rate","rate":304000,"ts":1760456136.4812446}
2025/10/14 15:35:37 POLARIS_LOG {"event":"send_rate","rate":296000,"ts":1760456137.4814837}
2025/10/14 15:35:38 POLARIS_LOG {"event":"send_rate","rate":304000,"ts":1760456138.4814618}
2025/10/14 15:35:39 POLARIS_LOG {"event":"send_rate","rate":296000,"ts":1760456139.4810421}
2025/10/14 15:35:40 POLARIS_LOG {"event":"send_rate","rate":304000,"ts":1760456140.4811509}
2025/10/14 15:35:41 POLARIS_LOG {"event":"send_rate","rate":296000,"ts":1760456141.4811301}
2025/10/14 15:35:42 POLARIS_LOG {"event":"send_rate","rate":304000,"ts":1760456142.481656}
2025/10/14 15:35:43 POLARIS_LOG {"event":"send_rate","rate":304000,"ts":1760456143.4865565}
2025/10/14 15:35:44 POLARIS_LOG {"event":"send_rate","rate":296000,"ts":1760456144.4830146}
2025/10/14 15:35:45 POLARIS_LOG {"event":"send_rate","rate":296000,"ts":1760456145.4837508}
2025/10/14 15:35:46 POLARIS_LOG {"event":"send_rate","rate":296000,"ts":1760456146.4814925}
2025/10/14 15:35:47 POLARIS_LOG {"event":"send_rate","rate":312000,"ts":1760456147.5055692}
2025/10/14 15:35:48 POLARIS_LOG {"event":"send_rate","rate":296000,"ts":1760456148.4832032}
2025/10/14 15:35:49 POLARIS_LOG {"event":"send_rate","rate":296000,"ts":1760456149.481228}
2025/10/14 15:35:50 POLARIS_LOG {"event":"send_rate","rate":304000,"ts":1760456150.4813764}
2025/10/14 15:35:51 POLARIS_LOG {"event":"send_rate","rate":296000,"ts":1760456151.4837244}
2025/10/14 15:35:52 POLARIS_LOG {"event":"send_rate","rate":304000,"ts":1760456152.4824865}
2025/10/14 15:35:53 POLARIS_LOG {"event":"send_rate","rate":296000,"ts":1760456153.4843378}
2025/10/14 15:35:54 POLARIS_LOG {"event":"send_rate","rate":304000,"ts":1760456154.4813855}
2025/10/14 15:35:55 POLARIS_LOG {"event":"send_rate","rate":296000,"ts":1760456155.48373}
2025/10/14 15:35:56 POLARIS_LOG {"event":"send_rate","rate":304000,"ts":1760456156.4863539}
2025/10/14 15:35:57 POLARIS_LOG {"event":"send_rate","rate":296000,"ts":1760456157.4826827}
2025/10/14 15:35:58 POLARIS_LOG {"event":"send_rate","rate":304000,"ts":1760456158.4814672}
2025/10/14 15:35:59 POLARIS_LOG {"event":"send_rate","rate":304000,"ts":1760456159.4882185}
2025/10/14 15:36:00 POLARIS_LOG {"event":"send_rate","rate":296000,"ts":1760456160.481937}
2025/10/14 15:36:01 POLARIS_LOG {"event":"send_rate","rate":296000,"ts":1760456161.4814217}
2025/10/14 15:36:02 POLARIS_LOG {"event":"send_rate","rate":304000,"ts":1760456162.4820018}
2025/10/14 15:36:03 POLARIS_LOG {"event":"send_rate","rate":296000,"ts":1760456163.481096}
2025/10/14 15:36:04 POLARIS_LOG {"event":"send_rate","rate":304000,"ts":1760456164.4816444}
2025/10/14 15:36:05 POLARIS_LOG {"event":"send_rate","rate":296000,"ts":1760456165.482113}
2025/10/14 15:36:06 POLARIS_LOG {"event":"send_rate","rate":296000,"ts":1760456166.4938486}
2025/10/14 15:36:07 POLARIS_LOG {"event":"send_rate","rate":304000,"ts":1760456167.4815855}
2025/10/14 15:36:08 POLARIS_LOG {"event":"send_rate","rate":304000,"ts":1760456168.4813104}
2025/10/14 15:36:09 POLARIS_LOG {"event":"send_rate","rate":296000,"ts":1760456169.4811006}
2025/10/14 15:36:10 POLARIS_LOG {"event":"send_rate","rate":304000,"ts":1760456170.4811156}
2025/10/14 15:36:11 POLARIS_LOG {"event":"send_rate","rate":296000,"ts":1760456171.491102}
2025/10/14 15:36:12 POLARIS_LOG {"event":"send_rate","rate":304000,"ts":1760456172.4851544}
2025/10/14 15:36:13 POLARIS_LOG {"event":"send_rate","rate":296000,"ts":1760456173.4822428}
2025/10/14 15:36:14 POLARIS_LOG {"event":"send_rate","rate":304000,"ts":1760456174.4819608}
2025/10/14 15:36:15 POLARIS_LOG {"event":"send_rate","rate":296000,"ts":1760456175.4814737}
2025/10/14 15:36:16 POLARIS_LOG {"event":"send_rate","rate":304000,"ts":1760456176.4821696}
2025/10/14 15:36:17 POLARIS_LOG {"event":"send_rate","rate":296000,"ts":1760456177.4831183}
2025/10/14 15:36:18 POLARIS_LOG {"event":"send_rate","rate":304000,"ts":1760456178.4814956}
2025/10/14 15:36:19 POLARIS_LOG {"event":"send_rate","rate":296000,"ts":1760456179.4817605}
2025/10/14 15:36:20 POLARIS_LOG {"event":"send_rate","rate":304000,"ts":1760456180.481555}
2025/10/14 15:36:21 POLARIS_LOG {"event":"send_rate","rate":296000,"ts":1760456181.4813933}
2025/10/14 15:36:22 POLARIS_LOG {"event":"send_rate","rate":304000,"ts":1760456182.4813492}
2025/10/14 15:36:23 POLARIS_LOG {"event":"send_rate","rate":296000,"ts":1760456183.4810243}
2025/10/14 15:36:24 POLARIS_LOG {"event":"send_rate","rate":304000,"ts":1760456184.4818122}
2025/10/14 15:36:25 POLARIS_LOG {"event":"send_rate","rate":296000,"ts":1760456185.482812}
2025/10/14 15:36:26 POLARIS_LOG {"event":"send_rate","rate":304000,"ts":1760456186.4812822}
2025/10/14 15:36:27 POLARIS_LOG {"event":"send_rate","rate":296000,"ts":1760456187.481864}
2025/10/14 15:36:28 POLARIS_LOG {"event":"send_rate","rate":304000,"ts":1760456188.4915094}
2025/10/14 15:36:29 POLARIS_LOG {"event":"send_rate","rate":296000,"ts":1760456189.4829967}
2025/10/14 15:36:30 POLARIS_LOG {"event":"send_rate","rate":304000,"ts":1760456190.4814608}
2025/10/14 15:36:31 POLARIS_LOG {"event":"send_rate","rate":296000,"ts":1760456191.4813392}
2025/10/14 15:36:32 POLARIS_LOG {"event":"send_rate","rate":304000,"ts":1760456192.4830704}
2025/10/14 15:36:33 POLARIS_LOG {"event":"send_rate","rate":304000,"ts":1760456193.5025198}
2025/10/14 15:36:34 POLARIS_LOG {"event":"send_rate","rate":296000,"ts":1760456194.481931}
2025/10/14 15:36:35 POLARIS_LOG {"event":"send_rate","rate":296000,"ts":1760456195.4818532}
2025/10/14 15:36:36 POLARIS_LOG {"event":"send_rate","rate":304000,"ts":1760456196.4858477}
2025/10/14 15:36:37 POLARIS_LOG {"event":"send_rate","rate":296000,"ts":1760456197.4818692}
2025/10/14 15:36:38 POLARIS_LOG {"event":"send_rate","rate":304000,"ts":1760456198.4932482}
2025/10/14 15:36:39 POLARIS_LOG {"event":"send_rate","rate":296000,"ts":1760456199.4823074}
2025/10/14 15:36:40 POLARIS_LOG {"event":"send_rate","rate":304000,"ts":1760456200.4831007}
2025/10/14 15:36:41 POLARIS_LOG {"event":"send_rate","rate":296000,"ts":1760456201.4817107}
2025/10/14 15:36:42 POLARIS_LOG {"event":"send_rate","rate":304000,"ts":1760456202.4819705}
2025/10/14 15:36:43 POLARIS_LOG {"event":"send_rate","rate":296000,"ts":1760456203.482147}
2025/10/14 15:36:44 POLARIS_LOG {"event":"send_rate","rate":304000,"ts":1760456204.481863}
2025/10/14 15:36:45 POLARIS_LOG {"event":"send_rate","rate":296000,"ts":1760456205.4832153}
2025/10/14 15:36:46 POLARIS_LOG {"event":"send_rate","rate":304000,"ts":1760456206.4814458}
2025/10/14 15:36:47 POLARIS_LOG {"event":"send_rate","rate":296000,"ts":1760456207.4812713}
2025/10/14 15:36:48 POLARIS_LOG {"event":"send_rate","rate":304000,"ts":1760456208.4811454}
2025/10/14 15:36:49 POLARIS_LOG {"event":"send_rate","rate":296000,"ts":1760456209.4810464}
2025/10/14 15:36:50 POLARIS_LOG {"event":"send_rate","rate":304000,"ts":1760456210.481908}
2025/10/14 15:36:51 POLARIS_LOG {"event":"send_rate","rate":304000,"ts":1760456211.4925108}
2025/10/14 15:36:52 POLARIS_LOG {"event":"send_rate","rate":288000,"ts":1760456212.4850667}
2025/10/14 15:36:53 POLARIS_LOG {"event":"send_rate","rate":304000,"ts":1760456213.4818845}
2025/10/14 15:36:54 POLARIS_LOG {"event":"send_rate","rate":304000,"ts":1760456214.4815001}
2025/10/14 15:36:55 POLARIS_LOG {"event":"send_rate","rate":296000,"ts":1760456215.4819036}
2025/10/14 15:36:56 POLARIS_LOG {"event":"send_rate","rate":304000,"ts":1760456216.4822402}
2025/10/14 15:36:57 POLARIS_LOG {"event":"send_rate","rate":296000,"ts":1760456217.4829729}
2025/10/14 15:36:58 POLARIS_LOG {"event":"send_rate","rate":304000,"ts":1760456218.4852512}
2025/10/14 15:36:59 POLARIS_LOG {"event":"send_rate","rate":296000,"ts":1760456219.4811194}
2025/10/14 15:37:00 POLARIS_LOG {"event":"send_rate","rate":304000,"ts":1760456220.4825563}
2025/10/14 15:37:01 POLARIS_LOG {"event":"send_rate","rate":296000,"ts":1760456221.481382}
2025/10/14 15:37:02 POLARIS_LOG {"event":"send_rate","rate":304000,"ts":1760456222.4815528}
2025/10/14 15:37:03 POLARIS_LOG {"event":"send_rate","rate":296000,"ts":1760456223.4812787}
2025/10/14 15:37:04 POLARIS_LOG {"event":"send_rate","rate":296000,"ts":1760456224.4815066}
2025/10/14 15:37:05 POLARIS_LOG {"event":"send_rate","rate":304000,"ts":1760456225.4811246}
2025/10/14 15:37:06 POLARIS_LOG {"event":"send_rate","rate":304000,"ts":1760456226.4906325}
2025/10/14 15:37:07 POLARIS_LOG {"event":"send_rate","rate":296000,"ts":1760456227.4818974}
2025/10/14 15:37:08 POLARIS_LOG {"event":"send_rate","rate":296000,"ts":1760456228.4832075}
2025/10/14 15:37:09 POLARIS_LOG {"event":"send_rate","rate":304000,"ts":1760456229.4872952}
2025/10/14 15:37:10 POLARIS_LOG {"event":"send_rate","rate":304000,"ts":1760456230.483758}
2025/10/14 15:37:11 POLARIS_LOG {"event":"send_rate","rate":296000,"ts":1760456231.4818206}
2025/10/14 15:37:12 POLARIS_LOG {"event":"send_rate","rate":304000,"ts":1760456232.4812264}
2025/10/14 15:37:13 POLARIS_LOG {"event":"send_rate","rate":296000,"ts":1760456233.4817245}
2025/10/14 15:37:14 POLARIS_LOG {"event":"send_rate","rate":304000,"ts":1760456234.4817145}
2025/10/14 15:37:15 POLARIS_LOG {"event":"send_rate","rate":296000,"ts":1760456235.4896605}
2025/10/14 15:37:16 POLARIS_LOG {"event":"send_rate","rate":304000,"ts":1760456236.4821804}
2025/10/14 15:37:17 POLARIS_LOG {"event":"send_rate","rate":296000,"ts":1760456237.4818563}
2025/10/14 15:37:18 POLARIS_LOG {"event":"send_rate","rate":304000,"ts":1760456238.4844792}
2025/10/14 15:37:19 POLARIS_LOG {"event":"send_rate","rate":296000,"ts":1760456239.4833508}
2025/10/14 15:37:20 POLARIS_LOG {"event":"send_rate","rate":296000,"ts":1760456240.4811668}
2025/10/14 15:37:21 POLARIS_LOG {"event":"send_rate","rate":304000,"ts":1760456241.4822886}
2025/10/14 15:37:22 POLARIS_LOG {"event":"send_rate","rate":304000,"ts":1760456242.4824178}
2025/10/14 15:37:23 POLARIS_LOG {"event":"send_rate","rate":296000,"ts":1760456243.4819067}
2025/10/14 15:37:24 POLARIS_LOG {"event":"send_rate","rate":296000,"ts":1760456244.481444}
2025/10/14 15:37:25 POLARIS_LOG {"event":"send_rate","rate":304000,"ts":1760456245.4816396}
2025/10/14 15:37:26 POLARIS_LOG {"event":"send_rate","rate":296000,"ts":1760456246.482068}
2025/10/14 15:37:27 POLARIS_LOG {"event":"send_rate","rate":304000,"ts":1760456247.4811437}
2025/10/14 15:37:28 POLARIS_LOG {"event":"send_rate","rate":304000,"ts":1760456248.482842}
2025/10/14 15:37:29 POLARIS_LOG {"event":"send_rate","rate":296000,"ts":1760456249.4811003}
2025/10/14 15:37:30 POLARIS_LOG {"event":"send_rate","rate":296000,"ts":1760456250.481686}
2025/10/14 15:37:31 POLARIS_LOG {"event":"send_rate","rate":304000,"ts":1760456251.4828808}
2025/10/14 15:37:32 POLARIS_LOG {"event":"send_rate","rate":296000,"ts":1760456252.4832258}
2025/10/14 15:37:33 POLARIS_LOG {"event":"send_rate","rate":304000,"ts":1760456253.4846225}
2025/10/14 15:37:34 POLARIS_LOG {"event":"send_rate","rate":296000,"ts":1760456254.4814692}
2025/10/14 15:37:35 POLARIS_LOG {"event":"send_rate","rate":304000,"ts":1760456255.4833102}
2025/10/14 15:37:36 POLARIS_LOG {"event":"send_rate","rate":304000,"ts":1760456256.483462}
2025/10/14 15:37:37 POLARIS_LOG {"event":"send_rate","rate":296000,"ts":1760456257.4823482}
2025/10/14 15:37:38 POLARIS_LOG {"event":"send_rate","rate":296000,"ts":1760456258.4825437}
2025/10/14 15:37:39 POLARIS_LOG {"event":"send_rate","rate":304000,"ts":1760456259.4827502}
2025/10/14 15:37:40 POLARIS_LOG {"event":"send_rate","rate":296000,"ts":1760456260.4825547}
2025/10/14 15:37:41 POLARIS_LOG {"event":"send_rate","rate":304000,"ts":1760456261.4816504}
2025/10/14 15:37:42 POLARIS_LOG {"event":"send_rate","rate":296000,"ts":1760456262.4817479}
2025/10/14 15:37:43 POLARIS_LOG {"event":"send_rate","rate":304000,"ts":1760456263.4820452}
2025/10/14 15:37:44 POLARIS_LOG {"event":"send_rate","rate":296000,"ts":1760456264.4812953}
2025/10/14 15:37:45 POLARIS_LOG {"event":"send_rate","rate":304000,"ts":1760456265.4815698}
2025/10/14 15:37:46 POLARIS_LOG {"event":"send_rate","rate":296000,"ts":1760456266.4811845}
2025/10/14 15:37:47 POLARIS_LOG {"event":"send_rate","rate":304000,"ts":1760456267.4814155}
2025/10/14 15:37:48 POLARIS_LOG {"event":"send_rate","rate":296000,"ts":1760456268.4810002}
2025/10/14 15:37:49 POLARIS_LOG {"event":"send_rate","rate":304000,"ts":1760456269.481552}
2025/10/14 15:37:50 POLARIS_LOG {"event":"send_rate","rate":296000,"ts":1760456270.4849434}
2025/10/14 15:37:51 POLARIS_LOG {"event":"send_rate","rate":304000,"ts":1760456271.4929326}
2025/10/14 15:37:52 POLARIS_LOG {"event":"send_rate","rate":296000,"ts":1760456272.4813619}
2025/10/14 15:37:53 POLARIS_LOG {"event":"send_rate","rate":304000,"ts":1760456273.4835138}
2025/10/14 15:37:54 POLARIS_LOG {"event":"send_rate","rate":296000,"ts":1760456274.4816067}
2025/10/14 15:37:55 POLARIS_LOG {"event":"send_rate","rate":304000,"ts":1760456275.4821978}
2025/10/14 15:37:56 POLARIS_LOG {"event":"send_rate","rate":304000,"ts":1760456276.4917843}
2025/10/14 15:37:57 POLARIS_LOG {"event":"send_rate","rate":296000,"ts":1760456277.508304}
2025/10/14 15:37:58 POLARIS_LOG {"event":"send_rate","rate":296000,"ts":1760456278.4823654}
2025/10/14 15:37:59 POLARIS_LOG {"event":"send_rate","rate":304000,"ts":1760456279.4819705}
2025/10/14 15:38:00 POLARIS_LOG {"event":"send_rate","rate":296000,"ts":1760456280.4811053}
2025/10/14 15:38:01 POLARIS_LOG {"event":"send_rate","rate":304000,"ts":1760456281.4813218}
2025/10/14 15:38:02 POLARIS_LOG {"event":"send_rate","rate":296000,"ts":1760456282.482326}
2025/10/14 15:38:03 POLARIS_LOG {"event":"send_rate","rate":304000,"ts":1760456283.485499}
2025/10/14 15:38:04 POLARIS_LOG {"event":"send_rate","rate":296000,"ts":1760456284.4854643}
2025/10/14 15:38:05 POLARIS_LOG {"event":"send_rate","rate":304000,"ts":1760456285.4823887}
2025/10/14 15:38:06 POLARIS_LOG {"event":"send_rate","rate":304000,"ts":1760456286.5002217}
2025/10/14 15:38:07 POLARIS_LOG {"event":"send_rate","rate":304000,"ts":1760456287.520163}
2025/10/14 15:38:08 POLARIS_LOG {"event":"send_rate","rate":288000,"ts":1760456288.500362}
2025/10/14 15:38:09 POLARIS_LOG {"event":"send_rate","rate":304000,"ts":1760456289.482398}
2025/10/14 15:38:10 POLARIS_LOG {"event":"send_rate","rate":296000,"ts":1760456290.4819508}
2025/10/14 15:38:11 POLARIS_LOG {"event":"send_rate","rate":304000,"ts":1760456291.4818034}
2025/10/14 15:38:12 POLARIS_LOG {"event":"send_rate","rate":296000,"ts":1760456292.4818032}
2025/10/14 15:38:13 POLARIS_LOG {"event":"send_rate","rate":304000,"ts":1760456293.4835322}
2025/10/14 15:38:14 POLARIS_LOG {"event":"send_rate","rate":296000,"ts":1760456294.482153}
2025/10/14 15:38:15 POLARIS_LOG {"event":"send_rate","rate":304000,"ts":1760456295.4813478}
2025/10/14 15:38:16 POLARIS_LOG {"event":"send_rate","rate":296000,"ts":1760456296.4815006}
2025/10/14 15:38:17 POLARIS_LOG {"event":"send_rate","rate":304000,"ts":1760456297.4814167}
2025/10/14 15:38:18 POLARIS_LOG {"event":"send_rate","rate":296000,"ts":1760456298.4809906}
2025/10/14 15:38:19 POLARIS_LOG {"event":"send_rate","rate":304000,"ts":1760456299.4815354}
2025/10/14 15:38:20 POLARIS_LOG {"event":"send_rate","rate":296000,"ts":1760456300.4816632}
2025/10/14 15:38:21 POLARIS_LOG {"event":"send_rate","rate":304000,"ts":1760456301.4816606}
2025/10/14 15:38:22 POLARIS_LOG {"event":"send_rate","rate":296000,"ts":1760456302.4825747}
2025/10/14 15:38:23 POLARIS_LOG {"event":"send_rate","rate":304000,"ts":1760456303.4829347}
2025/10/14 15:38:24 POLARIS_LOG {"event":"send_rate","rate":296000,"ts":1760456304.4826872}
2025/10/14 15:38:25 POLARIS_LOG {"event":"send_rate","rate":304000,"ts":1760456305.4815822}
2025/10/14 15:38:26 POLARIS_LOG {"event":"send_rate","rate":304000,"ts":1760456306.4920797}
2025/10/14 15:38:27 POLARIS_LOG {"event":"send_rate","rate":296000,"ts":1760456307.481623}
2025/10/14 15:38:28 POLARIS_LOG {"event":"send_rate","rate":304000,"ts":1760456308.5116076}
2025/10/14 15:38:29 POLARIS_LOG {"event":"send_rate","rate":296000,"ts":1760456309.483617}
2025/10/14 15:38:30 POLARIS_LOG {"event":"send_rate","rate":304000,"ts":1760456310.4924488}
2025/10/14 15:38:31 POLARIS_LOG {"event":"send_rate","rate":296000,"ts":1760456311.4830027}
2025/10/14 15:38:32 POLARIS_LOG {"event":"send_rate","rate":296000,"ts":1760456312.5003517}
2025/10/14 15:38:33 POLARIS_LOG {"event":"send_rate","rate":304000,"ts":1760456313.4825742}
2025/10/14 15:38:34 POLARIS_LOG {"event":"send_rate","rate":304000,"ts":1760456314.5036974}
2025/10/14 15:38:35 POLARIS_LOG {"event":"send_rate","rate":296000,"ts":1760456315.4814372}
2025/10/14 15:38:36 POLARIS_LOG {"event":"send_rate","rate":296000,"ts":1760456316.4819884}
2025/10/14 15:38:37 POLARIS_LOG {"event":"send_rate","rate":304000,"ts":1760456317.4810534}
2025/10/14 15:38:38 POLARIS_LOG {"event":"send_rate","rate":304000,"ts":1760456318.4991908}
2025/10/14 15:38:39 POLARIS_LOG {"event":"send_rate","rate":296000,"ts":1760456319.481827}
2025/10/14 15:38:40 POLARIS_LOG {"event":"send_rate","rate":296000,"ts":1760456320.4839802}
2025/10/14 15:38:41 POLARIS_LOG {"event":"send_rate","rate":304000,"ts":1760456321.4830828}
2025/10/14 15:38:42 POLARIS_LOG {"event":"send_rate","rate":296000,"ts":1760456322.481957}
2025/10/14 15:38:43 POLARIS_LOG {"event":"send_rate","rate":304000,"ts":1760456323.482135}
2025/10/14 15:38:44 POLARIS_LOG {"event":"send_rate","rate":296000,"ts":1760456324.4817846}
2025/10/14 15:38:45 POLARIS_LOG {"event":"send_rate","rate":304000,"ts":1760456325.4810495}
2025/10/14 15:38:46 POLARIS_LOG {"event":"send_rate","rate":296000,"ts":1760456326.4819348}
2025/10/14 15:38:47 POLARIS_LOG {"event":"send_rate","rate":304000,"ts":1760456327.481907}
2025/10/14 15:38:48 POLARIS_LOG {"event":"send_rate","rate":296000,"ts":1760456328.4914353}
2025/10/14 15:38:49 POLARIS_LOG {"event":"send_rate","rate":304000,"ts":1760456329.481837}
2025/10/14 15:38:50 POLARIS_LOG {"event":"send_rate","rate":296000,"ts":1760456330.481396}
2025/10/14 15:38:51 POLARIS_LOG {"event":"send_rate","rate":296000,"ts":1760456331.482851}
2025/10/14 15:38:52 POLARIS_LOG {"event":"send_rate","rate":304000,"ts":1760456332.484455}
2025/10/14 15:38:53 POLARIS_LOG {"event":"send_rate","rate":304000,"ts":1760456333.4832146}
2025/10/14 15:38:54 POLARIS_LOG {"event":"send_rate","rate":296000,"ts":1760456334.482593}
2025/10/14 15:38:55 POLARIS_LOG {"event":"send_rate","rate":304000,"ts":1760456335.483389}
2025/10/14 15:38:56 POLARIS_LOG {"event":"send_rate","rate":296000,"ts":1760456336.4817305}
2025/10/14 15:38:57 POLARIS_LOG {"event":"send_rate","rate":304000,"ts":1760456337.4850745}
2025/10/14 15:38:58 POLARIS_LOG {"event":"send_rate","rate":296000,"ts":1760456338.4895737}
2025/10/14 15:38:59 POLARIS_LOG {"event":"send_rate","rate":304000,"ts":1760456339.481679}
2025/10/14 15:39:00 POLARIS_LOG {"event":"send_rate","rate":296000,"ts":1760456340.4873629}
2025/10/14 15:39:01 POLARIS_LOG {"event":"send_rate","rate":304000,"ts":1760456341.486356}
2025/10/14 15:39:02 POLARIS_LOG {"event":"send_rate","rate":296000,"ts":1760456342.482233}
2025/10/14 15:39:03 POLARIS_LOG {"event":"send_rate","rate":304000,"ts":1760456343.4845715}
2025/10/14 15:39:04 POLARIS_LOG {"event":"send_rate","rate":296000,"ts":1760456344.481673}
2025/10/14 15:39:05 POLARIS_LOG {"event":"send_rate","rate":304000,"ts":1760456345.4817746}
2025/10/14 15:39:06 POLARIS_LOG {"event":"send_rate","rate":296000,"ts":1760456346.4917989}
2025/10/14 15:39:07 POLARIS_LOG {"event":"send_rate","rate":304000,"ts":1760456347.4825568}
2025/10/14 15:39:08 POLARIS_LOG {"event":"send_rate","rate":296000,"ts":1760456348.4813347}
2025/10/14 15:39:09 POLARIS_LOG {"event":"send_rate","rate":304000,"ts":1760456349.481005}
2025/10/14 15:39:10 POLARIS_LOG {"event":"send_rate","rate":296000,"ts":1760456350.481485}
2025/10/14 15:39:11 POLARIS_LOG {"event":"send_rate","rate":304000,"ts":1760456351.489962}
2025/10/14 15:39:12 POLARIS_LOG {"event":"send_rate","rate":296000,"ts":1760456352.48295}
2025/10/14 15:39:13 POLARIS_LOG {"event":"send_rate","rate":304000,"ts":1760456353.4819438}
2025/10/14 15:39:14 POLARIS_LOG {"event":"send_rate","rate":296000,"ts":1760456354.4818313}
2025/10/14 15:39:15 POLARIS_LOG {"event":"send_rate","rate":304000,"ts":1760456355.4813137}
2025/10/14 15:39:16 POLARIS_LOG {"event":"send_rate","rate":296000,"ts":1760456356.4813054}
2025/10/14 15:39:17 POLARIS_LOG {"event":"send_rate","rate":304000,"ts":1760456357.48382}
2025/10/14 15:39:18 POLARIS_LOG {"event":"send_rate","rate":296000,"ts":1760456358.4810247}
2025/10/14 15:39:19 POLARIS_LOG {"event":"send_rate","rate":304000,"ts":1760456359.4814553}
2025/10/14 15:39:20 POLARIS_LOG {"event":"send_rate","rate":296000,"ts":1760456360.4815884}
2025/10/14 15:39:21 POLARIS_LOG {"event":"send_rate","rate":304000,"ts":1760456361.4812925}
2025/10/14 15:39:22 POLARIS_LOG {"event":"send_rate","rate":296000,"ts":1760456362.485223}
2025/10/14 15:39:23 POLARIS_LOG {"event":"send_rate","rate":296000,"ts":1760456363.5340443}
2025/10/14 15:39:24 POLARIS_LOG {"event":"send_rate","rate":304000,"ts":1760456364.482034}
2025/10/14 15:39:25 POLARIS_LOG {"event":"send_rate","rate":304000,"ts":1760456365.4815633}
2025/10/14 15:39:26 POLARIS_LOG {"event":"send_rate","rate":296000,"ts":1760456366.4824576}
2025/10/14 15:39:27 POLARIS_LOG {"event":"send_rate","rate":304000,"ts":1760456367.497318}
2025/10/14 15:39:28 POLARIS_LOG {"event":"send_rate","rate":304000,"ts":1760456368.5030508}
2025/10/14 15:39:29 POLARIS_LOG {"event":"send_rate","rate":296000,"ts":1760456369.4823403}
2025/10/14 15:39:30 POLARIS_LOG {"event":"send_rate","rate":296000,"ts":1760456370.4817736}
We need to sleep for 1 seconds before we can get the results
2025/10/14 15:39:31 POLARIS_LOG {"event":"send_rate","rate":8000,"ts":1760456371.481763}
Drain Loop received packet
Drain Loop received non-nil payload
Client sent 10575 packets, server reported 10561 packets received
The network loss rate from client to server is 0.1%

S->C results
Attempted bandwidth: 0 bps / 0.00 Mbps
Achieved bandwidth: 0 bps / 0.00 Mbps
Loss rate: 0.0%
Interarrival time min/avg/max/mdev = -0.000/0.000/0.000/0.000 ms

C->S results
Attempted bandwidth: 300000 bps / 0.30 Mbps
Achieved bandwidth: 299602 bps / 0.30 Mbps
Loss rate: 0.1%
Interarrival time min/avg/max/mdev = 0.002/26.672/556.080/23.009 ms
