
Test parameters:
client->server: 273 seconds, 1000 bytes, 10237 packets
server->client: 273 seconds, 1000 bytes, 0 packets
2025/10/14 15:34:57 POLARIS_LOG {"current_rate":0,"event":"path_switch","new":"2 2 5 2","trigger":"initialization","ts":1760456097.5340257}
Polaris prober initialized with 38 paths
Polaris prober initialized with local 1-111,10.111.0.71:32737 and remote 1-113,10.113.0.71
2025/10/14 15:34:58 POLARIS_LOG {"event":"send_rate","rate":0,"ts":1760456098.5368292}
2025/10/14 15:34:59 POLARIS_LOG {"event":"send_rate","rate":56000,"ts":1760456099.5355697}
2025/10/14 15:35:00 POLARIS_LOG {"event":"send_rate","rate":296000,"ts":1760456100.5405693}
2025/10/14 15:35:01 POLARIS_LOG {"event":"send_rate","rate":296000,"ts":1760456101.5361621}
2025/10/14 15:35:02 POLARIS_LOG {"event":"send_rate","rate":304000,"ts":1760456102.5414898}
2025/10/14 15:35:03 POLARIS_LOG {"event":"send_rate","rate":296000,"ts":1760456103.5359967}
2025/10/14 15:35:04 POLARIS_LOG {"event":"send_rate","rate":304000,"ts":1760456104.5384364}
2025/10/14 15:35:05 POLARIS_LOG {"event":"send_rate","rate":296000,"ts":1760456105.5373442}
2025/10/14 15:35:06 POLARIS_LOG {"event":"send_rate","rate":200000,"ts":1760456106.5359988}
2025/10/14 15:35:07 POLARIS_LOG {"event":"send_rate","rate":248000,"ts":1760456107.5360336}
2025/10/14 15:35:07 POLARIS_LOG {"candidates":4,"candidates_unfiltered":25,"current_rate":248000,"estimated_share":1000000,"event":"path_switch","max_estimated_share":1000000,"new":"4 4 2 4","old":"2 2 5 2","trigger":"scheduled","ts":1760456107.536734}
2025/10/14 15:35:08 POLARIS_LOG {"event":"send_rate","rate":456000,"ts":1760456108.5370917}
2025/10/14 15:35:09 POLARIS_LOG {"event":"send_rate","rate":304000,"ts":1760456109.5364377}
2025/10/14 15:35:10 POLARIS_LOG {"event":"send_rate","rate":296000,"ts":1760456110.535698}
2025/10/14 15:35:11 POLARIS_LOG {"event":"send_rate","rate":304000,"ts":1760456111.537291}
2025/10/14 15:35:12 POLARIS_LOG {"event":"send_rate","rate":296000,"ts":1760456112.5414302}
2025/10/14 15:35:13 POLARIS_LOG {"event":"send_rate","rate":304000,"ts":1760456113.5371559}
2025/10/14 15:35:14 POLARIS_LOG {"event":"send_rate","rate":296000,"ts":1760456114.540641}
2025/10/14 15:35:15 POLARIS_LOG {"event":"send_rate","rate":304000,"ts":1760456115.5450704}
2025/10/14 15:35:16 POLARIS_LOG {"event":"send_rate","rate":296000,"ts":1760456116.535663}
2025/10/14 15:35:17 POLARIS_LOG {"event":"send_rate","rate":304000,"ts":1760456117.5455787}
2025/10/14 15:35:18 POLARIS_LOG {"event":"send_rate","rate":296000,"ts":1760456118.536379}
2025/10/14 15:35:19 POLARIS_LOG {"event":"send_rate","rate":304000,"ts":1760456119.5377223}
2025/10/14 15:35:20 POLARIS_LOG {"event":"send_rate","rate":296000,"ts":1760456120.5364504}
2025/10/14 15:35:21 POLARIS_LOG {"event":"send_rate","rate":296000,"ts":1760456121.536869}
2025/10/14 15:35:22 POLARIS_LOG {"event":"send_rate","rate":304000,"ts":1760456122.5361562}
2025/10/14 15:35:23 POLARIS_LOG {"event":"send_rate","rate":304000,"ts":1760456123.5425282}
2025/10/14 15:35:24 POLARIS_LOG {"event":"send_rate","rate":296000,"ts":1760456124.5392334}
2025/10/14 15:35:25 POLARIS_LOG {"event":"send_rate","rate":296000,"ts":1760456125.5372167}
2025/10/14 15:35:26 POLARIS_LOG {"event":"send_rate","rate":304000,"ts":1760456126.5355592}
2025/10/14 15:35:27 POLARIS_LOG {"event":"send_rate","rate":296000,"ts":1760456127.5362263}
2025/10/14 15:35:28 POLARIS_LOG {"event":"send_rate","rate":296000,"ts":1760456128.5371852}
2025/10/14 15:35:29 POLARIS_LOG {"event":"send_rate","rate":304000,"ts":1760456129.5356894}
2025/10/14 15:35:30 POLARIS_LOG {"event":"send_rate","rate":304000,"ts":1760456130.5392706}
2025/10/14 15:35:31 POLARIS_LOG {"event":"send_rate","rate":296000,"ts":1760456131.5355244}
2025/10/14 15:35:32 POLARIS_LOG {"event":"send_rate","rate":304000,"ts":1760456132.535826}
2025/10/14 15:35:33 POLARIS_LOG {"event":"send_rate","rate":296000,"ts":1760456133.5357358}
2025/10/14 15:35:34 POLARIS_LOG {"event":"send_rate","rate":304000,"ts":1760456134.5362673}
2025/10/14 15:35:35 POLARIS_LOG {"event":"send_rate","rate":304000,"ts":1760456135.5575688}
2025/10/14 15:35:36 POLARIS_LOG {"event":"send_rate","rate":296000,"ts":1760456136.5361702}
2025/10/14 15:35:37 POLARIS_LOG {"event":"send_rate","rate":296000,"ts":1760456137.5379298}
2025/10/14 15:35:38 POLARIS_LOG {"event":"send_rate","rate":304000,"ts":1760456138.5363863}
2025/10/14 15:35:39 POLARIS_LOG {"event":"send_rate","rate":296000,"ts":1760456139.5364552}
2025/10/14 15:35:40 POLARIS_LOG {"event":"send_rate","rate":304000,"ts":1760456140.5359702}
2025/10/14 15:35:41 POLARIS_LOG {"event":"send_rate","rate":296000,"ts":1760456141.5356681}
2025/10/14 15:35:42 POLARIS_LOG {"event":"send_rate","rate":304000,"ts":1760456142.538487}
2025/10/14 15:35:43 POLARIS_LOG {"event":"send_rate","rate":296000,"ts":1760456143.5636592}
2025/10/14 15:35:44 POLARIS_LOG {"event":"send_rate","rate":304000,"ts":1760456144.5364377}
2025/10/14 15:35:45 POLARIS_LOG {"event":"send_rate","rate":296000,"ts":1760456145.5367281}
2025/10/14 15:35:46 POLARIS_LOG {"event":"send_rate","rate":304000,"ts":1760456146.5372043}
2025/10/14 15:35:47 POLARIS_LOG {"event":"send_rate","rate":296000,"ts":1760456147.5364487}
2025/10/14 15:35:48 POLARIS_LOG {"event":"send_rate","rate":304000,"ts":1760456148.5360482}
2025/10/14 15:35:49 POLARIS_LOG {"event":"send_rate","rate":296000,"ts":1760456149.5361202}
2025/10/14 15:35:50 POLARIS_LOG {"event":"send_rate","rate":304000,"ts":1760456150.5440915}
2025/10/14 15:35:51 POLARIS_LOG {"event":"send_rate","rate":296000,"ts":1760456151.5364125}
2025/10/14 15:35:52 POLARIS_LOG {"event":"send_rate","rate":304000,"ts":1760456152.535788}
2025/10/14 15:35:53 POLARIS_LOG {"event":"send_rate","rate":296000,"ts":1760456153.5383296}
2025/10/14 15:35:54 POLARIS_LOG {"event":"send_rate","rate":304000,"ts":1760456154.5357845}
2025/10/14 15:35:55 POLARIS_LOG {"event":"send_rate","rate":296000,"ts":1760456155.5364165}
2025/10/14 15:35:56 POLARIS_LOG {"event":"send_rate","rate":304000,"ts":1760456156.5357776}
2025/10/14 15:35:57 POLARIS_LOG {"event":"send_rate","rate":296000,"ts":1760456157.5378342}
2025/10/14 15:35:58 POLARIS_LOG {"event":"send_rate","rate":304000,"ts":1760456158.5399613}
2025/10/14 15:35:59 POLARIS_LOG {"event":"send_rate","rate":296000,"ts":1760456159.5362546}
2025/10/14 15:36:00 POLARIS_LOG {"event":"send_rate","rate":304000,"ts":1760456160.5357673}
2025/10/14 15:36:01 POLARIS_LOG {"event":"send_rate","rate":296000,"ts":1760456161.5357263}
2025/10/14 15:36:02 POLARIS_LOG {"event":"send_rate","rate":304000,"ts":1760456162.53565}
2025/10/14 15:36:03 POLARIS_LOG {"event":"send_rate","rate":296000,"ts":1760456163.5378425}
2025/10/14 15:36:04 POLARIS_LOG {"event":"send_rate","rate":312000,"ts":1760456164.570132}
2025/10/14 15:36:05 POLARIS_LOG {"event":"send_rate","rate":296000,"ts":1760456165.5592778}
2025/10/14 15:36:06 POLARIS_LOG {"event":"send_rate","rate":296000,"ts":1760456166.5383575}
2025/10/14 15:36:07 POLARIS_LOG {"event":"send_rate","rate":296000,"ts":1760456167.5495496}
2025/10/14 15:36:08 POLARIS_LOG {"event":"send_rate","rate":304000,"ts":1760456168.5394497}
2025/10/14 15:36:09 POLARIS_LOG {"event":"send_rate","rate":296000,"ts":1760456169.5378625}
2025/10/14 15:36:10 POLARIS_LOG {"event":"send_rate","rate":304000,"ts":1760456170.535683}
2025/10/14 15:36:11 POLARIS_LOG {"event":"send_rate","rate":296000,"ts":1760456171.5460277}
2025/10/14 15:36:12 POLARIS_LOG {"event":"send_rate","rate":304000,"ts":1760456172.5371044}
2025/10/14 15:36:13 POLARIS_LOG {"event":"send_rate","rate":296000,"ts":1760456173.537081}
2025/10/14 15:36:14 POLARIS_LOG {"event":"send_rate","rate":304000,"ts":1760456174.5366397}
2025/10/14 15:36:15 POLARIS_LOG {"event":"send_rate","rate":296000,"ts":1760456175.5365129}
2025/10/14 15:36:16 POLARIS_LOG {"event":"send_rate","rate":304000,"ts":1760456176.5364547}
2025/10/14 15:36:17 POLARIS_LOG {"event":"send_rate","rate":296000,"ts":1760456177.5411878}
2025/10/14 15:36:18 POLARIS_LOG {"event":"send_rate","rate":304000,"ts":1760456178.5360029}
2025/10/14 15:36:19 POLARIS_LOG {"event":"send_rate","rate":296000,"ts":1760456179.5356104}
2025/10/14 15:36:20 POLARIS_LOG {"event":"send_rate","rate":304000,"ts":1760456180.536091}
2025/10/14 15:36:21 POLARIS_LOG {"event":"send_rate","rate":296000,"ts":1760456181.5381124}
2025/10/14 15:36:22 POLARIS_LOG {"event":"send_rate","rate":304000,"ts":1760456182.535875}
2025/10/14 15:36:23 POLARIS_LOG {"event":"send_rate","rate":296000,"ts":1760456183.5407803}
2025/10/14 15:36:24 POLARIS_LOG {"event":"send_rate","rate":304000,"ts":1760456184.538141}
2025/10/14 15:36:25 POLARIS_LOG {"event":"send_rate","rate":296000,"ts":1760456185.5355701}
2025/10/14 15:36:26 POLARIS_LOG {"event":"send_rate","rate":304000,"ts":1760456186.536115}
2025/10/14 15:36:27 POLARIS_LOG {"event":"send_rate","rate":304000,"ts":1760456187.5517485}
2025/10/14 15:36:28 POLARIS_LOG {"event":"send_rate","rate":288000,"ts":1760456188.5578647}
2025/10/14 15:36:29 POLARIS_LOG {"event":"send_rate","rate":304000,"ts":1760456189.5363348}
2025/10/14 15:36:30 POLARIS_LOG {"event":"send_rate","rate":304000,"ts":1760456190.5389192}
2025/10/14 15:36:31 POLARIS_LOG {"event":"send_rate","rate":296000,"ts":1760456191.5362217}
2025/10/14 15:36:32 POLARIS_LOG {"event":"send_rate","rate":296000,"ts":1760456192.5391426}
2025/10/14 15:36:33 POLARIS_LOG {"event":"send_rate","rate":304000,"ts":1760456193.5360985}
2025/10/14 15:36:34 POLARIS_LOG {"event":"send_rate","rate":296000,"ts":1760456194.5357425}
2025/10/14 15:36:35 POLARIS_LOG {"event":"send_rate","rate":304000,"ts":1760456195.541676}
2025/10/14 15:36:36 POLARIS_LOG {"event":"send_rate","rate":296000,"ts":1760456196.538897}
2025/10/14 15:36:37 POLARIS_LOG {"event":"send_rate","rate":304000,"ts":1760456197.540763}
2025/10/14 15:36:38 POLARIS_LOG {"event":"send_rate","rate":304000,"ts":1760456198.5399709}
2025/10/14 15:36:39 POLARIS_LOG {"event":"send_rate","rate":296000,"ts":1760456199.5404994}
2025/10/14 15:36:40 POLARIS_LOG {"event":"send_rate","rate":304000,"ts":1760456200.5368955}
2025/10/14 15:36:41 POLARIS_LOG {"event":"send_rate","rate":296000,"ts":1760456201.541025}
2025/10/14 15:36:42 POLARIS_LOG {"event":"send_rate","rate":296000,"ts":1760456202.5361922}
2025/10/14 15:36:43 POLARIS_LOG {"event":"send_rate","rate":304000,"ts":1760456203.5355616}
2025/10/14 15:36:44 POLARIS_LOG {"event":"send_rate","rate":312000,"ts":1760456204.5706756}
2025/10/14 15:36:45 POLARIS_LOG {"event":"send_rate","rate":288000,"ts":1760456205.5355535}
2025/10/14 15:36:46 POLARIS_LOG {"event":"send_rate","rate":304000,"ts":1760456206.5380945}
2025/10/14 15:36:47 POLARIS_LOG {"event":"send_rate","rate":296000,"ts":1760456207.5392287}
2025/10/14 15:36:48 POLARIS_LOG {"event":"send_rate","rate":296000,"ts":1760456208.5357065}
2025/10/14 15:36:49 POLARIS_LOG {"event":"send_rate","rate":304000,"ts":1760456209.5355756}
2025/10/14 15:36:50 POLARIS_LOG {"event":"send_rate","rate":296000,"ts":1760456210.5406783}
2025/10/14 15:36:51 POLARIS_LOG {"event":"send_rate","rate":304000,"ts":1760456211.536563}
2025/10/14 15:36:52 POLARIS_LOG {"event":"send_rate","rate":296000,"ts":1760456212.5379798}
2025/10/14 15:36:53 POLARIS_LOG {"event":"send_rate","rate":304000,"ts":1760456213.5384839}
2025/10/14 15:36:54 POLARIS_LOG {"event":"send_rate","rate":296000,"ts":1760456214.536138}
2025/10/14 15:36:55 POLARIS_LOG {"event":"send_rate","rate":304000,"ts":1760456215.5356784}
2025/10/14 15:36:56 POLARIS_LOG {"event":"send_rate","rate":296000,"ts":1760456216.5364554}
2025/10/14 15:36:57 POLARIS_LOG {"event":"send_rate","rate":304000,"ts":1760456217.541426}
2025/10/14 15:36:58 POLARIS_LOG {"event":"send_rate","rate":296000,"ts":1760456218.5364244}
2025/10/14 15:36:59 POLARIS_LOG {"event":"send_rate","rate":304000,"ts":1760456219.5429058}
2025/10/14 15:37:00 POLARIS_LOG {"event":"send_rate","rate":296000,"ts":1760456220.5359566}
2025/10/14 15:37:01 POLARIS_LOG {"event":"send_rate","rate":304000,"ts":1760456221.5360174}
2025/10/14 15:37:02 POLARIS_LOG {"event":"send_rate","rate":304000,"ts":1760456222.54218}
2025/10/14 15:37:03 POLARIS_LOG {"event":"send_rate","rate":296000,"ts":1760456223.5368295}
2025/10/14 15:37:04 POLARIS_LOG {"event":"send_rate","rate":296000,"ts":1760456224.5363712}
2025/10/14 15:37:05 POLARIS_LOG {"event":"send_rate","rate":304000,"ts":1760456225.5394592}
2025/10/14 15:37:06 POLARIS_LOG {"event":"send_rate","rate":296000,"ts":1760456226.536056}
2025/10/14 15:37:07 POLARIS_LOG {"event":"send_rate","rate":304000,"ts":1760456227.5371373}
2025/10/14 15:37:08 POLARIS_LOG {"event":"send_rate","rate":296000,"ts":1760456228.5365229}
2025/10/14 15:37:09 POLARIS_LOG {"event":"send_rate","rate":304000,"ts":1760456229.5383396}
2025/10/14 15:37:10 POLARIS_LOG {"event":"send_rate","rate":296000,"ts":1760456230.5392292}
2025/10/14 15:37:11 POLARIS_LOG {"event":"send_rate","rate":312000,"ts":1760456231.5761044}
2025/10/14 15:37:12 POLARIS_LOG {"event":"send_rate","rate":288000,"ts":1760456232.5366185}
2025/10/14 15:37:13 POLARIS_LOG {"event":"send_rate","rate":304000,"ts":1760456233.5480187}
2025/10/14 15:37:14 POLARIS_LOG {"event":"send_rate","rate":296000,"ts":1760456234.5370398}
2025/10/14 15:37:15 POLARIS_LOG {"event":"send_rate","rate":304000,"ts":1760456235.5369139}
2025/10/14 15:37:16 POLARIS_LOG {"event":"send_rate","rate":296000,"ts":1760456236.540443}
2025/10/14 15:37:17 POLARIS_LOG {"event":"send_rate","rate":304000,"ts":1760456237.5367937}
2025/10/14 15:37:18 POLARIS_LOG {"event":"send_rate","rate":296000,"ts":1760456238.5397217}
2025/10/14 15:37:19 POLARIS_LOG {"event":"send_rate","rate":312000,"ts":1760456239.556735}
2025/10/14 15:37:20 POLARIS_LOG {"event":"send_rate","rate":296000,"ts":1760456240.5537424}
2025/10/14 15:37:21 POLARIS_LOG {"event":"send_rate","rate":296000,"ts":1760456241.536887}
2025/10/14 15:37:22 POLARIS_LOG {"event":"send_rate","rate":296000,"ts":1760456242.5364919}
2025/10/14 15:37:23 POLARIS_LOG {"event":"send_rate","rate":320000,"ts":1760456243.5843494}
2025/10/14 15:37:24 POLARIS_LOG {"event":"send_rate","rate":280000,"ts":1760456244.5407243}
2025/10/14 15:37:25 POLARIS_LOG {"event":"send_rate","rate":304000,"ts":1760456245.5528781}
2025/10/14 15:37:26 POLARIS_LOG {"event":"send_rate","rate":296000,"ts":1760456246.5361216}
2025/10/14 15:37:27 POLARIS_LOG {"event":"send_rate","rate":304000,"ts":1760456247.5360203}
2025/10/14 15:37:28 POLARIS_LOG {"event":"send_rate","rate":296000,"ts":1760456248.5373938}
2025/10/14 15:37:29 POLARIS_LOG {"event":"send_rate","rate":304000,"ts":1760456249.5365274}
2025/10/14 15:37:30 POLARIS_LOG {"event":"send_rate","rate":296000,"ts":1760456250.5381634}
2025/10/14 15:37:31 POLARIS_LOG {"event":"send_rate","rate":304000,"ts":1760456251.5365577}
2025/10/14 15:37:32 POLARIS_LOG {"event":"send_rate","rate":296000,"ts":1760456252.53639}
2025/10/14 15:37:33 POLARIS_LOG {"event":"send_rate","rate":304000,"ts":1760456253.5365872}
2025/10/14 15:37:34 POLARIS_LOG {"event":"send_rate","rate":296000,"ts":1760456254.5356987}
2025/10/14 15:37:35 POLARIS_LOG {"event":"send_rate","rate":304000,"ts":1760456255.5364575}
2025/10/14 15:37:36 POLARIS_LOG {"event":"send_rate","rate":296000,"ts":1760456256.5385056}
2025/10/14 15:37:37 POLARIS_LOG {"event":"send_rate","rate":304000,"ts":1760456257.536486}
2025/10/14 15:37:38 POLARIS_LOG {"event":"send_rate","rate":296000,"ts":1760456258.5378044}
2025/10/14 15:37:39 POLARIS_LOG {"event":"send_rate","rate":312000,"ts":1760456259.5658576}
2025/10/14 15:37:40 POLARIS_LOG {"event":"send_rate","rate":288000,"ts":1760456260.5370913}
2025/10/14 15:37:41 POLARIS_LOG {"event":"send_rate","rate":304000,"ts":1760456261.5382848}
2025/10/14 15:37:42 POLARIS_LOG {"event":"send_rate","rate":320000,"ts":1760456262.615627}
2025/10/14 15:37:43 POLARIS_LOG {"event":"send_rate","rate":280000,"ts":1760456263.5393913}
2025/10/14 15:37:44 POLARIS_LOG {"event":"send_rate","rate":296000,"ts":1760456264.538198}
2025/10/14 15:37:45 POLARIS_LOG {"event":"send_rate","rate":304000,"ts":1760456265.5378187}
2025/10/14 15:37:46 POLARIS_LOG {"event":"send_rate","rate":296000,"ts":1760456266.5360577}
2025/10/14 15:37:47 POLARIS_LOG {"event":"send_rate","rate":304000,"ts":1760456267.535945}
2025/10/14 15:37:48 POLARIS_LOG {"event":"send_rate","rate":296000,"ts":1760456268.5365028}
2025/10/14 15:37:49 POLARIS_LOG {"event":"send_rate","rate":312000,"ts":1760456269.5629127}
2025/10/14 15:37:50 POLARIS_LOG {"event":"send_rate","rate":288000,"ts":1760456270.536462}
2025/10/14 15:37:51 POLARIS_LOG {"event":"send_rate","rate":304000,"ts":1760456271.5355952}
2025/10/14 15:37:52 POLARIS_LOG {"event":"send_rate","rate":296000,"ts":1760456272.5399008}
2025/10/14 15:37:53 POLARIS_LOG {"event":"send_rate","rate":304000,"ts":1760456273.5404599}
2025/10/14 15:37:54 POLARIS_LOG {"event":"send_rate","rate":304000,"ts":1760456274.5488453}
2025/10/14 15:37:55 POLARIS_LOG {"event":"send_rate","rate":296000,"ts":1760456275.5366144}
2025/10/14 15:37:56 POLARIS_LOG {"event":"send_rate","rate":296000,"ts":1760456276.5387394}
2025/10/14 15:37:57 POLARIS_LOG {"event":"send_rate","rate":320000,"ts":1760456277.5990536}
2025/10/14 15:37:58 POLARIS_LOG {"event":"send_rate","rate":280000,"ts":1760456278.5474436}
2025/10/14 15:37:59 POLARIS_LOG {"event":"send_rate","rate":304000,"ts":1760456279.5365386}
2025/10/14 15:38:00 POLARIS_LOG {"event":"send_rate","rate":296000,"ts":1760456280.5367112}
2025/10/14 15:38:01 POLARIS_LOG {"event":"send_rate","rate":304000,"ts":1760456281.5363016}
2025/10/14 15:38:02 POLARIS_LOG {"event":"send_rate","rate":296000,"ts":1760456282.536792}
2025/10/14 15:38:03 POLARIS_LOG {"event":"send_rate","rate":304000,"ts":1760456283.5422158}
2025/10/14 15:38:04 POLARIS_LOG {"event":"send_rate","rate":304000,"ts":1760456284.551659}
2025/10/14 15:38:05 POLARIS_LOG {"event":"send_rate","rate":296000,"ts":1760456285.5360937}
2025/10/14 15:38:06 POLARIS_LOG {"event":"send_rate","rate":296000,"ts":1760456286.539042}
2025/10/14 15:38:07 POLARIS_LOG {"event":"send_rate","rate":304000,"ts":1760456287.5390668}
2025/10/14 15:38:08 POLARIS_LOG {"event":"send_rate","rate":296000,"ts":1760456288.546889}
2025/10/14 15:38:09 POLARIS_LOG {"event":"send_rate","rate":296000,"ts":1760456289.5424876}
2025/10/14 15:38:10 POLARIS_LOG {"event":"send_rate","rate":304000,"ts":1760456290.5455828}
2025/10/14 15:38:11 POLARIS_LOG {"event":"send_rate","rate":296000,"ts":1760456291.5358272}
2025/10/14 15:38:12 POLARIS_LOG {"event":"send_rate","rate":304000,"ts":1760456292.537639}
2025/10/14 15:38:13 POLARIS_LOG {"event":"send_rate","rate":304000,"ts":1760456293.5503192}
2025/10/14 15:38:14 POLARIS_LOG {"event":"send_rate","rate":296000,"ts":1760456294.5389836}
2025/10/14 15:38:15 POLARIS_LOG {"event":"send_rate","rate":304000,"ts":1760456295.5378325}
2025/10/14 15:38:16 POLARIS_LOG {"event":"send_rate","rate":296000,"ts":1760456296.5390167}
2025/10/14 15:38:17 POLARIS_LOG {"event":"send_rate","rate":296000,"ts":1760456297.5360172}
2025/10/14 15:38:18 POLARIS_LOG {"event":"send_rate","rate":328000,"ts":1760456298.6289918}
2025/10/14 15:38:19 POLARIS_LOG {"event":"send_rate","rate":272000,"ts":1760456299.5356631}
2025/10/14 15:38:20 POLARIS_LOG {"event":"send_rate","rate":328000,"ts":1760456300.6187987}
2025/10/14 15:38:21 POLARIS_LOG {"event":"send_rate","rate":272000,"ts":1760456301.5356843}
2025/10/14 15:38:22 POLARIS_LOG {"event":"send_rate","rate":304000,"ts":1760456302.5358832}
2025/10/14 15:38:23 POLARIS_LOG {"event":"send_rate","rate":296000,"ts":1760456303.53567}
2025/10/14 15:38:24 POLARIS_LOG {"event":"send_rate","rate":304000,"ts":1760456304.552926}
2025/10/14 15:38:25 POLARIS_LOG {"event":"send_rate","rate":304000,"ts":1760456305.5551414}
2025/10/14 15:38:26 POLARIS_LOG {"event":"send_rate","rate":296000,"ts":1760456306.5378525}
2025/10/14 15:38:27 POLARIS_LOG {"event":"send_rate","rate":304000,"ts":1760456307.5413914}
2025/10/14 15:38:28 POLARIS_LOG {"event":"send_rate","rate":296000,"ts":1760456308.5511737}
2025/10/14 15:38:29 POLARIS_LOG {"event":"send_rate","rate":296000,"ts":1760456309.5421011}
2025/10/14 15:38:30 POLARIS_LOG {"event":"send_rate","rate":304000,"ts":1760456310.5398057}
2025/10/14 15:38:31 POLARIS_LOG {"event":"send_rate","rate":296000,"ts":1760456311.536519}
2025/10/14 15:38:32 POLARIS_LOG {"event":"send_rate","rate":304000,"ts":1760456312.5451643}
2025/10/14 15:38:33 POLARIS_LOG {"event":"send_rate","rate":296000,"ts":1760456313.5368814}
2025/10/14 15:38:34 POLARIS_LOG {"event":"send_rate","rate":304000,"ts":1760456314.5688837}
2025/10/14 15:38:35 POLARIS_LOG {"event":"send_rate","rate":296000,"ts":1760456315.5475616}
2025/10/14 15:38:36 POLARIS_LOG {"event":"send_rate","rate":296000,"ts":1760456316.535826}
2025/10/14 15:38:37 POLARIS_LOG {"event":"send_rate","rate":304000,"ts":1760456317.552199}
2025/10/14 15:38:38 POLARIS_LOG {"event":"send_rate","rate":304000,"ts":1760456318.5359986}
2025/10/14 15:38:39 POLARIS_LOG {"event":"send_rate","rate":296000,"ts":1760456319.5360491}
2025/10/14 15:38:40 POLARIS_LOG {"event":"send_rate","rate":304000,"ts":1760456320.5359879}
2025/10/14 15:38:41 POLARIS_LOG {"event":"send_rate","rate":296000,"ts":1760456321.5355563}
2025/10/14 15:38:42 POLARIS_LOG {"event":"send_rate","rate":304000,"ts":1760456322.53624}
2025/10/14 15:38:43 POLARIS_LOG {"event":"send_rate","rate":296000,"ts":1760456323.5368655}
2025/10/14 15:38:44 POLARIS_LOG {"event":"send_rate","rate":304000,"ts":1760456324.5362754}
2025/10/14 15:38:45 POLARIS_LOG {"event":"send_rate","rate":296000,"ts":1760456325.5379782}
2025/10/14 15:38:46 POLARIS_LOG {"event":"send_rate","rate":304000,"ts":1760456326.539406}
2025/10/14 15:38:47 POLARIS_LOG {"event":"send_rate","rate":304000,"ts":1760456327.5520341}
2025/10/14 15:38:48 POLARIS_LOG {"event":"send_rate","rate":296000,"ts":1760456328.536318}
2025/10/14 15:38:49 POLARIS_LOG {"event":"send_rate","rate":296000,"ts":1760456329.537135}
2025/10/14 15:38:50 POLARIS_LOG {"event":"send_rate","rate":304000,"ts":1760456330.5360048}
2025/10/14 15:38:51 POLARIS_LOG {"event":"send_rate","rate":304000,"ts":1760456331.5485525}
2025/10/14 15:38:52 POLARIS_LOG {"event":"send_rate","rate":304000,"ts":1760456332.5586884}
2025/10/14 15:38:53 POLARIS_LOG {"event":"send_rate","rate":296000,"ts":1760456333.5533886}
2025/10/14 15:38:54 POLARIS_LOG {"event":"send_rate","rate":296000,"ts":1760456334.5479698}
2025/10/14 15:38:55 POLARIS_LOG {"event":"send_rate","rate":296000,"ts":1760456335.5367897}
2025/10/14 15:38:56 POLARIS_LOG {"event":"send_rate","rate":304000,"ts":1760456336.5358274}
2025/10/14 15:38:57 POLARIS_LOG {"event":"send_rate","rate":296000,"ts":1760456337.5374782}
2025/10/14 15:38:58 POLARIS_LOG {"event":"send_rate","rate":304000,"ts":1760456338.5363078}
2025/10/14 15:38:59 POLARIS_LOG {"event":"send_rate","rate":304000,"ts":1760456339.544439}
2025/10/14 15:39:00 POLARIS_LOG {"event":"send_rate","rate":288000,"ts":1760456340.582761}
2025/10/14 15:39:01 POLARIS_LOG {"event":"send_rate","rate":304000,"ts":1760456341.632959}
2025/10/14 15:39:02 POLARIS_LOG {"event":"send_rate","rate":304000,"ts":1760456342.539437}
2025/10/14 15:39:03 POLARIS_LOG {"event":"send_rate","rate":304000,"ts":1760456343.547095}
2025/10/14 15:39:04 POLARIS_LOG {"event":"send_rate","rate":296000,"ts":1760456344.536645}
2025/10/14 15:39:05 POLARIS_LOG {"event":"send_rate","rate":296000,"ts":1760456345.53862}
2025/10/14 15:39:06 POLARIS_LOG {"event":"send_rate","rate":304000,"ts":1760456346.5398571}
2025/10/14 15:39:07 POLARIS_LOG {"event":"send_rate","rate":296000,"ts":1760456347.5510283}
2025/10/14 15:39:08 POLARIS_LOG {"event":"send_rate","rate":296000,"ts":1760456348.5389266}
2025/10/14 15:39:09 POLARIS_LOG {"event":"send_rate","rate":296000,"ts":1760456349.5383763}
2025/10/14 15:39:10 POLARIS_LOG {"event":"send_rate","rate":312000,"ts":1760456350.5364664}
2025/10/14 15:39:11 POLARIS_LOG {"event":"send_rate","rate":296000,"ts":1760456351.5368946}
2025/10/14 15:39:12 POLARIS_LOG {"event":"send_rate","rate":304000,"ts":1760456352.5357487}
2025/10/14 15:39:13 POLARIS_LOG {"event":"send_rate","rate":296000,"ts":1760456353.5410504}
2025/10/14 15:39:14 POLARIS_LOG {"event":"send_rate","rate":304000,"ts":1760456354.552869}
2025/10/14 15:39:15 POLARIS_LOG {"event":"send_rate","rate":296000,"ts":1760456355.537722}
2025/10/14 15:39:16 POLARIS_LOG {"event":"send_rate","rate":304000,"ts":1760456356.535739}
2025/10/14 15:39:17 POLARIS_LOG {"event":"send_rate","rate":296000,"ts":1760456357.535971}
2025/10/14 15:39:18 POLARIS_LOG {"event":"send_rate","rate":320000,"ts":1760456358.5960474}
2025/10/14 15:39:19 POLARIS_LOG {"event":"send_rate","rate":280000,"ts":1760456359.5447307}
2025/10/14 15:39:20 POLARIS_LOG {"event":"send_rate","rate":304000,"ts":1760456360.5374455}
2025/10/14 15:39:21 POLARIS_LOG {"event":"send_rate","rate":296000,"ts":1760456361.5363739}
2025/10/14 15:39:22 POLARIS_LOG {"event":"send_rate","rate":320000,"ts":1760456362.5887134}
2025/10/14 15:39:23 POLARIS_LOG {"event":"send_rate","rate":280000,"ts":1760456363.5362105}
2025/10/14 15:39:24 POLARIS_LOG {"event":"send_rate","rate":312000,"ts":1760456364.5679462}
2025/10/14 15:39:25 POLARIS_LOG {"event":"send_rate","rate":288000,"ts":1760456365.5374155}
2025/10/14 15:39:26 POLARIS_LOG {"event":"send_rate","rate":304000,"ts":1760456366.5369456}
2025/10/14 15:39:27 POLARIS_LOG {"event":"send_rate","rate":304000,"ts":1760456367.5699174}
2025/10/14 15:39:28 POLARIS_LOG {"event":"send_rate","rate":296000,"ts":1760456368.5364316}
2025/10/14 15:39:29 POLARIS_LOG {"event":"send_rate","rate":296000,"ts":1760456369.5427105}
2025/10/14 15:39:30 POLARIS_LOG {"event":"send_rate","rate":304000,"ts":1760456370.555818}
2025/10/14 15:39:31 POLARIS_LOG {"event":"send_rate","rate":296000,"ts":1760456371.5383031}
Drain Loop received packet
Drain Loop received non-nil payload
Client sent 10237 packets, server reported 10211 packets received
The network loss rate from client to server is 0.3%

S->C results
Attempted bandwidth: 0 bps / 0.00 Mbps
Achieved bandwidth: 0 bps / 0.00 Mbps
Loss rate: 0.0%
Interarrival time min/avg/max/mdev = -0.000/0.000/0.000/0.000 ms

C->S results
Attempted bandwidth: 299985 bps / 0.30 Mbps
Achieved bandwidth: 299223 bps / 0.30 Mbps
Loss rate: 0.3%
Interarrival time min/avg/max/mdev = 0.002/26.578/490.201/21.532 ms
