
Test parameters:
client->server: 252 seconds, 1000 bytes, 9450 packets
server->client: 252 seconds, 1000 bytes, 0 packets
2025/10/14 15:35:18 POLARIS_LOG {"current_rate":0,"event":"path_switch","new":"2 2 5 2","trigger":"initialization","ts":1760456118.7382374}
Polaris prober initialized with 38 paths
Polaris prober initialized with local 1-111,10.111.0.71:32716 and remote 1-113,10.113.0.71
2025/10/14 15:35:19 POLARIS_LOG {"event":"send_rate","rate":0,"ts":1760456119.7503874}
2025/10/14 15:35:20 POLARIS_LOG {"event":"send_rate","rate":232000,"ts":1760456120.7404516}
2025/10/14 15:35:21 POLARIS_LOG {"event":"send_rate","rate":296000,"ts":1760456121.740199}
2025/10/14 15:35:22 POLARIS_LOG {"event":"send_rate","rate":312000,"ts":1760456122.7614725}
2025/10/14 15:35:23 POLARIS_LOG {"event":"send_rate","rate":288000,"ts":1760456123.7401612}
2025/10/14 15:35:24 POLARIS_LOG {"event":"send_rate","rate":304000,"ts":1760456124.7406168}
2025/10/14 15:35:25 POLARIS_LOG {"event":"send_rate","rate":304000,"ts":1760456125.7464564}
2025/10/14 15:35:26 POLARIS_LOG {"event":"send_rate","rate":304000,"ts":1760456126.7589803}
2025/10/14 15:35:27 POLARIS_LOG {"event":"send_rate","rate":288000,"ts":1760456127.743569}
2025/10/14 15:35:28 POLARIS_LOG {"candidates":4,"candidates_unfiltered":4,"current_rate":288000,"estimated_share":500000,"event":"path_switch","max_estimated_share":500000,"new":"3 3 6 6 1 3","old":"2 2 5 2","trigger":"scheduled","ts":1760456128.7426844}
2025/10/14 15:35:28 POLARIS_LOG {"event":"send_rate","rate":296000,"ts":1760456128.7428098}
2025/10/14 15:35:29 POLARIS_LOG {"event":"send_rate","rate":304000,"ts":1760456129.7394621}
2025/10/14 15:35:30 POLARIS_LOG {"event":"send_rate","rate":304000,"ts":1760456130.7396853}
2025/10/14 15:35:31 POLARIS_LOG {"event":"send_rate","rate":296000,"ts":1760456131.7447352}
2025/10/14 15:35:32 POLARIS_LOG {"event":"send_rate","rate":304000,"ts":1760456132.7402673}
2025/10/14 15:35:33 POLARIS_LOG {"event":"send_rate","rate":304000,"ts":1760456133.757813}
2025/10/14 15:35:34 POLARIS_LOG {"event":"send_rate","rate":296000,"ts":1760456134.7395277}
2025/10/14 15:35:35 POLARIS_LOG {"event":"send_rate","rate":296000,"ts":1760456135.7393887}
2025/10/14 15:35:36 POLARIS_LOG {"event":"send_rate","rate":296000,"ts":1760456136.7409182}
2025/10/14 15:35:37 POLARIS_LOG {"event":"send_rate","rate":304000,"ts":1760456137.7399316}
2025/10/14 15:35:38 POLARIS_LOG {"event":"send_rate","rate":304000,"ts":1760456138.7437747}
2025/10/14 15:35:39 POLARIS_LOG {"event":"send_rate","rate":296000,"ts":1760456139.7395544}
2025/10/14 15:35:40 POLARIS_LOG {"event":"send_rate","rate":304000,"ts":1760456140.7394445}
2025/10/14 15:35:41 POLARIS_LOG {"event":"send_rate","rate":304000,"ts":1760456141.7547557}
2025/10/14 15:35:42 POLARIS_LOG {"event":"send_rate","rate":296000,"ts":1760456142.7430286}
2025/10/14 15:35:43 POLARIS_LOG {"event":"send_rate","rate":296000,"ts":1760456143.7454178}
2025/10/14 15:35:44 POLARIS_LOG {"event":"send_rate","rate":304000,"ts":1760456144.7399824}
2025/10/14 15:35:45 POLARIS_LOG {"event":"send_rate","rate":296000,"ts":1760456145.7421505}
2025/10/14 15:35:46 POLARIS_LOG {"event":"send_rate","rate":304000,"ts":1760456146.7403295}
2025/10/14 15:35:47 POLARIS_LOG {"event":"send_rate","rate":296000,"ts":1760456147.7436578}
2025/10/14 15:35:48 POLARIS_LOG {"event":"send_rate","rate":304000,"ts":1760456148.7422786}
2025/10/14 15:35:49 POLARIS_LOG {"event":"send_rate","rate":296000,"ts":1760456149.7400653}
2025/10/14 15:35:50 POLARIS_LOG {"event":"send_rate","rate":304000,"ts":1760456150.7400942}
2025/10/14 15:35:51 POLARIS_LOG {"event":"send_rate","rate":296000,"ts":1760456151.739847}
2025/10/14 15:35:52 POLARIS_LOG {"event":"send_rate","rate":304000,"ts":1760456152.7404919}
2025/10/14 15:35:53 POLARIS_LOG {"event":"send_rate","rate":296000,"ts":1760456153.7402086}
2025/10/14 15:35:54 POLARIS_LOG {"event":"send_rate","rate":304000,"ts":1760456154.739657}
2025/10/14 15:35:55 POLARIS_LOG {"event":"send_rate","rate":296000,"ts":1760456155.7413297}
2025/10/14 15:35:56 POLARIS_LOG {"event":"send_rate","rate":296000,"ts":1760456156.7432315}
2025/10/14 15:35:57 POLARIS_LOG {"event":"send_rate","rate":304000,"ts":1760456157.7420235}
2025/10/14 15:35:58 POLARIS_LOG {"event":"send_rate","rate":304000,"ts":1760456158.749529}
2025/10/14 15:35:59 POLARIS_LOG {"event":"send_rate","rate":296000,"ts":1760456159.74184}
2025/10/14 15:36:00 POLARIS_LOG {"event":"send_rate","rate":304000,"ts":1760456160.7400203}
2025/10/14 15:36:01 POLARIS_LOG {"event":"send_rate","rate":296000,"ts":1760456161.7458694}
2025/10/14 15:36:02 POLARIS_LOG {"event":"send_rate","rate":312000,"ts":1760456162.7823505}
2025/10/14 15:36:03 POLARIS_LOG {"event":"send_rate","rate":288000,"ts":1760456163.739978}
2025/10/14 15:36:04 POLARIS_LOG {"event":"send_rate","rate":304000,"ts":1760456164.7393658}
2025/10/14 15:36:05 POLARIS_LOG {"event":"send_rate","rate":296000,"ts":1760456165.7406325}
2025/10/14 15:36:06 POLARIS_LOG {"event":"send_rate","rate":304000,"ts":1760456166.746894}
2025/10/14 15:36:07 POLARIS_LOG {"event":"send_rate","rate":304000,"ts":1760456167.7505221}
2025/10/14 15:36:08 POLARIS_LOG {"event":"send_rate","rate":296000,"ts":1760456168.7438593}
2025/10/14 15:36:09 POLARIS_LOG {"event":"send_rate","rate":296000,"ts":1760456169.7488773}
2025/10/14 15:36:10 POLARIS_LOG {"event":"send_rate","rate":312000,"ts":1760456170.7685235}
2025/10/14 15:36:11 POLARIS_LOG {"event":"send_rate","rate":288000,"ts":1760456171.7402704}
2025/10/14 15:36:12 POLARIS_LOG {"event":"send_rate","rate":304000,"ts":1760456172.7505994}
2025/10/14 15:36:13 POLARIS_LOG {"event":"send_rate","rate":296000,"ts":1760456173.7486758}
2025/10/14 15:36:14 POLARIS_LOG {"event":"send_rate","rate":304000,"ts":1760456174.7426476}
2025/10/14 15:36:15 POLARIS_LOG {"event":"send_rate","rate":296000,"ts":1760456175.7440562}
2025/10/14 15:36:16 POLARIS_LOG {"event":"send_rate","rate":304000,"ts":1760456176.7397492}
2025/10/14 15:36:17 POLARIS_LOG {"event":"send_rate","rate":304000,"ts":1760456177.7515597}
2025/10/14 15:36:18 POLARIS_LOG {"event":"send_rate","rate":296000,"ts":1760456178.752475}
2025/10/14 15:36:19 POLARIS_LOG {"event":"send_rate","rate":296000,"ts":1760456179.7417781}
2025/10/14 15:36:20 POLARIS_LOG {"event":"send_rate","rate":304000,"ts":1760456180.748514}
2025/10/14 15:36:21 POLARIS_LOG {"event":"send_rate","rate":296000,"ts":1760456181.7424986}
2025/10/14 15:36:22 POLARIS_LOG {"event":"send_rate","rate":304000,"ts":1760456182.7412422}
2025/10/14 15:36:23 POLARIS_LOG {"event":"send_rate","rate":304000,"ts":1760456183.773692}
2025/10/14 15:36:24 POLARIS_LOG {"event":"send_rate","rate":296000,"ts":1760456184.7432504}
2025/10/14 15:36:25 POLARIS_LOG {"event":"send_rate","rate":296000,"ts":1760456185.7682672}
2025/10/14 15:36:26 POLARIS_LOG {"event":"send_rate","rate":304000,"ts":1760456186.739393}
2025/10/14 15:36:27 POLARIS_LOG {"event":"send_rate","rate":296000,"ts":1760456187.739607}
2025/10/14 15:36:28 POLARIS_LOG {"event":"send_rate","rate":304000,"ts":1760456188.7454772}
2025/10/14 15:36:29 POLARIS_LOG {"event":"send_rate","rate":296000,"ts":1760456189.7482421}
2025/10/14 15:36:30 POLARIS_LOG {"event":"send_rate","rate":304000,"ts":1760456190.7426903}
2025/10/14 15:36:31 POLARIS_LOG {"event":"send_rate","rate":304000,"ts":1760456191.7650123}
2025/10/14 15:36:32 POLARIS_LOG {"event":"send_rate","rate":296000,"ts":1760456192.7479346}
2025/10/14 15:36:33 POLARIS_LOG {"event":"send_rate","rate":296000,"ts":1760456193.7412033}
2025/10/14 15:36:34 POLARIS_LOG {"event":"send_rate","rate":304000,"ts":1760456194.764768}
2025/10/14 15:36:35 POLARIS_LOG {"event":"send_rate","rate":296000,"ts":1760456195.7399557}
2025/10/14 15:36:36 POLARIS_LOG {"event":"send_rate","rate":296000,"ts":1760456196.754224}
2025/10/14 15:36:37 POLARIS_LOG {"event":"send_rate","rate":304000,"ts":1760456197.7434022}
2025/10/14 15:36:38 POLARIS_LOG {"event":"send_rate","rate":296000,"ts":1760456198.7436993}
2025/10/14 15:36:39 POLARIS_LOG {"event":"send_rate","rate":304000,"ts":1760456199.7406616}
2025/10/14 15:36:40 POLARIS_LOG {"event":"send_rate","rate":304000,"ts":1760456200.7411687}
2025/10/14 15:36:41 POLARIS_LOG {"event":"send_rate","rate":296000,"ts":1760456201.7409852}
2025/10/14 15:36:42 POLARIS_LOG {"event":"send_rate","rate":304000,"ts":1760456202.740192}
2025/10/14 15:36:43 POLARIS_LOG {"event":"send_rate","rate":296000,"ts":1760456203.739607}
2025/10/14 15:36:44 POLARIS_LOG {"event":"send_rate","rate":296000,"ts":1760456204.7714496}
2025/10/14 15:36:45 POLARIS_LOG {"event":"send_rate","rate":304000,"ts":1760456205.7431755}
2025/10/14 15:36:46 POLARIS_LOG {"event":"send_rate","rate":304000,"ts":1760456206.7424295}
2025/10/14 15:36:47 POLARIS_LOG {"event":"send_rate","rate":304000,"ts":1760456207.765557}
2025/10/14 15:36:48 POLARIS_LOG {"event":"send_rate","rate":288000,"ts":1760456208.7394702}
2025/10/14 15:36:49 POLARIS_LOG {"event":"send_rate","rate":304000,"ts":1760456209.7412875}
2025/10/14 15:36:50 POLARIS_LOG {"event":"send_rate","rate":296000,"ts":1760456210.7403028}
2025/10/14 15:36:51 POLARIS_LOG {"event":"send_rate","rate":304000,"ts":1760456211.7400513}
2025/10/14 15:36:52 POLARIS_LOG {"event":"send_rate","rate":304000,"ts":1760456212.752842}
2025/10/14 15:36:53 POLARIS_LOG {"event":"send_rate","rate":304000,"ts":1760456213.7645755}
2025/10/14 15:36:54 POLARIS_LOG {"event":"send_rate","rate":288000,"ts":1760456214.7407222}
2025/10/14 15:36:55 POLARIS_LOG {"event":"send_rate","rate":304000,"ts":1760456215.7406225}
2025/10/14 15:36:56 POLARIS_LOG {"event":"send_rate","rate":296000,"ts":1760456216.740115}
2025/10/14 15:36:57 POLARIS_LOG {"event":"send_rate","rate":304000,"ts":1760456217.7473152}
2025/10/14 15:36:58 POLARIS_LOG {"event":"send_rate","rate":296000,"ts":1760456218.7398078}
2025/10/14 15:36:59 POLARIS_LOG {"event":"send_rate","rate":304000,"ts":1760456219.7405224}
2025/10/14 15:37:00 POLARIS_LOG {"event":"send_rate","rate":296000,"ts":1760456220.7396247}
2025/10/14 15:37:01 POLARIS_LOG {"event":"send_rate","rate":304000,"ts":1760456221.739498}
2025/10/14 15:37:02 POLARIS_LOG {"event":"send_rate","rate":296000,"ts":1760456222.7396605}
2025/10/14 15:37:03 POLARIS_LOG {"event":"send_rate","rate":304000,"ts":1760456223.7401702}
2025/10/14 15:37:04 POLARIS_LOG {"event":"send_rate","rate":304000,"ts":1760456224.7516637}
2025/10/14 15:37:05 POLARIS_LOG {"event":"send_rate","rate":296000,"ts":1760456225.739675}
2025/10/14 15:37:06 POLARIS_LOG {"event":"send_rate","rate":304000,"ts":1760456226.7590265}
2025/10/14 15:37:07 POLARIS_LOG {"event":"send_rate","rate":296000,"ts":1760456227.7578948}
2025/10/14 15:37:08 POLARIS_LOG {"event":"send_rate","rate":304000,"ts":1760456228.7427547}
2025/10/14 15:37:09 POLARIS_LOG {"event":"send_rate","rate":296000,"ts":1760456229.7405047}
2025/10/14 15:37:10 POLARIS_LOG {"event":"send_rate","rate":296000,"ts":1760456230.740397}
2025/10/14 15:37:11 POLARIS_LOG {"event":"send_rate","rate":304000,"ts":1760456231.7396145}
2025/10/14 15:37:12 POLARIS_LOG {"event":"send_rate","rate":304000,"ts":1760456232.750914}
2025/10/14 15:37:13 POLARIS_LOG {"event":"send_rate","rate":296000,"ts":1760456233.7400062}
2025/10/14 15:37:14 POLARIS_LOG {"event":"send_rate","rate":296000,"ts":1760456234.7412014}
2025/10/14 15:37:15 POLARIS_LOG {"event":"send_rate","rate":296000,"ts":1760456235.7800634}
2025/10/14 15:37:16 POLARIS_LOG {"event":"send_rate","rate":304000,"ts":1760456236.7403536}
2025/10/14 15:37:17 POLARIS_LOG {"event":"send_rate","rate":304000,"ts":1760456237.7430642}
2025/10/14 15:37:18 POLARIS_LOG {"event":"send_rate","rate":304000,"ts":1760456238.757471}
2025/10/14 15:37:19 POLARIS_LOG {"event":"send_rate","rate":296000,"ts":1760456239.740695}
2025/10/14 15:37:20 POLARIS_LOG {"event":"send_rate","rate":296000,"ts":1760456240.7403452}
2025/10/14 15:37:21 POLARIS_LOG {"event":"send_rate","rate":296000,"ts":1760456241.7552693}
2025/10/14 15:37:22 POLARIS_LOG {"event":"send_rate","rate":312000,"ts":1760456242.7560487}
2025/10/14 15:37:23 POLARIS_LOG {"event":"send_rate","rate":296000,"ts":1760456243.7404704}
2025/10/14 15:37:24 POLARIS_LOG {"event":"send_rate","rate":288000,"ts":1760456244.7422395}
2025/10/14 15:37:25 POLARIS_LOG {"event":"send_rate","rate":312000,"ts":1760456245.7492332}
2025/10/14 15:37:26 POLARIS_LOG {"event":"send_rate","rate":304000,"ts":1760456246.757397}
2025/10/14 15:37:27 POLARIS_LOG {"event":"send_rate","rate":296000,"ts":1760456247.7395008}
2025/10/14 15:37:28 POLARIS_LOG {"event":"send_rate","rate":296000,"ts":1760456248.7408383}
2025/10/14 15:37:29 POLARIS_LOG {"event":"send_rate","rate":304000,"ts":1760456249.7397325}
2025/10/14 15:37:30 POLARIS_LOG {"event":"send_rate","rate":296000,"ts":1760456250.7432592}
2025/10/14 15:37:31 POLARIS_LOG {"event":"send_rate","rate":304000,"ts":1760456251.7423902}
2025/10/14 15:37:32 POLARIS_LOG {"event":"send_rate","rate":296000,"ts":1760456252.7428372}
2025/10/14 15:37:33 POLARIS_LOG {"event":"send_rate","rate":304000,"ts":1760456253.7408235}
2025/10/14 15:37:34 POLARIS_LOG {"event":"send_rate","rate":296000,"ts":1760456254.7399397}
2025/10/14 15:37:35 POLARIS_LOG {"event":"send_rate","rate":304000,"ts":1760456255.7397568}
2025/10/14 15:37:36 POLARIS_LOG {"event":"send_rate","rate":296000,"ts":1760456256.7406745}
2025/10/14 15:37:37 POLARIS_LOG {"event":"send_rate","rate":304000,"ts":1760456257.7406704}
2025/10/14 15:37:38 POLARIS_LOG {"event":"send_rate","rate":296000,"ts":1760456258.7402601}
2025/10/14 15:37:39 POLARIS_LOG {"event":"send_rate","rate":304000,"ts":1760456259.746196}
2025/10/14 15:37:40 POLARIS_LOG {"event":"send_rate","rate":296000,"ts":1760456260.7416792}
2025/10/14 15:37:41 POLARIS_LOG {"event":"send_rate","rate":304000,"ts":1760456261.7413986}
2025/10/14 15:37:42 POLARIS_LOG {"event":"send_rate","rate":304000,"ts":1760456262.7587175}
2025/10/14 15:37:43 POLARIS_LOG {"event":"send_rate","rate":296000,"ts":1760456263.7479873}
2025/10/14 15:37:44 POLARIS_LOG {"event":"send_rate","rate":296000,"ts":1760456264.740626}
2025/10/14 15:37:45 POLARIS_LOG {"event":"send_rate","rate":304000,"ts":1760456265.740069}
2025/10/14 15:37:46 POLARIS_LOG {"event":"send_rate","rate":296000,"ts":1760456266.7399554}
2025/10/14 15:37:47 POLARIS_LOG {"event":"send_rate","rate":304000,"ts":1760456267.7401178}
2025/10/14 15:37:48 POLARIS_LOG {"event":"send_rate","rate":296000,"ts":1760456268.7396164}
2025/10/14 15:37:49 POLARIS_LOG {"event":"send_rate","rate":304000,"ts":1760456269.7402604}
2025/10/14 15:37:50 POLARIS_LOG {"event":"send_rate","rate":296000,"ts":1760456270.7402778}
2025/10/14 15:37:51 POLARIS_LOG {"event":"send_rate","rate":304000,"ts":1760456271.7393658}
2025/10/14 15:37:52 POLARIS_LOG {"event":"send_rate","rate":296000,"ts":1760456272.7394574}
2025/10/14 15:37:53 POLARIS_LOG {"event":"send_rate","rate":304000,"ts":1760456273.7403052}
2025/10/14 15:37:54 POLARIS_LOG {"event":"send_rate","rate":296000,"ts":1760456274.7409668}
2025/10/14 15:37:55 POLARIS_LOG {"event":"send_rate","rate":304000,"ts":1760456275.7394624}
2025/10/14 15:37:56 POLARIS_LOG {"event":"send_rate","rate":296000,"ts":1760456276.7401478}
2025/10/14 15:37:57 POLARIS_LOG {"event":"send_rate","rate":304000,"ts":1760456277.7399778}
2025/10/14 15:37:58 POLARIS_LOG {"event":"send_rate","rate":304000,"ts":1760456278.7583153}
2025/10/14 15:37:59 POLARIS_LOG {"event":"send_rate","rate":296000,"ts":1760456279.7758605}
2025/10/14 15:38:00 POLARIS_LOG {"event":"send_rate","rate":296000,"ts":1760456280.7397454}
2025/10/14 15:38:01 POLARIS_LOG {"event":"send_rate","rate":304000,"ts":1760456281.7399244}
2025/10/14 15:38:02 POLARIS_LOG {"event":"send_rate","rate":296000,"ts":1760456282.7412457}
2025/10/14 15:38:03 POLARIS_LOG {"event":"send_rate","rate":304000,"ts":1760456283.7501588}
2025/10/14 15:38:04 POLARIS_LOG {"event":"send_rate","rate":296000,"ts":1760456284.7433476}
2025/10/14 15:38:05 POLARIS_LOG {"event":"send_rate","rate":304000,"ts":1760456285.7396073}
2025/10/14 15:38:06 POLARIS_LOG {"event":"send_rate","rate":296000,"ts":1760456286.7423005}
2025/10/14 15:38:07 POLARIS_LOG {"event":"send_rate","rate":304000,"ts":1760456287.7496743}
2025/10/14 15:38:08 POLARIS_LOG {"event":"send_rate","rate":296000,"ts":1760456288.7397733}
2025/10/14 15:38:09 POLARIS_LOG {"event":"send_rate","rate":304000,"ts":1760456289.7400024}
2025/10/14 15:38:10 POLARIS_LOG {"event":"send_rate","rate":296000,"ts":1760456290.7438653}
2025/10/14 15:38:11 POLARIS_LOG {"event":"send_rate","rate":304000,"ts":1760456291.7473202}
2025/10/14 15:38:12 POLARIS_LOG {"event":"send_rate","rate":296000,"ts":1760456292.777957}
2025/10/14 15:38:13 POLARIS_LOG {"event":"send_rate","rate":304000,"ts":1760456293.74003}
2025/10/14 15:38:14 POLARIS_LOG {"event":"send_rate","rate":296000,"ts":1760456294.7399452}
2025/10/14 15:38:15 POLARIS_LOG {"event":"send_rate","rate":304000,"ts":1760456295.740266}
2025/10/14 15:38:16 POLARIS_LOG {"event":"send_rate","rate":296000,"ts":1760456296.7460809}
2025/10/14 15:38:17 POLARIS_LOG {"event":"send_rate","rate":304000,"ts":1760456297.7416396}
2025/10/14 15:38:18 POLARIS_LOG {"event":"send_rate","rate":296000,"ts":1760456298.7427256}
2025/10/14 15:38:19 POLARIS_LOG {"event":"send_rate","rate":304000,"ts":1760456299.7405806}
2025/10/14 15:38:20 POLARIS_LOG {"event":"send_rate","rate":296000,"ts":1760456300.740869}
2025/10/14 15:38:21 POLARIS_LOG {"event":"send_rate","rate":296000,"ts":1760456301.7450378}
2025/10/14 15:38:22 POLARIS_LOG {"event":"send_rate","rate":304000,"ts":1760456302.7418299}
2025/10/14 15:38:23 POLARIS_LOG {"event":"send_rate","rate":304000,"ts":1760456303.7482374}
2025/10/14 15:38:24 POLARIS_LOG {"event":"send_rate","rate":296000,"ts":1760456304.7440147}
2025/10/14 15:38:25 POLARIS_LOG {"event":"send_rate","rate":304000,"ts":1760456305.7396388}
2025/10/14 15:38:26 POLARIS_LOG {"event":"send_rate","rate":296000,"ts":1760456306.743259}
2025/10/14 15:38:27 POLARIS_LOG {"event":"send_rate","rate":304000,"ts":1760456307.74035}
2025/10/14 15:38:28 POLARIS_LOG {"event":"send_rate","rate":296000,"ts":1760456308.7409792}
2025/10/14 15:38:29 POLARIS_LOG {"event":"send_rate","rate":304000,"ts":1760456309.743283}
2025/10/14 15:38:30 POLARIS_LOG {"event":"send_rate","rate":296000,"ts":1760456310.7395442}
2025/10/14 15:38:31 POLARIS_LOG {"event":"send_rate","rate":312000,"ts":1760456311.7649117}
2025/10/14 15:38:32 POLARIS_LOG {"event":"send_rate","rate":288000,"ts":1760456312.747399}
2025/10/14 15:38:33 POLARIS_LOG {"event":"send_rate","rate":304000,"ts":1760456313.739421}
2025/10/14 15:38:34 POLARIS_LOG {"event":"send_rate","rate":296000,"ts":1760456314.7398489}
2025/10/14 15:38:35 POLARIS_LOG {"event":"send_rate","rate":296000,"ts":1760456315.7452438}
2025/10/14 15:38:36 POLARIS_LOG {"event":"send_rate","rate":304000,"ts":1760456316.740982}
2025/10/14 15:38:37 POLARIS_LOG {"event":"send_rate","rate":304000,"ts":1760456317.7421832}
2025/10/14 15:38:38 POLARIS_LOG {"event":"send_rate","rate":296000,"ts":1760456318.7402833}
2025/10/14 15:38:39 POLARIS_LOG {"event":"send_rate","rate":304000,"ts":1760456319.7399058}
2025/10/14 15:38:40 POLARIS_LOG {"event":"send_rate","rate":296000,"ts":1760456320.7420206}
2025/10/14 15:38:41 POLARIS_LOG {"event":"send_rate","rate":304000,"ts":1760456321.7401488}
2025/10/14 15:38:42 POLARIS_LOG {"event":"send_rate","rate":296000,"ts":1760456322.7445245}
2025/10/14 15:38:43 POLARIS_LOG {"event":"send_rate","rate":304000,"ts":1760456323.757271}
2025/10/14 15:38:44 POLARIS_LOG {"event":"send_rate","rate":296000,"ts":1760456324.7399771}
2025/10/14 15:38:45 POLARIS_LOG {"event":"send_rate","rate":296000,"ts":1760456325.7417698}
2025/10/14 15:38:46 POLARIS_LOG {"event":"send_rate","rate":304000,"ts":1760456326.7425294}
2025/10/14 15:38:47 POLARIS_LOG {"event":"send_rate","rate":296000,"ts":1760456327.7394044}
2025/10/14 15:38:48 POLARIS_LOG {"event":"send_rate","rate":304000,"ts":1760456328.739942}
2025/10/14 15:38:49 POLARIS_LOG {"event":"send_rate","rate":304000,"ts":1760456329.753022}
2025/10/14 15:38:50 POLARIS_LOG {"event":"send_rate","rate":296000,"ts":1760456330.7416215}
2025/10/14 15:38:51 POLARIS_LOG {"event":"send_rate","rate":296000,"ts":1760456331.7397032}
2025/10/14 15:38:52 POLARIS_LOG {"event":"send_rate","rate":304000,"ts":1760456332.740009}
2025/10/14 15:38:53 POLARIS_LOG {"event":"send_rate","rate":296000,"ts":1760456333.739883}
2025/10/14 15:38:54 POLARIS_LOG {"event":"send_rate","rate":304000,"ts":1760456334.7399693}
2025/10/14 15:38:55 POLARIS_LOG {"event":"send_rate","rate":296000,"ts":1760456335.7393641}
2025/10/14 15:38:56 POLARIS_LOG {"event":"send_rate","rate":304000,"ts":1760456336.747609}
2025/10/14 15:38:57 POLARIS_LOG {"event":"send_rate","rate":296000,"ts":1760456337.7495787}
2025/10/14 15:38:58 POLARIS_LOG {"event":"send_rate","rate":304000,"ts":1760456338.7439563}
2025/10/14 15:38:59 POLARIS_LOG {"event":"send_rate","rate":296000,"ts":1760456339.7405698}
2025/10/14 15:39:00 POLARIS_LOG {"event":"send_rate","rate":304000,"ts":1760456340.74106}
2025/10/14 15:39:01 POLARIS_LOG {"event":"send_rate","rate":304000,"ts":1760456341.748725}
2025/10/14 15:39:02 POLARIS_LOG {"event":"send_rate","rate":296000,"ts":1760456342.7641053}
2025/10/14 15:39:03 POLARIS_LOG {"event":"send_rate","rate":296000,"ts":1760456343.7403564}
2025/10/14 15:39:04 POLARIS_LOG {"event":"send_rate","rate":304000,"ts":1760456344.7403836}
2025/10/14 15:39:05 POLARIS_LOG {"event":"send_rate","rate":304000,"ts":1760456345.7627556}
2025/10/14 15:39:06 POLARIS_LOG {"event":"send_rate","rate":296000,"ts":1760456346.7405322}
2025/10/14 15:39:07 POLARIS_LOG {"event":"send_rate","rate":296000,"ts":1760456347.739901}
2025/10/14 15:39:08 POLARIS_LOG {"event":"send_rate","rate":304000,"ts":1760456348.7427735}
2025/10/14 15:39:09 POLARIS_LOG {"event":"send_rate","rate":296000,"ts":1760456349.7399266}
2025/10/14 15:39:10 POLARIS_LOG {"event":"send_rate","rate":304000,"ts":1760456350.7539182}
2025/10/14 15:39:11 POLARIS_LOG {"event":"send_rate","rate":304000,"ts":1760456351.7507963}
2025/10/14 15:39:12 POLARIS_LOG {"event":"send_rate","rate":296000,"ts":1760456352.7399442}
2025/10/14 15:39:13 POLARIS_LOG {"event":"send_rate","rate":296000,"ts":1760456353.7401166}
2025/10/14 15:39:14 POLARIS_LOG {"event":"send_rate","rate":304000,"ts":1760456354.7403638}
2025/10/14 15:39:15 POLARIS_LOG {"event":"send_rate","rate":296000,"ts":1760456355.7396202}
2025/10/14 15:39:16 POLARIS_LOG {"event":"send_rate","rate":304000,"ts":1760456356.7401588}
2025/10/14 15:39:17 POLARIS_LOG {"event":"send_rate","rate":296000,"ts":1760456357.741212}
2025/10/14 15:39:18 POLARIS_LOG {"event":"send_rate","rate":304000,"ts":1760456358.7398663}
2025/10/14 15:39:19 POLARIS_LOG {"event":"send_rate","rate":304000,"ts":1760456359.7434354}
2025/10/14 15:39:20 POLARIS_LOG {"event":"send_rate","rate":296000,"ts":1760456360.747762}
2025/10/14 15:39:21 POLARIS_LOG {"event":"send_rate","rate":304000,"ts":1760456361.760009}
2025/10/14 15:39:22 POLARIS_LOG {"event":"send_rate","rate":296000,"ts":1760456362.7411113}
2025/10/14 15:39:23 POLARIS_LOG {"event":"send_rate","rate":312000,"ts":1760456363.7822227}
2025/10/14 15:39:24 POLARIS_LOG {"event":"send_rate","rate":288000,"ts":1760456364.7417736}
2025/10/14 15:39:25 POLARIS_LOG {"event":"send_rate","rate":296000,"ts":1760456365.7401805}
2025/10/14 15:39:26 POLARIS_LOG {"event":"send_rate","rate":304000,"ts":1760456366.7515461}
2025/10/14 15:39:27 POLARIS_LOG {"event":"send_rate","rate":304000,"ts":1760456367.8176658}
2025/10/14 15:39:28 POLARIS_LOG {"event":"send_rate","rate":296000,"ts":1760456368.7396038}
2025/10/14 15:39:29 POLARIS_LOG {"event":"send_rate","rate":296000,"ts":1760456369.740008}
2025/10/14 15:39:30 POLARIS_LOG {"event":"send_rate","rate":304000,"ts":1760456370.742201}
2025/10/14 15:39:31 POLARIS_LOG {"event":"send_rate","rate":296000,"ts":1760456371.7421043}
We need to sleep for 1 seconds before we can get the results
Drain Loop received packet
Drain Loop received non-nil payload
Client sent 9450 packets, server reported 9440 packets received
The network loss rate from client to server is 0.1%

S->C results
Attempted bandwidth: 0 bps / 0.00 Mbps
Achieved bandwidth: 0 bps / 0.00 Mbps
Loss rate: 0.0%
Interarrival time min/avg/max/mdev = -0.000/0.000/0.000/0.000 ms

C->S results
Attempted bandwidth: 300000 bps / 0.30 Mbps
Achieved bandwidth: 299682 bps / 0.30 Mbps
Loss rate: 0.1%
Interarrival time min/avg/max/mdev = 0.002/26.662/433.480/20.170 ms
