
Test parameters:
client->server: 297 seconds, 1000 bytes, 11137 packets
server->client: 297 seconds, 1000 bytes, 0 packets
2025/10/14 15:34:33 POLARIS_LOG {"current_rate":0,"event":"path_switch","new":"2 2 5 2","trigger":"initialization","ts":1760456073.3897192}
Polaris prober initialized with 38 paths
Polaris prober initialized with local 1-111,10.111.0.71:32761 and remote 1-113,10.113.0.71
2025/10/14 15:34:34 POLARIS_LOG {"event":"send_rate","rate":304000,"ts":1760456074.3907914}
2025/10/14 15:34:35 POLARIS_LOG {"event":"send_rate","rate":296000,"ts":1760456075.3902383}
2025/10/14 15:34:36 POLARIS_LOG {"event":"send_rate","rate":304000,"ts":1760456076.391076}
2025/10/14 15:34:37 POLARIS_LOG {"event":"send_rate","rate":296000,"ts":1760456077.3901472}
2025/10/14 15:34:38 POLARIS_LOG {"event":"send_rate","rate":304000,"ts":1760456078.390108}
2025/10/14 15:34:39 POLARIS_LOG {"event":"send_rate","rate":296000,"ts":1760456079.3913777}
2025/10/14 15:34:40 POLARIS_LOG {"event":"send_rate","rate":304000,"ts":1760456080.3907819}
2025/10/14 15:34:41 POLARIS_LOG {"event":"send_rate","rate":296000,"ts":1760456081.3947685}
2025/10/14 15:34:42 POLARIS_LOG {"event":"send_rate","rate":304000,"ts":1760456082.3908107}
2025/10/14 15:34:43 POLARIS_LOG {"event":"send_rate","rate":296000,"ts":1760456083.39513}
2025/10/14 15:34:44 POLARIS_LOG {"event":"send_rate","rate":304000,"ts":1760456084.391841}
2025/10/14 15:34:45 POLARIS_LOG {"event":"send_rate","rate":296000,"ts":1760456085.390472}
2025/10/14 15:34:46 POLARIS_LOG {"event":"send_rate","rate":304000,"ts":1760456086.397131}
2025/10/14 15:34:47 POLARIS_LOG {"event":"send_rate","rate":296000,"ts":1760456087.3904731}
2025/10/14 15:34:48 POLARIS_LOG {"event":"send_rate","rate":304000,"ts":1760456088.3976023}
2025/10/14 15:34:49 POLARIS_LOG {"event":"send_rate","rate":296000,"ts":1760456089.391256}
2025/10/14 15:34:50 POLARIS_LOG {"event":"send_rate","rate":304000,"ts":1760456090.3903077}
2025/10/14 15:34:51 POLARIS_LOG {"event":"send_rate","rate":296000,"ts":1760456091.3905723}
2025/10/14 15:34:52 POLARIS_LOG {"event":"send_rate","rate":304000,"ts":1760456092.3931413}
2025/10/14 15:34:53 POLARIS_LOG {"event":"send_rate","rate":296000,"ts":1760456093.3909848}
2025/10/14 15:34:54 POLARIS_LOG {"event":"send_rate","rate":304000,"ts":1760456094.4077094}
2025/10/14 15:34:55 POLARIS_LOG {"event":"send_rate","rate":296000,"ts":1760456095.3909342}
2025/10/14 15:34:56 POLARIS_LOG {"event":"send_rate","rate":304000,"ts":1760456096.3908403}
2025/10/14 15:34:57 POLARIS_LOG {"event":"send_rate","rate":296000,"ts":1760456097.392191}
2025/10/14 15:34:58 POLARIS_LOG {"event":"send_rate","rate":304000,"ts":1760456098.3918498}
2025/10/14 15:34:59 POLARIS_LOG {"event":"send_rate","rate":304000,"ts":1760456099.4196496}
2025/10/14 15:35:00 POLARIS_LOG {"event":"send_rate","rate":296000,"ts":1760456100.391664}
2025/10/14 15:35:01 POLARIS_LOG {"event":"send_rate","rate":160000,"ts":1760456101.3900878}
2025/10/14 15:35:02 POLARIS_LOG {"event":"send_rate","rate":224000,"ts":1760456102.3946843}
2025/10/14 15:35:03 POLARIS_LOG {"candidates":10,"candidates_unfiltered":25,"current_rate":224000,"estimated_share":2000000,"event":"path_switch","max_estimated_share":2000000,"new":"5 5 6 6 4 1","old":"2 2 5 2","trigger":"scheduled","ts":1760456103.390622}
2025/10/14 15:35:03 POLARIS_LOG {"event":"send_rate","rate":96000,"ts":1760456103.391179}
2025/10/14 15:35:04 POLARIS_LOG {"event":"send_rate","rate":720000,"ts":1760456104.3944285}
2025/10/14 15:35:05 POLARIS_LOG {"event":"send_rate","rate":296000,"ts":1760456105.390356}
2025/10/14 15:35:06 POLARIS_LOG {"event":"send_rate","rate":304000,"ts":1760456106.3914955}
2025/10/14 15:35:07 POLARIS_LOG {"event":"send_rate","rate":296000,"ts":1760456107.3901343}
2025/10/14 15:35:08 POLARIS_LOG {"event":"send_rate","rate":304000,"ts":1760456108.415318}
2025/10/14 15:35:09 POLARIS_LOG {"event":"send_rate","rate":296000,"ts":1760456109.3941512}
2025/10/14 15:35:10 POLARIS_LOG {"event":"send_rate","rate":304000,"ts":1760456110.3907938}
2025/10/14 15:35:11 POLARIS_LOG {"event":"send_rate","rate":304000,"ts":1760456111.4099162}
2025/10/14 15:35:12 POLARIS_LOG {"event":"send_rate","rate":296000,"ts":1760456112.3903327}
2025/10/14 15:35:13 POLARIS_LOG {"event":"send_rate","rate":296000,"ts":1760456113.3970942}
2025/10/14 15:35:14 POLARIS_LOG {"event":"send_rate","rate":296000,"ts":1760456114.3935966}
2025/10/14 15:35:15 POLARIS_LOG {"event":"send_rate","rate":304000,"ts":1760456115.3907852}
2025/10/14 15:35:16 POLARIS_LOG {"event":"send_rate","rate":296000,"ts":1760456116.3912644}
2025/10/14 15:35:17 POLARIS_LOG {"event":"send_rate","rate":304000,"ts":1760456117.3912015}
2025/10/14 15:35:18 POLARIS_LOG {"event":"send_rate","rate":312000,"ts":1760456118.425368}
2025/10/14 15:35:19 POLARIS_LOG {"event":"send_rate","rate":288000,"ts":1760456119.3996425}
2025/10/14 15:35:20 POLARIS_LOG {"event":"send_rate","rate":304000,"ts":1760456120.3913398}
2025/10/14 15:35:21 POLARIS_LOG {"event":"send_rate","rate":296000,"ts":1760456121.3908918}
2025/10/14 15:35:22 POLARIS_LOG {"event":"send_rate","rate":296000,"ts":1760456122.3908308}
2025/10/14 15:35:23 POLARIS_LOG {"event":"send_rate","rate":304000,"ts":1760456123.3911185}
2025/10/14 15:35:24 POLARIS_LOG {"event":"send_rate","rate":296000,"ts":1760456124.3976452}
2025/10/14 15:35:25 POLARIS_LOG {"event":"send_rate","rate":304000,"ts":1760456125.3908503}
2025/10/14 15:35:26 POLARIS_LOG {"event":"send_rate","rate":296000,"ts":1760456126.3903697}
2025/10/14 15:35:27 POLARIS_LOG {"event":"send_rate","rate":304000,"ts":1760456127.394559}
2025/10/14 15:35:28 POLARIS_LOG {"event":"send_rate","rate":304000,"ts":1760456128.3931773}
2025/10/14 15:35:29 POLARIS_LOG {"event":"send_rate","rate":296000,"ts":1760456129.4042304}
2025/10/14 15:35:30 POLARIS_LOG {"event":"send_rate","rate":304000,"ts":1760456130.399523}
2025/10/14 15:35:31 POLARIS_LOG {"event":"send_rate","rate":296000,"ts":1760456131.3992918}
2025/10/14 15:35:32 POLARIS_LOG {"event":"send_rate","rate":296000,"ts":1760456132.3902118}
2025/10/14 15:35:33 POLARIS_LOG {"event":"send_rate","rate":304000,"ts":1760456133.3920455}
2025/10/14 15:35:34 POLARIS_LOG {"event":"send_rate","rate":304000,"ts":1760456134.392245}
2025/10/14 15:35:35 POLARIS_LOG {"event":"send_rate","rate":296000,"ts":1760456135.3910666}
2025/10/14 15:35:36 POLARIS_LOG {"event":"send_rate","rate":296000,"ts":1760456136.391417}
2025/10/14 15:35:37 POLARIS_LOG {"event":"send_rate","rate":304000,"ts":1760456137.4023874}
2025/10/14 15:35:38 POLARIS_LOG {"event":"send_rate","rate":296000,"ts":1760456138.3904912}
2025/10/14 15:35:39 POLARIS_LOG {"event":"send_rate","rate":304000,"ts":1760456139.401615}
2025/10/14 15:35:40 POLARIS_LOG {"event":"send_rate","rate":304000,"ts":1760456140.3990822}
2025/10/14 15:35:41 POLARIS_LOG {"event":"send_rate","rate":296000,"ts":1760456141.3907225}
2025/10/14 15:35:42 POLARIS_LOG {"event":"send_rate","rate":296000,"ts":1760456142.390552}
2025/10/14 15:35:43 POLARIS_LOG {"event":"send_rate","rate":304000,"ts":1760456143.3916116}
2025/10/14 15:35:44 POLARIS_LOG {"event":"send_rate","rate":296000,"ts":1760456144.3916488}
2025/10/14 15:35:45 POLARIS_LOG {"event":"send_rate","rate":304000,"ts":1760456145.393501}
2025/10/14 15:35:46 POLARIS_LOG {"event":"send_rate","rate":296000,"ts":1760456146.390386}
2025/10/14 15:35:47 POLARIS_LOG {"event":"send_rate","rate":304000,"ts":1760456147.3928852}
2025/10/14 15:35:48 POLARIS_LOG {"event":"send_rate","rate":296000,"ts":1760456148.390693}
2025/10/14 15:35:49 POLARIS_LOG {"event":"send_rate","rate":304000,"ts":1760456149.3911788}
2025/10/14 15:35:50 POLARIS_LOG {"event":"send_rate","rate":296000,"ts":1760456150.3968248}
2025/10/14 15:35:51 POLARIS_LOG {"event":"send_rate","rate":304000,"ts":1760456151.3913054}
2025/10/14 15:35:52 POLARIS_LOG {"event":"send_rate","rate":304000,"ts":1760456152.3943634}
2025/10/14 15:35:53 POLARIS_LOG {"event":"send_rate","rate":296000,"ts":1760456153.3959634}
2025/10/14 15:35:54 POLARIS_LOG {"event":"send_rate","rate":296000,"ts":1760456154.3923576}
2025/10/14 15:35:55 POLARIS_LOG {"event":"send_rate","rate":304000,"ts":1760456155.3908768}
2025/10/14 15:35:56 POLARIS_LOG {"event":"send_rate","rate":296000,"ts":1760456156.3999448}
2025/10/14 15:35:57 POLARIS_LOG {"event":"send_rate","rate":304000,"ts":1760456157.3946662}
2025/10/14 15:35:58 POLARIS_LOG {"event":"send_rate","rate":296000,"ts":1760456158.3910298}
2025/10/14 15:35:59 POLARIS_LOG {"event":"send_rate","rate":304000,"ts":1760456159.3921528}
2025/10/14 15:36:00 POLARIS_LOG {"event":"send_rate","rate":296000,"ts":1760456160.4032764}
2025/10/14 15:36:01 POLARIS_LOG {"event":"send_rate","rate":304000,"ts":1760456161.3907697}
2025/10/14 15:36:02 POLARIS_LOG {"event":"send_rate","rate":296000,"ts":1760456162.3932872}
2025/10/14 15:36:03 POLARIS_LOG {"event":"send_rate","rate":304000,"ts":1760456163.4005404}
2025/10/14 15:36:04 POLARIS_LOG {"event":"send_rate","rate":296000,"ts":1760456164.3902805}
2025/10/14 15:36:05 POLARIS_LOG {"event":"send_rate","rate":304000,"ts":1760456165.3909028}
2025/10/14 15:36:06 POLARIS_LOG {"event":"send_rate","rate":296000,"ts":1760456166.3916335}
2025/10/14 15:36:07 POLARIS_LOG {"event":"send_rate","rate":304000,"ts":1760456167.3920457}
2025/10/14 15:36:08 POLARIS_LOG {"event":"send_rate","rate":296000,"ts":1760456168.3907635}
2025/10/14 15:36:09 POLARIS_LOG {"event":"send_rate","rate":304000,"ts":1760456169.392035}
2025/10/14 15:36:10 POLARIS_LOG {"event":"send_rate","rate":304000,"ts":1760456170.398973}
2025/10/14 15:36:11 POLARIS_LOG {"event":"send_rate","rate":296000,"ts":1760456171.393804}
2025/10/14 15:36:12 POLARIS_LOG {"event":"send_rate","rate":296000,"ts":1760456172.3911383}
2025/10/14 15:36:13 POLARIS_LOG {"event":"send_rate","rate":304000,"ts":1760456173.3912506}
2025/10/14 15:36:14 POLARIS_LOG {"event":"send_rate","rate":296000,"ts":1760456174.3908703}
2025/10/14 15:36:15 POLARIS_LOG {"event":"send_rate","rate":304000,"ts":1760456175.391816}
2025/10/14 15:36:16 POLARIS_LOG {"event":"send_rate","rate":296000,"ts":1760456176.390266}
2025/10/14 15:36:17 POLARIS_LOG {"event":"send_rate","rate":304000,"ts":1760456177.3915}
2025/10/14 15:36:18 POLARIS_LOG {"event":"send_rate","rate":296000,"ts":1760456178.3940597}
2025/10/14 15:36:19 POLARIS_LOG {"event":"send_rate","rate":304000,"ts":1760456179.4052136}
2025/10/14 15:36:20 POLARIS_LOG {"event":"send_rate","rate":296000,"ts":1760456180.3917255}
2025/10/14 15:36:21 POLARIS_LOG {"event":"send_rate","rate":304000,"ts":1760456181.3928244}
2025/10/14 15:36:22 POLARIS_LOG {"event":"send_rate","rate":296000,"ts":1760456182.390039}
2025/10/14 15:36:23 POLARIS_LOG {"event":"send_rate","rate":304000,"ts":1760456183.393335}
2025/10/14 15:36:24 POLARIS_LOG {"event":"send_rate","rate":296000,"ts":1760456184.4039438}
2025/10/14 15:36:25 POLARIS_LOG {"event":"send_rate","rate":304000,"ts":1760456185.3929377}
2025/10/14 15:36:26 POLARIS_LOG {"event":"send_rate","rate":296000,"ts":1760456186.3973625}
2025/10/14 15:36:27 POLARIS_LOG {"event":"send_rate","rate":304000,"ts":1760456187.390749}
2025/10/14 15:36:28 POLARIS_LOG {"event":"send_rate","rate":296000,"ts":1760456188.3913825}
2025/10/14 15:36:29 POLARIS_LOG {"event":"send_rate","rate":304000,"ts":1760456189.3916912}
2025/10/14 15:36:30 POLARIS_LOG {"event":"send_rate","rate":296000,"ts":1760456190.3921518}
2025/10/14 15:36:31 POLARIS_LOG {"event":"send_rate","rate":304000,"ts":1760456191.393302}
2025/10/14 15:36:32 POLARIS_LOG {"event":"send_rate","rate":296000,"ts":1760456192.3915586}
2025/10/14 15:36:33 POLARIS_LOG {"event":"send_rate","rate":304000,"ts":1760456193.3908176}
2025/10/14 15:36:34 POLARIS_LOG {"event":"send_rate","rate":296000,"ts":1760456194.3908849}
2025/10/14 15:36:35 POLARIS_LOG {"event":"send_rate","rate":304000,"ts":1760456195.394987}
2025/10/14 15:36:36 POLARIS_LOG {"event":"send_rate","rate":296000,"ts":1760456196.3912039}
2025/10/14 15:36:37 POLARIS_LOG {"event":"send_rate","rate":304000,"ts":1760456197.3909936}
2025/10/14 15:36:38 POLARIS_LOG {"event":"send_rate","rate":296000,"ts":1760456198.3917317}
2025/10/14 15:36:39 POLARIS_LOG {"event":"send_rate","rate":296000,"ts":1760456199.3900828}
2025/10/14 15:36:40 POLARIS_LOG {"event":"send_rate","rate":304000,"ts":1760456200.3966308}
2025/10/14 15:36:41 POLARIS_LOG {"event":"send_rate","rate":304000,"ts":1760456201.3976514}
2025/10/14 15:36:42 POLARIS_LOG {"event":"send_rate","rate":296000,"ts":1760456202.3912783}
2025/10/14 15:36:43 POLARIS_LOG {"event":"send_rate","rate":304000,"ts":1760456203.3928943}
2025/10/14 15:36:44 POLARIS_LOG {"event":"send_rate","rate":296000,"ts":1760456204.4003143}
2025/10/14 15:36:45 POLARIS_LOG {"event":"send_rate","rate":304000,"ts":1760456205.393645}
2025/10/14 15:36:46 POLARIS_LOG {"event":"send_rate","rate":304000,"ts":1760456206.4069574}
2025/10/14 15:36:47 POLARIS_LOG {"event":"send_rate","rate":288000,"ts":1760456207.3969684}
2025/10/14 15:36:48 POLARIS_LOG {"event":"send_rate","rate":304000,"ts":1760456208.3900251}
2025/10/14 15:36:49 POLARIS_LOG {"event":"send_rate","rate":304000,"ts":1760456209.3922043}
2025/10/14 15:36:50 POLARIS_LOG {"event":"send_rate","rate":296000,"ts":1760456210.391454}
2025/10/14 15:36:51 POLARIS_LOG {"event":"send_rate","rate":296000,"ts":1760456211.3966177}
2025/10/14 15:36:52 POLARIS_LOG {"event":"send_rate","rate":304000,"ts":1760456212.3900867}
2025/10/14 15:36:53 POLARIS_LOG {"event":"send_rate","rate":296000,"ts":1760456213.395092}
2025/10/14 15:36:54 POLARIS_LOG {"event":"send_rate","rate":304000,"ts":1760456214.395595}
2025/10/14 15:36:55 POLARIS_LOG {"event":"send_rate","rate":304000,"ts":1760456215.3911912}
2025/10/14 15:36:56 POLARIS_LOG {"event":"send_rate","rate":296000,"ts":1760456216.3906162}
2025/10/14 15:36:57 POLARIS_LOG {"event":"send_rate","rate":304000,"ts":1760456217.392605}
2025/10/14 15:36:58 POLARIS_LOG {"event":"send_rate","rate":296000,"ts":1760456218.3903246}
2025/10/14 15:36:59 POLARIS_LOG {"event":"send_rate","rate":304000,"ts":1760456219.3976827}
2025/10/14 15:37:00 POLARIS_LOG {"event":"send_rate","rate":296000,"ts":1760456220.390914}
2025/10/14 15:37:01 POLARIS_LOG {"event":"send_rate","rate":304000,"ts":1760456221.3930783}
2025/10/14 15:37:02 POLARIS_LOG {"event":"send_rate","rate":296000,"ts":1760456222.3905377}
2025/10/14 15:37:03 POLARIS_LOG {"event":"send_rate","rate":304000,"ts":1760456223.391994}
2025/10/14 15:37:04 POLARIS_LOG {"event":"send_rate","rate":296000,"ts":1760456224.3900514}
2025/10/14 15:37:05 POLARIS_LOG {"event":"send_rate","rate":304000,"ts":1760456225.3927727}
2025/10/14 15:37:06 POLARIS_LOG {"event":"send_rate","rate":296000,"ts":1760456226.3962126}
2025/10/14 15:37:07 POLARIS_LOG {"event":"send_rate","rate":296000,"ts":1760456227.3907382}
2025/10/14 15:37:08 POLARIS_LOG {"event":"send_rate","rate":304000,"ts":1760456228.3902192}
2025/10/14 15:37:09 POLARIS_LOG {"event":"send_rate","rate":304000,"ts":1760456229.3971226}
2025/10/14 15:37:10 POLARIS_LOG {"event":"send_rate","rate":296000,"ts":1760456230.3906105}
2025/10/14 15:37:11 POLARIS_LOG {"event":"send_rate","rate":296000,"ts":1760456231.3936613}
2025/10/14 15:37:12 POLARIS_LOG {"event":"send_rate","rate":304000,"ts":1760456232.3915002}
2025/10/14 15:37:13 POLARIS_LOG {"event":"send_rate","rate":304000,"ts":1760456233.399589}
2025/10/14 15:37:14 POLARIS_LOG {"event":"send_rate","rate":296000,"ts":1760456234.402297}
2025/10/14 15:37:15 POLARIS_LOG {"event":"send_rate","rate":296000,"ts":1760456235.3901594}
2025/10/14 15:37:16 POLARIS_LOG {"event":"send_rate","rate":304000,"ts":1760456236.3908048}
2025/10/14 15:37:17 POLARIS_LOG {"event":"send_rate","rate":296000,"ts":1760456237.3902495}
2025/10/14 15:37:18 POLARIS_LOG {"event":"send_rate","rate":304000,"ts":1760456238.3942342}
2025/10/14 15:37:19 POLARIS_LOG {"event":"send_rate","rate":296000,"ts":1760456239.3973851}
2025/10/14 15:37:20 POLARIS_LOG {"event":"send_rate","rate":304000,"ts":1760456240.3925364}
2025/10/14 15:37:21 POLARIS_LOG {"event":"send_rate","rate":296000,"ts":1760456241.3908603}
2025/10/14 15:37:22 POLARIS_LOG {"event":"send_rate","rate":304000,"ts":1760456242.3909247}
2025/10/14 15:37:23 POLARIS_LOG {"event":"send_rate","rate":304000,"ts":1760456243.3958766}
2025/10/14 15:37:24 POLARIS_LOG {"event":"send_rate","rate":296000,"ts":1760456244.3903003}
2025/10/14 15:37:25 POLARIS_LOG {"event":"send_rate","rate":304000,"ts":1760456245.4079387}
2025/10/14 15:37:26 POLARIS_LOG {"event":"send_rate","rate":296000,"ts":1760456246.3913975}
2025/10/14 15:37:27 POLARIS_LOG {"event":"send_rate","rate":304000,"ts":1760456247.3958151}
2025/10/14 15:37:28 POLARIS_LOG {"event":"send_rate","rate":296000,"ts":1760456248.3920217}
2025/10/14 15:37:29 POLARIS_LOG {"event":"send_rate","rate":296000,"ts":1760456249.3911464}
2025/10/14 15:37:30 POLARIS_LOG {"event":"send_rate","rate":304000,"ts":1760456250.3952963}
2025/10/14 15:37:31 POLARIS_LOG {"event":"send_rate","rate":296000,"ts":1760456251.390786}
2025/10/14 15:37:32 POLARIS_LOG {"event":"send_rate","rate":304000,"ts":1760456252.3964937}
2025/10/14 15:37:33 POLARIS_LOG {"event":"send_rate","rate":296000,"ts":1760456253.3927326}
2025/10/14 15:37:34 POLARIS_LOG {"event":"send_rate","rate":304000,"ts":1760456254.3912594}
2025/10/14 15:37:35 POLARIS_LOG {"event":"send_rate","rate":296000,"ts":1760456255.3900454}
2025/10/14 15:37:36 POLARIS_LOG {"event":"send_rate","rate":304000,"ts":1760456256.390465}
2025/10/14 15:37:37 POLARIS_LOG {"event":"send_rate","rate":296000,"ts":1760456257.39252}
2025/10/14 15:37:38 POLARIS_LOG {"event":"send_rate","rate":304000,"ts":1760456258.3931983}
2025/10/14 15:37:39 POLARIS_LOG {"event":"send_rate","rate":296000,"ts":1760456259.3909905}
2025/10/14 15:37:40 POLARIS_LOG {"event":"send_rate","rate":304000,"ts":1760456260.3941479}
2025/10/14 15:37:41 POLARIS_LOG {"event":"send_rate","rate":304000,"ts":1760456261.3960834}
2025/10/14 15:37:42 POLARIS_LOG {"event":"send_rate","rate":296000,"ts":1760456262.4016807}
2025/10/14 15:37:43 POLARIS_LOG {"event":"send_rate","rate":296000,"ts":1760456263.3912203}
2025/10/14 15:37:44 POLARIS_LOG {"event":"send_rate","rate":304000,"ts":1760456264.3916106}
2025/10/14 15:37:45 POLARIS_LOG {"event":"send_rate","rate":296000,"ts":1760456265.3909335}
2025/10/14 15:37:46 POLARIS_LOG {"event":"send_rate","rate":304000,"ts":1760456266.3912663}
2025/10/14 15:37:47 POLARIS_LOG {"event":"send_rate","rate":296000,"ts":1760456267.3909116}
2025/10/14 15:37:48 POLARIS_LOG {"event":"send_rate","rate":304000,"ts":1760456268.3954973}
2025/10/14 15:37:49 POLARIS_LOG {"event":"send_rate","rate":304000,"ts":1760456269.39647}
2025/10/14 15:37:50 POLARIS_LOG {"event":"send_rate","rate":296000,"ts":1760456270.392736}
2025/10/14 15:37:51 POLARIS_LOG {"event":"send_rate","rate":296000,"ts":1760456271.3961642}
2025/10/14 15:37:52 POLARIS_LOG {"event":"send_rate","rate":304000,"ts":1760456272.391553}
2025/10/14 15:37:53 POLARIS_LOG {"event":"send_rate","rate":296000,"ts":1760456273.391791}
2025/10/14 15:37:54 POLARIS_LOG {"event":"send_rate","rate":304000,"ts":1760456274.3919263}
2025/10/14 15:37:55 POLARIS_LOG {"event":"send_rate","rate":296000,"ts":1760456275.3907347}
2025/10/14 15:37:56 POLARIS_LOG {"event":"send_rate","rate":304000,"ts":1760456276.3928072}
2025/10/14 15:37:57 POLARIS_LOG {"event":"send_rate","rate":296000,"ts":1760456277.3908975}
2025/10/14 15:37:58 POLARIS_LOG {"event":"send_rate","rate":304000,"ts":1760456278.394703}
2025/10/14 15:37:59 POLARIS_LOG {"event":"send_rate","rate":296000,"ts":1760456279.3932803}
2025/10/14 15:38:00 POLARIS_LOG {"event":"send_rate","rate":304000,"ts":1760456280.3913615}
2025/10/14 15:38:01 POLARIS_LOG {"event":"send_rate","rate":296000,"ts":1760456281.397037}
2025/10/14 15:38:02 POLARIS_LOG {"event":"send_rate","rate":304000,"ts":1760456282.39149}
2025/10/14 15:38:03 POLARIS_LOG {"event":"send_rate","rate":296000,"ts":1760456283.390415}
2025/10/14 15:38:04 POLARIS_LOG {"event":"send_rate","rate":304000,"ts":1760456284.3906753}
2025/10/14 15:38:05 POLARIS_LOG {"event":"send_rate","rate":296000,"ts":1760456285.3901806}
2025/10/14 15:38:06 POLARIS_LOG {"event":"send_rate","rate":304000,"ts":1760456286.391263}
2025/10/14 15:38:07 POLARIS_LOG {"event":"send_rate","rate":296000,"ts":1760456287.3937523}
2025/10/14 15:38:08 POLARIS_LOG {"event":"send_rate","rate":304000,"ts":1760456288.3972383}
2025/10/14 15:38:09 POLARIS_LOG {"event":"send_rate","rate":296000,"ts":1760456289.3929937}
2025/10/14 15:38:10 POLARIS_LOG {"event":"send_rate","rate":304000,"ts":1760456290.397932}
2025/10/14 15:38:11 POLARIS_LOG {"event":"send_rate","rate":296000,"ts":1760456291.3913002}
2025/10/14 15:38:12 POLARIS_LOG {"event":"send_rate","rate":304000,"ts":1760456292.3952491}
2025/10/14 15:38:13 POLARIS_LOG {"event":"send_rate","rate":296000,"ts":1760456293.393523}
2025/10/14 15:38:14 POLARIS_LOG {"event":"send_rate","rate":304000,"ts":1760456294.390511}
2025/10/14 15:38:15 POLARIS_LOG {"event":"send_rate","rate":320000,"ts":1760456295.4550161}
2025/10/14 15:38:16 POLARIS_LOG {"event":"send_rate","rate":280000,"ts":1760456296.3911362}
2025/10/14 15:38:17 POLARIS_LOG {"event":"send_rate","rate":296000,"ts":1760456297.3945897}
2025/10/14 15:38:18 POLARIS_LOG {"event":"send_rate","rate":304000,"ts":1760456298.4101918}
2025/10/14 15:38:19 POLARIS_LOG {"event":"send_rate","rate":296000,"ts":1760456299.3921568}
2025/10/14 15:38:20 POLARIS_LOG {"event":"send_rate","rate":304000,"ts":1760456300.4033535}
2025/10/14 15:38:21 POLARIS_LOG {"event":"send_rate","rate":296000,"ts":1760456301.3988864}
2025/10/14 15:38:22 POLARIS_LOG {"event":"send_rate","rate":304000,"ts":1760456302.394372}
2025/10/14 15:38:23 POLARIS_LOG {"event":"send_rate","rate":296000,"ts":1760456303.391201}
2025/10/14 15:38:24 POLARIS_LOG {"event":"send_rate","rate":304000,"ts":1760456304.3962615}
2025/10/14 15:38:25 POLARIS_LOG {"event":"send_rate","rate":296000,"ts":1760456305.3936977}
2025/10/14 15:38:26 POLARIS_LOG {"event":"send_rate","rate":304000,"ts":1760456306.3908756}
2025/10/14 15:38:27 POLARIS_LOG {"event":"send_rate","rate":296000,"ts":1760456307.392864}
2025/10/14 15:38:28 POLARIS_LOG {"event":"send_rate","rate":304000,"ts":1760456308.3916602}
2025/10/14 15:38:29 POLARIS_LOG {"event":"send_rate","rate":296000,"ts":1760456309.391212}
2025/10/14 15:38:30 POLARIS_LOG {"event":"send_rate","rate":296000,"ts":1760456310.4022763}
2025/10/14 15:38:31 POLARIS_LOG {"event":"send_rate","rate":304000,"ts":1760456311.3970938}
2025/10/14 15:38:32 POLARIS_LOG {"event":"send_rate","rate":296000,"ts":1760456312.3928525}
2025/10/14 15:38:33 POLARIS_LOG {"event":"send_rate","rate":304000,"ts":1760456313.3902402}
2025/10/14 15:38:34 POLARIS_LOG {"event":"send_rate","rate":304000,"ts":1760456314.4113207}
2025/10/14 15:38:35 POLARIS_LOG {"event":"send_rate","rate":296000,"ts":1760456315.3902078}
2025/10/14 15:38:36 POLARIS_LOG {"event":"send_rate","rate":304000,"ts":1760456316.3908584}
2025/10/14 15:38:37 POLARIS_LOG {"event":"send_rate","rate":296000,"ts":1760456317.3972018}
2025/10/14 15:38:38 POLARIS_LOG {"event":"send_rate","rate":304000,"ts":1760456318.3950777}
2025/10/14 15:38:39 POLARIS_LOG {"event":"send_rate","rate":296000,"ts":1760456319.3909225}
2025/10/14 15:38:40 POLARIS_LOG {"event":"send_rate","rate":296000,"ts":1760456320.3944402}
2025/10/14 15:38:41 POLARIS_LOG {"event":"send_rate","rate":304000,"ts":1760456321.3919759}
2025/10/14 15:38:42 POLARIS_LOG {"event":"send_rate","rate":304000,"ts":1760456322.3901796}
2025/10/14 15:38:43 POLARIS_LOG {"event":"send_rate","rate":296000,"ts":1760456323.4025884}
2025/10/14 15:38:44 POLARIS_LOG {"event":"send_rate","rate":304000,"ts":1760456324.3944523}
2025/10/14 15:38:45 POLARIS_LOG {"event":"send_rate","rate":296000,"ts":1760456325.391294}
2025/10/14 15:38:46 POLARIS_LOG {"event":"send_rate","rate":304000,"ts":1760456326.3934965}
2025/10/14 15:38:47 POLARIS_LOG {"event":"send_rate","rate":304000,"ts":1760456327.4039135}
2025/10/14 15:38:48 POLARIS_LOG {"event":"send_rate","rate":296000,"ts":1760456328.4006395}
2025/10/14 15:38:49 POLARIS_LOG {"event":"send_rate","rate":296000,"ts":1760456329.3972957}
2025/10/14 15:38:50 POLARIS_LOG {"event":"send_rate","rate":296000,"ts":1760456330.3951945}
2025/10/14 15:38:51 POLARIS_LOG {"event":"send_rate","rate":304000,"ts":1760456331.392166}
2025/10/14 15:38:52 POLARIS_LOG {"event":"send_rate","rate":304000,"ts":1760456332.3921673}
2025/10/14 15:38:53 POLARIS_LOG {"event":"send_rate","rate":296000,"ts":1760456333.3905852}
2025/10/14 15:38:54 POLARIS_LOG {"event":"send_rate","rate":304000,"ts":1760456334.4180653}
2025/10/14 15:38:55 POLARIS_LOG {"event":"send_rate","rate":296000,"ts":1760456335.3967836}
2025/10/14 15:38:56 POLARIS_LOG {"event":"send_rate","rate":304000,"ts":1760456336.4021397}
2025/10/14 15:38:57 POLARIS_LOG {"event":"send_rate","rate":296000,"ts":1760456337.3910358}
2025/10/14 15:38:58 POLARIS_LOG {"event":"send_rate","rate":296000,"ts":1760456338.3955808}
2025/10/14 15:38:59 POLARIS_LOG {"event":"send_rate","rate":304000,"ts":1760456339.3903718}
2025/10/14 15:39:00 POLARIS_LOG {"event":"send_rate","rate":304000,"ts":1760456340.396054}
2025/10/14 15:39:01 POLARIS_LOG {"event":"send_rate","rate":296000,"ts":1760456341.3908443}
2025/10/14 15:39:02 POLARIS_LOG {"event":"send_rate","rate":296000,"ts":1760456342.391091}
2025/10/14 15:39:03 POLARIS_LOG {"event":"send_rate","rate":312000,"ts":1760456343.4343274}
2025/10/14 15:39:04 POLARIS_LOG {"event":"send_rate","rate":288000,"ts":1760456344.3911936}
2025/10/14 15:39:05 POLARIS_LOG {"event":"send_rate","rate":304000,"ts":1760456345.3920562}
2025/10/14 15:39:06 POLARIS_LOG {"event":"send_rate","rate":296000,"ts":1760456346.3923988}
2025/10/14 15:39:07 POLARIS_LOG {"event":"send_rate","rate":304000,"ts":1760456347.3976052}
2025/10/14 15:39:08 POLARIS_LOG {"event":"send_rate","rate":304000,"ts":1760456348.3995266}
2025/10/14 15:39:09 POLARIS_LOG {"event":"send_rate","rate":296000,"ts":1760456349.390417}
2025/10/14 15:39:10 POLARIS_LOG {"event":"send_rate","rate":304000,"ts":1760456350.395656}
2025/10/14 15:39:11 POLARIS_LOG {"event":"send_rate","rate":296000,"ts":1760456351.3981795}
2025/10/14 15:39:12 POLARIS_LOG {"event":"send_rate","rate":304000,"ts":1760456352.3964033}
2025/10/14 15:39:13 POLARIS_LOG {"event":"send_rate","rate":296000,"ts":1760456353.3986368}
2025/10/14 15:39:14 POLARIS_LOG {"event":"send_rate","rate":296000,"ts":1760456354.393386}
2025/10/14 15:39:15 POLARIS_LOG {"event":"send_rate","rate":304000,"ts":1760456355.3934352}
2025/10/14 15:39:16 POLARIS_LOG {"event":"send_rate","rate":296000,"ts":1760456356.3907082}
2025/10/14 15:39:17 POLARIS_LOG {"event":"send_rate","rate":304000,"ts":1760456357.3946216}
2025/10/14 15:39:18 POLARIS_LOG {"event":"send_rate","rate":296000,"ts":1760456358.3908427}
2025/10/14 15:39:19 POLARIS_LOG {"event":"send_rate","rate":304000,"ts":1760456359.4030247}
2025/10/14 15:39:20 POLARIS_LOG {"event":"send_rate","rate":296000,"ts":1760456360.3942692}
2025/10/14 15:39:21 POLARIS_LOG {"event":"send_rate","rate":304000,"ts":1760456361.3900783}
2025/10/14 15:39:22 POLARIS_LOG {"event":"send_rate","rate":296000,"ts":1760456362.451677}
2025/10/14 15:39:23 POLARIS_LOG {"event":"send_rate","rate":304000,"ts":1760456363.3903823}
2025/10/14 15:39:24 POLARIS_LOG {"event":"send_rate","rate":296000,"ts":1760456364.3929648}
2025/10/14 15:39:25 POLARIS_LOG {"event":"send_rate","rate":304000,"ts":1760456365.4033027}
2025/10/14 15:39:26 POLARIS_LOG {"event":"send_rate","rate":296000,"ts":1760456366.3907537}
2025/10/14 15:39:27 POLARIS_LOG {"event":"send_rate","rate":304000,"ts":1760456367.393089}
2025/10/14 15:39:28 POLARIS_LOG {"event":"send_rate","rate":296000,"ts":1760456368.392558}
2025/10/14 15:39:29 POLARIS_LOG {"event":"send_rate","rate":304000,"ts":1760456369.3906772}
2025/10/14 15:39:30 POLARIS_LOG {"event":"send_rate","rate":296000,"ts":1760456370.3912728}
We need to sleep for 1 seconds before we can get the results
2025/10/14 15:39:31 POLARIS_LOG {"event":"send_rate","rate":8000,"ts":1760456371.3918924}
Drain Loop received packet
Drain Loop received non-nil payload
Client sent 11137 packets, server reported 11114 packets received
The network loss rate from client to server is 0.2%

S->C results
Attempted bandwidth: 0 bps / 0.00 Mbps
Achieved bandwidth: 0 bps / 0.00 Mbps
Loss rate: 0.0%
Interarrival time min/avg/max/mdev = -0.000/0.000/0.000/0.000 ms

C->S results
Attempted bandwidth: 299986 bps / 0.30 Mbps
Achieved bandwidth: 299367 bps / 0.30 Mbps
Loss rate: 0.2%
Interarrival time min/avg/max/mdev = 0.002/26.726/514.319/22.082 ms
