2025/10/14 15:34:42 POLARIS_LOG {"current_rate":0,"event":"path_switch","new":"2 2 5 2","trigger":"initialization","ts":1760456082.4221394}

Test parameters:
client->server: 288 seconds, 1000 bytes, 10800 packets
server->client: 288 seconds, 1000 bytes, 0 packets
Polaris prober initialized with 38 paths
Polaris prober initialized with local 1-111,10.111.0.71:32752 and remote 1-113,10.113.0.71
2025/10/14 15:34:43 POLARIS_LOG {"event":"send_rate","rate":272000,"ts":1760456083.4239542}
2025/10/14 15:34:44 POLARIS_LOG {"event":"send_rate","rate":304000,"ts":1760456084.4260123}
2025/10/14 15:34:45 POLARIS_LOG {"event":"send_rate","rate":304000,"ts":1760456085.4274209}
2025/10/14 15:34:46 POLARIS_LOG {"event":"send_rate","rate":296000,"ts":1760456086.426315}
2025/10/14 15:34:47 POLARIS_LOG {"event":"send_rate","rate":304000,"ts":1760456087.423986}
2025/10/14 15:34:48 POLARIS_LOG {"event":"send_rate","rate":296000,"ts":1760456088.423374}
2025/10/14 15:34:49 POLARIS_LOG {"event":"send_rate","rate":296000,"ts":1760456089.4271295}
2025/10/14 15:34:50 POLARIS_LOG {"event":"send_rate","rate":304000,"ts":1760456090.4302785}
2025/10/14 15:34:51 POLARIS_LOG {"event":"send_rate","rate":304000,"ts":1760456091.4236841}
2025/10/14 15:34:52 POLARIS_LOG {"event":"send_rate","rate":296000,"ts":1760456092.4242404}
2025/10/14 15:34:53 POLARIS_LOG {"event":"send_rate","rate":304000,"ts":1760456093.4243238}
2025/10/14 15:34:54 POLARIS_LOG {"event":"send_rate","rate":296000,"ts":1760456094.423467}
2025/10/14 15:34:55 POLARIS_LOG {"event":"send_rate","rate":296000,"ts":1760456095.4230711}
2025/10/14 15:34:56 POLARIS_LOG {"event":"send_rate","rate":304000,"ts":1760456096.4230943}
2025/10/14 15:34:57 POLARIS_LOG {"event":"send_rate","rate":296000,"ts":1760456097.422998}
2025/10/14 15:34:58 POLARIS_LOG {"event":"send_rate","rate":304000,"ts":1760456098.4229908}
2025/10/14 15:34:59 POLARIS_LOG {"event":"send_rate","rate":296000,"ts":1760456099.4261603}
2025/10/14 15:35:00 POLARIS_LOG {"event":"send_rate","rate":304000,"ts":1760456100.4277382}
2025/10/14 15:35:01 POLARIS_LOG {"event":"send_rate","rate":136000,"ts":1760456101.4242187}
2025/10/14 15:35:02 POLARIS_LOG {"event":"send_rate","rate":216000,"ts":1760456102.425454}
2025/10/14 15:35:02 POLARIS_LOG {"candidates":25,"candidates_unfiltered":25,"current_rate":216000,"estimated_share":2000000,"event":"path_switch","max_estimated_share":2000000,"new":"4 4 6 6 4 1","old":"2 2 5 2","trigger":"scheduled","ts":1760456102.4255333}
2025/10/14 15:35:03 POLARIS_LOG {"event":"send_rate","rate":544000,"ts":1760456103.4230678}
2025/10/14 15:35:04 POLARIS_LOG {"event":"send_rate","rate":304000,"ts":1760456104.4239688}
2025/10/14 15:35:05 POLARIS_LOG {"event":"send_rate","rate":304000,"ts":1760456105.4349225}
2025/10/14 15:35:06 POLARIS_LOG {"event":"send_rate","rate":296000,"ts":1760456106.4241621}
2025/10/14 15:35:07 POLARIS_LOG {"event":"send_rate","rate":296000,"ts":1760456107.422859}
2025/10/14 15:35:08 POLARIS_LOG {"event":"send_rate","rate":304000,"ts":1760456108.4280293}
2025/10/14 15:35:09 POLARIS_LOG {"event":"send_rate","rate":304000,"ts":1760456109.431607}
2025/10/14 15:35:10 POLARIS_LOG {"event":"send_rate","rate":296000,"ts":1760456110.4232466}
2025/10/14 15:35:11 POLARIS_LOG {"event":"send_rate","rate":296000,"ts":1760456111.422745}
2025/10/14 15:35:12 POLARIS_LOG {"event":"send_rate","rate":304000,"ts":1760456112.4229584}
2025/10/14 15:35:13 POLARIS_LOG {"event":"send_rate","rate":296000,"ts":1760456113.4253356}
2025/10/14 15:35:14 POLARIS_LOG {"event":"send_rate","rate":304000,"ts":1760456114.4234045}
2025/10/14 15:35:15 POLARIS_LOG {"event":"send_rate","rate":296000,"ts":1760456115.4229631}
2025/10/14 15:35:16 POLARIS_LOG {"event":"send_rate","rate":304000,"ts":1760456116.4230423}
2025/10/14 15:35:17 POLARIS_LOG {"event":"send_rate","rate":296000,"ts":1760456117.4251497}
2025/10/14 15:35:18 POLARIS_LOG {"event":"send_rate","rate":304000,"ts":1760456118.4236996}
2025/10/14 15:35:19 POLARIS_LOG {"event":"send_rate","rate":296000,"ts":1760456119.4251168}
2025/10/14 15:35:20 POLARIS_LOG {"event":"send_rate","rate":304000,"ts":1760456120.423467}
2025/10/14 15:35:21 POLARIS_LOG {"event":"send_rate","rate":296000,"ts":1760456121.4246092}
2025/10/14 15:35:22 POLARIS_LOG {"event":"send_rate","rate":304000,"ts":1760456122.4325764}
2025/10/14 15:35:23 POLARIS_LOG {"event":"send_rate","rate":296000,"ts":1760456123.423618}
2025/10/14 15:35:24 POLARIS_LOG {"event":"send_rate","rate":304000,"ts":1760456124.422796}
2025/10/14 15:35:25 POLARIS_LOG {"event":"send_rate","rate":296000,"ts":1760456125.4262123}
2025/10/14 15:35:26 POLARIS_LOG {"event":"send_rate","rate":304000,"ts":1760456126.424438}
2025/10/14 15:35:27 POLARIS_LOG {"event":"send_rate","rate":296000,"ts":1760456127.4233687}
2025/10/14 15:35:28 POLARIS_LOG {"event":"send_rate","rate":304000,"ts":1760456128.4237535}
2025/10/14 15:35:29 POLARIS_LOG {"event":"send_rate","rate":296000,"ts":1760456129.424192}
2025/10/14 15:35:30 POLARIS_LOG {"event":"send_rate","rate":304000,"ts":1760456130.4230714}
2025/10/14 15:35:31 POLARIS_LOG {"event":"send_rate","rate":296000,"ts":1760456131.4263613}
2025/10/14 15:35:32 POLARIS_LOG {"event":"send_rate","rate":304000,"ts":1760456132.4296424}
2025/10/14 15:35:33 POLARIS_LOG {"event":"send_rate","rate":296000,"ts":1760456133.425602}
2025/10/14 15:35:34 POLARIS_LOG {"event":"send_rate","rate":304000,"ts":1760456134.4261568}
2025/10/14 15:35:35 POLARIS_LOG {"event":"send_rate","rate":296000,"ts":1760456135.4239676}
2025/10/14 15:35:36 POLARIS_LOG {"event":"send_rate","rate":304000,"ts":1760456136.4246004}
2025/10/14 15:35:37 POLARIS_LOG {"event":"send_rate","rate":296000,"ts":1760456137.4233441}
2025/10/14 15:35:38 POLARIS_LOG {"event":"send_rate","rate":304000,"ts":1760456138.4231465}
2025/10/14 15:35:39 POLARIS_LOG {"event":"send_rate","rate":296000,"ts":1760456139.4228728}
2025/10/14 15:35:40 POLARIS_LOG {"event":"send_rate","rate":304000,"ts":1760456140.4236696}
2025/10/14 15:35:41 POLARIS_LOG {"event":"send_rate","rate":296000,"ts":1760456141.4237447}
2025/10/14 15:35:42 POLARIS_LOG {"event":"send_rate","rate":304000,"ts":1760456142.4240267}
2025/10/14 15:35:43 POLARIS_LOG {"event":"send_rate","rate":296000,"ts":1760456143.424255}
2025/10/14 15:35:44 POLARIS_LOG {"event":"send_rate","rate":304000,"ts":1760456144.4497669}
2025/10/14 15:35:45 POLARIS_LOG {"event":"send_rate","rate":296000,"ts":1760456145.4229145}
2025/10/14 15:35:46 POLARIS_LOG {"event":"send_rate","rate":304000,"ts":1760456146.439213}
2025/10/14 15:35:47 POLARIS_LOG {"event":"send_rate","rate":304000,"ts":1760456147.443889}
2025/10/14 15:35:48 POLARIS_LOG {"event":"send_rate","rate":296000,"ts":1760456148.4233222}
2025/10/14 15:35:49 POLARIS_LOG {"event":"send_rate","rate":288000,"ts":1760456149.424312}
2025/10/14 15:35:50 POLARIS_LOG {"event":"send_rate","rate":312000,"ts":1760456150.424845}
2025/10/14 15:35:51 POLARIS_LOG {"event":"send_rate","rate":296000,"ts":1760456151.424033}
2025/10/14 15:35:52 POLARIS_LOG {"event":"send_rate","rate":304000,"ts":1760456152.4292147}
2025/10/14 15:35:53 POLARIS_LOG {"event":"send_rate","rate":296000,"ts":1760456153.4240177}
2025/10/14 15:35:54 POLARIS_LOG {"event":"send_rate","rate":304000,"ts":1760456154.4233935}
2025/10/14 15:35:55 POLARIS_LOG {"event":"send_rate","rate":296000,"ts":1760456155.4235454}
2025/10/14 15:35:56 POLARIS_LOG {"event":"send_rate","rate":304000,"ts":1760456156.439067}
2025/10/14 15:35:57 POLARIS_LOG {"event":"send_rate","rate":304000,"ts":1760456157.429346}
2025/10/14 15:35:58 POLARIS_LOG {"event":"send_rate","rate":296000,"ts":1760456158.423219}
2025/10/14 15:35:59 POLARIS_LOG {"event":"send_rate","rate":296000,"ts":1760456159.426915}
2025/10/14 15:36:00 POLARIS_LOG {"event":"send_rate","rate":304000,"ts":1760456160.425124}
2025/10/14 15:36:01 POLARIS_LOG {"event":"send_rate","rate":296000,"ts":1760456161.423884}
2025/10/14 15:36:02 POLARIS_LOG {"event":"send_rate","rate":304000,"ts":1760456162.436202}
2025/10/14 15:36:03 POLARIS_LOG {"event":"send_rate","rate":296000,"ts":1760456163.4254625}
2025/10/14 15:36:04 POLARIS_LOG {"event":"send_rate","rate":304000,"ts":1760456164.4244952}
2025/10/14 15:36:05 POLARIS_LOG {"event":"send_rate","rate":296000,"ts":1760456165.4323843}
2025/10/14 15:36:06 POLARIS_LOG {"event":"send_rate","rate":304000,"ts":1760456166.4229553}
2025/10/14 15:36:07 POLARIS_LOG {"event":"send_rate","rate":296000,"ts":1760456167.4232996}
2025/10/14 15:36:08 POLARIS_LOG {"event":"send_rate","rate":304000,"ts":1760456168.4233031}
2025/10/14 15:36:09 POLARIS_LOG {"event":"send_rate","rate":304000,"ts":1760456169.4395218}
2025/10/14 15:36:10 POLARIS_LOG {"event":"send_rate","rate":296000,"ts":1760456170.4251525}
2025/10/14 15:36:11 POLARIS_LOG {"event":"send_rate","rate":296000,"ts":1760456171.4255357}
2025/10/14 15:36:12 POLARIS_LOG {"event":"send_rate","rate":304000,"ts":1760456172.4236107}
2025/10/14 15:36:13 POLARIS_LOG {"event":"send_rate","rate":296000,"ts":1760456173.42345}
2025/10/14 15:36:14 POLARIS_LOG {"event":"send_rate","rate":304000,"ts":1760456174.4370117}
2025/10/14 15:36:15 POLARIS_LOG {"event":"send_rate","rate":296000,"ts":1760456175.4232242}
2025/10/14 15:36:16 POLARIS_LOG {"event":"send_rate","rate":304000,"ts":1760456176.4265625}
2025/10/14 15:36:17 POLARIS_LOG {"event":"send_rate","rate":296000,"ts":1760456177.4230146}
2025/10/14 15:36:18 POLARIS_LOG {"event":"send_rate","rate":304000,"ts":1760456178.4243367}
2025/10/14 15:36:19 POLARIS_LOG {"event":"send_rate","rate":296000,"ts":1760456179.4227433}
2025/10/14 15:36:20 POLARIS_LOG {"event":"send_rate","rate":304000,"ts":1760456180.4270089}
2025/10/14 15:36:21 POLARIS_LOG {"event":"send_rate","rate":296000,"ts":1760456181.422965}
2025/10/14 15:36:22 POLARIS_LOG {"event":"send_rate","rate":304000,"ts":1760456182.4368138}
2025/10/14 15:36:23 POLARIS_LOG {"event":"send_rate","rate":296000,"ts":1760456183.427228}
2025/10/14 15:36:24 POLARIS_LOG {"event":"send_rate","rate":304000,"ts":1760456184.426095}
2025/10/14 15:36:25 POLARIS_LOG {"event":"send_rate","rate":304000,"ts":1760456185.4361117}
2025/10/14 15:36:26 POLARIS_LOG {"event":"send_rate","rate":296000,"ts":1760456186.423541}
2025/10/14 15:36:27 POLARIS_LOG {"event":"send_rate","rate":296000,"ts":1760456187.4301424}
2025/10/14 15:36:28 POLARIS_LOG {"event":"send_rate","rate":304000,"ts":1760456188.4237368}
2025/10/14 15:36:29 POLARIS_LOG {"event":"send_rate","rate":296000,"ts":1760456189.4252164}
2025/10/14 15:36:30 POLARIS_LOG {"event":"send_rate","rate":304000,"ts":1760456190.4234385}
2025/10/14 15:36:31 POLARIS_LOG {"event":"send_rate","rate":296000,"ts":1760456191.4228144}
2025/10/14 15:36:32 POLARIS_LOG {"event":"send_rate","rate":304000,"ts":1760456192.4236555}
2025/10/14 15:36:33 POLARIS_LOG {"event":"send_rate","rate":296000,"ts":1760456193.4320693}
2025/10/14 15:36:34 POLARIS_LOG {"event":"send_rate","rate":304000,"ts":1760456194.4229646}
2025/10/14 15:36:35 POLARIS_LOG {"event":"send_rate","rate":296000,"ts":1760456195.4232886}
2025/10/14 15:36:36 POLARIS_LOG {"event":"send_rate","rate":296000,"ts":1760456196.4276288}
2025/10/14 15:36:37 POLARIS_LOG {"event":"send_rate","rate":304000,"ts":1760456197.429033}
2025/10/14 15:36:38 POLARIS_LOG {"event":"send_rate","rate":304000,"ts":1760456198.4230206}
2025/10/14 15:36:39 POLARIS_LOG {"event":"send_rate","rate":304000,"ts":1760456199.4455268}
2025/10/14 15:36:40 POLARIS_LOG {"event":"send_rate","rate":296000,"ts":1760456200.4269552}
2025/10/14 15:36:41 POLARIS_LOG {"event":"send_rate","rate":312000,"ts":1760456201.46213}
2025/10/14 15:36:42 POLARIS_LOG {"event":"send_rate","rate":288000,"ts":1760456202.425726}
2025/10/14 15:36:43 POLARIS_LOG {"event":"send_rate","rate":296000,"ts":1760456203.428868}
2025/10/14 15:36:44 POLARIS_LOG {"event":"send_rate","rate":304000,"ts":1760456204.426333}
2025/10/14 15:36:45 POLARIS_LOG {"event":"send_rate","rate":296000,"ts":1760456205.4233446}
2025/10/14 15:36:46 POLARIS_LOG {"event":"send_rate","rate":304000,"ts":1760456206.4229856}
2025/10/14 15:36:47 POLARIS_LOG {"event":"send_rate","rate":296000,"ts":1760456207.4231913}
2025/10/14 15:36:48 POLARIS_LOG {"event":"send_rate","rate":304000,"ts":1760456208.4229808}
2025/10/14 15:36:49 POLARIS_LOG {"event":"send_rate","rate":296000,"ts":1760456209.4232008}
2025/10/14 15:36:50 POLARIS_LOG {"event":"send_rate","rate":304000,"ts":1760456210.4236858}
2025/10/14 15:36:51 POLARIS_LOG {"event":"send_rate","rate":296000,"ts":1760456211.4294794}
2025/10/14 15:36:52 POLARIS_LOG {"event":"send_rate","rate":296000,"ts":1760456212.4229681}
2025/10/14 15:36:53 POLARIS_LOG {"event":"send_rate","rate":304000,"ts":1760456213.4250844}
2025/10/14 15:36:54 POLARIS_LOG {"event":"send_rate","rate":304000,"ts":1760456214.4256785}
2025/10/14 15:36:55 POLARIS_LOG {"event":"send_rate","rate":296000,"ts":1760456215.4237201}
2025/10/14 15:36:56 POLARIS_LOG {"event":"send_rate","rate":304000,"ts":1760456216.4235253}
2025/10/14 15:36:57 POLARIS_LOG {"event":"send_rate","rate":296000,"ts":1760456217.423124}
2025/10/14 15:36:58 POLARIS_LOG {"event":"send_rate","rate":304000,"ts":1760456218.4386067}
2025/10/14 15:36:59 POLARIS_LOG {"event":"send_rate","rate":296000,"ts":1760456219.4232874}
2025/10/14 15:37:00 POLARIS_LOG {"event":"send_rate","rate":304000,"ts":1760456220.4259005}
2025/10/14 15:37:01 POLARIS_LOG {"event":"send_rate","rate":296000,"ts":1760456221.4228957}
2025/10/14 15:37:02 POLARIS_LOG {"event":"send_rate","rate":296000,"ts":1760456222.423316}
2025/10/14 15:37:03 POLARIS_LOG {"event":"send_rate","rate":304000,"ts":1760456223.4262996}
2025/10/14 15:37:04 POLARIS_LOG {"event":"send_rate","rate":304000,"ts":1760456224.423055}
2025/10/14 15:37:05 POLARIS_LOG {"event":"send_rate","rate":296000,"ts":1760456225.4227676}
2025/10/14 15:37:06 POLARIS_LOG {"event":"send_rate","rate":304000,"ts":1760456226.424629}
2025/10/14 15:37:07 POLARIS_LOG {"event":"send_rate","rate":296000,"ts":1760456227.43626}
2025/10/14 15:37:08 POLARIS_LOG {"event":"send_rate","rate":304000,"ts":1760456228.4267387}
2025/10/14 15:37:09 POLARIS_LOG {"event":"send_rate","rate":296000,"ts":1760456229.4243608}
2025/10/14 15:37:10 POLARIS_LOG {"event":"send_rate","rate":304000,"ts":1760456230.42448}
2025/10/14 15:37:11 POLARIS_LOG {"event":"send_rate","rate":296000,"ts":1760456231.4341915}
2025/10/14 15:37:12 POLARIS_LOG {"event":"send_rate","rate":304000,"ts":1760456232.4229786}
2025/10/14 15:37:13 POLARIS_LOG {"event":"send_rate","rate":296000,"ts":1760456233.4244785}
2025/10/14 15:37:14 POLARIS_LOG {"event":"send_rate","rate":296000,"ts":1760456234.422908}
2025/10/14 15:37:15 POLARIS_LOG {"event":"send_rate","rate":304000,"ts":1760456235.4237132}
2025/10/14 15:37:16 POLARIS_LOG {"event":"send_rate","rate":296000,"ts":1760456236.4227548}
2025/10/14 15:37:17 POLARIS_LOG {"event":"send_rate","rate":304000,"ts":1760456237.4249697}
2025/10/14 15:37:18 POLARIS_LOG {"event":"send_rate","rate":304000,"ts":1760456238.4262002}
2025/10/14 15:37:19 POLARIS_LOG {"event":"send_rate","rate":296000,"ts":1760456239.4290867}
2025/10/14 15:37:20 POLARIS_LOG {"event":"send_rate","rate":304000,"ts":1760456240.4263432}
2025/10/14 15:37:21 POLARIS_LOG {"event":"send_rate","rate":296000,"ts":1760456241.4235942}
2025/10/14 15:37:22 POLARIS_LOG {"event":"send_rate","rate":296000,"ts":1760456242.4230952}
2025/10/14 15:37:23 POLARIS_LOG {"event":"send_rate","rate":304000,"ts":1760456243.4229703}
2025/10/14 15:37:24 POLARIS_LOG {"event":"send_rate","rate":296000,"ts":1760456244.4235294}
2025/10/14 15:37:25 POLARIS_LOG {"event":"send_rate","rate":304000,"ts":1760456245.4239767}
2025/10/14 15:37:26 POLARIS_LOG {"event":"send_rate","rate":304000,"ts":1760456246.424026}
2025/10/14 15:37:27 POLARIS_LOG {"event":"send_rate","rate":296000,"ts":1760456247.4257584}
2025/10/14 15:37:28 POLARIS_LOG {"event":"send_rate","rate":304000,"ts":1760456248.4243824}
2025/10/14 15:37:29 POLARIS_LOG {"event":"send_rate","rate":296000,"ts":1760456249.4242527}
2025/10/14 15:37:30 POLARIS_LOG {"event":"send_rate","rate":296000,"ts":1760456250.429673}
2025/10/14 15:37:31 POLARIS_LOG {"event":"send_rate","rate":304000,"ts":1760456251.4259825}
2025/10/14 15:37:32 POLARIS_LOG {"event":"send_rate","rate":304000,"ts":1760456252.427452}
2025/10/14 15:37:33 POLARIS_LOG {"event":"send_rate","rate":296000,"ts":1760456253.423333}
2025/10/14 15:37:34 POLARIS_LOG {"event":"send_rate","rate":296000,"ts":1760456254.423236}
2025/10/14 15:37:35 POLARIS_LOG {"event":"send_rate","rate":304000,"ts":1760456255.4299815}
2025/10/14 15:37:36 POLARIS_LOG {"event":"send_rate","rate":296000,"ts":1760456256.424014}
2025/10/14 15:37:37 POLARIS_LOG {"event":"send_rate","rate":304000,"ts":1760456257.4244478}
2025/10/14 15:37:38 POLARIS_LOG {"event":"send_rate","rate":296000,"ts":1760456258.4229305}
2025/10/14 15:37:39 POLARIS_LOG {"event":"send_rate","rate":304000,"ts":1760456259.4232147}
2025/10/14 15:37:40 POLARIS_LOG {"event":"send_rate","rate":304000,"ts":1760456260.4302466}
2025/10/14 15:37:41 POLARIS_LOG {"event":"send_rate","rate":296000,"ts":1760456261.4233778}
2025/10/14 15:37:42 POLARIS_LOG {"event":"send_rate","rate":296000,"ts":1760456262.4252841}
2025/10/14 15:37:43 POLARIS_LOG {"event":"send_rate","rate":304000,"ts":1760456263.4254415}
2025/10/14 15:37:44 POLARIS_LOG {"event":"send_rate","rate":304000,"ts":1760456264.4262078}
2025/10/14 15:37:45 POLARIS_LOG {"event":"send_rate","rate":296000,"ts":1760456265.4243276}
2025/10/14 15:37:46 POLARIS_LOG {"event":"send_rate","rate":296000,"ts":1760456266.4233365}
2025/10/14 15:37:47 POLARIS_LOG {"event":"send_rate","rate":304000,"ts":1760456267.4230106}
2025/10/14 15:37:48 POLARIS_LOG {"event":"send_rate","rate":304000,"ts":1760456268.4270332}
2025/10/14 15:37:49 POLARIS_LOG {"event":"send_rate","rate":296000,"ts":1760456269.4232929}
2025/10/14 15:37:50 POLARIS_LOG {"event":"send_rate","rate":296000,"ts":1760456270.4231796}
2025/10/14 15:37:51 POLARIS_LOG {"event":"send_rate","rate":304000,"ts":1760456271.4230566}
2025/10/14 15:37:52 POLARIS_LOG {"event":"send_rate","rate":304000,"ts":1760456272.4286792}
2025/10/14 15:37:53 POLARIS_LOG {"event":"send_rate","rate":296000,"ts":1760456273.4235125}
2025/10/14 15:37:54 POLARIS_LOG {"event":"send_rate","rate":296000,"ts":1760456274.4234803}
2025/10/14 15:37:55 POLARIS_LOG {"event":"send_rate","rate":304000,"ts":1760456275.4232538}
2025/10/14 15:37:56 POLARIS_LOG {"event":"send_rate","rate":296000,"ts":1760456276.4233024}
2025/10/14 15:37:57 POLARIS_LOG {"event":"send_rate","rate":304000,"ts":1760456277.4230537}
2025/10/14 15:37:58 POLARIS_LOG {"event":"send_rate","rate":296000,"ts":1760456278.4261193}
2025/10/14 15:37:59 POLARIS_LOG {"event":"send_rate","rate":304000,"ts":1760456279.4227517}
2025/10/14 15:38:00 POLARIS_LOG {"event":"send_rate","rate":296000,"ts":1760456280.4228106}
2025/10/14 15:38:01 POLARIS_LOG {"event":"send_rate","rate":304000,"ts":1760456281.423256}
2025/10/14 15:38:02 POLARIS_LOG {"event":"send_rate","rate":296000,"ts":1760456282.4240696}
2025/10/14 15:38:03 POLARIS_LOG {"event":"send_rate","rate":304000,"ts":1760456283.4260519}
2025/10/14 15:38:04 POLARIS_LOG {"event":"send_rate","rate":296000,"ts":1760456284.42354}
2025/10/14 15:38:05 POLARIS_LOG {"event":"send_rate","rate":304000,"ts":1760456285.4244754}
2025/10/14 15:38:06 POLARIS_LOG {"event":"send_rate","rate":304000,"ts":1760456286.4389882}
2025/10/14 15:38:07 POLARIS_LOG {"event":"send_rate","rate":296000,"ts":1760456287.4243672}
2025/10/14 15:38:08 POLARIS_LOG {"event":"send_rate","rate":296000,"ts":1760456288.4233458}
2025/10/14 15:38:09 POLARIS_LOG {"event":"send_rate","rate":304000,"ts":1760456289.423841}
2025/10/14 15:38:10 POLARIS_LOG {"event":"send_rate","rate":296000,"ts":1760456290.4229302}
2025/10/14 15:38:11 POLARIS_LOG {"event":"send_rate","rate":304000,"ts":1760456291.4279258}
2025/10/14 15:38:12 POLARIS_LOG {"event":"send_rate","rate":296000,"ts":1760456292.4238272}
2025/10/14 15:38:13 POLARIS_LOG {"event":"send_rate","rate":304000,"ts":1760456293.4409912}
2025/10/14 15:38:14 POLARIS_LOG {"event":"send_rate","rate":296000,"ts":1760456294.4236777}
2025/10/14 15:38:15 POLARIS_LOG {"event":"send_rate","rate":312000,"ts":1760456295.4553878}
2025/10/14 15:38:16 POLARIS_LOG {"event":"send_rate","rate":288000,"ts":1760456296.4244947}
2025/10/14 15:38:17 POLARIS_LOG {"event":"send_rate","rate":304000,"ts":1760456297.422892}
2025/10/14 15:38:18 POLARIS_LOG {"event":"send_rate","rate":296000,"ts":1760456298.4335647}
2025/10/14 15:38:19 POLARIS_LOG {"event":"send_rate","rate":304000,"ts":1760456299.4248886}
2025/10/14 15:38:20 POLARIS_LOG {"event":"send_rate","rate":296000,"ts":1760456300.422921}
2025/10/14 15:38:21 POLARIS_LOG {"event":"send_rate","rate":304000,"ts":1760456301.4234054}
2025/10/14 15:38:22 POLARIS_LOG {"event":"send_rate","rate":296000,"ts":1760456302.4272509}
2025/10/14 15:38:23 POLARIS_LOG {"event":"send_rate","rate":304000,"ts":1760456303.429998}
2025/10/14 15:38:24 POLARIS_LOG {"event":"send_rate","rate":296000,"ts":1760456304.4227793}
2025/10/14 15:38:25 POLARIS_LOG {"event":"send_rate","rate":304000,"ts":1760456305.423313}
2025/10/14 15:38:26 POLARIS_LOG {"event":"send_rate","rate":296000,"ts":1760456306.4230697}
2025/10/14 15:38:27 POLARIS_LOG {"event":"send_rate","rate":304000,"ts":1760456307.4228923}
2025/10/14 15:38:28 POLARIS_LOG {"event":"send_rate","rate":296000,"ts":1760456308.425123}
2025/10/14 15:38:29 POLARIS_LOG {"event":"send_rate","rate":304000,"ts":1760456309.4251275}
2025/10/14 15:38:30 POLARIS_LOG {"event":"send_rate","rate":296000,"ts":1760456310.424027}
2025/10/14 15:38:31 POLARIS_LOG {"event":"send_rate","rate":304000,"ts":1760456311.423583}
2025/10/14 15:38:32 POLARIS_LOG {"event":"send_rate","rate":296000,"ts":1760456312.4233024}
2025/10/14 15:38:33 POLARIS_LOG {"event":"send_rate","rate":304000,"ts":1760456313.4233403}
2025/10/14 15:38:34 POLARIS_LOG {"event":"send_rate","rate":304000,"ts":1760456314.447921}
2025/10/14 15:38:35 POLARIS_LOG {"event":"send_rate","rate":296000,"ts":1760456315.4260774}
2025/10/14 15:38:36 POLARIS_LOG {"event":"send_rate","rate":296000,"ts":1760456316.423834}
2025/10/14 15:38:37 POLARIS_LOG {"event":"send_rate","rate":304000,"ts":1760456317.4260595}
2025/10/14 15:38:38 POLARIS_LOG {"event":"send_rate","rate":296000,"ts":1760456318.4308398}
2025/10/14 15:38:39 POLARIS_LOG {"event":"send_rate","rate":304000,"ts":1760456319.4249053}
2025/10/14 15:38:40 POLARIS_LOG {"event":"send_rate","rate":296000,"ts":1760456320.4315476}
2025/10/14 15:38:41 POLARIS_LOG {"event":"send_rate","rate":304000,"ts":1760456321.4238012}
2025/10/14 15:38:42 POLARIS_LOG {"event":"send_rate","rate":296000,"ts":1760456322.424012}
2025/10/14 15:38:43 POLARIS_LOG {"event":"send_rate","rate":304000,"ts":1760456323.423968}
2025/10/14 15:38:44 POLARIS_LOG {"event":"send_rate","rate":296000,"ts":1760456324.424399}
2025/10/14 15:38:45 POLARIS_LOG {"event":"send_rate","rate":304000,"ts":1760456325.424387}
2025/10/14 15:38:46 POLARIS_LOG {"event":"send_rate","rate":296000,"ts":1760456326.4246385}
2025/10/14 15:38:47 POLARIS_LOG {"event":"send_rate","rate":304000,"ts":1760456327.424231}
2025/10/14 15:38:48 POLARIS_LOG {"event":"send_rate","rate":296000,"ts":1760456328.4259543}
2025/10/14 15:38:49 POLARIS_LOG {"event":"send_rate","rate":304000,"ts":1760456329.4250236}
2025/10/14 15:38:50 POLARIS_LOG {"event":"send_rate","rate":304000,"ts":1760456330.43617}
2025/10/14 15:38:51 POLARIS_LOG {"event":"send_rate","rate":296000,"ts":1760456331.4227545}
2025/10/14 15:38:52 POLARIS_LOG {"event":"send_rate","rate":304000,"ts":1760456332.4366252}
2025/10/14 15:38:53 POLARIS_LOG {"event":"send_rate","rate":296000,"ts":1760456333.4238534}
2025/10/14 15:38:54 POLARIS_LOG {"event":"send_rate","rate":296000,"ts":1760456334.424011}
2025/10/14 15:38:55 POLARIS_LOG {"event":"send_rate","rate":304000,"ts":1760456335.425168}
2025/10/14 15:38:56 POLARIS_LOG {"event":"send_rate","rate":288000,"ts":1760456336.4253945}
2025/10/14 15:38:57 POLARIS_LOG {"event":"send_rate","rate":312000,"ts":1760456337.423006}
2025/10/14 15:38:58 POLARIS_LOG {"event":"send_rate","rate":296000,"ts":1760456338.423025}
2025/10/14 15:38:59 POLARIS_LOG {"event":"send_rate","rate":304000,"ts":1760456339.4246848}
2025/10/14 15:39:00 POLARIS_LOG {"event":"send_rate","rate":296000,"ts":1760456340.4245324}
2025/10/14 15:39:01 POLARIS_LOG {"event":"send_rate","rate":296000,"ts":1760456341.4289963}
2025/10/14 15:39:02 POLARIS_LOG {"event":"send_rate","rate":304000,"ts":1760456342.423975}
2025/10/14 15:39:03 POLARIS_LOG {"event":"send_rate","rate":304000,"ts":1760456343.4264557}
2025/10/14 15:39:04 POLARIS_LOG {"event":"send_rate","rate":296000,"ts":1760456344.4227934}
2025/10/14 15:39:05 POLARIS_LOG {"event":"send_rate","rate":304000,"ts":1760456345.4234626}
2025/10/14 15:39:06 POLARIS_LOG {"event":"send_rate","rate":296000,"ts":1760456346.4228678}
2025/10/14 15:39:07 POLARIS_LOG {"event":"send_rate","rate":304000,"ts":1760456347.429838}
2025/10/14 15:39:08 POLARIS_LOG {"event":"send_rate","rate":296000,"ts":1760456348.4245093}
2025/10/14 15:39:09 POLARIS_LOG {"event":"send_rate","rate":296000,"ts":1760456349.4230824}
2025/10/14 15:39:10 POLARIS_LOG {"event":"send_rate","rate":304000,"ts":1760456350.4235067}
2025/10/14 15:39:11 POLARIS_LOG {"event":"send_rate","rate":304000,"ts":1760456351.4250495}
2025/10/14 15:39:12 POLARIS_LOG {"event":"send_rate","rate":296000,"ts":1760456352.4235718}
2025/10/14 15:39:13 POLARIS_LOG {"event":"send_rate","rate":304000,"ts":1760456353.4236534}
2025/10/14 15:39:14 POLARIS_LOG {"event":"send_rate","rate":296000,"ts":1760456354.4233582}
2025/10/14 15:39:15 POLARIS_LOG {"event":"send_rate","rate":304000,"ts":1760456355.422927}
2025/10/14 15:39:16 POLARIS_LOG {"event":"send_rate","rate":296000,"ts":1760456356.423893}
2025/10/14 15:39:17 POLARIS_LOG {"event":"send_rate","rate":304000,"ts":1760456357.4271224}
2025/10/14 15:39:18 POLARIS_LOG {"event":"send_rate","rate":296000,"ts":1760456358.423642}
2025/10/14 15:39:19 POLARIS_LOG {"event":"send_rate","rate":304000,"ts":1760456359.4235096}
2025/10/14 15:39:20 POLARIS_LOG {"event":"send_rate","rate":296000,"ts":1760456360.4233413}
2025/10/14 15:39:21 POLARIS_LOG {"event":"send_rate","rate":304000,"ts":1760456361.4229512}
2025/10/14 15:39:22 POLARIS_LOG {"event":"send_rate","rate":304000,"ts":1760456362.4393547}
2025/10/14 15:39:23 POLARIS_LOG {"event":"send_rate","rate":296000,"ts":1760456363.4231837}
2025/10/14 15:39:24 POLARIS_LOG {"event":"send_rate","rate":296000,"ts":1760456364.4233763}
2025/10/14 15:39:25 POLARIS_LOG {"event":"send_rate","rate":304000,"ts":1760456365.4233348}
2025/10/14 15:39:26 POLARIS_LOG {"event":"send_rate","rate":296000,"ts":1760456366.4232242}
2025/10/14 15:39:27 POLARIS_LOG {"event":"send_rate","rate":304000,"ts":1760456367.4309301}
2025/10/14 15:39:28 POLARIS_LOG {"event":"send_rate","rate":296000,"ts":1760456368.4246924}
2025/10/14 15:39:29 POLARIS_LOG {"event":"send_rate","rate":304000,"ts":1760456369.4231954}
2025/10/14 15:39:30 POLARIS_LOG {"event":"send_rate","rate":296000,"ts":1760456370.4227374}
We need to sleep for 1 seconds before we can get the results
2025/10/14 15:39:31 POLARIS_LOG {"event":"send_rate","rate":32000,"ts":1760456371.4227202}
Drain Loop received packet
Drain Loop received non-nil payload
Client sent 10800 packets, server reported 10777 packets received
The network loss rate from client to server is 0.2%

S->C results
Attempted bandwidth: 0 bps / 0.00 Mbps
Achieved bandwidth: 0 bps / 0.00 Mbps
Loss rate: 0.0%
Interarrival time min/avg/max/mdev = -0.000/0.000/0.000/0.000 ms

C->S results
Attempted bandwidth: 300000 bps / 0.30 Mbps
Achieved bandwidth: 299361 bps / 0.30 Mbps
Loss rate: 0.2%
Interarrival time min/avg/max/mdev = 0.002/26.742/575.013/23.415 ms
