
Test parameters:
client->server: 243 seconds, 1000 bytes, 9112 packets
server->client: 243 seconds, 1000 bytes, 0 packets
Polaris prober initialized with 38 paths
2025/10/14 15:35:27 POLARIS_LOG {"current_rate":0,"event":"path_switch","new":"2 2 5 2","trigger":"initialization","ts":1760456127.8453753}
Polaris prober initialized with local 1-111,10.111.0.71:32707 and remote 1-113,10.113.0.71
2025/10/14 15:35:28 POLARIS_LOG {"event":"send_rate","rate":96000,"ts":1760456128.856012}
2025/10/14 15:35:29 POLARIS_LOG {"event":"send_rate","rate":296000,"ts":1760456129.8491476}
2025/10/14 15:35:30 POLARIS_LOG {"event":"send_rate","rate":304000,"ts":1760456130.8482509}
2025/10/14 15:35:31 POLARIS_LOG {"event":"send_rate","rate":296000,"ts":1760456131.8494458}
2025/10/14 15:35:32 POLARIS_LOG {"event":"send_rate","rate":304000,"ts":1760456132.8486357}
2025/10/14 15:35:33 POLARIS_LOG {"event":"send_rate","rate":296000,"ts":1760456133.8493872}
2025/10/14 15:35:34 POLARIS_LOG {"event":"send_rate","rate":304000,"ts":1760456134.848554}
2025/10/14 15:35:35 POLARIS_LOG {"event":"send_rate","rate":296000,"ts":1760456135.863595}
2025/10/14 15:35:36 POLARIS_LOG {"event":"send_rate","rate":304000,"ts":1760456136.8502564}
2025/10/14 15:35:37 POLARIS_LOG {"event":"send_rate","rate":296000,"ts":1760456137.8483686}
2025/10/14 15:35:38 POLARIS_LOG {"event":"send_rate","rate":304000,"ts":1760456138.8484297}
2025/10/14 15:35:39 POLARIS_LOG {"event":"send_rate","rate":232000,"ts":1760456139.848307}
2025/10/14 15:35:40 POLARIS_LOG {"event":"send_rate","rate":184000,"ts":1760456140.8498309}
2025/10/14 15:35:41 POLARIS_LOG {"event":"send_rate","rate":344000,"ts":1760456141.8482428}
2025/10/14 15:35:42 POLARIS_LOG {"event":"send_rate","rate":320000,"ts":1760456142.8495624}
2025/10/14 15:35:43 POLARIS_LOG {"event":"send_rate","rate":416000,"ts":1760456143.8592725}
2025/10/14 15:35:44 POLARIS_LOG {"event":"send_rate","rate":304000,"ts":1760456144.8498404}
2025/10/14 15:35:45 POLARIS_LOG {"event":"send_rate","rate":296000,"ts":1760456145.848974}
2025/10/14 15:35:46 POLARIS_LOG {"event":"send_rate","rate":304000,"ts":1760456146.8485847}
2025/10/14 15:35:47 POLARIS_LOG {"event":"send_rate","rate":304000,"ts":1760456147.859876}
2025/10/14 15:35:48 POLARIS_LOG {"event":"send_rate","rate":296000,"ts":1760456148.8489478}
2025/10/14 15:35:49 POLARIS_LOG {"event":"send_rate","rate":296000,"ts":1760456149.8545716}
2025/10/14 15:35:50 POLARIS_LOG {"event":"send_rate","rate":304000,"ts":1760456150.8483977}
2025/10/14 15:35:51 POLARIS_LOG {"event":"send_rate","rate":296000,"ts":1760456151.8486588}
2025/10/14 15:35:52 POLARIS_LOG {"event":"send_rate","rate":304000,"ts":1760456152.8490467}
2025/10/14 15:35:53 POLARIS_LOG {"event":"send_rate","rate":296000,"ts":1760456153.8492012}
2025/10/14 15:35:54 POLARIS_LOG {"event":"send_rate","rate":304000,"ts":1760456154.8486981}
2025/10/14 15:35:55 POLARIS_LOG {"event":"send_rate","rate":296000,"ts":1760456155.8485985}
2025/10/14 15:35:56 POLARIS_LOG {"event":"send_rate","rate":304000,"ts":1760456156.8489192}
2025/10/14 15:35:57 POLARIS_LOG {"event":"send_rate","rate":304000,"ts":1760456157.8577726}
2025/10/14 15:35:58 POLARIS_LOG {"event":"send_rate","rate":296000,"ts":1760456158.8484457}
2025/10/14 15:35:59 POLARIS_LOG {"event":"send_rate","rate":296000,"ts":1760456159.8486803}
2025/10/14 15:36:00 POLARIS_LOG {"event":"send_rate","rate":304000,"ts":1760456160.8633091}
2025/10/14 15:36:01 POLARIS_LOG {"event":"send_rate","rate":296000,"ts":1760456161.8483746}
2025/10/14 15:36:02 POLARIS_LOG {"event":"send_rate","rate":304000,"ts":1760456162.8491457}
2025/10/14 15:36:03 POLARIS_LOG {"event":"send_rate","rate":296000,"ts":1760456163.8496993}
2025/10/14 15:36:04 POLARIS_LOG {"event":"send_rate","rate":304000,"ts":1760456164.8570507}
2025/10/14 15:36:05 POLARIS_LOG {"event":"send_rate","rate":296000,"ts":1760456165.8492503}
2025/10/14 15:36:06 POLARIS_LOG {"event":"send_rate","rate":304000,"ts":1760456166.8497844}
2025/10/14 15:36:07 POLARIS_LOG {"event":"send_rate","rate":288000,"ts":1760456167.8482127}
2025/10/14 15:36:08 POLARIS_LOG {"event":"send_rate","rate":312000,"ts":1760456168.8502698}
2025/10/14 15:36:09 POLARIS_LOG {"event":"send_rate","rate":304000,"ts":1760456169.8623583}
2025/10/14 15:36:10 POLARIS_LOG {"event":"send_rate","rate":296000,"ts":1760456170.8484483}
2025/10/14 15:36:11 POLARIS_LOG {"event":"send_rate","rate":296000,"ts":1760456171.848606}
2025/10/14 15:36:12 POLARIS_LOG {"event":"send_rate","rate":304000,"ts":1760456172.8485587}
2025/10/14 15:36:13 POLARIS_LOG {"event":"send_rate","rate":296000,"ts":1760456173.8555439}
2025/10/14 15:36:14 POLARIS_LOG {"event":"send_rate","rate":304000,"ts":1760456174.849168}
2025/10/14 15:36:15 POLARIS_LOG {"event":"send_rate","rate":256000,"ts":1760456175.8834708}
2025/10/14 15:36:16 POLARIS_LOG {"event":"send_rate","rate":320000,"ts":1760456176.848553}
2025/10/14 15:36:17 POLARIS_LOG {"event":"send_rate","rate":264000,"ts":1760456177.8633697}
2025/10/14 15:36:18 POLARIS_LOG {"event":"send_rate","rate":352000,"ts":1760456178.8491592}
2025/10/14 15:36:19 POLARIS_LOG {"event":"send_rate","rate":304000,"ts":1760456179.8484647}
2025/10/14 15:36:20 POLARIS_LOG {"event":"send_rate","rate":304000,"ts":1760456180.8492987}
2025/10/14 15:36:21 POLARIS_LOG {"event":"send_rate","rate":296000,"ts":1760456181.854262}
2025/10/14 15:36:22 POLARIS_LOG {"event":"send_rate","rate":304000,"ts":1760456182.848854}
2025/10/14 15:36:23 POLARIS_LOG {"event":"send_rate","rate":296000,"ts":1760456183.8486385}
2025/10/14 15:36:24 POLARIS_LOG {"event":"send_rate","rate":304000,"ts":1760456184.8483143}
2025/10/14 15:36:25 POLARIS_LOG {"event":"send_rate","rate":304000,"ts":1760456185.871147}
2025/10/14 15:36:26 POLARIS_LOG {"event":"send_rate","rate":296000,"ts":1760456186.850155}
2025/10/14 15:36:27 POLARIS_LOG {"event":"send_rate","rate":296000,"ts":1760456187.848264}
2025/10/14 15:36:28 POLARIS_LOG {"event":"send_rate","rate":296000,"ts":1760456188.8482606}
2025/10/14 15:36:29 POLARIS_LOG {"event":"send_rate","rate":304000,"ts":1760456189.8486056}
2025/10/14 15:36:30 POLARIS_LOG {"event":"send_rate","rate":304000,"ts":1760456190.8487952}
2025/10/14 15:36:31 POLARIS_LOG {"event":"send_rate","rate":296000,"ts":1760456191.8482966}
2025/10/14 15:36:32 POLARIS_LOG {"event":"send_rate","rate":304000,"ts":1760456192.8491542}
2025/10/14 15:36:33 POLARIS_LOG {"event":"send_rate","rate":296000,"ts":1760456193.849761}
2025/10/14 15:36:34 POLARIS_LOG {"event":"send_rate","rate":304000,"ts":1760456194.8504958}
2025/10/14 15:36:35 POLARIS_LOG {"event":"send_rate","rate":296000,"ts":1760456195.8488097}
2025/10/14 15:36:36 POLARIS_LOG {"event":"send_rate","rate":304000,"ts":1760456196.8491082}
2025/10/14 15:36:37 POLARIS_LOG {"event":"send_rate","rate":296000,"ts":1760456197.8544834}
2025/10/14 15:36:38 POLARIS_LOG {"event":"send_rate","rate":296000,"ts":1760456198.8484523}
2025/10/14 15:36:39 POLARIS_LOG {"event":"send_rate","rate":304000,"ts":1760456199.8491564}
2025/10/14 15:36:40 POLARIS_LOG {"event":"send_rate","rate":304000,"ts":1760456200.8533275}
2025/10/14 15:36:41 POLARIS_LOG {"event":"send_rate","rate":296000,"ts":1760456201.851293}
2025/10/14 15:36:42 POLARIS_LOG {"event":"send_rate","rate":296000,"ts":1760456202.8486679}
2025/10/14 15:36:43 POLARIS_LOG {"event":"send_rate","rate":312000,"ts":1760456203.8664186}
2025/10/14 15:36:44 POLARIS_LOG {"event":"send_rate","rate":288000,"ts":1760456204.8486788}
2025/10/14 15:36:45 POLARIS_LOG {"event":"send_rate","rate":304000,"ts":1760456205.8625011}
2025/10/14 15:36:46 POLARIS_LOG {"event":"send_rate","rate":296000,"ts":1760456206.850055}
2025/10/14 15:36:47 POLARIS_LOG {"event":"send_rate","rate":304000,"ts":1760456207.8490767}
2025/10/14 15:36:48 POLARIS_LOG {"event":"send_rate","rate":296000,"ts":1760456208.8492978}
2025/10/14 15:36:49 POLARIS_LOG {"event":"send_rate","rate":304000,"ts":1760456209.849152}
2025/10/14 15:36:50 POLARIS_LOG {"event":"send_rate","rate":296000,"ts":1760456210.8672185}
2025/10/14 15:36:51 POLARIS_LOG {"event":"send_rate","rate":304000,"ts":1760456211.84956}
2025/10/14 15:36:52 POLARIS_LOG {"event":"send_rate","rate":296000,"ts":1760456212.850226}
2025/10/14 15:36:53 POLARIS_LOG {"event":"send_rate","rate":304000,"ts":1760456213.8491976}
2025/10/14 15:36:54 POLARIS_LOG {"event":"send_rate","rate":296000,"ts":1760456214.8483226}
2025/10/14 15:36:55 POLARIS_LOG {"event":"send_rate","rate":312000,"ts":1760456215.867667}
2025/10/14 15:36:56 POLARIS_LOG {"event":"send_rate","rate":288000,"ts":1760456216.848407}
2025/10/14 15:36:57 POLARIS_LOG {"event":"send_rate","rate":304000,"ts":1760456217.8571198}
2025/10/14 15:36:58 POLARIS_LOG {"event":"send_rate","rate":312000,"ts":1760456218.8798466}
2025/10/14 15:36:59 POLARIS_LOG {"event":"send_rate","rate":288000,"ts":1760456219.8482525}
2025/10/14 15:37:00 POLARIS_LOG {"event":"send_rate","rate":304000,"ts":1760456220.870963}
2025/10/14 15:37:01 POLARIS_LOG {"event":"send_rate","rate":296000,"ts":1760456221.8485253}
2025/10/14 15:37:02 POLARIS_LOG {"event":"send_rate","rate":296000,"ts":1760456222.849379}
2025/10/14 15:37:03 POLARIS_LOG {"event":"send_rate","rate":304000,"ts":1760456223.849326}
2025/10/14 15:37:04 POLARIS_LOG {"event":"send_rate","rate":296000,"ts":1760456224.8489623}
2025/10/14 15:37:05 POLARIS_LOG {"event":"send_rate","rate":304000,"ts":1760456225.8494272}
2025/10/14 15:37:06 POLARIS_LOG {"event":"send_rate","rate":304000,"ts":1760456226.8644722}
2025/10/14 15:37:07 POLARIS_LOG {"event":"send_rate","rate":296000,"ts":1760456227.8484192}
2025/10/14 15:37:08 POLARIS_LOG {"event":"send_rate","rate":296000,"ts":1760456228.8491952}
2025/10/14 15:37:09 POLARIS_LOG {"event":"send_rate","rate":304000,"ts":1760456229.848246}
2025/10/14 15:37:10 POLARIS_LOG {"event":"send_rate","rate":296000,"ts":1760456230.8601818}
2025/10/14 15:37:11 POLARIS_LOG {"event":"send_rate","rate":304000,"ts":1760456231.851306}
2025/10/14 15:37:12 POLARIS_LOG {"event":"send_rate","rate":296000,"ts":1760456232.8526754}
2025/10/14 15:37:13 POLARIS_LOG {"event":"send_rate","rate":304000,"ts":1760456233.8492503}
2025/10/14 15:37:14 POLARIS_LOG {"event":"send_rate","rate":296000,"ts":1760456234.8512092}
2025/10/14 15:37:15 POLARIS_LOG {"event":"send_rate","rate":304000,"ts":1760456235.8498707}
2025/10/14 15:37:16 POLARIS_LOG {"event":"send_rate","rate":296000,"ts":1760456236.850343}
2025/10/14 15:37:17 POLARIS_LOG {"event":"send_rate","rate":304000,"ts":1760456237.8491378}
2025/10/14 15:37:18 POLARIS_LOG {"event":"send_rate","rate":304000,"ts":1760456238.8591871}
2025/10/14 15:37:19 POLARIS_LOG {"event":"send_rate","rate":296000,"ts":1760456239.8482726}
2025/10/14 15:37:20 POLARIS_LOG {"event":"send_rate","rate":296000,"ts":1760456240.8486502}
2025/10/14 15:37:21 POLARIS_LOG {"event":"send_rate","rate":304000,"ts":1760456241.8492458}
2025/10/14 15:37:22 POLARIS_LOG {"event":"send_rate","rate":296000,"ts":1760456242.8488643}
2025/10/14 15:37:23 POLARIS_LOG {"event":"send_rate","rate":304000,"ts":1760456243.8494825}
2025/10/14 15:37:24 POLARIS_LOG {"event":"send_rate","rate":304000,"ts":1760456244.85734}
2025/10/14 15:37:25 POLARIS_LOG {"event":"send_rate","rate":296000,"ts":1760456245.8483002}
2025/10/14 15:37:26 POLARIS_LOG {"event":"send_rate","rate":296000,"ts":1760456246.8489776}
2025/10/14 15:37:27 POLARIS_LOG {"event":"send_rate","rate":304000,"ts":1760456247.8494575}
2025/10/14 15:37:28 POLARIS_LOG {"event":"send_rate","rate":304000,"ts":1760456248.8682325}
2025/10/14 15:37:29 POLARIS_LOG {"event":"send_rate","rate":296000,"ts":1760456249.8486004}
2025/10/14 15:37:30 POLARIS_LOG {"event":"send_rate","rate":296000,"ts":1760456250.8483708}
2025/10/14 15:37:31 POLARIS_LOG {"event":"send_rate","rate":304000,"ts":1760456251.8559933}
2025/10/14 15:37:32 POLARIS_LOG {"event":"send_rate","rate":296000,"ts":1760456252.8485982}
2025/10/14 15:37:33 POLARIS_LOG {"event":"send_rate","rate":304000,"ts":1760456253.850165}
2025/10/14 15:37:34 POLARIS_LOG {"event":"send_rate","rate":296000,"ts":1760456254.8489184}
2025/10/14 15:37:35 POLARIS_LOG {"event":"send_rate","rate":304000,"ts":1760456255.8494225}
2025/10/14 15:37:36 POLARIS_LOG {"event":"send_rate","rate":296000,"ts":1760456256.8488214}
2025/10/14 15:37:37 POLARIS_LOG {"event":"send_rate","rate":304000,"ts":1760456257.8483083}
2025/10/14 15:37:38 POLARIS_LOG {"event":"send_rate","rate":296000,"ts":1760456258.8489053}
2025/10/14 15:37:39 POLARIS_LOG {"event":"send_rate","rate":304000,"ts":1760456259.8501873}
2025/10/14 15:37:40 POLARIS_LOG {"event":"send_rate","rate":296000,"ts":1760456260.848757}
2025/10/14 15:37:41 POLARIS_LOG {"event":"send_rate","rate":304000,"ts":1760456261.8489592}
2025/10/14 15:37:42 POLARIS_LOG {"event":"send_rate","rate":296000,"ts":1760456262.8494878}
2025/10/14 15:37:43 POLARIS_LOG {"event":"send_rate","rate":304000,"ts":1760456263.848212}
2025/10/14 15:37:44 POLARIS_LOG {"event":"send_rate","rate":296000,"ts":1760456264.84852}
2025/10/14 15:37:45 POLARIS_LOG {"event":"send_rate","rate":304000,"ts":1760456265.8487773}
2025/10/14 15:37:46 POLARIS_LOG {"event":"send_rate","rate":296000,"ts":1760456266.848566}
2025/10/14 15:37:47 POLARIS_LOG {"event":"send_rate","rate":296000,"ts":1760456267.848251}
2025/10/14 15:37:48 POLARIS_LOG {"event":"send_rate","rate":304000,"ts":1760456268.8483696}
2025/10/14 15:37:49 POLARIS_LOG {"event":"send_rate","rate":304000,"ts":1760456269.8487709}
2025/10/14 15:37:50 POLARIS_LOG {"event":"send_rate","rate":296000,"ts":1760456270.8500288}
2025/10/14 15:37:51 POLARIS_LOG {"event":"send_rate","rate":296000,"ts":1760456271.8490853}
2025/10/14 15:37:52 POLARIS_LOG {"event":"send_rate","rate":304000,"ts":1760456272.848692}
2025/10/14 15:37:53 POLARIS_LOG {"event":"send_rate","rate":304000,"ts":1760456273.8486218}
2025/10/14 15:37:54 POLARIS_LOG {"event":"send_rate","rate":296000,"ts":1760456274.8607113}
2025/10/14 15:37:55 POLARIS_LOG {"event":"send_rate","rate":304000,"ts":1760456275.8492439}
2025/10/14 15:37:56 POLARIS_LOG {"event":"send_rate","rate":296000,"ts":1760456276.849062}
2025/10/14 15:37:57 POLARIS_LOG {"event":"send_rate","rate":304000,"ts":1760456277.8548603}
2025/10/14 15:37:58 POLARIS_LOG {"event":"send_rate","rate":304000,"ts":1760456278.864701}
2025/10/14 15:37:59 POLARIS_LOG {"event":"send_rate","rate":296000,"ts":1760456279.8678017}
2025/10/14 15:38:00 POLARIS_LOG {"event":"send_rate","rate":296000,"ts":1760456280.8524582}
2025/10/14 15:38:01 POLARIS_LOG {"event":"send_rate","rate":296000,"ts":1760456281.8486097}
2025/10/14 15:38:02 POLARIS_LOG {"event":"send_rate","rate":304000,"ts":1760456282.8482208}
2025/10/14 15:38:03 POLARIS_LOG {"event":"send_rate","rate":296000,"ts":1760456283.8489056}
2025/10/14 15:38:04 POLARIS_LOG {"event":"send_rate","rate":304000,"ts":1760456284.8490934}
2025/10/14 15:38:05 POLARIS_LOG {"event":"send_rate","rate":304000,"ts":1760456285.858881}
2025/10/14 15:38:06 POLARIS_LOG {"event":"send_rate","rate":296000,"ts":1760456286.8505683}
2025/10/14 15:38:07 POLARIS_LOG {"event":"send_rate","rate":296000,"ts":1760456287.8484719}
2025/10/14 15:38:08 POLARIS_LOG {"event":"send_rate","rate":304000,"ts":1760456288.8482227}
2025/10/14 15:38:09 POLARIS_LOG {"event":"send_rate","rate":296000,"ts":1760456289.849042}
2025/10/14 15:38:10 POLARIS_LOG {"event":"send_rate","rate":304000,"ts":1760456290.8496737}
2025/10/14 15:38:11 POLARIS_LOG {"event":"send_rate","rate":304000,"ts":1760456291.8627355}
2025/10/14 15:38:12 POLARIS_LOG {"event":"send_rate","rate":296000,"ts":1760456292.848983}
2025/10/14 15:38:13 POLARIS_LOG {"event":"send_rate","rate":304000,"ts":1760456293.8609364}
2025/10/14 15:38:14 POLARIS_LOG {"event":"send_rate","rate":304000,"ts":1760456294.8663857}
2025/10/14 15:38:15 POLARIS_LOG {"event":"send_rate","rate":288000,"ts":1760456295.8514416}
2025/10/14 15:38:16 POLARIS_LOG {"event":"send_rate","rate":304000,"ts":1760456296.8485723}
2025/10/14 15:38:17 POLARIS_LOG {"event":"send_rate","rate":296000,"ts":1760456297.8489785}
2025/10/14 15:38:18 POLARIS_LOG {"event":"send_rate","rate":304000,"ts":1760456298.8553467}
2025/10/14 15:38:19 POLARIS_LOG {"event":"send_rate","rate":296000,"ts":1760456299.8645813}
2025/10/14 15:38:20 POLARIS_LOG {"event":"send_rate","rate":304000,"ts":1760456300.8490813}
2025/10/14 15:38:21 POLARIS_LOG {"event":"send_rate","rate":296000,"ts":1760456301.8508189}
2025/10/14 15:38:22 POLARIS_LOG {"event":"send_rate","rate":304000,"ts":1760456302.8482301}
2025/10/14 15:38:23 POLARIS_LOG {"event":"send_rate","rate":296000,"ts":1760456303.8507645}
2025/10/14 15:38:24 POLARIS_LOG {"event":"send_rate","rate":312000,"ts":1760456304.8871484}
2025/10/14 15:38:25 POLARIS_LOG {"event":"send_rate","rate":288000,"ts":1760456305.8489623}
2025/10/14 15:38:26 POLARIS_LOG {"event":"send_rate","rate":304000,"ts":1760456306.8611784}
2025/10/14 15:38:27 POLARIS_LOG {"event":"send_rate","rate":296000,"ts":1760456307.8508058}
2025/10/14 15:38:28 POLARIS_LOG {"event":"send_rate","rate":304000,"ts":1760456308.8482342}
2025/10/14 15:38:29 POLARIS_LOG {"event":"send_rate","rate":296000,"ts":1760456309.849895}
2025/10/14 15:38:30 POLARIS_LOG {"event":"send_rate","rate":304000,"ts":1760456310.8490534}
2025/10/14 15:38:31 POLARIS_LOG {"event":"send_rate","rate":304000,"ts":1760456311.8609805}
2025/10/14 15:38:32 POLARIS_LOG {"event":"send_rate","rate":296000,"ts":1760456312.859239}
2025/10/14 15:38:33 POLARIS_LOG {"event":"send_rate","rate":304000,"ts":1760456313.8576155}
2025/10/14 15:38:34 POLARIS_LOG {"event":"send_rate","rate":296000,"ts":1760456314.8490286}
2025/10/14 15:38:35 POLARIS_LOG {"event":"send_rate","rate":296000,"ts":1760456315.8490434}
2025/10/14 15:38:36 POLARIS_LOG {"event":"send_rate","rate":304000,"ts":1760456316.8514025}
2025/10/14 15:38:37 POLARIS_LOG {"event":"send_rate","rate":296000,"ts":1760456317.8621984}
2025/10/14 15:38:38 POLARIS_LOG {"event":"send_rate","rate":304000,"ts":1760456318.848498}
2025/10/14 15:38:39 POLARIS_LOG {"event":"send_rate","rate":296000,"ts":1760456319.848612}
2025/10/14 15:38:40 POLARIS_LOG {"event":"send_rate","rate":304000,"ts":1760456320.85952}
2025/10/14 15:38:41 POLARIS_LOG {"event":"send_rate","rate":304000,"ts":1760456321.8596296}
2025/10/14 15:38:42 POLARIS_LOG {"event":"send_rate","rate":296000,"ts":1760456322.848843}
2025/10/14 15:38:43 POLARIS_LOG {"event":"send_rate","rate":296000,"ts":1760456323.8483198}
2025/10/14 15:38:44 POLARIS_LOG {"event":"send_rate","rate":304000,"ts":1760456324.848579}
2025/10/14 15:38:45 POLARIS_LOG {"event":"send_rate","rate":304000,"ts":1760456325.8619506}
2025/10/14 15:38:46 POLARIS_LOG {"event":"send_rate","rate":296000,"ts":1760456326.84867}
2025/10/14 15:38:47 POLARIS_LOG {"event":"send_rate","rate":296000,"ts":1760456327.8491476}
2025/10/14 15:38:48 POLARIS_LOG {"event":"send_rate","rate":304000,"ts":1760456328.8482842}
2025/10/14 15:38:49 POLARIS_LOG {"event":"send_rate","rate":296000,"ts":1760456329.8512263}
2025/10/14 15:38:50 POLARIS_LOG {"event":"send_rate","rate":304000,"ts":1760456330.8490853}
2025/10/14 15:38:51 POLARIS_LOG {"event":"send_rate","rate":296000,"ts":1760456331.857842}
2025/10/14 15:38:52 POLARIS_LOG {"event":"send_rate","rate":304000,"ts":1760456332.848554}
2025/10/14 15:38:53 POLARIS_LOG {"event":"send_rate","rate":296000,"ts":1760456333.84915}
2025/10/14 15:38:54 POLARIS_LOG {"event":"send_rate","rate":304000,"ts":1760456334.8485317}
2025/10/14 15:38:55 POLARIS_LOG {"event":"send_rate","rate":296000,"ts":1760456335.8488104}
2025/10/14 15:38:56 POLARIS_LOG {"event":"send_rate","rate":304000,"ts":1760456336.8483276}
2025/10/14 15:38:57 POLARIS_LOG {"event":"send_rate","rate":296000,"ts":1760456337.8491735}
2025/10/14 15:38:58 POLARIS_LOG {"event":"send_rate","rate":304000,"ts":1760456338.8611288}
2025/10/14 15:38:59 POLARIS_LOG {"event":"send_rate","rate":296000,"ts":1760456339.8496041}
2025/10/14 15:39:00 POLARIS_LOG {"event":"send_rate","rate":304000,"ts":1760456340.8483791}
2025/10/14 15:39:01 POLARIS_LOG {"event":"send_rate","rate":296000,"ts":1760456341.8486629}
2025/10/14 15:39:02 POLARIS_LOG {"event":"send_rate","rate":304000,"ts":1760456342.848739}
2025/10/14 15:39:03 POLARIS_LOG {"event":"send_rate","rate":296000,"ts":1760456343.8485062}
2025/10/14 15:39:04 POLARIS_LOG {"event":"send_rate","rate":304000,"ts":1760456344.8482735}
2025/10/14 15:39:05 POLARIS_LOG {"event":"send_rate","rate":296000,"ts":1760456345.851096}
2025/10/14 15:39:06 POLARIS_LOG {"event":"send_rate","rate":304000,"ts":1760456346.8489678}
Skipping switch: current path 2 2 5 2 has lastEstimate 400000 >= maxEstimate 0
2025/10/14 15:39:07 POLARIS_LOG {"event":"send_rate","rate":288000,"ts":1760456347.848773}
2025/10/14 15:39:08 POLARIS_LOG {"event":"send_rate","rate":304000,"ts":1760456348.8482704}
2025/10/14 15:39:09 POLARIS_LOG {"event":"send_rate","rate":304000,"ts":1760456349.8490367}
2025/10/14 15:39:10 POLARIS_LOG {"event":"send_rate","rate":296000,"ts":1760456350.849529}
2025/10/14 15:39:11 POLARIS_LOG {"event":"send_rate","rate":304000,"ts":1760456351.8502176}
2025/10/14 15:39:12 POLARIS_LOG {"event":"send_rate","rate":296000,"ts":1760456352.848262}
2025/10/14 15:39:13 POLARIS_LOG {"event":"send_rate","rate":304000,"ts":1760456353.8491673}
2025/10/14 15:39:14 POLARIS_LOG {"event":"send_rate","rate":304000,"ts":1760456354.8714619}
2025/10/14 15:39:15 POLARIS_LOG {"event":"send_rate","rate":296000,"ts":1760456355.8489401}
2025/10/14 15:39:16 POLARIS_LOG {"event":"send_rate","rate":304000,"ts":1760456356.8600886}
2025/10/14 15:39:17 POLARIS_LOG {"event":"send_rate","rate":296000,"ts":1760456357.88789}
2025/10/14 15:39:18 POLARIS_LOG {"event":"send_rate","rate":304000,"ts":1760456358.8512142}
2025/10/14 15:39:19 POLARIS_LOG {"event":"send_rate","rate":296000,"ts":1760456359.8488638}
2025/10/14 15:39:20 POLARIS_LOG {"event":"send_rate","rate":304000,"ts":1760456360.8569987}
2025/10/14 15:39:21 POLARIS_LOG {"event":"send_rate","rate":296000,"ts":1760456361.8494956}
2025/10/14 15:39:22 POLARIS_LOG {"event":"send_rate","rate":296000,"ts":1760456362.8483524}
2025/10/14 15:39:23 POLARIS_LOG {"event":"send_rate","rate":312000,"ts":1760456363.8666363}
2025/10/14 15:39:24 POLARIS_LOG {"event":"send_rate","rate":288000,"ts":1760456364.8487318}
2025/10/14 15:39:25 POLARIS_LOG {"event":"send_rate","rate":304000,"ts":1760456365.8489666}
2025/10/14 15:39:26 POLARIS_LOG {"event":"send_rate","rate":304000,"ts":1760456366.8765783}
2025/10/14 15:39:27 POLARIS_LOG {"event":"send_rate","rate":296000,"ts":1760456367.8482547}
2025/10/14 15:39:28 POLARIS_LOG {"event":"send_rate","rate":296000,"ts":1760456368.8483965}
2025/10/14 15:39:29 POLARIS_LOG {"event":"send_rate","rate":304000,"ts":1760456369.8488839}
2025/10/14 15:39:30 POLARIS_LOG {"event":"send_rate","rate":296000,"ts":1760456370.848215}
We need to sleep for 1 seconds before we can get the results
2025/10/14 15:39:31 POLARIS_LOG {"event":"send_rate","rate":216000,"ts":1760456371.8492851}
Drain Loop received packet
Drain Loop received non-nil payload
Client sent 9112 packets, server reported 9068 packets received
The network loss rate from client to server is 0.5%

S->C results
Attempted bandwidth: 0 bps / 0.00 Mbps
Achieved bandwidth: 0 bps / 0.00 Mbps
Loss rate: 0.0%
Interarrival time min/avg/max/mdev = -0.000/0.000/0.000/0.000 ms

C->S results
Attempted bandwidth: 299983 bps / 0.30 Mbps
Achieved bandwidth: 298534 bps / 0.30 Mbps
Loss rate: 0.5%
Interarrival time min/avg/max/mdev = 0.002/26.682/440.314/20.338 ms
