
Test parameters:
client->server: 209 seconds, 1000 bytes, 13062 packets
server->client: 209 seconds, 1000 bytes, 0 packets
2025/10/17 19:42:36 POLARIS_LOG {"current_rate":0,"event":"path_switch","new":"2 2 5 2","trigger":"initialization","ts":1760730156.4203482}
Polaris prober initialized with 38 paths
Polaris prober initialized with local 1-111,10.111.0.71:32725 and remote 1-113,10.113.0.71
2025/10/17 19:42:37 POLARIS_LOG {"event":"send_rate","rate":88000,"ts":1760730157.4281552}
2025/10/17 19:42:38 POLARIS_LOG {"event":"send_rate","rate":504000,"ts":1760730158.4220388}
2025/10/17 19:42:39 POLARIS_LOG {"event":"send_rate","rate":496000,"ts":1760730159.422591}
2025/10/17 19:42:40 POLARIS_LOG {"event":"send_rate","rate":496000,"ts":1760730160.42941}
2025/10/17 19:42:41 POLARIS_LOG {"event":"send_rate","rate":504000,"ts":1760730161.421978}
2025/10/17 19:42:42 POLARIS_LOG {"event":"send_rate","rate":328000,"ts":1760730162.4317038}
2025/10/17 19:42:43 POLARIS_LOG {"event":"send_rate","rate":272000,"ts":1760730163.4216082}
2025/10/17 19:42:44 POLARIS_LOG {"event":"send_rate","rate":216000,"ts":1760730164.4230154}
2025/10/17 19:42:45 POLARIS_LOG {"event":"send_rate","rate":152000,"ts":1760730165.42255}
Skipping switch: current path 2 2 5 2 has lastEstimate 250000 >= maxEstimate 0
2025/10/17 19:42:46 POLARIS_LOG {"event":"send_rate","rate":200000,"ts":1760730166.4219406}
2025/10/17 19:42:47 POLARIS_LOG {"event":"send_rate","rate":256000,"ts":1760730167.4237933}
2025/10/17 19:42:48 POLARIS_LOG {"event":"send_rate","rate":312000,"ts":1760730168.4224048}
2025/10/17 19:42:49 POLARIS_LOG {"event":"send_rate","rate":344000,"ts":1760730169.422268}
2025/10/17 19:42:50 POLARIS_LOG {"event":"send_rate","rate":296000,"ts":1760730170.4300694}
2025/10/17 19:42:51 POLARIS_LOG {"event":"send_rate","rate":312000,"ts":1760730171.4254587}
2025/10/17 19:42:52 POLARIS_LOG {"event":"send_rate","rate":264000,"ts":1760730172.4221377}
2025/10/17 19:42:53 POLARIS_LOG {"event":"send_rate","rate":208000,"ts":1760730173.4217253}
2025/10/17 19:42:54 POLARIS_LOG {"event":"send_rate","rate":232000,"ts":1760730174.4216733}
2025/10/17 19:42:55 POLARIS_LOG {"event":"send_rate","rate":400000,"ts":1760730175.4216592}
2025/10/17 19:42:56 POLARIS_LOG {"candidates":2,"candidates_unfiltered":2,"current_rate":400000,"estimated_share":666500,"event":"path_switch","max_estimated_share":666500,"new":"4 4 2 4","old":"2 2 5 2","trigger":"scheduled","ts":1760730176.4269986}
2025/10/17 19:42:56 POLARIS_LOG {"event":"send_rate","rate":288000,"ts":1760730176.4273908}
2025/10/17 19:42:57 POLARIS_LOG {"event":"send_rate","rate":3920000,"ts":1760730177.4235806}
2025/10/17 19:42:58 POLARIS_LOG {"event":"send_rate","rate":504000,"ts":1760730178.4255931}
2025/10/17 19:42:59 POLARIS_LOG {"event":"send_rate","rate":496000,"ts":1760730179.4221585}
2025/10/17 19:43:00 POLARIS_LOG {"event":"send_rate","rate":504000,"ts":1760730180.4235773}
2025/10/17 19:43:01 POLARIS_LOG {"event":"send_rate","rate":496000,"ts":1760730181.421458}
2025/10/17 19:43:02 POLARIS_LOG {"event":"send_rate","rate":496000,"ts":1760730182.4231174}
2025/10/17 19:43:03 POLARIS_LOG {"event":"send_rate","rate":528000,"ts":1760730183.4642231}
2025/10/17 19:43:04 POLARIS_LOG {"event":"send_rate","rate":472000,"ts":1760730184.4230917}
2025/10/17 19:43:05 POLARIS_LOG {"event":"send_rate","rate":504000,"ts":1760730185.422467}
2025/10/17 19:43:06 POLARIS_LOG {"event":"send_rate","rate":504000,"ts":1760730186.4284728}
2025/10/17 19:43:07 POLARIS_LOG {"event":"send_rate","rate":496000,"ts":1760730187.4229498}
2025/10/17 19:43:08 POLARIS_LOG {"event":"send_rate","rate":496000,"ts":1760730188.4221544}
2025/10/17 19:43:09 POLARIS_LOG {"event":"send_rate","rate":504000,"ts":1760730189.4216075}
2025/10/17 19:43:10 POLARIS_LOG {"event":"send_rate","rate":496000,"ts":1760730190.4219646}
2025/10/17 19:43:11 POLARIS_LOG {"event":"send_rate","rate":504000,"ts":1760730191.4214442}
2025/10/17 19:43:12 POLARIS_LOG {"event":"send_rate","rate":496000,"ts":1760730192.4216945}
2025/10/17 19:43:13 POLARIS_LOG {"event":"send_rate","rate":504000,"ts":1760730193.4215667}
2025/10/17 19:43:14 POLARIS_LOG {"event":"send_rate","rate":496000,"ts":1760730194.4247284}
2025/10/17 19:43:15 POLARIS_LOG {"event":"send_rate","rate":504000,"ts":1760730195.4263794}
2025/10/17 19:43:16 POLARIS_LOG {"event":"send_rate","rate":496000,"ts":1760730196.4221163}
2025/10/17 19:43:17 POLARIS_LOG {"event":"send_rate","rate":504000,"ts":1760730197.4217403}
2025/10/17 19:43:18 POLARIS_LOG {"event":"send_rate","rate":504000,"ts":1760730198.4278224}
2025/10/17 19:43:19 POLARIS_LOG {"event":"send_rate","rate":496000,"ts":1760730199.4259946}
2025/10/17 19:43:20 POLARIS_LOG {"event":"send_rate","rate":496000,"ts":1760730200.4214733}
2025/10/17 19:43:21 POLARIS_LOG {"event":"send_rate","rate":504000,"ts":1760730201.4222276}
2025/10/17 19:43:22 POLARIS_LOG {"event":"send_rate","rate":496000,"ts":1760730202.4239643}
2025/10/17 19:43:23 POLARIS_LOG {"event":"send_rate","rate":512000,"ts":1760730203.4414248}
2025/10/17 19:43:24 POLARIS_LOG {"event":"send_rate","rate":488000,"ts":1760730204.4223163}
2025/10/17 19:43:25 POLARIS_LOG {"event":"send_rate","rate":504000,"ts":1760730205.421734}
2025/10/17 19:43:26 POLARIS_LOG {"event":"send_rate","rate":496000,"ts":1760730206.4217725}
2025/10/17 19:43:27 POLARIS_LOG {"event":"send_rate","rate":504000,"ts":1760730207.425746}
2025/10/17 19:43:28 POLARIS_LOG {"event":"send_rate","rate":496000,"ts":1760730208.4229498}
2025/10/17 19:43:29 POLARIS_LOG {"event":"send_rate","rate":504000,"ts":1760730209.4232607}
2025/10/17 19:43:30 POLARIS_LOG {"event":"send_rate","rate":496000,"ts":1760730210.4234858}
2025/10/17 19:43:31 POLARIS_LOG {"event":"send_rate","rate":504000,"ts":1760730211.4224427}
2025/10/17 19:43:32 POLARIS_LOG {"event":"send_rate","rate":496000,"ts":1760730212.422997}
2025/10/17 19:43:33 POLARIS_LOG {"event":"send_rate","rate":504000,"ts":1760730213.422581}
2025/10/17 19:43:34 POLARIS_LOG {"event":"send_rate","rate":496000,"ts":1760730214.4229488}
2025/10/17 19:43:35 POLARIS_LOG {"event":"send_rate","rate":496000,"ts":1760730215.4285953}
2025/10/17 19:43:36 POLARIS_LOG {"event":"send_rate","rate":504000,"ts":1760730216.4218}
2025/10/17 19:43:37 POLARIS_LOG {"event":"send_rate","rate":504000,"ts":1760730217.4232752}
2025/10/17 19:43:38 POLARIS_LOG {"event":"send_rate","rate":496000,"ts":1760730218.4223838}
2025/10/17 19:43:39 POLARIS_LOG {"event":"send_rate","rate":504000,"ts":1760730219.4225345}
2025/10/17 19:43:40 POLARIS_LOG {"event":"send_rate","rate":496000,"ts":1760730220.4215913}
2025/10/17 19:43:41 POLARIS_LOG {"event":"send_rate","rate":504000,"ts":1760730221.4222581}
2025/10/17 19:43:42 POLARIS_LOG {"event":"send_rate","rate":496000,"ts":1760730222.432805}
2025/10/17 19:43:43 POLARIS_LOG {"event":"send_rate","rate":512000,"ts":1760730223.4386518}
2025/10/17 19:43:44 POLARIS_LOG {"event":"send_rate","rate":488000,"ts":1760730224.4223459}
2025/10/17 19:43:45 POLARIS_LOG {"event":"send_rate","rate":504000,"ts":1760730225.4249327}
2025/10/17 19:43:46 POLARIS_LOG {"event":"send_rate","rate":496000,"ts":1760730226.4229033}
2025/10/17 19:43:47 POLARIS_LOG {"event":"send_rate","rate":496000,"ts":1760730227.4229786}
2025/10/17 19:43:48 POLARIS_LOG {"event":"send_rate","rate":504000,"ts":1760730228.4221833}
2025/10/17 19:43:49 POLARIS_LOG {"event":"send_rate","rate":504000,"ts":1760730229.431415}
2025/10/17 19:43:50 POLARIS_LOG {"event":"send_rate","rate":496000,"ts":1760730230.4223816}
2025/10/17 19:43:51 POLARIS_LOG {"event":"send_rate","rate":504000,"ts":1760730231.4215791}
2025/10/17 19:43:52 POLARIS_LOG {"event":"send_rate","rate":496000,"ts":1760730232.4222}
2025/10/17 19:43:53 POLARIS_LOG {"event":"send_rate","rate":496000,"ts":1760730233.4221516}
2025/10/17 19:43:54 POLARIS_LOG {"event":"send_rate","rate":504000,"ts":1760730234.4250166}
2025/10/17 19:43:55 POLARIS_LOG {"event":"send_rate","rate":496000,"ts":1760730235.421493}
2025/10/17 19:43:56 POLARIS_LOG {"event":"send_rate","rate":504000,"ts":1760730236.4222891}
2025/10/17 19:43:57 POLARIS_LOG {"event":"send_rate","rate":504000,"ts":1760730237.4249415}
2025/10/17 19:43:58 POLARIS_LOG {"event":"send_rate","rate":496000,"ts":1760730238.4254563}
2025/10/17 19:43:59 POLARIS_LOG {"event":"send_rate","rate":496000,"ts":1760730239.4221396}
2025/10/17 19:44:00 POLARIS_LOG {"event":"send_rate","rate":504000,"ts":1760730240.422244}
2025/10/17 19:44:01 POLARIS_LOG {"event":"send_rate","rate":504000,"ts":1760730241.4295402}
2025/10/17 19:44:02 POLARIS_LOG {"event":"send_rate","rate":496000,"ts":1760730242.4220529}
2025/10/17 19:44:03 POLARIS_LOG {"event":"send_rate","rate":504000,"ts":1760730243.4236732}
2025/10/17 19:44:04 POLARIS_LOG {"event":"send_rate","rate":496000,"ts":1760730244.4241316}
2025/10/17 19:44:05 POLARIS_LOG {"event":"send_rate","rate":496000,"ts":1760730245.4221888}
2025/10/17 19:44:06 POLARIS_LOG {"event":"send_rate","rate":504000,"ts":1760730246.4216576}
2025/10/17 19:44:07 POLARIS_LOG {"event":"send_rate","rate":496000,"ts":1760730247.4228332}
2025/10/17 19:44:08 POLARIS_LOG {"event":"send_rate","rate":504000,"ts":1760730248.4243777}
2025/10/17 19:44:09 POLARIS_LOG {"event":"send_rate","rate":496000,"ts":1760730249.4221697}
2025/10/17 19:44:10 POLARIS_LOG {"event":"send_rate","rate":504000,"ts":1760730250.4245772}
2025/10/17 19:44:11 POLARIS_LOG {"event":"send_rate","rate":496000,"ts":1760730251.422172}
2025/10/17 19:44:12 POLARIS_LOG {"event":"send_rate","rate":504000,"ts":1760730252.4224138}
2025/10/17 19:44:13 POLARIS_LOG {"event":"send_rate","rate":496000,"ts":1760730253.421831}
2025/10/17 19:44:14 POLARIS_LOG {"event":"send_rate","rate":504000,"ts":1760730254.4220057}
2025/10/17 19:44:15 POLARIS_LOG {"event":"send_rate","rate":496000,"ts":1760730255.4226475}
2025/10/17 19:44:16 POLARIS_LOG {"event":"send_rate","rate":504000,"ts":1760730256.4315276}
2025/10/17 19:44:17 POLARIS_LOG {"event":"send_rate","rate":496000,"ts":1760730257.4223216}
2025/10/17 19:44:18 POLARIS_LOG {"event":"send_rate","rate":504000,"ts":1760730258.4253879}
2025/10/17 19:44:19 POLARIS_LOG {"event":"send_rate","rate":496000,"ts":1760730259.4216769}
2025/10/17 19:44:20 POLARIS_LOG {"event":"send_rate","rate":504000,"ts":1760730260.4318824}
2025/10/17 19:44:21 POLARIS_LOG {"event":"send_rate","rate":504000,"ts":1760730261.4252412}
2025/10/17 19:44:22 POLARIS_LOG {"event":"send_rate","rate":496000,"ts":1760730262.422338}
2025/10/17 19:44:23 POLARIS_LOG {"event":"send_rate","rate":496000,"ts":1760730263.4243407}
2025/10/17 19:44:24 POLARIS_LOG {"event":"send_rate","rate":504000,"ts":1760730264.4258237}
2025/10/17 19:44:25 POLARIS_LOG {"event":"send_rate","rate":504000,"ts":1760730265.433511}
2025/10/17 19:44:26 POLARIS_LOG {"event":"send_rate","rate":504000,"ts":1760730266.4415944}
2025/10/17 19:44:27 POLARIS_LOG {"event":"send_rate","rate":488000,"ts":1760730267.4215078}
2025/10/17 19:44:28 POLARIS_LOG {"event":"send_rate","rate":504000,"ts":1760730268.421613}
2025/10/17 19:44:29 POLARIS_LOG {"event":"send_rate","rate":504000,"ts":1760730269.4258296}
2025/10/17 19:44:30 POLARIS_LOG {"event":"send_rate","rate":496000,"ts":1760730270.434039}
2025/10/17 19:44:31 POLARIS_LOG {"event":"send_rate","rate":496000,"ts":1760730271.4314477}
2025/10/17 19:44:32 POLARIS_LOG {"event":"send_rate","rate":504000,"ts":1760730272.4223661}
2025/10/17 19:44:33 POLARIS_LOG {"event":"send_rate","rate":504000,"ts":1760730273.4606035}
2025/10/17 19:44:34 POLARIS_LOG {"event":"send_rate","rate":496000,"ts":1760730274.4297767}
2025/10/17 19:44:35 POLARIS_LOG {"event":"send_rate","rate":496000,"ts":1760730275.422012}
2025/10/17 19:44:36 POLARIS_LOG {"event":"send_rate","rate":504000,"ts":1760730276.421468}
2025/10/17 19:44:37 POLARIS_LOG {"event":"send_rate","rate":496000,"ts":1760730277.4252307}
2025/10/17 19:44:38 POLARIS_LOG {"event":"send_rate","rate":504000,"ts":1760730278.4214706}
2025/10/17 19:44:39 POLARIS_LOG {"event":"send_rate","rate":496000,"ts":1760730279.4253159}
2025/10/17 19:44:40 POLARIS_LOG {"event":"send_rate","rate":504000,"ts":1760730280.4221683}
2025/10/17 19:44:41 POLARIS_LOG {"event":"send_rate","rate":496000,"ts":1760730281.4226525}
2025/10/17 19:44:42 POLARIS_LOG {"event":"send_rate","rate":504000,"ts":1760730282.4221797}
2025/10/17 19:44:43 POLARIS_LOG {"event":"send_rate","rate":496000,"ts":1760730283.4216266}
2025/10/17 19:44:44 POLARIS_LOG {"event":"send_rate","rate":512000,"ts":1760730284.4464028}
2025/10/17 19:44:45 POLARIS_LOG {"event":"send_rate","rate":488000,"ts":1760730285.423638}
2025/10/17 19:44:46 POLARIS_LOG {"event":"send_rate","rate":496000,"ts":1760730286.468603}
2025/10/17 19:44:47 POLARIS_LOG {"event":"send_rate","rate":504000,"ts":1760730287.4225342}
2025/10/17 19:44:48 POLARIS_LOG {"event":"send_rate","rate":504000,"ts":1760730288.4301462}
2025/10/17 19:44:49 POLARIS_LOG {"event":"send_rate","rate":496000,"ts":1760730289.4224591}
2025/10/17 19:44:50 POLARIS_LOG {"event":"send_rate","rate":504000,"ts":1760730290.422463}
2025/10/17 19:44:51 POLARIS_LOG {"event":"send_rate","rate":496000,"ts":1760730291.4254842}
2025/10/17 19:44:52 POLARIS_LOG {"event":"send_rate","rate":496000,"ts":1760730292.4215753}
2025/10/17 19:44:53 POLARIS_LOG {"event":"send_rate","rate":504000,"ts":1760730293.4231892}
2025/10/17 19:44:54 POLARIS_LOG {"event":"send_rate","rate":504000,"ts":1760730294.4229193}
2025/10/17 19:44:55 POLARIS_LOG {"event":"send_rate","rate":496000,"ts":1760730295.4244199}
2025/10/17 19:44:56 POLARIS_LOG {"event":"send_rate","rate":512000,"ts":1760730296.4386592}
2025/10/17 19:44:57 POLARIS_LOG {"event":"send_rate","rate":496000,"ts":1760730297.4321263}
2025/10/17 19:44:58 POLARIS_LOG {"event":"send_rate","rate":504000,"ts":1760730298.4424627}
2025/10/17 19:44:59 POLARIS_LOG {"event":"send_rate","rate":488000,"ts":1760730299.4275937}
2025/10/17 19:45:00 POLARIS_LOG {"event":"send_rate","rate":504000,"ts":1760730300.4347656}
2025/10/17 19:45:01 POLARIS_LOG {"event":"send_rate","rate":496000,"ts":1760730301.4254272}
2025/10/17 19:45:02 POLARIS_LOG {"event":"send_rate","rate":496000,"ts":1760730302.4215748}
2025/10/17 19:45:03 POLARIS_LOG {"event":"send_rate","rate":504000,"ts":1760730303.424932}
2025/10/17 19:45:04 POLARIS_LOG {"event":"send_rate","rate":504000,"ts":1760730304.4239726}
2025/10/17 19:45:05 POLARIS_LOG {"event":"send_rate","rate":496000,"ts":1760730305.4215255}
2025/10/17 19:45:06 POLARIS_LOG {"event":"send_rate","rate":496000,"ts":1760730306.4214473}
2025/10/17 19:45:07 POLARIS_LOG {"event":"send_rate","rate":504000,"ts":1760730307.425824}
2025/10/17 19:45:08 POLARIS_LOG {"event":"send_rate","rate":520000,"ts":1760730308.4740882}
2025/10/17 19:45:09 POLARIS_LOG {"event":"send_rate","rate":480000,"ts":1760730309.4228244}
2025/10/17 19:45:10 POLARIS_LOG {"event":"send_rate","rate":504000,"ts":1760730310.4284768}
2025/10/17 19:45:11 POLARIS_LOG {"event":"send_rate","rate":504000,"ts":1760730311.434599}
2025/10/17 19:45:12 POLARIS_LOG {"event":"send_rate","rate":488000,"ts":1760730312.4229658}
2025/10/17 19:45:13 POLARIS_LOG {"event":"send_rate","rate":504000,"ts":1760730313.4230425}
2025/10/17 19:45:14 POLARIS_LOG {"event":"send_rate","rate":496000,"ts":1760730314.4250665}
2025/10/17 19:45:15 POLARIS_LOG {"event":"send_rate","rate":504000,"ts":1760730315.422522}
2025/10/17 19:45:16 POLARIS_LOG {"event":"send_rate","rate":496000,"ts":1760730316.422679}
2025/10/17 19:45:17 POLARIS_LOG {"event":"send_rate","rate":496000,"ts":1760730317.4214501}
2025/10/17 19:45:18 POLARIS_LOG {"event":"send_rate","rate":504000,"ts":1760730318.423233}
2025/10/17 19:45:19 POLARIS_LOG {"event":"send_rate","rate":504000,"ts":1760730319.4274645}
2025/10/17 19:45:20 POLARIS_LOG {"event":"send_rate","rate":496000,"ts":1760730320.422149}
2025/10/17 19:45:21 POLARIS_LOG {"event":"send_rate","rate":504000,"ts":1760730321.4248254}
2025/10/17 19:45:22 POLARIS_LOG {"event":"send_rate","rate":496000,"ts":1760730322.4228}
2025/10/17 19:45:23 POLARIS_LOG {"event":"send_rate","rate":496000,"ts":1760730323.4383676}
2025/10/17 19:45:24 POLARIS_LOG {"event":"send_rate","rate":512000,"ts":1760730324.4241414}
2025/10/17 19:45:25 POLARIS_LOG {"event":"send_rate","rate":496000,"ts":1760730325.428066}
2025/10/17 19:45:26 POLARIS_LOG {"event":"send_rate","rate":496000,"ts":1760730326.4230967}
2025/10/17 19:45:27 POLARIS_LOG {"event":"send_rate","rate":504000,"ts":1760730327.4244745}
2025/10/17 19:45:28 POLARIS_LOG {"event":"send_rate","rate":496000,"ts":1760730328.4219198}
2025/10/17 19:45:29 POLARIS_LOG {"event":"send_rate","rate":504000,"ts":1760730329.4267983}
2025/10/17 19:45:30 POLARIS_LOG {"event":"send_rate","rate":496000,"ts":1760730330.4221287}
2025/10/17 19:45:31 POLARIS_LOG {"event":"send_rate","rate":504000,"ts":1760730331.4243605}
2025/10/17 19:45:32 POLARIS_LOG {"event":"send_rate","rate":504000,"ts":1760730332.429629}
2025/10/17 19:45:33 POLARIS_LOG {"event":"send_rate","rate":488000,"ts":1760730333.4243808}
2025/10/17 19:45:34 POLARIS_LOG {"event":"send_rate","rate":512000,"ts":1760730334.4277422}
2025/10/17 19:45:35 POLARIS_LOG {"event":"send_rate","rate":496000,"ts":1760730335.4214668}
2025/10/17 19:45:36 POLARIS_LOG {"event":"send_rate","rate":496000,"ts":1760730336.422267}
2025/10/17 19:45:37 POLARIS_LOG {"event":"send_rate","rate":504000,"ts":1760730337.4263237}
2025/10/17 19:45:38 POLARIS_LOG {"event":"send_rate","rate":496000,"ts":1760730338.4215758}
2025/10/17 19:45:39 POLARIS_LOG {"event":"send_rate","rate":504000,"ts":1760730339.4235246}
2025/10/17 19:45:40 POLARIS_LOG {"event":"send_rate","rate":504000,"ts":1760730340.4374096}
2025/10/17 19:45:41 POLARIS_LOG {"event":"send_rate","rate":496000,"ts":1760730341.4226549}
2025/10/17 19:45:42 POLARIS_LOG {"event":"send_rate","rate":496000,"ts":1760730342.425738}
2025/10/17 19:45:43 POLARIS_LOG {"event":"send_rate","rate":504000,"ts":1760730343.441415}
2025/10/17 19:45:44 POLARIS_LOG {"event":"send_rate","rate":496000,"ts":1760730344.4233751}
2025/10/17 19:45:45 POLARIS_LOG {"event":"send_rate","rate":504000,"ts":1760730345.4297287}
2025/10/17 19:45:46 POLARIS_LOG {"event":"send_rate","rate":504000,"ts":1760730346.4279516}
2025/10/17 19:45:47 POLARIS_LOG {"event":"send_rate","rate":496000,"ts":1760730347.422074}
2025/10/17 19:45:48 POLARIS_LOG {"event":"send_rate","rate":504000,"ts":1760730348.4385402}
2025/10/17 19:45:49 POLARIS_LOG {"event":"send_rate","rate":504000,"ts":1760730349.4392896}
2025/10/17 19:45:50 POLARIS_LOG {"event":"send_rate","rate":488000,"ts":1760730350.4221776}
2025/10/17 19:45:51 POLARIS_LOG {"event":"send_rate","rate":504000,"ts":1760730351.422745}
2025/10/17 19:45:52 POLARIS_LOG {"event":"send_rate","rate":496000,"ts":1760730352.4225209}
2025/10/17 19:45:53 POLARIS_LOG {"event":"send_rate","rate":504000,"ts":1760730353.4240482}
2025/10/17 19:45:54 POLARIS_LOG {"event":"send_rate","rate":496000,"ts":1760730354.422802}
2025/10/17 19:45:55 POLARIS_LOG {"event":"send_rate","rate":504000,"ts":1760730355.4237635}
2025/10/17 19:45:56 POLARIS_LOG {"event":"send_rate","rate":496000,"ts":1760730356.4224205}
2025/10/17 19:45:57 POLARIS_LOG {"event":"send_rate","rate":504000,"ts":1760730357.42431}
2025/10/17 19:45:58 POLARIS_LOG {"event":"send_rate","rate":496000,"ts":1760730358.4581466}
2025/10/17 19:45:59 POLARIS_LOG {"event":"send_rate","rate":504000,"ts":1760730359.4230149}
2025/10/17 19:46:00 POLARIS_LOG {"event":"send_rate","rate":520000,"ts":1760730360.462795}
2025/10/17 19:46:01 POLARIS_LOG {"event":"send_rate","rate":480000,"ts":1760730361.421856}
2025/10/17 19:46:02 POLARIS_LOG {"event":"send_rate","rate":496000,"ts":1760730362.4214578}
2025/10/17 19:46:03 POLARIS_LOG {"event":"send_rate","rate":504000,"ts":1760730363.4296634}
2025/10/17 19:46:04 POLARIS_LOG {"event":"send_rate","rate":496000,"ts":1760730364.4257593}
2025/10/17 19:46:05 POLARIS_LOG {"event":"send_rate","rate":504000,"ts":1760730365.4249525}
2025/10/17 19:46:06 POLARIS_LOG {"event":"send_rate","rate":416000,"ts":1760730366.4223409}
We need to sleep for 1 seconds before we can get the results
Drain Loop received packet
Drain Loop received non-nil payload
Client sent 13062 packets, server reported 13037 packets received
The network loss rate from client to server is 0.2%

S->C results
Attempted bandwidth: 0 bps / 0.00 Mbps
Achieved bandwidth: 0 bps / 0.00 Mbps
Loss rate: 0.0%
Interarrival time min/avg/max/mdev = -0.000/0.000/0.000/0.000 ms

C->S results
Attempted bandwidth: 499980 bps / 0.50 Mbps
Achieved bandwidth: 499023 bps / 0.50 Mbps
Loss rate: 0.2%
Interarrival time min/avg/max/mdev = 0.002/15.966/356.155/18.444 ms
