
Test parameters:
client->server: 237 seconds, 1000 bytes, 14812 packets
server->client: 237 seconds, 1000 bytes, 0 packets
Polaris prober initialized with 38 paths
2025/10/17 19:42:08 POLARIS_LOG {"current_rate":0,"event":"path_switch","new":"2 2 5 2","trigger":"initialization","ts":1760730128.4135253}
Polaris prober initialized with local 1-111,10.111.0.71:32737 and remote 1-113,10.113.0.71
2025/10/17 19:42:09 POLARIS_LOG {"event":"send_rate","rate":0,"ts":1760730129.4145715}
2025/10/17 19:42:10 POLARIS_LOG {"event":"send_rate","rate":432000,"ts":1760730130.4142282}
2025/10/17 19:42:11 POLARIS_LOG {"event":"send_rate","rate":496000,"ts":1760730131.4142287}
2025/10/17 19:42:12 POLARIS_LOG {"event":"send_rate","rate":408000,"ts":1760730132.4146883}
2025/10/17 19:42:13 POLARIS_LOG {"event":"send_rate","rate":248000,"ts":1760730133.4143367}
2025/10/17 19:42:14 POLARIS_LOG {"event":"send_rate","rate":312000,"ts":1760730134.4145043}
2025/10/17 19:42:15 POLARIS_LOG {"event":"send_rate","rate":320000,"ts":1760730135.41477}
2025/10/17 19:42:16 POLARIS_LOG {"event":"send_rate","rate":400000,"ts":1760730136.414562}
2025/10/17 19:42:17 POLARIS_LOG {"event":"send_rate","rate":344000,"ts":1760730137.4151976}
2025/10/17 19:42:18 POLARIS_LOG {"event":"send_rate","rate":344000,"ts":1760730138.4163754}
2025/10/17 19:42:18 POLARIS_LOG {"candidates":25,"candidates_unfiltered":25,"current_rate":344000,"estimated_share":666500,"event":"path_switch","max_estimated_share":666500,"new":"1 1 4 1","old":"2 2 5 2","trigger":"scheduled","ts":1760730138.416437}
2025/10/17 19:42:19 POLARIS_LOG {"event":"send_rate","rate":1624000,"ts":1760730139.4146693}
2025/10/17 19:42:20 POLARIS_LOG {"event":"send_rate","rate":504000,"ts":1760730140.4152055}
2025/10/17 19:42:21 POLARIS_LOG {"event":"send_rate","rate":496000,"ts":1760730141.416223}
2025/10/17 19:42:22 POLARIS_LOG {"event":"send_rate","rate":504000,"ts":1760730142.4156778}
2025/10/17 19:42:23 POLARIS_LOG {"event":"send_rate","rate":496000,"ts":1760730143.414966}
2025/10/17 19:42:24 POLARIS_LOG {"event":"send_rate","rate":504000,"ts":1760730144.4152577}
2025/10/17 19:42:25 POLARIS_LOG {"event":"send_rate","rate":504000,"ts":1760730145.4276657}
2025/10/17 19:42:26 POLARIS_LOG {"event":"send_rate","rate":496000,"ts":1760730146.415296}
2025/10/17 19:42:27 POLARIS_LOG {"event":"send_rate","rate":496000,"ts":1760730147.4160948}
2025/10/17 19:42:28 POLARIS_LOG {"event":"send_rate","rate":496000,"ts":1760730148.4157631}
2025/10/17 19:42:29 POLARIS_LOG {"event":"send_rate","rate":512000,"ts":1760730149.421979}
2025/10/17 19:42:30 POLARIS_LOG {"event":"send_rate","rate":496000,"ts":1760730150.41424}
2025/10/17 19:42:31 POLARIS_LOG {"event":"send_rate","rate":496000,"ts":1760730151.4146807}
2025/10/17 19:42:32 POLARIS_LOG {"event":"send_rate","rate":496000,"ts":1760730152.414393}
2025/10/17 19:42:33 POLARIS_LOG {"event":"send_rate","rate":504000,"ts":1760730153.4150162}
2025/10/17 19:42:34 POLARIS_LOG {"event":"send_rate","rate":504000,"ts":1760730154.414953}
2025/10/17 19:42:35 POLARIS_LOG {"event":"send_rate","rate":496000,"ts":1760730155.4163048}
2025/10/17 19:42:36 POLARIS_LOG {"event":"send_rate","rate":496000,"ts":1760730156.417717}
2025/10/17 19:42:37 POLARIS_LOG {"event":"send_rate","rate":504000,"ts":1760730157.4142373}
2025/10/17 19:42:38 POLARIS_LOG {"event":"send_rate","rate":504000,"ts":1760730158.4146876}
2025/10/17 19:42:39 POLARIS_LOG {"event":"send_rate","rate":496000,"ts":1760730159.4148686}
2025/10/17 19:42:40 POLARIS_LOG {"event":"send_rate","rate":496000,"ts":1760730160.4144642}
2025/10/17 19:42:41 POLARIS_LOG {"event":"send_rate","rate":504000,"ts":1760730161.41567}
2025/10/17 19:42:42 POLARIS_LOG {"event":"send_rate","rate":496000,"ts":1760730162.4141939}
2025/10/17 19:42:43 POLARIS_LOG {"event":"send_rate","rate":504000,"ts":1760730163.4148653}
2025/10/17 19:42:44 POLARIS_LOG {"event":"send_rate","rate":504000,"ts":1760730164.415053}
2025/10/17 19:42:45 POLARIS_LOG {"event":"send_rate","rate":496000,"ts":1760730165.4157648}
2025/10/17 19:42:46 POLARIS_LOG {"event":"send_rate","rate":496000,"ts":1760730166.4143271}
2025/10/17 19:42:47 POLARIS_LOG {"event":"send_rate","rate":504000,"ts":1760730167.4204493}
2025/10/17 19:42:48 POLARIS_LOG {"event":"send_rate","rate":496000,"ts":1760730168.4153056}
2025/10/17 19:42:49 POLARIS_LOG {"event":"send_rate","rate":512000,"ts":1760730169.4267037}
2025/10/17 19:42:50 POLARIS_LOG {"event":"send_rate","rate":488000,"ts":1760730170.4153843}
2025/10/17 19:42:51 POLARIS_LOG {"event":"send_rate","rate":504000,"ts":1760730171.414581}
2025/10/17 19:42:52 POLARIS_LOG {"event":"send_rate","rate":496000,"ts":1760730172.4161775}
2025/10/17 19:42:53 POLARIS_LOG {"event":"send_rate","rate":504000,"ts":1760730173.4144802}
2025/10/17 19:42:54 POLARIS_LOG {"event":"send_rate","rate":496000,"ts":1760730174.4143503}
2025/10/17 19:42:55 POLARIS_LOG {"event":"send_rate","rate":504000,"ts":1760730175.4153085}
2025/10/17 19:42:56 POLARIS_LOG {"event":"send_rate","rate":496000,"ts":1760730176.4147189}
2025/10/17 19:42:57 POLARIS_LOG {"event":"send_rate","rate":504000,"ts":1760730177.4150312}
2025/10/17 19:42:58 POLARIS_LOG {"event":"send_rate","rate":368000,"ts":1760730178.414383}
2025/10/17 19:42:59 POLARIS_LOG {"event":"send_rate","rate":296000,"ts":1760730179.4144497}
2025/10/17 19:43:00 POLARIS_LOG {"event":"send_rate","rate":312000,"ts":1760730180.4155004}
2025/10/17 19:43:01 POLARIS_LOG {"event":"send_rate","rate":360000,"ts":1760730181.4145534}
2025/10/17 19:43:02 POLARIS_LOG {"event":"send_rate","rate":328000,"ts":1760730182.4164395}
2025/10/17 19:43:03 POLARIS_LOG {"event":"send_rate","rate":360000,"ts":1760730183.4142551}
2025/10/17 19:43:04 POLARIS_LOG {"event":"send_rate","rate":288000,"ts":1760730184.415303}
2025/10/17 19:43:05 POLARIS_LOG {"event":"send_rate","rate":296000,"ts":1760730185.4149928}
2025/10/17 19:43:06 POLARIS_LOG {"event":"send_rate","rate":328000,"ts":1760730186.4148993}
2025/10/17 19:43:07 POLARIS_LOG {"event":"send_rate","rate":320000,"ts":1760730187.4144602}
Skipping switch: current path 1 1 4 1 has lastEstimate 400000 >= maxEstimate 0
2025/10/17 19:43:08 POLARIS_LOG {"event":"send_rate","rate":360000,"ts":1760730188.4195101}
2025/10/17 19:43:09 POLARIS_LOG {"event":"send_rate","rate":400000,"ts":1760730189.4146805}
2025/10/17 19:43:10 POLARIS_LOG {"event":"send_rate","rate":392000,"ts":1760730190.4145033}
2025/10/17 19:43:11 POLARIS_LOG {"event":"send_rate","rate":472000,"ts":1760730191.41487}
2025/10/17 19:43:12 POLARIS_LOG {"event":"send_rate","rate":480000,"ts":1760730192.4160745}
2025/10/17 19:43:13 POLARIS_LOG {"event":"send_rate","rate":568000,"ts":1760730193.4145122}
2025/10/17 19:43:14 POLARIS_LOG {"event":"send_rate","rate":584000,"ts":1760730194.4146373}
2025/10/17 19:43:15 POLARIS_LOG {"event":"send_rate","rate":584000,"ts":1760730195.4186258}
2025/10/17 19:43:16 POLARIS_LOG {"event":"send_rate","rate":488000,"ts":1760730196.4145057}
2025/10/17 19:43:17 POLARIS_LOG {"event":"send_rate","rate":584000,"ts":1760730197.4142084}
2025/10/17 19:43:18 POLARIS_LOG {"event":"send_rate","rate":520000,"ts":1760730198.4148834}
2025/10/17 19:43:19 POLARIS_LOG {"event":"send_rate","rate":560000,"ts":1760730199.4142804}
2025/10/17 19:43:20 POLARIS_LOG {"event":"send_rate","rate":480000,"ts":1760730200.4149716}
2025/10/17 19:43:21 POLARIS_LOG {"event":"send_rate","rate":488000,"ts":1760730201.4149265}
2025/10/17 19:43:22 POLARIS_LOG {"event":"send_rate","rate":472000,"ts":1760730202.414939}
2025/10/17 19:43:23 POLARIS_LOG {"event":"send_rate","rate":536000,"ts":1760730203.414623}
2025/10/17 19:43:24 POLARIS_LOG {"event":"send_rate","rate":568000,"ts":1760730204.414789}
2025/10/17 19:43:25 POLARIS_LOG {"event":"send_rate","rate":736000,"ts":1760730205.414886}
2025/10/17 19:43:26 POLARIS_LOG {"event":"send_rate","rate":688000,"ts":1760730206.4144998}
2025/10/17 19:43:27 POLARIS_LOG {"event":"send_rate","rate":872000,"ts":1760730207.4149306}
2025/10/17 19:43:28 POLARIS_LOG {"event":"send_rate","rate":616000,"ts":1760730208.414516}
2025/10/17 19:43:29 POLARIS_LOG {"event":"send_rate","rate":600000,"ts":1760730209.4144578}
2025/10/17 19:43:30 POLARIS_LOG {"event":"send_rate","rate":544000,"ts":1760730210.4145777}
2025/10/17 19:43:31 POLARIS_LOG {"event":"send_rate","rate":408000,"ts":1760730211.415214}
2025/10/17 19:43:32 POLARIS_LOG {"event":"send_rate","rate":392000,"ts":1760730212.414717}
2025/10/17 19:43:33 POLARIS_LOG {"event":"send_rate","rate":416000,"ts":1760730213.4144022}
2025/10/17 19:43:34 POLARIS_LOG {"event":"send_rate","rate":328000,"ts":1760730214.4144108}
2025/10/17 19:43:35 POLARIS_LOG {"event":"send_rate","rate":288000,"ts":1760730215.414984}
2025/10/17 19:43:36 POLARIS_LOG {"event":"send_rate","rate":280000,"ts":1760730216.4152982}
2025/10/17 19:43:37 POLARIS_LOG {"event":"send_rate","rate":424000,"ts":1760730217.416557}
Skipping switch: current path 1 1 4 1 has lastEstimate 400000 >= maxEstimate 0
2025/10/17 19:43:38 POLARIS_LOG {"event":"send_rate","rate":352000,"ts":1760730218.414437}
2025/10/17 19:43:39 POLARIS_LOG {"event":"send_rate","rate":224000,"ts":1760730219.4150615}
2025/10/17 19:43:40 POLARIS_LOG {"event":"send_rate","rate":248000,"ts":1760730220.4160876}
2025/10/17 19:43:41 POLARIS_LOG {"event":"send_rate","rate":224000,"ts":1760730221.4153264}
2025/10/17 19:43:42 POLARIS_LOG {"event":"send_rate","rate":200000,"ts":1760730222.417596}
2025/10/17 19:43:43 POLARIS_LOG {"event":"send_rate","rate":328000,"ts":1760730223.4153826}
2025/10/17 19:43:44 POLARIS_LOG {"event":"send_rate","rate":296000,"ts":1760730224.415027}
2025/10/17 19:43:45 POLARIS_LOG {"event":"send_rate","rate":248000,"ts":1760730225.4150312}
2025/10/17 19:43:46 POLARIS_LOG {"event":"send_rate","rate":328000,"ts":1760730226.415545}
2025/10/17 19:43:47 POLARIS_LOG {"event":"send_rate","rate":456000,"ts":1760730227.4144537}
2025/10/17 19:43:48 POLARIS_LOG {"event":"send_rate","rate":600000,"ts":1760730228.4147751}
2025/10/17 19:43:49 POLARIS_LOG {"event":"send_rate","rate":384000,"ts":1760730229.4146433}
2025/10/17 19:43:50 POLARIS_LOG {"event":"send_rate","rate":520000,"ts":1760730230.4162965}
2025/10/17 19:43:51 POLARIS_LOG {"event":"send_rate","rate":416000,"ts":1760730231.415165}
2025/10/17 19:43:52 POLARIS_LOG {"event":"send_rate","rate":496000,"ts":1760730232.415208}
2025/10/17 19:43:53 POLARIS_LOG {"event":"send_rate","rate":440000,"ts":1760730233.4153953}
2025/10/17 19:43:54 POLARIS_LOG {"event":"send_rate","rate":384000,"ts":1760730234.415025}
2025/10/17 19:43:55 POLARIS_LOG {"event":"send_rate","rate":312000,"ts":1760730235.4144685}
2025/10/17 19:43:56 POLARIS_LOG {"event":"send_rate","rate":400000,"ts":1760730236.4147022}
2025/10/17 19:43:57 POLARIS_LOG {"event":"send_rate","rate":392000,"ts":1760730237.4143088}
Skipping switch: current path 1 1 4 1 has lastEstimate 400000 >= maxEstimate 0
2025/10/17 19:43:58 POLARIS_LOG {"event":"send_rate","rate":432000,"ts":1760730238.4145806}
2025/10/17 19:43:59 POLARIS_LOG {"event":"send_rate","rate":344000,"ts":1760730239.414667}
2025/10/17 19:44:00 POLARIS_LOG {"event":"send_rate","rate":304000,"ts":1760730240.4142551}
2025/10/17 19:44:01 POLARIS_LOG {"event":"send_rate","rate":272000,"ts":1760730241.4158738}
2025/10/17 19:44:02 POLARIS_LOG {"event":"send_rate","rate":416000,"ts":1760730242.4148135}
2025/10/17 19:44:03 POLARIS_LOG {"event":"send_rate","rate":408000,"ts":1760730243.4152908}
2025/10/17 19:44:04 POLARIS_LOG {"event":"send_rate","rate":264000,"ts":1760730244.4186518}
2025/10/17 19:44:05 POLARIS_LOG {"event":"send_rate","rate":256000,"ts":1760730245.41463}
2025/10/17 19:44:06 POLARIS_LOG {"event":"send_rate","rate":240000,"ts":1760730246.4142556}
2025/10/17 19:44:07 POLARIS_LOG {"event":"send_rate","rate":208000,"ts":1760730247.4151835}
2025/10/17 19:44:08 POLARIS_LOG {"event":"send_rate","rate":288000,"ts":1760730248.415059}
Skipping switch: current path 1 1 4 1 has lastEstimate 400000 >= maxEstimate 0
2025/10/17 19:44:09 POLARIS_LOG {"event":"send_rate","rate":280000,"ts":1760730249.4144177}
2025/10/17 19:44:10 POLARIS_LOG {"event":"send_rate","rate":400000,"ts":1760730250.4147844}
2025/10/17 19:44:11 POLARIS_LOG {"event":"send_rate","rate":296000,"ts":1760730251.4144492}
2025/10/17 19:44:12 POLARIS_LOG {"event":"send_rate","rate":424000,"ts":1760730252.4144099}
2025/10/17 19:44:13 POLARIS_LOG {"event":"send_rate","rate":336000,"ts":1760730253.414441}
2025/10/17 19:44:14 POLARIS_LOG {"event":"send_rate","rate":272000,"ts":1760730254.4146895}
2025/10/17 19:44:15 POLARIS_LOG {"event":"send_rate","rate":352000,"ts":1760730255.41515}
2025/10/17 19:44:16 POLARIS_LOG {"event":"send_rate","rate":344000,"ts":1760730256.4142056}
2025/10/17 19:44:17 POLARIS_LOG {"event":"send_rate","rate":520000,"ts":1760730257.4144816}
2025/10/17 19:44:18 POLARIS_LOG {"event":"send_rate","rate":480000,"ts":1760730258.4156237}
2025/10/17 19:44:19 POLARIS_LOG {"event":"send_rate","rate":408000,"ts":1760730259.4233067}
2025/10/17 19:44:20 POLARIS_LOG {"event":"send_rate","rate":488000,"ts":1760730260.4149766}
2025/10/17 19:44:21 POLARIS_LOG {"event":"send_rate","rate":416000,"ts":1760730261.4142382}
2025/10/17 19:44:22 POLARIS_LOG {"event":"send_rate","rate":432000,"ts":1760730262.4142263}
2025/10/17 19:44:23 POLARIS_LOG {"event":"send_rate","rate":440000,"ts":1760730263.4210806}
2025/10/17 19:44:24 POLARIS_LOG {"event":"send_rate","rate":368000,"ts":1760730264.4158068}
2025/10/17 19:44:25 POLARIS_LOG {"event":"send_rate","rate":416000,"ts":1760730265.4222765}
2025/10/17 19:44:26 POLARIS_LOG {"event":"send_rate","rate":360000,"ts":1760730266.4190643}
2025/10/17 19:44:27 POLARIS_LOG {"event":"send_rate","rate":520000,"ts":1760730267.4251933}
2025/10/17 19:44:28 POLARIS_LOG {"event":"send_rate","rate":456000,"ts":1760730268.4148605}
2025/10/17 19:44:29 POLARIS_LOG {"event":"send_rate","rate":432000,"ts":1760730269.4143767}
2025/10/17 19:44:30 POLARIS_LOG {"event":"send_rate","rate":496000,"ts":1760730270.4150329}
2025/10/17 19:44:31 POLARIS_LOG {"event":"send_rate","rate":416000,"ts":1760730271.4227018}
2025/10/17 19:44:32 POLARIS_LOG {"event":"send_rate","rate":256000,"ts":1760730272.416785}
2025/10/17 19:44:33 POLARIS_LOG {"event":"send_rate","rate":416000,"ts":1760730273.4154058}
2025/10/17 19:44:34 POLARIS_LOG {"event":"send_rate","rate":384000,"ts":1760730274.4144626}
2025/10/17 19:44:35 POLARIS_LOG {"event":"send_rate","rate":376000,"ts":1760730275.4144754}
2025/10/17 19:44:36 POLARIS_LOG {"event":"send_rate","rate":312000,"ts":1760730276.415032}
2025/10/17 19:44:37 POLARIS_LOG {"event":"send_rate","rate":344000,"ts":1760730277.4152012}
2025/10/17 19:44:38 POLARIS_LOG {"event":"send_rate","rate":264000,"ts":1760730278.4144583}
Skipping switch: current path 1 1 4 1 has lastEstimate 400000 >= maxEstimate 0
2025/10/17 19:44:39 POLARIS_LOG {"event":"send_rate","rate":304000,"ts":1760730279.414978}
2025/10/17 19:44:40 POLARIS_LOG {"event":"send_rate","rate":432000,"ts":1760730280.4152632}
2025/10/17 19:44:41 POLARIS_LOG {"event":"send_rate","rate":456000,"ts":1760730281.4153497}
2025/10/17 19:44:42 POLARIS_LOG {"event":"send_rate","rate":520000,"ts":1760730282.414339}
2025/10/17 19:44:43 POLARIS_LOG {"event":"send_rate","rate":456000,"ts":1760730283.4145083}
2025/10/17 19:44:44 POLARIS_LOG {"event":"send_rate","rate":472000,"ts":1760730284.41506}
2025/10/17 19:44:45 POLARIS_LOG {"event":"send_rate","rate":496000,"ts":1760730285.4153666}
2025/10/17 19:44:46 POLARIS_LOG {"event":"send_rate","rate":528000,"ts":1760730286.41821}
2025/10/17 19:44:47 POLARIS_LOG {"event":"send_rate","rate":368000,"ts":1760730287.4142}
2025/10/17 19:44:48 POLARIS_LOG {"event":"send_rate","rate":528000,"ts":1760730288.4143107}
Skipping switch: current path 1 1 4 1 has lastEstimate 400000 >= maxEstimate 0
2025/10/17 19:44:49 POLARIS_LOG {"event":"send_rate","rate":544000,"ts":1760730289.4157784}
2025/10/17 19:44:50 POLARIS_LOG {"event":"send_rate","rate":536000,"ts":1760730290.4417753}
2025/10/17 19:44:51 POLARIS_LOG {"event":"send_rate","rate":272000,"ts":1760730291.4152694}
2025/10/17 19:44:52 POLARIS_LOG {"event":"send_rate","rate":320000,"ts":1760730292.4143784}
2025/10/17 19:44:53 POLARIS_LOG {"event":"send_rate","rate":432000,"ts":1760730293.4148965}
2025/10/17 19:44:54 POLARIS_LOG {"event":"send_rate","rate":432000,"ts":1760730294.4215267}
2025/10/17 19:44:55 POLARIS_LOG {"event":"send_rate","rate":568000,"ts":1760730295.4142485}
2025/10/17 19:44:56 POLARIS_LOG {"event":"send_rate","rate":496000,"ts":1760730296.4211292}
2025/10/17 19:44:57 POLARIS_LOG {"event":"send_rate","rate":408000,"ts":1760730297.4146528}
Skipping switch: current path 1 1 4 1 has lastEstimate 400000 >= maxEstimate 0
2025/10/17 19:44:58 POLARIS_LOG {"event":"send_rate","rate":448000,"ts":1760730298.4150128}
2025/10/17 19:44:59 POLARIS_LOG {"event":"send_rate","rate":456000,"ts":1760730299.4145389}
2025/10/17 19:45:00 POLARIS_LOG {"event":"send_rate","rate":440000,"ts":1760730300.4156098}
2025/10/17 19:45:01 POLARIS_LOG {"event":"send_rate","rate":416000,"ts":1760730301.4261105}
2025/10/17 19:45:02 POLARIS_LOG {"event":"send_rate","rate":480000,"ts":1760730302.4166262}
2025/10/17 19:45:03 POLARIS_LOG {"event":"send_rate","rate":416000,"ts":1760730303.429152}
2025/10/17 19:45:04 POLARIS_LOG {"event":"send_rate","rate":280000,"ts":1760730304.4217877}
2025/10/17 19:45:05 POLARIS_LOG {"event":"send_rate","rate":432000,"ts":1760730305.4185328}
2025/10/17 19:45:06 POLARIS_LOG {"event":"send_rate","rate":552000,"ts":1760730306.4189634}
2025/10/17 19:45:07 POLARIS_LOG {"event":"send_rate","rate":488000,"ts":1760730307.4142785}
2025/10/17 19:45:08 POLARIS_LOG {"event":"send_rate","rate":376000,"ts":1760730308.4145043}
Skipping switch: current path 1 1 4 1 has lastEstimate 400000 >= maxEstimate 0
2025/10/17 19:45:09 POLARIS_LOG {"event":"send_rate","rate":352000,"ts":1760730309.4145336}
2025/10/17 19:45:10 POLARIS_LOG {"event":"send_rate","rate":432000,"ts":1760730310.4147441}
2025/10/17 19:45:11 POLARIS_LOG {"event":"send_rate","rate":256000,"ts":1760730311.4142241}
2025/10/17 19:45:12 POLARIS_LOG {"event":"send_rate","rate":440000,"ts":1760730312.4142232}
2025/10/17 19:45:13 POLARIS_LOG {"event":"send_rate","rate":424000,"ts":1760730313.4143674}
2025/10/17 19:45:14 POLARIS_LOG {"event":"send_rate","rate":416000,"ts":1760730314.4182272}
2025/10/17 19:45:15 POLARIS_LOG {"event":"send_rate","rate":512000,"ts":1760730315.4149828}
2025/10/17 19:45:16 POLARIS_LOG {"event":"send_rate","rate":496000,"ts":1760730316.421251}
2025/10/17 19:45:17 POLARIS_LOG {"event":"send_rate","rate":536000,"ts":1760730317.4155412}
2025/10/17 19:45:18 POLARIS_LOG {"event":"send_rate","rate":456000,"ts":1760730318.4143786}
Skipping switch: current path 1 1 4 1 has lastEstimate 400000 >= maxEstimate 0
2025/10/17 19:45:19 POLARIS_LOG {"event":"send_rate","rate":488000,"ts":1760730319.4161022}
2025/10/17 19:45:20 POLARIS_LOG {"event":"send_rate","rate":408000,"ts":1760730320.4142063}
2025/10/17 19:45:21 POLARIS_LOG {"event":"send_rate","rate":544000,"ts":1760730321.4154787}
2025/10/17 19:45:22 POLARIS_LOG {"event":"send_rate","rate":344000,"ts":1760730322.4155579}
2025/10/17 19:45:23 POLARIS_LOG {"event":"send_rate","rate":520000,"ts":1760730323.4150841}
2025/10/17 19:45:24 POLARIS_LOG {"event":"send_rate","rate":392000,"ts":1760730324.4148316}
2025/10/17 19:45:25 POLARIS_LOG {"event":"send_rate","rate":360000,"ts":1760730325.4143906}
2025/10/17 19:45:26 POLARIS_LOG {"event":"send_rate","rate":448000,"ts":1760730326.4168363}
2025/10/17 19:45:27 POLARIS_LOG {"event":"send_rate","rate":416000,"ts":1760730327.4152808}
2025/10/17 19:45:28 POLARIS_LOG {"event":"send_rate","rate":536000,"ts":1760730328.4188905}
2025/10/17 19:45:29 POLARIS_LOG {"event":"send_rate","rate":600000,"ts":1760730329.414605}
2025/10/17 19:45:30 POLARIS_LOG {"event":"send_rate","rate":576000,"ts":1760730330.4142497}
2025/10/17 19:45:31 POLARIS_LOG {"event":"send_rate","rate":552000,"ts":1760730331.4152403}
2025/10/17 19:45:32 POLARIS_LOG {"event":"send_rate","rate":416000,"ts":1760730332.4255416}
2025/10/17 19:45:33 POLARIS_LOG {"event":"send_rate","rate":344000,"ts":1760730333.4147336}
2025/10/17 19:45:34 POLARIS_LOG {"event":"send_rate","rate":424000,"ts":1760730334.4255776}
2025/10/17 19:45:35 POLARIS_LOG {"event":"send_rate","rate":408000,"ts":1760730335.4153733}
2025/10/17 19:45:36 POLARIS_LOG {"event":"send_rate","rate":440000,"ts":1760730336.4158907}
2025/10/17 19:45:37 POLARIS_LOG {"event":"send_rate","rate":568000,"ts":1760730337.4151864}
2025/10/17 19:45:38 POLARIS_LOG {"event":"send_rate","rate":552000,"ts":1760730338.4144306}
2025/10/17 19:45:39 POLARIS_LOG {"event":"send_rate","rate":584000,"ts":1760730339.4159086}
2025/10/17 19:45:40 POLARIS_LOG {"event":"send_rate","rate":488000,"ts":1760730340.415973}
2025/10/17 19:45:41 POLARIS_LOG {"event":"send_rate","rate":344000,"ts":1760730341.4151554}
2025/10/17 19:45:42 POLARIS_LOG {"event":"send_rate","rate":544000,"ts":1760730342.4155354}
2025/10/17 19:45:43 POLARIS_LOG {"event":"send_rate","rate":600000,"ts":1760730343.4151835}
2025/10/17 19:45:44 POLARIS_LOG {"event":"send_rate","rate":608000,"ts":1760730344.4148862}
2025/10/17 19:45:45 POLARIS_LOG {"event":"send_rate","rate":616000,"ts":1760730345.414885}
2025/10/17 19:45:46 POLARIS_LOG {"event":"send_rate","rate":512000,"ts":1760730346.4167278}
2025/10/17 19:45:47 POLARIS_LOG {"event":"send_rate","rate":384000,"ts":1760730347.4164596}
2025/10/17 19:45:48 POLARIS_LOG {"event":"send_rate","rate":440000,"ts":1760730348.4149733}
Skipping switch: current path 1 1 4 1 has lastEstimate 400000 >= maxEstimate 0
2025/10/17 19:45:49 POLARIS_LOG {"event":"send_rate","rate":496000,"ts":1760730349.4588053}
2025/10/17 19:45:50 POLARIS_LOG {"event":"send_rate","rate":592000,"ts":1760730350.4151368}
2025/10/17 19:45:51 POLARIS_LOG {"event":"send_rate","rate":520000,"ts":1760730351.4147825}
2025/10/17 19:45:52 POLARIS_LOG {"event":"send_rate","rate":624000,"ts":1760730352.414956}
2025/10/17 19:45:53 POLARIS_LOG {"event":"send_rate","rate":504000,"ts":1760730353.4150777}
2025/10/17 19:45:54 POLARIS_LOG {"event":"send_rate","rate":696000,"ts":1760730354.4144573}
2025/10/17 19:45:55 POLARIS_LOG {"event":"send_rate","rate":696000,"ts":1760730355.414876}
2025/10/17 19:45:56 POLARIS_LOG {"event":"send_rate","rate":640000,"ts":1760730356.4184446}
2025/10/17 19:45:57 POLARIS_LOG {"event":"send_rate","rate":528000,"ts":1760730357.4232996}
2025/10/17 19:45:58 POLARIS_LOG {"event":"send_rate","rate":632000,"ts":1760730358.4146292}
2025/10/17 19:45:59 POLARIS_LOG {"event":"send_rate","rate":720000,"ts":1760730359.4146655}
2025/10/17 19:46:00 POLARIS_LOG {"event":"send_rate","rate":560000,"ts":1760730360.4152102}
2025/10/17 19:46:01 POLARIS_LOG {"event":"send_rate","rate":480000,"ts":1760730361.414673}
2025/10/17 19:46:02 POLARIS_LOG {"event":"send_rate","rate":560000,"ts":1760730362.4151824}
2025/10/17 19:46:03 POLARIS_LOG {"event":"send_rate","rate":672000,"ts":1760730363.414511}
2025/10/17 19:46:04 POLARIS_LOG {"event":"send_rate","rate":760000,"ts":1760730364.4149857}
2025/10/17 19:46:05 POLARIS_LOG {"event":"send_rate","rate":560000,"ts":1760730365.4150863}
2025/10/17 19:46:06 POLARIS_LOG {"event":"send_rate","rate":512000,"ts":1760730366.415861}
Drain Loop received packet
Drain Loop received non-nil payload
Client sent 13478 packets, server reported 13330 packets received
The network loss rate from client to server is 1.1%

S->C results
Attempted bandwidth: 0 bps / 0.00 Mbps
Achieved bandwidth: 0 bps / 0.00 Mbps
Loss rate: 0.0%
Interarrival time min/avg/max/mdev = -0.000/0.000/0.000/0.000 ms

C->S results
Attempted bandwidth: 499983 bps / 0.50 Mbps
Achieved bandwidth: 449957 bps / 0.45 Mbps
Loss rate: 10.0%
Interarrival time min/avg/max/mdev = 0.002/17.692/299.464/16.786 ms
