
Test parameters:
client->server: 279 seconds, 1000 bytes, 17437 packets
server->client: 279 seconds, 1000 bytes, 0 packets
2025/10/17 19:41:26 POLARIS_LOG {"current_rate":0,"event":"path_switch","new":"2 2 5 2","trigger":"initialization","ts":1760730086.2416198}
Polaris prober initialized with 38 paths
Polaris prober initialized with local 1-111,10.111.0.71:32755 and remote 1-113,10.113.0.71
2025/10/17 19:41:27 POLARIS_LOG {"event":"send_rate","rate":504000,"ts":1760730087.2427316}
2025/10/17 19:41:28 POLARIS_LOG {"event":"send_rate","rate":496000,"ts":1760730088.242474}
2025/10/17 19:41:29 POLARIS_LOG {"event":"send_rate","rate":504000,"ts":1760730089.2427118}
2025/10/17 19:41:30 POLARIS_LOG {"event":"send_rate","rate":504000,"ts":1760730090.250785}
2025/10/17 19:41:31 POLARIS_LOG {"event":"send_rate","rate":496000,"ts":1760730091.2422814}
2025/10/17 19:41:32 POLARIS_LOG {"event":"send_rate","rate":496000,"ts":1760730092.2431557}
2025/10/17 19:41:33 POLARIS_LOG {"event":"send_rate","rate":504000,"ts":1760730093.2484062}
2025/10/17 19:41:34 POLARIS_LOG {"event":"send_rate","rate":496000,"ts":1760730094.2427516}
2025/10/17 19:41:35 POLARIS_LOG {"event":"send_rate","rate":496000,"ts":1760730095.2421112}
2025/10/17 19:41:36 POLARIS_LOG {"event":"send_rate","rate":504000,"ts":1760730096.2471592}
2025/10/17 19:41:37 POLARIS_LOG {"event":"send_rate","rate":504000,"ts":1760730097.2426817}
2025/10/17 19:41:38 POLARIS_LOG {"event":"send_rate","rate":496000,"ts":1760730098.2430725}
2025/10/17 19:41:39 POLARIS_LOG {"event":"send_rate","rate":504000,"ts":1760730099.2421188}
2025/10/17 19:41:40 POLARIS_LOG {"event":"send_rate","rate":496000,"ts":1760730100.2426107}
2025/10/17 19:41:41 POLARIS_LOG {"event":"send_rate","rate":496000,"ts":1760730101.242507}
2025/10/17 19:41:42 POLARIS_LOG {"event":"send_rate","rate":320000,"ts":1760730102.2425697}
2025/10/17 19:41:43 POLARIS_LOG {"event":"send_rate","rate":224000,"ts":1760730103.2430058}
2025/10/17 19:41:44 POLARIS_LOG {"event":"send_rate","rate":160000,"ts":1760730104.2427907}
2025/10/17 19:41:45 POLARIS_LOG {"event":"send_rate","rate":216000,"ts":1760730105.2432847}
2025/10/17 19:41:46 POLARIS_LOG {"event":"send_rate","rate":240000,"ts":1760730106.242903}
2025/10/17 19:41:46 POLARIS_LOG {"candidates":3,"candidates_unfiltered":25,"current_rate":240000,"estimated_share":2000000,"event":"path_switch","max_estimated_share":2000000,"new":"5 5 3 5","old":"2 2 5 2","trigger":"scheduled","ts":1760730106.2429967}
2025/10/17 19:41:47 POLARIS_LOG {"event":"send_rate","rate":1848000,"ts":1760730107.2443945}
2025/10/17 19:41:48 POLARIS_LOG {"event":"send_rate","rate":496000,"ts":1760730108.2422113}
2025/10/17 19:41:49 POLARIS_LOG {"event":"send_rate","rate":504000,"ts":1760730109.245277}
2025/10/17 19:41:50 POLARIS_LOG {"event":"send_rate","rate":496000,"ts":1760730110.242628}
2025/10/17 19:41:51 POLARIS_LOG {"event":"send_rate","rate":504000,"ts":1760730111.243987}
2025/10/17 19:41:52 POLARIS_LOG {"event":"send_rate","rate":496000,"ts":1760730112.2426574}
2025/10/17 19:41:53 POLARIS_LOG {"event":"send_rate","rate":504000,"ts":1760730113.2448652}
2025/10/17 19:41:54 POLARIS_LOG {"event":"send_rate","rate":496000,"ts":1760730114.243257}
2025/10/17 19:41:55 POLARIS_LOG {"event":"send_rate","rate":504000,"ts":1760730115.244131}
2025/10/17 19:41:56 POLARIS_LOG {"event":"send_rate","rate":496000,"ts":1760730116.2430794}
2025/10/17 19:41:57 POLARIS_LOG {"event":"send_rate","rate":496000,"ts":1760730117.2444541}
2025/10/17 19:41:58 POLARIS_LOG {"event":"send_rate","rate":504000,"ts":1760730118.2421913}
2025/10/17 19:41:59 POLARIS_LOG {"event":"send_rate","rate":496000,"ts":1760730119.2421174}
2025/10/17 19:42:00 POLARIS_LOG {"event":"send_rate","rate":512000,"ts":1760730120.2562668}
2025/10/17 19:42:01 POLARIS_LOG {"event":"send_rate","rate":488000,"ts":1760730121.2432399}
2025/10/17 19:42:02 POLARIS_LOG {"event":"send_rate","rate":504000,"ts":1760730122.2434692}
2025/10/17 19:42:03 POLARIS_LOG {"event":"send_rate","rate":504000,"ts":1760730123.2440555}
2025/10/17 19:42:04 POLARIS_LOG {"event":"send_rate","rate":488000,"ts":1760730124.2449877}
2025/10/17 19:42:05 POLARIS_LOG {"event":"send_rate","rate":504000,"ts":1760730125.2435515}
2025/10/17 19:42:06 POLARIS_LOG {"event":"send_rate","rate":504000,"ts":1760730126.242472}
2025/10/17 19:42:07 POLARIS_LOG {"event":"send_rate","rate":504000,"ts":1760730127.254099}
2025/10/17 19:42:08 POLARIS_LOG {"event":"send_rate","rate":496000,"ts":1760730128.2431579}
2025/10/17 19:42:09 POLARIS_LOG {"event":"send_rate","rate":496000,"ts":1760730129.2427437}
2025/10/17 19:42:10 POLARIS_LOG {"event":"send_rate","rate":504000,"ts":1760730130.2430196}
2025/10/17 19:42:11 POLARIS_LOG {"event":"send_rate","rate":496000,"ts":1760730131.2421548}
2025/10/17 19:42:12 POLARIS_LOG {"event":"send_rate","rate":496000,"ts":1760730132.248935}
2025/10/17 19:42:13 POLARIS_LOG {"event":"send_rate","rate":512000,"ts":1760730133.2451053}
2025/10/17 19:42:14 POLARIS_LOG {"event":"send_rate","rate":496000,"ts":1760730134.2436154}
2025/10/17 19:42:15 POLARIS_LOG {"event":"send_rate","rate":496000,"ts":1760730135.2436883}
2025/10/17 19:42:16 POLARIS_LOG {"event":"send_rate","rate":504000,"ts":1760730136.242395}
2025/10/17 19:42:17 POLARIS_LOG {"event":"send_rate","rate":496000,"ts":1760730137.243216}
2025/10/17 19:42:18 POLARIS_LOG {"event":"send_rate","rate":504000,"ts":1760730138.2433953}
2025/10/17 19:42:19 POLARIS_LOG {"event":"send_rate","rate":496000,"ts":1760730139.2421045}
2025/10/17 19:42:20 POLARIS_LOG {"event":"send_rate","rate":504000,"ts":1760730140.2427623}
2025/10/17 19:42:21 POLARIS_LOG {"event":"send_rate","rate":496000,"ts":1760730141.244746}
2025/10/17 19:42:22 POLARIS_LOG {"event":"send_rate","rate":504000,"ts":1760730142.2422369}
2025/10/17 19:42:23 POLARIS_LOG {"event":"send_rate","rate":504000,"ts":1760730143.2555103}
2025/10/17 19:42:24 POLARIS_LOG {"event":"send_rate","rate":496000,"ts":1760730144.2423813}
2025/10/17 19:42:25 POLARIS_LOG {"event":"send_rate","rate":496000,"ts":1760730145.2426372}
2025/10/17 19:42:26 POLARIS_LOG {"event":"send_rate","rate":496000,"ts":1760730146.2442796}
2025/10/17 19:42:27 POLARIS_LOG {"event":"send_rate","rate":504000,"ts":1760730147.2603147}
2025/10/17 19:42:28 POLARIS_LOG {"event":"send_rate","rate":504000,"ts":1760730148.2441425}
2025/10/17 19:42:29 POLARIS_LOG {"event":"send_rate","rate":496000,"ts":1760730149.2426546}
2025/10/17 19:42:30 POLARIS_LOG {"event":"send_rate","rate":504000,"ts":1760730150.2433066}
2025/10/17 19:42:31 POLARIS_LOG {"event":"send_rate","rate":496000,"ts":1760730151.2427475}
2025/10/17 19:42:32 POLARIS_LOG {"event":"send_rate","rate":504000,"ts":1760730152.2433767}
2025/10/17 19:42:33 POLARIS_LOG {"event":"send_rate","rate":496000,"ts":1760730153.2427723}
2025/10/17 19:42:34 POLARIS_LOG {"event":"send_rate","rate":504000,"ts":1760730154.242896}
2025/10/17 19:42:35 POLARIS_LOG {"event":"send_rate","rate":496000,"ts":1760730155.2453263}
2025/10/17 19:42:36 POLARIS_LOG {"event":"send_rate","rate":504000,"ts":1760730156.246473}
2025/10/17 19:42:37 POLARIS_LOG {"event":"send_rate","rate":496000,"ts":1760730157.2427497}
2025/10/17 19:42:38 POLARIS_LOG {"event":"send_rate","rate":504000,"ts":1760730158.2501972}
2025/10/17 19:42:39 POLARIS_LOG {"event":"send_rate","rate":496000,"ts":1760730159.2536879}
2025/10/17 19:42:40 POLARIS_LOG {"event":"send_rate","rate":504000,"ts":1760730160.2426422}
2025/10/17 19:42:41 POLARIS_LOG {"event":"send_rate","rate":496000,"ts":1760730161.2436528}
2025/10/17 19:42:42 POLARIS_LOG {"event":"send_rate","rate":504000,"ts":1760730162.2435765}
2025/10/17 19:42:43 POLARIS_LOG {"event":"send_rate","rate":496000,"ts":1760730163.2437117}
2025/10/17 19:42:44 POLARIS_LOG {"event":"send_rate","rate":504000,"ts":1760730164.242216}
2025/10/17 19:42:45 POLARIS_LOG {"event":"send_rate","rate":496000,"ts":1760730165.244169}
2025/10/17 19:42:46 POLARIS_LOG {"event":"send_rate","rate":504000,"ts":1760730166.2566297}
2025/10/17 19:42:47 POLARIS_LOG {"event":"send_rate","rate":496000,"ts":1760730167.2441344}
2025/10/17 19:42:48 POLARIS_LOG {"event":"send_rate","rate":496000,"ts":1760730168.2486029}
2025/10/17 19:42:49 POLARIS_LOG {"event":"send_rate","rate":504000,"ts":1760730169.242192}
2025/10/17 19:42:50 POLARIS_LOG {"event":"send_rate","rate":496000,"ts":1760730170.2451272}
2025/10/17 19:42:51 POLARIS_LOG {"event":"send_rate","rate":504000,"ts":1760730171.243292}
2025/10/17 19:42:52 POLARIS_LOG {"event":"send_rate","rate":504000,"ts":1760730172.252131}
2025/10/17 19:42:53 POLARIS_LOG {"event":"send_rate","rate":504000,"ts":1760730173.255159}
2025/10/17 19:42:54 POLARIS_LOG {"event":"send_rate","rate":496000,"ts":1760730174.2486024}
2025/10/17 19:42:55 POLARIS_LOG {"event":"send_rate","rate":496000,"ts":1760730175.244586}
2025/10/17 19:42:56 POLARIS_LOG {"event":"send_rate","rate":504000,"ts":1760730176.2434359}
2025/10/17 19:42:57 POLARIS_LOG {"event":"send_rate","rate":496000,"ts":1760730177.2430065}
2025/10/17 19:42:58 POLARIS_LOG {"event":"send_rate","rate":504000,"ts":1760730178.2426288}
2025/10/17 19:42:59 POLARIS_LOG {"event":"send_rate","rate":496000,"ts":1760730179.2422926}
2025/10/17 19:43:00 POLARIS_LOG {"event":"send_rate","rate":504000,"ts":1760730180.2448072}
2025/10/17 19:43:01 POLARIS_LOG {"event":"send_rate","rate":496000,"ts":1760730181.2431004}
2025/10/17 19:43:02 POLARIS_LOG {"event":"send_rate","rate":504000,"ts":1760730182.2428455}
2025/10/17 19:43:03 POLARIS_LOG {"event":"send_rate","rate":416000,"ts":1760730183.2423282}
2025/10/17 19:43:04 POLARIS_LOG {"event":"send_rate","rate":400000,"ts":1760730184.2430441}
2025/10/17 19:43:05 POLARIS_LOG {"event":"send_rate","rate":304000,"ts":1760730185.242718}
2025/10/17 19:43:06 POLARIS_LOG {"event":"send_rate","rate":240000,"ts":1760730186.2461765}
Skipping switch: current path 5 5 3 5 has lastEstimate 400000 >= maxEstimate 0
2025/10/17 19:43:07 POLARIS_LOG {"event":"send_rate","rate":312000,"ts":1760730187.2452757}
2025/10/17 19:43:08 POLARIS_LOG {"event":"send_rate","rate":280000,"ts":1760730188.2468674}
2025/10/17 19:43:09 POLARIS_LOG {"event":"send_rate","rate":280000,"ts":1760730189.2446568}
2025/10/17 19:43:10 POLARIS_LOG {"event":"send_rate","rate":256000,"ts":1760730190.2424417}
2025/10/17 19:43:11 POLARIS_LOG {"event":"send_rate","rate":288000,"ts":1760730191.2451777}
2025/10/17 19:43:12 POLARIS_LOG {"event":"send_rate","rate":400000,"ts":1760730192.2429612}
2025/10/17 19:43:13 POLARIS_LOG {"event":"send_rate","rate":376000,"ts":1760730193.249371}
2025/10/17 19:43:14 POLARIS_LOG {"event":"send_rate","rate":448000,"ts":1760730194.245259}
2025/10/17 19:43:15 POLARIS_LOG {"event":"send_rate","rate":456000,"ts":1760730195.242632}
2025/10/17 19:43:16 POLARIS_LOG {"event":"send_rate","rate":384000,"ts":1760730196.2454255}
Skipping switch: current path 5 5 3 5 has lastEstimate 400000 >= maxEstimate 0
2025/10/17 19:43:17 POLARIS_LOG {"event":"send_rate","rate":424000,"ts":1760730197.243587}
2025/10/17 19:43:18 POLARIS_LOG {"event":"send_rate","rate":320000,"ts":1760730198.2421234}
2025/10/17 19:43:19 POLARIS_LOG {"event":"send_rate","rate":432000,"ts":1760730199.2433925}
2025/10/17 19:43:20 POLARIS_LOG {"event":"send_rate","rate":344000,"ts":1760730200.242436}
2025/10/17 19:43:21 POLARIS_LOG {"event":"send_rate","rate":336000,"ts":1760730201.2504954}
2025/10/17 19:43:22 POLARIS_LOG {"event":"send_rate","rate":232000,"ts":1760730202.2427638}
2025/10/17 19:43:23 POLARIS_LOG {"event":"send_rate","rate":224000,"ts":1760730203.24256}
2025/10/17 19:43:24 POLARIS_LOG {"event":"send_rate","rate":216000,"ts":1760730204.2433536}
2025/10/17 19:43:25 POLARIS_LOG {"event":"send_rate","rate":160000,"ts":1760730205.2421198}
2025/10/17 19:43:26 POLARIS_LOG {"event":"send_rate","rate":288000,"ts":1760730206.242395}
Skipping switch: current path 5 5 3 5 has lastEstimate 400000 >= maxEstimate 0
2025/10/17 19:43:27 POLARIS_LOG {"event":"send_rate","rate":344000,"ts":1760730207.2453215}
2025/10/17 19:43:28 POLARIS_LOG {"event":"send_rate","rate":480000,"ts":1760730208.242992}
2025/10/17 19:43:29 POLARIS_LOG {"event":"send_rate","rate":328000,"ts":1760730209.2433062}
2025/10/17 19:43:30 POLARIS_LOG {"event":"send_rate","rate":440000,"ts":1760730210.2443337}
2025/10/17 19:43:31 POLARIS_LOG {"event":"send_rate","rate":360000,"ts":1760730211.243135}
2025/10/17 19:43:32 POLARIS_LOG {"event":"send_rate","rate":304000,"ts":1760730212.2431984}
2025/10/17 19:43:33 POLARIS_LOG {"event":"send_rate","rate":360000,"ts":1760730213.2585542}
2025/10/17 19:43:34 POLARIS_LOG {"event":"send_rate","rate":232000,"ts":1760730214.2423975}
2025/10/17 19:43:35 POLARIS_LOG {"event":"send_rate","rate":336000,"ts":1760730215.242319}
2025/10/17 19:43:36 POLARIS_LOG {"event":"send_rate","rate":328000,"ts":1760730216.2435722}
Skipping switch: current path 5 5 3 5 has lastEstimate 400000 >= maxEstimate 0
2025/10/17 19:43:37 POLARIS_LOG {"event":"send_rate","rate":472000,"ts":1760730217.2422345}
2025/10/17 19:43:38 POLARIS_LOG {"event":"send_rate","rate":336000,"ts":1760730218.2430975}
2025/10/17 19:43:39 POLARIS_LOG {"event":"send_rate","rate":344000,"ts":1760730219.2428315}
2025/10/17 19:43:40 POLARIS_LOG {"event":"send_rate","rate":392000,"ts":1760730220.2431588}
2025/10/17 19:43:41 POLARIS_LOG {"event":"send_rate","rate":440000,"ts":1760730221.2430086}
2025/10/17 19:43:42 POLARIS_LOG {"event":"send_rate","rate":408000,"ts":1760730222.2466855}
2025/10/17 19:43:43 POLARIS_LOG {"event":"send_rate","rate":440000,"ts":1760730223.2429776}
2025/10/17 19:43:44 POLARIS_LOG {"event":"send_rate","rate":384000,"ts":1760730224.2431176}
2025/10/17 19:43:45 POLARIS_LOG {"event":"send_rate","rate":360000,"ts":1760730225.242741}
Skipping switch: current path 5 5 3 5 has lastEstimate 400000 >= maxEstimate 0
2025/10/17 19:43:46 POLARIS_LOG {"event":"send_rate","rate":528000,"ts":1760730226.2437193}
2025/10/17 19:43:47 POLARIS_LOG {"event":"send_rate","rate":376000,"ts":1760730227.245634}
2025/10/17 19:43:48 POLARIS_LOG {"event":"send_rate","rate":464000,"ts":1760730228.2509627}
2025/10/17 19:43:49 POLARIS_LOG {"event":"send_rate","rate":296000,"ts":1760730229.2431269}
2025/10/17 19:43:50 POLARIS_LOG {"event":"send_rate","rate":448000,"ts":1760730230.2429748}
2025/10/17 19:43:51 POLARIS_LOG {"event":"send_rate","rate":424000,"ts":1760730231.2429266}
2025/10/17 19:43:52 POLARIS_LOG {"event":"send_rate","rate":512000,"ts":1760730232.2434773}
2025/10/17 19:43:53 POLARIS_LOG {"event":"send_rate","rate":408000,"ts":1760730233.2449117}
2025/10/17 19:43:54 POLARIS_LOG {"event":"send_rate","rate":400000,"ts":1760730234.2422693}
2025/10/17 19:43:55 POLARIS_LOG {"event":"send_rate","rate":416000,"ts":1760730235.244631}
Skipping switch: current path 5 5 3 5 has lastEstimate 400000 >= maxEstimate 0
2025/10/17 19:43:56 POLARIS_LOG {"event":"send_rate","rate":408000,"ts":1760730236.2424045}
2025/10/17 19:43:57 POLARIS_LOG {"event":"send_rate","rate":392000,"ts":1760730237.2423458}
2025/10/17 19:43:58 POLARIS_LOG {"event":"send_rate","rate":440000,"ts":1760730238.2442713}
2025/10/17 19:43:59 POLARIS_LOG {"event":"send_rate","rate":360000,"ts":1760730239.2434733}
2025/10/17 19:44:00 POLARIS_LOG {"event":"send_rate","rate":392000,"ts":1760730240.2465227}
2025/10/17 19:44:01 POLARIS_LOG {"event":"send_rate","rate":320000,"ts":1760730241.2424502}
2025/10/17 19:44:02 POLARIS_LOG {"event":"send_rate","rate":248000,"ts":1760730242.2455897}
2025/10/17 19:44:03 POLARIS_LOG {"event":"send_rate","rate":240000,"ts":1760730243.2428262}
2025/10/17 19:44:04 POLARIS_LOG {"event":"send_rate","rate":200000,"ts":1760730244.2428896}
2025/10/17 19:44:05 POLARIS_LOG {"event":"send_rate","rate":200000,"ts":1760730245.2429073}
Skipping switch: current path 5 5 3 5 has lastEstimate 400000 >= maxEstimate 0
2025/10/17 19:44:06 POLARIS_LOG {"event":"send_rate","rate":216000,"ts":1760730246.242442}
2025/10/17 19:44:07 POLARIS_LOG {"event":"send_rate","rate":208000,"ts":1760730247.2423425}
2025/10/17 19:44:08 POLARIS_LOG {"event":"send_rate","rate":152000,"ts":1760730248.2428284}
2025/10/17 19:44:09 POLARIS_LOG {"event":"send_rate","rate":232000,"ts":1760730249.2429595}
2025/10/17 19:44:10 POLARIS_LOG {"event":"send_rate","rate":248000,"ts":1760730250.2431545}
2025/10/17 19:44:11 POLARIS_LOG {"event":"send_rate","rate":232000,"ts":1760730251.2429092}
2025/10/17 19:44:12 POLARIS_LOG {"event":"send_rate","rate":232000,"ts":1760730252.2430625}
2025/10/17 19:44:13 POLARIS_LOG {"event":"send_rate","rate":352000,"ts":1760730253.2433872}
2025/10/17 19:44:14 POLARIS_LOG {"event":"send_rate","rate":312000,"ts":1760730254.2447634}
2025/10/17 19:44:15 POLARIS_LOG {"event":"send_rate","rate":288000,"ts":1760730255.2471352}
Skipping switch: current path 5 5 3 5 has lastEstimate 400000 >= maxEstimate 0
2025/10/17 19:44:16 POLARIS_LOG {"event":"send_rate","rate":368000,"ts":1760730256.2427428}
2025/10/17 19:44:17 POLARIS_LOG {"event":"send_rate","rate":392000,"ts":1760730257.2454343}
2025/10/17 19:44:18 POLARIS_LOG {"event":"send_rate","rate":472000,"ts":1760730258.2428467}
2025/10/17 19:44:19 POLARIS_LOG {"event":"send_rate","rate":488000,"ts":1760730259.24517}
2025/10/17 19:44:20 POLARIS_LOG {"event":"send_rate","rate":456000,"ts":1760730260.2454095}
2025/10/17 19:44:21 POLARIS_LOG {"event":"send_rate","rate":392000,"ts":1760730261.2426724}
2025/10/17 19:44:22 POLARIS_LOG {"event":"send_rate","rate":528000,"ts":1760730262.242191}
2025/10/17 19:44:23 POLARIS_LOG {"event":"send_rate","rate":456000,"ts":1760730263.24254}
2025/10/17 19:44:24 POLARIS_LOG {"event":"send_rate","rate":320000,"ts":1760730264.2428994}
2025/10/17 19:44:25 POLARIS_LOG {"event":"send_rate","rate":328000,"ts":1760730265.2514677}
Skipping switch: current path 5 5 3 5 has lastEstimate 400000 >= maxEstimate 0
2025/10/17 19:44:26 POLARIS_LOG {"event":"send_rate","rate":296000,"ts":1760730266.2428403}
2025/10/17 19:44:27 POLARIS_LOG {"event":"send_rate","rate":368000,"ts":1760730267.2428768}
2025/10/17 19:44:28 POLARIS_LOG {"event":"send_rate","rate":344000,"ts":1760730268.2426383}
2025/10/17 19:44:29 POLARIS_LOG {"event":"send_rate","rate":376000,"ts":1760730269.2430296}
2025/10/17 19:44:30 POLARIS_LOG {"event":"send_rate","rate":376000,"ts":1760730270.2425334}
2025/10/17 19:44:31 POLARIS_LOG {"event":"send_rate","rate":264000,"ts":1760730271.2435322}
2025/10/17 19:44:32 POLARIS_LOG {"event":"send_rate","rate":264000,"ts":1760730272.249884}
2025/10/17 19:44:33 POLARIS_LOG {"event":"send_rate","rate":384000,"ts":1760730273.2429295}
2025/10/17 19:44:34 POLARIS_LOG {"event":"send_rate","rate":248000,"ts":1760730274.2435036}
2025/10/17 19:44:35 POLARIS_LOG {"event":"send_rate","rate":312000,"ts":1760730275.2422833}
2025/10/17 19:44:36 POLARIS_LOG {"event":"send_rate","rate":296000,"ts":1760730276.242919}
Skipping switch: current path 5 5 3 5 has lastEstimate 400000 >= maxEstimate 0
2025/10/17 19:44:37 POLARIS_LOG {"event":"send_rate","rate":384000,"ts":1760730277.242757}
2025/10/17 19:44:38 POLARIS_LOG {"event":"send_rate","rate":296000,"ts":1760730278.242239}
2025/10/17 19:44:39 POLARIS_LOG {"event":"send_rate","rate":472000,"ts":1760730279.2471004}
2025/10/17 19:44:40 POLARIS_LOG {"event":"send_rate","rate":280000,"ts":1760730280.2449744}
2025/10/17 19:44:41 POLARIS_LOG {"event":"send_rate","rate":440000,"ts":1760730281.2496495}
2025/10/17 19:44:42 POLARIS_LOG {"event":"send_rate","rate":392000,"ts":1760730282.2427711}
2025/10/17 19:44:43 POLARIS_LOG {"event":"send_rate","rate":344000,"ts":1760730283.2425437}
2025/10/17 19:44:44 POLARIS_LOG {"event":"send_rate","rate":328000,"ts":1760730284.24254}
2025/10/17 19:44:45 POLARIS_LOG {"event":"send_rate","rate":392000,"ts":1760730285.2429504}
2025/10/17 19:44:46 POLARIS_LOG {"event":"send_rate","rate":464000,"ts":1760730286.2432117}
Skipping switch: current path 5 5 3 5 has lastEstimate 400000 >= maxEstimate 0
2025/10/17 19:44:47 POLARIS_LOG {"event":"send_rate","rate":296000,"ts":1760730287.2425764}
2025/10/17 19:44:48 POLARIS_LOG {"event":"send_rate","rate":336000,"ts":1760730288.2429512}
2025/10/17 19:44:49 POLARIS_LOG {"event":"send_rate","rate":336000,"ts":1760730289.2430475}
2025/10/17 19:44:50 POLARIS_LOG {"event":"send_rate","rate":416000,"ts":1760730290.2436907}
2025/10/17 19:44:51 POLARIS_LOG {"event":"send_rate","rate":392000,"ts":1760730291.2470381}
2025/10/17 19:44:52 POLARIS_LOG {"event":"send_rate","rate":320000,"ts":1760730292.243448}
2025/10/17 19:44:53 POLARIS_LOG {"event":"send_rate","rate":352000,"ts":1760730293.2472184}
2025/10/17 19:44:54 POLARIS_LOG {"event":"send_rate","rate":384000,"ts":1760730294.2440455}
2025/10/17 19:44:55 POLARIS_LOG {"event":"send_rate","rate":424000,"ts":1760730295.243105}
2025/10/17 19:44:56 POLARIS_LOG {"event":"send_rate","rate":440000,"ts":1760730296.242648}
Skipping switch: current path 5 5 3 5 has lastEstimate 400000 >= maxEstimate 0
2025/10/17 19:44:57 POLARIS_LOG {"event":"send_rate","rate":392000,"ts":1760730297.250356}
2025/10/17 19:44:58 POLARIS_LOG {"event":"send_rate","rate":376000,"ts":1760730298.2457764}
2025/10/17 19:44:59 POLARIS_LOG {"event":"send_rate","rate":272000,"ts":1760730299.2452888}
2025/10/17 19:45:00 POLARIS_LOG {"event":"send_rate","rate":368000,"ts":1760730300.243019}
2025/10/17 19:45:01 POLARIS_LOG {"event":"send_rate","rate":336000,"ts":1760730301.242256}
2025/10/17 19:45:02 POLARIS_LOG {"event":"send_rate","rate":232000,"ts":1760730302.242824}
2025/10/17 19:45:03 POLARIS_LOG {"event":"send_rate","rate":296000,"ts":1760730303.2429636}
2025/10/17 19:45:04 POLARIS_LOG {"event":"send_rate","rate":432000,"ts":1760730304.2424722}
2025/10/17 19:45:05 POLARIS_LOG {"event":"send_rate","rate":536000,"ts":1760730305.243398}
2025/10/17 19:45:06 POLARIS_LOG {"event":"send_rate","rate":408000,"ts":1760730306.2434454}
Skipping switch: current path 5 5 3 5 has lastEstimate 400000 >= maxEstimate 0
2025/10/17 19:45:07 POLARIS_LOG {"event":"send_rate","rate":528000,"ts":1760730307.244278}
2025/10/17 19:45:08 POLARIS_LOG {"event":"send_rate","rate":520000,"ts":1760730308.2434342}
2025/10/17 19:45:09 POLARIS_LOG {"event":"send_rate","rate":520000,"ts":1760730309.242209}
2025/10/17 19:45:10 POLARIS_LOG {"event":"send_rate","rate":608000,"ts":1760730310.2426956}
2025/10/17 19:45:11 POLARIS_LOG {"event":"send_rate","rate":528000,"ts":1760730311.2427664}
2025/10/17 19:45:12 POLARIS_LOG {"event":"send_rate","rate":656000,"ts":1760730312.2422628}
2025/10/17 19:45:13 POLARIS_LOG {"event":"send_rate","rate":688000,"ts":1760730313.2421417}
2025/10/17 19:45:14 POLARIS_LOG {"event":"send_rate","rate":424000,"ts":1760730314.2428708}
2025/10/17 19:45:15 POLARIS_LOG {"event":"send_rate","rate":424000,"ts":1760730315.2438}
2025/10/17 19:45:16 POLARIS_LOG {"event":"send_rate","rate":416000,"ts":1760730316.2428527}
Skipping switch: current path 5 5 3 5 has lastEstimate 400000 >= maxEstimate 0
2025/10/17 19:45:17 POLARIS_LOG {"event":"send_rate","rate":360000,"ts":1760730317.242168}
2025/10/17 19:45:18 POLARIS_LOG {"event":"send_rate","rate":464000,"ts":1760730318.242153}
2025/10/17 19:45:19 POLARIS_LOG {"event":"send_rate","rate":368000,"ts":1760730319.2494047}
2025/10/17 19:45:20 POLARIS_LOG {"event":"send_rate","rate":528000,"ts":1760730320.2426548}
2025/10/17 19:45:21 POLARIS_LOG {"event":"send_rate","rate":568000,"ts":1760730321.2455857}
2025/10/17 19:45:22 POLARIS_LOG {"event":"send_rate","rate":384000,"ts":1760730322.2421906}
2025/10/17 19:45:23 POLARIS_LOG {"event":"send_rate","rate":528000,"ts":1760730323.242786}
2025/10/17 19:45:24 POLARIS_LOG {"event":"send_rate","rate":408000,"ts":1760730324.2454386}
2025/10/17 19:45:25 POLARIS_LOG {"event":"send_rate","rate":648000,"ts":1760730325.2446477}
2025/10/17 19:45:26 POLARIS_LOG {"event":"send_rate","rate":680000,"ts":1760730326.2421796}
2025/10/17 19:45:27 POLARIS_LOG {"event":"send_rate","rate":520000,"ts":1760730327.2428327}
2025/10/17 19:45:28 POLARIS_LOG {"event":"send_rate","rate":416000,"ts":1760730328.2425478}
2025/10/17 19:45:29 POLARIS_LOG {"event":"send_rate","rate":360000,"ts":1760730329.2428424}
2025/10/17 19:45:30 POLARIS_LOG {"event":"send_rate","rate":400000,"ts":1760730330.2427316}
2025/10/17 19:45:31 POLARIS_LOG {"event":"send_rate","rate":288000,"ts":1760730331.2429495}
2025/10/17 19:45:32 POLARIS_LOG {"event":"send_rate","rate":344000,"ts":1760730332.2422092}
2025/10/17 19:45:33 POLARIS_LOG {"event":"send_rate","rate":328000,"ts":1760730333.2422333}
2025/10/17 19:45:34 POLARIS_LOG {"event":"send_rate","rate":312000,"ts":1760730334.2421184}
2025/10/17 19:45:35 POLARIS_LOG {"event":"send_rate","rate":320000,"ts":1760730335.245298}
Skipping switch: current path 5 5 3 5 has lastEstimate 400000 >= maxEstimate 0
2025/10/17 19:45:36 POLARIS_LOG {"event":"send_rate","rate":352000,"ts":1760730336.2424102}
2025/10/17 19:45:37 POLARIS_LOG {"event":"send_rate","rate":416000,"ts":1760730337.2432587}
2025/10/17 19:45:38 POLARIS_LOG {"event":"send_rate","rate":512000,"ts":1760730338.2429605}
2025/10/17 19:45:39 POLARIS_LOG {"event":"send_rate","rate":504000,"ts":1760730339.2426727}
2025/10/17 19:45:40 POLARIS_LOG {"event":"send_rate","rate":496000,"ts":1760730340.2431977}
2025/10/17 19:45:41 POLARIS_LOG {"event":"send_rate","rate":552000,"ts":1760730341.2454}
2025/10/17 19:45:42 POLARIS_LOG {"event":"send_rate","rate":424000,"ts":1760730342.2426214}
2025/10/17 19:45:43 POLARIS_LOG {"event":"send_rate","rate":488000,"ts":1760730343.2423956}
2025/10/17 19:45:44 POLARIS_LOG {"event":"send_rate","rate":368000,"ts":1760730344.242891}
2025/10/17 19:45:45 POLARIS_LOG {"event":"send_rate","rate":328000,"ts":1760730345.2426555}
Skipping switch: current path 5 5 3 5 has lastEstimate 400000 >= maxEstimate 0
2025/10/17 19:45:46 POLARIS_LOG {"event":"send_rate","rate":352000,"ts":1760730346.2421985}
2025/10/17 19:45:47 POLARIS_LOG {"event":"send_rate","rate":432000,"ts":1760730347.2434225}
2025/10/17 19:45:48 POLARIS_LOG {"event":"send_rate","rate":480000,"ts":1760730348.2431452}
2025/10/17 19:45:49 POLARIS_LOG {"event":"send_rate","rate":504000,"ts":1760730349.242412}
2025/10/17 19:45:50 POLARIS_LOG {"event":"send_rate","rate":480000,"ts":1760730350.24956}
2025/10/17 19:45:51 POLARIS_LOG {"event":"send_rate","rate":576000,"ts":1760730351.2426476}
2025/10/17 19:45:52 POLARIS_LOG {"event":"send_rate","rate":552000,"ts":1760730352.242634}
2025/10/17 19:45:53 POLARIS_LOG {"event":"send_rate","rate":528000,"ts":1760730353.2421675}
2025/10/17 19:45:54 POLARIS_LOG {"event":"send_rate","rate":552000,"ts":1760730354.2424524}
2025/10/17 19:45:55 POLARIS_LOG {"event":"send_rate","rate":560000,"ts":1760730355.2442048}
2025/10/17 19:45:56 POLARIS_LOG {"event":"send_rate","rate":432000,"ts":1760730356.2451227}
2025/10/17 19:45:57 POLARIS_LOG {"event":"send_rate","rate":432000,"ts":1760730357.2428966}
2025/10/17 19:45:58 POLARIS_LOG {"event":"send_rate","rate":456000,"ts":1760730358.248125}
2025/10/17 19:45:59 POLARIS_LOG {"event":"send_rate","rate":520000,"ts":1760730359.2479677}
2025/10/17 19:46:00 POLARIS_LOG {"event":"send_rate","rate":440000,"ts":1760730360.243642}
2025/10/17 19:46:01 POLARIS_LOG {"event":"send_rate","rate":440000,"ts":1760730361.242648}
2025/10/17 19:46:02 POLARIS_LOG {"event":"send_rate","rate":472000,"ts":1760730362.2426968}
2025/10/17 19:46:03 POLARIS_LOG {"event":"send_rate","rate":512000,"ts":1760730363.2458987}
2025/10/17 19:46:04 POLARIS_LOG {"event":"send_rate","rate":512000,"ts":1760730364.2424998}
2025/10/17 19:46:05 POLARIS_LOG {"event":"send_rate","rate":488000,"ts":1760730365.2429445}
Skipping switch: current path 5 5 3 5 has lastEstimate 400000 >= maxEstimate 0
2025/10/17 19:46:06 POLARIS_LOG {"event":"send_rate","rate":432000,"ts":1760730366.2421055}
Drain Loop received packet
Drain Loop received non-nil payload
Client sent 14980 packets, server reported 14795 packets received
The network loss rate from client to server is 1.2%

S->C results
Attempted bandwidth: 0 bps / 0.00 Mbps
Achieved bandwidth: 0 bps / 0.00 Mbps
Loss rate: 0.0%
Interarrival time min/avg/max/mdev = -0.000/0.000/0.000/0.000 ms

C->S results
Attempted bandwidth: 499985 bps / 0.50 Mbps
Achieved bandwidth: 424229 bps / 0.42 Mbps
Loss rate: 15.2%
Interarrival time min/avg/max/mdev = 0.002/18.779/380.332/19.015 ms
