
Test parameters:
client->server: 265 seconds, 1000 bytes, 16562 packets
server->client: 265 seconds, 1000 bytes, 0 packets
Polaris prober initialized with 38 paths
Polaris prober initialized with local 1-111,10.111.0.71:32749 and remote 1-113,10.113.0.71
2025/10/17 19:41:40 POLARIS_LOG {"current_rate":0,"event":"path_switch","new":"2 2 5 2","trigger":"initialization","ts":1760730100.2148495}
2025/10/17 19:41:41 POLARIS_LOG {"event":"send_rate","rate":0,"ts":1760730101.2228844}
2025/10/17 19:41:42 POLARIS_LOG {"event":"send_rate","rate":80000,"ts":1760730102.216306}
2025/10/17 19:41:43 POLARIS_LOG {"event":"send_rate","rate":504000,"ts":1760730103.2163537}
2025/10/17 19:41:44 POLARIS_LOG {"event":"send_rate","rate":504000,"ts":1760730104.2164524}
2025/10/17 19:41:45 POLARIS_LOG {"event":"send_rate","rate":496000,"ts":1760730105.2168498}
2025/10/17 19:41:46 POLARIS_LOG {"event":"send_rate","rate":368000,"ts":1760730106.2174795}
2025/10/17 19:41:47 POLARIS_LOG {"event":"send_rate","rate":432000,"ts":1760730107.2186937}
2025/10/17 19:41:48 POLARIS_LOG {"event":"send_rate","rate":568000,"ts":1760730108.216407}
2025/10/17 19:41:49 POLARIS_LOG {"event":"send_rate","rate":376000,"ts":1760730109.2167692}
2025/10/17 19:41:50 POLARIS_LOG {"event":"send_rate","rate":416000,"ts":1760730110.219019}
2025/10/17 19:41:50 POLARIS_LOG {"candidates":10,"candidates_unfiltered":25,"current_rate":416000,"estimated_share":1000000,"event":"path_switch","max_estimated_share":1000000,"new":"1 1 7 7 2 4","old":"2 2 5 2","trigger":"scheduled","ts":1760730110.2191143}
2025/10/17 19:41:51 POLARIS_LOG {"event":"send_rate","rate":840000,"ts":1760730111.2171562}
2025/10/17 19:41:52 POLARIS_LOG {"event":"send_rate","rate":496000,"ts":1760730112.2168572}
2025/10/17 19:41:53 POLARIS_LOG {"event":"send_rate","rate":504000,"ts":1760730113.2162087}
2025/10/17 19:41:54 POLARIS_LOG {"event":"send_rate","rate":504000,"ts":1760730114.2173798}
2025/10/17 19:41:55 POLARIS_LOG {"event":"send_rate","rate":504000,"ts":1760730115.2253976}
2025/10/17 19:41:56 POLARIS_LOG {"event":"send_rate","rate":496000,"ts":1760730116.217967}
2025/10/17 19:41:57 POLARIS_LOG {"event":"send_rate","rate":496000,"ts":1760730117.219652}
2025/10/17 19:41:58 POLARIS_LOG {"event":"send_rate","rate":504000,"ts":1760730118.222392}
2025/10/17 19:41:59 POLARIS_LOG {"event":"send_rate","rate":496000,"ts":1760730119.2167504}
2025/10/17 19:42:00 POLARIS_LOG {"event":"send_rate","rate":504000,"ts":1760730120.216847}
2025/10/17 19:42:01 POLARIS_LOG {"event":"send_rate","rate":496000,"ts":1760730121.216295}
2025/10/17 19:42:02 POLARIS_LOG {"event":"send_rate","rate":496000,"ts":1760730122.2181787}
2025/10/17 19:42:03 POLARIS_LOG {"event":"send_rate","rate":504000,"ts":1760730123.2163448}
2025/10/17 19:42:04 POLARIS_LOG {"event":"send_rate","rate":504000,"ts":1760730124.226193}
2025/10/17 19:42:05 POLARIS_LOG {"event":"send_rate","rate":496000,"ts":1760730125.2168849}
2025/10/17 19:42:06 POLARIS_LOG {"event":"send_rate","rate":496000,"ts":1760730126.2177958}
2025/10/17 19:42:07 POLARIS_LOG {"event":"send_rate","rate":504000,"ts":1760730127.2223701}
2025/10/17 19:42:08 POLARIS_LOG {"event":"send_rate","rate":504000,"ts":1760730128.218129}
2025/10/17 19:42:09 POLARIS_LOG {"event":"send_rate","rate":496000,"ts":1760730129.217415}
2025/10/17 19:42:10 POLARIS_LOG {"event":"send_rate","rate":496000,"ts":1760730130.2166095}
2025/10/17 19:42:11 POLARIS_LOG {"event":"send_rate","rate":504000,"ts":1760730131.215985}
2025/10/17 19:42:12 POLARIS_LOG {"event":"send_rate","rate":504000,"ts":1760730132.2197704}
2025/10/17 19:42:13 POLARIS_LOG {"event":"send_rate","rate":496000,"ts":1760730133.2172742}
2025/10/17 19:42:14 POLARIS_LOG {"event":"send_rate","rate":496000,"ts":1760730134.2162342}
2025/10/17 19:42:15 POLARIS_LOG {"event":"send_rate","rate":504000,"ts":1760730135.2161548}
2025/10/17 19:42:16 POLARIS_LOG {"event":"send_rate","rate":504000,"ts":1760730136.2209692}
2025/10/17 19:42:17 POLARIS_LOG {"event":"send_rate","rate":496000,"ts":1760730137.2161355}
2025/10/17 19:42:18 POLARIS_LOG {"event":"send_rate","rate":504000,"ts":1760730138.218129}
2025/10/17 19:42:19 POLARIS_LOG {"event":"send_rate","rate":496000,"ts":1760730139.2174082}
2025/10/17 19:42:20 POLARIS_LOG {"event":"send_rate","rate":496000,"ts":1760730140.2161193}
2025/10/17 19:42:21 POLARIS_LOG {"event":"send_rate","rate":504000,"ts":1760730141.2178345}
2025/10/17 19:42:22 POLARIS_LOG {"event":"send_rate","rate":496000,"ts":1760730142.216389}
2025/10/17 19:42:23 POLARIS_LOG {"event":"send_rate","rate":504000,"ts":1760730143.219803}
2025/10/17 19:42:24 POLARIS_LOG {"event":"send_rate","rate":504000,"ts":1760730144.223152}
2025/10/17 19:42:25 POLARIS_LOG {"event":"send_rate","rate":496000,"ts":1760730145.2169447}
2025/10/17 19:42:26 POLARIS_LOG {"event":"send_rate","rate":496000,"ts":1760730146.2178528}
2025/10/17 19:42:27 POLARIS_LOG {"event":"send_rate","rate":504000,"ts":1760730147.2172961}
2025/10/17 19:42:28 POLARIS_LOG {"event":"send_rate","rate":512000,"ts":1760730148.2349942}
2025/10/17 19:42:29 POLARIS_LOG {"event":"send_rate","rate":488000,"ts":1760730149.2167547}
2025/10/17 19:42:30 POLARIS_LOG {"event":"send_rate","rate":504000,"ts":1760730150.2207847}
Skipping switch: current path 1 1 7 7 2 4 has lastEstimate 666500 >= maxEstimate 0
2025/10/17 19:42:31 POLARIS_LOG {"event":"send_rate","rate":496000,"ts":1760730151.2184253}
2025/10/17 19:42:32 POLARIS_LOG {"event":"send_rate","rate":496000,"ts":1760730152.2172866}
2025/10/17 19:42:33 POLARIS_LOG {"event":"send_rate","rate":504000,"ts":1760730153.2178402}
2025/10/17 19:42:34 POLARIS_LOG {"event":"send_rate","rate":496000,"ts":1760730154.2170832}
2025/10/17 19:42:35 POLARIS_LOG {"event":"send_rate","rate":504000,"ts":1760730155.2165883}
2025/10/17 19:42:36 POLARIS_LOG {"event":"send_rate","rate":496000,"ts":1760730156.2169137}
2025/10/17 19:42:37 POLARIS_LOG {"event":"send_rate","rate":504000,"ts":1760730157.217408}
2025/10/17 19:42:38 POLARIS_LOG {"event":"send_rate","rate":496000,"ts":1760730158.2168207}
2025/10/17 19:42:39 POLARIS_LOG {"event":"send_rate","rate":504000,"ts":1760730159.2186282}
2025/10/17 19:42:40 POLARIS_LOG {"event":"send_rate","rate":496000,"ts":1760730160.2166474}
2025/10/17 19:42:41 POLARIS_LOG {"event":"send_rate","rate":504000,"ts":1760730161.2160587}
2025/10/17 19:42:42 POLARIS_LOG {"event":"send_rate","rate":496000,"ts":1760730162.2169943}
2025/10/17 19:42:43 POLARIS_LOG {"event":"send_rate","rate":504000,"ts":1760730163.2173834}
2025/10/17 19:42:44 POLARIS_LOG {"event":"send_rate","rate":496000,"ts":1760730164.2372422}
2025/10/17 19:42:45 POLARIS_LOG {"event":"send_rate","rate":504000,"ts":1760730165.2166317}
2025/10/17 19:42:46 POLARIS_LOG {"event":"send_rate","rate":496000,"ts":1760730166.2176127}
2025/10/17 19:42:47 POLARIS_LOG {"event":"send_rate","rate":512000,"ts":1760730167.2287316}
2025/10/17 19:42:48 POLARIS_LOG {"event":"send_rate","rate":496000,"ts":1760730168.221381}
2025/10/17 19:42:49 POLARIS_LOG {"event":"send_rate","rate":496000,"ts":1760730169.2174647}
2025/10/17 19:42:50 POLARIS_LOG {"event":"send_rate","rate":504000,"ts":1760730170.2257211}
2025/10/17 19:42:51 POLARIS_LOG {"event":"send_rate","rate":496000,"ts":1760730171.2217891}
2025/10/17 19:42:52 POLARIS_LOG {"event":"send_rate","rate":496000,"ts":1760730172.2169192}
2025/10/17 19:42:53 POLARIS_LOG {"event":"send_rate","rate":512000,"ts":1760730173.24051}
2025/10/17 19:42:54 POLARIS_LOG {"event":"send_rate","rate":488000,"ts":1760730174.2419791}
2025/10/17 19:42:55 POLARIS_LOG {"event":"send_rate","rate":504000,"ts":1760730175.2165942}
2025/10/17 19:42:56 POLARIS_LOG {"event":"send_rate","rate":496000,"ts":1760730176.2160494}
2025/10/17 19:42:57 POLARIS_LOG {"event":"send_rate","rate":504000,"ts":1760730177.2169585}
2025/10/17 19:42:58 POLARIS_LOG {"event":"send_rate","rate":472000,"ts":1760730178.2217174}
2025/10/17 19:42:59 POLARIS_LOG {"event":"send_rate","rate":384000,"ts":1760730179.2163975}
Skipping switch: current path 1 1 7 7 2 4 has lastEstimate 400000 >= maxEstimate 0
2025/10/17 19:43:00 POLARIS_LOG {"event":"send_rate","rate":512000,"ts":1760730180.2165332}
2025/10/17 19:43:01 POLARIS_LOG {"event":"send_rate","rate":536000,"ts":1760730181.2273755}
2025/10/17 19:43:02 POLARIS_LOG {"event":"send_rate","rate":464000,"ts":1760730182.2193642}
2025/10/17 19:43:03 POLARIS_LOG {"event":"send_rate","rate":472000,"ts":1760730183.2168822}
2025/10/17 19:43:04 POLARIS_LOG {"event":"send_rate","rate":424000,"ts":1760730184.2162914}
2025/10/17 19:43:05 POLARIS_LOG {"event":"send_rate","rate":552000,"ts":1760730185.2162914}
2025/10/17 19:43:06 POLARIS_LOG {"event":"send_rate","rate":680000,"ts":1760730186.2167802}
2025/10/17 19:43:07 POLARIS_LOG {"event":"send_rate","rate":504000,"ts":1760730187.219921}
2025/10/17 19:43:08 POLARIS_LOG {"event":"send_rate","rate":496000,"ts":1760730188.2192302}
2025/10/17 19:43:09 POLARIS_LOG {"event":"send_rate","rate":504000,"ts":1760730189.220757}
2025/10/17 19:43:10 POLARIS_LOG {"event":"send_rate","rate":496000,"ts":1760730190.2200534}
2025/10/17 19:43:11 POLARIS_LOG {"event":"send_rate","rate":504000,"ts":1760730191.2167602}
2025/10/17 19:43:12 POLARIS_LOG {"event":"send_rate","rate":504000,"ts":1760730192.2234447}
2025/10/17 19:43:13 POLARIS_LOG {"event":"send_rate","rate":496000,"ts":1760730193.2167723}
2025/10/17 19:43:14 POLARIS_LOG {"event":"send_rate","rate":504000,"ts":1760730194.2239792}
2025/10/17 19:43:15 POLARIS_LOG {"event":"send_rate","rate":496000,"ts":1760730195.2159789}
2025/10/17 19:43:16 POLARIS_LOG {"event":"send_rate","rate":496000,"ts":1760730196.2181184}
2025/10/17 19:43:17 POLARIS_LOG {"event":"send_rate","rate":504000,"ts":1760730197.2166078}
2025/10/17 19:43:18 POLARIS_LOG {"event":"send_rate","rate":496000,"ts":1760730198.2169628}
2025/10/17 19:43:19 POLARIS_LOG {"event":"send_rate","rate":504000,"ts":1760730199.221924}
2025/10/17 19:43:20 POLARIS_LOG {"event":"send_rate","rate":496000,"ts":1760730200.2169104}
2025/10/17 19:43:21 POLARIS_LOG {"event":"send_rate","rate":504000,"ts":1760730201.217372}
2025/10/17 19:43:22 POLARIS_LOG {"event":"send_rate","rate":496000,"ts":1760730202.2173946}
2025/10/17 19:43:23 POLARIS_LOG {"event":"send_rate","rate":496000,"ts":1760730203.2166336}
2025/10/17 19:43:24 POLARIS_LOG {"event":"send_rate","rate":504000,"ts":1760730204.2184823}
2025/10/17 19:43:25 POLARIS_LOG {"event":"send_rate","rate":504000,"ts":1760730205.2159634}
2025/10/17 19:43:26 POLARIS_LOG {"event":"send_rate","rate":504000,"ts":1760730206.2263353}
2025/10/17 19:43:27 POLARIS_LOG {"event":"send_rate","rate":496000,"ts":1760730207.2192104}
2025/10/17 19:43:28 POLARIS_LOG {"event":"send_rate","rate":496000,"ts":1760730208.2164536}
2025/10/17 19:43:29 POLARIS_LOG {"event":"send_rate","rate":504000,"ts":1760730209.2165978}
2025/10/17 19:43:30 POLARIS_LOG {"event":"send_rate","rate":496000,"ts":1760730210.2167504}
2025/10/17 19:43:31 POLARIS_LOG {"event":"send_rate","rate":504000,"ts":1760730211.2169838}
2025/10/17 19:43:32 POLARIS_LOG {"event":"send_rate","rate":496000,"ts":1760730212.2578094}
2025/10/17 19:43:33 POLARIS_LOG {"event":"send_rate","rate":496000,"ts":1760730213.2272484}
2025/10/17 19:43:34 POLARIS_LOG {"event":"send_rate","rate":504000,"ts":1760730214.2167478}
2025/10/17 19:43:35 POLARIS_LOG {"event":"send_rate","rate":504000,"ts":1760730215.2176535}
2025/10/17 19:43:36 POLARIS_LOG {"event":"send_rate","rate":496000,"ts":1760730216.2171168}
2025/10/17 19:43:37 POLARIS_LOG {"event":"send_rate","rate":504000,"ts":1760730217.2165327}
2025/10/17 19:43:38 POLARIS_LOG {"event":"send_rate","rate":496000,"ts":1760730218.217184}
2025/10/17 19:43:39 POLARIS_LOG {"event":"send_rate","rate":504000,"ts":1760730219.219528}
2025/10/17 19:43:40 POLARIS_LOG {"event":"send_rate","rate":496000,"ts":1760730220.222055}
2025/10/17 19:43:41 POLARIS_LOG {"event":"send_rate","rate":496000,"ts":1760730221.2168748}
2025/10/17 19:43:42 POLARIS_LOG {"event":"send_rate","rate":504000,"ts":1760730222.2304096}
2025/10/17 19:43:43 POLARIS_LOG {"event":"send_rate","rate":496000,"ts":1760730223.2405505}
2025/10/17 19:43:44 POLARIS_LOG {"event":"send_rate","rate":504000,"ts":1760730224.2161658}
2025/10/17 19:43:45 POLARIS_LOG {"event":"send_rate","rate":496000,"ts":1760730225.2159398}
2025/10/17 19:43:46 POLARIS_LOG {"event":"send_rate","rate":504000,"ts":1760730226.216224}
2025/10/17 19:43:47 POLARIS_LOG {"event":"send_rate","rate":496000,"ts":1760730227.2192945}
2025/10/17 19:43:48 POLARIS_LOG {"event":"send_rate","rate":504000,"ts":1760730228.2170684}
2025/10/17 19:43:49 POLARIS_LOG {"event":"send_rate","rate":496000,"ts":1760730229.217396}
2025/10/17 19:43:50 POLARIS_LOG {"event":"send_rate","rate":504000,"ts":1760730230.217807}
2025/10/17 19:43:51 POLARIS_LOG {"event":"send_rate","rate":504000,"ts":1760730231.2245266}
2025/10/17 19:43:52 POLARIS_LOG {"event":"send_rate","rate":496000,"ts":1760730232.216514}
2025/10/17 19:43:53 POLARIS_LOG {"event":"send_rate","rate":496000,"ts":1760730233.2185464}
2025/10/17 19:43:54 POLARIS_LOG {"event":"send_rate","rate":504000,"ts":1760730234.2161653}
2025/10/17 19:43:55 POLARIS_LOG {"event":"send_rate","rate":496000,"ts":1760730235.2167966}
2025/10/17 19:43:56 POLARIS_LOG {"event":"send_rate","rate":504000,"ts":1760730236.2188473}
2025/10/17 19:43:57 POLARIS_LOG {"event":"send_rate","rate":496000,"ts":1760730237.2172885}
2025/10/17 19:43:58 POLARIS_LOG {"event":"send_rate","rate":504000,"ts":1760730238.2172244}
2025/10/17 19:43:59 POLARIS_LOG {"event":"send_rate","rate":504000,"ts":1760730239.2194078}
2025/10/17 19:44:00 POLARIS_LOG {"event":"send_rate","rate":496000,"ts":1760730240.2300525}
2025/10/17 19:44:01 POLARIS_LOG {"event":"send_rate","rate":512000,"ts":1760730241.2370007}
2025/10/17 19:44:02 POLARIS_LOG {"event":"send_rate","rate":488000,"ts":1760730242.2161288}
2025/10/17 19:44:03 POLARIS_LOG {"event":"send_rate","rate":496000,"ts":1760730243.2162266}
2025/10/17 19:44:04 POLARIS_LOG {"event":"send_rate","rate":504000,"ts":1760730244.216375}
2025/10/17 19:44:05 POLARIS_LOG {"event":"send_rate","rate":504000,"ts":1760730245.2240155}
2025/10/17 19:44:06 POLARIS_LOG {"event":"send_rate","rate":496000,"ts":1760730246.2185888}
2025/10/17 19:44:07 POLARIS_LOG {"event":"send_rate","rate":496000,"ts":1760730247.2161074}
2025/10/17 19:44:08 POLARIS_LOG {"event":"send_rate","rate":504000,"ts":1760730248.2164192}
2025/10/17 19:44:09 POLARIS_LOG {"event":"send_rate","rate":496000,"ts":1760730249.2166889}
2025/10/17 19:44:10 POLARIS_LOG {"event":"send_rate","rate":504000,"ts":1760730250.2164712}
2025/10/17 19:44:11 POLARIS_LOG {"event":"send_rate","rate":496000,"ts":1760730251.2171266}
2025/10/17 19:44:12 POLARIS_LOG {"event":"send_rate","rate":504000,"ts":1760730252.2167733}
2025/10/17 19:44:13 POLARIS_LOG {"event":"send_rate","rate":496000,"ts":1760730253.2172897}
2025/10/17 19:44:14 POLARIS_LOG {"event":"send_rate","rate":504000,"ts":1760730254.2177234}
2025/10/17 19:44:15 POLARIS_LOG {"event":"send_rate","rate":496000,"ts":1760730255.2179737}
2025/10/17 19:44:16 POLARIS_LOG {"event":"send_rate","rate":504000,"ts":1760730256.2177968}
2025/10/17 19:44:17 POLARIS_LOG {"event":"send_rate","rate":496000,"ts":1760730257.2188816}
2025/10/17 19:44:18 POLARIS_LOG {"event":"send_rate","rate":504000,"ts":1760730258.2180538}
2025/10/17 19:44:19 POLARIS_LOG {"event":"send_rate","rate":504000,"ts":1760730259.229428}
2025/10/17 19:44:20 POLARIS_LOG {"event":"send_rate","rate":496000,"ts":1760730260.2159655}
2025/10/17 19:44:21 POLARIS_LOG {"event":"send_rate","rate":496000,"ts":1760730261.2164857}
2025/10/17 19:44:22 POLARIS_LOG {"event":"send_rate","rate":504000,"ts":1760730262.2160978}
2025/10/17 19:44:23 POLARIS_LOG {"event":"send_rate","rate":496000,"ts":1760730263.215944}
2025/10/17 19:44:24 POLARIS_LOG {"event":"send_rate","rate":504000,"ts":1760730264.215952}
2025/10/17 19:44:25 POLARIS_LOG {"event":"send_rate","rate":496000,"ts":1760730265.2168024}
2025/10/17 19:44:26 POLARIS_LOG {"event":"send_rate","rate":504000,"ts":1760730266.216694}
2025/10/17 19:44:27 POLARIS_LOG {"event":"send_rate","rate":496000,"ts":1760730267.2164843}
2025/10/17 19:44:28 POLARIS_LOG {"event":"send_rate","rate":504000,"ts":1760730268.2159877}
2025/10/17 19:44:29 POLARIS_LOG {"event":"send_rate","rate":496000,"ts":1760730269.2166195}
2025/10/17 19:44:30 POLARIS_LOG {"event":"send_rate","rate":504000,"ts":1760730270.2178955}
2025/10/17 19:44:31 POLARIS_LOG {"event":"send_rate","rate":496000,"ts":1760730271.2167957}
2025/10/17 19:44:32 POLARIS_LOG {"event":"send_rate","rate":504000,"ts":1760730272.2167096}
2025/10/17 19:44:33 POLARIS_LOG {"event":"send_rate","rate":496000,"ts":1760730273.2222157}
2025/10/17 19:44:34 POLARIS_LOG {"event":"send_rate","rate":504000,"ts":1760730274.216596}
2025/10/17 19:44:35 POLARIS_LOG {"event":"send_rate","rate":496000,"ts":1760730275.2198863}
2025/10/17 19:44:36 POLARIS_LOG {"event":"send_rate","rate":504000,"ts":1760730276.21603}
2025/10/17 19:44:37 POLARIS_LOG {"event":"send_rate","rate":496000,"ts":1760730277.2174149}
2025/10/17 19:44:38 POLARIS_LOG {"event":"send_rate","rate":504000,"ts":1760730278.2176783}
2025/10/17 19:44:39 POLARIS_LOG {"event":"send_rate","rate":496000,"ts":1760730279.2179184}
2025/10/17 19:44:40 POLARIS_LOG {"event":"send_rate","rate":504000,"ts":1760730280.2230494}
2025/10/17 19:44:41 POLARIS_LOG {"event":"send_rate","rate":496000,"ts":1760730281.2175434}
2025/10/17 19:44:42 POLARIS_LOG {"event":"send_rate","rate":504000,"ts":1760730282.2169404}
2025/10/17 19:44:43 POLARIS_LOG {"event":"send_rate","rate":496000,"ts":1760730283.2222376}
2025/10/17 19:44:44 POLARIS_LOG {"event":"send_rate","rate":504000,"ts":1760730284.217924}
2025/10/17 19:44:45 POLARIS_LOG {"event":"send_rate","rate":496000,"ts":1760730285.2163305}
2025/10/17 19:44:46 POLARIS_LOG {"event":"send_rate","rate":504000,"ts":1760730286.2178736}
2025/10/17 19:44:47 POLARIS_LOG {"event":"send_rate","rate":496000,"ts":1760730287.2224503}
2025/10/17 19:44:48 POLARIS_LOG {"event":"send_rate","rate":504000,"ts":1760730288.2166615}
2025/10/17 19:44:49 POLARIS_LOG {"event":"send_rate","rate":496000,"ts":1760730289.2165625}
2025/10/17 19:44:50 POLARIS_LOG {"event":"send_rate","rate":496000,"ts":1760730290.216422}
2025/10/17 19:44:51 POLARIS_LOG {"event":"send_rate","rate":504000,"ts":1760730291.2344947}
2025/10/17 19:44:52 POLARIS_LOG {"event":"send_rate","rate":504000,"ts":1760730292.2161884}
2025/10/17 19:44:53 POLARIS_LOG {"event":"send_rate","rate":496000,"ts":1760730293.2174501}
2025/10/17 19:44:54 POLARIS_LOG {"event":"send_rate","rate":504000,"ts":1760730294.2176902}
2025/10/17 19:44:55 POLARIS_LOG {"event":"send_rate","rate":496000,"ts":1760730295.2174876}
2025/10/17 19:44:56 POLARIS_LOG {"event":"send_rate","rate":504000,"ts":1760730296.2175446}
2025/10/17 19:44:57 POLARIS_LOG {"event":"send_rate","rate":504000,"ts":1760730297.235837}
2025/10/17 19:44:58 POLARIS_LOG {"event":"send_rate","rate":496000,"ts":1760730298.2181745}
2025/10/17 19:44:59 POLARIS_LOG {"event":"send_rate","rate":496000,"ts":1760730299.2163925}
2025/10/17 19:45:00 POLARIS_LOG {"event":"send_rate","rate":504000,"ts":1760730300.2164671}
2025/10/17 19:45:01 POLARIS_LOG {"event":"send_rate","rate":496000,"ts":1760730301.2169206}
2025/10/17 19:45:02 POLARIS_LOG {"event":"send_rate","rate":504000,"ts":1760730302.2254813}
2025/10/17 19:45:03 POLARIS_LOG {"event":"send_rate","rate":496000,"ts":1760730303.2164707}
2025/10/17 19:45:04 POLARIS_LOG {"event":"send_rate","rate":504000,"ts":1760730304.2239075}
2025/10/17 19:45:05 POLARIS_LOG {"event":"send_rate","rate":496000,"ts":1760730305.2175543}
2025/10/17 19:45:06 POLARIS_LOG {"event":"send_rate","rate":504000,"ts":1760730306.217544}
2025/10/17 19:45:07 POLARIS_LOG {"event":"send_rate","rate":496000,"ts":1760730307.2164943}
2025/10/17 19:45:08 POLARIS_LOG {"event":"send_rate","rate":504000,"ts":1760730308.2179105}
2025/10/17 19:45:09 POLARIS_LOG {"event":"send_rate","rate":496000,"ts":1760730309.2167306}
2025/10/17 19:45:10 POLARIS_LOG {"event":"send_rate","rate":496000,"ts":1760730310.2173762}
2025/10/17 19:45:11 POLARIS_LOG {"event":"send_rate","rate":504000,"ts":1760730311.2221842}
2025/10/17 19:45:12 POLARIS_LOG {"event":"send_rate","rate":504000,"ts":1760730312.217496}
2025/10/17 19:45:13 POLARIS_LOG {"event":"send_rate","rate":496000,"ts":1760730313.2168136}
2025/10/17 19:45:14 POLARIS_LOG {"event":"send_rate","rate":512000,"ts":1760730314.2334156}
2025/10/17 19:45:15 POLARIS_LOG {"event":"send_rate","rate":488000,"ts":1760730315.2220783}
2025/10/17 19:45:16 POLARIS_LOG {"event":"send_rate","rate":496000,"ts":1760730316.2163713}
2025/10/17 19:45:17 POLARIS_LOG {"event":"send_rate","rate":504000,"ts":1760730317.2184882}
2025/10/17 19:45:18 POLARIS_LOG {"event":"send_rate","rate":504000,"ts":1760730318.2183304}
2025/10/17 19:45:19 POLARIS_LOG {"event":"send_rate","rate":496000,"ts":1760730319.2204728}
2025/10/17 19:45:20 POLARIS_LOG {"event":"send_rate","rate":496000,"ts":1760730320.2408204}
2025/10/17 19:45:21 POLARIS_LOG {"event":"send_rate","rate":512000,"ts":1760730321.232096}
2025/10/17 19:45:22 POLARIS_LOG {"event":"send_rate","rate":496000,"ts":1760730322.222625}
2025/10/17 19:45:23 POLARIS_LOG {"event":"send_rate","rate":520000,"ts":1760730323.2705026}
2025/10/17 19:45:24 POLARIS_LOG {"event":"send_rate","rate":472000,"ts":1760730324.2171028}
2025/10/17 19:45:25 POLARIS_LOG {"event":"send_rate","rate":504000,"ts":1760730325.2191174}
2025/10/17 19:45:26 POLARIS_LOG {"event":"send_rate","rate":496000,"ts":1760730326.2170691}
2025/10/17 19:45:27 POLARIS_LOG {"event":"send_rate","rate":504000,"ts":1760730327.2169566}
2025/10/17 19:45:28 POLARIS_LOG {"event":"send_rate","rate":504000,"ts":1760730328.2319171}
2025/10/17 19:45:29 POLARIS_LOG {"event":"send_rate","rate":496000,"ts":1760730329.216925}
2025/10/17 19:45:30 POLARIS_LOG {"event":"send_rate","rate":496000,"ts":1760730330.2179408}
2025/10/17 19:45:31 POLARIS_LOG {"event":"send_rate","rate":504000,"ts":1760730331.2204006}
2025/10/17 19:45:32 POLARIS_LOG {"event":"send_rate","rate":496000,"ts":1760730332.216758}
2025/10/17 19:45:33 POLARIS_LOG {"event":"send_rate","rate":504000,"ts":1760730333.216602}
2025/10/17 19:45:34 POLARIS_LOG {"event":"send_rate","rate":496000,"ts":1760730334.220033}
2025/10/17 19:45:35 POLARIS_LOG {"event":"send_rate","rate":504000,"ts":1760730335.219365}
2025/10/17 19:45:36 POLARIS_LOG {"event":"send_rate","rate":496000,"ts":1760730336.2175577}
2025/10/17 19:45:37 POLARIS_LOG {"event":"send_rate","rate":504000,"ts":1760730337.2171414}
2025/10/17 19:45:38 POLARIS_LOG {"event":"send_rate","rate":496000,"ts":1760730338.2176654}
2025/10/17 19:45:39 POLARIS_LOG {"event":"send_rate","rate":504000,"ts":1760730339.2168338}
2025/10/17 19:45:40 POLARIS_LOG {"event":"send_rate","rate":496000,"ts":1760730340.217514}
2025/10/17 19:45:41 POLARIS_LOG {"event":"send_rate","rate":504000,"ts":1760730341.216292}
2025/10/17 19:45:42 POLARIS_LOG {"event":"send_rate","rate":504000,"ts":1760730342.2202778}
2025/10/17 19:45:43 POLARIS_LOG {"event":"send_rate","rate":496000,"ts":1760730343.217139}
2025/10/17 19:45:44 POLARIS_LOG {"event":"send_rate","rate":496000,"ts":1760730344.216351}
2025/10/17 19:45:45 POLARIS_LOG {"event":"send_rate","rate":504000,"ts":1760730345.217042}
2025/10/17 19:45:46 POLARIS_LOG {"event":"send_rate","rate":496000,"ts":1760730346.2239206}
2025/10/17 19:45:47 POLARIS_LOG {"event":"send_rate","rate":504000,"ts":1760730347.2222495}
2025/10/17 19:45:48 POLARIS_LOG {"event":"send_rate","rate":496000,"ts":1760730348.2162116}
2025/10/17 19:45:49 POLARIS_LOG {"event":"send_rate","rate":504000,"ts":1760730349.2198267}
2025/10/17 19:45:50 POLARIS_LOG {"event":"send_rate","rate":504000,"ts":1760730350.224949}
2025/10/17 19:45:51 POLARIS_LOG {"event":"send_rate","rate":488000,"ts":1760730351.2174997}
2025/10/17 19:45:52 POLARIS_LOG {"event":"send_rate","rate":504000,"ts":1760730352.2163887}
2025/10/17 19:45:53 POLARIS_LOG {"event":"send_rate","rate":504000,"ts":1760730353.2161586}
2025/10/17 19:45:54 POLARIS_LOG {"event":"send_rate","rate":496000,"ts":1760730354.2165713}
2025/10/17 19:45:55 POLARIS_LOG {"event":"send_rate","rate":512000,"ts":1760730355.2440586}
2025/10/17 19:45:56 POLARIS_LOG {"event":"send_rate","rate":488000,"ts":1760730356.2159483}
2025/10/17 19:45:57 POLARIS_LOG {"event":"send_rate","rate":504000,"ts":1760730357.216705}
2025/10/17 19:45:58 POLARIS_LOG {"event":"send_rate","rate":496000,"ts":1760730358.2162814}
2025/10/17 19:45:59 POLARIS_LOG {"event":"send_rate","rate":504000,"ts":1760730359.2159953}
2025/10/17 19:46:00 POLARIS_LOG {"event":"send_rate","rate":496000,"ts":1760730360.2159412}
2025/10/17 19:46:01 POLARIS_LOG {"event":"send_rate","rate":504000,"ts":1760730361.2160594}
2025/10/17 19:46:02 POLARIS_LOG {"event":"send_rate","rate":496000,"ts":1760730362.2187824}
2025/10/17 19:46:03 POLARIS_LOG {"event":"send_rate","rate":504000,"ts":1760730363.219311}
2025/10/17 19:46:04 POLARIS_LOG {"event":"send_rate","rate":496000,"ts":1760730364.21787}
2025/10/17 19:46:05 POLARIS_LOG {"event":"send_rate","rate":504000,"ts":1760730365.2171428}
2025/10/17 19:46:06 POLARIS_LOG {"event":"send_rate","rate":496000,"ts":1760730366.2190132}
Drain Loop received packet
Drain Loop received non-nil payload
Client sent 16562 packets, server reported 16540 packets received
The network loss rate from client to server is 0.1%

S->C results
Attempted bandwidth: 0 bps / 0.00 Mbps
Achieved bandwidth: 0 bps / 0.00 Mbps
Loss rate: 0.0%
Interarrival time min/avg/max/mdev = -0.000/0.000/0.000/0.000 ms

C->S results
Attempted bandwidth: 499984 bps / 0.50 Mbps
Achieved bandwidth: 499320 bps / 0.50 Mbps
Loss rate: 0.1%
Interarrival time min/avg/max/mdev = 0.002/15.989/346.370/18.176 ms
