
Test parameters:
client->server: 286 seconds, 1000 bytes, 17875 packets
server->client: 286 seconds, 1000 bytes, 0 packets
Polaris prober initialized with 38 paths
Polaris prober initialized with local 1-111,10.111.0.71:32758 and remote 1-113,10.113.0.71
2025/10/17 19:41:19 POLARIS_LOG {"current_rate":0,"event":"path_switch","new":"2 2 5 2","trigger":"initialization","ts":1760730079.1708739}
2025/10/17 19:41:20 POLARIS_LOG {"event":"send_rate","rate":496000,"ts":1760730080.1720128}
2025/10/17 19:41:21 POLARIS_LOG {"event":"send_rate","rate":504000,"ts":1760730081.1713016}
2025/10/17 19:41:22 POLARIS_LOG {"event":"send_rate","rate":496000,"ts":1760730082.1719356}
2025/10/17 19:41:23 POLARIS_LOG {"event":"send_rate","rate":504000,"ts":1760730083.1722748}
2025/10/17 19:41:24 POLARIS_LOG {"event":"send_rate","rate":496000,"ts":1760730084.1713936}
2025/10/17 19:41:25 POLARIS_LOG {"event":"send_rate","rate":504000,"ts":1760730085.1716356}
2025/10/17 19:41:26 POLARIS_LOG {"event":"send_rate","rate":504000,"ts":1760730086.171988}
2025/10/17 19:41:27 POLARIS_LOG {"event":"send_rate","rate":496000,"ts":1760730087.1712756}
2025/10/17 19:41:28 POLARIS_LOG {"event":"send_rate","rate":496000,"ts":1760730088.1711302}
2025/10/17 19:41:29 POLARIS_LOG {"event":"send_rate","rate":504000,"ts":1760730089.1827729}
2025/10/17 19:41:30 POLARIS_LOG {"event":"send_rate","rate":496000,"ts":1760730090.1720607}
2025/10/17 19:41:31 POLARIS_LOG {"event":"send_rate","rate":504000,"ts":1760730091.1712937}
2025/10/17 19:41:32 POLARIS_LOG {"event":"send_rate","rate":496000,"ts":1760730092.171981}
2025/10/17 19:41:33 POLARIS_LOG {"event":"send_rate","rate":504000,"ts":1760730093.1717243}
2025/10/17 19:41:34 POLARIS_LOG {"event":"send_rate","rate":496000,"ts":1760730094.1721768}
2025/10/17 19:41:35 POLARIS_LOG {"event":"send_rate","rate":504000,"ts":1760730095.1717238}
2025/10/17 19:41:36 POLARIS_LOG {"event":"send_rate","rate":496000,"ts":1760730096.1712904}
2025/10/17 19:41:37 POLARIS_LOG {"event":"send_rate","rate":504000,"ts":1760730097.1732798}
2025/10/17 19:41:38 POLARIS_LOG {"event":"send_rate","rate":496000,"ts":1760730098.1724353}
2025/10/17 19:41:39 POLARIS_LOG {"event":"send_rate","rate":512000,"ts":1760730099.1833203}
2025/10/17 19:41:40 POLARIS_LOG {"event":"send_rate","rate":496000,"ts":1760730100.1744392}
2025/10/17 19:41:41 POLARIS_LOG {"event":"send_rate","rate":496000,"ts":1760730101.171981}
2025/10/17 19:41:42 POLARIS_LOG {"event":"send_rate","rate":424000,"ts":1760730102.1720896}
2025/10/17 19:41:43 POLARIS_LOG {"event":"send_rate","rate":312000,"ts":1760730103.1718817}
2025/10/17 19:41:44 POLARIS_LOG {"event":"send_rate","rate":360000,"ts":1760730104.171989}
2025/10/17 19:41:45 POLARIS_LOG {"event":"send_rate","rate":480000,"ts":1760730105.1713576}
2025/10/17 19:41:46 POLARIS_LOG {"event":"send_rate","rate":408000,"ts":1760730106.1719034}
2025/10/17 19:41:47 POLARIS_LOG {"event":"send_rate","rate":472000,"ts":1760730107.1732702}
2025/10/17 19:41:48 POLARIS_LOG {"event":"send_rate","rate":576000,"ts":1760730108.1713185}
2025/10/17 19:41:49 POLARIS_LOG {"event":"send_rate","rate":376000,"ts":1760730109.171146}
2025/10/17 19:41:49 POLARIS_LOG {"candidates":25,"candidates_unfiltered":25,"current_rate":376000,"estimated_share":1000000,"event":"path_switch","max_estimated_share":1000000,"new":"5 5 6 6 4 1","old":"2 2 5 2","trigger":"scheduled","ts":1760730109.1712048}
2025/10/17 19:41:50 POLARIS_LOG {"event":"send_rate","rate":1088000,"ts":1760730110.172099}
2025/10/17 19:41:51 POLARIS_LOG {"event":"send_rate","rate":504000,"ts":1760730111.1711187}
2025/10/17 19:41:52 POLARIS_LOG {"event":"send_rate","rate":496000,"ts":1760730112.1711297}
2025/10/17 19:41:53 POLARIS_LOG {"event":"send_rate","rate":504000,"ts":1760730113.1717944}
2025/10/17 19:41:54 POLARIS_LOG {"event":"send_rate","rate":496000,"ts":1760730114.1720645}
2025/10/17 19:41:55 POLARIS_LOG {"event":"send_rate","rate":504000,"ts":1760730115.1710944}
2025/10/17 19:41:56 POLARIS_LOG {"event":"send_rate","rate":496000,"ts":1760730116.171283}
2025/10/17 19:41:57 POLARIS_LOG {"event":"send_rate","rate":504000,"ts":1760730117.1717396}
2025/10/17 19:41:58 POLARIS_LOG {"event":"send_rate","rate":496000,"ts":1760730118.1721025}
2025/10/17 19:41:59 POLARIS_LOG {"event":"send_rate","rate":504000,"ts":1760730119.171948}
2025/10/17 19:42:00 POLARIS_LOG {"event":"send_rate","rate":496000,"ts":1760730120.1714537}
2025/10/17 19:42:01 POLARIS_LOG {"event":"send_rate","rate":504000,"ts":1760730121.172429}
2025/10/17 19:42:02 POLARIS_LOG {"event":"send_rate","rate":496000,"ts":1760730122.1717422}
2025/10/17 19:42:03 POLARIS_LOG {"event":"send_rate","rate":504000,"ts":1760730123.172023}
2025/10/17 19:42:04 POLARIS_LOG {"event":"send_rate","rate":496000,"ts":1760730124.1719215}
2025/10/17 19:42:05 POLARIS_LOG {"event":"send_rate","rate":504000,"ts":1760730125.1710985}
2025/10/17 19:42:06 POLARIS_LOG {"event":"send_rate","rate":496000,"ts":1760730126.17191}
2025/10/17 19:42:07 POLARIS_LOG {"event":"send_rate","rate":504000,"ts":1760730127.171235}
2025/10/17 19:42:08 POLARIS_LOG {"event":"send_rate","rate":496000,"ts":1760730128.1715307}
2025/10/17 19:42:09 POLARIS_LOG {"event":"send_rate","rate":504000,"ts":1760730129.1711657}
2025/10/17 19:42:10 POLARIS_LOG {"event":"send_rate","rate":496000,"ts":1760730130.1719353}
2025/10/17 19:42:11 POLARIS_LOG {"event":"send_rate","rate":504000,"ts":1760730131.1719265}
2025/10/17 19:42:12 POLARIS_LOG {"event":"send_rate","rate":504000,"ts":1760730132.1745238}
2025/10/17 19:42:13 POLARIS_LOG {"event":"send_rate","rate":496000,"ts":1760730133.1718976}
2025/10/17 19:42:14 POLARIS_LOG {"event":"send_rate","rate":504000,"ts":1760730134.1768584}
2025/10/17 19:42:15 POLARIS_LOG {"event":"send_rate","rate":496000,"ts":1760730135.1713333}
2025/10/17 19:42:16 POLARIS_LOG {"event":"send_rate","rate":496000,"ts":1760730136.1715717}
2025/10/17 19:42:17 POLARIS_LOG {"event":"send_rate","rate":504000,"ts":1760730137.172305}
2025/10/17 19:42:18 POLARIS_LOG {"event":"send_rate","rate":496000,"ts":1760730138.1711104}
2025/10/17 19:42:19 POLARIS_LOG {"event":"send_rate","rate":504000,"ts":1760730139.1727142}
2025/10/17 19:42:20 POLARIS_LOG {"event":"send_rate","rate":496000,"ts":1760730140.1715467}
2025/10/17 19:42:21 POLARIS_LOG {"event":"send_rate","rate":504000,"ts":1760730141.171628}
2025/10/17 19:42:22 POLARIS_LOG {"event":"send_rate","rate":496000,"ts":1760730142.1741576}
2025/10/17 19:42:23 POLARIS_LOG {"event":"send_rate","rate":504000,"ts":1760730143.1715403}
2025/10/17 19:42:24 POLARIS_LOG {"event":"send_rate","rate":496000,"ts":1760730144.1719415}
2025/10/17 19:42:25 POLARIS_LOG {"event":"send_rate","rate":504000,"ts":1760730145.1720097}
2025/10/17 19:42:26 POLARIS_LOG {"event":"send_rate","rate":496000,"ts":1760730146.1718745}
2025/10/17 19:42:27 POLARIS_LOG {"event":"send_rate","rate":504000,"ts":1760730147.1714017}
2025/10/17 19:42:28 POLARIS_LOG {"event":"send_rate","rate":496000,"ts":1760730148.1714723}
2025/10/17 19:42:29 POLARIS_LOG {"event":"send_rate","rate":504000,"ts":1760730149.171391}
2025/10/17 19:42:30 POLARIS_LOG {"event":"send_rate","rate":496000,"ts":1760730150.171711}
2025/10/17 19:42:31 POLARIS_LOG {"event":"send_rate","rate":504000,"ts":1760730151.1721215}
2025/10/17 19:42:32 POLARIS_LOG {"event":"send_rate","rate":496000,"ts":1760730152.1712606}
2025/10/17 19:42:33 POLARIS_LOG {"event":"send_rate","rate":504000,"ts":1760730153.1718996}
2025/10/17 19:42:34 POLARIS_LOG {"event":"send_rate","rate":496000,"ts":1760730154.1714797}
2025/10/17 19:42:35 POLARIS_LOG {"event":"send_rate","rate":504000,"ts":1760730155.1718159}
2025/10/17 19:42:36 POLARIS_LOG {"event":"send_rate","rate":496000,"ts":1760730156.1720054}
2025/10/17 19:42:37 POLARIS_LOG {"event":"send_rate","rate":504000,"ts":1760730157.172122}
2025/10/17 19:42:38 POLARIS_LOG {"event":"send_rate","rate":496000,"ts":1760730158.171478}
2025/10/17 19:42:39 POLARIS_LOG {"event":"send_rate","rate":504000,"ts":1760730159.172506}
2025/10/17 19:42:40 POLARIS_LOG {"event":"send_rate","rate":496000,"ts":1760730160.1716545}
2025/10/17 19:42:41 POLARIS_LOG {"event":"send_rate","rate":504000,"ts":1760730161.171958}
2025/10/17 19:42:42 POLARIS_LOG {"event":"send_rate","rate":496000,"ts":1760730162.1722143}
2025/10/17 19:42:43 POLARIS_LOG {"event":"send_rate","rate":504000,"ts":1760730163.1720376}
2025/10/17 19:42:44 POLARIS_LOG {"event":"send_rate","rate":496000,"ts":1760730164.1718643}
2025/10/17 19:42:45 POLARIS_LOG {"event":"send_rate","rate":504000,"ts":1760730165.1716073}
2025/10/17 19:42:46 POLARIS_LOG {"event":"send_rate","rate":496000,"ts":1760730166.1714191}
2025/10/17 19:42:47 POLARIS_LOG {"event":"send_rate","rate":504000,"ts":1760730167.1717498}
2025/10/17 19:42:48 POLARIS_LOG {"event":"send_rate","rate":496000,"ts":1760730168.1716495}
2025/10/17 19:42:49 POLARIS_LOG {"event":"send_rate","rate":496000,"ts":1760730169.1717355}
2025/10/17 19:42:50 POLARIS_LOG {"event":"send_rate","rate":504000,"ts":1760730170.1719978}
2025/10/17 19:42:51 POLARIS_LOG {"event":"send_rate","rate":504000,"ts":1760730171.1716413}
2025/10/17 19:42:52 POLARIS_LOG {"event":"send_rate","rate":496000,"ts":1760730172.171158}
2025/10/17 19:42:53 POLARIS_LOG {"event":"send_rate","rate":504000,"ts":1760730173.1711757}
2025/10/17 19:42:54 POLARIS_LOG {"event":"send_rate","rate":496000,"ts":1760730174.1713483}
2025/10/17 19:42:55 POLARIS_LOG {"event":"send_rate","rate":504000,"ts":1760730175.1713443}
2025/10/17 19:42:56 POLARIS_LOG {"event":"send_rate","rate":496000,"ts":1760730176.1716132}
2025/10/17 19:42:57 POLARIS_LOG {"event":"send_rate","rate":448000,"ts":1760730177.1721132}
2025/10/17 19:42:58 POLARIS_LOG {"event":"send_rate","rate":256000,"ts":1760730178.1715102}
2025/10/17 19:42:59 POLARIS_LOG {"event":"send_rate","rate":264000,"ts":1760730179.1717162}
Skipping switch: current path 5 5 6 6 4 1 has lastEstimate 400000 >= maxEstimate 0
2025/10/17 19:43:00 POLARIS_LOG {"event":"send_rate","rate":232000,"ts":1760730180.1721454}
2025/10/17 19:43:01 POLARIS_LOG {"event":"send_rate","rate":304000,"ts":1760730181.1742668}
2025/10/17 19:43:02 POLARIS_LOG {"event":"send_rate","rate":416000,"ts":1760730182.1720924}
2025/10/17 19:43:03 POLARIS_LOG {"event":"send_rate","rate":336000,"ts":1760730183.171857}
2025/10/17 19:43:04 POLARIS_LOG {"event":"send_rate","rate":200000,"ts":1760730184.1719532}
2025/10/17 19:43:05 POLARIS_LOG {"event":"send_rate","rate":256000,"ts":1760730185.1718721}
2025/10/17 19:43:06 POLARIS_LOG {"event":"send_rate","rate":280000,"ts":1760730186.1716802}
2025/10/17 19:43:07 POLARIS_LOG {"event":"send_rate","rate":168000,"ts":1760730187.1731079}
2025/10/17 19:43:08 POLARIS_LOG {"event":"send_rate","rate":216000,"ts":1760730188.1722157}
Skipping switch: current path 5 5 6 6 4 1 has lastEstimate 333250 >= maxEstimate 0
2025/10/17 19:43:09 POLARIS_LOG {"event":"send_rate","rate":256000,"ts":1760730189.1712222}
2025/10/17 19:43:10 POLARIS_LOG {"event":"send_rate","rate":192000,"ts":1760730190.1720545}
2025/10/17 19:43:11 POLARIS_LOG {"event":"send_rate","rate":200000,"ts":1760730191.1715872}
2025/10/17 19:43:12 POLARIS_LOG {"event":"send_rate","rate":184000,"ts":1760730192.1713705}
2025/10/17 19:43:13 POLARIS_LOG {"event":"send_rate","rate":296000,"ts":1760730193.1719964}
2025/10/17 19:43:14 POLARIS_LOG {"event":"send_rate","rate":368000,"ts":1760730194.1712248}
2025/10/17 19:43:15 POLARIS_LOG {"event":"send_rate","rate":416000,"ts":1760730195.1716614}
2025/10/17 19:43:16 POLARIS_LOG {"event":"send_rate","rate":344000,"ts":1760730196.1720824}
2025/10/17 19:43:17 POLARIS_LOG {"event":"send_rate","rate":408000,"ts":1760730197.1715891}
2025/10/17 19:43:18 POLARIS_LOG {"event":"send_rate","rate":408000,"ts":1760730198.1732087}
2025/10/17 19:43:19 POLARIS_LOG {"event":"send_rate","rate":448000,"ts":1760730199.185254}
Skipping switch: current path 5 5 6 6 4 1 has lastEstimate 333250 >= maxEstimate 0
2025/10/17 19:43:20 POLARIS_LOG {"event":"send_rate","rate":560000,"ts":1760730200.172495}
2025/10/17 19:43:21 POLARIS_LOG {"event":"send_rate","rate":384000,"ts":1760730201.1718557}
2025/10/17 19:43:22 POLARIS_LOG {"event":"send_rate","rate":360000,"ts":1760730202.1717157}
2025/10/17 19:43:23 POLARIS_LOG {"event":"send_rate","rate":424000,"ts":1760730203.17118}
2025/10/17 19:43:24 POLARIS_LOG {"event":"send_rate","rate":312000,"ts":1760730204.172284}
2025/10/17 19:43:25 POLARIS_LOG {"event":"send_rate","rate":360000,"ts":1760730205.1717658}
2025/10/17 19:43:26 POLARIS_LOG {"event":"send_rate","rate":256000,"ts":1760730206.172421}
2025/10/17 19:43:27 POLARIS_LOG {"event":"send_rate","rate":208000,"ts":1760730207.173711}
2025/10/17 19:43:28 POLARIS_LOG {"event":"send_rate","rate":248000,"ts":1760730208.1719766}
Skipping switch: current path 5 5 6 6 4 1 has lastEstimate 333250 >= maxEstimate 0
2025/10/17 19:43:29 POLARIS_LOG {"event":"send_rate","rate":232000,"ts":1760730209.1715236}
2025/10/17 19:43:30 POLARIS_LOG {"event":"send_rate","rate":304000,"ts":1760730210.1795073}
2025/10/17 19:43:31 POLARIS_LOG {"event":"send_rate","rate":272000,"ts":1760730211.1716266}
2025/10/17 19:43:32 POLARIS_LOG {"event":"send_rate","rate":408000,"ts":1760730212.1765122}
2025/10/17 19:43:33 POLARIS_LOG {"event":"send_rate","rate":264000,"ts":1760730213.1727319}
2025/10/17 19:43:34 POLARIS_LOG {"event":"send_rate","rate":328000,"ts":1760730214.1719666}
2025/10/17 19:43:35 POLARIS_LOG {"event":"send_rate","rate":272000,"ts":1760730215.1723173}
2025/10/17 19:43:36 POLARIS_LOG {"event":"send_rate","rate":384000,"ts":1760730216.1731598}
2025/10/17 19:43:37 POLARIS_LOG {"event":"send_rate","rate":376000,"ts":1760730217.1711876}
2025/10/17 19:43:38 POLARIS_LOG {"event":"send_rate","rate":360000,"ts":1760730218.1727839}
2025/10/17 19:43:39 POLARIS_LOG {"event":"send_rate","rate":416000,"ts":1760730219.1737375}
Skipping switch: current path 5 5 6 6 4 1 has lastEstimate 333250 >= maxEstimate 0
2025/10/17 19:43:40 POLARIS_LOG {"event":"send_rate","rate":368000,"ts":1760730220.1719308}
2025/10/17 19:43:41 POLARIS_LOG {"event":"send_rate","rate":504000,"ts":1760730221.1718068}
2025/10/17 19:43:42 POLARIS_LOG {"event":"send_rate","rate":440000,"ts":1760730222.1714003}
2025/10/17 19:43:43 POLARIS_LOG {"event":"send_rate","rate":640000,"ts":1760730223.1719434}
2025/10/17 19:43:44 POLARIS_LOG {"event":"send_rate","rate":584000,"ts":1760730224.1722493}
2025/10/17 19:43:45 POLARIS_LOG {"event":"send_rate","rate":624000,"ts":1760730225.1711}
2025/10/17 19:43:46 POLARIS_LOG {"event":"send_rate","rate":440000,"ts":1760730226.171519}
2025/10/17 19:43:47 POLARIS_LOG {"event":"send_rate","rate":400000,"ts":1760730227.1720543}
2025/10/17 19:43:48 POLARIS_LOG {"event":"send_rate","rate":368000,"ts":1760730228.1721215}
2025/10/17 19:43:49 POLARIS_LOG {"event":"send_rate","rate":384000,"ts":1760730229.1719108}
Skipping switch: current path 5 5 6 6 4 1 has lastEstimate 333250 >= maxEstimate 0
2025/10/17 19:43:50 POLARIS_LOG {"event":"send_rate","rate":424000,"ts":1760730230.1715853}
2025/10/17 19:43:51 POLARIS_LOG {"event":"send_rate","rate":336000,"ts":1760730231.1717038}
2025/10/17 19:43:52 POLARIS_LOG {"event":"send_rate","rate":504000,"ts":1760730232.1711922}
2025/10/17 19:43:53 POLARIS_LOG {"event":"send_rate","rate":344000,"ts":1760730233.1714535}
2025/10/17 19:43:54 POLARIS_LOG {"event":"send_rate","rate":408000,"ts":1760730234.1716058}
2025/10/17 19:43:55 POLARIS_LOG {"event":"send_rate","rate":464000,"ts":1760730235.1719198}
2025/10/17 19:43:56 POLARIS_LOG {"event":"send_rate","rate":360000,"ts":1760730236.171954}
2025/10/17 19:43:57 POLARIS_LOG {"event":"send_rate","rate":392000,"ts":1760730237.1714787}
2025/10/17 19:43:58 POLARIS_LOG {"event":"send_rate","rate":392000,"ts":1760730238.1730835}
2025/10/17 19:43:59 POLARIS_LOG {"event":"send_rate","rate":312000,"ts":1760730239.171916}
Skipping switch: current path 5 5 6 6 4 1 has lastEstimate 333250 >= maxEstimate 0
2025/10/17 19:44:00 POLARIS_LOG {"event":"send_rate","rate":264000,"ts":1760730240.1733768}
2025/10/17 19:44:01 POLARIS_LOG {"event":"send_rate","rate":296000,"ts":1760730241.171613}
2025/10/17 19:44:02 POLARIS_LOG {"event":"send_rate","rate":392000,"ts":1760730242.1718109}
2025/10/17 19:44:03 POLARIS_LOG {"event":"send_rate","rate":336000,"ts":1760730243.17113}
2025/10/17 19:44:04 POLARIS_LOG {"event":"send_rate","rate":368000,"ts":1760730244.171767}
2025/10/17 19:44:05 POLARIS_LOG {"event":"send_rate","rate":344000,"ts":1760730245.1718276}
2025/10/17 19:44:06 POLARIS_LOG {"event":"send_rate","rate":400000,"ts":1760730246.171959}
2025/10/17 19:44:07 POLARIS_LOG {"event":"send_rate","rate":368000,"ts":1760730247.1714246}
2025/10/17 19:44:08 POLARIS_LOG {"event":"send_rate","rate":544000,"ts":1760730248.1714408}
2025/10/17 19:44:09 POLARIS_LOG {"event":"send_rate","rate":400000,"ts":1760730249.1720665}
Skipping switch: current path 5 5 6 6 4 1 has lastEstimate 333250 >= maxEstimate 0
2025/10/17 19:44:10 POLARIS_LOG {"event":"send_rate","rate":416000,"ts":1760730250.1711504}
2025/10/17 19:44:11 POLARIS_LOG {"event":"send_rate","rate":360000,"ts":1760730251.1711679}
2025/10/17 19:44:12 POLARIS_LOG {"event":"send_rate","rate":376000,"ts":1760730252.1717708}
2025/10/17 19:44:13 POLARIS_LOG {"event":"send_rate","rate":264000,"ts":1760730253.171462}
2025/10/17 19:44:14 POLARIS_LOG {"event":"send_rate","rate":320000,"ts":1760730254.1715727}
2025/10/17 19:44:15 POLARIS_LOG {"event":"send_rate","rate":280000,"ts":1760730255.1716645}
2025/10/17 19:44:16 POLARIS_LOG {"event":"send_rate","rate":416000,"ts":1760730256.1721253}
2025/10/17 19:44:17 POLARIS_LOG {"event":"send_rate","rate":256000,"ts":1760730257.1728172}
2025/10/17 19:44:18 POLARIS_LOG {"event":"send_rate","rate":432000,"ts":1760730258.1718528}
Skipping switch: current path 5 5 6 6 4 1 has lastEstimate 333250 >= maxEstimate 0
2025/10/17 19:44:19 POLARIS_LOG {"event":"send_rate","rate":360000,"ts":1760730259.1726031}
2025/10/17 19:44:20 POLARIS_LOG {"event":"send_rate","rate":416000,"ts":1760730260.18156}
2025/10/17 19:44:21 POLARIS_LOG {"event":"send_rate","rate":352000,"ts":1760730261.1721044}
2025/10/17 19:44:22 POLARIS_LOG {"event":"send_rate","rate":496000,"ts":1760730262.1713395}
2025/10/17 19:44:23 POLARIS_LOG {"event":"send_rate","rate":336000,"ts":1760730263.17171}
2025/10/17 19:44:24 POLARIS_LOG {"event":"send_rate","rate":264000,"ts":1760730264.1734412}
2025/10/17 19:44:25 POLARIS_LOG {"event":"send_rate","rate":400000,"ts":1760730265.1725044}
2025/10/17 19:44:26 POLARIS_LOG {"event":"send_rate","rate":304000,"ts":1760730266.1717193}
2025/10/17 19:44:27 POLARIS_LOG {"event":"send_rate","rate":400000,"ts":1760730267.1720178}
2025/10/17 19:44:28 POLARIS_LOG {"event":"send_rate","rate":416000,"ts":1760730268.1712785}
Skipping switch: current path 5 5 6 6 4 1 has lastEstimate 333250 >= maxEstimate 0
2025/10/17 19:44:29 POLARIS_LOG {"event":"send_rate","rate":216000,"ts":1760730269.1719859}
2025/10/17 19:44:30 POLARIS_LOG {"event":"send_rate","rate":304000,"ts":1760730270.1716342}
2025/10/17 19:44:31 POLARIS_LOG {"event":"send_rate","rate":296000,"ts":1760730271.1712716}
2025/10/17 19:44:32 POLARIS_LOG {"event":"send_rate","rate":368000,"ts":1760730272.1720092}
2025/10/17 19:44:33 POLARIS_LOG {"event":"send_rate","rate":352000,"ts":1760730273.1720552}
2025/10/17 19:44:34 POLARIS_LOG {"event":"send_rate","rate":408000,"ts":1760730274.1723917}
2025/10/17 19:44:35 POLARIS_LOG {"event":"send_rate","rate":432000,"ts":1760730275.1737363}
2025/10/17 19:44:36 POLARIS_LOG {"event":"send_rate","rate":456000,"ts":1760730276.1721246}
2025/10/17 19:44:37 POLARIS_LOG {"event":"send_rate","rate":384000,"ts":1760730277.1748812}
2025/10/17 19:44:38 POLARIS_LOG {"event":"send_rate","rate":392000,"ts":1760730278.172285}
Skipping switch: current path 5 5 6 6 4 1 has lastEstimate 333250 >= maxEstimate 0
2025/10/17 19:44:39 POLARIS_LOG {"event":"send_rate","rate":368000,"ts":1760730279.1719916}
2025/10/17 19:44:40 POLARIS_LOG {"event":"send_rate","rate":288000,"ts":1760730280.1764607}
2025/10/17 19:44:41 POLARIS_LOG {"event":"send_rate","rate":440000,"ts":1760730281.1914003}
2025/10/17 19:44:42 POLARIS_LOG {"event":"send_rate","rate":344000,"ts":1760730282.1718848}
2025/10/17 19:44:43 POLARIS_LOG {"event":"send_rate","rate":384000,"ts":1760730283.1713583}
2025/10/17 19:44:44 POLARIS_LOG {"event":"send_rate","rate":392000,"ts":1760730284.1719599}
2025/10/17 19:44:45 POLARIS_LOG {"event":"send_rate","rate":464000,"ts":1760730285.1718142}
2025/10/17 19:44:46 POLARIS_LOG {"event":"send_rate","rate":504000,"ts":1760730286.172695}
2025/10/17 19:44:47 POLARIS_LOG {"event":"send_rate","rate":512000,"ts":1760730287.1716087}
2025/10/17 19:44:48 POLARIS_LOG {"event":"send_rate","rate":472000,"ts":1760730288.1727722}
Skipping switch: current path 5 5 6 6 4 1 has lastEstimate 333250 >= maxEstimate 0
2025/10/17 19:44:49 POLARIS_LOG {"event":"send_rate","rate":496000,"ts":1760730289.1712425}
2025/10/17 19:44:50 POLARIS_LOG {"event":"send_rate","rate":424000,"ts":1760730290.1713684}
2025/10/17 19:44:51 POLARIS_LOG {"event":"send_rate","rate":432000,"ts":1760730291.1720495}
2025/10/17 19:44:52 POLARIS_LOG {"event":"send_rate","rate":264000,"ts":1760730292.172067}
2025/10/17 19:44:53 POLARIS_LOG {"event":"send_rate","rate":368000,"ts":1760730293.1732516}
2025/10/17 19:44:54 POLARIS_LOG {"event":"send_rate","rate":392000,"ts":1760730294.1716018}
2025/10/17 19:44:55 POLARIS_LOG {"event":"send_rate","rate":240000,"ts":1760730295.1723714}
2025/10/17 19:44:56 POLARIS_LOG {"event":"send_rate","rate":240000,"ts":1760730296.1726089}
2025/10/17 19:44:57 POLARIS_LOG {"event":"send_rate","rate":312000,"ts":1760730297.1719875}
2025/10/17 19:44:58 POLARIS_LOG {"event":"send_rate","rate":360000,"ts":1760730298.1757252}
2025/10/17 19:44:59 POLARIS_LOG {"event":"send_rate","rate":376000,"ts":1760730299.171843}
Skipping switch: current path 5 5 6 6 4 1 has lastEstimate 333250 >= maxEstimate 0
2025/10/17 19:45:00 POLARIS_LOG {"event":"send_rate","rate":400000,"ts":1760730300.1726937}
2025/10/17 19:45:01 POLARIS_LOG {"event":"send_rate","rate":304000,"ts":1760730301.1717966}
2025/10/17 19:45:02 POLARIS_LOG {"event":"send_rate","rate":360000,"ts":1760730302.1721208}
2025/10/17 19:45:03 POLARIS_LOG {"event":"send_rate","rate":304000,"ts":1760730303.1721828}
2025/10/17 19:45:04 POLARIS_LOG {"event":"send_rate","rate":344000,"ts":1760730304.1719391}
2025/10/17 19:45:05 POLARIS_LOG {"event":"send_rate","rate":464000,"ts":1760730305.1718745}
2025/10/17 19:45:06 POLARIS_LOG {"event":"send_rate","rate":432000,"ts":1760730306.1715248}
2025/10/17 19:45:07 POLARIS_LOG {"event":"send_rate","rate":472000,"ts":1760730307.172802}
2025/10/17 19:45:08 POLARIS_LOG {"event":"send_rate","rate":464000,"ts":1760730308.1715848}
2025/10/17 19:45:09 POLARIS_LOG {"event":"send_rate","rate":496000,"ts":1760730309.1725023}
2025/10/17 19:45:10 POLARIS_LOG {"event":"send_rate","rate":504000,"ts":1760730310.172544}
2025/10/17 19:45:11 POLARIS_LOG {"event":"send_rate","rate":472000,"ts":1760730311.1718266}
2025/10/17 19:45:12 POLARIS_LOG {"event":"send_rate","rate":304000,"ts":1760730312.174881}
2025/10/17 19:45:13 POLARIS_LOG {"event":"send_rate","rate":400000,"ts":1760730313.1713047}
2025/10/17 19:45:14 POLARIS_LOG {"event":"send_rate","rate":384000,"ts":1760730314.1713433}
2025/10/17 19:45:15 POLARIS_LOG {"event":"send_rate","rate":400000,"ts":1760730315.1720965}
2025/10/17 19:45:16 POLARIS_LOG {"event":"send_rate","rate":320000,"ts":1760730316.1715999}
2025/10/17 19:45:17 POLARIS_LOG {"event":"send_rate","rate":280000,"ts":1760730317.1711824}
2025/10/17 19:45:18 POLARIS_LOG {"event":"send_rate","rate":480000,"ts":1760730318.17161}
2025/10/17 19:45:19 POLARIS_LOG {"event":"send_rate","rate":432000,"ts":1760730319.1716373}
Skipping switch: current path 5 5 6 6 4 1 has lastEstimate 400000 >= maxEstimate 0
2025/10/17 19:45:20 POLARIS_LOG {"event":"send_rate","rate":544000,"ts":1760730320.171734}
2025/10/17 19:45:21 POLARIS_LOG {"event":"send_rate","rate":432000,"ts":1760730321.1714947}
2025/10/17 19:45:22 POLARIS_LOG {"event":"send_rate","rate":288000,"ts":1760730322.1713545}
2025/10/17 19:45:23 POLARIS_LOG {"event":"send_rate","rate":432000,"ts":1760730323.1712363}
2025/10/17 19:45:24 POLARIS_LOG {"event":"send_rate","rate":448000,"ts":1760730324.1724064}
2025/10/17 19:45:25 POLARIS_LOG {"event":"send_rate","rate":520000,"ts":1760730325.1716526}
2025/10/17 19:45:26 POLARIS_LOG {"event":"send_rate","rate":496000,"ts":1760730326.1712325}
2025/10/17 19:45:27 POLARIS_LOG {"event":"send_rate","rate":424000,"ts":1760730327.171813}
2025/10/17 19:45:28 POLARIS_LOG {"event":"send_rate","rate":536000,"ts":1760730328.1714685}
Skipping switch: current path 5 5 6 6 4 1 has lastEstimate 400000 >= maxEstimate 0
2025/10/17 19:45:29 POLARIS_LOG {"event":"send_rate","rate":440000,"ts":1760730329.1717262}
2025/10/17 19:45:30 POLARIS_LOG {"event":"send_rate","rate":400000,"ts":1760730330.1722023}
2025/10/17 19:45:31 POLARIS_LOG {"event":"send_rate","rate":488000,"ts":1760730331.1719048}
2025/10/17 19:45:32 POLARIS_LOG {"event":"send_rate","rate":392000,"ts":1760730332.1716456}
2025/10/17 19:45:33 POLARIS_LOG {"event":"send_rate","rate":560000,"ts":1760730333.171603}
2025/10/17 19:45:34 POLARIS_LOG {"event":"send_rate","rate":376000,"ts":1760730334.1713648}
2025/10/17 19:45:35 POLARIS_LOG {"event":"send_rate","rate":376000,"ts":1760730335.1719353}
2025/10/17 19:45:36 POLARIS_LOG {"event":"send_rate","rate":488000,"ts":1760730336.17231}
2025/10/17 19:45:37 POLARIS_LOG {"event":"send_rate","rate":400000,"ts":1760730337.1716018}
2025/10/17 19:45:38 POLARIS_LOG {"event":"send_rate","rate":440000,"ts":1760730338.1731544}
2025/10/17 19:45:39 POLARIS_LOG {"event":"send_rate","rate":408000,"ts":1760730339.1735187}
Skipping switch: current path 5 5 6 6 4 1 has lastEstimate 400000 >= maxEstimate 0
2025/10/17 19:45:40 POLARIS_LOG {"event":"send_rate","rate":352000,"ts":1760730340.171506}
2025/10/17 19:45:41 POLARIS_LOG {"event":"send_rate","rate":296000,"ts":1760730341.1720586}
2025/10/17 19:45:42 POLARIS_LOG {"event":"send_rate","rate":248000,"ts":1760730342.1713662}
2025/10/17 19:45:43 POLARIS_LOG {"event":"send_rate","rate":296000,"ts":1760730343.1719358}
2025/10/17 19:45:44 POLARIS_LOG {"event":"send_rate","rate":232000,"ts":1760730344.1714163}
2025/10/17 19:45:45 POLARIS_LOG {"event":"send_rate","rate":352000,"ts":1760730345.171467}
2025/10/17 19:45:46 POLARIS_LOG {"event":"send_rate","rate":240000,"ts":1760730346.1717973}
2025/10/17 19:45:47 POLARIS_LOG {"event":"send_rate","rate":464000,"ts":1760730347.1717904}
2025/10/17 19:45:48 POLARIS_LOG {"event":"send_rate","rate":352000,"ts":1760730348.1712728}
Skipping switch: current path 5 5 6 6 4 1 has lastEstimate 400000 >= maxEstimate 0
2025/10/17 19:45:49 POLARIS_LOG {"event":"send_rate","rate":368000,"ts":1760730349.1717136}
2025/10/17 19:45:50 POLARIS_LOG {"event":"send_rate","rate":344000,"ts":1760730350.1718524}
2025/10/17 19:45:51 POLARIS_LOG {"event":"send_rate","rate":448000,"ts":1760730351.1712747}
2025/10/17 19:45:52 POLARIS_LOG {"event":"send_rate","rate":384000,"ts":1760730352.1717966}
2025/10/17 19:45:53 POLARIS_LOG {"event":"send_rate","rate":336000,"ts":1760730353.1715581}
2025/10/17 19:45:54 POLARIS_LOG {"event":"send_rate","rate":376000,"ts":1760730354.1713197}
2025/10/17 19:45:55 POLARIS_LOG {"event":"send_rate","rate":256000,"ts":1760730355.174075}
2025/10/17 19:45:56 POLARIS_LOG {"event":"send_rate","rate":264000,"ts":1760730356.1730812}
2025/10/17 19:45:57 POLARIS_LOG {"event":"send_rate","rate":280000,"ts":1760730357.1712148}
2025/10/17 19:45:58 POLARIS_LOG {"event":"send_rate","rate":240000,"ts":1760730358.1720722}
Skipping switch: current path 5 5 6 6 4 1 has lastEstimate 400000 >= maxEstimate 0
2025/10/17 19:45:59 POLARIS_LOG {"event":"send_rate","rate":216000,"ts":1760730359.171935}
2025/10/17 19:46:00 POLARIS_LOG {"event":"send_rate","rate":304000,"ts":1760730360.171314}
2025/10/17 19:46:01 POLARIS_LOG {"event":"send_rate","rate":328000,"ts":1760730361.1716552}
2025/10/17 19:46:02 POLARIS_LOG {"event":"send_rate","rate":400000,"ts":1760730362.1717489}
2025/10/17 19:46:03 POLARIS_LOG {"event":"send_rate","rate":336000,"ts":1760730363.1715372}
2025/10/17 19:46:04 POLARIS_LOG {"event":"send_rate","rate":376000,"ts":1760730364.1720514}
2025/10/17 19:46:05 POLARIS_LOG {"event":"send_rate","rate":360000,"ts":1760730365.1714852}
2025/10/17 19:46:06 POLARIS_LOG {"event":"send_rate","rate":424000,"ts":1760730366.1717026}
Drain Loop received packet
Drain Loop received non-nil payload
Client sent 14855 packets, server reported 14683 packets received
The network loss rate from client to server is 1.2%

S->C results
Attempted bandwidth: 0 bps / 0.00 Mbps
Achieved bandwidth: 0 bps / 0.00 Mbps
Loss rate: 0.0%
Interarrival time min/avg/max/mdev = -0.000/0.000/0.000/0.000 ms

C->S results
Attempted bandwidth: 500000 bps / 0.50 Mbps
Achieved bandwidth: 410713 bps / 0.41 Mbps
Loss rate: 17.9%
Interarrival time min/avg/max/mdev = 0.002/19.449/373.264/18.810 ms
