
Test parameters:
client->server: 252 seconds, 1000 bytes, 9450 packets
server->client: 252 seconds, 1000 bytes, 0 packets
2025/10/15 19:35:30 POLARIS_LOG {"current_rate":0,"event":"path_switch","new":"2 2 5 2","trigger":"initialization","ts":1760556930.1988456}
Polaris prober initialized with 38 paths
Polaris prober initialized with local 1-111,10.111.0.71:32740 and remote 1-113,10.113.0.71
2025/10/15 19:35:32 POLARIS_LOG {"event":"send_rate","rate":0,"ts":1760556932.1997619}
2025/10/15 19:35:33 POLARIS_LOG {"event":"send_rate","rate":80000,"ts":1760556933.1995938}
Received SCMP echo reply with unexpected seq 1, expected 3 or 2
Received SCMP echo reply with unexpected seq 1, expected 3 or 2
Received SCMP echo reply with unexpected seq 1, expected 3 or 2
2025/10/15 19:35:34 POLARIS_LOG {"event":"send_rate","rate":304000,"ts":1760556934.199989}
Received SCMP echo reply with unexpected seq 2, expected 4 or 3
Received SCMP echo reply with unexpected seq 2, expected 4 or 3
Received SCMP echo reply with unexpected seq 2, expected 4 or 3
2025/10/15 19:35:35 POLARIS_LOG {"event":"send_rate","rate":296000,"ts":1760556935.1994598}
Received SCMP echo reply with unexpected seq 3, expected 5 or 4
Received SCMP echo reply with unexpected seq 3, expected 5 or 4
Received SCMP echo reply with unexpected seq 3, expected 5 or 4
2025/10/15 19:35:36 POLARIS_LOG {"event":"send_rate","rate":304000,"ts":1760556936.2001317}
Received SCMP echo reply with unexpected seq 4, expected 6 or 5
Received SCMP echo reply with unexpected seq 4, expected 6 or 5
Received SCMP echo reply with unexpected seq 4, expected 6 or 5
2025/10/15 19:35:37 POLARIS_LOG {"event":"send_rate","rate":296000,"ts":1760556937.1999912}
Received SCMP echo reply with unexpected seq 5, expected 7 or 6
Received SCMP echo reply with unexpected seq 5, expected 7 or 6
Received SCMP echo reply with unexpected seq 5, expected 7 or 6
2025/10/15 19:35:38 POLARIS_LOG {"event":"send_rate","rate":304000,"ts":1760556938.2018116}
Received SCMP echo reply with unexpected seq 6, expected 8 or 7
Received SCMP echo reply with unexpected seq 6, expected 8 or 7
Received SCMP echo reply with unexpected seq 6, expected 8 or 7
2025/10/15 19:35:39 POLARIS_LOG {"event":"send_rate","rate":296000,"ts":1760556939.19959}
Received SCMP echo reply with unexpected seq 7, expected 9 or 8
Received SCMP echo reply with unexpected seq 7, expected 9 or 8
Received SCMP echo reply with unexpected seq 7, expected 9 or 8
2025/10/15 19:35:40 POLARIS_LOG {"event":"send_rate","rate":296000,"ts":1760556940.200028}
2025/10/15 19:35:41 POLARIS_LOG {"event":"send_rate","rate":304000,"ts":1760556941.1995635}
2025/10/15 19:35:42 POLARIS_LOG {"event":"send_rate","rate":296000,"ts":1760556942.1994803}
2025/10/15 19:35:43 POLARIS_LOG {"event":"send_rate","rate":304000,"ts":1760556943.1999907}
2025/10/15 19:35:44 POLARIS_LOG {"event":"send_rate","rate":304000,"ts":1760556944.1998785}
2025/10/15 19:35:45 POLARIS_LOG {"event":"send_rate","rate":296000,"ts":1760556945.1999102}
2025/10/15 19:35:46 POLARIS_LOG {"event":"send_rate","rate":304000,"ts":1760556946.2047527}
2025/10/15 19:35:47 POLARIS_LOG {"event":"send_rate","rate":296000,"ts":1760556947.2002547}
2025/10/15 19:35:48 POLARIS_LOG {"event":"send_rate","rate":296000,"ts":1760556948.2001104}
2025/10/15 19:35:49 POLARIS_LOG {"event":"send_rate","rate":304000,"ts":1760556949.200653}
2025/10/15 19:35:50 POLARIS_LOG {"event":"send_rate","rate":296000,"ts":1760556950.20023}
2025/10/15 19:35:51 POLARIS_LOG {"event":"send_rate","rate":304000,"ts":1760556951.200001}
2025/10/15 19:35:52 POLARIS_LOG {"event":"send_rate","rate":296000,"ts":1760556952.1997643}
2025/10/15 19:35:53 POLARIS_LOG {"event":"send_rate","rate":304000,"ts":1760556953.2007625}
2025/10/15 19:35:54 POLARIS_LOG {"event":"send_rate","rate":296000,"ts":1760556954.2006452}
2025/10/15 19:35:55 POLARIS_LOG {"event":"send_rate","rate":304000,"ts":1760556955.2071793}
2025/10/15 19:35:56 POLARIS_LOG {"event":"send_rate","rate":296000,"ts":1760556956.2003543}
2025/10/15 19:35:57 POLARIS_LOG {"event":"send_rate","rate":304000,"ts":1760556957.2002265}
2025/10/15 19:35:58 POLARIS_LOG {"event":"send_rate","rate":296000,"ts":1760556958.1997077}
2025/10/15 19:35:59 POLARIS_LOG {"event":"send_rate","rate":304000,"ts":1760556959.199965}
2025/10/15 19:36:00 POLARIS_LOG {"event":"send_rate","rate":296000,"ts":1760556960.1996157}
2025/10/15 19:36:01 POLARIS_LOG {"event":"send_rate","rate":304000,"ts":1760556961.1997762}
2025/10/15 19:36:02 POLARIS_LOG {"event":"send_rate","rate":296000,"ts":1760556962.19993}
2025/10/15 19:36:03 POLARIS_LOG {"event":"send_rate","rate":304000,"ts":1760556963.200406}
2025/10/15 19:36:04 POLARIS_LOG {"event":"send_rate","rate":296000,"ts":1760556964.2000852}
2025/10/15 19:36:05 POLARIS_LOG {"event":"send_rate","rate":304000,"ts":1760556965.1996007}
2025/10/15 19:36:06 POLARIS_LOG {"event":"send_rate","rate":296000,"ts":1760556966.199618}
2025/10/15 19:36:07 POLARIS_LOG {"event":"send_rate","rate":304000,"ts":1760556967.200082}
2025/10/15 19:36:08 POLARIS_LOG {"event":"send_rate","rate":296000,"ts":1760556968.2101555}
2025/10/15 19:36:09 POLARIS_LOG {"event":"send_rate","rate":304000,"ts":1760556969.2003033}
2025/10/15 19:36:10 POLARIS_LOG {"event":"send_rate","rate":296000,"ts":1760556970.2004704}
2025/10/15 19:36:11 POLARIS_LOG {"event":"send_rate","rate":304000,"ts":1760556971.1995687}
2025/10/15 19:36:12 POLARIS_LOG {"event":"send_rate","rate":304000,"ts":1760556972.2092001}
2025/10/15 19:36:13 POLARIS_LOG {"event":"send_rate","rate":296000,"ts":1760556973.1999032}
2025/10/15 19:36:14 POLARIS_LOG {"event":"send_rate","rate":296000,"ts":1760556974.2003455}
2025/10/15 19:36:15 POLARIS_LOG {"event":"send_rate","rate":304000,"ts":1760556975.1997917}
2025/10/15 19:36:16 POLARIS_LOG {"event":"send_rate","rate":296000,"ts":1760556976.2002156}
2025/10/15 19:36:17 POLARIS_LOG {"event":"send_rate","rate":304000,"ts":1760556977.2009263}
2025/10/15 19:36:18 POLARIS_LOG {"event":"send_rate","rate":296000,"ts":1760556978.1999044}
2025/10/15 19:36:19 POLARIS_LOG {"event":"send_rate","rate":304000,"ts":1760556979.199466}
2025/10/15 19:36:20 POLARIS_LOG {"event":"send_rate","rate":296000,"ts":1760556980.2000666}
2025/10/15 19:36:21 POLARIS_LOG {"event":"send_rate","rate":304000,"ts":1760556981.2001433}
2025/10/15 19:36:22 POLARIS_LOG {"event":"send_rate","rate":296000,"ts":1760556982.1995368}
2025/10/15 19:36:23 POLARIS_LOG {"event":"send_rate","rate":304000,"ts":1760556983.1994524}
2025/10/15 19:36:24 POLARIS_LOG {"event":"send_rate","rate":304000,"ts":1760556984.2074606}
2025/10/15 19:36:25 POLARIS_LOG {"event":"send_rate","rate":296000,"ts":1760556985.2021003}
2025/10/15 19:36:26 POLARIS_LOG {"event":"send_rate","rate":296000,"ts":1760556986.199545}
2025/10/15 19:36:27 POLARIS_LOG {"event":"send_rate","rate":304000,"ts":1760556987.1998446}
2025/10/15 19:36:28 POLARIS_LOG {"event":"send_rate","rate":296000,"ts":1760556988.2003145}
2025/10/15 19:36:29 POLARIS_LOG {"event":"send_rate","rate":304000,"ts":1760556989.2002645}
2025/10/15 19:36:30 POLARIS_LOG {"event":"send_rate","rate":296000,"ts":1760556990.2005806}
2025/10/15 19:36:31 POLARIS_LOG {"event":"send_rate","rate":304000,"ts":1760556991.1999793}
2025/10/15 19:36:32 POLARIS_LOG {"event":"send_rate","rate":296000,"ts":1760556992.2000103}
2025/10/15 19:36:33 POLARIS_LOG {"event":"send_rate","rate":304000,"ts":1760556993.1999142}
2025/10/15 19:36:34 POLARIS_LOG {"event":"send_rate","rate":296000,"ts":1760556994.2003438}
2025/10/15 19:36:35 POLARIS_LOG {"event":"send_rate","rate":304000,"ts":1760556995.1994631}
2025/10/15 19:36:36 POLARIS_LOG {"event":"send_rate","rate":296000,"ts":1760556996.199825}
2025/10/15 19:36:37 POLARIS_LOG {"event":"send_rate","rate":304000,"ts":1760556997.2000937}
2025/10/15 19:36:38 POLARIS_LOG {"event":"send_rate","rate":296000,"ts":1760556998.1996508}
2025/10/15 19:36:39 POLARIS_LOG {"event":"send_rate","rate":304000,"ts":1760556999.1996636}
2025/10/15 19:36:40 POLARIS_LOG {"event":"send_rate","rate":296000,"ts":1760557000.1995459}
2025/10/15 19:36:41 POLARIS_LOG {"event":"send_rate","rate":304000,"ts":1760557001.19956}
2025/10/15 19:36:42 POLARIS_LOG {"event":"send_rate","rate":296000,"ts":1760557002.19958}
2025/10/15 19:36:43 POLARIS_LOG {"event":"send_rate","rate":304000,"ts":1760557003.1995168}
2025/10/15 19:36:44 POLARIS_LOG {"event":"send_rate","rate":288000,"ts":1760557004.2012694}
2025/10/15 19:36:45 POLARIS_LOG {"event":"send_rate","rate":312000,"ts":1760557005.1995564}
2025/10/15 19:36:46 POLARIS_LOG {"event":"send_rate","rate":296000,"ts":1760557006.1995418}
2025/10/15 19:36:47 POLARIS_LOG {"event":"send_rate","rate":304000,"ts":1760557007.20004}
2025/10/15 19:36:48 POLARIS_LOG {"event":"send_rate","rate":296000,"ts":1760557008.2000008}
2025/10/15 19:36:49 POLARIS_LOG {"event":"send_rate","rate":304000,"ts":1760557009.1998265}
2025/10/15 19:36:50 POLARIS_LOG {"event":"send_rate","rate":296000,"ts":1760557010.2115862}
2025/10/15 19:36:51 POLARIS_LOG {"event":"send_rate","rate":304000,"ts":1760557011.2000287}
2025/10/15 19:36:52 POLARIS_LOG {"event":"send_rate","rate":296000,"ts":1760557012.200114}
2025/10/15 19:36:53 POLARIS_LOG {"event":"send_rate","rate":304000,"ts":1760557013.2001047}
2025/10/15 19:36:54 POLARIS_LOG {"event":"send_rate","rate":296000,"ts":1760557014.200241}
2025/10/15 19:36:55 POLARIS_LOG {"event":"send_rate","rate":304000,"ts":1760557015.1999173}
2025/10/15 19:36:56 POLARIS_LOG {"event":"send_rate","rate":296000,"ts":1760557016.1996286}
2025/10/15 19:36:57 POLARIS_LOG {"event":"send_rate","rate":304000,"ts":1760557017.1994793}
2025/10/15 19:36:58 POLARIS_LOG {"event":"send_rate","rate":296000,"ts":1760557018.20037}
2025/10/15 19:36:59 POLARIS_LOG {"event":"send_rate","rate":304000,"ts":1760557019.2000873}
2025/10/15 19:37:00 POLARIS_LOG {"event":"send_rate","rate":296000,"ts":1760557020.2004845}
2025/10/15 19:37:01 POLARIS_LOG {"event":"send_rate","rate":304000,"ts":1760557021.1998281}
2025/10/15 19:37:02 POLARIS_LOG {"event":"send_rate","rate":296000,"ts":1760557022.200002}
2025/10/15 19:37:03 POLARIS_LOG {"event":"send_rate","rate":304000,"ts":1760557023.2008798}
2025/10/15 19:37:04 POLARIS_LOG {"event":"send_rate","rate":296000,"ts":1760557024.2002087}
2025/10/15 19:37:05 POLARIS_LOG {"event":"send_rate","rate":304000,"ts":1760557025.2000172}
2025/10/15 19:37:06 POLARIS_LOG {"event":"send_rate","rate":296000,"ts":1760557026.1997578}
2025/10/15 19:37:07 POLARIS_LOG {"event":"send_rate","rate":304000,"ts":1760557027.200667}
2025/10/15 19:37:08 POLARIS_LOG {"event":"send_rate","rate":296000,"ts":1760557028.1998165}
2025/10/15 19:37:09 POLARIS_LOG {"event":"send_rate","rate":304000,"ts":1760557029.1996582}
2025/10/15 19:37:10 POLARIS_LOG {"event":"send_rate","rate":296000,"ts":1760557030.2001839}
2025/10/15 19:37:11 POLARIS_LOG {"event":"send_rate","rate":304000,"ts":1760557031.2021616}
2025/10/15 19:37:12 POLARIS_LOG {"event":"send_rate","rate":296000,"ts":1760557032.2008111}
2025/10/15 19:37:13 POLARIS_LOG {"event":"send_rate","rate":304000,"ts":1760557033.1999276}
2025/10/15 19:37:14 POLARIS_LOG {"event":"send_rate","rate":296000,"ts":1760557034.2000723}
2025/10/15 19:37:15 POLARIS_LOG {"event":"send_rate","rate":304000,"ts":1760557035.2027934}
2025/10/15 19:37:16 POLARIS_LOG {"event":"send_rate","rate":296000,"ts":1760557036.2000299}
2025/10/15 19:37:17 POLARIS_LOG {"event":"send_rate","rate":304000,"ts":1760557037.2001848}
2025/10/15 19:37:18 POLARIS_LOG {"event":"send_rate","rate":296000,"ts":1760557038.1999218}
2025/10/15 19:37:19 POLARIS_LOG {"event":"send_rate","rate":304000,"ts":1760557039.1995194}
2025/10/15 19:37:20 POLARIS_LOG {"event":"send_rate","rate":296000,"ts":1760557040.199505}
2025/10/15 19:37:21 POLARIS_LOG {"event":"send_rate","rate":304000,"ts":1760557041.2001147}
2025/10/15 19:37:22 POLARIS_LOG {"event":"send_rate","rate":296000,"ts":1760557042.199718}
2025/10/15 19:37:23 POLARIS_LOG {"event":"send_rate","rate":304000,"ts":1760557043.2000933}
2025/10/15 19:37:24 POLARIS_LOG {"event":"send_rate","rate":296000,"ts":1760557044.199902}
2025/10/15 19:37:25 POLARIS_LOG {"event":"send_rate","rate":304000,"ts":1760557045.1996927}
2025/10/15 19:37:26 POLARIS_LOG {"event":"send_rate","rate":296000,"ts":1760557046.1998782}
2025/10/15 19:37:27 POLARIS_LOG {"event":"send_rate","rate":304000,"ts":1760557047.1999545}
2025/10/15 19:37:28 POLARIS_LOG {"event":"send_rate","rate":296000,"ts":1760557048.2003865}
2025/10/15 19:37:29 POLARIS_LOG {"event":"send_rate","rate":304000,"ts":1760557049.20043}
2025/10/15 19:37:30 POLARIS_LOG {"event":"send_rate","rate":296000,"ts":1760557050.2013624}
2025/10/15 19:37:31 POLARIS_LOG {"event":"send_rate","rate":304000,"ts":1760557051.2003257}
2025/10/15 19:37:32 POLARIS_LOG {"event":"send_rate","rate":304000,"ts":1760557052.2207637}
2025/10/15 19:37:33 POLARIS_LOG {"event":"send_rate","rate":296000,"ts":1760557053.1995792}
2025/10/15 19:37:34 POLARIS_LOG {"event":"send_rate","rate":296000,"ts":1760557054.2001026}
2025/10/15 19:37:35 POLARIS_LOG {"event":"send_rate","rate":304000,"ts":1760557055.1996343}
2025/10/15 19:37:36 POLARIS_LOG {"event":"send_rate","rate":296000,"ts":1760557056.200057}
2025/10/15 19:37:37 POLARIS_LOG {"event":"send_rate","rate":304000,"ts":1760557057.1996155}
2025/10/15 19:37:38 POLARIS_LOG {"event":"send_rate","rate":296000,"ts":1760557058.2019725}
2025/10/15 19:37:39 POLARIS_LOG {"event":"send_rate","rate":304000,"ts":1760557059.1995168}
2025/10/15 19:37:40 POLARIS_LOG {"event":"send_rate","rate":296000,"ts":1760557060.1996808}
2025/10/15 19:37:41 POLARIS_LOG {"event":"send_rate","rate":304000,"ts":1760557061.199906}
2025/10/15 19:37:42 POLARIS_LOG {"event":"send_rate","rate":296000,"ts":1760557062.1996596}
2025/10/15 19:37:43 POLARIS_LOG {"event":"send_rate","rate":304000,"ts":1760557063.2000196}
2025/10/15 19:37:44 POLARIS_LOG {"event":"send_rate","rate":296000,"ts":1760557064.1999404}
2025/10/15 19:37:45 POLARIS_LOG {"event":"send_rate","rate":296000,"ts":1760557065.1994848}
2025/10/15 19:37:46 POLARIS_LOG {"event":"send_rate","rate":304000,"ts":1760557066.1998057}
2025/10/15 19:37:47 POLARIS_LOG {"event":"send_rate","rate":304000,"ts":1760557067.1998007}
2025/10/15 19:37:48 POLARIS_LOG {"event":"send_rate","rate":296000,"ts":1760557068.2008023}
2025/10/15 19:37:49 POLARIS_LOG {"event":"send_rate","rate":304000,"ts":1760557069.1997554}
2025/10/15 19:37:50 POLARIS_LOG {"event":"send_rate","rate":296000,"ts":1760557070.199452}
2025/10/15 19:37:51 POLARIS_LOG {"event":"send_rate","rate":296000,"ts":1760557071.1996052}
2025/10/15 19:37:52 POLARIS_LOG {"event":"send_rate","rate":304000,"ts":1760557072.2000914}
2025/10/15 19:37:53 POLARIS_LOG {"event":"send_rate","rate":296000,"ts":1760557073.1999102}
2025/10/15 19:37:54 POLARIS_LOG {"event":"send_rate","rate":304000,"ts":1760557074.203472}
2025/10/15 19:37:55 POLARIS_LOG {"event":"send_rate","rate":296000,"ts":1760557075.1999831}
2025/10/15 19:37:56 POLARIS_LOG {"event":"send_rate","rate":304000,"ts":1760557076.200173}
2025/10/15 19:37:57 POLARIS_LOG {"event":"send_rate","rate":296000,"ts":1760557077.1998239}
2025/10/15 19:37:58 POLARIS_LOG {"event":"send_rate","rate":304000,"ts":1760557078.1999307}
2025/10/15 19:37:59 POLARIS_LOG {"event":"send_rate","rate":296000,"ts":1760557079.2000608}
2025/10/15 19:38:00 POLARIS_LOG {"event":"send_rate","rate":304000,"ts":1760557080.2009368}
2025/10/15 19:38:01 POLARIS_LOG {"event":"send_rate","rate":296000,"ts":1760557081.2000833}
2025/10/15 19:38:02 POLARIS_LOG {"event":"send_rate","rate":304000,"ts":1760557082.2031293}
2025/10/15 19:38:03 POLARIS_LOG {"event":"send_rate","rate":296000,"ts":1760557083.2002716}
2025/10/15 19:38:04 POLARIS_LOG {"event":"send_rate","rate":304000,"ts":1760557084.1999743}
2025/10/15 19:38:05 POLARIS_LOG {"event":"send_rate","rate":296000,"ts":1760557085.2008152}
2025/10/15 19:38:06 POLARIS_LOG {"event":"send_rate","rate":304000,"ts":1760557086.2002566}
2025/10/15 19:38:07 POLARIS_LOG {"event":"send_rate","rate":296000,"ts":1760557087.200393}
2025/10/15 19:38:08 POLARIS_LOG {"event":"send_rate","rate":304000,"ts":1760557088.199457}
2025/10/15 19:38:09 POLARIS_LOG {"event":"send_rate","rate":296000,"ts":1760557089.1998396}
2025/10/15 19:38:10 POLARIS_LOG {"event":"send_rate","rate":304000,"ts":1760557090.2007222}
2025/10/15 19:38:11 POLARIS_LOG {"event":"send_rate","rate":296000,"ts":1760557091.1998754}
2025/10/15 19:38:12 POLARIS_LOG {"event":"send_rate","rate":304000,"ts":1760557092.2004008}
2025/10/15 19:38:13 POLARIS_LOG {"event":"send_rate","rate":296000,"ts":1760557093.2001097}
2025/10/15 19:38:14 POLARIS_LOG {"event":"send_rate","rate":304000,"ts":1760557094.2002053}
2025/10/15 19:38:15 POLARIS_LOG {"event":"send_rate","rate":296000,"ts":1760557095.2005188}
2025/10/15 19:38:16 POLARIS_LOG {"event":"send_rate","rate":304000,"ts":1760557096.1998663}
2025/10/15 19:38:17 POLARIS_LOG {"event":"send_rate","rate":304000,"ts":1760557097.2127972}
2025/10/15 19:38:18 POLARIS_LOG {"event":"send_rate","rate":296000,"ts":1760557098.1997764}
2025/10/15 19:38:19 POLARIS_LOG {"event":"send_rate","rate":296000,"ts":1760557099.2003694}
2025/10/15 19:38:20 POLARIS_LOG {"event":"send_rate","rate":304000,"ts":1760557100.1995888}
2025/10/15 19:38:21 POLARIS_LOG {"event":"send_rate","rate":296000,"ts":1760557101.200809}
2025/10/15 19:38:22 POLARIS_LOG {"event":"send_rate","rate":304000,"ts":1760557102.2003443}
2025/10/15 19:38:23 POLARIS_LOG {"event":"send_rate","rate":296000,"ts":1760557103.2001324}
2025/10/15 19:38:24 POLARIS_LOG {"event":"send_rate","rate":304000,"ts":1760557104.207446}
2025/10/15 19:38:25 POLARIS_LOG {"event":"send_rate","rate":296000,"ts":1760557105.2000313}
2025/10/15 19:38:26 POLARIS_LOG {"event":"send_rate","rate":304000,"ts":1760557106.1996255}
2025/10/15 19:38:27 POLARIS_LOG {"event":"send_rate","rate":296000,"ts":1760557107.2003944}
2025/10/15 19:38:28 POLARIS_LOG {"event":"send_rate","rate":304000,"ts":1760557108.2001677}
2025/10/15 19:38:29 POLARIS_LOG {"event":"send_rate","rate":296000,"ts":1760557109.2121696}
2025/10/15 19:38:30 POLARIS_LOG {"event":"send_rate","rate":304000,"ts":1760557110.2003162}
2025/10/15 19:38:31 POLARIS_LOG {"event":"send_rate","rate":296000,"ts":1760557111.1995778}
2025/10/15 19:38:32 POLARIS_LOG {"event":"send_rate","rate":304000,"ts":1760557112.2000628}
2025/10/15 19:38:33 POLARIS_LOG {"event":"send_rate","rate":296000,"ts":1760557113.2003286}
2025/10/15 19:38:34 POLARIS_LOG {"event":"send_rate","rate":304000,"ts":1760557114.1997023}
2025/10/15 19:38:35 POLARIS_LOG {"event":"send_rate","rate":296000,"ts":1760557115.1999724}
2025/10/15 19:38:36 POLARIS_LOG {"event":"send_rate","rate":304000,"ts":1760557116.200333}
2025/10/15 19:38:37 POLARIS_LOG {"event":"send_rate","rate":296000,"ts":1760557117.2001324}
2025/10/15 19:38:38 POLARIS_LOG {"event":"send_rate","rate":304000,"ts":1760557118.200042}
2025/10/15 19:38:39 POLARIS_LOG {"event":"send_rate","rate":296000,"ts":1760557119.1997745}
2025/10/15 19:38:40 POLARIS_LOG {"event":"send_rate","rate":304000,"ts":1760557120.1998718}
2025/10/15 19:38:41 POLARIS_LOG {"event":"send_rate","rate":296000,"ts":1760557121.1996655}
2025/10/15 19:38:42 POLARIS_LOG {"event":"send_rate","rate":304000,"ts":1760557122.2086535}
2025/10/15 19:38:43 POLARIS_LOG {"event":"send_rate","rate":296000,"ts":1760557123.1998756}
2025/10/15 19:38:44 POLARIS_LOG {"event":"send_rate","rate":304000,"ts":1760557124.1999047}
2025/10/15 19:38:45 POLARIS_LOG {"event":"send_rate","rate":296000,"ts":1760557125.2004192}
2025/10/15 19:38:46 POLARIS_LOG {"event":"send_rate","rate":304000,"ts":1760557126.200184}
2025/10/15 19:38:47 POLARIS_LOG {"event":"send_rate","rate":296000,"ts":1760557127.2001605}
2025/10/15 19:38:48 POLARIS_LOG {"event":"send_rate","rate":304000,"ts":1760557128.200114}
2025/10/15 19:38:49 POLARIS_LOG {"event":"send_rate","rate":296000,"ts":1760557129.2001114}
2025/10/15 19:38:50 POLARIS_LOG {"event":"send_rate","rate":304000,"ts":1760557130.1996222}
2025/10/15 19:38:51 POLARIS_LOG {"event":"send_rate","rate":296000,"ts":1760557131.2008085}
2025/10/15 19:38:52 POLARIS_LOG {"event":"send_rate","rate":304000,"ts":1760557132.1996021}
2025/10/15 19:38:53 POLARIS_LOG {"event":"send_rate","rate":296000,"ts":1760557133.200146}
2025/10/15 19:38:54 POLARIS_LOG {"event":"send_rate","rate":304000,"ts":1760557134.2005424}
2025/10/15 19:38:55 POLARIS_LOG {"event":"send_rate","rate":296000,"ts":1760557135.2000637}
2025/10/15 19:38:56 POLARIS_LOG {"event":"send_rate","rate":304000,"ts":1760557136.200569}
2025/10/15 19:38:57 POLARIS_LOG {"event":"send_rate","rate":296000,"ts":1760557137.1995804}
2025/10/15 19:38:58 POLARIS_LOG {"event":"send_rate","rate":304000,"ts":1760557138.2004352}
2025/10/15 19:38:59 POLARIS_LOG {"event":"send_rate","rate":296000,"ts":1760557139.1998668}
2025/10/15 19:39:00 POLARIS_LOG {"event":"send_rate","rate":304000,"ts":1760557140.2002728}
2025/10/15 19:39:01 POLARIS_LOG {"event":"send_rate","rate":296000,"ts":1760557141.1997495}
2025/10/15 19:39:02 POLARIS_LOG {"event":"send_rate","rate":304000,"ts":1760557142.1995177}
2025/10/15 19:39:03 POLARIS_LOG {"event":"send_rate","rate":296000,"ts":1760557143.2000206}
2025/10/15 19:39:04 POLARIS_LOG {"event":"send_rate","rate":304000,"ts":1760557144.199677}
2025/10/15 19:39:05 POLARIS_LOG {"event":"send_rate","rate":304000,"ts":1760557145.2149072}
2025/10/15 19:39:06 POLARIS_LOG {"event":"send_rate","rate":296000,"ts":1760557146.199449}
2025/10/15 19:39:07 POLARIS_LOG {"event":"send_rate","rate":296000,"ts":1760557147.1996834}
2025/10/15 19:39:08 POLARIS_LOG {"event":"send_rate","rate":304000,"ts":1760557148.200116}
2025/10/15 19:39:09 POLARIS_LOG {"event":"send_rate","rate":296000,"ts":1760557149.2000327}
2025/10/15 19:39:10 POLARIS_LOG {"event":"send_rate","rate":304000,"ts":1760557150.199797}
2025/10/15 19:39:11 POLARIS_LOG {"event":"send_rate","rate":296000,"ts":1760557151.1998053}
2025/10/15 19:39:12 POLARIS_LOG {"event":"send_rate","rate":304000,"ts":1760557152.2001178}
2025/10/15 19:39:13 POLARIS_LOG {"event":"send_rate","rate":296000,"ts":1760557153.199508}
2025/10/15 19:39:14 POLARIS_LOG {"event":"send_rate","rate":304000,"ts":1760557154.200152}
2025/10/15 19:39:15 POLARIS_LOG {"event":"send_rate","rate":296000,"ts":1760557155.199952}
2025/10/15 19:39:16 POLARIS_LOG {"event":"send_rate","rate":304000,"ts":1760557156.2005372}
2025/10/15 19:39:17 POLARIS_LOG {"event":"send_rate","rate":296000,"ts":1760557157.2003047}
2025/10/15 19:39:18 POLARIS_LOG {"event":"send_rate","rate":304000,"ts":1760557158.2000985}
2025/10/15 19:39:19 POLARIS_LOG {"event":"send_rate","rate":296000,"ts":1760557159.2008595}
2025/10/15 19:39:20 POLARIS_LOG {"event":"send_rate","rate":304000,"ts":1760557160.2001922}
2025/10/15 19:39:21 POLARIS_LOG {"event":"send_rate","rate":296000,"ts":1760557161.1998053}
2025/10/15 19:39:22 POLARIS_LOG {"event":"send_rate","rate":304000,"ts":1760557162.2001405}
2025/10/15 19:39:23 POLARIS_LOG {"event":"send_rate","rate":296000,"ts":1760557163.2000709}
2025/10/15 19:39:24 POLARIS_LOG {"event":"send_rate","rate":304000,"ts":1760557164.2002416}
2025/10/15 19:39:25 POLARIS_LOG {"event":"send_rate","rate":296000,"ts":1760557165.2002206}
2025/10/15 19:39:26 POLARIS_LOG {"event":"send_rate","rate":304000,"ts":1760557166.2003193}
2025/10/15 19:39:27 POLARIS_LOG {"event":"send_rate","rate":296000,"ts":1760557167.1997828}
2025/10/15 19:39:28 POLARIS_LOG {"event":"send_rate","rate":304000,"ts":1760557168.1998763}
2025/10/15 19:39:29 POLARIS_LOG {"event":"send_rate","rate":296000,"ts":1760557169.200779}
2025/10/15 19:39:30 POLARIS_LOG {"event":"send_rate","rate":304000,"ts":1760557170.1994565}
2025/10/15 19:39:31 POLARIS_LOG {"event":"send_rate","rate":296000,"ts":1760557171.2096598}
2025/10/15 19:39:32 POLARIS_LOG {"event":"send_rate","rate":304000,"ts":1760557172.2012014}
2025/10/15 19:39:33 POLARIS_LOG {"event":"send_rate","rate":296000,"ts":1760557173.200187}
2025/10/15 19:39:34 POLARIS_LOG {"event":"send_rate","rate":304000,"ts":1760557174.199847}
2025/10/15 19:39:35 POLARIS_LOG {"event":"send_rate","rate":296000,"ts":1760557175.200395}
2025/10/15 19:39:36 POLARIS_LOG {"event":"send_rate","rate":304000,"ts":1760557176.2004275}
2025/10/15 19:39:37 POLARIS_LOG {"event":"send_rate","rate":296000,"ts":1760557177.2000477}
2025/10/15 19:39:38 POLARIS_LOG {"event":"send_rate","rate":304000,"ts":1760557178.2006304}
2025/10/15 19:39:39 POLARIS_LOG {"event":"send_rate","rate":296000,"ts":1760557179.2003162}
2025/10/15 19:39:40 POLARIS_LOG {"event":"send_rate","rate":304000,"ts":1760557180.1999717}
2025/10/15 19:39:41 POLARIS_LOG {"event":"send_rate","rate":296000,"ts":1760557181.200252}
2025/10/15 19:39:42 POLARIS_LOG {"event":"send_rate","rate":304000,"ts":1760557182.2001922}
2025/10/15 19:39:43 POLARIS_LOG {"event":"send_rate","rate":296000,"ts":1760557183.2001123}
2025/10/15 19:39:44 POLARIS_LOG {"event":"send_rate","rate":304000,"ts":1760557184.1999707}
Drain Loop received packet
Drain Loop received non-nil payload
Client sent 9450 packets, server reported 9433 packets received
The network loss rate from client to server is 0.2%

S->C results
Attempted bandwidth: 0 bps / 0.00 Mbps
Achieved bandwidth: 0 bps / 0.00 Mbps
Loss rate: 0.0%
Interarrival time min/avg/max/mdev = -0.000/0.000/0.000/0.000 ms

C->S results
Attempted bandwidth: 300000 bps / 0.30 Mbps
Achieved bandwidth: 299460 bps / 0.30 Mbps
Loss rate: 0.2%
Interarrival time min/avg/max/mdev = 0.002/26.542/199.080/13.135 ms
