
Test parameters:
client->server: 282 seconds, 1000 bytes, 10575 packets
server->client: 282 seconds, 1000 bytes, 0 packets
2025/10/15 19:34:59 POLARIS_LOG {"current_rate":0,"event":"path_switch","new":"2 2 5 2","trigger":"initialization","ts":1760556899.9047048}
Polaris prober initialized with 38 paths
Polaris prober initialized with local 1-111,10.111.0.71:32755 and remote 1-113,10.113.0.71
2025/10/15 19:35:00 POLARIS_LOG {"event":"send_rate","rate":296000,"ts":1760556900.906338}
2025/10/15 19:35:01 POLARIS_LOG {"event":"send_rate","rate":304000,"ts":1760556901.9114895}
2025/10/15 19:35:02 POLARIS_LOG {"event":"send_rate","rate":296000,"ts":1760556902.9068046}
2025/10/15 19:35:03 POLARIS_LOG {"event":"send_rate","rate":304000,"ts":1760556903.929666}
2025/10/15 19:35:04 POLARIS_LOG {"event":"send_rate","rate":296000,"ts":1760556904.9077067}
2025/10/15 19:35:05 POLARIS_LOG {"event":"send_rate","rate":304000,"ts":1760556905.9072711}
2025/10/15 19:35:06 POLARIS_LOG {"event":"send_rate","rate":296000,"ts":1760556906.9071214}
2025/10/15 19:35:07 POLARIS_LOG {"event":"send_rate","rate":304000,"ts":1760556907.9068556}
2025/10/15 19:35:08 POLARIS_LOG {"event":"send_rate","rate":296000,"ts":1760556908.9084759}
2025/10/15 19:35:09 POLARIS_LOG {"event":"send_rate","rate":304000,"ts":1760556909.9102066}
2025/10/15 19:35:10 POLARIS_LOG {"event":"send_rate","rate":296000,"ts":1760556910.9116516}
2025/10/15 19:35:11 POLARIS_LOG {"event":"send_rate","rate":304000,"ts":1760556911.9072049}
2025/10/15 19:35:12 POLARIS_LOG {"event":"send_rate","rate":296000,"ts":1760556912.908234}
2025/10/15 19:35:13 POLARIS_LOG {"event":"send_rate","rate":304000,"ts":1760556913.9065983}
2025/10/15 19:35:14 POLARIS_LOG {"event":"send_rate","rate":296000,"ts":1760556914.9072926}
2025/10/15 19:35:15 POLARIS_LOG {"event":"send_rate","rate":304000,"ts":1760556915.906828}
2025/10/15 19:35:16 POLARIS_LOG {"event":"send_rate","rate":296000,"ts":1760556916.913128}
2025/10/15 19:35:17 POLARIS_LOG {"event":"send_rate","rate":304000,"ts":1760556917.9064188}
2025/10/15 19:35:18 POLARIS_LOG {"event":"send_rate","rate":296000,"ts":1760556918.9081619}
2025/10/15 19:35:19 POLARIS_LOG {"event":"send_rate","rate":304000,"ts":1760556919.907263}
2025/10/15 19:35:20 POLARIS_LOG {"event":"send_rate","rate":296000,"ts":1760556920.9064507}
2025/10/15 19:35:21 POLARIS_LOG {"event":"send_rate","rate":304000,"ts":1760556921.9072742}
2025/10/15 19:35:22 POLARIS_LOG {"event":"send_rate","rate":296000,"ts":1760556922.910919}
2025/10/15 19:35:23 POLARIS_LOG {"event":"send_rate","rate":304000,"ts":1760556923.9069974}
2025/10/15 19:35:24 POLARIS_LOG {"event":"send_rate","rate":296000,"ts":1760556924.9344423}
2025/10/15 19:35:25 POLARIS_LOG {"event":"send_rate","rate":304000,"ts":1760556925.9066591}
2025/10/15 19:35:26 POLARIS_LOG {"event":"send_rate","rate":296000,"ts":1760556926.9158018}
2025/10/15 19:35:27 POLARIS_LOG {"event":"send_rate","rate":304000,"ts":1760556927.908021}
2025/10/15 19:35:28 POLARIS_LOG {"event":"send_rate","rate":296000,"ts":1760556928.906032}
2025/10/15 19:35:29 POLARIS_LOG {"event":"send_rate","rate":304000,"ts":1760556929.906699}
2025/10/15 19:35:30 POLARIS_LOG {"event":"send_rate","rate":296000,"ts":1760556930.9072728}
2025/10/15 19:35:31 POLARIS_LOG {"event":"send_rate","rate":272000,"ts":1760556931.9062347}
2025/10/15 19:35:32 POLARIS_LOG {"event":"send_rate","rate":160000,"ts":1760556932.906993}
Received SCMP echo reply with unexpected seq 31, expected 33 or 32
Received SCMP echo reply with unexpected seq 31, expected 33 or 32
2025/10/15 19:35:33 POLARIS_LOG {"event":"send_rate","rate":216000,"ts":1760556933.9069138}
Received SCMP echo reply with unexpected seq 32, expected 34 or 33
Received SCMP echo reply with unexpected seq 32, expected 34 or 33
Received SCMP echo reply with unexpected seq 32, expected 34 or 33
2025/10/15 19:35:34 POLARIS_LOG {"event":"send_rate","rate":136000,"ts":1760556934.9075022}
Received SCMP echo reply with unexpected seq 33, expected 35 or 34
Received SCMP echo reply with unexpected seq 33, expected 35 or 34
Received SCMP echo reply with unexpected seq 33, expected 35 or 34
2025/10/15 19:35:35 POLARIS_LOG {"event":"send_rate","rate":144000,"ts":1760556935.9068785}
Received SCMP echo reply with unexpected seq 34, expected 36 or 35
Received SCMP echo reply with unexpected seq 34, expected 36 or 35
Received SCMP echo reply with unexpected seq 34, expected 36 or 35
2025/10/15 19:35:36 POLARIS_LOG {"event":"send_rate","rate":152000,"ts":1760556936.9060943}
Received SCMP echo reply with unexpected seq 35, expected 37 or 36
Received SCMP echo reply with unexpected seq 35, expected 37 or 36
Received SCMP echo reply with unexpected seq 35, expected 37 or 36
2025/10/15 19:35:37 POLARIS_LOG {"event":"send_rate","rate":136000,"ts":1760556937.908112}
Received SCMP echo reply with unexpected seq 36, expected 38 or 37
Received SCMP echo reply with unexpected seq 36, expected 38 or 37
Received SCMP echo reply with unexpected seq 36, expected 38 or 37
2025/10/15 19:35:38 POLARIS_LOG {"event":"send_rate","rate":96000,"ts":1760556938.9071608}
Received SCMP echo reply with unexpected seq 37, expected 39 or 38
Received SCMP echo reply with unexpected seq 37, expected 39 or 38
Received SCMP echo reply with unexpected seq 37, expected 39 or 38
2025/10/15 19:35:39 POLARIS_LOG {"candidates":2,"candidates_unfiltered":17,"current_rate":96000,"estimated_share":1000000,"event":"path_switch","max_estimated_share":1000000,"new":"3 3 4 1","old":"2 2 5 2","trigger":"scheduled","ts":1760556939.9063923}
2025/10/15 19:35:39 POLARIS_LOG {"event":"send_rate","rate":120000,"ts":1760556939.9064705}
2025/10/15 19:35:40 POLARIS_LOG {"event":"send_rate","rate":1568000,"ts":1760556940.9075134}
2025/10/15 19:35:41 POLARIS_LOG {"event":"send_rate","rate":304000,"ts":1760556941.906317}
2025/10/15 19:35:42 POLARIS_LOG {"event":"send_rate","rate":296000,"ts":1760556942.906839}
2025/10/15 19:35:43 POLARIS_LOG {"event":"send_rate","rate":304000,"ts":1760556943.9137845}
2025/10/15 19:35:44 POLARIS_LOG {"event":"send_rate","rate":296000,"ts":1760556944.907376}
2025/10/15 19:35:45 POLARIS_LOG {"event":"send_rate","rate":296000,"ts":1760556945.9073453}
2025/10/15 19:35:46 POLARIS_LOG {"event":"send_rate","rate":304000,"ts":1760556946.906355}
2025/10/15 19:35:47 POLARIS_LOG {"event":"send_rate","rate":304000,"ts":1760556947.906796}
2025/10/15 19:35:48 POLARIS_LOG {"event":"send_rate","rate":296000,"ts":1760556948.907745}
2025/10/15 19:35:49 POLARIS_LOG {"event":"send_rate","rate":296000,"ts":1760556949.9063852}
2025/10/15 19:35:50 POLARIS_LOG {"event":"send_rate","rate":304000,"ts":1760556950.9064608}
2025/10/15 19:35:51 POLARIS_LOG {"event":"send_rate","rate":304000,"ts":1760556951.9080126}
2025/10/15 19:35:52 POLARIS_LOG {"event":"send_rate","rate":296000,"ts":1760556952.9072597}
2025/10/15 19:35:53 POLARIS_LOG {"event":"send_rate","rate":296000,"ts":1760556953.907663}
2025/10/15 19:35:54 POLARIS_LOG {"event":"send_rate","rate":304000,"ts":1760556954.9070213}
2025/10/15 19:35:55 POLARIS_LOG {"event":"send_rate","rate":296000,"ts":1760556955.909604}
2025/10/15 19:35:56 POLARIS_LOG {"event":"send_rate","rate":304000,"ts":1760556956.906686}
2025/10/15 19:35:57 POLARIS_LOG {"event":"send_rate","rate":296000,"ts":1760556957.9061294}
2025/10/15 19:35:58 POLARIS_LOG {"event":"send_rate","rate":304000,"ts":1760556958.9062047}
2025/10/15 19:35:59 POLARIS_LOG {"event":"send_rate","rate":296000,"ts":1760556959.9064894}
2025/10/15 19:36:00 POLARIS_LOG {"event":"send_rate","rate":304000,"ts":1760556960.9066663}
2025/10/15 19:36:01 POLARIS_LOG {"event":"send_rate","rate":304000,"ts":1760556961.9067986}
2025/10/15 19:36:02 POLARIS_LOG {"event":"send_rate","rate":296000,"ts":1760556962.906035}
2025/10/15 19:36:03 POLARIS_LOG {"event":"send_rate","rate":296000,"ts":1760556963.9066198}
2025/10/15 19:36:04 POLARIS_LOG {"event":"send_rate","rate":304000,"ts":1760556964.9069674}
2025/10/15 19:36:05 POLARIS_LOG {"event":"send_rate","rate":296000,"ts":1760556965.9096189}
2025/10/15 19:36:06 POLARIS_LOG {"event":"send_rate","rate":304000,"ts":1760556966.90755}
2025/10/15 19:36:07 POLARIS_LOG {"event":"send_rate","rate":304000,"ts":1760556967.9079998}
2025/10/15 19:36:08 POLARIS_LOG {"event":"send_rate","rate":296000,"ts":1760556968.9130101}
2025/10/15 19:36:09 POLARIS_LOG {"event":"send_rate","rate":296000,"ts":1760556969.9069726}
2025/10/15 19:36:10 POLARIS_LOG {"event":"send_rate","rate":304000,"ts":1760556970.9079514}
2025/10/15 19:36:11 POLARIS_LOG {"event":"send_rate","rate":296000,"ts":1760556971.9070241}
2025/10/15 19:36:12 POLARIS_LOG {"event":"send_rate","rate":304000,"ts":1760556972.9084215}
2025/10/15 19:36:13 POLARIS_LOG {"event":"send_rate","rate":296000,"ts":1760556973.906702}
2025/10/15 19:36:14 POLARIS_LOG {"event":"send_rate","rate":304000,"ts":1760556974.9066403}
2025/10/15 19:36:15 POLARIS_LOG {"event":"send_rate","rate":304000,"ts":1760556975.910459}
2025/10/15 19:36:16 POLARIS_LOG {"event":"send_rate","rate":296000,"ts":1760556976.9071562}
2025/10/15 19:36:17 POLARIS_LOG {"event":"send_rate","rate":296000,"ts":1760556977.9068687}
2025/10/15 19:36:18 POLARIS_LOG {"event":"send_rate","rate":304000,"ts":1760556978.9078407}
2025/10/15 19:36:19 POLARIS_LOG {"event":"send_rate","rate":296000,"ts":1760556979.906415}
2025/10/15 19:36:20 POLARIS_LOG {"event":"send_rate","rate":304000,"ts":1760556980.9175842}
2025/10/15 19:36:21 POLARIS_LOG {"event":"send_rate","rate":296000,"ts":1760556981.9088774}
2025/10/15 19:36:22 POLARIS_LOG {"event":"send_rate","rate":304000,"ts":1760556982.9063568}
2025/10/15 19:36:23 POLARIS_LOG {"event":"send_rate","rate":296000,"ts":1760556983.9066014}
2025/10/15 19:36:24 POLARIS_LOG {"event":"send_rate","rate":304000,"ts":1760556984.906656}
2025/10/15 19:36:25 POLARIS_LOG {"event":"send_rate","rate":296000,"ts":1760556985.9065893}
2025/10/15 19:36:26 POLARIS_LOG {"event":"send_rate","rate":304000,"ts":1760556986.9082165}
2025/10/15 19:36:27 POLARIS_LOG {"event":"send_rate","rate":296000,"ts":1760556987.9082704}
2025/10/15 19:36:28 POLARIS_LOG {"event":"send_rate","rate":304000,"ts":1760556988.9069805}
2025/10/15 19:36:29 POLARIS_LOG {"event":"send_rate","rate":296000,"ts":1760556989.9066598}
2025/10/15 19:36:30 POLARIS_LOG {"event":"send_rate","rate":304000,"ts":1760556990.9060419}
2025/10/15 19:36:31 POLARIS_LOG {"event":"send_rate","rate":296000,"ts":1760556991.9060428}
2025/10/15 19:36:32 POLARIS_LOG {"event":"send_rate","rate":304000,"ts":1760556992.9175093}
2025/10/15 19:36:33 POLARIS_LOG {"event":"send_rate","rate":296000,"ts":1760556993.9075174}
2025/10/15 19:36:34 POLARIS_LOG {"event":"send_rate","rate":304000,"ts":1760556994.9067905}
2025/10/15 19:36:35 POLARIS_LOG {"event":"send_rate","rate":296000,"ts":1760556995.9072585}
2025/10/15 19:36:36 POLARIS_LOG {"event":"send_rate","rate":304000,"ts":1760556996.9067974}
2025/10/15 19:36:37 POLARIS_LOG {"event":"send_rate","rate":296000,"ts":1760556997.9082355}
2025/10/15 19:36:38 POLARIS_LOG {"event":"send_rate","rate":304000,"ts":1760556998.910298}
2025/10/15 19:36:39 POLARIS_LOG {"event":"send_rate","rate":296000,"ts":1760556999.908558}
2025/10/15 19:36:40 POLARIS_LOG {"event":"send_rate","rate":304000,"ts":1760557000.9068832}
2025/10/15 19:36:41 POLARIS_LOG {"event":"send_rate","rate":296000,"ts":1760557001.9073722}
2025/10/15 19:36:42 POLARIS_LOG {"event":"send_rate","rate":304000,"ts":1760557002.9076865}
2025/10/15 19:36:43 POLARIS_LOG {"event":"send_rate","rate":296000,"ts":1760557003.9106624}
2025/10/15 19:36:44 POLARIS_LOG {"event":"send_rate","rate":304000,"ts":1760557004.9063275}
2025/10/15 19:36:45 POLARIS_LOG {"event":"send_rate","rate":296000,"ts":1760557005.9080703}
2025/10/15 19:36:46 POLARIS_LOG {"event":"send_rate","rate":304000,"ts":1760557006.9180272}
2025/10/15 19:36:47 POLARIS_LOG {"event":"send_rate","rate":296000,"ts":1760557007.9106593}
2025/10/15 19:36:48 POLARIS_LOG {"event":"send_rate","rate":304000,"ts":1760557008.906537}
2025/10/15 19:36:49 POLARIS_LOG {"event":"send_rate","rate":296000,"ts":1760557009.90598}
2025/10/15 19:36:50 POLARIS_LOG {"event":"send_rate","rate":304000,"ts":1760557010.9067245}
2025/10/15 19:36:51 POLARIS_LOG {"event":"send_rate","rate":296000,"ts":1760557011.910566}
2025/10/15 19:36:52 POLARIS_LOG {"event":"send_rate","rate":304000,"ts":1760557012.9150863}
2025/10/15 19:36:53 POLARIS_LOG {"event":"send_rate","rate":296000,"ts":1760557013.908211}
2025/10/15 19:36:54 POLARIS_LOG {"event":"send_rate","rate":312000,"ts":1760557014.9514706}
2025/10/15 19:36:55 POLARIS_LOG {"event":"send_rate","rate":288000,"ts":1760557015.9064076}
2025/10/15 19:36:56 POLARIS_LOG {"event":"send_rate","rate":304000,"ts":1760557016.9087577}
2025/10/15 19:36:57 POLARIS_LOG {"event":"send_rate","rate":296000,"ts":1760557017.9072652}
2025/10/15 19:36:58 POLARIS_LOG {"event":"send_rate","rate":304000,"ts":1760557018.908085}
2025/10/15 19:36:59 POLARIS_LOG {"event":"send_rate","rate":296000,"ts":1760557019.90684}
2025/10/15 19:37:00 POLARIS_LOG {"event":"send_rate","rate":304000,"ts":1760557020.9062636}
2025/10/15 19:37:01 POLARIS_LOG {"event":"send_rate","rate":304000,"ts":1760557021.9125319}
2025/10/15 19:37:02 POLARIS_LOG {"event":"send_rate","rate":296000,"ts":1760557022.9069583}
2025/10/15 19:37:03 POLARIS_LOG {"event":"send_rate","rate":296000,"ts":1760557023.906195}
2025/10/15 19:37:04 POLARIS_LOG {"event":"send_rate","rate":304000,"ts":1760557024.9069383}
2025/10/15 19:37:05 POLARIS_LOG {"event":"send_rate","rate":296000,"ts":1760557025.9092393}
2025/10/15 19:37:06 POLARIS_LOG {"event":"send_rate","rate":304000,"ts":1760557026.9063728}
2025/10/15 19:37:07 POLARIS_LOG {"event":"send_rate","rate":296000,"ts":1760557027.9129953}
2025/10/15 19:37:08 POLARIS_LOG {"event":"send_rate","rate":304000,"ts":1760557028.9065554}
2025/10/15 19:37:09 POLARIS_LOG {"event":"send_rate","rate":296000,"ts":1760557029.906784}
2025/10/15 19:37:10 POLARIS_LOG {"event":"send_rate","rate":304000,"ts":1760557030.908329}
2025/10/15 19:37:11 POLARIS_LOG {"event":"send_rate","rate":296000,"ts":1760557031.9061623}
2025/10/15 19:37:12 POLARIS_LOG {"event":"send_rate","rate":304000,"ts":1760557032.9070728}
2025/10/15 19:37:13 POLARIS_LOG {"event":"send_rate","rate":296000,"ts":1760557033.9072764}
2025/10/15 19:37:14 POLARIS_LOG {"event":"send_rate","rate":304000,"ts":1760557034.9066029}
2025/10/15 19:37:15 POLARIS_LOG {"event":"send_rate","rate":296000,"ts":1760557035.9074068}
2025/10/15 19:37:16 POLARIS_LOG {"event":"send_rate","rate":296000,"ts":1760557036.912695}
2025/10/15 19:37:17 POLARIS_LOG {"event":"send_rate","rate":304000,"ts":1760557037.9083219}
2025/10/15 19:37:18 POLARIS_LOG {"event":"send_rate","rate":304000,"ts":1760557038.9067047}
2025/10/15 19:37:19 POLARIS_LOG {"event":"send_rate","rate":296000,"ts":1760557039.9065042}
2025/10/15 19:37:20 POLARIS_LOG {"event":"send_rate","rate":304000,"ts":1760557040.9059298}
2025/10/15 19:37:21 POLARIS_LOG {"event":"send_rate","rate":296000,"ts":1760557041.9064417}
2025/10/15 19:37:22 POLARIS_LOG {"event":"send_rate","rate":304000,"ts":1760557042.9074795}
2025/10/15 19:37:23 POLARIS_LOG {"event":"send_rate","rate":296000,"ts":1760557043.9069123}
2025/10/15 19:37:24 POLARIS_LOG {"event":"send_rate","rate":304000,"ts":1760557044.9072955}
2025/10/15 19:37:25 POLARIS_LOG {"event":"send_rate","rate":296000,"ts":1760557045.9063828}
2025/10/15 19:37:26 POLARIS_LOG {"event":"send_rate","rate":304000,"ts":1760557046.9064405}
2025/10/15 19:37:27 POLARIS_LOG {"event":"send_rate","rate":296000,"ts":1760557047.9061117}
2025/10/15 19:37:28 POLARIS_LOG {"event":"send_rate","rate":304000,"ts":1760557048.9062738}
2025/10/15 19:37:29 POLARIS_LOG {"event":"send_rate","rate":296000,"ts":1760557049.9060102}
2025/10/15 19:37:30 POLARIS_LOG {"event":"send_rate","rate":304000,"ts":1760557050.906197}
2025/10/15 19:37:31 POLARIS_LOG {"event":"send_rate","rate":296000,"ts":1760557051.9144006}
2025/10/15 19:37:32 POLARIS_LOG {"event":"send_rate","rate":304000,"ts":1760557052.906555}
2025/10/15 19:37:33 POLARIS_LOG {"event":"send_rate","rate":296000,"ts":1760557053.908835}
2025/10/15 19:37:34 POLARIS_LOG {"event":"send_rate","rate":304000,"ts":1760557054.9110222}
2025/10/15 19:37:35 POLARIS_LOG {"event":"send_rate","rate":296000,"ts":1760557055.90631}
2025/10/15 19:37:36 POLARIS_LOG {"event":"send_rate","rate":304000,"ts":1760557056.907445}
2025/10/15 19:37:37 POLARIS_LOG {"event":"send_rate","rate":296000,"ts":1760557057.9147067}
2025/10/15 19:37:38 POLARIS_LOG {"event":"send_rate","rate":304000,"ts":1760557058.9067066}
2025/10/15 19:37:39 POLARIS_LOG {"event":"send_rate","rate":296000,"ts":1760557059.9086163}
2025/10/15 19:37:40 POLARIS_LOG {"event":"send_rate","rate":304000,"ts":1760557060.9073644}
2025/10/15 19:37:41 POLARIS_LOG {"event":"send_rate","rate":296000,"ts":1760557061.909121}
2025/10/15 19:37:42 POLARIS_LOG {"event":"send_rate","rate":320000,"ts":1760557062.9718366}
2025/10/15 19:37:43 POLARIS_LOG {"event":"send_rate","rate":280000,"ts":1760557063.9074543}
2025/10/15 19:37:44 POLARIS_LOG {"event":"send_rate","rate":296000,"ts":1760557064.9116347}
2025/10/15 19:37:45 POLARIS_LOG {"event":"send_rate","rate":304000,"ts":1760557065.9094915}
2025/10/15 19:37:46 POLARIS_LOG {"event":"send_rate","rate":304000,"ts":1760557066.907915}
2025/10/15 19:37:47 POLARIS_LOG {"event":"send_rate","rate":296000,"ts":1760557067.9072871}
2025/10/15 19:37:48 POLARIS_LOG {"event":"send_rate","rate":304000,"ts":1760557068.906772}
2025/10/15 19:37:49 POLARIS_LOG {"event":"send_rate","rate":296000,"ts":1760557069.906283}
2025/10/15 19:37:50 POLARIS_LOG {"event":"send_rate","rate":304000,"ts":1760557070.9067926}
2025/10/15 19:37:51 POLARIS_LOG {"event":"send_rate","rate":296000,"ts":1760557071.9109597}
2025/10/15 19:37:52 POLARIS_LOG {"event":"send_rate","rate":304000,"ts":1760557072.906164}
2025/10/15 19:37:53 POLARIS_LOG {"event":"send_rate","rate":296000,"ts":1760557073.9066222}
2025/10/15 19:37:54 POLARIS_LOG {"event":"send_rate","rate":304000,"ts":1760557074.907038}
2025/10/15 19:37:55 POLARIS_LOG {"event":"send_rate","rate":296000,"ts":1760557075.9067802}
2025/10/15 19:37:56 POLARIS_LOG {"event":"send_rate","rate":304000,"ts":1760557076.9069307}
2025/10/15 19:37:57 POLARIS_LOG {"event":"send_rate","rate":296000,"ts":1760557077.9116116}
2025/10/15 19:37:58 POLARIS_LOG {"event":"send_rate","rate":304000,"ts":1760557078.9093015}
2025/10/15 19:37:59 POLARIS_LOG {"event":"send_rate","rate":296000,"ts":1760557079.9064987}
2025/10/15 19:38:00 POLARIS_LOG {"event":"send_rate","rate":296000,"ts":1760557080.906731}
2025/10/15 19:38:01 POLARIS_LOG {"event":"send_rate","rate":304000,"ts":1760557081.9063706}
2025/10/15 19:38:02 POLARIS_LOG {"event":"send_rate","rate":304000,"ts":1760557082.907382}
2025/10/15 19:38:03 POLARIS_LOG {"event":"send_rate","rate":296000,"ts":1760557083.9147925}
2025/10/15 19:38:04 POLARIS_LOG {"event":"send_rate","rate":304000,"ts":1760557084.906612}
2025/10/15 19:38:05 POLARIS_LOG {"event":"send_rate","rate":296000,"ts":1760557085.9070487}
2025/10/15 19:38:06 POLARIS_LOG {"event":"send_rate","rate":304000,"ts":1760557086.9080546}
2025/10/15 19:38:07 POLARIS_LOG {"event":"send_rate","rate":296000,"ts":1760557087.9069622}
2025/10/15 19:38:08 POLARIS_LOG {"event":"send_rate","rate":304000,"ts":1760557088.9065113}
2025/10/15 19:38:09 POLARIS_LOG {"event":"send_rate","rate":296000,"ts":1760557089.9166312}
2025/10/15 19:38:10 POLARIS_LOG {"event":"send_rate","rate":304000,"ts":1760557090.9073002}
2025/10/15 19:38:11 POLARIS_LOG {"event":"send_rate","rate":296000,"ts":1760557091.9059453}
2025/10/15 19:38:12 POLARIS_LOG {"event":"send_rate","rate":304000,"ts":1760557092.909828}
2025/10/15 19:38:13 POLARIS_LOG {"event":"send_rate","rate":296000,"ts":1760557093.9095974}
2025/10/15 19:38:14 POLARIS_LOG {"event":"send_rate","rate":296000,"ts":1760557094.9097672}
2025/10/15 19:38:15 POLARIS_LOG {"event":"send_rate","rate":304000,"ts":1760557095.9073327}
2025/10/15 19:38:16 POLARIS_LOG {"event":"send_rate","rate":304000,"ts":1760557096.9070258}
2025/10/15 19:38:17 POLARIS_LOG {"event":"send_rate","rate":296000,"ts":1760557097.9085546}
2025/10/15 19:38:18 POLARIS_LOG {"event":"send_rate","rate":304000,"ts":1760557098.9069364}
2025/10/15 19:38:19 POLARIS_LOG {"event":"send_rate","rate":296000,"ts":1760557099.907305}
2025/10/15 19:38:20 POLARIS_LOG {"event":"send_rate","rate":296000,"ts":1760557100.9297688}
2025/10/15 19:38:21 POLARIS_LOG {"event":"send_rate","rate":304000,"ts":1760557101.9068015}
2025/10/15 19:38:22 POLARIS_LOG {"event":"send_rate","rate":296000,"ts":1760557102.9074914}
2025/10/15 19:38:23 POLARIS_LOG {"event":"send_rate","rate":304000,"ts":1760557103.9064157}
2025/10/15 19:38:24 POLARIS_LOG {"event":"send_rate","rate":296000,"ts":1760557104.9076722}
2025/10/15 19:38:25 POLARIS_LOG {"event":"send_rate","rate":304000,"ts":1760557105.9071252}
2025/10/15 19:38:26 POLARIS_LOG {"event":"send_rate","rate":296000,"ts":1760557106.907347}
2025/10/15 19:38:27 POLARIS_LOG {"event":"send_rate","rate":304000,"ts":1760557107.9077356}
2025/10/15 19:38:28 POLARIS_LOG {"event":"send_rate","rate":296000,"ts":1760557108.9083302}
2025/10/15 19:38:29 POLARIS_LOG {"event":"send_rate","rate":304000,"ts":1760557109.9070845}
2025/10/15 19:38:30 POLARIS_LOG {"event":"send_rate","rate":296000,"ts":1760557110.9077528}
2025/10/15 19:38:31 POLARIS_LOG {"event":"send_rate","rate":304000,"ts":1760557111.9099946}
2025/10/15 19:38:32 POLARIS_LOG {"event":"send_rate","rate":296000,"ts":1760557112.9059563}
2025/10/15 19:38:33 POLARIS_LOG {"event":"send_rate","rate":304000,"ts":1760557113.9074183}
2025/10/15 19:38:34 POLARIS_LOG {"event":"send_rate","rate":296000,"ts":1760557114.9071252}
2025/10/15 19:38:35 POLARIS_LOG {"event":"send_rate","rate":304000,"ts":1760557115.906784}
2025/10/15 19:38:36 POLARIS_LOG {"event":"send_rate","rate":296000,"ts":1760557116.9074328}
2025/10/15 19:38:37 POLARIS_LOG {"event":"send_rate","rate":304000,"ts":1760557117.9071376}
2025/10/15 19:38:38 POLARIS_LOG {"event":"send_rate","rate":296000,"ts":1760557118.9087415}
2025/10/15 19:38:39 POLARIS_LOG {"event":"send_rate","rate":304000,"ts":1760557119.9063966}
2025/10/15 19:38:40 POLARIS_LOG {"event":"send_rate","rate":296000,"ts":1760557120.906703}
2025/10/15 19:38:41 POLARIS_LOG {"event":"send_rate","rate":304000,"ts":1760557121.90801}
2025/10/15 19:38:42 POLARIS_LOG {"event":"send_rate","rate":296000,"ts":1760557122.9071412}
2025/10/15 19:38:43 POLARIS_LOG {"event":"send_rate","rate":304000,"ts":1760557123.9061267}
2025/10/15 19:38:44 POLARIS_LOG {"event":"send_rate","rate":296000,"ts":1760557124.907731}
2025/10/15 19:38:45 POLARIS_LOG {"event":"send_rate","rate":304000,"ts":1760557125.9066126}
2025/10/15 19:38:46 POLARIS_LOG {"event":"send_rate","rate":304000,"ts":1760557126.9154813}
2025/10/15 19:38:47 POLARIS_LOG {"event":"send_rate","rate":296000,"ts":1760557127.9079354}
2025/10/15 19:38:48 POLARIS_LOG {"event":"send_rate","rate":296000,"ts":1760557128.9135702}
2025/10/15 19:38:49 POLARIS_LOG {"event":"send_rate","rate":304000,"ts":1760557129.906851}
2025/10/15 19:38:50 POLARIS_LOG {"event":"send_rate","rate":296000,"ts":1760557130.9069166}
2025/10/15 19:38:51 POLARIS_LOG {"event":"send_rate","rate":304000,"ts":1760557131.9085763}
2025/10/15 19:38:52 POLARIS_LOG {"event":"send_rate","rate":296000,"ts":1760557132.9089358}
2025/10/15 19:38:53 POLARIS_LOG {"event":"send_rate","rate":304000,"ts":1760557133.9072938}
2025/10/15 19:38:54 POLARIS_LOG {"event":"send_rate","rate":296000,"ts":1760557134.9067078}
2025/10/15 19:38:55 POLARIS_LOG {"event":"send_rate","rate":304000,"ts":1760557135.9072342}
2025/10/15 19:38:56 POLARIS_LOG {"event":"send_rate","rate":296000,"ts":1760557136.9076922}
2025/10/15 19:38:57 POLARIS_LOG {"event":"send_rate","rate":304000,"ts":1760557137.9081151}
2025/10/15 19:38:58 POLARIS_LOG {"event":"send_rate","rate":296000,"ts":1760557138.9080079}
2025/10/15 19:38:59 POLARIS_LOG {"event":"send_rate","rate":304000,"ts":1760557139.9066978}
2025/10/15 19:39:00 POLARIS_LOG {"event":"send_rate","rate":296000,"ts":1760557140.907149}
2025/10/15 19:39:01 POLARIS_LOG {"event":"send_rate","rate":304000,"ts":1760557141.9068725}
2025/10/15 19:39:02 POLARIS_LOG {"event":"send_rate","rate":296000,"ts":1760557142.9065795}
2025/10/15 19:39:03 POLARIS_LOG {"event":"send_rate","rate":304000,"ts":1760557143.9067557}
2025/10/15 19:39:04 POLARIS_LOG {"event":"send_rate","rate":296000,"ts":1760557144.9076135}
2025/10/15 19:39:05 POLARIS_LOG {"event":"send_rate","rate":304000,"ts":1760557145.9081113}
2025/10/15 19:39:06 POLARIS_LOG {"event":"send_rate","rate":296000,"ts":1760557146.9076126}
2025/10/15 19:39:07 POLARIS_LOG {"event":"send_rate","rate":304000,"ts":1760557147.9075804}
2025/10/15 19:39:08 POLARIS_LOG {"event":"send_rate","rate":296000,"ts":1760557148.905904}
2025/10/15 19:39:09 POLARIS_LOG {"event":"send_rate","rate":304000,"ts":1760557149.9070294}
2025/10/15 19:39:10 POLARIS_LOG {"event":"send_rate","rate":296000,"ts":1760557150.9072304}
2025/10/15 19:39:11 POLARIS_LOG {"event":"send_rate","rate":304000,"ts":1760557151.9067187}
2025/10/15 19:39:12 POLARIS_LOG {"event":"send_rate","rate":296000,"ts":1760557152.9060302}
2025/10/15 19:39:13 POLARIS_LOG {"event":"send_rate","rate":304000,"ts":1760557153.909828}
2025/10/15 19:39:14 POLARIS_LOG {"event":"send_rate","rate":296000,"ts":1760557154.9073362}
2025/10/15 19:39:15 POLARIS_LOG {"event":"send_rate","rate":304000,"ts":1760557155.90704}
2025/10/15 19:39:16 POLARIS_LOG {"event":"send_rate","rate":296000,"ts":1760557156.9067771}
2025/10/15 19:39:17 POLARIS_LOG {"event":"send_rate","rate":304000,"ts":1760557157.906428}
2025/10/15 19:39:18 POLARIS_LOG {"event":"send_rate","rate":296000,"ts":1760557158.9069033}
2025/10/15 19:39:19 POLARIS_LOG {"event":"send_rate","rate":304000,"ts":1760557159.911166}
2025/10/15 19:39:20 POLARIS_LOG {"event":"send_rate","rate":296000,"ts":1760557160.9073591}
2025/10/15 19:39:21 POLARIS_LOG {"event":"send_rate","rate":304000,"ts":1760557161.9101388}
2025/10/15 19:39:22 POLARIS_LOG {"event":"send_rate","rate":296000,"ts":1760557162.9103396}
2025/10/15 19:39:23 POLARIS_LOG {"event":"send_rate","rate":304000,"ts":1760557163.9071498}
2025/10/15 19:39:24 POLARIS_LOG {"event":"send_rate","rate":296000,"ts":1760557164.9066267}
2025/10/15 19:39:25 POLARIS_LOG {"event":"send_rate","rate":304000,"ts":1760557165.911582}
2025/10/15 19:39:26 POLARIS_LOG {"event":"send_rate","rate":296000,"ts":1760557166.9075239}
2025/10/15 19:39:27 POLARIS_LOG {"event":"send_rate","rate":304000,"ts":1760557167.9084015}
2025/10/15 19:39:28 POLARIS_LOG {"event":"send_rate","rate":296000,"ts":1760557168.9082997}
2025/10/15 19:39:29 POLARIS_LOG {"event":"send_rate","rate":304000,"ts":1760557169.9067636}
2025/10/15 19:39:30 POLARIS_LOG {"event":"send_rate","rate":296000,"ts":1760557170.9076612}
2025/10/15 19:39:31 POLARIS_LOG {"event":"send_rate","rate":304000,"ts":1760557171.906903}
2025/10/15 19:39:32 POLARIS_LOG {"event":"send_rate","rate":296000,"ts":1760557172.9075866}
2025/10/15 19:39:33 POLARIS_LOG {"event":"send_rate","rate":304000,"ts":1760557173.9162889}
2025/10/15 19:39:34 POLARIS_LOG {"event":"send_rate","rate":296000,"ts":1760557174.9125884}
2025/10/15 19:39:35 POLARIS_LOG {"event":"send_rate","rate":304000,"ts":1760557175.9097328}
2025/10/15 19:39:36 POLARIS_LOG {"event":"send_rate","rate":296000,"ts":1760557176.9068546}
2025/10/15 19:39:37 POLARIS_LOG {"event":"send_rate","rate":304000,"ts":1760557177.9070396}
2025/10/15 19:39:38 POLARIS_LOG {"event":"send_rate","rate":296000,"ts":1760557178.9112573}
2025/10/15 19:39:39 POLARIS_LOG {"event":"send_rate","rate":304000,"ts":1760557179.9067197}
2025/10/15 19:39:40 POLARIS_LOG {"event":"send_rate","rate":296000,"ts":1760557180.9066067}
2025/10/15 19:39:41 POLARIS_LOG {"event":"send_rate","rate":304000,"ts":1760557181.9071033}
We need to sleep for 1 seconds before we can get the results
2025/10/15 19:39:42 POLARIS_LOG {"event":"send_rate","rate":8000,"ts":1760557182.9118507}
Drain Loop received packet
Drain Loop received non-nil payload
Client sent 10575 packets, server reported 10560 packets received
The network loss rate from client to server is 0.1%

S->C results
Attempted bandwidth: 0 bps / 0.00 Mbps
Achieved bandwidth: 0 bps / 0.00 Mbps
Loss rate: 0.0%
Interarrival time min/avg/max/mdev = -0.000/0.000/0.000/0.000 ms

C->S results
Attempted bandwidth: 300000 bps / 0.30 Mbps
Achieved bandwidth: 299574 bps / 0.30 Mbps
Loss rate: 0.1%
Interarrival time min/avg/max/mdev = 0.002/26.693/492.725/21.588 ms
