
Test parameters:
client->server: 258 seconds, 1000 bytes, 9675 packets
server->client: 258 seconds, 1000 bytes, 0 packets
2025/10/15 19:35:24 POLARIS_LOG {"current_rate":0,"event":"path_switch","new":"2 2 5 2","trigger":"initialization","ts":1760556924.0006237}
Polaris prober initialized with 38 paths
Polaris prober initialized with local 1-111,10.111.0.71:32743 and remote 1-113,10.113.0.71
2025/10/15 19:35:25 POLARIS_LOG {"event":"send_rate","rate":296000,"ts":1760556925.0026941}
2025/10/15 19:35:26 POLARIS_LOG {"event":"send_rate","rate":304000,"ts":1760556926.0034466}
2025/10/15 19:35:27 POLARIS_LOG {"event":"send_rate","rate":296000,"ts":1760556927.0026827}
2025/10/15 19:35:28 POLARIS_LOG {"event":"send_rate","rate":304000,"ts":1760556928.0102496}
2025/10/15 19:35:29 POLARIS_LOG {"event":"send_rate","rate":296000,"ts":1760556929.0029225}
2025/10/15 19:35:30 POLARIS_LOG {"event":"send_rate","rate":304000,"ts":1760556930.00292}
2025/10/15 19:35:31 POLARIS_LOG {"event":"send_rate","rate":296000,"ts":1760556931.0027225}
2025/10/15 19:35:32 POLARIS_LOG {"event":"send_rate","rate":304000,"ts":1760556932.0029867}
2025/10/15 19:35:33 POLARIS_LOG {"event":"send_rate","rate":176000,"ts":1760556933.003264}
Received SCMP echo reply with unexpected seq 7, expected 9 or 8
Received SCMP echo reply with unexpected seq 7, expected 9 or 8
Received SCMP echo reply with unexpected seq 7, expected 9 or 8
2025/10/15 19:35:34 POLARIS_LOG {"event":"send_rate","rate":168000,"ts":1760556934.004323}
2025/10/15 19:35:34 POLARIS_LOG {"candidates":17,"candidates_unfiltered":17,"current_rate":168000,"estimated_share":2000000,"event":"path_switch","max_estimated_share":2000000,"new":"5 5 2 4","old":"2 2 5 2","trigger":"scheduled","ts":1760556934.0051677}
Received SCMP echo reply with unexpected seq 8, expected 10 or 9
Received SCMP echo reply with unexpected seq 8, expected 10 or 9
Received SCMP echo reply with unexpected seq 8, expected 10 or 9
2025/10/15 19:35:35 POLARIS_LOG {"event":"send_rate","rate":552000,"ts":1760556935.0031292}
Received SCMP echo reply with unexpected seq 9, expected 11 or 10
Received SCMP echo reply with unexpected seq 9, expected 11 or 10
Received SCMP echo reply with unexpected seq 9, expected 11 or 10
2025/10/15 19:35:36 POLARIS_LOG {"event":"send_rate","rate":304000,"ts":1760556936.003683}
Received SCMP echo reply with unexpected seq 10, expected 12 or 11
Received SCMP echo reply with unexpected seq 10, expected 12 or 11
Received SCMP echo reply with unexpected seq 10, expected 12 or 11
2025/10/15 19:35:37 POLARIS_LOG {"event":"send_rate","rate":296000,"ts":1760556937.0034444}
Received SCMP echo reply with unexpected seq 11, expected 13 or 12
Received SCMP echo reply with unexpected seq 11, expected 13 or 12
Received SCMP echo reply with unexpected seq 11, expected 13 or 12
2025/10/15 19:35:38 POLARIS_LOG {"event":"send_rate","rate":304000,"ts":1760556938.0029614}
Received SCMP echo reply with unexpected seq 12, expected 14 or 13
Received SCMP echo reply with unexpected seq 12, expected 14 or 13
Received SCMP echo reply with unexpected seq 12, expected 14 or 13
2025/10/15 19:35:39 POLARIS_LOG {"event":"send_rate","rate":304000,"ts":1760556939.0097282}
Received SCMP echo reply with unexpected seq 13, expected 15 or 14
Received SCMP echo reply with unexpected seq 13, expected 15 or 14
Received SCMP echo reply with unexpected seq 13, expected 15 or 14
2025/10/15 19:35:40 POLARIS_LOG {"event":"send_rate","rate":296000,"ts":1760556940.002974}
2025/10/15 19:35:41 POLARIS_LOG {"event":"send_rate","rate":296000,"ts":1760556941.003731}
2025/10/15 19:35:42 POLARIS_LOG {"event":"send_rate","rate":304000,"ts":1760556942.0032985}
2025/10/15 19:35:43 POLARIS_LOG {"event":"send_rate","rate":296000,"ts":1760556943.0040238}
2025/10/15 19:35:44 POLARIS_LOG {"event":"send_rate","rate":304000,"ts":1760556944.0040584}
2025/10/15 19:35:45 POLARIS_LOG {"event":"send_rate","rate":296000,"ts":1760556945.0073917}
2025/10/15 19:35:46 POLARIS_LOG {"event":"send_rate","rate":304000,"ts":1760556946.0032904}
2025/10/15 19:35:47 POLARIS_LOG {"event":"send_rate","rate":296000,"ts":1760556947.003609}
2025/10/15 19:35:48 POLARIS_LOG {"event":"send_rate","rate":304000,"ts":1760556948.003014}
2025/10/15 19:35:49 POLARIS_LOG {"event":"send_rate","rate":296000,"ts":1760556949.0051644}
2025/10/15 19:35:50 POLARIS_LOG {"event":"send_rate","rate":304000,"ts":1760556950.0052972}
2025/10/15 19:35:51 POLARIS_LOG {"event":"send_rate","rate":296000,"ts":1760556951.0025578}
2025/10/15 19:35:52 POLARIS_LOG {"event":"send_rate","rate":304000,"ts":1760556952.0034692}
2025/10/15 19:35:53 POLARIS_LOG {"event":"send_rate","rate":296000,"ts":1760556953.0029788}
2025/10/15 19:35:54 POLARIS_LOG {"event":"send_rate","rate":304000,"ts":1760556954.0034757}
2025/10/15 19:35:55 POLARIS_LOG {"event":"send_rate","rate":296000,"ts":1760556955.0032618}
2025/10/15 19:35:56 POLARIS_LOG {"event":"send_rate","rate":304000,"ts":1760556956.005306}
2025/10/15 19:35:57 POLARIS_LOG {"event":"send_rate","rate":296000,"ts":1760556957.002686}
2025/10/15 19:35:58 POLARIS_LOG {"event":"send_rate","rate":304000,"ts":1760556958.0025227}
2025/10/15 19:35:59 POLARIS_LOG {"event":"send_rate","rate":296000,"ts":1760556959.0067768}
2025/10/15 19:36:00 POLARIS_LOG {"event":"send_rate","rate":304000,"ts":1760556960.0025086}
2025/10/15 19:36:01 POLARIS_LOG {"event":"send_rate","rate":296000,"ts":1760556961.0080206}
2025/10/15 19:36:02 POLARIS_LOG {"event":"send_rate","rate":304000,"ts":1760556962.0050695}
2025/10/15 19:36:03 POLARIS_LOG {"event":"send_rate","rate":296000,"ts":1760556963.004279}
2025/10/15 19:36:04 POLARIS_LOG {"event":"send_rate","rate":304000,"ts":1760556964.0035653}
2025/10/15 19:36:05 POLARIS_LOG {"event":"send_rate","rate":296000,"ts":1760556965.0028522}
2025/10/15 19:36:06 POLARIS_LOG {"event":"send_rate","rate":304000,"ts":1760556966.004085}
2025/10/15 19:36:07 POLARIS_LOG {"event":"send_rate","rate":296000,"ts":1760556967.0033166}
2025/10/15 19:36:08 POLARIS_LOG {"event":"send_rate","rate":304000,"ts":1760556968.0027819}
2025/10/15 19:36:09 POLARIS_LOG {"event":"send_rate","rate":296000,"ts":1760556969.0073466}
2025/10/15 19:36:10 POLARIS_LOG {"event":"send_rate","rate":304000,"ts":1760556970.0031974}
2025/10/15 19:36:11 POLARIS_LOG {"event":"send_rate","rate":296000,"ts":1760556971.0064743}
2025/10/15 19:36:12 POLARIS_LOG {"event":"send_rate","rate":304000,"ts":1760556972.0056164}
2025/10/15 19:36:13 POLARIS_LOG {"event":"send_rate","rate":296000,"ts":1760556973.002641}
2025/10/15 19:36:14 POLARIS_LOG {"event":"send_rate","rate":304000,"ts":1760556974.002504}
2025/10/15 19:36:15 POLARIS_LOG {"event":"send_rate","rate":296000,"ts":1760556975.0041273}
2025/10/15 19:36:16 POLARIS_LOG {"event":"send_rate","rate":304000,"ts":1760556976.0044646}
2025/10/15 19:36:17 POLARIS_LOG {"event":"send_rate","rate":296000,"ts":1760556977.004064}
2025/10/15 19:36:18 POLARIS_LOG {"event":"send_rate","rate":304000,"ts":1760556978.0040817}
2025/10/15 19:36:19 POLARIS_LOG {"event":"send_rate","rate":304000,"ts":1760556979.0209785}
2025/10/15 19:36:20 POLARIS_LOG {"event":"send_rate","rate":296000,"ts":1760556980.0057364}
2025/10/15 19:36:21 POLARIS_LOG {"event":"send_rate","rate":304000,"ts":1760556981.0124679}
2025/10/15 19:36:22 POLARIS_LOG {"event":"send_rate","rate":296000,"ts":1760556982.006276}
2025/10/15 19:36:23 POLARIS_LOG {"event":"send_rate","rate":296000,"ts":1760556983.0151207}
2025/10/15 19:36:24 POLARIS_LOG {"event":"send_rate","rate":304000,"ts":1760556984.0035748}
2025/10/15 19:36:25 POLARIS_LOG {"event":"send_rate","rate":296000,"ts":1760556985.0035715}
2025/10/15 19:36:26 POLARIS_LOG {"event":"send_rate","rate":304000,"ts":1760556986.007245}
2025/10/15 19:36:27 POLARIS_LOG {"event":"send_rate","rate":296000,"ts":1760556987.0034723}
2025/10/15 19:36:28 POLARIS_LOG {"event":"send_rate","rate":304000,"ts":1760556988.0187056}
2025/10/15 19:36:29 POLARIS_LOG {"event":"send_rate","rate":296000,"ts":1760556989.0039191}
2025/10/15 19:36:30 POLARIS_LOG {"event":"send_rate","rate":304000,"ts":1760556990.0030363}
2025/10/15 19:36:31 POLARIS_LOG {"event":"send_rate","rate":296000,"ts":1760556991.0032618}
2025/10/15 19:36:32 POLARIS_LOG {"event":"send_rate","rate":304000,"ts":1760556992.0036974}
2025/10/15 19:36:33 POLARIS_LOG {"event":"send_rate","rate":296000,"ts":1760556993.0054958}
2025/10/15 19:36:34 POLARIS_LOG {"event":"send_rate","rate":304000,"ts":1760556994.0033026}
2025/10/15 19:36:35 POLARIS_LOG {"event":"send_rate","rate":296000,"ts":1760556995.0082026}
2025/10/15 19:36:36 POLARIS_LOG {"event":"send_rate","rate":304000,"ts":1760556996.0051742}
2025/10/15 19:36:37 POLARIS_LOG {"event":"send_rate","rate":296000,"ts":1760556997.004931}
2025/10/15 19:36:38 POLARIS_LOG {"event":"send_rate","rate":304000,"ts":1760556998.0026205}
2025/10/15 19:36:39 POLARIS_LOG {"event":"send_rate","rate":296000,"ts":1760556999.0036564}
2025/10/15 19:36:40 POLARIS_LOG {"event":"send_rate","rate":304000,"ts":1760557000.0044029}
2025/10/15 19:36:41 POLARIS_LOG {"event":"send_rate","rate":296000,"ts":1760557001.0029857}
2025/10/15 19:36:42 POLARIS_LOG {"event":"send_rate","rate":304000,"ts":1760557002.0071006}
2025/10/15 19:36:43 POLARIS_LOG {"event":"send_rate","rate":296000,"ts":1760557003.0024543}
2025/10/15 19:36:44 POLARIS_LOG {"event":"send_rate","rate":304000,"ts":1760557004.0244215}
2025/10/15 19:36:45 POLARIS_LOG {"event":"send_rate","rate":296000,"ts":1760557005.0052865}
2025/10/15 19:36:46 POLARIS_LOG {"event":"send_rate","rate":296000,"ts":1760557006.002744}
2025/10/15 19:36:47 POLARIS_LOG {"event":"send_rate","rate":304000,"ts":1760557007.0122232}
2025/10/15 19:36:48 POLARIS_LOG {"event":"send_rate","rate":304000,"ts":1760557008.0041947}
2025/10/15 19:36:49 POLARIS_LOG {"event":"send_rate","rate":296000,"ts":1760557009.0030017}
2025/10/15 19:36:50 POLARIS_LOG {"event":"send_rate","rate":296000,"ts":1760557010.002829}
2025/10/15 19:36:51 POLARIS_LOG {"event":"send_rate","rate":304000,"ts":1760557011.004367}
2025/10/15 19:36:52 POLARIS_LOG {"event":"send_rate","rate":304000,"ts":1760557012.0024226}
2025/10/15 19:36:53 POLARIS_LOG {"event":"send_rate","rate":296000,"ts":1760557013.0032313}
2025/10/15 19:36:54 POLARIS_LOG {"event":"send_rate","rate":296000,"ts":1760557014.0071297}
2025/10/15 19:36:55 POLARIS_LOG {"event":"send_rate","rate":304000,"ts":1760557015.0145843}
2025/10/15 19:36:56 POLARIS_LOG {"event":"send_rate","rate":304000,"ts":1760557016.0034175}
2025/10/15 19:36:57 POLARIS_LOG {"event":"send_rate","rate":296000,"ts":1760557017.0034776}
2025/10/15 19:36:58 POLARIS_LOG {"event":"send_rate","rate":304000,"ts":1760557018.0038912}
2025/10/15 19:36:59 POLARIS_LOG {"event":"send_rate","rate":296000,"ts":1760557019.0029438}
2025/10/15 19:37:00 POLARIS_LOG {"event":"send_rate","rate":296000,"ts":1760557020.0024633}
2025/10/15 19:37:01 POLARIS_LOG {"event":"send_rate","rate":304000,"ts":1760557021.0035598}
2025/10/15 19:37:02 POLARIS_LOG {"event":"send_rate","rate":296000,"ts":1760557022.0036}
2025/10/15 19:37:03 POLARIS_LOG {"event":"send_rate","rate":304000,"ts":1760557023.0035858}
2025/10/15 19:37:04 POLARIS_LOG {"event":"send_rate","rate":296000,"ts":1760557024.0029275}
2025/10/15 19:37:05 POLARIS_LOG {"event":"send_rate","rate":304000,"ts":1760557025.0035236}
2025/10/15 19:37:06 POLARIS_LOG {"event":"send_rate","rate":296000,"ts":1760557026.002681}
2025/10/15 19:37:07 POLARIS_LOG {"event":"send_rate","rate":304000,"ts":1760557027.006861}
2025/10/15 19:37:08 POLARIS_LOG {"event":"send_rate","rate":296000,"ts":1760557028.0032983}
2025/10/15 19:37:09 POLARIS_LOG {"event":"send_rate","rate":304000,"ts":1760557029.0079737}
2025/10/15 19:37:10 POLARIS_LOG {"event":"send_rate","rate":304000,"ts":1760557030.0044968}
2025/10/15 19:37:11 POLARIS_LOG {"event":"send_rate","rate":296000,"ts":1760557031.0033636}
2025/10/15 19:37:12 POLARIS_LOG {"event":"send_rate","rate":296000,"ts":1760557032.003961}
2025/10/15 19:37:13 POLARIS_LOG {"event":"send_rate","rate":304000,"ts":1760557033.0196922}
2025/10/15 19:37:14 POLARIS_LOG {"event":"send_rate","rate":304000,"ts":1760557034.0078943}
2025/10/15 19:37:15 POLARIS_LOG {"event":"send_rate","rate":296000,"ts":1760557035.0024445}
2025/10/15 19:37:16 POLARIS_LOG {"event":"send_rate","rate":296000,"ts":1760557036.0029}
2025/10/15 19:37:17 POLARIS_LOG {"event":"send_rate","rate":304000,"ts":1760557037.0052927}
2025/10/15 19:37:18 POLARIS_LOG {"event":"send_rate","rate":296000,"ts":1760557038.0034232}
2025/10/15 19:37:19 POLARIS_LOG {"event":"send_rate","rate":304000,"ts":1760557039.002475}
2025/10/15 19:37:20 POLARIS_LOG {"event":"send_rate","rate":304000,"ts":1760557040.0057442}
2025/10/15 19:37:21 POLARIS_LOG {"event":"send_rate","rate":296000,"ts":1760557041.003044}
2025/10/15 19:37:22 POLARIS_LOG {"event":"send_rate","rate":296000,"ts":1760557042.0074232}
2025/10/15 19:37:23 POLARIS_LOG {"event":"send_rate","rate":304000,"ts":1760557043.0030665}
2025/10/15 19:37:24 POLARIS_LOG {"event":"send_rate","rate":296000,"ts":1760557044.002739}
2025/10/15 19:37:25 POLARIS_LOG {"event":"send_rate","rate":304000,"ts":1760557045.0030608}
2025/10/15 19:37:26 POLARIS_LOG {"event":"send_rate","rate":296000,"ts":1760557046.004389}
2025/10/15 19:37:27 POLARIS_LOG {"event":"send_rate","rate":304000,"ts":1760557047.0029438}
2025/10/15 19:37:28 POLARIS_LOG {"event":"send_rate","rate":296000,"ts":1760557048.0029035}
2025/10/15 19:37:29 POLARIS_LOG {"event":"send_rate","rate":304000,"ts":1760557049.0037863}
2025/10/15 19:37:30 POLARIS_LOG {"event":"send_rate","rate":296000,"ts":1760557050.0025592}
2025/10/15 19:37:31 POLARIS_LOG {"event":"send_rate","rate":304000,"ts":1760557051.0032752}
2025/10/15 19:37:32 POLARIS_LOG {"event":"send_rate","rate":296000,"ts":1760557052.0025373}
2025/10/15 19:37:33 POLARIS_LOG {"event":"send_rate","rate":304000,"ts":1760557053.003757}
2025/10/15 19:37:34 POLARIS_LOG {"event":"send_rate","rate":296000,"ts":1760557054.0034387}
2025/10/15 19:37:35 POLARIS_LOG {"event":"send_rate","rate":304000,"ts":1760557055.0027082}
2025/10/15 19:37:36 POLARIS_LOG {"event":"send_rate","rate":296000,"ts":1760557056.0119684}
2025/10/15 19:37:37 POLARIS_LOG {"event":"send_rate","rate":304000,"ts":1760557057.0024412}
2025/10/15 19:37:38 POLARIS_LOG {"event":"send_rate","rate":296000,"ts":1760557058.003354}
2025/10/15 19:37:39 POLARIS_LOG {"event":"send_rate","rate":304000,"ts":1760557059.0069158}
2025/10/15 19:37:40 POLARIS_LOG {"event":"send_rate","rate":296000,"ts":1760557060.0033154}
2025/10/15 19:37:41 POLARIS_LOG {"event":"send_rate","rate":304000,"ts":1760557061.0043514}
2025/10/15 19:37:42 POLARIS_LOG {"event":"send_rate","rate":296000,"ts":1760557062.002444}
2025/10/15 19:37:43 POLARIS_LOG {"event":"send_rate","rate":304000,"ts":1760557063.002621}
2025/10/15 19:37:44 POLARIS_LOG {"event":"send_rate","rate":296000,"ts":1760557064.002593}
2025/10/15 19:37:45 POLARIS_LOG {"event":"send_rate","rate":304000,"ts":1760557065.0037813}
2025/10/15 19:37:46 POLARIS_LOG {"event":"send_rate","rate":296000,"ts":1760557066.002717}
2025/10/15 19:37:47 POLARIS_LOG {"event":"send_rate","rate":304000,"ts":1760557067.0029511}
2025/10/15 19:37:48 POLARIS_LOG {"event":"send_rate","rate":296000,"ts":1760557068.003414}
2025/10/15 19:37:49 POLARIS_LOG {"event":"send_rate","rate":312000,"ts":1760557069.0446963}
2025/10/15 19:37:50 POLARIS_LOG {"event":"send_rate","rate":288000,"ts":1760557070.003832}
2025/10/15 19:37:51 POLARIS_LOG {"event":"send_rate","rate":304000,"ts":1760557071.0070155}
2025/10/15 19:37:52 POLARIS_LOG {"event":"send_rate","rate":304000,"ts":1760557072.012056}
2025/10/15 19:37:53 POLARIS_LOG {"event":"send_rate","rate":296000,"ts":1760557073.0052426}
2025/10/15 19:37:54 POLARIS_LOG {"event":"send_rate","rate":296000,"ts":1760557074.0038214}
2025/10/15 19:37:55 POLARIS_LOG {"event":"send_rate","rate":304000,"ts":1760557075.0076}
2025/10/15 19:37:56 POLARIS_LOG {"event":"send_rate","rate":296000,"ts":1760557076.0046322}
2025/10/15 19:37:57 POLARIS_LOG {"event":"send_rate","rate":304000,"ts":1760557077.0040708}
2025/10/15 19:37:58 POLARIS_LOG {"event":"send_rate","rate":296000,"ts":1760557078.0052578}
2025/10/15 19:37:59 POLARIS_LOG {"event":"send_rate","rate":304000,"ts":1760557079.0049665}
2025/10/15 19:38:00 POLARIS_LOG {"event":"send_rate","rate":296000,"ts":1760557080.0047326}
2025/10/15 19:38:01 POLARIS_LOG {"event":"send_rate","rate":304000,"ts":1760557081.0083177}
2025/10/15 19:38:02 POLARIS_LOG {"event":"send_rate","rate":296000,"ts":1760557082.008355}
2025/10/15 19:38:03 POLARIS_LOG {"event":"send_rate","rate":304000,"ts":1760557083.00603}
2025/10/15 19:38:04 POLARIS_LOG {"event":"send_rate","rate":296000,"ts":1760557084.0029068}
2025/10/15 19:38:05 POLARIS_LOG {"event":"send_rate","rate":304000,"ts":1760557085.002896}
2025/10/15 19:38:06 POLARIS_LOG {"event":"send_rate","rate":296000,"ts":1760557086.0029936}
2025/10/15 19:38:07 POLARIS_LOG {"event":"send_rate","rate":304000,"ts":1760557087.0026205}
2025/10/15 19:38:08 POLARIS_LOG {"event":"send_rate","rate":296000,"ts":1760557088.0024986}
2025/10/15 19:38:09 POLARIS_LOG {"event":"send_rate","rate":304000,"ts":1760557089.004233}
2025/10/15 19:38:10 POLARIS_LOG {"event":"send_rate","rate":304000,"ts":1760557090.0200965}
2025/10/15 19:38:11 POLARIS_LOG {"event":"send_rate","rate":296000,"ts":1760557091.003355}
2025/10/15 19:38:12 POLARIS_LOG {"event":"send_rate","rate":296000,"ts":1760557092.0027618}
2025/10/15 19:38:13 POLARIS_LOG {"event":"send_rate","rate":304000,"ts":1760557093.0024767}
2025/10/15 19:38:14 POLARIS_LOG {"event":"send_rate","rate":296000,"ts":1760557094.0027733}
2025/10/15 19:38:15 POLARIS_LOG {"event":"send_rate","rate":304000,"ts":1760557095.0037484}
2025/10/15 19:38:16 POLARIS_LOG {"event":"send_rate","rate":296000,"ts":1760557096.0035021}
2025/10/15 19:38:17 POLARIS_LOG {"event":"send_rate","rate":304000,"ts":1760557097.006311}
2025/10/15 19:38:18 POLARIS_LOG {"event":"send_rate","rate":296000,"ts":1760557098.0041046}
2025/10/15 19:38:19 POLARIS_LOG {"event":"send_rate","rate":304000,"ts":1760557099.0033693}
2025/10/15 19:38:20 POLARIS_LOG {"event":"send_rate","rate":296000,"ts":1760557100.0051963}
2025/10/15 19:38:21 POLARIS_LOG {"event":"send_rate","rate":304000,"ts":1760557101.005192}
2025/10/15 19:38:22 POLARIS_LOG {"event":"send_rate","rate":296000,"ts":1760557102.0026898}
2025/10/15 19:38:23 POLARIS_LOG {"event":"send_rate","rate":304000,"ts":1760557103.0037048}
2025/10/15 19:38:24 POLARIS_LOG {"event":"send_rate","rate":296000,"ts":1760557104.0032609}
2025/10/15 19:38:25 POLARIS_LOG {"event":"send_rate","rate":304000,"ts":1760557105.0115774}
2025/10/15 19:38:26 POLARIS_LOG {"event":"send_rate","rate":296000,"ts":1760557106.002905}
2025/10/15 19:38:27 POLARIS_LOG {"event":"send_rate","rate":304000,"ts":1760557107.0027516}
2025/10/15 19:38:28 POLARIS_LOG {"event":"send_rate","rate":296000,"ts":1760557108.0043008}
2025/10/15 19:38:29 POLARIS_LOG {"event":"send_rate","rate":304000,"ts":1760557109.007383}
2025/10/15 19:38:30 POLARIS_LOG {"event":"send_rate","rate":296000,"ts":1760557110.003458}
2025/10/15 19:38:31 POLARIS_LOG {"event":"send_rate","rate":304000,"ts":1760557111.0038333}
2025/10/15 19:38:32 POLARIS_LOG {"event":"send_rate","rate":296000,"ts":1760557112.0067832}
2025/10/15 19:38:33 POLARIS_LOG {"event":"send_rate","rate":304000,"ts":1760557113.002478}
2025/10/15 19:38:34 POLARIS_LOG {"event":"send_rate","rate":296000,"ts":1760557114.002971}
2025/10/15 19:38:35 POLARIS_LOG {"event":"send_rate","rate":304000,"ts":1760557115.0060143}
2025/10/15 19:38:36 POLARIS_LOG {"event":"send_rate","rate":296000,"ts":1760557116.002724}
2025/10/15 19:38:37 POLARIS_LOG {"event":"send_rate","rate":304000,"ts":1760557117.0032034}
2025/10/15 19:38:38 POLARIS_LOG {"event":"send_rate","rate":296000,"ts":1760557118.0029593}
2025/10/15 19:38:39 POLARIS_LOG {"event":"send_rate","rate":304000,"ts":1760557119.0036345}
2025/10/15 19:38:40 POLARIS_LOG {"event":"send_rate","rate":296000,"ts":1760557120.0026693}
2025/10/15 19:38:41 POLARIS_LOG {"event":"send_rate","rate":304000,"ts":1760557121.0024166}
2025/10/15 19:38:42 POLARIS_LOG {"event":"send_rate","rate":296000,"ts":1760557122.0027456}
2025/10/15 19:38:43 POLARIS_LOG {"event":"send_rate","rate":304000,"ts":1760557123.0036418}
2025/10/15 19:38:44 POLARIS_LOG {"event":"send_rate","rate":296000,"ts":1760557124.003308}
2025/10/15 19:38:45 POLARIS_LOG {"event":"send_rate","rate":304000,"ts":1760557125.0025468}
2025/10/15 19:38:46 POLARIS_LOG {"event":"send_rate","rate":296000,"ts":1760557126.0030236}
2025/10/15 19:38:47 POLARIS_LOG {"event":"send_rate","rate":304000,"ts":1760557127.0203755}
2025/10/15 19:38:48 POLARIS_LOG {"event":"send_rate","rate":296000,"ts":1760557128.0045283}
2025/10/15 19:38:49 POLARIS_LOG {"event":"send_rate","rate":304000,"ts":1760557129.0024679}
2025/10/15 19:38:50 POLARIS_LOG {"event":"send_rate","rate":296000,"ts":1760557130.0048246}
2025/10/15 19:38:51 POLARIS_LOG {"event":"send_rate","rate":304000,"ts":1760557131.0032434}
2025/10/15 19:38:52 POLARIS_LOG {"event":"send_rate","rate":296000,"ts":1760557132.0032651}
2025/10/15 19:38:53 POLARIS_LOG {"event":"send_rate","rate":296000,"ts":1760557133.0036647}
2025/10/15 19:38:54 POLARIS_LOG {"event":"send_rate","rate":304000,"ts":1760557134.00361}
2025/10/15 19:38:55 POLARIS_LOG {"event":"send_rate","rate":304000,"ts":1760557135.008651}
2025/10/15 19:38:56 POLARIS_LOG {"event":"send_rate","rate":296000,"ts":1760557136.0056446}
2025/10/15 19:38:57 POLARIS_LOG {"event":"send_rate","rate":296000,"ts":1760557137.0032778}
2025/10/15 19:38:58 POLARIS_LOG {"event":"send_rate","rate":304000,"ts":1760557138.0052989}
2025/10/15 19:38:59 POLARIS_LOG {"event":"send_rate","rate":304000,"ts":1760557139.0038502}
2025/10/15 19:39:00 POLARIS_LOG {"event":"send_rate","rate":296000,"ts":1760557140.0024657}
2025/10/15 19:39:01 POLARIS_LOG {"event":"send_rate","rate":296000,"ts":1760557141.0030084}
2025/10/15 19:39:02 POLARIS_LOG {"event":"send_rate","rate":304000,"ts":1760557142.003682}
2025/10/15 19:39:03 POLARIS_LOG {"event":"send_rate","rate":304000,"ts":1760557143.0043442}
2025/10/15 19:39:04 POLARIS_LOG {"event":"send_rate","rate":296000,"ts":1760557144.0109768}
2025/10/15 19:39:05 POLARIS_LOG {"event":"send_rate","rate":296000,"ts":1760557145.0041242}
2025/10/15 19:39:06 POLARIS_LOG {"event":"send_rate","rate":304000,"ts":1760557146.0031605}
2025/10/15 19:39:07 POLARIS_LOG {"event":"send_rate","rate":304000,"ts":1760557147.0031612}
2025/10/15 19:39:08 POLARIS_LOG {"event":"send_rate","rate":296000,"ts":1760557148.0029688}
2025/10/15 19:39:09 POLARIS_LOG {"event":"send_rate","rate":304000,"ts":1760557149.0036414}
2025/10/15 19:39:10 POLARIS_LOG {"event":"send_rate","rate":296000,"ts":1760557150.0039084}
2025/10/15 19:39:11 POLARIS_LOG {"event":"send_rate","rate":296000,"ts":1760557151.0028903}
2025/10/15 19:39:12 POLARIS_LOG {"event":"send_rate","rate":304000,"ts":1760557152.0042934}
2025/10/15 19:39:13 POLARIS_LOG {"event":"send_rate","rate":296000,"ts":1760557153.0027323}
2025/10/15 19:39:14 POLARIS_LOG {"event":"send_rate","rate":304000,"ts":1760557154.0034287}
2025/10/15 19:39:15 POLARIS_LOG {"event":"send_rate","rate":304000,"ts":1760557155.005132}
2025/10/15 19:39:16 POLARIS_LOG {"event":"send_rate","rate":296000,"ts":1760557156.0082736}
2025/10/15 19:39:17 POLARIS_LOG {"event":"send_rate","rate":304000,"ts":1760557157.004885}
2025/10/15 19:39:18 POLARIS_LOG {"event":"send_rate","rate":296000,"ts":1760557158.027666}
2025/10/15 19:39:19 POLARIS_LOG {"event":"send_rate","rate":296000,"ts":1760557159.0032532}
2025/10/15 19:39:20 POLARIS_LOG {"event":"send_rate","rate":304000,"ts":1760557160.0037065}
2025/10/15 19:39:21 POLARIS_LOG {"event":"send_rate","rate":296000,"ts":1760557161.0093105}
2025/10/15 19:39:22 POLARIS_LOG {"event":"send_rate","rate":304000,"ts":1760557162.003294}
2025/10/15 19:39:23 POLARIS_LOG {"event":"send_rate","rate":296000,"ts":1760557163.0042064}
2025/10/15 19:39:24 POLARIS_LOG {"event":"send_rate","rate":304000,"ts":1760557164.0034854}
2025/10/15 19:39:25 POLARIS_LOG {"event":"send_rate","rate":296000,"ts":1760557165.0027575}
2025/10/15 19:39:26 POLARIS_LOG {"event":"send_rate","rate":304000,"ts":1760557166.0039787}
2025/10/15 19:39:27 POLARIS_LOG {"event":"send_rate","rate":296000,"ts":1760557167.0039077}
2025/10/15 19:39:28 POLARIS_LOG {"event":"send_rate","rate":304000,"ts":1760557168.003872}
2025/10/15 19:39:29 POLARIS_LOG {"event":"send_rate","rate":296000,"ts":1760557169.003518}
2025/10/15 19:39:30 POLARIS_LOG {"event":"send_rate","rate":304000,"ts":1760557170.0076175}
2025/10/15 19:39:31 POLARIS_LOG {"event":"send_rate","rate":296000,"ts":1760557171.0097423}
2025/10/15 19:39:32 POLARIS_LOG {"event":"send_rate","rate":304000,"ts":1760557172.006237}
2025/10/15 19:39:33 POLARIS_LOG {"event":"send_rate","rate":296000,"ts":1760557173.0035653}
2025/10/15 19:39:34 POLARIS_LOG {"event":"send_rate","rate":304000,"ts":1760557174.0081184}
2025/10/15 19:39:35 POLARIS_LOG {"event":"send_rate","rate":312000,"ts":1760557175.0382178}
2025/10/15 19:39:36 POLARIS_LOG {"event":"send_rate","rate":288000,"ts":1760557176.0092537}
2025/10/15 19:39:37 POLARIS_LOG {"event":"send_rate","rate":296000,"ts":1760557177.0033648}
2025/10/15 19:39:38 POLARIS_LOG {"event":"send_rate","rate":304000,"ts":1760557178.0034652}
2025/10/15 19:39:39 POLARIS_LOG {"event":"send_rate","rate":296000,"ts":1760557179.002912}
2025/10/15 19:39:40 POLARIS_LOG {"event":"send_rate","rate":304000,"ts":1760557180.0038435}
2025/10/15 19:39:41 POLARIS_LOG {"event":"send_rate","rate":296000,"ts":1760557181.0040107}
2025/10/15 19:39:42 POLARIS_LOG {"event":"send_rate","rate":304000,"ts":1760557182.004712}
We need to sleep for 1 seconds before we can get the results
2025/10/15 19:39:43 POLARIS_LOG {"event":"send_rate","rate":8000,"ts":1760557183.0041404}
Drain Loop received packet
Drain Loop received non-nil payload
Client sent 9675 packets, server reported 9662 packets received
The network loss rate from client to server is 0.1%

S->C results
Attempted bandwidth: 0 bps / 0.00 Mbps
Achieved bandwidth: 0 bps / 0.00 Mbps
Loss rate: 0.0%
Interarrival time min/avg/max/mdev = -0.000/0.000/0.000/0.000 ms

C->S results
Attempted bandwidth: 300000 bps / 0.30 Mbps
Achieved bandwidth: 299596 bps / 0.30 Mbps
Loss rate: 0.1%
Interarrival time min/avg/max/mdev = 0.002/26.715/409.898/19.575 ms
