
Test parameters:
client->server: 264 seconds, 1000 bytes, 9900 packets
server->client: 264 seconds, 1000 bytes, 0 packets
2025/10/15 19:35:18 POLARIS_LOG {"current_rate":0,"event":"path_switch","new":"2 2 5 2","trigger":"initialization","ts":1760556918.0675824}
Polaris prober initialized with 38 paths
Polaris prober initialized with local 1-111,10.111.0.71:32746 and remote 1-113,10.113.0.71
2025/10/15 19:35:19 POLARIS_LOG {"event":"send_rate","rate":304000,"ts":1760556919.0682867}
2025/10/15 19:35:20 POLARIS_LOG {"event":"send_rate","rate":296000,"ts":1760556920.068978}
2025/10/15 19:35:21 POLARIS_LOG {"event":"send_rate","rate":304000,"ts":1760556921.0702264}
2025/10/15 19:35:22 POLARIS_LOG {"event":"send_rate","rate":296000,"ts":1760556922.072279}
2025/10/15 19:35:23 POLARIS_LOG {"event":"send_rate","rate":304000,"ts":1760556923.0685399}
2025/10/15 19:35:24 POLARIS_LOG {"event":"send_rate","rate":296000,"ts":1760556924.0696006}
2025/10/15 19:35:25 POLARIS_LOG {"event":"send_rate","rate":304000,"ts":1760556925.0753863}
2025/10/15 19:35:26 POLARIS_LOG {"event":"send_rate","rate":296000,"ts":1760556926.070357}
2025/10/15 19:35:27 POLARIS_LOG {"event":"send_rate","rate":304000,"ts":1760556927.0688386}
2025/10/15 19:35:28 POLARIS_LOG {"event":"send_rate","rate":296000,"ts":1760556928.0719528}
2025/10/15 19:35:29 POLARIS_LOG {"event":"send_rate","rate":304000,"ts":1760556929.0692914}
2025/10/15 19:35:30 POLARIS_LOG {"event":"send_rate","rate":296000,"ts":1760556930.068853}
2025/10/15 19:35:31 POLARIS_LOG {"event":"send_rate","rate":304000,"ts":1760556931.0730007}
2025/10/15 19:35:32 POLARIS_LOG {"event":"send_rate","rate":272000,"ts":1760556932.0685303}
2025/10/15 19:35:33 POLARIS_LOG {"event":"send_rate","rate":120000,"ts":1760556933.077665}
Received SCMP echo reply with unexpected seq 13, expected 15 or 14
Received SCMP echo reply with unexpected seq 13, expected 15 or 14
Received SCMP echo reply with unexpected seq 13, expected 15 or 14
2025/10/15 19:35:34 POLARIS_LOG {"event":"send_rate","rate":152000,"ts":1760556934.0731633}
Received SCMP echo reply with unexpected seq 14, expected 16 or 15
Received SCMP echo reply with unexpected seq 14, expected 16 or 15
Received SCMP echo reply with unexpected seq 14, expected 16 or 15
2025/10/15 19:35:35 POLARIS_LOG {"event":"send_rate","rate":112000,"ts":1760556935.0688682}
Received SCMP echo reply with unexpected seq 15, expected 17 or 16
Received SCMP echo reply with unexpected seq 15, expected 17 or 16
Received SCMP echo reply with unexpected seq 15, expected 17 or 16
2025/10/15 19:35:36 POLARIS_LOG {"event":"send_rate","rate":104000,"ts":1760556936.0688965}
Received SCMP echo reply with unexpected seq 16, expected 18 or 17
Received SCMP echo reply with unexpected seq 16, expected 18 or 17
Received SCMP echo reply with unexpected seq 16, expected 18 or 17
2025/10/15 19:35:37 POLARIS_LOG {"event":"send_rate","rate":184000,"ts":1760556937.0689793}
Received SCMP echo reply with unexpected seq 17, expected 19 or 18
Received SCMP echo reply with unexpected seq 17, expected 19 or 18
Received SCMP echo reply with unexpected seq 17, expected 19 or 18
2025/10/15 19:35:38 POLARIS_LOG {"event":"send_rate","rate":136000,"ts":1760556938.068955}
2025/10/15 19:35:38 POLARIS_LOG {"candidates":17,"candidates_unfiltered":17,"current_rate":136000,"estimated_share":1000000,"event":"path_switch","max_estimated_share":1000000,"new":"5 5 3 5","old":"2 2 5 2","trigger":"scheduled","ts":1760556938.0690498}
Received SCMP echo reply with unexpected seq 18, expected 20 or 19
Received SCMP echo reply with unexpected seq 18, expected 20 or 19
Received SCMP echo reply with unexpected seq 18, expected 20 or 19
2025/10/15 19:35:39 POLARIS_LOG {"event":"send_rate","rate":1320000,"ts":1760556939.0742064}
Received SCMP echo reply with unexpected seq 19, expected 21 or 20
Received SCMP echo reply with unexpected seq 19, expected 21 or 20
Received SCMP echo reply with unexpected seq 19, expected 21 or 20
2025/10/15 19:35:40 POLARIS_LOG {"event":"send_rate","rate":296000,"ts":1760556940.0689838}
2025/10/15 19:35:41 POLARIS_LOG {"event":"send_rate","rate":304000,"ts":1760556941.0714495}
2025/10/15 19:35:42 POLARIS_LOG {"event":"send_rate","rate":296000,"ts":1760556942.069804}
2025/10/15 19:35:43 POLARIS_LOG {"event":"send_rate","rate":304000,"ts":1760556943.0688972}
2025/10/15 19:35:44 POLARIS_LOG {"event":"send_rate","rate":296000,"ts":1760556944.0682342}
2025/10/15 19:35:45 POLARIS_LOG {"event":"send_rate","rate":296000,"ts":1760556945.0814526}
2025/10/15 19:35:46 POLARIS_LOG {"event":"send_rate","rate":304000,"ts":1760556946.069519}
2025/10/15 19:35:47 POLARIS_LOG {"event":"send_rate","rate":304000,"ts":1760556947.0693295}
2025/10/15 19:35:48 POLARIS_LOG {"event":"send_rate","rate":296000,"ts":1760556948.0713046}
2025/10/15 19:35:49 POLARIS_LOG {"event":"send_rate","rate":304000,"ts":1760556949.0705433}
2025/10/15 19:35:50 POLARIS_LOG {"event":"send_rate","rate":296000,"ts":1760556950.0695286}
2025/10/15 19:35:51 POLARIS_LOG {"event":"send_rate","rate":304000,"ts":1760556951.0731359}
2025/10/15 19:35:52 POLARIS_LOG {"event":"send_rate","rate":296000,"ts":1760556952.0684366}
2025/10/15 19:35:53 POLARIS_LOG {"event":"send_rate","rate":304000,"ts":1760556953.0692825}
2025/10/15 19:35:54 POLARIS_LOG {"event":"send_rate","rate":296000,"ts":1760556954.077877}
2025/10/15 19:35:55 POLARIS_LOG {"event":"send_rate","rate":304000,"ts":1760556955.0747778}
2025/10/15 19:35:56 POLARIS_LOG {"event":"send_rate","rate":296000,"ts":1760556956.070001}
2025/10/15 19:35:57 POLARIS_LOG {"event":"send_rate","rate":304000,"ts":1760556957.0696895}
2025/10/15 19:35:58 POLARIS_LOG {"event":"send_rate","rate":296000,"ts":1760556958.0685382}
2025/10/15 19:35:59 POLARIS_LOG {"event":"send_rate","rate":304000,"ts":1760556959.0743437}
2025/10/15 19:36:00 POLARIS_LOG {"event":"send_rate","rate":296000,"ts":1760556960.070181}
2025/10/15 19:36:01 POLARIS_LOG {"event":"send_rate","rate":304000,"ts":1760556961.0685143}
2025/10/15 19:36:02 POLARIS_LOG {"event":"send_rate","rate":296000,"ts":1760556962.0695891}
2025/10/15 19:36:03 POLARIS_LOG {"event":"send_rate","rate":304000,"ts":1760556963.0736952}
2025/10/15 19:36:04 POLARIS_LOG {"event":"send_rate","rate":296000,"ts":1760556964.068319}
2025/10/15 19:36:05 POLARIS_LOG {"event":"send_rate","rate":304000,"ts":1760556965.0689075}
2025/10/15 19:36:06 POLARIS_LOG {"event":"send_rate","rate":296000,"ts":1760556966.0703223}
2025/10/15 19:36:07 POLARIS_LOG {"event":"send_rate","rate":304000,"ts":1760556967.0691218}
2025/10/15 19:36:08 POLARIS_LOG {"event":"send_rate","rate":296000,"ts":1760556968.069425}
2025/10/15 19:36:09 POLARIS_LOG {"event":"send_rate","rate":304000,"ts":1760556969.0719244}
2025/10/15 19:36:10 POLARIS_LOG {"event":"send_rate","rate":296000,"ts":1760556970.0684147}
2025/10/15 19:36:11 POLARIS_LOG {"event":"send_rate","rate":304000,"ts":1760556971.0683115}
2025/10/15 19:36:12 POLARIS_LOG {"event":"send_rate","rate":296000,"ts":1760556972.0786448}
2025/10/15 19:36:13 POLARIS_LOG {"event":"send_rate","rate":304000,"ts":1760556973.0688517}
2025/10/15 19:36:14 POLARIS_LOG {"event":"send_rate","rate":296000,"ts":1760556974.069389}
2025/10/15 19:36:15 POLARIS_LOG {"event":"send_rate","rate":304000,"ts":1760556975.068223}
2025/10/15 19:36:16 POLARIS_LOG {"event":"send_rate","rate":296000,"ts":1760556976.0686216}
2025/10/15 19:36:17 POLARIS_LOG {"event":"send_rate","rate":304000,"ts":1760556977.0693927}
2025/10/15 19:36:18 POLARIS_LOG {"event":"send_rate","rate":296000,"ts":1760556978.0714064}
2025/10/15 19:36:19 POLARIS_LOG {"event":"send_rate","rate":304000,"ts":1760556979.0690858}
2025/10/15 19:36:20 POLARIS_LOG {"event":"send_rate","rate":296000,"ts":1760556980.0723803}
2025/10/15 19:36:21 POLARIS_LOG {"event":"send_rate","rate":304000,"ts":1760556981.0770772}
2025/10/15 19:36:22 POLARIS_LOG {"event":"send_rate","rate":296000,"ts":1760556982.0687273}
2025/10/15 19:36:23 POLARIS_LOG {"event":"send_rate","rate":296000,"ts":1760556983.069115}
2025/10/15 19:36:24 POLARIS_LOG {"event":"send_rate","rate":312000,"ts":1760556984.0831378}
2025/10/15 19:36:25 POLARIS_LOG {"event":"send_rate","rate":288000,"ts":1760556985.0682516}
2025/10/15 19:36:26 POLARIS_LOG {"event":"send_rate","rate":304000,"ts":1760556986.069937}
2025/10/15 19:36:27 POLARIS_LOG {"event":"send_rate","rate":304000,"ts":1760556987.0855322}
2025/10/15 19:36:28 POLARIS_LOG {"event":"send_rate","rate":296000,"ts":1760556988.070421}
2025/10/15 19:36:29 POLARIS_LOG {"event":"send_rate","rate":304000,"ts":1760556989.0685034}
2025/10/15 19:36:30 POLARIS_LOG {"event":"send_rate","rate":296000,"ts":1760556990.0700521}
2025/10/15 19:36:31 POLARIS_LOG {"event":"send_rate","rate":304000,"ts":1760556991.0708394}
2025/10/15 19:36:32 POLARIS_LOG {"event":"send_rate","rate":296000,"ts":1760556992.0685916}
2025/10/15 19:36:33 POLARIS_LOG {"event":"send_rate","rate":304000,"ts":1760556993.070087}
2025/10/15 19:36:34 POLARIS_LOG {"event":"send_rate","rate":296000,"ts":1760556994.0688972}
2025/10/15 19:36:35 POLARIS_LOG {"event":"send_rate","rate":296000,"ts":1760556995.0693774}
2025/10/15 19:36:36 POLARIS_LOG {"event":"send_rate","rate":304000,"ts":1760556996.0690968}
2025/10/15 19:36:37 POLARIS_LOG {"event":"send_rate","rate":296000,"ts":1760556997.0690334}
2025/10/15 19:36:38 POLARIS_LOG {"event":"send_rate","rate":304000,"ts":1760556998.06924}
2025/10/15 19:36:39 POLARIS_LOG {"event":"send_rate","rate":296000,"ts":1760556999.068672}
2025/10/15 19:36:40 POLARIS_LOG {"event":"send_rate","rate":304000,"ts":1760557000.0774753}
2025/10/15 19:36:41 POLARIS_LOG {"event":"send_rate","rate":296000,"ts":1760557001.0691125}
2025/10/15 19:36:42 POLARIS_LOG {"event":"send_rate","rate":304000,"ts":1760557002.0698156}
2025/10/15 19:36:43 POLARIS_LOG {"event":"send_rate","rate":296000,"ts":1760557003.068853}
2025/10/15 19:36:44 POLARIS_LOG {"event":"send_rate","rate":296000,"ts":1760557004.0716174}
2025/10/15 19:36:45 POLARIS_LOG {"event":"send_rate","rate":304000,"ts":1760557005.069332}
2025/10/15 19:36:46 POLARIS_LOG {"event":"send_rate","rate":304000,"ts":1760557006.069394}
2025/10/15 19:36:47 POLARIS_LOG {"event":"send_rate","rate":304000,"ts":1760557007.0733569}
2025/10/15 19:36:48 POLARIS_LOG {"event":"send_rate","rate":296000,"ts":1760557008.0730631}
2025/10/15 19:36:49 POLARIS_LOG {"event":"send_rate","rate":296000,"ts":1760557009.0689743}
2025/10/15 19:36:50 POLARIS_LOG {"event":"send_rate","rate":304000,"ts":1760557010.0700433}
2025/10/15 19:36:51 POLARIS_LOG {"event":"send_rate","rate":296000,"ts":1760557011.06922}
2025/10/15 19:36:52 POLARIS_LOG {"event":"send_rate","rate":304000,"ts":1760557012.0692856}
2025/10/15 19:36:53 POLARIS_LOG {"event":"send_rate","rate":296000,"ts":1760557013.0687125}
2025/10/15 19:36:54 POLARIS_LOG {"event":"send_rate","rate":304000,"ts":1760557014.0682151}
2025/10/15 19:36:55 POLARIS_LOG {"event":"send_rate","rate":304000,"ts":1760557015.0820959}
2025/10/15 19:36:56 POLARIS_LOG {"event":"send_rate","rate":296000,"ts":1760557016.0699382}
2025/10/15 19:36:57 POLARIS_LOG {"event":"send_rate","rate":296000,"ts":1760557017.0683138}
2025/10/15 19:36:58 POLARIS_LOG {"event":"send_rate","rate":304000,"ts":1760557018.0684383}
2025/10/15 19:36:59 POLARIS_LOG {"event":"send_rate","rate":296000,"ts":1760557019.0694551}
2025/10/15 19:37:00 POLARIS_LOG {"event":"send_rate","rate":304000,"ts":1760557020.0691051}
2025/10/15 19:37:01 POLARIS_LOG {"event":"send_rate","rate":296000,"ts":1760557021.0686638}
2025/10/15 19:37:02 POLARIS_LOG {"event":"send_rate","rate":304000,"ts":1760557022.06824}
2025/10/15 19:37:03 POLARIS_LOG {"event":"send_rate","rate":296000,"ts":1760557023.0700603}
2025/10/15 19:37:04 POLARIS_LOG {"event":"send_rate","rate":304000,"ts":1760557024.069933}
2025/10/15 19:37:05 POLARIS_LOG {"event":"send_rate","rate":304000,"ts":1760557025.076927}
2025/10/15 19:37:06 POLARIS_LOG {"event":"send_rate","rate":296000,"ts":1760557026.076951}
2025/10/15 19:37:07 POLARIS_LOG {"event":"send_rate","rate":296000,"ts":1760557027.0818963}
2025/10/15 19:37:08 POLARIS_LOG {"event":"send_rate","rate":304000,"ts":1760557028.0713003}
2025/10/15 19:37:09 POLARIS_LOG {"event":"send_rate","rate":296000,"ts":1760557029.0685413}
2025/10/15 19:37:10 POLARIS_LOG {"event":"send_rate","rate":304000,"ts":1760557030.0695925}
2025/10/15 19:37:11 POLARIS_LOG {"event":"send_rate","rate":296000,"ts":1760557031.0686462}
2025/10/15 19:37:12 POLARIS_LOG {"event":"send_rate","rate":304000,"ts":1760557032.0687933}
2025/10/15 19:37:13 POLARIS_LOG {"event":"send_rate","rate":296000,"ts":1760557033.0682676}
2025/10/15 19:37:14 POLARIS_LOG {"event":"send_rate","rate":304000,"ts":1760557034.0691607}
2025/10/15 19:37:15 POLARIS_LOG {"event":"send_rate","rate":296000,"ts":1760557035.069617}
2025/10/15 19:37:16 POLARIS_LOG {"event":"send_rate","rate":304000,"ts":1760557036.0683799}
2025/10/15 19:37:17 POLARIS_LOG {"event":"send_rate","rate":304000,"ts":1760557037.074829}
2025/10/15 19:37:18 POLARIS_LOG {"event":"send_rate","rate":296000,"ts":1760557038.0685837}
2025/10/15 19:37:19 POLARIS_LOG {"event":"send_rate","rate":296000,"ts":1760557039.0686448}
2025/10/15 19:37:20 POLARIS_LOG {"event":"send_rate","rate":304000,"ts":1760557040.0693994}
2025/10/15 19:37:21 POLARIS_LOG {"event":"send_rate","rate":296000,"ts":1760557041.0711246}
2025/10/15 19:37:22 POLARIS_LOG {"event":"send_rate","rate":304000,"ts":1760557042.0685456}
2025/10/15 19:37:23 POLARIS_LOG {"event":"send_rate","rate":304000,"ts":1760557043.076082}
2025/10/15 19:37:24 POLARIS_LOG {"event":"send_rate","rate":296000,"ts":1760557044.0700066}
2025/10/15 19:37:25 POLARIS_LOG {"event":"send_rate","rate":296000,"ts":1760557045.0694273}
2025/10/15 19:37:26 POLARIS_LOG {"event":"send_rate","rate":304000,"ts":1760557046.0743098}
2025/10/15 19:37:27 POLARIS_LOG {"event":"send_rate","rate":296000,"ts":1760557047.0690172}
2025/10/15 19:37:28 POLARIS_LOG {"event":"send_rate","rate":304000,"ts":1760557048.0691218}
2025/10/15 19:37:29 POLARIS_LOG {"event":"send_rate","rate":296000,"ts":1760557049.0688815}
2025/10/15 19:37:30 POLARIS_LOG {"event":"send_rate","rate":304000,"ts":1760557050.071279}
2025/10/15 19:37:31 POLARIS_LOG {"event":"send_rate","rate":296000,"ts":1760557051.0687997}
2025/10/15 19:37:32 POLARIS_LOG {"event":"send_rate","rate":304000,"ts":1760557052.069733}
2025/10/15 19:37:33 POLARIS_LOG {"event":"send_rate","rate":296000,"ts":1760557053.0692987}
2025/10/15 19:37:34 POLARIS_LOG {"event":"send_rate","rate":304000,"ts":1760557054.0712433}
2025/10/15 19:37:35 POLARIS_LOG {"event":"send_rate","rate":296000,"ts":1760557055.0746367}
2025/10/15 19:37:36 POLARIS_LOG {"event":"send_rate","rate":304000,"ts":1760557056.0688064}
2025/10/15 19:37:37 POLARIS_LOG {"event":"send_rate","rate":296000,"ts":1760557057.0690093}
2025/10/15 19:37:38 POLARIS_LOG {"event":"send_rate","rate":304000,"ts":1760557058.0688033}
2025/10/15 19:37:39 POLARIS_LOG {"event":"send_rate","rate":296000,"ts":1760557059.0688074}
2025/10/15 19:37:40 POLARIS_LOG {"event":"send_rate","rate":304000,"ts":1760557060.0688195}
2025/10/15 19:37:41 POLARIS_LOG {"event":"send_rate","rate":296000,"ts":1760557061.069422}
2025/10/15 19:37:42 POLARIS_LOG {"event":"send_rate","rate":304000,"ts":1760557062.0683794}
2025/10/15 19:37:43 POLARIS_LOG {"event":"send_rate","rate":296000,"ts":1760557063.075187}
2025/10/15 19:37:44 POLARIS_LOG {"event":"send_rate","rate":304000,"ts":1760557064.0697696}
2025/10/15 19:37:45 POLARIS_LOG {"event":"send_rate","rate":296000,"ts":1760557065.0699892}
2025/10/15 19:37:46 POLARIS_LOG {"event":"send_rate","rate":304000,"ts":1760557066.0692155}
2025/10/15 19:37:47 POLARIS_LOG {"event":"send_rate","rate":296000,"ts":1760557067.0691874}
2025/10/15 19:37:48 POLARIS_LOG {"event":"send_rate","rate":304000,"ts":1760557068.068755}
2025/10/15 19:37:49 POLARIS_LOG {"event":"send_rate","rate":296000,"ts":1760557069.068516}
2025/10/15 19:37:50 POLARIS_LOG {"event":"send_rate","rate":304000,"ts":1760557070.0703943}
2025/10/15 19:37:51 POLARIS_LOG {"event":"send_rate","rate":296000,"ts":1760557071.0730572}
2025/10/15 19:37:52 POLARIS_LOG {"event":"send_rate","rate":304000,"ts":1760557072.0694885}
2025/10/15 19:37:53 POLARIS_LOG {"event":"send_rate","rate":296000,"ts":1760557073.0688734}
2025/10/15 19:37:54 POLARIS_LOG {"event":"send_rate","rate":304000,"ts":1760557074.06839}
2025/10/15 19:37:55 POLARIS_LOG {"event":"send_rate","rate":296000,"ts":1760557075.0689807}
2025/10/15 19:37:56 POLARIS_LOG {"event":"send_rate","rate":304000,"ts":1760557076.0692503}
2025/10/15 19:37:57 POLARIS_LOG {"event":"send_rate","rate":296000,"ts":1760557077.0691495}
2025/10/15 19:37:58 POLARIS_LOG {"event":"send_rate","rate":304000,"ts":1760557078.0708854}
2025/10/15 19:37:59 POLARIS_LOG {"event":"send_rate","rate":304000,"ts":1760557079.0849638}
2025/10/15 19:38:00 POLARIS_LOG {"event":"send_rate","rate":296000,"ts":1760557080.0722144}
2025/10/15 19:38:01 POLARIS_LOG {"event":"send_rate","rate":296000,"ts":1760557081.0699723}
2025/10/15 19:38:02 POLARIS_LOG {"event":"send_rate","rate":304000,"ts":1760557082.0695548}
2025/10/15 19:38:03 POLARIS_LOG {"event":"send_rate","rate":296000,"ts":1760557083.0691938}
2025/10/15 19:38:04 POLARIS_LOG {"event":"send_rate","rate":304000,"ts":1760557084.0687425}
2025/10/15 19:38:05 POLARIS_LOG {"event":"send_rate","rate":296000,"ts":1760557085.0693405}
2025/10/15 19:38:06 POLARIS_LOG {"event":"send_rate","rate":304000,"ts":1760557086.0718849}
2025/10/15 19:38:07 POLARIS_LOG {"event":"send_rate","rate":296000,"ts":1760557087.0743418}
2025/10/15 19:38:08 POLARIS_LOG {"event":"send_rate","rate":304000,"ts":1760557088.069391}
2025/10/15 19:38:09 POLARIS_LOG {"event":"send_rate","rate":296000,"ts":1760557089.0692089}
2025/10/15 19:38:10 POLARIS_LOG {"event":"send_rate","rate":304000,"ts":1760557090.0684395}
2025/10/15 19:38:11 POLARIS_LOG {"event":"send_rate","rate":296000,"ts":1760557091.0699203}
2025/10/15 19:38:12 POLARIS_LOG {"event":"send_rate","rate":304000,"ts":1760557092.0706432}
2025/10/15 19:38:13 POLARIS_LOG {"event":"send_rate","rate":296000,"ts":1760557093.0692523}
2025/10/15 19:38:14 POLARIS_LOG {"event":"send_rate","rate":304000,"ts":1760557094.0766606}
2025/10/15 19:38:15 POLARIS_LOG {"event":"send_rate","rate":296000,"ts":1760557095.0691183}
2025/10/15 19:38:16 POLARIS_LOG {"event":"send_rate","rate":304000,"ts":1760557096.0707164}
2025/10/15 19:38:17 POLARIS_LOG {"event":"send_rate","rate":296000,"ts":1760557097.087628}
2025/10/15 19:38:18 POLARIS_LOG {"event":"send_rate","rate":304000,"ts":1760557098.0696743}
2025/10/15 19:38:19 POLARIS_LOG {"event":"send_rate","rate":296000,"ts":1760557099.0702946}
2025/10/15 19:38:20 POLARIS_LOG {"event":"send_rate","rate":304000,"ts":1760557100.0688477}
2025/10/15 19:38:21 POLARIS_LOG {"event":"send_rate","rate":304000,"ts":1760557101.088828}
2025/10/15 19:38:22 POLARIS_LOG {"event":"send_rate","rate":296000,"ts":1760557102.0690424}
2025/10/15 19:38:23 POLARIS_LOG {"event":"send_rate","rate":296000,"ts":1760557103.0697818}
2025/10/15 19:38:24 POLARIS_LOG {"event":"send_rate","rate":304000,"ts":1760557104.0687623}
2025/10/15 19:38:25 POLARIS_LOG {"event":"send_rate","rate":304000,"ts":1760557105.0809424}
2025/10/15 19:38:26 POLARIS_LOG {"event":"send_rate","rate":296000,"ts":1760557106.0682917}
2025/10/15 19:38:27 POLARIS_LOG {"event":"send_rate","rate":296000,"ts":1760557107.071249}
2025/10/15 19:38:28 POLARIS_LOG {"event":"send_rate","rate":304000,"ts":1760557108.0686493}
2025/10/15 19:38:29 POLARIS_LOG {"event":"send_rate","rate":296000,"ts":1760557109.0685904}
2025/10/15 19:38:30 POLARIS_LOG {"event":"send_rate","rate":304000,"ts":1760557110.068575}
2025/10/15 19:38:31 POLARIS_LOG {"event":"send_rate","rate":296000,"ts":1760557111.072602}
2025/10/15 19:38:32 POLARIS_LOG {"event":"send_rate","rate":304000,"ts":1760557112.0697858}
2025/10/15 19:38:33 POLARIS_LOG {"event":"send_rate","rate":296000,"ts":1760557113.0692587}
2025/10/15 19:38:34 POLARIS_LOG {"event":"send_rate","rate":304000,"ts":1760557114.0684118}
2025/10/15 19:38:35 POLARIS_LOG {"event":"send_rate","rate":296000,"ts":1760557115.0703228}
2025/10/15 19:38:36 POLARIS_LOG {"event":"send_rate","rate":304000,"ts":1760557116.0682197}
2025/10/15 19:38:37 POLARIS_LOG {"event":"send_rate","rate":296000,"ts":1760557117.0697918}
2025/10/15 19:38:38 POLARIS_LOG {"event":"send_rate","rate":304000,"ts":1760557118.0718021}
2025/10/15 19:38:39 POLARIS_LOG {"event":"send_rate","rate":296000,"ts":1760557119.0713162}
2025/10/15 19:38:40 POLARIS_LOG {"event":"send_rate","rate":304000,"ts":1760557120.073014}
2025/10/15 19:38:41 POLARIS_LOG {"event":"send_rate","rate":296000,"ts":1760557121.0715618}
2025/10/15 19:38:42 POLARIS_LOG {"event":"send_rate","rate":304000,"ts":1760557122.0699222}
2025/10/15 19:38:43 POLARIS_LOG {"event":"send_rate","rate":296000,"ts":1760557123.0686743}
2025/10/15 19:38:44 POLARIS_LOG {"event":"send_rate","rate":296000,"ts":1760557124.068707}
2025/10/15 19:38:45 POLARIS_LOG {"event":"send_rate","rate":304000,"ts":1760557125.0692291}
2025/10/15 19:38:46 POLARIS_LOG {"event":"send_rate","rate":296000,"ts":1760557126.068848}
2025/10/15 19:38:47 POLARIS_LOG {"event":"send_rate","rate":312000,"ts":1760557127.0892873}
Skipping switch: current path 5 5 3 5 has lastEstimate 400000 >= maxEstimate 0
2025/10/15 19:38:48 POLARIS_LOG {"event":"send_rate","rate":288000,"ts":1760557128.0688977}
2025/10/15 19:38:49 POLARIS_LOG {"event":"send_rate","rate":304000,"ts":1760557129.0694692}
2025/10/15 19:38:50 POLARIS_LOG {"event":"send_rate","rate":304000,"ts":1760557130.071753}
2025/10/15 19:38:51 POLARIS_LOG {"event":"send_rate","rate":296000,"ts":1760557131.071575}
2025/10/15 19:38:52 POLARIS_LOG {"event":"send_rate","rate":304000,"ts":1760557132.070887}
2025/10/15 19:38:53 POLARIS_LOG {"event":"send_rate","rate":296000,"ts":1760557133.069851}
2025/10/15 19:38:54 POLARIS_LOG {"event":"send_rate","rate":304000,"ts":1760557134.0778832}
2025/10/15 19:38:55 POLARIS_LOG {"event":"send_rate","rate":296000,"ts":1760557135.0685585}
2025/10/15 19:38:56 POLARIS_LOG {"event":"send_rate","rate":304000,"ts":1760557136.0700366}
2025/10/15 19:38:57 POLARIS_LOG {"event":"send_rate","rate":296000,"ts":1760557137.0701585}
2025/10/15 19:38:58 POLARIS_LOG {"event":"send_rate","rate":304000,"ts":1760557138.0733898}
2025/10/15 19:38:59 POLARIS_LOG {"event":"send_rate","rate":296000,"ts":1760557139.0703213}
2025/10/15 19:39:00 POLARIS_LOG {"event":"send_rate","rate":304000,"ts":1760557140.0713923}
2025/10/15 19:39:01 POLARIS_LOG {"event":"send_rate","rate":296000,"ts":1760557141.0683727}
2025/10/15 19:39:02 POLARIS_LOG {"event":"send_rate","rate":304000,"ts":1760557142.0708604}
2025/10/15 19:39:03 POLARIS_LOG {"event":"send_rate","rate":296000,"ts":1760557143.0691428}
2025/10/15 19:39:04 POLARIS_LOG {"event":"send_rate","rate":296000,"ts":1760557144.068944}
2025/10/15 19:39:05 POLARIS_LOG {"event":"send_rate","rate":304000,"ts":1760557145.0696883}
2025/10/15 19:39:06 POLARIS_LOG {"event":"send_rate","rate":296000,"ts":1760557146.0692546}
2025/10/15 19:39:07 POLARIS_LOG {"event":"send_rate","rate":304000,"ts":1760557147.0695927}
2025/10/15 19:39:08 POLARIS_LOG {"event":"send_rate","rate":296000,"ts":1760557148.0683134}
2025/10/15 19:39:09 POLARIS_LOG {"event":"send_rate","rate":304000,"ts":1760557149.0732126}
2025/10/15 19:39:10 POLARIS_LOG {"event":"send_rate","rate":304000,"ts":1760557150.072045}
2025/10/15 19:39:11 POLARIS_LOG {"event":"send_rate","rate":296000,"ts":1760557151.0690603}
2025/10/15 19:39:12 POLARIS_LOG {"event":"send_rate","rate":296000,"ts":1760557152.0688586}
2025/10/15 19:39:13 POLARIS_LOG {"event":"send_rate","rate":304000,"ts":1760557153.0728295}
2025/10/15 19:39:14 POLARIS_LOG {"event":"send_rate","rate":296000,"ts":1760557154.0695038}
2025/10/15 19:39:15 POLARIS_LOG {"event":"send_rate","rate":304000,"ts":1760557155.0690622}
2025/10/15 19:39:16 POLARIS_LOG {"event":"send_rate","rate":296000,"ts":1760557156.0684001}
2025/10/15 19:39:17 POLARIS_LOG {"event":"send_rate","rate":304000,"ts":1760557157.0726993}
2025/10/15 19:39:18 POLARIS_LOG {"event":"send_rate","rate":304000,"ts":1760557158.0875971}
2025/10/15 19:39:19 POLARIS_LOG {"event":"send_rate","rate":296000,"ts":1760557159.071384}
2025/10/15 19:39:20 POLARIS_LOG {"event":"send_rate","rate":296000,"ts":1760557160.06936}
2025/10/15 19:39:21 POLARIS_LOG {"event":"send_rate","rate":304000,"ts":1760557161.070891}
2025/10/15 19:39:22 POLARIS_LOG {"event":"send_rate","rate":296000,"ts":1760557162.0690367}
2025/10/15 19:39:23 POLARIS_LOG {"event":"send_rate","rate":304000,"ts":1760557163.0689948}
2025/10/15 19:39:24 POLARIS_LOG {"event":"send_rate","rate":296000,"ts":1760557164.0708804}
2025/10/15 19:39:25 POLARIS_LOG {"event":"send_rate","rate":304000,"ts":1760557165.0714915}
2025/10/15 19:39:26 POLARIS_LOG {"event":"send_rate","rate":296000,"ts":1760557166.073514}
2025/10/15 19:39:27 POLARIS_LOG {"event":"send_rate","rate":304000,"ts":1760557167.071953}
2025/10/15 19:39:28 POLARIS_LOG {"event":"send_rate","rate":296000,"ts":1760557168.0687308}
2025/10/15 19:39:29 POLARIS_LOG {"event":"send_rate","rate":304000,"ts":1760557169.0730333}
2025/10/15 19:39:30 POLARIS_LOG {"event":"send_rate","rate":296000,"ts":1760557170.0682476}
2025/10/15 19:39:31 POLARIS_LOG {"event":"send_rate","rate":304000,"ts":1760557171.0690916}
2025/10/15 19:39:32 POLARIS_LOG {"event":"send_rate","rate":296000,"ts":1760557172.0696752}
2025/10/15 19:39:33 POLARIS_LOG {"event":"send_rate","rate":304000,"ts":1760557173.078643}
2025/10/15 19:39:34 POLARIS_LOG {"event":"send_rate","rate":296000,"ts":1760557174.0690567}
2025/10/15 19:39:35 POLARIS_LOG {"event":"send_rate","rate":304000,"ts":1760557175.0820677}
2025/10/15 19:39:36 POLARIS_LOG {"event":"send_rate","rate":296000,"ts":1760557176.0703714}
2025/10/15 19:39:37 POLARIS_LOG {"event":"send_rate","rate":304000,"ts":1760557177.07466}
2025/10/15 19:39:38 POLARIS_LOG {"event":"send_rate","rate":296000,"ts":1760557178.0698936}
2025/10/15 19:39:39 POLARIS_LOG {"event":"send_rate","rate":304000,"ts":1760557179.0685465}
2025/10/15 19:39:40 POLARIS_LOG {"event":"send_rate","rate":296000,"ts":1760557180.0728407}
2025/10/15 19:39:41 POLARIS_LOG {"event":"send_rate","rate":304000,"ts":1760557181.068665}
2025/10/15 19:39:42 POLARIS_LOG {"event":"send_rate","rate":296000,"ts":1760557182.073822}
We need to sleep for 1 seconds before we can get the results
2025/10/15 19:39:43 POLARIS_LOG {"event":"send_rate","rate":8000,"ts":1760557183.0697892}
Drain Loop received packet
Drain Loop received non-nil payload
Client sent 9900 packets, server reported 9882 packets received
The network loss rate from client to server is 0.2%

S->C results
Attempted bandwidth: 0 bps / 0.00 Mbps
Achieved bandwidth: 0 bps / 0.00 Mbps
Loss rate: 0.0%
Interarrival time min/avg/max/mdev = -0.000/0.000/0.000/0.000 ms

C->S results
Attempted bandwidth: 300000 bps / 0.30 Mbps
Achieved bandwidth: 299454 bps / 0.30 Mbps
Loss rate: 0.2%
Interarrival time min/avg/max/mdev = 0.002/26.693/465.676/20.952 ms
