
Test parameters:
client->server: 246 seconds, 1000 bytes, 9225 packets
server->client: 246 seconds, 1000 bytes, 0 packets
Polaris prober initialized with 38 paths
2025/10/15 19:35:35 POLARIS_LOG {"current_rate":0,"event":"path_switch","new":"2 2 5 2","trigger":"initialization","ts":1760556935.9739444}
Polaris prober initialized with local 1-111,10.111.0.71:32737 and remote 1-113,10.113.0.71
2025/10/15 19:35:37 POLARIS_LOG {"event":"send_rate","rate":0,"ts":1760556937.9756317}
2025/10/15 19:35:38 POLARIS_LOG {"event":"send_rate","rate":256000,"ts":1760556938.9749808}
Received SCMP echo reply with unexpected seq 1, expected 3 or 2
Received SCMP echo reply with unexpected seq 1, expected 3 or 2
2025/10/15 19:35:39 POLARIS_LOG {"event":"send_rate","rate":296000,"ts":1760556939.9749594}
2025/10/15 19:35:40 POLARIS_LOG {"event":"send_rate","rate":304000,"ts":1760556940.9755645}
2025/10/15 19:35:41 POLARIS_LOG {"event":"send_rate","rate":304000,"ts":1760556941.9756098}
2025/10/15 19:35:42 POLARIS_LOG {"event":"send_rate","rate":296000,"ts":1760556942.9752846}
2025/10/15 19:35:43 POLARIS_LOG {"event":"send_rate","rate":304000,"ts":1760556943.976865}
2025/10/15 19:35:44 POLARIS_LOG {"event":"send_rate","rate":296000,"ts":1760556944.9825552}
2025/10/15 19:35:45 POLARIS_LOG {"event":"send_rate","rate":304000,"ts":1760556945.9751291}
2025/10/15 19:35:46 POLARIS_LOG {"event":"send_rate","rate":296000,"ts":1760556946.9752588}
2025/10/15 19:35:47 POLARIS_LOG {"event":"send_rate","rate":304000,"ts":1760556947.9754734}
2025/10/15 19:35:48 POLARIS_LOG {"event":"send_rate","rate":296000,"ts":1760556948.975372}
2025/10/15 19:35:49 POLARIS_LOG {"event":"send_rate","rate":296000,"ts":1760556949.97684}
2025/10/15 19:35:50 POLARIS_LOG {"event":"send_rate","rate":304000,"ts":1760556950.9950502}
2025/10/15 19:35:51 POLARIS_LOG {"event":"send_rate","rate":304000,"ts":1760556951.9757826}
2025/10/15 19:35:52 POLARIS_LOG {"event":"send_rate","rate":296000,"ts":1760556952.9754198}
2025/10/15 19:35:53 POLARIS_LOG {"event":"send_rate","rate":296000,"ts":1760556953.9748383}
2025/10/15 19:35:54 POLARIS_LOG {"event":"send_rate","rate":304000,"ts":1760556954.9756107}
2025/10/15 19:35:55 POLARIS_LOG {"event":"send_rate","rate":296000,"ts":1760556955.9780834}
2025/10/15 19:35:56 POLARIS_LOG {"event":"send_rate","rate":304000,"ts":1760556956.9805794}
2025/10/15 19:35:57 POLARIS_LOG {"event":"send_rate","rate":296000,"ts":1760556957.9753702}
2025/10/15 19:35:58 POLARIS_LOG {"event":"send_rate","rate":304000,"ts":1760556958.9765134}
2025/10/15 19:35:59 POLARIS_LOG {"event":"send_rate","rate":304000,"ts":1760556959.9866638}
2025/10/15 19:36:00 POLARIS_LOG {"event":"send_rate","rate":296000,"ts":1760556960.9760005}
2025/10/15 19:36:01 POLARIS_LOG {"event":"send_rate","rate":304000,"ts":1760556961.9773302}
2025/10/15 19:36:02 POLARIS_LOG {"event":"send_rate","rate":304000,"ts":1760556962.9961693}
2025/10/15 19:36:03 POLARIS_LOG {"event":"send_rate","rate":288000,"ts":1760556963.975547}
2025/10/15 19:36:04 POLARIS_LOG {"event":"send_rate","rate":304000,"ts":1760556964.975379}
2025/10/15 19:36:05 POLARIS_LOG {"event":"send_rate","rate":296000,"ts":1760556965.975519}
2025/10/15 19:36:06 POLARIS_LOG {"event":"send_rate","rate":304000,"ts":1760556966.9755304}
2025/10/15 19:36:07 POLARIS_LOG {"event":"send_rate","rate":296000,"ts":1760556967.9757874}
2025/10/15 19:36:08 POLARIS_LOG {"event":"send_rate","rate":304000,"ts":1760556968.9751601}
2025/10/15 19:36:09 POLARIS_LOG {"event":"send_rate","rate":304000,"ts":1760556969.9869006}
2025/10/15 19:36:10 POLARIS_LOG {"event":"send_rate","rate":296000,"ts":1760556970.9756365}
2025/10/15 19:36:11 POLARIS_LOG {"event":"send_rate","rate":296000,"ts":1760556971.9760518}
2025/10/15 19:36:12 POLARIS_LOG {"event":"send_rate","rate":304000,"ts":1760556972.97497}
2025/10/15 19:36:13 POLARIS_LOG {"event":"send_rate","rate":296000,"ts":1760556973.9762053}
2025/10/15 19:36:14 POLARIS_LOG {"event":"send_rate","rate":304000,"ts":1760556974.9763415}
2025/10/15 19:36:15 POLARIS_LOG {"event":"send_rate","rate":296000,"ts":1760556975.9761581}
2025/10/15 19:36:16 POLARIS_LOG {"event":"send_rate","rate":304000,"ts":1760556976.975828}
2025/10/15 19:36:17 POLARIS_LOG {"event":"send_rate","rate":296000,"ts":1760556977.975478}
2025/10/15 19:36:18 POLARIS_LOG {"event":"send_rate","rate":304000,"ts":1760556978.976129}
2025/10/15 19:36:19 POLARIS_LOG {"event":"send_rate","rate":296000,"ts":1760556979.9790285}
2025/10/15 19:36:20 POLARIS_LOG {"event":"send_rate","rate":304000,"ts":1760556980.9759848}
2025/10/15 19:36:21 POLARIS_LOG {"event":"send_rate","rate":296000,"ts":1760556981.9762468}
2025/10/15 19:36:22 POLARIS_LOG {"event":"send_rate","rate":304000,"ts":1760556982.9763246}
2025/10/15 19:36:23 POLARIS_LOG {"event":"send_rate","rate":296000,"ts":1760556983.975446}
2025/10/15 19:36:24 POLARIS_LOG {"event":"send_rate","rate":304000,"ts":1760556984.9773977}
2025/10/15 19:36:25 POLARIS_LOG {"event":"send_rate","rate":296000,"ts":1760556985.9788845}
2025/10/15 19:36:26 POLARIS_LOG {"event":"send_rate","rate":304000,"ts":1760556986.9759653}
2025/10/15 19:36:27 POLARIS_LOG {"event":"send_rate","rate":296000,"ts":1760556987.976795}
2025/10/15 19:36:28 POLARIS_LOG {"event":"send_rate","rate":304000,"ts":1760556988.9752457}
2025/10/15 19:36:29 POLARIS_LOG {"event":"send_rate","rate":296000,"ts":1760556989.9750924}
2025/10/15 19:36:30 POLARIS_LOG {"event":"send_rate","rate":304000,"ts":1760556990.9748633}
2025/10/15 19:36:31 POLARIS_LOG {"event":"send_rate","rate":296000,"ts":1760556991.9754045}
2025/10/15 19:36:32 POLARIS_LOG {"event":"send_rate","rate":304000,"ts":1760556992.9753542}
2025/10/15 19:36:33 POLARIS_LOG {"event":"send_rate","rate":296000,"ts":1760556993.97791}
2025/10/15 19:36:34 POLARIS_LOG {"event":"send_rate","rate":304000,"ts":1760556994.9754589}
2025/10/15 19:36:35 POLARIS_LOG {"event":"send_rate","rate":296000,"ts":1760556995.97555}
2025/10/15 19:36:36 POLARIS_LOG {"event":"send_rate","rate":304000,"ts":1760556996.9753635}
2025/10/15 19:36:37 POLARIS_LOG {"event":"send_rate","rate":296000,"ts":1760556997.9746587}
2025/10/15 19:36:38 POLARIS_LOG {"event":"send_rate","rate":304000,"ts":1760556998.9774673}
2025/10/15 19:36:39 POLARIS_LOG {"event":"send_rate","rate":296000,"ts":1760556999.975684}
2025/10/15 19:36:40 POLARIS_LOG {"event":"send_rate","rate":304000,"ts":1760557000.975325}
2025/10/15 19:36:41 POLARIS_LOG {"event":"send_rate","rate":296000,"ts":1760557001.9746876}
2025/10/15 19:36:42 POLARIS_LOG {"event":"send_rate","rate":304000,"ts":1760557002.9753716}
2025/10/15 19:36:43 POLARIS_LOG {"event":"send_rate","rate":296000,"ts":1760557003.9960191}
2025/10/15 19:36:44 POLARIS_LOG {"event":"send_rate","rate":304000,"ts":1760557004.975257}
2025/10/15 19:36:45 POLARIS_LOG {"event":"send_rate","rate":296000,"ts":1760557005.9755611}
2025/10/15 19:36:46 POLARIS_LOG {"event":"send_rate","rate":304000,"ts":1760557006.9793081}
2025/10/15 19:36:47 POLARIS_LOG {"event":"send_rate","rate":296000,"ts":1760557007.975637}
2025/10/15 19:36:48 POLARIS_LOG {"event":"send_rate","rate":304000,"ts":1760557008.9771156}
2025/10/15 19:36:49 POLARIS_LOG {"event":"send_rate","rate":296000,"ts":1760557009.9754627}
2025/10/15 19:36:50 POLARIS_LOG {"event":"send_rate","rate":304000,"ts":1760557010.9755404}
2025/10/15 19:36:51 POLARIS_LOG {"event":"send_rate","rate":296000,"ts":1760557011.975826}
2025/10/15 19:36:52 POLARIS_LOG {"event":"send_rate","rate":304000,"ts":1760557012.9750788}
2025/10/15 19:36:53 POLARIS_LOG {"event":"send_rate","rate":296000,"ts":1760557013.97634}
2025/10/15 19:36:55 POLARIS_LOG {"event":"send_rate","rate":312000,"ts":1760557015.039688}
2025/10/15 19:36:55 POLARIS_LOG {"event":"send_rate","rate":288000,"ts":1760557015.9755428}
2025/10/15 19:36:56 POLARIS_LOG {"event":"send_rate","rate":304000,"ts":1760557016.9746807}
2025/10/15 19:36:57 POLARIS_LOG {"event":"send_rate","rate":296000,"ts":1760557017.9756281}
2025/10/15 19:36:58 POLARIS_LOG {"event":"send_rate","rate":304000,"ts":1760557018.9754636}
2025/10/15 19:36:59 POLARIS_LOG {"event":"send_rate","rate":296000,"ts":1760557019.975336}
2025/10/15 19:37:00 POLARIS_LOG {"event":"send_rate","rate":304000,"ts":1760557020.9749773}
2025/10/15 19:37:01 POLARIS_LOG {"event":"send_rate","rate":296000,"ts":1760557021.9756231}
2025/10/15 19:37:02 POLARIS_LOG {"event":"send_rate","rate":304000,"ts":1760557022.9753227}
2025/10/15 19:37:03 POLARIS_LOG {"event":"send_rate","rate":296000,"ts":1760557023.9753954}
2025/10/15 19:37:04 POLARIS_LOG {"event":"send_rate","rate":304000,"ts":1760557024.9752607}
2025/10/15 19:37:05 POLARIS_LOG {"event":"send_rate","rate":296000,"ts":1760557025.9751194}
2025/10/15 19:37:06 POLARIS_LOG {"event":"send_rate","rate":304000,"ts":1760557026.9763331}
2025/10/15 19:37:07 POLARIS_LOG {"event":"send_rate","rate":296000,"ts":1760557027.9763339}
2025/10/15 19:37:08 POLARIS_LOG {"event":"send_rate","rate":304000,"ts":1760557028.9760022}
2025/10/15 19:37:09 POLARIS_LOG {"event":"send_rate","rate":296000,"ts":1760557029.9750822}
2025/10/15 19:37:10 POLARIS_LOG {"event":"send_rate","rate":304000,"ts":1760557030.9757693}
2025/10/15 19:37:11 POLARIS_LOG {"event":"send_rate","rate":296000,"ts":1760557031.9773629}
2025/10/15 19:37:12 POLARIS_LOG {"event":"send_rate","rate":304000,"ts":1760557032.975258}
2025/10/15 19:37:13 POLARIS_LOG {"event":"send_rate","rate":296000,"ts":1760557033.974757}
2025/10/15 19:37:14 POLARIS_LOG {"event":"send_rate","rate":304000,"ts":1760557034.977525}
2025/10/15 19:37:15 POLARIS_LOG {"event":"send_rate","rate":296000,"ts":1760557035.9767106}
2025/10/15 19:37:16 POLARIS_LOG {"event":"send_rate","rate":304000,"ts":1760557036.9763541}
2025/10/15 19:37:17 POLARIS_LOG {"event":"send_rate","rate":296000,"ts":1760557037.9760253}
2025/10/15 19:37:18 POLARIS_LOG {"event":"send_rate","rate":304000,"ts":1760557038.974951}
2025/10/15 19:37:19 POLARIS_LOG {"event":"send_rate","rate":296000,"ts":1760557039.9755018}
2025/10/15 19:37:20 POLARIS_LOG {"event":"send_rate","rate":304000,"ts":1760557040.9756753}
2025/10/15 19:37:21 POLARIS_LOG {"event":"send_rate","rate":296000,"ts":1760557041.9811993}
2025/10/15 19:37:22 POLARIS_LOG {"event":"send_rate","rate":304000,"ts":1760557042.9754248}
2025/10/15 19:37:23 POLARIS_LOG {"event":"send_rate","rate":296000,"ts":1760557043.9748073}
2025/10/15 19:37:24 POLARIS_LOG {"event":"send_rate","rate":304000,"ts":1760557044.975631}
2025/10/15 19:37:25 POLARIS_LOG {"event":"send_rate","rate":296000,"ts":1760557045.9752853}
2025/10/15 19:37:26 POLARIS_LOG {"event":"send_rate","rate":304000,"ts":1760557046.9763927}
2025/10/15 19:37:27 POLARIS_LOG {"event":"send_rate","rate":296000,"ts":1760557047.976299}
2025/10/15 19:37:28 POLARIS_LOG {"event":"send_rate","rate":304000,"ts":1760557048.975458}
2025/10/15 19:37:29 POLARIS_LOG {"event":"send_rate","rate":296000,"ts":1760557049.9766335}
2025/10/15 19:37:30 POLARIS_LOG {"event":"send_rate","rate":304000,"ts":1760557050.9793553}
2025/10/15 19:37:31 POLARIS_LOG {"event":"send_rate","rate":296000,"ts":1760557051.9750252}
2025/10/15 19:37:32 POLARIS_LOG {"event":"send_rate","rate":304000,"ts":1760557052.9756746}
2025/10/15 19:37:33 POLARIS_LOG {"event":"send_rate","rate":296000,"ts":1760557053.9775157}
2025/10/15 19:37:34 POLARIS_LOG {"event":"send_rate","rate":304000,"ts":1760557054.9756575}
2025/10/15 19:37:35 POLARIS_LOG {"event":"send_rate","rate":296000,"ts":1760557055.9756563}
2025/10/15 19:37:36 POLARIS_LOG {"event":"send_rate","rate":304000,"ts":1760557056.9757369}
2025/10/15 19:37:37 POLARIS_LOG {"event":"send_rate","rate":296000,"ts":1760557057.9767227}
2025/10/15 19:37:38 POLARIS_LOG {"event":"send_rate","rate":296000,"ts":1760557058.9777462}
2025/10/15 19:37:39 POLARIS_LOG {"event":"send_rate","rate":304000,"ts":1760557059.9748654}
2025/10/15 19:37:40 POLARIS_LOG {"event":"send_rate","rate":304000,"ts":1760557060.9772482}
2025/10/15 19:37:41 POLARIS_LOG {"event":"send_rate","rate":296000,"ts":1760557061.9762876}
2025/10/15 19:37:42 POLARIS_LOG {"event":"send_rate","rate":296000,"ts":1760557062.9758284}
2025/10/15 19:37:43 POLARIS_LOG {"event":"send_rate","rate":304000,"ts":1760557063.975567}
2025/10/15 19:37:44 POLARIS_LOG {"event":"send_rate","rate":304000,"ts":1760557064.9755526}
2025/10/15 19:37:45 POLARIS_LOG {"event":"send_rate","rate":296000,"ts":1760557065.9752522}
2025/10/15 19:37:46 POLARIS_LOG {"event":"send_rate","rate":304000,"ts":1760557066.9759705}
2025/10/15 19:37:47 POLARIS_LOG {"event":"send_rate","rate":296000,"ts":1760557067.9781182}
2025/10/15 19:37:48 POLARIS_LOG {"event":"send_rate","rate":304000,"ts":1760557068.9757273}
2025/10/15 19:37:49 POLARIS_LOG {"event":"send_rate","rate":296000,"ts":1760557069.9762816}
2025/10/15 19:37:50 POLARIS_LOG {"event":"send_rate","rate":304000,"ts":1760557070.9772658}
2025/10/15 19:37:51 POLARIS_LOG {"event":"send_rate","rate":296000,"ts":1760557071.9777098}
2025/10/15 19:37:52 POLARIS_LOG {"event":"send_rate","rate":304000,"ts":1760557072.9758554}
2025/10/15 19:37:53 POLARIS_LOG {"event":"send_rate","rate":296000,"ts":1760557073.9752402}
2025/10/15 19:37:54 POLARIS_LOG {"event":"send_rate","rate":296000,"ts":1760557074.975261}
2025/10/15 19:37:55 POLARIS_LOG {"event":"send_rate","rate":304000,"ts":1760557075.9747422}
2025/10/15 19:37:56 POLARIS_LOG {"event":"send_rate","rate":296000,"ts":1760557076.9776182}
2025/10/15 19:37:57 POLARIS_LOG {"event":"send_rate","rate":304000,"ts":1760557077.9806724}
2025/10/15 19:37:58 POLARIS_LOG {"event":"send_rate","rate":304000,"ts":1760557078.9803698}
2025/10/15 19:37:59 POLARIS_LOG {"event":"send_rate","rate":296000,"ts":1760557079.9760816}
2025/10/15 19:38:00 POLARIS_LOG {"event":"send_rate","rate":304000,"ts":1760557080.976353}
2025/10/15 19:38:01 POLARIS_LOG {"event":"send_rate","rate":296000,"ts":1760557081.9793952}
2025/10/15 19:38:02 POLARIS_LOG {"event":"send_rate","rate":304000,"ts":1760557082.9764097}
2025/10/15 19:38:03 POLARIS_LOG {"event":"send_rate","rate":296000,"ts":1760557083.975814}
2025/10/15 19:38:04 POLARIS_LOG {"event":"send_rate","rate":296000,"ts":1760557084.9753108}
2025/10/15 19:38:05 POLARIS_LOG {"event":"send_rate","rate":304000,"ts":1760557085.9767234}
2025/10/15 19:38:06 POLARIS_LOG {"event":"send_rate","rate":296000,"ts":1760557086.9761178}
2025/10/15 19:38:07 POLARIS_LOG {"event":"send_rate","rate":304000,"ts":1760557087.974672}
2025/10/15 19:38:08 POLARIS_LOG {"event":"send_rate","rate":296000,"ts":1760557088.975287}
2025/10/15 19:38:09 POLARIS_LOG {"event":"send_rate","rate":304000,"ts":1760557089.9752524}
2025/10/15 19:38:10 POLARIS_LOG {"event":"send_rate","rate":296000,"ts":1760557090.975772}
2025/10/15 19:38:11 POLARIS_LOG {"event":"send_rate","rate":304000,"ts":1760557091.9776046}
2025/10/15 19:38:12 POLARIS_LOG {"event":"send_rate","rate":296000,"ts":1760557092.9756444}
2025/10/15 19:38:13 POLARIS_LOG {"event":"send_rate","rate":304000,"ts":1760557093.976186}
2025/10/15 19:38:14 POLARIS_LOG {"event":"send_rate","rate":296000,"ts":1760557094.9760706}
2025/10/15 19:38:15 POLARIS_LOG {"event":"send_rate","rate":304000,"ts":1760557095.9750836}
2025/10/15 19:38:16 POLARIS_LOG {"event":"send_rate","rate":296000,"ts":1760557096.975988}
2025/10/15 19:38:17 POLARIS_LOG {"event":"send_rate","rate":304000,"ts":1760557097.975413}
2025/10/15 19:38:18 POLARIS_LOG {"event":"send_rate","rate":296000,"ts":1760557098.9746933}
2025/10/15 19:38:19 POLARIS_LOG {"event":"send_rate","rate":304000,"ts":1760557099.975046}
2025/10/15 19:38:20 POLARIS_LOG {"event":"send_rate","rate":304000,"ts":1760557100.983449}
2025/10/15 19:38:21 POLARIS_LOG {"event":"send_rate","rate":296000,"ts":1760557101.9752643}
2025/10/15 19:38:22 POLARIS_LOG {"event":"send_rate","rate":296000,"ts":1760557102.9746745}
2025/10/15 19:38:23 POLARIS_LOG {"event":"send_rate","rate":304000,"ts":1760557103.9749377}
2025/10/15 19:38:24 POLARIS_LOG {"event":"send_rate","rate":296000,"ts":1760557104.9772162}
2025/10/15 19:38:25 POLARIS_LOG {"event":"send_rate","rate":304000,"ts":1760557105.9752617}
2025/10/15 19:38:26 POLARIS_LOG {"event":"send_rate","rate":296000,"ts":1760557106.9760475}
2025/10/15 19:38:27 POLARIS_LOG {"event":"send_rate","rate":304000,"ts":1760557107.9779778}
2025/10/15 19:38:28 POLARIS_LOG {"event":"send_rate","rate":296000,"ts":1760557108.9755225}
2025/10/15 19:38:29 POLARIS_LOG {"event":"send_rate","rate":304000,"ts":1760557109.9757297}
2025/10/15 19:38:30 POLARIS_LOG {"event":"send_rate","rate":296000,"ts":1760557110.9760885}
2025/10/15 19:38:31 POLARIS_LOG {"event":"send_rate","rate":304000,"ts":1760557111.9755065}
2025/10/15 19:38:32 POLARIS_LOG {"event":"send_rate","rate":296000,"ts":1760557112.9754293}
2025/10/15 19:38:33 POLARIS_LOG {"event":"send_rate","rate":304000,"ts":1760557113.9792295}
2025/10/15 19:38:34 POLARIS_LOG {"event":"send_rate","rate":296000,"ts":1760557114.9777057}
2025/10/15 19:38:35 POLARIS_LOG {"event":"send_rate","rate":304000,"ts":1760557115.9753723}
2025/10/15 19:38:36 POLARIS_LOG {"event":"send_rate","rate":296000,"ts":1760557116.9757519}
2025/10/15 19:38:37 POLARIS_LOG {"event":"send_rate","rate":304000,"ts":1760557117.9754157}
2025/10/15 19:38:38 POLARIS_LOG {"event":"send_rate","rate":296000,"ts":1760557118.9976215}
2025/10/15 19:38:39 POLARIS_LOG {"event":"send_rate","rate":304000,"ts":1760557119.9764206}
2025/10/15 19:38:40 POLARIS_LOG {"event":"send_rate","rate":296000,"ts":1760557120.9760892}
2025/10/15 19:38:41 POLARIS_LOG {"event":"send_rate","rate":304000,"ts":1760557121.9763393}
2025/10/15 19:38:42 POLARIS_LOG {"event":"send_rate","rate":296000,"ts":1760557122.975479}
2025/10/15 19:38:43 POLARIS_LOG {"event":"send_rate","rate":304000,"ts":1760557123.9760432}
2025/10/15 19:38:44 POLARIS_LOG {"event":"send_rate","rate":296000,"ts":1760557124.974891}
2025/10/15 19:38:45 POLARIS_LOG {"event":"send_rate","rate":304000,"ts":1760557125.9781024}
2025/10/15 19:38:47 POLARIS_LOG {"event":"send_rate","rate":304000,"ts":1760557127.003439}
2025/10/15 19:38:47 POLARIS_LOG {"event":"send_rate","rate":296000,"ts":1760557127.9755902}
2025/10/15 19:38:48 POLARIS_LOG {"event":"send_rate","rate":296000,"ts":1760557128.9754703}
2025/10/15 19:38:49 POLARIS_LOG {"event":"send_rate","rate":304000,"ts":1760557129.9759748}
2025/10/15 19:38:50 POLARIS_LOG {"event":"send_rate","rate":296000,"ts":1760557130.9757514}
2025/10/15 19:38:51 POLARIS_LOG {"event":"send_rate","rate":304000,"ts":1760557131.983797}
2025/10/15 19:38:52 POLARIS_LOG {"event":"send_rate","rate":296000,"ts":1760557132.9755123}
2025/10/15 19:38:53 POLARIS_LOG {"event":"send_rate","rate":304000,"ts":1760557133.9763281}
2025/10/15 19:38:54 POLARIS_LOG {"event":"send_rate","rate":296000,"ts":1760557134.9754355}
2025/10/15 19:38:55 POLARIS_LOG {"event":"send_rate","rate":304000,"ts":1760557135.9772646}
2025/10/15 19:38:56 POLARIS_LOG {"event":"send_rate","rate":296000,"ts":1760557136.975117}
2025/10/15 19:38:57 POLARIS_LOG {"event":"send_rate","rate":304000,"ts":1760557137.9747434}
2025/10/15 19:38:58 POLARIS_LOG {"event":"send_rate","rate":296000,"ts":1760557138.9753308}
2025/10/15 19:38:59 POLARIS_LOG {"event":"send_rate","rate":304000,"ts":1760557139.9757972}
2025/10/15 19:39:00 POLARIS_LOG {"event":"send_rate","rate":296000,"ts":1760557140.9759002}
2025/10/15 19:39:01 POLARIS_LOG {"event":"send_rate","rate":304000,"ts":1760557141.9746711}
2025/10/15 19:39:02 POLARIS_LOG {"event":"send_rate","rate":296000,"ts":1760557142.9774868}
2025/10/15 19:39:03 POLARIS_LOG {"event":"send_rate","rate":304000,"ts":1760557143.9750595}
2025/10/15 19:39:04 POLARIS_LOG {"event":"send_rate","rate":296000,"ts":1760557144.9751813}
2025/10/15 19:39:05 POLARIS_LOG {"event":"send_rate","rate":304000,"ts":1760557145.9759948}
2025/10/15 19:39:06 POLARIS_LOG {"event":"send_rate","rate":296000,"ts":1760557146.9764268}
2025/10/15 19:39:07 POLARIS_LOG {"event":"send_rate","rate":304000,"ts":1760557147.9772966}
2025/10/15 19:39:08 POLARIS_LOG {"event":"send_rate","rate":296000,"ts":1760557148.9756873}
2025/10/15 19:39:09 POLARIS_LOG {"event":"send_rate","rate":304000,"ts":1760557149.9864805}
2025/10/15 19:39:10 POLARIS_LOG {"event":"send_rate","rate":296000,"ts":1760557150.9750817}
2025/10/15 19:39:11 POLARIS_LOG {"event":"send_rate","rate":304000,"ts":1760557151.9773235}
2025/10/15 19:39:12 POLARIS_LOG {"event":"send_rate","rate":296000,"ts":1760557152.9759583}
2025/10/15 19:39:13 POLARIS_LOG {"event":"send_rate","rate":304000,"ts":1760557153.976858}
2025/10/15 19:39:14 POLARIS_LOG {"event":"send_rate","rate":296000,"ts":1760557154.974793}
2025/10/15 19:39:15 POLARIS_LOG {"event":"send_rate","rate":304000,"ts":1760557155.9756622}
2025/10/15 19:39:16 POLARIS_LOG {"event":"send_rate","rate":296000,"ts":1760557156.9759874}
2025/10/15 19:39:17 POLARIS_LOG {"event":"send_rate","rate":304000,"ts":1760557157.975754}
2025/10/15 19:39:18 POLARIS_LOG {"event":"send_rate","rate":296000,"ts":1760557158.9784136}
2025/10/15 19:39:19 POLARIS_LOG {"event":"send_rate","rate":304000,"ts":1760557159.9768662}
2025/10/15 19:39:20 POLARIS_LOG {"event":"send_rate","rate":296000,"ts":1760557160.9756474}
2025/10/15 19:39:21 POLARIS_LOG {"event":"send_rate","rate":304000,"ts":1760557161.986851}
2025/10/15 19:39:22 POLARIS_LOG {"event":"send_rate","rate":304000,"ts":1760557162.9884388}
2025/10/15 19:39:23 POLARIS_LOG {"event":"send_rate","rate":296000,"ts":1760557163.9758651}
2025/10/15 19:39:24 POLARIS_LOG {"event":"send_rate","rate":296000,"ts":1760557164.9757934}
2025/10/15 19:39:25 POLARIS_LOG {"event":"send_rate","rate":304000,"ts":1760557165.9746614}
2025/10/15 19:39:26 POLARIS_LOG {"event":"send_rate","rate":296000,"ts":1760557166.976321}
2025/10/15 19:39:27 POLARIS_LOG {"event":"send_rate","rate":304000,"ts":1760557167.9750142}
2025/10/15 19:39:28 POLARIS_LOG {"event":"send_rate","rate":296000,"ts":1760557168.9762752}
2025/10/15 19:39:29 POLARIS_LOG {"event":"send_rate","rate":304000,"ts":1760557169.975822}
2025/10/15 19:39:30 POLARIS_LOG {"event":"send_rate","rate":296000,"ts":1760557170.976314}
2025/10/15 19:39:31 POLARIS_LOG {"event":"send_rate","rate":304000,"ts":1760557171.9748778}
2025/10/15 19:39:32 POLARIS_LOG {"event":"send_rate","rate":304000,"ts":1760557172.9943483}
2025/10/15 19:39:33 POLARIS_LOG {"event":"send_rate","rate":296000,"ts":1760557173.9751887}
2025/10/15 19:39:35 POLARIS_LOG {"event":"send_rate","rate":312000,"ts":1760557175.0389566}
2025/10/15 19:39:35 POLARIS_LOG {"event":"send_rate","rate":288000,"ts":1760557175.9753869}
2025/10/15 19:39:36 POLARIS_LOG {"event":"send_rate","rate":296000,"ts":1760557176.9782343}
2025/10/15 19:39:37 POLARIS_LOG {"event":"send_rate","rate":304000,"ts":1760557177.9785976}
2025/10/15 19:39:38 POLARIS_LOG {"event":"send_rate","rate":296000,"ts":1760557178.9758928}
2025/10/15 19:39:39 POLARIS_LOG {"event":"send_rate","rate":304000,"ts":1760557179.9780939}
2025/10/15 19:39:40 POLARIS_LOG {"event":"send_rate","rate":296000,"ts":1760557180.974706}
2025/10/15 19:39:41 POLARIS_LOG {"event":"send_rate","rate":304000,"ts":1760557181.9810731}
2025/10/15 19:39:42 POLARIS_LOG {"event":"send_rate","rate":296000,"ts":1760557182.9757159}
2025/10/15 19:39:43 POLARIS_LOG {"event":"send_rate","rate":304000,"ts":1760557183.9748447}
We need to sleep for 1 seconds before we can get the results
Drain Loop received packet
Drain Loop received non-nil payload
Client sent 9225 packets, server reported 9219 packets received
The network loss rate from client to server is 0.1%

S->C results
Attempted bandwidth: 0 bps / 0.00 Mbps
Achieved bandwidth: 0 bps / 0.00 Mbps
Loss rate: 0.0%
Interarrival time min/avg/max/mdev = -0.000/0.000/0.000/0.000 ms

C->S results
Attempted bandwidth: 300000 bps / 0.30 Mbps
Achieved bandwidth: 299804 bps / 0.30 Mbps
Loss rate: 0.1%
Interarrival time min/avg/max/mdev = 0.002/26.587/210.398/13.558 ms
