
Test parameters:
client->server: 276 seconds, 1000 bytes, 10350 packets
server->client: 276 seconds, 1000 bytes, 0 packets
2025/10/15 19:35:05 POLARIS_LOG {"current_rate":0,"event":"path_switch","new":"2 2 5 2","trigger":"initialization","ts":1760556905.9153488}
Polaris prober initialized with 38 paths
Polaris prober initialized with local 1-111,10.111.0.71:32752 and remote 1-113,10.113.0.71
2025/10/15 19:35:06 POLARIS_LOG {"event":"send_rate","rate":296000,"ts":1760556906.9195766}
2025/10/15 19:35:07 POLARIS_LOG {"event":"send_rate","rate":304000,"ts":1760556907.9201365}
2025/10/15 19:35:08 POLARIS_LOG {"event":"send_rate","rate":304000,"ts":1760556908.9217262}
2025/10/15 19:35:09 POLARIS_LOG {"event":"send_rate","rate":296000,"ts":1760556909.9216304}
2025/10/15 19:35:10 POLARIS_LOG {"event":"send_rate","rate":304000,"ts":1760556910.9219406}
2025/10/15 19:35:11 POLARIS_LOG {"event":"send_rate","rate":296000,"ts":1760556911.919903}
2025/10/15 19:35:12 POLARIS_LOG {"event":"send_rate","rate":296000,"ts":1760556912.920298}
2025/10/15 19:35:13 POLARIS_LOG {"event":"send_rate","rate":304000,"ts":1760556913.9208808}
2025/10/15 19:35:14 POLARIS_LOG {"event":"send_rate","rate":296000,"ts":1760556914.9196668}
2025/10/15 19:35:15 POLARIS_LOG {"event":"send_rate","rate":304000,"ts":1760556915.9201317}
2025/10/15 19:35:16 POLARIS_LOG {"event":"send_rate","rate":296000,"ts":1760556916.9195046}
2025/10/15 19:35:17 POLARIS_LOG {"event":"send_rate","rate":304000,"ts":1760556917.9196985}
2025/10/15 19:35:18 POLARIS_LOG {"event":"send_rate","rate":296000,"ts":1760556918.9196296}
2025/10/15 19:35:19 POLARIS_LOG {"event":"send_rate","rate":304000,"ts":1760556919.9202363}
2025/10/15 19:35:20 POLARIS_LOG {"event":"send_rate","rate":296000,"ts":1760556920.9204638}
2025/10/15 19:35:21 POLARIS_LOG {"event":"send_rate","rate":304000,"ts":1760556921.9220064}
2025/10/15 19:35:22 POLARIS_LOG {"event":"send_rate","rate":296000,"ts":1760556922.919943}
2025/10/15 19:35:23 POLARIS_LOG {"event":"send_rate","rate":304000,"ts":1760556923.919969}
2025/10/15 19:35:24 POLARIS_LOG {"event":"send_rate","rate":304000,"ts":1760556924.944176}
2025/10/15 19:35:25 POLARIS_LOG {"event":"send_rate","rate":296000,"ts":1760556925.9211342}
2025/10/15 19:35:26 POLARIS_LOG {"event":"send_rate","rate":296000,"ts":1760556926.9196615}
2025/10/15 19:35:27 POLARIS_LOG {"event":"send_rate","rate":304000,"ts":1760556927.9200206}
2025/10/15 19:35:28 POLARIS_LOG {"event":"send_rate","rate":296000,"ts":1760556928.920314}
2025/10/15 19:35:29 POLARIS_LOG {"event":"send_rate","rate":304000,"ts":1760556929.9231732}
2025/10/15 19:35:30 POLARIS_LOG {"event":"send_rate","rate":296000,"ts":1760556930.9208632}
2025/10/15 19:35:31 POLARIS_LOG {"event":"send_rate","rate":272000,"ts":1760556931.9211597}
2025/10/15 19:35:32 POLARIS_LOG {"event":"send_rate","rate":152000,"ts":1760556932.9205005}
Received SCMP echo reply with unexpected seq 25, expected 27 or 26
Received SCMP echo reply with unexpected seq 25, expected 27 or 26
Received SCMP echo reply with unexpected seq 25, expected 27 or 26
2025/10/15 19:35:33 POLARIS_LOG {"event":"send_rate","rate":88000,"ts":1760556933.9202611}
Received SCMP echo reply with unexpected seq 26, expected 28 or 27
Received SCMP echo reply with unexpected seq 26, expected 28 or 27
Received SCMP echo reply with unexpected seq 26, expected 28 or 27
2025/10/15 19:35:34 POLARIS_LOG {"event":"send_rate","rate":80000,"ts":1760556934.9211636}
Received SCMP echo reply with unexpected seq 27, expected 29 or 28
Received SCMP echo reply with unexpected seq 27, expected 29 or 28
Received SCMP echo reply with unexpected seq 27, expected 29 or 28
2025/10/15 19:35:35 POLARIS_LOG {"event":"send_rate","rate":88000,"ts":1760556935.9203386}
2025/10/15 19:35:35 POLARIS_LOG {"candidates":10,"candidates_unfiltered":17,"current_rate":88000,"estimated_share":2000000,"event":"path_switch","max_estimated_share":2000000,"new":"4 4 6 6 4 1","old":"2 2 5 2","trigger":"scheduled","ts":1760556935.9218411}
Received SCMP echo reply with unexpected seq 28, expected 30 or 29
Received SCMP echo reply with unexpected seq 28, expected 30 or 29
Received SCMP echo reply with unexpected seq 28, expected 30 or 29
2025/10/15 19:35:36 POLARIS_LOG {"event":"send_rate","rate":1120000,"ts":1760556936.9195628}
Received SCMP echo reply with unexpected seq 29, expected 31 or 30
Received SCMP echo reply with unexpected seq 29, expected 31 or 30
Received SCMP echo reply with unexpected seq 29, expected 31 or 30
2025/10/15 19:35:37 POLARIS_LOG {"event":"send_rate","rate":304000,"ts":1760556937.921637}
Received SCMP echo reply with unexpected seq 30, expected 32 or 31
Received SCMP echo reply with unexpected seq 30, expected 32 or 31
Received SCMP echo reply with unexpected seq 30, expected 32 or 31
2025/10/15 19:35:38 POLARIS_LOG {"event":"send_rate","rate":296000,"ts":1760556938.923304}
Received SCMP echo reply with unexpected seq 31, expected 33 or 32
Received SCMP echo reply with unexpected seq 31, expected 33 or 32
Received SCMP echo reply with unexpected seq 31, expected 33 or 32
2025/10/15 19:35:39 POLARIS_LOG {"event":"send_rate","rate":304000,"ts":1760556939.920101}
2025/10/15 19:35:40 POLARIS_LOG {"event":"send_rate","rate":304000,"ts":1760556940.9263794}
2025/10/15 19:35:41 POLARIS_LOG {"event":"send_rate","rate":296000,"ts":1760556941.9197116}
2025/10/15 19:35:42 POLARIS_LOG {"event":"send_rate","rate":296000,"ts":1760556942.9196339}
2025/10/15 19:35:43 POLARIS_LOG {"event":"send_rate","rate":304000,"ts":1760556943.920657}
2025/10/15 19:35:44 POLARIS_LOG {"event":"send_rate","rate":296000,"ts":1760556944.9200222}
2025/10/15 19:35:45 POLARIS_LOG {"event":"send_rate","rate":304000,"ts":1760556945.9200811}
2025/10/15 19:35:46 POLARIS_LOG {"event":"send_rate","rate":296000,"ts":1760556946.9227433}
2025/10/15 19:35:47 POLARIS_LOG {"event":"send_rate","rate":304000,"ts":1760556947.9202588}
2025/10/15 19:35:48 POLARIS_LOG {"event":"send_rate","rate":296000,"ts":1760556948.919501}
2025/10/15 19:35:49 POLARIS_LOG {"event":"send_rate","rate":304000,"ts":1760556949.9199164}
2025/10/15 19:35:50 POLARIS_LOG {"event":"send_rate","rate":296000,"ts":1760556950.920371}
2025/10/15 19:35:51 POLARIS_LOG {"event":"send_rate","rate":304000,"ts":1760556951.9199777}
2025/10/15 19:35:52 POLARIS_LOG {"event":"send_rate","rate":296000,"ts":1760556952.9199145}
2025/10/15 19:35:53 POLARIS_LOG {"event":"send_rate","rate":304000,"ts":1760556953.9201415}
2025/10/15 19:35:54 POLARIS_LOG {"event":"send_rate","rate":296000,"ts":1760556954.9202847}
2025/10/15 19:35:55 POLARIS_LOG {"event":"send_rate","rate":304000,"ts":1760556955.9198415}
2025/10/15 19:35:56 POLARIS_LOG {"event":"send_rate","rate":304000,"ts":1760556956.9283993}
2025/10/15 19:35:57 POLARIS_LOG {"event":"send_rate","rate":296000,"ts":1760556957.9200869}
2025/10/15 19:35:58 POLARIS_LOG {"event":"send_rate","rate":296000,"ts":1760556958.9198568}
2025/10/15 19:35:59 POLARIS_LOG {"event":"send_rate","rate":304000,"ts":1760556959.920532}
2025/10/15 19:36:00 POLARIS_LOG {"event":"send_rate","rate":296000,"ts":1760556960.9194686}
2025/10/15 19:36:01 POLARIS_LOG {"event":"send_rate","rate":304000,"ts":1760556961.9206016}
2025/10/15 19:36:02 POLARIS_LOG {"event":"send_rate","rate":296000,"ts":1760556962.9199011}
2025/10/15 19:36:03 POLARIS_LOG {"event":"send_rate","rate":304000,"ts":1760556963.919644}
2025/10/15 19:36:04 POLARIS_LOG {"event":"send_rate","rate":296000,"ts":1760556964.919637}
2025/10/15 19:36:05 POLARIS_LOG {"event":"send_rate","rate":304000,"ts":1760556965.9205809}
2025/10/15 19:36:06 POLARIS_LOG {"event":"send_rate","rate":296000,"ts":1760556966.9208512}
2025/10/15 19:36:07 POLARIS_LOG {"event":"send_rate","rate":304000,"ts":1760556967.9202929}
2025/10/15 19:36:08 POLARIS_LOG {"event":"send_rate","rate":296000,"ts":1760556968.921917}
2025/10/15 19:36:09 POLARIS_LOG {"event":"send_rate","rate":304000,"ts":1760556969.9201899}
2025/10/15 19:36:10 POLARIS_LOG {"event":"send_rate","rate":296000,"ts":1760556970.9197}
2025/10/15 19:36:11 POLARIS_LOG {"event":"send_rate","rate":304000,"ts":1760556971.9205916}
2025/10/15 19:36:12 POLARIS_LOG {"event":"send_rate","rate":296000,"ts":1760556972.9208074}
2025/10/15 19:36:13 POLARIS_LOG {"event":"send_rate","rate":304000,"ts":1760556973.919561}
2025/10/15 19:36:14 POLARIS_LOG {"event":"send_rate","rate":296000,"ts":1760556974.9195929}
2025/10/15 19:36:15 POLARIS_LOG {"event":"send_rate","rate":304000,"ts":1760556975.9205635}
2025/10/15 19:36:16 POLARIS_LOG {"event":"send_rate","rate":296000,"ts":1760556976.9204073}
2025/10/15 19:36:17 POLARIS_LOG {"event":"send_rate","rate":304000,"ts":1760556977.9197705}
2025/10/15 19:36:18 POLARIS_LOG {"event":"send_rate","rate":296000,"ts":1760556978.9194984}
2025/10/15 19:36:19 POLARIS_LOG {"event":"send_rate","rate":304000,"ts":1760556979.9205835}
2025/10/15 19:36:20 POLARIS_LOG {"event":"send_rate","rate":296000,"ts":1760556980.9200108}
2025/10/15 19:36:21 POLARIS_LOG {"event":"send_rate","rate":304000,"ts":1760556981.9194913}
2025/10/15 19:36:22 POLARIS_LOG {"event":"send_rate","rate":296000,"ts":1760556982.9298162}
2025/10/15 19:36:23 POLARIS_LOG {"event":"send_rate","rate":304000,"ts":1760556983.9194577}
2025/10/15 19:36:24 POLARIS_LOG {"event":"send_rate","rate":296000,"ts":1760556984.926275}
2025/10/15 19:36:25 POLARIS_LOG {"event":"send_rate","rate":304000,"ts":1760556985.9211493}
2025/10/15 19:36:26 POLARIS_LOG {"event":"send_rate","rate":296000,"ts":1760556986.9212465}
2025/10/15 19:36:27 POLARIS_LOG {"event":"send_rate","rate":296000,"ts":1760556987.929159}
2025/10/15 19:36:28 POLARIS_LOG {"event":"send_rate","rate":304000,"ts":1760556988.9206748}
2025/10/15 19:36:29 POLARIS_LOG {"event":"send_rate","rate":304000,"ts":1760556989.922275}
2025/10/15 19:36:30 POLARIS_LOG {"event":"send_rate","rate":296000,"ts":1760556990.9200668}
2025/10/15 19:36:31 POLARIS_LOG {"event":"send_rate","rate":304000,"ts":1760556991.9225304}
2025/10/15 19:36:32 POLARIS_LOG {"event":"send_rate","rate":296000,"ts":1760556992.9214277}
2025/10/15 19:36:33 POLARIS_LOG {"event":"send_rate","rate":304000,"ts":1760556993.9211247}
2025/10/15 19:36:34 POLARIS_LOG {"event":"send_rate","rate":296000,"ts":1760556994.921612}
2025/10/15 19:36:35 POLARIS_LOG {"event":"send_rate","rate":304000,"ts":1760556995.9206188}
2025/10/15 19:36:36 POLARIS_LOG {"event":"send_rate","rate":296000,"ts":1760556996.9205956}
2025/10/15 19:36:37 POLARIS_LOG {"event":"send_rate","rate":304000,"ts":1760556997.9201999}
2025/10/15 19:36:38 POLARIS_LOG {"event":"send_rate","rate":296000,"ts":1760556998.929287}
2025/10/15 19:36:39 POLARIS_LOG {"event":"send_rate","rate":304000,"ts":1760556999.9204497}
2025/10/15 19:36:40 POLARIS_LOG {"event":"send_rate","rate":296000,"ts":1760557000.9196897}
2025/10/15 19:36:41 POLARIS_LOG {"event":"send_rate","rate":304000,"ts":1760557001.9203265}
2025/10/15 19:36:42 POLARIS_LOG {"event":"send_rate","rate":296000,"ts":1760557002.920276}
2025/10/15 19:36:43 POLARIS_LOG {"event":"send_rate","rate":304000,"ts":1760557003.9219966}
2025/10/15 19:36:44 POLARIS_LOG {"event":"send_rate","rate":296000,"ts":1760557004.9202232}
2025/10/15 19:36:45 POLARIS_LOG {"event":"send_rate","rate":304000,"ts":1760557005.921223}
2025/10/15 19:36:46 POLARIS_LOG {"event":"send_rate","rate":296000,"ts":1760557006.9270632}
2025/10/15 19:36:47 POLARIS_LOG {"event":"send_rate","rate":304000,"ts":1760557007.922505}
2025/10/15 19:36:48 POLARIS_LOG {"event":"send_rate","rate":296000,"ts":1760557008.9194968}
2025/10/15 19:36:49 POLARIS_LOG {"event":"send_rate","rate":304000,"ts":1760557009.920886}
2025/10/15 19:36:50 POLARIS_LOG {"event":"send_rate","rate":296000,"ts":1760557010.9201322}
2025/10/15 19:36:51 POLARIS_LOG {"event":"send_rate","rate":304000,"ts":1760557011.9208148}
2025/10/15 19:36:52 POLARIS_LOG {"event":"send_rate","rate":296000,"ts":1760557012.9199445}
2025/10/15 19:36:53 POLARIS_LOG {"event":"send_rate","rate":304000,"ts":1760557013.9262137}
2025/10/15 19:36:54 POLARIS_LOG {"event":"send_rate","rate":296000,"ts":1760557014.9244099}
2025/10/15 19:36:55 POLARIS_LOG {"event":"send_rate","rate":304000,"ts":1760557015.9195511}
2025/10/15 19:36:56 POLARIS_LOG {"event":"send_rate","rate":296000,"ts":1760557016.9209564}
2025/10/15 19:36:57 POLARIS_LOG {"event":"send_rate","rate":304000,"ts":1760557017.9202075}
2025/10/15 19:36:58 POLARIS_LOG {"event":"send_rate","rate":296000,"ts":1760557018.9219084}
2025/10/15 19:36:59 POLARIS_LOG {"event":"send_rate","rate":304000,"ts":1760557019.9209523}
2025/10/15 19:37:00 POLARIS_LOG {"event":"send_rate","rate":296000,"ts":1760557020.9204106}
2025/10/15 19:37:01 POLARIS_LOG {"event":"send_rate","rate":304000,"ts":1760557021.920746}
2025/10/15 19:37:02 POLARIS_LOG {"event":"send_rate","rate":296000,"ts":1760557022.9202137}
2025/10/15 19:37:03 POLARIS_LOG {"event":"send_rate","rate":304000,"ts":1760557023.9250844}
2025/10/15 19:37:04 POLARIS_LOG {"event":"send_rate","rate":296000,"ts":1760557024.9198387}
2025/10/15 19:37:05 POLARIS_LOG {"event":"send_rate","rate":296000,"ts":1760557025.9473927}
2025/10/15 19:37:06 POLARIS_LOG {"event":"send_rate","rate":304000,"ts":1760557026.9208167}
2025/10/15 19:37:07 POLARIS_LOG {"event":"send_rate","rate":304000,"ts":1760557027.9240267}
2025/10/15 19:37:08 POLARIS_LOG {"event":"send_rate","rate":296000,"ts":1760557028.9194505}
2025/10/15 19:37:09 POLARIS_LOG {"event":"send_rate","rate":304000,"ts":1760557029.9198637}
2025/10/15 19:37:10 POLARIS_LOG {"event":"send_rate","rate":296000,"ts":1760557030.9203706}
2025/10/15 19:37:11 POLARIS_LOG {"event":"send_rate","rate":304000,"ts":1760557031.9232578}
2025/10/15 19:37:12 POLARIS_LOG {"event":"send_rate","rate":296000,"ts":1760557032.9195957}
2025/10/15 19:37:13 POLARIS_LOG {"event":"send_rate","rate":296000,"ts":1760557033.9194968}
2025/10/15 19:37:14 POLARIS_LOG {"event":"send_rate","rate":304000,"ts":1760557034.9210792}
2025/10/15 19:37:15 POLARIS_LOG {"event":"send_rate","rate":304000,"ts":1760557035.920753}
2025/10/15 19:37:16 POLARIS_LOG {"event":"send_rate","rate":304000,"ts":1760557036.9376693}
2025/10/15 19:37:17 POLARIS_LOG {"event":"send_rate","rate":288000,"ts":1760557037.9207246}
2025/10/15 19:37:18 POLARIS_LOG {"event":"send_rate","rate":304000,"ts":1760557038.921049}
2025/10/15 19:37:19 POLARIS_LOG {"event":"send_rate","rate":304000,"ts":1760557039.9269936}
2025/10/15 19:37:20 POLARIS_LOG {"event":"send_rate","rate":296000,"ts":1760557040.920412}
2025/10/15 19:37:21 POLARIS_LOG {"event":"send_rate","rate":304000,"ts":1760557041.9277737}
2025/10/15 19:37:22 POLARIS_LOG {"event":"send_rate","rate":296000,"ts":1760557042.920827}
2025/10/15 19:37:23 POLARIS_LOG {"event":"send_rate","rate":304000,"ts":1760557043.9208698}
2025/10/15 19:37:24 POLARIS_LOG {"event":"send_rate","rate":296000,"ts":1760557044.9206448}
2025/10/15 19:37:25 POLARIS_LOG {"event":"send_rate","rate":296000,"ts":1760557045.920428}
2025/10/15 19:37:26 POLARIS_LOG {"event":"send_rate","rate":304000,"ts":1760557046.9210482}
2025/10/15 19:37:27 POLARIS_LOG {"event":"send_rate","rate":296000,"ts":1760557047.9202569}
2025/10/15 19:37:28 POLARIS_LOG {"event":"send_rate","rate":304000,"ts":1760557048.9334986}
2025/10/15 19:37:29 POLARIS_LOG {"event":"send_rate","rate":304000,"ts":1760557049.9239297}
2025/10/15 19:37:30 POLARIS_LOG {"event":"send_rate","rate":296000,"ts":1760557050.920933}
2025/10/15 19:37:31 POLARIS_LOG {"event":"send_rate","rate":296000,"ts":1760557051.9195802}
2025/10/15 19:37:32 POLARIS_LOG {"event":"send_rate","rate":304000,"ts":1760557052.9207096}
2025/10/15 19:37:33 POLARIS_LOG {"event":"send_rate","rate":296000,"ts":1760557053.9206433}
2025/10/15 19:37:34 POLARIS_LOG {"event":"send_rate","rate":304000,"ts":1760557054.9221995}
2025/10/15 19:37:35 POLARIS_LOG {"event":"send_rate","rate":296000,"ts":1760557055.9204857}
2025/10/15 19:37:36 POLARIS_LOG {"event":"send_rate","rate":304000,"ts":1760557056.9222105}
2025/10/15 19:37:37 POLARIS_LOG {"event":"send_rate","rate":296000,"ts":1760557057.9429355}
2025/10/15 19:37:38 POLARIS_LOG {"event":"send_rate","rate":304000,"ts":1760557058.9215412}
2025/10/15 19:37:39 POLARIS_LOG {"event":"send_rate","rate":296000,"ts":1760557059.919878}
2025/10/15 19:37:40 POLARIS_LOG {"event":"send_rate","rate":304000,"ts":1760557060.9217477}
2025/10/15 19:37:41 POLARIS_LOG {"event":"send_rate","rate":296000,"ts":1760557061.9203143}
2025/10/15 19:37:42 POLARIS_LOG {"event":"send_rate","rate":304000,"ts":1760557062.9287598}
2025/10/15 19:37:43 POLARIS_LOG {"event":"send_rate","rate":296000,"ts":1760557063.9205785}
2025/10/15 19:37:44 POLARIS_LOG {"event":"send_rate","rate":296000,"ts":1760557064.919948}
2025/10/15 19:37:45 POLARIS_LOG {"event":"send_rate","rate":304000,"ts":1760557065.9195025}
2025/10/15 19:37:46 POLARIS_LOG {"event":"send_rate","rate":304000,"ts":1760557066.9235713}
2025/10/15 19:37:47 POLARIS_LOG {"event":"send_rate","rate":296000,"ts":1760557067.9197025}
2025/10/15 19:37:48 POLARIS_LOG {"event":"send_rate","rate":304000,"ts":1760557068.9231858}
2025/10/15 19:37:49 POLARIS_LOG {"event":"send_rate","rate":296000,"ts":1760557069.9208868}
2025/10/15 19:37:50 POLARIS_LOG {"event":"send_rate","rate":304000,"ts":1760557070.92071}
2025/10/15 19:37:51 POLARIS_LOG {"event":"send_rate","rate":296000,"ts":1760557071.9215446}
2025/10/15 19:37:52 POLARIS_LOG {"event":"send_rate","rate":304000,"ts":1760557072.9265413}
2025/10/15 19:37:53 POLARIS_LOG {"event":"send_rate","rate":296000,"ts":1760557073.920459}
2025/10/15 19:37:54 POLARIS_LOG {"event":"send_rate","rate":304000,"ts":1760557074.9199007}
2025/10/15 19:37:55 POLARIS_LOG {"event":"send_rate","rate":296000,"ts":1760557075.9220006}
2025/10/15 19:37:56 POLARIS_LOG {"event":"send_rate","rate":304000,"ts":1760557076.9195895}
2025/10/15 19:37:57 POLARIS_LOG {"event":"send_rate","rate":296000,"ts":1760557077.9209237}
2025/10/15 19:37:58 POLARIS_LOG {"event":"send_rate","rate":304000,"ts":1760557078.9294155}
2025/10/15 19:37:59 POLARIS_LOG {"event":"send_rate","rate":296000,"ts":1760557079.9209394}
2025/10/15 19:38:00 POLARIS_LOG {"event":"send_rate","rate":304000,"ts":1760557080.920157}
2025/10/15 19:38:01 POLARIS_LOG {"event":"send_rate","rate":296000,"ts":1760557081.9201286}
2025/10/15 19:38:02 POLARIS_LOG {"event":"send_rate","rate":304000,"ts":1760557082.9210038}
2025/10/15 19:38:03 POLARIS_LOG {"event":"send_rate","rate":296000,"ts":1760557083.92112}
2025/10/15 19:38:04 POLARIS_LOG {"event":"send_rate","rate":304000,"ts":1760557084.9201314}
2025/10/15 19:38:05 POLARIS_LOG {"event":"send_rate","rate":296000,"ts":1760557085.921216}
2025/10/15 19:38:06 POLARIS_LOG {"event":"send_rate","rate":304000,"ts":1760557086.919441}
2025/10/15 19:38:07 POLARIS_LOG {"event":"send_rate","rate":296000,"ts":1760557087.920145}
2025/10/15 19:38:08 POLARIS_LOG {"event":"send_rate","rate":304000,"ts":1760557088.920027}
2025/10/15 19:38:09 POLARIS_LOG {"event":"send_rate","rate":296000,"ts":1760557089.9266503}
2025/10/15 19:38:10 POLARIS_LOG {"event":"send_rate","rate":304000,"ts":1760557090.9223325}
2025/10/15 19:38:11 POLARIS_LOG {"event":"send_rate","rate":296000,"ts":1760557091.9206133}
2025/10/15 19:38:12 POLARIS_LOG {"event":"send_rate","rate":304000,"ts":1760557092.9220898}
2025/10/15 19:38:13 POLARIS_LOG {"event":"send_rate","rate":296000,"ts":1760557093.9221227}
2025/10/15 19:38:14 POLARIS_LOG {"event":"send_rate","rate":304000,"ts":1760557094.9203022}
2025/10/15 19:38:15 POLARIS_LOG {"event":"send_rate","rate":296000,"ts":1760557095.9226348}
2025/10/15 19:38:16 POLARIS_LOG {"event":"send_rate","rate":296000,"ts":1760557096.9273689}
2025/10/15 19:38:17 POLARIS_LOG {"event":"send_rate","rate":304000,"ts":1760557097.920774}
2025/10/15 19:38:18 POLARIS_LOG {"event":"send_rate","rate":304000,"ts":1760557098.9209151}
2025/10/15 19:38:19 POLARIS_LOG {"event":"send_rate","rate":296000,"ts":1760557099.9223375}
2025/10/15 19:38:20 POLARIS_LOG {"event":"send_rate","rate":304000,"ts":1760557100.921169}
2025/10/15 19:38:21 POLARIS_LOG {"event":"send_rate","rate":296000,"ts":1760557101.9200878}
2025/10/15 19:38:22 POLARIS_LOG {"event":"send_rate","rate":304000,"ts":1760557102.9202914}
2025/10/15 19:38:23 POLARIS_LOG {"event":"send_rate","rate":296000,"ts":1760557103.9204266}
2025/10/15 19:38:24 POLARIS_LOG {"event":"send_rate","rate":304000,"ts":1760557104.9313884}
2025/10/15 19:38:25 POLARIS_LOG {"event":"send_rate","rate":296000,"ts":1760557105.9297254}
2025/10/15 19:38:26 POLARIS_LOG {"event":"send_rate","rate":304000,"ts":1760557106.9202936}
2025/10/15 19:38:27 POLARIS_LOG {"event":"send_rate","rate":296000,"ts":1760557107.9194553}
2025/10/15 19:38:28 POLARIS_LOG {"event":"send_rate","rate":304000,"ts":1760557108.9201224}
2025/10/15 19:38:29 POLARIS_LOG {"event":"send_rate","rate":296000,"ts":1760557109.9200304}
2025/10/15 19:38:30 POLARIS_LOG {"event":"send_rate","rate":304000,"ts":1760557110.9217756}
2025/10/15 19:38:31 POLARIS_LOG {"event":"send_rate","rate":296000,"ts":1760557111.921411}
2025/10/15 19:38:32 POLARIS_LOG {"event":"send_rate","rate":304000,"ts":1760557112.9203305}
2025/10/15 19:38:33 POLARIS_LOG {"event":"send_rate","rate":296000,"ts":1760557113.921515}
2025/10/15 19:38:34 POLARIS_LOG {"event":"send_rate","rate":304000,"ts":1760557114.9201918}
2025/10/15 19:38:35 POLARIS_LOG {"event":"send_rate","rate":296000,"ts":1760557115.9222534}
2025/10/15 19:38:36 POLARIS_LOG {"event":"send_rate","rate":304000,"ts":1760557116.9196615}
2025/10/15 19:38:37 POLARIS_LOG {"event":"send_rate","rate":296000,"ts":1760557117.9198527}
2025/10/15 19:38:38 POLARIS_LOG {"event":"send_rate","rate":304000,"ts":1760557118.9208689}
2025/10/15 19:38:39 POLARIS_LOG {"event":"send_rate","rate":296000,"ts":1760557119.92187}
2025/10/15 19:38:40 POLARIS_LOG {"event":"send_rate","rate":304000,"ts":1760557120.9203799}
2025/10/15 19:38:41 POLARIS_LOG {"event":"send_rate","rate":296000,"ts":1760557121.9204557}
2025/10/15 19:38:42 POLARIS_LOG {"event":"send_rate","rate":304000,"ts":1760557122.920483}
2025/10/15 19:38:43 POLARIS_LOG {"event":"send_rate","rate":296000,"ts":1760557123.9199157}
2025/10/15 19:38:44 POLARIS_LOG {"event":"send_rate","rate":304000,"ts":1760557124.9225016}
2025/10/15 19:38:45 POLARIS_LOG {"event":"send_rate","rate":296000,"ts":1760557125.920181}
2025/10/15 19:38:46 POLARIS_LOG {"event":"send_rate","rate":304000,"ts":1760557126.9283283}
2025/10/15 19:38:47 POLARIS_LOG {"event":"send_rate","rate":296000,"ts":1760557127.9200914}
2025/10/15 19:38:48 POLARIS_LOG {"event":"send_rate","rate":304000,"ts":1760557128.920019}
2025/10/15 19:38:49 POLARIS_LOG {"event":"send_rate","rate":296000,"ts":1760557129.9241006}
2025/10/15 19:38:50 POLARIS_LOG {"event":"send_rate","rate":304000,"ts":1760557130.9201539}
2025/10/15 19:38:51 POLARIS_LOG {"event":"send_rate","rate":296000,"ts":1760557131.920943}
2025/10/15 19:38:52 POLARIS_LOG {"event":"send_rate","rate":304000,"ts":1760557132.9232454}
2025/10/15 19:38:53 POLARIS_LOG {"event":"send_rate","rate":296000,"ts":1760557133.921078}
2025/10/15 19:38:54 POLARIS_LOG {"event":"send_rate","rate":304000,"ts":1760557134.9196923}
2025/10/15 19:38:55 POLARIS_LOG {"event":"send_rate","rate":296000,"ts":1760557135.9229183}
2025/10/15 19:38:56 POLARIS_LOG {"event":"send_rate","rate":304000,"ts":1760557136.9202893}
2025/10/15 19:38:57 POLARIS_LOG {"event":"send_rate","rate":296000,"ts":1760557137.9270098}
2025/10/15 19:38:58 POLARIS_LOG {"event":"send_rate","rate":304000,"ts":1760557138.9195166}
2025/10/15 19:38:59 POLARIS_LOG {"event":"send_rate","rate":296000,"ts":1760557139.920205}
2025/10/15 19:39:00 POLARIS_LOG {"event":"send_rate","rate":304000,"ts":1760557140.9201272}
2025/10/15 19:39:01 POLARIS_LOG {"event":"send_rate","rate":296000,"ts":1760557141.9209812}
2025/10/15 19:39:02 POLARIS_LOG {"event":"send_rate","rate":304000,"ts":1760557142.9198792}
2025/10/15 19:39:03 POLARIS_LOG {"event":"send_rate","rate":296000,"ts":1760557143.920177}
2025/10/15 19:39:04 POLARIS_LOG {"event":"send_rate","rate":304000,"ts":1760557144.9206765}
2025/10/15 19:39:05 POLARIS_LOG {"event":"send_rate","rate":296000,"ts":1760557145.931366}
2025/10/15 19:39:06 POLARIS_LOG {"event":"send_rate","rate":304000,"ts":1760557146.9194334}
2025/10/15 19:39:07 POLARIS_LOG {"event":"send_rate","rate":296000,"ts":1760557147.9265647}
2025/10/15 19:39:08 POLARIS_LOG {"event":"send_rate","rate":304000,"ts":1760557148.9200785}
2025/10/15 19:39:09 POLARIS_LOG {"event":"send_rate","rate":296000,"ts":1760557149.9209492}
2025/10/15 19:39:10 POLARIS_LOG {"event":"send_rate","rate":304000,"ts":1760557150.9222765}
2025/10/15 19:39:11 POLARIS_LOG {"event":"send_rate","rate":296000,"ts":1760557151.9221246}
2025/10/15 19:39:12 POLARIS_LOG {"event":"send_rate","rate":304000,"ts":1760557152.919636}
2025/10/15 19:39:13 POLARIS_LOG {"event":"send_rate","rate":296000,"ts":1760557153.9205744}
2025/10/15 19:39:14 POLARIS_LOG {"event":"send_rate","rate":304000,"ts":1760557154.9210155}
2025/10/15 19:39:15 POLARIS_LOG {"event":"send_rate","rate":296000,"ts":1760557155.9222727}
2025/10/15 19:39:16 POLARIS_LOG {"event":"send_rate","rate":304000,"ts":1760557156.9211934}
2025/10/15 19:39:17 POLARIS_LOG {"event":"send_rate","rate":296000,"ts":1760557157.9231074}
2025/10/15 19:39:18 POLARIS_LOG {"event":"send_rate","rate":296000,"ts":1760557158.9331377}
2025/10/15 19:39:19 POLARIS_LOG {"event":"send_rate","rate":304000,"ts":1760557159.923262}
2025/10/15 19:39:20 POLARIS_LOG {"event":"send_rate","rate":304000,"ts":1760557160.920799}
2025/10/15 19:39:21 POLARIS_LOG {"event":"send_rate","rate":296000,"ts":1760557161.920436}
2025/10/15 19:39:22 POLARIS_LOG {"event":"send_rate","rate":304000,"ts":1760557162.920629}
2025/10/15 19:39:23 POLARIS_LOG {"event":"send_rate","rate":296000,"ts":1760557163.9202034}
2025/10/15 19:39:24 POLARIS_LOG {"event":"send_rate","rate":296000,"ts":1760557164.9204412}
2025/10/15 19:39:25 POLARIS_LOG {"event":"send_rate","rate":304000,"ts":1760557165.9233117}
2025/10/15 19:39:26 POLARIS_LOG {"event":"send_rate","rate":304000,"ts":1760557166.9203959}
2025/10/15 19:39:27 POLARIS_LOG {"event":"send_rate","rate":296000,"ts":1760557167.9203343}
2025/10/15 19:39:28 POLARIS_LOG {"event":"send_rate","rate":304000,"ts":1760557168.9198203}
2025/10/15 19:39:29 POLARIS_LOG {"event":"send_rate","rate":296000,"ts":1760557169.9202466}
2025/10/15 19:39:30 POLARIS_LOG {"event":"send_rate","rate":296000,"ts":1760557170.9213855}
2025/10/15 19:39:31 POLARIS_LOG {"event":"send_rate","rate":304000,"ts":1760557171.9196587}
2025/10/15 19:39:32 POLARIS_LOG {"event":"send_rate","rate":304000,"ts":1760557172.921031}
2025/10/15 19:39:33 POLARIS_LOG {"event":"send_rate","rate":288000,"ts":1760557173.9212885}
2025/10/15 19:39:34 POLARIS_LOG {"event":"send_rate","rate":312000,"ts":1760557174.9200368}
2025/10/15 19:39:35 POLARIS_LOG {"event":"send_rate","rate":296000,"ts":1760557175.9206781}
2025/10/15 19:39:36 POLARIS_LOG {"event":"send_rate","rate":296000,"ts":1760557176.919704}
2025/10/15 19:39:37 POLARIS_LOG {"event":"send_rate","rate":304000,"ts":1760557177.9209712}
2025/10/15 19:39:38 POLARIS_LOG {"event":"send_rate","rate":304000,"ts":1760557178.9206777}
2025/10/15 19:39:39 POLARIS_LOG {"event":"send_rate","rate":296000,"ts":1760557179.9205074}
2025/10/15 19:39:40 POLARIS_LOG {"event":"send_rate","rate":296000,"ts":1760557180.9199815}
2025/10/15 19:39:41 POLARIS_LOG {"event":"send_rate","rate":304000,"ts":1760557181.9211886}
We need to sleep for 1 seconds before we can get the results
2025/10/15 19:39:42 POLARIS_LOG {"event":"send_rate","rate":8000,"ts":1760557182.920646}
Drain Loop received packet
Drain Loop received non-nil payload
We need to sleep for 1 seconds before we can get the results
Client sent 10350 packets, server reported 10335 packets received
The network loss rate from client to server is 0.1%

S->C results
Attempted bandwidth: 0 bps / 0.00 Mbps
Achieved bandwidth: 0 bps / 0.00 Mbps
Loss rate: 0.0%
Interarrival time min/avg/max/mdev = -0.000/0.000/0.000/0.000 ms

C->S results
Attempted bandwidth: 300000 bps / 0.30 Mbps
Achieved bandwidth: 299565 bps / 0.30 Mbps
Loss rate: 0.1%
Interarrival time min/avg/max/mdev = 0.002/26.692/500.075/21.757 ms
