
Test parameters:
client->server: 279 seconds, 1000 bytes, 10462 packets
server->client: 279 seconds, 1000 bytes, 0 packets
2025/10/15 19:35:02 POLARIS_LOG {"current_rate":0,"event":"path_switch","new":"7 7","trigger":"initialization","ts":1760556902.8595283}
Polaris prober initialized with 14 paths
Polaris prober initialized with local 1-114,10.114.0.71:32755 and remote 1-112,10.112.0.71
2025/10/15 19:35:03 POLARIS_LOG {"event":"send_rate","rate":296000,"ts":1760556903.860664}
2025/10/15 19:35:04 POLARIS_LOG {"event":"send_rate","rate":304000,"ts":1760556904.8606906}
2025/10/15 19:35:05 POLARIS_LOG {"event":"send_rate","rate":296000,"ts":1760556905.8615446}
2025/10/15 19:35:06 POLARIS_LOG {"event":"send_rate","rate":304000,"ts":1760556906.8611624}
2025/10/15 19:35:07 POLARIS_LOG {"event":"send_rate","rate":296000,"ts":1760556907.8608174}
2025/10/15 19:35:08 POLARIS_LOG {"event":"send_rate","rate":304000,"ts":1760556908.862091}
2025/10/15 19:35:09 POLARIS_LOG {"event":"send_rate","rate":296000,"ts":1760556909.8614607}
2025/10/15 19:35:10 POLARIS_LOG {"event":"send_rate","rate":304000,"ts":1760556910.86065}
2025/10/15 19:35:11 POLARIS_LOG {"event":"send_rate","rate":296000,"ts":1760556911.8621519}
2025/10/15 19:35:12 POLARIS_LOG {"event":"send_rate","rate":304000,"ts":1760556912.8618824}
2025/10/15 19:35:13 POLARIS_LOG {"event":"send_rate","rate":296000,"ts":1760556913.8622277}
2025/10/15 19:35:14 POLARIS_LOG {"event":"send_rate","rate":304000,"ts":1760556914.8629942}
2025/10/15 19:35:15 POLARIS_LOG {"event":"send_rate","rate":296000,"ts":1760556915.8616927}
2025/10/15 19:35:16 POLARIS_LOG {"event":"send_rate","rate":304000,"ts":1760556916.8631866}
2025/10/15 19:35:17 POLARIS_LOG {"event":"send_rate","rate":296000,"ts":1760556917.8614893}
2025/10/15 19:35:18 POLARIS_LOG {"event":"send_rate","rate":304000,"ts":1760556918.861099}
2025/10/15 19:35:19 POLARIS_LOG {"event":"send_rate","rate":296000,"ts":1760556919.8636158}
2025/10/15 19:35:20 POLARIS_LOG {"event":"send_rate","rate":304000,"ts":1760556920.8614469}
2025/10/15 19:35:21 POLARIS_LOG {"event":"send_rate","rate":296000,"ts":1760556921.8631587}
2025/10/15 19:35:22 POLARIS_LOG {"event":"send_rate","rate":304000,"ts":1760556922.8610501}
2025/10/15 19:35:23 POLARIS_LOG {"event":"send_rate","rate":296000,"ts":1760556923.8608537}
2025/10/15 19:35:24 POLARIS_LOG {"event":"send_rate","rate":304000,"ts":1760556924.8613}
2025/10/15 19:35:25 POLARIS_LOG {"event":"send_rate","rate":296000,"ts":1760556925.8617113}
2025/10/15 19:35:26 POLARIS_LOG {"event":"send_rate","rate":304000,"ts":1760556926.8605604}
2025/10/15 19:35:27 POLARIS_LOG {"event":"send_rate","rate":296000,"ts":1760556927.8606896}
2025/10/15 19:35:28 POLARIS_LOG {"event":"send_rate","rate":304000,"ts":1760556928.860694}
2025/10/15 19:35:29 POLARIS_LOG {"event":"send_rate","rate":296000,"ts":1760556929.8621044}
2025/10/15 19:35:30 POLARIS_LOG {"event":"send_rate","rate":304000,"ts":1760556930.8617768}
2025/10/15 19:35:31 POLARIS_LOG {"event":"send_rate","rate":296000,"ts":1760556931.861424}
2025/10/15 19:35:32 POLARIS_LOG {"event":"send_rate","rate":304000,"ts":1760556932.861658}
2025/10/15 19:35:33 POLARIS_LOG {"event":"send_rate","rate":296000,"ts":1760556933.8618045}
2025/10/15 19:35:34 POLARIS_LOG {"event":"send_rate","rate":304000,"ts":1760556934.860724}
2025/10/15 19:35:35 POLARIS_LOG {"event":"send_rate","rate":272000,"ts":1760556935.8610547}
2025/10/15 19:35:36 POLARIS_LOG {"event":"send_rate","rate":176000,"ts":1760556936.8613615}
2025/10/15 19:35:37 POLARIS_LOG {"event":"send_rate","rate":184000,"ts":1760556937.8605828}
2025/10/15 19:35:38 POLARIS_LOG {"event":"send_rate","rate":168000,"ts":1760556938.8607233}
2025/10/15 19:35:39 POLARIS_LOG {"event":"send_rate","rate":200000,"ts":1760556939.860851}
2025/10/15 19:35:40 POLARIS_LOG {"event":"send_rate","rate":160000,"ts":1760556940.8609414}
2025/10/15 19:35:41 POLARIS_LOG {"event":"send_rate","rate":168000,"ts":1760556941.8609655}
2025/10/15 19:35:42 POLARIS_LOG {"event":"send_rate","rate":192000,"ts":1760556942.8613062}
2025/10/15 19:35:42 POLARIS_LOG {"candidates":9,"candidates_unfiltered":9,"current_rate":192000,"estimated_share":666500,"event":"path_switch","max_estimated_share":666500,"new":"5 5 1 1","old":"7 7","trigger":"scheduled","ts":1760556942.861687}
2025/10/15 19:35:43 POLARIS_LOG {"event":"send_rate","rate":1176000,"ts":1760556943.8612907}
2025/10/15 19:35:44 POLARIS_LOG {"event":"send_rate","rate":304000,"ts":1760556944.8617885}
2025/10/15 19:35:45 POLARIS_LOG {"event":"send_rate","rate":296000,"ts":1760556945.8616226}
2025/10/15 19:35:46 POLARIS_LOG {"event":"send_rate","rate":304000,"ts":1760556946.8615081}
2025/10/15 19:35:47 POLARIS_LOG {"event":"send_rate","rate":296000,"ts":1760556947.8609407}
2025/10/15 19:35:48 POLARIS_LOG {"event":"send_rate","rate":304000,"ts":1760556948.8612902}
2025/10/15 19:35:49 POLARIS_LOG {"event":"send_rate","rate":296000,"ts":1760556949.861919}
2025/10/15 19:35:50 POLARIS_LOG {"event":"send_rate","rate":304000,"ts":1760556950.8609471}
2025/10/15 19:35:51 POLARIS_LOG {"event":"send_rate","rate":296000,"ts":1760556951.8620017}
2025/10/15 19:35:52 POLARIS_LOG {"event":"send_rate","rate":304000,"ts":1760556952.8611429}
2025/10/15 19:35:53 POLARIS_LOG {"event":"send_rate","rate":296000,"ts":1760556953.862988}
2025/10/15 19:35:54 POLARIS_LOG {"event":"send_rate","rate":304000,"ts":1760556954.8619332}
2025/10/15 19:35:55 POLARIS_LOG {"event":"send_rate","rate":296000,"ts":1760556955.8613634}
2025/10/15 19:35:56 POLARIS_LOG {"event":"send_rate","rate":304000,"ts":1760556956.8614426}
2025/10/15 19:35:57 POLARIS_LOG {"event":"send_rate","rate":296000,"ts":1760556957.8609853}
2025/10/15 19:35:58 POLARIS_LOG {"event":"send_rate","rate":304000,"ts":1760556958.861877}
2025/10/15 19:35:59 POLARIS_LOG {"event":"send_rate","rate":296000,"ts":1760556959.8609464}
2025/10/15 19:36:00 POLARIS_LOG {"event":"send_rate","rate":304000,"ts":1760556960.8610358}
2025/10/15 19:36:01 POLARIS_LOG {"event":"send_rate","rate":296000,"ts":1760556961.8604643}
2025/10/15 19:36:02 POLARIS_LOG {"event":"send_rate","rate":304000,"ts":1760556962.8612378}
2025/10/15 19:36:03 POLARIS_LOG {"event":"send_rate","rate":296000,"ts":1760556963.860841}
2025/10/15 19:36:04 POLARIS_LOG {"event":"send_rate","rate":296000,"ts":1760556964.8613725}
2025/10/15 19:36:05 POLARIS_LOG {"event":"send_rate","rate":304000,"ts":1760556965.8605683}
2025/10/15 19:36:06 POLARIS_LOG {"event":"send_rate","rate":304000,"ts":1760556966.8606465}
2025/10/15 19:36:07 POLARIS_LOG {"event":"send_rate","rate":296000,"ts":1760556967.8607497}
2025/10/15 19:36:08 POLARIS_LOG {"event":"send_rate","rate":304000,"ts":1760556968.8608778}
2025/10/15 19:36:09 POLARIS_LOG {"event":"send_rate","rate":296000,"ts":1760556969.8620884}
2025/10/15 19:36:10 POLARIS_LOG {"event":"send_rate","rate":304000,"ts":1760556970.8609414}
2025/10/15 19:36:11 POLARIS_LOG {"event":"send_rate","rate":296000,"ts":1760556971.8613675}
2025/10/15 19:36:12 POLARIS_LOG {"event":"send_rate","rate":304000,"ts":1760556972.8610837}
2025/10/15 19:36:13 POLARIS_LOG {"event":"send_rate","rate":296000,"ts":1760556973.860651}
2025/10/15 19:36:14 POLARIS_LOG {"event":"send_rate","rate":296000,"ts":1760556974.860752}
2025/10/15 19:36:15 POLARIS_LOG {"event":"send_rate","rate":304000,"ts":1760556975.8617334}
2025/10/15 19:36:16 POLARIS_LOG {"event":"send_rate","rate":304000,"ts":1760556976.8621552}
2025/10/15 19:36:17 POLARIS_LOG {"event":"send_rate","rate":296000,"ts":1760556977.8613212}
2025/10/15 19:36:18 POLARIS_LOG {"event":"send_rate","rate":296000,"ts":1760556978.8605316}
2025/10/15 19:36:19 POLARIS_LOG {"event":"send_rate","rate":304000,"ts":1760556979.8614485}
2025/10/15 19:36:20 POLARIS_LOG {"event":"send_rate","rate":304000,"ts":1760556980.8619692}
2025/10/15 19:36:21 POLARIS_LOG {"event":"send_rate","rate":296000,"ts":1760556981.861917}
2025/10/15 19:36:22 POLARIS_LOG {"event":"send_rate","rate":304000,"ts":1760556982.8628592}
2025/10/15 19:36:23 POLARIS_LOG {"event":"send_rate","rate":296000,"ts":1760556983.8609521}
2025/10/15 19:36:24 POLARIS_LOG {"event":"send_rate","rate":296000,"ts":1760556984.860604}
2025/10/15 19:36:25 POLARIS_LOG {"event":"send_rate","rate":304000,"ts":1760556985.861564}
2025/10/15 19:36:26 POLARIS_LOG {"event":"send_rate","rate":296000,"ts":1760556986.8610582}
2025/10/15 19:36:27 POLARIS_LOG {"event":"send_rate","rate":304000,"ts":1760556987.8611393}
2025/10/15 19:36:28 POLARIS_LOG {"event":"send_rate","rate":296000,"ts":1760556988.8611386}
2025/10/15 19:36:29 POLARIS_LOG {"event":"send_rate","rate":304000,"ts":1760556989.8605475}
2025/10/15 19:36:30 POLARIS_LOG {"event":"send_rate","rate":296000,"ts":1760556990.8612468}
2025/10/15 19:36:31 POLARIS_LOG {"event":"send_rate","rate":304000,"ts":1760556991.8610191}
2025/10/15 19:36:32 POLARIS_LOG {"event":"send_rate","rate":296000,"ts":1760556992.86164}
2025/10/15 19:36:33 POLARIS_LOG {"event":"send_rate","rate":304000,"ts":1760556993.8621173}
2025/10/15 19:36:34 POLARIS_LOG {"event":"send_rate","rate":296000,"ts":1760556994.8616614}
2025/10/15 19:36:35 POLARIS_LOG {"event":"send_rate","rate":304000,"ts":1760556995.8610325}
2025/10/15 19:36:36 POLARIS_LOG {"event":"send_rate","rate":296000,"ts":1760556996.8610883}
2025/10/15 19:36:37 POLARIS_LOG {"event":"send_rate","rate":304000,"ts":1760556997.8609424}
2025/10/15 19:36:38 POLARIS_LOG {"event":"send_rate","rate":296000,"ts":1760556998.8607595}
2025/10/15 19:36:39 POLARIS_LOG {"event":"send_rate","rate":304000,"ts":1760556999.8620632}
2025/10/15 19:36:40 POLARIS_LOG {"event":"send_rate","rate":296000,"ts":1760557000.8612976}
2025/10/15 19:36:41 POLARIS_LOG {"event":"send_rate","rate":304000,"ts":1760557001.8619056}
2025/10/15 19:36:42 POLARIS_LOG {"event":"send_rate","rate":296000,"ts":1760557002.8607578}
2025/10/15 19:36:43 POLARIS_LOG {"event":"send_rate","rate":296000,"ts":1760557003.8606212}
2025/10/15 19:36:44 POLARIS_LOG {"event":"send_rate","rate":304000,"ts":1760557004.8610356}
2025/10/15 19:36:45 POLARIS_LOG {"event":"send_rate","rate":304000,"ts":1760557005.8612835}
2025/10/15 19:36:46 POLARIS_LOG {"event":"send_rate","rate":296000,"ts":1760557006.8609328}
2025/10/15 19:36:47 POLARIS_LOG {"event":"send_rate","rate":304000,"ts":1760557007.8634677}
2025/10/15 19:36:48 POLARIS_LOG {"event":"send_rate","rate":296000,"ts":1760557008.8614378}
2025/10/15 19:36:49 POLARIS_LOG {"event":"send_rate","rate":304000,"ts":1760557009.8618495}
2025/10/15 19:36:50 POLARIS_LOG {"event":"send_rate","rate":296000,"ts":1760557010.8637104}
2025/10/15 19:36:51 POLARIS_LOG {"event":"send_rate","rate":304000,"ts":1760557011.861005}
2025/10/15 19:36:52 POLARIS_LOG {"event":"send_rate","rate":296000,"ts":1760557012.860945}
2025/10/15 19:36:53 POLARIS_LOG {"event":"send_rate","rate":304000,"ts":1760557013.8608515}
2025/10/15 19:36:54 POLARIS_LOG {"event":"send_rate","rate":296000,"ts":1760557014.8607438}
2025/10/15 19:36:55 POLARIS_LOG {"event":"send_rate","rate":304000,"ts":1760557015.8607903}
2025/10/15 19:36:56 POLARIS_LOG {"event":"send_rate","rate":296000,"ts":1760557016.8616843}
2025/10/15 19:36:57 POLARIS_LOG {"event":"send_rate","rate":304000,"ts":1760557017.8653612}
2025/10/15 19:36:58 POLARIS_LOG {"event":"send_rate","rate":296000,"ts":1760557018.860855}
2025/10/15 19:36:59 POLARIS_LOG {"event":"send_rate","rate":304000,"ts":1760557019.860813}
2025/10/15 19:37:00 POLARIS_LOG {"event":"send_rate","rate":296000,"ts":1760557020.8622675}
2025/10/15 19:37:01 POLARIS_LOG {"event":"send_rate","rate":304000,"ts":1760557021.8608918}
2025/10/15 19:37:02 POLARIS_LOG {"event":"send_rate","rate":296000,"ts":1760557022.8611195}
2025/10/15 19:37:03 POLARIS_LOG {"event":"send_rate","rate":304000,"ts":1760557023.8616502}
2025/10/15 19:37:04 POLARIS_LOG {"event":"send_rate","rate":296000,"ts":1760557024.861295}
2025/10/15 19:37:05 POLARIS_LOG {"event":"send_rate","rate":304000,"ts":1760557025.8612382}
2025/10/15 19:37:06 POLARIS_LOG {"event":"send_rate","rate":296000,"ts":1760557026.8609407}
2025/10/15 19:37:07 POLARIS_LOG {"event":"send_rate","rate":304000,"ts":1760557027.8619099}
2025/10/15 19:37:08 POLARIS_LOG {"event":"send_rate","rate":296000,"ts":1760557028.86119}
2025/10/15 19:37:09 POLARIS_LOG {"event":"send_rate","rate":304000,"ts":1760557029.8608625}
2025/10/15 19:37:10 POLARIS_LOG {"event":"send_rate","rate":296000,"ts":1760557030.8608618}
2025/10/15 19:37:11 POLARIS_LOG {"event":"send_rate","rate":304000,"ts":1760557031.8609576}
2025/10/15 19:37:12 POLARIS_LOG {"event":"send_rate","rate":296000,"ts":1760557032.8628402}
2025/10/15 19:37:13 POLARIS_LOG {"event":"send_rate","rate":304000,"ts":1760557033.8634853}
2025/10/15 19:37:14 POLARIS_LOG {"event":"send_rate","rate":296000,"ts":1760557034.8613946}
2025/10/15 19:37:15 POLARIS_LOG {"event":"send_rate","rate":304000,"ts":1760557035.860626}
2025/10/15 19:37:16 POLARIS_LOG {"event":"send_rate","rate":296000,"ts":1760557036.8609335}
2025/10/15 19:37:17 POLARIS_LOG {"event":"send_rate","rate":304000,"ts":1760557037.8612523}
2025/10/15 19:37:18 POLARIS_LOG {"event":"send_rate","rate":296000,"ts":1760557038.8609426}
2025/10/15 19:37:19 POLARIS_LOG {"event":"send_rate","rate":304000,"ts":1760557039.8618002}
2025/10/15 19:37:20 POLARIS_LOG {"event":"send_rate","rate":296000,"ts":1760557040.862267}
2025/10/15 19:37:21 POLARIS_LOG {"event":"send_rate","rate":304000,"ts":1760557041.8610148}
2025/10/15 19:37:22 POLARIS_LOG {"event":"send_rate","rate":296000,"ts":1760557042.8609774}
2025/10/15 19:37:23 POLARIS_LOG {"event":"send_rate","rate":304000,"ts":1760557043.8612976}
2025/10/15 19:37:24 POLARIS_LOG {"event":"send_rate","rate":296000,"ts":1760557044.861181}
2025/10/15 19:37:25 POLARIS_LOG {"event":"send_rate","rate":304000,"ts":1760557045.8606637}
2025/10/15 19:37:26 POLARIS_LOG {"event":"send_rate","rate":296000,"ts":1760557046.8607776}
2025/10/15 19:37:27 POLARIS_LOG {"event":"send_rate","rate":304000,"ts":1760557047.8615522}
2025/10/15 19:37:28 POLARIS_LOG {"event":"send_rate","rate":296000,"ts":1760557048.8625872}
2025/10/15 19:37:29 POLARIS_LOG {"event":"send_rate","rate":304000,"ts":1760557049.8610547}
2025/10/15 19:37:30 POLARIS_LOG {"event":"send_rate","rate":296000,"ts":1760557050.8605058}
2025/10/15 19:37:31 POLARIS_LOG {"event":"send_rate","rate":304000,"ts":1760557051.8612814}
2025/10/15 19:37:32 POLARIS_LOG {"event":"send_rate","rate":296000,"ts":1760557052.8609498}
2025/10/15 19:37:33 POLARIS_LOG {"event":"send_rate","rate":304000,"ts":1760557053.8617785}
2025/10/15 19:37:34 POLARIS_LOG {"event":"send_rate","rate":296000,"ts":1760557054.8650239}
2025/10/15 19:37:35 POLARIS_LOG {"event":"send_rate","rate":304000,"ts":1760557055.86053}
2025/10/15 19:37:36 POLARIS_LOG {"event":"send_rate","rate":296000,"ts":1760557056.861871}
2025/10/15 19:37:37 POLARIS_LOG {"event":"send_rate","rate":304000,"ts":1760557057.8608968}
2025/10/15 19:37:38 POLARIS_LOG {"event":"send_rate","rate":296000,"ts":1760557058.8610508}
2025/10/15 19:37:39 POLARIS_LOG {"event":"send_rate","rate":296000,"ts":1760557059.8661888}
2025/10/15 19:37:40 POLARIS_LOG {"event":"send_rate","rate":304000,"ts":1760557060.8611693}
2025/10/15 19:37:41 POLARIS_LOG {"event":"send_rate","rate":304000,"ts":1760557061.8606734}
2025/10/15 19:37:42 POLARIS_LOG {"event":"send_rate","rate":296000,"ts":1760557062.8634503}
2025/10/15 19:37:43 POLARIS_LOG {"event":"send_rate","rate":304000,"ts":1760557063.8610168}
2025/10/15 19:37:44 POLARIS_LOG {"event":"send_rate","rate":296000,"ts":1760557064.8614054}
2025/10/15 19:37:45 POLARIS_LOG {"event":"send_rate","rate":304000,"ts":1760557065.8609016}
2025/10/15 19:37:46 POLARIS_LOG {"event":"send_rate","rate":296000,"ts":1760557066.862187}
2025/10/15 19:37:47 POLARIS_LOG {"event":"send_rate","rate":304000,"ts":1760557067.8607767}
2025/10/15 19:37:48 POLARIS_LOG {"event":"send_rate","rate":296000,"ts":1760557068.8607626}
2025/10/15 19:37:49 POLARIS_LOG {"event":"send_rate","rate":304000,"ts":1760557069.8614357}
2025/10/15 19:37:50 POLARIS_LOG {"event":"send_rate","rate":296000,"ts":1760557070.8619947}
2025/10/15 19:37:51 POLARIS_LOG {"event":"send_rate","rate":304000,"ts":1760557071.8624399}
2025/10/15 19:37:52 POLARIS_LOG {"event":"send_rate","rate":296000,"ts":1760557072.8606474}
2025/10/15 19:37:53 POLARIS_LOG {"event":"send_rate","rate":296000,"ts":1760557073.8607159}
2025/10/15 19:37:54 POLARIS_LOG {"event":"send_rate","rate":304000,"ts":1760557074.8604808}
2025/10/15 19:37:55 POLARIS_LOG {"event":"send_rate","rate":296000,"ts":1760557075.860656}
2025/10/15 19:37:56 POLARIS_LOG {"event":"send_rate","rate":304000,"ts":1760557076.863445}
2025/10/15 19:37:57 POLARIS_LOG {"event":"send_rate","rate":304000,"ts":1760557077.8631325}
2025/10/15 19:37:58 POLARIS_LOG {"event":"send_rate","rate":296000,"ts":1760557078.861433}
2025/10/15 19:37:59 POLARIS_LOG {"event":"send_rate","rate":296000,"ts":1760557079.8611255}
2025/10/15 19:38:00 POLARIS_LOG {"event":"send_rate","rate":304000,"ts":1760557080.8604803}
2025/10/15 19:38:01 POLARIS_LOG {"event":"send_rate","rate":296000,"ts":1760557081.861057}
2025/10/15 19:38:02 POLARIS_LOG {"event":"send_rate","rate":304000,"ts":1760557082.8613222}
2025/10/15 19:38:03 POLARIS_LOG {"event":"send_rate","rate":296000,"ts":1760557083.8614209}
2025/10/15 19:38:04 POLARIS_LOG {"event":"send_rate","rate":304000,"ts":1760557084.8615854}
2025/10/15 19:38:05 POLARIS_LOG {"event":"send_rate","rate":296000,"ts":1760557085.8609288}
2025/10/15 19:38:06 POLARIS_LOG {"event":"send_rate","rate":304000,"ts":1760557086.8612418}
2025/10/15 19:38:07 POLARIS_LOG {"event":"send_rate","rate":296000,"ts":1760557087.8621259}
2025/10/15 19:38:08 POLARIS_LOG {"event":"send_rate","rate":304000,"ts":1760557088.8632402}
2025/10/15 19:38:09 POLARIS_LOG {"event":"send_rate","rate":296000,"ts":1760557089.8607717}
2025/10/15 19:38:10 POLARIS_LOG {"event":"send_rate","rate":304000,"ts":1760557090.8613374}
2025/10/15 19:38:11 POLARIS_LOG {"event":"send_rate","rate":296000,"ts":1760557091.8611507}
2025/10/15 19:38:12 POLARIS_LOG {"event":"send_rate","rate":304000,"ts":1760557092.8616533}
2025/10/15 19:38:13 POLARIS_LOG {"event":"send_rate","rate":304000,"ts":1760557093.8720262}
2025/10/15 19:38:14 POLARIS_LOG {"event":"send_rate","rate":296000,"ts":1760557094.862791}
2025/10/15 19:38:15 POLARIS_LOG {"event":"send_rate","rate":296000,"ts":1760557095.8611317}
2025/10/15 19:38:16 POLARIS_LOG {"event":"send_rate","rate":304000,"ts":1760557096.8623757}
2025/10/15 19:38:17 POLARIS_LOG {"event":"send_rate","rate":296000,"ts":1760557097.8609455}
2025/10/15 19:38:18 POLARIS_LOG {"event":"send_rate","rate":304000,"ts":1760557098.861589}
2025/10/15 19:38:19 POLARIS_LOG {"event":"send_rate","rate":296000,"ts":1760557099.8610766}
2025/10/15 19:38:20 POLARIS_LOG {"event":"send_rate","rate":304000,"ts":1760557100.8615673}
2025/10/15 19:38:21 POLARIS_LOG {"event":"send_rate","rate":296000,"ts":1760557101.8615746}
2025/10/15 19:38:22 POLARIS_LOG {"event":"send_rate","rate":304000,"ts":1760557102.8656678}
2025/10/15 19:38:23 POLARIS_LOG {"event":"send_rate","rate":296000,"ts":1760557103.8613653}
2025/10/15 19:38:24 POLARIS_LOG {"event":"send_rate","rate":304000,"ts":1760557104.8611865}
2025/10/15 19:38:25 POLARIS_LOG {"event":"send_rate","rate":296000,"ts":1760557105.8621702}
2025/10/15 19:38:26 POLARIS_LOG {"event":"send_rate","rate":304000,"ts":1760557106.8613434}
2025/10/15 19:38:27 POLARIS_LOG {"event":"send_rate","rate":296000,"ts":1760557107.8610148}
2025/10/15 19:38:28 POLARIS_LOG {"event":"send_rate","rate":304000,"ts":1760557108.8615468}
2025/10/15 19:38:29 POLARIS_LOG {"event":"send_rate","rate":296000,"ts":1760557109.8610373}
2025/10/15 19:38:30 POLARIS_LOG {"event":"send_rate","rate":304000,"ts":1760557110.8607793}
2025/10/15 19:38:31 POLARIS_LOG {"event":"send_rate","rate":296000,"ts":1760557111.861071}
2025/10/15 19:38:32 POLARIS_LOG {"event":"send_rate","rate":304000,"ts":1760557112.8607485}
2025/10/15 19:38:33 POLARIS_LOG {"event":"send_rate","rate":296000,"ts":1760557113.8614686}
2025/10/15 19:38:34 POLARIS_LOG {"event":"send_rate","rate":304000,"ts":1760557114.861086}
2025/10/15 19:38:35 POLARIS_LOG {"event":"send_rate","rate":296000,"ts":1760557115.8605628}
2025/10/15 19:38:36 POLARIS_LOG {"event":"send_rate","rate":304000,"ts":1760557116.8610334}
2025/10/15 19:38:37 POLARIS_LOG {"event":"send_rate","rate":296000,"ts":1760557117.861133}
2025/10/15 19:38:38 POLARIS_LOG {"event":"send_rate","rate":304000,"ts":1760557118.8610559}
2025/10/15 19:38:39 POLARIS_LOG {"event":"send_rate","rate":296000,"ts":1760557119.8607326}
2025/10/15 19:38:40 POLARIS_LOG {"event":"send_rate","rate":304000,"ts":1760557120.860734}
2025/10/15 19:38:41 POLARIS_LOG {"event":"send_rate","rate":296000,"ts":1760557121.8623362}
2025/10/15 19:38:42 POLARIS_LOG {"event":"send_rate","rate":304000,"ts":1760557122.8628724}
2025/10/15 19:38:43 POLARIS_LOG {"event":"send_rate","rate":296000,"ts":1760557123.8607826}
2025/10/15 19:38:44 POLARIS_LOG {"event":"send_rate","rate":304000,"ts":1760557124.8612041}
2025/10/15 19:38:45 POLARIS_LOG {"event":"send_rate","rate":296000,"ts":1760557125.8619738}
2025/10/15 19:38:46 POLARIS_LOG {"event":"send_rate","rate":304000,"ts":1760557126.8614364}
2025/10/15 19:38:47 POLARIS_LOG {"event":"send_rate","rate":296000,"ts":1760557127.8614504}
2025/10/15 19:38:48 POLARIS_LOG {"event":"send_rate","rate":304000,"ts":1760557128.8604848}
2025/10/15 19:38:49 POLARIS_LOG {"event":"send_rate","rate":296000,"ts":1760557129.861183}
2025/10/15 19:38:50 POLARIS_LOG {"event":"send_rate","rate":304000,"ts":1760557130.860899}
2025/10/15 19:38:51 POLARIS_LOG {"event":"send_rate","rate":296000,"ts":1760557131.861601}
2025/10/15 19:38:52 POLARIS_LOG {"event":"send_rate","rate":304000,"ts":1760557132.860811}
2025/10/15 19:38:53 POLARIS_LOG {"event":"send_rate","rate":296000,"ts":1760557133.861317}
2025/10/15 19:38:54 POLARIS_LOG {"event":"send_rate","rate":304000,"ts":1760557134.8605437}
2025/10/15 19:38:55 POLARIS_LOG {"event":"send_rate","rate":296000,"ts":1760557135.8604999}
2025/10/15 19:38:56 POLARIS_LOG {"event":"send_rate","rate":304000,"ts":1760557136.8630142}
2025/10/15 19:38:57 POLARIS_LOG {"event":"send_rate","rate":296000,"ts":1760557137.863239}
2025/10/15 19:38:58 POLARIS_LOG {"event":"send_rate","rate":304000,"ts":1760557138.8605077}
2025/10/15 19:38:59 POLARIS_LOG {"event":"send_rate","rate":296000,"ts":1760557139.861339}
2025/10/15 19:39:00 POLARIS_LOG {"event":"send_rate","rate":304000,"ts":1760557140.8611887}
2025/10/15 19:39:01 POLARIS_LOG {"event":"send_rate","rate":296000,"ts":1760557141.8607912}
2025/10/15 19:39:02 POLARIS_LOG {"event":"send_rate","rate":304000,"ts":1760557142.862138}
2025/10/15 19:39:03 POLARIS_LOG {"event":"send_rate","rate":296000,"ts":1760557143.8617315}
2025/10/15 19:39:04 POLARIS_LOG {"event":"send_rate","rate":304000,"ts":1760557144.860919}
2025/10/15 19:39:05 POLARIS_LOG {"event":"send_rate","rate":296000,"ts":1760557145.8622332}
2025/10/15 19:39:06 POLARIS_LOG {"event":"send_rate","rate":304000,"ts":1760557146.861752}
2025/10/15 19:39:07 POLARIS_LOG {"event":"send_rate","rate":296000,"ts":1760557147.8616846}
2025/10/15 19:39:08 POLARIS_LOG {"event":"send_rate","rate":304000,"ts":1760557148.8612545}
2025/10/15 19:39:09 POLARIS_LOG {"event":"send_rate","rate":296000,"ts":1760557149.8626926}
2025/10/15 19:39:10 POLARIS_LOG {"event":"send_rate","rate":296000,"ts":1760557150.863494}
2025/10/15 19:39:11 POLARIS_LOG {"event":"send_rate","rate":304000,"ts":1760557151.860468}
2025/10/15 19:39:12 POLARIS_LOG {"event":"send_rate","rate":304000,"ts":1760557152.8609867}
2025/10/15 19:39:13 POLARIS_LOG {"event":"send_rate","rate":296000,"ts":1760557153.8622026}
2025/10/15 19:39:14 POLARIS_LOG {"event":"send_rate","rate":304000,"ts":1760557154.861104}
2025/10/15 19:39:15 POLARIS_LOG {"event":"send_rate","rate":296000,"ts":1760557155.8626015}
2025/10/15 19:39:16 POLARIS_LOG {"event":"send_rate","rate":304000,"ts":1760557156.8611972}
2025/10/15 19:39:17 POLARIS_LOG {"event":"send_rate","rate":296000,"ts":1760557157.8614287}
2025/10/15 19:39:18 POLARIS_LOG {"event":"send_rate","rate":304000,"ts":1760557158.8610535}
2025/10/15 19:39:19 POLARIS_LOG {"event":"send_rate","rate":296000,"ts":1760557159.862042}
2025/10/15 19:39:20 POLARIS_LOG {"event":"send_rate","rate":304000,"ts":1760557160.861036}
2025/10/15 19:39:21 POLARIS_LOG {"event":"send_rate","rate":296000,"ts":1760557161.860789}
2025/10/15 19:39:22 POLARIS_LOG {"event":"send_rate","rate":304000,"ts":1760557162.862032}
2025/10/15 19:39:23 POLARIS_LOG {"event":"send_rate","rate":296000,"ts":1760557163.8611252}
2025/10/15 19:39:24 POLARIS_LOG {"event":"send_rate","rate":304000,"ts":1760557164.8609126}
2025/10/15 19:39:25 POLARIS_LOG {"event":"send_rate","rate":296000,"ts":1760557165.861645}
2025/10/15 19:39:26 POLARIS_LOG {"event":"send_rate","rate":304000,"ts":1760557166.8613238}
2025/10/15 19:39:27 POLARIS_LOG {"event":"send_rate","rate":296000,"ts":1760557167.861701}
2025/10/15 19:39:28 POLARIS_LOG {"event":"send_rate","rate":304000,"ts":1760557168.8608284}
2025/10/15 19:39:29 POLARIS_LOG {"event":"send_rate","rate":296000,"ts":1760557169.8618925}
2025/10/15 19:39:30 POLARIS_LOG {"event":"send_rate","rate":296000,"ts":1760557170.8604956}
2025/10/15 19:39:31 POLARIS_LOG {"event":"send_rate","rate":304000,"ts":1760557171.8612854}
2025/10/15 19:39:32 POLARIS_LOG {"event":"send_rate","rate":304000,"ts":1760557172.8639207}
2025/10/15 19:39:33 POLARIS_LOG {"event":"send_rate","rate":296000,"ts":1760557173.8610501}
2025/10/15 19:39:34 POLARIS_LOG {"event":"send_rate","rate":296000,"ts":1760557174.8610446}
2025/10/15 19:39:35 POLARIS_LOG {"event":"send_rate","rate":304000,"ts":1760557175.8606403}
2025/10/15 19:39:36 POLARIS_LOG {"event":"send_rate","rate":304000,"ts":1760557176.8620884}
2025/10/15 19:39:37 POLARIS_LOG {"event":"send_rate","rate":296000,"ts":1760557177.860612}
2025/10/15 19:39:38 POLARIS_LOG {"event":"send_rate","rate":296000,"ts":1760557178.8609042}
2025/10/15 19:39:39 POLARIS_LOG {"event":"send_rate","rate":304000,"ts":1760557179.8626971}
2025/10/15 19:39:40 POLARIS_LOG {"event":"send_rate","rate":296000,"ts":1760557180.8613796}
2025/10/15 19:39:41 POLARIS_LOG {"event":"send_rate","rate":296000,"ts":1760557181.8717206}
We need to sleep for 1 seconds before we can get the results
2025/10/15 19:39:42 POLARIS_LOG {"event":"send_rate","rate":16000,"ts":1760557182.860801}
Drain Loop received packet
Drain Loop received non-nil payload
Client sent 10462 packets, server reported 10439 packets received
The network loss rate from client to server is 0.2%

S->C results
Attempted bandwidth: 0 bps / 0.00 Mbps
Achieved bandwidth: 0 bps / 0.00 Mbps
Loss rate: 0.0%
Interarrival time min/avg/max/mdev = -0.000/0.000/0.000/0.000 ms

C->S results
Attempted bandwidth: 299985 bps / 0.30 Mbps
Achieved bandwidth: 299326 bps / 0.30 Mbps
Loss rate: 0.2%
Interarrival time min/avg/max/mdev = 0.001/26.713/373.567/18.624 ms
