2025/10/15 19:35:08 POLARIS_LOG {"current_rate":0,"event":"path_switch","new":"7 7","trigger":"initialization","ts":1760556908.9310257}

Test parameters:
client->server: 273 seconds, 1000 bytes, 10237 packets
server->client: 273 seconds, 1000 bytes, 0 packets
Polaris prober initialized with 14 paths
Polaris prober initialized with local 1-114,10.114.0.71:32752 and remote 1-112,10.112.0.71
2025/10/15 19:35:09 POLARIS_LOG {"event":"send_rate","rate":296000,"ts":1760556909.933786}
2025/10/15 19:35:10 POLARIS_LOG {"event":"send_rate","rate":304000,"ts":1760556910.9325216}
2025/10/15 19:35:11 POLARIS_LOG {"event":"send_rate","rate":296000,"ts":1760556911.932593}
2025/10/15 19:35:12 POLARIS_LOG {"event":"send_rate","rate":304000,"ts":1760556912.9324334}
2025/10/15 19:35:13 POLARIS_LOG {"event":"send_rate","rate":296000,"ts":1760556913.9326313}
2025/10/15 19:35:14 POLARIS_LOG {"event":"send_rate","rate":304000,"ts":1760556914.9327633}
2025/10/15 19:35:15 POLARIS_LOG {"event":"send_rate","rate":296000,"ts":1760556915.9345064}
2025/10/15 19:35:16 POLARIS_LOG {"event":"send_rate","rate":304000,"ts":1760556916.932218}
2025/10/15 19:35:17 POLARIS_LOG {"event":"send_rate","rate":296000,"ts":1760556917.932751}
2025/10/15 19:35:18 POLARIS_LOG {"event":"send_rate","rate":296000,"ts":1760556918.9322245}
2025/10/15 19:35:19 POLARIS_LOG {"event":"send_rate","rate":304000,"ts":1760556919.9389372}
2025/10/15 19:35:20 POLARIS_LOG {"event":"send_rate","rate":296000,"ts":1760556920.9326808}
2025/10/15 19:35:21 POLARIS_LOG {"event":"send_rate","rate":304000,"ts":1760556921.9336796}
2025/10/15 19:35:22 POLARIS_LOG {"event":"send_rate","rate":296000,"ts":1760556922.932183}
2025/10/15 19:35:23 POLARIS_LOG {"event":"send_rate","rate":304000,"ts":1760556923.9341815}
2025/10/15 19:35:24 POLARIS_LOG {"event":"send_rate","rate":296000,"ts":1760556924.9322824}
2025/10/15 19:35:25 POLARIS_LOG {"event":"send_rate","rate":304000,"ts":1760556925.931979}
2025/10/15 19:35:26 POLARIS_LOG {"event":"send_rate","rate":296000,"ts":1760556926.9331708}
2025/10/15 19:35:27 POLARIS_LOG {"event":"send_rate","rate":304000,"ts":1760556927.933741}
2025/10/15 19:35:28 POLARIS_LOG {"event":"send_rate","rate":296000,"ts":1760556928.9325118}
2025/10/15 19:35:29 POLARIS_LOG {"event":"send_rate","rate":304000,"ts":1760556929.93191}
2025/10/15 19:35:30 POLARIS_LOG {"event":"send_rate","rate":296000,"ts":1760556930.9322627}
2025/10/15 19:35:31 POLARIS_LOG {"event":"send_rate","rate":304000,"ts":1760556931.9320762}
2025/10/15 19:35:32 POLARIS_LOG {"event":"send_rate","rate":296000,"ts":1760556932.9330635}
2025/10/15 19:35:33 POLARIS_LOG {"event":"send_rate","rate":304000,"ts":1760556933.9328842}
2025/10/15 19:35:34 POLARIS_LOG {"event":"send_rate","rate":128000,"ts":1760556934.9324663}
2025/10/15 19:35:35 POLARIS_LOG {"event":"send_rate","rate":112000,"ts":1760556935.931685}
2025/10/15 19:35:36 POLARIS_LOG {"event":"send_rate","rate":96000,"ts":1760556936.931649}
2025/10/15 19:35:37 POLARIS_LOG {"event":"send_rate","rate":64000,"ts":1760556937.9335465}
2025/10/15 19:35:38 POLARIS_LOG {"event":"send_rate","rate":104000,"ts":1760556938.9321678}
2025/10/15 19:35:39 POLARIS_LOG {"event":"send_rate","rate":144000,"ts":1760556939.9326699}
2025/10/15 19:35:40 POLARIS_LOG {"event":"send_rate","rate":152000,"ts":1760556940.931881}
2025/10/15 19:35:41 POLARIS_LOG {"event":"send_rate","rate":152000,"ts":1760556941.93263}
2025/10/15 19:35:42 POLARIS_LOG {"event":"send_rate","rate":112000,"ts":1760556942.9322414}
2025/10/15 19:35:43 POLARIS_LOG {"event":"send_rate","rate":104000,"ts":1760556943.932147}
2025/10/15 19:35:44 POLARIS_LOG {"event":"send_rate","rate":104000,"ts":1760556944.9322546}
2025/10/15 19:35:45 POLARIS_LOG {"event":"send_rate","rate":256000,"ts":1760556945.9344878}
2025/10/15 19:35:46 POLARIS_LOG {"event":"send_rate","rate":304000,"ts":1760556946.932467}
2025/10/15 19:35:47 POLARIS_LOG {"event":"send_rate","rate":264000,"ts":1760556947.9318473}
2025/10/15 19:35:48 POLARIS_LOG {"event":"send_rate","rate":264000,"ts":1760556948.93361}
2025/10/15 19:35:48 POLARIS_LOG {"candidates":5,"candidates_unfiltered":5,"current_rate":264000,"estimated_share":500000,"event":"path_switch","max_estimated_share":500000,"new":"1 3 2 5","old":"7 7","trigger":"scheduled","ts":1760556948.9336584}
2025/10/15 19:35:49 POLARIS_LOG {"event":"send_rate","rate":2440000,"ts":1760556949.9339244}
2025/10/15 19:35:50 POLARIS_LOG {"event":"send_rate","rate":296000,"ts":1760556950.931888}
2025/10/15 19:35:51 POLARIS_LOG {"event":"send_rate","rate":304000,"ts":1760556951.933001}
2025/10/15 19:35:52 POLARIS_LOG {"event":"send_rate","rate":296000,"ts":1760556952.9324381}
2025/10/15 19:35:53 POLARIS_LOG {"event":"send_rate","rate":296000,"ts":1760556953.943703}
2025/10/15 19:35:54 POLARIS_LOG {"event":"send_rate","rate":304000,"ts":1760556954.932226}
2025/10/15 19:35:55 POLARIS_LOG {"event":"send_rate","rate":304000,"ts":1760556955.9321964}
2025/10/15 19:35:56 POLARIS_LOG {"event":"send_rate","rate":296000,"ts":1760556956.932022}
2025/10/15 19:35:57 POLARIS_LOG {"event":"send_rate","rate":304000,"ts":1760556957.9322476}
2025/10/15 19:35:58 POLARIS_LOG {"event":"send_rate","rate":296000,"ts":1760556958.9337928}
2025/10/15 19:35:59 POLARIS_LOG {"event":"send_rate","rate":304000,"ts":1760556959.9317818}
2025/10/15 19:36:00 POLARIS_LOG {"event":"send_rate","rate":296000,"ts":1760556960.9320667}
2025/10/15 19:36:01 POLARIS_LOG {"event":"send_rate","rate":304000,"ts":1760556961.9329336}
2025/10/15 19:36:02 POLARIS_LOG {"event":"send_rate","rate":296000,"ts":1760556962.9321842}
2025/10/15 19:36:03 POLARIS_LOG {"event":"send_rate","rate":304000,"ts":1760556963.932797}
2025/10/15 19:36:04 POLARIS_LOG {"event":"send_rate","rate":296000,"ts":1760556964.9387584}
2025/10/15 19:36:05 POLARIS_LOG {"event":"send_rate","rate":304000,"ts":1760556965.9346259}
2025/10/15 19:36:06 POLARIS_LOG {"event":"send_rate","rate":296000,"ts":1760556966.933058}
2025/10/15 19:36:07 POLARIS_LOG {"event":"send_rate","rate":304000,"ts":1760556967.9325037}
2025/10/15 19:36:08 POLARIS_LOG {"event":"send_rate","rate":296000,"ts":1760556968.9317744}
2025/10/15 19:36:09 POLARIS_LOG {"event":"send_rate","rate":304000,"ts":1760556969.9322276}
2025/10/15 19:36:10 POLARIS_LOG {"event":"send_rate","rate":296000,"ts":1760556970.931887}
2025/10/15 19:36:11 POLARIS_LOG {"event":"send_rate","rate":304000,"ts":1760556971.9344757}
2025/10/15 19:36:12 POLARIS_LOG {"event":"send_rate","rate":296000,"ts":1760556972.9325569}
2025/10/15 19:36:13 POLARIS_LOG {"event":"send_rate","rate":304000,"ts":1760556973.9323938}
2025/10/15 19:36:14 POLARIS_LOG {"event":"send_rate","rate":296000,"ts":1760556974.9319432}
2025/10/15 19:36:15 POLARIS_LOG {"event":"send_rate","rate":304000,"ts":1760556975.9324374}
2025/10/15 19:36:16 POLARIS_LOG {"event":"send_rate","rate":296000,"ts":1760556976.9335935}
2025/10/15 19:36:17 POLARIS_LOG {"event":"send_rate","rate":304000,"ts":1760556977.9353848}
2025/10/15 19:36:18 POLARIS_LOG {"event":"send_rate","rate":296000,"ts":1760556978.9317763}
2025/10/15 19:36:19 POLARIS_LOG {"event":"send_rate","rate":304000,"ts":1760556979.9335377}
2025/10/15 19:36:20 POLARIS_LOG {"event":"send_rate","rate":296000,"ts":1760556980.9320524}
2025/10/15 19:36:21 POLARIS_LOG {"event":"send_rate","rate":304000,"ts":1760556981.9319081}
2025/10/15 19:36:22 POLARIS_LOG {"event":"send_rate","rate":296000,"ts":1760556982.9328694}
2025/10/15 19:36:23 POLARIS_LOG {"event":"send_rate","rate":304000,"ts":1760556983.9326303}
2025/10/15 19:36:24 POLARIS_LOG {"event":"send_rate","rate":296000,"ts":1760556984.9323568}
2025/10/15 19:36:25 POLARIS_LOG {"event":"send_rate","rate":304000,"ts":1760556985.9326327}
2025/10/15 19:36:26 POLARIS_LOG {"event":"send_rate","rate":296000,"ts":1760556986.934841}
2025/10/15 19:36:27 POLARIS_LOG {"event":"send_rate","rate":304000,"ts":1760556987.9322803}
2025/10/15 19:36:28 POLARIS_LOG {"event":"send_rate","rate":296000,"ts":1760556988.9319434}
2025/10/15 19:36:29 POLARIS_LOG {"event":"send_rate","rate":304000,"ts":1760556989.9321191}
2025/10/15 19:36:30 POLARIS_LOG {"event":"send_rate","rate":296000,"ts":1760556990.9324114}
2025/10/15 19:36:31 POLARIS_LOG {"event":"send_rate","rate":304000,"ts":1760556991.9319189}
2025/10/15 19:36:32 POLARIS_LOG {"event":"send_rate","rate":296000,"ts":1760556992.9321675}
2025/10/15 19:36:33 POLARIS_LOG {"event":"send_rate","rate":304000,"ts":1760556993.9327593}
2025/10/15 19:36:34 POLARIS_LOG {"event":"send_rate","rate":296000,"ts":1760556994.9316528}
2025/10/15 19:36:35 POLARIS_LOG {"event":"send_rate","rate":304000,"ts":1760556995.9332366}
2025/10/15 19:36:36 POLARIS_LOG {"event":"send_rate","rate":296000,"ts":1760556996.9331906}
2025/10/15 19:36:37 POLARIS_LOG {"event":"send_rate","rate":304000,"ts":1760556997.9338942}
2025/10/15 19:36:38 POLARIS_LOG {"event":"send_rate","rate":296000,"ts":1760556998.9323306}
2025/10/15 19:36:39 POLARIS_LOG {"event":"send_rate","rate":304000,"ts":1760556999.9317741}
2025/10/15 19:36:40 POLARIS_LOG {"event":"send_rate","rate":296000,"ts":1760557000.9325416}
2025/10/15 19:36:41 POLARIS_LOG {"event":"send_rate","rate":304000,"ts":1760557001.9322667}
2025/10/15 19:36:42 POLARIS_LOG {"event":"send_rate","rate":296000,"ts":1760557002.9317796}
2025/10/15 19:36:43 POLARIS_LOG {"event":"send_rate","rate":304000,"ts":1760557003.9476905}
2025/10/15 19:36:44 POLARIS_LOG {"event":"send_rate","rate":296000,"ts":1760557004.9323993}
2025/10/15 19:36:45 POLARIS_LOG {"event":"send_rate","rate":304000,"ts":1760557005.9352772}
2025/10/15 19:36:46 POLARIS_LOG {"event":"send_rate","rate":296000,"ts":1760557006.932581}
2025/10/15 19:36:47 POLARIS_LOG {"event":"send_rate","rate":296000,"ts":1760557007.9321713}
2025/10/15 19:36:48 POLARIS_LOG {"event":"send_rate","rate":304000,"ts":1760557008.9326198}
2025/10/15 19:36:49 POLARIS_LOG {"event":"send_rate","rate":296000,"ts":1760557009.932189}
2025/10/15 19:36:50 POLARIS_LOG {"event":"send_rate","rate":304000,"ts":1760557010.9320462}
2025/10/15 19:36:51 POLARIS_LOG {"event":"send_rate","rate":304000,"ts":1760557011.932736}
2025/10/15 19:36:52 POLARIS_LOG {"event":"send_rate","rate":296000,"ts":1760557012.9342008}
2025/10/15 19:36:53 POLARIS_LOG {"event":"send_rate","rate":304000,"ts":1760557013.93367}
2025/10/15 19:36:54 POLARIS_LOG {"event":"send_rate","rate":296000,"ts":1760557014.9325223}
2025/10/15 19:36:55 POLARIS_LOG {"event":"send_rate","rate":296000,"ts":1760557015.934836}
2025/10/15 19:36:56 POLARIS_LOG {"event":"send_rate","rate":304000,"ts":1760557016.933031}
2025/10/15 19:36:57 POLARIS_LOG {"event":"send_rate","rate":296000,"ts":1760557017.9324896}
2025/10/15 19:36:58 POLARIS_LOG {"event":"send_rate","rate":304000,"ts":1760557018.9344418}
2025/10/15 19:36:59 POLARIS_LOG {"event":"send_rate","rate":296000,"ts":1760557019.9327142}
2025/10/15 19:37:00 POLARIS_LOG {"event":"send_rate","rate":304000,"ts":1760557020.9329634}
2025/10/15 19:37:01 POLARIS_LOG {"event":"send_rate","rate":296000,"ts":1760557021.9324312}
2025/10/15 19:37:02 POLARIS_LOG {"event":"send_rate","rate":304000,"ts":1760557022.9326036}
2025/10/15 19:37:03 POLARIS_LOG {"event":"send_rate","rate":296000,"ts":1760557023.9330196}
2025/10/15 19:37:04 POLARIS_LOG {"event":"send_rate","rate":304000,"ts":1760557024.9319732}
2025/10/15 19:37:05 POLARIS_LOG {"event":"send_rate","rate":296000,"ts":1760557025.9325364}
2025/10/15 19:37:06 POLARIS_LOG {"event":"send_rate","rate":304000,"ts":1760557026.9327364}
2025/10/15 19:37:07 POLARIS_LOG {"event":"send_rate","rate":296000,"ts":1760557027.9324903}
2025/10/15 19:37:08 POLARIS_LOG {"event":"send_rate","rate":304000,"ts":1760557028.9324672}
2025/10/15 19:37:09 POLARIS_LOG {"event":"send_rate","rate":296000,"ts":1760557029.9321527}
2025/10/15 19:37:10 POLARIS_LOG {"event":"send_rate","rate":304000,"ts":1760557030.9335716}
2025/10/15 19:37:11 POLARIS_LOG {"event":"send_rate","rate":296000,"ts":1760557031.9323444}
2025/10/15 19:37:12 POLARIS_LOG {"event":"send_rate","rate":304000,"ts":1760557032.9326062}
2025/10/15 19:37:13 POLARIS_LOG {"event":"send_rate","rate":296000,"ts":1760557033.9325888}
2025/10/15 19:37:14 POLARIS_LOG {"event":"send_rate","rate":304000,"ts":1760557034.9320467}
2025/10/15 19:37:15 POLARIS_LOG {"event":"send_rate","rate":296000,"ts":1760557035.932625}
2025/10/15 19:37:16 POLARIS_LOG {"event":"send_rate","rate":304000,"ts":1760557036.9321585}
2025/10/15 19:37:17 POLARIS_LOG {"event":"send_rate","rate":296000,"ts":1760557037.932522}
2025/10/15 19:37:18 POLARIS_LOG {"event":"send_rate","rate":304000,"ts":1760557038.9323602}
2025/10/15 19:37:19 POLARIS_LOG {"event":"send_rate","rate":296000,"ts":1760557039.9323173}
2025/10/15 19:37:20 POLARIS_LOG {"event":"send_rate","rate":304000,"ts":1760557040.9325886}
2025/10/15 19:37:21 POLARIS_LOG {"event":"send_rate","rate":296000,"ts":1760557041.9335117}
2025/10/15 19:37:22 POLARIS_LOG {"event":"send_rate","rate":304000,"ts":1760557042.932011}
2025/10/15 19:37:23 POLARIS_LOG {"event":"send_rate","rate":296000,"ts":1760557043.932133}
2025/10/15 19:37:24 POLARIS_LOG {"event":"send_rate","rate":304000,"ts":1760557044.9322047}
2025/10/15 19:37:25 POLARIS_LOG {"event":"send_rate","rate":296000,"ts":1760557045.9324403}
2025/10/15 19:37:26 POLARIS_LOG {"event":"send_rate","rate":304000,"ts":1760557046.932258}
2025/10/15 19:37:27 POLARIS_LOG {"event":"send_rate","rate":296000,"ts":1760557047.9319355}
2025/10/15 19:37:28 POLARIS_LOG {"event":"send_rate","rate":304000,"ts":1760557048.9329267}
2025/10/15 19:37:29 POLARIS_LOG {"event":"send_rate","rate":296000,"ts":1760557049.9328904}
2025/10/15 19:37:30 POLARIS_LOG {"event":"send_rate","rate":304000,"ts":1760557050.9316463}
2025/10/15 19:37:31 POLARIS_LOG {"event":"send_rate","rate":296000,"ts":1760557051.932168}
2025/10/15 19:37:32 POLARIS_LOG {"event":"send_rate","rate":304000,"ts":1760557052.9321659}
2025/10/15 19:37:33 POLARIS_LOG {"event":"send_rate","rate":296000,"ts":1760557053.9321272}
2025/10/15 19:37:34 POLARIS_LOG {"event":"send_rate","rate":304000,"ts":1760557054.9322135}
2025/10/15 19:37:35 POLARIS_LOG {"event":"send_rate","rate":296000,"ts":1760557055.9347358}
2025/10/15 19:37:36 POLARIS_LOG {"event":"send_rate","rate":304000,"ts":1760557056.9380367}
2025/10/15 19:37:37 POLARIS_LOG {"event":"send_rate","rate":296000,"ts":1760557057.93197}
2025/10/15 19:37:38 POLARIS_LOG {"event":"send_rate","rate":304000,"ts":1760557058.931667}
2025/10/15 19:37:39 POLARIS_LOG {"event":"send_rate","rate":296000,"ts":1760557059.9343295}
2025/10/15 19:37:40 POLARIS_LOG {"event":"send_rate","rate":304000,"ts":1760557060.9326954}
2025/10/15 19:37:41 POLARIS_LOG {"event":"send_rate","rate":296000,"ts":1760557061.9355602}
2025/10/15 19:37:42 POLARIS_LOG {"event":"send_rate","rate":304000,"ts":1760557062.9326189}
2025/10/15 19:37:43 POLARIS_LOG {"event":"send_rate","rate":296000,"ts":1760557063.932393}
2025/10/15 19:37:44 POLARIS_LOG {"event":"send_rate","rate":304000,"ts":1760557064.9338832}
2025/10/15 19:37:45 POLARIS_LOG {"event":"send_rate","rate":296000,"ts":1760557065.931915}
2025/10/15 19:37:46 POLARIS_LOG {"event":"send_rate","rate":304000,"ts":1760557066.9322696}
2025/10/15 19:37:47 POLARIS_LOG {"event":"send_rate","rate":296000,"ts":1760557067.9326322}
2025/10/15 19:37:48 POLARIS_LOG {"event":"send_rate","rate":304000,"ts":1760557068.93387}
2025/10/15 19:37:49 POLARIS_LOG {"event":"send_rate","rate":296000,"ts":1760557069.9322577}
2025/10/15 19:37:50 POLARIS_LOG {"event":"send_rate","rate":304000,"ts":1760557070.9327135}
2025/10/15 19:37:51 POLARIS_LOG {"event":"send_rate","rate":296000,"ts":1760557071.9324627}
2025/10/15 19:37:52 POLARIS_LOG {"event":"send_rate","rate":304000,"ts":1760557072.9322145}
2025/10/15 19:37:53 POLARIS_LOG {"event":"send_rate","rate":296000,"ts":1760557073.937825}
2025/10/15 19:37:54 POLARIS_LOG {"event":"send_rate","rate":304000,"ts":1760557074.9337153}
2025/10/15 19:37:55 POLARIS_LOG {"event":"send_rate","rate":296000,"ts":1760557075.932486}
2025/10/15 19:37:56 POLARIS_LOG {"event":"send_rate","rate":304000,"ts":1760557076.9346404}
2025/10/15 19:37:57 POLARIS_LOG {"event":"send_rate","rate":296000,"ts":1760557077.9324548}
2025/10/15 19:37:58 POLARIS_LOG {"event":"send_rate","rate":304000,"ts":1760557078.9326806}
2025/10/15 19:37:59 POLARIS_LOG {"event":"send_rate","rate":296000,"ts":1760557079.9327579}
2025/10/15 19:38:00 POLARIS_LOG {"event":"send_rate","rate":304000,"ts":1760557080.9319882}
2025/10/15 19:38:01 POLARIS_LOG {"event":"send_rate","rate":296000,"ts":1760557081.9405065}
2025/10/15 19:38:02 POLARIS_LOG {"event":"send_rate","rate":304000,"ts":1760557082.9343684}
2025/10/15 19:38:03 POLARIS_LOG {"event":"send_rate","rate":296000,"ts":1760557083.9331954}
2025/10/15 19:38:04 POLARIS_LOG {"event":"send_rate","rate":304000,"ts":1760557084.9344811}
2025/10/15 19:38:05 POLARIS_LOG {"event":"send_rate","rate":296000,"ts":1760557085.932739}
2025/10/15 19:38:06 POLARIS_LOG {"event":"send_rate","rate":304000,"ts":1760557086.9323053}
2025/10/15 19:38:07 POLARIS_LOG {"event":"send_rate","rate":296000,"ts":1760557087.9412336}
2025/10/15 19:38:08 POLARIS_LOG {"event":"send_rate","rate":304000,"ts":1760557088.932249}
2025/10/15 19:38:09 POLARIS_LOG {"event":"send_rate","rate":296000,"ts":1760557089.9330227}
2025/10/15 19:38:10 POLARIS_LOG {"event":"send_rate","rate":296000,"ts":1760557090.9328935}
2025/10/15 19:38:11 POLARIS_LOG {"event":"send_rate","rate":304000,"ts":1760557091.9350865}
2025/10/15 19:38:12 POLARIS_LOG {"event":"send_rate","rate":304000,"ts":1760557092.940753}
2025/10/15 19:38:13 POLARIS_LOG {"event":"send_rate","rate":296000,"ts":1760557093.9322624}
2025/10/15 19:38:14 POLARIS_LOG {"event":"send_rate","rate":304000,"ts":1760557094.932241}
2025/10/15 19:38:15 POLARIS_LOG {"event":"send_rate","rate":296000,"ts":1760557095.9320252}
2025/10/15 19:38:16 POLARIS_LOG {"event":"send_rate","rate":304000,"ts":1760557096.9348326}
2025/10/15 19:38:17 POLARIS_LOG {"event":"send_rate","rate":296000,"ts":1760557097.9324574}
2025/10/15 19:38:18 POLARIS_LOG {"event":"send_rate","rate":304000,"ts":1760557098.9328036}
2025/10/15 19:38:19 POLARIS_LOG {"event":"send_rate","rate":296000,"ts":1760557099.932082}
2025/10/15 19:38:20 POLARIS_LOG {"event":"send_rate","rate":304000,"ts":1760557100.9323938}
2025/10/15 19:38:21 POLARIS_LOG {"event":"send_rate","rate":296000,"ts":1760557101.9339485}
2025/10/15 19:38:22 POLARIS_LOG {"event":"send_rate","rate":304000,"ts":1760557102.933693}
2025/10/15 19:38:23 POLARIS_LOG {"event":"send_rate","rate":296000,"ts":1760557103.9320893}
2025/10/15 19:38:24 POLARIS_LOG {"event":"send_rate","rate":304000,"ts":1760557104.93464}
2025/10/15 19:38:25 POLARIS_LOG {"event":"send_rate","rate":296000,"ts":1760557105.931874}
2025/10/15 19:38:26 POLARIS_LOG {"event":"send_rate","rate":304000,"ts":1760557106.9343886}
2025/10/15 19:38:27 POLARIS_LOG {"event":"send_rate","rate":296000,"ts":1760557107.9323032}
2025/10/15 19:38:28 POLARIS_LOG {"event":"send_rate","rate":296000,"ts":1760557108.9322183}
2025/10/15 19:38:29 POLARIS_LOG {"event":"send_rate","rate":304000,"ts":1760557109.9389846}
2025/10/15 19:38:30 POLARIS_LOG {"event":"send_rate","rate":304000,"ts":1760557110.9348571}
2025/10/15 19:38:31 POLARIS_LOG {"event":"send_rate","rate":296000,"ts":1760557111.9331079}
2025/10/15 19:38:32 POLARIS_LOG {"event":"send_rate","rate":296000,"ts":1760557112.9321778}
2025/10/15 19:38:33 POLARIS_LOG {"event":"send_rate","rate":304000,"ts":1760557113.9329987}
2025/10/15 19:38:34 POLARIS_LOG {"event":"send_rate","rate":296000,"ts":1760557114.93491}
2025/10/15 19:38:35 POLARIS_LOG {"event":"send_rate","rate":304000,"ts":1760557115.9325912}
2025/10/15 19:38:36 POLARIS_LOG {"event":"send_rate","rate":296000,"ts":1760557116.9316373}
2025/10/15 19:38:37 POLARIS_LOG {"event":"send_rate","rate":304000,"ts":1760557117.9326122}
2025/10/15 19:38:38 POLARIS_LOG {"event":"send_rate","rate":296000,"ts":1760557118.9327466}
2025/10/15 19:38:39 POLARIS_LOG {"event":"send_rate","rate":304000,"ts":1760557119.9331436}
2025/10/15 19:38:40 POLARIS_LOG {"event":"send_rate","rate":296000,"ts":1760557120.933475}
2025/10/15 19:38:41 POLARIS_LOG {"event":"send_rate","rate":304000,"ts":1760557121.934969}
2025/10/15 19:38:42 POLARIS_LOG {"event":"send_rate","rate":296000,"ts":1760557122.931691}
2025/10/15 19:38:43 POLARIS_LOG {"event":"send_rate","rate":304000,"ts":1760557123.931936}
2025/10/15 19:38:44 POLARIS_LOG {"event":"send_rate","rate":296000,"ts":1760557124.9320428}
2025/10/15 19:38:45 POLARIS_LOG {"event":"send_rate","rate":304000,"ts":1760557125.931999}
2025/10/15 19:38:46 POLARIS_LOG {"event":"send_rate","rate":296000,"ts":1760557126.9324303}
2025/10/15 19:38:47 POLARIS_LOG {"event":"send_rate","rate":304000,"ts":1760557127.9369605}
2025/10/15 19:38:48 POLARIS_LOG {"event":"send_rate","rate":296000,"ts":1760557128.934809}
2025/10/15 19:38:49 POLARIS_LOG {"event":"send_rate","rate":304000,"ts":1760557129.9390008}
2025/10/15 19:38:50 POLARIS_LOG {"event":"send_rate","rate":296000,"ts":1760557130.9363387}
2025/10/15 19:38:51 POLARIS_LOG {"event":"send_rate","rate":304000,"ts":1760557131.932814}
2025/10/15 19:38:52 POLARIS_LOG {"event":"send_rate","rate":296000,"ts":1760557132.9323325}
2025/10/15 19:38:53 POLARIS_LOG {"event":"send_rate","rate":304000,"ts":1760557133.9320593}
2025/10/15 19:38:54 POLARIS_LOG {"event":"send_rate","rate":296000,"ts":1760557134.9330795}
2025/10/15 19:38:55 POLARIS_LOG {"event":"send_rate","rate":304000,"ts":1760557135.933432}
2025/10/15 19:38:56 POLARIS_LOG {"event":"send_rate","rate":296000,"ts":1760557136.9329371}
2025/10/15 19:38:57 POLARIS_LOG {"event":"send_rate","rate":304000,"ts":1760557137.9316876}
2025/10/15 19:38:58 POLARIS_LOG {"event":"send_rate","rate":296000,"ts":1760557138.9325335}
2025/10/15 19:38:59 POLARIS_LOG {"event":"send_rate","rate":304000,"ts":1760557139.9353878}
2025/10/15 19:39:00 POLARIS_LOG {"event":"send_rate","rate":296000,"ts":1760557140.931665}
2025/10/15 19:39:01 POLARIS_LOG {"event":"send_rate","rate":304000,"ts":1760557141.9322135}
2025/10/15 19:39:02 POLARIS_LOG {"event":"send_rate","rate":296000,"ts":1760557142.9321861}
2025/10/15 19:39:03 POLARIS_LOG {"event":"send_rate","rate":304000,"ts":1760557143.9333653}
2025/10/15 19:39:04 POLARIS_LOG {"event":"send_rate","rate":296000,"ts":1760557144.9329977}
2025/10/15 19:39:05 POLARIS_LOG {"event":"send_rate","rate":304000,"ts":1760557145.935306}
2025/10/15 19:39:06 POLARIS_LOG {"event":"send_rate","rate":296000,"ts":1760557146.9316816}
2025/10/15 19:39:07 POLARIS_LOG {"event":"send_rate","rate":304000,"ts":1760557147.9333282}
2025/10/15 19:39:08 POLARIS_LOG {"event":"send_rate","rate":296000,"ts":1760557148.9328053}
2025/10/15 19:39:09 POLARIS_LOG {"event":"send_rate","rate":304000,"ts":1760557149.931667}
2025/10/15 19:39:10 POLARIS_LOG {"event":"send_rate","rate":296000,"ts":1760557150.9335213}
2025/10/15 19:39:11 POLARIS_LOG {"event":"send_rate","rate":304000,"ts":1760557151.9327784}
2025/10/15 19:39:12 POLARIS_LOG {"event":"send_rate","rate":296000,"ts":1760557152.9329255}
2025/10/15 19:39:13 POLARIS_LOG {"event":"send_rate","rate":304000,"ts":1760557153.9326987}
2025/10/15 19:39:14 POLARIS_LOG {"event":"send_rate","rate":296000,"ts":1760557154.9324205}
2025/10/15 19:39:15 POLARIS_LOG {"event":"send_rate","rate":304000,"ts":1760557155.9327996}
2025/10/15 19:39:16 POLARIS_LOG {"event":"send_rate","rate":296000,"ts":1760557156.9325807}
2025/10/15 19:39:17 POLARIS_LOG {"event":"send_rate","rate":304000,"ts":1760557157.932764}
2025/10/15 19:39:18 POLARIS_LOG {"event":"send_rate","rate":296000,"ts":1760557158.934047}
2025/10/15 19:39:19 POLARIS_LOG {"event":"send_rate","rate":304000,"ts":1760557159.9325423}
2025/10/15 19:39:20 POLARIS_LOG {"event":"send_rate","rate":296000,"ts":1760557160.9325235}
2025/10/15 19:39:21 POLARIS_LOG {"event":"send_rate","rate":304000,"ts":1760557161.932328}
2025/10/15 19:39:22 POLARIS_LOG {"event":"send_rate","rate":296000,"ts":1760557162.932343}
2025/10/15 19:39:23 POLARIS_LOG {"event":"send_rate","rate":304000,"ts":1760557163.932296}
2025/10/15 19:39:24 POLARIS_LOG {"event":"send_rate","rate":296000,"ts":1760557164.9322696}
2025/10/15 19:39:25 POLARIS_LOG {"event":"send_rate","rate":304000,"ts":1760557165.9326549}
2025/10/15 19:39:26 POLARIS_LOG {"event":"send_rate","rate":296000,"ts":1760557166.9321222}
2025/10/15 19:39:27 POLARIS_LOG {"event":"send_rate","rate":304000,"ts":1760557167.9320302}
2025/10/15 19:39:28 POLARIS_LOG {"event":"send_rate","rate":296000,"ts":1760557168.9326398}
2025/10/15 19:39:29 POLARIS_LOG {"event":"send_rate","rate":304000,"ts":1760557169.9329998}
2025/10/15 19:39:30 POLARIS_LOG {"event":"send_rate","rate":296000,"ts":1760557170.9326198}
2025/10/15 19:39:31 POLARIS_LOG {"event":"send_rate","rate":304000,"ts":1760557171.9324636}
2025/10/15 19:39:32 POLARIS_LOG {"event":"send_rate","rate":296000,"ts":1760557172.932133}
2025/10/15 19:39:33 POLARIS_LOG {"event":"send_rate","rate":304000,"ts":1760557173.9327471}
2025/10/15 19:39:34 POLARIS_LOG {"event":"send_rate","rate":296000,"ts":1760557174.9317374}
2025/10/15 19:39:35 POLARIS_LOG {"event":"send_rate","rate":304000,"ts":1760557175.9319339}
2025/10/15 19:39:36 POLARIS_LOG {"event":"send_rate","rate":296000,"ts":1760557176.933774}
2025/10/15 19:39:37 POLARIS_LOG {"event":"send_rate","rate":288000,"ts":1760557177.9500022}
2025/10/15 19:39:38 POLARIS_LOG {"event":"send_rate","rate":312000,"ts":1760557178.9321582}
2025/10/15 19:39:39 POLARIS_LOG {"event":"send_rate","rate":304000,"ts":1760557179.9323597}
2025/10/15 19:39:40 POLARIS_LOG {"event":"send_rate","rate":296000,"ts":1760557180.9322143}
2025/10/15 19:39:41 POLARIS_LOG {"event":"send_rate","rate":304000,"ts":1760557181.946635}
We need to sleep for 1 seconds before we can get the results
2025/10/15 19:39:42 POLARIS_LOG {"event":"send_rate","rate":8000,"ts":1760557182.9324355}
Drain Loop received packet
Drain Loop received non-nil payload
Client sent 10237 packets, server reported 10227 packets received
The network loss rate from client to server is 0.1%

S->C results
Attempted bandwidth: 0 bps / 0.00 Mbps
Achieved bandwidth: 0 bps / 0.00 Mbps
Loss rate: 0.0%
Interarrival time min/avg/max/mdev = -0.000/0.000/0.000/0.000 ms

C->S results
Attempted bandwidth: 299985 bps / 0.30 Mbps
Achieved bandwidth: 299692 bps / 0.30 Mbps
Loss rate: 0.1%
Interarrival time min/avg/max/mdev = 0.002/26.693/707.930/26.101 ms
