
Test parameters:
client->server: 291 seconds, 1000 bytes, 10912 packets
server->client: 291 seconds, 1000 bytes, 0 packets
Polaris prober initialized with 14 paths
Polaris prober initialized with local 1-114,10.114.0.71:32761 and remote 1-112,10.112.0.71
2025/10/15 19:34:50 POLARIS_LOG {"current_rate":0,"event":"path_switch","new":"7 7","trigger":"initialization","ts":1760556890.8435707}
2025/10/15 19:34:51 POLARIS_LOG {"event":"send_rate","rate":304000,"ts":1760556891.845469}
2025/10/15 19:34:52 POLARIS_LOG {"event":"send_rate","rate":296000,"ts":1760556892.8450527}
2025/10/15 19:34:53 POLARIS_LOG {"event":"send_rate","rate":304000,"ts":1760556893.84465}
2025/10/15 19:34:54 POLARIS_LOG {"event":"send_rate","rate":296000,"ts":1760556894.8449001}
2025/10/15 19:34:55 POLARIS_LOG {"event":"send_rate","rate":304000,"ts":1760556895.845292}
2025/10/15 19:34:56 POLARIS_LOG {"event":"send_rate","rate":296000,"ts":1760556896.8453288}
2025/10/15 19:34:57 POLARIS_LOG {"event":"send_rate","rate":304000,"ts":1760556897.8449602}
2025/10/15 19:34:58 POLARIS_LOG {"event":"send_rate","rate":296000,"ts":1760556898.8463285}
2025/10/15 19:34:59 POLARIS_LOG {"event":"send_rate","rate":304000,"ts":1760556899.8450325}
2025/10/15 19:35:00 POLARIS_LOG {"event":"send_rate","rate":296000,"ts":1760556900.845042}
2025/10/15 19:35:01 POLARIS_LOG {"event":"send_rate","rate":296000,"ts":1760556901.8448513}
2025/10/15 19:35:02 POLARIS_LOG {"event":"send_rate","rate":304000,"ts":1760556902.845171}
2025/10/15 19:35:03 POLARIS_LOG {"event":"send_rate","rate":304000,"ts":1760556903.8460505}
2025/10/15 19:35:04 POLARIS_LOG {"event":"send_rate","rate":296000,"ts":1760556904.8447554}
2025/10/15 19:35:05 POLARIS_LOG {"event":"send_rate","rate":296000,"ts":1760556905.8447268}
2025/10/15 19:35:06 POLARIS_LOG {"event":"send_rate","rate":304000,"ts":1760556906.8453307}
2025/10/15 19:35:07 POLARIS_LOG {"event":"send_rate","rate":296000,"ts":1760556907.8453288}
2025/10/15 19:35:08 POLARIS_LOG {"event":"send_rate","rate":304000,"ts":1760556908.845557}
2025/10/15 19:35:09 POLARIS_LOG {"event":"send_rate","rate":304000,"ts":1760556909.845584}
2025/10/15 19:35:10 POLARIS_LOG {"event":"send_rate","rate":296000,"ts":1760556910.845176}
2025/10/15 19:35:11 POLARIS_LOG {"event":"send_rate","rate":296000,"ts":1760556911.8449483}
2025/10/15 19:35:12 POLARIS_LOG {"event":"send_rate","rate":304000,"ts":1760556912.8453684}
2025/10/15 19:35:13 POLARIS_LOG {"event":"send_rate","rate":296000,"ts":1760556913.8449903}
2025/10/15 19:35:14 POLARIS_LOG {"event":"send_rate","rate":304000,"ts":1760556914.8457444}
2025/10/15 19:35:15 POLARIS_LOG {"event":"send_rate","rate":296000,"ts":1760556915.845446}
2025/10/15 19:35:16 POLARIS_LOG {"event":"send_rate","rate":304000,"ts":1760556916.844911}
2025/10/15 19:35:17 POLARIS_LOG {"event":"send_rate","rate":296000,"ts":1760556917.8453507}
2025/10/15 19:35:18 POLARIS_LOG {"event":"send_rate","rate":304000,"ts":1760556918.8448012}
2025/10/15 19:35:19 POLARIS_LOG {"event":"send_rate","rate":296000,"ts":1760556919.8449802}
2025/10/15 19:35:20 POLARIS_LOG {"event":"send_rate","rate":304000,"ts":1760556920.8454764}
2025/10/15 19:35:21 POLARIS_LOG {"event":"send_rate","rate":296000,"ts":1760556921.8452713}
2025/10/15 19:35:22 POLARIS_LOG {"event":"send_rate","rate":304000,"ts":1760556922.8454423}
2025/10/15 19:35:23 POLARIS_LOG {"event":"send_rate","rate":296000,"ts":1760556923.844831}
2025/10/15 19:35:24 POLARIS_LOG {"event":"send_rate","rate":304000,"ts":1760556924.845674}
2025/10/15 19:35:25 POLARIS_LOG {"event":"send_rate","rate":296000,"ts":1760556925.8448458}
2025/10/15 19:35:26 POLARIS_LOG {"event":"send_rate","rate":304000,"ts":1760556926.844817}
2025/10/15 19:35:27 POLARIS_LOG {"event":"send_rate","rate":296000,"ts":1760556927.8452528}
2025/10/15 19:35:28 POLARIS_LOG {"event":"send_rate","rate":304000,"ts":1760556928.845919}
2025/10/15 19:35:29 POLARIS_LOG {"event":"send_rate","rate":296000,"ts":1760556929.8476384}
2025/10/15 19:35:30 POLARIS_LOG {"event":"send_rate","rate":304000,"ts":1760556930.8451169}
2025/10/15 19:35:31 POLARIS_LOG {"event":"send_rate","rate":296000,"ts":1760556931.8449104}
2025/10/15 19:35:32 POLARIS_LOG {"event":"send_rate","rate":304000,"ts":1760556932.844828}
2025/10/15 19:35:33 POLARIS_LOG {"event":"send_rate","rate":296000,"ts":1760556933.8450797}
2025/10/15 19:35:34 POLARIS_LOG {"event":"send_rate","rate":176000,"ts":1760556934.844778}
2025/10/15 19:35:35 POLARIS_LOG {"event":"send_rate","rate":144000,"ts":1760556935.8454978}
2025/10/15 19:35:36 POLARIS_LOG {"event":"send_rate","rate":184000,"ts":1760556936.845299}
2025/10/15 19:35:37 POLARIS_LOG {"event":"send_rate","rate":168000,"ts":1760556937.8455806}
2025/10/15 19:35:38 POLARIS_LOG {"event":"send_rate","rate":120000,"ts":1760556938.8451583}
2025/10/15 19:35:39 POLARIS_LOG {"event":"send_rate","rate":88000,"ts":1760556939.8449075}
2025/10/15 19:35:40 POLARIS_LOG {"event":"send_rate","rate":96000,"ts":1760556940.8448308}
2025/10/15 19:35:41 POLARIS_LOG {"event":"send_rate","rate":120000,"ts":1760556941.8452632}
2025/10/15 19:35:42 POLARIS_LOG {"event":"send_rate","rate":136000,"ts":1760556942.8448358}
2025/10/15 19:35:43 POLARIS_LOG {"event":"send_rate","rate":136000,"ts":1760556943.8448627}
2025/10/15 19:35:44 POLARIS_LOG {"event":"send_rate","rate":200000,"ts":1760556944.845286}
2025/10/15 19:35:45 POLARIS_LOG {"event":"send_rate","rate":152000,"ts":1760556945.8450503}
2025/10/15 19:35:46 POLARIS_LOG {"event":"send_rate","rate":264000,"ts":1760556946.8450053}
2025/10/15 19:35:47 POLARIS_LOG {"event":"send_rate","rate":312000,"ts":1760556947.8446853}
2025/10/15 19:35:48 POLARIS_LOG {"event":"send_rate","rate":368000,"ts":1760556948.8447568}
2025/10/15 19:35:49 POLARIS_LOG {"event":"send_rate","rate":288000,"ts":1760556949.8455803}
2025/10/15 19:35:50 POLARIS_LOG {"event":"send_rate","rate":920000,"ts":1760556950.8446863}
2025/10/15 19:35:51 POLARIS_LOG {"event":"send_rate","rate":1064000,"ts":1760556951.8456795}
2025/10/15 19:35:52 POLARIS_LOG {"event":"send_rate","rate":768000,"ts":1760556952.8452137}
2025/10/15 19:35:53 POLARIS_LOG {"event":"send_rate","rate":296000,"ts":1760556953.8451698}
2025/10/15 19:35:54 POLARIS_LOG {"event":"send_rate","rate":304000,"ts":1760556954.8457282}
2025/10/15 19:35:55 POLARIS_LOG {"event":"send_rate","rate":296000,"ts":1760556955.8448706}
2025/10/15 19:35:56 POLARIS_LOG {"event":"send_rate","rate":304000,"ts":1760556956.84523}
2025/10/15 19:35:57 POLARIS_LOG {"event":"send_rate","rate":296000,"ts":1760556957.8471258}
2025/10/15 19:35:58 POLARIS_LOG {"event":"send_rate","rate":304000,"ts":1760556958.8459249}
2025/10/15 19:35:59 POLARIS_LOG {"event":"send_rate","rate":296000,"ts":1760556959.8455522}
2025/10/15 19:36:00 POLARIS_LOG {"event":"send_rate","rate":304000,"ts":1760556960.845372}
2025/10/15 19:36:01 POLARIS_LOG {"event":"send_rate","rate":296000,"ts":1760556961.8455362}
2025/10/15 19:36:02 POLARIS_LOG {"event":"send_rate","rate":304000,"ts":1760556962.8452742}
2025/10/15 19:36:03 POLARIS_LOG {"event":"send_rate","rate":296000,"ts":1760556963.8450835}
2025/10/15 19:36:04 POLARIS_LOG {"event":"send_rate","rate":304000,"ts":1760556964.8487926}
2025/10/15 19:36:05 POLARIS_LOG {"event":"send_rate","rate":296000,"ts":1760556965.8452194}
2025/10/15 19:36:06 POLARIS_LOG {"event":"send_rate","rate":304000,"ts":1760556966.845379}
2025/10/15 19:36:07 POLARIS_LOG {"event":"send_rate","rate":296000,"ts":1760556967.8449535}
2025/10/15 19:36:08 POLARIS_LOG {"event":"send_rate","rate":304000,"ts":1760556968.8450062}
2025/10/15 19:36:09 POLARIS_LOG {"event":"send_rate","rate":288000,"ts":1760556969.8483868}
2025/10/15 19:36:10 POLARIS_LOG {"event":"send_rate","rate":312000,"ts":1760556970.8455136}
2025/10/15 19:36:11 POLARIS_LOG {"event":"send_rate","rate":296000,"ts":1760556971.845744}
2025/10/15 19:36:12 POLARIS_LOG {"event":"send_rate","rate":304000,"ts":1760556972.8452547}
2025/10/15 19:36:13 POLARIS_LOG {"event":"send_rate","rate":296000,"ts":1760556973.8447003}
2025/10/15 19:36:14 POLARIS_LOG {"event":"send_rate","rate":304000,"ts":1760556974.8447633}
2025/10/15 19:36:15 POLARIS_LOG {"event":"send_rate","rate":296000,"ts":1760556975.8455522}
2025/10/15 19:36:16 POLARIS_LOG {"event":"send_rate","rate":304000,"ts":1760556976.8449063}
2025/10/15 19:36:17 POLARIS_LOG {"event":"send_rate","rate":296000,"ts":1760556977.8450491}
2025/10/15 19:36:18 POLARIS_LOG {"event":"send_rate","rate":304000,"ts":1760556978.8448682}
2025/10/15 19:36:19 POLARIS_LOG {"event":"send_rate","rate":296000,"ts":1760556979.8447976}
2025/10/15 19:36:20 POLARIS_LOG {"event":"send_rate","rate":304000,"ts":1760556980.845012}
2025/10/15 19:36:21 POLARIS_LOG {"event":"send_rate","rate":296000,"ts":1760556981.844848}
2025/10/15 19:36:22 POLARIS_LOG {"event":"send_rate","rate":304000,"ts":1760556982.845306}
2025/10/15 19:36:23 POLARIS_LOG {"event":"send_rate","rate":296000,"ts":1760556983.8454936}
2025/10/15 19:36:24 POLARIS_LOG {"event":"send_rate","rate":304000,"ts":1760556984.84478}
2025/10/15 19:36:25 POLARIS_LOG {"event":"send_rate","rate":296000,"ts":1760556985.8520396}
2025/10/15 19:36:26 POLARIS_LOG {"event":"send_rate","rate":304000,"ts":1760556986.8452623}
2025/10/15 19:36:27 POLARIS_LOG {"event":"send_rate","rate":296000,"ts":1760556987.8451765}
2025/10/15 19:36:28 POLARIS_LOG {"event":"send_rate","rate":304000,"ts":1760556988.845644}
2025/10/15 19:36:29 POLARIS_LOG {"event":"send_rate","rate":296000,"ts":1760556989.845536}
2025/10/15 19:36:30 POLARIS_LOG {"event":"send_rate","rate":304000,"ts":1760556990.845047}
2025/10/15 19:36:31 POLARIS_LOG {"event":"send_rate","rate":296000,"ts":1760556991.8455267}
2025/10/15 19:36:32 POLARIS_LOG {"event":"send_rate","rate":304000,"ts":1760556992.8450918}
2025/10/15 19:36:33 POLARIS_LOG {"event":"send_rate","rate":296000,"ts":1760556993.8446715}
2025/10/15 19:36:34 POLARIS_LOG {"event":"send_rate","rate":304000,"ts":1760556994.8464253}
2025/10/15 19:36:35 POLARIS_LOG {"event":"send_rate","rate":296000,"ts":1760556995.845648}
2025/10/15 19:36:36 POLARIS_LOG {"event":"send_rate","rate":296000,"ts":1760556996.8447351}
2025/10/15 19:36:37 POLARIS_LOG {"event":"send_rate","rate":304000,"ts":1760556997.8459759}
2025/10/15 19:36:38 POLARIS_LOG {"event":"send_rate","rate":296000,"ts":1760556998.8461301}
2025/10/15 19:36:39 POLARIS_LOG {"event":"send_rate","rate":304000,"ts":1760556999.8459735}
2025/10/15 19:36:40 POLARIS_LOG {"event":"send_rate","rate":296000,"ts":1760557000.8448024}
2025/10/15 19:36:41 POLARIS_LOG {"event":"send_rate","rate":304000,"ts":1760557001.845491}
2025/10/15 19:36:42 POLARIS_LOG {"event":"send_rate","rate":296000,"ts":1760557002.8447347}
2025/10/15 19:36:43 POLARIS_LOG {"event":"send_rate","rate":312000,"ts":1760557003.874061}
2025/10/15 19:36:44 POLARIS_LOG {"event":"send_rate","rate":296000,"ts":1760557004.845454}
2025/10/15 19:36:45 POLARIS_LOG {"event":"send_rate","rate":296000,"ts":1760557005.846971}
2025/10/15 19:36:46 POLARIS_LOG {"event":"send_rate","rate":296000,"ts":1760557006.8473034}
2025/10/15 19:36:47 POLARIS_LOG {"event":"send_rate","rate":304000,"ts":1760557007.8446527}
2025/10/15 19:36:48 POLARIS_LOG {"event":"send_rate","rate":296000,"ts":1760557008.845219}
2025/10/15 19:36:49 POLARIS_LOG {"event":"send_rate","rate":304000,"ts":1760557009.8457606}
2025/10/15 19:36:50 POLARIS_LOG {"event":"send_rate","rate":296000,"ts":1760557010.8455014}
2025/10/15 19:36:51 POLARIS_LOG {"event":"send_rate","rate":304000,"ts":1760557011.8452687}
2025/10/15 19:36:52 POLARIS_LOG {"event":"send_rate","rate":296000,"ts":1760557012.8453488}
2025/10/15 19:36:53 POLARIS_LOG {"event":"send_rate","rate":304000,"ts":1760557013.845503}
2025/10/15 19:36:54 POLARIS_LOG {"event":"send_rate","rate":296000,"ts":1760557014.8456092}
2025/10/15 19:36:55 POLARIS_LOG {"event":"send_rate","rate":304000,"ts":1760557015.84565}
2025/10/15 19:36:56 POLARIS_LOG {"event":"send_rate","rate":304000,"ts":1760557016.8504803}
2025/10/15 19:36:57 POLARIS_LOG {"event":"send_rate","rate":296000,"ts":1760557017.8451931}
2025/10/15 19:36:58 POLARIS_LOG {"event":"send_rate","rate":296000,"ts":1760557018.8452756}
2025/10/15 19:36:59 POLARIS_LOG {"event":"send_rate","rate":304000,"ts":1760557019.8451664}
2025/10/15 19:37:00 POLARIS_LOG {"event":"send_rate","rate":296000,"ts":1760557020.8452613}
2025/10/15 19:37:01 POLARIS_LOG {"event":"send_rate","rate":304000,"ts":1760557021.8472915}
2025/10/15 19:37:02 POLARIS_LOG {"event":"send_rate","rate":296000,"ts":1760557022.8453977}
2025/10/15 19:37:03 POLARIS_LOG {"event":"send_rate","rate":304000,"ts":1760557023.845147}
2025/10/15 19:37:04 POLARIS_LOG {"event":"send_rate","rate":296000,"ts":1760557024.845024}
2025/10/15 19:37:05 POLARIS_LOG {"event":"send_rate","rate":304000,"ts":1760557025.8455193}
2025/10/15 19:37:06 POLARIS_LOG {"event":"send_rate","rate":296000,"ts":1760557026.845191}
2025/10/15 19:37:07 POLARIS_LOG {"event":"send_rate","rate":304000,"ts":1760557027.8449287}
2025/10/15 19:37:08 POLARIS_LOG {"event":"send_rate","rate":296000,"ts":1760557028.8446949}
2025/10/15 19:37:09 POLARIS_LOG {"event":"send_rate","rate":304000,"ts":1760557029.8457859}
2025/10/15 19:37:10 POLARIS_LOG {"event":"send_rate","rate":296000,"ts":1760557030.8473382}
2025/10/15 19:37:11 POLARIS_LOG {"event":"send_rate","rate":304000,"ts":1760557031.8449125}
2025/10/15 19:37:12 POLARIS_LOG {"event":"send_rate","rate":296000,"ts":1760557032.8455498}
2025/10/15 19:37:13 POLARIS_LOG {"event":"send_rate","rate":304000,"ts":1760557033.8454769}
2025/10/15 19:37:14 POLARIS_LOG {"event":"send_rate","rate":296000,"ts":1760557034.8447053}
2025/10/15 19:37:15 POLARIS_LOG {"event":"send_rate","rate":304000,"ts":1760557035.845004}
2025/10/15 19:37:16 POLARIS_LOG {"event":"send_rate","rate":296000,"ts":1760557036.8455405}
2025/10/15 19:37:17 POLARIS_LOG {"event":"send_rate","rate":304000,"ts":1760557037.8452199}
2025/10/15 19:37:18 POLARIS_LOG {"event":"send_rate","rate":296000,"ts":1760557038.8450367}
2025/10/15 19:37:19 POLARIS_LOG {"event":"send_rate","rate":304000,"ts":1760557039.8452759}
2025/10/15 19:37:20 POLARIS_LOG {"event":"send_rate","rate":296000,"ts":1760557040.8452263}
2025/10/15 19:37:21 POLARIS_LOG {"event":"send_rate","rate":304000,"ts":1760557041.8471088}
2025/10/15 19:37:22 POLARIS_LOG {"event":"send_rate","rate":296000,"ts":1760557042.8452957}
2025/10/15 19:37:23 POLARIS_LOG {"event":"send_rate","rate":304000,"ts":1760557043.8452039}
2025/10/15 19:37:24 POLARIS_LOG {"event":"send_rate","rate":296000,"ts":1760557044.845159}
2025/10/15 19:37:25 POLARIS_LOG {"event":"send_rate","rate":304000,"ts":1760557045.8448105}
2025/10/15 19:37:26 POLARIS_LOG {"event":"send_rate","rate":296000,"ts":1760557046.8456142}
2025/10/15 19:37:27 POLARIS_LOG {"event":"send_rate","rate":304000,"ts":1760557047.8456264}
2025/10/15 19:37:28 POLARIS_LOG {"event":"send_rate","rate":296000,"ts":1760557048.8449073}
2025/10/15 19:37:29 POLARIS_LOG {"event":"send_rate","rate":304000,"ts":1760557049.8452282}
2025/10/15 19:37:30 POLARIS_LOG {"event":"send_rate","rate":296000,"ts":1760557050.8460586}
2025/10/15 19:37:31 POLARIS_LOG {"event":"send_rate","rate":304000,"ts":1760557051.8450475}
2025/10/15 19:37:32 POLARIS_LOG {"event":"send_rate","rate":296000,"ts":1760557052.8470514}
2025/10/15 19:37:33 POLARIS_LOG {"event":"send_rate","rate":304000,"ts":1760557053.8449976}
2025/10/15 19:37:34 POLARIS_LOG {"event":"send_rate","rate":296000,"ts":1760557054.8481417}
2025/10/15 19:37:35 POLARIS_LOG {"event":"send_rate","rate":304000,"ts":1760557055.8453152}
2025/10/15 19:37:36 POLARIS_LOG {"event":"send_rate","rate":296000,"ts":1760557056.8452966}
2025/10/15 19:37:37 POLARIS_LOG {"event":"send_rate","rate":304000,"ts":1760557057.845021}
2025/10/15 19:37:38 POLARIS_LOG {"event":"send_rate","rate":296000,"ts":1760557058.8454504}
2025/10/15 19:37:39 POLARIS_LOG {"event":"send_rate","rate":304000,"ts":1760557059.845318}
2025/10/15 19:37:40 POLARIS_LOG {"event":"send_rate","rate":296000,"ts":1760557060.8450224}
2025/10/15 19:37:41 POLARIS_LOG {"event":"send_rate","rate":304000,"ts":1760557061.8451312}
2025/10/15 19:37:42 POLARIS_LOG {"event":"send_rate","rate":296000,"ts":1760557062.8467546}
2025/10/15 19:37:43 POLARIS_LOG {"event":"send_rate","rate":304000,"ts":1760557063.8472798}
2025/10/15 19:37:44 POLARIS_LOG {"event":"send_rate","rate":296000,"ts":1760557064.8448582}
2025/10/15 19:37:45 POLARIS_LOG {"event":"send_rate","rate":304000,"ts":1760557065.8447702}
2025/10/15 19:37:46 POLARIS_LOG {"event":"send_rate","rate":296000,"ts":1760557066.8462331}
2025/10/15 19:37:47 POLARIS_LOG {"event":"send_rate","rate":304000,"ts":1760557067.8457358}
2025/10/15 19:37:48 POLARIS_LOG {"event":"send_rate","rate":296000,"ts":1760557068.8453867}
2025/10/15 19:37:49 POLARIS_LOG {"event":"send_rate","rate":304000,"ts":1760557069.8472762}
2025/10/15 19:37:50 POLARIS_LOG {"event":"send_rate","rate":296000,"ts":1760557070.8477893}
2025/10/15 19:37:51 POLARIS_LOG {"event":"send_rate","rate":304000,"ts":1760557071.8458683}
2025/10/15 19:37:52 POLARIS_LOG {"event":"send_rate","rate":296000,"ts":1760557072.8448594}
2025/10/15 19:37:53 POLARIS_LOG {"event":"send_rate","rate":304000,"ts":1760557073.8455465}
2025/10/15 19:37:54 POLARIS_LOG {"event":"send_rate","rate":296000,"ts":1760557074.8453765}
2025/10/15 19:37:55 POLARIS_LOG {"event":"send_rate","rate":304000,"ts":1760557075.8483517}
2025/10/15 19:37:56 POLARIS_LOG {"event":"send_rate","rate":296000,"ts":1760557076.8456788}
2025/10/15 19:37:57 POLARIS_LOG {"event":"send_rate","rate":304000,"ts":1760557077.8456376}
2025/10/15 19:37:58 POLARIS_LOG {"event":"send_rate","rate":296000,"ts":1760557078.8449388}
2025/10/15 19:37:59 POLARIS_LOG {"event":"send_rate","rate":304000,"ts":1760557079.844832}
2025/10/15 19:38:00 POLARIS_LOG {"event":"send_rate","rate":296000,"ts":1760557080.8455172}
2025/10/15 19:38:01 POLARIS_LOG {"event":"send_rate","rate":304000,"ts":1760557081.8457725}
2025/10/15 19:38:02 POLARIS_LOG {"event":"send_rate","rate":296000,"ts":1760557082.845237}
2025/10/15 19:38:03 POLARIS_LOG {"event":"send_rate","rate":304000,"ts":1760557083.8452013}
2025/10/15 19:38:04 POLARIS_LOG {"event":"send_rate","rate":296000,"ts":1760557084.8450966}
2025/10/15 19:38:05 POLARIS_LOG {"event":"send_rate","rate":304000,"ts":1760557085.844866}
2025/10/15 19:38:06 POLARIS_LOG {"event":"send_rate","rate":296000,"ts":1760557086.8446608}
2025/10/15 19:38:07 POLARIS_LOG {"event":"send_rate","rate":304000,"ts":1760557087.8455994}
2025/10/15 19:38:08 POLARIS_LOG {"event":"send_rate","rate":296000,"ts":1760557088.8449726}
2025/10/15 19:38:09 POLARIS_LOG {"event":"send_rate","rate":304000,"ts":1760557089.8449547}
2025/10/15 19:38:10 POLARIS_LOG {"event":"send_rate","rate":296000,"ts":1760557090.8450508}
2025/10/15 19:38:11 POLARIS_LOG {"event":"send_rate","rate":304000,"ts":1760557091.846031}
2025/10/15 19:38:12 POLARIS_LOG {"event":"send_rate","rate":296000,"ts":1760557092.8459065}
2025/10/15 19:38:13 POLARIS_LOG {"event":"send_rate","rate":304000,"ts":1760557093.845757}
2025/10/15 19:38:14 POLARIS_LOG {"event":"send_rate","rate":296000,"ts":1760557094.844902}
2025/10/15 19:38:15 POLARIS_LOG {"event":"send_rate","rate":304000,"ts":1760557095.845532}
2025/10/15 19:38:16 POLARIS_LOG {"event":"send_rate","rate":296000,"ts":1760557096.844849}
2025/10/15 19:38:17 POLARIS_LOG {"event":"send_rate","rate":304000,"ts":1760557097.8451073}
2025/10/15 19:38:18 POLARIS_LOG {"event":"send_rate","rate":296000,"ts":1760557098.8455837}
2025/10/15 19:38:19 POLARIS_LOG {"event":"send_rate","rate":304000,"ts":1760557099.8458958}
2025/10/15 19:38:20 POLARIS_LOG {"event":"send_rate","rate":296000,"ts":1760557100.8460662}
2025/10/15 19:38:21 POLARIS_LOG {"event":"send_rate","rate":304000,"ts":1760557101.8462353}
2025/10/15 19:38:22 POLARIS_LOG {"event":"send_rate","rate":296000,"ts":1760557102.845507}
2025/10/15 19:38:23 POLARIS_LOG {"event":"send_rate","rate":296000,"ts":1760557103.8456686}
2025/10/15 19:38:24 POLARIS_LOG {"event":"send_rate","rate":304000,"ts":1760557104.8466318}
2025/10/15 19:38:25 POLARIS_LOG {"event":"send_rate","rate":296000,"ts":1760557105.84466}
2025/10/15 19:38:26 POLARIS_LOG {"event":"send_rate","rate":304000,"ts":1760557106.8455987}
2025/10/15 19:38:27 POLARIS_LOG {"event":"send_rate","rate":296000,"ts":1760557107.8455224}
2025/10/15 19:38:28 POLARIS_LOG {"event":"send_rate","rate":304000,"ts":1760557108.8453145}
2025/10/15 19:38:29 POLARIS_LOG {"event":"send_rate","rate":296000,"ts":1760557109.8457694}
2025/10/15 19:38:30 POLARIS_LOG {"event":"send_rate","rate":304000,"ts":1760557110.8447492}
2025/10/15 19:38:31 POLARIS_LOG {"event":"send_rate","rate":296000,"ts":1760557111.8469858}
2025/10/15 19:38:32 POLARIS_LOG {"event":"send_rate","rate":304000,"ts":1760557112.8451898}
2025/10/15 19:38:33 POLARIS_LOG {"event":"send_rate","rate":296000,"ts":1760557113.845855}
2025/10/15 19:38:34 POLARIS_LOG {"event":"send_rate","rate":304000,"ts":1760557114.8447082}
2025/10/15 19:38:35 POLARIS_LOG {"event":"send_rate","rate":296000,"ts":1760557115.8449686}
2025/10/15 19:38:36 POLARIS_LOG {"event":"send_rate","rate":304000,"ts":1760557116.8453817}
2025/10/15 19:38:37 POLARIS_LOG {"event":"send_rate","rate":296000,"ts":1760557117.84562}
2025/10/15 19:38:38 POLARIS_LOG {"event":"send_rate","rate":304000,"ts":1760557118.8453448}
2025/10/15 19:38:39 POLARIS_LOG {"event":"send_rate","rate":296000,"ts":1760557119.844948}
2025/10/15 19:38:40 POLARIS_LOG {"event":"send_rate","rate":304000,"ts":1760557120.8446538}
2025/10/15 19:38:41 POLARIS_LOG {"event":"send_rate","rate":296000,"ts":1760557121.8448708}
2025/10/15 19:38:42 POLARIS_LOG {"event":"send_rate","rate":304000,"ts":1760557122.8456302}
2025/10/15 19:38:43 POLARIS_LOG {"event":"send_rate","rate":296000,"ts":1760557123.8450534}
2025/10/15 19:38:44 POLARIS_LOG {"event":"send_rate","rate":304000,"ts":1760557124.845412}
2025/10/15 19:38:45 POLARIS_LOG {"event":"send_rate","rate":296000,"ts":1760557125.8448238}
2025/10/15 19:38:46 POLARIS_LOG {"event":"send_rate","rate":304000,"ts":1760557126.8453772}
2025/10/15 19:38:47 POLARIS_LOG {"event":"send_rate","rate":296000,"ts":1760557127.8457613}
2025/10/15 19:38:48 POLARIS_LOG {"event":"send_rate","rate":304000,"ts":1760557128.8456812}
2025/10/15 19:38:49 POLARIS_LOG {"event":"send_rate","rate":296000,"ts":1760557129.8461404}
2025/10/15 19:38:50 POLARIS_LOG {"event":"send_rate","rate":304000,"ts":1760557130.8453195}
2025/10/15 19:38:51 POLARIS_LOG {"event":"send_rate","rate":296000,"ts":1760557131.844864}
2025/10/15 19:38:52 POLARIS_LOG {"event":"send_rate","rate":304000,"ts":1760557132.8447616}
2025/10/15 19:38:53 POLARIS_LOG {"event":"send_rate","rate":296000,"ts":1760557133.8455467}
2025/10/15 19:38:54 POLARIS_LOG {"event":"send_rate","rate":304000,"ts":1760557134.8448744}
2025/10/15 19:38:55 POLARIS_LOG {"event":"send_rate","rate":296000,"ts":1760557135.8455594}
2025/10/15 19:38:56 POLARIS_LOG {"event":"send_rate","rate":304000,"ts":1760557136.844964}
2025/10/15 19:38:57 POLARIS_LOG {"event":"send_rate","rate":304000,"ts":1760557137.8504133}
2025/10/15 19:38:58 POLARIS_LOG {"event":"send_rate","rate":296000,"ts":1760557138.8469093}
2025/10/15 19:38:59 POLARIS_LOG {"event":"send_rate","rate":296000,"ts":1760557139.8455734}
2025/10/15 19:39:00 POLARIS_LOG {"event":"send_rate","rate":304000,"ts":1760557140.8550067}
2025/10/15 19:39:01 POLARIS_LOG {"event":"send_rate","rate":296000,"ts":1760557141.8452883}
2025/10/15 19:39:02 POLARIS_LOG {"event":"send_rate","rate":304000,"ts":1760557142.8455007}
2025/10/15 19:39:03 POLARIS_LOG {"event":"send_rate","rate":296000,"ts":1760557143.8450017}
2025/10/15 19:39:04 POLARIS_LOG {"event":"send_rate","rate":304000,"ts":1760557144.8447962}
2025/10/15 19:39:05 POLARIS_LOG {"event":"send_rate","rate":296000,"ts":1760557145.8453357}
2025/10/15 19:39:06 POLARIS_LOG {"event":"send_rate","rate":304000,"ts":1760557146.8456638}
2025/10/15 19:39:07 POLARIS_LOG {"event":"send_rate","rate":296000,"ts":1760557147.844896}
2025/10/15 19:39:08 POLARIS_LOG {"event":"send_rate","rate":304000,"ts":1760557148.8449955}
2025/10/15 19:39:09 POLARIS_LOG {"event":"send_rate","rate":296000,"ts":1760557149.8455129}
2025/10/15 19:39:10 POLARIS_LOG {"event":"send_rate","rate":304000,"ts":1760557150.844724}
2025/10/15 19:39:11 POLARIS_LOG {"event":"send_rate","rate":296000,"ts":1760557151.844738}
2025/10/15 19:39:12 POLARIS_LOG {"event":"send_rate","rate":304000,"ts":1760557152.845274}
2025/10/15 19:39:13 POLARIS_LOG {"event":"send_rate","rate":296000,"ts":1760557153.845333}
2025/10/15 19:39:14 POLARIS_LOG {"event":"send_rate","rate":304000,"ts":1760557154.844709}
2025/10/15 19:39:15 POLARIS_LOG {"event":"send_rate","rate":296000,"ts":1760557155.8451324}
2025/10/15 19:39:16 POLARIS_LOG {"event":"send_rate","rate":304000,"ts":1760557156.845352}
2025/10/15 19:39:17 POLARIS_LOG {"event":"send_rate","rate":296000,"ts":1760557157.8451068}
2025/10/15 19:39:18 POLARIS_LOG {"event":"send_rate","rate":304000,"ts":1760557158.8450947}
2025/10/15 19:39:19 POLARIS_LOG {"event":"send_rate","rate":296000,"ts":1760557159.8452516}
2025/10/15 19:39:20 POLARIS_LOG {"event":"send_rate","rate":304000,"ts":1760557160.8461304}
2025/10/15 19:39:21 POLARIS_LOG {"event":"send_rate","rate":296000,"ts":1760557161.8451798}
2025/10/15 19:39:22 POLARIS_LOG {"event":"send_rate","rate":304000,"ts":1760557162.844911}
2025/10/15 19:39:23 POLARIS_LOG {"event":"send_rate","rate":296000,"ts":1760557163.844759}
2025/10/15 19:39:24 POLARIS_LOG {"event":"send_rate","rate":304000,"ts":1760557164.8454428}
2025/10/15 19:39:25 POLARIS_LOG {"event":"send_rate","rate":296000,"ts":1760557165.844931}
2025/10/15 19:39:26 POLARIS_LOG {"event":"send_rate","rate":304000,"ts":1760557166.8460164}
2025/10/15 19:39:27 POLARIS_LOG {"event":"send_rate","rate":296000,"ts":1760557167.8457031}
2025/10/15 19:39:28 POLARIS_LOG {"event":"send_rate","rate":304000,"ts":1760557168.845248}
2025/10/15 19:39:29 POLARIS_LOG {"event":"send_rate","rate":296000,"ts":1760557169.8465874}
2025/10/15 19:39:30 POLARIS_LOG {"event":"send_rate","rate":304000,"ts":1760557170.845719}
2025/10/15 19:39:31 POLARIS_LOG {"event":"send_rate","rate":296000,"ts":1760557171.8454468}
2025/10/15 19:39:32 POLARIS_LOG {"event":"send_rate","rate":304000,"ts":1760557172.844822}
2025/10/15 19:39:33 POLARIS_LOG {"event":"send_rate","rate":296000,"ts":1760557173.8452933}
2025/10/15 19:39:34 POLARIS_LOG {"event":"send_rate","rate":304000,"ts":1760557174.8492405}
2025/10/15 19:39:35 POLARIS_LOG {"event":"send_rate","rate":296000,"ts":1760557175.845417}
2025/10/15 19:39:36 POLARIS_LOG {"event":"send_rate","rate":304000,"ts":1760557176.844968}
2025/10/15 19:39:37 POLARIS_LOG {"event":"send_rate","rate":296000,"ts":1760557177.8446527}
2025/10/15 19:39:38 POLARIS_LOG {"event":"send_rate","rate":304000,"ts":1760557178.8450098}
2025/10/15 19:39:39 POLARIS_LOG {"event":"send_rate","rate":296000,"ts":1760557179.8456078}
2025/10/15 19:39:40 POLARIS_LOG {"event":"send_rate","rate":304000,"ts":1760557180.8446946}
2025/10/15 19:39:41 POLARIS_LOG {"event":"send_rate","rate":296000,"ts":1760557181.8449738}
We need to sleep for 1 seconds before we can get the results
2025/10/15 19:39:42 POLARIS_LOG {"event":"send_rate","rate":8000,"ts":1760557182.8450024}
Drain Loop received packet
Drain Loop received non-nil payload
Client sent 10912 packets, server reported 10904 packets received
The network loss rate from client to server is 0.1%

S->C results
Attempted bandwidth: 0 bps / 0.00 Mbps
Achieved bandwidth: 0 bps / 0.00 Mbps
Loss rate: 0.0%
Interarrival time min/avg/max/mdev = -0.000/0.000/0.000/0.000 ms

C->S results
Attempted bandwidth: 299986 bps / 0.30 Mbps
Achieved bandwidth: 299766 bps / 0.30 Mbps
Loss rate: 0.1%
Interarrival time min/avg/max/mdev = 0.002/26.656/521.749/22.251 ms
