
Test parameters:
client->server: 243 seconds, 1000 bytes, 9112 packets
server->client: 243 seconds, 1000 bytes, 0 packets
2025/10/15 19:35:39 POLARIS_LOG {"current_rate":0,"event":"path_switch","new":"7 7","trigger":"initialization","ts":1760556939.12644}
Polaris prober initialized with 14 paths
Polaris prober initialized with local 1-114,10.114.0.71:32736 and remote 1-112,10.112.0.71
2025/10/15 19:35:41 POLARIS_LOG {"event":"send_rate","rate":0,"ts":1760556941.127982}
2025/10/15 19:35:42 POLARIS_LOG {"event":"send_rate","rate":272000,"ts":1760556942.1277437}
2025/10/15 19:35:43 POLARIS_LOG {"event":"send_rate","rate":304000,"ts":1760556943.127815}
2025/10/15 19:35:44 POLARIS_LOG {"event":"send_rate","rate":296000,"ts":1760556944.1270115}
2025/10/15 19:35:45 POLARIS_LOG {"event":"send_rate","rate":304000,"ts":1760556945.1296463}
2025/10/15 19:35:46 POLARIS_LOG {"event":"send_rate","rate":296000,"ts":1760556946.1271634}
2025/10/15 19:35:47 POLARIS_LOG {"event":"send_rate","rate":296000,"ts":1760556947.1273456}
2025/10/15 19:35:48 POLARIS_LOG {"event":"send_rate","rate":264000,"ts":1760556948.1271925}
2025/10/15 19:35:49 POLARIS_LOG {"event":"send_rate","rate":240000,"ts":1760556949.1273282}
2025/10/15 19:35:49 POLARIS_LOG {"candidates":2,"candidates_unfiltered":2,"current_rate":240000,"estimated_share":500000,"event":"path_switch","max_estimated_share":500000,"new":"6 6","old":"7 7","trigger":"scheduled","ts":1760556949.1274052}
2025/10/15 19:35:50 POLARIS_LOG {"event":"send_rate","rate":400000,"ts":1760556950.1279583}
2025/10/15 19:35:51 POLARIS_LOG {"event":"send_rate","rate":296000,"ts":1760556951.1277792}
2025/10/15 19:35:52 POLARIS_LOG {"event":"send_rate","rate":304000,"ts":1760556952.1271145}
2025/10/15 19:35:53 POLARIS_LOG {"event":"send_rate","rate":296000,"ts":1760556953.1278045}
2025/10/15 19:35:54 POLARIS_LOG {"event":"send_rate","rate":304000,"ts":1760556954.127239}
2025/10/15 19:35:55 POLARIS_LOG {"event":"send_rate","rate":296000,"ts":1760556955.1277127}
2025/10/15 19:35:56 POLARIS_LOG {"event":"send_rate","rate":304000,"ts":1760556956.1270893}
2025/10/15 19:35:57 POLARIS_LOG {"event":"send_rate","rate":296000,"ts":1760556957.1278381}
2025/10/15 19:35:58 POLARIS_LOG {"event":"send_rate","rate":304000,"ts":1760556958.1278985}
2025/10/15 19:35:59 POLARIS_LOG {"event":"send_rate","rate":296000,"ts":1760556959.1285448}
2025/10/15 19:36:00 POLARIS_LOG {"event":"send_rate","rate":304000,"ts":1760556960.1274924}
2025/10/15 19:36:01 POLARIS_LOG {"event":"send_rate","rate":296000,"ts":1760556961.1270094}
2025/10/15 19:36:02 POLARIS_LOG {"event":"send_rate","rate":304000,"ts":1760556962.1278584}
2025/10/15 19:36:03 POLARIS_LOG {"event":"send_rate","rate":296000,"ts":1760556963.1283185}
2025/10/15 19:36:04 POLARIS_LOG {"event":"send_rate","rate":304000,"ts":1760556964.1273377}
2025/10/15 19:36:05 POLARIS_LOG {"event":"send_rate","rate":296000,"ts":1760556965.1294737}
2025/10/15 19:36:06 POLARIS_LOG {"event":"send_rate","rate":304000,"ts":1760556966.1275222}
2025/10/15 19:36:07 POLARIS_LOG {"event":"send_rate","rate":296000,"ts":1760556967.1272416}
2025/10/15 19:36:08 POLARIS_LOG {"event":"send_rate","rate":304000,"ts":1760556968.1296237}
2025/10/15 19:36:09 POLARIS_LOG {"event":"send_rate","rate":296000,"ts":1760556969.127994}
2025/10/15 19:36:10 POLARIS_LOG {"event":"send_rate","rate":304000,"ts":1760556970.129777}
2025/10/15 19:36:11 POLARIS_LOG {"event":"send_rate","rate":296000,"ts":1760556971.127226}
2025/10/15 19:36:12 POLARIS_LOG {"event":"send_rate","rate":304000,"ts":1760556972.1278248}
2025/10/15 19:36:13 POLARIS_LOG {"event":"send_rate","rate":296000,"ts":1760556973.1276898}
2025/10/15 19:36:14 POLARIS_LOG {"event":"send_rate","rate":304000,"ts":1760556974.1279078}
2025/10/15 19:36:15 POLARIS_LOG {"event":"send_rate","rate":296000,"ts":1760556975.1274116}
2025/10/15 19:36:16 POLARIS_LOG {"event":"send_rate","rate":304000,"ts":1760556976.1274278}
2025/10/15 19:36:17 POLARIS_LOG {"event":"send_rate","rate":296000,"ts":1760556977.127801}
2025/10/15 19:36:18 POLARIS_LOG {"event":"send_rate","rate":304000,"ts":1760556978.1270225}
2025/10/15 19:36:19 POLARIS_LOG {"event":"send_rate","rate":296000,"ts":1760556979.1270256}
2025/10/15 19:36:20 POLARIS_LOG {"event":"send_rate","rate":304000,"ts":1760556980.129427}
2025/10/15 19:36:21 POLARIS_LOG {"event":"send_rate","rate":296000,"ts":1760556981.1276486}
2025/10/15 19:36:22 POLARIS_LOG {"event":"send_rate","rate":304000,"ts":1760556982.1279244}
2025/10/15 19:36:23 POLARIS_LOG {"event":"send_rate","rate":296000,"ts":1760556983.128302}
2025/10/15 19:36:24 POLARIS_LOG {"event":"send_rate","rate":304000,"ts":1760556984.1270597}
2025/10/15 19:36:25 POLARIS_LOG {"event":"send_rate","rate":296000,"ts":1760556985.127365}
2025/10/15 19:36:26 POLARIS_LOG {"event":"send_rate","rate":304000,"ts":1760556986.1278265}
2025/10/15 19:36:27 POLARIS_LOG {"event":"send_rate","rate":296000,"ts":1760556987.1272407}
2025/10/15 19:36:28 POLARIS_LOG {"event":"send_rate","rate":304000,"ts":1760556988.1272457}
2025/10/15 19:36:29 POLARIS_LOG {"event":"send_rate","rate":296000,"ts":1760556989.1278121}
2025/10/15 19:36:30 POLARIS_LOG {"event":"send_rate","rate":304000,"ts":1760556990.1279273}
2025/10/15 19:36:31 POLARIS_LOG {"event":"send_rate","rate":296000,"ts":1760556991.127674}
2025/10/15 19:36:32 POLARIS_LOG {"event":"send_rate","rate":304000,"ts":1760556992.1278324}
2025/10/15 19:36:33 POLARIS_LOG {"event":"send_rate","rate":296000,"ts":1760556993.1272397}
2025/10/15 19:36:34 POLARIS_LOG {"event":"send_rate","rate":304000,"ts":1760556994.1272748}
2025/10/15 19:36:35 POLARIS_LOG {"event":"send_rate","rate":296000,"ts":1760556995.1278167}
2025/10/15 19:36:36 POLARIS_LOG {"event":"send_rate","rate":304000,"ts":1760556996.1281397}
2025/10/15 19:36:37 POLARIS_LOG {"event":"send_rate","rate":296000,"ts":1760556997.1276612}
2025/10/15 19:36:38 POLARIS_LOG {"event":"send_rate","rate":304000,"ts":1760556998.127053}
2025/10/15 19:36:39 POLARIS_LOG {"event":"send_rate","rate":296000,"ts":1760556999.1283329}
2025/10/15 19:36:40 POLARIS_LOG {"event":"send_rate","rate":304000,"ts":1760557000.127934}
2025/10/15 19:36:41 POLARIS_LOG {"event":"send_rate","rate":296000,"ts":1760557001.127308}
2025/10/15 19:36:42 POLARIS_LOG {"event":"send_rate","rate":304000,"ts":1760557002.1272569}
2025/10/15 19:36:43 POLARIS_LOG {"event":"send_rate","rate":296000,"ts":1760557003.1278017}
2025/10/15 19:36:44 POLARIS_LOG {"event":"send_rate","rate":304000,"ts":1760557004.1270974}
2025/10/15 19:36:45 POLARIS_LOG {"event":"send_rate","rate":296000,"ts":1760557005.1279266}
2025/10/15 19:36:46 POLARIS_LOG {"event":"send_rate","rate":304000,"ts":1760557006.12709}
2025/10/15 19:36:47 POLARIS_LOG {"event":"send_rate","rate":296000,"ts":1760557007.1372888}
2025/10/15 19:36:48 POLARIS_LOG {"event":"send_rate","rate":304000,"ts":1760557008.1280937}
2025/10/15 19:36:49 POLARIS_LOG {"event":"send_rate","rate":296000,"ts":1760557009.1279504}
2025/10/15 19:36:50 POLARIS_LOG {"event":"send_rate","rate":304000,"ts":1760557010.1274786}
2025/10/15 19:36:51 POLARIS_LOG {"event":"send_rate","rate":296000,"ts":1760557011.1277785}
2025/10/15 19:36:52 POLARIS_LOG {"event":"send_rate","rate":304000,"ts":1760557012.127402}
2025/10/15 19:36:53 POLARIS_LOG {"event":"send_rate","rate":296000,"ts":1760557013.1277509}
2025/10/15 19:36:54 POLARIS_LOG {"event":"send_rate","rate":304000,"ts":1760557014.1271226}
2025/10/15 19:36:55 POLARIS_LOG {"event":"send_rate","rate":296000,"ts":1760557015.127601}
2025/10/15 19:36:56 POLARIS_LOG {"event":"send_rate","rate":304000,"ts":1760557016.1278725}
2025/10/15 19:36:57 POLARIS_LOG {"event":"send_rate","rate":296000,"ts":1760557017.1272438}
2025/10/15 19:36:58 POLARIS_LOG {"event":"send_rate","rate":304000,"ts":1760557018.1288307}
2025/10/15 19:36:59 POLARIS_LOG {"event":"send_rate","rate":296000,"ts":1760557019.1272697}
2025/10/15 19:37:00 POLARIS_LOG {"event":"send_rate","rate":304000,"ts":1760557020.1277082}
2025/10/15 19:37:01 POLARIS_LOG {"event":"send_rate","rate":296000,"ts":1760557021.1271842}
2025/10/15 19:37:02 POLARIS_LOG {"event":"send_rate","rate":304000,"ts":1760557022.1337621}
2025/10/15 19:37:03 POLARIS_LOG {"event":"send_rate","rate":296000,"ts":1760557023.1276813}
2025/10/15 19:37:04 POLARIS_LOG {"event":"send_rate","rate":304000,"ts":1760557024.1277483}
2025/10/15 19:37:05 POLARIS_LOG {"event":"send_rate","rate":296000,"ts":1760557025.1280363}
2025/10/15 19:37:06 POLARIS_LOG {"event":"send_rate","rate":304000,"ts":1760557026.129711}
2025/10/15 19:37:07 POLARIS_LOG {"event":"send_rate","rate":296000,"ts":1760557027.1278715}
2025/10/15 19:37:08 POLARIS_LOG {"event":"send_rate","rate":304000,"ts":1760557028.1292799}
2025/10/15 19:37:09 POLARIS_LOG {"event":"send_rate","rate":296000,"ts":1760557029.127811}
2025/10/15 19:37:10 POLARIS_LOG {"event":"send_rate","rate":296000,"ts":1760557030.1277874}
2025/10/15 19:37:11 POLARIS_LOG {"event":"send_rate","rate":304000,"ts":1760557031.1276405}
2025/10/15 19:37:12 POLARIS_LOG {"event":"send_rate","rate":304000,"ts":1760557032.1288424}
2025/10/15 19:37:13 POLARIS_LOG {"event":"send_rate","rate":296000,"ts":1760557033.1295466}
2025/10/15 19:37:14 POLARIS_LOG {"event":"send_rate","rate":296000,"ts":1760557034.1271834}
2025/10/15 19:37:15 POLARIS_LOG {"event":"send_rate","rate":304000,"ts":1760557035.130361}
2025/10/15 19:37:16 POLARIS_LOG {"event":"send_rate","rate":296000,"ts":1760557036.1276531}
2025/10/15 19:37:17 POLARIS_LOG {"event":"send_rate","rate":304000,"ts":1760557037.1279936}
2025/10/15 19:37:18 POLARIS_LOG {"event":"send_rate","rate":296000,"ts":1760557038.127983}
2025/10/15 19:37:19 POLARIS_LOG {"event":"send_rate","rate":304000,"ts":1760557039.1374397}
2025/10/15 19:37:20 POLARIS_LOG {"event":"send_rate","rate":296000,"ts":1760557040.1281807}
2025/10/15 19:37:21 POLARIS_LOG {"event":"send_rate","rate":304000,"ts":1760557041.1277544}
2025/10/15 19:37:22 POLARIS_LOG {"event":"send_rate","rate":296000,"ts":1760557042.1272516}
2025/10/15 19:37:23 POLARIS_LOG {"event":"send_rate","rate":304000,"ts":1760557043.1273327}
2025/10/15 19:37:24 POLARIS_LOG {"event":"send_rate","rate":296000,"ts":1760557044.1278868}
2025/10/15 19:37:25 POLARIS_LOG {"event":"send_rate","rate":304000,"ts":1760557045.1288192}
2025/10/15 19:37:26 POLARIS_LOG {"event":"send_rate","rate":296000,"ts":1760557046.1272757}
2025/10/15 19:37:27 POLARIS_LOG {"event":"send_rate","rate":304000,"ts":1760557047.1279838}
2025/10/15 19:37:28 POLARIS_LOG {"event":"send_rate","rate":296000,"ts":1760557048.127881}
2025/10/15 19:37:29 POLARIS_LOG {"event":"send_rate","rate":304000,"ts":1760557049.1279533}
2025/10/15 19:37:30 POLARIS_LOG {"event":"send_rate","rate":296000,"ts":1760557050.1283948}
2025/10/15 19:37:31 POLARIS_LOG {"event":"send_rate","rate":304000,"ts":1760557051.1279297}
2025/10/15 19:37:32 POLARIS_LOG {"event":"send_rate","rate":296000,"ts":1760557052.1270378}
2025/10/15 19:37:33 POLARIS_LOG {"event":"send_rate","rate":304000,"ts":1760557053.1272576}
2025/10/15 19:37:34 POLARIS_LOG {"event":"send_rate","rate":296000,"ts":1760557054.12776}
2025/10/15 19:37:35 POLARIS_LOG {"event":"send_rate","rate":304000,"ts":1760557055.1278765}
2025/10/15 19:37:36 POLARIS_LOG {"event":"send_rate","rate":296000,"ts":1760557056.1272717}
2025/10/15 19:37:37 POLARIS_LOG {"event":"send_rate","rate":304000,"ts":1760557057.1272364}
2025/10/15 19:37:38 POLARIS_LOG {"event":"send_rate","rate":296000,"ts":1760557058.1270978}
2025/10/15 19:37:39 POLARIS_LOG {"event":"send_rate","rate":304000,"ts":1760557059.1280842}
2025/10/15 19:37:40 POLARIS_LOG {"event":"send_rate","rate":296000,"ts":1760557060.1272602}
2025/10/15 19:37:41 POLARIS_LOG {"event":"send_rate","rate":304000,"ts":1760557061.1278281}
2025/10/15 19:37:42 POLARIS_LOG {"event":"send_rate","rate":296000,"ts":1760557062.128178}
2025/10/15 19:37:43 POLARIS_LOG {"event":"send_rate","rate":304000,"ts":1760557063.1284375}
2025/10/15 19:37:44 POLARIS_LOG {"event":"send_rate","rate":296000,"ts":1760557064.1277292}
2025/10/15 19:37:45 POLARIS_LOG {"event":"send_rate","rate":304000,"ts":1760557065.1271255}
2025/10/15 19:37:46 POLARIS_LOG {"event":"send_rate","rate":296000,"ts":1760557066.1272464}
2025/10/15 19:37:47 POLARIS_LOG {"event":"send_rate","rate":304000,"ts":1760557067.127676}
2025/10/15 19:37:48 POLARIS_LOG {"event":"send_rate","rate":296000,"ts":1760557068.1274824}
2025/10/15 19:37:49 POLARIS_LOG {"event":"send_rate","rate":304000,"ts":1760557069.1279266}
2025/10/15 19:37:50 POLARIS_LOG {"event":"send_rate","rate":296000,"ts":1760557070.1274407}
2025/10/15 19:37:51 POLARIS_LOG {"event":"send_rate","rate":304000,"ts":1760557071.1276696}
2025/10/15 19:37:52 POLARIS_LOG {"event":"send_rate","rate":296000,"ts":1760557072.1281416}
2025/10/15 19:37:53 POLARIS_LOG {"event":"send_rate","rate":304000,"ts":1760557073.1272583}
2025/10/15 19:37:54 POLARIS_LOG {"event":"send_rate","rate":296000,"ts":1760557074.1278}
2025/10/15 19:37:55 POLARIS_LOG {"event":"send_rate","rate":304000,"ts":1760557075.1278937}
2025/10/15 19:37:56 POLARIS_LOG {"event":"send_rate","rate":296000,"ts":1760557076.12733}
2025/10/15 19:37:57 POLARIS_LOG {"event":"send_rate","rate":304000,"ts":1760557077.1275446}
2025/10/15 19:37:58 POLARIS_LOG {"event":"send_rate","rate":296000,"ts":1760557078.127819}
2025/10/15 19:37:59 POLARIS_LOG {"event":"send_rate","rate":304000,"ts":1760557079.1270478}
2025/10/15 19:38:00 POLARIS_LOG {"event":"send_rate","rate":296000,"ts":1760557080.1270552}
2025/10/15 19:38:01 POLARIS_LOG {"event":"send_rate","rate":304000,"ts":1760557081.1271136}
2025/10/15 19:38:02 POLARIS_LOG {"event":"send_rate","rate":296000,"ts":1760557082.1271505}
2025/10/15 19:38:03 POLARIS_LOG {"event":"send_rate","rate":304000,"ts":1760557083.127567}
2025/10/15 19:38:04 POLARIS_LOG {"event":"send_rate","rate":296000,"ts":1760557084.1274319}
2025/10/15 19:38:05 POLARIS_LOG {"event":"send_rate","rate":304000,"ts":1760557085.1275756}
2025/10/15 19:38:06 POLARIS_LOG {"event":"send_rate","rate":296000,"ts":1760557086.1278136}
2025/10/15 19:38:07 POLARIS_LOG {"event":"send_rate","rate":304000,"ts":1760557087.1272514}
2025/10/15 19:38:08 POLARIS_LOG {"event":"send_rate","rate":296000,"ts":1760557088.1315374}
2025/10/15 19:38:09 POLARIS_LOG {"event":"send_rate","rate":304000,"ts":1760557089.1275702}
2025/10/15 19:38:10 POLARIS_LOG {"event":"send_rate","rate":296000,"ts":1760557090.1290343}
2025/10/15 19:38:11 POLARIS_LOG {"event":"send_rate","rate":304000,"ts":1760557091.127665}
2025/10/15 19:38:12 POLARIS_LOG {"event":"send_rate","rate":296000,"ts":1760557092.1275482}
2025/10/15 19:38:13 POLARIS_LOG {"event":"send_rate","rate":304000,"ts":1760557093.127627}
2025/10/15 19:38:14 POLARIS_LOG {"event":"send_rate","rate":296000,"ts":1760557094.1280837}
2025/10/15 19:38:15 POLARIS_LOG {"event":"send_rate","rate":304000,"ts":1760557095.1273522}
2025/10/15 19:38:16 POLARIS_LOG {"event":"send_rate","rate":296000,"ts":1760557096.1281416}
2025/10/15 19:38:17 POLARIS_LOG {"event":"send_rate","rate":304000,"ts":1760557097.1285026}
2025/10/15 19:38:18 POLARIS_LOG {"event":"send_rate","rate":296000,"ts":1760557098.1274958}
2025/10/15 19:38:19 POLARIS_LOG {"event":"send_rate","rate":304000,"ts":1760557099.127179}
2025/10/15 19:38:20 POLARIS_LOG {"event":"send_rate","rate":296000,"ts":1760557100.1276178}
2025/10/15 19:38:21 POLARIS_LOG {"event":"send_rate","rate":296000,"ts":1760557101.135624}
2025/10/15 19:38:22 POLARIS_LOG {"event":"send_rate","rate":304000,"ts":1760557102.12701}
2025/10/15 19:38:23 POLARIS_LOG {"event":"send_rate","rate":296000,"ts":1760557103.127156}
2025/10/15 19:38:24 POLARIS_LOG {"event":"send_rate","rate":304000,"ts":1760557104.1276643}
2025/10/15 19:38:25 POLARIS_LOG {"event":"send_rate","rate":296000,"ts":1760557105.1272402}
2025/10/15 19:38:26 POLARIS_LOG {"event":"send_rate","rate":304000,"ts":1760557106.1278508}
2025/10/15 19:38:27 POLARIS_LOG {"event":"send_rate","rate":296000,"ts":1760557107.1273706}
2025/10/15 19:38:28 POLARIS_LOG {"event":"send_rate","rate":304000,"ts":1760557108.1273768}
2025/10/15 19:38:29 POLARIS_LOG {"event":"send_rate","rate":304000,"ts":1760557109.1288362}
2025/10/15 19:38:30 POLARIS_LOG {"event":"send_rate","rate":296000,"ts":1760557110.1272876}
2025/10/15 19:38:31 POLARIS_LOG {"event":"send_rate","rate":296000,"ts":1760557111.1278565}
2025/10/15 19:38:32 POLARIS_LOG {"event":"send_rate","rate":304000,"ts":1760557112.127638}
2025/10/15 19:38:33 POLARIS_LOG {"event":"send_rate","rate":296000,"ts":1760557113.1276176}
2025/10/15 19:38:34 POLARIS_LOG {"event":"send_rate","rate":304000,"ts":1760557114.1276124}
2025/10/15 19:38:35 POLARIS_LOG {"event":"send_rate","rate":296000,"ts":1760557115.1277318}
2025/10/15 19:38:36 POLARIS_LOG {"event":"send_rate","rate":304000,"ts":1760557116.1276577}
2025/10/15 19:38:37 POLARIS_LOG {"event":"send_rate","rate":296000,"ts":1760557117.1274745}
2025/10/15 19:38:38 POLARIS_LOG {"event":"send_rate","rate":304000,"ts":1760557118.1271267}
2025/10/15 19:38:39 POLARIS_LOG {"event":"send_rate","rate":296000,"ts":1760557119.1270533}
2025/10/15 19:38:40 POLARIS_LOG {"event":"send_rate","rate":304000,"ts":1760557120.127479}
2025/10/15 19:38:41 POLARIS_LOG {"event":"send_rate","rate":296000,"ts":1760557121.1280181}
2025/10/15 19:38:42 POLARIS_LOG {"event":"send_rate","rate":304000,"ts":1760557122.127692}
2025/10/15 19:38:43 POLARIS_LOG {"event":"send_rate","rate":296000,"ts":1760557123.1273482}
2025/10/15 19:38:44 POLARIS_LOG {"event":"send_rate","rate":304000,"ts":1760557124.137859}
2025/10/15 19:38:45 POLARIS_LOG {"event":"send_rate","rate":296000,"ts":1760557125.1274061}
2025/10/15 19:38:46 POLARIS_LOG {"event":"send_rate","rate":304000,"ts":1760557126.1270483}
2025/10/15 19:38:47 POLARIS_LOG {"event":"send_rate","rate":296000,"ts":1760557127.1275394}
2025/10/15 19:38:48 POLARIS_LOG {"event":"send_rate","rate":304000,"ts":1760557128.1272402}
2025/10/15 19:38:49 POLARIS_LOG {"event":"send_rate","rate":296000,"ts":1760557129.1270735}
2025/10/15 19:38:50 POLARIS_LOG {"event":"send_rate","rate":304000,"ts":1760557130.127241}
2025/10/15 19:38:51 POLARIS_LOG {"event":"send_rate","rate":296000,"ts":1760557131.1276577}
2025/10/15 19:38:52 POLARIS_LOG {"event":"send_rate","rate":304000,"ts":1760557132.1276023}
2025/10/15 19:38:53 POLARIS_LOG {"event":"send_rate","rate":296000,"ts":1760557133.127249}
2025/10/15 19:38:54 POLARIS_LOG {"event":"send_rate","rate":304000,"ts":1760557134.1270192}
2025/10/15 19:38:55 POLARIS_LOG {"event":"send_rate","rate":296000,"ts":1760557135.1277544}
2025/10/15 19:38:56 POLARIS_LOG {"event":"send_rate","rate":304000,"ts":1760557136.1279402}
2025/10/15 19:38:57 POLARIS_LOG {"event":"send_rate","rate":296000,"ts":1760557137.127182}
2025/10/15 19:38:58 POLARIS_LOG {"event":"send_rate","rate":304000,"ts":1760557138.128585}
2025/10/15 19:38:59 POLARIS_LOG {"event":"send_rate","rate":296000,"ts":1760557139.1270597}
2025/10/15 19:39:00 POLARIS_LOG {"event":"send_rate","rate":304000,"ts":1760557140.1277273}
2025/10/15 19:39:01 POLARIS_LOG {"event":"send_rate","rate":296000,"ts":1760557141.127599}
2025/10/15 19:39:02 POLARIS_LOG {"event":"send_rate","rate":304000,"ts":1760557142.1275322}
2025/10/15 19:39:03 POLARIS_LOG {"event":"send_rate","rate":304000,"ts":1760557143.1362755}
2025/10/15 19:39:04 POLARIS_LOG {"event":"send_rate","rate":296000,"ts":1760557144.1279328}
2025/10/15 19:39:05 POLARIS_LOG {"event":"send_rate","rate":296000,"ts":1760557145.127128}
2025/10/15 19:39:06 POLARIS_LOG {"event":"send_rate","rate":304000,"ts":1760557146.127236}
2025/10/15 19:39:07 POLARIS_LOG {"event":"send_rate","rate":296000,"ts":1760557147.127356}
2025/10/15 19:39:08 POLARIS_LOG {"event":"send_rate","rate":304000,"ts":1760557148.1276014}
2025/10/15 19:39:09 POLARIS_LOG {"event":"send_rate","rate":296000,"ts":1760557149.127767}
2025/10/15 19:39:10 POLARIS_LOG {"event":"send_rate","rate":304000,"ts":1760557150.1271772}
2025/10/15 19:39:11 POLARIS_LOG {"event":"send_rate","rate":296000,"ts":1760557151.1272724}
2025/10/15 19:39:12 POLARIS_LOG {"event":"send_rate","rate":304000,"ts":1760557152.1277165}
2025/10/15 19:39:13 POLARIS_LOG {"event":"send_rate","rate":296000,"ts":1760557153.1281292}
2025/10/15 19:39:14 POLARIS_LOG {"event":"send_rate","rate":304000,"ts":1760557154.1271696}
2025/10/15 19:39:15 POLARIS_LOG {"event":"send_rate","rate":296000,"ts":1760557155.1279068}
2025/10/15 19:39:16 POLARIS_LOG {"event":"send_rate","rate":304000,"ts":1760557156.127247}
2025/10/15 19:39:17 POLARIS_LOG {"event":"send_rate","rate":296000,"ts":1760557157.128105}
2025/10/15 19:39:18 POLARIS_LOG {"event":"send_rate","rate":304000,"ts":1760557158.1272292}
2025/10/15 19:39:19 POLARIS_LOG {"event":"send_rate","rate":296000,"ts":1760557159.128564}
2025/10/15 19:39:20 POLARIS_LOG {"event":"send_rate","rate":304000,"ts":1760557160.1276162}
2025/10/15 19:39:21 POLARIS_LOG {"event":"send_rate","rate":296000,"ts":1760557161.1282074}
2025/10/15 19:39:22 POLARIS_LOG {"event":"send_rate","rate":304000,"ts":1760557162.1272554}
2025/10/15 19:39:23 POLARIS_LOG {"event":"send_rate","rate":296000,"ts":1760557163.1271462}
2025/10/15 19:39:24 POLARIS_LOG {"event":"send_rate","rate":304000,"ts":1760557164.1272447}
2025/10/15 19:39:25 POLARIS_LOG {"event":"send_rate","rate":296000,"ts":1760557165.1275506}
2025/10/15 19:39:26 POLARIS_LOG {"event":"send_rate","rate":304000,"ts":1760557166.127974}
2025/10/15 19:39:27 POLARIS_LOG {"event":"send_rate","rate":296000,"ts":1760557167.1274655}
2025/10/15 19:39:28 POLARIS_LOG {"event":"send_rate","rate":304000,"ts":1760557168.1279106}
2025/10/15 19:39:29 POLARIS_LOG {"event":"send_rate","rate":296000,"ts":1760557169.1279829}
2025/10/15 19:39:30 POLARIS_LOG {"event":"send_rate","rate":304000,"ts":1760557170.127578}
2025/10/15 19:39:31 POLARIS_LOG {"event":"send_rate","rate":296000,"ts":1760557171.1272779}
2025/10/15 19:39:32 POLARIS_LOG {"event":"send_rate","rate":304000,"ts":1760557172.1313004}
2025/10/15 19:39:33 POLARIS_LOG {"event":"send_rate","rate":296000,"ts":1760557173.1279533}
2025/10/15 19:39:34 POLARIS_LOG {"event":"send_rate","rate":304000,"ts":1760557174.1272774}
2025/10/15 19:39:35 POLARIS_LOG {"event":"send_rate","rate":296000,"ts":1760557175.1276238}
2025/10/15 19:39:36 POLARIS_LOG {"event":"send_rate","rate":304000,"ts":1760557176.127806}
2025/10/15 19:39:37 POLARIS_LOG {"event":"send_rate","rate":296000,"ts":1760557177.127253}
2025/10/15 19:39:38 POLARIS_LOG {"event":"send_rate","rate":304000,"ts":1760557178.1270745}
2025/10/15 19:39:39 POLARIS_LOG {"event":"send_rate","rate":296000,"ts":1760557179.1281772}
2025/10/15 19:39:40 POLARIS_LOG {"event":"send_rate","rate":304000,"ts":1760557180.127303}
2025/10/15 19:39:41 POLARIS_LOG {"event":"send_rate","rate":296000,"ts":1760557181.1278658}
2025/10/15 19:39:42 POLARIS_LOG {"event":"send_rate","rate":304000,"ts":1760557182.1274357}
2025/10/15 19:39:43 POLARIS_LOG {"event":"send_rate","rate":296000,"ts":1760557183.1278598}
2025/10/15 19:39:44 POLARIS_LOG {"event":"send_rate","rate":304000,"ts":1760557184.1271842}
We need to sleep for 1 seconds before we can get the results
Drain Loop received packet
Drain Loop received non-nil payload
Client sent 9112 packets, server reported 9100 packets received
The network loss rate from client to server is 0.1%

S->C results
Attempted bandwidth: 0 bps / 0.00 Mbps
Achieved bandwidth: 0 bps / 0.00 Mbps
Loss rate: 0.0%
Interarrival time min/avg/max/mdev = -0.000/0.000/0.000/0.000 ms

C->S results
Attempted bandwidth: 299983 bps / 0.30 Mbps
Achieved bandwidth: 299588 bps / 0.30 Mbps
Loss rate: 0.1%
Interarrival time min/avg/max/mdev = 0.002/26.640/390.192/19.067 ms
