
Test parameters:
client->server: 297 seconds, 1000 bytes, 11137 packets
server->client: 297 seconds, 1000 bytes, 0 packets
2025/10/15 19:34:44 POLARIS_LOG {"current_rate":0,"event":"path_switch","new":"7 7","trigger":"initialization","ts":1760556884.8642037}
Polaris prober initialized with 14 paths
Polaris prober initialized with local 1-114,10.114.0.71:32764 and remote 1-112,10.112.0.71
2025/10/15 19:34:45 POLARIS_LOG {"event":"send_rate","rate":304000,"ts":1760556885.865379}
2025/10/15 19:34:46 POLARIS_LOG {"event":"send_rate","rate":296000,"ts":1760556886.8650844}
2025/10/15 19:34:47 POLARIS_LOG {"event":"send_rate","rate":304000,"ts":1760556887.8652337}
2025/10/15 19:34:48 POLARIS_LOG {"event":"send_rate","rate":296000,"ts":1760556888.8649893}
2025/10/15 19:34:49 POLARIS_LOG {"event":"send_rate","rate":304000,"ts":1760556889.865349}
2025/10/15 19:34:50 POLARIS_LOG {"event":"send_rate","rate":296000,"ts":1760556890.866895}
2025/10/15 19:34:51 POLARIS_LOG {"event":"send_rate","rate":304000,"ts":1760556891.8651898}
2025/10/15 19:34:52 POLARIS_LOG {"event":"send_rate","rate":296000,"ts":1760556892.8654773}
2025/10/15 19:34:53 POLARIS_LOG {"event":"send_rate","rate":304000,"ts":1760556893.865873}
2025/10/15 19:34:54 POLARIS_LOG {"event":"send_rate","rate":296000,"ts":1760556894.8654997}
2025/10/15 19:34:55 POLARIS_LOG {"event":"send_rate","rate":304000,"ts":1760556895.865231}
2025/10/15 19:34:56 POLARIS_LOG {"event":"send_rate","rate":296000,"ts":1760556896.8650231}
2025/10/15 19:34:57 POLARIS_LOG {"event":"send_rate","rate":304000,"ts":1760556897.8656232}
2025/10/15 19:34:58 POLARIS_LOG {"event":"send_rate","rate":296000,"ts":1760556898.865222}
2025/10/15 19:34:59 POLARIS_LOG {"event":"send_rate","rate":304000,"ts":1760556899.8651466}
2025/10/15 19:35:00 POLARIS_LOG {"event":"send_rate","rate":296000,"ts":1760556900.8662045}
2025/10/15 19:35:01 POLARIS_LOG {"event":"send_rate","rate":304000,"ts":1760556901.8650153}
2025/10/15 19:35:02 POLARIS_LOG {"event":"send_rate","rate":296000,"ts":1760556902.865891}
2025/10/15 19:35:03 POLARIS_LOG {"event":"send_rate","rate":304000,"ts":1760556903.86511}
2025/10/15 19:35:04 POLARIS_LOG {"event":"send_rate","rate":296000,"ts":1760556904.866034}
2025/10/15 19:35:05 POLARIS_LOG {"event":"send_rate","rate":304000,"ts":1760556905.865191}
2025/10/15 19:35:06 POLARIS_LOG {"event":"send_rate","rate":296000,"ts":1760556906.866119}
2025/10/15 19:35:07 POLARIS_LOG {"event":"send_rate","rate":296000,"ts":1760556907.866943}
2025/10/15 19:35:08 POLARIS_LOG {"event":"send_rate","rate":304000,"ts":1760556908.8659902}
2025/10/15 19:35:09 POLARIS_LOG {"event":"send_rate","rate":304000,"ts":1760556909.865661}
2025/10/15 19:35:10 POLARIS_LOG {"event":"send_rate","rate":296000,"ts":1760556910.8653975}
2025/10/15 19:35:11 POLARIS_LOG {"event":"send_rate","rate":304000,"ts":1760556911.865221}
2025/10/15 19:35:12 POLARIS_LOG {"event":"send_rate","rate":296000,"ts":1760556912.8656979}
2025/10/15 19:35:13 POLARIS_LOG {"event":"send_rate","rate":304000,"ts":1760556913.8671296}
2025/10/15 19:35:14 POLARIS_LOG {"event":"send_rate","rate":296000,"ts":1760556914.865109}
2025/10/15 19:35:15 POLARIS_LOG {"event":"send_rate","rate":304000,"ts":1760556915.8663027}
2025/10/15 19:35:16 POLARIS_LOG {"event":"send_rate","rate":296000,"ts":1760556916.8652985}
2025/10/15 19:35:17 POLARIS_LOG {"event":"send_rate","rate":304000,"ts":1760556917.8672812}
2025/10/15 19:35:18 POLARIS_LOG {"event":"send_rate","rate":296000,"ts":1760556918.8656676}
2025/10/15 19:35:19 POLARIS_LOG {"event":"send_rate","rate":304000,"ts":1760556919.8656533}
2025/10/15 19:35:20 POLARIS_LOG {"event":"send_rate","rate":296000,"ts":1760556920.865492}
2025/10/15 19:35:21 POLARIS_LOG {"event":"send_rate","rate":304000,"ts":1760556921.8649213}
2025/10/15 19:35:22 POLARIS_LOG {"event":"send_rate","rate":296000,"ts":1760556922.8658342}
2025/10/15 19:35:23 POLARIS_LOG {"event":"send_rate","rate":304000,"ts":1760556923.8652706}
2025/10/15 19:35:24 POLARIS_LOG {"event":"send_rate","rate":296000,"ts":1760556924.8662372}
2025/10/15 19:35:25 POLARIS_LOG {"event":"send_rate","rate":304000,"ts":1760556925.8661425}
2025/10/15 19:35:26 POLARIS_LOG {"event":"send_rate","rate":296000,"ts":1760556926.8651204}
2025/10/15 19:35:27 POLARIS_LOG {"event":"send_rate","rate":304000,"ts":1760556927.869329}
2025/10/15 19:35:28 POLARIS_LOG {"event":"send_rate","rate":296000,"ts":1760556928.864933}
2025/10/15 19:35:29 POLARIS_LOG {"event":"send_rate","rate":304000,"ts":1760556929.8658545}
2025/10/15 19:35:30 POLARIS_LOG {"event":"send_rate","rate":296000,"ts":1760556930.8675096}
2025/10/15 19:35:31 POLARIS_LOG {"event":"send_rate","rate":304000,"ts":1760556931.867469}
2025/10/15 19:35:32 POLARIS_LOG {"event":"send_rate","rate":296000,"ts":1760556932.8694828}
2025/10/15 19:35:33 POLARIS_LOG {"event":"send_rate","rate":304000,"ts":1760556933.8664901}
2025/10/15 19:35:34 POLARIS_LOG {"event":"send_rate","rate":296000,"ts":1760556934.8657756}
2025/10/15 19:35:35 POLARIS_LOG {"event":"send_rate","rate":232000,"ts":1760556935.8653157}
2025/10/15 19:35:36 POLARIS_LOG {"event":"send_rate","rate":144000,"ts":1760556936.8659103}
2025/10/15 19:35:37 POLARIS_LOG {"event":"send_rate","rate":120000,"ts":1760556937.8664658}
2025/10/15 19:35:38 POLARIS_LOG {"event":"send_rate","rate":96000,"ts":1760556938.8653119}
2025/10/15 19:35:39 POLARIS_LOG {"event":"send_rate","rate":80000,"ts":1760556939.8659792}
2025/10/15 19:35:40 POLARIS_LOG {"event":"send_rate","rate":104000,"ts":1760556940.8655467}
2025/10/15 19:35:41 POLARIS_LOG {"event":"send_rate","rate":104000,"ts":1760556941.8665237}
2025/10/15 19:35:42 POLARIS_LOG {"event":"send_rate","rate":144000,"ts":1760556942.8654735}
2025/10/15 19:35:43 POLARIS_LOG {"event":"send_rate","rate":96000,"ts":1760556943.8649106}
2025/10/15 19:35:44 POLARIS_LOG {"event":"send_rate","rate":112000,"ts":1760556944.8651612}
2025/10/15 19:35:44 POLARIS_LOG {"candidates":14,"candidates_unfiltered":14,"current_rate":112000,"estimated_share":500000,"event":"path_switch","max_estimated_share":500000,"new":"2 4 1 4","old":"7 7","trigger":"scheduled","ts":1760556944.8652148}
2025/10/15 19:35:45 POLARIS_LOG {"event":"send_rate","rate":2072000,"ts":1760556945.865058}
2025/10/15 19:35:46 POLARIS_LOG {"event":"send_rate","rate":296000,"ts":1760556946.8664362}
2025/10/15 19:35:47 POLARIS_LOG {"event":"send_rate","rate":296000,"ts":1760556947.8657558}
2025/10/15 19:35:48 POLARIS_LOG {"event":"send_rate","rate":304000,"ts":1760556948.8661575}
2025/10/15 19:35:49 POLARIS_LOG {"event":"send_rate","rate":296000,"ts":1760556949.8657093}
2025/10/15 19:35:50 POLARIS_LOG {"event":"send_rate","rate":304000,"ts":1760556950.8648767}
2025/10/15 19:35:51 POLARIS_LOG {"event":"send_rate","rate":296000,"ts":1760556951.8650076}
2025/10/15 19:35:52 POLARIS_LOG {"event":"send_rate","rate":304000,"ts":1760556952.866369}
2025/10/15 19:35:53 POLARIS_LOG {"event":"send_rate","rate":304000,"ts":1760556953.8653977}
2025/10/15 19:35:54 POLARIS_LOG {"event":"send_rate","rate":296000,"ts":1760556954.865991}
2025/10/15 19:35:55 POLARIS_LOG {"event":"send_rate","rate":304000,"ts":1760556955.865788}
2025/10/15 19:35:56 POLARIS_LOG {"event":"send_rate","rate":296000,"ts":1760556956.8661647}
2025/10/15 19:35:57 POLARIS_LOG {"event":"send_rate","rate":304000,"ts":1760556957.86629}
2025/10/15 19:35:58 POLARIS_LOG {"event":"send_rate","rate":296000,"ts":1760556958.8662126}
2025/10/15 19:35:59 POLARIS_LOG {"event":"send_rate","rate":296000,"ts":1760556959.8651185}
2025/10/15 19:36:00 POLARIS_LOG {"event":"send_rate","rate":304000,"ts":1760556960.866026}
2025/10/15 19:36:01 POLARIS_LOG {"event":"send_rate","rate":296000,"ts":1760556961.865767}
2025/10/15 19:36:02 POLARIS_LOG {"event":"send_rate","rate":304000,"ts":1760556962.8650672}
2025/10/15 19:36:03 POLARIS_LOG {"event":"send_rate","rate":296000,"ts":1760556963.8652587}
2025/10/15 19:36:04 POLARIS_LOG {"event":"send_rate","rate":304000,"ts":1760556964.8652163}
2025/10/15 19:36:05 POLARIS_LOG {"event":"send_rate","rate":296000,"ts":1760556965.8658414}
2025/10/15 19:36:06 POLARIS_LOG {"event":"send_rate","rate":304000,"ts":1760556966.8655744}
2025/10/15 19:36:07 POLARIS_LOG {"event":"send_rate","rate":296000,"ts":1760556967.8656201}
2025/10/15 19:36:08 POLARIS_LOG {"event":"send_rate","rate":304000,"ts":1760556968.8650508}
2025/10/15 19:36:09 POLARIS_LOG {"event":"send_rate","rate":296000,"ts":1760556969.865032}
2025/10/15 19:36:10 POLARIS_LOG {"event":"send_rate","rate":304000,"ts":1760556970.865591}
2025/10/15 19:36:11 POLARIS_LOG {"event":"send_rate","rate":296000,"ts":1760556971.865772}
2025/10/15 19:36:12 POLARIS_LOG {"event":"send_rate","rate":304000,"ts":1760556972.8666973}
2025/10/15 19:36:13 POLARIS_LOG {"event":"send_rate","rate":296000,"ts":1760556973.8658051}
2025/10/15 19:36:14 POLARIS_LOG {"event":"send_rate","rate":304000,"ts":1760556974.8652682}
2025/10/15 19:36:15 POLARIS_LOG {"event":"send_rate","rate":296000,"ts":1760556975.8652484}
2025/10/15 19:36:16 POLARIS_LOG {"event":"send_rate","rate":304000,"ts":1760556976.8659418}
2025/10/15 19:36:17 POLARIS_LOG {"event":"send_rate","rate":296000,"ts":1760556977.8655014}
2025/10/15 19:36:18 POLARIS_LOG {"event":"send_rate","rate":304000,"ts":1760556978.8651423}
2025/10/15 19:36:19 POLARIS_LOG {"event":"send_rate","rate":296000,"ts":1760556979.8652563}
2025/10/15 19:36:20 POLARIS_LOG {"event":"send_rate","rate":304000,"ts":1760556980.86893}
2025/10/15 19:36:21 POLARIS_LOG {"event":"send_rate","rate":296000,"ts":1760556981.8657267}
2025/10/15 19:36:22 POLARIS_LOG {"event":"send_rate","rate":304000,"ts":1760556982.865703}
2025/10/15 19:36:23 POLARIS_LOG {"event":"send_rate","rate":296000,"ts":1760556983.8657346}
2025/10/15 19:36:24 POLARIS_LOG {"event":"send_rate","rate":304000,"ts":1760556984.8673265}
2025/10/15 19:36:25 POLARIS_LOG {"event":"send_rate","rate":296000,"ts":1760556985.8650725}
2025/10/15 19:36:26 POLARIS_LOG {"event":"send_rate","rate":304000,"ts":1760556986.865181}
2025/10/15 19:36:27 POLARIS_LOG {"event":"send_rate","rate":296000,"ts":1760556987.8654416}
2025/10/15 19:36:28 POLARIS_LOG {"event":"send_rate","rate":304000,"ts":1760556988.8656886}
2025/10/15 19:36:29 POLARIS_LOG {"event":"send_rate","rate":296000,"ts":1760556989.8653991}
2025/10/15 19:36:30 POLARIS_LOG {"event":"send_rate","rate":304000,"ts":1760556990.8657281}
2025/10/15 19:36:31 POLARIS_LOG {"event":"send_rate","rate":296000,"ts":1760556991.866291}
2025/10/15 19:36:32 POLARIS_LOG {"event":"send_rate","rate":304000,"ts":1760556992.8679726}
2025/10/15 19:36:33 POLARIS_LOG {"event":"send_rate","rate":296000,"ts":1760556993.8650994}
2025/10/15 19:36:34 POLARIS_LOG {"event":"send_rate","rate":304000,"ts":1760556994.8651876}
2025/10/15 19:36:35 POLARIS_LOG {"event":"send_rate","rate":296000,"ts":1760556995.8651788}
2025/10/15 19:36:36 POLARIS_LOG {"event":"send_rate","rate":304000,"ts":1760556996.8652747}
2025/10/15 19:36:37 POLARIS_LOG {"event":"send_rate","rate":296000,"ts":1760556997.8681371}
2025/10/15 19:36:38 POLARIS_LOG {"event":"send_rate","rate":304000,"ts":1760556998.865663}
2025/10/15 19:36:39 POLARIS_LOG {"event":"send_rate","rate":296000,"ts":1760556999.8655217}
2025/10/15 19:36:40 POLARIS_LOG {"event":"send_rate","rate":304000,"ts":1760557000.8650646}
2025/10/15 19:36:41 POLARIS_LOG {"event":"send_rate","rate":296000,"ts":1760557001.8678713}
2025/10/15 19:36:42 POLARIS_LOG {"event":"send_rate","rate":304000,"ts":1760557002.8655744}
2025/10/15 19:36:43 POLARIS_LOG {"event":"send_rate","rate":296000,"ts":1760557003.8666153}
2025/10/15 19:36:44 POLARIS_LOG {"event":"send_rate","rate":304000,"ts":1760557004.8657598}
2025/10/15 19:36:45 POLARIS_LOG {"event":"send_rate","rate":296000,"ts":1760557005.8662214}
2025/10/15 19:36:46 POLARIS_LOG {"event":"send_rate","rate":304000,"ts":1760557006.8656125}
2025/10/15 19:36:47 POLARIS_LOG {"event":"send_rate","rate":296000,"ts":1760557007.865786}
2025/10/15 19:36:48 POLARIS_LOG {"event":"send_rate","rate":304000,"ts":1760557008.8656225}
2025/10/15 19:36:49 POLARIS_LOG {"event":"send_rate","rate":296000,"ts":1760557009.8686025}
2025/10/15 19:36:50 POLARIS_LOG {"event":"send_rate","rate":304000,"ts":1760557010.8657584}
2025/10/15 19:36:51 POLARIS_LOG {"event":"send_rate","rate":296000,"ts":1760557011.8652499}
2025/10/15 19:36:52 POLARIS_LOG {"event":"send_rate","rate":304000,"ts":1760557012.869985}
2025/10/15 19:36:53 POLARIS_LOG {"event":"send_rate","rate":296000,"ts":1760557013.8655481}
2025/10/15 19:36:54 POLARIS_LOG {"event":"send_rate","rate":304000,"ts":1760557014.8724463}
2025/10/15 19:36:55 POLARIS_LOG {"event":"send_rate","rate":296000,"ts":1760557015.8654315}
2025/10/15 19:36:56 POLARIS_LOG {"event":"send_rate","rate":304000,"ts":1760557016.865387}
2025/10/15 19:36:57 POLARIS_LOG {"event":"send_rate","rate":296000,"ts":1760557017.8670955}
2025/10/15 19:36:58 POLARIS_LOG {"event":"send_rate","rate":304000,"ts":1760557018.8655107}
2025/10/15 19:36:59 POLARIS_LOG {"event":"send_rate","rate":296000,"ts":1760557019.8650546}
2025/10/15 19:37:00 POLARIS_LOG {"event":"send_rate","rate":304000,"ts":1760557020.8656662}
2025/10/15 19:37:01 POLARIS_LOG {"event":"send_rate","rate":296000,"ts":1760557021.8648722}
2025/10/15 19:37:02 POLARIS_LOG {"event":"send_rate","rate":304000,"ts":1760557022.8690255}
2025/10/15 19:37:03 POLARIS_LOG {"event":"send_rate","rate":296000,"ts":1760557023.871699}
2025/10/15 19:37:04 POLARIS_LOG {"event":"send_rate","rate":304000,"ts":1760557024.8653593}
2025/10/15 19:37:05 POLARIS_LOG {"event":"send_rate","rate":296000,"ts":1760557025.8668962}
2025/10/15 19:37:06 POLARIS_LOG {"event":"send_rate","rate":304000,"ts":1760557026.8652003}
2025/10/15 19:37:07 POLARIS_LOG {"event":"send_rate","rate":296000,"ts":1760557027.864848}
2025/10/15 19:37:08 POLARIS_LOG {"event":"send_rate","rate":304000,"ts":1760557028.8653328}
2025/10/15 19:37:09 POLARIS_LOG {"event":"send_rate","rate":296000,"ts":1760557029.8705966}
2025/10/15 19:37:10 POLARIS_LOG {"event":"send_rate","rate":304000,"ts":1760557030.865236}
2025/10/15 19:37:11 POLARIS_LOG {"event":"send_rate","rate":296000,"ts":1760557031.8660986}
2025/10/15 19:37:12 POLARIS_LOG {"event":"send_rate","rate":304000,"ts":1760557032.8657677}
2025/10/15 19:37:13 POLARIS_LOG {"event":"send_rate","rate":296000,"ts":1760557033.868036}
2025/10/15 19:37:14 POLARIS_LOG {"event":"send_rate","rate":304000,"ts":1760557034.8655696}
2025/10/15 19:37:15 POLARIS_LOG {"event":"send_rate","rate":296000,"ts":1760557035.8652575}
2025/10/15 19:37:16 POLARIS_LOG {"event":"send_rate","rate":304000,"ts":1760557036.8653738}
2025/10/15 19:37:17 POLARIS_LOG {"event":"send_rate","rate":296000,"ts":1760557037.8657131}
2025/10/15 19:37:18 POLARIS_LOG {"event":"send_rate","rate":304000,"ts":1760557038.8694856}
2025/10/15 19:37:19 POLARIS_LOG {"event":"send_rate","rate":296000,"ts":1760557039.865245}
2025/10/15 19:37:20 POLARIS_LOG {"event":"send_rate","rate":304000,"ts":1760557040.8658555}
2025/10/15 19:37:21 POLARIS_LOG {"event":"send_rate","rate":296000,"ts":1760557041.865707}
2025/10/15 19:37:22 POLARIS_LOG {"event":"send_rate","rate":304000,"ts":1760557042.8659253}
2025/10/15 19:37:23 POLARIS_LOG {"event":"send_rate","rate":296000,"ts":1760557043.865372}
2025/10/15 19:37:24 POLARIS_LOG {"event":"send_rate","rate":304000,"ts":1760557044.8653164}
2025/10/15 19:37:25 POLARIS_LOG {"event":"send_rate","rate":296000,"ts":1760557045.865962}
2025/10/15 19:37:26 POLARIS_LOG {"event":"send_rate","rate":296000,"ts":1760557046.8648908}
2025/10/15 19:37:27 POLARIS_LOG {"event":"send_rate","rate":304000,"ts":1760557047.8654811}
2025/10/15 19:37:28 POLARIS_LOG {"event":"send_rate","rate":296000,"ts":1760557048.8669376}
2025/10/15 19:37:29 POLARIS_LOG {"event":"send_rate","rate":304000,"ts":1760557049.8651264}
2025/10/15 19:37:30 POLARIS_LOG {"event":"send_rate","rate":296000,"ts":1760557050.8649688}
2025/10/15 19:37:31 POLARIS_LOG {"event":"send_rate","rate":304000,"ts":1760557051.8659074}
2025/10/15 19:37:32 POLARIS_LOG {"event":"send_rate","rate":296000,"ts":1760557052.8652906}
2025/10/15 19:37:33 POLARIS_LOG {"event":"send_rate","rate":304000,"ts":1760557053.8656473}
2025/10/15 19:37:34 POLARIS_LOG {"event":"send_rate","rate":304000,"ts":1760557054.8658094}
2025/10/15 19:37:35 POLARIS_LOG {"event":"send_rate","rate":296000,"ts":1760557055.864854}
2025/10/15 19:37:36 POLARIS_LOG {"event":"send_rate","rate":296000,"ts":1760557056.864875}
2025/10/15 19:37:37 POLARIS_LOG {"event":"send_rate","rate":304000,"ts":1760557057.8649738}
2025/10/15 19:37:38 POLARIS_LOG {"event":"send_rate","rate":296000,"ts":1760557058.865657}
2025/10/15 19:37:39 POLARIS_LOG {"event":"send_rate","rate":304000,"ts":1760557059.8652291}
2025/10/15 19:37:40 POLARIS_LOG {"event":"send_rate","rate":296000,"ts":1760557060.865379}
2025/10/15 19:37:41 POLARIS_LOG {"event":"send_rate","rate":304000,"ts":1760557061.8648493}
2025/10/15 19:37:42 POLARIS_LOG {"event":"send_rate","rate":296000,"ts":1760557062.865531}
2025/10/15 19:37:43 POLARIS_LOG {"event":"send_rate","rate":304000,"ts":1760557063.865883}
2025/10/15 19:37:44 POLARIS_LOG {"event":"send_rate","rate":296000,"ts":1760557064.8675766}
2025/10/15 19:37:45 POLARIS_LOG {"event":"send_rate","rate":304000,"ts":1760557065.8692744}
2025/10/15 19:37:46 POLARIS_LOG {"event":"send_rate","rate":296000,"ts":1760557066.8648438}
2025/10/15 19:37:47 POLARIS_LOG {"event":"send_rate","rate":304000,"ts":1760557067.865946}
2025/10/15 19:37:48 POLARIS_LOG {"event":"send_rate","rate":296000,"ts":1760557068.8656805}
2025/10/15 19:37:49 POLARIS_LOG {"event":"send_rate","rate":304000,"ts":1760557069.8653207}
2025/10/15 19:37:50 POLARIS_LOG {"event":"send_rate","rate":304000,"ts":1760557070.875215}
2025/10/15 19:37:51 POLARIS_LOG {"event":"send_rate","rate":296000,"ts":1760557071.871955}
2025/10/15 19:37:52 POLARIS_LOG {"event":"send_rate","rate":296000,"ts":1760557072.8649716}
2025/10/15 19:37:53 POLARIS_LOG {"event":"send_rate","rate":304000,"ts":1760557073.865035}
2025/10/15 19:37:54 POLARIS_LOG {"event":"send_rate","rate":296000,"ts":1760557074.864873}
2025/10/15 19:37:55 POLARIS_LOG {"event":"send_rate","rate":304000,"ts":1760557075.8658714}
2025/10/15 19:37:56 POLARIS_LOG {"event":"send_rate","rate":296000,"ts":1760557076.8653362}
2025/10/15 19:37:57 POLARIS_LOG {"event":"send_rate","rate":304000,"ts":1760557077.8655996}
2025/10/15 19:37:58 POLARIS_LOG {"event":"send_rate","rate":296000,"ts":1760557078.8661041}
2025/10/15 19:37:59 POLARIS_LOG {"event":"send_rate","rate":304000,"ts":1760557079.865326}
2025/10/15 19:38:00 POLARIS_LOG {"event":"send_rate","rate":296000,"ts":1760557080.8668447}
2025/10/15 19:38:01 POLARIS_LOG {"event":"send_rate","rate":304000,"ts":1760557081.8660946}
2025/10/15 19:38:02 POLARIS_LOG {"event":"send_rate","rate":296000,"ts":1760557082.8653452}
2025/10/15 19:38:03 POLARIS_LOG {"event":"send_rate","rate":304000,"ts":1760557083.8659909}
2025/10/15 19:38:04 POLARIS_LOG {"event":"send_rate","rate":296000,"ts":1760557084.8656828}
2025/10/15 19:38:05 POLARIS_LOG {"event":"send_rate","rate":304000,"ts":1760557085.8653896}
2025/10/15 19:38:06 POLARIS_LOG {"event":"send_rate","rate":296000,"ts":1760557086.867016}
2025/10/15 19:38:07 POLARIS_LOG {"event":"send_rate","rate":304000,"ts":1760557087.8658228}
2025/10/15 19:38:08 POLARIS_LOG {"event":"send_rate","rate":296000,"ts":1760557088.865865}
2025/10/15 19:38:09 POLARIS_LOG {"event":"send_rate","rate":304000,"ts":1760557089.8714325}
2025/10/15 19:38:10 POLARIS_LOG {"event":"send_rate","rate":296000,"ts":1760557090.8656092}
2025/10/15 19:38:11 POLARIS_LOG {"event":"send_rate","rate":304000,"ts":1760557091.8651228}
2025/10/15 19:38:12 POLARIS_LOG {"event":"send_rate","rate":296000,"ts":1760557092.8655424}
2025/10/15 19:38:13 POLARIS_LOG {"event":"send_rate","rate":304000,"ts":1760557093.8653743}
2025/10/15 19:38:14 POLARIS_LOG {"event":"send_rate","rate":296000,"ts":1760557094.8659582}
2025/10/15 19:38:15 POLARIS_LOG {"event":"send_rate","rate":304000,"ts":1760557095.8657486}
2025/10/15 19:38:16 POLARIS_LOG {"event":"send_rate","rate":296000,"ts":1760557096.865856}
2025/10/15 19:38:17 POLARIS_LOG {"event":"send_rate","rate":304000,"ts":1760557097.8666775}
2025/10/15 19:38:18 POLARIS_LOG {"event":"send_rate","rate":296000,"ts":1760557098.8657203}
2025/10/15 19:38:19 POLARIS_LOG {"event":"send_rate","rate":304000,"ts":1760557099.8658361}
2025/10/15 19:38:20 POLARIS_LOG {"event":"send_rate","rate":296000,"ts":1760557100.8681464}
2025/10/15 19:38:21 POLARIS_LOG {"event":"send_rate","rate":304000,"ts":1760557101.8655005}
2025/10/15 19:38:22 POLARIS_LOG {"event":"send_rate","rate":304000,"ts":1760557102.8769517}
2025/10/15 19:38:23 POLARIS_LOG {"event":"send_rate","rate":296000,"ts":1760557103.8657231}
2025/10/15 19:38:24 POLARIS_LOG {"event":"send_rate","rate":296000,"ts":1760557104.8663332}
2025/10/15 19:38:25 POLARIS_LOG {"event":"send_rate","rate":304000,"ts":1760557105.8658757}
2025/10/15 19:38:26 POLARIS_LOG {"event":"send_rate","rate":296000,"ts":1760557106.866341}
2025/10/15 19:38:27 POLARIS_LOG {"event":"send_rate","rate":304000,"ts":1760557107.8653858}
2025/10/15 19:38:28 POLARIS_LOG {"event":"send_rate","rate":296000,"ts":1760557108.867337}
2025/10/15 19:38:29 POLARIS_LOG {"event":"send_rate","rate":304000,"ts":1760557109.8668516}
2025/10/15 19:38:30 POLARIS_LOG {"event":"send_rate","rate":296000,"ts":1760557110.867112}
2025/10/15 19:38:31 POLARIS_LOG {"event":"send_rate","rate":304000,"ts":1760557111.8669498}
2025/10/15 19:38:32 POLARIS_LOG {"event":"send_rate","rate":296000,"ts":1760557112.865935}
2025/10/15 19:38:33 POLARIS_LOG {"event":"send_rate","rate":304000,"ts":1760557113.8676493}
2025/10/15 19:38:34 POLARIS_LOG {"event":"send_rate","rate":296000,"ts":1760557114.8654802}
2025/10/15 19:38:35 POLARIS_LOG {"event":"send_rate","rate":304000,"ts":1760557115.865221}
2025/10/15 19:38:36 POLARIS_LOG {"event":"send_rate","rate":296000,"ts":1760557116.8652956}
2025/10/15 19:38:37 POLARIS_LOG {"event":"send_rate","rate":304000,"ts":1760557117.8654327}
2025/10/15 19:38:38 POLARIS_LOG {"event":"send_rate","rate":296000,"ts":1760557118.865411}
2025/10/15 19:38:39 POLARIS_LOG {"event":"send_rate","rate":304000,"ts":1760557119.8663778}
2025/10/15 19:38:40 POLARIS_LOG {"event":"send_rate","rate":296000,"ts":1760557120.8662205}
2025/10/15 19:38:41 POLARIS_LOG {"event":"send_rate","rate":304000,"ts":1760557121.8651743}
2025/10/15 19:38:42 POLARIS_LOG {"event":"send_rate","rate":296000,"ts":1760557122.8658597}
2025/10/15 19:38:43 POLARIS_LOG {"event":"send_rate","rate":304000,"ts":1760557123.867149}
2025/10/15 19:38:44 POLARIS_LOG {"event":"send_rate","rate":296000,"ts":1760557124.8653142}
2025/10/15 19:38:45 POLARIS_LOG {"event":"send_rate","rate":304000,"ts":1760557125.8660781}
2025/10/15 19:38:46 POLARIS_LOG {"event":"send_rate","rate":296000,"ts":1760557126.8657188}
2025/10/15 19:38:47 POLARIS_LOG {"event":"send_rate","rate":304000,"ts":1760557127.865634}
2025/10/15 19:38:48 POLARIS_LOG {"event":"send_rate","rate":296000,"ts":1760557128.8660626}
2025/10/15 19:38:49 POLARIS_LOG {"event":"send_rate","rate":304000,"ts":1760557129.868282}
2025/10/15 19:38:50 POLARIS_LOG {"event":"send_rate","rate":296000,"ts":1760557130.865945}
2025/10/15 19:38:51 POLARIS_LOG {"event":"send_rate","rate":304000,"ts":1760557131.8662207}
2025/10/15 19:38:52 POLARIS_LOG {"event":"send_rate","rate":296000,"ts":1760557132.865811}
2025/10/15 19:38:53 POLARIS_LOG {"event":"send_rate","rate":304000,"ts":1760557133.8649664}
2025/10/15 19:38:54 POLARIS_LOG {"event":"send_rate","rate":296000,"ts":1760557134.8653753}
2025/10/15 19:38:55 POLARIS_LOG {"event":"send_rate","rate":304000,"ts":1760557135.8657475}
2025/10/15 19:38:56 POLARIS_LOG {"event":"send_rate","rate":296000,"ts":1760557136.8661578}
2025/10/15 19:38:57 POLARIS_LOG {"event":"send_rate","rate":304000,"ts":1760557137.8655665}
2025/10/15 19:38:58 POLARIS_LOG {"event":"send_rate","rate":296000,"ts":1760557138.8653722}
2025/10/15 19:38:59 POLARIS_LOG {"event":"send_rate","rate":304000,"ts":1760557139.866937}
2025/10/15 19:39:00 POLARIS_LOG {"event":"send_rate","rate":296000,"ts":1760557140.8744895}
2025/10/15 19:39:01 POLARIS_LOG {"event":"send_rate","rate":296000,"ts":1760557141.8648531}
2025/10/15 19:39:02 POLARIS_LOG {"event":"send_rate","rate":304000,"ts":1760557142.8657503}
2025/10/15 19:39:03 POLARIS_LOG {"event":"send_rate","rate":296000,"ts":1760557143.866619}
2025/10/15 19:39:04 POLARIS_LOG {"event":"send_rate","rate":304000,"ts":1760557144.865826}
2025/10/15 19:39:05 POLARIS_LOG {"event":"send_rate","rate":296000,"ts":1760557145.8668926}
2025/10/15 19:39:06 POLARIS_LOG {"event":"send_rate","rate":304000,"ts":1760557146.865516}
2025/10/15 19:39:07 POLARIS_LOG {"event":"send_rate","rate":304000,"ts":1760557147.865699}
2025/10/15 19:39:08 POLARIS_LOG {"event":"send_rate","rate":296000,"ts":1760557148.8664079}
2025/10/15 19:39:09 POLARIS_LOG {"event":"send_rate","rate":304000,"ts":1760557149.8659792}
2025/10/15 19:39:10 POLARIS_LOG {"event":"send_rate","rate":296000,"ts":1760557150.8660736}
2025/10/15 19:39:11 POLARIS_LOG {"event":"send_rate","rate":296000,"ts":1760557151.865201}
2025/10/15 19:39:12 POLARIS_LOG {"event":"send_rate","rate":304000,"ts":1760557152.867328}
2025/10/15 19:39:13 POLARIS_LOG {"event":"send_rate","rate":296000,"ts":1760557153.8686154}
2025/10/15 19:39:14 POLARIS_LOG {"event":"send_rate","rate":304000,"ts":1760557154.8667011}
2025/10/15 19:39:15 POLARIS_LOG {"event":"send_rate","rate":296000,"ts":1760557155.865153}
2025/10/15 19:39:16 POLARIS_LOG {"event":"send_rate","rate":304000,"ts":1760557156.8652918}
2025/10/15 19:39:17 POLARIS_LOG {"event":"send_rate","rate":296000,"ts":1760557157.8657112}
2025/10/15 19:39:18 POLARIS_LOG {"event":"send_rate","rate":304000,"ts":1760557158.865489}
2025/10/15 19:39:19 POLARIS_LOG {"event":"send_rate","rate":296000,"ts":1760557159.8650239}
2025/10/15 19:39:20 POLARIS_LOG {"event":"send_rate","rate":304000,"ts":1760557160.8654797}
2025/10/15 19:39:21 POLARIS_LOG {"event":"send_rate","rate":304000,"ts":1760557161.875297}
2025/10/15 19:39:22 POLARIS_LOG {"event":"send_rate","rate":296000,"ts":1760557162.8650534}
2025/10/15 19:39:23 POLARIS_LOG {"event":"send_rate","rate":296000,"ts":1760557163.86821}
2025/10/15 19:39:24 POLARIS_LOG {"event":"send_rate","rate":304000,"ts":1760557164.8656497}
2025/10/15 19:39:25 POLARIS_LOG {"event":"send_rate","rate":296000,"ts":1760557165.8648677}
2025/10/15 19:39:26 POLARIS_LOG {"event":"send_rate","rate":304000,"ts":1760557166.8655193}
2025/10/15 19:39:27 POLARIS_LOG {"event":"send_rate","rate":296000,"ts":1760557167.8655016}
2025/10/15 19:39:28 POLARIS_LOG {"event":"send_rate","rate":304000,"ts":1760557168.8651452}
2025/10/15 19:39:29 POLARIS_LOG {"event":"send_rate","rate":296000,"ts":1760557169.8659697}
2025/10/15 19:39:30 POLARIS_LOG {"event":"send_rate","rate":304000,"ts":1760557170.8656383}
2025/10/15 19:39:31 POLARIS_LOG {"event":"send_rate","rate":296000,"ts":1760557171.8658552}
2025/10/15 19:39:32 POLARIS_LOG {"event":"send_rate","rate":304000,"ts":1760557172.8656766}
2025/10/15 19:39:33 POLARIS_LOG {"event":"send_rate","rate":296000,"ts":1760557173.8656209}
2025/10/15 19:39:34 POLARIS_LOG {"event":"send_rate","rate":304000,"ts":1760557174.8664129}
2025/10/15 19:39:35 POLARIS_LOG {"event":"send_rate","rate":296000,"ts":1760557175.8656018}
2025/10/15 19:39:36 POLARIS_LOG {"event":"send_rate","rate":304000,"ts":1760557176.8659627}
2025/10/15 19:39:37 POLARIS_LOG {"event":"send_rate","rate":296000,"ts":1760557177.866968}
2025/10/15 19:39:38 POLARIS_LOG {"event":"send_rate","rate":304000,"ts":1760557178.865908}
2025/10/15 19:39:39 POLARIS_LOG {"event":"send_rate","rate":296000,"ts":1760557179.865788}
2025/10/15 19:39:40 POLARIS_LOG {"event":"send_rate","rate":304000,"ts":1760557180.8654387}
2025/10/15 19:39:41 POLARIS_LOG {"event":"send_rate","rate":296000,"ts":1760557181.865726}
We need to sleep for 1 seconds before we can get the results
2025/10/15 19:39:42 POLARIS_LOG {"event":"send_rate","rate":8000,"ts":1760557182.865882}
Drain Loop received packet
Drain Loop received non-nil payload
We need to sleep for 1 seconds before we can get the results
Client sent 11137 packets, server reported 11123 packets received
The network loss rate from client to server is 0.1%

S->C results
Attempted bandwidth: 0 bps / 0.00 Mbps
Achieved bandwidth: 0 bps / 0.00 Mbps
Loss rate: 0.0%
Interarrival time min/avg/max/mdev = -0.000/0.000/0.000/0.000 ms

C->S results
Attempted bandwidth: 299986 bps / 0.30 Mbps
Achieved bandwidth: 299609 bps / 0.30 Mbps
Loss rate: 0.1%
Interarrival time min/avg/max/mdev = 0.002/26.677/388.864/19.031 ms
