
Test parameters:
client->server: 297 seconds, 1000 bytes, 11137 packets
server->client: 297 seconds, 1000 bytes, 0 packets
Polaris prober initialized with 38 paths
Polaris prober initialized with local 1-111,10.111.0.71:32761 and remote 1-113,10.113.0.71
2025/10/14 15:22:24 POLARIS_LOG {"current_rate":0,"event":"path_switch","new":"2 2 5 2","trigger":"initialization","ts":1760455344.4686704}
2025/10/14 15:22:25 POLARIS_LOG {"event":"send_rate","rate":304000,"ts":1760455345.4692597}
2025/10/14 15:22:26 POLARIS_LOG {"event":"send_rate","rate":296000,"ts":1760455346.4695528}
2025/10/14 15:22:27 POLARIS_LOG {"event":"send_rate","rate":304000,"ts":1760455347.46951}
2025/10/14 15:22:28 POLARIS_LOG {"event":"send_rate","rate":296000,"ts":1760455348.4697552}
2025/10/14 15:22:29 POLARIS_LOG {"event":"send_rate","rate":304000,"ts":1760455349.4706979}
2025/10/14 15:22:30 POLARIS_LOG {"event":"send_rate","rate":296000,"ts":1760455350.4707687}
2025/10/14 15:22:31 POLARIS_LOG {"event":"send_rate","rate":304000,"ts":1760455351.4699745}
2025/10/14 15:22:32 POLARIS_LOG {"event":"send_rate","rate":296000,"ts":1760455352.4794338}
2025/10/14 15:22:33 POLARIS_LOG {"event":"send_rate","rate":304000,"ts":1760455353.471324}
2025/10/14 15:22:34 POLARIS_LOG {"event":"send_rate","rate":296000,"ts":1760455354.4792008}
2025/10/14 15:22:35 POLARIS_LOG {"event":"send_rate","rate":304000,"ts":1760455355.4694781}
2025/10/14 15:22:36 POLARIS_LOG {"event":"send_rate","rate":296000,"ts":1760455356.469715}
2025/10/14 15:22:37 POLARIS_LOG {"event":"send_rate","rate":304000,"ts":1760455357.473071}
2025/10/14 15:22:38 POLARIS_LOG {"event":"send_rate","rate":296000,"ts":1760455358.469073}
2025/10/14 15:22:39 POLARIS_LOG {"event":"send_rate","rate":304000,"ts":1760455359.4716184}
2025/10/14 15:22:40 POLARIS_LOG {"event":"send_rate","rate":296000,"ts":1760455360.4761233}
2025/10/14 15:22:41 POLARIS_LOG {"event":"send_rate","rate":304000,"ts":1760455361.4694133}
2025/10/14 15:22:42 POLARIS_LOG {"event":"send_rate","rate":296000,"ts":1760455362.4726362}
2025/10/14 15:22:43 POLARIS_LOG {"event":"send_rate","rate":296000,"ts":1760455363.469079}
2025/10/14 15:22:44 POLARIS_LOG {"event":"send_rate","rate":304000,"ts":1760455364.4712768}
2025/10/14 15:22:45 POLARIS_LOG {"event":"send_rate","rate":304000,"ts":1760455365.4777892}
2025/10/14 15:22:46 POLARIS_LOG {"event":"send_rate","rate":296000,"ts":1760455366.4719107}
2025/10/14 15:22:47 POLARIS_LOG {"event":"send_rate","rate":304000,"ts":1760455367.471009}
2025/10/14 15:22:48 POLARIS_LOG {"event":"send_rate","rate":296000,"ts":1760455368.4703703}
2025/10/14 15:22:49 POLARIS_LOG {"event":"send_rate","rate":304000,"ts":1760455369.4705384}
2025/10/14 15:22:50 POLARIS_LOG {"event":"send_rate","rate":296000,"ts":1760455370.4712462}
2025/10/14 15:22:51 POLARIS_LOG {"event":"send_rate","rate":304000,"ts":1760455371.4702287}
2025/10/14 15:22:52 POLARIS_LOG {"event":"send_rate","rate":136000,"ts":1760455372.469782}
2025/10/14 15:22:53 POLARIS_LOG {"event":"send_rate","rate":128000,"ts":1760455373.4703617}
2025/10/14 15:22:54 POLARIS_LOG {"candidates":25,"candidates_unfiltered":25,"current_rate":160000,"estimated_share":2000000,"event":"path_switch","max_estimated_share":2000000,"new":"5 5 6 6 4 1","old":"2 2 5 2","trigger":"scheduled","ts":1760455374.470387}
2025/10/14 15:22:54 POLARIS_LOG {"event":"send_rate","rate":160000,"ts":1760455374.4697478}
2025/10/14 15:22:55 POLARIS_LOG {"event":"send_rate","rate":776000,"ts":1760455375.469934}
2025/10/14 15:22:56 POLARIS_LOG {"event":"send_rate","rate":296000,"ts":1760455376.470859}
2025/10/14 15:22:57 POLARIS_LOG {"event":"send_rate","rate":304000,"ts":1760455377.4693863}
2025/10/14 15:22:58 POLARIS_LOG {"event":"send_rate","rate":296000,"ts":1760455378.469085}
2025/10/14 15:22:59 POLARIS_LOG {"event":"send_rate","rate":304000,"ts":1760455379.4696898}
2025/10/14 15:23:00 POLARIS_LOG {"event":"send_rate","rate":296000,"ts":1760455380.470012}
2025/10/14 15:23:01 POLARIS_LOG {"event":"send_rate","rate":304000,"ts":1760455381.470329}
2025/10/14 15:23:02 POLARIS_LOG {"event":"send_rate","rate":296000,"ts":1760455382.4704487}
2025/10/14 15:23:03 POLARIS_LOG {"event":"send_rate","rate":304000,"ts":1760455383.4725397}
2025/10/14 15:23:04 POLARIS_LOG {"event":"send_rate","rate":296000,"ts":1760455384.4727352}
2025/10/14 15:23:05 POLARIS_LOG {"event":"send_rate","rate":304000,"ts":1760455385.4779992}
2025/10/14 15:23:06 POLARIS_LOG {"event":"send_rate","rate":296000,"ts":1760455386.4702976}
2025/10/14 15:23:07 POLARIS_LOG {"event":"send_rate","rate":296000,"ts":1760455387.4719155}
2025/10/14 15:23:08 POLARIS_LOG {"event":"send_rate","rate":304000,"ts":1760455388.4722116}
2025/10/14 15:23:09 POLARIS_LOG {"event":"send_rate","rate":304000,"ts":1760455389.469792}
2025/10/14 15:23:10 POLARIS_LOG {"event":"send_rate","rate":296000,"ts":1760455390.469958}
2025/10/14 15:23:11 POLARIS_LOG {"event":"send_rate","rate":304000,"ts":1760455391.4703186}
2025/10/14 15:23:12 POLARIS_LOG {"event":"send_rate","rate":296000,"ts":1760455392.4720027}
2025/10/14 15:23:13 POLARIS_LOG {"event":"send_rate","rate":304000,"ts":1760455393.469543}
2025/10/14 15:23:14 POLARIS_LOG {"event":"send_rate","rate":296000,"ts":1760455394.4691386}
2025/10/14 15:23:15 POLARIS_LOG {"event":"send_rate","rate":304000,"ts":1760455395.470209}
2025/10/14 15:23:16 POLARIS_LOG {"event":"send_rate","rate":296000,"ts":1760455396.4744227}
2025/10/14 15:23:17 POLARIS_LOG {"event":"send_rate","rate":304000,"ts":1760455397.470343}
2025/10/14 15:23:18 POLARIS_LOG {"event":"send_rate","rate":296000,"ts":1760455398.4743056}
2025/10/14 15:23:19 POLARIS_LOG {"event":"send_rate","rate":296000,"ts":1760455399.4705062}
2025/10/14 15:23:20 POLARIS_LOG {"event":"send_rate","rate":304000,"ts":1760455400.470567}
2025/10/14 15:23:21 POLARIS_LOG {"event":"send_rate","rate":304000,"ts":1760455401.4722548}
2025/10/14 15:23:22 POLARIS_LOG {"event":"send_rate","rate":296000,"ts":1760455402.4699244}
2025/10/14 15:23:23 POLARIS_LOG {"event":"send_rate","rate":296000,"ts":1760455403.474537}
2025/10/14 15:23:24 POLARIS_LOG {"event":"send_rate","rate":304000,"ts":1760455404.470204}
2025/10/14 15:23:25 POLARIS_LOG {"event":"send_rate","rate":296000,"ts":1760455405.4707866}
2025/10/14 15:23:26 POLARIS_LOG {"event":"send_rate","rate":304000,"ts":1760455406.4709942}
2025/10/14 15:23:27 POLARIS_LOG {"event":"send_rate","rate":296000,"ts":1760455407.4701037}
2025/10/14 15:23:28 POLARIS_LOG {"event":"send_rate","rate":304000,"ts":1760455408.4708607}
2025/10/14 15:23:29 POLARIS_LOG {"event":"send_rate","rate":304000,"ts":1760455409.4727829}
2025/10/14 15:23:30 POLARIS_LOG {"event":"send_rate","rate":296000,"ts":1760455410.4703088}
2025/10/14 15:23:31 POLARIS_LOG {"event":"send_rate","rate":296000,"ts":1760455411.4701164}
2025/10/14 15:23:32 POLARIS_LOG {"event":"send_rate","rate":304000,"ts":1760455412.4725304}
2025/10/14 15:23:33 POLARIS_LOG {"event":"send_rate","rate":304000,"ts":1760455413.496644}
2025/10/14 15:23:34 POLARIS_LOG {"event":"send_rate","rate":296000,"ts":1760455414.4730027}
2025/10/14 15:23:35 POLARIS_LOG {"event":"send_rate","rate":296000,"ts":1760455415.4696956}
2025/10/14 15:23:36 POLARIS_LOG {"event":"send_rate","rate":312000,"ts":1760455416.486538}
2025/10/14 15:23:37 POLARIS_LOG {"event":"send_rate","rate":288000,"ts":1760455417.4694653}
2025/10/14 15:23:38 POLARIS_LOG {"event":"send_rate","rate":304000,"ts":1760455418.4695222}
2025/10/14 15:23:39 POLARIS_LOG {"event":"send_rate","rate":296000,"ts":1760455419.4697995}
2025/10/14 15:23:40 POLARIS_LOG {"event":"send_rate","rate":304000,"ts":1760455420.473867}
2025/10/14 15:23:41 POLARIS_LOG {"event":"send_rate","rate":304000,"ts":1760455421.47745}
2025/10/14 15:23:42 POLARIS_LOG {"event":"send_rate","rate":296000,"ts":1760455422.481612}
2025/10/14 15:23:43 POLARIS_LOG {"event":"send_rate","rate":296000,"ts":1760455423.4703236}
2025/10/14 15:23:44 POLARIS_LOG {"event":"send_rate","rate":304000,"ts":1760455424.4704716}
2025/10/14 15:23:45 POLARIS_LOG {"event":"send_rate","rate":296000,"ts":1760455425.4718182}
2025/10/14 15:23:46 POLARIS_LOG {"event":"send_rate","rate":304000,"ts":1760455426.4692426}
2025/10/14 15:23:47 POLARIS_LOG {"event":"send_rate","rate":296000,"ts":1760455427.4758193}
2025/10/14 15:23:48 POLARIS_LOG {"event":"send_rate","rate":304000,"ts":1760455428.4698093}
2025/10/14 15:23:49 POLARIS_LOG {"event":"send_rate","rate":296000,"ts":1760455429.475616}
2025/10/14 15:23:50 POLARIS_LOG {"event":"send_rate","rate":304000,"ts":1760455430.4709368}
2025/10/14 15:23:51 POLARIS_LOG {"event":"send_rate","rate":296000,"ts":1760455431.474999}
2025/10/14 15:23:52 POLARIS_LOG {"event":"send_rate","rate":304000,"ts":1760455432.4994266}
2025/10/14 15:23:53 POLARIS_LOG {"event":"send_rate","rate":296000,"ts":1760455433.4710228}
2025/10/14 15:23:54 POLARIS_LOG {"event":"send_rate","rate":304000,"ts":1760455434.4711962}
2025/10/14 15:23:55 POLARIS_LOG {"event":"send_rate","rate":296000,"ts":1760455435.4707766}
2025/10/14 15:23:56 POLARIS_LOG {"event":"send_rate","rate":304000,"ts":1760455436.4748485}
2025/10/14 15:23:57 POLARIS_LOG {"event":"send_rate","rate":296000,"ts":1760455437.4722764}
2025/10/14 15:23:58 POLARIS_LOG {"event":"send_rate","rate":304000,"ts":1760455438.4699411}
2025/10/14 15:23:59 POLARIS_LOG {"event":"send_rate","rate":296000,"ts":1760455439.4697602}
2025/10/14 15:24:00 POLARIS_LOG {"event":"send_rate","rate":304000,"ts":1760455440.4745111}
2025/10/14 15:24:01 POLARIS_LOG {"event":"send_rate","rate":296000,"ts":1760455441.472723}
2025/10/14 15:24:02 POLARIS_LOG {"event":"send_rate","rate":304000,"ts":1760455442.469092}
2025/10/14 15:24:03 POLARIS_LOG {"event":"send_rate","rate":296000,"ts":1760455443.4702902}
2025/10/14 15:24:04 POLARIS_LOG {"event":"send_rate","rate":304000,"ts":1760455444.4693596}
2025/10/14 15:24:05 POLARIS_LOG {"event":"send_rate","rate":296000,"ts":1760455445.4702652}
2025/10/14 15:24:06 POLARIS_LOG {"event":"send_rate","rate":304000,"ts":1760455446.4752977}
2025/10/14 15:24:07 POLARIS_LOG {"event":"send_rate","rate":296000,"ts":1760455447.4718387}
2025/10/14 15:24:08 POLARIS_LOG {"event":"send_rate","rate":304000,"ts":1760455448.469057}
2025/10/14 15:24:09 POLARIS_LOG {"event":"send_rate","rate":304000,"ts":1760455449.493445}
2025/10/14 15:24:10 POLARIS_LOG {"event":"send_rate","rate":296000,"ts":1760455450.4703503}
2025/10/14 15:24:11 POLARIS_LOG {"event":"send_rate","rate":296000,"ts":1760455451.4703443}
2025/10/14 15:24:12 POLARIS_LOG {"event":"send_rate","rate":304000,"ts":1760455452.469712}
2025/10/14 15:24:13 POLARIS_LOG {"event":"send_rate","rate":296000,"ts":1760455453.4700994}
2025/10/14 15:24:14 POLARIS_LOG {"event":"send_rate","rate":304000,"ts":1760455454.4703686}
2025/10/14 15:24:15 POLARIS_LOG {"event":"send_rate","rate":296000,"ts":1760455455.4699385}
2025/10/14 15:24:16 POLARIS_LOG {"event":"send_rate","rate":304000,"ts":1760455456.4810932}
2025/10/14 15:24:17 POLARIS_LOG {"event":"send_rate","rate":296000,"ts":1760455457.4715924}
2025/10/14 15:24:18 POLARIS_LOG {"event":"send_rate","rate":304000,"ts":1760455458.4691913}
2025/10/14 15:24:19 POLARIS_LOG {"event":"send_rate","rate":296000,"ts":1760455459.474647}
2025/10/14 15:24:20 POLARIS_LOG {"event":"send_rate","rate":304000,"ts":1760455460.469689}
2025/10/14 15:24:21 POLARIS_LOG {"event":"send_rate","rate":296000,"ts":1760455461.4698062}
2025/10/14 15:24:22 POLARIS_LOG {"event":"send_rate","rate":304000,"ts":1760455462.4693186}
2025/10/14 15:24:23 POLARIS_LOG {"event":"send_rate","rate":304000,"ts":1760455463.4787307}
2025/10/14 15:24:24 POLARIS_LOG {"event":"send_rate","rate":296000,"ts":1760455464.4698985}
2025/10/14 15:24:25 POLARIS_LOG {"event":"send_rate","rate":296000,"ts":1760455465.4697576}
2025/10/14 15:24:26 POLARIS_LOG {"event":"send_rate","rate":304000,"ts":1760455466.470412}
2025/10/14 15:24:27 POLARIS_LOG {"event":"send_rate","rate":296000,"ts":1760455467.4779093}
2025/10/14 15:24:28 POLARIS_LOG {"event":"send_rate","rate":296000,"ts":1760455468.471429}
2025/10/14 15:24:29 POLARIS_LOG {"event":"send_rate","rate":304000,"ts":1760455469.4718752}
2025/10/14 15:24:30 POLARIS_LOG {"event":"send_rate","rate":304000,"ts":1760455470.4690259}
2025/10/14 15:24:31 POLARIS_LOG {"event":"send_rate","rate":296000,"ts":1760455471.4716794}
2025/10/14 15:24:32 POLARIS_LOG {"event":"send_rate","rate":304000,"ts":1760455472.4695885}
2025/10/14 15:24:33 POLARIS_LOG {"event":"send_rate","rate":296000,"ts":1760455473.4692397}
2025/10/14 15:24:34 POLARIS_LOG {"event":"send_rate","rate":304000,"ts":1760455474.4704716}
2025/10/14 15:24:35 POLARIS_LOG {"event":"send_rate","rate":296000,"ts":1760455475.4726965}
2025/10/14 15:24:36 POLARIS_LOG {"event":"send_rate","rate":304000,"ts":1760455476.4700801}
2025/10/14 15:24:37 POLARIS_LOG {"event":"send_rate","rate":296000,"ts":1760455477.4700294}
2025/10/14 15:24:38 POLARIS_LOG {"event":"send_rate","rate":304000,"ts":1760455478.4693081}
2025/10/14 15:24:39 POLARIS_LOG {"event":"send_rate","rate":296000,"ts":1760455479.470553}
2025/10/14 15:24:40 POLARIS_LOG {"event":"send_rate","rate":296000,"ts":1760455480.469655}
2025/10/14 15:24:41 POLARIS_LOG {"event":"send_rate","rate":304000,"ts":1760455481.4704566}
2025/10/14 15:24:42 POLARIS_LOG {"event":"send_rate","rate":304000,"ts":1760455482.46929}
2025/10/14 15:24:43 POLARIS_LOG {"event":"send_rate","rate":296000,"ts":1760455483.4695895}
2025/10/14 15:24:44 POLARIS_LOG {"event":"send_rate","rate":296000,"ts":1760455484.4702418}
2025/10/14 15:24:45 POLARIS_LOG {"event":"send_rate","rate":304000,"ts":1760455485.4697375}
2025/10/14 15:24:46 POLARIS_LOG {"event":"send_rate","rate":304000,"ts":1760455486.4738655}
2025/10/14 15:24:47 POLARIS_LOG {"event":"send_rate","rate":296000,"ts":1760455487.4701645}
2025/10/14 15:24:48 POLARIS_LOG {"event":"send_rate","rate":304000,"ts":1760455488.4732246}
2025/10/14 15:24:49 POLARIS_LOG {"event":"send_rate","rate":296000,"ts":1760455489.4723284}
2025/10/14 15:24:50 POLARIS_LOG {"event":"send_rate","rate":304000,"ts":1760455490.4697242}
2025/10/14 15:24:51 POLARIS_LOG {"event":"send_rate","rate":296000,"ts":1760455491.4721887}
2025/10/14 15:24:52 POLARIS_LOG {"event":"send_rate","rate":304000,"ts":1760455492.4694247}
2025/10/14 15:24:53 POLARIS_LOG {"event":"send_rate","rate":296000,"ts":1760455493.4708664}
2025/10/14 15:24:54 POLARIS_LOG {"event":"send_rate","rate":304000,"ts":1760455494.4699259}
2025/10/14 15:24:55 POLARIS_LOG {"event":"send_rate","rate":296000,"ts":1760455495.4705346}
2025/10/14 15:24:56 POLARIS_LOG {"event":"send_rate","rate":296000,"ts":1760455496.475188}
2025/10/14 15:24:57 POLARIS_LOG {"event":"send_rate","rate":304000,"ts":1760455497.4806895}
2025/10/14 15:24:58 POLARIS_LOG {"event":"send_rate","rate":296000,"ts":1760455498.469607}
2025/10/14 15:24:59 POLARIS_LOG {"event":"send_rate","rate":304000,"ts":1760455499.4729297}
2025/10/14 15:25:00 POLARIS_LOG {"event":"send_rate","rate":304000,"ts":1760455500.4722703}
2025/10/14 15:25:01 POLARIS_LOG {"event":"send_rate","rate":296000,"ts":1760455501.4741564}
2025/10/14 15:25:02 POLARIS_LOG {"event":"send_rate","rate":304000,"ts":1760455502.470441}
2025/10/14 15:25:03 POLARIS_LOG {"event":"send_rate","rate":296000,"ts":1760455503.4802427}
2025/10/14 15:25:04 POLARIS_LOG {"event":"send_rate","rate":304000,"ts":1760455504.481335}
2025/10/14 15:25:05 POLARIS_LOG {"event":"send_rate","rate":296000,"ts":1760455505.46946}
2025/10/14 15:25:06 POLARIS_LOG {"event":"send_rate","rate":296000,"ts":1760455506.4703538}
2025/10/14 15:25:07 POLARIS_LOG {"event":"send_rate","rate":304000,"ts":1760455507.4716117}
2025/10/14 15:25:08 POLARIS_LOG {"event":"send_rate","rate":296000,"ts":1760455508.4698803}
2025/10/14 15:25:09 POLARIS_LOG {"event":"send_rate","rate":304000,"ts":1760455509.4716852}
2025/10/14 15:25:10 POLARIS_LOG {"event":"send_rate","rate":296000,"ts":1760455510.4702182}
2025/10/14 15:25:11 POLARIS_LOG {"event":"send_rate","rate":304000,"ts":1760455511.471775}
2025/10/14 15:25:12 POLARIS_LOG {"event":"send_rate","rate":296000,"ts":1760455512.4699702}
2025/10/14 15:25:13 POLARIS_LOG {"event":"send_rate","rate":304000,"ts":1760455513.470253}
2025/10/14 15:25:14 POLARIS_LOG {"event":"send_rate","rate":296000,"ts":1760455514.4733942}
2025/10/14 15:25:15 POLARIS_LOG {"event":"send_rate","rate":304000,"ts":1760455515.4703922}
2025/10/14 15:25:16 POLARIS_LOG {"event":"send_rate","rate":304000,"ts":1760455516.4743931}
2025/10/14 15:25:17 POLARIS_LOG {"event":"send_rate","rate":296000,"ts":1760455517.4737139}
2025/10/14 15:25:18 POLARIS_LOG {"event":"send_rate","rate":296000,"ts":1760455518.4700196}
2025/10/14 15:25:19 POLARIS_LOG {"event":"send_rate","rate":304000,"ts":1760455519.4704885}
2025/10/14 15:25:20 POLARIS_LOG {"event":"send_rate","rate":296000,"ts":1760455520.46921}
2025/10/14 15:25:21 POLARIS_LOG {"event":"send_rate","rate":304000,"ts":1760455521.469804}
2025/10/14 15:25:22 POLARIS_LOG {"event":"send_rate","rate":296000,"ts":1760455522.4708326}
2025/10/14 15:25:23 POLARIS_LOG {"event":"send_rate","rate":304000,"ts":1760455523.4721658}
2025/10/14 15:25:24 POLARIS_LOG {"event":"send_rate","rate":296000,"ts":1760455524.4696217}
2025/10/14 15:25:25 POLARIS_LOG {"event":"send_rate","rate":304000,"ts":1760455525.469843}
2025/10/14 15:25:26 POLARIS_LOG {"event":"send_rate","rate":296000,"ts":1760455526.4699695}
2025/10/14 15:25:27 POLARIS_LOG {"event":"send_rate","rate":304000,"ts":1760455527.4703994}
2025/10/14 15:25:28 POLARIS_LOG {"event":"send_rate","rate":296000,"ts":1760455528.4694993}
2025/10/14 15:25:29 POLARIS_LOG {"event":"send_rate","rate":304000,"ts":1760455529.4710472}
2025/10/14 15:25:30 POLARIS_LOG {"event":"send_rate","rate":296000,"ts":1760455530.4723153}
2025/10/14 15:25:31 POLARIS_LOG {"event":"send_rate","rate":304000,"ts":1760455531.4826002}
2025/10/14 15:25:32 POLARIS_LOG {"event":"send_rate","rate":296000,"ts":1760455532.4728594}
2025/10/14 15:25:33 POLARIS_LOG {"event":"send_rate","rate":304000,"ts":1760455533.470672}
2025/10/14 15:25:34 POLARIS_LOG {"event":"send_rate","rate":296000,"ts":1760455534.469122}
2025/10/14 15:25:35 POLARIS_LOG {"event":"send_rate","rate":304000,"ts":1760455535.4731143}
2025/10/14 15:25:36 POLARIS_LOG {"event":"send_rate","rate":296000,"ts":1760455536.4764934}
2025/10/14 15:25:37 POLARIS_LOG {"event":"send_rate","rate":304000,"ts":1760455537.4703562}
2025/10/14 15:25:38 POLARIS_LOG {"event":"send_rate","rate":296000,"ts":1760455538.4691782}
2025/10/14 15:25:39 POLARIS_LOG {"event":"send_rate","rate":304000,"ts":1760455539.4780495}
2025/10/14 15:25:40 POLARIS_LOG {"event":"send_rate","rate":296000,"ts":1760455540.4717653}
2025/10/14 15:25:41 POLARIS_LOG {"event":"send_rate","rate":304000,"ts":1760455541.4698694}
2025/10/14 15:25:42 POLARIS_LOG {"event":"send_rate","rate":304000,"ts":1760455542.4761045}
2025/10/14 15:25:43 POLARIS_LOG {"event":"send_rate","rate":296000,"ts":1760455543.4827664}
2025/10/14 15:25:44 POLARIS_LOG {"event":"send_rate","rate":296000,"ts":1760455544.471874}
2025/10/14 15:25:45 POLARIS_LOG {"event":"send_rate","rate":304000,"ts":1760455545.4693348}
2025/10/14 15:25:46 POLARIS_LOG {"event":"send_rate","rate":296000,"ts":1760455546.4745817}
2025/10/14 15:25:47 POLARIS_LOG {"event":"send_rate","rate":304000,"ts":1760455547.4705763}
2025/10/14 15:25:48 POLARIS_LOG {"event":"send_rate","rate":296000,"ts":1760455548.4701023}
2025/10/14 15:25:49 POLARIS_LOG {"event":"send_rate","rate":304000,"ts":1760455549.470251}
2025/10/14 15:25:50 POLARIS_LOG {"event":"send_rate","rate":296000,"ts":1760455550.469561}
2025/10/14 15:25:51 POLARIS_LOG {"event":"send_rate","rate":296000,"ts":1760455551.4800384}
2025/10/14 15:25:52 POLARIS_LOG {"event":"send_rate","rate":304000,"ts":1760455552.471418}
2025/10/14 15:25:53 POLARIS_LOG {"event":"send_rate","rate":296000,"ts":1760455553.4835453}
2025/10/14 15:25:54 POLARIS_LOG {"event":"send_rate","rate":304000,"ts":1760455554.4693635}
2025/10/14 15:25:55 POLARIS_LOG {"event":"send_rate","rate":304000,"ts":1760455555.469147}
2025/10/14 15:25:56 POLARIS_LOG {"event":"send_rate","rate":296000,"ts":1760455556.4692032}
2025/10/14 15:25:57 POLARIS_LOG {"event":"send_rate","rate":304000,"ts":1760455557.4703758}
2025/10/14 15:25:58 POLARIS_LOG {"event":"send_rate","rate":296000,"ts":1760455558.4757533}
2025/10/14 15:25:59 POLARIS_LOG {"event":"send_rate","rate":304000,"ts":1760455559.4712899}
2025/10/14 15:26:00 POLARIS_LOG {"event":"send_rate","rate":296000,"ts":1760455560.4713407}
2025/10/14 15:26:01 POLARIS_LOG {"event":"send_rate","rate":304000,"ts":1760455561.4707768}
2025/10/14 15:26:02 POLARIS_LOG {"event":"send_rate","rate":296000,"ts":1760455562.4718432}
2025/10/14 15:26:03 POLARIS_LOG {"event":"send_rate","rate":304000,"ts":1760455563.4695122}
2025/10/14 15:26:04 POLARIS_LOG {"event":"send_rate","rate":296000,"ts":1760455564.4712822}
2025/10/14 15:26:05 POLARIS_LOG {"event":"send_rate","rate":304000,"ts":1760455565.47084}
2025/10/14 15:26:06 POLARIS_LOG {"event":"send_rate","rate":296000,"ts":1760455566.478752}
2025/10/14 15:26:07 POLARIS_LOG {"event":"send_rate","rate":304000,"ts":1760455567.4713163}
2025/10/14 15:26:08 POLARIS_LOG {"event":"send_rate","rate":296000,"ts":1760455568.483994}
2025/10/14 15:26:09 POLARIS_LOG {"event":"send_rate","rate":304000,"ts":1760455569.4692178}
2025/10/14 15:26:10 POLARIS_LOG {"event":"send_rate","rate":296000,"ts":1760455570.470664}
2025/10/14 15:26:11 POLARIS_LOG {"event":"send_rate","rate":304000,"ts":1760455571.4702983}
2025/10/14 15:26:12 POLARIS_LOG {"event":"send_rate","rate":296000,"ts":1760455572.470873}
2025/10/14 15:26:13 POLARIS_LOG {"event":"send_rate","rate":304000,"ts":1760455573.472468}
2025/10/14 15:26:14 POLARIS_LOG {"event":"send_rate","rate":296000,"ts":1760455574.4695287}
2025/10/14 15:26:15 POLARIS_LOG {"event":"send_rate","rate":304000,"ts":1760455575.4716396}
2025/10/14 15:26:16 POLARIS_LOG {"event":"send_rate","rate":296000,"ts":1760455576.4699676}
2025/10/14 15:26:17 POLARIS_LOG {"event":"send_rate","rate":304000,"ts":1760455577.4898562}
2025/10/14 15:26:18 POLARIS_LOG {"event":"send_rate","rate":296000,"ts":1760455578.4694605}
2025/10/14 15:26:19 POLARIS_LOG {"event":"send_rate","rate":304000,"ts":1760455579.470594}
2025/10/14 15:26:20 POLARIS_LOG {"event":"send_rate","rate":296000,"ts":1760455580.4696639}
2025/10/14 15:26:21 POLARIS_LOG {"event":"send_rate","rate":304000,"ts":1760455581.4761062}
2025/10/14 15:26:22 POLARIS_LOG {"event":"send_rate","rate":296000,"ts":1760455582.4690306}
2025/10/14 15:26:23 POLARIS_LOG {"event":"send_rate","rate":304000,"ts":1760455583.4707873}
2025/10/14 15:26:24 POLARIS_LOG {"event":"send_rate","rate":296000,"ts":1760455584.4770806}
2025/10/14 15:26:25 POLARIS_LOG {"event":"send_rate","rate":304000,"ts":1760455585.4720602}
2025/10/14 15:26:26 POLARIS_LOG {"event":"send_rate","rate":296000,"ts":1760455586.4719224}
2025/10/14 15:26:27 POLARIS_LOG {"event":"send_rate","rate":304000,"ts":1760455587.4693644}
2025/10/14 15:26:28 POLARIS_LOG {"event":"send_rate","rate":296000,"ts":1760455588.4712014}
2025/10/14 15:26:29 POLARIS_LOG {"event":"send_rate","rate":304000,"ts":1760455589.4714663}
2025/10/14 15:26:30 POLARIS_LOG {"event":"send_rate","rate":296000,"ts":1760455590.4703553}
2025/10/14 15:26:31 POLARIS_LOG {"event":"send_rate","rate":296000,"ts":1760455591.4691832}
2025/10/14 15:26:32 POLARIS_LOG {"event":"send_rate","rate":304000,"ts":1760455592.4691057}
2025/10/14 15:26:33 POLARIS_LOG {"event":"send_rate","rate":304000,"ts":1760455593.4810925}
2025/10/14 15:26:34 POLARIS_LOG {"event":"send_rate","rate":296000,"ts":1760455594.4716344}
2025/10/14 15:26:35 POLARIS_LOG {"event":"send_rate","rate":296000,"ts":1760455595.469609}
2025/10/14 15:26:36 POLARIS_LOG {"event":"send_rate","rate":304000,"ts":1760455596.46987}
2025/10/14 15:26:37 POLARIS_LOG {"event":"send_rate","rate":304000,"ts":1760455597.4693415}
2025/10/14 15:26:38 POLARIS_LOG {"event":"send_rate","rate":296000,"ts":1760455598.469987}
2025/10/14 15:26:39 POLARIS_LOG {"event":"send_rate","rate":296000,"ts":1760455599.4847834}
2025/10/14 15:26:40 POLARIS_LOG {"event":"send_rate","rate":304000,"ts":1760455600.4692712}
2025/10/14 15:26:41 POLARIS_LOG {"event":"send_rate","rate":296000,"ts":1760455601.4695928}
2025/10/14 15:26:42 POLARIS_LOG {"event":"send_rate","rate":304000,"ts":1760455602.469574}
2025/10/14 15:26:43 POLARIS_LOG {"event":"send_rate","rate":296000,"ts":1760455603.472202}
2025/10/14 15:26:44 POLARIS_LOG {"event":"send_rate","rate":304000,"ts":1760455604.4706144}
2025/10/14 15:26:45 POLARIS_LOG {"event":"send_rate","rate":296000,"ts":1760455605.4696474}
2025/10/14 15:26:46 POLARIS_LOG {"event":"send_rate","rate":304000,"ts":1760455606.4741564}
2025/10/14 15:26:47 POLARIS_LOG {"event":"send_rate","rate":304000,"ts":1760455607.4708374}
2025/10/14 15:26:48 POLARIS_LOG {"event":"send_rate","rate":296000,"ts":1760455608.482938}
2025/10/14 15:26:49 POLARIS_LOG {"event":"send_rate","rate":296000,"ts":1760455609.4693835}
2025/10/14 15:26:50 POLARIS_LOG {"event":"send_rate","rate":304000,"ts":1760455610.469672}
2025/10/14 15:26:51 POLARIS_LOG {"event":"send_rate","rate":296000,"ts":1760455611.4704525}
2025/10/14 15:26:52 POLARIS_LOG {"event":"send_rate","rate":304000,"ts":1760455612.4697092}
2025/10/14 15:26:53 POLARIS_LOG {"event":"send_rate","rate":296000,"ts":1760455613.4691772}
2025/10/14 15:26:54 POLARIS_LOG {"event":"send_rate","rate":304000,"ts":1760455614.4691863}
2025/10/14 15:26:55 POLARIS_LOG {"event":"send_rate","rate":296000,"ts":1760455615.470378}
2025/10/14 15:26:56 POLARIS_LOG {"event":"send_rate","rate":304000,"ts":1760455616.470758}
2025/10/14 15:26:57 POLARIS_LOG {"event":"send_rate","rate":304000,"ts":1760455617.4814954}
2025/10/14 15:26:58 POLARIS_LOG {"event":"send_rate","rate":296000,"ts":1760455618.4722762}
2025/10/14 15:26:59 POLARIS_LOG {"event":"send_rate","rate":304000,"ts":1760455619.4829743}
2025/10/14 15:27:00 POLARIS_LOG {"event":"send_rate","rate":296000,"ts":1760455620.4697962}
2025/10/14 15:27:01 POLARIS_LOG {"event":"send_rate","rate":296000,"ts":1760455621.4700963}
2025/10/14 15:27:02 POLARIS_LOG {"event":"send_rate","rate":304000,"ts":1760455622.469248}
2025/10/14 15:27:03 POLARIS_LOG {"event":"send_rate","rate":304000,"ts":1760455623.4771554}
2025/10/14 15:27:04 POLARIS_LOG {"event":"send_rate","rate":296000,"ts":1760455624.4693012}
2025/10/14 15:27:05 POLARIS_LOG {"event":"send_rate","rate":296000,"ts":1760455625.4694912}
2025/10/14 15:27:06 POLARIS_LOG {"event":"send_rate","rate":304000,"ts":1760455626.4757903}
2025/10/14 15:27:07 POLARIS_LOG {"event":"send_rate","rate":304000,"ts":1760455627.4758067}
2025/10/14 15:27:08 POLARIS_LOG {"event":"send_rate","rate":296000,"ts":1760455628.4693258}
2025/10/14 15:27:09 POLARIS_LOG {"event":"send_rate","rate":296000,"ts":1760455629.470107}
2025/10/14 15:27:10 POLARIS_LOG {"event":"send_rate","rate":304000,"ts":1760455630.4700289}
2025/10/14 15:27:11 POLARIS_LOG {"event":"send_rate","rate":296000,"ts":1760455631.4777071}
2025/10/14 15:27:12 POLARIS_LOG {"event":"send_rate","rate":304000,"ts":1760455632.4700065}
2025/10/14 15:27:13 POLARIS_LOG {"event":"send_rate","rate":296000,"ts":1760455633.4724464}
2025/10/14 15:27:14 POLARIS_LOG {"event":"send_rate","rate":304000,"ts":1760455634.470463}
2025/10/14 15:27:15 POLARIS_LOG {"event":"send_rate","rate":296000,"ts":1760455635.469585}
2025/10/14 15:27:16 POLARIS_LOG {"event":"send_rate","rate":304000,"ts":1760455636.4699006}
2025/10/14 15:27:17 POLARIS_LOG {"event":"send_rate","rate":296000,"ts":1760455637.4706304}
2025/10/14 15:27:18 POLARIS_LOG {"event":"send_rate","rate":304000,"ts":1760455638.4759269}
2025/10/14 15:27:19 POLARIS_LOG {"event":"send_rate","rate":296000,"ts":1760455639.4708576}
2025/10/14 15:27:20 POLARIS_LOG {"event":"send_rate","rate":304000,"ts":1760455640.4694648}
2025/10/14 15:27:21 POLARIS_LOG {"event":"send_rate","rate":296000,"ts":1760455641.4699144}
We need to sleep for 1 seconds before we can get the results
Drain Loop received packet
Drain Loop received non-nil payload
2025/10/14 15:27:22 POLARIS_LOG {"event":"send_rate","rate":8000,"ts":1760455642.469101}
Client sent 11137 packets, server reported 11113 packets received
The network loss rate from client to server is 0.2%

S->C results
Attempted bandwidth: 0 bps / 0.00 Mbps
Achieved bandwidth: 0 bps / 0.00 Mbps
Loss rate: 0.0%
Interarrival time min/avg/max/mdev = -0.000/0.000/0.000/0.000 ms

C->S results
Attempted bandwidth: 299986 bps / 0.30 Mbps
Achieved bandwidth: 299340 bps / 0.30 Mbps
Loss rate: 0.2%
Interarrival time min/avg/max/mdev = 0.002/26.740/470.094/21.056 ms
