
Test parameters:
client->server: 294 seconds, 1000 bytes, 11025 packets
server->client: 294 seconds, 1000 bytes, 0 packets
2025/10/14 15:22:27 POLARIS_LOG {"current_rate":0,"event":"path_switch","new":"2 2 5 2","trigger":"initialization","ts":1760455347.461768}
Polaris prober initialized with 38 paths
Polaris prober initialized with local 1-111,10.111.0.71:32758 and remote 1-113,10.113.0.71
2025/10/14 15:22:28 POLARIS_LOG {"event":"send_rate","rate":304000,"ts":1760455348.463348}
2025/10/14 15:22:29 POLARIS_LOG {"event":"send_rate","rate":296000,"ts":1760455349.4672089}
2025/10/14 15:22:30 POLARIS_LOG {"event":"send_rate","rate":304000,"ts":1760455350.4642096}
2025/10/14 15:22:31 POLARIS_LOG {"event":"send_rate","rate":296000,"ts":1760455351.4631104}
2025/10/14 15:22:32 POLARIS_LOG {"event":"send_rate","rate":304000,"ts":1760455352.4628792}
2025/10/14 15:22:33 POLARIS_LOG {"event":"send_rate","rate":296000,"ts":1760455353.463589}
2025/10/14 15:22:34 POLARIS_LOG {"event":"send_rate","rate":304000,"ts":1760455354.4633448}
2025/10/14 15:22:35 POLARIS_LOG {"event":"send_rate","rate":296000,"ts":1760455355.4633193}
2025/10/14 15:22:36 POLARIS_LOG {"event":"send_rate","rate":304000,"ts":1760455356.4640908}
2025/10/14 15:22:37 POLARIS_LOG {"event":"send_rate","rate":296000,"ts":1760455357.4637268}
2025/10/14 15:22:38 POLARIS_LOG {"event":"send_rate","rate":304000,"ts":1760455358.4640214}
2025/10/14 15:22:39 POLARIS_LOG {"event":"send_rate","rate":296000,"ts":1760455359.463082}
2025/10/14 15:22:40 POLARIS_LOG {"event":"send_rate","rate":304000,"ts":1760455360.4638126}
2025/10/14 15:22:41 POLARIS_LOG {"event":"send_rate","rate":296000,"ts":1760455361.4631238}
2025/10/14 15:22:42 POLARIS_LOG {"event":"send_rate","rate":304000,"ts":1760455362.4636452}
2025/10/14 15:22:43 POLARIS_LOG {"event":"send_rate","rate":296000,"ts":1760455363.463596}
2025/10/14 15:22:44 POLARIS_LOG {"event":"send_rate","rate":304000,"ts":1760455364.4672139}
2025/10/14 15:22:45 POLARIS_LOG {"event":"send_rate","rate":296000,"ts":1760455365.4632978}
2025/10/14 15:22:46 POLARIS_LOG {"event":"send_rate","rate":304000,"ts":1760455366.4632707}
2025/10/14 15:22:47 POLARIS_LOG {"event":"send_rate","rate":296000,"ts":1760455367.4634862}
2025/10/14 15:22:48 POLARIS_LOG {"event":"send_rate","rate":304000,"ts":1760455368.4630685}
2025/10/14 15:22:49 POLARIS_LOG {"event":"send_rate","rate":296000,"ts":1760455369.4633334}
2025/10/14 15:22:50 POLARIS_LOG {"event":"send_rate","rate":304000,"ts":1760455370.463244}
2025/10/14 15:22:51 POLARIS_LOG {"event":"send_rate","rate":296000,"ts":1760455371.463245}
2025/10/14 15:22:52 POLARIS_LOG {"event":"send_rate","rate":232000,"ts":1760455372.462795}
2025/10/14 15:22:53 POLARIS_LOG {"event":"send_rate","rate":104000,"ts":1760455373.4629493}
2025/10/14 15:22:54 POLARIS_LOG {"event":"send_rate","rate":176000,"ts":1760455374.4635062}
2025/10/14 15:22:55 POLARIS_LOG {"event":"send_rate","rate":128000,"ts":1760455375.4634228}
2025/10/14 15:22:56 POLARIS_LOG {"event":"send_rate","rate":160000,"ts":1760455376.4636676}
2025/10/14 15:22:57 POLARIS_LOG {"event":"send_rate","rate":160000,"ts":1760455377.4634452}
2025/10/14 15:22:57 POLARIS_LOG {"candidates":25,"candidates_unfiltered":25,"current_rate":160000,"estimated_share":1000000,"event":"path_switch","max_estimated_share":1000000,"new":"5 5 1 3","old":"2 2 5 2","trigger":"scheduled","ts":1760455377.4635048}
2025/10/14 15:22:58 POLARIS_LOG {"event":"send_rate","rate":1144000,"ts":1760455378.4631455}
2025/10/14 15:22:59 POLARIS_LOG {"event":"send_rate","rate":296000,"ts":1760455379.463561}
2025/10/14 15:23:00 POLARIS_LOG {"event":"send_rate","rate":304000,"ts":1760455380.4631045}
2025/10/14 15:23:01 POLARIS_LOG {"event":"send_rate","rate":296000,"ts":1760455381.4629366}
2025/10/14 15:23:02 POLARIS_LOG {"event":"send_rate","rate":304000,"ts":1760455382.4635649}
2025/10/14 15:23:03 POLARIS_LOG {"event":"send_rate","rate":296000,"ts":1760455383.4641738}
2025/10/14 15:23:04 POLARIS_LOG {"event":"send_rate","rate":304000,"ts":1760455384.4629784}
2025/10/14 15:23:05 POLARIS_LOG {"event":"send_rate","rate":296000,"ts":1760455385.4633937}
2025/10/14 15:23:06 POLARIS_LOG {"event":"send_rate","rate":304000,"ts":1760455386.4636712}
2025/10/14 15:23:07 POLARIS_LOG {"event":"send_rate","rate":296000,"ts":1760455387.4635096}
2025/10/14 15:23:08 POLARIS_LOG {"event":"send_rate","rate":304000,"ts":1760455388.463782}
2025/10/14 15:23:09 POLARIS_LOG {"event":"send_rate","rate":296000,"ts":1760455389.463837}
2025/10/14 15:23:10 POLARIS_LOG {"event":"send_rate","rate":304000,"ts":1760455390.4635265}
2025/10/14 15:23:11 POLARIS_LOG {"event":"send_rate","rate":296000,"ts":1760455391.4630392}
2025/10/14 15:23:12 POLARIS_LOG {"event":"send_rate","rate":304000,"ts":1760455392.4628205}
2025/10/14 15:23:13 POLARIS_LOG {"event":"send_rate","rate":296000,"ts":1760455393.4637952}
2025/10/14 15:23:14 POLARIS_LOG {"event":"send_rate","rate":304000,"ts":1760455394.4646058}
2025/10/14 15:23:15 POLARIS_LOG {"event":"send_rate","rate":296000,"ts":1760455395.4635286}
2025/10/14 15:23:16 POLARIS_LOG {"event":"send_rate","rate":304000,"ts":1760455396.4627964}
2025/10/14 15:23:17 POLARIS_LOG {"event":"send_rate","rate":296000,"ts":1760455397.4637043}
2025/10/14 15:23:18 POLARIS_LOG {"event":"send_rate","rate":304000,"ts":1760455398.4633632}
2025/10/14 15:23:19 POLARIS_LOG {"event":"send_rate","rate":296000,"ts":1760455399.4628553}
2025/10/14 15:23:20 POLARIS_LOG {"event":"send_rate","rate":304000,"ts":1760455400.463252}
2025/10/14 15:23:21 POLARIS_LOG {"event":"send_rate","rate":296000,"ts":1760455401.4627488}
2025/10/14 15:23:22 POLARIS_LOG {"event":"send_rate","rate":304000,"ts":1760455402.4641502}
2025/10/14 15:23:23 POLARIS_LOG {"event":"send_rate","rate":296000,"ts":1760455403.4672427}
2025/10/14 15:23:24 POLARIS_LOG {"event":"send_rate","rate":304000,"ts":1760455404.4629562}
2025/10/14 15:23:25 POLARIS_LOG {"event":"send_rate","rate":296000,"ts":1760455405.4630697}
2025/10/14 15:23:26 POLARIS_LOG {"event":"send_rate","rate":304000,"ts":1760455406.4632182}
2025/10/14 15:23:27 POLARIS_LOG {"event":"send_rate","rate":296000,"ts":1760455407.4642768}
2025/10/14 15:23:28 POLARIS_LOG {"event":"send_rate","rate":304000,"ts":1760455408.487335}
2025/10/14 15:23:29 POLARIS_LOG {"event":"send_rate","rate":296000,"ts":1760455409.46288}
2025/10/14 15:23:30 POLARIS_LOG {"event":"send_rate","rate":304000,"ts":1760455410.463711}
2025/10/14 15:23:31 POLARIS_LOG {"event":"send_rate","rate":296000,"ts":1760455411.463137}
2025/10/14 15:23:32 POLARIS_LOG {"event":"send_rate","rate":304000,"ts":1760455412.462799}
2025/10/14 15:23:33 POLARIS_LOG {"event":"send_rate","rate":296000,"ts":1760455413.4629524}
2025/10/14 15:23:34 POLARIS_LOG {"event":"send_rate","rate":304000,"ts":1760455414.4634292}
2025/10/14 15:23:35 POLARIS_LOG {"event":"send_rate","rate":296000,"ts":1760455415.463608}
2025/10/14 15:23:36 POLARIS_LOG {"event":"send_rate","rate":304000,"ts":1760455416.4630618}
2025/10/14 15:23:37 POLARIS_LOG {"event":"send_rate","rate":296000,"ts":1760455417.46354}
2025/10/14 15:23:38 POLARIS_LOG {"event":"send_rate","rate":304000,"ts":1760455418.4637337}
2025/10/14 15:23:39 POLARIS_LOG {"event":"send_rate","rate":304000,"ts":1760455419.4932427}
2025/10/14 15:23:40 POLARIS_LOG {"event":"send_rate","rate":296000,"ts":1760455420.4629395}
2025/10/14 15:23:41 POLARIS_LOG {"event":"send_rate","rate":296000,"ts":1760455421.4635353}
2025/10/14 15:23:42 POLARIS_LOG {"event":"send_rate","rate":304000,"ts":1760455422.4637606}
2025/10/14 15:23:43 POLARIS_LOG {"event":"send_rate","rate":296000,"ts":1760455423.4633164}
2025/10/14 15:23:44 POLARIS_LOG {"event":"send_rate","rate":304000,"ts":1760455424.4634385}
2025/10/14 15:23:45 POLARIS_LOG {"event":"send_rate","rate":296000,"ts":1760455425.4629033}
2025/10/14 15:23:46 POLARIS_LOG {"event":"send_rate","rate":304000,"ts":1760455426.4637468}
2025/10/14 15:23:47 POLARIS_LOG {"event":"send_rate","rate":296000,"ts":1760455427.4633179}
2025/10/14 15:23:48 POLARIS_LOG {"event":"send_rate","rate":304000,"ts":1760455428.463725}
2025/10/14 15:23:49 POLARIS_LOG {"event":"send_rate","rate":296000,"ts":1760455429.46328}
2025/10/14 15:23:50 POLARIS_LOG {"event":"send_rate","rate":304000,"ts":1760455430.4632573}
2025/10/14 15:23:51 POLARIS_LOG {"event":"send_rate","rate":296000,"ts":1760455431.4630105}
2025/10/14 15:23:52 POLARIS_LOG {"event":"send_rate","rate":304000,"ts":1760455432.463587}
2025/10/14 15:23:53 POLARIS_LOG {"event":"send_rate","rate":296000,"ts":1760455433.4633963}
2025/10/14 15:23:54 POLARIS_LOG {"event":"send_rate","rate":304000,"ts":1760455434.4634387}
2025/10/14 15:23:55 POLARIS_LOG {"event":"send_rate","rate":296000,"ts":1760455435.4634683}
2025/10/14 15:23:56 POLARIS_LOG {"event":"send_rate","rate":296000,"ts":1760455436.46288}
2025/10/14 15:23:57 POLARIS_LOG {"event":"send_rate","rate":304000,"ts":1760455437.463731}
2025/10/14 15:23:58 POLARIS_LOG {"event":"send_rate","rate":304000,"ts":1760455438.4637184}
2025/10/14 15:23:59 POLARIS_LOG {"event":"send_rate","rate":296000,"ts":1760455439.4635847}
2025/10/14 15:24:00 POLARIS_LOG {"event":"send_rate","rate":296000,"ts":1760455440.4632404}
2025/10/14 15:24:01 POLARIS_LOG {"event":"send_rate","rate":304000,"ts":1760455441.4632337}
2025/10/14 15:24:02 POLARIS_LOG {"event":"send_rate","rate":304000,"ts":1760455442.4637008}
2025/10/14 15:24:03 POLARIS_LOG {"event":"send_rate","rate":296000,"ts":1760455443.463423}
2025/10/14 15:24:04 POLARIS_LOG {"event":"send_rate","rate":296000,"ts":1760455444.4629574}
2025/10/14 15:24:05 POLARIS_LOG {"event":"send_rate","rate":304000,"ts":1760455445.4630845}
2025/10/14 15:24:06 POLARIS_LOG {"event":"send_rate","rate":296000,"ts":1760455446.46297}
2025/10/14 15:24:07 POLARIS_LOG {"event":"send_rate","rate":304000,"ts":1760455447.4631207}
2025/10/14 15:24:08 POLARIS_LOG {"event":"send_rate","rate":296000,"ts":1760455448.4633503}
2025/10/14 15:24:09 POLARIS_LOG {"event":"send_rate","rate":304000,"ts":1760455449.4627578}
2025/10/14 15:24:10 POLARIS_LOG {"event":"send_rate","rate":296000,"ts":1760455450.4628923}
2025/10/14 15:24:11 POLARIS_LOG {"event":"send_rate","rate":304000,"ts":1760455451.463407}
2025/10/14 15:24:12 POLARIS_LOG {"event":"send_rate","rate":296000,"ts":1760455452.463355}
2025/10/14 15:24:13 POLARIS_LOG {"event":"send_rate","rate":304000,"ts":1760455453.4628098}
2025/10/14 15:24:14 POLARIS_LOG {"event":"send_rate","rate":296000,"ts":1760455454.4633434}
2025/10/14 15:24:15 POLARIS_LOG {"event":"send_rate","rate":304000,"ts":1760455455.4631393}
2025/10/14 15:24:16 POLARIS_LOG {"event":"send_rate","rate":296000,"ts":1760455456.464399}
2025/10/14 15:24:17 POLARIS_LOG {"event":"send_rate","rate":304000,"ts":1760455457.4628546}
2025/10/14 15:24:18 POLARIS_LOG {"event":"send_rate","rate":296000,"ts":1760455458.464329}
2025/10/14 15:24:19 POLARIS_LOG {"event":"send_rate","rate":304000,"ts":1760455459.4632196}
2025/10/14 15:24:20 POLARIS_LOG {"event":"send_rate","rate":296000,"ts":1760455460.4632359}
2025/10/14 15:24:21 POLARIS_LOG {"event":"send_rate","rate":304000,"ts":1760455461.462999}
2025/10/14 15:24:22 POLARIS_LOG {"event":"send_rate","rate":296000,"ts":1760455462.4634826}
2025/10/14 15:24:23 POLARIS_LOG {"event":"send_rate","rate":304000,"ts":1760455463.4632428}
2025/10/14 15:24:24 POLARIS_LOG {"event":"send_rate","rate":296000,"ts":1760455464.4633193}
2025/10/14 15:24:25 POLARIS_LOG {"event":"send_rate","rate":304000,"ts":1760455465.4633474}
2025/10/14 15:24:26 POLARIS_LOG {"event":"send_rate","rate":296000,"ts":1760455466.464235}
2025/10/14 15:24:27 POLARIS_LOG {"event":"send_rate","rate":304000,"ts":1760455467.462758}
2025/10/14 15:24:28 POLARIS_LOG {"event":"send_rate","rate":296000,"ts":1760455468.4632952}
2025/10/14 15:24:29 POLARIS_LOG {"event":"send_rate","rate":304000,"ts":1760455469.463803}
2025/10/14 15:24:30 POLARIS_LOG {"event":"send_rate","rate":296000,"ts":1760455470.4648151}
2025/10/14 15:24:31 POLARIS_LOG {"event":"send_rate","rate":304000,"ts":1760455471.4630516}
2025/10/14 15:24:32 POLARIS_LOG {"event":"send_rate","rate":296000,"ts":1760455472.462803}
2025/10/14 15:24:33 POLARIS_LOG {"event":"send_rate","rate":304000,"ts":1760455473.463734}
2025/10/14 15:24:34 POLARIS_LOG {"event":"send_rate","rate":296000,"ts":1760455474.46374}
2025/10/14 15:24:35 POLARIS_LOG {"event":"send_rate","rate":304000,"ts":1760455475.4640875}
2025/10/14 15:24:36 POLARIS_LOG {"event":"send_rate","rate":296000,"ts":1760455476.4636984}
2025/10/14 15:24:37 POLARIS_LOG {"event":"send_rate","rate":304000,"ts":1760455477.4633942}
2025/10/14 15:24:38 POLARIS_LOG {"event":"send_rate","rate":296000,"ts":1760455478.4633853}
2025/10/14 15:24:39 POLARIS_LOG {"event":"send_rate","rate":304000,"ts":1760455479.4633515}
2025/10/14 15:24:40 POLARIS_LOG {"event":"send_rate","rate":296000,"ts":1760455480.4628403}
2025/10/14 15:24:41 POLARIS_LOG {"event":"send_rate","rate":304000,"ts":1760455481.4632924}
2025/10/14 15:24:42 POLARIS_LOG {"event":"send_rate","rate":296000,"ts":1760455482.4640272}
2025/10/14 15:24:43 POLARIS_LOG {"event":"send_rate","rate":304000,"ts":1760455483.4631457}
2025/10/14 15:24:44 POLARIS_LOG {"event":"send_rate","rate":296000,"ts":1760455484.4632456}
2025/10/14 15:24:45 POLARIS_LOG {"event":"send_rate","rate":304000,"ts":1760455485.4654577}
2025/10/14 15:24:46 POLARIS_LOG {"event":"send_rate","rate":296000,"ts":1760455486.4636667}
2025/10/14 15:24:47 POLARIS_LOG {"event":"send_rate","rate":304000,"ts":1760455487.4630213}
2025/10/14 15:24:48 POLARIS_LOG {"event":"send_rate","rate":296000,"ts":1760455488.4635649}
2025/10/14 15:24:49 POLARIS_LOG {"event":"send_rate","rate":304000,"ts":1760455489.4633365}
2025/10/14 15:24:50 POLARIS_LOG {"event":"send_rate","rate":296000,"ts":1760455490.4651096}
2025/10/14 15:24:51 POLARIS_LOG {"event":"send_rate","rate":304000,"ts":1760455491.4638727}
2025/10/14 15:24:52 POLARIS_LOG {"event":"send_rate","rate":296000,"ts":1760455492.4641569}
2025/10/14 15:24:53 POLARIS_LOG {"event":"send_rate","rate":304000,"ts":1760455493.4634469}
2025/10/14 15:24:54 POLARIS_LOG {"event":"send_rate","rate":296000,"ts":1760455494.4628808}
2025/10/14 15:24:55 POLARIS_LOG {"event":"send_rate","rate":304000,"ts":1760455495.4634714}
2025/10/14 15:24:56 POLARIS_LOG {"event":"send_rate","rate":296000,"ts":1760455496.4636168}
2025/10/14 15:24:57 POLARIS_LOG {"event":"send_rate","rate":304000,"ts":1760455497.463103}
2025/10/14 15:24:58 POLARIS_LOG {"event":"send_rate","rate":296000,"ts":1760455498.463952}
2025/10/14 15:24:59 POLARIS_LOG {"event":"send_rate","rate":304000,"ts":1760455499.4632912}
2025/10/14 15:25:00 POLARIS_LOG {"event":"send_rate","rate":296000,"ts":1760455500.4627624}
2025/10/14 15:25:01 POLARIS_LOG {"event":"send_rate","rate":304000,"ts":1760455501.4629693}
2025/10/14 15:25:02 POLARIS_LOG {"event":"send_rate","rate":296000,"ts":1760455502.4645178}
2025/10/14 15:25:03 POLARIS_LOG {"event":"send_rate","rate":304000,"ts":1760455503.463286}
2025/10/14 15:25:04 POLARIS_LOG {"event":"send_rate","rate":296000,"ts":1760455504.462947}
2025/10/14 15:25:05 POLARIS_LOG {"event":"send_rate","rate":304000,"ts":1760455505.4631796}
2025/10/14 15:25:06 POLARIS_LOG {"event":"send_rate","rate":296000,"ts":1760455506.4631422}
2025/10/14 15:25:07 POLARIS_LOG {"event":"send_rate","rate":304000,"ts":1760455507.46363}
2025/10/14 15:25:08 POLARIS_LOG {"event":"send_rate","rate":296000,"ts":1760455508.4627855}
2025/10/14 15:25:09 POLARIS_LOG {"event":"send_rate","rate":304000,"ts":1760455509.4630232}
2025/10/14 15:25:10 POLARIS_LOG {"event":"send_rate","rate":296000,"ts":1760455510.4635692}
2025/10/14 15:25:11 POLARIS_LOG {"event":"send_rate","rate":304000,"ts":1760455511.4638078}
2025/10/14 15:25:12 POLARIS_LOG {"event":"send_rate","rate":296000,"ts":1760455512.4630067}
2025/10/14 15:25:13 POLARIS_LOG {"event":"send_rate","rate":304000,"ts":1760455513.4636123}
2025/10/14 15:25:14 POLARIS_LOG {"event":"send_rate","rate":296000,"ts":1760455514.4643483}
2025/10/14 15:25:15 POLARIS_LOG {"event":"send_rate","rate":304000,"ts":1760455515.4630277}
2025/10/14 15:25:16 POLARIS_LOG {"event":"send_rate","rate":296000,"ts":1760455516.4632502}
2025/10/14 15:25:17 POLARIS_LOG {"event":"send_rate","rate":304000,"ts":1760455517.4646165}
2025/10/14 15:25:18 POLARIS_LOG {"event":"send_rate","rate":296000,"ts":1760455518.4631867}
2025/10/14 15:25:19 POLARIS_LOG {"event":"send_rate","rate":304000,"ts":1760455519.4638295}
2025/10/14 15:25:20 POLARIS_LOG {"event":"send_rate","rate":296000,"ts":1760455520.4637094}
2025/10/14 15:25:21 POLARIS_LOG {"event":"send_rate","rate":304000,"ts":1760455521.4633145}
2025/10/14 15:25:22 POLARIS_LOG {"event":"send_rate","rate":296000,"ts":1760455522.463464}
2025/10/14 15:25:23 POLARIS_LOG {"event":"send_rate","rate":304000,"ts":1760455523.46369}
2025/10/14 15:25:24 POLARIS_LOG {"event":"send_rate","rate":296000,"ts":1760455524.463622}
2025/10/14 15:25:25 POLARIS_LOG {"event":"send_rate","rate":304000,"ts":1760455525.4634805}
2025/10/14 15:25:26 POLARIS_LOG {"event":"send_rate","rate":296000,"ts":1760455526.4634163}
2025/10/14 15:25:27 POLARIS_LOG {"event":"send_rate","rate":304000,"ts":1760455527.4631882}
2025/10/14 15:25:28 POLARIS_LOG {"event":"send_rate","rate":296000,"ts":1760455528.463399}
2025/10/14 15:25:29 POLARIS_LOG {"event":"send_rate","rate":304000,"ts":1760455529.4635115}
2025/10/14 15:25:30 POLARIS_LOG {"event":"send_rate","rate":296000,"ts":1760455530.465122}
2025/10/14 15:25:31 POLARIS_LOG {"event":"send_rate","rate":304000,"ts":1760455531.4631035}
2025/10/14 15:25:32 POLARIS_LOG {"event":"send_rate","rate":296000,"ts":1760455532.4634864}
2025/10/14 15:25:33 POLARIS_LOG {"event":"send_rate","rate":304000,"ts":1760455533.463655}
2025/10/14 15:25:34 POLARIS_LOG {"event":"send_rate","rate":296000,"ts":1760455534.4635913}
2025/10/14 15:25:35 POLARIS_LOG {"event":"send_rate","rate":304000,"ts":1760455535.4630234}
2025/10/14 15:25:36 POLARIS_LOG {"event":"send_rate","rate":296000,"ts":1760455536.462968}
2025/10/14 15:25:37 POLARIS_LOG {"event":"send_rate","rate":304000,"ts":1760455537.4634373}
2025/10/14 15:25:38 POLARIS_LOG {"event":"send_rate","rate":296000,"ts":1760455538.4636316}
2025/10/14 15:25:39 POLARIS_LOG {"event":"send_rate","rate":304000,"ts":1760455539.4630544}
2025/10/14 15:25:40 POLARIS_LOG {"event":"send_rate","rate":296000,"ts":1760455540.463567}
2025/10/14 15:25:41 POLARIS_LOG {"event":"send_rate","rate":304000,"ts":1760455541.4636173}
2025/10/14 15:25:42 POLARIS_LOG {"event":"send_rate","rate":296000,"ts":1760455542.4631898}
2025/10/14 15:25:43 POLARIS_LOG {"event":"send_rate","rate":304000,"ts":1760455543.4631941}
2025/10/14 15:25:44 POLARIS_LOG {"event":"send_rate","rate":296000,"ts":1760455544.4630635}
2025/10/14 15:25:45 POLARIS_LOG {"event":"send_rate","rate":304000,"ts":1760455545.4628897}
2025/10/14 15:25:46 POLARIS_LOG {"event":"send_rate","rate":296000,"ts":1760455546.4637005}
2025/10/14 15:25:47 POLARIS_LOG {"event":"send_rate","rate":304000,"ts":1760455547.4628901}
2025/10/14 15:25:48 POLARIS_LOG {"event":"send_rate","rate":296000,"ts":1760455548.4630592}
2025/10/14 15:25:49 POLARIS_LOG {"event":"send_rate","rate":304000,"ts":1760455549.463757}
2025/10/14 15:25:50 POLARIS_LOG {"event":"send_rate","rate":296000,"ts":1760455550.46377}
2025/10/14 15:25:51 POLARIS_LOG {"event":"send_rate","rate":304000,"ts":1760455551.4627683}
2025/10/14 15:25:52 POLARIS_LOG {"event":"send_rate","rate":296000,"ts":1760455552.4632735}
2025/10/14 15:25:53 POLARIS_LOG {"event":"send_rate","rate":304000,"ts":1760455553.463063}
2025/10/14 15:25:54 POLARIS_LOG {"event":"send_rate","rate":296000,"ts":1760455554.4629092}
2025/10/14 15:25:55 POLARIS_LOG {"event":"send_rate","rate":304000,"ts":1760455555.4627743}
2025/10/14 15:25:56 POLARIS_LOG {"event":"send_rate","rate":296000,"ts":1760455556.4634345}
2025/10/14 15:25:57 POLARIS_LOG {"event":"send_rate","rate":304000,"ts":1760455557.4631426}
2025/10/14 15:25:58 POLARIS_LOG {"event":"send_rate","rate":296000,"ts":1760455558.4635956}
2025/10/14 15:25:59 POLARIS_LOG {"event":"send_rate","rate":304000,"ts":1760455559.463219}
2025/10/14 15:26:00 POLARIS_LOG {"event":"send_rate","rate":296000,"ts":1760455560.463712}
2025/10/14 15:26:01 POLARIS_LOG {"event":"send_rate","rate":304000,"ts":1760455561.4634397}
2025/10/14 15:26:02 POLARIS_LOG {"event":"send_rate","rate":296000,"ts":1760455562.462914}
2025/10/14 15:26:03 POLARIS_LOG {"event":"send_rate","rate":304000,"ts":1760455563.4630792}
2025/10/14 15:26:04 POLARIS_LOG {"event":"send_rate","rate":296000,"ts":1760455564.4633217}
2025/10/14 15:26:05 POLARIS_LOG {"event":"send_rate","rate":304000,"ts":1760455565.4628057}
2025/10/14 15:26:06 POLARIS_LOG {"event":"send_rate","rate":296000,"ts":1760455566.4631274}
2025/10/14 15:26:07 POLARIS_LOG {"event":"send_rate","rate":304000,"ts":1760455567.463285}
2025/10/14 15:26:08 POLARIS_LOG {"event":"send_rate","rate":296000,"ts":1760455568.4636157}
2025/10/14 15:26:09 POLARIS_LOG {"event":"send_rate","rate":304000,"ts":1760455569.4633856}
2025/10/14 15:26:10 POLARIS_LOG {"event":"send_rate","rate":296000,"ts":1760455570.4636495}
2025/10/14 15:26:11 POLARIS_LOG {"event":"send_rate","rate":304000,"ts":1760455571.4633405}
2025/10/14 15:26:12 POLARIS_LOG {"event":"send_rate","rate":296000,"ts":1760455572.463288}
2025/10/14 15:26:13 POLARIS_LOG {"event":"send_rate","rate":296000,"ts":1760455573.4628806}
2025/10/14 15:26:14 POLARIS_LOG {"event":"send_rate","rate":304000,"ts":1760455574.4630105}
2025/10/14 15:26:15 POLARIS_LOG {"event":"send_rate","rate":296000,"ts":1760455575.4627748}
2025/10/14 15:26:16 POLARIS_LOG {"event":"send_rate","rate":304000,"ts":1760455576.4629943}
2025/10/14 15:26:17 POLARIS_LOG {"event":"send_rate","rate":296000,"ts":1760455577.4650197}
2025/10/14 15:26:18 POLARIS_LOG {"event":"send_rate","rate":304000,"ts":1760455578.4636395}
2025/10/14 15:26:19 POLARIS_LOG {"event":"send_rate","rate":296000,"ts":1760455579.4630988}
2025/10/14 15:26:20 POLARIS_LOG {"event":"send_rate","rate":304000,"ts":1760455580.4868612}
2025/10/14 15:26:21 POLARIS_LOG {"event":"send_rate","rate":304000,"ts":1760455581.4634707}
2025/10/14 15:26:22 POLARIS_LOG {"event":"send_rate","rate":296000,"ts":1760455582.4662387}
2025/10/14 15:26:23 POLARIS_LOG {"event":"send_rate","rate":296000,"ts":1760455583.4630008}
2025/10/14 15:26:24 POLARIS_LOG {"event":"send_rate","rate":304000,"ts":1760455584.4633129}
2025/10/14 15:26:25 POLARIS_LOG {"event":"send_rate","rate":296000,"ts":1760455585.4635093}
2025/10/14 15:26:26 POLARIS_LOG {"event":"send_rate","rate":304000,"ts":1760455586.4641173}
2025/10/14 15:26:27 POLARIS_LOG {"event":"send_rate","rate":304000,"ts":1760455587.4651673}
2025/10/14 15:26:28 POLARIS_LOG {"event":"send_rate","rate":296000,"ts":1760455588.4633446}
2025/10/14 15:26:29 POLARIS_LOG {"event":"send_rate","rate":296000,"ts":1760455589.463375}
2025/10/14 15:26:30 POLARIS_LOG {"event":"send_rate","rate":304000,"ts":1760455590.4630826}
2025/10/14 15:26:31 POLARIS_LOG {"event":"send_rate","rate":296000,"ts":1760455591.4632163}
2025/10/14 15:26:32 POLARIS_LOG {"event":"send_rate","rate":304000,"ts":1760455592.4632509}
2025/10/14 15:26:33 POLARIS_LOG {"event":"send_rate","rate":296000,"ts":1760455593.4633195}
2025/10/14 15:26:34 POLARIS_LOG {"event":"send_rate","rate":304000,"ts":1760455594.46377}
2025/10/14 15:26:35 POLARIS_LOG {"event":"send_rate","rate":296000,"ts":1760455595.4636624}
2025/10/14 15:26:36 POLARIS_LOG {"event":"send_rate","rate":304000,"ts":1760455596.462918}
2025/10/14 15:26:37 POLARIS_LOG {"event":"send_rate","rate":296000,"ts":1760455597.4633613}
2025/10/14 15:26:38 POLARIS_LOG {"event":"send_rate","rate":304000,"ts":1760455598.4637713}
2025/10/14 15:26:39 POLARIS_LOG {"event":"send_rate","rate":296000,"ts":1760455599.4631097}
2025/10/14 15:26:40 POLARIS_LOG {"event":"send_rate","rate":304000,"ts":1760455600.4627676}
2025/10/14 15:26:41 POLARIS_LOG {"event":"send_rate","rate":296000,"ts":1760455601.4634483}
2025/10/14 15:26:42 POLARIS_LOG {"event":"send_rate","rate":304000,"ts":1760455602.4632351}
2025/10/14 15:26:43 POLARIS_LOG {"event":"send_rate","rate":296000,"ts":1760455603.4652536}
2025/10/14 15:26:44 POLARIS_LOG {"event":"send_rate","rate":304000,"ts":1760455604.4627914}
2025/10/14 15:26:45 POLARIS_LOG {"event":"send_rate","rate":296000,"ts":1760455605.4628582}
2025/10/14 15:26:46 POLARIS_LOG {"event":"send_rate","rate":304000,"ts":1760455606.4629245}
2025/10/14 15:26:47 POLARIS_LOG {"event":"send_rate","rate":296000,"ts":1760455607.463735}
2025/10/14 15:26:48 POLARIS_LOG {"event":"send_rate","rate":304000,"ts":1760455608.463221}
2025/10/14 15:26:49 POLARIS_LOG {"event":"send_rate","rate":296000,"ts":1760455609.4635289}
2025/10/14 15:26:50 POLARIS_LOG {"event":"send_rate","rate":304000,"ts":1760455610.4636018}
2025/10/14 15:26:51 POLARIS_LOG {"event":"send_rate","rate":296000,"ts":1760455611.4635386}
2025/10/14 15:26:52 POLARIS_LOG {"event":"send_rate","rate":304000,"ts":1760455612.46292}
2025/10/14 15:26:53 POLARIS_LOG {"event":"send_rate","rate":296000,"ts":1760455613.4629092}
2025/10/14 15:26:54 POLARIS_LOG {"event":"send_rate","rate":304000,"ts":1760455614.4631362}
2025/10/14 15:26:55 POLARIS_LOG {"event":"send_rate","rate":296000,"ts":1760455615.464023}
2025/10/14 15:26:56 POLARIS_LOG {"event":"send_rate","rate":304000,"ts":1760455616.463459}
2025/10/14 15:26:57 POLARIS_LOG {"event":"send_rate","rate":296000,"ts":1760455617.4634242}
2025/10/14 15:26:58 POLARIS_LOG {"event":"send_rate","rate":304000,"ts":1760455618.4630651}
2025/10/14 15:26:59 POLARIS_LOG {"event":"send_rate","rate":296000,"ts":1760455619.4642224}
2025/10/14 15:27:00 POLARIS_LOG {"event":"send_rate","rate":304000,"ts":1760455620.463424}
2025/10/14 15:27:01 POLARIS_LOG {"event":"send_rate","rate":296000,"ts":1760455621.4634037}
2025/10/14 15:27:02 POLARIS_LOG {"event":"send_rate","rate":304000,"ts":1760455622.463863}
2025/10/14 15:27:03 POLARIS_LOG {"event":"send_rate","rate":296000,"ts":1760455623.4638066}
2025/10/14 15:27:04 POLARIS_LOG {"event":"send_rate","rate":304000,"ts":1760455624.4642055}
2025/10/14 15:27:05 POLARIS_LOG {"event":"send_rate","rate":296000,"ts":1760455625.4630482}
2025/10/14 15:27:06 POLARIS_LOG {"event":"send_rate","rate":304000,"ts":1760455626.4635046}
2025/10/14 15:27:07 POLARIS_LOG {"event":"send_rate","rate":296000,"ts":1760455627.4634254}
2025/10/14 15:27:08 POLARIS_LOG {"event":"send_rate","rate":304000,"ts":1760455628.4632664}
2025/10/14 15:27:09 POLARIS_LOG {"event":"send_rate","rate":296000,"ts":1760455629.4632804}
2025/10/14 15:27:10 POLARIS_LOG {"event":"send_rate","rate":304000,"ts":1760455630.4637184}
2025/10/14 15:27:11 POLARIS_LOG {"event":"send_rate","rate":296000,"ts":1760455631.4775474}
2025/10/14 15:27:12 POLARIS_LOG {"event":"send_rate","rate":304000,"ts":1760455632.4633632}
2025/10/14 15:27:13 POLARIS_LOG {"event":"send_rate","rate":296000,"ts":1760455633.4637825}
2025/10/14 15:27:14 POLARIS_LOG {"event":"send_rate","rate":304000,"ts":1760455634.4638486}
2025/10/14 15:27:15 POLARIS_LOG {"event":"send_rate","rate":296000,"ts":1760455635.463749}
2025/10/14 15:27:16 POLARIS_LOG {"event":"send_rate","rate":304000,"ts":1760455636.4634156}
2025/10/14 15:27:17 POLARIS_LOG {"event":"send_rate","rate":296000,"ts":1760455637.463459}
2025/10/14 15:27:18 POLARIS_LOG {"event":"send_rate","rate":304000,"ts":1760455638.4636369}
2025/10/14 15:27:19 POLARIS_LOG {"event":"send_rate","rate":296000,"ts":1760455639.4637}
2025/10/14 15:27:20 POLARIS_LOG {"event":"send_rate","rate":304000,"ts":1760455640.4632807}
2025/10/14 15:27:21 POLARIS_LOG {"event":"send_rate","rate":296000,"ts":1760455641.4632325}
We need to sleep for 1 seconds before we can get the results
2025/10/14 15:27:22 POLARIS_LOG {"event":"send_rate","rate":8000,"ts":1760455642.4627976}
Drain Loop received packet
Drain Loop received non-nil payload
Client sent 11025 packets, server reported 11003 packets received
The network loss rate from client to server is 0.2%

S->C results
Attempted bandwidth: 0 bps / 0.00 Mbps
Achieved bandwidth: 0 bps / 0.00 Mbps
Loss rate: 0.0%
Interarrival time min/avg/max/mdev = -0.000/0.000/0.000/0.000 ms

C->S results
Attempted bandwidth: 300000 bps / 0.30 Mbps
Achieved bandwidth: 299401 bps / 0.30 Mbps
Loss rate: 0.2%
Interarrival time min/avg/max/mdev = 0.002/26.723/439.413/20.315 ms
