
Test parameters:
client->server: 288 seconds, 1000 bytes, 10800 packets
server->client: 288 seconds, 1000 bytes, 0 packets
2025/10/14 15:22:33 POLARIS_LOG {"current_rate":0,"event":"path_switch","new":"2 2 5 2","trigger":"initialization","ts":1760455353.5277154}
Polaris prober initialized with 38 paths
Polaris prober initialized with local 1-111,10.111.0.71:32752 and remote 1-113,10.113.0.71
2025/10/14 15:22:34 POLARIS_LOG {"event":"send_rate","rate":304000,"ts":1760455354.529352}
2025/10/14 15:22:35 POLARIS_LOG {"event":"send_rate","rate":296000,"ts":1760455355.5326216}
2025/10/14 15:22:36 POLARIS_LOG {"event":"send_rate","rate":304000,"ts":1760455356.5300872}
2025/10/14 15:22:37 POLARIS_LOG {"event":"send_rate","rate":296000,"ts":1760455357.5300403}
2025/10/14 15:22:38 POLARIS_LOG {"event":"send_rate","rate":304000,"ts":1760455358.5294266}
2025/10/14 15:22:39 POLARIS_LOG {"event":"send_rate","rate":304000,"ts":1760455359.5407639}
2025/10/14 15:22:40 POLARIS_LOG {"event":"send_rate","rate":296000,"ts":1760455360.5300095}
2025/10/14 15:22:41 POLARIS_LOG {"event":"send_rate","rate":296000,"ts":1760455361.5320094}
2025/10/14 15:22:42 POLARIS_LOG {"event":"send_rate","rate":304000,"ts":1760455362.5301669}
2025/10/14 15:22:43 POLARIS_LOG {"event":"send_rate","rate":296000,"ts":1760455363.5299249}
2025/10/14 15:22:44 POLARIS_LOG {"event":"send_rate","rate":304000,"ts":1760455364.529913}
2025/10/14 15:22:45 POLARIS_LOG {"event":"send_rate","rate":296000,"ts":1760455365.5310352}
2025/10/14 15:22:46 POLARIS_LOG {"event":"send_rate","rate":304000,"ts":1760455366.529726}
2025/10/14 15:22:47 POLARIS_LOG {"event":"send_rate","rate":296000,"ts":1760455367.529727}
2025/10/14 15:22:48 POLARIS_LOG {"event":"send_rate","rate":304000,"ts":1760455368.5299928}
2025/10/14 15:22:49 POLARIS_LOG {"event":"send_rate","rate":296000,"ts":1760455369.5293882}
2025/10/14 15:22:50 POLARIS_LOG {"event":"send_rate","rate":304000,"ts":1760455370.5294464}
2025/10/14 15:22:51 POLARIS_LOG {"event":"send_rate","rate":280000,"ts":1760455371.5301824}
2025/10/14 15:22:52 POLARIS_LOG {"event":"send_rate","rate":160000,"ts":1760455372.529637}
2025/10/14 15:22:53 POLARIS_LOG {"candidates":25,"candidates_unfiltered":25,"current_rate":160000,"estimated_share":2000000,"event":"path_switch","max_estimated_share":2000000,"new":"3 3 7 7 3 5","old":"2 2 5 2","trigger":"scheduled","ts":1760455373.5294077}
2025/10/14 15:22:53 POLARIS_LOG {"event":"send_rate","rate":112000,"ts":1760455373.529477}
2025/10/14 15:22:54 POLARIS_LOG {"event":"send_rate","rate":648000,"ts":1760455374.530088}
2025/10/14 15:22:55 POLARIS_LOG {"event":"send_rate","rate":296000,"ts":1760455375.529721}
2025/10/14 15:22:56 POLARIS_LOG {"event":"send_rate","rate":304000,"ts":1760455376.5306354}
2025/10/14 15:22:57 POLARIS_LOG {"event":"send_rate","rate":296000,"ts":1760455377.5296223}
2025/10/14 15:22:58 POLARIS_LOG {"event":"send_rate","rate":304000,"ts":1760455378.5298197}
2025/10/14 15:22:59 POLARIS_LOG {"event":"send_rate","rate":296000,"ts":1760455379.5307677}
2025/10/14 15:23:00 POLARIS_LOG {"event":"send_rate","rate":304000,"ts":1760455380.5295663}
2025/10/14 15:23:01 POLARIS_LOG {"event":"send_rate","rate":296000,"ts":1760455381.5301056}
2025/10/14 15:23:02 POLARIS_LOG {"event":"send_rate","rate":304000,"ts":1760455382.530451}
2025/10/14 15:23:03 POLARIS_LOG {"event":"send_rate","rate":296000,"ts":1760455383.5292575}
2025/10/14 15:23:04 POLARIS_LOG {"event":"send_rate","rate":304000,"ts":1760455384.5297081}
2025/10/14 15:23:05 POLARIS_LOG {"event":"send_rate","rate":296000,"ts":1760455385.5292106}
2025/10/14 15:23:06 POLARIS_LOG {"event":"send_rate","rate":304000,"ts":1760455386.5292513}
2025/10/14 15:23:07 POLARIS_LOG {"event":"send_rate","rate":296000,"ts":1760455387.5295465}
2025/10/14 15:23:08 POLARIS_LOG {"event":"send_rate","rate":304000,"ts":1760455388.529807}
2025/10/14 15:23:09 POLARIS_LOG {"event":"send_rate","rate":296000,"ts":1760455389.5291836}
2025/10/14 15:23:10 POLARIS_LOG {"event":"send_rate","rate":304000,"ts":1760455390.5300436}
2025/10/14 15:23:11 POLARIS_LOG {"event":"send_rate","rate":296000,"ts":1760455391.5293462}
2025/10/14 15:23:12 POLARIS_LOG {"event":"send_rate","rate":304000,"ts":1760455392.52925}
2025/10/14 15:23:13 POLARIS_LOG {"event":"send_rate","rate":296000,"ts":1760455393.5299547}
2025/10/14 15:23:14 POLARIS_LOG {"event":"send_rate","rate":304000,"ts":1760455394.531307}
2025/10/14 15:23:15 POLARIS_LOG {"event":"send_rate","rate":296000,"ts":1760455395.5310197}
2025/10/14 15:23:16 POLARIS_LOG {"event":"send_rate","rate":304000,"ts":1760455396.5302076}
2025/10/14 15:23:17 POLARIS_LOG {"event":"send_rate","rate":296000,"ts":1760455397.5294583}
2025/10/14 15:23:18 POLARIS_LOG {"event":"send_rate","rate":304000,"ts":1760455398.5298402}
2025/10/14 15:23:19 POLARIS_LOG {"event":"send_rate","rate":296000,"ts":1760455399.5295305}
2025/10/14 15:23:20 POLARIS_LOG {"event":"send_rate","rate":304000,"ts":1760455400.5295403}
2025/10/14 15:23:21 POLARIS_LOG {"event":"send_rate","rate":296000,"ts":1760455401.533587}
2025/10/14 15:23:22 POLARIS_LOG {"event":"send_rate","rate":304000,"ts":1760455402.5301197}
2025/10/14 15:23:23 POLARIS_LOG {"event":"send_rate","rate":296000,"ts":1760455403.5295389}
2025/10/14 15:23:24 POLARIS_LOG {"event":"send_rate","rate":304000,"ts":1760455404.5306144}
2025/10/14 15:23:25 POLARIS_LOG {"event":"send_rate","rate":296000,"ts":1760455405.5300589}
2025/10/14 15:23:26 POLARIS_LOG {"event":"send_rate","rate":304000,"ts":1760455406.530443}
2025/10/14 15:23:27 POLARIS_LOG {"event":"send_rate","rate":296000,"ts":1760455407.530075}
2025/10/14 15:23:28 POLARIS_LOG {"event":"send_rate","rate":304000,"ts":1760455408.529105}
2025/10/14 15:23:29 POLARIS_LOG {"event":"send_rate","rate":296000,"ts":1760455409.5293932}
2025/10/14 15:23:30 POLARIS_LOG {"event":"send_rate","rate":304000,"ts":1760455410.5296404}
2025/10/14 15:23:31 POLARIS_LOG {"event":"send_rate","rate":296000,"ts":1760455411.5299737}
2025/10/14 15:23:32 POLARIS_LOG {"event":"send_rate","rate":304000,"ts":1760455412.5297108}
2025/10/14 15:23:33 POLARIS_LOG {"event":"send_rate","rate":296000,"ts":1760455413.5303574}
2025/10/14 15:23:34 POLARIS_LOG {"event":"send_rate","rate":304000,"ts":1760455414.529629}
2025/10/14 15:23:35 POLARIS_LOG {"event":"send_rate","rate":296000,"ts":1760455415.5300646}
2025/10/14 15:23:36 POLARIS_LOG {"event":"send_rate","rate":304000,"ts":1760455416.5305567}
2025/10/14 15:23:37 POLARIS_LOG {"event":"send_rate","rate":296000,"ts":1760455417.5299697}
2025/10/14 15:23:38 POLARIS_LOG {"event":"send_rate","rate":304000,"ts":1760455418.5294762}
2025/10/14 15:23:39 POLARIS_LOG {"event":"send_rate","rate":296000,"ts":1760455419.5297081}
2025/10/14 15:23:40 POLARIS_LOG {"event":"send_rate","rate":296000,"ts":1760455420.5414307}
2025/10/14 15:23:41 POLARIS_LOG {"event":"send_rate","rate":304000,"ts":1760455421.5303705}
2025/10/14 15:23:42 POLARIS_LOG {"event":"send_rate","rate":296000,"ts":1760455422.5296485}
2025/10/14 15:23:43 POLARIS_LOG {"event":"send_rate","rate":304000,"ts":1760455423.5300972}
2025/10/14 15:23:44 POLARIS_LOG {"event":"send_rate","rate":304000,"ts":1760455424.5395913}
2025/10/14 15:23:45 POLARIS_LOG {"event":"send_rate","rate":296000,"ts":1760455425.5303261}
2025/10/14 15:23:46 POLARIS_LOG {"event":"send_rate","rate":304000,"ts":1760455426.529511}
2025/10/14 15:23:47 POLARIS_LOG {"event":"send_rate","rate":296000,"ts":1760455427.5305626}
2025/10/14 15:23:48 POLARIS_LOG {"event":"send_rate","rate":296000,"ts":1760455428.532459}
2025/10/14 15:23:49 POLARIS_LOG {"event":"send_rate","rate":304000,"ts":1760455429.5293212}
2025/10/14 15:23:50 POLARIS_LOG {"event":"send_rate","rate":296000,"ts":1760455430.529318}
2025/10/14 15:23:51 POLARIS_LOG {"event":"send_rate","rate":304000,"ts":1760455431.5311108}
2025/10/14 15:23:52 POLARIS_LOG {"event":"send_rate","rate":296000,"ts":1760455432.5294902}
2025/10/14 15:23:53 POLARIS_LOG {"event":"send_rate","rate":304000,"ts":1760455433.529368}
2025/10/14 15:23:54 POLARIS_LOG {"event":"send_rate","rate":304000,"ts":1760455434.534891}
2025/10/14 15:23:55 POLARIS_LOG {"event":"send_rate","rate":296000,"ts":1760455435.5291743}
2025/10/14 15:23:56 POLARIS_LOG {"event":"send_rate","rate":296000,"ts":1760455436.529839}
2025/10/14 15:23:57 POLARIS_LOG {"event":"send_rate","rate":304000,"ts":1760455437.5309365}
2025/10/14 15:23:58 POLARIS_LOG {"event":"send_rate","rate":304000,"ts":1760455438.5306027}
2025/10/14 15:23:59 POLARIS_LOG {"event":"send_rate","rate":288000,"ts":1760455439.5368216}
2025/10/14 15:24:00 POLARIS_LOG {"event":"send_rate","rate":312000,"ts":1760455440.5306494}
2025/10/14 15:24:01 POLARIS_LOG {"event":"send_rate","rate":296000,"ts":1760455441.5298054}
2025/10/14 15:24:02 POLARIS_LOG {"event":"send_rate","rate":296000,"ts":1760455442.530015}
2025/10/14 15:24:03 POLARIS_LOG {"event":"send_rate","rate":304000,"ts":1760455443.5300553}
2025/10/14 15:24:04 POLARIS_LOG {"event":"send_rate","rate":304000,"ts":1760455444.5394232}
2025/10/14 15:24:05 POLARIS_LOG {"event":"send_rate","rate":296000,"ts":1760455445.530541}
2025/10/14 15:24:06 POLARIS_LOG {"event":"send_rate","rate":296000,"ts":1760455446.5297775}
2025/10/14 15:24:07 POLARIS_LOG {"event":"send_rate","rate":304000,"ts":1760455447.5303903}
2025/10/14 15:24:08 POLARIS_LOG {"event":"send_rate","rate":296000,"ts":1760455448.5303118}
2025/10/14 15:24:09 POLARIS_LOG {"event":"send_rate","rate":304000,"ts":1760455449.529249}
2025/10/14 15:24:10 POLARIS_LOG {"event":"send_rate","rate":296000,"ts":1760455450.530191}
2025/10/14 15:24:11 POLARIS_LOG {"event":"send_rate","rate":304000,"ts":1760455451.5299647}
2025/10/14 15:24:12 POLARIS_LOG {"event":"send_rate","rate":296000,"ts":1760455452.5298045}
2025/10/14 15:24:13 POLARIS_LOG {"event":"send_rate","rate":304000,"ts":1760455453.529564}
2025/10/14 15:24:14 POLARIS_LOG {"event":"send_rate","rate":296000,"ts":1760455454.5306044}
2025/10/14 15:24:15 POLARIS_LOG {"event":"send_rate","rate":304000,"ts":1760455455.5303915}
2025/10/14 15:24:16 POLARIS_LOG {"event":"send_rate","rate":296000,"ts":1760455456.5417037}
2025/10/14 15:24:17 POLARIS_LOG {"event":"send_rate","rate":304000,"ts":1760455457.5297694}
2025/10/14 15:24:18 POLARIS_LOG {"event":"send_rate","rate":296000,"ts":1760455458.5297348}
2025/10/14 15:24:19 POLARIS_LOG {"event":"send_rate","rate":304000,"ts":1760455459.530827}
2025/10/14 15:24:20 POLARIS_LOG {"event":"send_rate","rate":304000,"ts":1760455460.5410829}
2025/10/14 15:24:21 POLARIS_LOG {"event":"send_rate","rate":296000,"ts":1760455461.5305636}
2025/10/14 15:24:22 POLARIS_LOG {"event":"send_rate","rate":296000,"ts":1760455462.529478}
2025/10/14 15:24:23 POLARIS_LOG {"event":"send_rate","rate":304000,"ts":1760455463.529561}
2025/10/14 15:24:24 POLARIS_LOG {"event":"send_rate","rate":296000,"ts":1760455464.5294635}
2025/10/14 15:24:25 POLARIS_LOG {"event":"send_rate","rate":304000,"ts":1760455465.53014}
2025/10/14 15:24:26 POLARIS_LOG {"event":"send_rate","rate":296000,"ts":1760455466.529391}
2025/10/14 15:24:27 POLARIS_LOG {"event":"send_rate","rate":304000,"ts":1760455467.5357633}
2025/10/14 15:24:28 POLARIS_LOG {"event":"send_rate","rate":296000,"ts":1760455468.5291867}
2025/10/14 15:24:29 POLARIS_LOG {"event":"send_rate","rate":304000,"ts":1760455469.530799}
2025/10/14 15:24:30 POLARIS_LOG {"event":"send_rate","rate":296000,"ts":1760455470.5346916}
2025/10/14 15:24:31 POLARIS_LOG {"event":"send_rate","rate":304000,"ts":1760455471.5313551}
2025/10/14 15:24:32 POLARIS_LOG {"event":"send_rate","rate":296000,"ts":1760455472.5534852}
2025/10/14 15:24:33 POLARIS_LOG {"event":"send_rate","rate":304000,"ts":1760455473.5302198}
2025/10/14 15:24:34 POLARIS_LOG {"event":"send_rate","rate":296000,"ts":1760455474.5294886}
2025/10/14 15:24:35 POLARIS_LOG {"event":"send_rate","rate":304000,"ts":1760455475.529258}
2025/10/14 15:24:36 POLARIS_LOG {"event":"send_rate","rate":296000,"ts":1760455476.530419}
2025/10/14 15:24:37 POLARIS_LOG {"event":"send_rate","rate":304000,"ts":1760455477.530618}
2025/10/14 15:24:38 POLARIS_LOG {"event":"send_rate","rate":296000,"ts":1760455478.529794}
2025/10/14 15:24:39 POLARIS_LOG {"event":"send_rate","rate":304000,"ts":1760455479.530264}
2025/10/14 15:24:40 POLARIS_LOG {"event":"send_rate","rate":296000,"ts":1760455480.5297413}
2025/10/14 15:24:41 POLARIS_LOG {"event":"send_rate","rate":304000,"ts":1760455481.5293303}
2025/10/14 15:24:42 POLARIS_LOG {"event":"send_rate","rate":296000,"ts":1760455482.529742}
2025/10/14 15:24:43 POLARIS_LOG {"event":"send_rate","rate":304000,"ts":1760455483.529448}
2025/10/14 15:24:44 POLARIS_LOG {"event":"send_rate","rate":296000,"ts":1760455484.5300348}
2025/10/14 15:24:45 POLARIS_LOG {"event":"send_rate","rate":304000,"ts":1760455485.5295777}
2025/10/14 15:24:46 POLARIS_LOG {"event":"send_rate","rate":296000,"ts":1760455486.5303712}
2025/10/14 15:24:47 POLARIS_LOG {"event":"send_rate","rate":304000,"ts":1760455487.529936}
2025/10/14 15:24:48 POLARIS_LOG {"event":"send_rate","rate":296000,"ts":1760455488.5301023}
2025/10/14 15:24:49 POLARIS_LOG {"event":"send_rate","rate":304000,"ts":1760455489.5304654}
2025/10/14 15:24:50 POLARIS_LOG {"event":"send_rate","rate":296000,"ts":1760455490.5298078}
2025/10/14 15:24:51 POLARIS_LOG {"event":"send_rate","rate":304000,"ts":1760455491.529725}
2025/10/14 15:24:52 POLARIS_LOG {"event":"send_rate","rate":296000,"ts":1760455492.529521}
2025/10/14 15:24:53 POLARIS_LOG {"event":"send_rate","rate":304000,"ts":1760455493.5300431}
2025/10/14 15:24:54 POLARIS_LOG {"event":"send_rate","rate":296000,"ts":1760455494.5296006}
2025/10/14 15:24:55 POLARIS_LOG {"event":"send_rate","rate":304000,"ts":1760455495.5296311}
2025/10/14 15:24:56 POLARIS_LOG {"event":"send_rate","rate":296000,"ts":1760455496.53184}
2025/10/14 15:24:57 POLARIS_LOG {"event":"send_rate","rate":304000,"ts":1760455497.530103}
2025/10/14 15:24:58 POLARIS_LOG {"event":"send_rate","rate":280000,"ts":1760455498.5296917}
2025/10/14 15:24:59 POLARIS_LOG {"event":"send_rate","rate":320000,"ts":1760455499.531832}
2025/10/14 15:25:00 POLARIS_LOG {"event":"send_rate","rate":296000,"ts":1760455500.5321772}
2025/10/14 15:25:01 POLARIS_LOG {"event":"send_rate","rate":304000,"ts":1760455501.5298333}
2025/10/14 15:25:02 POLARIS_LOG {"event":"send_rate","rate":296000,"ts":1760455502.5295992}
2025/10/14 15:25:03 POLARIS_LOG {"event":"send_rate","rate":304000,"ts":1760455503.5353377}
2025/10/14 15:25:04 POLARIS_LOG {"event":"send_rate","rate":304000,"ts":1760455504.5388517}
2025/10/14 15:25:05 POLARIS_LOG {"event":"send_rate","rate":296000,"ts":1760455505.53127}
2025/10/14 15:25:06 POLARIS_LOG {"event":"send_rate","rate":296000,"ts":1760455506.5295522}
2025/10/14 15:25:07 POLARIS_LOG {"event":"send_rate","rate":304000,"ts":1760455507.5292315}
2025/10/14 15:25:08 POLARIS_LOG {"event":"send_rate","rate":296000,"ts":1760455508.5313134}
2025/10/14 15:25:09 POLARIS_LOG {"event":"send_rate","rate":304000,"ts":1760455509.5296507}
2025/10/14 15:25:10 POLARIS_LOG {"event":"send_rate","rate":296000,"ts":1760455510.5300963}
2025/10/14 15:25:11 POLARIS_LOG {"event":"send_rate","rate":304000,"ts":1760455511.5346901}
2025/10/14 15:25:12 POLARIS_LOG {"event":"send_rate","rate":296000,"ts":1760455512.5300364}
2025/10/14 15:25:13 POLARIS_LOG {"event":"send_rate","rate":304000,"ts":1760455513.5301962}
2025/10/14 15:25:14 POLARIS_LOG {"event":"send_rate","rate":296000,"ts":1760455514.5297}
2025/10/14 15:25:15 POLARIS_LOG {"event":"send_rate","rate":296000,"ts":1760455515.5364614}
2025/10/14 15:25:16 POLARIS_LOG {"event":"send_rate","rate":304000,"ts":1760455516.5294807}
2025/10/14 15:25:17 POLARIS_LOG {"event":"send_rate","rate":304000,"ts":1760455517.5312994}
2025/10/14 15:25:18 POLARIS_LOG {"event":"send_rate","rate":296000,"ts":1760455518.529648}
2025/10/14 15:25:19 POLARIS_LOG {"event":"send_rate","rate":304000,"ts":1760455519.5296323}
2025/10/14 15:25:20 POLARIS_LOG {"event":"send_rate","rate":296000,"ts":1760455520.5498278}
2025/10/14 15:25:21 POLARIS_LOG {"event":"send_rate","rate":304000,"ts":1760455521.5297756}
2025/10/14 15:25:22 POLARIS_LOG {"event":"send_rate","rate":296000,"ts":1760455522.5312483}
2025/10/14 15:25:23 POLARIS_LOG {"event":"send_rate","rate":304000,"ts":1760455523.529766}
2025/10/14 15:25:24 POLARIS_LOG {"event":"send_rate","rate":296000,"ts":1760455524.53055}
2025/10/14 15:25:25 POLARIS_LOG {"event":"send_rate","rate":304000,"ts":1760455525.5310946}
2025/10/14 15:25:26 POLARIS_LOG {"event":"send_rate","rate":296000,"ts":1760455526.5303211}
2025/10/14 15:25:27 POLARIS_LOG {"event":"send_rate","rate":304000,"ts":1760455527.5457468}
2025/10/14 15:25:28 POLARIS_LOG {"event":"send_rate","rate":296000,"ts":1760455528.5317624}
2025/10/14 15:25:29 POLARIS_LOG {"event":"send_rate","rate":304000,"ts":1760455529.5343964}
2025/10/14 15:25:30 POLARIS_LOG {"event":"send_rate","rate":296000,"ts":1760455530.5306847}
2025/10/14 15:25:31 POLARIS_LOG {"event":"send_rate","rate":304000,"ts":1760455531.5297952}
2025/10/14 15:25:32 POLARIS_LOG {"event":"send_rate","rate":296000,"ts":1760455532.5305207}
2025/10/14 15:25:33 POLARIS_LOG {"event":"send_rate","rate":304000,"ts":1760455533.5300653}
2025/10/14 15:25:34 POLARIS_LOG {"event":"send_rate","rate":296000,"ts":1760455534.5304601}
2025/10/14 15:25:35 POLARIS_LOG {"event":"send_rate","rate":304000,"ts":1760455535.529845}
2025/10/14 15:25:36 POLARIS_LOG {"event":"send_rate","rate":296000,"ts":1760455536.5298665}
2025/10/14 15:25:37 POLARIS_LOG {"event":"send_rate","rate":304000,"ts":1760455537.5298116}
2025/10/14 15:25:38 POLARIS_LOG {"event":"send_rate","rate":296000,"ts":1760455538.5299258}
2025/10/14 15:25:39 POLARIS_LOG {"event":"send_rate","rate":304000,"ts":1760455539.530025}
2025/10/14 15:25:40 POLARIS_LOG {"event":"send_rate","rate":296000,"ts":1760455540.5299067}
2025/10/14 15:25:41 POLARIS_LOG {"event":"send_rate","rate":304000,"ts":1760455541.5340466}
2025/10/14 15:25:42 POLARIS_LOG {"event":"send_rate","rate":296000,"ts":1760455542.531362}
2025/10/14 15:25:43 POLARIS_LOG {"event":"send_rate","rate":304000,"ts":1760455543.530677}
2025/10/14 15:25:44 POLARIS_LOG {"event":"send_rate","rate":296000,"ts":1760455544.530695}
2025/10/14 15:25:45 POLARIS_LOG {"event":"send_rate","rate":304000,"ts":1760455545.5327194}
2025/10/14 15:25:46 POLARIS_LOG {"event":"send_rate","rate":296000,"ts":1760455546.5295484}
2025/10/14 15:25:47 POLARIS_LOG {"event":"send_rate","rate":304000,"ts":1760455547.530479}
2025/10/14 15:25:48 POLARIS_LOG {"event":"send_rate","rate":296000,"ts":1760455548.5295799}
2025/10/14 15:25:49 POLARIS_LOG {"event":"send_rate","rate":304000,"ts":1760455549.5304134}
2025/10/14 15:25:50 POLARIS_LOG {"event":"send_rate","rate":296000,"ts":1760455550.5318053}
2025/10/14 15:25:51 POLARIS_LOG {"event":"send_rate","rate":304000,"ts":1760455551.5303679}
2025/10/14 15:25:52 POLARIS_LOG {"event":"send_rate","rate":296000,"ts":1760455552.541825}
2025/10/14 15:25:53 POLARIS_LOG {"event":"send_rate","rate":296000,"ts":1760455553.5322611}
2025/10/14 15:25:54 POLARIS_LOG {"event":"send_rate","rate":304000,"ts":1760455554.5319917}
2025/10/14 15:25:55 POLARIS_LOG {"event":"send_rate","rate":304000,"ts":1760455555.535454}
2025/10/14 15:25:56 POLARIS_LOG {"event":"send_rate","rate":296000,"ts":1760455556.5297894}
2025/10/14 15:25:57 POLARIS_LOG {"event":"send_rate","rate":304000,"ts":1760455557.5295844}
2025/10/14 15:25:58 POLARIS_LOG {"event":"send_rate","rate":296000,"ts":1760455558.5299928}
2025/10/14 15:25:59 POLARIS_LOG {"event":"send_rate","rate":296000,"ts":1760455559.5298896}
2025/10/14 15:26:00 POLARIS_LOG {"event":"send_rate","rate":304000,"ts":1760455560.5291355}
2025/10/14 15:26:01 POLARIS_LOG {"event":"send_rate","rate":304000,"ts":1760455561.531268}
2025/10/14 15:26:02 POLARIS_LOG {"event":"send_rate","rate":296000,"ts":1760455562.5292451}
2025/10/14 15:26:03 POLARIS_LOG {"event":"send_rate","rate":296000,"ts":1760455563.5306935}
2025/10/14 15:26:04 POLARIS_LOG {"event":"send_rate","rate":304000,"ts":1760455564.5303524}
2025/10/14 15:26:05 POLARIS_LOG {"event":"send_rate","rate":304000,"ts":1760455565.5359108}
2025/10/14 15:26:06 POLARIS_LOG {"event":"send_rate","rate":296000,"ts":1760455566.532848}
2025/10/14 15:26:07 POLARIS_LOG {"event":"send_rate","rate":296000,"ts":1760455567.5374165}
2025/10/14 15:26:08 POLARIS_LOG {"event":"send_rate","rate":304000,"ts":1760455568.5292773}
2025/10/14 15:26:09 POLARIS_LOG {"event":"send_rate","rate":304000,"ts":1760455569.5304267}
2025/10/14 15:26:10 POLARIS_LOG {"event":"send_rate","rate":296000,"ts":1760455570.529259}
2025/10/14 15:26:11 POLARIS_LOG {"event":"send_rate","rate":304000,"ts":1760455571.53058}
2025/10/14 15:26:12 POLARIS_LOG {"event":"send_rate","rate":296000,"ts":1760455572.5397058}
2025/10/14 15:26:13 POLARIS_LOG {"event":"send_rate","rate":304000,"ts":1760455573.529841}
2025/10/14 15:26:14 POLARIS_LOG {"event":"send_rate","rate":296000,"ts":1760455574.531059}
2025/10/14 15:26:15 POLARIS_LOG {"event":"send_rate","rate":296000,"ts":1760455575.5302188}
2025/10/14 15:26:16 POLARIS_LOG {"event":"send_rate","rate":304000,"ts":1760455576.5303447}
2025/10/14 15:26:17 POLARIS_LOG {"event":"send_rate","rate":304000,"ts":1760455577.530295}
2025/10/14 15:26:18 POLARIS_LOG {"event":"send_rate","rate":296000,"ts":1760455578.5300708}
2025/10/14 15:26:19 POLARIS_LOG {"event":"send_rate","rate":304000,"ts":1760455579.530907}
2025/10/14 15:26:20 POLARIS_LOG {"event":"send_rate","rate":296000,"ts":1760455580.5308993}
2025/10/14 15:26:21 POLARIS_LOG {"event":"send_rate","rate":296000,"ts":1760455581.5299394}
2025/10/14 15:26:22 POLARIS_LOG {"event":"send_rate","rate":304000,"ts":1760455582.5305367}
2025/10/14 15:26:23 POLARIS_LOG {"event":"send_rate","rate":304000,"ts":1760455583.5308607}
2025/10/14 15:26:24 POLARIS_LOG {"event":"send_rate","rate":296000,"ts":1760455584.529136}
2025/10/14 15:26:25 POLARIS_LOG {"event":"send_rate","rate":296000,"ts":1760455585.5295875}
2025/10/14 15:26:26 POLARIS_LOG {"event":"send_rate","rate":304000,"ts":1760455586.5296235}
2025/10/14 15:26:27 POLARIS_LOG {"event":"send_rate","rate":296000,"ts":1760455587.529337}
2025/10/14 15:26:28 POLARIS_LOG {"event":"send_rate","rate":304000,"ts":1760455588.5321825}
2025/10/14 15:26:29 POLARIS_LOG {"event":"send_rate","rate":296000,"ts":1760455589.5297515}
2025/10/14 15:26:30 POLARIS_LOG {"event":"send_rate","rate":304000,"ts":1760455590.530976}
2025/10/14 15:26:31 POLARIS_LOG {"event":"send_rate","rate":296000,"ts":1760455591.529748}
2025/10/14 15:26:32 POLARIS_LOG {"event":"send_rate","rate":304000,"ts":1760455592.5299566}
2025/10/14 15:26:33 POLARIS_LOG {"event":"send_rate","rate":304000,"ts":1760455593.5345078}
2025/10/14 15:26:34 POLARIS_LOG {"event":"send_rate","rate":296000,"ts":1760455594.5302954}
2025/10/14 15:26:35 POLARIS_LOG {"event":"send_rate","rate":296000,"ts":1760455595.5312161}
2025/10/14 15:26:36 POLARIS_LOG {"event":"send_rate","rate":304000,"ts":1760455596.5295513}
2025/10/14 15:26:37 POLARIS_LOG {"event":"send_rate","rate":296000,"ts":1760455597.5291429}
2025/10/14 15:26:38 POLARIS_LOG {"event":"send_rate","rate":304000,"ts":1760455598.5311422}
2025/10/14 15:26:39 POLARIS_LOG {"event":"send_rate","rate":296000,"ts":1760455599.529657}
2025/10/14 15:26:40 POLARIS_LOG {"event":"send_rate","rate":304000,"ts":1760455600.5379226}
2025/10/14 15:26:41 POLARIS_LOG {"event":"send_rate","rate":304000,"ts":1760455601.5321014}
2025/10/14 15:26:42 POLARIS_LOG {"event":"send_rate","rate":296000,"ts":1760455602.5301116}
2025/10/14 15:26:43 POLARIS_LOG {"event":"send_rate","rate":304000,"ts":1760455603.5373235}
2025/10/14 15:26:44 POLARIS_LOG {"event":"send_rate","rate":296000,"ts":1760455604.5315173}
2025/10/14 15:26:45 POLARIS_LOG {"event":"send_rate","rate":296000,"ts":1760455605.5310185}
2025/10/14 15:26:46 POLARIS_LOG {"event":"send_rate","rate":304000,"ts":1760455606.5342743}
2025/10/14 15:26:47 POLARIS_LOG {"event":"send_rate","rate":296000,"ts":1760455607.530837}
2025/10/14 15:26:48 POLARIS_LOG {"event":"send_rate","rate":304000,"ts":1760455608.537413}
2025/10/14 15:26:49 POLARIS_LOG {"event":"send_rate","rate":296000,"ts":1760455609.529243}
2025/10/14 15:26:50 POLARIS_LOG {"event":"send_rate","rate":304000,"ts":1760455610.5295978}
2025/10/14 15:26:51 POLARIS_LOG {"event":"send_rate","rate":296000,"ts":1760455611.5313158}
2025/10/14 15:26:52 POLARIS_LOG {"event":"send_rate","rate":304000,"ts":1760455612.5301332}
2025/10/14 15:26:53 POLARIS_LOG {"event":"send_rate","rate":296000,"ts":1760455613.5300908}
2025/10/14 15:26:54 POLARIS_LOG {"event":"send_rate","rate":304000,"ts":1760455614.5301578}
2025/10/14 15:26:55 POLARIS_LOG {"event":"send_rate","rate":296000,"ts":1760455615.530967}
2025/10/14 15:26:56 POLARIS_LOG {"event":"send_rate","rate":304000,"ts":1760455616.5309799}
2025/10/14 15:26:57 POLARIS_LOG {"event":"send_rate","rate":296000,"ts":1760455617.5298483}
2025/10/14 15:26:58 POLARIS_LOG {"event":"send_rate","rate":304000,"ts":1760455618.530111}
2025/10/14 15:26:59 POLARIS_LOG {"event":"send_rate","rate":304000,"ts":1760455619.539584}
2025/10/14 15:27:00 POLARIS_LOG {"event":"send_rate","rate":296000,"ts":1760455620.5296917}
2025/10/14 15:27:01 POLARIS_LOG {"event":"send_rate","rate":296000,"ts":1760455621.532589}
2025/10/14 15:27:02 POLARIS_LOG {"event":"send_rate","rate":304000,"ts":1760455622.5294666}
2025/10/14 15:27:03 POLARIS_LOG {"event":"send_rate","rate":296000,"ts":1760455623.5299804}
2025/10/14 15:27:04 POLARIS_LOG {"event":"send_rate","rate":304000,"ts":1760455624.530238}
2025/10/14 15:27:05 POLARIS_LOG {"event":"send_rate","rate":304000,"ts":1760455625.5418212}
2025/10/14 15:27:06 POLARIS_LOG {"event":"send_rate","rate":296000,"ts":1760455626.5296764}
2025/10/14 15:27:07 POLARIS_LOG {"event":"send_rate","rate":296000,"ts":1760455627.5292947}
2025/10/14 15:27:08 POLARIS_LOG {"event":"send_rate","rate":304000,"ts":1760455628.52966}
2025/10/14 15:27:09 POLARIS_LOG {"event":"send_rate","rate":296000,"ts":1760455629.5330923}
2025/10/14 15:27:10 POLARIS_LOG {"event":"send_rate","rate":304000,"ts":1760455630.5299087}
2025/10/14 15:27:11 POLARIS_LOG {"event":"send_rate","rate":296000,"ts":1760455631.539236}
2025/10/14 15:27:12 POLARIS_LOG {"event":"send_rate","rate":304000,"ts":1760455632.529794}
2025/10/14 15:27:13 POLARIS_LOG {"event":"send_rate","rate":296000,"ts":1760455633.5297136}
2025/10/14 15:27:14 POLARIS_LOG {"event":"send_rate","rate":304000,"ts":1760455634.535736}
2025/10/14 15:27:15 POLARIS_LOG {"event":"send_rate","rate":296000,"ts":1760455635.5292711}
2025/10/14 15:27:16 POLARIS_LOG {"event":"send_rate","rate":304000,"ts":1760455636.532349}
2025/10/14 15:27:17 POLARIS_LOG {"event":"send_rate","rate":296000,"ts":1760455637.529272}
2025/10/14 15:27:18 POLARIS_LOG {"event":"send_rate","rate":304000,"ts":1760455638.529764}
2025/10/14 15:27:19 POLARIS_LOG {"event":"send_rate","rate":296000,"ts":1760455639.529165}
2025/10/14 15:27:20 POLARIS_LOG {"event":"send_rate","rate":304000,"ts":1760455640.5355883}
2025/10/14 15:27:21 POLARIS_LOG {"event":"send_rate","rate":296000,"ts":1760455641.5291286}
We need to sleep for 1 seconds before we can get the results
2025/10/14 15:27:22 POLARIS_LOG {"event":"send_rate","rate":8000,"ts":1760455642.529154}
Drain Loop received packet
Drain Loop received non-nil payload
Client sent 10800 packets, server reported 10775 packets received
The network loss rate from client to server is 0.2%

S->C results
Attempted bandwidth: 0 bps / 0.00 Mbps
Achieved bandwidth: 0 bps / 0.00 Mbps
Loss rate: 0.0%
Interarrival time min/avg/max/mdev = -0.000/0.000/0.000/0.000 ms

C->S results
Attempted bandwidth: 300000 bps / 0.30 Mbps
Achieved bandwidth: 299305 bps / 0.30 Mbps
Loss rate: 0.2%
Interarrival time min/avg/max/mdev = 0.002/26.738/305.877/16.707 ms
