
Test parameters:
client->server: 282 seconds, 1000 bytes, 10575 packets
server->client: 282 seconds, 1000 bytes, 0 packets
2025/10/14 15:22:39 POLARIS_LOG {"current_rate":0,"event":"path_switch","new":"2 2 5 2","trigger":"initialization","ts":1760455359.5981758}
Polaris prober initialized with 38 paths
Polaris prober initialized with local 1-111,10.111.0.71:32746 and remote 1-113,10.113.0.71
2025/10/14 15:22:40 POLARIS_LOG {"event":"send_rate","rate":296000,"ts":1760455360.6009529}
2025/10/14 15:22:41 POLARIS_LOG {"event":"send_rate","rate":304000,"ts":1760455361.6005783}
2025/10/14 15:22:42 POLARIS_LOG {"event":"send_rate","rate":296000,"ts":1760455362.6010892}
2025/10/14 15:22:43 POLARIS_LOG {"event":"send_rate","rate":296000,"ts":1760455363.6000807}
2025/10/14 15:22:44 POLARIS_LOG {"event":"send_rate","rate":304000,"ts":1760455364.603241}
2025/10/14 15:22:45 POLARIS_LOG {"event":"send_rate","rate":304000,"ts":1760455365.60035}
2025/10/14 15:22:46 POLARIS_LOG {"event":"send_rate","rate":296000,"ts":1760455366.6005077}
2025/10/14 15:22:47 POLARIS_LOG {"event":"send_rate","rate":304000,"ts":1760455367.6010864}
2025/10/14 15:22:48 POLARIS_LOG {"event":"send_rate","rate":296000,"ts":1760455368.6010988}
2025/10/14 15:22:49 POLARIS_LOG {"event":"send_rate","rate":304000,"ts":1760455369.6005409}
2025/10/14 15:22:50 POLARIS_LOG {"event":"send_rate","rate":296000,"ts":1760455370.6006181}
2025/10/14 15:22:51 POLARIS_LOG {"event":"send_rate","rate":304000,"ts":1760455371.60037}
2025/10/14 15:22:52 POLARIS_LOG {"event":"send_rate","rate":216000,"ts":1760455372.6010413}
2025/10/14 15:22:53 POLARIS_LOG {"event":"send_rate","rate":144000,"ts":1760455373.6002784}
2025/10/14 15:22:54 POLARIS_LOG {"event":"send_rate","rate":80000,"ts":1760455374.6007545}
2025/10/14 15:22:55 POLARIS_LOG {"event":"send_rate","rate":96000,"ts":1760455375.6019802}
2025/10/14 15:22:56 POLARIS_LOG {"event":"send_rate","rate":112000,"ts":1760455376.60748}
2025/10/14 15:22:57 POLARIS_LOG {"event":"send_rate","rate":120000,"ts":1760455377.601815}
2025/10/14 15:22:58 POLARIS_LOG {"event":"send_rate","rate":120000,"ts":1760455378.6003397}
2025/10/14 15:22:59 POLARIS_LOG {"event":"send_rate","rate":120000,"ts":1760455379.6001694}
2025/10/14 15:22:59 POLARIS_LOG {"candidates":11,"candidates_unfiltered":25,"current_rate":120000,"estimated_share":1000000,"event":"path_switch","max_estimated_share":1000000,"new":"3 3 6 6 3 5","old":"2 2 5 2","trigger":"scheduled","ts":1760455379.6002736}
2025/10/14 15:23:00 POLARIS_LOG {"event":"send_rate","rate":1688000,"ts":1760455380.6005447}
2025/10/14 15:23:01 POLARIS_LOG {"event":"send_rate","rate":296000,"ts":1760455381.6003153}
2025/10/14 15:23:02 POLARIS_LOG {"event":"send_rate","rate":304000,"ts":1760455382.601074}
2025/10/14 15:23:03 POLARIS_LOG {"event":"send_rate","rate":296000,"ts":1760455383.6008227}
2025/10/14 15:23:04 POLARIS_LOG {"event":"send_rate","rate":304000,"ts":1760455384.600328}
2025/10/14 15:23:05 POLARIS_LOG {"event":"send_rate","rate":304000,"ts":1760455385.6081192}
2025/10/14 15:23:06 POLARIS_LOG {"event":"send_rate","rate":296000,"ts":1760455386.6009533}
2025/10/14 15:23:07 POLARIS_LOG {"event":"send_rate","rate":304000,"ts":1760455387.6030455}
2025/10/14 15:23:08 POLARIS_LOG {"event":"send_rate","rate":296000,"ts":1760455388.6021369}
2025/10/14 15:23:09 POLARIS_LOG {"event":"send_rate","rate":304000,"ts":1760455389.6030667}
2025/10/14 15:23:10 POLARIS_LOG {"event":"send_rate","rate":296000,"ts":1760455390.6011074}
2025/10/14 15:23:11 POLARIS_LOG {"event":"send_rate","rate":296000,"ts":1760455391.6001506}
2025/10/14 15:23:12 POLARIS_LOG {"event":"send_rate","rate":304000,"ts":1760455392.61195}
2025/10/14 15:23:13 POLARIS_LOG {"event":"send_rate","rate":296000,"ts":1760455393.6014965}
2025/10/14 15:23:14 POLARIS_LOG {"event":"send_rate","rate":304000,"ts":1760455394.6092153}
2025/10/14 15:23:15 POLARIS_LOG {"event":"send_rate","rate":304000,"ts":1760455395.613092}
2025/10/14 15:23:16 POLARIS_LOG {"event":"send_rate","rate":296000,"ts":1760455396.6008868}
2025/10/14 15:23:17 POLARIS_LOG {"event":"send_rate","rate":296000,"ts":1760455397.6080883}
2025/10/14 15:23:18 POLARIS_LOG {"event":"send_rate","rate":304000,"ts":1760455398.600776}
2025/10/14 15:23:19 POLARIS_LOG {"event":"send_rate","rate":296000,"ts":1760455399.6003757}
2025/10/14 15:23:20 POLARIS_LOG {"event":"send_rate","rate":304000,"ts":1760455400.6045625}
2025/10/14 15:23:21 POLARIS_LOG {"event":"send_rate","rate":296000,"ts":1760455401.6006112}
2025/10/14 15:23:22 POLARIS_LOG {"event":"send_rate","rate":304000,"ts":1760455402.6004877}
2025/10/14 15:23:23 POLARIS_LOG {"event":"send_rate","rate":296000,"ts":1760455403.6081266}
2025/10/14 15:23:24 POLARIS_LOG {"event":"send_rate","rate":304000,"ts":1760455404.603612}
2025/10/14 15:23:25 POLARIS_LOG {"event":"send_rate","rate":296000,"ts":1760455405.6015518}
2025/10/14 15:23:26 POLARIS_LOG {"event":"send_rate","rate":304000,"ts":1760455406.6006575}
2025/10/14 15:23:27 POLARIS_LOG {"event":"send_rate","rate":296000,"ts":1760455407.605618}
2025/10/14 15:23:28 POLARIS_LOG {"event":"send_rate","rate":304000,"ts":1760455408.6069198}
2025/10/14 15:23:29 POLARIS_LOG {"event":"send_rate","rate":304000,"ts":1760455409.604708}
2025/10/14 15:23:30 POLARIS_LOG {"event":"send_rate","rate":296000,"ts":1760455410.6007936}
2025/10/14 15:23:31 POLARIS_LOG {"event":"send_rate","rate":296000,"ts":1760455411.6004677}
2025/10/14 15:23:32 POLARIS_LOG {"event":"send_rate","rate":304000,"ts":1760455412.6024034}
2025/10/14 15:23:33 POLARIS_LOG {"event":"send_rate","rate":288000,"ts":1760455413.6352544}
2025/10/14 15:23:34 POLARIS_LOG {"event":"send_rate","rate":312000,"ts":1760455414.607661}
2025/10/14 15:23:35 POLARIS_LOG {"event":"send_rate","rate":296000,"ts":1760455415.6029882}
2025/10/14 15:23:36 POLARIS_LOG {"event":"send_rate","rate":304000,"ts":1760455416.6015916}
2025/10/14 15:23:37 POLARIS_LOG {"event":"send_rate","rate":296000,"ts":1760455417.602011}
2025/10/14 15:23:38 POLARIS_LOG {"event":"send_rate","rate":304000,"ts":1760455418.6003964}
2025/10/14 15:23:39 POLARIS_LOG {"event":"send_rate","rate":304000,"ts":1760455419.6056197}
2025/10/14 15:23:40 POLARIS_LOG {"event":"send_rate","rate":296000,"ts":1760455420.6010787}
2025/10/14 15:23:41 POLARIS_LOG {"event":"send_rate","rate":296000,"ts":1760455421.600843}
2025/10/14 15:23:42 POLARIS_LOG {"event":"send_rate","rate":304000,"ts":1760455422.6014547}
2025/10/14 15:23:43 POLARIS_LOG {"event":"send_rate","rate":296000,"ts":1760455423.6029694}
2025/10/14 15:23:44 POLARIS_LOG {"event":"send_rate","rate":304000,"ts":1760455424.6008306}
2025/10/14 15:23:45 POLARIS_LOG {"event":"send_rate","rate":296000,"ts":1760455425.6007948}
2025/10/14 15:23:46 POLARIS_LOG {"event":"send_rate","rate":304000,"ts":1760455426.6025941}
2025/10/14 15:23:47 POLARIS_LOG {"event":"send_rate","rate":304000,"ts":1760455427.6304393}
2025/10/14 15:23:48 POLARIS_LOG {"event":"send_rate","rate":296000,"ts":1760455428.6033628}
2025/10/14 15:23:49 POLARIS_LOG {"event":"send_rate","rate":296000,"ts":1760455429.6005785}
2025/10/14 15:23:50 POLARIS_LOG {"event":"send_rate","rate":304000,"ts":1760455430.60316}
2025/10/14 15:23:51 POLARIS_LOG {"event":"send_rate","rate":296000,"ts":1760455431.6002588}
2025/10/14 15:23:52 POLARIS_LOG {"event":"send_rate","rate":304000,"ts":1760455432.60384}
2025/10/14 15:23:53 POLARIS_LOG {"event":"send_rate","rate":296000,"ts":1760455433.601013}
2025/10/14 15:23:54 POLARIS_LOG {"event":"send_rate","rate":296000,"ts":1760455434.6071875}
2025/10/14 15:23:55 POLARIS_LOG {"event":"send_rate","rate":296000,"ts":1760455435.6671848}
2025/10/14 15:23:56 POLARIS_LOG {"event":"send_rate","rate":312000,"ts":1760455436.600225}
2025/10/14 15:23:57 POLARIS_LOG {"event":"send_rate","rate":296000,"ts":1760455437.600938}
2025/10/14 15:23:58 POLARIS_LOG {"event":"send_rate","rate":304000,"ts":1760455438.6016223}
2025/10/14 15:23:59 POLARIS_LOG {"event":"send_rate","rate":296000,"ts":1760455439.605246}
2025/10/14 15:24:00 POLARIS_LOG {"event":"send_rate","rate":304000,"ts":1760455440.6074958}
2025/10/14 15:24:01 POLARIS_LOG {"event":"send_rate","rate":296000,"ts":1760455441.6011922}
2025/10/14 15:24:02 POLARIS_LOG {"event":"send_rate","rate":304000,"ts":1760455442.6014779}
2025/10/14 15:24:03 POLARIS_LOG {"event":"send_rate","rate":296000,"ts":1760455443.60052}
2025/10/14 15:24:04 POLARIS_LOG {"event":"send_rate","rate":304000,"ts":1760455444.601424}
2025/10/14 15:24:05 POLARIS_LOG {"event":"send_rate","rate":296000,"ts":1760455445.6035347}
2025/10/14 15:24:06 POLARIS_LOG {"event":"send_rate","rate":304000,"ts":1760455446.6031854}
2025/10/14 15:24:07 POLARIS_LOG {"event":"send_rate","rate":296000,"ts":1760455447.60056}
2025/10/14 15:24:08 POLARIS_LOG {"event":"send_rate","rate":304000,"ts":1760455448.6023977}
2025/10/14 15:24:09 POLARIS_LOG {"event":"send_rate","rate":296000,"ts":1760455449.6003451}
2025/10/14 15:24:10 POLARIS_LOG {"event":"send_rate","rate":296000,"ts":1760455450.6033397}
2025/10/14 15:24:11 POLARIS_LOG {"event":"send_rate","rate":304000,"ts":1760455451.6050398}
2025/10/14 15:24:12 POLARIS_LOG {"event":"send_rate","rate":304000,"ts":1760455452.6016603}
2025/10/14 15:24:13 POLARIS_LOG {"event":"send_rate","rate":296000,"ts":1760455453.6221092}
2025/10/14 15:24:14 POLARIS_LOG {"event":"send_rate","rate":304000,"ts":1760455454.6020303}
2025/10/14 15:24:15 POLARIS_LOG {"event":"send_rate","rate":296000,"ts":1760455455.604387}
2025/10/14 15:24:16 POLARIS_LOG {"event":"send_rate","rate":304000,"ts":1760455456.6966574}
2025/10/14 15:24:17 POLARIS_LOG {"event":"send_rate","rate":296000,"ts":1760455457.6068256}
2025/10/14 15:24:18 POLARIS_LOG {"event":"send_rate","rate":304000,"ts":1760455458.601111}
2025/10/14 15:24:19 POLARIS_LOG {"event":"send_rate","rate":296000,"ts":1760455459.601504}
2025/10/14 15:24:20 POLARIS_LOG {"event":"send_rate","rate":304000,"ts":1760455460.6021123}
2025/10/14 15:24:21 POLARIS_LOG {"event":"send_rate","rate":296000,"ts":1760455461.6000981}
2025/10/14 15:24:22 POLARIS_LOG {"event":"send_rate","rate":304000,"ts":1760455462.6002598}
2025/10/14 15:24:23 POLARIS_LOG {"event":"send_rate","rate":296000,"ts":1760455463.6120522}
2025/10/14 15:24:24 POLARIS_LOG {"event":"send_rate","rate":304000,"ts":1760455464.6016245}
2025/10/14 15:24:25 POLARIS_LOG {"event":"send_rate","rate":304000,"ts":1760455465.6204555}
2025/10/14 15:24:26 POLARIS_LOG {"event":"send_rate","rate":304000,"ts":1760455466.6235852}
2025/10/14 15:24:27 POLARIS_LOG {"event":"send_rate","rate":288000,"ts":1760455467.601037}
2025/10/14 15:24:28 POLARIS_LOG {"event":"send_rate","rate":304000,"ts":1760455468.6034856}
2025/10/14 15:24:29 POLARIS_LOG {"event":"send_rate","rate":296000,"ts":1760455469.604035}
2025/10/14 15:24:30 POLARIS_LOG {"event":"send_rate","rate":304000,"ts":1760455470.60051}
2025/10/14 15:24:31 POLARIS_LOG {"event":"send_rate","rate":296000,"ts":1760455471.6015496}
2025/10/14 15:24:32 POLARIS_LOG {"event":"send_rate","rate":304000,"ts":1760455472.603422}
2025/10/14 15:24:33 POLARIS_LOG {"event":"send_rate","rate":296000,"ts":1760455473.6021507}
2025/10/14 15:24:34 POLARIS_LOG {"event":"send_rate","rate":304000,"ts":1760455474.60034}
2025/10/14 15:24:35 POLARIS_LOG {"event":"send_rate","rate":296000,"ts":1760455475.600327}
2025/10/14 15:24:36 POLARIS_LOG {"event":"send_rate","rate":288000,"ts":1760455476.6249998}
2025/10/14 15:24:37 POLARIS_LOG {"event":"send_rate","rate":312000,"ts":1760455477.6005747}
2025/10/14 15:24:38 POLARIS_LOG {"event":"send_rate","rate":304000,"ts":1760455478.6011333}
2025/10/14 15:24:39 POLARIS_LOG {"event":"send_rate","rate":296000,"ts":1760455479.6063888}
2025/10/14 15:24:40 POLARIS_LOG {"event":"send_rate","rate":304000,"ts":1760455480.6002765}
2025/10/14 15:24:41 POLARIS_LOG {"event":"send_rate","rate":296000,"ts":1760455481.6005}
2025/10/14 15:24:42 POLARIS_LOG {"event":"send_rate","rate":304000,"ts":1760455482.600768}
2025/10/14 15:24:43 POLARIS_LOG {"event":"send_rate","rate":296000,"ts":1760455483.6010246}
2025/10/14 15:24:44 POLARIS_LOG {"event":"send_rate","rate":304000,"ts":1760455484.6017652}
2025/10/14 15:24:45 POLARIS_LOG {"event":"send_rate","rate":280000,"ts":1760455485.602331}
2025/10/14 15:24:46 POLARIS_LOG {"event":"send_rate","rate":320000,"ts":1760455486.600207}
2025/10/14 15:24:47 POLARIS_LOG {"event":"send_rate","rate":296000,"ts":1760455487.6010773}
2025/10/14 15:24:48 POLARIS_LOG {"event":"send_rate","rate":304000,"ts":1760455488.601063}
2025/10/14 15:24:49 POLARIS_LOG {"event":"send_rate","rate":296000,"ts":1760455489.6156566}
2025/10/14 15:24:50 POLARIS_LOG {"event":"send_rate","rate":304000,"ts":1760455490.6100314}
2025/10/14 15:24:51 POLARIS_LOG {"event":"send_rate","rate":296000,"ts":1760455491.6032233}
2025/10/14 15:24:52 POLARIS_LOG {"event":"send_rate","rate":304000,"ts":1760455492.6019738}
2025/10/14 15:24:53 POLARIS_LOG {"event":"send_rate","rate":296000,"ts":1760455493.602408}
2025/10/14 15:24:54 POLARIS_LOG {"event":"send_rate","rate":296000,"ts":1760455494.6023393}
2025/10/14 15:24:55 POLARIS_LOG {"event":"send_rate","rate":304000,"ts":1760455495.6144488}
2025/10/14 15:24:56 POLARIS_LOG {"event":"send_rate","rate":304000,"ts":1760455496.6008046}
2025/10/14 15:24:57 POLARIS_LOG {"event":"send_rate","rate":296000,"ts":1760455497.6007895}
2025/10/14 15:24:58 POLARIS_LOG {"event":"send_rate","rate":304000,"ts":1760455498.6012356}
2025/10/14 15:24:59 POLARIS_LOG {"event":"send_rate","rate":296000,"ts":1760455499.6070983}
2025/10/14 15:25:00 POLARIS_LOG {"event":"send_rate","rate":304000,"ts":1760455500.6027932}
2025/10/14 15:25:01 POLARIS_LOG {"event":"send_rate","rate":304000,"ts":1760455501.615481}
2025/10/14 15:25:02 POLARIS_LOG {"event":"send_rate","rate":296000,"ts":1760455502.6019979}
2025/10/14 15:25:03 POLARIS_LOG {"event":"send_rate","rate":296000,"ts":1760455503.6061778}
2025/10/14 15:25:04 POLARIS_LOG {"event":"send_rate","rate":296000,"ts":1760455504.600191}
2025/10/14 15:25:05 POLARIS_LOG {"event":"send_rate","rate":304000,"ts":1760455505.6003454}
2025/10/14 15:25:06 POLARIS_LOG {"event":"send_rate","rate":304000,"ts":1760455506.6262124}
2025/10/14 15:25:07 POLARIS_LOG {"event":"send_rate","rate":296000,"ts":1760455507.6002586}
2025/10/14 15:25:08 POLARIS_LOG {"event":"send_rate","rate":304000,"ts":1760455508.603196}
2025/10/14 15:25:09 POLARIS_LOG {"event":"send_rate","rate":296000,"ts":1760455509.6006577}
2025/10/14 15:25:10 POLARIS_LOG {"event":"send_rate","rate":304000,"ts":1760455510.6005764}
2025/10/14 15:25:11 POLARIS_LOG {"event":"send_rate","rate":296000,"ts":1760455511.6003408}
2025/10/14 15:25:12 POLARIS_LOG {"event":"send_rate","rate":296000,"ts":1760455512.6010747}
2025/10/14 15:25:13 POLARIS_LOG {"event":"send_rate","rate":304000,"ts":1760455513.6002812}
2025/10/14 15:25:14 POLARIS_LOG {"event":"send_rate","rate":304000,"ts":1760455514.6093135}
2025/10/14 15:25:15 POLARIS_LOG {"event":"send_rate","rate":296000,"ts":1760455515.6117072}
2025/10/14 15:25:16 POLARIS_LOG {"event":"send_rate","rate":304000,"ts":1760455516.614378}
2025/10/14 15:25:17 POLARIS_LOG {"event":"send_rate","rate":296000,"ts":1760455517.607075}
2025/10/14 15:25:18 POLARIS_LOG {"event":"send_rate","rate":288000,"ts":1760455518.6013432}
2025/10/14 15:25:19 POLARIS_LOG {"candidates":6,"candidates_unfiltered":6,"current_rate":288000,"estimated_share":666500,"event":"path_switch","max_estimated_share":666500,"new":"4 4 3 5","old":"3 3 6 6 3 5","trigger":"scheduled","ts":1760455519.6012013}
2025/10/14 15:25:19 POLARIS_LOG {"event":"send_rate","rate":312000,"ts":1760455519.6012986}
2025/10/14 15:25:20 POLARIS_LOG {"event":"send_rate","rate":304000,"ts":1760455520.6015615}
2025/10/14 15:25:21 POLARIS_LOG {"event":"send_rate","rate":296000,"ts":1760455521.6038036}
2025/10/14 15:25:22 POLARIS_LOG {"event":"send_rate","rate":312000,"ts":1760455522.6311226}
2025/10/14 15:25:23 POLARIS_LOG {"event":"send_rate","rate":288000,"ts":1760455523.6012046}
2025/10/14 15:25:24 POLARIS_LOG {"event":"send_rate","rate":304000,"ts":1760455524.603557}
2025/10/14 15:25:25 POLARIS_LOG {"event":"send_rate","rate":296000,"ts":1760455525.6016636}
2025/10/14 15:25:26 POLARIS_LOG {"event":"send_rate","rate":304000,"ts":1760455526.6029046}
2025/10/14 15:25:27 POLARIS_LOG {"event":"send_rate","rate":296000,"ts":1760455527.601672}
2025/10/14 15:25:28 POLARIS_LOG {"event":"send_rate","rate":304000,"ts":1760455528.6063213}
2025/10/14 15:25:29 POLARIS_LOG {"event":"send_rate","rate":296000,"ts":1760455529.6014283}
2025/10/14 15:25:30 POLARIS_LOG {"event":"send_rate","rate":320000,"ts":1760455530.6645226}
2025/10/14 15:25:31 POLARIS_LOG {"event":"send_rate","rate":280000,"ts":1760455531.6126883}
2025/10/14 15:25:32 POLARIS_LOG {"event":"send_rate","rate":296000,"ts":1760455532.61217}
2025/10/14 15:25:33 POLARIS_LOG {"event":"send_rate","rate":304000,"ts":1760455533.6003542}
2025/10/14 15:25:34 POLARIS_LOG {"event":"send_rate","rate":304000,"ts":1760455534.6103132}
2025/10/14 15:25:35 POLARIS_LOG {"event":"send_rate","rate":296000,"ts":1760455535.6021283}
2025/10/14 15:25:36 POLARIS_LOG {"event":"send_rate","rate":304000,"ts":1760455536.603219}
2025/10/14 15:25:37 POLARIS_LOG {"event":"send_rate","rate":296000,"ts":1760455537.6016803}
2025/10/14 15:25:38 POLARIS_LOG {"event":"send_rate","rate":296000,"ts":1760455538.6009173}
2025/10/14 15:25:39 POLARIS_LOG {"event":"send_rate","rate":304000,"ts":1760455539.6002731}
2025/10/14 15:25:40 POLARIS_LOG {"event":"send_rate","rate":304000,"ts":1760455540.6030128}
2025/10/14 15:25:41 POLARIS_LOG {"event":"send_rate","rate":296000,"ts":1760455541.6009662}
2025/10/14 15:25:42 POLARIS_LOG {"event":"send_rate","rate":296000,"ts":1760455542.6007934}
2025/10/14 15:25:43 POLARIS_LOG {"event":"send_rate","rate":304000,"ts":1760455543.6003382}
2025/10/14 15:25:44 POLARIS_LOG {"event":"send_rate","rate":296000,"ts":1760455544.6019638}
2025/10/14 15:25:45 POLARIS_LOG {"event":"send_rate","rate":304000,"ts":1760455545.6010456}
2025/10/14 15:25:46 POLARIS_LOG {"event":"send_rate","rate":312000,"ts":1760455546.631876}
2025/10/14 15:25:47 POLARIS_LOG {"event":"send_rate","rate":288000,"ts":1760455547.6125062}
2025/10/14 15:25:48 POLARIS_LOG {"event":"send_rate","rate":296000,"ts":1760455548.6011257}
2025/10/14 15:25:49 POLARIS_LOG {"event":"send_rate","rate":304000,"ts":1760455549.6005805}
2025/10/14 15:25:50 POLARIS_LOG {"event":"send_rate","rate":296000,"ts":1760455550.6021774}
2025/10/14 15:25:51 POLARIS_LOG {"event":"send_rate","rate":296000,"ts":1760455551.611967}
2025/10/14 15:25:52 POLARIS_LOG {"event":"send_rate","rate":304000,"ts":1760455552.604976}
2025/10/14 15:25:53 POLARIS_LOG {"event":"send_rate","rate":312000,"ts":1760455553.6412508}
2025/10/14 15:25:54 POLARIS_LOG {"event":"send_rate","rate":288000,"ts":1760455554.6063006}
2025/10/14 15:25:55 POLARIS_LOG {"event":"send_rate","rate":304000,"ts":1760455555.6106296}
2025/10/14 15:25:56 POLARIS_LOG {"event":"send_rate","rate":304000,"ts":1760455556.6055038}
2025/10/14 15:25:57 POLARIS_LOG {"event":"send_rate","rate":296000,"ts":1760455557.6045694}
2025/10/14 15:25:58 POLARIS_LOG {"event":"send_rate","rate":296000,"ts":1760455558.6016064}
2025/10/14 15:25:59 POLARIS_LOG {"event":"send_rate","rate":304000,"ts":1760455559.607807}
2025/10/14 15:26:00 POLARIS_LOG {"event":"send_rate","rate":296000,"ts":1760455560.603204}
2025/10/14 15:26:01 POLARIS_LOG {"event":"send_rate","rate":304000,"ts":1760455561.600871}
2025/10/14 15:26:02 POLARIS_LOG {"event":"send_rate","rate":304000,"ts":1760455562.606448}
2025/10/14 15:26:03 POLARIS_LOG {"event":"send_rate","rate":296000,"ts":1760455563.6024256}
2025/10/14 15:26:04 POLARIS_LOG {"event":"send_rate","rate":336000,"ts":1760455564.7205644}
2025/10/14 15:26:05 POLARIS_LOG {"event":"send_rate","rate":264000,"ts":1760455565.6014173}
2025/10/14 15:26:06 POLARIS_LOG {"event":"send_rate","rate":304000,"ts":1760455566.6118567}
2025/10/14 15:26:07 POLARIS_LOG {"event":"send_rate","rate":296000,"ts":1760455567.6012268}
2025/10/14 15:26:08 POLARIS_LOG {"event":"send_rate","rate":296000,"ts":1760455568.6004982}
2025/10/14 15:26:09 POLARIS_LOG {"event":"send_rate","rate":304000,"ts":1760455569.600497}
2025/10/14 15:26:10 POLARIS_LOG {"event":"send_rate","rate":296000,"ts":1760455570.6015744}
2025/10/14 15:26:11 POLARIS_LOG {"event":"send_rate","rate":304000,"ts":1760455571.6317182}
2025/10/14 15:26:12 POLARIS_LOG {"event":"send_rate","rate":296000,"ts":1760455572.6036062}
2025/10/14 15:26:13 POLARIS_LOG {"event":"send_rate","rate":304000,"ts":1760455573.604082}
2025/10/14 15:26:14 POLARIS_LOG {"event":"send_rate","rate":296000,"ts":1760455574.6000915}
2025/10/14 15:26:15 POLARIS_LOG {"event":"send_rate","rate":304000,"ts":1760455575.6003017}
2025/10/14 15:26:16 POLARIS_LOG {"event":"send_rate","rate":296000,"ts":1760455576.6011908}
2025/10/14 15:26:17 POLARIS_LOG {"event":"send_rate","rate":304000,"ts":1760455577.6003973}
2025/10/14 15:26:18 POLARIS_LOG {"event":"send_rate","rate":296000,"ts":1760455578.6042702}
2025/10/14 15:26:19 POLARIS_LOG {"event":"send_rate","rate":304000,"ts":1760455579.6172879}
2025/10/14 15:26:20 POLARIS_LOG {"event":"send_rate","rate":296000,"ts":1760455580.60031}
2025/10/14 15:26:21 POLARIS_LOG {"event":"send_rate","rate":304000,"ts":1760455581.6057158}
2025/10/14 15:26:22 POLARIS_LOG {"event":"send_rate","rate":296000,"ts":1760455582.6016705}
2025/10/14 15:26:23 POLARIS_LOG {"event":"send_rate","rate":304000,"ts":1760455583.61283}
2025/10/14 15:26:24 POLARIS_LOG {"event":"send_rate","rate":304000,"ts":1760455584.6075351}
2025/10/14 15:26:25 POLARIS_LOG {"event":"send_rate","rate":296000,"ts":1760455585.6014194}
2025/10/14 15:26:26 POLARIS_LOG {"event":"send_rate","rate":296000,"ts":1760455586.602919}
2025/10/14 15:26:27 POLARIS_LOG {"event":"send_rate","rate":304000,"ts":1760455587.6006098}
2025/10/14 15:26:28 POLARIS_LOG {"event":"send_rate","rate":296000,"ts":1760455588.60174}
2025/10/14 15:26:29 POLARIS_LOG {"event":"send_rate","rate":304000,"ts":1760455589.6114926}
2025/10/14 15:26:30 POLARIS_LOG {"event":"send_rate","rate":296000,"ts":1760455590.6160953}
2025/10/14 15:26:31 POLARIS_LOG {"event":"send_rate","rate":312000,"ts":1760455591.6221724}
2025/10/14 15:26:32 POLARIS_LOG {"event":"send_rate","rate":288000,"ts":1760455592.600267}
2025/10/14 15:26:33 POLARIS_LOG {"event":"send_rate","rate":312000,"ts":1760455593.6443467}
2025/10/14 15:26:34 POLARIS_LOG {"event":"send_rate","rate":288000,"ts":1760455594.6010518}
2025/10/14 15:26:35 POLARIS_LOG {"event":"send_rate","rate":304000,"ts":1760455595.6009982}
2025/10/14 15:26:36 POLARIS_LOG {"event":"send_rate","rate":296000,"ts":1760455596.6015282}
2025/10/14 15:26:37 POLARIS_LOG {"event":"send_rate","rate":296000,"ts":1760455597.6850543}
2025/10/14 15:26:38 POLARIS_LOG {"event":"send_rate","rate":304000,"ts":1760455598.6009378}
2025/10/14 15:26:39 POLARIS_LOG {"event":"send_rate","rate":304000,"ts":1760455599.6012597}
2025/10/14 15:26:40 POLARIS_LOG {"event":"send_rate","rate":296000,"ts":1760455600.6021466}
2025/10/14 15:26:41 POLARIS_LOG {"event":"send_rate","rate":304000,"ts":1760455601.6030314}
2025/10/14 15:26:42 POLARIS_LOG {"event":"send_rate","rate":296000,"ts":1760455602.615197}
2025/10/14 15:26:43 POLARIS_LOG {"event":"send_rate","rate":304000,"ts":1760455603.6060221}
2025/10/14 15:26:44 POLARIS_LOG {"event":"send_rate","rate":296000,"ts":1760455604.600636}
2025/10/14 15:26:45 POLARIS_LOG {"event":"send_rate","rate":304000,"ts":1760455605.6024566}
2025/10/14 15:26:46 POLARIS_LOG {"event":"send_rate","rate":296000,"ts":1760455606.601596}
2025/10/14 15:26:47 POLARIS_LOG {"event":"send_rate","rate":304000,"ts":1760455607.6040416}
2025/10/14 15:26:48 POLARIS_LOG {"event":"send_rate","rate":296000,"ts":1760455608.6007717}
2025/10/14 15:26:49 POLARIS_LOG {"event":"send_rate","rate":304000,"ts":1760455609.6059465}
2025/10/14 15:26:50 POLARIS_LOG {"event":"send_rate","rate":296000,"ts":1760455610.6003091}
2025/10/14 15:26:51 POLARIS_LOG {"event":"send_rate","rate":304000,"ts":1760455611.6029673}
2025/10/14 15:26:52 POLARIS_LOG {"event":"send_rate","rate":296000,"ts":1760455612.6035113}
2025/10/14 15:26:53 POLARIS_LOG {"event":"send_rate","rate":304000,"ts":1760455613.6094275}
2025/10/14 15:26:54 POLARIS_LOG {"event":"send_rate","rate":296000,"ts":1760455614.60938}
2025/10/14 15:26:55 POLARIS_LOG {"event":"send_rate","rate":304000,"ts":1760455615.6006203}
2025/10/14 15:26:56 POLARIS_LOG {"event":"send_rate","rate":296000,"ts":1760455616.6036773}
2025/10/14 15:26:57 POLARIS_LOG {"event":"send_rate","rate":304000,"ts":1760455617.6011696}
2025/10/14 15:26:58 POLARIS_LOG {"event":"send_rate","rate":296000,"ts":1760455618.6001203}
2025/10/14 15:26:59 POLARIS_LOG {"event":"send_rate","rate":296000,"ts":1760455619.6028683}
2025/10/14 15:27:00 POLARIS_LOG {"event":"send_rate","rate":304000,"ts":1760455620.6031642}
2025/10/14 15:27:01 POLARIS_LOG {"event":"send_rate","rate":304000,"ts":1760455621.6011913}
2025/10/14 15:27:02 POLARIS_LOG {"event":"send_rate","rate":296000,"ts":1760455622.6007178}
2025/10/14 15:27:03 POLARIS_LOG {"event":"send_rate","rate":304000,"ts":1760455623.6043882}
2025/10/14 15:27:04 POLARIS_LOG {"event":"send_rate","rate":296000,"ts":1760455624.6012394}
2025/10/14 15:27:05 POLARIS_LOG {"event":"send_rate","rate":304000,"ts":1760455625.601454}
2025/10/14 15:27:06 POLARIS_LOG {"event":"send_rate","rate":296000,"ts":1760455626.6019733}
2025/10/14 15:27:07 POLARIS_LOG {"event":"send_rate","rate":304000,"ts":1760455627.6040199}
2025/10/14 15:27:08 POLARIS_LOG {"event":"send_rate","rate":296000,"ts":1760455628.6008914}
2025/10/14 15:27:09 POLARIS_LOG {"event":"send_rate","rate":296000,"ts":1760455629.6040332}
2025/10/14 15:27:10 POLARIS_LOG {"event":"send_rate","rate":304000,"ts":1760455630.6004248}
2025/10/14 15:27:11 POLARIS_LOG {"event":"send_rate","rate":304000,"ts":1760455631.6015184}
2025/10/14 15:27:12 POLARIS_LOG {"event":"send_rate","rate":296000,"ts":1760455632.6081522}
2025/10/14 15:27:13 POLARIS_LOG {"event":"send_rate","rate":304000,"ts":1760455633.6014493}
2025/10/14 15:27:14 POLARIS_LOG {"event":"send_rate","rate":296000,"ts":1760455634.601906}
2025/10/14 15:27:15 POLARIS_LOG {"event":"send_rate","rate":296000,"ts":1760455635.6012576}
2025/10/14 15:27:16 POLARIS_LOG {"event":"send_rate","rate":304000,"ts":1760455636.613818}
2025/10/14 15:27:17 POLARIS_LOG {"event":"send_rate","rate":304000,"ts":1760455637.600214}
2025/10/14 15:27:18 POLARIS_LOG {"event":"send_rate","rate":296000,"ts":1760455638.601395}
2025/10/14 15:27:19 POLARIS_LOG {"event":"send_rate","rate":304000,"ts":1760455639.60131}
2025/10/14 15:27:20 POLARIS_LOG {"event":"send_rate","rate":296000,"ts":1760455640.60492}
2025/10/14 15:27:21 POLARIS_LOG {"event":"send_rate","rate":304000,"ts":1760455641.6007762}
We need to sleep for 1 seconds before we can get the results
2025/10/14 15:27:22 POLARIS_LOG {"event":"send_rate","rate":8000,"ts":1760455642.6011884}
Drain Loop received packet
Drain Loop received non-nil payload
Client sent 10575 packets, server reported 10554 packets received
The network loss rate from client to server is 0.2%

S->C results
Attempted bandwidth: 0 bps / 0.00 Mbps
Achieved bandwidth: 0 bps / 0.00 Mbps
Loss rate: 0.0%
Interarrival time min/avg/max/mdev = -0.000/0.000/0.000/0.000 ms

C->S results
Attempted bandwidth: 300000 bps / 0.30 Mbps
Achieved bandwidth: 299404 bps / 0.30 Mbps
Loss rate: 0.2%
Interarrival time min/avg/max/mdev = 0.002/26.618/622.065/24.402 ms
