
Test parameters:
client->server: 276 seconds, 1000 bytes, 10350 packets
server->client: 276 seconds, 1000 bytes, 0 packets
Polaris prober initialized with 38 paths
2025/10/14 15:22:45 POLARIS_LOG {"current_rate":0,"event":"path_switch","new":"2 2 5 2","trigger":"initialization","ts":1760455365.5562158}
Polaris prober initialized with local 1-111,10.111.0.71:32740 and remote 1-113,10.113.0.71
2025/10/14 15:22:46 POLARIS_LOG {"event":"send_rate","rate":296000,"ts":1760455366.5581079}
2025/10/14 15:22:47 POLARIS_LOG {"event":"send_rate","rate":296000,"ts":1760455367.5603738}
2025/10/14 15:22:48 POLARIS_LOG {"event":"send_rate","rate":304000,"ts":1760455368.5581906}
2025/10/14 15:22:49 POLARIS_LOG {"event":"send_rate","rate":296000,"ts":1760455369.5579956}
2025/10/14 15:22:50 POLARIS_LOG {"event":"send_rate","rate":304000,"ts":1760455370.5602481}
2025/10/14 15:22:51 POLARIS_LOG {"event":"send_rate","rate":264000,"ts":1760455371.5607417}
2025/10/14 15:22:52 POLARIS_LOG {"event":"send_rate","rate":160000,"ts":1760455372.5582604}
2025/10/14 15:22:53 POLARIS_LOG {"event":"send_rate","rate":64000,"ts":1760455373.5582483}
2025/10/14 15:22:54 POLARIS_LOG {"event":"send_rate","rate":128000,"ts":1760455374.5590727}
2025/10/14 15:22:55 POLARIS_LOG {"event":"send_rate","rate":104000,"ts":1760455375.5586374}
2025/10/14 15:22:55 POLARIS_LOG {"candidates":3,"candidates_unfiltered":25,"current_rate":104000,"estimated_share":2000000,"event":"path_switch","max_estimated_share":2000000,"new":"4 4 1 3","old":"2 2 5 2","trigger":"scheduled","ts":1760455375.5651932}
2025/10/14 15:22:56 POLARIS_LOG {"event":"send_rate","rate":640000,"ts":1760455376.5589292}
2025/10/14 15:22:57 POLARIS_LOG {"event":"send_rate","rate":736000,"ts":1760455377.558451}
2025/10/14 15:22:58 POLARIS_LOG {"event":"send_rate","rate":296000,"ts":1760455378.5588152}
2025/10/14 15:22:59 POLARIS_LOG {"event":"send_rate","rate":304000,"ts":1760455379.5581162}
2025/10/14 15:23:00 POLARIS_LOG {"event":"send_rate","rate":296000,"ts":1760455380.5585833}
2025/10/14 15:23:01 POLARIS_LOG {"event":"send_rate","rate":304000,"ts":1760455381.557776}
2025/10/14 15:23:02 POLARIS_LOG {"event":"send_rate","rate":296000,"ts":1760455382.5626757}
2025/10/14 15:23:03 POLARIS_LOG {"event":"send_rate","rate":304000,"ts":1760455383.558328}
2025/10/14 15:23:04 POLARIS_LOG {"event":"send_rate","rate":296000,"ts":1760455384.5577905}
2025/10/14 15:23:05 POLARIS_LOG {"event":"send_rate","rate":304000,"ts":1760455385.5581462}
2025/10/14 15:23:06 POLARIS_LOG {"event":"send_rate","rate":296000,"ts":1760455386.5581543}
2025/10/14 15:23:07 POLARIS_LOG {"event":"send_rate","rate":304000,"ts":1760455387.5581756}
2025/10/14 15:23:08 POLARIS_LOG {"event":"send_rate","rate":296000,"ts":1760455388.5585852}
2025/10/14 15:23:09 POLARIS_LOG {"event":"send_rate","rate":304000,"ts":1760455389.5586095}
2025/10/14 15:23:10 POLARIS_LOG {"event":"send_rate","rate":296000,"ts":1760455390.558096}
2025/10/14 15:23:11 POLARIS_LOG {"event":"send_rate","rate":304000,"ts":1760455391.5582726}
2025/10/14 15:23:12 POLARIS_LOG {"event":"send_rate","rate":320000,"ts":1760455392.6169443}
2025/10/14 15:23:13 POLARIS_LOG {"event":"send_rate","rate":280000,"ts":1760455393.5579824}
2025/10/14 15:23:14 POLARIS_LOG {"event":"send_rate","rate":296000,"ts":1760455394.5585935}
2025/10/14 15:23:15 POLARIS_LOG {"event":"send_rate","rate":304000,"ts":1760455395.5600944}
2025/10/14 15:23:16 POLARIS_LOG {"event":"send_rate","rate":296000,"ts":1760455396.5591311}
2025/10/14 15:23:17 POLARIS_LOG {"event":"send_rate","rate":304000,"ts":1760455397.5586288}
2025/10/14 15:23:18 POLARIS_LOG {"event":"send_rate","rate":296000,"ts":1760455398.5578475}
2025/10/14 15:23:19 POLARIS_LOG {"event":"send_rate","rate":304000,"ts":1760455399.558078}
2025/10/14 15:23:20 POLARIS_LOG {"event":"send_rate","rate":296000,"ts":1760455400.558538}
2025/10/14 15:23:21 POLARIS_LOG {"event":"send_rate","rate":304000,"ts":1760455401.5591898}
2025/10/14 15:23:22 POLARIS_LOG {"event":"send_rate","rate":296000,"ts":1760455402.5582812}
2025/10/14 15:23:23 POLARIS_LOG {"event":"send_rate","rate":304000,"ts":1760455403.5579247}
2025/10/14 15:23:24 POLARIS_LOG {"event":"send_rate","rate":296000,"ts":1760455404.5576794}
2025/10/14 15:23:25 POLARIS_LOG {"event":"send_rate","rate":304000,"ts":1760455405.5581467}
2025/10/14 15:23:26 POLARIS_LOG {"event":"send_rate","rate":296000,"ts":1760455406.558371}
2025/10/14 15:23:27 POLARIS_LOG {"event":"send_rate","rate":304000,"ts":1760455407.5580842}
2025/10/14 15:23:28 POLARIS_LOG {"event":"send_rate","rate":304000,"ts":1760455408.5694518}
2025/10/14 15:23:29 POLARIS_LOG {"event":"send_rate","rate":296000,"ts":1760455409.5589128}
2025/10/14 15:23:30 POLARIS_LOG {"event":"send_rate","rate":304000,"ts":1760455410.5630774}
2025/10/14 15:23:31 POLARIS_LOG {"event":"send_rate","rate":296000,"ts":1760455411.5576153}
2025/10/14 15:23:32 POLARIS_LOG {"event":"send_rate","rate":296000,"ts":1760455412.5578058}
2025/10/14 15:23:33 POLARIS_LOG {"event":"send_rate","rate":304000,"ts":1760455413.559439}
2025/10/14 15:23:34 POLARIS_LOG {"event":"send_rate","rate":296000,"ts":1760455414.558109}
2025/10/14 15:23:35 POLARIS_LOG {"event":"send_rate","rate":304000,"ts":1760455415.5581903}
2025/10/14 15:23:36 POLARIS_LOG {"event":"send_rate","rate":296000,"ts":1760455416.5585382}
2025/10/14 15:23:37 POLARIS_LOG {"event":"send_rate","rate":304000,"ts":1760455417.5594215}
2025/10/14 15:23:38 POLARIS_LOG {"event":"send_rate","rate":296000,"ts":1760455418.5578961}
2025/10/14 15:23:39 POLARIS_LOG {"event":"send_rate","rate":304000,"ts":1760455419.5584028}
2025/10/14 15:23:40 POLARIS_LOG {"event":"send_rate","rate":296000,"ts":1760455420.5585322}
2025/10/14 15:23:41 POLARIS_LOG {"event":"send_rate","rate":304000,"ts":1760455421.5622032}
2025/10/14 15:23:42 POLARIS_LOG {"event":"send_rate","rate":296000,"ts":1760455422.5577862}
2025/10/14 15:23:43 POLARIS_LOG {"event":"send_rate","rate":304000,"ts":1760455423.557654}
2025/10/14 15:23:44 POLARIS_LOG {"event":"send_rate","rate":296000,"ts":1760455424.5576408}
2025/10/14 15:23:45 POLARIS_LOG {"event":"send_rate","rate":304000,"ts":1760455425.5583456}
2025/10/14 15:23:46 POLARIS_LOG {"event":"send_rate","rate":296000,"ts":1760455426.5583773}
2025/10/14 15:23:47 POLARIS_LOG {"event":"send_rate","rate":304000,"ts":1760455427.5583296}
2025/10/14 15:23:48 POLARIS_LOG {"event":"send_rate","rate":296000,"ts":1760455428.5585897}
2025/10/14 15:23:49 POLARIS_LOG {"event":"send_rate","rate":304000,"ts":1760455429.5584795}
2025/10/14 15:23:50 POLARIS_LOG {"event":"send_rate","rate":296000,"ts":1760455430.5578737}
2025/10/14 15:23:51 POLARIS_LOG {"event":"send_rate","rate":304000,"ts":1760455431.557849}
2025/10/14 15:23:52 POLARIS_LOG {"event":"send_rate","rate":296000,"ts":1760455432.5583868}
2025/10/14 15:23:53 POLARIS_LOG {"event":"send_rate","rate":304000,"ts":1760455433.5588818}
2025/10/14 15:23:54 POLARIS_LOG {"event":"send_rate","rate":296000,"ts":1760455434.5578773}
2025/10/14 15:23:55 POLARIS_LOG {"event":"send_rate","rate":304000,"ts":1760455435.5583193}
2025/10/14 15:23:56 POLARIS_LOG {"event":"send_rate","rate":296000,"ts":1760455436.558197}
2025/10/14 15:23:57 POLARIS_LOG {"event":"send_rate","rate":304000,"ts":1760455437.5577016}
2025/10/14 15:23:58 POLARIS_LOG {"event":"send_rate","rate":296000,"ts":1760455438.5580313}
2025/10/14 15:23:59 POLARIS_LOG {"event":"send_rate","rate":304000,"ts":1760455439.559395}
2025/10/14 15:24:00 POLARIS_LOG {"event":"send_rate","rate":296000,"ts":1760455440.5594614}
2025/10/14 15:24:01 POLARIS_LOG {"event":"send_rate","rate":304000,"ts":1760455441.5581768}
2025/10/14 15:24:02 POLARIS_LOG {"event":"send_rate","rate":296000,"ts":1760455442.558655}
2025/10/14 15:24:03 POLARIS_LOG {"event":"send_rate","rate":304000,"ts":1760455443.5584652}
2025/10/14 15:24:04 POLARIS_LOG {"event":"send_rate","rate":296000,"ts":1760455444.5577247}
2025/10/14 15:24:05 POLARIS_LOG {"event":"send_rate","rate":304000,"ts":1760455445.578869}
2025/10/14 15:24:06 POLARIS_LOG {"event":"send_rate","rate":296000,"ts":1760455446.5582125}
2025/10/14 15:24:07 POLARIS_LOG {"event":"send_rate","rate":304000,"ts":1760455447.5587041}
2025/10/14 15:24:08 POLARIS_LOG {"event":"send_rate","rate":296000,"ts":1760455448.557599}
2025/10/14 15:24:09 POLARIS_LOG {"event":"send_rate","rate":304000,"ts":1760455449.5586383}
2025/10/14 15:24:10 POLARIS_LOG {"event":"send_rate","rate":296000,"ts":1760455450.5595207}
2025/10/14 15:24:11 POLARIS_LOG {"event":"send_rate","rate":304000,"ts":1760455451.558392}
2025/10/14 15:24:12 POLARIS_LOG {"event":"send_rate","rate":296000,"ts":1760455452.5579228}
2025/10/14 15:24:13 POLARIS_LOG {"event":"send_rate","rate":304000,"ts":1760455453.572022}
2025/10/14 15:24:14 POLARIS_LOG {"event":"send_rate","rate":296000,"ts":1760455454.5578506}
2025/10/14 15:24:15 POLARIS_LOG {"event":"send_rate","rate":304000,"ts":1760455455.559373}
2025/10/14 15:24:16 POLARIS_LOG {"event":"send_rate","rate":296000,"ts":1760455456.5611405}
2025/10/14 15:24:17 POLARIS_LOG {"event":"send_rate","rate":304000,"ts":1760455457.5586293}
2025/10/14 15:24:18 POLARIS_LOG {"event":"send_rate","rate":296000,"ts":1760455458.5591378}
2025/10/14 15:24:19 POLARIS_LOG {"event":"send_rate","rate":304000,"ts":1760455459.5592217}
2025/10/14 15:24:20 POLARIS_LOG {"event":"send_rate","rate":304000,"ts":1760455460.5688415}
2025/10/14 15:24:21 POLARIS_LOG {"event":"send_rate","rate":296000,"ts":1760455461.5581756}
2025/10/14 15:24:22 POLARIS_LOG {"event":"send_rate","rate":296000,"ts":1760455462.5579453}
2025/10/14 15:24:23 POLARIS_LOG {"event":"send_rate","rate":304000,"ts":1760455463.5579102}
2025/10/14 15:24:24 POLARIS_LOG {"event":"send_rate","rate":296000,"ts":1760455464.5584521}
2025/10/14 15:24:25 POLARIS_LOG {"event":"send_rate","rate":304000,"ts":1760455465.5579689}
2025/10/14 15:24:26 POLARIS_LOG {"event":"send_rate","rate":296000,"ts":1760455466.563244}
2025/10/14 15:24:27 POLARIS_LOG {"event":"send_rate","rate":304000,"ts":1760455467.5584817}
2025/10/14 15:24:28 POLARIS_LOG {"event":"send_rate","rate":296000,"ts":1760455468.5584593}
2025/10/14 15:24:29 POLARIS_LOG {"event":"send_rate","rate":304000,"ts":1760455469.5593634}
2025/10/14 15:24:30 POLARIS_LOG {"event":"send_rate","rate":296000,"ts":1760455470.558266}
2025/10/14 15:24:31 POLARIS_LOG {"event":"send_rate","rate":304000,"ts":1760455471.5585282}
2025/10/14 15:24:32 POLARIS_LOG {"event":"send_rate","rate":296000,"ts":1760455472.5580318}
2025/10/14 15:24:33 POLARIS_LOG {"event":"send_rate","rate":304000,"ts":1760455473.5584118}
2025/10/14 15:24:34 POLARIS_LOG {"event":"send_rate","rate":296000,"ts":1760455474.5590348}
2025/10/14 15:24:35 POLARIS_LOG {"event":"send_rate","rate":304000,"ts":1760455475.5582342}
2025/10/14 15:24:36 POLARIS_LOG {"event":"send_rate","rate":296000,"ts":1760455476.5580125}
2025/10/14 15:24:37 POLARIS_LOG {"event":"send_rate","rate":304000,"ts":1760455477.558499}
2025/10/14 15:24:38 POLARIS_LOG {"event":"send_rate","rate":296000,"ts":1760455478.5578566}
2025/10/14 15:24:39 POLARIS_LOG {"event":"send_rate","rate":304000,"ts":1760455479.5579915}
2025/10/14 15:24:40 POLARIS_LOG {"event":"send_rate","rate":296000,"ts":1760455480.5584674}
2025/10/14 15:24:41 POLARIS_LOG {"event":"send_rate","rate":304000,"ts":1760455481.5945086}
2025/10/14 15:24:42 POLARIS_LOG {"event":"send_rate","rate":288000,"ts":1760455482.5641363}
2025/10/14 15:24:43 POLARIS_LOG {"event":"send_rate","rate":312000,"ts":1760455483.558609}
2025/10/14 15:24:44 POLARIS_LOG {"event":"send_rate","rate":296000,"ts":1760455484.5582147}
2025/10/14 15:24:45 POLARIS_LOG {"event":"send_rate","rate":304000,"ts":1760455485.5607054}
2025/10/14 15:24:46 POLARIS_LOG {"event":"send_rate","rate":296000,"ts":1760455486.5582778}
2025/10/14 15:24:47 POLARIS_LOG {"event":"send_rate","rate":304000,"ts":1760455487.558242}
2025/10/14 15:24:48 POLARIS_LOG {"event":"send_rate","rate":296000,"ts":1760455488.5578403}
2025/10/14 15:24:49 POLARIS_LOG {"event":"send_rate","rate":304000,"ts":1760455489.558703}
2025/10/14 15:24:50 POLARIS_LOG {"event":"send_rate","rate":296000,"ts":1760455490.5593925}
2025/10/14 15:24:51 POLARIS_LOG {"event":"send_rate","rate":304000,"ts":1760455491.5587611}
2025/10/14 15:24:52 POLARIS_LOG {"event":"send_rate","rate":296000,"ts":1760455492.5596752}
2025/10/14 15:24:53 POLARIS_LOG {"event":"send_rate","rate":296000,"ts":1760455493.5581043}
2025/10/14 15:24:54 POLARIS_LOG {"event":"send_rate","rate":304000,"ts":1760455494.558621}
2025/10/14 15:24:55 POLARIS_LOG {"event":"send_rate","rate":304000,"ts":1760455495.5585635}
2025/10/14 15:24:56 POLARIS_LOG {"event":"send_rate","rate":296000,"ts":1760455496.559214}
2025/10/14 15:24:57 POLARIS_LOG {"event":"send_rate","rate":296000,"ts":1760455497.5577734}
2025/10/14 15:24:58 POLARIS_LOG {"event":"send_rate","rate":304000,"ts":1760455498.5945573}
2025/10/14 15:24:59 POLARIS_LOG {"event":"send_rate","rate":304000,"ts":1760455499.5586762}
2025/10/14 15:25:00 POLARIS_LOG {"event":"send_rate","rate":296000,"ts":1760455500.5619175}
2025/10/14 15:25:01 POLARIS_LOG {"event":"send_rate","rate":304000,"ts":1760455501.5583525}
2025/10/14 15:25:02 POLARIS_LOG {"event":"send_rate","rate":296000,"ts":1760455502.5582387}
2025/10/14 15:25:03 POLARIS_LOG {"event":"send_rate","rate":304000,"ts":1760455503.5742693}
2025/10/14 15:25:04 POLARIS_LOG {"event":"send_rate","rate":296000,"ts":1760455504.55765}
2025/10/14 15:25:05 POLARIS_LOG {"event":"send_rate","rate":304000,"ts":1760455505.5594754}
2025/10/14 15:25:06 POLARIS_LOG {"event":"send_rate","rate":296000,"ts":1760455506.557892}
2025/10/14 15:25:07 POLARIS_LOG {"event":"send_rate","rate":304000,"ts":1760455507.580699}
2025/10/14 15:25:08 POLARIS_LOG {"event":"send_rate","rate":296000,"ts":1760455508.5582855}
2025/10/14 15:25:09 POLARIS_LOG {"event":"send_rate","rate":296000,"ts":1760455509.558293}
2025/10/14 15:25:10 POLARIS_LOG {"event":"send_rate","rate":304000,"ts":1760455510.5593784}
2025/10/14 15:25:11 POLARIS_LOG {"event":"send_rate","rate":296000,"ts":1760455511.557593}
2025/10/14 15:25:12 POLARIS_LOG {"event":"send_rate","rate":304000,"ts":1760455512.5604575}
2025/10/14 15:25:13 POLARIS_LOG {"event":"send_rate","rate":296000,"ts":1760455513.5582495}
2025/10/14 15:25:14 POLARIS_LOG {"event":"send_rate","rate":304000,"ts":1760455514.5639615}
2025/10/14 15:25:15 POLARIS_LOG {"event":"send_rate","rate":296000,"ts":1760455515.5586119}
2025/10/14 15:25:16 POLARIS_LOG {"event":"send_rate","rate":304000,"ts":1760455516.5590765}
2025/10/14 15:25:17 POLARIS_LOG {"event":"send_rate","rate":296000,"ts":1760455517.5579517}
2025/10/14 15:25:18 POLARIS_LOG {"event":"send_rate","rate":304000,"ts":1760455518.5597537}
2025/10/14 15:25:19 POLARIS_LOG {"event":"send_rate","rate":296000,"ts":1760455519.5584514}
2025/10/14 15:25:20 POLARIS_LOG {"event":"send_rate","rate":304000,"ts":1760455520.5590475}
2025/10/14 15:25:21 POLARIS_LOG {"event":"send_rate","rate":296000,"ts":1760455521.5584013}
2025/10/14 15:25:22 POLARIS_LOG {"event":"send_rate","rate":304000,"ts":1760455522.5585732}
2025/10/14 15:25:23 POLARIS_LOG {"event":"send_rate","rate":296000,"ts":1760455523.557628}
2025/10/14 15:25:24 POLARIS_LOG {"event":"send_rate","rate":304000,"ts":1760455524.557999}
2025/10/14 15:25:25 POLARIS_LOG {"event":"send_rate","rate":296000,"ts":1760455525.5581686}
2025/10/14 15:25:26 POLARIS_LOG {"event":"send_rate","rate":304000,"ts":1760455526.5583537}
2025/10/14 15:25:27 POLARIS_LOG {"event":"send_rate","rate":296000,"ts":1760455527.557615}
2025/10/14 15:25:28 POLARIS_LOG {"event":"send_rate","rate":304000,"ts":1760455528.5638633}
2025/10/14 15:25:29 POLARIS_LOG {"event":"send_rate","rate":296000,"ts":1760455529.557699}
2025/10/14 15:25:30 POLARIS_LOG {"event":"send_rate","rate":304000,"ts":1760455530.568264}
2025/10/14 15:25:31 POLARIS_LOG {"event":"send_rate","rate":296000,"ts":1760455531.5580068}
2025/10/14 15:25:32 POLARIS_LOG {"event":"send_rate","rate":304000,"ts":1760455532.558444}
2025/10/14 15:25:33 POLARIS_LOG {"event":"send_rate","rate":296000,"ts":1760455533.558387}
2025/10/14 15:25:34 POLARIS_LOG {"event":"send_rate","rate":304000,"ts":1760455534.557633}
2025/10/14 15:25:35 POLARIS_LOG {"event":"send_rate","rate":296000,"ts":1760455535.5587115}
2025/10/14 15:25:36 POLARIS_LOG {"event":"send_rate","rate":304000,"ts":1760455536.5582504}
2025/10/14 15:25:37 POLARIS_LOG {"event":"send_rate","rate":296000,"ts":1760455537.559008}
2025/10/14 15:25:38 POLARIS_LOG {"event":"send_rate","rate":304000,"ts":1760455538.5582864}
2025/10/14 15:25:39 POLARIS_LOG {"event":"send_rate","rate":296000,"ts":1760455539.5600464}
2025/10/14 15:25:40 POLARIS_LOG {"event":"send_rate","rate":304000,"ts":1760455540.5592244}
2025/10/14 15:25:41 POLARIS_LOG {"event":"send_rate","rate":296000,"ts":1760455541.5578535}
2025/10/14 15:25:42 POLARIS_LOG {"event":"send_rate","rate":304000,"ts":1760455542.5583599}
2025/10/14 15:25:43 POLARIS_LOG {"event":"send_rate","rate":296000,"ts":1760455543.5584078}
2025/10/14 15:25:44 POLARIS_LOG {"event":"send_rate","rate":304000,"ts":1760455544.5579336}
2025/10/14 15:25:45 POLARIS_LOG {"event":"send_rate","rate":296000,"ts":1760455545.5583854}
2025/10/14 15:25:46 POLARIS_LOG {"event":"send_rate","rate":304000,"ts":1760455546.5579607}
2025/10/14 15:25:47 POLARIS_LOG {"event":"send_rate","rate":296000,"ts":1760455547.5577035}
2025/10/14 15:25:48 POLARIS_LOG {"event":"send_rate","rate":304000,"ts":1760455548.558104}
2025/10/14 15:25:49 POLARIS_LOG {"event":"send_rate","rate":296000,"ts":1760455549.559641}
2025/10/14 15:25:50 POLARIS_LOG {"event":"send_rate","rate":304000,"ts":1760455550.558083}
2025/10/14 15:25:51 POLARIS_LOG {"event":"send_rate","rate":296000,"ts":1760455551.560354}
2025/10/14 15:25:52 POLARIS_LOG {"event":"send_rate","rate":304000,"ts":1760455552.557835}
2025/10/14 15:25:53 POLARIS_LOG {"event":"send_rate","rate":296000,"ts":1760455553.5614812}
2025/10/14 15:25:54 POLARIS_LOG {"event":"send_rate","rate":304000,"ts":1760455554.5613077}
2025/10/14 15:25:55 POLARIS_LOG {"event":"send_rate","rate":296000,"ts":1760455555.5592299}
2025/10/14 15:25:56 POLARIS_LOG {"event":"send_rate","rate":304000,"ts":1760455556.5585895}
2025/10/14 15:25:57 POLARIS_LOG {"event":"send_rate","rate":296000,"ts":1760455557.5602312}
2025/10/14 15:25:58 POLARIS_LOG {"event":"send_rate","rate":304000,"ts":1760455558.558424}
2025/10/14 15:25:59 POLARIS_LOG {"event":"send_rate","rate":296000,"ts":1760455559.5588272}
2025/10/14 15:26:00 POLARIS_LOG {"event":"send_rate","rate":304000,"ts":1760455560.5585232}
2025/10/14 15:26:01 POLARIS_LOG {"event":"send_rate","rate":304000,"ts":1760455561.573112}
2025/10/14 15:26:02 POLARIS_LOG {"event":"send_rate","rate":296000,"ts":1760455562.558558}
2025/10/14 15:26:03 POLARIS_LOG {"event":"send_rate","rate":296000,"ts":1760455563.5584219}
2025/10/14 15:26:04 POLARIS_LOG {"event":"send_rate","rate":304000,"ts":1760455564.5759745}
2025/10/14 15:26:05 POLARIS_LOG {"event":"send_rate","rate":296000,"ts":1760455565.5581021}
2025/10/14 15:26:06 POLARIS_LOG {"event":"send_rate","rate":304000,"ts":1760455566.5580475}
2025/10/14 15:26:07 POLARIS_LOG {"event":"send_rate","rate":296000,"ts":1760455567.559512}
2025/10/14 15:26:08 POLARIS_LOG {"event":"send_rate","rate":304000,"ts":1760455568.5584464}
2025/10/14 15:26:09 POLARIS_LOG {"event":"send_rate","rate":296000,"ts":1760455569.5602007}
2025/10/14 15:26:10 POLARIS_LOG {"event":"send_rate","rate":304000,"ts":1760455570.5588064}
2025/10/14 15:26:11 POLARIS_LOG {"event":"send_rate","rate":312000,"ts":1760455571.604023}
2025/10/14 15:26:12 POLARIS_LOG {"event":"send_rate","rate":288000,"ts":1760455572.5585034}
2025/10/14 15:26:13 POLARIS_LOG {"event":"send_rate","rate":296000,"ts":1760455573.5629768}
2025/10/14 15:26:14 POLARIS_LOG {"event":"send_rate","rate":304000,"ts":1760455574.569685}
2025/10/14 15:26:15 POLARIS_LOG {"event":"send_rate","rate":296000,"ts":1760455575.560042}
2025/10/14 15:26:16 POLARIS_LOG {"event":"send_rate","rate":304000,"ts":1760455576.5580392}
2025/10/14 15:26:17 POLARIS_LOG {"event":"send_rate","rate":296000,"ts":1760455577.5575984}
2025/10/14 15:26:18 POLARIS_LOG {"event":"send_rate","rate":304000,"ts":1760455578.5618057}
2025/10/14 15:26:19 POLARIS_LOG {"event":"send_rate","rate":304000,"ts":1760455579.584402}
2025/10/14 15:26:20 POLARIS_LOG {"event":"send_rate","rate":296000,"ts":1760455580.5584378}
2025/10/14 15:26:21 POLARIS_LOG {"event":"send_rate","rate":296000,"ts":1760455581.5585778}
2025/10/14 15:26:22 POLARIS_LOG {"event":"send_rate","rate":304000,"ts":1760455582.5583386}
2025/10/14 15:26:23 POLARIS_LOG {"event":"send_rate","rate":296000,"ts":1760455583.5580711}
2025/10/14 15:26:24 POLARIS_LOG {"event":"send_rate","rate":304000,"ts":1760455584.5589325}
2025/10/14 15:26:25 POLARIS_LOG {"event":"send_rate","rate":296000,"ts":1760455585.5580797}
2025/10/14 15:26:26 POLARIS_LOG {"event":"send_rate","rate":304000,"ts":1760455586.5589738}
2025/10/14 15:26:27 POLARIS_LOG {"event":"send_rate","rate":296000,"ts":1760455587.5583837}
2025/10/14 15:26:28 POLARIS_LOG {"event":"send_rate","rate":304000,"ts":1760455588.5598555}
2025/10/14 15:26:29 POLARIS_LOG {"event":"send_rate","rate":296000,"ts":1760455589.5599587}
2025/10/14 15:26:30 POLARIS_LOG {"event":"send_rate","rate":304000,"ts":1760455590.5586805}
2025/10/14 15:26:31 POLARIS_LOG {"event":"send_rate","rate":296000,"ts":1760455591.5591874}
2025/10/14 15:26:32 POLARIS_LOG {"event":"send_rate","rate":304000,"ts":1760455592.5582504}
2025/10/14 15:26:33 POLARIS_LOG {"event":"send_rate","rate":296000,"ts":1760455593.557979}
2025/10/14 15:26:34 POLARIS_LOG {"event":"send_rate","rate":304000,"ts":1760455594.558909}
2025/10/14 15:26:35 POLARIS_LOG {"event":"send_rate","rate":296000,"ts":1760455595.5591211}
2025/10/14 15:26:36 POLARIS_LOG {"event":"send_rate","rate":304000,"ts":1760455596.5577488}
2025/10/14 15:26:37 POLARIS_LOG {"event":"send_rate","rate":296000,"ts":1760455597.5917816}
2025/10/14 15:26:38 POLARIS_LOG {"event":"send_rate","rate":304000,"ts":1760455598.5600963}
2025/10/14 15:26:39 POLARIS_LOG {"event":"send_rate","rate":296000,"ts":1760455599.559525}
2025/10/14 15:26:40 POLARIS_LOG {"event":"send_rate","rate":304000,"ts":1760455600.5580208}
2025/10/14 15:26:41 POLARIS_LOG {"event":"send_rate","rate":296000,"ts":1760455601.5585234}
2025/10/14 15:26:42 POLARIS_LOG {"event":"send_rate","rate":312000,"ts":1760455602.5874314}
2025/10/14 15:26:43 POLARIS_LOG {"event":"send_rate","rate":288000,"ts":1760455603.5576606}
2025/10/14 15:26:44 POLARIS_LOG {"event":"send_rate","rate":312000,"ts":1760455604.5872853}
2025/10/14 15:26:45 POLARIS_LOG {"event":"send_rate","rate":288000,"ts":1760455605.5598142}
2025/10/14 15:26:45 POLARIS_LOG {"candidates":25,"candidates_unfiltered":25,"current_rate":288000,"estimated_share":500000,"event":"path_switch","max_estimated_share":500000,"new":"1 1 4 1","old":"4 4 1 3","trigger":"scheduled","ts":1760455605.559871}
2025/10/14 15:26:46 POLARIS_LOG {"event":"send_rate","rate":304000,"ts":1760455606.5583134}
2025/10/14 15:26:47 POLARIS_LOG {"event":"send_rate","rate":296000,"ts":1760455607.558574}
2025/10/14 15:26:48 POLARIS_LOG {"event":"send_rate","rate":304000,"ts":1760455608.563916}
2025/10/14 15:26:49 POLARIS_LOG {"event":"send_rate","rate":296000,"ts":1760455609.558385}
2025/10/14 15:26:50 POLARIS_LOG {"event":"send_rate","rate":304000,"ts":1760455610.5583165}
2025/10/14 15:26:51 POLARIS_LOG {"event":"send_rate","rate":296000,"ts":1760455611.5592496}
2025/10/14 15:26:52 POLARIS_LOG {"event":"send_rate","rate":304000,"ts":1760455612.5597608}
2025/10/14 15:26:53 POLARIS_LOG {"event":"send_rate","rate":296000,"ts":1760455613.561448}
2025/10/14 15:26:54 POLARIS_LOG {"event":"send_rate","rate":304000,"ts":1760455614.557969}
2025/10/14 15:26:55 POLARIS_LOG {"event":"send_rate","rate":296000,"ts":1760455615.5579221}
2025/10/14 15:26:56 POLARIS_LOG {"event":"send_rate","rate":304000,"ts":1760455616.5584986}
2025/10/14 15:26:57 POLARIS_LOG {"event":"send_rate","rate":296000,"ts":1760455617.5585854}
2025/10/14 15:26:58 POLARIS_LOG {"event":"send_rate","rate":296000,"ts":1760455618.560629}
2025/10/14 15:26:59 POLARIS_LOG {"event":"send_rate","rate":312000,"ts":1760455619.6232457}
2025/10/14 15:27:00 POLARIS_LOG {"event":"send_rate","rate":296000,"ts":1760455620.5582504}
2025/10/14 15:27:01 POLARIS_LOG {"event":"send_rate","rate":296000,"ts":1760455621.5601697}
2025/10/14 15:27:02 POLARIS_LOG {"event":"send_rate","rate":304000,"ts":1760455622.5675483}
2025/10/14 15:27:03 POLARIS_LOG {"event":"send_rate","rate":296000,"ts":1760455623.5677435}
2025/10/14 15:27:04 POLARIS_LOG {"event":"send_rate","rate":304000,"ts":1760455624.5579202}
2025/10/14 15:27:05 POLARIS_LOG {"event":"send_rate","rate":296000,"ts":1760455625.5588465}
2025/10/14 15:27:06 POLARIS_LOG {"event":"send_rate","rate":304000,"ts":1760455626.559417}
2025/10/14 15:27:07 POLARIS_LOG {"event":"send_rate","rate":304000,"ts":1760455627.583522}
2025/10/14 15:27:08 POLARIS_LOG {"event":"send_rate","rate":296000,"ts":1760455628.563228}
2025/10/14 15:27:09 POLARIS_LOG {"event":"send_rate","rate":296000,"ts":1760455629.5589995}
2025/10/14 15:27:10 POLARIS_LOG {"event":"send_rate","rate":296000,"ts":1760455630.5576572}
2025/10/14 15:27:11 POLARIS_LOG {"event":"send_rate","rate":304000,"ts":1760455631.5583625}
2025/10/14 15:27:12 POLARIS_LOG {"event":"send_rate","rate":304000,"ts":1760455632.5604873}
2025/10/14 15:27:13 POLARIS_LOG {"event":"send_rate","rate":296000,"ts":1760455633.5647106}
2025/10/14 15:27:14 POLARIS_LOG {"event":"send_rate","rate":296000,"ts":1760455634.5583844}
2025/10/14 15:27:15 POLARIS_LOG {"event":"send_rate","rate":304000,"ts":1760455635.5578732}
2025/10/14 15:27:16 POLARIS_LOG {"event":"send_rate","rate":304000,"ts":1760455636.5583537}
2025/10/14 15:27:17 POLARIS_LOG {"event":"send_rate","rate":296000,"ts":1760455637.5579932}
2025/10/14 15:27:18 POLARIS_LOG {"event":"send_rate","rate":304000,"ts":1760455638.5580204}
2025/10/14 15:27:19 POLARIS_LOG {"event":"send_rate","rate":296000,"ts":1760455639.5589492}
2025/10/14 15:27:20 POLARIS_LOG {"event":"send_rate","rate":304000,"ts":1760455640.558203}
2025/10/14 15:27:21 POLARIS_LOG {"event":"send_rate","rate":296000,"ts":1760455641.5592995}
We need to sleep for 1 seconds before we can get the results
2025/10/14 15:27:22 POLARIS_LOG {"event":"send_rate","rate":16000,"ts":1760455642.5584137}
Drain Loop received packet
Drain Loop received non-nil payload
Client sent 10350 packets, server reported 10339 packets received
The network loss rate from client to server is 0.1%

S->C results
Attempted bandwidth: 0 bps / 0.00 Mbps
Achieved bandwidth: 0 bps / 0.00 Mbps
Loss rate: 0.0%
Interarrival time min/avg/max/mdev = -0.000/0.000/0.000/0.000 ms

C->S results
Attempted bandwidth: 300000 bps / 0.30 Mbps
Achieved bandwidth: 299681 bps / 0.30 Mbps
Loss rate: 0.1%
Interarrival time min/avg/max/mdev = 0.002/26.693/421.619/19.873 ms
