
Test parameters:
client->server: 285 seconds, 1000 bytes, 10687 packets
server->client: 285 seconds, 1000 bytes, 0 packets
2025/10/14 15:22:36 POLARIS_LOG {"current_rate":0,"event":"path_switch","new":"2 2 5 2","trigger":"initialization","ts":1760455356.5670023}
Polaris prober initialized with 38 paths
Polaris prober initialized with local 1-111,10.111.0.71:32749 and remote 1-113,10.113.0.71
2025/10/14 15:22:37 POLARIS_LOG {"event":"send_rate","rate":120000,"ts":1760455357.5751898}
2025/10/14 15:22:38 POLARIS_LOG {"event":"send_rate","rate":296000,"ts":1760455358.5728056}
2025/10/14 15:22:39 POLARIS_LOG {"event":"send_rate","rate":312000,"ts":1760455359.5821424}
2025/10/14 15:22:40 POLARIS_LOG {"event":"send_rate","rate":280000,"ts":1760455360.579429}
2025/10/14 15:22:41 POLARIS_LOG {"event":"send_rate","rate":320000,"ts":1760455361.584423}
2025/10/14 15:22:42 POLARIS_LOG {"event":"send_rate","rate":296000,"ts":1760455362.5754297}
2025/10/14 15:22:43 POLARIS_LOG {"event":"send_rate","rate":296000,"ts":1760455363.5700567}
2025/10/14 15:22:44 POLARIS_LOG {"event":"send_rate","rate":304000,"ts":1760455364.571925}
2025/10/14 15:22:45 POLARIS_LOG {"event":"send_rate","rate":296000,"ts":1760455365.5712323}
2025/10/14 15:22:46 POLARIS_LOG {"event":"send_rate","rate":304000,"ts":1760455366.5729342}
2025/10/14 15:22:47 POLARIS_LOG {"event":"send_rate","rate":304000,"ts":1760455367.5811143}
2025/10/14 15:22:48 POLARIS_LOG {"event":"send_rate","rate":296000,"ts":1760455368.5706892}
2025/10/14 15:22:49 POLARIS_LOG {"event":"send_rate","rate":296000,"ts":1760455369.5707257}
2025/10/14 15:22:50 POLARIS_LOG {"event":"send_rate","rate":304000,"ts":1760455370.5791776}
2025/10/14 15:22:51 POLARIS_LOG {"event":"send_rate","rate":296000,"ts":1760455371.570383}
2025/10/14 15:22:52 POLARIS_LOG {"event":"send_rate","rate":304000,"ts":1760455372.571091}
2025/10/14 15:22:53 POLARIS_LOG {"event":"send_rate","rate":248000,"ts":1760455373.5702782}
2025/10/14 15:22:54 POLARIS_LOG {"event":"send_rate","rate":184000,"ts":1760455374.5743067}
2025/10/14 15:22:55 POLARIS_LOG {"event":"send_rate","rate":240000,"ts":1760455375.5704072}
2025/10/14 15:22:56 POLARIS_LOG {"event":"send_rate","rate":168000,"ts":1760455376.5837688}
2025/10/14 15:22:56 POLARIS_LOG {"candidates":3,"candidates_unfiltered":25,"current_rate":168000,"estimated_share":2000000,"event":"path_switch","max_estimated_share":2000000,"new":"4 4 2 4","old":"2 2 5 2","trigger":"scheduled","ts":1760455376.586217}
2025/10/14 15:22:57 POLARIS_LOG {"event":"send_rate","rate":656000,"ts":1760455377.5730402}
2025/10/14 15:22:58 POLARIS_LOG {"event":"send_rate","rate":304000,"ts":1760455378.5753322}
2025/10/14 15:22:59 POLARIS_LOG {"event":"send_rate","rate":304000,"ts":1760455379.5874386}
2025/10/14 15:23:00 POLARIS_LOG {"event":"send_rate","rate":296000,"ts":1760455380.5704706}
2025/10/14 15:23:01 POLARIS_LOG {"event":"send_rate","rate":296000,"ts":1760455381.573244}
2025/10/14 15:23:02 POLARIS_LOG {"event":"send_rate","rate":304000,"ts":1760455382.5701504}
2025/10/14 15:23:03 POLARIS_LOG {"event":"send_rate","rate":296000,"ts":1760455383.5701714}
2025/10/14 15:23:04 POLARIS_LOG {"event":"send_rate","rate":304000,"ts":1760455384.5709805}
2025/10/14 15:23:05 POLARIS_LOG {"event":"send_rate","rate":296000,"ts":1760455385.5705516}
2025/10/14 15:23:06 POLARIS_LOG {"event":"send_rate","rate":304000,"ts":1760455386.5715487}
2025/10/14 15:23:07 POLARIS_LOG {"event":"send_rate","rate":296000,"ts":1760455387.5774033}
2025/10/14 15:23:08 POLARIS_LOG {"event":"send_rate","rate":304000,"ts":1760455388.5708797}
2025/10/14 15:23:09 POLARIS_LOG {"event":"send_rate","rate":296000,"ts":1760455389.570477}
2025/10/14 15:23:10 POLARIS_LOG {"event":"send_rate","rate":304000,"ts":1760455390.5782084}
2025/10/14 15:23:11 POLARIS_LOG {"event":"send_rate","rate":296000,"ts":1760455391.5705483}
2025/10/14 15:23:12 POLARIS_LOG {"event":"send_rate","rate":296000,"ts":1760455392.591499}
2025/10/14 15:23:13 POLARIS_LOG {"event":"send_rate","rate":304000,"ts":1760455393.5701401}
2025/10/14 15:23:14 POLARIS_LOG {"event":"send_rate","rate":296000,"ts":1760455394.5851743}
2025/10/14 15:23:15 POLARIS_LOG {"event":"send_rate","rate":304000,"ts":1760455395.5704274}
2025/10/14 15:23:16 POLARIS_LOG {"event":"send_rate","rate":304000,"ts":1760455396.572278}
2025/10/14 15:23:17 POLARIS_LOG {"event":"send_rate","rate":296000,"ts":1760455397.5705647}
2025/10/14 15:23:18 POLARIS_LOG {"event":"send_rate","rate":304000,"ts":1760455398.5700924}
2025/10/14 15:23:19 POLARIS_LOG {"event":"send_rate","rate":296000,"ts":1760455399.5716295}
2025/10/14 15:23:20 POLARIS_LOG {"event":"send_rate","rate":296000,"ts":1760455400.575531}
2025/10/14 15:23:21 POLARIS_LOG {"event":"send_rate","rate":304000,"ts":1760455401.570604}
2025/10/14 15:23:22 POLARIS_LOG {"event":"send_rate","rate":304000,"ts":1760455402.5700183}
2025/10/14 15:23:23 POLARIS_LOG {"event":"send_rate","rate":288000,"ts":1760455403.5869973}
2025/10/14 15:23:24 POLARIS_LOG {"event":"send_rate","rate":312000,"ts":1760455404.5753577}
2025/10/14 15:23:25 POLARIS_LOG {"event":"send_rate","rate":296000,"ts":1760455405.5711226}
2025/10/14 15:23:26 POLARIS_LOG {"event":"send_rate","rate":304000,"ts":1760455406.5721283}
2025/10/14 15:23:27 POLARIS_LOG {"event":"send_rate","rate":296000,"ts":1760455407.5713665}
2025/10/14 15:23:28 POLARIS_LOG {"event":"send_rate","rate":304000,"ts":1760455408.5831416}
2025/10/14 15:23:29 POLARIS_LOG {"event":"send_rate","rate":296000,"ts":1760455409.5700505}
2025/10/14 15:23:30 POLARIS_LOG {"event":"send_rate","rate":296000,"ts":1760455410.5837064}
2025/10/14 15:23:31 POLARIS_LOG {"event":"send_rate","rate":304000,"ts":1760455411.5762622}
2025/10/14 15:23:32 POLARIS_LOG {"event":"send_rate","rate":304000,"ts":1760455412.5741448}
2025/10/14 15:23:33 POLARIS_LOG {"event":"send_rate","rate":296000,"ts":1760455413.572649}
2025/10/14 15:23:34 POLARIS_LOG {"event":"send_rate","rate":304000,"ts":1760455414.591751}
2025/10/14 15:23:35 POLARIS_LOG {"event":"send_rate","rate":296000,"ts":1760455415.5773973}
2025/10/14 15:23:36 POLARIS_LOG {"event":"send_rate","rate":304000,"ts":1760455416.5917478}
2025/10/14 15:23:37 POLARIS_LOG {"event":"send_rate","rate":296000,"ts":1760455417.5706155}
2025/10/14 15:23:38 POLARIS_LOG {"event":"send_rate","rate":304000,"ts":1760455418.5711997}
2025/10/14 15:23:39 POLARIS_LOG {"event":"send_rate","rate":296000,"ts":1760455419.5722315}
2025/10/14 15:23:40 POLARIS_LOG {"event":"send_rate","rate":304000,"ts":1760455420.596073}
2025/10/14 15:23:41 POLARIS_LOG {"event":"send_rate","rate":296000,"ts":1760455421.5705397}
2025/10/14 15:23:42 POLARIS_LOG {"event":"send_rate","rate":304000,"ts":1760455422.5721927}
2025/10/14 15:23:43 POLARIS_LOG {"event":"send_rate","rate":296000,"ts":1760455423.574307}
2025/10/14 15:23:44 POLARIS_LOG {"event":"send_rate","rate":304000,"ts":1760455424.5720937}
2025/10/14 15:23:45 POLARIS_LOG {"event":"send_rate","rate":296000,"ts":1760455425.5706372}
2025/10/14 15:23:46 POLARIS_LOG {"event":"send_rate","rate":296000,"ts":1760455426.5705092}
2025/10/14 15:23:47 POLARIS_LOG {"event":"send_rate","rate":304000,"ts":1760455427.5777116}
2025/10/14 15:23:48 POLARIS_LOG {"event":"send_rate","rate":296000,"ts":1760455428.5699198}
2025/10/14 15:23:49 POLARIS_LOG {"event":"send_rate","rate":304000,"ts":1760455429.5844538}
2025/10/14 15:23:50 POLARIS_LOG {"event":"send_rate","rate":296000,"ts":1760455430.5702434}
2025/10/14 15:23:51 POLARIS_LOG {"event":"send_rate","rate":304000,"ts":1760455431.5700562}
2025/10/14 15:23:52 POLARIS_LOG {"event":"send_rate","rate":296000,"ts":1760455432.571136}
2025/10/14 15:23:53 POLARIS_LOG {"event":"send_rate","rate":304000,"ts":1760455433.5741796}
2025/10/14 15:23:54 POLARIS_LOG {"event":"send_rate","rate":296000,"ts":1760455434.57077}
2025/10/14 15:23:55 POLARIS_LOG {"event":"send_rate","rate":304000,"ts":1760455435.5702608}
2025/10/14 15:23:56 POLARIS_LOG {"event":"send_rate","rate":296000,"ts":1760455436.5710595}
2025/10/14 15:23:57 POLARIS_LOG {"event":"send_rate","rate":304000,"ts":1760455437.5812263}
2025/10/14 15:23:58 POLARIS_LOG {"event":"send_rate","rate":296000,"ts":1760455438.5731444}
2025/10/14 15:23:59 POLARIS_LOG {"event":"send_rate","rate":304000,"ts":1760455439.5708463}
2025/10/14 15:24:00 POLARIS_LOG {"event":"send_rate","rate":304000,"ts":1760455440.5756772}
2025/10/14 15:24:01 POLARIS_LOG {"event":"send_rate","rate":296000,"ts":1760455441.570878}
2025/10/14 15:24:02 POLARIS_LOG {"event":"send_rate","rate":296000,"ts":1760455442.570259}
2025/10/14 15:24:03 POLARIS_LOG {"event":"send_rate","rate":304000,"ts":1760455443.5780644}
2025/10/14 15:24:04 POLARIS_LOG {"event":"send_rate","rate":296000,"ts":1760455444.5727446}
2025/10/14 15:24:05 POLARIS_LOG {"event":"send_rate","rate":304000,"ts":1760455445.5701203}
2025/10/14 15:24:06 POLARIS_LOG {"event":"send_rate","rate":296000,"ts":1760455446.5702016}
2025/10/14 15:24:07 POLARIS_LOG {"event":"send_rate","rate":304000,"ts":1760455447.5953703}
2025/10/14 15:24:08 POLARIS_LOG {"event":"send_rate","rate":296000,"ts":1760455448.5713906}
2025/10/14 15:24:09 POLARIS_LOG {"event":"send_rate","rate":304000,"ts":1760455449.578697}
2025/10/14 15:24:10 POLARIS_LOG {"event":"send_rate","rate":304000,"ts":1760455450.588069}
2025/10/14 15:24:11 POLARIS_LOG {"event":"send_rate","rate":296000,"ts":1760455451.5781095}
2025/10/14 15:24:12 POLARIS_LOG {"event":"send_rate","rate":296000,"ts":1760455452.5703993}
2025/10/14 15:24:13 POLARIS_LOG {"event":"send_rate","rate":304000,"ts":1760455453.5852242}
2025/10/14 15:24:14 POLARIS_LOG {"event":"send_rate","rate":296000,"ts":1760455454.5742664}
2025/10/14 15:24:15 POLARIS_LOG {"event":"send_rate","rate":304000,"ts":1760455455.570738}
2025/10/14 15:24:16 POLARIS_LOG {"event":"send_rate","rate":312000,"ts":1760455456.6028674}
2025/10/14 15:24:17 POLARIS_LOG {"event":"send_rate","rate":296000,"ts":1760455457.5980732}
2025/10/14 15:24:18 POLARIS_LOG {"event":"send_rate","rate":288000,"ts":1760455458.5724263}
2025/10/14 15:24:19 POLARIS_LOG {"event":"send_rate","rate":304000,"ts":1760455459.570161}
2025/10/14 15:24:20 POLARIS_LOG {"event":"send_rate","rate":296000,"ts":1760455460.5727549}
2025/10/14 15:24:21 POLARIS_LOG {"event":"send_rate","rate":304000,"ts":1760455461.5787053}
2025/10/14 15:24:22 POLARIS_LOG {"event":"send_rate","rate":296000,"ts":1760455462.573044}
2025/10/14 15:24:23 POLARIS_LOG {"event":"send_rate","rate":304000,"ts":1760455463.5710847}
2025/10/14 15:24:24 POLARIS_LOG {"event":"send_rate","rate":296000,"ts":1760455464.5704033}
2025/10/14 15:24:25 POLARIS_LOG {"event":"send_rate","rate":296000,"ts":1760455465.616408}
2025/10/14 15:24:26 POLARIS_LOG {"event":"send_rate","rate":304000,"ts":1760455466.5714808}
2025/10/14 15:24:27 POLARIS_LOG {"event":"send_rate","rate":304000,"ts":1760455467.5716038}
2025/10/14 15:24:28 POLARIS_LOG {"event":"send_rate","rate":296000,"ts":1760455468.5757134}
2025/10/14 15:24:29 POLARIS_LOG {"event":"send_rate","rate":304000,"ts":1760455469.6152248}
2025/10/14 15:24:30 POLARIS_LOG {"event":"send_rate","rate":296000,"ts":1760455470.5736434}
2025/10/14 15:24:31 POLARIS_LOG {"event":"send_rate","rate":304000,"ts":1760455471.5712438}
2025/10/14 15:24:32 POLARIS_LOG {"event":"send_rate","rate":304000,"ts":1760455472.5844777}
2025/10/14 15:24:33 POLARIS_LOG {"event":"send_rate","rate":296000,"ts":1760455473.57198}
2025/10/14 15:24:34 POLARIS_LOG {"event":"send_rate","rate":296000,"ts":1760455474.5723324}
2025/10/14 15:24:35 POLARIS_LOG {"event":"send_rate","rate":304000,"ts":1760455475.570553}
2025/10/14 15:24:36 POLARIS_LOG {"event":"send_rate","rate":296000,"ts":1760455476.6331134}
2025/10/14 15:24:37 POLARIS_LOG {"event":"send_rate","rate":304000,"ts":1760455477.5699549}
2025/10/14 15:24:38 POLARIS_LOG {"event":"send_rate","rate":296000,"ts":1760455478.571311}
2025/10/14 15:24:39 POLARIS_LOG {"event":"send_rate","rate":304000,"ts":1760455479.5795546}
2025/10/14 15:24:40 POLARIS_LOG {"event":"send_rate","rate":296000,"ts":1760455480.5737228}
2025/10/14 15:24:41 POLARIS_LOG {"event":"send_rate","rate":304000,"ts":1760455481.5898178}
2025/10/14 15:24:42 POLARIS_LOG {"event":"send_rate","rate":296000,"ts":1760455482.5880334}
2025/10/14 15:24:43 POLARIS_LOG {"event":"send_rate","rate":304000,"ts":1760455483.5730965}
2025/10/14 15:24:44 POLARIS_LOG {"event":"send_rate","rate":296000,"ts":1760455484.5758922}
2025/10/14 15:24:45 POLARIS_LOG {"event":"send_rate","rate":304000,"ts":1760455485.5712135}
2025/10/14 15:24:46 POLARIS_LOG {"event":"send_rate","rate":296000,"ts":1760455486.5709667}
2025/10/14 15:24:47 POLARIS_LOG {"event":"send_rate","rate":304000,"ts":1760455487.5741246}
2025/10/14 15:24:48 POLARIS_LOG {"event":"send_rate","rate":296000,"ts":1760455488.5703764}
2025/10/14 15:24:49 POLARIS_LOG {"event":"send_rate","rate":304000,"ts":1760455489.5723755}
2025/10/14 15:24:50 POLARIS_LOG {"event":"send_rate","rate":296000,"ts":1760455490.5707502}
2025/10/14 15:24:51 POLARIS_LOG {"event":"send_rate","rate":304000,"ts":1760455491.571439}
2025/10/14 15:24:52 POLARIS_LOG {"event":"send_rate","rate":296000,"ts":1760455492.5704286}
2025/10/14 15:24:53 POLARIS_LOG {"event":"send_rate","rate":296000,"ts":1760455493.5806785}
2025/10/14 15:24:54 POLARIS_LOG {"event":"send_rate","rate":304000,"ts":1760455494.5881286}
2025/10/14 15:24:55 POLARIS_LOG {"event":"send_rate","rate":304000,"ts":1760455495.5710776}
2025/10/14 15:24:56 POLARIS_LOG {"event":"send_rate","rate":296000,"ts":1760455496.5708766}
2025/10/14 15:24:57 POLARIS_LOG {"event":"send_rate","rate":304000,"ts":1760455497.5756807}
2025/10/14 15:24:58 POLARIS_LOG {"event":"send_rate","rate":296000,"ts":1760455498.5789878}
2025/10/14 15:24:59 POLARIS_LOG {"event":"send_rate","rate":304000,"ts":1760455499.571021}
2025/10/14 15:25:00 POLARIS_LOG {"event":"send_rate","rate":296000,"ts":1760455500.570693}
2025/10/14 15:25:01 POLARIS_LOG {"event":"send_rate","rate":304000,"ts":1760455501.5711982}
2025/10/14 15:25:02 POLARIS_LOG {"event":"send_rate","rate":296000,"ts":1760455502.571286}
2025/10/14 15:25:03 POLARIS_LOG {"event":"send_rate","rate":312000,"ts":1760455503.605996}
2025/10/14 15:25:04 POLARIS_LOG {"event":"send_rate","rate":288000,"ts":1760455504.5703285}
2025/10/14 15:25:05 POLARIS_LOG {"event":"send_rate","rate":296000,"ts":1760455505.571124}
2025/10/14 15:25:06 POLARIS_LOG {"event":"send_rate","rate":304000,"ts":1760455506.571499}
2025/10/14 15:25:07 POLARIS_LOG {"event":"send_rate","rate":312000,"ts":1760455507.6021893}
2025/10/14 15:25:08 POLARIS_LOG {"event":"send_rate","rate":288000,"ts":1760455508.5724218}
2025/10/14 15:25:09 POLARIS_LOG {"event":"send_rate","rate":304000,"ts":1760455509.5728068}
2025/10/14 15:25:10 POLARIS_LOG {"event":"send_rate","rate":296000,"ts":1760455510.570509}
2025/10/14 15:25:11 POLARIS_LOG {"event":"send_rate","rate":304000,"ts":1760455511.572287}
2025/10/14 15:25:12 POLARIS_LOG {"event":"send_rate","rate":296000,"ts":1760455512.571142}
2025/10/14 15:25:13 POLARIS_LOG {"event":"send_rate","rate":304000,"ts":1760455513.5950906}
2025/10/14 15:25:14 POLARIS_LOG {"event":"send_rate","rate":304000,"ts":1760455514.5895727}
2025/10/14 15:25:15 POLARIS_LOG {"event":"send_rate","rate":288000,"ts":1760455515.5700402}
2025/10/14 15:25:16 POLARIS_LOG {"event":"send_rate","rate":304000,"ts":1760455516.570838}
2025/10/14 15:25:17 POLARIS_LOG {"event":"send_rate","rate":296000,"ts":1760455517.5754468}
2025/10/14 15:25:18 POLARIS_LOG {"event":"send_rate","rate":312000,"ts":1760455518.5974605}
2025/10/14 15:25:19 POLARIS_LOG {"event":"send_rate","rate":296000,"ts":1760455519.5717852}
2025/10/14 15:25:20 POLARIS_LOG {"event":"send_rate","rate":296000,"ts":1760455520.5699184}
2025/10/14 15:25:21 POLARIS_LOG {"event":"send_rate","rate":304000,"ts":1760455521.573043}
2025/10/14 15:25:22 POLARIS_LOG {"event":"send_rate","rate":296000,"ts":1760455522.5718281}
2025/10/14 15:25:23 POLARIS_LOG {"event":"send_rate","rate":304000,"ts":1760455523.5936604}
2025/10/14 15:25:24 POLARIS_LOG {"event":"send_rate","rate":288000,"ts":1760455524.5828986}
2025/10/14 15:25:25 POLARIS_LOG {"event":"send_rate","rate":304000,"ts":1760455525.6015787}
2025/10/14 15:25:26 POLARIS_LOG {"event":"send_rate","rate":304000,"ts":1760455526.5711083}
2025/10/14 15:25:27 POLARIS_LOG {"event":"send_rate","rate":320000,"ts":1760455527.6308925}
2025/10/14 15:25:28 POLARIS_LOG {"event":"send_rate","rate":280000,"ts":1760455528.5759192}
2025/10/14 15:25:29 POLARIS_LOG {"event":"send_rate","rate":296000,"ts":1760455529.571526}
2025/10/14 15:25:30 POLARIS_LOG {"event":"send_rate","rate":304000,"ts":1760455530.570231}
2025/10/14 15:25:31 POLARIS_LOG {"event":"send_rate","rate":304000,"ts":1760455531.5750585}
2025/10/14 15:25:32 POLARIS_LOG {"event":"send_rate","rate":296000,"ts":1760455532.5710773}
2025/10/14 15:25:33 POLARIS_LOG {"event":"send_rate","rate":296000,"ts":1760455533.5708537}
2025/10/14 15:25:34 POLARIS_LOG {"event":"send_rate","rate":304000,"ts":1760455534.5720224}
2025/10/14 15:25:35 POLARIS_LOG {"event":"send_rate","rate":296000,"ts":1760455535.5702772}
2025/10/14 15:25:36 POLARIS_LOG {"event":"send_rate","rate":304000,"ts":1760455536.5703013}
2025/10/14 15:25:37 POLARIS_LOG {"event":"send_rate","rate":296000,"ts":1760455537.579415}
2025/10/14 15:25:38 POLARIS_LOG {"event":"send_rate","rate":304000,"ts":1760455538.5708768}
2025/10/14 15:25:39 POLARIS_LOG {"event":"send_rate","rate":296000,"ts":1760455539.5707216}
2025/10/14 15:25:40 POLARIS_LOG {"event":"send_rate","rate":304000,"ts":1760455540.5740833}
2025/10/14 15:25:41 POLARIS_LOG {"event":"send_rate","rate":296000,"ts":1760455541.5729213}
2025/10/14 15:25:42 POLARIS_LOG {"event":"send_rate","rate":304000,"ts":1760455542.5723817}
2025/10/14 15:25:43 POLARIS_LOG {"event":"send_rate","rate":296000,"ts":1760455543.5745623}
2025/10/14 15:25:44 POLARIS_LOG {"event":"send_rate","rate":304000,"ts":1760455544.5706773}
2025/10/14 15:25:45 POLARIS_LOG {"event":"send_rate","rate":296000,"ts":1760455545.5700455}
2025/10/14 15:25:46 POLARIS_LOG {"event":"send_rate","rate":304000,"ts":1760455546.5705347}
2025/10/14 15:25:47 POLARIS_LOG {"event":"send_rate","rate":296000,"ts":1760455547.5752575}
2025/10/14 15:25:48 POLARIS_LOG {"event":"send_rate","rate":304000,"ts":1760455548.5711703}
2025/10/14 15:25:49 POLARIS_LOG {"event":"send_rate","rate":296000,"ts":1760455549.5717127}
2025/10/14 15:25:50 POLARIS_LOG {"event":"send_rate","rate":304000,"ts":1760455550.5699809}
2025/10/14 15:25:51 POLARIS_LOG {"event":"send_rate","rate":296000,"ts":1760455551.6235106}
2025/10/14 15:25:52 POLARIS_LOG {"event":"send_rate","rate":312000,"ts":1760455552.5928538}
2025/10/14 15:25:53 POLARIS_LOG {"event":"send_rate","rate":296000,"ts":1760455553.5835276}
2025/10/14 15:25:54 POLARIS_LOG {"event":"send_rate","rate":296000,"ts":1760455554.5754578}
2025/10/14 15:25:55 POLARIS_LOG {"event":"send_rate","rate":296000,"ts":1760455555.5711305}
2025/10/14 15:25:56 POLARIS_LOG {"event":"send_rate","rate":304000,"ts":1760455556.5703194}
2025/10/14 15:25:57 POLARIS_LOG {"event":"send_rate","rate":296000,"ts":1760455557.5707924}
2025/10/14 15:25:58 POLARIS_LOG {"event":"send_rate","rate":304000,"ts":1760455558.575272}
2025/10/14 15:25:59 POLARIS_LOG {"event":"send_rate","rate":296000,"ts":1760455559.5703835}
2025/10/14 15:26:00 POLARIS_LOG {"event":"send_rate","rate":304000,"ts":1760455560.578608}
2025/10/14 15:26:01 POLARIS_LOG {"event":"send_rate","rate":336000,"ts":1760455561.70517}
2025/10/14 15:26:02 POLARIS_LOG {"event":"send_rate","rate":256000,"ts":1760455562.5727587}
2025/10/14 15:26:03 POLARIS_LOG {"event":"send_rate","rate":312000,"ts":1760455563.5913672}
2025/10/14 15:26:04 POLARIS_LOG {"event":"send_rate","rate":296000,"ts":1760455564.5750098}
2025/10/14 15:26:05 POLARIS_LOG {"event":"send_rate","rate":296000,"ts":1760455565.5708644}
2025/10/14 15:26:06 POLARIS_LOG {"event":"send_rate","rate":304000,"ts":1760455566.5744987}
2025/10/14 15:26:07 POLARIS_LOG {"event":"send_rate","rate":296000,"ts":1760455567.5722122}
2025/10/14 15:26:08 POLARIS_LOG {"event":"send_rate","rate":304000,"ts":1760455568.5891054}
2025/10/14 15:26:09 POLARIS_LOG {"event":"send_rate","rate":296000,"ts":1760455569.571862}
2025/10/14 15:26:10 POLARIS_LOG {"event":"send_rate","rate":304000,"ts":1760455570.5704496}
2025/10/14 15:26:11 POLARIS_LOG {"event":"send_rate","rate":312000,"ts":1760455571.6246135}
2025/10/14 15:26:12 POLARIS_LOG {"event":"send_rate","rate":288000,"ts":1760455572.5704832}
2025/10/14 15:26:13 POLARIS_LOG {"event":"send_rate","rate":296000,"ts":1760455573.5727017}
2025/10/14 15:26:14 POLARIS_LOG {"event":"send_rate","rate":304000,"ts":1760455574.5709162}
2025/10/14 15:26:15 POLARIS_LOG {"event":"send_rate","rate":296000,"ts":1760455575.570046}
2025/10/14 15:26:16 POLARIS_LOG {"event":"send_rate","rate":304000,"ts":1760455576.5707264}
2025/10/14 15:26:17 POLARIS_LOG {"event":"send_rate","rate":296000,"ts":1760455577.5737607}
2025/10/14 15:26:18 POLARIS_LOG {"event":"send_rate","rate":304000,"ts":1760455578.571061}
2025/10/14 15:26:19 POLARIS_LOG {"event":"send_rate","rate":296000,"ts":1760455579.5784516}
2025/10/14 15:26:20 POLARIS_LOG {"event":"send_rate","rate":296000,"ts":1760455580.5713227}
2025/10/14 15:26:21 POLARIS_LOG {"event":"send_rate","rate":328000,"ts":1760455581.636874}
2025/10/14 15:26:22 POLARIS_LOG {"event":"send_rate","rate":272000,"ts":1760455582.5753586}
2025/10/14 15:26:23 POLARIS_LOG {"event":"send_rate","rate":304000,"ts":1760455583.5721128}
2025/10/14 15:26:24 POLARIS_LOG {"event":"send_rate","rate":304000,"ts":1760455584.5702496}
2025/10/14 15:26:25 POLARIS_LOG {"event":"send_rate","rate":304000,"ts":1760455585.591106}
2025/10/14 15:26:26 POLARIS_LOG {"event":"send_rate","rate":296000,"ts":1760455586.5717757}
2025/10/14 15:26:27 POLARIS_LOG {"event":"send_rate","rate":296000,"ts":1760455587.5752523}
2025/10/14 15:26:28 POLARIS_LOG {"event":"send_rate","rate":304000,"ts":1760455588.5707407}
2025/10/14 15:26:29 POLARIS_LOG {"event":"send_rate","rate":296000,"ts":1760455589.5702398}
2025/10/14 15:26:30 POLARIS_LOG {"event":"send_rate","rate":304000,"ts":1760455590.5713499}
2025/10/14 15:26:31 POLARIS_LOG {"event":"send_rate","rate":296000,"ts":1760455591.597675}
2025/10/14 15:26:32 POLARIS_LOG {"event":"send_rate","rate":304000,"ts":1760455592.5722537}
2025/10/14 15:26:33 POLARIS_LOG {"event":"send_rate","rate":296000,"ts":1760455593.5706317}
2025/10/14 15:26:34 POLARIS_LOG {"event":"send_rate","rate":304000,"ts":1760455594.570306}
2025/10/14 15:26:35 POLARIS_LOG {"event":"send_rate","rate":296000,"ts":1760455595.5703402}
2025/10/14 15:26:36 POLARIS_LOG {"event":"send_rate","rate":304000,"ts":1760455596.5713208}
2025/10/14 15:26:37 POLARIS_LOG {"event":"send_rate","rate":296000,"ts":1760455597.5709014}
2025/10/14 15:26:38 POLARIS_LOG {"event":"send_rate","rate":304000,"ts":1760455598.5706434}
2025/10/14 15:26:39 POLARIS_LOG {"event":"send_rate","rate":296000,"ts":1760455599.5703528}
2025/10/14 15:26:40 POLARIS_LOG {"event":"send_rate","rate":328000,"ts":1760455600.655717}
2025/10/14 15:26:41 POLARIS_LOG {"event":"send_rate","rate":272000,"ts":1760455601.5766082}
2025/10/14 15:26:42 POLARIS_LOG {"event":"send_rate","rate":304000,"ts":1760455602.5709841}
2025/10/14 15:26:43 POLARIS_LOG {"event":"send_rate","rate":296000,"ts":1760455603.5705795}
2025/10/14 15:26:44 POLARIS_LOG {"event":"send_rate","rate":304000,"ts":1760455604.5703685}
2025/10/14 15:26:45 POLARIS_LOG {"event":"send_rate","rate":296000,"ts":1760455605.570311}
2025/10/14 15:26:46 POLARIS_LOG {"event":"send_rate","rate":304000,"ts":1760455606.594887}
2025/10/14 15:26:47 POLARIS_LOG {"event":"send_rate","rate":296000,"ts":1760455607.570384}
2025/10/14 15:26:48 POLARIS_LOG {"event":"send_rate","rate":304000,"ts":1760455608.5714273}
2025/10/14 15:26:49 POLARIS_LOG {"event":"send_rate","rate":296000,"ts":1760455609.575318}
2025/10/14 15:26:50 POLARIS_LOG {"event":"send_rate","rate":296000,"ts":1760455610.5699987}
2025/10/14 15:26:51 POLARIS_LOG {"event":"send_rate","rate":304000,"ts":1760455611.5704257}
2025/10/14 15:26:52 POLARIS_LOG {"event":"send_rate","rate":304000,"ts":1760455612.575471}
2025/10/14 15:26:53 POLARIS_LOG {"event":"send_rate","rate":296000,"ts":1760455613.5699275}
2025/10/14 15:26:54 POLARIS_LOG {"event":"send_rate","rate":296000,"ts":1760455614.5707788}
2025/10/14 15:26:55 POLARIS_LOG {"event":"send_rate","rate":304000,"ts":1760455615.5713265}
2025/10/14 15:26:56 POLARIS_LOG {"event":"send_rate","rate":296000,"ts":1760455616.571511}
2025/10/14 15:26:57 POLARIS_LOG {"event":"send_rate","rate":304000,"ts":1760455617.5724277}
2025/10/14 15:26:58 POLARIS_LOG {"event":"send_rate","rate":296000,"ts":1760455618.570425}
2025/10/14 15:26:59 POLARIS_LOG {"event":"send_rate","rate":304000,"ts":1760455619.5793118}
2025/10/14 15:27:00 POLARIS_LOG {"event":"send_rate","rate":296000,"ts":1760455620.5703173}
2025/10/14 15:27:01 POLARIS_LOG {"event":"send_rate","rate":304000,"ts":1760455621.5708625}
2025/10/14 15:27:02 POLARIS_LOG {"event":"send_rate","rate":296000,"ts":1760455622.5727668}
2025/10/14 15:27:03 POLARIS_LOG {"event":"send_rate","rate":304000,"ts":1760455623.5704792}
2025/10/14 15:27:04 POLARIS_LOG {"event":"send_rate","rate":304000,"ts":1760455624.5921652}
2025/10/14 15:27:05 POLARIS_LOG {"event":"send_rate","rate":296000,"ts":1760455625.5704117}
2025/10/14 15:27:06 POLARIS_LOG {"event":"send_rate","rate":296000,"ts":1760455626.570134}
2025/10/14 15:27:07 POLARIS_LOG {"event":"send_rate","rate":304000,"ts":1760455627.5700932}
2025/10/14 15:27:08 POLARIS_LOG {"event":"send_rate","rate":304000,"ts":1760455628.5855649}
2025/10/14 15:27:09 POLARIS_LOG {"event":"send_rate","rate":288000,"ts":1760455629.5968177}
2025/10/14 15:27:10 POLARIS_LOG {"event":"send_rate","rate":304000,"ts":1760455630.6093705}
2025/10/14 15:27:11 POLARIS_LOG {"event":"send_rate","rate":304000,"ts":1760455631.5838795}
2025/10/14 15:27:12 POLARIS_LOG {"event":"send_rate","rate":296000,"ts":1760455632.5711977}
2025/10/14 15:27:13 POLARIS_LOG {"event":"send_rate","rate":304000,"ts":1760455633.571001}
2025/10/14 15:27:14 POLARIS_LOG {"event":"send_rate","rate":296000,"ts":1760455634.573929}
2025/10/14 15:27:15 POLARIS_LOG {"event":"send_rate","rate":312000,"ts":1760455635.597399}
Skipping switch: current path 4 4 2 4 has lastEstimate 500000 >= maxEstimate 500000
2025/10/14 15:27:16 POLARIS_LOG {"event":"send_rate","rate":288000,"ts":1760455636.5704067}
2025/10/14 15:27:17 POLARIS_LOG {"event":"send_rate","rate":304000,"ts":1760455637.584167}
2025/10/14 15:27:18 POLARIS_LOG {"event":"send_rate","rate":296000,"ts":1760455638.5707004}
2025/10/14 15:27:19 POLARIS_LOG {"event":"send_rate","rate":304000,"ts":1760455639.5700564}
2025/10/14 15:27:20 POLARIS_LOG {"event":"send_rate","rate":296000,"ts":1760455640.5704334}
2025/10/14 15:27:21 POLARIS_LOG {"event":"send_rate","rate":304000,"ts":1760455641.5703804}
We need to sleep for 1 seconds before we can get the results
2025/10/14 15:27:22 POLARIS_LOG {"event":"send_rate","rate":184000,"ts":1760455642.5759566}
Drain Loop received packet
Drain Loop received non-nil payload
We need to sleep for 1 seconds before we can get the results
Client sent 10687 packets, server reported 10658 packets received
The network loss rate from client to server is 0.3%

S->C results
Attempted bandwidth: 0 bps / 0.00 Mbps
Achieved bandwidth: 0 bps / 0.00 Mbps
Loss rate: 0.0%
Interarrival time min/avg/max/mdev = -0.000/0.000/0.000/0.000 ms

C->S results
Attempted bandwidth: 299985 bps / 0.30 Mbps
Achieved bandwidth: 299171 bps / 0.30 Mbps
Loss rate: 0.3%
Interarrival time min/avg/max/mdev = 0.002/26.742/234.964/14.430 ms
