
Test parameters:
client->server: 270 seconds, 1000 bytes, 10125 packets
server->client: 270 seconds, 1000 bytes, 0 packets
2025/10/14 15:22:51 POLARIS_LOG {"current_rate":0,"event":"path_switch","new":"2 2 5 2","trigger":"initialization","ts":1760455371.5696325}
Polaris prober initialized with 38 paths
Polaris prober initialized with local 1-111,10.111.0.71:32734 and remote 1-113,10.113.0.71
2025/10/14 15:22:53 POLARIS_LOG {"event":"send_rate","rate":0,"ts":1760455373.5836682}
2025/10/14 15:22:54 POLARIS_LOG {"event":"send_rate","rate":0,"ts":1760455374.5747833}
2025/10/14 15:22:55 POLARIS_LOG {"event":"send_rate","rate":184000,"ts":1760455375.575129}
2025/10/14 15:22:56 POLARIS_LOG {"event":"send_rate","rate":304000,"ts":1760455376.5761054}
2025/10/14 15:22:57 POLARIS_LOG {"event":"send_rate","rate":304000,"ts":1760455377.5896974}
2025/10/14 15:22:58 POLARIS_LOG {"event":"send_rate","rate":248000,"ts":1760455378.5754175}
2025/10/14 15:22:59 POLARIS_LOG {"event":"send_rate","rate":192000,"ts":1760455379.5742862}
2025/10/14 15:23:00 POLARIS_LOG {"event":"send_rate","rate":200000,"ts":1760455380.5747986}
2025/10/14 15:23:01 POLARIS_LOG {"event":"send_rate","rate":224000,"ts":1760455381.5764332}
2025/10/14 15:23:01 POLARIS_LOG {"candidates":2,"candidates_unfiltered":25,"current_rate":224000,"estimated_share":1000000,"event":"path_switch","max_estimated_share":1000000,"new":"1 1 7 7 2 4","old":"2 2 5 2","trigger":"scheduled","ts":1760455381.5772321}
2025/10/14 15:23:02 POLARIS_LOG {"event":"send_rate","rate":632000,"ts":1760455382.5801897}
2025/10/14 15:23:03 POLARIS_LOG {"event":"send_rate","rate":296000,"ts":1760455383.5794756}
2025/10/14 15:23:04 POLARIS_LOG {"event":"send_rate","rate":304000,"ts":1760455384.5873132}
2025/10/14 15:23:05 POLARIS_LOG {"event":"send_rate","rate":296000,"ts":1760455385.575228}
2025/10/14 15:23:06 POLARIS_LOG {"event":"send_rate","rate":304000,"ts":1760455386.575424}
2025/10/14 15:23:07 POLARIS_LOG {"event":"send_rate","rate":296000,"ts":1760455387.575133}
2025/10/14 15:23:08 POLARIS_LOG {"event":"send_rate","rate":304000,"ts":1760455388.57481}
2025/10/14 15:23:09 POLARIS_LOG {"event":"send_rate","rate":296000,"ts":1760455389.5747144}
2025/10/14 15:23:10 POLARIS_LOG {"event":"send_rate","rate":304000,"ts":1760455390.583583}
2025/10/14 15:23:11 POLARIS_LOG {"event":"send_rate","rate":304000,"ts":1760455391.5961807}
2025/10/14 15:23:12 POLARIS_LOG {"event":"send_rate","rate":304000,"ts":1760455392.621905}
2025/10/14 15:23:13 POLARIS_LOG {"event":"send_rate","rate":288000,"ts":1760455393.5743985}
2025/10/14 15:23:14 POLARIS_LOG {"event":"send_rate","rate":304000,"ts":1760455394.5754697}
2025/10/14 15:23:15 POLARIS_LOG {"event":"send_rate","rate":296000,"ts":1760455395.5745218}
2025/10/14 15:23:16 POLARIS_LOG {"event":"send_rate","rate":296000,"ts":1760455396.5795135}
2025/10/14 15:23:17 POLARIS_LOG {"event":"send_rate","rate":304000,"ts":1760455397.574846}
2025/10/14 15:23:18 POLARIS_LOG {"event":"send_rate","rate":304000,"ts":1760455398.575325}
2025/10/14 15:23:19 POLARIS_LOG {"event":"send_rate","rate":296000,"ts":1760455399.5761828}
2025/10/14 15:23:20 POLARIS_LOG {"event":"send_rate","rate":304000,"ts":1760455400.5793197}
2025/10/14 15:23:21 POLARIS_LOG {"event":"send_rate","rate":296000,"ts":1760455401.575722}
2025/10/14 15:23:22 POLARIS_LOG {"event":"send_rate","rate":304000,"ts":1760455402.5782597}
2025/10/14 15:23:23 POLARIS_LOG {"event":"send_rate","rate":304000,"ts":1760455403.5957437}
2025/10/14 15:23:24 POLARIS_LOG {"event":"send_rate","rate":296000,"ts":1760455404.5750592}
2025/10/14 15:23:25 POLARIS_LOG {"event":"send_rate","rate":296000,"ts":1760455405.579173}
2025/10/14 15:23:26 POLARIS_LOG {"event":"send_rate","rate":304000,"ts":1760455406.5867121}
2025/10/14 15:23:27 POLARIS_LOG {"event":"send_rate","rate":296000,"ts":1760455407.5821645}
2025/10/14 15:23:28 POLARIS_LOG {"event":"send_rate","rate":312000,"ts":1760455408.681995}
2025/10/14 15:23:29 POLARIS_LOG {"event":"send_rate","rate":288000,"ts":1760455409.574543}
2025/10/14 15:23:30 POLARIS_LOG {"event":"send_rate","rate":304000,"ts":1760455410.5938365}
2025/10/14 15:23:31 POLARIS_LOG {"event":"send_rate","rate":304000,"ts":1760455411.5924754}
2025/10/14 15:23:32 POLARIS_LOG {"event":"send_rate","rate":296000,"ts":1760455412.5749998}
2025/10/14 15:23:33 POLARIS_LOG {"event":"send_rate","rate":312000,"ts":1760455413.6184216}
2025/10/14 15:23:34 POLARIS_LOG {"event":"send_rate","rate":288000,"ts":1760455414.5844228}
2025/10/14 15:23:35 POLARIS_LOG {"event":"send_rate","rate":296000,"ts":1760455415.5750666}
2025/10/14 15:23:36 POLARIS_LOG {"event":"send_rate","rate":304000,"ts":1760455416.574832}
2025/10/14 15:23:37 POLARIS_LOG {"event":"send_rate","rate":296000,"ts":1760455417.5746841}
2025/10/14 15:23:38 POLARIS_LOG {"event":"send_rate","rate":304000,"ts":1760455418.5787947}
2025/10/14 15:23:39 POLARIS_LOG {"event":"send_rate","rate":296000,"ts":1760455419.5782042}
2025/10/14 15:23:40 POLARIS_LOG {"event":"send_rate","rate":304000,"ts":1760455420.575537}
2025/10/14 15:23:41 POLARIS_LOG {"event":"send_rate","rate":296000,"ts":1760455421.574689}
2025/10/14 15:23:42 POLARIS_LOG {"event":"send_rate","rate":296000,"ts":1760455422.5748496}
2025/10/14 15:23:43 POLARIS_LOG {"event":"send_rate","rate":304000,"ts":1760455423.5745254}
2025/10/14 15:23:44 POLARIS_LOG {"event":"send_rate","rate":304000,"ts":1760455424.587788}
2025/10/14 15:23:45 POLARIS_LOG {"event":"send_rate","rate":296000,"ts":1760455425.5817196}
2025/10/14 15:23:46 POLARIS_LOG {"event":"send_rate","rate":304000,"ts":1760455426.5823262}
2025/10/14 15:23:47 POLARIS_LOG {"event":"send_rate","rate":296000,"ts":1760455427.5752835}
2025/10/14 15:23:48 POLARIS_LOG {"event":"send_rate","rate":296000,"ts":1760455428.5761323}
2025/10/14 15:23:49 POLARIS_LOG {"event":"send_rate","rate":304000,"ts":1760455429.5770843}
2025/10/14 15:23:50 POLARIS_LOG {"event":"send_rate","rate":304000,"ts":1760455430.5771878}
2025/10/14 15:23:51 POLARIS_LOG {"event":"send_rate","rate":296000,"ts":1760455431.5752785}
2025/10/14 15:23:52 POLARIS_LOG {"event":"send_rate","rate":296000,"ts":1760455432.574553}
2025/10/14 15:23:53 POLARIS_LOG {"event":"send_rate","rate":320000,"ts":1760455433.6393325}
2025/10/14 15:23:54 POLARIS_LOG {"event":"send_rate","rate":288000,"ts":1760455434.575544}
2025/10/14 15:23:55 POLARIS_LOG {"event":"send_rate","rate":304000,"ts":1760455435.64815}
2025/10/14 15:23:56 POLARIS_LOG {"event":"send_rate","rate":288000,"ts":1760455436.5747235}
2025/10/14 15:23:57 POLARIS_LOG {"event":"send_rate","rate":304000,"ts":1760455437.5745683}
2025/10/14 15:23:58 POLARIS_LOG {"event":"send_rate","rate":304000,"ts":1760455438.5818257}
2025/10/14 15:23:59 POLARIS_LOG {"event":"send_rate","rate":296000,"ts":1760455439.5749307}
2025/10/14 15:24:00 POLARIS_LOG {"event":"send_rate","rate":304000,"ts":1760455440.5762143}
2025/10/14 15:24:01 POLARIS_LOG {"event":"send_rate","rate":296000,"ts":1760455441.5757904}
2025/10/14 15:24:02 POLARIS_LOG {"event":"send_rate","rate":304000,"ts":1760455442.576201}
2025/10/14 15:24:03 POLARIS_LOG {"event":"send_rate","rate":296000,"ts":1760455443.5948696}
2025/10/14 15:24:04 POLARIS_LOG {"event":"send_rate","rate":296000,"ts":1760455444.5752702}
2025/10/14 15:24:05 POLARIS_LOG {"event":"send_rate","rate":320000,"ts":1760455445.6199553}
2025/10/14 15:24:06 POLARIS_LOG {"event":"send_rate","rate":280000,"ts":1760455446.574996}
2025/10/14 15:24:07 POLARIS_LOG {"event":"send_rate","rate":312000,"ts":1760455447.5927875}
2025/10/14 15:24:08 POLARIS_LOG {"event":"send_rate","rate":296000,"ts":1760455448.5780852}
2025/10/14 15:24:09 POLARIS_LOG {"event":"send_rate","rate":296000,"ts":1760455449.5786095}
2025/10/14 15:24:10 POLARIS_LOG {"event":"send_rate","rate":304000,"ts":1760455450.5795634}
2025/10/14 15:24:11 POLARIS_LOG {"event":"send_rate","rate":296000,"ts":1760455451.574981}
2025/10/14 15:24:12 POLARIS_LOG {"event":"send_rate","rate":296000,"ts":1760455452.575691}
2025/10/14 15:24:13 POLARIS_LOG {"event":"send_rate","rate":304000,"ts":1760455453.576584}
2025/10/14 15:24:14 POLARIS_LOG {"event":"send_rate","rate":296000,"ts":1760455454.5754814}
2025/10/14 15:24:15 POLARIS_LOG {"event":"send_rate","rate":304000,"ts":1760455455.5754988}
2025/10/14 15:24:16 POLARIS_LOG {"event":"send_rate","rate":296000,"ts":1760455456.580638}
2025/10/14 15:24:17 POLARIS_LOG {"event":"send_rate","rate":304000,"ts":1760455457.59344}
2025/10/14 15:24:18 POLARIS_LOG {"event":"send_rate","rate":296000,"ts":1760455458.5743947}
2025/10/14 15:24:19 POLARIS_LOG {"event":"send_rate","rate":296000,"ts":1760455459.605436}
2025/10/14 15:24:20 POLARIS_LOG {"event":"send_rate","rate":304000,"ts":1760455460.5759416}
2025/10/14 15:24:21 POLARIS_LOG {"event":"send_rate","rate":296000,"ts":1760455461.5957575}
2025/10/14 15:24:22 POLARIS_LOG {"event":"send_rate","rate":304000,"ts":1760455462.5761628}
2025/10/14 15:24:23 POLARIS_LOG {"event":"send_rate","rate":304000,"ts":1760455463.574957}
2025/10/14 15:24:24 POLARIS_LOG {"event":"send_rate","rate":304000,"ts":1760455464.5907166}
2025/10/14 15:24:25 POLARIS_LOG {"event":"send_rate","rate":296000,"ts":1760455465.576506}
2025/10/14 15:24:26 POLARIS_LOG {"event":"send_rate","rate":296000,"ts":1760455466.629923}
2025/10/14 15:24:27 POLARIS_LOG {"event":"send_rate","rate":304000,"ts":1760455467.5751286}
2025/10/14 15:24:28 POLARIS_LOG {"event":"send_rate","rate":296000,"ts":1760455468.5748222}
2025/10/14 15:24:29 POLARIS_LOG {"event":"send_rate","rate":304000,"ts":1760455469.5747173}
2025/10/14 15:24:30 POLARIS_LOG {"event":"send_rate","rate":304000,"ts":1760455470.5986207}
2025/10/14 15:24:31 POLARIS_LOG {"event":"send_rate","rate":296000,"ts":1760455471.5753202}
2025/10/14 15:24:32 POLARIS_LOG {"event":"send_rate","rate":304000,"ts":1760455472.584468}
2025/10/14 15:24:33 POLARIS_LOG {"event":"send_rate","rate":296000,"ts":1760455473.5781486}
2025/10/14 15:24:34 POLARIS_LOG {"event":"send_rate","rate":296000,"ts":1760455474.5748632}
2025/10/14 15:24:35 POLARIS_LOG {"event":"send_rate","rate":304000,"ts":1760455475.5767636}
2025/10/14 15:24:36 POLARIS_LOG {"event":"send_rate","rate":296000,"ts":1760455476.5761766}
2025/10/14 15:24:37 POLARIS_LOG {"event":"send_rate","rate":296000,"ts":1760455477.5941544}
2025/10/14 15:24:38 POLARIS_LOG {"event":"send_rate","rate":304000,"ts":1760455478.5795832}
2025/10/14 15:24:39 POLARIS_LOG {"event":"send_rate","rate":304000,"ts":1760455479.5748403}
2025/10/14 15:24:40 POLARIS_LOG {"event":"send_rate","rate":296000,"ts":1760455480.5750995}
2025/10/14 15:24:41 POLARIS_LOG {"event":"send_rate","rate":296000,"ts":1760455481.5911021}
2025/10/14 15:24:42 POLARIS_LOG {"event":"send_rate","rate":312000,"ts":1760455482.5831835}
2025/10/14 15:24:43 POLARIS_LOG {"event":"send_rate","rate":296000,"ts":1760455483.5750086}
2025/10/14 15:24:44 POLARIS_LOG {"event":"send_rate","rate":304000,"ts":1760455484.5884926}
2025/10/14 15:24:45 POLARIS_LOG {"event":"send_rate","rate":296000,"ts":1760455485.5743685}
2025/10/14 15:24:46 POLARIS_LOG {"event":"send_rate","rate":296000,"ts":1760455486.5747206}
2025/10/14 15:24:47 POLARIS_LOG {"event":"send_rate","rate":304000,"ts":1760455487.5743604}
2025/10/14 15:24:48 POLARIS_LOG {"event":"send_rate","rate":304000,"ts":1760455488.5834324}
2025/10/14 15:24:49 POLARIS_LOG {"event":"send_rate","rate":296000,"ts":1760455489.577722}
2025/10/14 15:24:50 POLARIS_LOG {"event":"send_rate","rate":304000,"ts":1760455490.589668}
2025/10/14 15:24:51 POLARIS_LOG {"event":"send_rate","rate":296000,"ts":1760455491.5756764}
2025/10/14 15:24:52 POLARIS_LOG {"event":"send_rate","rate":296000,"ts":1760455492.5793576}
2025/10/14 15:24:53 POLARIS_LOG {"event":"send_rate","rate":304000,"ts":1760455493.5752053}
2025/10/14 15:24:54 POLARIS_LOG {"event":"send_rate","rate":304000,"ts":1760455494.589014}
2025/10/14 15:24:55 POLARIS_LOG {"event":"send_rate","rate":288000,"ts":1760455495.5771935}
2025/10/14 15:24:56 POLARIS_LOG {"event":"send_rate","rate":304000,"ts":1760455496.574596}
2025/10/14 15:24:57 POLARIS_LOG {"event":"send_rate","rate":304000,"ts":1760455497.5743492}
2025/10/14 15:24:58 POLARIS_LOG {"event":"send_rate","rate":296000,"ts":1760455498.575472}
2025/10/14 15:24:59 POLARIS_LOG {"event":"send_rate","rate":304000,"ts":1760455499.575376}
2025/10/14 15:25:00 POLARIS_LOG {"event":"send_rate","rate":296000,"ts":1760455500.5747435}
2025/10/14 15:25:01 POLARIS_LOG {"event":"send_rate","rate":304000,"ts":1760455501.5750713}
2025/10/14 15:25:02 POLARIS_LOG {"event":"send_rate","rate":296000,"ts":1760455502.575128}
2025/10/14 15:25:03 POLARIS_LOG {"event":"send_rate","rate":304000,"ts":1760455503.5755177}
2025/10/14 15:25:04 POLARIS_LOG {"event":"send_rate","rate":296000,"ts":1760455504.5746782}
2025/10/14 15:25:05 POLARIS_LOG {"event":"send_rate","rate":304000,"ts":1760455505.574813}
2025/10/14 15:25:06 POLARIS_LOG {"event":"send_rate","rate":312000,"ts":1760455506.6207855}
2025/10/14 15:25:07 POLARIS_LOG {"event":"send_rate","rate":288000,"ts":1760455507.5832508}
2025/10/14 15:25:08 POLARIS_LOG {"event":"send_rate","rate":296000,"ts":1760455508.575051}
2025/10/14 15:25:09 POLARIS_LOG {"event":"send_rate","rate":304000,"ts":1760455509.575219}
2025/10/14 15:25:10 POLARIS_LOG {"event":"send_rate","rate":296000,"ts":1760455510.5752563}
2025/10/14 15:25:11 POLARIS_LOG {"event":"send_rate","rate":304000,"ts":1760455511.5892823}
2025/10/14 15:25:12 POLARIS_LOG {"event":"send_rate","rate":296000,"ts":1760455512.5743885}
2025/10/14 15:25:13 POLARIS_LOG {"event":"send_rate","rate":304000,"ts":1760455513.575545}
2025/10/14 15:25:14 POLARIS_LOG {"event":"send_rate","rate":296000,"ts":1760455514.5804203}
2025/10/14 15:25:15 POLARIS_LOG {"event":"send_rate","rate":304000,"ts":1760455515.5753078}
2025/10/14 15:25:16 POLARIS_LOG {"event":"send_rate","rate":296000,"ts":1760455516.5761802}
2025/10/14 15:25:17 POLARIS_LOG {"event":"send_rate","rate":296000,"ts":1760455517.575972}
2025/10/14 15:25:18 POLARIS_LOG {"event":"send_rate","rate":304000,"ts":1760455518.5760555}
2025/10/14 15:25:19 POLARIS_LOG {"event":"send_rate","rate":304000,"ts":1760455519.575075}
2025/10/14 15:25:20 POLARIS_LOG {"event":"send_rate","rate":296000,"ts":1760455520.576125}
2025/10/14 15:25:21 POLARIS_LOG {"event":"send_rate","rate":304000,"ts":1760455521.5747533}
2025/10/14 15:25:22 POLARIS_LOG {"event":"send_rate","rate":296000,"ts":1760455522.578392}
2025/10/14 15:25:23 POLARIS_LOG {"event":"send_rate","rate":304000,"ts":1760455523.5767448}
2025/10/14 15:25:24 POLARIS_LOG {"event":"send_rate","rate":296000,"ts":1760455524.5825953}
2025/10/14 15:25:25 POLARIS_LOG {"event":"send_rate","rate":304000,"ts":1760455525.5769985}
2025/10/14 15:25:26 POLARIS_LOG {"event":"send_rate","rate":296000,"ts":1760455526.578394}
2025/10/14 15:25:27 POLARIS_LOG {"event":"send_rate","rate":312000,"ts":1760455527.6005154}
2025/10/14 15:25:28 POLARIS_LOG {"event":"send_rate","rate":288000,"ts":1760455528.5761666}
2025/10/14 15:25:29 POLARIS_LOG {"event":"send_rate","rate":304000,"ts":1760455529.5764613}
2025/10/14 15:25:30 POLARIS_LOG {"event":"send_rate","rate":296000,"ts":1760455530.575042}
2025/10/14 15:25:31 POLARIS_LOG {"event":"send_rate","rate":304000,"ts":1760455531.574384}
2025/10/14 15:25:32 POLARIS_LOG {"event":"send_rate","rate":296000,"ts":1760455532.5753195}
2025/10/14 15:25:33 POLARIS_LOG {"event":"send_rate","rate":296000,"ts":1760455533.5763733}
2025/10/14 15:25:34 POLARIS_LOG {"event":"send_rate","rate":304000,"ts":1760455534.5785477}
2025/10/14 15:25:35 POLARIS_LOG {"event":"send_rate","rate":304000,"ts":1760455535.5757868}
2025/10/14 15:25:36 POLARIS_LOG {"event":"send_rate","rate":296000,"ts":1760455536.5750334}
2025/10/14 15:25:37 POLARIS_LOG {"event":"send_rate","rate":296000,"ts":1760455537.5753124}
2025/10/14 15:25:38 POLARIS_LOG {"event":"send_rate","rate":304000,"ts":1760455538.5759046}
2025/10/14 15:25:39 POLARIS_LOG {"event":"send_rate","rate":304000,"ts":1760455539.5751204}
2025/10/14 15:25:40 POLARIS_LOG {"event":"send_rate","rate":296000,"ts":1760455540.5749784}
2025/10/14 15:25:41 POLARIS_LOG {"event":"send_rate","rate":296000,"ts":1760455541.5743778}
2025/10/14 15:25:42 POLARIS_LOG {"event":"send_rate","rate":304000,"ts":1760455542.5749826}
2025/10/14 15:25:43 POLARIS_LOG {"event":"send_rate","rate":304000,"ts":1760455543.5751877}
2025/10/14 15:25:44 POLARIS_LOG {"event":"send_rate","rate":296000,"ts":1760455544.5790105}
2025/10/14 15:25:45 POLARIS_LOG {"event":"send_rate","rate":304000,"ts":1760455545.577139}
2025/10/14 15:25:46 POLARIS_LOG {"event":"send_rate","rate":296000,"ts":1760455546.574602}
2025/10/14 15:25:47 POLARIS_LOG {"event":"send_rate","rate":304000,"ts":1760455547.5763662}
2025/10/14 15:25:48 POLARIS_LOG {"event":"send_rate","rate":296000,"ts":1760455548.5764854}
2025/10/14 15:25:49 POLARIS_LOG {"event":"send_rate","rate":304000,"ts":1760455549.5767941}
2025/10/14 15:25:50 POLARIS_LOG {"event":"send_rate","rate":304000,"ts":1760455550.6080947}
2025/10/14 15:25:51 POLARIS_LOG {"event":"send_rate","rate":288000,"ts":1760455551.5773597}
2025/10/14 15:25:51 POLARIS_LOG {"candidates":13,"candidates_unfiltered":13,"current_rate":288000,"estimated_share":500000,"event":"path_switch","max_estimated_share":666500,"new":"2 2 5 2","old":"1 1 7 7 2 4","trigger":"scheduled","ts":1760455551.5777469}
2025/10/14 15:25:52 POLARIS_LOG {"event":"send_rate","rate":296000,"ts":1760455552.600069}
2025/10/14 15:25:53 POLARIS_LOG {"event":"send_rate","rate":312000,"ts":1760455553.5856512}
2025/10/14 15:25:54 POLARIS_LOG {"event":"send_rate","rate":296000,"ts":1760455554.5840778}
2025/10/14 15:25:55 POLARIS_LOG {"event":"send_rate","rate":304000,"ts":1760455555.5820029}
2025/10/14 15:25:56 POLARIS_LOG {"event":"send_rate","rate":296000,"ts":1760455556.5760286}
2025/10/14 15:25:57 POLARIS_LOG {"event":"send_rate","rate":296000,"ts":1760455557.5753}
2025/10/14 15:25:58 POLARIS_LOG {"event":"send_rate","rate":304000,"ts":1760455558.5764196}
2025/10/14 15:25:59 POLARIS_LOG {"event":"send_rate","rate":304000,"ts":1760455559.5756664}
2025/10/14 15:26:00 POLARIS_LOG {"event":"send_rate","rate":296000,"ts":1760455560.578922}
2025/10/14 15:26:01 POLARIS_LOG {"event":"send_rate","rate":296000,"ts":1760455561.674222}
2025/10/14 15:26:02 POLARIS_LOG {"event":"send_rate","rate":304000,"ts":1760455562.5765615}
2025/10/14 15:26:03 POLARIS_LOG {"event":"send_rate","rate":296000,"ts":1760455563.5805876}
2025/10/14 15:26:04 POLARIS_LOG {"event":"send_rate","rate":328000,"ts":1760455564.6548429}
2025/10/14 15:26:05 POLARIS_LOG {"event":"send_rate","rate":280000,"ts":1760455565.5753589}
2025/10/14 15:26:06 POLARIS_LOG {"event":"send_rate","rate":304000,"ts":1760455566.6291618}
2025/10/14 15:26:07 POLARIS_LOG {"event":"send_rate","rate":296000,"ts":1760455567.5757825}
2025/10/14 15:26:08 POLARIS_LOG {"event":"send_rate","rate":328000,"ts":1760455568.6868148}
2025/10/14 15:26:09 POLARIS_LOG {"event":"send_rate","rate":272000,"ts":1760455569.580218}
2025/10/14 15:26:10 POLARIS_LOG {"event":"send_rate","rate":296000,"ts":1760455570.5751705}
2025/10/14 15:26:11 POLARIS_LOG {"event":"send_rate","rate":296000,"ts":1760455571.6044977}
2025/10/14 15:26:12 POLARIS_LOG {"event":"send_rate","rate":304000,"ts":1760455572.5751061}
2025/10/14 15:26:13 POLARIS_LOG {"event":"send_rate","rate":304000,"ts":1760455573.5914145}
2025/10/14 15:26:14 POLARIS_LOG {"event":"send_rate","rate":296000,"ts":1760455574.5793204}
2025/10/14 15:26:15 POLARIS_LOG {"event":"send_rate","rate":304000,"ts":1760455575.578281}
2025/10/14 15:26:16 POLARIS_LOG {"event":"send_rate","rate":296000,"ts":1760455576.5795343}
2025/10/14 15:26:17 POLARIS_LOG {"event":"send_rate","rate":296000,"ts":1760455577.6070676}
2025/10/14 15:26:18 POLARIS_LOG {"event":"send_rate","rate":304000,"ts":1760455578.574638}
2025/10/14 15:26:19 POLARIS_LOG {"event":"send_rate","rate":296000,"ts":1760455579.5839636}
2025/10/14 15:26:20 POLARIS_LOG {"event":"send_rate","rate":304000,"ts":1760455580.5849473}
2025/10/14 15:26:21 POLARIS_LOG {"event":"send_rate","rate":296000,"ts":1760455581.5755603}
2025/10/14 15:26:22 POLARIS_LOG {"event":"send_rate","rate":304000,"ts":1760455582.5750005}
2025/10/14 15:26:23 POLARIS_LOG {"event":"send_rate","rate":304000,"ts":1760455583.5763097}
2025/10/14 15:26:24 POLARIS_LOG {"event":"send_rate","rate":296000,"ts":1760455584.5762544}
2025/10/14 15:26:25 POLARIS_LOG {"event":"send_rate","rate":296000,"ts":1760455585.586081}
2025/10/14 15:26:26 POLARIS_LOG {"event":"send_rate","rate":304000,"ts":1760455586.5751796}
2025/10/14 15:26:27 POLARIS_LOG {"event":"send_rate","rate":296000,"ts":1760455587.5748308}
2025/10/14 15:26:28 POLARIS_LOG {"event":"send_rate","rate":304000,"ts":1760455588.5750844}
2025/10/14 15:26:29 POLARIS_LOG {"event":"send_rate","rate":304000,"ts":1760455589.5937586}
2025/10/14 15:26:30 POLARIS_LOG {"event":"send_rate","rate":296000,"ts":1760455590.5752144}
2025/10/14 15:26:31 POLARIS_LOG {"event":"send_rate","rate":304000,"ts":1760455591.5830624}
2025/10/14 15:26:32 POLARIS_LOG {"event":"send_rate","rate":296000,"ts":1760455592.579654}
2025/10/14 15:26:33 POLARIS_LOG {"event":"send_rate","rate":304000,"ts":1760455593.5784576}
2025/10/14 15:26:34 POLARIS_LOG {"event":"send_rate","rate":296000,"ts":1760455594.5751455}
2025/10/14 15:26:35 POLARIS_LOG {"event":"send_rate","rate":296000,"ts":1760455595.5771463}
2025/10/14 15:26:36 POLARIS_LOG {"event":"send_rate","rate":304000,"ts":1760455596.5760498}
2025/10/14 15:26:37 POLARIS_LOG {"event":"send_rate","rate":296000,"ts":1760455597.575028}
2025/10/14 15:26:38 POLARIS_LOG {"event":"send_rate","rate":304000,"ts":1760455598.5800462}
2025/10/14 15:26:39 POLARIS_LOG {"event":"send_rate","rate":296000,"ts":1760455599.5745609}
2025/10/14 15:26:40 POLARIS_LOG {"event":"send_rate","rate":304000,"ts":1760455600.5751076}
2025/10/14 15:26:41 POLARIS_LOG {"event":"send_rate","rate":296000,"ts":1760455601.5777016}
2025/10/14 15:26:42 POLARIS_LOG {"event":"send_rate","rate":304000,"ts":1760455602.5875864}
2025/10/14 15:26:43 POLARIS_LOG {"event":"send_rate","rate":296000,"ts":1760455603.5777056}
2025/10/14 15:26:44 POLARIS_LOG {"event":"send_rate","rate":304000,"ts":1760455604.5747778}
2025/10/14 15:26:45 POLARIS_LOG {"event":"send_rate","rate":296000,"ts":1760455605.5750773}
2025/10/14 15:26:46 POLARIS_LOG {"event":"send_rate","rate":304000,"ts":1760455606.5755372}
2025/10/14 15:26:47 POLARIS_LOG {"event":"send_rate","rate":296000,"ts":1760455607.5777538}
2025/10/14 15:26:48 POLARIS_LOG {"event":"send_rate","rate":304000,"ts":1760455608.5791714}
2025/10/14 15:26:49 POLARIS_LOG {"event":"send_rate","rate":296000,"ts":1760455609.577858}
2025/10/14 15:26:50 POLARIS_LOG {"event":"send_rate","rate":304000,"ts":1760455610.5774276}
2025/10/14 15:26:51 POLARIS_LOG {"event":"send_rate","rate":296000,"ts":1760455611.5764012}
2025/10/14 15:26:52 POLARIS_LOG {"event":"send_rate","rate":304000,"ts":1760455612.575868}
2025/10/14 15:26:53 POLARIS_LOG {"event":"send_rate","rate":296000,"ts":1760455613.5757394}
2025/10/14 15:26:54 POLARIS_LOG {"event":"send_rate","rate":304000,"ts":1760455614.5770123}
2025/10/14 15:26:55 POLARIS_LOG {"event":"send_rate","rate":296000,"ts":1760455615.5747669}
2025/10/14 15:26:56 POLARIS_LOG {"event":"send_rate","rate":304000,"ts":1760455616.577445}
2025/10/14 15:26:57 POLARIS_LOG {"event":"send_rate","rate":296000,"ts":1760455617.5761118}
2025/10/14 15:26:58 POLARIS_LOG {"event":"send_rate","rate":304000,"ts":1760455618.5751848}
2025/10/14 15:26:59 POLARIS_LOG {"event":"send_rate","rate":296000,"ts":1760455619.5745032}
2025/10/14 15:27:00 POLARIS_LOG {"event":"send_rate","rate":296000,"ts":1760455620.5746875}
2025/10/14 15:27:01 POLARIS_LOG {"event":"send_rate","rate":304000,"ts":1760455621.5752053}
2025/10/14 15:27:02 POLARIS_LOG {"event":"send_rate","rate":304000,"ts":1760455622.5755467}
2025/10/14 15:27:03 POLARIS_LOG {"event":"send_rate","rate":296000,"ts":1760455623.574643}
2025/10/14 15:27:04 POLARIS_LOG {"event":"send_rate","rate":296000,"ts":1760455624.5894706}
2025/10/14 15:27:05 POLARIS_LOG {"event":"send_rate","rate":320000,"ts":1760455625.6082609}
2025/10/14 15:27:06 POLARIS_LOG {"event":"send_rate","rate":288000,"ts":1760455626.5755966}
2025/10/14 15:27:07 POLARIS_LOG {"event":"send_rate","rate":304000,"ts":1760455627.5836089}
2025/10/14 15:27:08 POLARIS_LOG {"event":"send_rate","rate":288000,"ts":1760455628.5752158}
2025/10/14 15:27:09 POLARIS_LOG {"event":"send_rate","rate":304000,"ts":1760455629.5753317}
2025/10/14 15:27:10 POLARIS_LOG {"event":"send_rate","rate":304000,"ts":1760455630.5768576}
2025/10/14 15:27:11 POLARIS_LOG {"event":"send_rate","rate":296000,"ts":1760455631.5753424}
2025/10/14 15:27:12 POLARIS_LOG {"event":"send_rate","rate":304000,"ts":1760455632.5761945}
2025/10/14 15:27:13 POLARIS_LOG {"event":"send_rate","rate":296000,"ts":1760455633.5772502}
2025/10/14 15:27:14 POLARIS_LOG {"event":"send_rate","rate":304000,"ts":1760455634.57523}
2025/10/14 15:27:15 POLARIS_LOG {"event":"send_rate","rate":296000,"ts":1760455635.5746136}
2025/10/14 15:27:16 POLARIS_LOG {"event":"send_rate","rate":304000,"ts":1760455636.5785303}
2025/10/14 15:27:17 POLARIS_LOG {"event":"send_rate","rate":296000,"ts":1760455637.574759}
2025/10/14 15:27:18 POLARIS_LOG {"event":"send_rate","rate":304000,"ts":1760455638.5787983}
2025/10/14 15:27:19 POLARIS_LOG {"event":"send_rate","rate":296000,"ts":1760455639.5758367}
2025/10/14 15:27:20 POLARIS_LOG {"event":"send_rate","rate":312000,"ts":1760455640.604784}
2025/10/14 15:27:21 POLARIS_LOG {"event":"send_rate","rate":288000,"ts":1760455641.5762837}
2025/10/14 15:27:22 POLARIS_LOG {"event":"send_rate","rate":304000,"ts":1760455642.5747356}
2025/10/14 15:27:23 POLARIS_LOG {"event":"send_rate","rate":296000,"ts":1760455643.5751843}
Drain Loop received packet
Drain Loop received non-nil payload
Client sent 10125 packets, server reported 10079 packets received
The network loss rate from client to server is 0.5%

S->C results
Attempted bandwidth: 0 bps / 0.00 Mbps
Achieved bandwidth: 0 bps / 0.00 Mbps
Loss rate: 0.0%
Interarrival time min/avg/max/mdev = -0.000/0.000/0.000/0.000 ms

C->S results
Attempted bandwidth: 300000 bps / 0.30 Mbps
Achieved bandwidth: 298637 bps / 0.30 Mbps
Loss rate: 0.5%
Interarrival time min/avg/max/mdev = 0.002/26.562/288.908/16.197 ms
