
Test parameters:
client->server: 300 seconds, 1000 bytes, 11250 packets
server->client: 300 seconds, 1000 bytes, 0 packets
2025/10/14 15:22:21 POLARIS_LOG {"current_rate":0,"event":"path_switch","new":"2 2 5 2","trigger":"initialization","ts":1760455341.5631921}
Polaris prober initialized with 38 paths
Polaris prober initialized with local 1-111,10.111.0.71:32764 and remote 1-113,10.113.0.71
2025/10/14 15:22:22 POLARIS_LOG {"event":"send_rate","rate":304000,"ts":1760455342.5638793}
2025/10/14 15:22:23 POLARIS_LOG {"event":"send_rate","rate":296000,"ts":1760455343.5639682}
2025/10/14 15:22:24 POLARIS_LOG {"event":"send_rate","rate":304000,"ts":1760455344.563817}
2025/10/14 15:22:25 POLARIS_LOG {"event":"send_rate","rate":296000,"ts":1760455345.564555}
2025/10/14 15:22:26 POLARIS_LOG {"event":"send_rate","rate":304000,"ts":1760455346.564155}
2025/10/14 15:22:27 POLARIS_LOG {"event":"send_rate","rate":296000,"ts":1760455347.5646515}
2025/10/14 15:22:28 POLARIS_LOG {"event":"send_rate","rate":304000,"ts":1760455348.5646138}
2025/10/14 15:22:29 POLARIS_LOG {"event":"send_rate","rate":296000,"ts":1760455349.5642529}
2025/10/14 15:22:30 POLARIS_LOG {"event":"send_rate","rate":304000,"ts":1760455350.5646758}
2025/10/14 15:22:31 POLARIS_LOG {"event":"send_rate","rate":296000,"ts":1760455351.5637915}
2025/10/14 15:22:32 POLARIS_LOG {"event":"send_rate","rate":304000,"ts":1760455352.5644803}
2025/10/14 15:22:33 POLARIS_LOG {"event":"send_rate","rate":296000,"ts":1760455353.5638413}
2025/10/14 15:22:34 POLARIS_LOG {"event":"send_rate","rate":304000,"ts":1760455354.566655}
2025/10/14 15:22:35 POLARIS_LOG {"event":"send_rate","rate":296000,"ts":1760455355.5645726}
2025/10/14 15:22:36 POLARIS_LOG {"event":"send_rate","rate":304000,"ts":1760455356.5642505}
2025/10/14 15:22:37 POLARIS_LOG {"event":"send_rate","rate":296000,"ts":1760455357.5638952}
2025/10/14 15:22:38 POLARIS_LOG {"event":"send_rate","rate":304000,"ts":1760455358.5772538}
2025/10/14 15:22:39 POLARIS_LOG {"event":"send_rate","rate":296000,"ts":1760455359.5647335}
2025/10/14 15:22:40 POLARIS_LOG {"event":"send_rate","rate":304000,"ts":1760455360.568096}
2025/10/14 15:22:41 POLARIS_LOG {"event":"send_rate","rate":296000,"ts":1760455361.5641687}
2025/10/14 15:22:42 POLARIS_LOG {"event":"send_rate","rate":304000,"ts":1760455362.5640538}
2025/10/14 15:22:43 POLARIS_LOG {"event":"send_rate","rate":296000,"ts":1760455363.5681255}
2025/10/14 15:22:44 POLARIS_LOG {"event":"send_rate","rate":304000,"ts":1760455364.5647025}
2025/10/14 15:22:45 POLARIS_LOG {"event":"send_rate","rate":296000,"ts":1760455365.5652714}
2025/10/14 15:22:46 POLARIS_LOG {"event":"send_rate","rate":304000,"ts":1760455366.5715795}
2025/10/14 15:22:47 POLARIS_LOG {"event":"send_rate","rate":296000,"ts":1760455367.5644345}
2025/10/14 15:22:48 POLARIS_LOG {"event":"send_rate","rate":304000,"ts":1760455368.569784}
2025/10/14 15:22:49 POLARIS_LOG {"event":"send_rate","rate":296000,"ts":1760455369.5641656}
2025/10/14 15:22:50 POLARIS_LOG {"event":"send_rate","rate":304000,"ts":1760455370.5657306}
2025/10/14 15:22:51 POLARIS_LOG {"event":"send_rate","rate":208000,"ts":1760455371.5684147}
2025/10/14 15:22:52 POLARIS_LOG {"event":"send_rate","rate":72000,"ts":1760455372.5644336}
2025/10/14 15:22:53 POLARIS_LOG {"event":"send_rate","rate":72000,"ts":1760455373.564493}
2025/10/14 15:22:54 POLARIS_LOG {"event":"send_rate","rate":56000,"ts":1760455374.5688322}
2025/10/14 15:22:55 POLARIS_LOG {"event":"send_rate","rate":64000,"ts":1760455375.5702891}
2025/10/14 15:22:56 POLARIS_LOG {"event":"send_rate","rate":96000,"ts":1760455376.5646536}
2025/10/14 15:22:57 POLARIS_LOG {"event":"send_rate","rate":96000,"ts":1760455377.563721}
2025/10/14 15:22:58 POLARIS_LOG {"event":"send_rate","rate":104000,"ts":1760455378.5636973}
2025/10/14 15:22:59 POLARIS_LOG {"event":"send_rate","rate":104000,"ts":1760455379.5650883}
2025/10/14 15:23:00 POLARIS_LOG {"event":"send_rate","rate":144000,"ts":1760455380.56708}
2025/10/14 15:23:01 POLARIS_LOG {"candidates":2,"candidates_unfiltered":25,"current_rate":144000,"estimated_share":1000000,"event":"path_switch","max_estimated_share":1000000,"new":"1 1 7 7 2 4","old":"2 2 5 2","trigger":"scheduled","ts":1760455381.5661368}
2025/10/14 15:23:01 POLARIS_LOG {"event":"send_rate","rate":168000,"ts":1760455381.5677865}
2025/10/14 15:23:02 POLARIS_LOG {"event":"send_rate","rate":2416000,"ts":1760455382.6317916}
2025/10/14 15:23:03 POLARIS_LOG {"event":"send_rate","rate":296000,"ts":1760455383.5667608}
2025/10/14 15:23:04 POLARIS_LOG {"event":"send_rate","rate":304000,"ts":1760455384.5662122}
2025/10/14 15:23:05 POLARIS_LOG {"event":"send_rate","rate":296000,"ts":1760455385.5637567}
2025/10/14 15:23:06 POLARIS_LOG {"event":"send_rate","rate":304000,"ts":1760455386.5647867}
2025/10/14 15:23:07 POLARIS_LOG {"event":"send_rate","rate":296000,"ts":1760455387.5641403}
2025/10/14 15:23:08 POLARIS_LOG {"event":"send_rate","rate":312000,"ts":1760455388.6101577}
2025/10/14 15:23:09 POLARIS_LOG {"event":"send_rate","rate":288000,"ts":1760455389.570409}
2025/10/14 15:23:10 POLARIS_LOG {"event":"send_rate","rate":304000,"ts":1760455390.5637994}
2025/10/14 15:23:11 POLARIS_LOG {"event":"send_rate","rate":296000,"ts":1760455391.5643554}
2025/10/14 15:23:12 POLARIS_LOG {"event":"send_rate","rate":320000,"ts":1760455392.616424}
2025/10/14 15:23:13 POLARIS_LOG {"event":"send_rate","rate":280000,"ts":1760455393.5644727}
2025/10/14 15:23:14 POLARIS_LOG {"event":"send_rate","rate":304000,"ts":1760455394.5662372}
2025/10/14 15:23:15 POLARIS_LOG {"event":"send_rate","rate":296000,"ts":1760455395.5639675}
2025/10/14 15:23:16 POLARIS_LOG {"event":"send_rate","rate":304000,"ts":1760455396.5650256}
2025/10/14 15:23:17 POLARIS_LOG {"event":"send_rate","rate":296000,"ts":1760455397.5668678}
2025/10/14 15:23:18 POLARIS_LOG {"event":"send_rate","rate":304000,"ts":1760455398.5637221}
2025/10/14 15:23:19 POLARIS_LOG {"event":"send_rate","rate":296000,"ts":1760455399.5644407}
2025/10/14 15:23:20 POLARIS_LOG {"event":"send_rate","rate":304000,"ts":1760455400.5648344}
2025/10/14 15:23:21 POLARIS_LOG {"event":"send_rate","rate":296000,"ts":1760455401.5651891}
2025/10/14 15:23:22 POLARIS_LOG {"event":"send_rate","rate":304000,"ts":1760455402.5646713}
2025/10/14 15:23:23 POLARIS_LOG {"event":"send_rate","rate":296000,"ts":1760455403.5713325}
2025/10/14 15:23:24 POLARIS_LOG {"event":"send_rate","rate":304000,"ts":1760455404.5642824}
2025/10/14 15:23:25 POLARIS_LOG {"event":"send_rate","rate":296000,"ts":1760455405.5636485}
2025/10/14 15:23:26 POLARIS_LOG {"event":"send_rate","rate":304000,"ts":1760455406.5638962}
2025/10/14 15:23:27 POLARIS_LOG {"event":"send_rate","rate":296000,"ts":1760455407.5716782}
2025/10/14 15:23:28 POLARIS_LOG {"event":"send_rate","rate":304000,"ts":1760455408.5877542}
2025/10/14 15:23:29 POLARIS_LOG {"event":"send_rate","rate":296000,"ts":1760455409.5662508}
2025/10/14 15:23:30 POLARIS_LOG {"event":"send_rate","rate":304000,"ts":1760455410.5762453}
2025/10/14 15:23:31 POLARIS_LOG {"event":"send_rate","rate":296000,"ts":1760455411.56568}
2025/10/14 15:23:32 POLARIS_LOG {"event":"send_rate","rate":304000,"ts":1760455412.5682993}
2025/10/14 15:23:33 POLARIS_LOG {"event":"send_rate","rate":296000,"ts":1760455413.5753794}
2025/10/14 15:23:34 POLARIS_LOG {"event":"send_rate","rate":296000,"ts":1760455414.5718613}
2025/10/14 15:23:35 POLARIS_LOG {"event":"send_rate","rate":304000,"ts":1760455415.5642495}
2025/10/14 15:23:36 POLARIS_LOG {"event":"send_rate","rate":296000,"ts":1760455416.5664294}
2025/10/14 15:23:37 POLARIS_LOG {"event":"send_rate","rate":304000,"ts":1760455417.563893}
2025/10/14 15:23:38 POLARIS_LOG {"event":"send_rate","rate":296000,"ts":1760455418.5677493}
2025/10/14 15:23:39 POLARIS_LOG {"event":"send_rate","rate":320000,"ts":1760455419.6059191}
2025/10/14 15:23:40 POLARIS_LOG {"event":"send_rate","rate":280000,"ts":1760455420.567871}
2025/10/14 15:23:41 POLARIS_LOG {"event":"send_rate","rate":304000,"ts":1760455421.564079}
2025/10/14 15:23:42 POLARIS_LOG {"event":"send_rate","rate":304000,"ts":1760455422.5643394}
2025/10/14 15:23:43 POLARIS_LOG {"event":"send_rate","rate":296000,"ts":1760455423.5636573}
2025/10/14 15:23:44 POLARIS_LOG {"event":"send_rate","rate":304000,"ts":1760455424.5693016}
2025/10/14 15:23:45 POLARIS_LOG {"event":"send_rate","rate":296000,"ts":1760455425.5647488}
2025/10/14 15:23:46 POLARIS_LOG {"event":"send_rate","rate":304000,"ts":1760455426.5704446}
2025/10/14 15:23:47 POLARIS_LOG {"event":"send_rate","rate":296000,"ts":1760455427.5648222}
2025/10/14 15:23:48 POLARIS_LOG {"event":"send_rate","rate":304000,"ts":1760455428.5653846}
2025/10/14 15:23:49 POLARIS_LOG {"event":"send_rate","rate":296000,"ts":1760455429.5644898}
2025/10/14 15:23:50 POLARIS_LOG {"event":"send_rate","rate":296000,"ts":1760455430.5703936}
2025/10/14 15:23:51 POLARIS_LOG {"event":"send_rate","rate":304000,"ts":1760455431.5643327}
2025/10/14 15:23:52 POLARIS_LOG {"event":"send_rate","rate":304000,"ts":1760455432.5644026}
2025/10/14 15:23:53 POLARIS_LOG {"event":"send_rate","rate":296000,"ts":1760455433.571382}
2025/10/14 15:23:54 POLARIS_LOG {"event":"send_rate","rate":304000,"ts":1760455434.5839298}
2025/10/14 15:23:55 POLARIS_LOG {"event":"send_rate","rate":296000,"ts":1760455435.5662322}
2025/10/14 15:23:56 POLARIS_LOG {"event":"send_rate","rate":304000,"ts":1760455436.5669224}
2025/10/14 15:23:57 POLARIS_LOG {"event":"send_rate","rate":296000,"ts":1760455437.5663264}
2025/10/14 15:23:58 POLARIS_LOG {"event":"send_rate","rate":296000,"ts":1760455438.5642781}
2025/10/14 15:23:59 POLARIS_LOG {"event":"send_rate","rate":304000,"ts":1760455439.5636415}
2025/10/14 15:24:00 POLARIS_LOG {"event":"send_rate","rate":312000,"ts":1760455440.5983114}
2025/10/14 15:24:01 POLARIS_LOG {"event":"send_rate","rate":288000,"ts":1760455441.5646448}
2025/10/14 15:24:02 POLARIS_LOG {"event":"send_rate","rate":296000,"ts":1760455442.5636647}
2025/10/14 15:24:03 POLARIS_LOG {"event":"send_rate","rate":312000,"ts":1760455443.5984263}
2025/10/14 15:24:04 POLARIS_LOG {"event":"send_rate","rate":288000,"ts":1760455444.5636992}
2025/10/14 15:24:05 POLARIS_LOG {"event":"send_rate","rate":304000,"ts":1760455445.5640547}
2025/10/14 15:24:06 POLARIS_LOG {"event":"send_rate","rate":304000,"ts":1760455446.5805602}
2025/10/14 15:24:07 POLARIS_LOG {"event":"send_rate","rate":296000,"ts":1760455447.5644126}
2025/10/14 15:24:08 POLARIS_LOG {"event":"send_rate","rate":296000,"ts":1760455448.566842}
2025/10/14 15:24:09 POLARIS_LOG {"event":"send_rate","rate":304000,"ts":1760455449.563875}
2025/10/14 15:24:10 POLARIS_LOG {"event":"send_rate","rate":296000,"ts":1760455450.5646675}
2025/10/14 15:24:11 POLARIS_LOG {"event":"send_rate","rate":304000,"ts":1760455451.5647078}
2025/10/14 15:24:12 POLARIS_LOG {"event":"send_rate","rate":304000,"ts":1760455452.5697129}
2025/10/14 15:24:13 POLARIS_LOG {"event":"send_rate","rate":296000,"ts":1760455453.5656323}
2025/10/14 15:24:14 POLARIS_LOG {"event":"send_rate","rate":296000,"ts":1760455454.5647554}
2025/10/14 15:24:15 POLARIS_LOG {"event":"send_rate","rate":304000,"ts":1760455455.5642064}
2025/10/14 15:24:16 POLARIS_LOG {"event":"send_rate","rate":312000,"ts":1760455456.6018314}
2025/10/14 15:24:17 POLARIS_LOG {"event":"send_rate","rate":288000,"ts":1760455457.5645785}
2025/10/14 15:24:18 POLARIS_LOG {"event":"send_rate","rate":304000,"ts":1760455458.5671818}
2025/10/14 15:24:19 POLARIS_LOG {"event":"send_rate","rate":296000,"ts":1760455459.5637379}
2025/10/14 15:24:20 POLARIS_LOG {"event":"send_rate","rate":304000,"ts":1760455460.570901}
2025/10/14 15:24:21 POLARIS_LOG {"event":"send_rate","rate":296000,"ts":1760455461.5638177}
2025/10/14 15:24:22 POLARIS_LOG {"event":"send_rate","rate":304000,"ts":1760455462.567056}
2025/10/14 15:24:23 POLARIS_LOG {"event":"send_rate","rate":296000,"ts":1760455463.5644627}
2025/10/14 15:24:24 POLARIS_LOG {"event":"send_rate","rate":296000,"ts":1760455464.5641348}
2025/10/14 15:24:25 POLARIS_LOG {"event":"send_rate","rate":312000,"ts":1760455465.5824144}
2025/10/14 15:24:26 POLARIS_LOG {"event":"send_rate","rate":296000,"ts":1760455466.5735917}
2025/10/14 15:24:27 POLARIS_LOG {"event":"send_rate","rate":296000,"ts":1760455467.5648873}
2025/10/14 15:24:28 POLARIS_LOG {"event":"send_rate","rate":296000,"ts":1760455468.5640564}
2025/10/14 15:24:29 POLARIS_LOG {"event":"send_rate","rate":304000,"ts":1760455469.5642724}
2025/10/14 15:24:30 POLARIS_LOG {"event":"send_rate","rate":296000,"ts":1760455470.5649934}
2025/10/14 15:24:31 POLARIS_LOG {"event":"send_rate","rate":304000,"ts":1760455471.5638733}
2025/10/14 15:24:32 POLARIS_LOG {"event":"send_rate","rate":296000,"ts":1760455472.567208}
2025/10/14 15:24:33 POLARIS_LOG {"event":"send_rate","rate":304000,"ts":1760455473.5640867}
2025/10/14 15:24:34 POLARIS_LOG {"event":"send_rate","rate":296000,"ts":1760455474.5646725}
2025/10/14 15:24:35 POLARIS_LOG {"event":"send_rate","rate":304000,"ts":1760455475.5696864}
2025/10/14 15:24:36 POLARIS_LOG {"event":"send_rate","rate":296000,"ts":1760455476.5658948}
2025/10/14 15:24:37 POLARIS_LOG {"event":"send_rate","rate":304000,"ts":1760455477.5636916}
2025/10/14 15:24:38 POLARIS_LOG {"event":"send_rate","rate":312000,"ts":1760455478.6040127}
2025/10/14 15:24:39 POLARIS_LOG {"event":"send_rate","rate":288000,"ts":1760455479.5644975}
2025/10/14 15:24:40 POLARIS_LOG {"event":"send_rate","rate":296000,"ts":1760455480.5646954}
2025/10/14 15:24:41 POLARIS_LOG {"event":"send_rate","rate":304000,"ts":1760455481.564304}
2025/10/14 15:24:42 POLARIS_LOG {"event":"send_rate","rate":304000,"ts":1760455482.5869033}
2025/10/14 15:24:43 POLARIS_LOG {"event":"send_rate","rate":304000,"ts":1760455483.5894625}
2025/10/14 15:24:44 POLARIS_LOG {"event":"send_rate","rate":296000,"ts":1760455484.5884063}
2025/10/14 15:24:45 POLARIS_LOG {"event":"send_rate","rate":296000,"ts":1760455485.563906}
2025/10/14 15:24:46 POLARIS_LOG {"event":"send_rate","rate":296000,"ts":1760455486.564405}
2025/10/14 15:24:47 POLARIS_LOG {"event":"send_rate","rate":304000,"ts":1760455487.5650744}
2025/10/14 15:24:48 POLARIS_LOG {"event":"send_rate","rate":296000,"ts":1760455488.5640602}
2025/10/14 15:24:49 POLARIS_LOG {"event":"send_rate","rate":304000,"ts":1760455489.5685515}
2025/10/14 15:24:50 POLARIS_LOG {"event":"send_rate","rate":296000,"ts":1760455490.5639467}
2025/10/14 15:24:51 POLARIS_LOG {"event":"send_rate","rate":304000,"ts":1760455491.5640628}
2025/10/14 15:24:52 POLARIS_LOG {"event":"send_rate","rate":296000,"ts":1760455492.5668478}
2025/10/14 15:24:53 POLARIS_LOG {"event":"send_rate","rate":304000,"ts":1760455493.5662584}
2025/10/14 15:24:54 POLARIS_LOG {"event":"send_rate","rate":296000,"ts":1760455494.5641625}
2025/10/14 15:24:55 POLARIS_LOG {"event":"send_rate","rate":304000,"ts":1760455495.5657747}
2025/10/14 15:24:56 POLARIS_LOG {"event":"send_rate","rate":296000,"ts":1760455496.563836}
2025/10/14 15:24:57 POLARIS_LOG {"event":"send_rate","rate":304000,"ts":1760455497.5642433}
2025/10/14 15:24:58 POLARIS_LOG {"event":"send_rate","rate":296000,"ts":1760455498.5646296}
2025/10/14 15:24:59 POLARIS_LOG {"event":"send_rate","rate":304000,"ts":1760455499.5668535}
2025/10/14 15:25:00 POLARIS_LOG {"event":"send_rate","rate":296000,"ts":1760455500.565011}
2025/10/14 15:25:01 POLARIS_LOG {"event":"send_rate","rate":304000,"ts":1760455501.565917}
2025/10/14 15:25:02 POLARIS_LOG {"event":"send_rate","rate":296000,"ts":1760455502.565982}
2025/10/14 15:25:03 POLARIS_LOG {"event":"send_rate","rate":304000,"ts":1760455503.5674644}
2025/10/14 15:25:04 POLARIS_LOG {"event":"send_rate","rate":312000,"ts":1760455504.5979812}
2025/10/14 15:25:05 POLARIS_LOG {"event":"send_rate","rate":288000,"ts":1760455505.5654936}
2025/10/14 15:25:06 POLARIS_LOG {"event":"send_rate","rate":296000,"ts":1760455506.565312}
2025/10/14 15:25:07 POLARIS_LOG {"event":"send_rate","rate":312000,"ts":1760455507.5964692}
2025/10/14 15:25:08 POLARIS_LOG {"event":"send_rate","rate":288000,"ts":1760455508.5646122}
2025/10/14 15:25:09 POLARIS_LOG {"event":"send_rate","rate":304000,"ts":1760455509.5636706}
2025/10/14 15:25:10 POLARIS_LOG {"event":"send_rate","rate":296000,"ts":1760455510.567445}
2025/10/14 15:25:11 POLARIS_LOG {"event":"send_rate","rate":304000,"ts":1760455511.5660653}
2025/10/14 15:25:12 POLARIS_LOG {"event":"send_rate","rate":304000,"ts":1760455512.5743742}
2025/10/14 15:25:13 POLARIS_LOG {"event":"send_rate","rate":296000,"ts":1760455513.563811}
2025/10/14 15:25:14 POLARIS_LOG {"event":"send_rate","rate":296000,"ts":1760455514.5639749}
2025/10/14 15:25:15 POLARIS_LOG {"event":"send_rate","rate":304000,"ts":1760455515.5642698}
2025/10/14 15:25:16 POLARIS_LOG {"event":"send_rate","rate":304000,"ts":1760455516.5731273}
2025/10/14 15:25:17 POLARIS_LOG {"event":"send_rate","rate":296000,"ts":1760455517.5751386}
2025/10/14 15:25:18 POLARIS_LOG {"event":"send_rate","rate":296000,"ts":1760455518.5696354}
2025/10/14 15:25:19 POLARIS_LOG {"event":"send_rate","rate":304000,"ts":1760455519.5639565}
2025/10/14 15:25:20 POLARIS_LOG {"event":"send_rate","rate":296000,"ts":1760455520.5652342}
2025/10/14 15:25:21 POLARIS_LOG {"event":"send_rate","rate":304000,"ts":1760455521.5646691}
2025/10/14 15:25:22 POLARIS_LOG {"event":"send_rate","rate":296000,"ts":1760455522.5676358}
2025/10/14 15:25:23 POLARIS_LOG {"event":"send_rate","rate":304000,"ts":1760455523.5644393}
2025/10/14 15:25:24 POLARIS_LOG {"event":"send_rate","rate":296000,"ts":1760455524.5665526}
2025/10/14 15:25:25 POLARIS_LOG {"event":"send_rate","rate":304000,"ts":1760455525.5646544}
2025/10/14 15:25:26 POLARIS_LOG {"event":"send_rate","rate":296000,"ts":1760455526.5686147}
2025/10/14 15:25:27 POLARIS_LOG {"event":"send_rate","rate":304000,"ts":1760455527.5653107}
2025/10/14 15:25:28 POLARIS_LOG {"event":"send_rate","rate":296000,"ts":1760455528.5682065}
2025/10/14 15:25:29 POLARIS_LOG {"event":"send_rate","rate":304000,"ts":1760455529.5708408}
2025/10/14 15:25:30 POLARIS_LOG {"event":"send_rate","rate":296000,"ts":1760455530.564669}
2025/10/14 15:25:31 POLARIS_LOG {"event":"send_rate","rate":304000,"ts":1760455531.564127}
2025/10/14 15:25:32 POLARIS_LOG {"event":"send_rate","rate":296000,"ts":1760455532.564001}
2025/10/14 15:25:33 POLARIS_LOG {"event":"send_rate","rate":304000,"ts":1760455533.5640724}
2025/10/14 15:25:34 POLARIS_LOG {"event":"send_rate","rate":296000,"ts":1760455534.565339}
2025/10/14 15:25:35 POLARIS_LOG {"event":"send_rate","rate":312000,"ts":1760455535.586745}
2025/10/14 15:25:36 POLARIS_LOG {"event":"send_rate","rate":288000,"ts":1760455536.565174}
2025/10/14 15:25:37 POLARIS_LOG {"event":"send_rate","rate":304000,"ts":1760455537.5642729}
2025/10/14 15:25:38 POLARIS_LOG {"event":"send_rate","rate":304000,"ts":1760455538.5743506}
2025/10/14 15:25:39 POLARIS_LOG {"event":"send_rate","rate":296000,"ts":1760455539.564175}
2025/10/14 15:25:40 POLARIS_LOG {"event":"send_rate","rate":296000,"ts":1760455540.5648825}
2025/10/14 15:25:41 POLARIS_LOG {"event":"send_rate","rate":304000,"ts":1760455541.568851}
2025/10/14 15:25:42 POLARIS_LOG {"event":"send_rate","rate":296000,"ts":1760455542.5653074}
2025/10/14 15:25:43 POLARIS_LOG {"event":"send_rate","rate":304000,"ts":1760455543.6077425}
2025/10/14 15:25:44 POLARIS_LOG {"event":"send_rate","rate":296000,"ts":1760455544.5740058}
2025/10/14 15:25:45 POLARIS_LOG {"event":"send_rate","rate":304000,"ts":1760455545.5710409}
2025/10/14 15:25:46 POLARIS_LOG {"event":"send_rate","rate":304000,"ts":1760455546.5786777}
2025/10/14 15:25:47 POLARIS_LOG {"event":"send_rate","rate":288000,"ts":1760455547.5642638}
2025/10/14 15:25:48 POLARIS_LOG {"event":"send_rate","rate":304000,"ts":1760455548.5648348}
2025/10/14 15:25:49 POLARIS_LOG {"event":"send_rate","rate":304000,"ts":1760455549.565621}
2025/10/14 15:25:50 POLARIS_LOG {"event":"send_rate","rate":296000,"ts":1760455550.5637193}
2025/10/14 15:25:51 POLARIS_LOG {"event":"send_rate","rate":304000,"ts":1760455551.5637488}
2025/10/14 15:25:52 POLARIS_LOG {"event":"send_rate","rate":296000,"ts":1760455552.5671828}
2025/10/14 15:25:53 POLARIS_LOG {"event":"send_rate","rate":304000,"ts":1760455553.5824344}
2025/10/14 15:25:54 POLARIS_LOG {"event":"send_rate","rate":296000,"ts":1760455554.572389}
2025/10/14 15:25:55 POLARIS_LOG {"event":"send_rate","rate":304000,"ts":1760455555.5645437}
2025/10/14 15:25:56 POLARIS_LOG {"event":"send_rate","rate":296000,"ts":1760455556.5637643}
2025/10/14 15:25:57 POLARIS_LOG {"event":"send_rate","rate":296000,"ts":1760455557.5752976}
2025/10/14 15:25:58 POLARIS_LOG {"event":"send_rate","rate":304000,"ts":1760455558.572459}
2025/10/14 15:25:59 POLARIS_LOG {"event":"send_rate","rate":304000,"ts":1760455559.5677688}
2025/10/14 15:26:00 POLARIS_LOG {"event":"send_rate","rate":296000,"ts":1760455560.5653048}
2025/10/14 15:26:01 POLARIS_LOG {"event":"send_rate","rate":304000,"ts":1760455561.5641015}
2025/10/14 15:26:02 POLARIS_LOG {"event":"send_rate","rate":296000,"ts":1760455562.5649655}
2025/10/14 15:26:03 POLARIS_LOG {"event":"send_rate","rate":304000,"ts":1760455563.567403}
2025/10/14 15:26:04 POLARIS_LOG {"event":"send_rate","rate":304000,"ts":1760455564.595273}
2025/10/14 15:26:05 POLARIS_LOG {"event":"send_rate","rate":296000,"ts":1760455565.5637686}
2025/10/14 15:26:06 POLARIS_LOG {"event":"send_rate","rate":296000,"ts":1760455566.5644715}
2025/10/14 15:26:07 POLARIS_LOG {"event":"send_rate","rate":304000,"ts":1760455567.5644228}
2025/10/14 15:26:08 POLARIS_LOG {"event":"send_rate","rate":296000,"ts":1760455568.5651217}
2025/10/14 15:26:09 POLARIS_LOG {"event":"send_rate","rate":304000,"ts":1760455569.5656712}
2025/10/14 15:26:10 POLARIS_LOG {"event":"send_rate","rate":296000,"ts":1760455570.5648699}
2025/10/14 15:26:11 POLARIS_LOG {"event":"send_rate","rate":296000,"ts":1760455571.5636404}
2025/10/14 15:26:12 POLARIS_LOG {"event":"send_rate","rate":304000,"ts":1760455572.5913186}
2025/10/14 15:26:13 POLARIS_LOG {"event":"send_rate","rate":304000,"ts":1760455573.5638633}
2025/10/14 15:26:14 POLARIS_LOG {"event":"send_rate","rate":296000,"ts":1760455574.5641923}
2025/10/14 15:26:15 POLARIS_LOG {"event":"send_rate","rate":296000,"ts":1760455575.563641}
2025/10/14 15:26:16 POLARIS_LOG {"event":"send_rate","rate":304000,"ts":1760455576.5661695}
2025/10/14 15:26:17 POLARIS_LOG {"event":"send_rate","rate":312000,"ts":1760455577.6043088}
2025/10/14 15:26:18 POLARIS_LOG {"event":"send_rate","rate":288000,"ts":1760455578.583531}
2025/10/14 15:26:19 POLARIS_LOG {"event":"send_rate","rate":304000,"ts":1760455579.5718648}
2025/10/14 15:26:20 POLARIS_LOG {"event":"send_rate","rate":296000,"ts":1760455580.58405}
2025/10/14 15:26:21 POLARIS_LOG {"event":"send_rate","rate":304000,"ts":1760455581.5664506}
2025/10/14 15:26:22 POLARIS_LOG {"event":"send_rate","rate":296000,"ts":1760455582.5667882}
2025/10/14 15:26:23 POLARIS_LOG {"event":"send_rate","rate":304000,"ts":1760455583.5655475}
2025/10/14 15:26:24 POLARIS_LOG {"event":"send_rate","rate":296000,"ts":1760455584.5640728}
2025/10/14 15:26:25 POLARIS_LOG {"event":"send_rate","rate":304000,"ts":1760455585.5645635}
2025/10/14 15:26:26 POLARIS_LOG {"event":"send_rate","rate":296000,"ts":1760455586.5684018}
2025/10/14 15:26:27 POLARIS_LOG {"event":"send_rate","rate":296000,"ts":1760455587.569337}
2025/10/14 15:26:28 POLARIS_LOG {"event":"send_rate","rate":304000,"ts":1760455588.5650187}
2025/10/14 15:26:29 POLARIS_LOG {"event":"send_rate","rate":296000,"ts":1760455589.5653224}
2025/10/14 15:26:30 POLARIS_LOG {"event":"send_rate","rate":304000,"ts":1760455590.5675292}
2025/10/14 15:26:31 POLARIS_LOG {"event":"send_rate","rate":304000,"ts":1760455591.5675826}
2025/10/14 15:26:32 POLARIS_LOG {"event":"send_rate","rate":296000,"ts":1760455592.5674293}
2025/10/14 15:26:33 POLARIS_LOG {"event":"send_rate","rate":296000,"ts":1760455593.5643342}
2025/10/14 15:26:34 POLARIS_LOG {"event":"send_rate","rate":304000,"ts":1760455594.567682}
2025/10/14 15:26:35 POLARIS_LOG {"event":"send_rate","rate":296000,"ts":1760455595.5645792}
2025/10/14 15:26:36 POLARIS_LOG {"event":"send_rate","rate":304000,"ts":1760455596.5647635}
2025/10/14 15:26:37 POLARIS_LOG {"event":"send_rate","rate":296000,"ts":1760455597.564802}
2025/10/14 15:26:38 POLARIS_LOG {"event":"send_rate","rate":304000,"ts":1760455598.5689902}
2025/10/14 15:26:39 POLARIS_LOG {"event":"send_rate","rate":296000,"ts":1760455599.5649612}
2025/10/14 15:26:40 POLARIS_LOG {"event":"send_rate","rate":304000,"ts":1760455600.5641901}
2025/10/14 15:26:41 POLARIS_LOG {"event":"send_rate","rate":304000,"ts":1760455601.5683136}
2025/10/14 15:26:42 POLARIS_LOG {"event":"send_rate","rate":296000,"ts":1760455602.5640333}
2025/10/14 15:26:43 POLARIS_LOG {"event":"send_rate","rate":304000,"ts":1760455603.5664084}
2025/10/14 15:26:44 POLARIS_LOG {"event":"send_rate","rate":296000,"ts":1760455604.565959}
2025/10/14 15:26:45 POLARIS_LOG {"event":"send_rate","rate":296000,"ts":1760455605.564916}
2025/10/14 15:26:46 POLARIS_LOG {"event":"send_rate","rate":304000,"ts":1760455606.5650723}
2025/10/14 15:26:47 POLARIS_LOG {"event":"send_rate","rate":296000,"ts":1760455607.56377}
2025/10/14 15:26:48 POLARIS_LOG {"event":"send_rate","rate":304000,"ts":1760455608.5684366}
2025/10/14 15:26:49 POLARIS_LOG {"event":"send_rate","rate":304000,"ts":1760455609.5764446}
2025/10/14 15:26:50 POLARIS_LOG {"event":"send_rate","rate":296000,"ts":1760455610.5643487}
2025/10/14 15:26:51 POLARIS_LOG {"event":"send_rate","rate":296000,"ts":1760455611.5643656}
2025/10/14 15:26:52 POLARIS_LOG {"event":"send_rate","rate":304000,"ts":1760455612.5651665}
2025/10/14 15:26:53 POLARIS_LOG {"event":"send_rate","rate":296000,"ts":1760455613.5640543}
2025/10/14 15:26:54 POLARIS_LOG {"event":"send_rate","rate":304000,"ts":1760455614.5640078}
2025/10/14 15:26:55 POLARIS_LOG {"event":"send_rate","rate":304000,"ts":1760455615.571262}
2025/10/14 15:26:56 POLARIS_LOG {"event":"send_rate","rate":296000,"ts":1760455616.5660906}
2025/10/14 15:26:57 POLARIS_LOG {"event":"send_rate","rate":296000,"ts":1760455617.564038}
2025/10/14 15:26:58 POLARIS_LOG {"event":"send_rate","rate":304000,"ts":1760455618.5654037}
2025/10/14 15:26:59 POLARIS_LOG {"event":"send_rate","rate":296000,"ts":1760455619.5676327}
2025/10/14 15:27:00 POLARIS_LOG {"event":"send_rate","rate":304000,"ts":1760455620.5646477}
2025/10/14 15:27:01 POLARIS_LOG {"event":"send_rate","rate":296000,"ts":1760455621.5637972}
2025/10/14 15:27:02 POLARIS_LOG {"event":"send_rate","rate":304000,"ts":1760455622.5646799}
2025/10/14 15:27:03 POLARIS_LOG {"event":"send_rate","rate":296000,"ts":1760455623.565165}
2025/10/14 15:27:04 POLARIS_LOG {"event":"send_rate","rate":304000,"ts":1760455624.568746}
2025/10/14 15:27:05 POLARIS_LOG {"event":"send_rate","rate":296000,"ts":1760455625.56402}
2025/10/14 15:27:06 POLARIS_LOG {"event":"send_rate","rate":304000,"ts":1760455626.5640686}
2025/10/14 15:27:07 POLARIS_LOG {"event":"send_rate","rate":296000,"ts":1760455627.5676293}
2025/10/14 15:27:08 POLARIS_LOG {"event":"send_rate","rate":304000,"ts":1760455628.5788836}
2025/10/14 15:27:09 POLARIS_LOG {"event":"send_rate","rate":296000,"ts":1760455629.5637379}
2025/10/14 15:27:10 POLARIS_LOG {"event":"send_rate","rate":304000,"ts":1760455630.5695786}
2025/10/14 15:27:11 POLARIS_LOG {"event":"send_rate","rate":296000,"ts":1760455631.5640767}
2025/10/14 15:27:12 POLARIS_LOG {"event":"send_rate","rate":304000,"ts":1760455632.5768545}
2025/10/14 15:27:13 POLARIS_LOG {"event":"send_rate","rate":296000,"ts":1760455633.5645683}
2025/10/14 15:27:14 POLARIS_LOG {"event":"send_rate","rate":304000,"ts":1760455634.5704625}
2025/10/14 15:27:15 POLARIS_LOG {"event":"send_rate","rate":296000,"ts":1760455635.5646622}
2025/10/14 15:27:16 POLARIS_LOG {"event":"send_rate","rate":304000,"ts":1760455636.5648847}
2025/10/14 15:27:17 POLARIS_LOG {"event":"send_rate","rate":296000,"ts":1760455637.5652232}
2025/10/14 15:27:18 POLARIS_LOG {"event":"send_rate","rate":304000,"ts":1760455638.564366}
2025/10/14 15:27:19 POLARIS_LOG {"event":"send_rate","rate":296000,"ts":1760455639.5678105}
2025/10/14 15:27:20 POLARIS_LOG {"event":"send_rate","rate":320000,"ts":1760455640.626022}
2025/10/14 15:27:21 POLARIS_LOG {"event":"send_rate","rate":280000,"ts":1760455641.5678873}
We need to sleep for 1 seconds before we can get the results
2025/10/14 15:27:22 POLARIS_LOG {"event":"send_rate","rate":8000,"ts":1760455642.5646617}
Drain Loop received packet
Drain Loop received non-nil payload
Client sent 11250 packets, server reported 11235 packets received
The network loss rate from client to server is 0.1%

S->C results
Attempted bandwidth: 0 bps / 0.00 Mbps
Achieved bandwidth: 0 bps / 0.00 Mbps
Loss rate: 0.0%
Interarrival time min/avg/max/mdev = -0.000/0.000/0.000/0.000 ms

C->S results
Attempted bandwidth: 300000 bps / 0.30 Mbps
Achieved bandwidth: 299600 bps / 0.30 Mbps
Loss rate: 0.1%
Interarrival time min/avg/max/mdev = 0.002/26.680/398.022/19.270 ms
