
Test parameters:
client->server: 264 seconds, 1000 bytes, 9900 packets
server->client: 264 seconds, 1000 bytes, 0 packets
Polaris prober initialized with 38 paths
Polaris prober initialized with local 1-111,10.111.0.71:32728 and remote 1-113,10.113.0.71
2025/10/14 15:22:57 POLARIS_LOG {"current_rate":0,"event":"path_switch","new":"2 2 5 2","trigger":"initialization","ts":1760455377.645423}
2025/10/14 15:22:59 POLARIS_LOG {"event":"send_rate","rate":0,"ts":1760455379.6495683}
2025/10/14 15:23:00 POLARIS_LOG {"event":"send_rate","rate":16000,"ts":1760455380.647376}
2025/10/14 15:23:01 POLARIS_LOG {"event":"send_rate","rate":304000,"ts":1760455381.656246}
2025/10/14 15:23:02 POLARIS_LOG {"event":"send_rate","rate":296000,"ts":1760455382.6593282}
2025/10/14 15:23:03 POLARIS_LOG {"event":"send_rate","rate":304000,"ts":1760455383.6473715}
2025/10/14 15:23:04 POLARIS_LOG {"event":"send_rate","rate":296000,"ts":1760455384.6478817}
2025/10/14 15:23:05 POLARIS_LOG {"event":"send_rate","rate":304000,"ts":1760455385.6472661}
2025/10/14 15:23:06 POLARIS_LOG {"event":"send_rate","rate":296000,"ts":1760455386.6711123}
2025/10/14 15:23:07 POLARIS_LOG {"event":"send_rate","rate":304000,"ts":1760455387.6471186}
2025/10/14 15:23:08 POLARIS_LOG {"event":"send_rate","rate":296000,"ts":1760455388.6467404}
2025/10/14 15:23:09 POLARIS_LOG {"event":"send_rate","rate":304000,"ts":1760455389.661144}
2025/10/14 15:23:10 POLARIS_LOG {"event":"send_rate","rate":296000,"ts":1760455390.6470516}
2025/10/14 15:23:11 POLARIS_LOG {"event":"send_rate","rate":304000,"ts":1760455391.6480558}
2025/10/14 15:23:12 POLARIS_LOG {"event":"send_rate","rate":296000,"ts":1760455392.6476765}
2025/10/14 15:23:13 POLARIS_LOG {"event":"send_rate","rate":304000,"ts":1760455393.646743}
2025/10/14 15:23:14 POLARIS_LOG {"event":"send_rate","rate":296000,"ts":1760455394.655472}
2025/10/14 15:23:15 POLARIS_LOG {"event":"send_rate","rate":304000,"ts":1760455395.6472502}
2025/10/14 15:23:16 POLARIS_LOG {"event":"send_rate","rate":296000,"ts":1760455396.6553767}
2025/10/14 15:23:17 POLARIS_LOG {"event":"send_rate","rate":304000,"ts":1760455397.6472418}
2025/10/14 15:23:18 POLARIS_LOG {"event":"send_rate","rate":296000,"ts":1760455398.653499}
2025/10/14 15:23:19 POLARIS_LOG {"event":"send_rate","rate":304000,"ts":1760455399.6472123}
2025/10/14 15:23:20 POLARIS_LOG {"event":"send_rate","rate":296000,"ts":1760455400.6631792}
2025/10/14 15:23:21 POLARIS_LOG {"event":"send_rate","rate":304000,"ts":1760455401.6486814}
2025/10/14 15:23:22 POLARIS_LOG {"event":"send_rate","rate":304000,"ts":1760455402.6732037}
2025/10/14 15:23:23 POLARIS_LOG {"event":"send_rate","rate":296000,"ts":1760455403.6482995}
2025/10/14 15:23:24 POLARIS_LOG {"event":"send_rate","rate":296000,"ts":1760455404.6495302}
2025/10/14 15:23:25 POLARIS_LOG {"event":"send_rate","rate":304000,"ts":1760455405.6470149}
2025/10/14 15:23:26 POLARIS_LOG {"event":"send_rate","rate":296000,"ts":1760455406.6472235}
2025/10/14 15:23:27 POLARIS_LOG {"event":"send_rate","rate":304000,"ts":1760455407.6484084}
2025/10/14 15:23:28 POLARIS_LOG {"event":"send_rate","rate":304000,"ts":1760455408.6811817}
2025/10/14 15:23:29 POLARIS_LOG {"event":"send_rate","rate":288000,"ts":1760455409.6476216}
2025/10/14 15:23:30 POLARIS_LOG {"event":"send_rate","rate":304000,"ts":1760455410.6467662}
2025/10/14 15:23:31 POLARIS_LOG {"event":"send_rate","rate":304000,"ts":1760455411.6465664}
2025/10/14 15:23:32 POLARIS_LOG {"event":"send_rate","rate":296000,"ts":1760455412.6466277}
2025/10/14 15:23:33 POLARIS_LOG {"event":"send_rate","rate":312000,"ts":1760455413.6708415}
2025/10/14 15:23:34 POLARIS_LOG {"event":"send_rate","rate":272000,"ts":1760455414.6475966}
2025/10/14 15:23:35 POLARIS_LOG {"event":"send_rate","rate":320000,"ts":1760455415.647968}
2025/10/14 15:23:36 POLARIS_LOG {"event":"send_rate","rate":296000,"ts":1760455416.6478617}
2025/10/14 15:23:37 POLARIS_LOG {"event":"send_rate","rate":304000,"ts":1760455417.6472356}
2025/10/14 15:23:38 POLARIS_LOG {"event":"send_rate","rate":296000,"ts":1760455418.6478345}
2025/10/14 15:23:39 POLARIS_LOG {"event":"send_rate","rate":304000,"ts":1760455419.6474042}
2025/10/14 15:23:40 POLARIS_LOG {"event":"send_rate","rate":296000,"ts":1760455420.6469424}
2025/10/14 15:23:41 POLARIS_LOG {"event":"send_rate","rate":304000,"ts":1760455421.6480525}
2025/10/14 15:23:42 POLARIS_LOG {"event":"send_rate","rate":296000,"ts":1760455422.652746}
2025/10/14 15:23:43 POLARIS_LOG {"event":"send_rate","rate":304000,"ts":1760455423.6474953}
2025/10/14 15:23:44 POLARIS_LOG {"event":"send_rate","rate":296000,"ts":1760455424.6510484}
2025/10/14 15:23:45 POLARIS_LOG {"event":"send_rate","rate":304000,"ts":1760455425.654022}
2025/10/14 15:23:46 POLARIS_LOG {"event":"send_rate","rate":296000,"ts":1760455426.649254}
2025/10/14 15:23:47 POLARIS_LOG {"event":"send_rate","rate":304000,"ts":1760455427.6621156}
2025/10/14 15:23:48 POLARIS_LOG {"event":"send_rate","rate":296000,"ts":1760455428.6471934}
2025/10/14 15:23:49 POLARIS_LOG {"event":"send_rate","rate":304000,"ts":1760455429.647053}
2025/10/14 15:23:50 POLARIS_LOG {"event":"send_rate","rate":296000,"ts":1760455430.647539}
2025/10/14 15:23:51 POLARIS_LOG {"event":"send_rate","rate":296000,"ts":1760455431.6505406}
2025/10/14 15:23:52 POLARIS_LOG {"event":"send_rate","rate":304000,"ts":1760455432.660308}
2025/10/14 15:23:53 POLARIS_LOG {"event":"send_rate","rate":296000,"ts":1760455433.6475637}
2025/10/14 15:23:54 POLARIS_LOG {"event":"send_rate","rate":312000,"ts":1760455434.663241}
2025/10/14 15:23:55 POLARIS_LOG {"event":"send_rate","rate":296000,"ts":1760455435.664029}
2025/10/14 15:23:56 POLARIS_LOG {"event":"send_rate","rate":296000,"ts":1760455436.6535053}
2025/10/14 15:23:57 POLARIS_LOG {"event":"send_rate","rate":296000,"ts":1760455437.647689}
2025/10/14 15:23:58 POLARIS_LOG {"event":"send_rate","rate":304000,"ts":1760455438.6496115}
2025/10/14 15:23:59 POLARIS_LOG {"event":"send_rate","rate":304000,"ts":1760455439.6480174}
2025/10/14 15:24:00 POLARIS_LOG {"event":"send_rate","rate":288000,"ts":1760455440.659861}
2025/10/14 15:24:01 POLARIS_LOG {"event":"send_rate","rate":312000,"ts":1760455441.6521635}
2025/10/14 15:24:02 POLARIS_LOG {"event":"send_rate","rate":296000,"ts":1760455442.647423}
2025/10/14 15:24:03 POLARIS_LOG {"event":"send_rate","rate":296000,"ts":1760455443.6472018}
2025/10/14 15:24:04 POLARIS_LOG {"event":"send_rate","rate":304000,"ts":1760455444.6523938}
2025/10/14 15:24:05 POLARIS_LOG {"event":"send_rate","rate":304000,"ts":1760455445.6518269}
2025/10/14 15:24:06 POLARIS_LOG {"event":"send_rate","rate":296000,"ts":1760455446.6474838}
2025/10/14 15:24:07 POLARIS_LOG {"event":"send_rate","rate":296000,"ts":1760455447.6468282}
2025/10/14 15:24:08 POLARIS_LOG {"event":"send_rate","rate":304000,"ts":1760455448.6553285}
2025/10/14 15:24:09 POLARIS_LOG {"event":"send_rate","rate":304000,"ts":1760455449.6510475}
2025/10/14 15:24:10 POLARIS_LOG {"event":"send_rate","rate":296000,"ts":1760455450.648239}
2025/10/14 15:24:11 POLARIS_LOG {"event":"send_rate","rate":304000,"ts":1760455451.6520479}
2025/10/14 15:24:12 POLARIS_LOG {"event":"send_rate","rate":296000,"ts":1760455452.64889}
2025/10/14 15:24:13 POLARIS_LOG {"event":"send_rate","rate":304000,"ts":1760455453.6480148}
2025/10/14 15:24:14 POLARIS_LOG {"event":"send_rate","rate":296000,"ts":1760455454.647357}
2025/10/14 15:24:15 POLARIS_LOG {"event":"send_rate","rate":296000,"ts":1760455455.6506567}
2025/10/14 15:24:16 POLARIS_LOG {"event":"send_rate","rate":312000,"ts":1760455456.6646821}
2025/10/14 15:24:17 POLARIS_LOG {"event":"send_rate","rate":296000,"ts":1760455457.6512854}
2025/10/14 15:24:18 POLARIS_LOG {"event":"send_rate","rate":296000,"ts":1760455458.6478744}
2025/10/14 15:24:19 POLARIS_LOG {"event":"send_rate","rate":304000,"ts":1760455459.6538134}
2025/10/14 15:24:20 POLARIS_LOG {"event":"send_rate","rate":296000,"ts":1760455460.6476817}
2025/10/14 15:24:21 POLARIS_LOG {"event":"send_rate","rate":288000,"ts":1760455461.6600907}
2025/10/14 15:24:22 POLARIS_LOG {"event":"send_rate","rate":312000,"ts":1760455462.6470044}
2025/10/14 15:24:23 POLARIS_LOG {"event":"send_rate","rate":296000,"ts":1760455463.6472003}
2025/10/14 15:24:24 POLARIS_LOG {"event":"send_rate","rate":304000,"ts":1760455464.647385}
2025/10/14 15:24:25 POLARIS_LOG {"event":"send_rate","rate":296000,"ts":1760455465.671205}
2025/10/14 15:24:26 POLARIS_LOG {"event":"send_rate","rate":328000,"ts":1760455466.7180502}
2025/10/14 15:24:27 POLARIS_LOG {"event":"send_rate","rate":272000,"ts":1760455467.6468968}
2025/10/14 15:24:27 POLARIS_LOG {"candidates":12,"candidates_unfiltered":12,"current_rate":272000,"estimated_share":500000,"event":"path_switch","max_estimated_share":666500,"new":"2 2 4 1","old":"2 2 5 2","trigger":"scheduled","ts":1760455467.6472313}
2025/10/14 15:24:28 POLARIS_LOG {"event":"send_rate","rate":304000,"ts":1760455468.6489568}
2025/10/14 15:24:29 POLARIS_LOG {"event":"send_rate","rate":296000,"ts":1760455469.6471307}
2025/10/14 15:24:30 POLARIS_LOG {"event":"send_rate","rate":320000,"ts":1760455470.715908}
2025/10/14 15:24:31 POLARIS_LOG {"event":"send_rate","rate":280000,"ts":1760455471.6473513}
2025/10/14 15:24:32 POLARIS_LOG {"event":"send_rate","rate":312000,"ts":1760455472.6646936}
2025/10/14 15:24:33 POLARIS_LOG {"event":"send_rate","rate":288000,"ts":1760455473.6484864}
2025/10/14 15:24:34 POLARIS_LOG {"event":"send_rate","rate":304000,"ts":1760455474.6467984}
2025/10/14 15:24:35 POLARIS_LOG {"event":"send_rate","rate":296000,"ts":1760455475.6470914}
2025/10/14 15:24:36 POLARIS_LOG {"event":"send_rate","rate":304000,"ts":1760455476.6525228}
2025/10/14 15:24:37 POLARIS_LOG {"event":"send_rate","rate":296000,"ts":1760455477.654316}
2025/10/14 15:24:38 POLARIS_LOG {"event":"send_rate","rate":304000,"ts":1760455478.6468382}
2025/10/14 15:24:39 POLARIS_LOG {"event":"send_rate","rate":296000,"ts":1760455479.6476245}
2025/10/14 15:24:40 POLARIS_LOG {"event":"send_rate","rate":304000,"ts":1760455480.646947}
2025/10/14 15:24:41 POLARIS_LOG {"event":"send_rate","rate":296000,"ts":1760455481.6490216}
2025/10/14 15:24:42 POLARIS_LOG {"event":"send_rate","rate":312000,"ts":1760455482.6766963}
2025/10/14 15:24:43 POLARIS_LOG {"event":"send_rate","rate":288000,"ts":1760455483.6472375}
2025/10/14 15:24:44 POLARIS_LOG {"event":"send_rate","rate":304000,"ts":1760455484.6488008}
2025/10/14 15:24:45 POLARIS_LOG {"event":"send_rate","rate":304000,"ts":1760455485.6612194}
2025/10/14 15:24:46 POLARIS_LOG {"event":"send_rate","rate":304000,"ts":1760455486.6634545}
2025/10/14 15:24:47 POLARIS_LOG {"event":"send_rate","rate":288000,"ts":1760455487.647178}
2025/10/14 15:24:48 POLARIS_LOG {"event":"send_rate","rate":304000,"ts":1760455488.6471915}
2025/10/14 15:24:49 POLARIS_LOG {"event":"send_rate","rate":296000,"ts":1760455489.659079}
2025/10/14 15:24:50 POLARIS_LOG {"event":"send_rate","rate":304000,"ts":1760455490.6466506}
2025/10/14 15:24:51 POLARIS_LOG {"event":"send_rate","rate":296000,"ts":1760455491.6472049}
2025/10/14 15:24:52 POLARIS_LOG {"event":"send_rate","rate":304000,"ts":1760455492.6563194}
2025/10/14 15:24:53 POLARIS_LOG {"event":"send_rate","rate":296000,"ts":1760455493.6471725}
2025/10/14 15:24:54 POLARIS_LOG {"event":"send_rate","rate":304000,"ts":1760455494.6467144}
2025/10/14 15:24:55 POLARIS_LOG {"event":"send_rate","rate":296000,"ts":1760455495.649315}
2025/10/14 15:24:56 POLARIS_LOG {"event":"send_rate","rate":304000,"ts":1760455496.6469095}
2025/10/14 15:24:57 POLARIS_LOG {"event":"send_rate","rate":296000,"ts":1760455497.6492748}
2025/10/14 15:24:58 POLARIS_LOG {"event":"send_rate","rate":328000,"ts":1760455498.7358596}
2025/10/14 15:24:59 POLARIS_LOG {"event":"send_rate","rate":272000,"ts":1760455499.646649}
2025/10/14 15:25:00 POLARIS_LOG {"event":"send_rate","rate":304000,"ts":1760455500.6474404}
2025/10/14 15:25:01 POLARIS_LOG {"event":"send_rate","rate":296000,"ts":1760455501.6475806}
2025/10/14 15:25:02 POLARIS_LOG {"event":"send_rate","rate":304000,"ts":1760455502.6474311}
2025/10/14 15:25:03 POLARIS_LOG {"event":"send_rate","rate":304000,"ts":1760455503.6766205}
2025/10/14 15:25:04 POLARIS_LOG {"event":"send_rate","rate":296000,"ts":1760455504.6603038}
2025/10/14 15:25:05 POLARIS_LOG {"event":"send_rate","rate":296000,"ts":1760455505.64724}
2025/10/14 15:25:06 POLARIS_LOG {"event":"send_rate","rate":296000,"ts":1760455506.6487672}
2025/10/14 15:25:07 POLARIS_LOG {"event":"send_rate","rate":304000,"ts":1760455507.646591}
2025/10/14 15:25:08 POLARIS_LOG {"event":"send_rate","rate":304000,"ts":1760455508.6472464}
2025/10/14 15:25:09 POLARIS_LOG {"event":"send_rate","rate":296000,"ts":1760455509.647005}
2025/10/14 15:25:10 POLARIS_LOG {"event":"send_rate","rate":304000,"ts":1760455510.6487503}
2025/10/14 15:25:11 POLARIS_LOG {"event":"send_rate","rate":312000,"ts":1760455511.6933281}
2025/10/14 15:25:12 POLARIS_LOG {"event":"send_rate","rate":288000,"ts":1760455512.647218}
2025/10/14 15:25:13 POLARIS_LOG {"event":"send_rate","rate":296000,"ts":1760455513.6475425}
2025/10/14 15:25:14 POLARIS_LOG {"event":"send_rate","rate":312000,"ts":1760455514.6729653}
2025/10/14 15:25:15 POLARIS_LOG {"event":"send_rate","rate":280000,"ts":1760455515.6538146}
2025/10/14 15:25:16 POLARIS_LOG {"event":"send_rate","rate":312000,"ts":1760455516.6670299}
2025/10/14 15:25:17 POLARIS_LOG {"event":"send_rate","rate":296000,"ts":1760455517.648305}
2025/10/14 15:25:18 POLARIS_LOG {"event":"send_rate","rate":304000,"ts":1760455518.647204}
2025/10/14 15:25:19 POLARIS_LOG {"event":"send_rate","rate":312000,"ts":1760455519.6965356}
2025/10/14 15:25:20 POLARIS_LOG {"event":"send_rate","rate":280000,"ts":1760455520.6494}
2025/10/14 15:25:21 POLARIS_LOG {"event":"send_rate","rate":304000,"ts":1760455521.6473172}
2025/10/14 15:25:22 POLARIS_LOG {"event":"send_rate","rate":304000,"ts":1760455522.6471314}
2025/10/14 15:25:23 POLARIS_LOG {"event":"send_rate","rate":296000,"ts":1760455523.64744}
2025/10/14 15:25:24 POLARIS_LOG {"event":"send_rate","rate":296000,"ts":1760455524.703291}
2025/10/14 15:25:25 POLARIS_LOG {"event":"send_rate","rate":296000,"ts":1760455525.6689827}
2025/10/14 15:25:26 POLARIS_LOG {"event":"send_rate","rate":312000,"ts":1760455526.6477637}
2025/10/14 15:25:27 POLARIS_LOG {"event":"send_rate","rate":296000,"ts":1760455527.6472323}
2025/10/14 15:25:28 POLARIS_LOG {"event":"send_rate","rate":304000,"ts":1760455528.6531749}
2025/10/14 15:25:29 POLARIS_LOG {"event":"send_rate","rate":296000,"ts":1760455529.64835}
2025/10/14 15:25:30 POLARIS_LOG {"event":"send_rate","rate":304000,"ts":1760455530.6468427}
2025/10/14 15:25:31 POLARIS_LOG {"event":"send_rate","rate":296000,"ts":1760455531.6483319}
2025/10/14 15:25:32 POLARIS_LOG {"event":"send_rate","rate":304000,"ts":1760455532.648098}
2025/10/14 15:25:33 POLARIS_LOG {"event":"send_rate","rate":296000,"ts":1760455533.6491048}
2025/10/14 15:25:34 POLARIS_LOG {"event":"send_rate","rate":304000,"ts":1760455534.64772}
2025/10/14 15:25:35 POLARIS_LOG {"event":"send_rate","rate":296000,"ts":1760455535.6485481}
2025/10/14 15:25:36 POLARIS_LOG {"event":"send_rate","rate":304000,"ts":1760455536.648021}
2025/10/14 15:25:37 POLARIS_LOG {"event":"send_rate","rate":304000,"ts":1760455537.6759183}
2025/10/14 15:25:38 POLARIS_LOG {"event":"send_rate","rate":296000,"ts":1760455538.652515}
2025/10/14 15:25:39 POLARIS_LOG {"event":"send_rate","rate":296000,"ts":1760455539.6474264}
2025/10/14 15:25:40 POLARIS_LOG {"event":"send_rate","rate":304000,"ts":1760455540.6486437}
2025/10/14 15:25:41 POLARIS_LOG {"event":"send_rate","rate":304000,"ts":1760455541.6629093}
2025/10/14 15:25:42 POLARIS_LOG {"event":"send_rate","rate":296000,"ts":1760455542.6476083}
2025/10/14 15:25:43 POLARIS_LOG {"event":"send_rate","rate":296000,"ts":1760455543.64801}
2025/10/14 15:25:44 POLARIS_LOG {"event":"send_rate","rate":304000,"ts":1760455544.6476855}
2025/10/14 15:25:45 POLARIS_LOG {"event":"send_rate","rate":296000,"ts":1760455545.649112}
2025/10/14 15:25:46 POLARIS_LOG {"event":"send_rate","rate":304000,"ts":1760455546.6497633}
2025/10/14 15:25:47 POLARIS_LOG {"event":"send_rate","rate":296000,"ts":1760455547.6555002}
2025/10/14 15:25:48 POLARIS_LOG {"event":"send_rate","rate":304000,"ts":1760455548.6489441}
2025/10/14 15:25:49 POLARIS_LOG {"event":"send_rate","rate":296000,"ts":1760455549.6484318}
2025/10/14 15:25:50 POLARIS_LOG {"event":"send_rate","rate":304000,"ts":1760455550.6691577}
2025/10/14 15:25:51 POLARIS_LOG {"event":"send_rate","rate":296000,"ts":1760455551.6501641}
2025/10/14 15:25:52 POLARIS_LOG {"event":"send_rate","rate":304000,"ts":1760455552.6542785}
2025/10/14 15:25:53 POLARIS_LOG {"event":"send_rate","rate":296000,"ts":1760455553.6556137}
2025/10/14 15:25:54 POLARIS_LOG {"event":"send_rate","rate":304000,"ts":1760455554.6484945}
2025/10/14 15:25:55 POLARIS_LOG {"event":"send_rate","rate":296000,"ts":1760455555.6518667}
2025/10/14 15:25:56 POLARIS_LOG {"event":"send_rate","rate":296000,"ts":1760455556.6540778}
2025/10/14 15:25:57 POLARIS_LOG {"event":"send_rate","rate":304000,"ts":1760455557.6507764}
2025/10/14 15:25:58 POLARIS_LOG {"event":"send_rate","rate":296000,"ts":1760455558.6503527}
2025/10/14 15:25:59 POLARIS_LOG {"event":"send_rate","rate":304000,"ts":1760455559.6509302}
2025/10/14 15:26:00 POLARIS_LOG {"event":"send_rate","rate":304000,"ts":1760455560.6476655}
2025/10/14 15:26:01 POLARIS_LOG {"event":"send_rate","rate":304000,"ts":1760455561.6911235}
2025/10/14 15:26:02 POLARIS_LOG {"event":"send_rate","rate":296000,"ts":1760455562.659903}
2025/10/14 15:26:03 POLARIS_LOG {"event":"send_rate","rate":296000,"ts":1760455563.6479368}
2025/10/14 15:26:04 POLARIS_LOG {"event":"send_rate","rate":280000,"ts":1760455564.6813002}
2025/10/14 15:26:05 POLARIS_LOG {"event":"send_rate","rate":320000,"ts":1760455565.6481874}
2025/10/14 15:26:06 POLARIS_LOG {"event":"send_rate","rate":296000,"ts":1760455566.6485765}
2025/10/14 15:26:07 POLARIS_LOG {"event":"send_rate","rate":304000,"ts":1760455567.650031}
2025/10/14 15:26:08 POLARIS_LOG {"event":"send_rate","rate":272000,"ts":1760455568.6581097}
2025/10/14 15:26:09 POLARIS_LOG {"event":"send_rate","rate":344000,"ts":1760455569.6899369}
2025/10/14 15:26:10 POLARIS_LOG {"event":"send_rate","rate":288000,"ts":1760455570.6473823}
2025/10/14 15:26:11 POLARIS_LOG {"event":"send_rate","rate":296000,"ts":1760455571.6505032}
2025/10/14 15:26:12 POLARIS_LOG {"event":"send_rate","rate":304000,"ts":1760455572.648773}
2025/10/14 15:26:13 POLARIS_LOG {"event":"send_rate","rate":296000,"ts":1760455573.6472805}
2025/10/14 15:26:14 POLARIS_LOG {"event":"send_rate","rate":312000,"ts":1760455574.674349}
2025/10/14 15:26:15 POLARIS_LOG {"event":"send_rate","rate":288000,"ts":1760455575.6514428}
2025/10/14 15:26:16 POLARIS_LOG {"event":"send_rate","rate":304000,"ts":1760455576.646869}
2025/10/14 15:26:17 POLARIS_LOG {"event":"send_rate","rate":296000,"ts":1760455577.6576698}
2025/10/14 15:26:18 POLARIS_LOG {"event":"send_rate","rate":304000,"ts":1760455578.6515458}
2025/10/14 15:26:19 POLARIS_LOG {"event":"send_rate","rate":296000,"ts":1760455579.6502693}
2025/10/14 15:26:20 POLARIS_LOG {"event":"send_rate","rate":328000,"ts":1760455580.732417}
2025/10/14 15:26:21 POLARIS_LOG {"event":"send_rate","rate":272000,"ts":1760455581.6468287}
2025/10/14 15:26:22 POLARIS_LOG {"event":"send_rate","rate":304000,"ts":1760455582.648536}
2025/10/14 15:26:23 POLARIS_LOG {"event":"send_rate","rate":296000,"ts":1760455583.6487212}
2025/10/14 15:26:24 POLARIS_LOG {"event":"send_rate","rate":304000,"ts":1760455584.647691}
2025/10/14 15:26:25 POLARIS_LOG {"event":"send_rate","rate":296000,"ts":1760455585.646895}
2025/10/14 15:26:26 POLARIS_LOG {"event":"send_rate","rate":296000,"ts":1760455586.654382}
2025/10/14 15:26:27 POLARIS_LOG {"event":"send_rate","rate":304000,"ts":1760455587.650549}
2025/10/14 15:26:28 POLARIS_LOG {"event":"send_rate","rate":304000,"ts":1760455588.6470156}
2025/10/14 15:26:29 POLARIS_LOG {"event":"send_rate","rate":288000,"ts":1760455589.647587}
2025/10/14 15:26:30 POLARIS_LOG {"event":"send_rate","rate":312000,"ts":1760455590.6483827}
2025/10/14 15:26:31 POLARIS_LOG {"event":"send_rate","rate":296000,"ts":1760455591.6697023}
2025/10/14 15:26:32 POLARIS_LOG {"event":"send_rate","rate":296000,"ts":1760455592.6465876}
2025/10/14 15:26:33 POLARIS_LOG {"event":"send_rate","rate":304000,"ts":1760455593.6475186}
2025/10/14 15:26:34 POLARIS_LOG {"event":"send_rate","rate":304000,"ts":1760455594.6482837}
2025/10/14 15:26:35 POLARIS_LOG {"event":"send_rate","rate":296000,"ts":1760455595.646542}
2025/10/14 15:26:36 POLARIS_LOG {"event":"send_rate","rate":296000,"ts":1760455596.647577}
2025/10/14 15:26:37 POLARIS_LOG {"event":"send_rate","rate":304000,"ts":1760455597.6493704}
2025/10/14 15:26:38 POLARIS_LOG {"event":"send_rate","rate":296000,"ts":1760455598.6474853}
2025/10/14 15:26:39 POLARIS_LOG {"event":"send_rate","rate":304000,"ts":1760455599.6486435}
2025/10/14 15:26:40 POLARIS_LOG {"event":"send_rate","rate":296000,"ts":1760455600.649712}
2025/10/14 15:26:41 POLARIS_LOG {"event":"send_rate","rate":304000,"ts":1760455601.6479032}
2025/10/14 15:26:42 POLARIS_LOG {"event":"send_rate","rate":312000,"ts":1760455602.6770978}
2025/10/14 15:26:43 POLARIS_LOG {"event":"send_rate","rate":288000,"ts":1760455603.6563668}
2025/10/14 15:26:44 POLARIS_LOG {"event":"send_rate","rate":304000,"ts":1760455604.6653728}
2025/10/14 15:26:45 POLARIS_LOG {"event":"send_rate","rate":296000,"ts":1760455605.6488373}
2025/10/14 15:26:46 POLARIS_LOG {"event":"send_rate","rate":296000,"ts":1760455606.6492035}
2025/10/14 15:26:47 POLARIS_LOG {"event":"send_rate","rate":304000,"ts":1760455607.6470704}
2025/10/14 15:26:48 POLARIS_LOG {"event":"send_rate","rate":304000,"ts":1760455608.6520424}
2025/10/14 15:26:49 POLARIS_LOG {"event":"send_rate","rate":296000,"ts":1760455609.6504827}
2025/10/14 15:26:50 POLARIS_LOG {"event":"send_rate","rate":304000,"ts":1760455610.6490881}
2025/10/14 15:26:51 POLARIS_LOG {"event":"send_rate","rate":296000,"ts":1760455611.6542988}
2025/10/14 15:26:52 POLARIS_LOG {"event":"send_rate","rate":296000,"ts":1760455612.6465845}
2025/10/14 15:26:53 POLARIS_LOG {"event":"send_rate","rate":296000,"ts":1760455613.65327}
2025/10/14 15:26:54 POLARIS_LOG {"event":"send_rate","rate":304000,"ts":1760455614.6469965}
2025/10/14 15:26:55 POLARIS_LOG {"event":"send_rate","rate":304000,"ts":1760455615.6584418}
2025/10/14 15:26:56 POLARIS_LOG {"event":"send_rate","rate":304000,"ts":1760455616.6706796}
2025/10/14 15:26:57 POLARIS_LOG {"event":"send_rate","rate":304000,"ts":1760455617.681956}
2025/10/14 15:26:58 POLARIS_LOG {"event":"send_rate","rate":288000,"ts":1760455618.6469128}
2025/10/14 15:26:59 POLARIS_LOG {"event":"send_rate","rate":312000,"ts":1760455619.68014}
2025/10/14 15:27:00 POLARIS_LOG {"event":"send_rate","rate":296000,"ts":1760455620.656712}
2025/10/14 15:27:01 POLARIS_LOG {"event":"send_rate","rate":296000,"ts":1760455621.648436}
2025/10/14 15:27:02 POLARIS_LOG {"event":"send_rate","rate":296000,"ts":1760455622.6527686}
2025/10/14 15:27:03 POLARIS_LOG {"event":"send_rate","rate":312000,"ts":1760455623.6808863}
2025/10/14 15:27:04 POLARIS_LOG {"event":"send_rate","rate":288000,"ts":1760455624.6475058}
2025/10/14 15:27:05 POLARIS_LOG {"event":"send_rate","rate":304000,"ts":1760455625.647375}
2025/10/14 15:27:06 POLARIS_LOG {"event":"send_rate","rate":296000,"ts":1760455626.6468213}
2025/10/14 15:27:07 POLARIS_LOG {"event":"send_rate","rate":304000,"ts":1760455627.6490045}
2025/10/14 15:27:08 POLARIS_LOG {"event":"send_rate","rate":296000,"ts":1760455628.6503067}
2025/10/14 15:27:09 POLARIS_LOG {"event":"send_rate","rate":304000,"ts":1760455629.647525}
2025/10/14 15:27:10 POLARIS_LOG {"event":"send_rate","rate":296000,"ts":1760455630.6474257}
2025/10/14 15:27:11 POLARIS_LOG {"event":"send_rate","rate":304000,"ts":1760455631.6519241}
2025/10/14 15:27:12 POLARIS_LOG {"event":"send_rate","rate":304000,"ts":1760455632.6586878}
2025/10/14 15:27:13 POLARIS_LOG {"event":"send_rate","rate":296000,"ts":1760455633.6527145}
2025/10/14 15:27:14 POLARIS_LOG {"event":"send_rate","rate":296000,"ts":1760455634.6477602}
2025/10/14 15:27:15 POLARIS_LOG {"event":"send_rate","rate":304000,"ts":1760455635.6571903}
2025/10/14 15:27:16 POLARIS_LOG {"event":"send_rate","rate":296000,"ts":1760455636.6471162}
2025/10/14 15:27:17 POLARIS_LOG {"event":"send_rate","rate":304000,"ts":1760455637.6467712}
2025/10/14 15:27:18 POLARIS_LOG {"event":"send_rate","rate":296000,"ts":1760455638.6472719}
2025/10/14 15:27:19 POLARIS_LOG {"event":"send_rate","rate":304000,"ts":1760455639.7068937}
2025/10/14 15:27:20 POLARIS_LOG {"event":"send_rate","rate":304000,"ts":1760455640.6630085}
2025/10/14 15:27:21 POLARIS_LOG {"event":"send_rate","rate":296000,"ts":1760455641.652077}
2025/10/14 15:27:22 POLARIS_LOG {"event":"send_rate","rate":296000,"ts":1760455642.6501236}
2025/10/14 15:27:23 POLARIS_LOG {"event":"send_rate","rate":304000,"ts":1760455643.646553}
Drain Loop received packet
Drain Loop received non-nil payload
Client sent 9900 packets, server reported 9867 packets received
The network loss rate from client to server is 0.3%

S->C results
Attempted bandwidth: 0 bps / 0.00 Mbps
Achieved bandwidth: 0 bps / 0.00 Mbps
Loss rate: 0.0%
Interarrival time min/avg/max/mdev = -0.000/0.000/0.000/0.000 ms

C->S results
Attempted bandwidth: 300000 bps / 0.30 Mbps
Achieved bandwidth: 299000 bps / 0.30 Mbps
Loss rate: 0.3%
Interarrival time min/avg/max/mdev = 0.002/26.601/232.557/14.351 ms
