
Test parameters:
client->server: 276 seconds, 1000 bytes, 10350 packets
server->client: 276 seconds, 1000 bytes, 0 packets
Polaris prober initialized with 38 paths
Polaris prober initialized with local 1-111,10.111.0.71:32752 and remote 1-113,10.113.0.71
2025/10/15 19:41:13 POLARIS_LOG {"current_rate":0,"event":"path_switch","new":"2 2 5 2","trigger":"initialization","ts":1760557273.0365765}
2025/10/15 19:41:14 POLARIS_LOG {"event":"send_rate","rate":288000,"ts":1760557274.0392656}
2025/10/15 19:41:15 POLARIS_LOG {"event":"send_rate","rate":296000,"ts":1760557275.0384712}
2025/10/15 19:41:16 POLARIS_LOG {"event":"send_rate","rate":304000,"ts":1760557276.0376868}
2025/10/15 19:41:17 POLARIS_LOG {"event":"send_rate","rate":296000,"ts":1760557277.0373755}
2025/10/15 19:41:18 POLARIS_LOG {"event":"send_rate","rate":304000,"ts":1760557278.0372422}
2025/10/15 19:41:19 POLARIS_LOG {"event":"send_rate","rate":296000,"ts":1760557279.0408628}
2025/10/15 19:41:20 POLARIS_LOG {"event":"send_rate","rate":304000,"ts":1760557280.037799}
2025/10/15 19:41:21 POLARIS_LOG {"event":"send_rate","rate":296000,"ts":1760557281.037331}
2025/10/15 19:41:22 POLARIS_LOG {"event":"send_rate","rate":304000,"ts":1760557282.0383687}
2025/10/15 19:41:23 POLARIS_LOG {"event":"send_rate","rate":296000,"ts":1760557283.0372286}
2025/10/15 19:41:24 POLARIS_LOG {"event":"send_rate","rate":304000,"ts":1760557284.0542793}
2025/10/15 19:41:25 POLARIS_LOG {"event":"send_rate","rate":296000,"ts":1760557285.0371106}
2025/10/15 19:41:26 POLARIS_LOG {"event":"send_rate","rate":304000,"ts":1760557286.0408616}
2025/10/15 19:41:27 POLARIS_LOG {"event":"send_rate","rate":296000,"ts":1760557287.0393794}
2025/10/15 19:41:28 POLARIS_LOG {"event":"send_rate","rate":296000,"ts":1760557288.0388741}
2025/10/15 19:41:29 POLARIS_LOG {"event":"send_rate","rate":304000,"ts":1760557289.0378366}
2025/10/15 19:41:30 POLARIS_LOG {"event":"send_rate","rate":312000,"ts":1760557290.0676916}
2025/10/15 19:41:31 POLARIS_LOG {"event":"send_rate","rate":288000,"ts":1760557291.037432}
2025/10/15 19:41:32 POLARIS_LOG {"event":"send_rate","rate":304000,"ts":1760557292.0372636}
2025/10/15 19:41:33 POLARIS_LOG {"event":"send_rate","rate":296000,"ts":1760557293.038271}
2025/10/15 19:41:34 POLARIS_LOG {"event":"send_rate","rate":304000,"ts":1760557294.0376446}
2025/10/15 19:41:35 POLARIS_LOG {"event":"send_rate","rate":296000,"ts":1760557295.0371647}
2025/10/15 19:41:36 POLARIS_LOG {"event":"send_rate","rate":304000,"ts":1760557296.037534}
2025/10/15 19:41:37 POLARIS_LOG {"event":"send_rate","rate":296000,"ts":1760557297.0379105}
2025/10/15 19:41:38 POLARIS_LOG {"event":"send_rate","rate":304000,"ts":1760557298.037756}
2025/10/15 19:41:39 POLARIS_LOG {"event":"send_rate","rate":264000,"ts":1760557299.0388107}
2025/10/15 19:41:40 POLARIS_LOG {"event":"send_rate","rate":168000,"ts":1760557300.0370731}
Received SCMP echo reply with unexpected seq 25, expected 27 or 26
Received SCMP echo reply with unexpected seq 25, expected 27 or 26
Received SCMP echo reply with unexpected seq 25, expected 27 or 26
2025/10/15 19:41:41 POLARIS_LOG {"event":"send_rate","rate":232000,"ts":1760557301.038485}
Received SCMP echo reply with unexpected seq 26, expected 28 or 27
Received SCMP echo reply with unexpected seq 26, expected 28 or 27
Received SCMP echo reply with unexpected seq 26, expected 28 or 27
2025/10/15 19:41:42 POLARIS_LOG {"event":"send_rate","rate":248000,"ts":1760557302.0374653}
Received SCMP echo reply with unexpected seq 27, expected 29 or 28
Received SCMP echo reply with unexpected seq 27, expected 29 or 28
Received SCMP echo reply with unexpected seq 27, expected 29 or 28
2025/10/15 19:41:43 POLARIS_LOG {"event":"send_rate","rate":264000,"ts":1760557303.037334}
2025/10/15 19:41:43 POLARIS_LOG {"candidates":13,"candidates_unfiltered":17,"current_rate":264000,"estimated_share":1000000,"event":"path_switch","max_estimated_share":1000000,"new":"3 3 6 6 1 3","old":"2 2 5 2","trigger":"scheduled","ts":1760557303.0378785}
Received SCMP echo reply with unexpected seq 28, expected 30 or 29
Received SCMP echo reply with unexpected seq 28, expected 30 or 29
Received SCMP echo reply with unexpected seq 28, expected 30 or 29
2025/10/15 19:41:44 POLARIS_LOG {"event":"send_rate","rate":624000,"ts":1760557304.0369885}
Received SCMP echo reply with unexpected seq 29, expected 31 or 30
Received SCMP echo reply with unexpected seq 29, expected 31 or 30
Received SCMP echo reply with unexpected seq 29, expected 31 or 30
2025/10/15 19:41:45 POLARIS_LOG {"event":"send_rate","rate":296000,"ts":1760557305.038758}
Received SCMP echo reply with unexpected seq 30, expected 32 or 31
Received SCMP echo reply with unexpected seq 30, expected 32 or 31
Received SCMP echo reply with unexpected seq 30, expected 32 or 31
2025/10/15 19:41:46 POLARIS_LOG {"event":"send_rate","rate":304000,"ts":1760557306.0376391}
Received SCMP echo reply with unexpected seq 31, expected 33 or 32
Received SCMP echo reply with unexpected seq 31, expected 33 or 32
Received SCMP echo reply with unexpected seq 31, expected 33 or 32
2025/10/15 19:41:47 POLARIS_LOG {"event":"send_rate","rate":296000,"ts":1760557307.039253}
2025/10/15 19:41:48 POLARIS_LOG {"event":"send_rate","rate":304000,"ts":1760557308.0372243}
2025/10/15 19:41:49 POLARIS_LOG {"event":"send_rate","rate":296000,"ts":1760557309.0399234}
2025/10/15 19:41:50 POLARIS_LOG {"event":"send_rate","rate":304000,"ts":1760557310.0380976}
2025/10/15 19:41:51 POLARIS_LOG {"event":"send_rate","rate":296000,"ts":1760557311.039657}
2025/10/15 19:41:52 POLARIS_LOG {"event":"send_rate","rate":304000,"ts":1760557312.0382948}
2025/10/15 19:41:53 POLARIS_LOG {"event":"send_rate","rate":296000,"ts":1760557313.0379133}
2025/10/15 19:41:54 POLARIS_LOG {"event":"send_rate","rate":304000,"ts":1760557314.0380635}
2025/10/15 19:41:55 POLARIS_LOG {"event":"send_rate","rate":296000,"ts":1760557315.0377657}
2025/10/15 19:41:56 POLARIS_LOG {"event":"send_rate","rate":296000,"ts":1760557316.0370674}
2025/10/15 19:41:57 POLARIS_LOG {"event":"send_rate","rate":304000,"ts":1760557317.0404994}
2025/10/15 19:41:58 POLARIS_LOG {"event":"send_rate","rate":304000,"ts":1760557318.0387352}
2025/10/15 19:41:59 POLARIS_LOG {"event":"send_rate","rate":296000,"ts":1760557319.0378273}
2025/10/15 19:42:00 POLARIS_LOG {"event":"send_rate","rate":304000,"ts":1760557320.0373573}
2025/10/15 19:42:01 POLARIS_LOG {"event":"send_rate","rate":296000,"ts":1760557321.0378783}
2025/10/15 19:42:02 POLARIS_LOG {"event":"send_rate","rate":296000,"ts":1760557322.0374532}
2025/10/15 19:42:03 POLARIS_LOG {"event":"send_rate","rate":304000,"ts":1760557323.0387192}
2025/10/15 19:42:04 POLARIS_LOG {"event":"send_rate","rate":296000,"ts":1760557324.03737}
2025/10/15 19:42:05 POLARIS_LOG {"event":"send_rate","rate":304000,"ts":1760557325.0381572}
2025/10/15 19:42:06 POLARIS_LOG {"event":"send_rate","rate":296000,"ts":1760557326.0370665}
2025/10/15 19:42:07 POLARIS_LOG {"event":"send_rate","rate":304000,"ts":1760557327.0379987}
2025/10/15 19:42:08 POLARIS_LOG {"event":"send_rate","rate":304000,"ts":1760557328.0404973}
2025/10/15 19:42:09 POLARIS_LOG {"event":"send_rate","rate":296000,"ts":1760557329.0475748}
2025/10/15 19:42:10 POLARIS_LOG {"event":"send_rate","rate":304000,"ts":1760557330.0415676}
2025/10/15 19:42:11 POLARIS_LOG {"event":"send_rate","rate":296000,"ts":1760557331.03775}
2025/10/15 19:42:12 POLARIS_LOG {"event":"send_rate","rate":304000,"ts":1760557332.039857}
2025/10/15 19:42:13 POLARIS_LOG {"event":"send_rate","rate":296000,"ts":1760557333.0392914}
2025/10/15 19:42:14 POLARIS_LOG {"event":"send_rate","rate":304000,"ts":1760557334.0383193}
2025/10/15 19:42:15 POLARIS_LOG {"event":"send_rate","rate":296000,"ts":1760557335.0400026}
2025/10/15 19:42:16 POLARIS_LOG {"event":"send_rate","rate":304000,"ts":1760557336.0383258}
2025/10/15 19:42:17 POLARIS_LOG {"event":"send_rate","rate":296000,"ts":1760557337.0392013}
2025/10/15 19:42:18 POLARIS_LOG {"event":"send_rate","rate":296000,"ts":1760557338.0376668}
2025/10/15 19:42:19 POLARIS_LOG {"event":"send_rate","rate":304000,"ts":1760557339.0378218}
2025/10/15 19:42:20 POLARIS_LOG {"event":"send_rate","rate":296000,"ts":1760557340.0373945}
2025/10/15 19:42:21 POLARIS_LOG {"event":"send_rate","rate":304000,"ts":1760557341.0386212}
2025/10/15 19:42:22 POLARIS_LOG {"event":"send_rate","rate":296000,"ts":1760557342.037215}
2025/10/15 19:42:23 POLARIS_LOG {"event":"send_rate","rate":304000,"ts":1760557343.037459}
2025/10/15 19:42:24 POLARIS_LOG {"event":"send_rate","rate":296000,"ts":1760557344.0374503}
2025/10/15 19:42:25 POLARIS_LOG {"event":"send_rate","rate":304000,"ts":1760557345.0388412}
2025/10/15 19:42:26 POLARIS_LOG {"event":"send_rate","rate":296000,"ts":1760557346.0379715}
2025/10/15 19:42:27 POLARIS_LOG {"event":"send_rate","rate":304000,"ts":1760557347.0391324}
2025/10/15 19:42:28 POLARIS_LOG {"event":"send_rate","rate":296000,"ts":1760557348.0378206}
2025/10/15 19:42:29 POLARIS_LOG {"event":"send_rate","rate":304000,"ts":1760557349.038892}
2025/10/15 19:42:30 POLARIS_LOG {"event":"send_rate","rate":296000,"ts":1760557350.037164}
2025/10/15 19:42:31 POLARIS_LOG {"event":"send_rate","rate":304000,"ts":1760557351.037556}
2025/10/15 19:42:32 POLARIS_LOG {"event":"send_rate","rate":296000,"ts":1760557352.0382245}
2025/10/15 19:42:33 POLARIS_LOG {"event":"send_rate","rate":304000,"ts":1760557353.0388665}
2025/10/15 19:42:34 POLARIS_LOG {"event":"send_rate","rate":296000,"ts":1760557354.0379934}
2025/10/15 19:42:35 POLARIS_LOG {"event":"send_rate","rate":304000,"ts":1760557355.037185}
2025/10/15 19:42:36 POLARIS_LOG {"event":"send_rate","rate":304000,"ts":1760557356.0502574}
2025/10/15 19:42:37 POLARIS_LOG {"event":"send_rate","rate":296000,"ts":1760557357.0407965}
2025/10/15 19:42:38 POLARIS_LOG {"event":"send_rate","rate":296000,"ts":1760557358.039672}
2025/10/15 19:42:39 POLARIS_LOG {"event":"send_rate","rate":304000,"ts":1760557359.037761}
2025/10/15 19:42:40 POLARIS_LOG {"event":"send_rate","rate":296000,"ts":1760557360.0391896}
2025/10/15 19:42:41 POLARIS_LOG {"event":"send_rate","rate":304000,"ts":1760557361.0376773}
2025/10/15 19:42:42 POLARIS_LOG {"event":"send_rate","rate":304000,"ts":1760557362.0415995}
2025/10/15 19:42:43 POLARIS_LOG {"event":"send_rate","rate":296000,"ts":1760557363.0422132}
2025/10/15 19:42:44 POLARIS_LOG {"event":"send_rate","rate":296000,"ts":1760557364.0377133}
2025/10/15 19:42:45 POLARIS_LOG {"event":"send_rate","rate":304000,"ts":1760557365.0376825}
2025/10/15 19:42:46 POLARIS_LOG {"event":"send_rate","rate":296000,"ts":1760557366.0374236}
2025/10/15 19:42:47 POLARIS_LOG {"event":"send_rate","rate":304000,"ts":1760557367.0376503}
2025/10/15 19:42:48 POLARIS_LOG {"event":"send_rate","rate":296000,"ts":1760557368.0388744}
2025/10/15 19:42:49 POLARIS_LOG {"event":"send_rate","rate":304000,"ts":1760557369.0378263}
2025/10/15 19:42:50 POLARIS_LOG {"event":"send_rate","rate":296000,"ts":1760557370.0382137}
2025/10/15 19:42:51 POLARIS_LOG {"event":"send_rate","rate":304000,"ts":1760557371.040012}
2025/10/15 19:42:52 POLARIS_LOG {"event":"send_rate","rate":296000,"ts":1760557372.0378509}
2025/10/15 19:42:53 POLARIS_LOG {"event":"send_rate","rate":304000,"ts":1760557373.0376914}
2025/10/15 19:42:54 POLARIS_LOG {"event":"send_rate","rate":296000,"ts":1760557374.0375621}
2025/10/15 19:42:55 POLARIS_LOG {"event":"send_rate","rate":304000,"ts":1760557375.0377011}
2025/10/15 19:42:56 POLARIS_LOG {"event":"send_rate","rate":296000,"ts":1760557376.0375478}
2025/10/15 19:42:57 POLARIS_LOG {"event":"send_rate","rate":304000,"ts":1760557377.038586}
2025/10/15 19:42:58 POLARIS_LOG {"event":"send_rate","rate":296000,"ts":1760557378.0385337}
2025/10/15 19:42:59 POLARIS_LOG {"event":"send_rate","rate":304000,"ts":1760557379.043138}
2025/10/15 19:43:00 POLARIS_LOG {"event":"send_rate","rate":296000,"ts":1760557380.0388896}
2025/10/15 19:43:01 POLARIS_LOG {"event":"send_rate","rate":304000,"ts":1760557381.03795}
2025/10/15 19:43:02 POLARIS_LOG {"event":"send_rate","rate":296000,"ts":1760557382.0388145}
2025/10/15 19:43:03 POLARIS_LOG {"event":"send_rate","rate":304000,"ts":1760557383.042379}
2025/10/15 19:43:04 POLARIS_LOG {"event":"send_rate","rate":296000,"ts":1760557384.0379498}
2025/10/15 19:43:05 POLARIS_LOG {"event":"send_rate","rate":304000,"ts":1760557385.0374997}
2025/10/15 19:43:06 POLARIS_LOG {"event":"send_rate","rate":296000,"ts":1760557386.0371146}
2025/10/15 19:43:07 POLARIS_LOG {"event":"send_rate","rate":304000,"ts":1760557387.0450532}
2025/10/15 19:43:08 POLARIS_LOG {"event":"send_rate","rate":296000,"ts":1760557388.0373445}
2025/10/15 19:43:09 POLARIS_LOG {"event":"send_rate","rate":304000,"ts":1760557389.0396845}
2025/10/15 19:43:10 POLARIS_LOG {"event":"send_rate","rate":296000,"ts":1760557390.03738}
2025/10/15 19:43:11 POLARIS_LOG {"event":"send_rate","rate":304000,"ts":1760557391.088938}
2025/10/15 19:43:12 POLARIS_LOG {"event":"send_rate","rate":296000,"ts":1760557392.0377254}
2025/10/15 19:43:13 POLARIS_LOG {"event":"send_rate","rate":304000,"ts":1760557393.0418856}
2025/10/15 19:43:14 POLARIS_LOG {"event":"send_rate","rate":296000,"ts":1760557394.0377245}
2025/10/15 19:43:15 POLARIS_LOG {"event":"send_rate","rate":304000,"ts":1760557395.0382934}
2025/10/15 19:43:16 POLARIS_LOG {"event":"send_rate","rate":296000,"ts":1760557396.0394895}
2025/10/15 19:43:17 POLARIS_LOG {"event":"send_rate","rate":304000,"ts":1760557397.0379453}
2025/10/15 19:43:18 POLARIS_LOG {"event":"send_rate","rate":296000,"ts":1760557398.040109}
2025/10/15 19:43:19 POLARIS_LOG {"event":"send_rate","rate":304000,"ts":1760557399.0369897}
2025/10/15 19:43:20 POLARIS_LOG {"event":"send_rate","rate":296000,"ts":1760557400.038204}
2025/10/15 19:43:21 POLARIS_LOG {"event":"send_rate","rate":304000,"ts":1760557401.0380967}
2025/10/15 19:43:22 POLARIS_LOG {"event":"send_rate","rate":296000,"ts":1760557402.037417}
2025/10/15 19:43:23 POLARIS_LOG {"event":"send_rate","rate":304000,"ts":1760557403.0377538}
2025/10/15 19:43:24 POLARIS_LOG {"event":"send_rate","rate":296000,"ts":1760557404.0376415}
2025/10/15 19:43:25 POLARIS_LOG {"event":"send_rate","rate":304000,"ts":1760557405.0381367}
2025/10/15 19:43:26 POLARIS_LOG {"event":"send_rate","rate":304000,"ts":1760557406.0651133}
2025/10/15 19:43:27 POLARIS_LOG {"event":"send_rate","rate":296000,"ts":1760557407.0376756}
2025/10/15 19:43:28 POLARIS_LOG {"event":"send_rate","rate":296000,"ts":1760557408.0391028}
2025/10/15 19:43:29 POLARIS_LOG {"event":"send_rate","rate":304000,"ts":1760557409.037414}
2025/10/15 19:43:30 POLARIS_LOG {"event":"send_rate","rate":296000,"ts":1760557410.037003}
2025/10/15 19:43:31 POLARIS_LOG {"event":"send_rate","rate":304000,"ts":1760557411.0390587}
2025/10/15 19:43:32 POLARIS_LOG {"event":"send_rate","rate":296000,"ts":1760557412.0372572}
2025/10/15 19:43:33 POLARIS_LOG {"event":"send_rate","rate":304000,"ts":1760557413.0408018}
2025/10/15 19:43:34 POLARIS_LOG {"event":"send_rate","rate":296000,"ts":1760557414.0387874}
2025/10/15 19:43:35 POLARIS_LOG {"event":"send_rate","rate":304000,"ts":1760557415.0429122}
2025/10/15 19:43:36 POLARIS_LOG {"event":"send_rate","rate":296000,"ts":1760557416.0385394}
2025/10/15 19:43:37 POLARIS_LOG {"event":"send_rate","rate":304000,"ts":1760557417.0392933}
2025/10/15 19:43:38 POLARIS_LOG {"event":"send_rate","rate":296000,"ts":1760557418.0413296}
2025/10/15 19:43:39 POLARIS_LOG {"event":"send_rate","rate":304000,"ts":1760557419.0379524}
2025/10/15 19:43:40 POLARIS_LOG {"event":"send_rate","rate":296000,"ts":1760557420.040323}
2025/10/15 19:43:41 POLARIS_LOG {"event":"send_rate","rate":304000,"ts":1760557421.045501}
2025/10/15 19:43:42 POLARIS_LOG {"event":"send_rate","rate":296000,"ts":1760557422.0371146}
2025/10/15 19:43:43 POLARIS_LOG {"event":"send_rate","rate":304000,"ts":1760557423.0406308}
2025/10/15 19:43:44 POLARIS_LOG {"event":"send_rate","rate":296000,"ts":1760557424.038009}
2025/10/15 19:43:45 POLARIS_LOG {"event":"send_rate","rate":304000,"ts":1760557425.0385602}
2025/10/15 19:43:46 POLARIS_LOG {"event":"send_rate","rate":296000,"ts":1760557426.0416698}
2025/10/15 19:43:47 POLARIS_LOG {"event":"send_rate","rate":304000,"ts":1760557427.0373688}
2025/10/15 19:43:48 POLARIS_LOG {"event":"send_rate","rate":296000,"ts":1760557428.037889}
2025/10/15 19:43:49 POLARIS_LOG {"event":"send_rate","rate":304000,"ts":1760557429.0417576}
2025/10/15 19:43:50 POLARIS_LOG {"event":"send_rate","rate":296000,"ts":1760557430.0382626}
2025/10/15 19:43:51 POLARIS_LOG {"event":"send_rate","rate":304000,"ts":1760557431.0582428}
2025/10/15 19:43:52 POLARIS_LOG {"event":"send_rate","rate":296000,"ts":1760557432.0375977}
2025/10/15 19:43:53 POLARIS_LOG {"event":"send_rate","rate":304000,"ts":1760557433.0370193}
2025/10/15 19:43:54 POLARIS_LOG {"event":"send_rate","rate":296000,"ts":1760557434.041322}
2025/10/15 19:43:55 POLARIS_LOG {"event":"send_rate","rate":304000,"ts":1760557435.0386686}
2025/10/15 19:43:56 POLARIS_LOG {"event":"send_rate","rate":296000,"ts":1760557436.0384254}
2025/10/15 19:43:57 POLARIS_LOG {"event":"send_rate","rate":304000,"ts":1760557437.0448246}
2025/10/15 19:43:58 POLARIS_LOG {"event":"send_rate","rate":296000,"ts":1760557438.037286}
2025/10/15 19:43:59 POLARIS_LOG {"event":"send_rate","rate":304000,"ts":1760557439.0376117}
2025/10/15 19:44:00 POLARIS_LOG {"event":"send_rate","rate":296000,"ts":1760557440.0385597}
2025/10/15 19:44:01 POLARIS_LOG {"event":"send_rate","rate":304000,"ts":1760557441.0399344}
2025/10/15 19:44:02 POLARIS_LOG {"event":"send_rate","rate":296000,"ts":1760557442.037344}
2025/10/15 19:44:03 POLARIS_LOG {"event":"send_rate","rate":304000,"ts":1760557443.037929}
2025/10/15 19:44:04 POLARIS_LOG {"event":"send_rate","rate":304000,"ts":1760557444.0680606}
2025/10/15 19:44:05 POLARIS_LOG {"event":"send_rate","rate":296000,"ts":1760557445.0380425}
2025/10/15 19:44:06 POLARIS_LOG {"event":"send_rate","rate":296000,"ts":1760557446.0384796}
2025/10/15 19:44:07 POLARIS_LOG {"event":"send_rate","rate":304000,"ts":1760557447.04158}
2025/10/15 19:44:08 POLARIS_LOG {"event":"send_rate","rate":296000,"ts":1760557448.0379145}
2025/10/15 19:44:09 POLARIS_LOG {"event":"send_rate","rate":304000,"ts":1760557449.0392547}
2025/10/15 19:44:10 POLARIS_LOG {"event":"send_rate","rate":296000,"ts":1760557450.0391533}
2025/10/15 19:44:11 POLARIS_LOG {"event":"send_rate","rate":304000,"ts":1760557451.0424464}
2025/10/15 19:44:12 POLARIS_LOG {"event":"send_rate","rate":296000,"ts":1760557452.0376258}
2025/10/15 19:44:13 POLARIS_LOG {"event":"send_rate","rate":304000,"ts":1760557453.041122}
2025/10/15 19:44:14 POLARIS_LOG {"event":"send_rate","rate":296000,"ts":1760557454.037693}
2025/10/15 19:44:15 POLARIS_LOG {"event":"send_rate","rate":304000,"ts":1760557455.0390992}
2025/10/15 19:44:16 POLARIS_LOG {"event":"send_rate","rate":296000,"ts":1760557456.0395403}
2025/10/15 19:44:17 POLARIS_LOG {"event":"send_rate","rate":304000,"ts":1760557457.0370035}
2025/10/15 19:44:18 POLARIS_LOG {"event":"send_rate","rate":296000,"ts":1760557458.0413651}
2025/10/15 19:44:19 POLARIS_LOG {"event":"send_rate","rate":304000,"ts":1760557459.0411956}
2025/10/15 19:44:20 POLARIS_LOG {"event":"send_rate","rate":296000,"ts":1760557460.0379965}
2025/10/15 19:44:21 POLARIS_LOG {"event":"send_rate","rate":304000,"ts":1760557461.0393746}
2025/10/15 19:44:22 POLARIS_LOG {"event":"send_rate","rate":296000,"ts":1760557462.0375645}
2025/10/15 19:44:23 POLARIS_LOG {"event":"send_rate","rate":304000,"ts":1760557463.041805}
2025/10/15 19:44:24 POLARIS_LOG {"event":"send_rate","rate":296000,"ts":1760557464.0376728}
2025/10/15 19:44:25 POLARIS_LOG {"event":"send_rate","rate":304000,"ts":1760557465.0379815}
2025/10/15 19:44:26 POLARIS_LOG {"event":"send_rate","rate":296000,"ts":1760557466.0376935}
2025/10/15 19:44:27 POLARIS_LOG {"event":"send_rate","rate":304000,"ts":1760557467.037706}
2025/10/15 19:44:28 POLARIS_LOG {"event":"send_rate","rate":296000,"ts":1760557468.0375478}
2025/10/15 19:44:29 POLARIS_LOG {"event":"send_rate","rate":296000,"ts":1760557469.037243}
2025/10/15 19:44:30 POLARIS_LOG {"event":"send_rate","rate":304000,"ts":1760557470.0391173}
2025/10/15 19:44:31 POLARIS_LOG {"event":"send_rate","rate":296000,"ts":1760557471.037039}
2025/10/15 19:44:32 POLARIS_LOG {"event":"send_rate","rate":304000,"ts":1760557472.0403}
2025/10/15 19:44:33 POLARIS_LOG {"event":"send_rate","rate":304000,"ts":1760557473.0405877}
2025/10/15 19:44:34 POLARIS_LOG {"event":"send_rate","rate":296000,"ts":1760557474.0376654}
2025/10/15 19:44:35 POLARIS_LOG {"event":"send_rate","rate":296000,"ts":1760557475.037698}
2025/10/15 19:44:36 POLARIS_LOG {"event":"send_rate","rate":304000,"ts":1760557476.0395718}
2025/10/15 19:44:37 POLARIS_LOG {"event":"send_rate","rate":296000,"ts":1760557477.0391061}
2025/10/15 19:44:38 POLARIS_LOG {"event":"send_rate","rate":304000,"ts":1760557478.0380135}
2025/10/15 19:44:39 POLARIS_LOG {"event":"send_rate","rate":304000,"ts":1760557479.0515127}
2025/10/15 19:44:40 POLARIS_LOG {"event":"send_rate","rate":296000,"ts":1760557480.039488}
2025/10/15 19:44:41 POLARIS_LOG {"event":"send_rate","rate":296000,"ts":1760557481.038406}
2025/10/15 19:44:42 POLARIS_LOG {"event":"send_rate","rate":304000,"ts":1760557482.0474463}
2025/10/15 19:44:43 POLARIS_LOG {"event":"send_rate","rate":296000,"ts":1760557483.0386415}
2025/10/15 19:44:44 POLARIS_LOG {"event":"send_rate","rate":304000,"ts":1760557484.0378513}
2025/10/15 19:44:45 POLARIS_LOG {"event":"send_rate","rate":304000,"ts":1760557485.0401692}
2025/10/15 19:44:46 POLARIS_LOG {"event":"send_rate","rate":296000,"ts":1760557486.0397823}
2025/10/15 19:44:47 POLARIS_LOG {"event":"send_rate","rate":296000,"ts":1760557487.0405097}
2025/10/15 19:44:48 POLARIS_LOG {"event":"send_rate","rate":304000,"ts":1760557488.038499}
2025/10/15 19:44:49 POLARIS_LOG {"event":"send_rate","rate":296000,"ts":1760557489.0374196}
2025/10/15 19:44:50 POLARIS_LOG {"event":"send_rate","rate":304000,"ts":1760557490.0375872}
2025/10/15 19:44:51 POLARIS_LOG {"event":"send_rate","rate":304000,"ts":1760557491.0406706}
2025/10/15 19:44:52 POLARIS_LOG {"event":"send_rate","rate":296000,"ts":1760557492.0397773}
2025/10/15 19:44:53 POLARIS_LOG {"event":"send_rate","rate":296000,"ts":1760557493.0376236}
2025/10/15 19:44:54 POLARIS_LOG {"event":"send_rate","rate":304000,"ts":1760557494.0404158}
2025/10/15 19:44:55 POLARIS_LOG {"event":"send_rate","rate":296000,"ts":1760557495.0388496}
2025/10/15 19:44:56 POLARIS_LOG {"event":"send_rate","rate":304000,"ts":1760557496.0394955}
2025/10/15 19:44:57 POLARIS_LOG {"event":"send_rate","rate":304000,"ts":1760557497.0441754}
2025/10/15 19:44:58 POLARIS_LOG {"event":"send_rate","rate":296000,"ts":1760557498.0421026}
2025/10/15 19:44:59 POLARIS_LOG {"event":"send_rate","rate":296000,"ts":1760557499.0396965}
2025/10/15 19:45:00 POLARIS_LOG {"event":"send_rate","rate":304000,"ts":1760557500.0383165}
2025/10/15 19:45:01 POLARIS_LOG {"event":"send_rate","rate":304000,"ts":1760557501.0439038}
2025/10/15 19:45:02 POLARIS_LOG {"event":"send_rate","rate":296000,"ts":1760557502.0371883}
2025/10/15 19:45:03 POLARIS_LOG {"event":"send_rate","rate":304000,"ts":1760557503.0430377}
2025/10/15 19:45:04 POLARIS_LOG {"event":"send_rate","rate":296000,"ts":1760557504.0425339}
2025/10/15 19:45:05 POLARIS_LOG {"event":"send_rate","rate":296000,"ts":1760557505.0385346}
2025/10/15 19:45:06 POLARIS_LOG {"event":"send_rate","rate":304000,"ts":1760557506.0377152}
2025/10/15 19:45:07 POLARIS_LOG {"event":"send_rate","rate":296000,"ts":1760557507.0408416}
2025/10/15 19:45:08 POLARIS_LOG {"event":"send_rate","rate":304000,"ts":1760557508.0398893}
2025/10/15 19:45:09 POLARIS_LOG {"event":"send_rate","rate":312000,"ts":1760557509.0806572}
2025/10/15 19:45:10 POLARIS_LOG {"event":"send_rate","rate":288000,"ts":1760557510.0386732}
2025/10/15 19:45:11 POLARIS_LOG {"event":"send_rate","rate":296000,"ts":1760557511.038291}
2025/10/15 19:45:12 POLARIS_LOG {"event":"send_rate","rate":304000,"ts":1760557512.0377486}
2025/10/15 19:45:13 POLARIS_LOG {"event":"send_rate","rate":296000,"ts":1760557513.0374534}
2025/10/15 19:45:14 POLARIS_LOG {"event":"send_rate","rate":304000,"ts":1760557514.0383353}
2025/10/15 19:45:15 POLARIS_LOG {"event":"send_rate","rate":296000,"ts":1760557515.037742}
2025/10/15 19:45:16 POLARIS_LOG {"event":"send_rate","rate":304000,"ts":1760557516.0384076}
2025/10/15 19:45:17 POLARIS_LOG {"event":"send_rate","rate":296000,"ts":1760557517.0390582}
2025/10/15 19:45:18 POLARIS_LOG {"event":"send_rate","rate":304000,"ts":1760557518.0387645}
2025/10/15 19:45:19 POLARIS_LOG {"event":"send_rate","rate":296000,"ts":1760557519.03766}
2025/10/15 19:45:20 POLARIS_LOG {"event":"send_rate","rate":304000,"ts":1760557520.0434713}
2025/10/15 19:45:21 POLARIS_LOG {"event":"send_rate","rate":296000,"ts":1760557521.0377023}
2025/10/15 19:45:22 POLARIS_LOG {"event":"send_rate","rate":304000,"ts":1760557522.038964}
2025/10/15 19:45:23 POLARIS_LOG {"event":"send_rate","rate":296000,"ts":1760557523.038075}
2025/10/15 19:45:24 POLARIS_LOG {"event":"send_rate","rate":304000,"ts":1760557524.0381649}
2025/10/15 19:45:25 POLARIS_LOG {"event":"send_rate","rate":296000,"ts":1760557525.0406783}
2025/10/15 19:45:26 POLARIS_LOG {"event":"send_rate","rate":304000,"ts":1760557526.0450234}
2025/10/15 19:45:27 POLARIS_LOG {"event":"send_rate","rate":296000,"ts":1760557527.0371697}
2025/10/15 19:45:28 POLARIS_LOG {"event":"send_rate","rate":304000,"ts":1760557528.0380864}
2025/10/15 19:45:29 POLARIS_LOG {"event":"send_rate","rate":296000,"ts":1760557529.0400112}
2025/10/15 19:45:30 POLARIS_LOG {"event":"send_rate","rate":304000,"ts":1760557530.0395386}
2025/10/15 19:45:31 POLARIS_LOG {"event":"send_rate","rate":296000,"ts":1760557531.0376234}
2025/10/15 19:45:32 POLARIS_LOG {"event":"send_rate","rate":304000,"ts":1760557532.037278}
2025/10/15 19:45:33 POLARIS_LOG {"event":"send_rate","rate":296000,"ts":1760557533.0403457}
2025/10/15 19:45:34 POLARIS_LOG {"event":"send_rate","rate":304000,"ts":1760557534.03729}
2025/10/15 19:45:35 POLARIS_LOG {"event":"send_rate","rate":304000,"ts":1760557535.0446315}
2025/10/15 19:45:36 POLARIS_LOG {"event":"send_rate","rate":296000,"ts":1760557536.037788}
2025/10/15 19:45:37 POLARIS_LOG {"event":"send_rate","rate":296000,"ts":1760557537.0385337}
2025/10/15 19:45:38 POLARIS_LOG {"event":"send_rate","rate":304000,"ts":1760557538.0402975}
2025/10/15 19:45:39 POLARIS_LOG {"event":"send_rate","rate":296000,"ts":1760557539.038059}
2025/10/15 19:45:40 POLARIS_LOG {"event":"send_rate","rate":304000,"ts":1760557540.037851}
2025/10/15 19:45:41 POLARIS_LOG {"event":"send_rate","rate":296000,"ts":1760557541.038352}
2025/10/15 19:45:42 POLARIS_LOG {"event":"send_rate","rate":304000,"ts":1760557542.039006}
2025/10/15 19:45:43 POLARIS_LOG {"event":"send_rate","rate":296000,"ts":1760557543.0421333}
2025/10/15 19:45:44 POLARIS_LOG {"event":"send_rate","rate":304000,"ts":1760557544.0408254}
2025/10/15 19:45:45 POLARIS_LOG {"event":"send_rate","rate":296000,"ts":1760557545.0416396}
2025/10/15 19:45:46 POLARIS_LOG {"event":"send_rate","rate":304000,"ts":1760557546.0373056}
2025/10/15 19:45:47 POLARIS_LOG {"event":"send_rate","rate":296000,"ts":1760557547.0443764}
2025/10/15 19:45:48 POLARIS_LOG {"event":"send_rate","rate":304000,"ts":1760557548.04061}
2025/10/15 19:45:49 POLARIS_LOG {"event":"send_rate","rate":296000,"ts":1760557549.0370448}
We need to sleep for 1 seconds before we can get the results
2025/10/15 19:45:50 POLARIS_LOG {"event":"send_rate","rate":24000,"ts":1760557550.0408094}
Drain Loop received packet
Drain Loop received non-nil payload
Client sent 10350 packets, server reported 10318 packets received
The network loss rate from client to server is 0.3%

S->C results
Attempted bandwidth: 0 bps / 0.00 Mbps
Achieved bandwidth: 0 bps / 0.00 Mbps
Loss rate: 0.0%
Interarrival time min/avg/max/mdev = -0.000/0.000/0.000/0.000 ms

C->S results
Attempted bandwidth: 300000 bps / 0.30 Mbps
Achieved bandwidth: 299072 bps / 0.30 Mbps
Loss rate: 0.3%
Interarrival time min/avg/max/mdev = 0.002/26.712/371.658/18.573 ms
