
Test parameters:
client->server: 288 seconds, 1000 bytes, 10800 packets
server->client: 288 seconds, 1000 bytes, 0 packets
2025/10/15 19:41:01 POLARIS_LOG {"current_rate":0,"event":"path_switch","new":"2 2 5 2","trigger":"initialization","ts":1760557261.0039093}
Polaris prober initialized with 38 paths
Polaris prober initialized with local 1-111,10.111.0.71:32758 and remote 1-113,10.113.0.71
2025/10/15 19:41:02 POLARIS_LOG {"event":"send_rate","rate":304000,"ts":1760557262.0042922}
2025/10/15 19:41:03 POLARIS_LOG {"event":"send_rate","rate":296000,"ts":1760557263.004785}
2025/10/15 19:41:04 POLARIS_LOG {"event":"send_rate","rate":304000,"ts":1760557264.0045164}
2025/10/15 19:41:05 POLARIS_LOG {"event":"send_rate","rate":296000,"ts":1760557265.004407}
2025/10/15 19:41:06 POLARIS_LOG {"event":"send_rate","rate":304000,"ts":1760557266.0045145}
2025/10/15 19:41:07 POLARIS_LOG {"event":"send_rate","rate":296000,"ts":1760557267.004565}
2025/10/15 19:41:08 POLARIS_LOG {"event":"send_rate","rate":304000,"ts":1760557268.0067759}
2025/10/15 19:41:09 POLARIS_LOG {"event":"send_rate","rate":296000,"ts":1760557269.0049303}
2025/10/15 19:41:10 POLARIS_LOG {"event":"send_rate","rate":304000,"ts":1760557270.0064633}
2025/10/15 19:41:11 POLARIS_LOG {"event":"send_rate","rate":296000,"ts":1760557271.0047262}
2025/10/15 19:41:12 POLARIS_LOG {"event":"send_rate","rate":304000,"ts":1760557272.0045128}
2025/10/15 19:41:13 POLARIS_LOG {"event":"send_rate","rate":296000,"ts":1760557273.0043867}
2025/10/15 19:41:14 POLARIS_LOG {"event":"send_rate","rate":304000,"ts":1760557274.004184}
2025/10/15 19:41:15 POLARIS_LOG {"event":"send_rate","rate":296000,"ts":1760557275.0052586}
2025/10/15 19:41:16 POLARIS_LOG {"event":"send_rate","rate":304000,"ts":1760557276.0044248}
2025/10/15 19:41:17 POLARIS_LOG {"event":"send_rate","rate":296000,"ts":1760557277.004956}
2025/10/15 19:41:18 POLARIS_LOG {"event":"send_rate","rate":304000,"ts":1760557278.0044334}
2025/10/15 19:41:19 POLARIS_LOG {"event":"send_rate","rate":296000,"ts":1760557279.0044277}
2025/10/15 19:41:20 POLARIS_LOG {"event":"send_rate","rate":304000,"ts":1760557280.0043092}
2025/10/15 19:41:21 POLARIS_LOG {"event":"send_rate","rate":296000,"ts":1760557281.0043368}
2025/10/15 19:41:22 POLARIS_LOG {"event":"send_rate","rate":304000,"ts":1760557282.0043268}
2025/10/15 19:41:23 POLARIS_LOG {"event":"send_rate","rate":296000,"ts":1760557283.0043063}
2025/10/15 19:41:24 POLARIS_LOG {"event":"send_rate","rate":304000,"ts":1760557284.0047495}
2025/10/15 19:41:25 POLARIS_LOG {"event":"send_rate","rate":296000,"ts":1760557285.0043502}
2025/10/15 19:41:26 POLARIS_LOG {"event":"send_rate","rate":304000,"ts":1760557286.0046692}
2025/10/15 19:41:27 POLARIS_LOG {"event":"send_rate","rate":296000,"ts":1760557287.0046678}
2025/10/15 19:41:28 POLARIS_LOG {"event":"send_rate","rate":304000,"ts":1760557288.004874}
2025/10/15 19:41:29 POLARIS_LOG {"event":"send_rate","rate":296000,"ts":1760557289.005075}
2025/10/15 19:41:30 POLARIS_LOG {"event":"send_rate","rate":304000,"ts":1760557290.0053422}
2025/10/15 19:41:31 POLARIS_LOG {"event":"send_rate","rate":296000,"ts":1760557291.0050828}
2025/10/15 19:41:32 POLARIS_LOG {"event":"send_rate","rate":304000,"ts":1760557292.0047913}
2025/10/15 19:41:33 POLARIS_LOG {"event":"send_rate","rate":296000,"ts":1760557293.0051131}
2025/10/15 19:41:34 POLARIS_LOG {"event":"send_rate","rate":304000,"ts":1760557294.004741}
2025/10/15 19:41:35 POLARIS_LOG {"event":"send_rate","rate":296000,"ts":1760557295.0043116}
2025/10/15 19:41:36 POLARIS_LOG {"event":"send_rate","rate":304000,"ts":1760557296.0044694}
2025/10/15 19:41:37 POLARIS_LOG {"event":"send_rate","rate":296000,"ts":1760557297.0051687}
2025/10/15 19:41:38 POLARIS_LOG {"event":"send_rate","rate":304000,"ts":1760557298.004404}
2025/10/15 19:41:39 POLARIS_LOG {"event":"send_rate","rate":264000,"ts":1760557299.0048387}
2025/10/15 19:41:40 POLARIS_LOG {"event":"send_rate","rate":168000,"ts":1760557300.0044434}
Received SCMP echo reply with unexpected seq 37, expected 39 or 38
Received SCMP echo reply with unexpected seq 37, expected 39 or 38
Received SCMP echo reply with unexpected seq 37, expected 39 or 38
2025/10/15 19:41:41 POLARIS_LOG {"event":"send_rate","rate":224000,"ts":1760557301.004457}
2025/10/15 19:41:41 POLARIS_LOG {"candidates":10,"candidates_unfiltered":17,"current_rate":224000,"estimated_share":2000000,"event":"path_switch","max_estimated_share":2000000,"new":"3 3 4 1","old":"2 2 5 2","trigger":"scheduled","ts":1760557301.0055718}
Received SCMP echo reply with unexpected seq 38, expected 40 or 39
Received SCMP echo reply with unexpected seq 38, expected 40 or 39
Received SCMP echo reply with unexpected seq 38, expected 40 or 39
2025/10/15 19:41:42 POLARIS_LOG {"event":"send_rate","rate":544000,"ts":1760557302.004285}
Received SCMP echo reply with unexpected seq 39, expected 41 or 40
Received SCMP echo reply with unexpected seq 39, expected 41 or 40
Received SCMP echo reply with unexpected seq 39, expected 41 or 40
2025/10/15 19:41:43 POLARIS_LOG {"event":"send_rate","rate":296000,"ts":1760557303.0047212}
Received SCMP echo reply with unexpected seq 40, expected 42 or 41
Received SCMP echo reply with unexpected seq 40, expected 42 or 41
Received SCMP echo reply with unexpected seq 40, expected 42 or 41
2025/10/15 19:41:44 POLARIS_LOG {"event":"send_rate","rate":304000,"ts":1760557304.0045972}
Received SCMP echo reply with unexpected seq 41, expected 43 or 42
Received SCMP echo reply with unexpected seq 41, expected 43 or 42
2025/10/15 19:41:45 POLARIS_LOG {"event":"send_rate","rate":296000,"ts":1760557305.0055845}
Received SCMP echo reply with unexpected seq 42, expected 44 or 43
Received SCMP echo reply with unexpected seq 42, expected 44 or 43
Received SCMP echo reply with unexpected seq 42, expected 44 or 43
2025/10/15 19:41:46 POLARIS_LOG {"event":"send_rate","rate":304000,"ts":1760557306.0046287}
Received SCMP echo reply with unexpected seq 43, expected 45 or 44
Received SCMP echo reply with unexpected seq 43, expected 45 or 44
Received SCMP echo reply with unexpected seq 43, expected 45 or 44
2025/10/15 19:41:47 POLARIS_LOG {"event":"send_rate","rate":296000,"ts":1760557307.0043757}
2025/10/15 19:41:48 POLARIS_LOG {"event":"send_rate","rate":304000,"ts":1760557308.0045295}
2025/10/15 19:41:49 POLARIS_LOG {"event":"send_rate","rate":296000,"ts":1760557309.0046816}
2025/10/15 19:41:50 POLARIS_LOG {"event":"send_rate","rate":304000,"ts":1760557310.004833}
2025/10/15 19:41:51 POLARIS_LOG {"event":"send_rate","rate":296000,"ts":1760557311.0053732}
2025/10/15 19:41:52 POLARIS_LOG {"event":"send_rate","rate":304000,"ts":1760557312.0044436}
2025/10/15 19:41:53 POLARIS_LOG {"event":"send_rate","rate":296000,"ts":1760557313.0052707}
2025/10/15 19:41:54 POLARIS_LOG {"event":"send_rate","rate":304000,"ts":1760557314.0046725}
2025/10/15 19:41:55 POLARIS_LOG {"event":"send_rate","rate":296000,"ts":1760557315.0051632}
2025/10/15 19:41:56 POLARIS_LOG {"event":"send_rate","rate":304000,"ts":1760557316.0045514}
2025/10/15 19:41:57 POLARIS_LOG {"event":"send_rate","rate":296000,"ts":1760557317.0049787}
2025/10/15 19:41:58 POLARIS_LOG {"event":"send_rate","rate":304000,"ts":1760557318.004707}
2025/10/15 19:41:59 POLARIS_LOG {"event":"send_rate","rate":296000,"ts":1760557319.0047686}
2025/10/15 19:42:00 POLARIS_LOG {"event":"send_rate","rate":304000,"ts":1760557320.0051358}
2025/10/15 19:42:01 POLARIS_LOG {"event":"send_rate","rate":296000,"ts":1760557321.0047712}
2025/10/15 19:42:02 POLARIS_LOG {"event":"send_rate","rate":304000,"ts":1760557322.0043812}
2025/10/15 19:42:03 POLARIS_LOG {"event":"send_rate","rate":296000,"ts":1760557323.0072548}
2025/10/15 19:42:04 POLARIS_LOG {"event":"send_rate","rate":304000,"ts":1760557324.0041974}
2025/10/15 19:42:05 POLARIS_LOG {"event":"send_rate","rate":296000,"ts":1760557325.0048003}
2025/10/15 19:42:06 POLARIS_LOG {"event":"send_rate","rate":304000,"ts":1760557326.0047946}
2025/10/15 19:42:07 POLARIS_LOG {"event":"send_rate","rate":296000,"ts":1760557327.0047185}
2025/10/15 19:42:08 POLARIS_LOG {"event":"send_rate","rate":304000,"ts":1760557328.0044365}
2025/10/15 19:42:09 POLARIS_LOG {"event":"send_rate","rate":296000,"ts":1760557329.0047755}
2025/10/15 19:42:10 POLARIS_LOG {"event":"send_rate","rate":304000,"ts":1760557330.004862}
2025/10/15 19:42:11 POLARIS_LOG {"event":"send_rate","rate":296000,"ts":1760557331.004821}
2025/10/15 19:42:12 POLARIS_LOG {"event":"send_rate","rate":296000,"ts":1760557332.0044854}
2025/10/15 19:42:13 POLARIS_LOG {"event":"send_rate","rate":304000,"ts":1760557333.0044944}
2025/10/15 19:42:14 POLARIS_LOG {"event":"send_rate","rate":304000,"ts":1760557334.00488}
2025/10/15 19:42:15 POLARIS_LOG {"event":"send_rate","rate":296000,"ts":1760557335.0043948}
2025/10/15 19:42:16 POLARIS_LOG {"event":"send_rate","rate":296000,"ts":1760557336.0049129}
2025/10/15 19:42:17 POLARIS_LOG {"event":"send_rate","rate":304000,"ts":1760557337.005292}
2025/10/15 19:42:18 POLARIS_LOG {"event":"send_rate","rate":304000,"ts":1760557338.0050566}
2025/10/15 19:42:19 POLARIS_LOG {"event":"send_rate","rate":296000,"ts":1760557339.0045145}
2025/10/15 19:42:20 POLARIS_LOG {"event":"send_rate","rate":304000,"ts":1760557340.0043747}
2025/10/15 19:42:21 POLARIS_LOG {"event":"send_rate","rate":296000,"ts":1760557341.0043705}
2025/10/15 19:42:22 POLARIS_LOG {"event":"send_rate","rate":304000,"ts":1760557342.004844}
2025/10/15 19:42:23 POLARIS_LOG {"event":"send_rate","rate":296000,"ts":1760557343.005023}
2025/10/15 19:42:24 POLARIS_LOG {"event":"send_rate","rate":304000,"ts":1760557344.0051365}
2025/10/15 19:42:25 POLARIS_LOG {"event":"send_rate","rate":296000,"ts":1760557345.016126}
2025/10/15 19:42:26 POLARIS_LOG {"event":"send_rate","rate":296000,"ts":1760557346.0042012}
2025/10/15 19:42:27 POLARIS_LOG {"event":"send_rate","rate":304000,"ts":1760557347.0048928}
2025/10/15 19:42:28 POLARIS_LOG {"event":"send_rate","rate":296000,"ts":1760557348.004555}
2025/10/15 19:42:29 POLARIS_LOG {"event":"send_rate","rate":304000,"ts":1760557349.0057278}
2025/10/15 19:42:30 POLARIS_LOG {"event":"send_rate","rate":296000,"ts":1760557350.0043292}
2025/10/15 19:42:31 POLARIS_LOG {"event":"send_rate","rate":304000,"ts":1760557351.004205}
2025/10/15 19:42:32 POLARIS_LOG {"event":"send_rate","rate":296000,"ts":1760557352.0049198}
2025/10/15 19:42:33 POLARIS_LOG {"event":"send_rate","rate":304000,"ts":1760557353.004651}
2025/10/15 19:42:34 POLARIS_LOG {"event":"send_rate","rate":296000,"ts":1760557354.0055385}
2025/10/15 19:42:35 POLARIS_LOG {"event":"send_rate","rate":304000,"ts":1760557355.0048254}
2025/10/15 19:42:36 POLARIS_LOG {"event":"send_rate","rate":296000,"ts":1760557356.0052626}
2025/10/15 19:42:37 POLARIS_LOG {"event":"send_rate","rate":304000,"ts":1760557357.004774}
2025/10/15 19:42:38 POLARIS_LOG {"event":"send_rate","rate":296000,"ts":1760557358.0047247}
2025/10/15 19:42:39 POLARIS_LOG {"event":"send_rate","rate":304000,"ts":1760557359.004963}
2025/10/15 19:42:40 POLARIS_LOG {"event":"send_rate","rate":296000,"ts":1760557360.0050936}
2025/10/15 19:42:41 POLARIS_LOG {"event":"send_rate","rate":304000,"ts":1760557361.0043862}
2025/10/15 19:42:42 POLARIS_LOG {"event":"send_rate","rate":296000,"ts":1760557362.0045507}
2025/10/15 19:42:43 POLARIS_LOG {"event":"send_rate","rate":304000,"ts":1760557363.004949}
2025/10/15 19:42:44 POLARIS_LOG {"event":"send_rate","rate":296000,"ts":1760557364.004193}
2025/10/15 19:42:45 POLARIS_LOG {"event":"send_rate","rate":304000,"ts":1760557365.005599}
2025/10/15 19:42:46 POLARIS_LOG {"event":"send_rate","rate":296000,"ts":1760557366.005104}
2025/10/15 19:42:47 POLARIS_LOG {"event":"send_rate","rate":304000,"ts":1760557367.0051458}
2025/10/15 19:42:48 POLARIS_LOG {"event":"send_rate","rate":296000,"ts":1760557368.0048409}
2025/10/15 19:42:49 POLARIS_LOG {"event":"send_rate","rate":304000,"ts":1760557369.004522}
2025/10/15 19:42:50 POLARIS_LOG {"event":"send_rate","rate":296000,"ts":1760557370.004785}
2025/10/15 19:42:51 POLARIS_LOG {"event":"send_rate","rate":304000,"ts":1760557371.0045543}
2025/10/15 19:42:52 POLARIS_LOG {"event":"send_rate","rate":296000,"ts":1760557372.0045488}
2025/10/15 19:42:53 POLARIS_LOG {"event":"send_rate","rate":304000,"ts":1760557373.0043952}
2025/10/15 19:42:54 POLARIS_LOG {"event":"send_rate","rate":296000,"ts":1760557374.0048487}
2025/10/15 19:42:55 POLARIS_LOG {"event":"send_rate","rate":304000,"ts":1760557375.0044608}
2025/10/15 19:42:56 POLARIS_LOG {"event":"send_rate","rate":296000,"ts":1760557376.0051613}
2025/10/15 19:42:57 POLARIS_LOG {"event":"send_rate","rate":304000,"ts":1760557377.0050104}
2025/10/15 19:42:58 POLARIS_LOG {"event":"send_rate","rate":296000,"ts":1760557378.0048127}
2025/10/15 19:42:59 POLARIS_LOG {"event":"send_rate","rate":304000,"ts":1760557379.0043707}
2025/10/15 19:43:00 POLARIS_LOG {"event":"send_rate","rate":296000,"ts":1760557380.0043664}
2025/10/15 19:43:01 POLARIS_LOG {"event":"send_rate","rate":304000,"ts":1760557381.0050015}
2025/10/15 19:43:02 POLARIS_LOG {"event":"send_rate","rate":296000,"ts":1760557382.005027}
2025/10/15 19:43:03 POLARIS_LOG {"event":"send_rate","rate":304000,"ts":1760557383.0042555}
2025/10/15 19:43:04 POLARIS_LOG {"event":"send_rate","rate":296000,"ts":1760557384.0049303}
2025/10/15 19:43:05 POLARIS_LOG {"event":"send_rate","rate":304000,"ts":1760557385.0044994}
2025/10/15 19:43:06 POLARIS_LOG {"event":"send_rate","rate":296000,"ts":1760557386.0050135}
2025/10/15 19:43:07 POLARIS_LOG {"event":"send_rate","rate":304000,"ts":1760557387.0051064}
2025/10/15 19:43:08 POLARIS_LOG {"event":"send_rate","rate":296000,"ts":1760557388.004925}
2025/10/15 19:43:09 POLARIS_LOG {"event":"send_rate","rate":304000,"ts":1760557389.0043564}
2025/10/15 19:43:10 POLARIS_LOG {"event":"send_rate","rate":296000,"ts":1760557390.0050535}
2025/10/15 19:43:11 POLARIS_LOG {"event":"send_rate","rate":304000,"ts":1760557391.0047667}
2025/10/15 19:43:12 POLARIS_LOG {"event":"send_rate","rate":296000,"ts":1760557392.0051277}
2025/10/15 19:43:13 POLARIS_LOG {"event":"send_rate","rate":304000,"ts":1760557393.004356}
2025/10/15 19:43:14 POLARIS_LOG {"event":"send_rate","rate":296000,"ts":1760557394.0050004}
2025/10/15 19:43:15 POLARIS_LOG {"event":"send_rate","rate":304000,"ts":1760557395.0042083}
2025/10/15 19:43:16 POLARIS_LOG {"event":"send_rate","rate":296000,"ts":1760557396.0050194}
2025/10/15 19:43:17 POLARIS_LOG {"event":"send_rate","rate":304000,"ts":1760557397.0072784}
2025/10/15 19:43:18 POLARIS_LOG {"event":"send_rate","rate":296000,"ts":1760557398.0043914}
2025/10/15 19:43:19 POLARIS_LOG {"event":"send_rate","rate":304000,"ts":1760557399.0050082}
2025/10/15 19:43:20 POLARIS_LOG {"event":"send_rate","rate":296000,"ts":1760557400.0046458}
2025/10/15 19:43:21 POLARIS_LOG {"event":"send_rate","rate":304000,"ts":1760557401.0047534}
2025/10/15 19:43:22 POLARIS_LOG {"event":"send_rate","rate":296000,"ts":1760557402.0044851}
2025/10/15 19:43:23 POLARIS_LOG {"event":"send_rate","rate":304000,"ts":1760557403.0070662}
2025/10/15 19:43:24 POLARIS_LOG {"event":"send_rate","rate":296000,"ts":1760557404.0051172}
2025/10/15 19:43:25 POLARIS_LOG {"event":"send_rate","rate":304000,"ts":1760557405.0051413}
2025/10/15 19:43:26 POLARIS_LOG {"event":"send_rate","rate":296000,"ts":1760557406.004308}
2025/10/15 19:43:27 POLARIS_LOG {"event":"send_rate","rate":304000,"ts":1760557407.0046108}
2025/10/15 19:43:28 POLARIS_LOG {"event":"send_rate","rate":296000,"ts":1760557408.0046153}
2025/10/15 19:43:29 POLARIS_LOG {"event":"send_rate","rate":304000,"ts":1760557409.0050187}
2025/10/15 19:43:30 POLARIS_LOG {"event":"send_rate","rate":296000,"ts":1760557410.0047374}
2025/10/15 19:43:31 POLARIS_LOG {"event":"send_rate","rate":304000,"ts":1760557411.0049403}
2025/10/15 19:43:32 POLARIS_LOG {"event":"send_rate","rate":296000,"ts":1760557412.004892}
2025/10/15 19:43:33 POLARIS_LOG {"event":"send_rate","rate":304000,"ts":1760557413.0072827}
2025/10/15 19:43:34 POLARIS_LOG {"event":"send_rate","rate":296000,"ts":1760557414.0050087}
2025/10/15 19:43:35 POLARIS_LOG {"event":"send_rate","rate":304000,"ts":1760557415.00494}
2025/10/15 19:43:36 POLARIS_LOG {"event":"send_rate","rate":296000,"ts":1760557416.0043216}
2025/10/15 19:43:37 POLARIS_LOG {"event":"send_rate","rate":304000,"ts":1760557417.004308}
2025/10/15 19:43:38 POLARIS_LOG {"event":"send_rate","rate":296000,"ts":1760557418.004538}
2025/10/15 19:43:39 POLARIS_LOG {"event":"send_rate","rate":304000,"ts":1760557419.0055218}
2025/10/15 19:43:40 POLARIS_LOG {"event":"send_rate","rate":296000,"ts":1760557420.0046182}
2025/10/15 19:43:41 POLARIS_LOG {"event":"send_rate","rate":304000,"ts":1760557421.0043209}
2025/10/15 19:43:42 POLARIS_LOG {"event":"send_rate","rate":296000,"ts":1760557422.0051208}
2025/10/15 19:43:43 POLARIS_LOG {"event":"send_rate","rate":304000,"ts":1760557423.0044782}
2025/10/15 19:43:44 POLARIS_LOG {"event":"send_rate","rate":296000,"ts":1760557424.0062404}
2025/10/15 19:43:45 POLARIS_LOG {"event":"send_rate","rate":304000,"ts":1760557425.0049512}
2025/10/15 19:43:46 POLARIS_LOG {"event":"send_rate","rate":296000,"ts":1760557426.004905}
2025/10/15 19:43:47 POLARIS_LOG {"event":"send_rate","rate":304000,"ts":1760557427.0045133}
2025/10/15 19:43:48 POLARIS_LOG {"event":"send_rate","rate":296000,"ts":1760557428.0045214}
2025/10/15 19:43:49 POLARIS_LOG {"event":"send_rate","rate":304000,"ts":1760557429.0045352}
2025/10/15 19:43:50 POLARIS_LOG {"event":"send_rate","rate":296000,"ts":1760557430.0061553}
2025/10/15 19:43:51 POLARIS_LOG {"event":"send_rate","rate":304000,"ts":1760557431.0045109}
2025/10/15 19:43:52 POLARIS_LOG {"event":"send_rate","rate":296000,"ts":1760557432.004195}
2025/10/15 19:43:53 POLARIS_LOG {"event":"send_rate","rate":304000,"ts":1760557433.0049853}
2025/10/15 19:43:54 POLARIS_LOG {"event":"send_rate","rate":296000,"ts":1760557434.0046263}
2025/10/15 19:43:55 POLARIS_LOG {"event":"send_rate","rate":304000,"ts":1760557435.0051997}
2025/10/15 19:43:56 POLARIS_LOG {"event":"send_rate","rate":296000,"ts":1760557436.0049362}
2025/10/15 19:43:57 POLARIS_LOG {"event":"send_rate","rate":304000,"ts":1760557437.0049393}
2025/10/15 19:43:58 POLARIS_LOG {"event":"send_rate","rate":296000,"ts":1760557438.004812}
2025/10/15 19:43:59 POLARIS_LOG {"event":"send_rate","rate":304000,"ts":1760557439.0044763}
2025/10/15 19:44:00 POLARIS_LOG {"event":"send_rate","rate":296000,"ts":1760557440.0047514}
2025/10/15 19:44:01 POLARIS_LOG {"event":"send_rate","rate":304000,"ts":1760557441.0061932}
2025/10/15 19:44:02 POLARIS_LOG {"event":"send_rate","rate":296000,"ts":1760557442.0048935}
2025/10/15 19:44:03 POLARIS_LOG {"event":"send_rate","rate":304000,"ts":1760557443.0048838}
2025/10/15 19:44:04 POLARIS_LOG {"event":"send_rate","rate":296000,"ts":1760557444.0047643}
2025/10/15 19:44:05 POLARIS_LOG {"event":"send_rate","rate":304000,"ts":1760557445.0042233}
2025/10/15 19:44:06 POLARIS_LOG {"event":"send_rate","rate":296000,"ts":1760557446.004732}
2025/10/15 19:44:07 POLARIS_LOG {"event":"send_rate","rate":304000,"ts":1760557447.0049982}
2025/10/15 19:44:08 POLARIS_LOG {"event":"send_rate","rate":296000,"ts":1760557448.0042117}
2025/10/15 19:44:09 POLARIS_LOG {"event":"send_rate","rate":304000,"ts":1760557449.0044992}
2025/10/15 19:44:10 POLARIS_LOG {"event":"send_rate","rate":296000,"ts":1760557450.0050087}
2025/10/15 19:44:11 POLARIS_LOG {"event":"send_rate","rate":304000,"ts":1760557451.004695}
2025/10/15 19:44:12 POLARIS_LOG {"event":"send_rate","rate":296000,"ts":1760557452.005018}
2025/10/15 19:44:13 POLARIS_LOG {"event":"send_rate","rate":304000,"ts":1760557453.0046163}
2025/10/15 19:44:14 POLARIS_LOG {"event":"send_rate","rate":296000,"ts":1760557454.004545}
2025/10/15 19:44:15 POLARIS_LOG {"event":"send_rate","rate":304000,"ts":1760557455.0046835}
2025/10/15 19:44:16 POLARIS_LOG {"event":"send_rate","rate":296000,"ts":1760557456.004318}
2025/10/15 19:44:17 POLARIS_LOG {"event":"send_rate","rate":304000,"ts":1760557457.0044568}
2025/10/15 19:44:18 POLARIS_LOG {"event":"send_rate","rate":296000,"ts":1760557458.0045125}
2025/10/15 19:44:19 POLARIS_LOG {"event":"send_rate","rate":304000,"ts":1760557459.0044186}
2025/10/15 19:44:20 POLARIS_LOG {"event":"send_rate","rate":296000,"ts":1760557460.0047967}
2025/10/15 19:44:21 POLARIS_LOG {"event":"send_rate","rate":304000,"ts":1760557461.0042357}
2025/10/15 19:44:22 POLARIS_LOG {"event":"send_rate","rate":296000,"ts":1760557462.0072412}
2025/10/15 19:44:23 POLARIS_LOG {"event":"send_rate","rate":304000,"ts":1760557463.0048811}
2025/10/15 19:44:24 POLARIS_LOG {"event":"send_rate","rate":296000,"ts":1760557464.004556}
2025/10/15 19:44:25 POLARIS_LOG {"event":"send_rate","rate":304000,"ts":1760557465.0047567}
2025/10/15 19:44:26 POLARIS_LOG {"event":"send_rate","rate":296000,"ts":1760557466.0048218}
2025/10/15 19:44:27 POLARIS_LOG {"event":"send_rate","rate":304000,"ts":1760557467.0046177}
2025/10/15 19:44:28 POLARIS_LOG {"event":"send_rate","rate":296000,"ts":1760557468.0049047}
2025/10/15 19:44:29 POLARIS_LOG {"event":"send_rate","rate":304000,"ts":1760557469.0046604}
2025/10/15 19:44:30 POLARIS_LOG {"event":"send_rate","rate":296000,"ts":1760557470.004577}
2025/10/15 19:44:31 POLARIS_LOG {"event":"send_rate","rate":304000,"ts":1760557471.0051007}
2025/10/15 19:44:32 POLARIS_LOG {"event":"send_rate","rate":296000,"ts":1760557472.0045028}
2025/10/15 19:44:33 POLARIS_LOG {"event":"send_rate","rate":304000,"ts":1760557473.0053763}
2025/10/15 19:44:34 POLARIS_LOG {"event":"send_rate","rate":296000,"ts":1760557474.004395}
2025/10/15 19:44:35 POLARIS_LOG {"event":"send_rate","rate":304000,"ts":1760557475.004839}
2025/10/15 19:44:36 POLARIS_LOG {"event":"send_rate","rate":296000,"ts":1760557476.004721}
2025/10/15 19:44:37 POLARIS_LOG {"event":"send_rate","rate":304000,"ts":1760557477.0048153}
2025/10/15 19:44:38 POLARIS_LOG {"event":"send_rate","rate":296000,"ts":1760557478.0043662}
2025/10/15 19:44:39 POLARIS_LOG {"event":"send_rate","rate":304000,"ts":1760557479.0041802}
2025/10/15 19:44:40 POLARIS_LOG {"event":"send_rate","rate":296000,"ts":1760557480.0048728}
2025/10/15 19:44:41 POLARIS_LOG {"event":"send_rate","rate":304000,"ts":1760557481.0046215}
2025/10/15 19:44:42 POLARIS_LOG {"event":"send_rate","rate":296000,"ts":1760557482.0048435}
2025/10/15 19:44:43 POLARIS_LOG {"event":"send_rate","rate":296000,"ts":1760557483.004556}
2025/10/15 19:44:44 POLARIS_LOG {"event":"send_rate","rate":304000,"ts":1760557484.0043573}
2025/10/15 19:44:45 POLARIS_LOG {"event":"send_rate","rate":304000,"ts":1760557485.005587}
2025/10/15 19:44:46 POLARIS_LOG {"event":"send_rate","rate":296000,"ts":1760557486.0051985}
2025/10/15 19:44:47 POLARIS_LOG {"event":"send_rate","rate":296000,"ts":1760557487.0045097}
2025/10/15 19:44:48 POLARIS_LOG {"event":"send_rate","rate":304000,"ts":1760557488.0051193}
2025/10/15 19:44:49 POLARIS_LOG {"event":"send_rate","rate":296000,"ts":1760557489.0042257}
2025/10/15 19:44:50 POLARIS_LOG {"event":"send_rate","rate":304000,"ts":1760557490.004322}
2025/10/15 19:44:51 POLARIS_LOG {"event":"send_rate","rate":304000,"ts":1760557491.0054924}
2025/10/15 19:44:52 POLARIS_LOG {"event":"send_rate","rate":296000,"ts":1760557492.0051775}
2025/10/15 19:44:53 POLARIS_LOG {"event":"send_rate","rate":296000,"ts":1760557493.0043757}
2025/10/15 19:44:54 POLARIS_LOG {"event":"send_rate","rate":304000,"ts":1760557494.0044887}
2025/10/15 19:44:55 POLARIS_LOG {"event":"send_rate","rate":296000,"ts":1760557495.005036}
2025/10/15 19:44:56 POLARIS_LOG {"event":"send_rate","rate":304000,"ts":1760557496.0051098}
2025/10/15 19:44:57 POLARIS_LOG {"event":"send_rate","rate":296000,"ts":1760557497.0048041}
2025/10/15 19:44:58 POLARIS_LOG {"event":"send_rate","rate":304000,"ts":1760557498.0048153}
2025/10/15 19:44:59 POLARIS_LOG {"event":"send_rate","rate":296000,"ts":1760557499.0048282}
2025/10/15 19:45:00 POLARIS_LOG {"event":"send_rate","rate":304000,"ts":1760557500.0044997}
2025/10/15 19:45:01 POLARIS_LOG {"event":"send_rate","rate":296000,"ts":1760557501.0042708}
2025/10/15 19:45:02 POLARIS_LOG {"event":"send_rate","rate":304000,"ts":1760557502.0041895}
2025/10/15 19:45:03 POLARIS_LOG {"event":"send_rate","rate":296000,"ts":1760557503.004558}
2025/10/15 19:45:04 POLARIS_LOG {"event":"send_rate","rate":304000,"ts":1760557504.005243}
2025/10/15 19:45:05 POLARIS_LOG {"event":"send_rate","rate":296000,"ts":1760557505.0050154}
2025/10/15 19:45:06 POLARIS_LOG {"event":"send_rate","rate":304000,"ts":1760557506.0047164}
2025/10/15 19:45:07 POLARIS_LOG {"event":"send_rate","rate":296000,"ts":1760557507.004358}
2025/10/15 19:45:08 POLARIS_LOG {"event":"send_rate","rate":304000,"ts":1760557508.0065897}
2025/10/15 19:45:09 POLARIS_LOG {"event":"send_rate","rate":296000,"ts":1760557509.0056906}
2025/10/15 19:45:10 POLARIS_LOG {"event":"send_rate","rate":304000,"ts":1760557510.0043714}
2025/10/15 19:45:11 POLARIS_LOG {"event":"send_rate","rate":296000,"ts":1760557511.0068736}
2025/10/15 19:45:12 POLARIS_LOG {"event":"send_rate","rate":304000,"ts":1760557512.005}
2025/10/15 19:45:13 POLARIS_LOG {"event":"send_rate","rate":296000,"ts":1760557513.0056312}
2025/10/15 19:45:14 POLARIS_LOG {"event":"send_rate","rate":304000,"ts":1760557514.0046573}
2025/10/15 19:45:15 POLARIS_LOG {"event":"send_rate","rate":296000,"ts":1760557515.0042427}
2025/10/15 19:45:16 POLARIS_LOG {"event":"send_rate","rate":304000,"ts":1760557516.0051506}
2025/10/15 19:45:17 POLARIS_LOG {"event":"send_rate","rate":296000,"ts":1760557517.0046995}
2025/10/15 19:45:18 POLARIS_LOG {"event":"send_rate","rate":304000,"ts":1760557518.0043838}
2025/10/15 19:45:19 POLARIS_LOG {"event":"send_rate","rate":296000,"ts":1760557519.004925}
2025/10/15 19:45:20 POLARIS_LOG {"event":"send_rate","rate":304000,"ts":1760557520.0043106}
2025/10/15 19:45:21 POLARIS_LOG {"event":"send_rate","rate":296000,"ts":1760557521.0053637}
2025/10/15 19:45:22 POLARIS_LOG {"event":"send_rate","rate":304000,"ts":1760557522.004502}
2025/10/15 19:45:23 POLARIS_LOG {"event":"send_rate","rate":296000,"ts":1760557523.0051978}
2025/10/15 19:45:24 POLARIS_LOG {"event":"send_rate","rate":304000,"ts":1760557524.0049021}
2025/10/15 19:45:25 POLARIS_LOG {"event":"send_rate","rate":296000,"ts":1760557525.0046828}
2025/10/15 19:45:26 POLARIS_LOG {"event":"send_rate","rate":304000,"ts":1760557526.0047388}
2025/10/15 19:45:27 POLARIS_LOG {"event":"send_rate","rate":296000,"ts":1760557527.004962}
2025/10/15 19:45:28 POLARIS_LOG {"event":"send_rate","rate":304000,"ts":1760557528.0052838}
2025/10/15 19:45:29 POLARIS_LOG {"event":"send_rate","rate":296000,"ts":1760557529.0043383}
2025/10/15 19:45:30 POLARIS_LOG {"event":"send_rate","rate":304000,"ts":1760557530.0050743}
2025/10/15 19:45:31 POLARIS_LOG {"event":"send_rate","rate":296000,"ts":1760557531.0048163}
2025/10/15 19:45:32 POLARIS_LOG {"event":"send_rate","rate":304000,"ts":1760557532.0042148}
2025/10/15 19:45:33 POLARIS_LOG {"event":"send_rate","rate":296000,"ts":1760557533.0044162}
2025/10/15 19:45:34 POLARIS_LOG {"event":"send_rate","rate":304000,"ts":1760557534.0045412}
2025/10/15 19:45:35 POLARIS_LOG {"event":"send_rate","rate":296000,"ts":1760557535.0050826}
2025/10/15 19:45:36 POLARIS_LOG {"event":"send_rate","rate":304000,"ts":1760557536.004854}
2025/10/15 19:45:37 POLARIS_LOG {"event":"send_rate","rate":296000,"ts":1760557537.0048814}
2025/10/15 19:45:38 POLARIS_LOG {"event":"send_rate","rate":304000,"ts":1760557538.0052938}
2025/10/15 19:45:39 POLARIS_LOG {"event":"send_rate","rate":296000,"ts":1760557539.004504}
2025/10/15 19:45:40 POLARIS_LOG {"event":"send_rate","rate":304000,"ts":1760557540.0059636}
2025/10/15 19:45:41 POLARIS_LOG {"event":"send_rate","rate":296000,"ts":1760557541.0052567}
2025/10/15 19:45:42 POLARIS_LOG {"event":"send_rate","rate":304000,"ts":1760557542.0043223}
2025/10/15 19:45:43 POLARIS_LOG {"event":"send_rate","rate":296000,"ts":1760557543.0049238}
2025/10/15 19:45:44 POLARIS_LOG {"event":"send_rate","rate":304000,"ts":1760557544.0049965}
2025/10/15 19:45:45 POLARIS_LOG {"event":"send_rate","rate":296000,"ts":1760557545.0050209}
2025/10/15 19:45:46 POLARIS_LOG {"event":"send_rate","rate":304000,"ts":1760557546.005064}
2025/10/15 19:45:47 POLARIS_LOG {"event":"send_rate","rate":296000,"ts":1760557547.0048513}
2025/10/15 19:45:48 POLARIS_LOG {"event":"send_rate","rate":304000,"ts":1760557548.0052044}
2025/10/15 19:45:49 POLARIS_LOG {"event":"send_rate","rate":296000,"ts":1760557549.004499}
We need to sleep for 1 seconds before we can get the results
Drain Loop received packet
Drain Loop received non-nil payload
2025/10/15 19:45:50 POLARIS_LOG {"event":"send_rate","rate":8000,"ts":1760557550.004254}
Client sent 10800 packets, server reported 10777 packets received
The network loss rate from client to server is 0.2%

S->C results
Attempted bandwidth: 0 bps / 0.00 Mbps
Achieved bandwidth: 0 bps / 0.00 Mbps
Loss rate: 0.0%
Interarrival time min/avg/max/mdev = -0.000/0.000/0.000/0.000 ms

C->S results
Attempted bandwidth: 300000 bps / 0.30 Mbps
Achieved bandwidth: 299361 bps / 0.30 Mbps
Loss rate: 0.2%
Interarrival time min/avg/max/mdev = 0.002/26.741/332.956/17.499 ms
