
Test parameters:
client->server: 264 seconds, 1000 bytes, 9900 packets
server->client: 264 seconds, 1000 bytes, 0 packets
2025/10/15 19:41:25 POLARIS_LOG {"current_rate":0,"event":"path_switch","new":"2 2 5 2","trigger":"initialization","ts":1760557285.1865644}
Polaris prober initialized with 38 paths
Polaris prober initialized with local 1-111,10.111.0.71:32746 and remote 1-113,10.113.0.71
2025/10/15 19:41:26 POLARIS_LOG {"event":"send_rate","rate":304000,"ts":1760557286.187889}
2025/10/15 19:41:27 POLARIS_LOG {"event":"send_rate","rate":296000,"ts":1760557287.188477}
2025/10/15 19:41:28 POLARIS_LOG {"event":"send_rate","rate":304000,"ts":1760557288.1887138}
2025/10/15 19:41:29 POLARIS_LOG {"event":"send_rate","rate":296000,"ts":1760557289.1887903}
2025/10/15 19:41:30 POLARIS_LOG {"event":"send_rate","rate":304000,"ts":1760557290.1885028}
2025/10/15 19:41:31 POLARIS_LOG {"event":"send_rate","rate":296000,"ts":1760557291.1893106}
2025/10/15 19:41:32 POLARIS_LOG {"event":"send_rate","rate":304000,"ts":1760557292.188222}
2025/10/15 19:41:33 POLARIS_LOG {"event":"send_rate","rate":296000,"ts":1760557293.187828}
2025/10/15 19:41:34 POLARIS_LOG {"event":"send_rate","rate":304000,"ts":1760557294.188725}
2025/10/15 19:41:35 POLARIS_LOG {"event":"send_rate","rate":296000,"ts":1760557295.1884823}
2025/10/15 19:41:36 POLARIS_LOG {"event":"send_rate","rate":304000,"ts":1760557296.1885278}
2025/10/15 19:41:37 POLARIS_LOG {"event":"send_rate","rate":296000,"ts":1760557297.1889718}
2025/10/15 19:41:38 POLARIS_LOG {"event":"send_rate","rate":304000,"ts":1760557298.1883528}
2025/10/15 19:41:39 POLARIS_LOG {"event":"send_rate","rate":296000,"ts":1760557299.1903534}
2025/10/15 19:41:40 POLARIS_LOG {"event":"send_rate","rate":304000,"ts":1760557300.1883917}
Received SCMP echo reply with unexpected seq 13, expected 15 or 14
Received SCMP echo reply with unexpected seq 13, expected 15 or 14
2025/10/15 19:41:41 POLARIS_LOG {"event":"send_rate","rate":232000,"ts":1760557301.2032535}
Received SCMP echo reply with unexpected seq 14, expected 16 or 15
Received SCMP echo reply with unexpected seq 14, expected 16 or 15
Received SCMP echo reply with unexpected seq 14, expected 16 or 15
2025/10/15 19:41:42 POLARIS_LOG {"event":"send_rate","rate":192000,"ts":1760557302.1889765}
Received SCMP echo reply with unexpected seq 15, expected 17 or 16
Received SCMP echo reply with unexpected seq 15, expected 17 or 16
Received SCMP echo reply with unexpected seq 15, expected 17 or 16
2025/10/15 19:41:43 POLARIS_LOG {"event":"send_rate","rate":208000,"ts":1760557303.1897142}
Received SCMP echo reply with unexpected seq 16, expected 18 or 17
Received SCMP echo reply with unexpected seq 16, expected 18 or 17
Received SCMP echo reply with unexpected seq 16, expected 18 or 17
2025/10/15 19:41:44 POLARIS_LOG {"event":"send_rate","rate":152000,"ts":1760557304.188784}
Received SCMP echo reply with unexpected seq 17, expected 19 or 18
Received SCMP echo reply with unexpected seq 17, expected 19 or 18
Received SCMP echo reply with unexpected seq 17, expected 19 or 18
2025/10/15 19:41:45 POLARIS_LOG {"event":"send_rate","rate":232000,"ts":1760557305.1882322}
2025/10/15 19:41:45 POLARIS_LOG {"candidates":4,"candidates_unfiltered":17,"current_rate":232000,"estimated_share":1000000,"event":"path_switch","max_estimated_share":1000000,"new":"5 5 2 4","old":"2 2 5 2","trigger":"scheduled","ts":1760557305.1882422}
Received SCMP echo reply with unexpected seq 18, expected 20 or 19
Received SCMP echo reply with unexpected seq 18, expected 20 or 19
2025/10/15 19:41:46 POLARIS_LOG {"event":"send_rate","rate":784000,"ts":1760557306.1881282}
Received SCMP echo reply with unexpected seq 19, expected 21 or 20
Received SCMP echo reply with unexpected seq 19, expected 21 or 20
Received SCMP echo reply with unexpected seq 19, expected 21 or 20
2025/10/15 19:41:47 POLARIS_LOG {"event":"send_rate","rate":296000,"ts":1760557307.1885555}
2025/10/15 19:41:48 POLARIS_LOG {"event":"send_rate","rate":296000,"ts":1760557308.1908693}
2025/10/15 19:41:49 POLARIS_LOG {"event":"send_rate","rate":304000,"ts":1760557309.1886895}
2025/10/15 19:41:50 POLARIS_LOG {"event":"send_rate","rate":304000,"ts":1760557310.1883097}
2025/10/15 19:41:51 POLARIS_LOG {"event":"send_rate","rate":296000,"ts":1760557311.1880238}
2025/10/15 19:41:52 POLARIS_LOG {"event":"send_rate","rate":304000,"ts":1760557312.1890383}
2025/10/15 19:41:53 POLARIS_LOG {"event":"send_rate","rate":296000,"ts":1760557313.188203}
2025/10/15 19:41:54 POLARIS_LOG {"event":"send_rate","rate":304000,"ts":1760557314.188729}
2025/10/15 19:41:55 POLARIS_LOG {"event":"send_rate","rate":296000,"ts":1760557315.1880982}
2025/10/15 19:41:56 POLARIS_LOG {"event":"send_rate","rate":304000,"ts":1760557316.188141}
2025/10/15 19:41:57 POLARIS_LOG {"event":"send_rate","rate":296000,"ts":1760557317.188716}
2025/10/15 19:41:58 POLARIS_LOG {"event":"send_rate","rate":304000,"ts":1760557318.1887207}
2025/10/15 19:41:59 POLARIS_LOG {"event":"send_rate","rate":296000,"ts":1760557319.1885417}
2025/10/15 19:42:00 POLARIS_LOG {"event":"send_rate","rate":304000,"ts":1760557320.1887922}
2025/10/15 19:42:01 POLARIS_LOG {"event":"send_rate","rate":296000,"ts":1760557321.1910038}
2025/10/15 19:42:02 POLARIS_LOG {"event":"send_rate","rate":304000,"ts":1760557322.1891222}
2025/10/15 19:42:03 POLARIS_LOG {"event":"send_rate","rate":296000,"ts":1760557323.1877367}
2025/10/15 19:42:04 POLARIS_LOG {"event":"send_rate","rate":304000,"ts":1760557324.1884294}
2025/10/15 19:42:05 POLARIS_LOG {"event":"send_rate","rate":296000,"ts":1760557325.1891522}
2025/10/15 19:42:06 POLARIS_LOG {"event":"send_rate","rate":304000,"ts":1760557326.1885314}
2025/10/15 19:42:07 POLARIS_LOG {"event":"send_rate","rate":296000,"ts":1760557327.1903627}
2025/10/15 19:42:08 POLARIS_LOG {"event":"send_rate","rate":304000,"ts":1760557328.1880124}
2025/10/15 19:42:09 POLARIS_LOG {"event":"send_rate","rate":296000,"ts":1760557329.1880014}
2025/10/15 19:42:10 POLARIS_LOG {"event":"send_rate","rate":304000,"ts":1760557330.1886373}
2025/10/15 19:42:11 POLARIS_LOG {"event":"send_rate","rate":296000,"ts":1760557331.1880066}
2025/10/15 19:42:12 POLARIS_LOG {"event":"send_rate","rate":304000,"ts":1760557332.187896}
2025/10/15 19:42:13 POLARIS_LOG {"event":"send_rate","rate":296000,"ts":1760557333.188012}
2025/10/15 19:42:14 POLARIS_LOG {"event":"send_rate","rate":304000,"ts":1760557334.1881485}
2025/10/15 19:42:15 POLARIS_LOG {"event":"send_rate","rate":296000,"ts":1760557335.1885645}
2025/10/15 19:42:16 POLARIS_LOG {"event":"send_rate","rate":296000,"ts":1760557336.1879094}
2025/10/15 19:42:17 POLARIS_LOG {"event":"send_rate","rate":304000,"ts":1760557337.188408}
2025/10/15 19:42:18 POLARIS_LOG {"event":"send_rate","rate":304000,"ts":1760557338.188785}
2025/10/15 19:42:19 POLARIS_LOG {"event":"send_rate","rate":296000,"ts":1760557339.1933308}
2025/10/15 19:42:20 POLARIS_LOG {"event":"send_rate","rate":304000,"ts":1760557340.1880758}
2025/10/15 19:42:21 POLARIS_LOG {"event":"send_rate","rate":296000,"ts":1760557341.1877275}
2025/10/15 19:42:22 POLARIS_LOG {"event":"send_rate","rate":304000,"ts":1760557342.1879106}
2025/10/15 19:42:23 POLARIS_LOG {"event":"send_rate","rate":296000,"ts":1760557343.1877418}
2025/10/15 19:42:24 POLARIS_LOG {"event":"send_rate","rate":304000,"ts":1760557344.1881156}
2025/10/15 19:42:25 POLARIS_LOG {"event":"send_rate","rate":296000,"ts":1760557345.1896222}
2025/10/15 19:42:26 POLARIS_LOG {"event":"send_rate","rate":304000,"ts":1760557346.1880937}
2025/10/15 19:42:27 POLARIS_LOG {"event":"send_rate","rate":296000,"ts":1760557347.1886911}
2025/10/15 19:42:28 POLARIS_LOG {"event":"send_rate","rate":304000,"ts":1760557348.1879656}
2025/10/15 19:42:29 POLARIS_LOG {"event":"send_rate","rate":296000,"ts":1760557349.1914175}
2025/10/15 19:42:30 POLARIS_LOG {"event":"send_rate","rate":304000,"ts":1760557350.187799}
2025/10/15 19:42:31 POLARIS_LOG {"event":"send_rate","rate":296000,"ts":1760557351.1880615}
2025/10/15 19:42:32 POLARIS_LOG {"event":"send_rate","rate":296000,"ts":1760557352.1882007}
2025/10/15 19:42:33 POLARIS_LOG {"event":"send_rate","rate":304000,"ts":1760557353.1877239}
2025/10/15 19:42:34 POLARIS_LOG {"event":"send_rate","rate":304000,"ts":1760557354.1881936}
2025/10/15 19:42:35 POLARIS_LOG {"event":"send_rate","rate":296000,"ts":1760557355.1884236}
2025/10/15 19:42:36 POLARIS_LOG {"event":"send_rate","rate":304000,"ts":1760557356.18943}
2025/10/15 19:42:37 POLARIS_LOG {"event":"send_rate","rate":296000,"ts":1760557357.1890125}
2025/10/15 19:42:38 POLARIS_LOG {"event":"send_rate","rate":304000,"ts":1760557358.1910655}
2025/10/15 19:42:39 POLARIS_LOG {"event":"send_rate","rate":296000,"ts":1760557359.18809}
2025/10/15 19:42:40 POLARIS_LOG {"event":"send_rate","rate":304000,"ts":1760557360.1887846}
2025/10/15 19:42:41 POLARIS_LOG {"event":"send_rate","rate":296000,"ts":1760557361.1881638}
2025/10/15 19:42:42 POLARIS_LOG {"event":"send_rate","rate":304000,"ts":1760557362.1885142}
2025/10/15 19:42:43 POLARIS_LOG {"event":"send_rate","rate":296000,"ts":1760557363.188648}
2025/10/15 19:42:44 POLARIS_LOG {"event":"send_rate","rate":296000,"ts":1760557364.188516}
2025/10/15 19:42:45 POLARIS_LOG {"event":"send_rate","rate":304000,"ts":1760557365.1883984}
2025/10/15 19:42:46 POLARIS_LOG {"event":"send_rate","rate":304000,"ts":1760557366.1907837}
2025/10/15 19:42:47 POLARIS_LOG {"event":"send_rate","rate":296000,"ts":1760557367.1902285}
2025/10/15 19:42:48 POLARIS_LOG {"event":"send_rate","rate":296000,"ts":1760557368.1879146}
2025/10/15 19:42:49 POLARIS_LOG {"event":"send_rate","rate":304000,"ts":1760557369.1889277}
2025/10/15 19:42:50 POLARIS_LOG {"event":"send_rate","rate":304000,"ts":1760557370.1922038}
2025/10/15 19:42:51 POLARIS_LOG {"event":"send_rate","rate":296000,"ts":1760557371.1892824}
2025/10/15 19:42:52 POLARIS_LOG {"event":"send_rate","rate":296000,"ts":1760557372.1885118}
2025/10/15 19:42:53 POLARIS_LOG {"event":"send_rate","rate":304000,"ts":1760557373.188188}
2025/10/15 19:42:54 POLARIS_LOG {"event":"send_rate","rate":304000,"ts":1760557374.1943061}
2025/10/15 19:42:55 POLARIS_LOG {"event":"send_rate","rate":296000,"ts":1760557375.1896517}
2025/10/15 19:42:56 POLARIS_LOG {"event":"send_rate","rate":304000,"ts":1760557376.1894803}
2025/10/15 19:42:57 POLARIS_LOG {"event":"send_rate","rate":296000,"ts":1760557377.1886952}
2025/10/15 19:42:58 POLARIS_LOG {"event":"send_rate","rate":296000,"ts":1760557378.1878777}
2025/10/15 19:42:59 POLARIS_LOG {"event":"send_rate","rate":304000,"ts":1760557379.1911914}
2025/10/15 19:43:00 POLARIS_LOG {"event":"send_rate","rate":296000,"ts":1760557380.1957495}
2025/10/15 19:43:01 POLARIS_LOG {"event":"send_rate","rate":304000,"ts":1760557381.1885934}
2025/10/15 19:43:02 POLARIS_LOG {"event":"send_rate","rate":296000,"ts":1760557382.1878371}
2025/10/15 19:43:03 POLARIS_LOG {"event":"send_rate","rate":304000,"ts":1760557383.1883943}
2025/10/15 19:43:04 POLARIS_LOG {"event":"send_rate","rate":296000,"ts":1760557384.1883376}
2025/10/15 19:43:05 POLARIS_LOG {"event":"send_rate","rate":304000,"ts":1760557385.1882064}
2025/10/15 19:43:06 POLARIS_LOG {"event":"send_rate","rate":296000,"ts":1760557386.1880305}
2025/10/15 19:43:07 POLARIS_LOG {"event":"send_rate","rate":304000,"ts":1760557387.1959248}
2025/10/15 19:43:08 POLARIS_LOG {"event":"send_rate","rate":296000,"ts":1760557388.1880126}
2025/10/15 19:43:09 POLARIS_LOG {"event":"send_rate","rate":304000,"ts":1760557389.1901898}
2025/10/15 19:43:10 POLARIS_LOG {"event":"send_rate","rate":296000,"ts":1760557390.188616}
2025/10/15 19:43:11 POLARIS_LOG {"event":"send_rate","rate":304000,"ts":1760557391.1888692}
2025/10/15 19:43:12 POLARIS_LOG {"event":"send_rate","rate":296000,"ts":1760557392.1902235}
2025/10/15 19:43:13 POLARIS_LOG {"event":"send_rate","rate":304000,"ts":1760557393.1884408}
2025/10/15 19:43:14 POLARIS_LOG {"event":"send_rate","rate":296000,"ts":1760557394.1884296}
2025/10/15 19:43:15 POLARIS_LOG {"event":"send_rate","rate":304000,"ts":1760557395.1880574}
2025/10/15 19:43:16 POLARIS_LOG {"event":"send_rate","rate":296000,"ts":1760557396.1884437}
2025/10/15 19:43:17 POLARIS_LOG {"event":"send_rate","rate":304000,"ts":1760557397.1880877}
2025/10/15 19:43:18 POLARIS_LOG {"event":"send_rate","rate":296000,"ts":1760557398.1880348}
2025/10/15 19:43:19 POLARIS_LOG {"event":"send_rate","rate":304000,"ts":1760557399.1878757}
2025/10/15 19:43:20 POLARIS_LOG {"event":"send_rate","rate":296000,"ts":1760557400.1884859}
2025/10/15 19:43:21 POLARIS_LOG {"event":"send_rate","rate":304000,"ts":1760557401.1952477}
2025/10/15 19:43:22 POLARIS_LOG {"event":"send_rate","rate":296000,"ts":1760557402.1887138}
2025/10/15 19:43:23 POLARIS_LOG {"event":"send_rate","rate":304000,"ts":1760557403.1887474}
2025/10/15 19:43:24 POLARIS_LOG {"event":"send_rate","rate":296000,"ts":1760557404.1902754}
2025/10/15 19:43:25 POLARIS_LOG {"event":"send_rate","rate":304000,"ts":1760557405.1881795}
2025/10/15 19:43:26 POLARIS_LOG {"event":"send_rate","rate":296000,"ts":1760557406.1897635}
2025/10/15 19:43:27 POLARIS_LOG {"event":"send_rate","rate":304000,"ts":1760557407.1880543}
2025/10/15 19:43:28 POLARIS_LOG {"event":"send_rate","rate":304000,"ts":1760557408.1933086}
2025/10/15 19:43:29 POLARIS_LOG {"event":"send_rate","rate":296000,"ts":1760557409.1899226}
2025/10/15 19:43:30 POLARIS_LOG {"event":"send_rate","rate":296000,"ts":1760557410.1894228}
2025/10/15 19:43:31 POLARIS_LOG {"event":"send_rate","rate":304000,"ts":1760557411.1882255}
2025/10/15 19:43:32 POLARIS_LOG {"event":"send_rate","rate":296000,"ts":1760557412.1912296}
2025/10/15 19:43:33 POLARIS_LOG {"event":"send_rate","rate":304000,"ts":1760557413.1892889}
2025/10/15 19:43:34 POLARIS_LOG {"event":"send_rate","rate":296000,"ts":1760557414.189087}
2025/10/15 19:43:35 POLARIS_LOG {"event":"send_rate","rate":304000,"ts":1760557415.188889}
2025/10/15 19:43:36 POLARIS_LOG {"event":"send_rate","rate":296000,"ts":1760557416.1880114}
2025/10/15 19:43:37 POLARIS_LOG {"event":"send_rate","rate":304000,"ts":1760557417.1881444}
2025/10/15 19:43:38 POLARIS_LOG {"event":"send_rate","rate":296000,"ts":1760557418.190087}
2025/10/15 19:43:39 POLARIS_LOG {"event":"send_rate","rate":304000,"ts":1760557419.1879172}
2025/10/15 19:43:40 POLARIS_LOG {"event":"send_rate","rate":296000,"ts":1760557420.1884882}
2025/10/15 19:43:41 POLARIS_LOG {"event":"send_rate","rate":304000,"ts":1760557421.1903853}
2025/10/15 19:43:42 POLARIS_LOG {"event":"send_rate","rate":296000,"ts":1760557422.1883678}
2025/10/15 19:43:43 POLARIS_LOG {"event":"send_rate","rate":304000,"ts":1760557423.1881878}
2025/10/15 19:43:44 POLARIS_LOG {"event":"send_rate","rate":288000,"ts":1760557424.1890173}
2025/10/15 19:43:45 POLARIS_LOG {"event":"send_rate","rate":312000,"ts":1760557425.189753}
2025/10/15 19:43:46 POLARIS_LOG {"event":"send_rate","rate":296000,"ts":1760557426.191233}
2025/10/15 19:43:47 POLARIS_LOG {"event":"send_rate","rate":304000,"ts":1760557427.1899188}
2025/10/15 19:43:48 POLARIS_LOG {"event":"send_rate","rate":296000,"ts":1760557428.190806}
2025/10/15 19:43:49 POLARIS_LOG {"event":"send_rate","rate":304000,"ts":1760557429.1900315}
2025/10/15 19:43:50 POLARIS_LOG {"event":"send_rate","rate":296000,"ts":1760557430.1913252}
2025/10/15 19:43:51 POLARIS_LOG {"event":"send_rate","rate":304000,"ts":1760557431.1884341}
2025/10/15 19:43:52 POLARIS_LOG {"event":"send_rate","rate":296000,"ts":1760557432.187775}
2025/10/15 19:43:53 POLARIS_LOG {"event":"send_rate","rate":304000,"ts":1760557433.1896422}
2025/10/15 19:43:54 POLARIS_LOG {"event":"send_rate","rate":296000,"ts":1760557434.1885345}
2025/10/15 19:43:55 POLARIS_LOG {"event":"send_rate","rate":304000,"ts":1760557435.19093}
2025/10/15 19:43:56 POLARIS_LOG {"event":"send_rate","rate":296000,"ts":1760557436.189794}
2025/10/15 19:43:57 POLARIS_LOG {"event":"send_rate","rate":304000,"ts":1760557437.188434}
2025/10/15 19:43:58 POLARIS_LOG {"event":"send_rate","rate":296000,"ts":1760557438.193797}
2025/10/15 19:43:59 POLARIS_LOG {"event":"send_rate","rate":304000,"ts":1760557439.1885831}
2025/10/15 19:44:00 POLARIS_LOG {"event":"send_rate","rate":296000,"ts":1760557440.1912835}
2025/10/15 19:44:01 POLARIS_LOG {"event":"send_rate","rate":304000,"ts":1760557441.1894953}
2025/10/15 19:44:02 POLARIS_LOG {"event":"send_rate","rate":296000,"ts":1760557442.1916099}
2025/10/15 19:44:03 POLARIS_LOG {"event":"send_rate","rate":304000,"ts":1760557443.188306}
2025/10/15 19:44:04 POLARIS_LOG {"event":"send_rate","rate":296000,"ts":1760557444.1908002}
2025/10/15 19:44:05 POLARIS_LOG {"event":"send_rate","rate":304000,"ts":1760557445.2110965}
2025/10/15 19:44:06 POLARIS_LOG {"event":"send_rate","rate":296000,"ts":1760557446.1909218}
2025/10/15 19:44:07 POLARIS_LOG {"event":"send_rate","rate":304000,"ts":1760557447.1885562}
2025/10/15 19:44:08 POLARIS_LOG {"event":"send_rate","rate":296000,"ts":1760557448.1887865}
2025/10/15 19:44:09 POLARIS_LOG {"event":"send_rate","rate":304000,"ts":1760557449.1884012}
2025/10/15 19:44:10 POLARIS_LOG {"event":"send_rate","rate":296000,"ts":1760557450.1879425}
2025/10/15 19:44:11 POLARIS_LOG {"event":"send_rate","rate":304000,"ts":1760557451.1895952}
2025/10/15 19:44:12 POLARIS_LOG {"event":"send_rate","rate":304000,"ts":1760557452.2085762}
2025/10/15 19:44:13 POLARIS_LOG {"event":"send_rate","rate":296000,"ts":1760557453.1884077}
2025/10/15 19:44:14 POLARIS_LOG {"event":"send_rate","rate":296000,"ts":1760557454.188176}
2025/10/15 19:44:15 POLARIS_LOG {"event":"send_rate","rate":304000,"ts":1760557455.1934023}
2025/10/15 19:44:16 POLARIS_LOG {"event":"send_rate","rate":296000,"ts":1760557456.189484}
2025/10/15 19:44:17 POLARIS_LOG {"event":"send_rate","rate":304000,"ts":1760557457.1890957}
2025/10/15 19:44:18 POLARIS_LOG {"event":"send_rate","rate":296000,"ts":1760557458.2005599}
2025/10/15 19:44:19 POLARIS_LOG {"event":"send_rate","rate":304000,"ts":1760557459.188885}
2025/10/15 19:44:20 POLARIS_LOG {"event":"send_rate","rate":296000,"ts":1760557460.1888456}
2025/10/15 19:44:21 POLARIS_LOG {"event":"send_rate","rate":304000,"ts":1760557461.1912174}
2025/10/15 19:44:22 POLARIS_LOG {"event":"send_rate","rate":296000,"ts":1760557462.1882176}
2025/10/15 19:44:23 POLARIS_LOG {"event":"send_rate","rate":304000,"ts":1760557463.1922646}
2025/10/15 19:44:24 POLARIS_LOG {"event":"send_rate","rate":296000,"ts":1760557464.1898367}
2025/10/15 19:44:25 POLARIS_LOG {"event":"send_rate","rate":304000,"ts":1760557465.188034}
2025/10/15 19:44:26 POLARIS_LOG {"event":"send_rate","rate":296000,"ts":1760557466.1892207}
2025/10/15 19:44:27 POLARIS_LOG {"event":"send_rate","rate":304000,"ts":1760557467.195897}
2025/10/15 19:44:28 POLARIS_LOG {"event":"send_rate","rate":296000,"ts":1760557468.18946}
2025/10/15 19:44:29 POLARIS_LOG {"event":"send_rate","rate":304000,"ts":1760557469.1886172}
2025/10/15 19:44:30 POLARIS_LOG {"event":"send_rate","rate":296000,"ts":1760557470.1888125}
2025/10/15 19:44:31 POLARIS_LOG {"event":"send_rate","rate":304000,"ts":1760557471.1884747}
2025/10/15 19:44:32 POLARIS_LOG {"event":"send_rate","rate":296000,"ts":1760557472.1882384}
2025/10/15 19:44:33 POLARIS_LOG {"event":"send_rate","rate":296000,"ts":1760557473.1888921}
2025/10/15 19:44:34 POLARIS_LOG {"event":"send_rate","rate":304000,"ts":1760557474.189628}
2025/10/15 19:44:35 POLARIS_LOG {"event":"send_rate","rate":304000,"ts":1760557475.1892595}
2025/10/15 19:44:36 POLARIS_LOG {"event":"send_rate","rate":296000,"ts":1760557476.1878462}
2025/10/15 19:44:37 POLARIS_LOG {"event":"send_rate","rate":304000,"ts":1760557477.187929}
2025/10/15 19:44:38 POLARIS_LOG {"event":"send_rate","rate":296000,"ts":1760557478.1884308}
2025/10/15 19:44:39 POLARIS_LOG {"event":"send_rate","rate":304000,"ts":1760557479.189084}
2025/10/15 19:44:40 POLARIS_LOG {"event":"send_rate","rate":296000,"ts":1760557480.1895158}
2025/10/15 19:44:41 POLARIS_LOG {"event":"send_rate","rate":304000,"ts":1760557481.1884718}
2025/10/15 19:44:42 POLARIS_LOG {"event":"send_rate","rate":296000,"ts":1760557482.188594}
2025/10/15 19:44:43 POLARIS_LOG {"event":"send_rate","rate":296000,"ts":1760557483.1901402}
2025/10/15 19:44:44 POLARIS_LOG {"event":"send_rate","rate":304000,"ts":1760557484.1900117}
2025/10/15 19:44:45 POLARIS_LOG {"event":"send_rate","rate":304000,"ts":1760557485.1886933}
2025/10/15 19:44:46 POLARIS_LOG {"event":"send_rate","rate":296000,"ts":1760557486.1887922}
2025/10/15 19:44:47 POLARIS_LOG {"event":"send_rate","rate":304000,"ts":1760557487.2047613}
2025/10/15 19:44:48 POLARIS_LOG {"event":"send_rate","rate":296000,"ts":1760557488.1882062}
2025/10/15 19:44:49 POLARIS_LOG {"event":"send_rate","rate":296000,"ts":1760557489.188391}
2025/10/15 19:44:50 POLARIS_LOG {"event":"send_rate","rate":304000,"ts":1760557490.1882076}
2025/10/15 19:44:51 POLARIS_LOG {"event":"send_rate","rate":296000,"ts":1760557491.188347}
2025/10/15 19:44:52 POLARIS_LOG {"event":"send_rate","rate":304000,"ts":1760557492.1947486}
2025/10/15 19:44:53 POLARIS_LOG {"event":"send_rate","rate":296000,"ts":1760557493.1884015}
2025/10/15 19:44:54 POLARIS_LOG {"event":"send_rate","rate":304000,"ts":1760557494.1885674}
2025/10/15 19:44:55 POLARIS_LOG {"event":"send_rate","rate":296000,"ts":1760557495.1886127}
2025/10/15 19:44:56 POLARIS_LOG {"event":"send_rate","rate":304000,"ts":1760557496.1887019}
2025/10/15 19:44:57 POLARIS_LOG {"event":"send_rate","rate":304000,"ts":1760557497.1898603}
2025/10/15 19:44:58 POLARIS_LOG {"event":"send_rate","rate":296000,"ts":1760557498.1879961}
2025/10/15 19:44:59 POLARIS_LOG {"event":"send_rate","rate":304000,"ts":1760557499.188316}
2025/10/15 19:45:00 POLARIS_LOG {"event":"send_rate","rate":296000,"ts":1760557500.188089}
2025/10/15 19:45:01 POLARIS_LOG {"event":"send_rate","rate":296000,"ts":1760557501.1883993}
2025/10/15 19:45:02 POLARIS_LOG {"event":"send_rate","rate":304000,"ts":1760557502.1882455}
2025/10/15 19:45:03 POLARIS_LOG {"event":"send_rate","rate":296000,"ts":1760557503.188181}
2025/10/15 19:45:04 POLARIS_LOG {"event":"send_rate","rate":304000,"ts":1760557504.188932}
2025/10/15 19:45:05 POLARIS_LOG {"event":"send_rate","rate":296000,"ts":1760557505.1886334}
2025/10/15 19:45:06 POLARIS_LOG {"event":"send_rate","rate":304000,"ts":1760557506.1891704}
2025/10/15 19:45:07 POLARIS_LOG {"event":"send_rate","rate":296000,"ts":1760557507.188506}
2025/10/15 19:45:08 POLARIS_LOG {"event":"send_rate","rate":304000,"ts":1760557508.188497}
2025/10/15 19:45:09 POLARIS_LOG {"event":"send_rate","rate":296000,"ts":1760557509.1884766}
2025/10/15 19:45:10 POLARIS_LOG {"event":"send_rate","rate":304000,"ts":1760557510.1969657}
2025/10/15 19:45:11 POLARIS_LOG {"event":"send_rate","rate":296000,"ts":1760557511.188656}
2025/10/15 19:45:12 POLARIS_LOG {"event":"send_rate","rate":304000,"ts":1760557512.195319}
2025/10/15 19:45:13 POLARIS_LOG {"event":"send_rate","rate":304000,"ts":1760557513.1910062}
2025/10/15 19:45:14 POLARIS_LOG {"event":"send_rate","rate":296000,"ts":1760557514.1895192}
2025/10/15 19:45:15 POLARIS_LOG {"event":"send_rate","rate":296000,"ts":1760557515.1886628}
2025/10/15 19:45:16 POLARIS_LOG {"event":"send_rate","rate":304000,"ts":1760557516.187731}
2025/10/15 19:45:17 POLARIS_LOG {"event":"send_rate","rate":296000,"ts":1760557517.1887505}
2025/10/15 19:45:18 POLARIS_LOG {"event":"send_rate","rate":304000,"ts":1760557518.1998944}
2025/10/15 19:45:19 POLARIS_LOG {"event":"send_rate","rate":296000,"ts":1760557519.190027}
2025/10/15 19:45:20 POLARIS_LOG {"event":"send_rate","rate":304000,"ts":1760557520.1887674}
2025/10/15 19:45:21 POLARIS_LOG {"event":"send_rate","rate":296000,"ts":1760557521.1885111}
2025/10/15 19:45:22 POLARIS_LOG {"event":"send_rate","rate":304000,"ts":1760557522.1912959}
2025/10/15 19:45:23 POLARIS_LOG {"event":"send_rate","rate":296000,"ts":1760557523.1886742}
2025/10/15 19:45:24 POLARIS_LOG {"event":"send_rate","rate":304000,"ts":1760557524.1979146}
2025/10/15 19:45:25 POLARIS_LOG {"event":"send_rate","rate":296000,"ts":1760557525.1897316}
2025/10/15 19:45:26 POLARIS_LOG {"event":"send_rate","rate":304000,"ts":1760557526.1887376}
2025/10/15 19:45:27 POLARIS_LOG {"event":"send_rate","rate":296000,"ts":1760557527.1880934}
2025/10/15 19:45:28 POLARIS_LOG {"event":"send_rate","rate":304000,"ts":1760557528.1890333}
2025/10/15 19:45:29 POLARIS_LOG {"event":"send_rate","rate":296000,"ts":1760557529.1891077}
2025/10/15 19:45:30 POLARIS_LOG {"event":"send_rate","rate":304000,"ts":1760557530.1882195}
2025/10/15 19:45:31 POLARIS_LOG {"event":"send_rate","rate":296000,"ts":1760557531.1892037}
2025/10/15 19:45:32 POLARIS_LOG {"event":"send_rate","rate":304000,"ts":1760557532.1881545}
2025/10/15 19:45:33 POLARIS_LOG {"event":"send_rate","rate":296000,"ts":1760557533.1901424}
2025/10/15 19:45:34 POLARIS_LOG {"event":"send_rate","rate":304000,"ts":1760557534.1894214}
2025/10/15 19:45:35 POLARIS_LOG {"event":"send_rate","rate":296000,"ts":1760557535.189594}
2025/10/15 19:45:36 POLARIS_LOG {"event":"send_rate","rate":304000,"ts":1760557536.1878603}
2025/10/15 19:45:37 POLARIS_LOG {"event":"send_rate","rate":296000,"ts":1760557537.1897798}
2025/10/15 19:45:38 POLARIS_LOG {"event":"send_rate","rate":304000,"ts":1760557538.188486}
2025/10/15 19:45:39 POLARIS_LOG {"event":"send_rate","rate":296000,"ts":1760557539.1879447}
2025/10/15 19:45:40 POLARIS_LOG {"event":"send_rate","rate":304000,"ts":1760557540.1888843}
2025/10/15 19:45:41 POLARIS_LOG {"event":"send_rate","rate":296000,"ts":1760557541.1890051}
2025/10/15 19:45:42 POLARIS_LOG {"event":"send_rate","rate":304000,"ts":1760557542.1881943}
2025/10/15 19:45:43 POLARIS_LOG {"event":"send_rate","rate":296000,"ts":1760557543.1886115}
2025/10/15 19:45:44 POLARIS_LOG {"event":"send_rate","rate":304000,"ts":1760557544.1883166}
2025/10/15 19:45:45 POLARIS_LOG {"event":"send_rate","rate":296000,"ts":1760557545.188061}
2025/10/15 19:45:46 POLARIS_LOG {"event":"send_rate","rate":304000,"ts":1760557546.1894147}
2025/10/15 19:45:47 POLARIS_LOG {"event":"send_rate","rate":296000,"ts":1760557547.188119}
2025/10/15 19:45:48 POLARIS_LOG {"event":"send_rate","rate":304000,"ts":1760557548.189266}
2025/10/15 19:45:49 POLARIS_LOG {"event":"send_rate","rate":296000,"ts":1760557549.1877706}
We need to sleep for 1 seconds before we can get the results
2025/10/15 19:45:50 POLARIS_LOG {"event":"send_rate","rate":8000,"ts":1760557550.1888628}
Drain Loop received packet
Drain Loop received non-nil payload
We need to sleep for 1 seconds before we can get the results
Client sent 9900 packets, server reported 9885 packets received
The network loss rate from client to server is 0.2%

S->C results
Attempted bandwidth: 0 bps / 0.00 Mbps
Achieved bandwidth: 0 bps / 0.00 Mbps
Loss rate: 0.0%
Interarrival time min/avg/max/mdev = -0.000/0.000/0.000/0.000 ms

C->S results
Attempted bandwidth: 300000 bps / 0.30 Mbps
Achieved bandwidth: 299545 bps / 0.30 Mbps
Loss rate: 0.2%
Interarrival time min/avg/max/mdev = 0.002/26.698/256.637/15.164 ms
