
Test parameters:
client->server: 300 seconds, 1000 bytes, 11250 packets
server->client: 300 seconds, 1000 bytes, 0 packets
2025/10/15 19:40:49 POLARIS_LOG {"current_rate":0,"event":"path_switch","new":"2 2 5 2","trigger":"initialization","ts":1760557249.059009}
Polaris prober initialized with 38 paths
Polaris prober initialized with local 1-111,10.111.0.71:32764 and remote 1-113,10.113.0.71
2025/10/15 19:40:50 POLARIS_LOG {"event":"send_rate","rate":304000,"ts":1760557250.0594985}
2025/10/15 19:40:51 POLARIS_LOG {"event":"send_rate","rate":296000,"ts":1760557251.0594597}
2025/10/15 19:40:52 POLARIS_LOG {"event":"send_rate","rate":304000,"ts":1760557252.0596287}
2025/10/15 19:40:53 POLARIS_LOG {"event":"send_rate","rate":296000,"ts":1760557253.0602481}
2025/10/15 19:40:54 POLARIS_LOG {"event":"send_rate","rate":304000,"ts":1760557254.0606298}
2025/10/15 19:40:55 POLARIS_LOG {"event":"send_rate","rate":296000,"ts":1760557255.059675}
2025/10/15 19:40:56 POLARIS_LOG {"event":"send_rate","rate":304000,"ts":1760557256.059891}
2025/10/15 19:40:57 POLARIS_LOG {"event":"send_rate","rate":296000,"ts":1760557257.0593321}
2025/10/15 19:40:58 POLARIS_LOG {"event":"send_rate","rate":304000,"ts":1760557258.0600727}
2025/10/15 19:40:59 POLARIS_LOG {"event":"send_rate","rate":296000,"ts":1760557259.0602014}
2025/10/15 19:41:00 POLARIS_LOG {"event":"send_rate","rate":304000,"ts":1760557260.0601811}
2025/10/15 19:41:01 POLARIS_LOG {"event":"send_rate","rate":296000,"ts":1760557261.0599492}
2025/10/15 19:41:02 POLARIS_LOG {"event":"send_rate","rate":304000,"ts":1760557262.059882}
2025/10/15 19:41:03 POLARIS_LOG {"event":"send_rate","rate":296000,"ts":1760557263.0607371}
2025/10/15 19:41:04 POLARIS_LOG {"event":"send_rate","rate":304000,"ts":1760557264.0602267}
2025/10/15 19:41:05 POLARIS_LOG {"event":"send_rate","rate":296000,"ts":1760557265.0602186}
2025/10/15 19:41:06 POLARIS_LOG {"event":"send_rate","rate":304000,"ts":1760557266.0603373}
2025/10/15 19:41:07 POLARIS_LOG {"event":"send_rate","rate":296000,"ts":1760557267.059464}
2025/10/15 19:41:08 POLARIS_LOG {"event":"send_rate","rate":304000,"ts":1760557268.0617833}
2025/10/15 19:41:09 POLARIS_LOG {"event":"send_rate","rate":296000,"ts":1760557269.0597608}
2025/10/15 19:41:10 POLARIS_LOG {"event":"send_rate","rate":304000,"ts":1760557270.0610301}
2025/10/15 19:41:11 POLARIS_LOG {"event":"send_rate","rate":296000,"ts":1760557271.0595853}
2025/10/15 19:41:12 POLARIS_LOG {"event":"send_rate","rate":304000,"ts":1760557272.0598228}
2025/10/15 19:41:13 POLARIS_LOG {"event":"send_rate","rate":296000,"ts":1760557273.0625947}
2025/10/15 19:41:14 POLARIS_LOG {"event":"send_rate","rate":304000,"ts":1760557274.0597003}
2025/10/15 19:41:15 POLARIS_LOG {"event":"send_rate","rate":296000,"ts":1760557275.065235}
2025/10/15 19:41:16 POLARIS_LOG {"event":"send_rate","rate":304000,"ts":1760557276.0606506}
2025/10/15 19:41:17 POLARIS_LOG {"event":"send_rate","rate":296000,"ts":1760557277.060729}
2025/10/15 19:41:18 POLARIS_LOG {"event":"send_rate","rate":304000,"ts":1760557278.0644486}
2025/10/15 19:41:19 POLARIS_LOG {"event":"send_rate","rate":296000,"ts":1760557279.0624664}
2025/10/15 19:41:20 POLARIS_LOG {"event":"send_rate","rate":304000,"ts":1760557280.0603662}
2025/10/15 19:41:21 POLARIS_LOG {"event":"send_rate","rate":296000,"ts":1760557281.061313}
2025/10/15 19:41:22 POLARIS_LOG {"event":"send_rate","rate":296000,"ts":1760557282.0593815}
2025/10/15 19:41:23 POLARIS_LOG {"event":"send_rate","rate":304000,"ts":1760557283.0612836}
2025/10/15 19:41:24 POLARIS_LOG {"event":"send_rate","rate":304000,"ts":1760557284.0609825}
2025/10/15 19:41:25 POLARIS_LOG {"event":"send_rate","rate":296000,"ts":1760557285.0602038}
2025/10/15 19:41:26 POLARIS_LOG {"event":"send_rate","rate":304000,"ts":1760557286.0602167}
2025/10/15 19:41:27 POLARIS_LOG {"event":"send_rate","rate":296000,"ts":1760557287.0596197}
2025/10/15 19:41:28 POLARIS_LOG {"event":"send_rate","rate":304000,"ts":1760557288.0602229}
2025/10/15 19:41:29 POLARIS_LOG {"event":"send_rate","rate":296000,"ts":1760557289.0601118}
2025/10/15 19:41:30 POLARIS_LOG {"event":"send_rate","rate":296000,"ts":1760557290.0683856}
2025/10/15 19:41:31 POLARIS_LOG {"event":"send_rate","rate":296000,"ts":1760557291.0610583}
2025/10/15 19:41:32 POLARIS_LOG {"event":"send_rate","rate":312000,"ts":1760557292.0642312}
2025/10/15 19:41:33 POLARIS_LOG {"event":"send_rate","rate":296000,"ts":1760557293.0620544}
2025/10/15 19:41:34 POLARIS_LOG {"event":"send_rate","rate":304000,"ts":1760557294.0602837}
2025/10/15 19:41:35 POLARIS_LOG {"event":"send_rate","rate":296000,"ts":1760557295.0603092}
2025/10/15 19:41:36 POLARIS_LOG {"event":"send_rate","rate":304000,"ts":1760557296.0599916}
2025/10/15 19:41:37 POLARIS_LOG {"event":"send_rate","rate":296000,"ts":1760557297.0612442}
2025/10/15 19:41:38 POLARIS_LOG {"event":"send_rate","rate":296000,"ts":1760557298.0621724}
2025/10/15 19:41:39 POLARIS_LOG {"event":"send_rate","rate":296000,"ts":1760557299.0601308}
2025/10/15 19:41:40 POLARIS_LOG {"event":"send_rate","rate":136000,"ts":1760557300.0612073}
Received SCMP echo reply with unexpected seq 49, expected 51 or 50
Received SCMP echo reply with unexpected seq 49, expected 51 or 50
Received SCMP echo reply with unexpected seq 49, expected 51 or 50
2025/10/15 19:41:41 POLARIS_LOG {"event":"send_rate","rate":152000,"ts":1760557301.060066}
Received SCMP echo reply with unexpected seq 50, expected 52 or 51
Received SCMP echo reply with unexpected seq 50, expected 52 or 51
Received SCMP echo reply with unexpected seq 50, expected 52 or 51
2025/10/15 19:41:42 POLARIS_LOG {"event":"send_rate","rate":168000,"ts":1760557302.0629346}
Received SCMP echo reply with unexpected seq 51, expected 53 or 52
Received SCMP echo reply with unexpected seq 51, expected 53 or 52
Received SCMP echo reply with unexpected seq 51, expected 53 or 52
2025/10/15 19:41:43 POLARIS_LOG {"event":"send_rate","rate":184000,"ts":1760557303.0596125}
Received SCMP echo reply with unexpected seq 52, expected 54 or 53
Received SCMP echo reply with unexpected seq 52, expected 54 or 53
2025/10/15 19:41:44 POLARIS_LOG {"event":"send_rate","rate":152000,"ts":1760557304.0593963}
Received SCMP echo reply with unexpected seq 53, expected 55 or 54
Received SCMP echo reply with unexpected seq 53, expected 55 or 54
Received SCMP echo reply with unexpected seq 53, expected 55 or 54
2025/10/15 19:41:45 POLARIS_LOG {"event":"send_rate","rate":264000,"ts":1760557305.0601013}
Received SCMP echo reply with unexpected seq 54, expected 56 or 55
Received SCMP echo reply with unexpected seq 54, expected 56 or 55
Received SCMP echo reply with unexpected seq 54, expected 56 or 55
2025/10/15 19:41:46 POLARIS_LOG {"event":"send_rate","rate":320000,"ts":1760557306.0595002}
Received SCMP echo reply with unexpected seq 55, expected 57 or 56
Received SCMP echo reply with unexpected seq 55, expected 57 or 56
Received SCMP echo reply with unexpected seq 55, expected 57 or 56
2025/10/15 19:41:47 POLARIS_LOG {"event":"send_rate","rate":432000,"ts":1760557307.06028}
2025/10/15 19:41:48 POLARIS_LOG {"event":"send_rate","rate":504000,"ts":1760557308.0603113}
2025/10/15 19:41:49 POLARIS_LOG {"event":"send_rate","rate":640000,"ts":1760557309.0629294}
2025/10/15 19:41:50 POLARIS_LOG {"event":"send_rate","rate":360000,"ts":1760557310.0603}
2025/10/15 19:41:51 POLARIS_LOG {"event":"send_rate","rate":296000,"ts":1760557311.0603802}
2025/10/15 19:41:52 POLARIS_LOG {"event":"send_rate","rate":304000,"ts":1760557312.0623598}
2025/10/15 19:41:53 POLARIS_LOG {"event":"send_rate","rate":296000,"ts":1760557313.0593872}
2025/10/15 19:41:54 POLARIS_LOG {"event":"send_rate","rate":296000,"ts":1760557314.0595388}
2025/10/15 19:41:55 POLARIS_LOG {"event":"send_rate","rate":304000,"ts":1760557315.0595376}
2025/10/15 19:41:56 POLARIS_LOG {"event":"send_rate","rate":304000,"ts":1760557316.0646873}
2025/10/15 19:41:57 POLARIS_LOG {"event":"send_rate","rate":296000,"ts":1760557317.0687852}
2025/10/15 19:41:58 POLARIS_LOG {"event":"send_rate","rate":304000,"ts":1760557318.0605187}
2025/10/15 19:41:59 POLARIS_LOG {"event":"send_rate","rate":296000,"ts":1760557319.060209}
2025/10/15 19:42:00 POLARIS_LOG {"event":"send_rate","rate":304000,"ts":1760557320.0629985}
2025/10/15 19:42:01 POLARIS_LOG {"event":"send_rate","rate":296000,"ts":1760557321.0624948}
2025/10/15 19:42:02 POLARIS_LOG {"event":"send_rate","rate":304000,"ts":1760557322.06092}
2025/10/15 19:42:03 POLARIS_LOG {"event":"send_rate","rate":296000,"ts":1760557323.0596962}
2025/10/15 19:42:04 POLARIS_LOG {"event":"send_rate","rate":304000,"ts":1760557324.060535}
2025/10/15 19:42:05 POLARIS_LOG {"event":"send_rate","rate":296000,"ts":1760557325.059932}
2025/10/15 19:42:06 POLARIS_LOG {"event":"send_rate","rate":296000,"ts":1760557326.0594933}
2025/10/15 19:42:07 POLARIS_LOG {"event":"send_rate","rate":304000,"ts":1760557327.0593736}
2025/10/15 19:42:08 POLARIS_LOG {"event":"send_rate","rate":304000,"ts":1760557328.0614023}
2025/10/15 19:42:09 POLARIS_LOG {"event":"send_rate","rate":296000,"ts":1760557329.0598917}
2025/10/15 19:42:10 POLARIS_LOG {"event":"send_rate","rate":304000,"ts":1760557330.0611434}
2025/10/15 19:42:11 POLARIS_LOG {"event":"send_rate","rate":296000,"ts":1760557331.060208}
2025/10/15 19:42:12 POLARIS_LOG {"event":"send_rate","rate":304000,"ts":1760557332.061328}
2025/10/15 19:42:13 POLARIS_LOG {"event":"send_rate","rate":296000,"ts":1760557333.0597026}
2025/10/15 19:42:14 POLARIS_LOG {"event":"send_rate","rate":296000,"ts":1760557334.0596666}
2025/10/15 19:42:15 POLARIS_LOG {"event":"send_rate","rate":304000,"ts":1760557335.060989}
2025/10/15 19:42:16 POLARIS_LOG {"event":"send_rate","rate":296000,"ts":1760557336.0617876}
2025/10/15 19:42:17 POLARIS_LOG {"event":"send_rate","rate":304000,"ts":1760557337.0595028}
2025/10/15 19:42:18 POLARIS_LOG {"event":"send_rate","rate":304000,"ts":1760557338.061852}
2025/10/15 19:42:19 POLARIS_LOG {"event":"send_rate","rate":296000,"ts":1760557339.0605001}
2025/10/15 19:42:20 POLARIS_LOG {"event":"send_rate","rate":304000,"ts":1760557340.0653112}
2025/10/15 19:42:21 POLARIS_LOG {"event":"send_rate","rate":296000,"ts":1760557341.0594904}
2025/10/15 19:42:22 POLARIS_LOG {"event":"send_rate","rate":296000,"ts":1760557342.0617628}
2025/10/15 19:42:23 POLARIS_LOG {"event":"send_rate","rate":304000,"ts":1760557343.0598364}
2025/10/15 19:42:24 POLARIS_LOG {"event":"send_rate","rate":304000,"ts":1760557344.0649898}
2025/10/15 19:42:25 POLARIS_LOG {"event":"send_rate","rate":296000,"ts":1760557345.0621867}
2025/10/15 19:42:26 POLARIS_LOG {"event":"send_rate","rate":296000,"ts":1760557346.0594969}
2025/10/15 19:42:27 POLARIS_LOG {"event":"send_rate","rate":304000,"ts":1760557347.0736735}
2025/10/15 19:42:28 POLARIS_LOG {"event":"send_rate","rate":296000,"ts":1760557348.06119}
2025/10/15 19:42:29 POLARIS_LOG {"event":"send_rate","rate":304000,"ts":1760557349.0603473}
2025/10/15 19:42:30 POLARIS_LOG {"event":"send_rate","rate":296000,"ts":1760557350.0608227}
2025/10/15 19:42:31 POLARIS_LOG {"event":"send_rate","rate":304000,"ts":1760557351.060736}
2025/10/15 19:42:32 POLARIS_LOG {"event":"send_rate","rate":296000,"ts":1760557352.0610793}
2025/10/15 19:42:33 POLARIS_LOG {"event":"send_rate","rate":304000,"ts":1760557353.0599575}
2025/10/15 19:42:34 POLARIS_LOG {"event":"send_rate","rate":296000,"ts":1760557354.0603015}
2025/10/15 19:42:35 POLARIS_LOG {"event":"send_rate","rate":304000,"ts":1760557355.0633109}
2025/10/15 19:42:36 POLARIS_LOG {"event":"send_rate","rate":296000,"ts":1760557356.0595121}
2025/10/15 19:42:37 POLARIS_LOG {"event":"send_rate","rate":304000,"ts":1760557357.0595834}
2025/10/15 19:42:38 POLARIS_LOG {"event":"send_rate","rate":296000,"ts":1760557358.0613015}
2025/10/15 19:42:39 POLARIS_LOG {"event":"send_rate","rate":304000,"ts":1760557359.0606818}
2025/10/15 19:42:40 POLARIS_LOG {"event":"send_rate","rate":296000,"ts":1760557360.0613368}
2025/10/15 19:42:41 POLARIS_LOG {"event":"send_rate","rate":304000,"ts":1760557361.0701895}
2025/10/15 19:42:42 POLARIS_LOG {"event":"send_rate","rate":296000,"ts":1760557362.059673}
2025/10/15 19:42:43 POLARIS_LOG {"event":"send_rate","rate":304000,"ts":1760557363.0598733}
2025/10/15 19:42:44 POLARIS_LOG {"event":"send_rate","rate":296000,"ts":1760557364.0604675}
2025/10/15 19:42:45 POLARIS_LOG {"event":"send_rate","rate":304000,"ts":1760557365.067963}
2025/10/15 19:42:46 POLARIS_LOG {"event":"send_rate","rate":296000,"ts":1760557366.0604281}
2025/10/15 19:42:47 POLARIS_LOG {"event":"send_rate","rate":304000,"ts":1760557367.0617864}
2025/10/15 19:42:48 POLARIS_LOG {"event":"send_rate","rate":296000,"ts":1760557368.0670931}
2025/10/15 19:42:49 POLARIS_LOG {"event":"send_rate","rate":304000,"ts":1760557369.060014}
2025/10/15 19:42:50 POLARIS_LOG {"event":"send_rate","rate":296000,"ts":1760557370.0593312}
2025/10/15 19:42:51 POLARIS_LOG {"event":"send_rate","rate":304000,"ts":1760557371.0643702}
2025/10/15 19:42:52 POLARIS_LOG {"event":"send_rate","rate":296000,"ts":1760557372.0600343}
2025/10/15 19:42:53 POLARIS_LOG {"event":"send_rate","rate":304000,"ts":1760557373.0604844}
2025/10/15 19:42:54 POLARIS_LOG {"event":"send_rate","rate":296000,"ts":1760557374.060135}
2025/10/15 19:42:55 POLARIS_LOG {"event":"send_rate","rate":304000,"ts":1760557375.0606446}
2025/10/15 19:42:56 POLARIS_LOG {"event":"send_rate","rate":296000,"ts":1760557376.0619023}
2025/10/15 19:42:57 POLARIS_LOG {"event":"send_rate","rate":304000,"ts":1760557377.0608406}
2025/10/15 19:42:58 POLARIS_LOG {"event":"send_rate","rate":296000,"ts":1760557378.0603583}
2025/10/15 19:42:59 POLARIS_LOG {"event":"send_rate","rate":304000,"ts":1760557379.06099}
2025/10/15 19:43:00 POLARIS_LOG {"event":"send_rate","rate":304000,"ts":1760557380.0731986}
2025/10/15 19:43:01 POLARIS_LOG {"event":"send_rate","rate":296000,"ts":1760557381.059607}
2025/10/15 19:43:02 POLARIS_LOG {"event":"send_rate","rate":296000,"ts":1760557382.0602129}
2025/10/15 19:43:03 POLARIS_LOG {"event":"send_rate","rate":304000,"ts":1760557383.0613642}
2025/10/15 19:43:04 POLARIS_LOG {"event":"send_rate","rate":296000,"ts":1760557384.062506}
2025/10/15 19:43:05 POLARIS_LOG {"event":"send_rate","rate":304000,"ts":1760557385.063458}
2025/10/15 19:43:06 POLARIS_LOG {"event":"send_rate","rate":296000,"ts":1760557386.059483}
2025/10/15 19:43:07 POLARIS_LOG {"event":"send_rate","rate":304000,"ts":1760557387.0596266}
2025/10/15 19:43:08 POLARIS_LOG {"event":"send_rate","rate":296000,"ts":1760557388.0600758}
2025/10/15 19:43:09 POLARIS_LOG {"event":"send_rate","rate":304000,"ts":1760557389.059353}
2025/10/15 19:43:10 POLARIS_LOG {"event":"send_rate","rate":296000,"ts":1760557390.0595868}
2025/10/15 19:43:11 POLARIS_LOG {"event":"send_rate","rate":312000,"ts":1760557391.0977209}
2025/10/15 19:43:12 POLARIS_LOG {"event":"send_rate","rate":288000,"ts":1760557392.0627537}
2025/10/15 19:43:13 POLARIS_LOG {"event":"send_rate","rate":304000,"ts":1760557393.0605977}
2025/10/15 19:43:14 POLARIS_LOG {"event":"send_rate","rate":296000,"ts":1760557394.0636926}
2025/10/15 19:43:15 POLARIS_LOG {"event":"send_rate","rate":304000,"ts":1760557395.0601387}
2025/10/15 19:43:16 POLARIS_LOG {"event":"send_rate","rate":296000,"ts":1760557396.060648}
2025/10/15 19:43:17 POLARIS_LOG {"event":"send_rate","rate":304000,"ts":1760557397.0604463}
2025/10/15 19:43:18 POLARIS_LOG {"event":"send_rate","rate":296000,"ts":1760557398.063264}
2025/10/15 19:43:19 POLARIS_LOG {"event":"send_rate","rate":304000,"ts":1760557399.0618808}
2025/10/15 19:43:20 POLARIS_LOG {"event":"send_rate","rate":296000,"ts":1760557400.0594854}
2025/10/15 19:43:21 POLARIS_LOG {"event":"send_rate","rate":304000,"ts":1760557401.060887}
2025/10/15 19:43:22 POLARIS_LOG {"event":"send_rate","rate":296000,"ts":1760557402.0604408}
2025/10/15 19:43:23 POLARIS_LOG {"event":"send_rate","rate":304000,"ts":1760557403.0739677}
2025/10/15 19:43:24 POLARIS_LOG {"event":"send_rate","rate":296000,"ts":1760557404.0593665}
2025/10/15 19:43:25 POLARIS_LOG {"event":"send_rate","rate":304000,"ts":1760557405.060278}
2025/10/15 19:43:26 POLARIS_LOG {"event":"send_rate","rate":296000,"ts":1760557406.0601504}
2025/10/15 19:43:27 POLARIS_LOG {"event":"send_rate","rate":296000,"ts":1760557407.0744812}
2025/10/15 19:43:28 POLARIS_LOG {"event":"send_rate","rate":304000,"ts":1760557408.0608957}
2025/10/15 19:43:29 POLARIS_LOG {"event":"send_rate","rate":304000,"ts":1760557409.0600662}
2025/10/15 19:43:30 POLARIS_LOG {"event":"send_rate","rate":296000,"ts":1760557410.0600603}
2025/10/15 19:43:31 POLARIS_LOG {"event":"send_rate","rate":312000,"ts":1760557411.0807958}
2025/10/15 19:43:32 POLARIS_LOG {"event":"send_rate","rate":288000,"ts":1760557412.0648737}
2025/10/15 19:43:33 POLARIS_LOG {"event":"send_rate","rate":304000,"ts":1760557413.061693}
2025/10/15 19:43:34 POLARIS_LOG {"event":"send_rate","rate":296000,"ts":1760557414.059961}
2025/10/15 19:43:35 POLARIS_LOG {"event":"send_rate","rate":304000,"ts":1760557415.0600264}
2025/10/15 19:43:36 POLARIS_LOG {"event":"send_rate","rate":296000,"ts":1760557416.0599146}
2025/10/15 19:43:37 POLARIS_LOG {"event":"send_rate","rate":304000,"ts":1760557417.0603788}
2025/10/15 19:43:38 POLARIS_LOG {"event":"send_rate","rate":296000,"ts":1760557418.0593348}
2025/10/15 19:43:39 POLARIS_LOG {"event":"send_rate","rate":304000,"ts":1760557419.059475}
2025/10/15 19:43:40 POLARIS_LOG {"event":"send_rate","rate":296000,"ts":1760557420.0606065}
2025/10/15 19:43:41 POLARIS_LOG {"event":"send_rate","rate":304000,"ts":1760557421.0601342}
2025/10/15 19:43:42 POLARIS_LOG {"event":"send_rate","rate":296000,"ts":1760557422.0606909}
2025/10/15 19:43:43 POLARIS_LOG {"event":"send_rate","rate":304000,"ts":1760557423.0632298}
2025/10/15 19:43:44 POLARIS_LOG {"event":"send_rate","rate":296000,"ts":1760557424.0634952}
2025/10/15 19:43:45 POLARIS_LOG {"event":"send_rate","rate":304000,"ts":1760557425.071765}
2025/10/15 19:43:46 POLARIS_LOG {"event":"send_rate","rate":296000,"ts":1760557426.0597973}
2025/10/15 19:43:47 POLARIS_LOG {"event":"send_rate","rate":304000,"ts":1760557427.0626569}
2025/10/15 19:43:48 POLARIS_LOG {"event":"send_rate","rate":304000,"ts":1760557428.0696883}
2025/10/15 19:43:49 POLARIS_LOG {"event":"send_rate","rate":288000,"ts":1760557429.0600781}
2025/10/15 19:43:49 POLARIS_LOG {"candidates":7,"candidates_unfiltered":7,"current_rate":288000,"estimated_share":500000,"event":"path_switch","max_estimated_share":500000,"new":"5 5 1 3","old":"2 2 5 2","trigger":"scheduled","ts":1760557429.0602155}
2025/10/15 19:43:50 POLARIS_LOG {"event":"send_rate","rate":304000,"ts":1760557430.06396}
2025/10/15 19:43:51 POLARIS_LOG {"event":"send_rate","rate":304000,"ts":1760557431.059644}
2025/10/15 19:43:52 POLARIS_LOG {"event":"send_rate","rate":296000,"ts":1760557432.059792}
2025/10/15 19:43:53 POLARIS_LOG {"event":"send_rate","rate":304000,"ts":1760557433.0599575}
2025/10/15 19:43:54 POLARIS_LOG {"event":"send_rate","rate":296000,"ts":1760557434.0604713}
2025/10/15 19:43:55 POLARIS_LOG {"event":"send_rate","rate":304000,"ts":1760557435.061532}
2025/10/15 19:43:56 POLARIS_LOG {"event":"send_rate","rate":296000,"ts":1760557436.059349}
2025/10/15 19:43:57 POLARIS_LOG {"event":"send_rate","rate":304000,"ts":1760557437.0617702}
2025/10/15 19:43:58 POLARIS_LOG {"event":"send_rate","rate":296000,"ts":1760557438.0647016}
2025/10/15 19:43:59 POLARIS_LOG {"event":"send_rate","rate":304000,"ts":1760557439.0609038}
2025/10/15 19:44:00 POLARIS_LOG {"event":"send_rate","rate":296000,"ts":1760557440.0627675}
2025/10/15 19:44:01 POLARIS_LOG {"event":"send_rate","rate":304000,"ts":1760557441.0612695}
2025/10/15 19:44:02 POLARIS_LOG {"event":"send_rate","rate":296000,"ts":1760557442.0596757}
2025/10/15 19:44:03 POLARIS_LOG {"event":"send_rate","rate":304000,"ts":1760557443.060662}
2025/10/15 19:44:04 POLARIS_LOG {"event":"send_rate","rate":296000,"ts":1760557444.0594742}
2025/10/15 19:44:05 POLARIS_LOG {"event":"send_rate","rate":304000,"ts":1760557445.0600512}
2025/10/15 19:44:06 POLARIS_LOG {"event":"send_rate","rate":296000,"ts":1760557446.0600138}
2025/10/15 19:44:07 POLARIS_LOG {"event":"send_rate","rate":304000,"ts":1760557447.0648954}
2025/10/15 19:44:08 POLARIS_LOG {"event":"send_rate","rate":296000,"ts":1760557448.060043}
2025/10/15 19:44:09 POLARIS_LOG {"event":"send_rate","rate":296000,"ts":1760557449.064152}
2025/10/15 19:44:10 POLARIS_LOG {"event":"send_rate","rate":304000,"ts":1760557450.0596943}
2025/10/15 19:44:11 POLARIS_LOG {"event":"send_rate","rate":304000,"ts":1760557451.0603287}
2025/10/15 19:44:12 POLARIS_LOG {"event":"send_rate","rate":296000,"ts":1760557452.0614169}
2025/10/15 19:44:13 POLARIS_LOG {"event":"send_rate","rate":304000,"ts":1760557453.0611186}
2025/10/15 19:44:14 POLARIS_LOG {"event":"send_rate","rate":296000,"ts":1760557454.0603046}
2025/10/15 19:44:15 POLARIS_LOG {"event":"send_rate","rate":304000,"ts":1760557455.06429}
2025/10/15 19:44:16 POLARIS_LOG {"event":"send_rate","rate":296000,"ts":1760557456.0599282}
2025/10/15 19:44:17 POLARIS_LOG {"event":"send_rate","rate":296000,"ts":1760557457.0606112}
2025/10/15 19:44:18 POLARIS_LOG {"event":"send_rate","rate":304000,"ts":1760557458.063254}
2025/10/15 19:44:19 POLARIS_LOG {"event":"send_rate","rate":296000,"ts":1760557459.0639215}
2025/10/15 19:44:20 POLARIS_LOG {"event":"send_rate","rate":304000,"ts":1760557460.0679047}
2025/10/15 19:44:21 POLARIS_LOG {"event":"send_rate","rate":304000,"ts":1760557461.0679743}
2025/10/15 19:44:22 POLARIS_LOG {"event":"send_rate","rate":296000,"ts":1760557462.060684}
2025/10/15 19:44:23 POLARIS_LOG {"event":"send_rate","rate":304000,"ts":1760557463.0709689}
2025/10/15 19:44:24 POLARIS_LOG {"event":"send_rate","rate":296000,"ts":1760557464.0638337}
2025/10/15 19:44:25 POLARIS_LOG {"event":"send_rate","rate":304000,"ts":1760557465.0596118}
2025/10/15 19:44:26 POLARIS_LOG {"event":"send_rate","rate":296000,"ts":1760557466.0601962}
2025/10/15 19:44:27 POLARIS_LOG {"event":"send_rate","rate":304000,"ts":1760557467.064944}
2025/10/15 19:44:28 POLARIS_LOG {"event":"send_rate","rate":296000,"ts":1760557468.0599566}
2025/10/15 19:44:29 POLARIS_LOG {"event":"send_rate","rate":296000,"ts":1760557469.059728}
2025/10/15 19:44:30 POLARIS_LOG {"event":"send_rate","rate":304000,"ts":1760557470.0601368}
2025/10/15 19:44:31 POLARIS_LOG {"event":"send_rate","rate":304000,"ts":1760557471.059833}
2025/10/15 19:44:32 POLARIS_LOG {"event":"send_rate","rate":296000,"ts":1760557472.05938}
2025/10/15 19:44:33 POLARIS_LOG {"event":"send_rate","rate":296000,"ts":1760557473.062237}
2025/10/15 19:44:34 POLARIS_LOG {"event":"send_rate","rate":304000,"ts":1760557474.0622814}
2025/10/15 19:44:35 POLARIS_LOG {"event":"send_rate","rate":304000,"ts":1760557475.060292}
2025/10/15 19:44:36 POLARIS_LOG {"event":"send_rate","rate":296000,"ts":1760557476.059942}
2025/10/15 19:44:37 POLARIS_LOG {"event":"send_rate","rate":304000,"ts":1760557477.060699}
2025/10/15 19:44:38 POLARIS_LOG {"event":"send_rate","rate":296000,"ts":1760557478.0599256}
2025/10/15 19:44:39 POLARIS_LOG {"event":"send_rate","rate":304000,"ts":1760557479.0618384}
2025/10/15 19:44:40 POLARIS_LOG {"event":"send_rate","rate":296000,"ts":1760557480.0595217}
2025/10/15 19:44:41 POLARIS_LOG {"event":"send_rate","rate":296000,"ts":1760557481.0597875}
2025/10/15 19:44:42 POLARIS_LOG {"event":"send_rate","rate":304000,"ts":1760557482.0597582}
2025/10/15 19:44:43 POLARIS_LOG {"event":"send_rate","rate":304000,"ts":1760557483.0681076}
2025/10/15 19:44:44 POLARIS_LOG {"event":"send_rate","rate":296000,"ts":1760557484.0597897}
2025/10/15 19:44:45 POLARIS_LOG {"event":"send_rate","rate":296000,"ts":1760557485.060122}
2025/10/15 19:44:46 POLARIS_LOG {"event":"send_rate","rate":304000,"ts":1760557486.0600386}
2025/10/15 19:44:47 POLARIS_LOG {"event":"send_rate","rate":296000,"ts":1760557487.0593805}
2025/10/15 19:44:48 POLARIS_LOG {"event":"send_rate","rate":304000,"ts":1760557488.0602102}
2025/10/15 19:44:49 POLARIS_LOG {"event":"send_rate","rate":296000,"ts":1760557489.0597494}
2025/10/15 19:44:50 POLARIS_LOG {"event":"send_rate","rate":304000,"ts":1760557490.0598738}
2025/10/15 19:44:51 POLARIS_LOG {"event":"send_rate","rate":296000,"ts":1760557491.0593832}
2025/10/15 19:44:52 POLARIS_LOG {"event":"send_rate","rate":304000,"ts":1760557492.059475}
2025/10/15 19:44:53 POLARIS_LOG {"event":"send_rate","rate":304000,"ts":1760557493.069085}
2025/10/15 19:44:54 POLARIS_LOG {"event":"send_rate","rate":296000,"ts":1760557494.0620174}
2025/10/15 19:44:55 POLARIS_LOG {"event":"send_rate","rate":296000,"ts":1760557495.0594478}
2025/10/15 19:44:56 POLARIS_LOG {"event":"send_rate","rate":304000,"ts":1760557496.063078}
2025/10/15 19:44:57 POLARIS_LOG {"event":"send_rate","rate":296000,"ts":1760557497.0595608}
2025/10/15 19:44:58 POLARIS_LOG {"event":"send_rate","rate":304000,"ts":1760557498.0599716}
2025/10/15 19:44:59 POLARIS_LOG {"event":"send_rate","rate":296000,"ts":1760557499.0595412}
2025/10/15 19:45:00 POLARIS_LOG {"event":"send_rate","rate":304000,"ts":1760557500.0600853}
2025/10/15 19:45:01 POLARIS_LOG {"event":"send_rate","rate":296000,"ts":1760557501.059367}
2025/10/15 19:45:02 POLARIS_LOG {"event":"send_rate","rate":304000,"ts":1760557502.0598433}
2025/10/15 19:45:03 POLARIS_LOG {"event":"send_rate","rate":296000,"ts":1760557503.0599215}
2025/10/15 19:45:04 POLARIS_LOG {"event":"send_rate","rate":304000,"ts":1760557504.0595965}
2025/10/15 19:45:05 POLARIS_LOG {"event":"send_rate","rate":296000,"ts":1760557505.060168}
2025/10/15 19:45:06 POLARIS_LOG {"event":"send_rate","rate":304000,"ts":1760557506.0596628}
2025/10/15 19:45:07 POLARIS_LOG {"event":"send_rate","rate":296000,"ts":1760557507.0601897}
2025/10/15 19:45:08 POLARIS_LOG {"event":"send_rate","rate":304000,"ts":1760557508.0594285}
2025/10/15 19:45:09 POLARIS_LOG {"event":"send_rate","rate":296000,"ts":1760557509.0599763}
2025/10/15 19:45:10 POLARIS_LOG {"event":"send_rate","rate":304000,"ts":1760557510.060652}
2025/10/15 19:45:11 POLARIS_LOG {"event":"send_rate","rate":296000,"ts":1760557511.0595682}
2025/10/15 19:45:12 POLARIS_LOG {"event":"send_rate","rate":304000,"ts":1760557512.0598645}
2025/10/15 19:45:13 POLARIS_LOG {"event":"send_rate","rate":296000,"ts":1760557513.0621722}
2025/10/15 19:45:14 POLARIS_LOG {"event":"send_rate","rate":304000,"ts":1760557514.0602286}
2025/10/15 19:45:15 POLARIS_LOG {"event":"send_rate","rate":296000,"ts":1760557515.0599682}
2025/10/15 19:45:16 POLARIS_LOG {"event":"send_rate","rate":304000,"ts":1760557516.0599504}
2025/10/15 19:45:17 POLARIS_LOG {"event":"send_rate","rate":296000,"ts":1760557517.0605736}
2025/10/15 19:45:18 POLARIS_LOG {"event":"send_rate","rate":304000,"ts":1760557518.060248}
2025/10/15 19:45:19 POLARIS_LOG {"event":"send_rate","rate":296000,"ts":1760557519.0604095}
2025/10/15 19:45:20 POLARIS_LOG {"event":"send_rate","rate":304000,"ts":1760557520.0601497}
2025/10/15 19:45:21 POLARIS_LOG {"event":"send_rate","rate":296000,"ts":1760557521.0611331}
2025/10/15 19:45:22 POLARIS_LOG {"event":"send_rate","rate":304000,"ts":1760557522.0594285}
2025/10/15 19:45:23 POLARIS_LOG {"event":"send_rate","rate":296000,"ts":1760557523.059541}
2025/10/15 19:45:24 POLARIS_LOG {"event":"send_rate","rate":304000,"ts":1760557524.060154}
2025/10/15 19:45:25 POLARIS_LOG {"event":"send_rate","rate":296000,"ts":1760557525.0595005}
2025/10/15 19:45:26 POLARIS_LOG {"event":"send_rate","rate":304000,"ts":1760557526.0598788}
2025/10/15 19:45:27 POLARIS_LOG {"event":"send_rate","rate":296000,"ts":1760557527.0597978}
2025/10/15 19:45:28 POLARIS_LOG {"event":"send_rate","rate":304000,"ts":1760557528.0596242}
2025/10/15 19:45:29 POLARIS_LOG {"event":"send_rate","rate":296000,"ts":1760557529.0609043}
2025/10/15 19:45:30 POLARIS_LOG {"event":"send_rate","rate":304000,"ts":1760557530.0612988}
2025/10/15 19:45:31 POLARIS_LOG {"event":"send_rate","rate":296000,"ts":1760557531.0608177}
2025/10/15 19:45:32 POLARIS_LOG {"event":"send_rate","rate":304000,"ts":1760557532.0602746}
2025/10/15 19:45:33 POLARIS_LOG {"event":"send_rate","rate":296000,"ts":1760557533.0597281}
2025/10/15 19:45:34 POLARIS_LOG {"event":"send_rate","rate":304000,"ts":1760557534.063184}
2025/10/15 19:45:35 POLARIS_LOG {"event":"send_rate","rate":296000,"ts":1760557535.061802}
2025/10/15 19:45:36 POLARIS_LOG {"event":"send_rate","rate":296000,"ts":1760557536.0767453}
2025/10/15 19:45:37 POLARIS_LOG {"event":"send_rate","rate":304000,"ts":1760557537.0609963}
2025/10/15 19:45:38 POLARIS_LOG {"event":"send_rate","rate":304000,"ts":1760557538.0607605}
2025/10/15 19:45:39 POLARIS_LOG {"event":"send_rate","rate":296000,"ts":1760557539.0600522}
2025/10/15 19:45:40 POLARIS_LOG {"event":"send_rate","rate":304000,"ts":1760557540.0648346}
2025/10/15 19:45:41 POLARIS_LOG {"event":"send_rate","rate":296000,"ts":1760557541.0604022}
2025/10/15 19:45:42 POLARIS_LOG {"event":"send_rate","rate":304000,"ts":1760557542.0621884}
2025/10/15 19:45:43 POLARIS_LOG {"event":"send_rate","rate":296000,"ts":1760557543.060349}
2025/10/15 19:45:44 POLARIS_LOG {"event":"send_rate","rate":304000,"ts":1760557544.060983}
2025/10/15 19:45:45 POLARIS_LOG {"event":"send_rate","rate":296000,"ts":1760557545.0593827}
2025/10/15 19:45:46 POLARIS_LOG {"event":"send_rate","rate":304000,"ts":1760557546.0600383}
2025/10/15 19:45:47 POLARIS_LOG {"event":"send_rate","rate":296000,"ts":1760557547.0598228}
2025/10/15 19:45:48 POLARIS_LOG {"event":"send_rate","rate":304000,"ts":1760557548.059356}
2025/10/15 19:45:49 POLARIS_LOG {"event":"send_rate","rate":304000,"ts":1760557549.0735068}
We need to sleep for 1 seconds before we can get the results
Drain Loop received packet
Drain Loop received non-nil payload
We need to sleep for 1 seconds before we can get the results
Client sent 11250 packets, server reported 11245 packets received
The network loss rate from client to server is 0.0%

S->C results
Attempted bandwidth: 0 bps / 0.00 Mbps
Achieved bandwidth: 0 bps / 0.00 Mbps
Loss rate: 0.0%
Interarrival time min/avg/max/mdev = -0.000/0.000/0.000/0.000 ms

C->S results
Attempted bandwidth: 300000 bps / 0.30 Mbps
Achieved bandwidth: 299866 bps / 0.30 Mbps
Loss rate: 0.0%
Interarrival time min/avg/max/mdev = 0.002/26.673/375.725/18.683 ms
