
Test parameters:
client->server: 246 seconds, 1000 bytes, 9225 packets
server->client: 246 seconds, 1000 bytes, 0 packets
2025/10/15 19:41:43 POLARIS_LOG {"current_rate":0,"event":"path_switch","new":"2 2 5 2","trigger":"initialization","ts":1760557303.2269402}
Polaris prober initialized with 38 paths
Polaris prober initialized with local 1-111,10.111.0.71:32737 and remote 1-113,10.113.0.71
2025/10/15 19:41:44 POLARIS_LOG {"event":"send_rate","rate":0,"ts":1760557304.2290044}
2025/10/15 19:41:45 POLARIS_LOG {"event":"send_rate","rate":184000,"ts":1760557305.2286942}
2025/10/15 19:41:46 POLARIS_LOG {"event":"send_rate","rate":304000,"ts":1760557306.2289617}
Received SCMP echo reply with unexpected seq 1, expected 3 or 2
Received SCMP echo reply with unexpected seq 1, expected 3 or 2
Received SCMP echo reply with unexpected seq 1, expected 3 or 2
2025/10/15 19:41:47 POLARIS_LOG {"event":"send_rate","rate":296000,"ts":1760557307.233254}
2025/10/15 19:41:48 POLARIS_LOG {"event":"send_rate","rate":304000,"ts":1760557308.2312891}
2025/10/15 19:41:49 POLARIS_LOG {"event":"send_rate","rate":296000,"ts":1760557309.2286859}
2025/10/15 19:41:50 POLARIS_LOG {"event":"send_rate","rate":304000,"ts":1760557310.235545}
2025/10/15 19:41:51 POLARIS_LOG {"event":"send_rate","rate":296000,"ts":1760557311.2303026}
2025/10/15 19:41:52 POLARIS_LOG {"event":"send_rate","rate":304000,"ts":1760557312.228521}
2025/10/15 19:41:53 POLARIS_LOG {"event":"send_rate","rate":296000,"ts":1760557313.2324}
2025/10/15 19:41:54 POLARIS_LOG {"event":"send_rate","rate":304000,"ts":1760557314.229711}
2025/10/15 19:41:55 POLARIS_LOG {"event":"send_rate","rate":296000,"ts":1760557315.2287343}
2025/10/15 19:41:56 POLARIS_LOG {"event":"send_rate","rate":304000,"ts":1760557316.2405996}
2025/10/15 19:41:57 POLARIS_LOG {"event":"send_rate","rate":296000,"ts":1760557317.2312543}
2025/10/15 19:41:58 POLARIS_LOG {"event":"send_rate","rate":304000,"ts":1760557318.2287934}
2025/10/15 19:41:59 POLARIS_LOG {"event":"send_rate","rate":296000,"ts":1760557319.2300682}
2025/10/15 19:42:00 POLARIS_LOG {"event":"send_rate","rate":304000,"ts":1760557320.2295175}
2025/10/15 19:42:01 POLARIS_LOG {"event":"send_rate","rate":296000,"ts":1760557321.2339556}
2025/10/15 19:42:02 POLARIS_LOG {"event":"send_rate","rate":304000,"ts":1760557322.22944}
2025/10/15 19:42:03 POLARIS_LOG {"event":"send_rate","rate":296000,"ts":1760557323.2306473}
2025/10/15 19:42:04 POLARIS_LOG {"event":"send_rate","rate":304000,"ts":1760557324.22979}
2025/10/15 19:42:05 POLARIS_LOG {"event":"send_rate","rate":304000,"ts":1760557325.2436864}
2025/10/15 19:42:06 POLARIS_LOG {"event":"send_rate","rate":296000,"ts":1760557326.2341223}
2025/10/15 19:42:07 POLARIS_LOG {"event":"send_rate","rate":296000,"ts":1760557327.2296712}
2025/10/15 19:42:08 POLARIS_LOG {"event":"send_rate","rate":304000,"ts":1760557328.2286866}
2025/10/15 19:42:09 POLARIS_LOG {"event":"send_rate","rate":296000,"ts":1760557329.2293882}
2025/10/15 19:42:10 POLARIS_LOG {"event":"send_rate","rate":304000,"ts":1760557330.2363813}
2025/10/15 19:42:11 POLARIS_LOG {"event":"send_rate","rate":296000,"ts":1760557331.2777548}
2025/10/15 19:42:12 POLARIS_LOG {"event":"send_rate","rate":304000,"ts":1760557332.247285}
2025/10/15 19:42:13 POLARIS_LOG {"event":"send_rate","rate":304000,"ts":1760557333.2406223}
2025/10/15 19:42:14 POLARIS_LOG {"event":"send_rate","rate":296000,"ts":1760557334.2287934}
2025/10/15 19:42:15 POLARIS_LOG {"event":"send_rate","rate":296000,"ts":1760557335.2291574}
2025/10/15 19:42:16 POLARIS_LOG {"event":"send_rate","rate":304000,"ts":1760557336.2327132}
2025/10/15 19:42:17 POLARIS_LOG {"event":"send_rate","rate":296000,"ts":1760557337.2289925}
2025/10/15 19:42:18 POLARIS_LOG {"event":"send_rate","rate":304000,"ts":1760557338.2290986}
2025/10/15 19:42:19 POLARIS_LOG {"event":"send_rate","rate":296000,"ts":1760557339.2321148}
2025/10/15 19:42:20 POLARIS_LOG {"event":"send_rate","rate":304000,"ts":1760557340.2286909}
2025/10/15 19:42:21 POLARIS_LOG {"event":"send_rate","rate":296000,"ts":1760557341.2307303}
2025/10/15 19:42:22 POLARIS_LOG {"event":"send_rate","rate":304000,"ts":1760557342.2291348}
2025/10/15 19:42:23 POLARIS_LOG {"event":"send_rate","rate":296000,"ts":1760557343.2299106}
2025/10/15 19:42:24 POLARIS_LOG {"event":"send_rate","rate":304000,"ts":1760557344.230086}
2025/10/15 19:42:25 POLARIS_LOG {"event":"send_rate","rate":296000,"ts":1760557345.22867}
2025/10/15 19:42:26 POLARIS_LOG {"event":"send_rate","rate":304000,"ts":1760557346.2357807}
2025/10/15 19:42:27 POLARIS_LOG {"event":"send_rate","rate":296000,"ts":1760557347.2308326}
2025/10/15 19:42:28 POLARIS_LOG {"event":"send_rate","rate":304000,"ts":1760557348.2291281}
2025/10/15 19:42:29 POLARIS_LOG {"event":"send_rate","rate":296000,"ts":1760557349.2300146}
2025/10/15 19:42:30 POLARIS_LOG {"event":"send_rate","rate":304000,"ts":1760557350.2292395}
2025/10/15 19:42:31 POLARIS_LOG {"event":"send_rate","rate":296000,"ts":1760557351.2326229}
2025/10/15 19:42:32 POLARIS_LOG {"event":"send_rate","rate":296000,"ts":1760557352.228846}
2025/10/15 19:42:33 POLARIS_LOG {"event":"send_rate","rate":304000,"ts":1760557353.22934}
2025/10/15 19:42:34 POLARIS_LOG {"event":"send_rate","rate":304000,"ts":1760557354.2316406}
2025/10/15 19:42:35 POLARIS_LOG {"event":"send_rate","rate":296000,"ts":1760557355.2313635}
2025/10/15 19:42:36 POLARIS_LOG {"event":"send_rate","rate":304000,"ts":1760557356.2297843}
2025/10/15 19:42:37 POLARIS_LOG {"event":"send_rate","rate":296000,"ts":1760557357.2299035}
2025/10/15 19:42:38 POLARIS_LOG {"event":"send_rate","rate":296000,"ts":1760557358.2289364}
2025/10/15 19:42:39 POLARIS_LOG {"event":"send_rate","rate":304000,"ts":1760557359.2346506}
2025/10/15 19:42:40 POLARIS_LOG {"event":"send_rate","rate":296000,"ts":1760557360.229383}
2025/10/15 19:42:41 POLARIS_LOG {"event":"send_rate","rate":304000,"ts":1760557361.2396195}
2025/10/15 19:42:42 POLARIS_LOG {"event":"send_rate","rate":296000,"ts":1760557362.229157}
2025/10/15 19:42:43 POLARIS_LOG {"event":"send_rate","rate":304000,"ts":1760557363.2301083}
2025/10/15 19:42:44 POLARIS_LOG {"event":"send_rate","rate":296000,"ts":1760557364.2312906}
2025/10/15 19:42:45 POLARIS_LOG {"event":"send_rate","rate":312000,"ts":1760557365.2433548}
2025/10/15 19:42:46 POLARIS_LOG {"event":"send_rate","rate":288000,"ts":1760557366.2289436}
2025/10/15 19:42:47 POLARIS_LOG {"event":"send_rate","rate":304000,"ts":1760557367.2324457}
2025/10/15 19:42:48 POLARIS_LOG {"event":"send_rate","rate":296000,"ts":1760557368.2291548}
2025/10/15 19:42:49 POLARIS_LOG {"event":"send_rate","rate":304000,"ts":1760557369.2338498}
2025/10/15 19:42:50 POLARIS_LOG {"event":"send_rate","rate":296000,"ts":1760557370.2312973}
2025/10/15 19:42:51 POLARIS_LOG {"event":"send_rate","rate":304000,"ts":1760557371.2295256}
2025/10/15 19:42:52 POLARIS_LOG {"event":"send_rate","rate":296000,"ts":1760557372.228418}
2025/10/15 19:42:53 POLARIS_LOG {"event":"send_rate","rate":304000,"ts":1760557373.2392607}
2025/10/15 19:42:54 POLARIS_LOG {"event":"send_rate","rate":296000,"ts":1760557374.2296946}
2025/10/15 19:42:55 POLARIS_LOG {"event":"send_rate","rate":304000,"ts":1760557375.2291718}
2025/10/15 19:42:56 POLARIS_LOG {"event":"send_rate","rate":296000,"ts":1760557376.2289147}
2025/10/15 19:42:57 POLARIS_LOG {"event":"send_rate","rate":304000,"ts":1760557377.228802}
2025/10/15 19:42:58 POLARIS_LOG {"event":"send_rate","rate":304000,"ts":1760557378.2466288}
2025/10/15 19:42:59 POLARIS_LOG {"event":"send_rate","rate":296000,"ts":1760557379.2319574}
2025/10/15 19:43:00 POLARIS_LOG {"event":"send_rate","rate":304000,"ts":1760557380.2395806}
2025/10/15 19:43:01 POLARIS_LOG {"event":"send_rate","rate":296000,"ts":1760557381.2300785}
2025/10/15 19:43:02 POLARIS_LOG {"event":"send_rate","rate":296000,"ts":1760557382.229028}
2025/10/15 19:43:03 POLARIS_LOG {"event":"send_rate","rate":304000,"ts":1760557383.230957}
2025/10/15 19:43:04 POLARIS_LOG {"event":"send_rate","rate":296000,"ts":1760557384.2295573}
2025/10/15 19:43:05 POLARIS_LOG {"event":"send_rate","rate":304000,"ts":1760557385.23407}
2025/10/15 19:43:06 POLARIS_LOG {"event":"send_rate","rate":296000,"ts":1760557386.229883}
2025/10/15 19:43:07 POLARIS_LOG {"event":"send_rate","rate":304000,"ts":1760557387.2298691}
2025/10/15 19:43:08 POLARIS_LOG {"event":"send_rate","rate":296000,"ts":1760557388.229486}
2025/10/15 19:43:09 POLARIS_LOG {"event":"send_rate","rate":312000,"ts":1760557389.252353}
2025/10/15 19:43:10 POLARIS_LOG {"event":"send_rate","rate":296000,"ts":1760557390.2386017}
2025/10/15 19:43:11 POLARIS_LOG {"event":"send_rate","rate":296000,"ts":1760557391.2293344}
2025/10/15 19:43:12 POLARIS_LOG {"event":"send_rate","rate":304000,"ts":1760557392.2493565}
2025/10/15 19:43:13 POLARIS_LOG {"event":"send_rate","rate":296000,"ts":1760557393.22973}
2025/10/15 19:43:14 POLARIS_LOG {"event":"send_rate","rate":296000,"ts":1760557394.2319272}
2025/10/15 19:43:15 POLARIS_LOG {"event":"send_rate","rate":304000,"ts":1760557395.2395694}
2025/10/15 19:43:16 POLARIS_LOG {"event":"send_rate","rate":296000,"ts":1760557396.2294314}
2025/10/15 19:43:17 POLARIS_LOG {"event":"send_rate","rate":304000,"ts":1760557397.2287636}
2025/10/15 19:43:18 POLARIS_LOG {"event":"send_rate","rate":304000,"ts":1760557398.2396047}
2025/10/15 19:43:19 POLARIS_LOG {"event":"send_rate","rate":296000,"ts":1760557399.244637}
2025/10/15 19:43:20 POLARIS_LOG {"event":"send_rate","rate":304000,"ts":1760557400.2361372}
2025/10/15 19:43:21 POLARIS_LOG {"event":"send_rate","rate":296000,"ts":1760557401.2291908}
2025/10/15 19:43:22 POLARIS_LOG {"event":"send_rate","rate":304000,"ts":1760557402.234782}
2025/10/15 19:43:23 POLARIS_LOG {"event":"send_rate","rate":296000,"ts":1760557403.2309124}
2025/10/15 19:43:24 POLARIS_LOG {"event":"send_rate","rate":304000,"ts":1760557404.2364578}
2025/10/15 19:43:25 POLARIS_LOG {"event":"send_rate","rate":296000,"ts":1760557405.2292647}
2025/10/15 19:43:26 POLARIS_LOG {"event":"send_rate","rate":296000,"ts":1760557406.2291167}
2025/10/15 19:43:27 POLARIS_LOG {"event":"send_rate","rate":304000,"ts":1760557407.2383447}
2025/10/15 19:43:28 POLARIS_LOG {"event":"send_rate","rate":296000,"ts":1760557408.229629}
2025/10/15 19:43:29 POLARIS_LOG {"event":"send_rate","rate":304000,"ts":1760557409.232044}
2025/10/15 19:43:30 POLARIS_LOG {"event":"send_rate","rate":304000,"ts":1760557410.236229}
2025/10/15 19:43:31 POLARIS_LOG {"event":"send_rate","rate":296000,"ts":1760557411.2304358}
2025/10/15 19:43:32 POLARIS_LOG {"event":"send_rate","rate":296000,"ts":1760557412.2308419}
2025/10/15 19:43:33 POLARIS_LOG {"event":"send_rate","rate":304000,"ts":1760557413.2333543}
2025/10/15 19:43:34 POLARIS_LOG {"event":"send_rate","rate":304000,"ts":1760557414.235531}
2025/10/15 19:43:35 POLARIS_LOG {"event":"send_rate","rate":296000,"ts":1760557415.236103}
2025/10/15 19:43:36 POLARIS_LOG {"event":"send_rate","rate":296000,"ts":1760557416.2304142}
2025/10/15 19:43:37 POLARIS_LOG {"event":"send_rate","rate":304000,"ts":1760557417.2358131}
2025/10/15 19:43:38 POLARIS_LOG {"event":"send_rate","rate":296000,"ts":1760557418.2303317}
2025/10/15 19:43:39 POLARIS_LOG {"event":"send_rate","rate":304000,"ts":1760557419.2344913}
2025/10/15 19:43:40 POLARIS_LOG {"event":"send_rate","rate":296000,"ts":1760557420.233795}
2025/10/15 19:43:41 POLARIS_LOG {"event":"send_rate","rate":296000,"ts":1760557421.228553}
2025/10/15 19:43:42 POLARIS_LOG {"event":"send_rate","rate":312000,"ts":1760557422.2429507}
2025/10/15 19:43:43 POLARIS_LOG {"event":"send_rate","rate":296000,"ts":1760557423.228674}
2025/10/15 19:43:44 POLARIS_LOG {"event":"send_rate","rate":296000,"ts":1760557424.2315829}
2025/10/15 19:43:45 POLARIS_LOG {"event":"send_rate","rate":304000,"ts":1760557425.2325125}
2025/10/15 19:43:46 POLARIS_LOG {"event":"send_rate","rate":296000,"ts":1760557426.2314692}
2025/10/15 19:43:47 POLARIS_LOG {"event":"send_rate","rate":304000,"ts":1760557427.2298443}
2025/10/15 19:43:48 POLARIS_LOG {"event":"send_rate","rate":296000,"ts":1760557428.2312374}
2025/10/15 19:43:49 POLARIS_LOG {"event":"send_rate","rate":304000,"ts":1760557429.2354782}
2025/10/15 19:43:50 POLARIS_LOG {"event":"send_rate","rate":296000,"ts":1760557430.2288687}
2025/10/15 19:43:51 POLARIS_LOG {"event":"send_rate","rate":304000,"ts":1760557431.235278}
2025/10/15 19:43:52 POLARIS_LOG {"event":"send_rate","rate":296000,"ts":1760557432.2287302}
2025/10/15 19:43:53 POLARIS_LOG {"event":"send_rate","rate":304000,"ts":1760557433.228672}
2025/10/15 19:43:54 POLARIS_LOG {"event":"send_rate","rate":296000,"ts":1760557434.2287993}
2025/10/15 19:43:55 POLARIS_LOG {"event":"send_rate","rate":304000,"ts":1760557435.2335236}
2025/10/15 19:43:56 POLARIS_LOG {"event":"send_rate","rate":296000,"ts":1760557436.2320921}
2025/10/15 19:43:57 POLARIS_LOG {"event":"send_rate","rate":304000,"ts":1760557437.2698348}
2025/10/15 19:43:58 POLARIS_LOG {"event":"send_rate","rate":296000,"ts":1760557438.2298203}
2025/10/15 19:43:59 POLARIS_LOG {"event":"send_rate","rate":304000,"ts":1760557439.2405214}
2025/10/15 19:44:00 POLARIS_LOG {"event":"send_rate","rate":296000,"ts":1760557440.2308395}
2025/10/15 19:44:01 POLARIS_LOG {"event":"send_rate","rate":304000,"ts":1760557441.2287571}
2025/10/15 19:44:02 POLARIS_LOG {"event":"send_rate","rate":296000,"ts":1760557442.2290475}
2025/10/15 19:44:03 POLARIS_LOG {"event":"send_rate","rate":304000,"ts":1760557443.2313278}
2025/10/15 19:44:04 POLARIS_LOG {"event":"send_rate","rate":296000,"ts":1760557444.2288878}
2025/10/15 19:44:05 POLARIS_LOG {"event":"send_rate","rate":304000,"ts":1760557445.2415946}
2025/10/15 19:44:06 POLARIS_LOG {"event":"send_rate","rate":296000,"ts":1760557446.232034}
2025/10/15 19:44:07 POLARIS_LOG {"event":"send_rate","rate":304000,"ts":1760557447.2308958}
2025/10/15 19:44:08 POLARIS_LOG {"event":"send_rate","rate":296000,"ts":1760557448.2304947}
2025/10/15 19:44:09 POLARIS_LOG {"event":"send_rate","rate":304000,"ts":1760557449.228482}
2025/10/15 19:44:10 POLARIS_LOG {"event":"send_rate","rate":296000,"ts":1760557450.2312787}
2025/10/15 19:44:11 POLARIS_LOG {"event":"send_rate","rate":304000,"ts":1760557451.2320156}
2025/10/15 19:44:12 POLARIS_LOG {"event":"send_rate","rate":296000,"ts":1760557452.2343948}
2025/10/15 19:44:13 POLARIS_LOG {"event":"send_rate","rate":304000,"ts":1760557453.230446}
2025/10/15 19:44:14 POLARIS_LOG {"event":"send_rate","rate":296000,"ts":1760557454.230857}
2025/10/15 19:44:15 POLARIS_LOG {"event":"send_rate","rate":304000,"ts":1760557455.2371268}
2025/10/15 19:44:16 POLARIS_LOG {"event":"send_rate","rate":296000,"ts":1760557456.2295187}
2025/10/15 19:44:17 POLARIS_LOG {"event":"send_rate","rate":304000,"ts":1760557457.229273}
2025/10/15 19:44:18 POLARIS_LOG {"event":"send_rate","rate":296000,"ts":1760557458.2285366}
2025/10/15 19:44:19 POLARIS_LOG {"event":"send_rate","rate":304000,"ts":1760557459.2370322}
2025/10/15 19:44:20 POLARIS_LOG {"event":"send_rate","rate":296000,"ts":1760557460.2295215}
2025/10/15 19:44:21 POLARIS_LOG {"event":"send_rate","rate":304000,"ts":1760557461.2285442}
2025/10/15 19:44:22 POLARIS_LOG {"event":"send_rate","rate":296000,"ts":1760557462.2292426}
2025/10/15 19:44:23 POLARIS_LOG {"event":"send_rate","rate":304000,"ts":1760557463.2384114}
2025/10/15 19:44:24 POLARIS_LOG {"event":"send_rate","rate":296000,"ts":1760557464.2336862}
2025/10/15 19:44:25 POLARIS_LOG {"event":"send_rate","rate":304000,"ts":1760557465.2300684}
2025/10/15 19:44:26 POLARIS_LOG {"event":"send_rate","rate":296000,"ts":1760557466.2500696}
2025/10/15 19:44:27 POLARIS_LOG {"event":"send_rate","rate":304000,"ts":1760557467.237792}
2025/10/15 19:44:28 POLARIS_LOG {"event":"send_rate","rate":296000,"ts":1760557468.2320914}
2025/10/15 19:44:29 POLARIS_LOG {"event":"send_rate","rate":304000,"ts":1760557469.2293346}
2025/10/15 19:44:30 POLARIS_LOG {"event":"send_rate","rate":296000,"ts":1760557470.2432501}
2025/10/15 19:44:31 POLARIS_LOG {"event":"send_rate","rate":304000,"ts":1760557471.2299235}
2025/10/15 19:44:32 POLARIS_LOG {"event":"send_rate","rate":296000,"ts":1760557472.2297432}
2025/10/15 19:44:33 POLARIS_LOG {"event":"send_rate","rate":304000,"ts":1760557473.23813}
2025/10/15 19:44:34 POLARIS_LOG {"event":"send_rate","rate":296000,"ts":1760557474.2322826}
2025/10/15 19:44:35 POLARIS_LOG {"event":"send_rate","rate":304000,"ts":1760557475.2362416}
2025/10/15 19:44:36 POLARIS_LOG {"event":"send_rate","rate":296000,"ts":1760557476.2292254}
2025/10/15 19:44:37 POLARIS_LOG {"event":"send_rate","rate":296000,"ts":1760557477.2294528}
2025/10/15 19:44:38 POLARIS_LOG {"event":"send_rate","rate":304000,"ts":1760557478.2431872}
2025/10/15 19:44:39 POLARIS_LOG {"event":"send_rate","rate":312000,"ts":1760557479.2583327}
2025/10/15 19:44:40 POLARIS_LOG {"event":"send_rate","rate":288000,"ts":1760557480.2316904}
2025/10/15 19:44:41 POLARIS_LOG {"event":"send_rate","rate":304000,"ts":1760557481.2348745}
2025/10/15 19:44:42 POLARIS_LOG {"event":"send_rate","rate":296000,"ts":1760557482.231705}
2025/10/15 19:44:43 POLARIS_LOG {"event":"send_rate","rate":304000,"ts":1760557483.2397726}
2025/10/15 19:44:44 POLARIS_LOG {"event":"send_rate","rate":296000,"ts":1760557484.2378368}
2025/10/15 19:44:45 POLARIS_LOG {"event":"send_rate","rate":304000,"ts":1760557485.229682}
2025/10/15 19:44:46 POLARIS_LOG {"event":"send_rate","rate":296000,"ts":1760557486.2290123}
2025/10/15 19:44:47 POLARIS_LOG {"event":"send_rate","rate":304000,"ts":1760557487.2425852}
2025/10/15 19:44:48 POLARIS_LOG {"event":"send_rate","rate":296000,"ts":1760557488.2333927}
2025/10/15 19:44:49 POLARIS_LOG {"event":"send_rate","rate":296000,"ts":1760557489.2287102}
2025/10/15 19:44:50 POLARIS_LOG {"event":"send_rate","rate":304000,"ts":1760557490.2345502}
2025/10/15 19:44:51 POLARIS_LOG {"event":"send_rate","rate":296000,"ts":1760557491.2293115}
2025/10/15 19:44:52 POLARIS_LOG {"event":"send_rate","rate":304000,"ts":1760557492.2298033}
2025/10/15 19:44:53 POLARIS_LOG {"event":"send_rate","rate":296000,"ts":1760557493.2389493}
2025/10/15 19:44:54 POLARIS_LOG {"event":"send_rate","rate":304000,"ts":1760557494.228904}
2025/10/15 19:44:55 POLARIS_LOG {"event":"send_rate","rate":296000,"ts":1760557495.2292697}
2025/10/15 19:44:56 POLARIS_LOG {"event":"send_rate","rate":304000,"ts":1760557496.2292871}
2025/10/15 19:44:57 POLARIS_LOG {"event":"send_rate","rate":296000,"ts":1760557497.2295873}
2025/10/15 19:44:58 POLARIS_LOG {"event":"send_rate","rate":304000,"ts":1760557498.229728}
2025/10/15 19:44:59 POLARIS_LOG {"event":"send_rate","rate":296000,"ts":1760557499.2293065}
2025/10/15 19:45:00 POLARIS_LOG {"event":"send_rate","rate":304000,"ts":1760557500.23483}
2025/10/15 19:45:01 POLARIS_LOG {"event":"send_rate","rate":304000,"ts":1760557501.2311978}
2025/10/15 19:45:02 POLARIS_LOG {"event":"send_rate","rate":296000,"ts":1760557502.2290404}
2025/10/15 19:45:03 POLARIS_LOG {"event":"send_rate","rate":296000,"ts":1760557503.2295396}
2025/10/15 19:45:04 POLARIS_LOG {"event":"send_rate","rate":304000,"ts":1760557504.2295477}
2025/10/15 19:45:05 POLARIS_LOG {"event":"send_rate","rate":304000,"ts":1760557505.2492783}
2025/10/15 19:45:06 POLARIS_LOG {"event":"send_rate","rate":296000,"ts":1760557506.2322614}
2025/10/15 19:45:07 POLARIS_LOG {"event":"send_rate","rate":296000,"ts":1760557507.2291398}
2025/10/15 19:45:08 POLARIS_LOG {"event":"send_rate","rate":304000,"ts":1760557508.2312634}
2025/10/15 19:45:09 POLARIS_LOG {"event":"send_rate","rate":296000,"ts":1760557509.2304883}
2025/10/15 19:45:10 POLARIS_LOG {"event":"send_rate","rate":304000,"ts":1760557510.229007}
2025/10/15 19:45:11 POLARIS_LOG {"event":"send_rate","rate":296000,"ts":1760557511.2291086}
2025/10/15 19:45:12 POLARIS_LOG {"event":"send_rate","rate":304000,"ts":1760557512.2288744}
2025/10/15 19:45:13 POLARIS_LOG {"event":"send_rate","rate":304000,"ts":1760557513.2415898}
2025/10/15 19:45:14 POLARIS_LOG {"event":"send_rate","rate":296000,"ts":1760557514.236536}
2025/10/15 19:45:15 POLARIS_LOG {"event":"send_rate","rate":296000,"ts":1760557515.2312915}
2025/10/15 19:45:16 POLARIS_LOG {"event":"send_rate","rate":304000,"ts":1760557516.2301793}
2025/10/15 19:45:17 POLARIS_LOG {"event":"send_rate","rate":296000,"ts":1760557517.2287717}
2025/10/15 19:45:18 POLARIS_LOG {"event":"send_rate","rate":304000,"ts":1760557518.23512}
2025/10/15 19:45:19 POLARIS_LOG {"event":"send_rate","rate":296000,"ts":1760557519.2295601}
2025/10/15 19:45:20 POLARIS_LOG {"event":"send_rate","rate":304000,"ts":1760557520.2284703}
2025/10/15 19:45:21 POLARIS_LOG {"event":"send_rate","rate":304000,"ts":1760557521.2338464}
2025/10/15 19:45:22 POLARIS_LOG {"event":"send_rate","rate":296000,"ts":1760557522.2296917}
2025/10/15 19:45:23 POLARIS_LOG {"event":"send_rate","rate":296000,"ts":1760557523.2308652}
2025/10/15 19:45:24 POLARIS_LOG {"event":"send_rate","rate":304000,"ts":1760557524.2298238}
2025/10/15 19:45:25 POLARIS_LOG {"event":"send_rate","rate":296000,"ts":1760557525.234076}
2025/10/15 19:45:26 POLARIS_LOG {"event":"send_rate","rate":304000,"ts":1760557526.2418675}
2025/10/15 19:45:27 POLARIS_LOG {"event":"send_rate","rate":304000,"ts":1760557527.246175}
2025/10/15 19:45:28 POLARIS_LOG {"event":"send_rate","rate":296000,"ts":1760557528.2292187}
2025/10/15 19:45:29 POLARIS_LOG {"event":"send_rate","rate":304000,"ts":1760557529.262031}
2025/10/15 19:45:30 POLARIS_LOG {"event":"send_rate","rate":296000,"ts":1760557530.2287483}
2025/10/15 19:45:31 POLARIS_LOG {"event":"send_rate","rate":296000,"ts":1760557531.2294123}
2025/10/15 19:45:32 POLARIS_LOG {"event":"send_rate","rate":304000,"ts":1760557532.2284656}
2025/10/15 19:45:33 POLARIS_LOG {"event":"send_rate","rate":296000,"ts":1760557533.2292213}
2025/10/15 19:45:34 POLARIS_LOG {"event":"send_rate","rate":304000,"ts":1760557534.2292244}
2025/10/15 19:45:35 POLARIS_LOG {"event":"send_rate","rate":304000,"ts":1760557535.2360568}
2025/10/15 19:45:36 POLARIS_LOG {"event":"send_rate","rate":296000,"ts":1760557536.2292063}
2025/10/15 19:45:37 POLARIS_LOG {"event":"send_rate","rate":296000,"ts":1760557537.2337096}
2025/10/15 19:45:38 POLARIS_LOG {"event":"send_rate","rate":304000,"ts":1760557538.229534}
2025/10/15 19:45:39 POLARIS_LOG {"event":"send_rate","rate":296000,"ts":1760557539.2294693}
2025/10/15 19:45:40 POLARIS_LOG {"event":"send_rate","rate":304000,"ts":1760557540.2334442}
2025/10/15 19:45:41 POLARIS_LOG {"event":"send_rate","rate":296000,"ts":1760557541.2297158}
2025/10/15 19:45:42 POLARIS_LOG {"event":"send_rate","rate":304000,"ts":1760557542.2286065}
2025/10/15 19:45:43 POLARIS_LOG {"event":"send_rate","rate":296000,"ts":1760557543.2306247}
2025/10/15 19:45:44 POLARIS_LOG {"event":"send_rate","rate":304000,"ts":1760557544.2310193}
2025/10/15 19:45:45 POLARIS_LOG {"event":"send_rate","rate":304000,"ts":1760557545.2410567}
2025/10/15 19:45:46 POLARIS_LOG {"event":"send_rate","rate":296000,"ts":1760557546.2308028}
2025/10/15 19:45:47 POLARIS_LOG {"event":"send_rate","rate":304000,"ts":1760557547.2362478}
2025/10/15 19:45:48 POLARIS_LOG {"event":"send_rate","rate":296000,"ts":1760557548.2298074}
2025/10/15 19:45:49 POLARIS_LOG {"event":"send_rate","rate":296000,"ts":1760557549.2325613}
2025/10/15 19:45:50 POLARIS_LOG {"event":"send_rate","rate":304000,"ts":1760557550.2453067}
We need to sleep for 1 seconds before we can get the results
Drain Loop received packet
Drain Loop received non-nil payload
Client sent 9225 packets, server reported 9224 packets received
The network loss rate from client to server is 0.0%

S->C results
Attempted bandwidth: 0 bps / 0.00 Mbps
Achieved bandwidth: 0 bps / 0.00 Mbps
Loss rate: 0.0%
Interarrival time min/avg/max/mdev = -0.000/0.000/0.000/0.000 ms

C->S results
Attempted bandwidth: 300000 bps / 0.30 Mbps
Achieved bandwidth: 299967 bps / 0.30 Mbps
Loss rate: 0.0%
Interarrival time min/avg/max/mdev = 0.002/26.620/117.925/9.555 ms
