
Test parameters:
client->server: 279 seconds, 1000 bytes, 10462 packets
server->client: 279 seconds, 1000 bytes, 0 packets
Polaris prober initialized with 14 paths
Polaris prober initialized with local 1-114,10.114.0.71:32755 and remote 1-112,10.112.0.71
2025/10/15 19:41:10 POLARIS_LOG {"current_rate":0,"event":"path_switch","new":"7 7","trigger":"initialization","ts":1760557270.0420601}
2025/10/15 19:41:11 POLARIS_LOG {"event":"send_rate","rate":296000,"ts":1760557271.0440724}
2025/10/15 19:41:12 POLARIS_LOG {"event":"send_rate","rate":304000,"ts":1760557272.043978}
2025/10/15 19:41:13 POLARIS_LOG {"event":"send_rate","rate":296000,"ts":1760557273.0432725}
2025/10/15 19:41:14 POLARIS_LOG {"event":"send_rate","rate":304000,"ts":1760557274.0433524}
2025/10/15 19:41:15 POLARIS_LOG {"event":"send_rate","rate":296000,"ts":1760557275.0482404}
2025/10/15 19:41:16 POLARIS_LOG {"event":"send_rate","rate":304000,"ts":1760557276.0472682}
2025/10/15 19:41:17 POLARIS_LOG {"event":"send_rate","rate":296000,"ts":1760557277.0442834}
2025/10/15 19:41:18 POLARIS_LOG {"event":"send_rate","rate":304000,"ts":1760557278.0463526}
2025/10/15 19:41:19 POLARIS_LOG {"event":"send_rate","rate":304000,"ts":1760557279.0542855}
2025/10/15 19:41:20 POLARIS_LOG {"event":"send_rate","rate":296000,"ts":1760557280.0433588}
2025/10/15 19:41:21 POLARIS_LOG {"event":"send_rate","rate":296000,"ts":1760557281.0444577}
2025/10/15 19:41:22 POLARIS_LOG {"event":"send_rate","rate":304000,"ts":1760557282.0435245}
2025/10/15 19:41:23 POLARIS_LOG {"event":"send_rate","rate":296000,"ts":1760557283.0438473}
2025/10/15 19:41:24 POLARIS_LOG {"event":"send_rate","rate":304000,"ts":1760557284.0432477}
2025/10/15 19:41:25 POLARIS_LOG {"event":"send_rate","rate":296000,"ts":1760557285.0432389}
2025/10/15 19:41:26 POLARIS_LOG {"event":"send_rate","rate":304000,"ts":1760557286.0437996}
2025/10/15 19:41:27 POLARIS_LOG {"event":"send_rate","rate":296000,"ts":1760557287.046575}
2025/10/15 19:41:28 POLARIS_LOG {"event":"send_rate","rate":304000,"ts":1760557288.0464041}
2025/10/15 19:41:29 POLARIS_LOG {"event":"send_rate","rate":296000,"ts":1760557289.044698}
2025/10/15 19:41:30 POLARIS_LOG {"event":"send_rate","rate":304000,"ts":1760557290.0481443}
2025/10/15 19:41:31 POLARIS_LOG {"event":"send_rate","rate":296000,"ts":1760557291.0435765}
2025/10/15 19:41:32 POLARIS_LOG {"event":"send_rate","rate":304000,"ts":1760557292.0436091}
2025/10/15 19:41:33 POLARIS_LOG {"event":"send_rate","rate":288000,"ts":1760557293.0476408}
2025/10/15 19:41:34 POLARIS_LOG {"event":"send_rate","rate":312000,"ts":1760557294.0459042}
2025/10/15 19:41:35 POLARIS_LOG {"event":"send_rate","rate":296000,"ts":1760557295.0442717}
2025/10/15 19:41:36 POLARIS_LOG {"event":"send_rate","rate":296000,"ts":1760557296.0443196}
2025/10/15 19:41:37 POLARIS_LOG {"event":"send_rate","rate":304000,"ts":1760557297.0455709}
2025/10/15 19:41:38 POLARIS_LOG {"event":"send_rate","rate":304000,"ts":1760557298.0480678}
2025/10/15 19:41:39 POLARIS_LOG {"event":"send_rate","rate":296000,"ts":1760557299.0453768}
2025/10/15 19:41:40 POLARIS_LOG {"event":"send_rate","rate":304000,"ts":1760557300.0440502}
2025/10/15 19:41:41 POLARIS_LOG {"event":"send_rate","rate":296000,"ts":1760557301.0438173}
2025/10/15 19:41:42 POLARIS_LOG {"event":"send_rate","rate":296000,"ts":1760557302.0440686}
2025/10/15 19:41:43 POLARIS_LOG {"event":"send_rate","rate":216000,"ts":1760557303.0455847}
2025/10/15 19:41:44 POLARIS_LOG {"event":"send_rate","rate":152000,"ts":1760557304.0442572}
2025/10/15 19:41:45 POLARIS_LOG {"event":"send_rate","rate":216000,"ts":1760557305.0432675}
2025/10/15 19:41:46 POLARIS_LOG {"event":"send_rate","rate":136000,"ts":1760557306.0440383}
2025/10/15 19:41:47 POLARIS_LOG {"event":"send_rate","rate":104000,"ts":1760557307.046378}
2025/10/15 19:41:48 POLARIS_LOG {"event":"send_rate","rate":152000,"ts":1760557308.043388}
2025/10/15 19:41:49 POLARIS_LOG {"event":"send_rate","rate":176000,"ts":1760557309.0442514}
2025/10/15 19:41:50 POLARIS_LOG {"event":"send_rate","rate":144000,"ts":1760557310.043252}
2025/10/15 19:41:50 POLARIS_LOG {"candidates":6,"candidates_unfiltered":9,"current_rate":144000,"estimated_share":500000,"event":"path_switch","max_estimated_share":666500,"new":"5 5 1 1","old":"7 7","trigger":"scheduled","ts":1760557310.043338}
2025/10/15 19:41:51 POLARIS_LOG {"event":"send_rate","rate":1408000,"ts":1760557311.0451074}
2025/10/15 19:41:52 POLARIS_LOG {"event":"send_rate","rate":304000,"ts":1760557312.0552351}
2025/10/15 19:41:53 POLARIS_LOG {"event":"send_rate","rate":296000,"ts":1760557313.0441563}
2025/10/15 19:41:54 POLARIS_LOG {"event":"send_rate","rate":296000,"ts":1760557314.0440364}
2025/10/15 19:41:55 POLARIS_LOG {"event":"send_rate","rate":304000,"ts":1760557315.0463111}
2025/10/15 19:41:56 POLARIS_LOG {"event":"send_rate","rate":296000,"ts":1760557316.0434818}
2025/10/15 19:41:57 POLARIS_LOG {"event":"send_rate","rate":304000,"ts":1760557317.0471861}
2025/10/15 19:41:58 POLARIS_LOG {"event":"send_rate","rate":296000,"ts":1760557318.0440028}
2025/10/15 19:41:59 POLARIS_LOG {"event":"send_rate","rate":304000,"ts":1760557319.0441058}
2025/10/15 19:42:00 POLARIS_LOG {"event":"send_rate","rate":296000,"ts":1760557320.0432487}
2025/10/15 19:42:01 POLARIS_LOG {"event":"send_rate","rate":304000,"ts":1760557321.043883}
2025/10/15 19:42:02 POLARIS_LOG {"event":"send_rate","rate":296000,"ts":1760557322.043677}
2025/10/15 19:42:03 POLARIS_LOG {"event":"send_rate","rate":304000,"ts":1760557323.0433311}
2025/10/15 19:42:04 POLARIS_LOG {"event":"send_rate","rate":296000,"ts":1760557324.044327}
2025/10/15 19:42:05 POLARIS_LOG {"event":"send_rate","rate":304000,"ts":1760557325.04409}
2025/10/15 19:42:06 POLARIS_LOG {"event":"send_rate","rate":296000,"ts":1760557326.0435336}
2025/10/15 19:42:07 POLARIS_LOG {"event":"send_rate","rate":304000,"ts":1760557327.046221}
2025/10/15 19:42:08 POLARIS_LOG {"event":"send_rate","rate":296000,"ts":1760557328.0436738}
2025/10/15 19:42:09 POLARIS_LOG {"event":"send_rate","rate":304000,"ts":1760557329.0464363}
2025/10/15 19:42:10 POLARIS_LOG {"event":"send_rate","rate":296000,"ts":1760557330.0441337}
2025/10/15 19:42:11 POLARIS_LOG {"event":"send_rate","rate":304000,"ts":1760557331.0437202}
2025/10/15 19:42:12 POLARIS_LOG {"event":"send_rate","rate":296000,"ts":1760557332.0441093}
2025/10/15 19:42:13 POLARIS_LOG {"event":"send_rate","rate":304000,"ts":1760557333.0442839}
2025/10/15 19:42:14 POLARIS_LOG {"event":"send_rate","rate":296000,"ts":1760557334.0444689}
2025/10/15 19:42:15 POLARIS_LOG {"event":"send_rate","rate":304000,"ts":1760557335.0472841}
2025/10/15 19:42:16 POLARIS_LOG {"event":"send_rate","rate":296000,"ts":1760557336.0475643}
2025/10/15 19:42:17 POLARIS_LOG {"event":"send_rate","rate":304000,"ts":1760557337.0434222}
2025/10/15 19:42:18 POLARIS_LOG {"event":"send_rate","rate":296000,"ts":1760557338.0474222}
2025/10/15 19:42:19 POLARIS_LOG {"event":"send_rate","rate":304000,"ts":1760557339.04393}
2025/10/15 19:42:20 POLARIS_LOG {"event":"send_rate","rate":296000,"ts":1760557340.0439873}
2025/10/15 19:42:21 POLARIS_LOG {"event":"send_rate","rate":304000,"ts":1760557341.0445125}
2025/10/15 19:42:22 POLARIS_LOG {"event":"send_rate","rate":296000,"ts":1760557342.0433736}
2025/10/15 19:42:23 POLARIS_LOG {"event":"send_rate","rate":304000,"ts":1760557343.0511174}
2025/10/15 19:42:24 POLARIS_LOG {"event":"send_rate","rate":296000,"ts":1760557344.0434382}
2025/10/15 19:42:25 POLARIS_LOG {"event":"send_rate","rate":304000,"ts":1760557345.0432622}
2025/10/15 19:42:26 POLARIS_LOG {"event":"send_rate","rate":296000,"ts":1760557346.0450552}
2025/10/15 19:42:27 POLARIS_LOG {"event":"send_rate","rate":304000,"ts":1760557347.0464885}
2025/10/15 19:42:28 POLARIS_LOG {"event":"send_rate","rate":296000,"ts":1760557348.0472522}
2025/10/15 19:42:29 POLARIS_LOG {"event":"send_rate","rate":304000,"ts":1760557349.0498626}
2025/10/15 19:42:30 POLARIS_LOG {"event":"send_rate","rate":296000,"ts":1760557350.0438044}
2025/10/15 19:42:31 POLARIS_LOG {"event":"send_rate","rate":304000,"ts":1760557351.0436687}
2025/10/15 19:42:32 POLARIS_LOG {"event":"send_rate","rate":296000,"ts":1760557352.0447598}
2025/10/15 19:42:33 POLARIS_LOG {"event":"send_rate","rate":304000,"ts":1760557353.044253}
2025/10/15 19:42:34 POLARIS_LOG {"event":"send_rate","rate":296000,"ts":1760557354.0473464}
2025/10/15 19:42:35 POLARIS_LOG {"event":"send_rate","rate":304000,"ts":1760557355.043804}
2025/10/15 19:42:36 POLARIS_LOG {"event":"send_rate","rate":296000,"ts":1760557356.0455272}
2025/10/15 19:42:37 POLARIS_LOG {"event":"send_rate","rate":304000,"ts":1760557357.0435755}
2025/10/15 19:42:38 POLARIS_LOG {"event":"send_rate","rate":296000,"ts":1760557358.0443013}
2025/10/15 19:42:39 POLARIS_LOG {"event":"send_rate","rate":304000,"ts":1760557359.0475864}
2025/10/15 19:42:40 POLARIS_LOG {"event":"send_rate","rate":296000,"ts":1760557360.043231}
2025/10/15 19:42:41 POLARIS_LOG {"event":"send_rate","rate":304000,"ts":1760557361.043181}
2025/10/15 19:42:42 POLARIS_LOG {"event":"send_rate","rate":296000,"ts":1760557362.0437388}
2025/10/15 19:42:43 POLARIS_LOG {"event":"send_rate","rate":304000,"ts":1760557363.0446727}
2025/10/15 19:42:44 POLARIS_LOG {"event":"send_rate","rate":296000,"ts":1760557364.0441473}
2025/10/15 19:42:45 POLARIS_LOG {"event":"send_rate","rate":304000,"ts":1760557365.0633433}
2025/10/15 19:42:46 POLARIS_LOG {"event":"send_rate","rate":296000,"ts":1760557366.0456648}
2025/10/15 19:42:47 POLARIS_LOG {"event":"send_rate","rate":304000,"ts":1760557367.0440538}
2025/10/15 19:42:48 POLARIS_LOG {"event":"send_rate","rate":296000,"ts":1760557368.043277}
2025/10/15 19:42:49 POLARIS_LOG {"event":"send_rate","rate":304000,"ts":1760557369.0432878}
2025/10/15 19:42:50 POLARIS_LOG {"event":"send_rate","rate":296000,"ts":1760557370.0438359}
2025/10/15 19:42:51 POLARIS_LOG {"event":"send_rate","rate":304000,"ts":1760557371.0435297}
2025/10/15 19:42:52 POLARIS_LOG {"event":"send_rate","rate":296000,"ts":1760557372.0431933}
2025/10/15 19:42:53 POLARIS_LOG {"event":"send_rate","rate":304000,"ts":1760557373.047482}
2025/10/15 19:42:54 POLARIS_LOG {"event":"send_rate","rate":296000,"ts":1760557374.0441036}
2025/10/15 19:42:55 POLARIS_LOG {"event":"send_rate","rate":304000,"ts":1760557375.04464}
2025/10/15 19:42:56 POLARIS_LOG {"event":"send_rate","rate":296000,"ts":1760557376.0434139}
2025/10/15 19:42:57 POLARIS_LOG {"event":"send_rate","rate":296000,"ts":1760557377.0432742}
2025/10/15 19:42:58 POLARIS_LOG {"event":"send_rate","rate":304000,"ts":1760557378.0440524}
2025/10/15 19:42:59 POLARIS_LOG {"event":"send_rate","rate":304000,"ts":1760557379.044357}
2025/10/15 19:43:00 POLARIS_LOG {"event":"send_rate","rate":296000,"ts":1760557380.044732}
2025/10/15 19:43:01 POLARIS_LOG {"event":"send_rate","rate":304000,"ts":1760557381.046087}
2025/10/15 19:43:02 POLARIS_LOG {"event":"send_rate","rate":296000,"ts":1760557382.0434327}
2025/10/15 19:43:03 POLARIS_LOG {"event":"send_rate","rate":304000,"ts":1760557383.0473032}
2025/10/15 19:43:04 POLARIS_LOG {"event":"send_rate","rate":296000,"ts":1760557384.0486622}
2025/10/15 19:43:05 POLARIS_LOG {"event":"send_rate","rate":296000,"ts":1760557385.0432534}
2025/10/15 19:43:06 POLARIS_LOG {"event":"send_rate","rate":304000,"ts":1760557386.044589}
2025/10/15 19:43:07 POLARIS_LOG {"event":"send_rate","rate":304000,"ts":1760557387.045934}
2025/10/15 19:43:08 POLARIS_LOG {"event":"send_rate","rate":296000,"ts":1760557388.0433931}
2025/10/15 19:43:09 POLARIS_LOG {"event":"send_rate","rate":304000,"ts":1760557389.0433044}
2025/10/15 19:43:10 POLARIS_LOG {"event":"send_rate","rate":296000,"ts":1760557390.043912}
2025/10/15 19:43:11 POLARIS_LOG {"event":"send_rate","rate":296000,"ts":1760557391.0432928}
2025/10/15 19:43:12 POLARIS_LOG {"event":"send_rate","rate":304000,"ts":1760557392.0442064}
2025/10/15 19:43:13 POLARIS_LOG {"event":"send_rate","rate":304000,"ts":1760557393.0469272}
2025/10/15 19:43:14 POLARIS_LOG {"event":"send_rate","rate":296000,"ts":1760557394.044671}
2025/10/15 19:43:15 POLARIS_LOG {"event":"send_rate","rate":304000,"ts":1760557395.0462046}
2025/10/15 19:43:16 POLARIS_LOG {"event":"send_rate","rate":296000,"ts":1760557396.0436385}
2025/10/15 19:43:17 POLARIS_LOG {"event":"send_rate","rate":304000,"ts":1760557397.0446186}
2025/10/15 19:43:18 POLARIS_LOG {"event":"send_rate","rate":296000,"ts":1760557398.0435934}
2025/10/15 19:43:19 POLARIS_LOG {"event":"send_rate","rate":296000,"ts":1760557399.0432532}
2025/10/15 19:43:20 POLARIS_LOG {"event":"send_rate","rate":304000,"ts":1760557400.0434113}
2025/10/15 19:43:21 POLARIS_LOG {"event":"send_rate","rate":304000,"ts":1760557401.0442162}
2025/10/15 19:43:22 POLARIS_LOG {"event":"send_rate","rate":296000,"ts":1760557402.051305}
2025/10/15 19:43:23 POLARIS_LOG {"event":"send_rate","rate":304000,"ts":1760557403.0453494}
2025/10/15 19:43:24 POLARIS_LOG {"event":"send_rate","rate":296000,"ts":1760557404.043167}
2025/10/15 19:43:25 POLARIS_LOG {"event":"send_rate","rate":304000,"ts":1760557405.046363}
2025/10/15 19:43:26 POLARIS_LOG {"event":"send_rate","rate":296000,"ts":1760557406.0436008}
2025/10/15 19:43:27 POLARIS_LOG {"event":"send_rate","rate":296000,"ts":1760557407.043248}
2025/10/15 19:43:28 POLARIS_LOG {"event":"send_rate","rate":304000,"ts":1760557408.0459344}
2025/10/15 19:43:29 POLARIS_LOG {"event":"send_rate","rate":296000,"ts":1760557409.0440798}
2025/10/15 19:43:30 POLARIS_LOG {"event":"send_rate","rate":304000,"ts":1760557410.0463912}
2025/10/15 19:43:31 POLARIS_LOG {"event":"send_rate","rate":288000,"ts":1760557411.1118555}
2025/10/15 19:43:32 POLARIS_LOG {"event":"send_rate","rate":312000,"ts":1760557412.0433211}
2025/10/15 19:43:33 POLARIS_LOG {"event":"send_rate","rate":296000,"ts":1760557413.0444179}
2025/10/15 19:43:34 POLARIS_LOG {"event":"send_rate","rate":304000,"ts":1760557414.0432482}
2025/10/15 19:43:35 POLARIS_LOG {"event":"send_rate","rate":296000,"ts":1760557415.0455205}
2025/10/15 19:43:36 POLARIS_LOG {"event":"send_rate","rate":304000,"ts":1760557416.043473}
2025/10/15 19:43:37 POLARIS_LOG {"event":"send_rate","rate":296000,"ts":1760557417.044512}
2025/10/15 19:43:38 POLARIS_LOG {"event":"send_rate","rate":304000,"ts":1760557418.0431623}
2025/10/15 19:43:39 POLARIS_LOG {"event":"send_rate","rate":296000,"ts":1760557419.0436232}
2025/10/15 19:43:40 POLARIS_LOG {"event":"send_rate","rate":304000,"ts":1760557420.043365}
2025/10/15 19:43:41 POLARIS_LOG {"event":"send_rate","rate":296000,"ts":1760557421.0443294}
2025/10/15 19:43:42 POLARIS_LOG {"event":"send_rate","rate":304000,"ts":1760557422.0442653}
2025/10/15 19:43:43 POLARIS_LOG {"event":"send_rate","rate":296000,"ts":1760557423.0437744}
2025/10/15 19:43:44 POLARIS_LOG {"event":"send_rate","rate":304000,"ts":1760557424.0515876}
2025/10/15 19:43:45 POLARIS_LOG {"event":"send_rate","rate":296000,"ts":1760557425.0442445}
2025/10/15 19:43:46 POLARIS_LOG {"event":"send_rate","rate":304000,"ts":1760557426.0438218}
2025/10/15 19:43:47 POLARIS_LOG {"event":"send_rate","rate":304000,"ts":1760557427.0522437}
2025/10/15 19:43:48 POLARIS_LOG {"event":"send_rate","rate":296000,"ts":1760557428.0454218}
2025/10/15 19:43:49 POLARIS_LOG {"event":"send_rate","rate":304000,"ts":1760557429.0508368}
2025/10/15 19:43:50 POLARIS_LOG {"event":"send_rate","rate":296000,"ts":1760557430.0459404}
2025/10/15 19:43:51 POLARIS_LOG {"event":"send_rate","rate":296000,"ts":1760557431.0448487}
2025/10/15 19:43:52 POLARIS_LOG {"event":"send_rate","rate":304000,"ts":1760557432.0458603}
2025/10/15 19:43:53 POLARIS_LOG {"event":"send_rate","rate":296000,"ts":1760557433.0446172}
2025/10/15 19:43:54 POLARIS_LOG {"event":"send_rate","rate":304000,"ts":1760557434.0471237}
2025/10/15 19:43:55 POLARIS_LOG {"event":"send_rate","rate":296000,"ts":1760557435.0443273}
2025/10/15 19:43:56 POLARIS_LOG {"event":"send_rate","rate":304000,"ts":1760557436.043464}
2025/10/15 19:43:57 POLARIS_LOG {"event":"send_rate","rate":296000,"ts":1760557437.0470505}
2025/10/15 19:43:58 POLARIS_LOG {"event":"send_rate","rate":304000,"ts":1760557438.0451787}
2025/10/15 19:43:59 POLARIS_LOG {"event":"send_rate","rate":296000,"ts":1760557439.0437663}
2025/10/15 19:44:00 POLARIS_LOG {"event":"send_rate","rate":304000,"ts":1760557440.0442855}
2025/10/15 19:44:01 POLARIS_LOG {"event":"send_rate","rate":296000,"ts":1760557441.043252}
2025/10/15 19:44:02 POLARIS_LOG {"event":"send_rate","rate":304000,"ts":1760557442.0437627}
2025/10/15 19:44:03 POLARIS_LOG {"event":"send_rate","rate":296000,"ts":1760557443.043249}
2025/10/15 19:44:04 POLARIS_LOG {"event":"send_rate","rate":296000,"ts":1760557444.0523324}
2025/10/15 19:44:05 POLARIS_LOG {"event":"send_rate","rate":304000,"ts":1760557445.045227}
2025/10/15 19:44:06 POLARIS_LOG {"event":"send_rate","rate":304000,"ts":1760557446.0445614}
2025/10/15 19:44:07 POLARIS_LOG {"event":"send_rate","rate":296000,"ts":1760557447.0441225}
2025/10/15 19:44:08 POLARIS_LOG {"event":"send_rate","rate":304000,"ts":1760557448.043343}
2025/10/15 19:44:09 POLARIS_LOG {"event":"send_rate","rate":296000,"ts":1760557449.0467756}
2025/10/15 19:44:10 POLARIS_LOG {"event":"send_rate","rate":304000,"ts":1760557450.0443926}
2025/10/15 19:44:11 POLARIS_LOG {"event":"send_rate","rate":296000,"ts":1760557451.044888}
2025/10/15 19:44:12 POLARIS_LOG {"event":"send_rate","rate":304000,"ts":1760557452.0457838}
2025/10/15 19:44:13 POLARIS_LOG {"event":"send_rate","rate":296000,"ts":1760557453.0438182}
2025/10/15 19:44:14 POLARIS_LOG {"event":"send_rate","rate":304000,"ts":1760557454.0435836}
2025/10/15 19:44:15 POLARIS_LOG {"event":"send_rate","rate":296000,"ts":1760557455.0435717}
2025/10/15 19:44:16 POLARIS_LOG {"event":"send_rate","rate":304000,"ts":1760557456.0453675}
2025/10/15 19:44:17 POLARIS_LOG {"event":"send_rate","rate":296000,"ts":1760557457.04803}
2025/10/15 19:44:18 POLARIS_LOG {"event":"send_rate","rate":304000,"ts":1760557458.04354}
2025/10/15 19:44:19 POLARIS_LOG {"event":"send_rate","rate":296000,"ts":1760557459.0455782}
2025/10/15 19:44:20 POLARIS_LOG {"event":"send_rate","rate":304000,"ts":1760557460.05267}
2025/10/15 19:44:21 POLARIS_LOG {"event":"send_rate","rate":296000,"ts":1760557461.0475085}
2025/10/15 19:44:22 POLARIS_LOG {"event":"send_rate","rate":304000,"ts":1760557462.057658}
2025/10/15 19:44:23 POLARIS_LOG {"event":"send_rate","rate":296000,"ts":1760557463.0437214}
2025/10/15 19:44:24 POLARIS_LOG {"event":"send_rate","rate":304000,"ts":1760557464.0433688}
2025/10/15 19:44:25 POLARIS_LOG {"event":"send_rate","rate":296000,"ts":1760557465.0438302}
2025/10/15 19:44:26 POLARIS_LOG {"event":"send_rate","rate":304000,"ts":1760557466.0447028}
2025/10/15 19:44:27 POLARIS_LOG {"event":"send_rate","rate":296000,"ts":1760557467.0432408}
2025/10/15 19:44:28 POLARIS_LOG {"event":"send_rate","rate":304000,"ts":1760557468.0433109}
2025/10/15 19:44:29 POLARIS_LOG {"event":"send_rate","rate":296000,"ts":1760557469.044576}
2025/10/15 19:44:30 POLARIS_LOG {"event":"send_rate","rate":304000,"ts":1760557470.044336}
2025/10/15 19:44:31 POLARIS_LOG {"event":"send_rate","rate":296000,"ts":1760557471.0452414}
2025/10/15 19:44:32 POLARIS_LOG {"event":"send_rate","rate":304000,"ts":1760557472.043716}
2025/10/15 19:44:33 POLARIS_LOG {"event":"send_rate","rate":296000,"ts":1760557473.043979}
2025/10/15 19:44:34 POLARIS_LOG {"event":"send_rate","rate":304000,"ts":1760557474.0452685}
2025/10/15 19:44:35 POLARIS_LOG {"event":"send_rate","rate":296000,"ts":1760557475.043666}
2025/10/15 19:44:36 POLARIS_LOG {"event":"send_rate","rate":304000,"ts":1760557476.0442765}
2025/10/15 19:44:37 POLARIS_LOG {"event":"send_rate","rate":296000,"ts":1760557477.0443227}
2025/10/15 19:44:38 POLARIS_LOG {"event":"send_rate","rate":296000,"ts":1760557478.0572727}
2025/10/15 19:44:39 POLARIS_LOG {"event":"send_rate","rate":304000,"ts":1760557479.0436285}
2025/10/15 19:44:40 POLARIS_LOG {"event":"send_rate","rate":296000,"ts":1760557480.0432668}
2025/10/15 19:44:41 POLARIS_LOG {"event":"send_rate","rate":304000,"ts":1760557481.0515273}
2025/10/15 19:44:42 POLARIS_LOG {"event":"send_rate","rate":296000,"ts":1760557482.0443945}
2025/10/15 19:44:43 POLARIS_LOG {"event":"send_rate","rate":304000,"ts":1760557483.0439897}
2025/10/15 19:44:44 POLARIS_LOG {"event":"send_rate","rate":304000,"ts":1760557484.043421}
2025/10/15 19:44:45 POLARIS_LOG {"event":"send_rate","rate":296000,"ts":1760557485.0440502}
2025/10/15 19:44:46 POLARIS_LOG {"event":"send_rate","rate":304000,"ts":1760557486.0461903}
2025/10/15 19:44:47 POLARIS_LOG {"event":"send_rate","rate":296000,"ts":1760557487.0436423}
2025/10/15 19:44:48 POLARIS_LOG {"event":"send_rate","rate":304000,"ts":1760557488.0431793}
2025/10/15 19:44:49 POLARIS_LOG {"event":"send_rate","rate":296000,"ts":1760557489.043443}
2025/10/15 19:44:50 POLARIS_LOG {"event":"send_rate","rate":296000,"ts":1760557490.046678}
2025/10/15 19:44:51 POLARIS_LOG {"event":"send_rate","rate":304000,"ts":1760557491.0440562}
2025/10/15 19:44:52 POLARIS_LOG {"event":"send_rate","rate":304000,"ts":1760557492.0516589}
2025/10/15 19:44:53 POLARIS_LOG {"event":"send_rate","rate":296000,"ts":1760557493.045063}
2025/10/15 19:44:54 POLARIS_LOG {"event":"send_rate","rate":304000,"ts":1760557494.0571644}
2025/10/15 19:44:55 POLARIS_LOG {"event":"send_rate","rate":296000,"ts":1760557495.0439792}
2025/10/15 19:44:56 POLARIS_LOG {"event":"send_rate","rate":304000,"ts":1760557496.046492}
2025/10/15 19:44:57 POLARIS_LOG {"event":"send_rate","rate":296000,"ts":1760557497.0518072}
2025/10/15 19:44:58 POLARIS_LOG {"event":"send_rate","rate":296000,"ts":1760557498.0439286}
2025/10/15 19:44:59 POLARIS_LOG {"event":"send_rate","rate":304000,"ts":1760557499.0444446}
2025/10/15 19:45:00 POLARIS_LOG {"event":"send_rate","rate":296000,"ts":1760557500.0432546}
2025/10/15 19:45:01 POLARIS_LOG {"event":"send_rate","rate":304000,"ts":1760557501.0437944}
2025/10/15 19:45:02 POLARIS_LOG {"event":"send_rate","rate":296000,"ts":1760557502.0436645}
2025/10/15 19:45:03 POLARIS_LOG {"event":"send_rate","rate":304000,"ts":1760557503.0435472}
2025/10/15 19:45:04 POLARIS_LOG {"event":"send_rate","rate":296000,"ts":1760557504.0432253}
2025/10/15 19:45:05 POLARIS_LOG {"event":"send_rate","rate":304000,"ts":1760557505.043286}
2025/10/15 19:45:06 POLARIS_LOG {"event":"send_rate","rate":296000,"ts":1760557506.0438573}
2025/10/15 19:45:07 POLARIS_LOG {"event":"send_rate","rate":304000,"ts":1760557507.0475593}
2025/10/15 19:45:08 POLARIS_LOG {"event":"send_rate","rate":296000,"ts":1760557508.0431771}
2025/10/15 19:45:09 POLARIS_LOG {"event":"send_rate","rate":304000,"ts":1760557509.0431924}
2025/10/15 19:45:10 POLARIS_LOG {"event":"send_rate","rate":296000,"ts":1760557510.0434337}
2025/10/15 19:45:11 POLARIS_LOG {"event":"send_rate","rate":304000,"ts":1760557511.0442455}
2025/10/15 19:45:12 POLARIS_LOG {"event":"send_rate","rate":296000,"ts":1760557512.0448353}
2025/10/15 19:45:13 POLARIS_LOG {"event":"send_rate","rate":304000,"ts":1760557513.0438514}
2025/10/15 19:45:14 POLARIS_LOG {"event":"send_rate","rate":296000,"ts":1760557514.0461924}
2025/10/15 19:45:15 POLARIS_LOG {"event":"send_rate","rate":304000,"ts":1760557515.0475783}
2025/10/15 19:45:16 POLARIS_LOG {"event":"send_rate","rate":296000,"ts":1760557516.0445096}
2025/10/15 19:45:17 POLARIS_LOG {"event":"send_rate","rate":304000,"ts":1760557517.043301}
2025/10/15 19:45:18 POLARIS_LOG {"event":"send_rate","rate":296000,"ts":1760557518.0441158}
2025/10/15 19:45:19 POLARIS_LOG {"event":"send_rate","rate":304000,"ts":1760557519.0461164}
2025/10/15 19:45:20 POLARIS_LOG {"event":"send_rate","rate":296000,"ts":1760557520.0432732}
2025/10/15 19:45:21 POLARIS_LOG {"event":"send_rate","rate":304000,"ts":1760557521.0481734}
2025/10/15 19:45:22 POLARIS_LOG {"event":"send_rate","rate":296000,"ts":1760557522.047244}
2025/10/15 19:45:23 POLARIS_LOG {"event":"send_rate","rate":304000,"ts":1760557523.0447166}
2025/10/15 19:45:24 POLARIS_LOG {"event":"send_rate","rate":296000,"ts":1760557524.0431807}
2025/10/15 19:45:25 POLARIS_LOG {"event":"send_rate","rate":304000,"ts":1760557525.0433643}
2025/10/15 19:45:26 POLARIS_LOG {"event":"send_rate","rate":296000,"ts":1760557526.0447485}
2025/10/15 19:45:27 POLARIS_LOG {"event":"send_rate","rate":304000,"ts":1760557527.043239}
2025/10/15 19:45:28 POLARIS_LOG {"event":"send_rate","rate":296000,"ts":1760557528.0431936}
2025/10/15 19:45:29 POLARIS_LOG {"event":"send_rate","rate":304000,"ts":1760557529.0468223}
2025/10/15 19:45:30 POLARIS_LOG {"event":"send_rate","rate":296000,"ts":1760557530.0472333}
2025/10/15 19:45:31 POLARIS_LOG {"event":"send_rate","rate":296000,"ts":1760557531.0513356}
2025/10/15 19:45:32 POLARIS_LOG {"event":"send_rate","rate":304000,"ts":1760557532.0483437}
2025/10/15 19:45:33 POLARIS_LOG {"event":"send_rate","rate":304000,"ts":1760557533.0441704}
2025/10/15 19:45:34 POLARIS_LOG {"event":"send_rate","rate":296000,"ts":1760557534.044221}
2025/10/15 19:45:35 POLARIS_LOG {"event":"send_rate","rate":304000,"ts":1760557535.0438738}
2025/10/15 19:45:36 POLARIS_LOG {"event":"send_rate","rate":296000,"ts":1760557536.0449555}
2025/10/15 19:45:37 POLARIS_LOG {"event":"send_rate","rate":296000,"ts":1760557537.0784886}
2025/10/15 19:45:38 POLARIS_LOG {"event":"send_rate","rate":304000,"ts":1760557538.0454836}
2025/10/15 19:45:39 POLARIS_LOG {"event":"send_rate","rate":304000,"ts":1760557539.045951}
2025/10/15 19:45:40 POLARIS_LOG {"event":"send_rate","rate":296000,"ts":1760557540.0446444}
2025/10/15 19:45:41 POLARIS_LOG {"event":"send_rate","rate":304000,"ts":1760557541.0453768}
2025/10/15 19:45:42 POLARIS_LOG {"event":"send_rate","rate":296000,"ts":1760557542.0433083}
2025/10/15 19:45:43 POLARIS_LOG {"event":"send_rate","rate":304000,"ts":1760557543.0438662}
2025/10/15 19:45:44 POLARIS_LOG {"event":"send_rate","rate":296000,"ts":1760557544.043928}
2025/10/15 19:45:45 POLARIS_LOG {"event":"send_rate","rate":304000,"ts":1760557545.0431948}
2025/10/15 19:45:46 POLARIS_LOG {"event":"send_rate","rate":296000,"ts":1760557546.0473118}
2025/10/15 19:45:47 POLARIS_LOG {"event":"send_rate","rate":304000,"ts":1760557547.043423}
2025/10/15 19:45:48 POLARIS_LOG {"event":"send_rate","rate":296000,"ts":1760557548.0440586}
2025/10/15 19:45:49 POLARIS_LOG {"event":"send_rate","rate":304000,"ts":1760557549.0436535}
We need to sleep for 1 seconds before we can get the results
2025/10/15 19:45:50 POLARIS_LOG {"candidates":2,"candidates_unfiltered":2,"current_rate":8000,"estimated_share":500000,"event":"path_switch","max_estimated_share":500000,"new":"6 6","old":"5 5 1 1","trigger":"scheduled","ts":1760557550.0475051}
2025/10/15 19:45:50 POLARIS_LOG {"event":"send_rate","rate":8000,"ts":1760557550.0433836}
Drain Loop received packet
Drain Loop received non-nil payload
Client sent 10462 packets, server reported 10441 packets received
The network loss rate from client to server is 0.2%

S->C results
Attempted bandwidth: 0 bps / 0.00 Mbps
Achieved bandwidth: 0 bps / 0.00 Mbps
Loss rate: 0.0%
Interarrival time min/avg/max/mdev = -0.000/0.000/0.000/0.000 ms

C->S results
Attempted bandwidth: 299985 bps / 0.30 Mbps
Achieved bandwidth: 299383 bps / 0.30 Mbps
Loss rate: 0.2%
Interarrival time min/avg/max/mdev = 0.002/26.707/401.992/19.372 ms
