
Test parameters:
client->server: 291 seconds, 1000 bytes, 10912 packets
server->client: 291 seconds, 1000 bytes, 0 packets
Polaris prober initialized with 14 paths
2025/10/15 19:40:57 POLARIS_LOG {"current_rate":0,"event":"path_switch","new":"7 7","trigger":"initialization","ts":1760557257.9927514}
Polaris prober initialized with local 1-114,10.114.0.71:32761 and remote 1-112,10.112.0.71
2025/10/15 19:40:58 POLARIS_LOG {"event":"send_rate","rate":304000,"ts":1760557258.993637}
2025/10/15 19:40:59 POLARIS_LOG {"event":"send_rate","rate":296000,"ts":1760557259.994135}
2025/10/15 19:41:00 POLARIS_LOG {"event":"send_rate","rate":304000,"ts":1760557260.9935286}
2025/10/15 19:41:01 POLARIS_LOG {"event":"send_rate","rate":296000,"ts":1760557261.9942756}
2025/10/15 19:41:02 POLARIS_LOG {"event":"send_rate","rate":304000,"ts":1760557262.9940128}
2025/10/15 19:41:03 POLARIS_LOG {"event":"send_rate","rate":296000,"ts":1760557263.9938602}
2025/10/15 19:41:04 POLARIS_LOG {"event":"send_rate","rate":304000,"ts":1760557264.9942782}
2025/10/15 19:41:05 POLARIS_LOG {"event":"send_rate","rate":296000,"ts":1760557265.9935017}
2025/10/15 19:41:06 POLARIS_LOG {"event":"send_rate","rate":304000,"ts":1760557266.9941225}
2025/10/15 19:41:07 POLARIS_LOG {"event":"send_rate","rate":296000,"ts":1760557267.994336}
2025/10/15 19:41:08 POLARIS_LOG {"event":"send_rate","rate":304000,"ts":1760557268.9943259}
2025/10/15 19:41:09 POLARIS_LOG {"event":"send_rate","rate":296000,"ts":1760557269.9942834}
2025/10/15 19:41:10 POLARIS_LOG {"event":"send_rate","rate":304000,"ts":1760557270.9942024}
2025/10/15 19:41:11 POLARIS_LOG {"event":"send_rate","rate":296000,"ts":1760557271.9941363}
2025/10/15 19:41:12 POLARIS_LOG {"event":"send_rate","rate":304000,"ts":1760557272.9938333}
2025/10/15 19:41:13 POLARIS_LOG {"event":"send_rate","rate":296000,"ts":1760557273.9942102}
2025/10/15 19:41:14 POLARIS_LOG {"event":"send_rate","rate":304000,"ts":1760557274.9940524}
2025/10/15 19:41:15 POLARIS_LOG {"event":"send_rate","rate":296000,"ts":1760557275.9937882}
2025/10/15 19:41:16 POLARIS_LOG {"event":"send_rate","rate":304000,"ts":1760557276.9937031}
2025/10/15 19:41:17 POLARIS_LOG {"event":"send_rate","rate":296000,"ts":1760557277.9936917}
2025/10/15 19:41:18 POLARIS_LOG {"event":"send_rate","rate":304000,"ts":1760557278.9942052}
2025/10/15 19:41:19 POLARIS_LOG {"event":"send_rate","rate":296000,"ts":1760557279.994379}
2025/10/15 19:41:20 POLARIS_LOG {"event":"send_rate","rate":304000,"ts":1760557280.9936182}
2025/10/15 19:41:21 POLARIS_LOG {"event":"send_rate","rate":296000,"ts":1760557281.9935231}
2025/10/15 19:41:22 POLARIS_LOG {"event":"send_rate","rate":304000,"ts":1760557282.9938104}
2025/10/15 19:41:23 POLARIS_LOG {"event":"send_rate","rate":296000,"ts":1760557283.9941678}
2025/10/15 19:41:24 POLARIS_LOG {"event":"send_rate","rate":304000,"ts":1760557284.9936793}
2025/10/15 19:41:25 POLARIS_LOG {"event":"send_rate","rate":296000,"ts":1760557285.9935129}
2025/10/15 19:41:26 POLARIS_LOG {"event":"send_rate","rate":304000,"ts":1760557286.9943175}
2025/10/15 19:41:27 POLARIS_LOG {"event":"send_rate","rate":296000,"ts":1760557287.9942155}
2025/10/15 19:41:28 POLARIS_LOG {"event":"send_rate","rate":304000,"ts":1760557288.993938}
2025/10/15 19:41:29 POLARIS_LOG {"event":"send_rate","rate":296000,"ts":1760557289.9944975}
2025/10/15 19:41:30 POLARIS_LOG {"event":"send_rate","rate":304000,"ts":1760557290.9935286}
2025/10/15 19:41:31 POLARIS_LOG {"event":"send_rate","rate":296000,"ts":1760557291.9942222}
2025/10/15 19:41:32 POLARIS_LOG {"event":"send_rate","rate":304000,"ts":1760557292.9937363}
2025/10/15 19:41:33 POLARIS_LOG {"event":"send_rate","rate":296000,"ts":1760557293.9939158}
2025/10/15 19:41:34 POLARIS_LOG {"event":"send_rate","rate":304000,"ts":1760557294.9936342}
2025/10/15 19:41:35 POLARIS_LOG {"event":"send_rate","rate":296000,"ts":1760557295.9944663}
2025/10/15 19:41:36 POLARIS_LOG {"event":"send_rate","rate":304000,"ts":1760557296.9942713}
2025/10/15 19:41:37 POLARIS_LOG {"event":"send_rate","rate":296000,"ts":1760557297.9938977}
2025/10/15 19:41:38 POLARIS_LOG {"event":"send_rate","rate":304000,"ts":1760557298.9938948}
2025/10/15 19:41:39 POLARIS_LOG {"event":"send_rate","rate":296000,"ts":1760557299.9939337}
2025/10/15 19:41:40 POLARIS_LOG {"event":"send_rate","rate":304000,"ts":1760557300.993672}
2025/10/15 19:41:41 POLARIS_LOG {"event":"send_rate","rate":296000,"ts":1760557301.9943643}
2025/10/15 19:41:42 POLARIS_LOG {"event":"send_rate","rate":208000,"ts":1760557302.9945168}
2025/10/15 19:41:43 POLARIS_LOG {"event":"send_rate","rate":168000,"ts":1760557303.9939327}
2025/10/15 19:41:44 POLARIS_LOG {"event":"send_rate","rate":112000,"ts":1760557304.9940157}
2025/10/15 19:41:45 POLARIS_LOG {"event":"send_rate","rate":104000,"ts":1760557305.994074}
2025/10/15 19:41:46 POLARIS_LOG {"event":"send_rate","rate":136000,"ts":1760557306.9940228}
2025/10/15 19:41:47 POLARIS_LOG {"event":"send_rate","rate":112000,"ts":1760557307.994432}
2025/10/15 19:41:47 POLARIS_LOG {"candidates":9,"candidates_unfiltered":9,"current_rate":112000,"estimated_share":500000,"event":"path_switch","max_estimated_share":666500,"new":"4 4 3 3","old":"7 7","trigger":"scheduled","ts":1760557307.9944618}
2025/10/15 19:41:48 POLARIS_LOG {"event":"send_rate","rate":1264000,"ts":1760557308.9941025}
2025/10/15 19:41:49 POLARIS_LOG {"event":"send_rate","rate":296000,"ts":1760557309.9939306}
2025/10/15 19:41:50 POLARIS_LOG {"event":"send_rate","rate":304000,"ts":1760557310.9938273}
2025/10/15 19:41:51 POLARIS_LOG {"event":"send_rate","rate":296000,"ts":1760557311.994366}
2025/10/15 19:41:52 POLARIS_LOG {"event":"send_rate","rate":304000,"ts":1760557312.993505}
2025/10/15 19:41:53 POLARIS_LOG {"event":"send_rate","rate":296000,"ts":1760557313.9938433}
2025/10/15 19:41:54 POLARIS_LOG {"event":"send_rate","rate":304000,"ts":1760557314.9938047}
2025/10/15 19:41:55 POLARIS_LOG {"event":"send_rate","rate":296000,"ts":1760557315.9944837}
2025/10/15 19:41:56 POLARIS_LOG {"event":"send_rate","rate":304000,"ts":1760557316.9942517}
2025/10/15 19:41:57 POLARIS_LOG {"event":"send_rate","rate":296000,"ts":1760557317.993624}
2025/10/15 19:41:58 POLARIS_LOG {"event":"send_rate","rate":304000,"ts":1760557318.994287}
2025/10/15 19:41:59 POLARIS_LOG {"event":"send_rate","rate":296000,"ts":1760557319.9936144}
2025/10/15 19:42:00 POLARIS_LOG {"event":"send_rate","rate":296000,"ts":1760557320.9936574}
2025/10/15 19:42:01 POLARIS_LOG {"event":"send_rate","rate":304000,"ts":1760557321.9937189}
2025/10/15 19:42:02 POLARIS_LOG {"event":"send_rate","rate":304000,"ts":1760557322.9945002}
2025/10/15 19:42:03 POLARIS_LOG {"event":"send_rate","rate":296000,"ts":1760557323.9942508}
2025/10/15 19:42:04 POLARIS_LOG {"event":"send_rate","rate":304000,"ts":1760557324.9944975}
2025/10/15 19:42:05 POLARIS_LOG {"event":"send_rate","rate":296000,"ts":1760557325.9938512}
2025/10/15 19:42:06 POLARIS_LOG {"event":"send_rate","rate":296000,"ts":1760557326.9943106}
2025/10/15 19:42:07 POLARIS_LOG {"event":"send_rate","rate":304000,"ts":1760557327.9938655}
2025/10/15 19:42:08 POLARIS_LOG {"event":"send_rate","rate":296000,"ts":1760557328.9939883}
2025/10/15 19:42:09 POLARIS_LOG {"event":"send_rate","rate":304000,"ts":1760557329.9944758}
2025/10/15 19:42:10 POLARIS_LOG {"event":"send_rate","rate":296000,"ts":1760557330.9939463}
2025/10/15 19:42:11 POLARIS_LOG {"event":"send_rate","rate":304000,"ts":1760557331.9960299}
2025/10/15 19:42:12 POLARIS_LOG {"event":"send_rate","rate":296000,"ts":1760557332.993516}
2025/10/15 19:42:13 POLARIS_LOG {"event":"send_rate","rate":304000,"ts":1760557333.994138}
2025/10/15 19:42:14 POLARIS_LOG {"event":"send_rate","rate":296000,"ts":1760557334.993802}
2025/10/15 19:42:15 POLARIS_LOG {"event":"send_rate","rate":304000,"ts":1760557335.994366}
2025/10/15 19:42:16 POLARIS_LOG {"event":"send_rate","rate":296000,"ts":1760557336.9935086}
2025/10/15 19:42:17 POLARIS_LOG {"event":"send_rate","rate":304000,"ts":1760557337.9937663}
2025/10/15 19:42:18 POLARIS_LOG {"event":"send_rate","rate":296000,"ts":1760557338.9943726}
2025/10/15 19:42:19 POLARIS_LOG {"event":"send_rate","rate":304000,"ts":1760557339.9936714}
2025/10/15 19:42:20 POLARIS_LOG {"event":"send_rate","rate":296000,"ts":1760557340.9943485}
2025/10/15 19:42:21 POLARIS_LOG {"event":"send_rate","rate":304000,"ts":1760557341.9939344}
2025/10/15 19:42:22 POLARIS_LOG {"event":"send_rate","rate":296000,"ts":1760557342.9938812}
2025/10/15 19:42:23 POLARIS_LOG {"event":"send_rate","rate":304000,"ts":1760557343.9937456}
2025/10/15 19:42:24 POLARIS_LOG {"event":"send_rate","rate":296000,"ts":1760557344.994401}
2025/10/15 19:42:25 POLARIS_LOG {"event":"send_rate","rate":304000,"ts":1760557345.9943826}
2025/10/15 19:42:26 POLARIS_LOG {"event":"send_rate","rate":296000,"ts":1760557346.9945319}
2025/10/15 19:42:27 POLARIS_LOG {"event":"send_rate","rate":304000,"ts":1760557347.9936845}
2025/10/15 19:42:28 POLARIS_LOG {"event":"send_rate","rate":296000,"ts":1760557348.9935923}
2025/10/15 19:42:29 POLARIS_LOG {"event":"send_rate","rate":304000,"ts":1760557349.9935255}
2025/10/15 19:42:30 POLARIS_LOG {"event":"send_rate","rate":296000,"ts":1760557350.993783}
2025/10/15 19:42:31 POLARIS_LOG {"event":"send_rate","rate":304000,"ts":1760557351.9940634}
2025/10/15 19:42:32 POLARIS_LOG {"event":"send_rate","rate":296000,"ts":1760557352.9939427}
2025/10/15 19:42:33 POLARIS_LOG {"event":"send_rate","rate":304000,"ts":1760557353.9942298}
2025/10/15 19:42:34 POLARIS_LOG {"event":"send_rate","rate":296000,"ts":1760557354.993661}
2025/10/15 19:42:35 POLARIS_LOG {"event":"send_rate","rate":304000,"ts":1760557355.9940205}
2025/10/15 19:42:36 POLARIS_LOG {"event":"send_rate","rate":296000,"ts":1760557356.9942102}
2025/10/15 19:42:37 POLARIS_LOG {"event":"send_rate","rate":304000,"ts":1760557357.9943533}
2025/10/15 19:42:38 POLARIS_LOG {"event":"send_rate","rate":296000,"ts":1760557358.994272}
2025/10/15 19:42:39 POLARIS_LOG {"event":"send_rate","rate":304000,"ts":1760557359.9943976}
2025/10/15 19:42:40 POLARIS_LOG {"event":"send_rate","rate":296000,"ts":1760557360.9944348}
2025/10/15 19:42:41 POLARIS_LOG {"event":"send_rate","rate":304000,"ts":1760557361.9945178}
2025/10/15 19:42:42 POLARIS_LOG {"event":"send_rate","rate":296000,"ts":1760557362.9943135}
2025/10/15 19:42:43 POLARIS_LOG {"event":"send_rate","rate":304000,"ts":1760557363.9943419}
2025/10/15 19:42:44 POLARIS_LOG {"event":"send_rate","rate":296000,"ts":1760557364.993955}
2025/10/15 19:42:45 POLARIS_LOG {"event":"send_rate","rate":304000,"ts":1760557365.9942617}
2025/10/15 19:42:46 POLARIS_LOG {"event":"send_rate","rate":296000,"ts":1760557366.9942548}
2025/10/15 19:42:47 POLARIS_LOG {"event":"send_rate","rate":304000,"ts":1760557367.9940848}
2025/10/15 19:42:48 POLARIS_LOG {"event":"send_rate","rate":296000,"ts":1760557368.9944942}
2025/10/15 19:42:49 POLARIS_LOG {"event":"send_rate","rate":304000,"ts":1760557369.9943678}
2025/10/15 19:42:50 POLARIS_LOG {"event":"send_rate","rate":296000,"ts":1760557370.9937305}
2025/10/15 19:42:51 POLARIS_LOG {"event":"send_rate","rate":304000,"ts":1760557371.9939246}
2025/10/15 19:42:52 POLARIS_LOG {"event":"send_rate","rate":296000,"ts":1760557372.9941125}
2025/10/15 19:42:53 POLARIS_LOG {"event":"send_rate","rate":304000,"ts":1760557373.9943893}
2025/10/15 19:42:54 POLARIS_LOG {"event":"send_rate","rate":296000,"ts":1760557374.9944198}
2025/10/15 19:42:55 POLARIS_LOG {"event":"send_rate","rate":304000,"ts":1760557375.99382}
2025/10/15 19:42:56 POLARIS_LOG {"event":"send_rate","rate":296000,"ts":1760557376.9940343}
2025/10/15 19:42:57 POLARIS_LOG {"event":"send_rate","rate":304000,"ts":1760557377.9941912}
2025/10/15 19:42:58 POLARIS_LOG {"event":"send_rate","rate":296000,"ts":1760557378.9939816}
2025/10/15 19:42:59 POLARIS_LOG {"event":"send_rate","rate":304000,"ts":1760557379.994386}
2025/10/15 19:43:00 POLARIS_LOG {"event":"send_rate","rate":296000,"ts":1760557380.9958487}
2025/10/15 19:43:01 POLARIS_LOG {"event":"send_rate","rate":304000,"ts":1760557381.9944425}
2025/10/15 19:43:02 POLARIS_LOG {"event":"send_rate","rate":296000,"ts":1760557382.9935062}
2025/10/15 19:43:03 POLARIS_LOG {"event":"send_rate","rate":304000,"ts":1760557383.9944584}
2025/10/15 19:43:04 POLARIS_LOG {"event":"send_rate","rate":296000,"ts":1760557384.9942033}
2025/10/15 19:43:05 POLARIS_LOG {"event":"send_rate","rate":304000,"ts":1760557385.994314}
2025/10/15 19:43:06 POLARIS_LOG {"event":"send_rate","rate":296000,"ts":1760557386.9942694}
2025/10/15 19:43:07 POLARIS_LOG {"event":"send_rate","rate":304000,"ts":1760557387.9944503}
2025/10/15 19:43:08 POLARIS_LOG {"event":"send_rate","rate":296000,"ts":1760557388.9940207}
2025/10/15 19:43:09 POLARIS_LOG {"event":"send_rate","rate":304000,"ts":1760557389.9943967}
2025/10/15 19:43:10 POLARIS_LOG {"event":"send_rate","rate":296000,"ts":1760557390.9935284}
2025/10/15 19:43:11 POLARIS_LOG {"event":"send_rate","rate":304000,"ts":1760557391.9943044}
2025/10/15 19:43:12 POLARIS_LOG {"event":"send_rate","rate":296000,"ts":1760557392.993917}
2025/10/15 19:43:13 POLARIS_LOG {"event":"send_rate","rate":304000,"ts":1760557393.994169}
2025/10/15 19:43:14 POLARIS_LOG {"event":"send_rate","rate":296000,"ts":1760557394.993682}
2025/10/15 19:43:15 POLARIS_LOG {"event":"send_rate","rate":304000,"ts":1760557395.993837}
2025/10/15 19:43:16 POLARIS_LOG {"event":"send_rate","rate":296000,"ts":1760557396.9936497}
2025/10/15 19:43:17 POLARIS_LOG {"event":"send_rate","rate":304000,"ts":1760557397.9968622}
2025/10/15 19:43:18 POLARIS_LOG {"event":"send_rate","rate":296000,"ts":1760557398.993815}
2025/10/15 19:43:19 POLARIS_LOG {"event":"send_rate","rate":304000,"ts":1760557399.994108}
2025/10/15 19:43:20 POLARIS_LOG {"event":"send_rate","rate":296000,"ts":1760557400.9937763}
2025/10/15 19:43:21 POLARIS_LOG {"event":"send_rate","rate":304000,"ts":1760557401.9939876}
2025/10/15 19:43:22 POLARIS_LOG {"event":"send_rate","rate":296000,"ts":1760557402.9939947}
2025/10/15 19:43:23 POLARIS_LOG {"event":"send_rate","rate":304000,"ts":1760557403.994375}
2025/10/15 19:43:24 POLARIS_LOG {"event":"send_rate","rate":296000,"ts":1760557404.9941165}
2025/10/15 19:43:25 POLARIS_LOG {"event":"send_rate","rate":304000,"ts":1760557405.9937735}
2025/10/15 19:43:26 POLARIS_LOG {"event":"send_rate","rate":296000,"ts":1760557406.994192}
2025/10/15 19:43:27 POLARIS_LOG {"event":"send_rate","rate":304000,"ts":1760557407.99396}
2025/10/15 19:43:28 POLARIS_LOG {"event":"send_rate","rate":296000,"ts":1760557408.9936438}
2025/10/15 19:43:29 POLARIS_LOG {"event":"send_rate","rate":304000,"ts":1760557409.9936652}
2025/10/15 19:43:30 POLARIS_LOG {"event":"send_rate","rate":296000,"ts":1760557410.9941223}
2025/10/15 19:43:31 POLARIS_LOG {"event":"send_rate","rate":304000,"ts":1760557411.994364}
2025/10/15 19:43:32 POLARIS_LOG {"event":"send_rate","rate":296000,"ts":1760557412.9937987}
2025/10/15 19:43:33 POLARIS_LOG {"event":"send_rate","rate":304000,"ts":1760557413.993768}
2025/10/15 19:43:34 POLARIS_LOG {"event":"send_rate","rate":296000,"ts":1760557414.9944835}
2025/10/15 19:43:35 POLARIS_LOG {"event":"send_rate","rate":296000,"ts":1760557415.9935086}
2025/10/15 19:43:36 POLARIS_LOG {"event":"send_rate","rate":304000,"ts":1760557416.9938867}
2025/10/15 19:43:37 POLARIS_LOG {"event":"send_rate","rate":304000,"ts":1760557417.9939969}
2025/10/15 19:43:38 POLARIS_LOG {"event":"send_rate","rate":296000,"ts":1760557418.9945009}
2025/10/15 19:43:39 POLARIS_LOG {"event":"send_rate","rate":304000,"ts":1760557419.9935927}
2025/10/15 19:43:40 POLARIS_LOG {"event":"send_rate","rate":296000,"ts":1760557420.9943898}
2025/10/15 19:43:41 POLARIS_LOG {"event":"send_rate","rate":304000,"ts":1760557421.9940128}
2025/10/15 19:43:42 POLARIS_LOG {"event":"send_rate","rate":296000,"ts":1760557422.9941041}
2025/10/15 19:43:43 POLARIS_LOG {"event":"send_rate","rate":304000,"ts":1760557423.9941359}
2025/10/15 19:43:44 POLARIS_LOG {"event":"send_rate","rate":296000,"ts":1760557424.9944255}
2025/10/15 19:43:45 POLARIS_LOG {"event":"send_rate","rate":296000,"ts":1760557425.9939792}
2025/10/15 19:43:46 POLARIS_LOG {"event":"send_rate","rate":304000,"ts":1760557426.9939616}
2025/10/15 19:43:47 POLARIS_LOG {"event":"send_rate","rate":296000,"ts":1760557427.9942272}
2025/10/15 19:43:48 POLARIS_LOG {"event":"send_rate","rate":304000,"ts":1760557428.994428}
2025/10/15 19:43:49 POLARIS_LOG {"event":"send_rate","rate":296000,"ts":1760557429.994101}
2025/10/15 19:43:50 POLARIS_LOG {"event":"send_rate","rate":304000,"ts":1760557430.994005}
2025/10/15 19:43:51 POLARIS_LOG {"event":"send_rate","rate":296000,"ts":1760557431.9940026}
2025/10/15 19:43:52 POLARIS_LOG {"event":"send_rate","rate":304000,"ts":1760557432.9941947}
2025/10/15 19:43:53 POLARIS_LOG {"event":"send_rate","rate":296000,"ts":1760557433.994269}
2025/10/15 19:43:54 POLARIS_LOG {"event":"send_rate","rate":304000,"ts":1760557434.9937246}
2025/10/15 19:43:55 POLARIS_LOG {"event":"send_rate","rate":296000,"ts":1760557435.9936116}
2025/10/15 19:43:56 POLARIS_LOG {"event":"send_rate","rate":304000,"ts":1760557436.9938333}
2025/10/15 19:43:57 POLARIS_LOG {"event":"send_rate","rate":296000,"ts":1760557437.9940164}
2025/10/15 19:43:58 POLARIS_LOG {"event":"send_rate","rate":304000,"ts":1760557438.9950104}
2025/10/15 19:43:59 POLARIS_LOG {"event":"send_rate","rate":296000,"ts":1760557439.9938035}
2025/10/15 19:44:00 POLARIS_LOG {"event":"send_rate","rate":304000,"ts":1760557440.9937716}
2025/10/15 19:44:01 POLARIS_LOG {"event":"send_rate","rate":296000,"ts":1760557441.994167}
2025/10/15 19:44:02 POLARIS_LOG {"event":"send_rate","rate":304000,"ts":1760557442.994258}
2025/10/15 19:44:03 POLARIS_LOG {"event":"send_rate","rate":296000,"ts":1760557443.993578}
2025/10/15 19:44:04 POLARIS_LOG {"event":"send_rate","rate":304000,"ts":1760557444.9937348}
2025/10/15 19:44:05 POLARIS_LOG {"event":"send_rate","rate":296000,"ts":1760557445.9936647}
2025/10/15 19:44:06 POLARIS_LOG {"event":"send_rate","rate":304000,"ts":1760557446.9942672}
2025/10/15 19:44:07 POLARIS_LOG {"event":"send_rate","rate":296000,"ts":1760557447.994229}
2025/10/15 19:44:08 POLARIS_LOG {"event":"send_rate","rate":304000,"ts":1760557448.9939344}
2025/10/15 19:44:09 POLARIS_LOG {"event":"send_rate","rate":296000,"ts":1760557449.993859}
2025/10/15 19:44:10 POLARIS_LOG {"event":"send_rate","rate":304000,"ts":1760557450.994215}
2025/10/15 19:44:11 POLARIS_LOG {"event":"send_rate","rate":296000,"ts":1760557451.9942768}
2025/10/15 19:44:12 POLARIS_LOG {"event":"send_rate","rate":304000,"ts":1760557452.9941237}
2025/10/15 19:44:13 POLARIS_LOG {"event":"send_rate","rate":296000,"ts":1760557453.993641}
2025/10/15 19:44:14 POLARIS_LOG {"event":"send_rate","rate":304000,"ts":1760557454.9934888}
2025/10/15 19:44:15 POLARIS_LOG {"event":"send_rate","rate":296000,"ts":1760557455.993811}
2025/10/15 19:44:16 POLARIS_LOG {"event":"send_rate","rate":304000,"ts":1760557456.9938004}
2025/10/15 19:44:17 POLARIS_LOG {"event":"send_rate","rate":296000,"ts":1760557457.9945045}
2025/10/15 19:44:18 POLARIS_LOG {"event":"send_rate","rate":304000,"ts":1760557458.9942746}
2025/10/15 19:44:19 POLARIS_LOG {"event":"send_rate","rate":296000,"ts":1760557459.9935162}
2025/10/15 19:44:20 POLARIS_LOG {"event":"send_rate","rate":304000,"ts":1760557460.993947}
2025/10/15 19:44:21 POLARIS_LOG {"event":"send_rate","rate":296000,"ts":1760557461.9957814}
2025/10/15 19:44:22 POLARIS_LOG {"event":"send_rate","rate":304000,"ts":1760557462.993519}
2025/10/15 19:44:23 POLARIS_LOG {"event":"send_rate","rate":296000,"ts":1760557463.9947517}
2025/10/15 19:44:24 POLARIS_LOG {"event":"send_rate","rate":304000,"ts":1760557464.9943285}
2025/10/15 19:44:25 POLARIS_LOG {"event":"send_rate","rate":296000,"ts":1760557465.9940996}
2025/10/15 19:44:26 POLARIS_LOG {"event":"send_rate","rate":304000,"ts":1760557466.9935107}
2025/10/15 19:44:27 POLARIS_LOG {"event":"send_rate","rate":296000,"ts":1760557467.9937818}
2025/10/15 19:44:28 POLARIS_LOG {"event":"send_rate","rate":304000,"ts":1760557468.9944851}
2025/10/15 19:44:29 POLARIS_LOG {"event":"send_rate","rate":296000,"ts":1760557469.9944894}
2025/10/15 19:44:30 POLARIS_LOG {"event":"send_rate","rate":304000,"ts":1760557470.9936714}
2025/10/15 19:44:31 POLARIS_LOG {"event":"send_rate","rate":296000,"ts":1760557471.993997}
2025/10/15 19:44:32 POLARIS_LOG {"event":"send_rate","rate":304000,"ts":1760557472.9935095}
2025/10/15 19:44:33 POLARIS_LOG {"event":"send_rate","rate":296000,"ts":1760557473.993494}
2025/10/15 19:44:34 POLARIS_LOG {"event":"send_rate","rate":304000,"ts":1760557474.9941342}
2025/10/15 19:44:35 POLARIS_LOG {"event":"send_rate","rate":296000,"ts":1760557475.9943428}
2025/10/15 19:44:36 POLARIS_LOG {"event":"send_rate","rate":304000,"ts":1760557476.9943936}
2025/10/15 19:44:37 POLARIS_LOG {"event":"send_rate","rate":296000,"ts":1760557477.999246}
2025/10/15 19:44:38 POLARIS_LOG {"event":"send_rate","rate":304000,"ts":1760557478.993904}
2025/10/15 19:44:39 POLARIS_LOG {"event":"send_rate","rate":296000,"ts":1760557479.9944408}
2025/10/15 19:44:40 POLARIS_LOG {"event":"send_rate","rate":304000,"ts":1760557480.9943135}
2025/10/15 19:44:41 POLARIS_LOG {"event":"send_rate","rate":296000,"ts":1760557481.99387}
2025/10/15 19:44:42 POLARIS_LOG {"event":"send_rate","rate":304000,"ts":1760557482.9944453}
2025/10/15 19:44:43 POLARIS_LOG {"event":"send_rate","rate":296000,"ts":1760557483.993515}
2025/10/15 19:44:44 POLARIS_LOG {"event":"send_rate","rate":304000,"ts":1760557484.9938312}
2025/10/15 19:44:45 POLARIS_LOG {"event":"send_rate","rate":296000,"ts":1760557485.994182}
2025/10/15 19:44:46 POLARIS_LOG {"event":"send_rate","rate":304000,"ts":1760557486.9935665}
2025/10/15 19:44:47 POLARIS_LOG {"event":"send_rate","rate":296000,"ts":1760557487.9939666}
2025/10/15 19:44:48 POLARIS_LOG {"event":"send_rate","rate":304000,"ts":1760557488.9945176}
2025/10/15 19:44:49 POLARIS_LOG {"event":"send_rate","rate":296000,"ts":1760557489.9943807}
2025/10/15 19:44:50 POLARIS_LOG {"event":"send_rate","rate":304000,"ts":1760557490.9942033}
2025/10/15 19:44:51 POLARIS_LOG {"event":"send_rate","rate":296000,"ts":1760557491.994188}
2025/10/15 19:44:52 POLARIS_LOG {"event":"send_rate","rate":304000,"ts":1760557492.993986}
2025/10/15 19:44:53 POLARIS_LOG {"event":"send_rate","rate":296000,"ts":1760557493.9934986}
2025/10/15 19:44:54 POLARIS_LOG {"event":"send_rate","rate":304000,"ts":1760557494.9939826}
2025/10/15 19:44:55 POLARIS_LOG {"event":"send_rate","rate":296000,"ts":1760557495.9944143}
2025/10/15 19:44:56 POLARIS_LOG {"event":"send_rate","rate":304000,"ts":1760557496.993991}
2025/10/15 19:44:57 POLARIS_LOG {"event":"send_rate","rate":296000,"ts":1760557497.994243}
2025/10/15 19:44:58 POLARIS_LOG {"event":"send_rate","rate":304000,"ts":1760557498.9944663}
2025/10/15 19:44:59 POLARIS_LOG {"event":"send_rate","rate":296000,"ts":1760557499.9937022}
2025/10/15 19:45:00 POLARIS_LOG {"event":"send_rate","rate":304000,"ts":1760557500.9944026}
2025/10/15 19:45:01 POLARIS_LOG {"event":"send_rate","rate":296000,"ts":1760557501.993661}
2025/10/15 19:45:02 POLARIS_LOG {"event":"send_rate","rate":304000,"ts":1760557502.994383}
2025/10/15 19:45:03 POLARIS_LOG {"event":"send_rate","rate":296000,"ts":1760557503.9944396}
2025/10/15 19:45:04 POLARIS_LOG {"event":"send_rate","rate":304000,"ts":1760557504.9935539}
2025/10/15 19:45:05 POLARIS_LOG {"event":"send_rate","rate":296000,"ts":1760557505.9942665}
2025/10/15 19:45:06 POLARIS_LOG {"event":"send_rate","rate":304000,"ts":1760557506.9941506}
2025/10/15 19:45:07 POLARIS_LOG {"event":"send_rate","rate":296000,"ts":1760557507.9941003}
2025/10/15 19:45:08 POLARIS_LOG {"event":"send_rate","rate":304000,"ts":1760557508.9994113}
2025/10/15 19:45:09 POLARIS_LOG {"event":"send_rate","rate":296000,"ts":1760557509.9955301}
2025/10/15 19:45:10 POLARIS_LOG {"event":"send_rate","rate":304000,"ts":1760557510.9938638}
2025/10/15 19:45:11 POLARIS_LOG {"event":"send_rate","rate":296000,"ts":1760557511.994374}
2025/10/15 19:45:12 POLARIS_LOG {"event":"send_rate","rate":304000,"ts":1760557512.994134}
2025/10/15 19:45:13 POLARIS_LOG {"event":"send_rate","rate":296000,"ts":1760557513.9942396}
2025/10/15 19:45:14 POLARIS_LOG {"event":"send_rate","rate":304000,"ts":1760557514.9944863}
2025/10/15 19:45:15 POLARIS_LOG {"event":"send_rate","rate":296000,"ts":1760557515.9940813}
2025/10/15 19:45:16 POLARIS_LOG {"event":"send_rate","rate":296000,"ts":1760557516.9944117}
2025/10/15 19:45:17 POLARIS_LOG {"event":"send_rate","rate":304000,"ts":1760557517.9959166}
2025/10/15 19:45:18 POLARIS_LOG {"event":"send_rate","rate":304000,"ts":1760557518.9939032}
2025/10/15 19:45:19 POLARIS_LOG {"event":"send_rate","rate":296000,"ts":1760557519.993615}
2025/10/15 19:45:20 POLARIS_LOG {"event":"send_rate","rate":296000,"ts":1760557520.9934936}
2025/10/15 19:45:21 POLARIS_LOG {"event":"send_rate","rate":304000,"ts":1760557521.9939296}
2025/10/15 19:45:22 POLARIS_LOG {"event":"send_rate","rate":296000,"ts":1760557522.9936981}
2025/10/15 19:45:23 POLARIS_LOG {"event":"send_rate","rate":304000,"ts":1760557523.9941196}
2025/10/15 19:45:24 POLARIS_LOG {"event":"send_rate","rate":296000,"ts":1760557524.994031}
2025/10/15 19:45:25 POLARIS_LOG {"event":"send_rate","rate":304000,"ts":1760557525.994203}
2025/10/15 19:45:26 POLARIS_LOG {"event":"send_rate","rate":296000,"ts":1760557526.9939792}
2025/10/15 19:45:27 POLARIS_LOG {"event":"send_rate","rate":304000,"ts":1760557527.9939122}
2025/10/15 19:45:28 POLARIS_LOG {"event":"send_rate","rate":296000,"ts":1760557528.994431}
2025/10/15 19:45:29 POLARIS_LOG {"event":"send_rate","rate":304000,"ts":1760557529.9943168}
2025/10/15 19:45:30 POLARIS_LOG {"event":"send_rate","rate":296000,"ts":1760557530.9939768}
2025/10/15 19:45:31 POLARIS_LOG {"event":"send_rate","rate":304000,"ts":1760557531.9935079}
2025/10/15 19:45:32 POLARIS_LOG {"event":"send_rate","rate":296000,"ts":1760557532.994042}
2025/10/15 19:45:33 POLARIS_LOG {"event":"send_rate","rate":304000,"ts":1760557533.9937317}
2025/10/15 19:45:34 POLARIS_LOG {"event":"send_rate","rate":296000,"ts":1760557534.9935338}
2025/10/15 19:45:35 POLARIS_LOG {"event":"send_rate","rate":304000,"ts":1760557535.993938}
2025/10/15 19:45:36 POLARIS_LOG {"event":"send_rate","rate":296000,"ts":1760557536.9937248}
2025/10/15 19:45:37 POLARIS_LOG {"event":"send_rate","rate":304000,"ts":1760557537.993681}
2025/10/15 19:45:38 POLARIS_LOG {"event":"send_rate","rate":296000,"ts":1760557538.9940007}
2025/10/15 19:45:39 POLARIS_LOG {"event":"send_rate","rate":304000,"ts":1760557539.9939444}
2025/10/15 19:45:40 POLARIS_LOG {"event":"send_rate","rate":296000,"ts":1760557540.9943435}
2025/10/15 19:45:41 POLARIS_LOG {"event":"send_rate","rate":304000,"ts":1760557541.9940093}
2025/10/15 19:45:42 POLARIS_LOG {"event":"send_rate","rate":296000,"ts":1760557542.9944983}
2025/10/15 19:45:43 POLARIS_LOG {"event":"send_rate","rate":304000,"ts":1760557543.994348}
2025/10/15 19:45:44 POLARIS_LOG {"event":"send_rate","rate":296000,"ts":1760557544.9936993}
2025/10/15 19:45:45 POLARIS_LOG {"event":"send_rate","rate":304000,"ts":1760557545.993566}
2025/10/15 19:45:46 POLARIS_LOG {"event":"send_rate","rate":296000,"ts":1760557546.9943671}
2025/10/15 19:45:47 POLARIS_LOG {"event":"send_rate","rate":304000,"ts":1760557547.9942617}
2025/10/15 19:45:48 POLARIS_LOG {"event":"send_rate","rate":296000,"ts":1760557548.9940128}
We need to sleep for 1 seconds before we can get the results
2025/10/15 19:45:49 POLARIS_LOG {"event":"send_rate","rate":8000,"ts":1760557549.993529}
Drain Loop received packet
Drain Loop received non-nil payload
We need to sleep for 1 seconds before we can get the results
Client sent 10912 packets, server reported 10898 packets received
The network loss rate from client to server is 0.1%

S->C results
Attempted bandwidth: 0 bps / 0.00 Mbps
Achieved bandwidth: 0 bps / 0.00 Mbps
Loss rate: 0.0%
Interarrival time min/avg/max/mdev = -0.000/0.000/0.000/0.000 ms

C->S results
Attempted bandwidth: 299986 bps / 0.30 Mbps
Achieved bandwidth: 299601 bps / 0.30 Mbps
Loss rate: 0.1%
Interarrival time min/avg/max/mdev = 0.002/26.712/438.328/20.288 ms
