
Test parameters:
client->server: 297 seconds, 1000 bytes, 11137 packets
server->client: 297 seconds, 1000 bytes, 0 packets
2025/10/15 19:40:52 POLARIS_LOG {"current_rate":0,"event":"path_switch","new":"7 7","trigger":"initialization","ts":1760557252.0551958}
Polaris prober initialized with 14 paths
Polaris prober initialized with local 1-114,10.114.0.71:32764 and remote 1-112,10.112.0.71
2025/10/15 19:40:53 POLARIS_LOG {"event":"send_rate","rate":296000,"ts":1760557253.0564504}
2025/10/15 19:40:54 POLARIS_LOG {"event":"send_rate","rate":304000,"ts":1760557254.0567422}
2025/10/15 19:40:55 POLARIS_LOG {"event":"send_rate","rate":296000,"ts":1760557255.0564458}
2025/10/15 19:40:56 POLARIS_LOG {"event":"send_rate","rate":296000,"ts":1760557256.055493}
2025/10/15 19:40:57 POLARIS_LOG {"event":"send_rate","rate":304000,"ts":1760557257.0563188}
2025/10/15 19:40:58 POLARIS_LOG {"event":"send_rate","rate":296000,"ts":1760557258.0555897}
2025/10/15 19:40:59 POLARIS_LOG {"event":"send_rate","rate":304000,"ts":1760557259.0560741}
2025/10/15 19:41:00 POLARIS_LOG {"event":"send_rate","rate":296000,"ts":1760557260.0560446}
2025/10/15 19:41:01 POLARIS_LOG {"event":"send_rate","rate":304000,"ts":1760557261.0560822}
2025/10/15 19:41:02 POLARIS_LOG {"event":"send_rate","rate":296000,"ts":1760557262.056438}
2025/10/15 19:41:03 POLARIS_LOG {"event":"send_rate","rate":304000,"ts":1760557263.055719}
2025/10/15 19:41:04 POLARIS_LOG {"event":"send_rate","rate":296000,"ts":1760557264.0564632}
2025/10/15 19:41:05 POLARIS_LOG {"event":"send_rate","rate":304000,"ts":1760557265.0561461}
2025/10/15 19:41:06 POLARIS_LOG {"event":"send_rate","rate":296000,"ts":1760557266.055888}
2025/10/15 19:41:07 POLARIS_LOG {"event":"send_rate","rate":304000,"ts":1760557267.056448}
2025/10/15 19:41:08 POLARIS_LOG {"event":"send_rate","rate":296000,"ts":1760557268.0571902}
2025/10/15 19:41:09 POLARIS_LOG {"event":"send_rate","rate":304000,"ts":1760557269.0572007}
2025/10/15 19:41:10 POLARIS_LOG {"event":"send_rate","rate":296000,"ts":1760557270.0562286}
2025/10/15 19:41:11 POLARIS_LOG {"event":"send_rate","rate":304000,"ts":1760557271.058469}
2025/10/15 19:41:12 POLARIS_LOG {"event":"send_rate","rate":296000,"ts":1760557272.0565789}
2025/10/15 19:41:13 POLARIS_LOG {"event":"send_rate","rate":304000,"ts":1760557273.0562036}
2025/10/15 19:41:14 POLARIS_LOG {"event":"send_rate","rate":296000,"ts":1760557274.0559676}
2025/10/15 19:41:15 POLARIS_LOG {"event":"send_rate","rate":304000,"ts":1760557275.0558364}
2025/10/15 19:41:16 POLARIS_LOG {"event":"send_rate","rate":296000,"ts":1760557276.056356}
2025/10/15 19:41:17 POLARIS_LOG {"event":"send_rate","rate":304000,"ts":1760557277.0578036}
2025/10/15 19:41:18 POLARIS_LOG {"event":"send_rate","rate":296000,"ts":1760557278.0560625}
2025/10/15 19:41:19 POLARIS_LOG {"event":"send_rate","rate":304000,"ts":1760557279.0564775}
2025/10/15 19:41:20 POLARIS_LOG {"event":"send_rate","rate":296000,"ts":1760557280.0567563}
2025/10/15 19:41:21 POLARIS_LOG {"event":"send_rate","rate":304000,"ts":1760557281.055698}
2025/10/15 19:41:22 POLARIS_LOG {"event":"send_rate","rate":296000,"ts":1760557282.0558605}
2025/10/15 19:41:23 POLARIS_LOG {"event":"send_rate","rate":304000,"ts":1760557283.055897}
2025/10/15 19:41:24 POLARIS_LOG {"event":"send_rate","rate":296000,"ts":1760557284.0575838}
2025/10/15 19:41:25 POLARIS_LOG {"event":"send_rate","rate":304000,"ts":1760557285.0558896}
2025/10/15 19:41:26 POLARIS_LOG {"event":"send_rate","rate":296000,"ts":1760557286.0563765}
2025/10/15 19:41:27 POLARIS_LOG {"event":"send_rate","rate":304000,"ts":1760557287.0566962}
2025/10/15 19:41:28 POLARIS_LOG {"event":"send_rate","rate":296000,"ts":1760557288.0578916}
2025/10/15 19:41:29 POLARIS_LOG {"event":"send_rate","rate":304000,"ts":1760557289.0577755}
2025/10/15 19:41:30 POLARIS_LOG {"event":"send_rate","rate":296000,"ts":1760557290.0606546}
2025/10/15 19:41:31 POLARIS_LOG {"event":"send_rate","rate":304000,"ts":1760557291.0560133}
2025/10/15 19:41:32 POLARIS_LOG {"event":"send_rate","rate":296000,"ts":1760557292.0566525}
2025/10/15 19:41:33 POLARIS_LOG {"event":"send_rate","rate":312000,"ts":1760557293.0784183}
2025/10/15 19:41:34 POLARIS_LOG {"event":"send_rate","rate":288000,"ts":1760557294.0564191}
2025/10/15 19:41:35 POLARIS_LOG {"event":"send_rate","rate":304000,"ts":1760557295.0561345}
2025/10/15 19:41:36 POLARIS_LOG {"event":"send_rate","rate":296000,"ts":1760557296.0566988}
2025/10/15 19:41:37 POLARIS_LOG {"event":"send_rate","rate":304000,"ts":1760557297.055954}
2025/10/15 19:41:38 POLARIS_LOG {"event":"send_rate","rate":296000,"ts":1760557298.0564473}
2025/10/15 19:41:39 POLARIS_LOG {"event":"send_rate","rate":304000,"ts":1760557299.083575}
2025/10/15 19:41:40 POLARIS_LOG {"event":"send_rate","rate":296000,"ts":1760557300.0562074}
2025/10/15 19:41:41 POLARIS_LOG {"event":"send_rate","rate":304000,"ts":1760557301.0594332}
2025/10/15 19:41:42 POLARIS_LOG {"event":"send_rate","rate":296000,"ts":1760557302.056279}
2025/10/15 19:41:43 POLARIS_LOG {"event":"send_rate","rate":304000,"ts":1760557303.0560436}
2025/10/15 19:41:44 POLARIS_LOG {"event":"send_rate","rate":296000,"ts":1760557304.0570388}
2025/10/15 19:41:45 POLARIS_LOG {"event":"send_rate","rate":304000,"ts":1760557305.0558867}
2025/10/15 19:41:46 POLARIS_LOG {"event":"send_rate","rate":256000,"ts":1760557306.055803}
2025/10/15 19:41:47 POLARIS_LOG {"event":"send_rate","rate":328000,"ts":1760557307.0570548}
2025/10/15 19:41:48 POLARIS_LOG {"event":"send_rate","rate":152000,"ts":1760557308.0561914}
2025/10/15 19:41:49 POLARIS_LOG {"event":"send_rate","rate":200000,"ts":1760557309.056313}
2025/10/15 19:41:50 POLARIS_LOG {"event":"send_rate","rate":280000,"ts":1760557310.055857}
2025/10/15 19:41:51 POLARIS_LOG {"event":"send_rate","rate":200000,"ts":1760557311.0608015}
2025/10/15 19:41:52 POLARIS_LOG {"candidates":5,"candidates_unfiltered":6,"current_rate":200000,"estimated_share":500000,"event":"path_switch","max_estimated_share":666500,"new":"2 4 1 4","old":"7 7","trigger":"scheduled","ts":1760557312.0556147}
2025/10/15 19:41:52 POLARIS_LOG {"event":"send_rate","rate":280000,"ts":1760557312.055903}
2025/10/15 19:41:53 POLARIS_LOG {"event":"send_rate","rate":704000,"ts":1760557313.0556257}
2025/10/15 19:41:54 POLARIS_LOG {"event":"send_rate","rate":296000,"ts":1760557314.0572417}
2025/10/15 19:41:55 POLARIS_LOG {"event":"send_rate","rate":304000,"ts":1760557315.0592802}
2025/10/15 19:41:56 POLARIS_LOG {"event":"send_rate","rate":296000,"ts":1760557316.0558372}
2025/10/15 19:41:57 POLARIS_LOG {"event":"send_rate","rate":304000,"ts":1760557317.0600708}
2025/10/15 19:41:58 POLARIS_LOG {"event":"send_rate","rate":296000,"ts":1760557318.055798}
2025/10/15 19:41:59 POLARIS_LOG {"event":"send_rate","rate":304000,"ts":1760557319.0567393}
2025/10/15 19:42:00 POLARIS_LOG {"event":"send_rate","rate":296000,"ts":1760557320.0559535}
2025/10/15 19:42:01 POLARIS_LOG {"event":"send_rate","rate":304000,"ts":1760557321.056633}
2025/10/15 19:42:02 POLARIS_LOG {"event":"send_rate","rate":296000,"ts":1760557322.05756}
2025/10/15 19:42:03 POLARIS_LOG {"event":"send_rate","rate":304000,"ts":1760557323.0561407}
2025/10/15 19:42:04 POLARIS_LOG {"event":"send_rate","rate":296000,"ts":1760557324.057507}
2025/10/15 19:42:05 POLARIS_LOG {"event":"send_rate","rate":304000,"ts":1760557325.0565422}
2025/10/15 19:42:06 POLARIS_LOG {"event":"send_rate","rate":296000,"ts":1760557326.0559726}
2025/10/15 19:42:07 POLARIS_LOG {"event":"send_rate","rate":304000,"ts":1760557327.0570624}
2025/10/15 19:42:08 POLARIS_LOG {"event":"send_rate","rate":296000,"ts":1760557328.0564477}
2025/10/15 19:42:09 POLARIS_LOG {"event":"send_rate","rate":304000,"ts":1760557329.055774}
2025/10/15 19:42:10 POLARIS_LOG {"event":"send_rate","rate":296000,"ts":1760557330.0587745}
2025/10/15 19:42:11 POLARIS_LOG {"event":"send_rate","rate":304000,"ts":1760557331.056705}
2025/10/15 19:42:12 POLARIS_LOG {"event":"send_rate","rate":296000,"ts":1760557332.0559404}
2025/10/15 19:42:13 POLARIS_LOG {"event":"send_rate","rate":304000,"ts":1760557333.0562763}
2025/10/15 19:42:14 POLARIS_LOG {"event":"send_rate","rate":296000,"ts":1760557334.0556633}
2025/10/15 19:42:15 POLARIS_LOG {"event":"send_rate","rate":304000,"ts":1760557335.057181}
2025/10/15 19:42:16 POLARIS_LOG {"event":"send_rate","rate":296000,"ts":1760557336.056451}
2025/10/15 19:42:17 POLARIS_LOG {"event":"send_rate","rate":304000,"ts":1760557337.055513}
2025/10/15 19:42:18 POLARIS_LOG {"event":"send_rate","rate":296000,"ts":1760557338.0579357}
2025/10/15 19:42:19 POLARIS_LOG {"event":"send_rate","rate":304000,"ts":1760557339.0560646}
2025/10/15 19:42:20 POLARIS_LOG {"event":"send_rate","rate":296000,"ts":1760557340.0568893}
2025/10/15 19:42:21 POLARIS_LOG {"event":"send_rate","rate":304000,"ts":1760557341.056125}
2025/10/15 19:42:22 POLARIS_LOG {"event":"send_rate","rate":296000,"ts":1760557342.0559}
2025/10/15 19:42:23 POLARIS_LOG {"event":"send_rate","rate":304000,"ts":1760557343.056495}
2025/10/15 19:42:24 POLARIS_LOG {"event":"send_rate","rate":296000,"ts":1760557344.0654943}
2025/10/15 19:42:25 POLARIS_LOG {"event":"send_rate","rate":296000,"ts":1760557345.0556314}
2025/10/15 19:42:26 POLARIS_LOG {"event":"send_rate","rate":304000,"ts":1760557346.0565374}
2025/10/15 19:42:27 POLARIS_LOG {"event":"send_rate","rate":304000,"ts":1760557347.0560613}
2025/10/15 19:42:28 POLARIS_LOG {"event":"send_rate","rate":296000,"ts":1760557348.055945}
2025/10/15 19:42:29 POLARIS_LOG {"event":"send_rate","rate":296000,"ts":1760557349.0559654}
2025/10/15 19:42:30 POLARIS_LOG {"event":"send_rate","rate":304000,"ts":1760557350.0561938}
2025/10/15 19:42:31 POLARIS_LOG {"event":"send_rate","rate":304000,"ts":1760557351.0565531}
2025/10/15 19:42:32 POLARIS_LOG {"event":"send_rate","rate":296000,"ts":1760557352.0563183}
2025/10/15 19:42:33 POLARIS_LOG {"event":"send_rate","rate":296000,"ts":1760557353.055774}
2025/10/15 19:42:34 POLARIS_LOG {"event":"send_rate","rate":304000,"ts":1760557354.0565064}
2025/10/15 19:42:35 POLARIS_LOG {"event":"send_rate","rate":296000,"ts":1760557355.0561633}
2025/10/15 19:42:36 POLARIS_LOG {"event":"send_rate","rate":304000,"ts":1760557356.0563395}
2025/10/15 19:42:37 POLARIS_LOG {"event":"send_rate","rate":296000,"ts":1760557357.0555682}
2025/10/15 19:42:38 POLARIS_LOG {"event":"send_rate","rate":304000,"ts":1760557358.0556893}
2025/10/15 19:42:39 POLARIS_LOG {"event":"send_rate","rate":296000,"ts":1760557359.0571501}
2025/10/15 19:42:40 POLARIS_LOG {"event":"send_rate","rate":304000,"ts":1760557360.0568235}
2025/10/15 19:42:41 POLARIS_LOG {"event":"send_rate","rate":304000,"ts":1760557361.059036}
2025/10/15 19:42:42 POLARIS_LOG {"event":"send_rate","rate":296000,"ts":1760557362.0577714}
2025/10/15 19:42:43 POLARIS_LOG {"event":"send_rate","rate":296000,"ts":1760557363.0559108}
2025/10/15 19:42:44 POLARIS_LOG {"event":"send_rate","rate":304000,"ts":1760557364.0562415}
2025/10/15 19:42:45 POLARIS_LOG {"event":"send_rate","rate":304000,"ts":1760557365.063283}
2025/10/15 19:42:46 POLARIS_LOG {"event":"send_rate","rate":296000,"ts":1760557366.059687}
2025/10/15 19:42:47 POLARIS_LOG {"event":"send_rate","rate":296000,"ts":1760557367.0563126}
2025/10/15 19:42:48 POLARIS_LOG {"event":"send_rate","rate":304000,"ts":1760557368.0563226}
2025/10/15 19:42:49 POLARIS_LOG {"event":"send_rate","rate":296000,"ts":1760557369.055527}
2025/10/15 19:42:50 POLARIS_LOG {"event":"send_rate","rate":304000,"ts":1760557370.056103}
2025/10/15 19:42:51 POLARIS_LOG {"event":"send_rate","rate":296000,"ts":1760557371.0567317}
2025/10/15 19:42:52 POLARIS_LOG {"event":"send_rate","rate":304000,"ts":1760557372.056065}
2025/10/15 19:42:53 POLARIS_LOG {"event":"send_rate","rate":296000,"ts":1760557373.0570352}
2025/10/15 19:42:54 POLARIS_LOG {"event":"send_rate","rate":304000,"ts":1760557374.0584338}
2025/10/15 19:42:55 POLARIS_LOG {"event":"send_rate","rate":296000,"ts":1760557375.0562284}
2025/10/15 19:42:56 POLARIS_LOG {"event":"send_rate","rate":304000,"ts":1760557376.0568879}
2025/10/15 19:42:57 POLARIS_LOG {"event":"send_rate","rate":296000,"ts":1760557377.056688}
2025/10/15 19:42:58 POLARIS_LOG {"event":"send_rate","rate":304000,"ts":1760557378.0574818}
2025/10/15 19:42:59 POLARIS_LOG {"event":"send_rate","rate":296000,"ts":1760557379.057051}
2025/10/15 19:43:00 POLARIS_LOG {"event":"send_rate","rate":304000,"ts":1760557380.057251}
2025/10/15 19:43:01 POLARIS_LOG {"event":"send_rate","rate":304000,"ts":1760557381.0663283}
2025/10/15 19:43:02 POLARIS_LOG {"event":"send_rate","rate":296000,"ts":1760557382.056552}
2025/10/15 19:43:03 POLARIS_LOG {"event":"send_rate","rate":296000,"ts":1760557383.0563166}
2025/10/15 19:43:04 POLARIS_LOG {"event":"send_rate","rate":304000,"ts":1760557384.0564628}
2025/10/15 19:43:05 POLARIS_LOG {"event":"send_rate","rate":296000,"ts":1760557385.059836}
2025/10/15 19:43:06 POLARIS_LOG {"event":"send_rate","rate":304000,"ts":1760557386.056855}
2025/10/15 19:43:07 POLARIS_LOG {"event":"send_rate","rate":296000,"ts":1760557387.0567293}
2025/10/15 19:43:08 POLARIS_LOG {"event":"send_rate","rate":304000,"ts":1760557388.0558012}
2025/10/15 19:43:09 POLARIS_LOG {"event":"send_rate","rate":296000,"ts":1760557389.0555644}
2025/10/15 19:43:10 POLARIS_LOG {"event":"send_rate","rate":304000,"ts":1760557390.055631}
2025/10/15 19:43:11 POLARIS_LOG {"event":"send_rate","rate":296000,"ts":1760557391.0571442}
2025/10/15 19:43:12 POLARIS_LOG {"event":"send_rate","rate":304000,"ts":1760557392.0561323}
2025/10/15 19:43:13 POLARIS_LOG {"event":"send_rate","rate":296000,"ts":1760557393.0563946}
2025/10/15 19:43:14 POLARIS_LOG {"event":"send_rate","rate":304000,"ts":1760557394.0563347}
2025/10/15 19:43:15 POLARIS_LOG {"event":"send_rate","rate":296000,"ts":1760557395.05649}
2025/10/15 19:43:16 POLARIS_LOG {"event":"send_rate","rate":304000,"ts":1760557396.0581985}
2025/10/15 19:43:17 POLARIS_LOG {"event":"send_rate","rate":304000,"ts":1760557397.0687852}
2025/10/15 19:43:18 POLARIS_LOG {"event":"send_rate","rate":296000,"ts":1760557398.0605624}
2025/10/15 19:43:19 POLARIS_LOG {"event":"send_rate","rate":296000,"ts":1760557399.056789}
2025/10/15 19:43:20 POLARIS_LOG {"event":"send_rate","rate":304000,"ts":1760557400.0568194}
2025/10/15 19:43:21 POLARIS_LOG {"event":"send_rate","rate":296000,"ts":1760557401.0556064}
2025/10/15 19:43:22 POLARIS_LOG {"event":"send_rate","rate":304000,"ts":1760557402.056234}
2025/10/15 19:43:23 POLARIS_LOG {"event":"send_rate","rate":296000,"ts":1760557403.0591073}
2025/10/15 19:43:24 POLARIS_LOG {"event":"send_rate","rate":304000,"ts":1760557404.0565212}
2025/10/15 19:43:25 POLARIS_LOG {"event":"send_rate","rate":296000,"ts":1760557405.0565462}
2025/10/15 19:43:26 POLARIS_LOG {"event":"send_rate","rate":304000,"ts":1760557406.0576184}
2025/10/15 19:43:27 POLARIS_LOG {"event":"send_rate","rate":296000,"ts":1760557407.0568752}
2025/10/15 19:43:28 POLARIS_LOG {"event":"send_rate","rate":304000,"ts":1760557408.0565295}
2025/10/15 19:43:29 POLARIS_LOG {"event":"send_rate","rate":296000,"ts":1760557409.0560968}
2025/10/15 19:43:30 POLARIS_LOG {"event":"send_rate","rate":304000,"ts":1760557410.056308}
2025/10/15 19:43:31 POLARIS_LOG {"event":"send_rate","rate":296000,"ts":1760557411.0594194}
2025/10/15 19:43:32 POLARIS_LOG {"event":"send_rate","rate":304000,"ts":1760557412.0559006}
2025/10/15 19:43:33 POLARIS_LOG {"event":"send_rate","rate":296000,"ts":1760557413.0587945}
2025/10/15 19:43:34 POLARIS_LOG {"event":"send_rate","rate":304000,"ts":1760557414.0562644}
2025/10/15 19:43:35 POLARIS_LOG {"event":"send_rate","rate":296000,"ts":1760557415.0593731}
2025/10/15 19:43:36 POLARIS_LOG {"event":"send_rate","rate":304000,"ts":1760557416.0557723}
2025/10/15 19:43:37 POLARIS_LOG {"event":"send_rate","rate":296000,"ts":1760557417.0564902}
2025/10/15 19:43:38 POLARIS_LOG {"event":"send_rate","rate":304000,"ts":1760557418.0586731}
2025/10/15 19:43:39 POLARIS_LOG {"event":"send_rate","rate":304000,"ts":1760557419.0794618}
2025/10/15 19:43:40 POLARIS_LOG {"event":"send_rate","rate":296000,"ts":1760557420.0578127}
2025/10/15 19:43:41 POLARIS_LOG {"event":"send_rate","rate":296000,"ts":1760557421.0565755}
2025/10/15 19:43:42 POLARIS_LOG {"event":"send_rate","rate":304000,"ts":1760557422.0561728}
2025/10/15 19:43:43 POLARIS_LOG {"event":"send_rate","rate":296000,"ts":1760557423.056827}
2025/10/15 19:43:44 POLARIS_LOG {"event":"send_rate","rate":304000,"ts":1760557424.0557654}
2025/10/15 19:43:45 POLARIS_LOG {"event":"send_rate","rate":296000,"ts":1760557425.056084}
2025/10/15 19:43:46 POLARIS_LOG {"event":"send_rate","rate":296000,"ts":1760557426.0557804}
2025/10/15 19:43:47 POLARIS_LOG {"event":"send_rate","rate":304000,"ts":1760557427.0575433}
2025/10/15 19:43:48 POLARIS_LOG {"event":"send_rate","rate":304000,"ts":1760557428.0560822}
2025/10/15 19:43:49 POLARIS_LOG {"event":"send_rate","rate":296000,"ts":1760557429.0564013}
2025/10/15 19:43:50 POLARIS_LOG {"event":"send_rate","rate":304000,"ts":1760557430.061921}
2025/10/15 19:43:51 POLARIS_LOG {"event":"send_rate","rate":296000,"ts":1760557431.0564833}
2025/10/15 19:43:52 POLARIS_LOG {"event":"send_rate","rate":304000,"ts":1760557432.0567138}
2025/10/15 19:43:53 POLARIS_LOG {"event":"send_rate","rate":296000,"ts":1760557433.057291}
2025/10/15 19:43:54 POLARIS_LOG {"event":"send_rate","rate":304000,"ts":1760557434.0581026}
2025/10/15 19:43:55 POLARIS_LOG {"event":"send_rate","rate":296000,"ts":1760557435.0568357}
2025/10/15 19:43:56 POLARIS_LOG {"event":"send_rate","rate":304000,"ts":1760557436.0566711}
2025/10/15 19:43:57 POLARIS_LOG {"event":"send_rate","rate":296000,"ts":1760557437.0589473}
2025/10/15 19:43:58 POLARIS_LOG {"event":"send_rate","rate":304000,"ts":1760557438.0572298}
2025/10/15 19:43:59 POLARIS_LOG {"event":"send_rate","rate":296000,"ts":1760557439.0561428}
2025/10/15 19:44:00 POLARIS_LOG {"event":"send_rate","rate":296000,"ts":1760557440.0598733}
2025/10/15 19:44:01 POLARIS_LOG {"event":"send_rate","rate":304000,"ts":1760557441.0562384}
2025/10/15 19:44:02 POLARIS_LOG {"event":"send_rate","rate":304000,"ts":1760557442.0560203}
2025/10/15 19:44:03 POLARIS_LOG {"event":"send_rate","rate":296000,"ts":1760557443.0565097}
2025/10/15 19:44:04 POLARIS_LOG {"event":"send_rate","rate":296000,"ts":1760557444.0847998}
2025/10/15 19:44:05 POLARIS_LOG {"event":"send_rate","rate":304000,"ts":1760557445.0567014}
2025/10/15 19:44:06 POLARIS_LOG {"event":"send_rate","rate":296000,"ts":1760557446.055727}
2025/10/15 19:44:07 POLARIS_LOG {"event":"send_rate","rate":304000,"ts":1760557447.0583673}
2025/10/15 19:44:08 POLARIS_LOG {"event":"send_rate","rate":304000,"ts":1760557448.0562851}
2025/10/15 19:44:09 POLARIS_LOG {"event":"send_rate","rate":296000,"ts":1760557449.0555215}
2025/10/15 19:44:10 POLARIS_LOG {"event":"send_rate","rate":304000,"ts":1760557450.0560856}
2025/10/15 19:44:11 POLARIS_LOG {"event":"send_rate","rate":296000,"ts":1760557451.0595665}
2025/10/15 19:44:12 POLARIS_LOG {"event":"send_rate","rate":304000,"ts":1760557452.0643864}
2025/10/15 19:44:13 POLARIS_LOG {"event":"send_rate","rate":296000,"ts":1760557453.0568109}
2025/10/15 19:44:14 POLARIS_LOG {"event":"send_rate","rate":296000,"ts":1760557454.0567865}
2025/10/15 19:44:15 POLARIS_LOG {"event":"send_rate","rate":304000,"ts":1760557455.05675}
2025/10/15 19:44:16 POLARIS_LOG {"event":"send_rate","rate":304000,"ts":1760557456.0568213}
2025/10/15 19:44:17 POLARIS_LOG {"event":"send_rate","rate":296000,"ts":1760557457.0606718}
2025/10/15 19:44:18 POLARIS_LOG {"event":"send_rate","rate":304000,"ts":1760557458.0596204}
2025/10/15 19:44:19 POLARIS_LOG {"event":"send_rate","rate":304000,"ts":1760557459.0930903}
2025/10/15 19:44:20 POLARIS_LOG {"event":"send_rate","rate":288000,"ts":1760557460.0561228}
2025/10/15 19:44:21 POLARIS_LOG {"event":"send_rate","rate":304000,"ts":1760557461.0596914}
2025/10/15 19:44:22 POLARIS_LOG {"event":"send_rate","rate":296000,"ts":1760557462.05644}
2025/10/15 19:44:23 POLARIS_LOG {"event":"send_rate","rate":304000,"ts":1760557463.0581224}
2025/10/15 19:44:24 POLARIS_LOG {"event":"send_rate","rate":296000,"ts":1760557464.057539}
2025/10/15 19:44:25 POLARIS_LOG {"event":"send_rate","rate":304000,"ts":1760557465.056319}
2025/10/15 19:44:26 POLARIS_LOG {"event":"send_rate","rate":296000,"ts":1760557466.0560577}
2025/10/15 19:44:27 POLARIS_LOG {"event":"send_rate","rate":304000,"ts":1760557467.0626647}
2025/10/15 19:44:28 POLARIS_LOG {"event":"send_rate","rate":296000,"ts":1760557468.0563157}
2025/10/15 19:44:29 POLARIS_LOG {"event":"send_rate","rate":304000,"ts":1760557469.0558875}
2025/10/15 19:44:30 POLARIS_LOG {"event":"send_rate","rate":296000,"ts":1760557470.0558217}
2025/10/15 19:44:31 POLARIS_LOG {"event":"send_rate","rate":304000,"ts":1760557471.056617}
2025/10/15 19:44:32 POLARIS_LOG {"event":"send_rate","rate":296000,"ts":1760557472.0563304}
2025/10/15 19:44:33 POLARIS_LOG {"event":"send_rate","rate":296000,"ts":1760557473.059595}
2025/10/15 19:44:34 POLARIS_LOG {"event":"send_rate","rate":304000,"ts":1760557474.0579183}
2025/10/15 19:44:35 POLARIS_LOG {"event":"send_rate","rate":304000,"ts":1760557475.056742}
2025/10/15 19:44:36 POLARIS_LOG {"event":"send_rate","rate":296000,"ts":1760557476.0566962}
2025/10/15 19:44:37 POLARIS_LOG {"event":"send_rate","rate":304000,"ts":1760557477.056783}
2025/10/15 19:44:38 POLARIS_LOG {"event":"send_rate","rate":296000,"ts":1760557478.0567718}
2025/10/15 19:44:39 POLARIS_LOG {"event":"send_rate","rate":304000,"ts":1760557479.0560942}
2025/10/15 19:44:40 POLARIS_LOG {"event":"send_rate","rate":296000,"ts":1760557480.056831}
2025/10/15 19:44:41 POLARIS_LOG {"event":"send_rate","rate":304000,"ts":1760557481.0611558}
2025/10/15 19:44:42 POLARIS_LOG {"event":"send_rate","rate":296000,"ts":1760557482.0563395}
2025/10/15 19:44:43 POLARIS_LOG {"event":"send_rate","rate":304000,"ts":1760557483.056839}
2025/10/15 19:44:44 POLARIS_LOG {"event":"send_rate","rate":296000,"ts":1760557484.0555193}
2025/10/15 19:44:45 POLARIS_LOG {"event":"send_rate","rate":304000,"ts":1760557485.05634}
2025/10/15 19:44:46 POLARIS_LOG {"event":"send_rate","rate":296000,"ts":1760557486.055864}
2025/10/15 19:44:47 POLARIS_LOG {"event":"send_rate","rate":304000,"ts":1760557487.0685334}
2025/10/15 19:44:48 POLARIS_LOG {"event":"send_rate","rate":296000,"ts":1760557488.0581846}
2025/10/15 19:44:49 POLARIS_LOG {"event":"send_rate","rate":304000,"ts":1760557489.0576973}
2025/10/15 19:44:50 POLARIS_LOG {"event":"send_rate","rate":312000,"ts":1760557490.088998}
2025/10/15 19:44:51 POLARIS_LOG {"event":"send_rate","rate":288000,"ts":1760557491.0561447}
2025/10/15 19:44:52 POLARIS_LOG {"event":"send_rate","rate":296000,"ts":1760557492.0565567}
2025/10/15 19:44:53 POLARIS_LOG {"event":"send_rate","rate":304000,"ts":1760557493.0574176}
2025/10/15 19:44:54 POLARIS_LOG {"event":"send_rate","rate":296000,"ts":1760557494.0618384}
2025/10/15 19:44:55 POLARIS_LOG {"event":"send_rate","rate":304000,"ts":1760557495.055511}
2025/10/15 19:44:56 POLARIS_LOG {"event":"send_rate","rate":296000,"ts":1760557496.055868}
2025/10/15 19:44:57 POLARIS_LOG {"event":"send_rate","rate":304000,"ts":1760557497.0555773}
2025/10/15 19:44:58 POLARIS_LOG {"event":"send_rate","rate":296000,"ts":1760557498.0558848}
2025/10/15 19:44:59 POLARIS_LOG {"event":"send_rate","rate":304000,"ts":1760557499.056523}
2025/10/15 19:45:00 POLARIS_LOG {"event":"send_rate","rate":296000,"ts":1760557500.0565324}
2025/10/15 19:45:01 POLARIS_LOG {"event":"send_rate","rate":304000,"ts":1760557501.0564184}
2025/10/15 19:45:02 POLARIS_LOG {"event":"send_rate","rate":296000,"ts":1760557502.0594764}
2025/10/15 19:45:03 POLARIS_LOG {"event":"send_rate","rate":296000,"ts":1760557503.0579567}
2025/10/15 19:45:04 POLARIS_LOG {"event":"send_rate","rate":304000,"ts":1760557504.0563962}
2025/10/15 19:45:05 POLARIS_LOG {"event":"send_rate","rate":304000,"ts":1760557505.0592828}
2025/10/15 19:45:06 POLARIS_LOG {"event":"send_rate","rate":296000,"ts":1760557506.0564923}
2025/10/15 19:45:07 POLARIS_LOG {"event":"send_rate","rate":304000,"ts":1760557507.0555184}
2025/10/15 19:45:08 POLARIS_LOG {"event":"send_rate","rate":304000,"ts":1760557508.07618}
2025/10/15 19:45:09 POLARIS_LOG {"event":"send_rate","rate":296000,"ts":1760557509.0558913}
2025/10/15 19:45:10 POLARIS_LOG {"event":"send_rate","rate":296000,"ts":1760557510.0569873}
2025/10/15 19:45:11 POLARIS_LOG {"event":"send_rate","rate":304000,"ts":1760557511.056695}
2025/10/15 19:45:12 POLARIS_LOG {"event":"send_rate","rate":296000,"ts":1760557512.0557222}
2025/10/15 19:45:13 POLARIS_LOG {"event":"send_rate","rate":296000,"ts":1760557513.0605652}
2025/10/15 19:45:14 POLARIS_LOG {"event":"send_rate","rate":304000,"ts":1760557514.0560374}
2025/10/15 19:45:15 POLARIS_LOG {"event":"send_rate","rate":304000,"ts":1760557515.0568683}
2025/10/15 19:45:16 POLARIS_LOG {"event":"send_rate","rate":304000,"ts":1760557516.0787604}
2025/10/15 19:45:17 POLARIS_LOG {"event":"send_rate","rate":296000,"ts":1760557517.0559046}
2025/10/15 19:45:18 POLARIS_LOG {"event":"send_rate","rate":296000,"ts":1760557518.0555463}
2025/10/15 19:45:19 POLARIS_LOG {"event":"send_rate","rate":304000,"ts":1760557519.0568657}
2025/10/15 19:45:20 POLARIS_LOG {"event":"send_rate","rate":296000,"ts":1760557520.0571337}
2025/10/15 19:45:21 POLARIS_LOG {"event":"send_rate","rate":304000,"ts":1760557521.0575051}
2025/10/15 19:45:22 POLARIS_LOG {"event":"send_rate","rate":296000,"ts":1760557522.0587294}
2025/10/15 19:45:23 POLARIS_LOG {"event":"send_rate","rate":304000,"ts":1760557523.0567975}
2025/10/15 19:45:24 POLARIS_LOG {"event":"send_rate","rate":296000,"ts":1760557524.055695}
2025/10/15 19:45:25 POLARIS_LOG {"event":"send_rate","rate":304000,"ts":1760557525.0564816}
2025/10/15 19:45:26 POLARIS_LOG {"event":"send_rate","rate":296000,"ts":1760557526.0573752}
2025/10/15 19:45:27 POLARIS_LOG {"event":"send_rate","rate":304000,"ts":1760557527.057848}
2025/10/15 19:45:28 POLARIS_LOG {"event":"send_rate","rate":296000,"ts":1760557528.0560288}
2025/10/15 19:45:29 POLARIS_LOG {"event":"send_rate","rate":304000,"ts":1760557529.0574343}
2025/10/15 19:45:30 POLARIS_LOG {"event":"send_rate","rate":296000,"ts":1760557530.0566893}
2025/10/15 19:45:31 POLARIS_LOG {"event":"send_rate","rate":304000,"ts":1760557531.0559583}
2025/10/15 19:45:32 POLARIS_LOG {"event":"send_rate","rate":296000,"ts":1760557532.0559714}
2025/10/15 19:45:33 POLARIS_LOG {"event":"send_rate","rate":304000,"ts":1760557533.0570889}
2025/10/15 19:45:34 POLARIS_LOG {"event":"send_rate","rate":296000,"ts":1760557534.0575538}
2025/10/15 19:45:35 POLARIS_LOG {"event":"send_rate","rate":304000,"ts":1760557535.0578542}
2025/10/15 19:45:36 POLARIS_LOG {"event":"send_rate","rate":296000,"ts":1760557536.0557935}
2025/10/15 19:45:37 POLARIS_LOG {"event":"send_rate","rate":304000,"ts":1760557537.0560174}
2025/10/15 19:45:38 POLARIS_LOG {"event":"send_rate","rate":296000,"ts":1760557538.0564399}
2025/10/15 19:45:39 POLARIS_LOG {"event":"send_rate","rate":304000,"ts":1760557539.0556033}
2025/10/15 19:45:40 POLARIS_LOG {"event":"send_rate","rate":296000,"ts":1760557540.0566103}
2025/10/15 19:45:41 POLARIS_LOG {"event":"send_rate","rate":304000,"ts":1760557541.0561824}
2025/10/15 19:45:42 POLARIS_LOG {"event":"send_rate","rate":296000,"ts":1760557542.0564296}
2025/10/15 19:45:43 POLARIS_LOG {"event":"send_rate","rate":296000,"ts":1760557543.057023}
2025/10/15 19:45:44 POLARIS_LOG {"event":"send_rate","rate":304000,"ts":1760557544.0562873}
2025/10/15 19:45:45 POLARIS_LOG {"event":"send_rate","rate":296000,"ts":1760557545.0595906}
2025/10/15 19:45:46 POLARIS_LOG {"event":"send_rate","rate":304000,"ts":1760557546.0556765}
2025/10/15 19:45:47 POLARIS_LOG {"event":"send_rate","rate":304000,"ts":1760557547.0575774}
2025/10/15 19:45:48 POLARIS_LOG {"event":"send_rate","rate":296000,"ts":1760557548.06379}
2025/10/15 19:45:49 POLARIS_LOG {"event":"send_rate","rate":304000,"ts":1760557549.0636609}
We need to sleep for 1 seconds before we can get the results
2025/10/15 19:45:50 POLARIS_LOG {"event":"send_rate","rate":8000,"ts":1760557550.0559094}
Drain Loop received packet
Drain Loop received non-nil payload
Client sent 11137 packets, server reported 11116 packets received
The network loss rate from client to server is 0.2%

S->C results
Attempted bandwidth: 0 bps / 0.00 Mbps
Achieved bandwidth: 0 bps / 0.00 Mbps
Loss rate: 0.0%
Interarrival time min/avg/max/mdev = -0.000/0.000/0.000/0.000 ms

C->S results
Attempted bandwidth: 299986 bps / 0.30 Mbps
Achieved bandwidth: 299420 bps / 0.30 Mbps
Loss rate: 0.2%
Interarrival time min/avg/max/mdev = 0.002/26.720/392.699/19.131 ms
