
Test parameters:
client->server: 243 seconds, 1000 bytes, 9112 packets
server->client: 243 seconds, 1000 bytes, 0 packets
2025/10/15 19:41:46 POLARIS_LOG {"current_rate":0,"event":"path_switch","new":"7 7","trigger":"initialization","ts":1760557306.225035}
Polaris prober initialized with 14 paths
Polaris prober initialized with local 1-114,10.114.0.71:32735 and remote 1-112,10.112.0.71
2025/10/15 19:41:48 POLARIS_LOG {"event":"send_rate","rate":0,"ts":1760557308.226343}
2025/10/15 19:41:49 POLARIS_LOG {"event":"send_rate","rate":128000,"ts":1760557309.2271364}
2025/10/15 19:41:50 POLARIS_LOG {"event":"send_rate","rate":296000,"ts":1760557310.2268162}
2025/10/15 19:41:51 POLARIS_LOG {"event":"send_rate","rate":304000,"ts":1760557311.2282457}
2025/10/15 19:41:52 POLARIS_LOG {"event":"send_rate","rate":296000,"ts":1760557312.2270992}
2025/10/15 19:41:53 POLARIS_LOG {"event":"send_rate","rate":304000,"ts":1760557313.2276936}
2025/10/15 19:41:54 POLARIS_LOG {"event":"send_rate","rate":296000,"ts":1760557314.2264233}
2025/10/15 19:41:55 POLARIS_LOG {"event":"send_rate","rate":304000,"ts":1760557315.227464}
2025/10/15 19:41:56 POLARIS_LOG {"event":"send_rate","rate":296000,"ts":1760557316.226815}
2025/10/15 19:41:57 POLARIS_LOG {"event":"send_rate","rate":304000,"ts":1760557317.2264898}
2025/10/15 19:41:58 POLARIS_LOG {"event":"send_rate","rate":296000,"ts":1760557318.2274206}
2025/10/15 19:41:59 POLARIS_LOG {"event":"send_rate","rate":304000,"ts":1760557319.2266767}
2025/10/15 19:42:00 POLARIS_LOG {"event":"send_rate","rate":296000,"ts":1760557320.2272754}
2025/10/15 19:42:01 POLARIS_LOG {"event":"send_rate","rate":304000,"ts":1760557321.226802}
2025/10/15 19:42:02 POLARIS_LOG {"event":"send_rate","rate":296000,"ts":1760557322.226515}
2025/10/15 19:42:03 POLARIS_LOG {"event":"send_rate","rate":304000,"ts":1760557323.2266514}
2025/10/15 19:42:04 POLARIS_LOG {"event":"send_rate","rate":296000,"ts":1760557324.226774}
2025/10/15 19:42:05 POLARIS_LOG {"event":"send_rate","rate":304000,"ts":1760557325.2274818}
2025/10/15 19:42:06 POLARIS_LOG {"event":"send_rate","rate":296000,"ts":1760557326.2272563}
2025/10/15 19:42:07 POLARIS_LOG {"event":"send_rate","rate":304000,"ts":1760557327.228838}
2025/10/15 19:42:08 POLARIS_LOG {"event":"send_rate","rate":296000,"ts":1760557328.2297854}
2025/10/15 19:42:09 POLARIS_LOG {"event":"send_rate","rate":304000,"ts":1760557329.2276528}
2025/10/15 19:42:10 POLARIS_LOG {"event":"send_rate","rate":296000,"ts":1760557330.2275038}
2025/10/15 19:42:11 POLARIS_LOG {"event":"send_rate","rate":304000,"ts":1760557331.2263072}
2025/10/15 19:42:12 POLARIS_LOG {"event":"send_rate","rate":296000,"ts":1760557332.22647}
2025/10/15 19:42:13 POLARIS_LOG {"event":"send_rate","rate":304000,"ts":1760557333.2271335}
2025/10/15 19:42:14 POLARIS_LOG {"event":"send_rate","rate":296000,"ts":1760557334.2265902}
2025/10/15 19:42:15 POLARIS_LOG {"event":"send_rate","rate":304000,"ts":1760557335.2266605}
2025/10/15 19:42:16 POLARIS_LOG {"event":"send_rate","rate":296000,"ts":1760557336.227303}
2025/10/15 19:42:17 POLARIS_LOG {"event":"send_rate","rate":304000,"ts":1760557337.2273536}
2025/10/15 19:42:18 POLARIS_LOG {"event":"send_rate","rate":296000,"ts":1760557338.2270615}
2025/10/15 19:42:19 POLARIS_LOG {"event":"send_rate","rate":304000,"ts":1760557339.2271616}
2025/10/15 19:42:20 POLARIS_LOG {"event":"send_rate","rate":296000,"ts":1760557340.2270555}
2025/10/15 19:42:21 POLARIS_LOG {"event":"send_rate","rate":304000,"ts":1760557341.2270615}
2025/10/15 19:42:22 POLARIS_LOG {"event":"send_rate","rate":296000,"ts":1760557342.2266753}
2025/10/15 19:42:23 POLARIS_LOG {"event":"send_rate","rate":296000,"ts":1760557343.2358067}
2025/10/15 19:42:24 POLARIS_LOG {"event":"send_rate","rate":304000,"ts":1760557344.2263217}
2025/10/15 19:42:25 POLARIS_LOG {"event":"send_rate","rate":304000,"ts":1760557345.226661}
2025/10/15 19:42:26 POLARIS_LOG {"event":"send_rate","rate":296000,"ts":1760557346.2290783}
2025/10/15 19:42:27 POLARIS_LOG {"event":"send_rate","rate":304000,"ts":1760557347.2280645}
2025/10/15 19:42:28 POLARIS_LOG {"event":"send_rate","rate":296000,"ts":1760557348.2264621}
2025/10/15 19:42:29 POLARIS_LOG {"event":"send_rate","rate":304000,"ts":1760557349.227232}
2025/10/15 19:42:30 POLARIS_LOG {"event":"send_rate","rate":296000,"ts":1760557350.2270274}
2025/10/15 19:42:31 POLARIS_LOG {"event":"send_rate","rate":304000,"ts":1760557351.2269182}
2025/10/15 19:42:32 POLARIS_LOG {"event":"send_rate","rate":296000,"ts":1760557352.2277908}
2025/10/15 19:42:33 POLARIS_LOG {"event":"send_rate","rate":304000,"ts":1760557353.2267346}
2025/10/15 19:42:34 POLARIS_LOG {"event":"send_rate","rate":296000,"ts":1760557354.2266634}
2025/10/15 19:42:35 POLARIS_LOG {"event":"send_rate","rate":304000,"ts":1760557355.2263532}
2025/10/15 19:42:36 POLARIS_LOG {"event":"send_rate","rate":296000,"ts":1760557356.2266736}
2025/10/15 19:42:37 POLARIS_LOG {"event":"send_rate","rate":304000,"ts":1760557357.2282832}
2025/10/15 19:42:38 POLARIS_LOG {"event":"send_rate","rate":296000,"ts":1760557358.2271798}
2025/10/15 19:42:39 POLARIS_LOG {"event":"send_rate","rate":296000,"ts":1760557359.2276964}
2025/10/15 19:42:40 POLARIS_LOG {"event":"send_rate","rate":304000,"ts":1760557360.228634}
2025/10/15 19:42:41 POLARIS_LOG {"event":"send_rate","rate":304000,"ts":1760557361.2267447}
2025/10/15 19:42:42 POLARIS_LOG {"event":"send_rate","rate":296000,"ts":1760557362.2279596}
2025/10/15 19:42:43 POLARIS_LOG {"event":"send_rate","rate":304000,"ts":1760557363.2266896}
2025/10/15 19:42:44 POLARIS_LOG {"event":"send_rate","rate":296000,"ts":1760557364.2287283}
2025/10/15 19:42:45 POLARIS_LOG {"event":"send_rate","rate":304000,"ts":1760557365.2277875}
2025/10/15 19:42:46 POLARIS_LOG {"event":"send_rate","rate":296000,"ts":1760557366.2269843}
2025/10/15 19:42:47 POLARIS_LOG {"event":"send_rate","rate":304000,"ts":1760557367.2266538}
2025/10/15 19:42:48 POLARIS_LOG {"event":"send_rate","rate":296000,"ts":1760557368.237773}
2025/10/15 19:42:49 POLARIS_LOG {"event":"send_rate","rate":304000,"ts":1760557369.2328494}
2025/10/15 19:42:50 POLARIS_LOG {"event":"send_rate","rate":296000,"ts":1760557370.2275186}
2025/10/15 19:42:51 POLARIS_LOG {"event":"send_rate","rate":304000,"ts":1760557371.2297366}
2025/10/15 19:42:52 POLARIS_LOG {"event":"send_rate","rate":296000,"ts":1760557372.2268128}
2025/10/15 19:42:53 POLARIS_LOG {"event":"send_rate","rate":296000,"ts":1760557373.2272947}
2025/10/15 19:42:54 POLARIS_LOG {"event":"send_rate","rate":304000,"ts":1760557374.226485}
2025/10/15 19:42:55 POLARIS_LOG {"event":"send_rate","rate":304000,"ts":1760557375.226587}
2025/10/15 19:42:56 POLARIS_LOG {"event":"send_rate","rate":296000,"ts":1760557376.2395558}
2025/10/15 19:42:57 POLARIS_LOG {"event":"send_rate","rate":304000,"ts":1760557377.2275727}
2025/10/15 19:42:58 POLARIS_LOG {"event":"send_rate","rate":296000,"ts":1760557378.2274692}
2025/10/15 19:42:59 POLARIS_LOG {"event":"send_rate","rate":296000,"ts":1760557379.226811}
2025/10/15 19:43:00 POLARIS_LOG {"event":"send_rate","rate":304000,"ts":1760557380.2338204}
2025/10/15 19:43:01 POLARIS_LOG {"event":"send_rate","rate":296000,"ts":1760557381.227303}
2025/10/15 19:43:02 POLARIS_LOG {"event":"send_rate","rate":304000,"ts":1760557382.226945}
2025/10/15 19:43:03 POLARIS_LOG {"event":"send_rate","rate":296000,"ts":1760557383.226672}
2025/10/15 19:43:04 POLARIS_LOG {"event":"send_rate","rate":304000,"ts":1760557384.227281}
2025/10/15 19:43:05 POLARIS_LOG {"event":"send_rate","rate":296000,"ts":1760557385.2269344}
2025/10/15 19:43:06 POLARIS_LOG {"event":"send_rate","rate":304000,"ts":1760557386.2269986}
2025/10/15 19:43:07 POLARIS_LOG {"event":"send_rate","rate":296000,"ts":1760557387.2264302}
2025/10/15 19:43:08 POLARIS_LOG {"event":"send_rate","rate":304000,"ts":1760557388.2268357}
2025/10/15 19:43:09 POLARIS_LOG {"event":"send_rate","rate":296000,"ts":1760557389.227099}
2025/10/15 19:43:10 POLARIS_LOG {"event":"send_rate","rate":304000,"ts":1760557390.2267735}
2025/10/15 19:43:11 POLARIS_LOG {"event":"send_rate","rate":296000,"ts":1760557391.2266762}
2025/10/15 19:43:12 POLARIS_LOG {"event":"send_rate","rate":304000,"ts":1760557392.239316}
2025/10/15 19:43:13 POLARIS_LOG {"event":"send_rate","rate":296000,"ts":1760557393.227143}
2025/10/15 19:43:14 POLARIS_LOG {"event":"send_rate","rate":304000,"ts":1760557394.2267003}
2025/10/15 19:43:15 POLARIS_LOG {"event":"send_rate","rate":296000,"ts":1760557395.226595}
2025/10/15 19:43:16 POLARIS_LOG {"event":"send_rate","rate":304000,"ts":1760557396.2272754}
2025/10/15 19:43:17 POLARIS_LOG {"event":"send_rate","rate":304000,"ts":1760557397.233311}
2025/10/15 19:43:18 POLARIS_LOG {"event":"send_rate","rate":296000,"ts":1760557398.2272491}
2025/10/15 19:43:19 POLARIS_LOG {"event":"send_rate","rate":296000,"ts":1760557399.2290957}
2025/10/15 19:43:20 POLARIS_LOG {"event":"send_rate","rate":304000,"ts":1760557400.2263553}
2025/10/15 19:43:21 POLARIS_LOG {"event":"send_rate","rate":304000,"ts":1760557401.2357428}
2025/10/15 19:43:22 POLARIS_LOG {"event":"send_rate","rate":296000,"ts":1760557402.2275503}
2025/10/15 19:43:23 POLARIS_LOG {"event":"send_rate","rate":296000,"ts":1760557403.2269676}
2025/10/15 19:43:24 POLARIS_LOG {"event":"send_rate","rate":304000,"ts":1760557404.226811}
2025/10/15 19:43:25 POLARIS_LOG {"event":"send_rate","rate":296000,"ts":1760557405.2271206}
2025/10/15 19:43:26 POLARIS_LOG {"event":"send_rate","rate":304000,"ts":1760557406.2265718}
2025/10/15 19:43:27 POLARIS_LOG {"event":"send_rate","rate":304000,"ts":1760557407.232895}
2025/10/15 19:43:28 POLARIS_LOG {"event":"send_rate","rate":296000,"ts":1760557408.2267566}
2025/10/15 19:43:29 POLARIS_LOG {"event":"send_rate","rate":296000,"ts":1760557409.2268426}
2025/10/15 19:43:30 POLARIS_LOG {"event":"send_rate","rate":304000,"ts":1760557410.2266717}
2025/10/15 19:43:31 POLARIS_LOG {"event":"send_rate","rate":296000,"ts":1760557411.22671}
2025/10/15 19:43:32 POLARIS_LOG {"event":"send_rate","rate":304000,"ts":1760557412.2269561}
2025/10/15 19:43:33 POLARIS_LOG {"event":"send_rate","rate":296000,"ts":1760557413.2269256}
2025/10/15 19:43:34 POLARIS_LOG {"event":"send_rate","rate":304000,"ts":1760557414.2271042}
2025/10/15 19:43:35 POLARIS_LOG {"event":"send_rate","rate":296000,"ts":1760557415.2269924}
2025/10/15 19:43:36 POLARIS_LOG {"event":"send_rate","rate":304000,"ts":1760557416.2273786}
2025/10/15 19:43:37 POLARIS_LOG {"event":"send_rate","rate":296000,"ts":1760557417.227044}
2025/10/15 19:43:38 POLARIS_LOG {"event":"send_rate","rate":304000,"ts":1760557418.2271256}
2025/10/15 19:43:39 POLARIS_LOG {"event":"send_rate","rate":296000,"ts":1760557419.2272282}
2025/10/15 19:43:40 POLARIS_LOG {"event":"send_rate","rate":304000,"ts":1760557420.2266736}
2025/10/15 19:43:41 POLARIS_LOG {"event":"send_rate","rate":296000,"ts":1760557421.2263312}
2025/10/15 19:43:42 POLARIS_LOG {"event":"send_rate","rate":304000,"ts":1760557422.2399366}
2025/10/15 19:43:43 POLARIS_LOG {"event":"send_rate","rate":296000,"ts":1760557423.226926}
2025/10/15 19:43:44 POLARIS_LOG {"event":"send_rate","rate":304000,"ts":1760557424.2280767}
2025/10/15 19:43:45 POLARIS_LOG {"event":"send_rate","rate":296000,"ts":1760557425.2263565}
2025/10/15 19:43:46 POLARIS_LOG {"event":"send_rate","rate":304000,"ts":1760557426.2268796}
2025/10/15 19:43:47 POLARIS_LOG {"event":"send_rate","rate":296000,"ts":1760557427.2290359}
2025/10/15 19:43:48 POLARIS_LOG {"event":"send_rate","rate":304000,"ts":1760557428.2272596}
2025/10/15 19:43:49 POLARIS_LOG {"event":"send_rate","rate":296000,"ts":1760557429.2280695}
2025/10/15 19:43:50 POLARIS_LOG {"event":"send_rate","rate":304000,"ts":1760557430.2263722}
2025/10/15 19:43:51 POLARIS_LOG {"event":"send_rate","rate":296000,"ts":1760557431.2270908}
2025/10/15 19:43:52 POLARIS_LOG {"event":"send_rate","rate":304000,"ts":1760557432.2267873}
2025/10/15 19:43:53 POLARIS_LOG {"event":"send_rate","rate":296000,"ts":1760557433.231311}
2025/10/15 19:43:54 POLARIS_LOG {"event":"send_rate","rate":304000,"ts":1760557434.2270257}
2025/10/15 19:43:55 POLARIS_LOG {"event":"send_rate","rate":296000,"ts":1760557435.2272966}
2025/10/15 19:43:56 POLARIS_LOG {"event":"send_rate","rate":304000,"ts":1760557436.228961}
2025/10/15 19:43:57 POLARIS_LOG {"event":"send_rate","rate":296000,"ts":1760557437.2269292}
2025/10/15 19:43:58 POLARIS_LOG {"event":"send_rate","rate":304000,"ts":1760557438.226743}
2025/10/15 19:43:59 POLARIS_LOG {"event":"send_rate","rate":296000,"ts":1760557439.2272494}
2025/10/15 19:44:00 POLARIS_LOG {"event":"send_rate","rate":304000,"ts":1760557440.2270539}
2025/10/15 19:44:01 POLARIS_LOG {"event":"send_rate","rate":296000,"ts":1760557441.226833}
2025/10/15 19:44:02 POLARIS_LOG {"event":"send_rate","rate":304000,"ts":1760557442.2268822}
2025/10/15 19:44:03 POLARIS_LOG {"event":"send_rate","rate":296000,"ts":1760557443.2268121}
2025/10/15 19:44:04 POLARIS_LOG {"event":"send_rate","rate":304000,"ts":1760557444.229569}
2025/10/15 19:44:05 POLARIS_LOG {"event":"send_rate","rate":296000,"ts":1760557445.229713}
2025/10/15 19:44:06 POLARIS_LOG {"event":"send_rate","rate":304000,"ts":1760557446.2263033}
2025/10/15 19:44:07 POLARIS_LOG {"event":"send_rate","rate":296000,"ts":1760557447.2275298}
2025/10/15 19:44:08 POLARIS_LOG {"event":"send_rate","rate":296000,"ts":1760557448.2271557}
2025/10/15 19:44:09 POLARIS_LOG {"event":"send_rate","rate":304000,"ts":1760557449.2267532}
2025/10/15 19:44:10 POLARIS_LOG {"event":"send_rate","rate":304000,"ts":1760557450.2272446}
2025/10/15 19:44:11 POLARIS_LOG {"event":"send_rate","rate":296000,"ts":1760557451.226962}
2025/10/15 19:44:12 POLARIS_LOG {"event":"send_rate","rate":304000,"ts":1760557452.2264404}
2025/10/15 19:44:13 POLARIS_LOG {"event":"send_rate","rate":296000,"ts":1760557453.2313592}
2025/10/15 19:44:14 POLARIS_LOG {"event":"send_rate","rate":296000,"ts":1760557454.2266705}
2025/10/15 19:44:15 POLARIS_LOG {"event":"send_rate","rate":304000,"ts":1760557455.2271128}
2025/10/15 19:44:16 POLARIS_LOG {"event":"send_rate","rate":296000,"ts":1760557456.2276525}
2025/10/15 19:44:17 POLARIS_LOG {"event":"send_rate","rate":304000,"ts":1760557457.2391498}
2025/10/15 19:44:18 POLARIS_LOG {"event":"send_rate","rate":304000,"ts":1760557458.227396}
2025/10/15 19:44:19 POLARIS_LOG {"event":"send_rate","rate":296000,"ts":1760557459.2310827}
2025/10/15 19:44:20 POLARIS_LOG {"event":"send_rate","rate":296000,"ts":1760557460.226512}
2025/10/15 19:44:21 POLARIS_LOG {"event":"send_rate","rate":304000,"ts":1760557461.227299}
2025/10/15 19:44:22 POLARIS_LOG {"event":"send_rate","rate":304000,"ts":1760557462.229554}
2025/10/15 19:44:23 POLARIS_LOG {"event":"send_rate","rate":296000,"ts":1760557463.2263715}
2025/10/15 19:44:24 POLARIS_LOG {"event":"send_rate","rate":296000,"ts":1760557464.2272522}
2025/10/15 19:44:25 POLARIS_LOG {"event":"send_rate","rate":304000,"ts":1760557465.2265527}
2025/10/15 19:44:26 POLARIS_LOG {"event":"send_rate","rate":304000,"ts":1760557466.2313027}
2025/10/15 19:44:27 POLARIS_LOG {"event":"send_rate","rate":296000,"ts":1760557467.2263231}
2025/10/15 19:44:28 POLARIS_LOG {"event":"send_rate","rate":296000,"ts":1760557468.2321637}
2025/10/15 19:44:29 POLARIS_LOG {"event":"send_rate","rate":304000,"ts":1760557469.226852}
2025/10/15 19:44:30 POLARIS_LOG {"event":"send_rate","rate":304000,"ts":1760557470.229413}
2025/10/15 19:44:31 POLARIS_LOG {"event":"send_rate","rate":296000,"ts":1760557471.2274306}
2025/10/15 19:44:32 POLARIS_LOG {"event":"send_rate","rate":296000,"ts":1760557472.2263498}
2025/10/15 19:44:33 POLARIS_LOG {"event":"send_rate","rate":304000,"ts":1760557473.23003}
2025/10/15 19:44:34 POLARIS_LOG {"event":"send_rate","rate":296000,"ts":1760557474.2272813}
2025/10/15 19:44:35 POLARIS_LOG {"event":"send_rate","rate":304000,"ts":1760557475.2264931}
2025/10/15 19:44:36 POLARIS_LOG {"event":"send_rate","rate":296000,"ts":1760557476.2268994}
2025/10/15 19:44:37 POLARIS_LOG {"event":"send_rate","rate":304000,"ts":1760557477.2266302}
2025/10/15 19:44:38 POLARIS_LOG {"event":"send_rate","rate":304000,"ts":1760557478.2367659}
2025/10/15 19:44:39 POLARIS_LOG {"event":"send_rate","rate":296000,"ts":1760557479.2265189}
2025/10/15 19:44:40 POLARIS_LOG {"event":"send_rate","rate":296000,"ts":1760557480.2271054}
2025/10/15 19:44:41 POLARIS_LOG {"event":"send_rate","rate":304000,"ts":1760557481.2272923}
2025/10/15 19:44:42 POLARIS_LOG {"event":"send_rate","rate":296000,"ts":1760557482.2263417}
2025/10/15 19:44:43 POLARIS_LOG {"event":"send_rate","rate":304000,"ts":1760557483.2265224}
2025/10/15 19:44:44 POLARIS_LOG {"event":"send_rate","rate":296000,"ts":1760557484.227459}
2025/10/15 19:44:45 POLARIS_LOG {"event":"send_rate","rate":304000,"ts":1760557485.226628}
2025/10/15 19:44:46 POLARIS_LOG {"event":"send_rate","rate":296000,"ts":1760557486.2268944}
2025/10/15 19:44:47 POLARIS_LOG {"event":"send_rate","rate":304000,"ts":1760557487.2350087}
2025/10/15 19:44:48 POLARIS_LOG {"event":"send_rate","rate":296000,"ts":1760557488.2273777}
2025/10/15 19:44:49 POLARIS_LOG {"event":"send_rate","rate":304000,"ts":1760557489.2271976}
2025/10/15 19:44:50 POLARIS_LOG {"event":"send_rate","rate":296000,"ts":1760557490.2272606}
2025/10/15 19:44:51 POLARIS_LOG {"event":"send_rate","rate":304000,"ts":1760557491.240177}
2025/10/15 19:44:52 POLARIS_LOG {"event":"send_rate","rate":296000,"ts":1760557492.2269893}
2025/10/15 19:44:53 POLARIS_LOG {"event":"send_rate","rate":304000,"ts":1760557493.2268095}
2025/10/15 19:44:54 POLARIS_LOG {"event":"send_rate","rate":296000,"ts":1760557494.2278}
2025/10/15 19:44:55 POLARIS_LOG {"event":"send_rate","rate":304000,"ts":1760557495.2267225}
2025/10/15 19:44:56 POLARIS_LOG {"event":"send_rate","rate":296000,"ts":1760557496.2264438}
2025/10/15 19:44:57 POLARIS_LOG {"event":"send_rate","rate":304000,"ts":1760557497.2270553}
2025/10/15 19:44:58 POLARIS_LOG {"event":"send_rate","rate":296000,"ts":1760557498.226791}
2025/10/15 19:44:59 POLARIS_LOG {"event":"send_rate","rate":304000,"ts":1760557499.2267792}
2025/10/15 19:45:00 POLARIS_LOG {"event":"send_rate","rate":296000,"ts":1760557500.2271752}
2025/10/15 19:45:01 POLARIS_LOG {"event":"send_rate","rate":304000,"ts":1760557501.2266164}
2025/10/15 19:45:02 POLARIS_LOG {"event":"send_rate","rate":296000,"ts":1760557502.22651}
2025/10/15 19:45:03 POLARIS_LOG {"event":"send_rate","rate":304000,"ts":1760557503.2265482}
2025/10/15 19:45:04 POLARIS_LOG {"event":"send_rate","rate":296000,"ts":1760557504.226905}
2025/10/15 19:45:05 POLARIS_LOG {"event":"send_rate","rate":304000,"ts":1760557505.2265632}
2025/10/15 19:45:06 POLARIS_LOG {"event":"send_rate","rate":296000,"ts":1760557506.2324772}
2025/10/15 19:45:07 POLARIS_LOG {"event":"send_rate","rate":304000,"ts":1760557507.2272468}
2025/10/15 19:45:08 POLARIS_LOG {"event":"send_rate","rate":296000,"ts":1760557508.2264876}
2025/10/15 19:45:09 POLARIS_LOG {"event":"send_rate","rate":304000,"ts":1760557509.227048}
2025/10/15 19:45:10 POLARIS_LOG {"event":"send_rate","rate":296000,"ts":1760557510.2279649}
2025/10/15 19:45:11 POLARIS_LOG {"event":"send_rate","rate":304000,"ts":1760557511.2270966}
2025/10/15 19:45:12 POLARIS_LOG {"event":"send_rate","rate":296000,"ts":1760557512.226399}
2025/10/15 19:45:13 POLARIS_LOG {"event":"send_rate","rate":304000,"ts":1760557513.2272935}
2025/10/15 19:45:14 POLARIS_LOG {"event":"send_rate","rate":296000,"ts":1760557514.2269368}
2025/10/15 19:45:15 POLARIS_LOG {"event":"send_rate","rate":304000,"ts":1760557515.22633}
2025/10/15 19:45:16 POLARIS_LOG {"event":"send_rate","rate":296000,"ts":1760557516.2265105}
2025/10/15 19:45:17 POLARIS_LOG {"event":"send_rate","rate":304000,"ts":1760557517.2267227}
2025/10/15 19:45:18 POLARIS_LOG {"event":"send_rate","rate":296000,"ts":1760557518.2263799}
2025/10/15 19:45:19 POLARIS_LOG {"event":"send_rate","rate":304000,"ts":1760557519.2275643}
2025/10/15 19:45:20 POLARIS_LOG {"event":"send_rate","rate":296000,"ts":1760557520.226491}
2025/10/15 19:45:21 POLARIS_LOG {"event":"send_rate","rate":304000,"ts":1760557521.2270722}
2025/10/15 19:45:22 POLARIS_LOG {"event":"send_rate","rate":296000,"ts":1760557522.227161}
2025/10/15 19:45:23 POLARIS_LOG {"event":"send_rate","rate":304000,"ts":1760557523.2267923}
2025/10/15 19:45:24 POLARIS_LOG {"event":"send_rate","rate":296000,"ts":1760557524.2276864}
2025/10/15 19:45:25 POLARIS_LOG {"event":"send_rate","rate":304000,"ts":1760557525.2263353}
2025/10/15 19:45:26 POLARIS_LOG {"event":"send_rate","rate":296000,"ts":1760557526.228552}
2025/10/15 19:45:27 POLARIS_LOG {"event":"send_rate","rate":304000,"ts":1760557527.2301588}
2025/10/15 19:45:28 POLARIS_LOG {"event":"send_rate","rate":296000,"ts":1760557528.2271235}
2025/10/15 19:45:29 POLARIS_LOG {"event":"send_rate","rate":296000,"ts":1760557529.2330885}
2025/10/15 19:45:30 POLARIS_LOG {"event":"send_rate","rate":304000,"ts":1760557530.2264898}
2025/10/15 19:45:31 POLARIS_LOG {"event":"send_rate","rate":304000,"ts":1760557531.2270782}
2025/10/15 19:45:32 POLARIS_LOG {"event":"send_rate","rate":296000,"ts":1760557532.235243}
2025/10/15 19:45:33 POLARIS_LOG {"event":"send_rate","rate":296000,"ts":1760557533.230006}
2025/10/15 19:45:34 POLARIS_LOG {"event":"send_rate","rate":304000,"ts":1760557534.2267406}
2025/10/15 19:45:35 POLARIS_LOG {"event":"send_rate","rate":304000,"ts":1760557535.2264607}
2025/10/15 19:45:36 POLARIS_LOG {"event":"send_rate","rate":296000,"ts":1760557536.2273462}
2025/10/15 19:45:37 POLARIS_LOG {"event":"send_rate","rate":304000,"ts":1760557537.227708}
2025/10/15 19:45:38 POLARIS_LOG {"event":"send_rate","rate":296000,"ts":1760557538.227063}
2025/10/15 19:45:39 POLARIS_LOG {"event":"send_rate","rate":304000,"ts":1760557539.2289104}
2025/10/15 19:45:40 POLARIS_LOG {"event":"send_rate","rate":296000,"ts":1760557540.2316191}
2025/10/15 19:45:41 POLARIS_LOG {"event":"send_rate","rate":296000,"ts":1760557541.226895}
2025/10/15 19:45:42 POLARIS_LOG {"event":"send_rate","rate":304000,"ts":1760557542.2269537}
2025/10/15 19:45:43 POLARIS_LOG {"event":"send_rate","rate":296000,"ts":1760557543.2271688}
2025/10/15 19:45:44 POLARIS_LOG {"event":"send_rate","rate":304000,"ts":1760557544.2269716}
2025/10/15 19:45:45 POLARIS_LOG {"event":"send_rate","rate":296000,"ts":1760557545.2271326}
2025/10/15 19:45:46 POLARIS_LOG {"event":"send_rate","rate":304000,"ts":1760557546.2272687}
2025/10/15 19:45:47 POLARIS_LOG {"event":"send_rate","rate":296000,"ts":1760557547.226397}
2025/10/15 19:45:48 POLARIS_LOG {"event":"send_rate","rate":304000,"ts":1760557548.2272773}
2025/10/15 19:45:49 POLARIS_LOG {"event":"send_rate","rate":296000,"ts":1760557549.227563}
2025/10/15 19:45:50 POLARIS_LOG {"event":"send_rate","rate":296000,"ts":1760557550.2357504}
2025/10/15 19:45:51 POLARIS_LOG {"event":"send_rate","rate":304000,"ts":1760557551.2263012}
Drain Loop received packet
Drain Loop received non-nil payload
Client sent 9112 packets, server reported 9098 packets received
The network loss rate from client to server is 0.2%

S->C results
Attempted bandwidth: 0 bps / 0.00 Mbps
Achieved bandwidth: 0 bps / 0.00 Mbps
Loss rate: 0.0%
Interarrival time min/avg/max/mdev = -0.000/0.000/0.000/0.000 ms

C->S results
Attempted bandwidth: 299983 bps / 0.30 Mbps
Achieved bandwidth: 299522 bps / 0.30 Mbps
Loss rate: 0.2%
Interarrival time min/avg/max/mdev = 0.002/26.561/129.391/10.141 ms
