
Test parameters:
client->server: 273 seconds, 1000 bytes, 10237 packets
server->client: 273 seconds, 1000 bytes, 0 packets
Polaris prober initialized with 14 paths
Polaris prober initialized with local 1-114,10.114.0.71:32752 and remote 1-112,10.112.0.71
2025/10/15 19:41:16 POLARIS_LOG {"current_rate":0,"event":"path_switch","new":"7 7","trigger":"initialization","ts":1760557276.116177}
2025/10/15 19:41:17 POLARIS_LOG {"event":"send_rate","rate":304000,"ts":1760557277.1173074}
2025/10/15 19:41:18 POLARIS_LOG {"event":"send_rate","rate":296000,"ts":1760557278.1181033}
2025/10/15 19:41:19 POLARIS_LOG {"event":"send_rate","rate":304000,"ts":1760557279.1173077}
2025/10/15 19:41:20 POLARIS_LOG {"event":"send_rate","rate":296000,"ts":1760557280.1192667}
2025/10/15 19:41:21 POLARIS_LOG {"event":"send_rate","rate":304000,"ts":1760557281.1215577}
2025/10/15 19:41:22 POLARIS_LOG {"event":"send_rate","rate":296000,"ts":1760557282.1176727}
2025/10/15 19:41:23 POLARIS_LOG {"event":"send_rate","rate":304000,"ts":1760557283.118128}
2025/10/15 19:41:24 POLARIS_LOG {"event":"send_rate","rate":296000,"ts":1760557284.117337}
2025/10/15 19:41:25 POLARIS_LOG {"event":"send_rate","rate":304000,"ts":1760557285.1177003}
2025/10/15 19:41:26 POLARIS_LOG {"event":"send_rate","rate":296000,"ts":1760557286.1175344}
2025/10/15 19:41:27 POLARIS_LOG {"event":"send_rate","rate":304000,"ts":1760557287.1188998}
2025/10/15 19:41:28 POLARIS_LOG {"event":"send_rate","rate":296000,"ts":1760557288.1172504}
2025/10/15 19:41:29 POLARIS_LOG {"event":"send_rate","rate":304000,"ts":1760557289.1177344}
2025/10/15 19:41:30 POLARIS_LOG {"event":"send_rate","rate":296000,"ts":1760557290.1178384}
2025/10/15 19:41:31 POLARIS_LOG {"event":"send_rate","rate":304000,"ts":1760557291.1181712}
2025/10/15 19:41:32 POLARIS_LOG {"event":"send_rate","rate":296000,"ts":1760557292.117416}
2025/10/15 19:41:33 POLARIS_LOG {"event":"send_rate","rate":304000,"ts":1760557293.1176107}
2025/10/15 19:41:34 POLARIS_LOG {"event":"send_rate","rate":296000,"ts":1760557294.1196547}
2025/10/15 19:41:35 POLARIS_LOG {"event":"send_rate","rate":296000,"ts":1760557295.119741}
2025/10/15 19:41:36 POLARIS_LOG {"event":"send_rate","rate":304000,"ts":1760557296.1172667}
2025/10/15 19:41:37 POLARIS_LOG {"event":"send_rate","rate":296000,"ts":1760557297.1184735}
2025/10/15 19:41:38 POLARIS_LOG {"event":"send_rate","rate":304000,"ts":1760557298.1185195}
2025/10/15 19:41:39 POLARIS_LOG {"event":"send_rate","rate":304000,"ts":1760557299.1173239}
2025/10/15 19:41:40 POLARIS_LOG {"event":"send_rate","rate":296000,"ts":1760557300.1178493}
2025/10/15 19:41:41 POLARIS_LOG {"event":"send_rate","rate":304000,"ts":1760557301.120118}
2025/10/15 19:41:42 POLARIS_LOG {"event":"send_rate","rate":280000,"ts":1760557302.1175854}
2025/10/15 19:41:43 POLARIS_LOG {"event":"send_rate","rate":192000,"ts":1760557303.117491}
2025/10/15 19:41:44 POLARIS_LOG {"event":"send_rate","rate":112000,"ts":1760557304.118143}
2025/10/15 19:41:45 POLARIS_LOG {"event":"send_rate","rate":88000,"ts":1760557305.1194918}
2025/10/15 19:41:46 POLARIS_LOG {"event":"send_rate","rate":184000,"ts":1760557306.120758}
2025/10/15 19:41:47 POLARIS_LOG {"event":"send_rate","rate":88000,"ts":1760557307.117182}
2025/10/15 19:41:48 POLARIS_LOG {"event":"send_rate","rate":112000,"ts":1760557308.1181154}
2025/10/15 19:41:49 POLARIS_LOG {"event":"send_rate","rate":64000,"ts":1760557309.1174147}
2025/10/15 19:41:50 POLARIS_LOG {"event":"send_rate","rate":96000,"ts":1760557310.1183493}
2025/10/15 19:41:51 POLARIS_LOG {"event":"send_rate","rate":104000,"ts":1760557311.1184907}
2025/10/15 19:41:52 POLARIS_LOG {"event":"send_rate","rate":96000,"ts":1760557312.1173997}
2025/10/15 19:41:53 POLARIS_LOG {"event":"send_rate","rate":128000,"ts":1760557313.1174252}
2025/10/15 19:41:54 POLARIS_LOG {"event":"send_rate","rate":232000,"ts":1760557314.1171913}
2025/10/15 19:41:55 POLARIS_LOG {"event":"send_rate","rate":224000,"ts":1760557315.1203773}
2025/10/15 19:41:56 POLARIS_LOG {"event":"send_rate","rate":208000,"ts":1760557316.117781}
2025/10/15 19:41:56 POLARIS_LOG {"candidates":2,"candidates_unfiltered":14,"current_rate":208000,"estimated_share":666500,"event":"path_switch","max_estimated_share":666500,"new":"6 6","old":"7 7","trigger":"scheduled","ts":1760557316.1182075}
2025/10/15 19:41:57 POLARIS_LOG {"event":"send_rate","rate":2584000,"ts":1760557317.1175103}
2025/10/15 19:41:58 POLARIS_LOG {"event":"send_rate","rate":304000,"ts":1760557318.117641}
2025/10/15 19:41:59 POLARIS_LOG {"event":"send_rate","rate":296000,"ts":1760557319.1183069}
2025/10/15 19:42:00 POLARIS_LOG {"event":"send_rate","rate":304000,"ts":1760557320.1176257}
2025/10/15 19:42:01 POLARIS_LOG {"event":"send_rate","rate":296000,"ts":1760557321.1175044}
2025/10/15 19:42:02 POLARIS_LOG {"event":"send_rate","rate":304000,"ts":1760557322.1239443}
2025/10/15 19:42:03 POLARIS_LOG {"event":"send_rate","rate":304000,"ts":1760557323.1230688}
2025/10/15 19:42:04 POLARIS_LOG {"event":"send_rate","rate":296000,"ts":1760557324.1180675}
2025/10/15 19:42:05 POLARIS_LOG {"event":"send_rate","rate":304000,"ts":1760557325.123521}
2025/10/15 19:42:06 POLARIS_LOG {"event":"send_rate","rate":296000,"ts":1760557326.1171806}
2025/10/15 19:42:07 POLARIS_LOG {"event":"send_rate","rate":296000,"ts":1760557327.1172824}
2025/10/15 19:42:08 POLARIS_LOG {"event":"send_rate","rate":304000,"ts":1760557328.118852}
2025/10/15 19:42:09 POLARIS_LOG {"event":"send_rate","rate":296000,"ts":1760557329.1177826}
2025/10/15 19:42:10 POLARIS_LOG {"event":"send_rate","rate":304000,"ts":1760557330.1188228}
2025/10/15 19:42:11 POLARIS_LOG {"event":"send_rate","rate":296000,"ts":1760557331.1174898}
2025/10/15 19:42:12 POLARIS_LOG {"event":"send_rate","rate":304000,"ts":1760557332.1184018}
2025/10/15 19:42:13 POLARIS_LOG {"event":"send_rate","rate":296000,"ts":1760557333.1230428}
2025/10/15 19:42:14 POLARIS_LOG {"event":"send_rate","rate":304000,"ts":1760557334.1179829}
2025/10/15 19:42:15 POLARIS_LOG {"event":"send_rate","rate":296000,"ts":1760557335.117552}
2025/10/15 19:42:16 POLARIS_LOG {"event":"send_rate","rate":304000,"ts":1760557336.1206765}
2025/10/15 19:42:17 POLARIS_LOG {"event":"send_rate","rate":296000,"ts":1760557337.1173463}
2025/10/15 19:42:18 POLARIS_LOG {"event":"send_rate","rate":304000,"ts":1760557338.123223}
2025/10/15 19:42:19 POLARIS_LOG {"event":"send_rate","rate":296000,"ts":1760557339.1173458}
2025/10/15 19:42:20 POLARIS_LOG {"event":"send_rate","rate":304000,"ts":1760557340.1179144}
2025/10/15 19:42:21 POLARIS_LOG {"event":"send_rate","rate":296000,"ts":1760557341.1190648}
2025/10/15 19:42:22 POLARIS_LOG {"event":"send_rate","rate":304000,"ts":1760557342.117632}
2025/10/15 19:42:23 POLARIS_LOG {"event":"send_rate","rate":296000,"ts":1760557343.1173382}
2025/10/15 19:42:24 POLARIS_LOG {"event":"send_rate","rate":304000,"ts":1760557344.1172163}
2025/10/15 19:42:25 POLARIS_LOG {"event":"send_rate","rate":296000,"ts":1760557345.1175275}
2025/10/15 19:42:26 POLARIS_LOG {"event":"send_rate","rate":304000,"ts":1760557346.1176631}
2025/10/15 19:42:27 POLARIS_LOG {"event":"send_rate","rate":296000,"ts":1760557347.1180322}
2025/10/15 19:42:28 POLARIS_LOG {"event":"send_rate","rate":304000,"ts":1760557348.1178489}
2025/10/15 19:42:29 POLARIS_LOG {"event":"send_rate","rate":296000,"ts":1760557349.1192787}
2025/10/15 19:42:30 POLARIS_LOG {"event":"send_rate","rate":304000,"ts":1760557350.11718}
2025/10/15 19:42:31 POLARIS_LOG {"event":"send_rate","rate":296000,"ts":1760557351.118252}
2025/10/15 19:42:32 POLARIS_LOG {"event":"send_rate","rate":304000,"ts":1760557352.1190991}
2025/10/15 19:42:33 POLARIS_LOG {"event":"send_rate","rate":296000,"ts":1760557353.1190622}
2025/10/15 19:42:34 POLARIS_LOG {"event":"send_rate","rate":304000,"ts":1760557354.1181917}
2025/10/15 19:42:35 POLARIS_LOG {"event":"send_rate","rate":296000,"ts":1760557355.1174395}
2025/10/15 19:42:36 POLARIS_LOG {"event":"send_rate","rate":304000,"ts":1760557356.1174483}
2025/10/15 19:42:37 POLARIS_LOG {"event":"send_rate","rate":296000,"ts":1760557357.1176271}
2025/10/15 19:42:38 POLARIS_LOG {"event":"send_rate","rate":304000,"ts":1760557358.1179335}
2025/10/15 19:42:39 POLARIS_LOG {"event":"send_rate","rate":296000,"ts":1760557359.1179535}
2025/10/15 19:42:40 POLARIS_LOG {"event":"send_rate","rate":304000,"ts":1760557360.1210108}
2025/10/15 19:42:41 POLARIS_LOG {"event":"send_rate","rate":296000,"ts":1760557361.120117}
2025/10/15 19:42:42 POLARIS_LOG {"event":"send_rate","rate":304000,"ts":1760557362.1184747}
2025/10/15 19:42:43 POLARIS_LOG {"event":"send_rate","rate":296000,"ts":1760557363.117867}
2025/10/15 19:42:44 POLARIS_LOG {"event":"send_rate","rate":304000,"ts":1760557364.118495}
2025/10/15 19:42:45 POLARIS_LOG {"event":"send_rate","rate":296000,"ts":1760557365.1192925}
2025/10/15 19:42:46 POLARIS_LOG {"event":"send_rate","rate":304000,"ts":1760557366.1190374}
2025/10/15 19:42:47 POLARIS_LOG {"event":"send_rate","rate":296000,"ts":1760557367.117206}
2025/10/15 19:42:48 POLARIS_LOG {"event":"send_rate","rate":304000,"ts":1760557368.1171696}
2025/10/15 19:42:49 POLARIS_LOG {"event":"send_rate","rate":296000,"ts":1760557369.1173136}
2025/10/15 19:42:50 POLARIS_LOG {"event":"send_rate","rate":304000,"ts":1760557370.117153}
2025/10/15 19:42:51 POLARIS_LOG {"event":"send_rate","rate":296000,"ts":1760557371.1175265}
2025/10/15 19:42:52 POLARIS_LOG {"event":"send_rate","rate":304000,"ts":1760557372.1179245}
2025/10/15 19:42:53 POLARIS_LOG {"event":"send_rate","rate":296000,"ts":1760557373.11798}
2025/10/15 19:42:54 POLARIS_LOG {"event":"send_rate","rate":304000,"ts":1760557374.1181538}
2025/10/15 19:42:55 POLARIS_LOG {"event":"send_rate","rate":296000,"ts":1760557375.1182265}
2025/10/15 19:42:56 POLARIS_LOG {"event":"send_rate","rate":304000,"ts":1760557376.118645}
2025/10/15 19:42:57 POLARIS_LOG {"event":"send_rate","rate":296000,"ts":1760557377.1191623}
2025/10/15 19:42:58 POLARIS_LOG {"event":"send_rate","rate":304000,"ts":1760557378.1185193}
2025/10/15 19:42:59 POLARIS_LOG {"event":"send_rate","rate":296000,"ts":1760557379.1172595}
2025/10/15 19:43:00 POLARIS_LOG {"event":"send_rate","rate":304000,"ts":1760557380.1181884}
2025/10/15 19:43:01 POLARIS_LOG {"event":"send_rate","rate":296000,"ts":1760557381.1184921}
2025/10/15 19:43:02 POLARIS_LOG {"event":"send_rate","rate":304000,"ts":1760557382.1182761}
2025/10/15 19:43:03 POLARIS_LOG {"event":"send_rate","rate":296000,"ts":1760557383.118067}
2025/10/15 19:43:04 POLARIS_LOG {"event":"send_rate","rate":304000,"ts":1760557384.1177251}
2025/10/15 19:43:05 POLARIS_LOG {"event":"send_rate","rate":296000,"ts":1760557385.1171782}
2025/10/15 19:43:06 POLARIS_LOG {"event":"send_rate","rate":296000,"ts":1760557386.122082}
2025/10/15 19:43:07 POLARIS_LOG {"event":"send_rate","rate":304000,"ts":1760557387.1180954}
2025/10/15 19:43:08 POLARIS_LOG {"event":"send_rate","rate":304000,"ts":1760557388.1178765}
2025/10/15 19:43:09 POLARIS_LOG {"event":"send_rate","rate":296000,"ts":1760557389.1177523}
2025/10/15 19:43:10 POLARIS_LOG {"event":"send_rate","rate":304000,"ts":1760557390.122947}
2025/10/15 19:43:11 POLARIS_LOG {"event":"send_rate","rate":296000,"ts":1760557391.11924}
2025/10/15 19:43:12 POLARIS_LOG {"event":"send_rate","rate":304000,"ts":1760557392.1192493}
2025/10/15 19:43:13 POLARIS_LOG {"event":"send_rate","rate":296000,"ts":1760557393.1175454}
2025/10/15 19:43:14 POLARIS_LOG {"event":"send_rate","rate":304000,"ts":1760557394.1178436}
2025/10/15 19:43:15 POLARIS_LOG {"event":"send_rate","rate":296000,"ts":1760557395.1193557}
2025/10/15 19:43:16 POLARIS_LOG {"event":"send_rate","rate":304000,"ts":1760557396.1177735}
2025/10/15 19:43:17 POLARIS_LOG {"event":"send_rate","rate":296000,"ts":1760557397.1183352}
2025/10/15 19:43:18 POLARIS_LOG {"event":"send_rate","rate":304000,"ts":1760557398.1179883}
2025/10/15 19:43:19 POLARIS_LOG {"event":"send_rate","rate":296000,"ts":1760557399.1178567}
2025/10/15 19:43:20 POLARIS_LOG {"event":"send_rate","rate":296000,"ts":1760557400.118625}
2025/10/15 19:43:21 POLARIS_LOG {"event":"send_rate","rate":304000,"ts":1760557401.1175997}
2025/10/15 19:43:22 POLARIS_LOG {"event":"send_rate","rate":304000,"ts":1760557402.1268198}
2025/10/15 19:43:23 POLARIS_LOG {"event":"send_rate","rate":296000,"ts":1760557403.1176193}
2025/10/15 19:43:24 POLARIS_LOG {"event":"send_rate","rate":304000,"ts":1760557404.118168}
2025/10/15 19:43:25 POLARIS_LOG {"event":"send_rate","rate":296000,"ts":1760557405.118097}
2025/10/15 19:43:26 POLARIS_LOG {"event":"send_rate","rate":296000,"ts":1760557406.117227}
2025/10/15 19:43:27 POLARIS_LOG {"event":"send_rate","rate":304000,"ts":1760557407.117642}
2025/10/15 19:43:28 POLARIS_LOG {"event":"send_rate","rate":296000,"ts":1760557408.1174572}
2025/10/15 19:43:29 POLARIS_LOG {"event":"send_rate","rate":304000,"ts":1760557409.1194615}
2025/10/15 19:43:30 POLARIS_LOG {"event":"send_rate","rate":296000,"ts":1760557410.1197817}
2025/10/15 19:43:31 POLARIS_LOG {"event":"send_rate","rate":304000,"ts":1760557411.117975}
2025/10/15 19:43:32 POLARIS_LOG {"event":"send_rate","rate":296000,"ts":1760557412.1179848}
2025/10/15 19:43:33 POLARIS_LOG {"event":"send_rate","rate":304000,"ts":1760557413.1172633}
2025/10/15 19:43:34 POLARIS_LOG {"event":"send_rate","rate":296000,"ts":1760557414.1179845}
2025/10/15 19:43:35 POLARIS_LOG {"event":"send_rate","rate":304000,"ts":1760557415.1180782}
2025/10/15 19:43:36 POLARIS_LOG {"event":"send_rate","rate":296000,"ts":1760557416.119011}
2025/10/15 19:43:37 POLARIS_LOG {"event":"send_rate","rate":304000,"ts":1760557417.1184547}
2025/10/15 19:43:38 POLARIS_LOG {"event":"send_rate","rate":304000,"ts":1760557418.1235049}
2025/10/15 19:43:39 POLARIS_LOG {"event":"send_rate","rate":296000,"ts":1760557419.1189542}
2025/10/15 19:43:40 POLARIS_LOG {"event":"send_rate","rate":296000,"ts":1760557420.117144}
2025/10/15 19:43:41 POLARIS_LOG {"event":"send_rate","rate":304000,"ts":1760557421.1179388}
2025/10/15 19:43:42 POLARIS_LOG {"event":"send_rate","rate":296000,"ts":1760557422.117401}
2025/10/15 19:43:43 POLARIS_LOG {"event":"send_rate","rate":304000,"ts":1760557423.117874}
2025/10/15 19:43:44 POLARIS_LOG {"event":"send_rate","rate":304000,"ts":1760557424.1215854}
2025/10/15 19:43:45 POLARIS_LOG {"event":"send_rate","rate":296000,"ts":1760557425.118982}
2025/10/15 19:43:46 POLARIS_LOG {"event":"send_rate","rate":296000,"ts":1760557426.1176438}
2025/10/15 19:43:47 POLARIS_LOG {"event":"send_rate","rate":304000,"ts":1760557427.1180053}
2025/10/15 19:43:48 POLARIS_LOG {"event":"send_rate","rate":296000,"ts":1760557428.1180544}
2025/10/15 19:43:49 POLARIS_LOG {"event":"send_rate","rate":296000,"ts":1760557429.1173496}
2025/10/15 19:43:50 POLARIS_LOG {"event":"send_rate","rate":304000,"ts":1760557430.1182888}
2025/10/15 19:43:51 POLARIS_LOG {"event":"send_rate","rate":304000,"ts":1760557431.117897}
2025/10/15 19:43:52 POLARIS_LOG {"event":"send_rate","rate":296000,"ts":1760557432.1204145}
2025/10/15 19:43:53 POLARIS_LOG {"event":"send_rate","rate":304000,"ts":1760557433.1188297}
2025/10/15 19:43:54 POLARIS_LOG {"event":"send_rate","rate":296000,"ts":1760557434.1186216}
2025/10/15 19:43:55 POLARIS_LOG {"event":"send_rate","rate":304000,"ts":1760557435.1179998}
2025/10/15 19:43:56 POLARIS_LOG {"event":"send_rate","rate":296000,"ts":1760557436.1176991}
2025/10/15 19:43:57 POLARIS_LOG {"event":"send_rate","rate":304000,"ts":1760557437.1213026}
2025/10/15 19:43:58 POLARIS_LOG {"event":"send_rate","rate":296000,"ts":1760557438.11924}
2025/10/15 19:43:59 POLARIS_LOG {"event":"send_rate","rate":304000,"ts":1760557439.1172786}
2025/10/15 19:44:00 POLARIS_LOG {"event":"send_rate","rate":296000,"ts":1760557440.1175485}
2025/10/15 19:44:01 POLARIS_LOG {"event":"send_rate","rate":304000,"ts":1760557441.1173882}
2025/10/15 19:44:02 POLARIS_LOG {"event":"send_rate","rate":296000,"ts":1760557442.1181624}
2025/10/15 19:44:03 POLARIS_LOG {"event":"send_rate","rate":304000,"ts":1760557443.1186821}
2025/10/15 19:44:04 POLARIS_LOG {"event":"send_rate","rate":296000,"ts":1760557444.11922}
2025/10/15 19:44:05 POLARIS_LOG {"event":"send_rate","rate":304000,"ts":1760557445.1193628}
2025/10/15 19:44:06 POLARIS_LOG {"event":"send_rate","rate":296000,"ts":1760557446.1179297}
2025/10/15 19:44:07 POLARIS_LOG {"event":"send_rate","rate":304000,"ts":1760557447.1172245}
2025/10/15 19:44:08 POLARIS_LOG {"event":"send_rate","rate":296000,"ts":1760557448.1174004}
2025/10/15 19:44:09 POLARIS_LOG {"event":"send_rate","rate":304000,"ts":1760557449.1177382}
2025/10/15 19:44:10 POLARIS_LOG {"event":"send_rate","rate":296000,"ts":1760557450.1185443}
2025/10/15 19:44:11 POLARIS_LOG {"event":"send_rate","rate":304000,"ts":1760557451.1180947}
2025/10/15 19:44:12 POLARIS_LOG {"event":"send_rate","rate":296000,"ts":1760557452.1183548}
2025/10/15 19:44:13 POLARIS_LOG {"event":"send_rate","rate":304000,"ts":1760557453.1180205}
2025/10/15 19:44:14 POLARIS_LOG {"event":"send_rate","rate":296000,"ts":1760557454.1171694}
2025/10/15 19:44:15 POLARIS_LOG {"event":"send_rate","rate":304000,"ts":1760557455.1173615}
2025/10/15 19:44:16 POLARIS_LOG {"event":"send_rate","rate":296000,"ts":1760557456.1175494}
2025/10/15 19:44:17 POLARIS_LOG {"event":"send_rate","rate":304000,"ts":1760557457.1181078}
2025/10/15 19:44:18 POLARIS_LOG {"event":"send_rate","rate":296000,"ts":1760557458.1184692}
2025/10/15 19:44:19 POLARIS_LOG {"event":"send_rate","rate":304000,"ts":1760557459.1185799}
2025/10/15 19:44:20 POLARIS_LOG {"event":"send_rate","rate":296000,"ts":1760557460.1189332}
2025/10/15 19:44:21 POLARIS_LOG {"event":"send_rate","rate":304000,"ts":1760557461.1197386}
2025/10/15 19:44:22 POLARIS_LOG {"event":"send_rate","rate":296000,"ts":1760557462.1178508}
2025/10/15 19:44:23 POLARIS_LOG {"event":"send_rate","rate":304000,"ts":1760557463.118495}
2025/10/15 19:44:24 POLARIS_LOG {"event":"send_rate","rate":296000,"ts":1760557464.1181223}
2025/10/15 19:44:25 POLARIS_LOG {"event":"send_rate","rate":304000,"ts":1760557465.1193311}
2025/10/15 19:44:26 POLARIS_LOG {"event":"send_rate","rate":296000,"ts":1760557466.1180956}
2025/10/15 19:44:27 POLARIS_LOG {"event":"send_rate","rate":304000,"ts":1760557467.120385}
2025/10/15 19:44:28 POLARIS_LOG {"event":"send_rate","rate":296000,"ts":1760557468.1171663}
2025/10/15 19:44:29 POLARIS_LOG {"event":"send_rate","rate":304000,"ts":1760557469.1179547}
2025/10/15 19:44:30 POLARIS_LOG {"event":"send_rate","rate":296000,"ts":1760557470.1182332}
2025/10/15 19:44:31 POLARIS_LOG {"event":"send_rate","rate":304000,"ts":1760557471.117177}
2025/10/15 19:44:32 POLARIS_LOG {"event":"send_rate","rate":296000,"ts":1760557472.1214702}
2025/10/15 19:44:33 POLARIS_LOG {"event":"send_rate","rate":296000,"ts":1760557473.1179643}
2025/10/15 19:44:34 POLARIS_LOG {"event":"send_rate","rate":304000,"ts":1760557474.1181285}
2025/10/15 19:44:35 POLARIS_LOG {"event":"send_rate","rate":304000,"ts":1760557475.1183052}
2025/10/15 19:44:36 POLARIS_LOG {"event":"send_rate","rate":296000,"ts":1760557476.1177754}
2025/10/15 19:44:37 POLARIS_LOG {"event":"send_rate","rate":296000,"ts":1760557477.119298}
2025/10/15 19:44:38 POLARIS_LOG {"event":"send_rate","rate":304000,"ts":1760557478.1178179}
2025/10/15 19:44:39 POLARIS_LOG {"event":"send_rate","rate":304000,"ts":1760557479.117453}
2025/10/15 19:44:40 POLARIS_LOG {"event":"send_rate","rate":296000,"ts":1760557480.117987}
2025/10/15 19:44:41 POLARIS_LOG {"event":"send_rate","rate":304000,"ts":1760557481.1178577}
2025/10/15 19:44:42 POLARIS_LOG {"event":"send_rate","rate":296000,"ts":1760557482.117962}
2025/10/15 19:44:43 POLARIS_LOG {"event":"send_rate","rate":304000,"ts":1760557483.1175814}
2025/10/15 19:44:44 POLARIS_LOG {"event":"send_rate","rate":296000,"ts":1760557484.118124}
2025/10/15 19:44:45 POLARIS_LOG {"event":"send_rate","rate":304000,"ts":1760557485.1180696}
2025/10/15 19:44:46 POLARIS_LOG {"event":"send_rate","rate":296000,"ts":1760557486.1182775}
2025/10/15 19:44:47 POLARIS_LOG {"event":"send_rate","rate":296000,"ts":1760557487.1187057}
2025/10/15 19:44:48 POLARIS_LOG {"event":"send_rate","rate":304000,"ts":1760557488.1178515}
2025/10/15 19:44:49 POLARIS_LOG {"event":"send_rate","rate":296000,"ts":1760557489.1180797}
2025/10/15 19:44:50 POLARIS_LOG {"event":"send_rate","rate":304000,"ts":1760557490.120854}
2025/10/15 19:44:51 POLARIS_LOG {"event":"send_rate","rate":296000,"ts":1760557491.1213107}
2025/10/15 19:44:52 POLARIS_LOG {"event":"send_rate","rate":304000,"ts":1760557492.1178362}
2025/10/15 19:44:53 POLARIS_LOG {"event":"send_rate","rate":304000,"ts":1760557493.1180167}
2025/10/15 19:44:54 POLARIS_LOG {"event":"send_rate","rate":296000,"ts":1760557494.1178052}
2025/10/15 19:44:55 POLARIS_LOG {"event":"send_rate","rate":296000,"ts":1760557495.1179953}
2025/10/15 19:44:56 POLARIS_LOG {"event":"send_rate","rate":304000,"ts":1760557496.1180947}
2025/10/15 19:44:57 POLARIS_LOG {"event":"send_rate","rate":296000,"ts":1760557497.1178124}
2025/10/15 19:44:58 POLARIS_LOG {"event":"send_rate","rate":304000,"ts":1760557498.1206725}
2025/10/15 19:44:59 POLARIS_LOG {"event":"send_rate","rate":296000,"ts":1760557499.1181304}
2025/10/15 19:45:00 POLARIS_LOG {"event":"send_rate","rate":304000,"ts":1760557500.118245}
2025/10/15 19:45:01 POLARIS_LOG {"event":"send_rate","rate":304000,"ts":1760557501.1195836}
2025/10/15 19:45:02 POLARIS_LOG {"event":"send_rate","rate":296000,"ts":1760557502.1181245}
2025/10/15 19:45:03 POLARIS_LOG {"event":"send_rate","rate":296000,"ts":1760557503.1183746}
2025/10/15 19:45:04 POLARIS_LOG {"event":"send_rate","rate":304000,"ts":1760557504.1187565}
2025/10/15 19:45:05 POLARIS_LOG {"event":"send_rate","rate":296000,"ts":1760557505.1187375}
2025/10/15 19:45:06 POLARIS_LOG {"event":"send_rate","rate":304000,"ts":1760557506.1203165}
2025/10/15 19:45:07 POLARIS_LOG {"event":"send_rate","rate":296000,"ts":1760557507.117972}
2025/10/15 19:45:08 POLARIS_LOG {"event":"send_rate","rate":304000,"ts":1760557508.1177964}
2025/10/15 19:45:09 POLARIS_LOG {"event":"send_rate","rate":296000,"ts":1760557509.1173244}
2025/10/15 19:45:10 POLARIS_LOG {"event":"send_rate","rate":304000,"ts":1760557510.1172006}
2025/10/15 19:45:11 POLARIS_LOG {"event":"send_rate","rate":296000,"ts":1760557511.1173263}
2025/10/15 19:45:12 POLARIS_LOG {"event":"send_rate","rate":304000,"ts":1760557512.1179461}
2025/10/15 19:45:13 POLARIS_LOG {"event":"send_rate","rate":296000,"ts":1760557513.1196544}
2025/10/15 19:45:14 POLARIS_LOG {"event":"send_rate","rate":304000,"ts":1760557514.1174293}
2025/10/15 19:45:15 POLARIS_LOG {"event":"send_rate","rate":296000,"ts":1760557515.1183841}
2025/10/15 19:45:16 POLARIS_LOG {"event":"send_rate","rate":304000,"ts":1760557516.1171682}
2025/10/15 19:45:17 POLARIS_LOG {"event":"send_rate","rate":296000,"ts":1760557517.11927}
2025/10/15 19:45:18 POLARIS_LOG {"event":"send_rate","rate":304000,"ts":1760557518.1192436}
2025/10/15 19:45:19 POLARIS_LOG {"event":"send_rate","rate":296000,"ts":1760557519.1183946}
2025/10/15 19:45:20 POLARIS_LOG {"event":"send_rate","rate":304000,"ts":1760557520.1187768}
2025/10/15 19:45:21 POLARIS_LOG {"event":"send_rate","rate":296000,"ts":1760557521.1181703}
2025/10/15 19:45:22 POLARIS_LOG {"event":"send_rate","rate":304000,"ts":1760557522.1180923}
2025/10/15 19:45:23 POLARIS_LOG {"event":"send_rate","rate":296000,"ts":1760557523.1192586}
2025/10/15 19:45:24 POLARIS_LOG {"event":"send_rate","rate":304000,"ts":1760557524.118098}
2025/10/15 19:45:25 POLARIS_LOG {"event":"send_rate","rate":296000,"ts":1760557525.1181068}
2025/10/15 19:45:26 POLARIS_LOG {"event":"send_rate","rate":304000,"ts":1760557526.130611}
2025/10/15 19:45:27 POLARIS_LOG {"event":"send_rate","rate":296000,"ts":1760557527.1191442}
2025/10/15 19:45:28 POLARIS_LOG {"event":"send_rate","rate":304000,"ts":1760557528.1177092}
2025/10/15 19:45:29 POLARIS_LOG {"event":"send_rate","rate":304000,"ts":1760557529.1359313}
2025/10/15 19:45:30 POLARIS_LOG {"event":"send_rate","rate":296000,"ts":1760557530.1179633}
2025/10/15 19:45:31 POLARIS_LOG {"event":"send_rate","rate":296000,"ts":1760557531.1196675}
2025/10/15 19:45:32 POLARIS_LOG {"event":"send_rate","rate":304000,"ts":1760557532.1181388}
2025/10/15 19:45:33 POLARIS_LOG {"event":"send_rate","rate":296000,"ts":1760557533.1224325}
2025/10/15 19:45:34 POLARIS_LOG {"event":"send_rate","rate":304000,"ts":1760557534.118655}
2025/10/15 19:45:35 POLARIS_LOG {"event":"send_rate","rate":296000,"ts":1760557535.1194434}
2025/10/15 19:45:36 POLARIS_LOG {"event":"send_rate","rate":304000,"ts":1760557536.117965}
2025/10/15 19:45:37 POLARIS_LOG {"event":"send_rate","rate":296000,"ts":1760557537.11831}
2025/10/15 19:45:38 POLARIS_LOG {"event":"send_rate","rate":304000,"ts":1760557538.1178453}
2025/10/15 19:45:39 POLARIS_LOG {"event":"send_rate","rate":296000,"ts":1760557539.1176622}
2025/10/15 19:45:40 POLARIS_LOG {"event":"send_rate","rate":296000,"ts":1760557540.1273618}
2025/10/15 19:45:41 POLARIS_LOG {"event":"send_rate","rate":304000,"ts":1760557541.1201236}
2025/10/15 19:45:42 POLARIS_LOG {"event":"send_rate","rate":304000,"ts":1760557542.1182575}
2025/10/15 19:45:43 POLARIS_LOG {"event":"send_rate","rate":296000,"ts":1760557543.1195464}
2025/10/15 19:45:44 POLARIS_LOG {"event":"send_rate","rate":304000,"ts":1760557544.117166}
2025/10/15 19:45:45 POLARIS_LOG {"event":"send_rate","rate":296000,"ts":1760557545.1186786}
2025/10/15 19:45:46 POLARIS_LOG {"event":"send_rate","rate":304000,"ts":1760557546.1195633}
2025/10/15 19:45:47 POLARIS_LOG {"event":"send_rate","rate":296000,"ts":1760557547.1186721}
2025/10/15 19:45:48 POLARIS_LOG {"event":"send_rate","rate":304000,"ts":1760557548.1189897}
2025/10/15 19:45:49 POLARIS_LOG {"event":"send_rate","rate":296000,"ts":1760557549.1175787}
We need to sleep for 1 seconds before we can get the results
Drain Loop received packet
Drain Loop received non-nil payload
2025/10/15 19:45:50 POLARIS_LOG {"event":"send_rate","rate":8000,"ts":1760557550.1172168}
Client sent 10237 packets, server reported 10226 packets received
The network loss rate from client to server is 0.1%

S->C results
Attempted bandwidth: 0 bps / 0.00 Mbps
Achieved bandwidth: 0 bps / 0.00 Mbps
Loss rate: 0.0%
Interarrival time min/avg/max/mdev = -0.000/0.000/0.000/0.000 ms

C->S results
Attempted bandwidth: 299985 bps / 0.30 Mbps
Achieved bandwidth: 299663 bps / 0.30 Mbps
Loss rate: 0.1%
Interarrival time min/avg/max/mdev = 0.002/26.649/507.573/21.930 ms
