
Test parameters:
client->server: 249 seconds, 1000 bytes, 9337 packets
server->client: 249 seconds, 1000 bytes, 0 packets
2025/10/15 19:41:40 POLARIS_LOG {"current_rate":0,"event":"path_switch","new":"7 7","trigger":"initialization","ts":1760557300.146315}
Polaris prober initialized with 14 paths
Polaris prober initialized with local 1-114,10.114.0.71:32740 and remote 1-112,10.112.0.71
2025/10/15 19:41:42 POLARIS_LOG {"event":"send_rate","rate":0,"ts":1760557302.152114}
2025/10/15 19:41:43 POLARIS_LOG {"event":"send_rate","rate":128000,"ts":1760557303.148219}
2025/10/15 19:41:44 POLARIS_LOG {"event":"send_rate","rate":296000,"ts":1760557304.156697}
2025/10/15 19:41:45 POLARIS_LOG {"event":"send_rate","rate":304000,"ts":1760557305.150511}
2025/10/15 19:41:46 POLARIS_LOG {"event":"send_rate","rate":296000,"ts":1760557306.1594536}
2025/10/15 19:41:47 POLARIS_LOG {"event":"send_rate","rate":304000,"ts":1760557307.1507225}
2025/10/15 19:41:48 POLARIS_LOG {"event":"send_rate","rate":296000,"ts":1760557308.1483178}
2025/10/15 19:41:49 POLARIS_LOG {"event":"send_rate","rate":304000,"ts":1760557309.147496}
2025/10/15 19:41:50 POLARIS_LOG {"event":"send_rate","rate":296000,"ts":1760557310.1497386}
2025/10/15 19:41:51 POLARIS_LOG {"event":"send_rate","rate":304000,"ts":1760557311.1503336}
2025/10/15 19:41:52 POLARIS_LOG {"event":"send_rate","rate":296000,"ts":1760557312.1475375}
2025/10/15 19:41:53 POLARIS_LOG {"event":"send_rate","rate":304000,"ts":1760557313.1505296}
2025/10/15 19:41:54 POLARIS_LOG {"event":"send_rate","rate":296000,"ts":1760557314.1479812}
2025/10/15 19:41:55 POLARIS_LOG {"event":"send_rate","rate":304000,"ts":1760557315.1486812}
2025/10/15 19:41:56 POLARIS_LOG {"event":"send_rate","rate":296000,"ts":1760557316.148549}
2025/10/15 19:41:57 POLARIS_LOG {"event":"send_rate","rate":304000,"ts":1760557317.1572545}
2025/10/15 19:41:58 POLARIS_LOG {"event":"send_rate","rate":296000,"ts":1760557318.1478894}
2025/10/15 19:41:59 POLARIS_LOG {"event":"send_rate","rate":296000,"ts":1760557319.1497803}
2025/10/15 19:42:00 POLARIS_LOG {"event":"send_rate","rate":304000,"ts":1760557320.147771}
2025/10/15 19:42:01 POLARIS_LOG {"event":"send_rate","rate":296000,"ts":1760557321.1481304}
2025/10/15 19:42:02 POLARIS_LOG {"event":"send_rate","rate":304000,"ts":1760557322.148927}
2025/10/15 19:42:03 POLARIS_LOG {"event":"send_rate","rate":296000,"ts":1760557323.148396}
2025/10/15 19:42:04 POLARIS_LOG {"event":"send_rate","rate":304000,"ts":1760557324.1512876}
2025/10/15 19:42:05 POLARIS_LOG {"event":"send_rate","rate":296000,"ts":1760557325.1475704}
2025/10/15 19:42:06 POLARIS_LOG {"event":"send_rate","rate":304000,"ts":1760557326.149296}
2025/10/15 19:42:07 POLARIS_LOG {"event":"send_rate","rate":304000,"ts":1760557327.1677375}
2025/10/15 19:42:08 POLARIS_LOG {"event":"send_rate","rate":296000,"ts":1760557328.1478662}
2025/10/15 19:42:09 POLARIS_LOG {"event":"send_rate","rate":296000,"ts":1760557329.1488616}
2025/10/15 19:42:10 POLARIS_LOG {"event":"send_rate","rate":304000,"ts":1760557330.1484373}
2025/10/15 19:42:11 POLARIS_LOG {"event":"send_rate","rate":304000,"ts":1760557331.151703}
2025/10/15 19:42:12 POLARIS_LOG {"event":"send_rate","rate":296000,"ts":1760557332.1486144}
2025/10/15 19:42:13 POLARIS_LOG {"event":"send_rate","rate":296000,"ts":1760557333.1478457}
2025/10/15 19:42:14 POLARIS_LOG {"event":"send_rate","rate":304000,"ts":1760557334.1505737}
2025/10/15 19:42:15 POLARIS_LOG {"event":"send_rate","rate":296000,"ts":1760557335.1485445}
2025/10/15 19:42:16 POLARIS_LOG {"event":"send_rate","rate":304000,"ts":1760557336.148463}
2025/10/15 19:42:17 POLARIS_LOG {"event":"send_rate","rate":296000,"ts":1760557337.1484036}
2025/10/15 19:42:18 POLARIS_LOG {"event":"send_rate","rate":304000,"ts":1760557338.1507375}
2025/10/15 19:42:19 POLARIS_LOG {"event":"send_rate","rate":296000,"ts":1760557339.148028}
2025/10/15 19:42:20 POLARIS_LOG {"event":"send_rate","rate":304000,"ts":1760557340.152523}
2025/10/15 19:42:21 POLARIS_LOG {"event":"send_rate","rate":296000,"ts":1760557341.1478822}
2025/10/15 19:42:22 POLARIS_LOG {"event":"send_rate","rate":304000,"ts":1760557342.1486602}
2025/10/15 19:42:23 POLARIS_LOG {"event":"send_rate","rate":296000,"ts":1760557343.1483283}
2025/10/15 19:42:24 POLARIS_LOG {"event":"send_rate","rate":304000,"ts":1760557344.1530068}
2025/10/15 19:42:25 POLARIS_LOG {"event":"send_rate","rate":296000,"ts":1760557345.148697}
2025/10/15 19:42:26 POLARIS_LOG {"event":"send_rate","rate":304000,"ts":1760557346.1479714}
2025/10/15 19:42:27 POLARIS_LOG {"event":"send_rate","rate":296000,"ts":1760557347.1483934}
2025/10/15 19:42:28 POLARIS_LOG {"event":"send_rate","rate":304000,"ts":1760557348.148903}
2025/10/15 19:42:29 POLARIS_LOG {"event":"send_rate","rate":296000,"ts":1760557349.1484423}
2025/10/15 19:42:30 POLARIS_LOG {"event":"send_rate","rate":304000,"ts":1760557350.1479857}
2025/10/15 19:42:31 POLARIS_LOG {"event":"send_rate","rate":296000,"ts":1760557351.1496773}
2025/10/15 19:42:32 POLARIS_LOG {"event":"send_rate","rate":304000,"ts":1760557352.1477895}
2025/10/15 19:42:33 POLARIS_LOG {"event":"send_rate","rate":296000,"ts":1760557353.1479979}
2025/10/15 19:42:34 POLARIS_LOG {"event":"send_rate","rate":304000,"ts":1760557354.1506503}
2025/10/15 19:42:35 POLARIS_LOG {"event":"send_rate","rate":296000,"ts":1760557355.1479654}
2025/10/15 19:42:36 POLARIS_LOG {"event":"send_rate","rate":304000,"ts":1760557356.1487937}
2025/10/15 19:42:37 POLARIS_LOG {"event":"send_rate","rate":296000,"ts":1760557357.1485395}
2025/10/15 19:42:38 POLARIS_LOG {"event":"send_rate","rate":304000,"ts":1760557358.1489143}
2025/10/15 19:42:39 POLARIS_LOG {"event":"send_rate","rate":296000,"ts":1760557359.147973}
2025/10/15 19:42:40 POLARIS_LOG {"event":"send_rate","rate":304000,"ts":1760557360.1478934}
2025/10/15 19:42:41 POLARIS_LOG {"event":"send_rate","rate":296000,"ts":1760557361.1489398}
2025/10/15 19:42:42 POLARIS_LOG {"event":"send_rate","rate":304000,"ts":1760557362.148411}
2025/10/15 19:42:43 POLARIS_LOG {"event":"send_rate","rate":296000,"ts":1760557363.1481721}
2025/10/15 19:42:44 POLARIS_LOG {"event":"send_rate","rate":304000,"ts":1760557364.148515}
2025/10/15 19:42:45 POLARIS_LOG {"event":"send_rate","rate":296000,"ts":1760557365.1492875}
2025/10/15 19:42:46 POLARIS_LOG {"event":"send_rate","rate":304000,"ts":1760557366.150512}
2025/10/15 19:42:47 POLARIS_LOG {"event":"send_rate","rate":296000,"ts":1760557367.1484203}
2025/10/15 19:42:48 POLARIS_LOG {"event":"send_rate","rate":304000,"ts":1760557368.1519308}
2025/10/15 19:42:49 POLARIS_LOG {"event":"send_rate","rate":296000,"ts":1760557369.1482835}
2025/10/15 19:42:50 POLARIS_LOG {"event":"send_rate","rate":304000,"ts":1760557370.1480002}
2025/10/15 19:42:51 POLARIS_LOG {"event":"send_rate","rate":296000,"ts":1760557371.147902}
2025/10/15 19:42:52 POLARIS_LOG {"event":"send_rate","rate":304000,"ts":1760557372.1484876}
2025/10/15 19:42:53 POLARIS_LOG {"event":"send_rate","rate":296000,"ts":1760557373.1483617}
2025/10/15 19:42:54 POLARIS_LOG {"event":"send_rate","rate":304000,"ts":1760557374.1491597}
2025/10/15 19:42:55 POLARIS_LOG {"event":"send_rate","rate":296000,"ts":1760557375.1510718}
2025/10/15 19:42:56 POLARIS_LOG {"event":"send_rate","rate":304000,"ts":1760557376.1512918}
2025/10/15 19:42:57 POLARIS_LOG {"event":"send_rate","rate":296000,"ts":1760557377.1489625}
2025/10/15 19:42:58 POLARIS_LOG {"event":"send_rate","rate":304000,"ts":1760557378.1488724}
2025/10/15 19:42:59 POLARIS_LOG {"event":"send_rate","rate":304000,"ts":1760557379.1698883}
2025/10/15 19:43:00 POLARIS_LOG {"event":"send_rate","rate":296000,"ts":1760557380.1513906}
2025/10/15 19:43:01 POLARIS_LOG {"event":"send_rate","rate":296000,"ts":1760557381.1554034}
2025/10/15 19:43:02 POLARIS_LOG {"event":"send_rate","rate":304000,"ts":1760557382.1495712}
2025/10/15 19:43:03 POLARIS_LOG {"event":"send_rate","rate":296000,"ts":1760557383.1490228}
2025/10/15 19:43:04 POLARIS_LOG {"event":"send_rate","rate":304000,"ts":1760557384.1475456}
2025/10/15 19:43:05 POLARIS_LOG {"event":"send_rate","rate":296000,"ts":1760557385.1502137}
2025/10/15 19:43:06 POLARIS_LOG {"event":"send_rate","rate":304000,"ts":1760557386.147781}
2025/10/15 19:43:07 POLARIS_LOG {"event":"send_rate","rate":296000,"ts":1760557387.1478066}
2025/10/15 19:43:08 POLARIS_LOG {"event":"send_rate","rate":304000,"ts":1760557388.1484075}
2025/10/15 19:43:09 POLARIS_LOG {"event":"send_rate","rate":296000,"ts":1760557389.1482542}
2025/10/15 19:43:10 POLARIS_LOG {"event":"send_rate","rate":304000,"ts":1760557390.1482322}
2025/10/15 19:43:11 POLARIS_LOG {"event":"send_rate","rate":296000,"ts":1760557391.1484134}
2025/10/15 19:43:12 POLARIS_LOG {"event":"send_rate","rate":304000,"ts":1760557392.1501675}
2025/10/15 19:43:13 POLARIS_LOG {"event":"send_rate","rate":296000,"ts":1760557393.1500318}
2025/10/15 19:43:14 POLARIS_LOG {"event":"send_rate","rate":304000,"ts":1760557394.151006}
2025/10/15 19:43:15 POLARIS_LOG {"event":"send_rate","rate":296000,"ts":1760557395.151276}
2025/10/15 19:43:16 POLARIS_LOG {"event":"send_rate","rate":304000,"ts":1760557396.1513422}
2025/10/15 19:43:17 POLARIS_LOG {"event":"send_rate","rate":296000,"ts":1760557397.148438}
2025/10/15 19:43:18 POLARIS_LOG {"event":"send_rate","rate":304000,"ts":1760557398.1482415}
2025/10/15 19:43:19 POLARIS_LOG {"event":"send_rate","rate":296000,"ts":1760557399.1477957}
2025/10/15 19:43:20 POLARIS_LOG {"event":"send_rate","rate":304000,"ts":1760557400.1483953}
2025/10/15 19:43:21 POLARIS_LOG {"event":"send_rate","rate":296000,"ts":1760557401.1480742}
2025/10/15 19:43:22 POLARIS_LOG {"event":"send_rate","rate":296000,"ts":1760557402.1528003}
2025/10/15 19:43:23 POLARIS_LOG {"event":"send_rate","rate":304000,"ts":1760557403.1492999}
2025/10/15 19:43:24 POLARIS_LOG {"event":"send_rate","rate":296000,"ts":1760557404.14884}
2025/10/15 19:43:25 POLARIS_LOG {"event":"send_rate","rate":304000,"ts":1760557405.148063}
2025/10/15 19:43:26 POLARIS_LOG {"event":"send_rate","rate":296000,"ts":1760557406.1481311}
2025/10/15 19:43:27 POLARIS_LOG {"event":"send_rate","rate":304000,"ts":1760557407.148277}
2025/10/15 19:43:28 POLARIS_LOG {"event":"send_rate","rate":296000,"ts":1760557408.1487546}
2025/10/15 19:43:29 POLARIS_LOG {"event":"send_rate","rate":304000,"ts":1760557409.1496232}
2025/10/15 19:43:30 POLARIS_LOG {"event":"send_rate","rate":296000,"ts":1760557410.1491845}
2025/10/15 19:43:31 POLARIS_LOG {"event":"send_rate","rate":304000,"ts":1760557411.1500874}
2025/10/15 19:43:32 POLARIS_LOG {"event":"send_rate","rate":296000,"ts":1760557412.1484501}
2025/10/15 19:43:33 POLARIS_LOG {"event":"send_rate","rate":304000,"ts":1760557413.15031}
2025/10/15 19:43:34 POLARIS_LOG {"event":"send_rate","rate":296000,"ts":1760557414.1478283}
2025/10/15 19:43:35 POLARIS_LOG {"event":"send_rate","rate":304000,"ts":1760557415.1503918}
2025/10/15 19:43:36 POLARIS_LOG {"event":"send_rate","rate":304000,"ts":1760557416.1510077}
2025/10/15 19:43:37 POLARIS_LOG {"event":"send_rate","rate":296000,"ts":1760557417.1487396}
2025/10/15 19:43:38 POLARIS_LOG {"event":"send_rate","rate":296000,"ts":1760557418.148385}
2025/10/15 19:43:39 POLARIS_LOG {"event":"send_rate","rate":304000,"ts":1760557419.1492245}
2025/10/15 19:43:40 POLARIS_LOG {"event":"send_rate","rate":296000,"ts":1760557420.1510901}
2025/10/15 19:43:41 POLARIS_LOG {"event":"send_rate","rate":304000,"ts":1760557421.1480625}
2025/10/15 19:43:42 POLARIS_LOG {"event":"send_rate","rate":296000,"ts":1760557422.1484766}
2025/10/15 19:43:43 POLARIS_LOG {"event":"send_rate","rate":304000,"ts":1760557423.1481872}
2025/10/15 19:43:44 POLARIS_LOG {"event":"send_rate","rate":296000,"ts":1760557424.1477573}
2025/10/15 19:43:45 POLARIS_LOG {"event":"send_rate","rate":304000,"ts":1760557425.1479285}
2025/10/15 19:43:46 POLARIS_LOG {"event":"send_rate","rate":296000,"ts":1760557426.1478798}
2025/10/15 19:43:47 POLARIS_LOG {"event":"send_rate","rate":304000,"ts":1760557427.1481314}
2025/10/15 19:43:48 POLARIS_LOG {"event":"send_rate","rate":296000,"ts":1760557428.1508498}
2025/10/15 19:43:49 POLARIS_LOG {"event":"send_rate","rate":304000,"ts":1760557429.1505938}
2025/10/15 19:43:50 POLARIS_LOG {"event":"send_rate","rate":296000,"ts":1760557430.148005}
2025/10/15 19:43:51 POLARIS_LOG {"event":"send_rate","rate":304000,"ts":1760557431.148365}
2025/10/15 19:43:52 POLARIS_LOG {"event":"send_rate","rate":296000,"ts":1760557432.1482375}
2025/10/15 19:43:53 POLARIS_LOG {"event":"send_rate","rate":304000,"ts":1760557433.1512978}
2025/10/15 19:43:54 POLARIS_LOG {"event":"send_rate","rate":296000,"ts":1760557434.1500032}
2025/10/15 19:43:55 POLARIS_LOG {"event":"send_rate","rate":304000,"ts":1760557435.151326}
2025/10/15 19:43:56 POLARIS_LOG {"event":"send_rate","rate":296000,"ts":1760557436.1476912}
2025/10/15 19:43:57 POLARIS_LOG {"event":"send_rate","rate":304000,"ts":1760557437.1476626}
2025/10/15 19:43:58 POLARIS_LOG {"event":"send_rate","rate":296000,"ts":1760557438.151193}
2025/10/15 19:43:59 POLARIS_LOG {"event":"send_rate","rate":304000,"ts":1760557439.1479056}
2025/10/15 19:44:00 POLARIS_LOG {"event":"send_rate","rate":296000,"ts":1760557440.1487}
2025/10/15 19:44:01 POLARIS_LOG {"event":"send_rate","rate":304000,"ts":1760557441.1475334}
2025/10/15 19:44:02 POLARIS_LOG {"event":"send_rate","rate":296000,"ts":1760557442.149312}
2025/10/15 19:44:03 POLARIS_LOG {"event":"send_rate","rate":304000,"ts":1760557443.148}
2025/10/15 19:44:04 POLARIS_LOG {"event":"send_rate","rate":296000,"ts":1760557444.1476586}
2025/10/15 19:44:05 POLARIS_LOG {"event":"send_rate","rate":304000,"ts":1760557445.1487153}
2025/10/15 19:44:06 POLARIS_LOG {"event":"send_rate","rate":296000,"ts":1760557446.1475344}
2025/10/15 19:44:07 POLARIS_LOG {"event":"send_rate","rate":304000,"ts":1760557447.1506217}
2025/10/15 19:44:08 POLARIS_LOG {"event":"send_rate","rate":296000,"ts":1760557448.148421}
2025/10/15 19:44:09 POLARIS_LOG {"event":"send_rate","rate":304000,"ts":1760557449.1478152}
2025/10/15 19:44:10 POLARIS_LOG {"event":"send_rate","rate":296000,"ts":1760557450.1477597}
2025/10/15 19:44:11 POLARIS_LOG {"event":"send_rate","rate":304000,"ts":1760557451.148609}
2025/10/15 19:44:12 POLARIS_LOG {"event":"send_rate","rate":296000,"ts":1760557452.148374}
2025/10/15 19:44:13 POLARIS_LOG {"event":"send_rate","rate":304000,"ts":1760557453.1478627}
2025/10/15 19:44:14 POLARIS_LOG {"event":"send_rate","rate":296000,"ts":1760557454.1493673}
2025/10/15 19:44:15 POLARIS_LOG {"event":"send_rate","rate":304000,"ts":1760557455.148468}
2025/10/15 19:44:16 POLARIS_LOG {"event":"send_rate","rate":296000,"ts":1760557456.1482923}
2025/10/15 19:44:17 POLARIS_LOG {"event":"send_rate","rate":304000,"ts":1760557457.1478636}
2025/10/15 19:44:18 POLARIS_LOG {"event":"send_rate","rate":296000,"ts":1760557458.150052}
2025/10/15 19:44:19 POLARIS_LOG {"event":"send_rate","rate":304000,"ts":1760557459.1474967}
2025/10/15 19:44:20 POLARIS_LOG {"event":"send_rate","rate":296000,"ts":1760557460.1505053}
2025/10/15 19:44:21 POLARIS_LOG {"event":"send_rate","rate":304000,"ts":1760557461.1482646}
2025/10/15 19:44:22 POLARIS_LOG {"event":"send_rate","rate":296000,"ts":1760557462.1475456}
2025/10/15 19:44:23 POLARIS_LOG {"event":"send_rate","rate":304000,"ts":1760557463.1481776}
2025/10/15 19:44:24 POLARIS_LOG {"event":"send_rate","rate":296000,"ts":1760557464.1483982}
2025/10/15 19:44:25 POLARIS_LOG {"event":"send_rate","rate":304000,"ts":1760557465.148455}
2025/10/15 19:44:26 POLARIS_LOG {"event":"send_rate","rate":296000,"ts":1760557466.1487372}
2025/10/15 19:44:27 POLARIS_LOG {"event":"send_rate","rate":304000,"ts":1760557467.1484466}
2025/10/15 19:44:28 POLARIS_LOG {"event":"send_rate","rate":296000,"ts":1760557468.1480174}
2025/10/15 19:44:29 POLARIS_LOG {"event":"send_rate","rate":304000,"ts":1760557469.1516554}
2025/10/15 19:44:30 POLARIS_LOG {"event":"send_rate","rate":296000,"ts":1760557470.1478486}
2025/10/15 19:44:31 POLARIS_LOG {"event":"send_rate","rate":304000,"ts":1760557471.1493149}
2025/10/15 19:44:32 POLARIS_LOG {"event":"send_rate","rate":296000,"ts":1760557472.1481168}
2025/10/15 19:44:33 POLARIS_LOG {"event":"send_rate","rate":304000,"ts":1760557473.148406}
2025/10/15 19:44:34 POLARIS_LOG {"event":"send_rate","rate":296000,"ts":1760557474.148624}
2025/10/15 19:44:35 POLARIS_LOG {"event":"send_rate","rate":304000,"ts":1760557475.1477487}
2025/10/15 19:44:36 POLARIS_LOG {"event":"send_rate","rate":296000,"ts":1760557476.1569693}
2025/10/15 19:44:37 POLARIS_LOG {"event":"send_rate","rate":304000,"ts":1760557477.1478438}
2025/10/15 19:44:38 POLARIS_LOG {"event":"send_rate","rate":296000,"ts":1760557478.155481}
2025/10/15 19:44:39 POLARIS_LOG {"event":"send_rate","rate":304000,"ts":1760557479.1487837}
2025/10/15 19:44:40 POLARIS_LOG {"event":"send_rate","rate":296000,"ts":1760557480.1487923}
2025/10/15 19:44:41 POLARIS_LOG {"event":"send_rate","rate":304000,"ts":1760557481.148751}
2025/10/15 19:44:42 POLARIS_LOG {"event":"send_rate","rate":296000,"ts":1760557482.1485868}
2025/10/15 19:44:43 POLARIS_LOG {"event":"send_rate","rate":296000,"ts":1760557483.1479843}
2025/10/15 19:44:44 POLARIS_LOG {"event":"send_rate","rate":304000,"ts":1760557484.1485171}
2025/10/15 19:44:45 POLARIS_LOG {"event":"send_rate","rate":296000,"ts":1760557485.1478832}
2025/10/15 19:44:46 POLARIS_LOG {"event":"send_rate","rate":304000,"ts":1760557486.148231}
2025/10/15 19:44:47 POLARIS_LOG {"event":"send_rate","rate":296000,"ts":1760557487.148465}
2025/10/15 19:44:48 POLARIS_LOG {"event":"send_rate","rate":304000,"ts":1760557488.1521068}
2025/10/15 19:44:49 POLARIS_LOG {"event":"send_rate","rate":304000,"ts":1760557489.15075}
2025/10/15 19:44:50 POLARIS_LOG {"event":"send_rate","rate":296000,"ts":1760557490.1518493}
2025/10/15 19:44:51 POLARIS_LOG {"event":"send_rate","rate":296000,"ts":1760557491.1490037}
2025/10/15 19:44:52 POLARIS_LOG {"event":"send_rate","rate":304000,"ts":1760557492.1480174}
2025/10/15 19:44:53 POLARIS_LOG {"event":"send_rate","rate":296000,"ts":1760557493.148368}
2025/10/15 19:44:54 POLARIS_LOG {"event":"send_rate","rate":304000,"ts":1760557494.1616938}
2025/10/15 19:44:55 POLARIS_LOG {"event":"send_rate","rate":296000,"ts":1760557495.1485682}
2025/10/15 19:44:56 POLARIS_LOG {"event":"send_rate","rate":304000,"ts":1760557496.1484172}
2025/10/15 19:44:57 POLARIS_LOG {"event":"send_rate","rate":296000,"ts":1760557497.148676}
2025/10/15 19:44:58 POLARIS_LOG {"event":"send_rate","rate":304000,"ts":1760557498.1477082}
2025/10/15 19:44:59 POLARIS_LOG {"event":"send_rate","rate":296000,"ts":1760557499.14874}
2025/10/15 19:45:00 POLARIS_LOG {"event":"send_rate","rate":304000,"ts":1760557500.1490624}
2025/10/15 19:45:01 POLARIS_LOG {"event":"send_rate","rate":296000,"ts":1760557501.1495697}
2025/10/15 19:45:02 POLARIS_LOG {"event":"send_rate","rate":304000,"ts":1760557502.1482773}
2025/10/15 19:45:03 POLARIS_LOG {"event":"send_rate","rate":296000,"ts":1760557503.1480532}
2025/10/15 19:45:04 POLARIS_LOG {"event":"send_rate","rate":304000,"ts":1760557504.1484058}
2025/10/15 19:45:05 POLARIS_LOG {"event":"send_rate","rate":296000,"ts":1760557505.1516044}
2025/10/15 19:45:06 POLARIS_LOG {"event":"send_rate","rate":304000,"ts":1760557506.14869}
2025/10/15 19:45:07 POLARIS_LOG {"event":"send_rate","rate":296000,"ts":1760557507.1507328}
2025/10/15 19:45:08 POLARIS_LOG {"event":"send_rate","rate":304000,"ts":1760557508.160156}
2025/10/15 19:45:09 POLARIS_LOG {"event":"send_rate","rate":296000,"ts":1760557509.1488466}
2025/10/15 19:45:10 POLARIS_LOG {"event":"send_rate","rate":304000,"ts":1760557510.1519194}
2025/10/15 19:45:11 POLARIS_LOG {"event":"send_rate","rate":296000,"ts":1760557511.1479313}
2025/10/15 19:45:12 POLARIS_LOG {"event":"send_rate","rate":304000,"ts":1760557512.1543953}
2025/10/15 19:45:13 POLARIS_LOG {"event":"send_rate","rate":296000,"ts":1760557513.1513512}
2025/10/15 19:45:14 POLARIS_LOG {"event":"send_rate","rate":304000,"ts":1760557514.1480765}
2025/10/15 19:45:15 POLARIS_LOG {"event":"send_rate","rate":296000,"ts":1760557515.148429}
2025/10/15 19:45:16 POLARIS_LOG {"event":"send_rate","rate":304000,"ts":1760557516.1479876}
2025/10/15 19:45:17 POLARIS_LOG {"event":"send_rate","rate":296000,"ts":1760557517.1488502}
2025/10/15 19:45:18 POLARIS_LOG {"event":"send_rate","rate":304000,"ts":1760557518.1480198}
2025/10/15 19:45:19 POLARIS_LOG {"event":"send_rate","rate":296000,"ts":1760557519.1484826}
2025/10/15 19:45:20 POLARIS_LOG {"event":"send_rate","rate":304000,"ts":1760557520.1490705}
2025/10/15 19:45:21 POLARIS_LOG {"event":"send_rate","rate":296000,"ts":1760557521.14854}
2025/10/15 19:45:22 POLARIS_LOG {"event":"send_rate","rate":304000,"ts":1760557522.1483083}
2025/10/15 19:45:23 POLARIS_LOG {"event":"send_rate","rate":296000,"ts":1760557523.1479733}
2025/10/15 19:45:24 POLARIS_LOG {"event":"send_rate","rate":304000,"ts":1760557524.1501825}
2025/10/15 19:45:25 POLARIS_LOG {"event":"send_rate","rate":296000,"ts":1760557525.1483486}
2025/10/15 19:45:26 POLARIS_LOG {"event":"send_rate","rate":304000,"ts":1760557526.1712298}
2025/10/15 19:45:27 POLARIS_LOG {"event":"send_rate","rate":296000,"ts":1760557527.149474}
2025/10/15 19:45:28 POLARIS_LOG {"event":"send_rate","rate":304000,"ts":1760557528.1479733}
2025/10/15 19:45:29 POLARIS_LOG {"event":"send_rate","rate":296000,"ts":1760557529.1515276}
2025/10/15 19:45:30 POLARIS_LOG {"event":"send_rate","rate":304000,"ts":1760557530.1486068}
2025/10/15 19:45:31 POLARIS_LOG {"event":"send_rate","rate":296000,"ts":1760557531.1493645}
2025/10/15 19:45:32 POLARIS_LOG {"event":"send_rate","rate":304000,"ts":1760557532.153429}
2025/10/15 19:45:33 POLARIS_LOG {"event":"send_rate","rate":296000,"ts":1760557533.1489007}
2025/10/15 19:45:34 POLARIS_LOG {"event":"send_rate","rate":304000,"ts":1760557534.1498775}
2025/10/15 19:45:35 POLARIS_LOG {"event":"send_rate","rate":296000,"ts":1760557535.1481562}
2025/10/15 19:45:36 POLARIS_LOG {"event":"send_rate","rate":304000,"ts":1760557536.147648}
2025/10/15 19:45:37 POLARIS_LOG {"event":"send_rate","rate":296000,"ts":1760557537.1515572}
2025/10/15 19:45:38 POLARIS_LOG {"event":"send_rate","rate":304000,"ts":1760557538.1511672}
2025/10/15 19:45:39 POLARIS_LOG {"event":"send_rate","rate":296000,"ts":1760557539.148351}
2025/10/15 19:45:40 POLARIS_LOG {"event":"send_rate","rate":304000,"ts":1760557540.1488428}
2025/10/15 19:45:41 POLARIS_LOG {"event":"send_rate","rate":296000,"ts":1760557541.1487687}
2025/10/15 19:45:42 POLARIS_LOG {"event":"send_rate","rate":304000,"ts":1760557542.1481097}
2025/10/15 19:45:43 POLARIS_LOG {"event":"send_rate","rate":296000,"ts":1760557543.1485107}
2025/10/15 19:45:44 POLARIS_LOG {"event":"send_rate","rate":304000,"ts":1760557544.1597455}
2025/10/15 19:45:45 POLARIS_LOG {"event":"send_rate","rate":296000,"ts":1760557545.152713}
2025/10/15 19:45:46 POLARIS_LOG {"event":"send_rate","rate":304000,"ts":1760557546.1494586}
2025/10/15 19:45:47 POLARIS_LOG {"event":"send_rate","rate":296000,"ts":1760557547.1532674}
2025/10/15 19:45:48 POLARIS_LOG {"event":"send_rate","rate":304000,"ts":1760557548.1480432}
2025/10/15 19:45:49 POLARIS_LOG {"event":"send_rate","rate":296000,"ts":1760557549.1482813}
2025/10/15 19:45:50 POLARIS_LOG {"event":"send_rate","rate":304000,"ts":1760557550.151459}
2025/10/15 19:45:51 POLARIS_LOG {"event":"send_rate","rate":296000,"ts":1760557551.1482964}
Drain Loop received packet
Drain Loop received non-nil payload
Client sent 9337 packets, server reported 9316 packets received
The network loss rate from client to server is 0.2%

S->C results
Attempted bandwidth: 0 bps / 0.00 Mbps
Achieved bandwidth: 0 bps / 0.00 Mbps
Loss rate: 0.0%
Interarrival time min/avg/max/mdev = -0.000/0.000/0.000/0.000 ms

C->S results
Attempted bandwidth: 299983 bps / 0.30 Mbps
Achieved bandwidth: 299309 bps / 0.30 Mbps
Loss rate: 0.2%
Interarrival time min/avg/max/mdev = 0.002/26.541/317.481/17.057 ms
