
Test parameters:
client->server: 285 seconds, 1000 bytes, 10687 packets
server->client: 285 seconds, 1000 bytes, 0 packets
Polaris prober initialized with 14 paths
2025/10/15 19:41:04 POLARIS_LOG {"current_rate":0,"event":"path_switch","new":"7 7","trigger":"initialization","ts":1760557264.0877702}
Polaris prober initialized with local 1-114,10.114.0.71:32758 and remote 1-112,10.112.0.71
2025/10/15 19:41:05 POLARIS_LOG {"event":"send_rate","rate":304000,"ts":1760557265.089361}
2025/10/15 19:41:06 POLARIS_LOG {"event":"send_rate","rate":296000,"ts":1760557266.089486}
2025/10/15 19:41:07 POLARIS_LOG {"event":"send_rate","rate":304000,"ts":1760557267.0895622}
2025/10/15 19:41:08 POLARIS_LOG {"event":"send_rate","rate":296000,"ts":1760557268.0889258}
2025/10/15 19:41:09 POLARIS_LOG {"event":"send_rate","rate":304000,"ts":1760557269.0886822}
2025/10/15 19:41:10 POLARIS_LOG {"event":"send_rate","rate":296000,"ts":1760557270.089346}
2025/10/15 19:41:11 POLARIS_LOG {"event":"send_rate","rate":304000,"ts":1760557271.088683}
2025/10/15 19:41:12 POLARIS_LOG {"event":"send_rate","rate":296000,"ts":1760557272.089757}
2025/10/15 19:41:13 POLARIS_LOG {"event":"send_rate","rate":304000,"ts":1760557273.0895507}
2025/10/15 19:41:14 POLARIS_LOG {"event":"send_rate","rate":296000,"ts":1760557274.0898056}
2025/10/15 19:41:15 POLARIS_LOG {"event":"send_rate","rate":304000,"ts":1760557275.0889964}
2025/10/15 19:41:16 POLARIS_LOG {"event":"send_rate","rate":296000,"ts":1760557276.0889213}
2025/10/15 19:41:17 POLARIS_LOG {"event":"send_rate","rate":304000,"ts":1760557277.0906005}
2025/10/15 19:41:18 POLARIS_LOG {"event":"send_rate","rate":296000,"ts":1760557278.0899084}
2025/10/15 19:41:19 POLARIS_LOG {"event":"send_rate","rate":304000,"ts":1760557279.1033676}
2025/10/15 19:41:20 POLARIS_LOG {"event":"send_rate","rate":296000,"ts":1760557280.0890884}
2025/10/15 19:41:21 POLARIS_LOG {"event":"send_rate","rate":304000,"ts":1760557281.0901904}
2025/10/15 19:41:22 POLARIS_LOG {"event":"send_rate","rate":296000,"ts":1760557282.0895975}
2025/10/15 19:41:23 POLARIS_LOG {"event":"send_rate","rate":304000,"ts":1760557283.089653}
2025/10/15 19:41:24 POLARIS_LOG {"event":"send_rate","rate":296000,"ts":1760557284.0895078}
2025/10/15 19:41:25 POLARIS_LOG {"event":"send_rate","rate":304000,"ts":1760557285.0898776}
2025/10/15 19:41:26 POLARIS_LOG {"event":"send_rate","rate":296000,"ts":1760557286.0891228}
2025/10/15 19:41:27 POLARIS_LOG {"event":"send_rate","rate":304000,"ts":1760557287.0896754}
2025/10/15 19:41:28 POLARIS_LOG {"event":"send_rate","rate":296000,"ts":1760557288.0898137}
2025/10/15 19:41:29 POLARIS_LOG {"event":"send_rate","rate":304000,"ts":1760557289.0897276}
2025/10/15 19:41:30 POLARIS_LOG {"event":"send_rate","rate":296000,"ts":1760557290.090039}
2025/10/15 19:41:31 POLARIS_LOG {"event":"send_rate","rate":304000,"ts":1760557291.088931}
2025/10/15 19:41:32 POLARIS_LOG {"event":"send_rate","rate":296000,"ts":1760557292.089745}
2025/10/15 19:41:33 POLARIS_LOG {"event":"send_rate","rate":304000,"ts":1760557293.0892212}
2025/10/15 19:41:34 POLARIS_LOG {"event":"send_rate","rate":296000,"ts":1760557294.0896132}
2025/10/15 19:41:35 POLARIS_LOG {"event":"send_rate","rate":304000,"ts":1760557295.0898032}
2025/10/15 19:41:36 POLARIS_LOG {"event":"send_rate","rate":296000,"ts":1760557296.0894687}
2025/10/15 19:41:37 POLARIS_LOG {"event":"send_rate","rate":304000,"ts":1760557297.0895615}
2025/10/15 19:41:38 POLARIS_LOG {"event":"send_rate","rate":296000,"ts":1760557298.0895631}
2025/10/15 19:41:39 POLARIS_LOG {"event":"send_rate","rate":304000,"ts":1760557299.0894299}
2025/10/15 19:41:40 POLARIS_LOG {"event":"send_rate","rate":296000,"ts":1760557300.0897331}
2025/10/15 19:41:41 POLARIS_LOG {"event":"send_rate","rate":296000,"ts":1760557301.08975}
2025/10/15 19:41:42 POLARIS_LOG {"event":"send_rate","rate":256000,"ts":1760557302.089017}
2025/10/15 19:41:43 POLARIS_LOG {"event":"send_rate","rate":184000,"ts":1760557303.0888371}
2025/10/15 19:41:44 POLARIS_LOG {"event":"send_rate","rate":176000,"ts":1760557304.0886881}
2025/10/15 19:41:45 POLARIS_LOG {"event":"send_rate","rate":184000,"ts":1760557305.088966}
2025/10/15 19:41:46 POLARIS_LOG {"event":"send_rate","rate":88000,"ts":1760557306.0888245}
2025/10/15 19:41:47 POLARIS_LOG {"event":"send_rate","rate":120000,"ts":1760557307.0923686}
2025/10/15 19:41:48 POLARIS_LOG {"event":"send_rate","rate":168000,"ts":1760557308.0893755}
2025/10/15 19:41:49 POLARIS_LOG {"event":"send_rate","rate":200000,"ts":1760557309.0891879}
2025/10/15 19:41:50 POLARIS_LOG {"event":"send_rate","rate":208000,"ts":1760557310.0889559}
2025/10/15 19:41:51 POLARIS_LOG {"event":"send_rate","rate":160000,"ts":1760557311.0897148}
2025/10/15 19:41:52 POLARIS_LOG {"event":"send_rate","rate":160000,"ts":1760557312.0889492}
2025/10/15 19:41:53 POLARIS_LOG {"event":"send_rate","rate":328000,"ts":1760557313.0897288}
2025/10/15 19:41:54 POLARIS_LOG {"event":"send_rate","rate":496000,"ts":1760557314.089868}
2025/10/15 19:41:55 POLARIS_LOG {"event":"send_rate","rate":768000,"ts":1760557315.0895498}
2025/10/15 19:41:56 POLARIS_LOG {"event":"send_rate","rate":832000,"ts":1760557316.0895712}
2025/10/15 19:41:57 POLARIS_LOG {"event":"send_rate","rate":472000,"ts":1760557317.0895102}
2025/10/15 19:41:58 POLARIS_LOG {"event":"send_rate","rate":304000,"ts":1760557318.0892782}
2025/10/15 19:41:59 POLARIS_LOG {"event":"send_rate","rate":296000,"ts":1760557319.0894582}
2025/10/15 19:42:00 POLARIS_LOG {"event":"send_rate","rate":304000,"ts":1760557320.0955718}
2025/10/15 19:42:01 POLARIS_LOG {"event":"send_rate","rate":304000,"ts":1760557321.095564}
2025/10/15 19:42:02 POLARIS_LOG {"event":"send_rate","rate":296000,"ts":1760557322.0942364}
2025/10/15 19:42:03 POLARIS_LOG {"event":"send_rate","rate":296000,"ts":1760557323.089822}
2025/10/15 19:42:04 POLARIS_LOG {"event":"send_rate","rate":304000,"ts":1760557324.0890443}
2025/10/15 19:42:05 POLARIS_LOG {"event":"send_rate","rate":296000,"ts":1760557325.0901163}
2025/10/15 19:42:06 POLARIS_LOG {"event":"send_rate","rate":304000,"ts":1760557326.0886962}
2025/10/15 19:42:07 POLARIS_LOG {"event":"send_rate","rate":304000,"ts":1760557327.10782}
2025/10/15 19:42:08 POLARIS_LOG {"event":"send_rate","rate":296000,"ts":1760557328.089373}
2025/10/15 19:42:09 POLARIS_LOG {"event":"send_rate","rate":296000,"ts":1760557329.0896056}
2025/10/15 19:42:10 POLARIS_LOG {"event":"send_rate","rate":304000,"ts":1760557330.0896213}
2025/10/15 19:42:11 POLARIS_LOG {"event":"send_rate","rate":296000,"ts":1760557331.0910017}
2025/10/15 19:42:12 POLARIS_LOG {"event":"send_rate","rate":304000,"ts":1760557332.0896356}
2025/10/15 19:42:13 POLARIS_LOG {"event":"send_rate","rate":296000,"ts":1760557333.0896406}
2025/10/15 19:42:14 POLARIS_LOG {"event":"send_rate","rate":304000,"ts":1760557334.0894928}
2025/10/15 19:42:15 POLARIS_LOG {"event":"send_rate","rate":296000,"ts":1760557335.089009}
2025/10/15 19:42:16 POLARIS_LOG {"event":"send_rate","rate":304000,"ts":1760557336.0896513}
2025/10/15 19:42:17 POLARIS_LOG {"event":"send_rate","rate":304000,"ts":1760557337.0924666}
2025/10/15 19:42:18 POLARIS_LOG {"event":"send_rate","rate":296000,"ts":1760557338.089926}
2025/10/15 19:42:19 POLARIS_LOG {"event":"send_rate","rate":296000,"ts":1760557339.0886908}
2025/10/15 19:42:20 POLARIS_LOG {"event":"send_rate","rate":304000,"ts":1760557340.0897703}
2025/10/15 19:42:21 POLARIS_LOG {"event":"send_rate","rate":296000,"ts":1760557341.0965803}
2025/10/15 19:42:22 POLARIS_LOG {"event":"send_rate","rate":304000,"ts":1760557342.0894964}
2025/10/15 19:42:23 POLARIS_LOG {"event":"send_rate","rate":296000,"ts":1760557343.0914063}
2025/10/15 19:42:24 POLARIS_LOG {"event":"send_rate","rate":304000,"ts":1760557344.0887537}
2025/10/15 19:42:25 POLARIS_LOG {"event":"send_rate","rate":296000,"ts":1760557345.0886815}
2025/10/15 19:42:26 POLARIS_LOG {"event":"send_rate","rate":304000,"ts":1760557346.0892546}
2025/10/15 19:42:27 POLARIS_LOG {"event":"send_rate","rate":296000,"ts":1760557347.0899496}
2025/10/15 19:42:28 POLARIS_LOG {"event":"send_rate","rate":304000,"ts":1760557348.0908723}
2025/10/15 19:42:29 POLARIS_LOG {"event":"send_rate","rate":296000,"ts":1760557349.0895286}
2025/10/15 19:42:30 POLARIS_LOG {"event":"send_rate","rate":304000,"ts":1760557350.0901258}
2025/10/15 19:42:31 POLARIS_LOG {"event":"send_rate","rate":296000,"ts":1760557351.088692}
2025/10/15 19:42:32 POLARIS_LOG {"event":"send_rate","rate":304000,"ts":1760557352.0897496}
2025/10/15 19:42:33 POLARIS_LOG {"event":"send_rate","rate":296000,"ts":1760557353.089502}
2025/10/15 19:42:34 POLARIS_LOG {"event":"send_rate","rate":304000,"ts":1760557354.0995557}
2025/10/15 19:42:35 POLARIS_LOG {"event":"send_rate","rate":296000,"ts":1760557355.0887673}
2025/10/15 19:42:36 POLARIS_LOG {"event":"send_rate","rate":304000,"ts":1760557356.0887716}
2025/10/15 19:42:37 POLARIS_LOG {"event":"send_rate","rate":296000,"ts":1760557357.0934522}
2025/10/15 19:42:38 POLARIS_LOG {"event":"send_rate","rate":304000,"ts":1760557358.0894396}
2025/10/15 19:42:39 POLARIS_LOG {"event":"send_rate","rate":296000,"ts":1760557359.0894458}
2025/10/15 19:42:40 POLARIS_LOG {"event":"send_rate","rate":304000,"ts":1760557360.089309}
2025/10/15 19:42:41 POLARIS_LOG {"event":"send_rate","rate":296000,"ts":1760557361.0919182}
2025/10/15 19:42:42 POLARIS_LOG {"event":"send_rate","rate":304000,"ts":1760557362.090527}
2025/10/15 19:42:43 POLARIS_LOG {"event":"send_rate","rate":296000,"ts":1760557363.0891485}
2025/10/15 19:42:44 POLARIS_LOG {"event":"send_rate","rate":304000,"ts":1760557364.09002}
2025/10/15 19:42:45 POLARIS_LOG {"event":"send_rate","rate":304000,"ts":1760557365.0976646}
2025/10/15 19:42:46 POLARIS_LOG {"event":"send_rate","rate":296000,"ts":1760557366.089283}
2025/10/15 19:42:47 POLARIS_LOG {"event":"send_rate","rate":296000,"ts":1760557367.0890143}
2025/10/15 19:42:48 POLARIS_LOG {"event":"send_rate","rate":304000,"ts":1760557368.08958}
2025/10/15 19:42:49 POLARIS_LOG {"event":"send_rate","rate":296000,"ts":1760557369.0948715}
2025/10/15 19:42:50 POLARIS_LOG {"event":"send_rate","rate":304000,"ts":1760557370.090488}
2025/10/15 19:42:51 POLARIS_LOG {"event":"send_rate","rate":296000,"ts":1760557371.089569}
2025/10/15 19:42:52 POLARIS_LOG {"event":"send_rate","rate":304000,"ts":1760557372.091276}
2025/10/15 19:42:53 POLARIS_LOG {"event":"send_rate","rate":296000,"ts":1760557373.0891907}
2025/10/15 19:42:54 POLARIS_LOG {"event":"send_rate","rate":304000,"ts":1760557374.0890288}
2025/10/15 19:42:55 POLARIS_LOG {"event":"send_rate","rate":296000,"ts":1760557375.0899072}
2025/10/15 19:42:56 POLARIS_LOG {"event":"send_rate","rate":304000,"ts":1760557376.0928493}
2025/10/15 19:42:57 POLARIS_LOG {"event":"send_rate","rate":296000,"ts":1760557377.0892706}
2025/10/15 19:42:58 POLARIS_LOG {"event":"send_rate","rate":304000,"ts":1760557378.0893102}
2025/10/15 19:42:59 POLARIS_LOG {"event":"send_rate","rate":296000,"ts":1760557379.089583}
2025/10/15 19:43:00 POLARIS_LOG {"event":"send_rate","rate":304000,"ts":1760557380.090018}
2025/10/15 19:43:01 POLARIS_LOG {"event":"send_rate","rate":296000,"ts":1760557381.0928597}
2025/10/15 19:43:02 POLARIS_LOG {"event":"send_rate","rate":304000,"ts":1760557382.0890608}
2025/10/15 19:43:03 POLARIS_LOG {"event":"send_rate","rate":296000,"ts":1760557383.088656}
2025/10/15 19:43:04 POLARIS_LOG {"event":"send_rate","rate":304000,"ts":1760557384.0897484}
2025/10/15 19:43:05 POLARIS_LOG {"event":"send_rate","rate":296000,"ts":1760557385.0893712}
2025/10/15 19:43:06 POLARIS_LOG {"event":"send_rate","rate":304000,"ts":1760557386.0896401}
2025/10/15 19:43:07 POLARIS_LOG {"event":"send_rate","rate":296000,"ts":1760557387.089615}
2025/10/15 19:43:08 POLARIS_LOG {"event":"send_rate","rate":304000,"ts":1760557388.0896227}
2025/10/15 19:43:09 POLARIS_LOG {"event":"send_rate","rate":296000,"ts":1760557389.0890694}
2025/10/15 19:43:10 POLARIS_LOG {"event":"send_rate","rate":304000,"ts":1760557390.088842}
2025/10/15 19:43:11 POLARIS_LOG {"event":"send_rate","rate":296000,"ts":1760557391.0895934}
2025/10/15 19:43:12 POLARIS_LOG {"event":"send_rate","rate":304000,"ts":1760557392.0891943}
2025/10/15 19:43:13 POLARIS_LOG {"event":"send_rate","rate":296000,"ts":1760557393.0917919}
2025/10/15 19:43:14 POLARIS_LOG {"event":"send_rate","rate":304000,"ts":1760557394.0888066}
2025/10/15 19:43:15 POLARIS_LOG {"event":"send_rate","rate":296000,"ts":1760557395.0888445}
2025/10/15 19:43:16 POLARIS_LOG {"event":"send_rate","rate":304000,"ts":1760557396.08916}
2025/10/15 19:43:17 POLARIS_LOG {"event":"send_rate","rate":296000,"ts":1760557397.1061995}
2025/10/15 19:43:18 POLARIS_LOG {"event":"send_rate","rate":304000,"ts":1760557398.089372}
2025/10/15 19:43:19 POLARIS_LOG {"event":"send_rate","rate":296000,"ts":1760557399.089383}
2025/10/15 19:43:20 POLARIS_LOG {"event":"send_rate","rate":304000,"ts":1760557400.0890975}
2025/10/15 19:43:21 POLARIS_LOG {"event":"send_rate","rate":296000,"ts":1760557401.08941}
2025/10/15 19:43:22 POLARIS_LOG {"event":"send_rate","rate":296000,"ts":1760557402.0902588}
2025/10/15 19:43:23 POLARIS_LOG {"event":"send_rate","rate":304000,"ts":1760557403.0928078}
2025/10/15 19:43:24 POLARIS_LOG {"event":"send_rate","rate":296000,"ts":1760557404.0914178}
2025/10/15 19:43:25 POLARIS_LOG {"event":"send_rate","rate":304000,"ts":1760557405.0892963}
2025/10/15 19:43:26 POLARIS_LOG {"event":"send_rate","rate":304000,"ts":1760557406.0899298}
2025/10/15 19:43:27 POLARIS_LOG {"event":"send_rate","rate":296000,"ts":1760557407.0893273}
2025/10/15 19:43:28 POLARIS_LOG {"event":"send_rate","rate":304000,"ts":1760557408.0903802}
2025/10/15 19:43:29 POLARIS_LOG {"event":"send_rate","rate":296000,"ts":1760557409.0894635}
2025/10/15 19:43:30 POLARIS_LOG {"event":"send_rate","rate":304000,"ts":1760557410.0898721}
2025/10/15 19:43:31 POLARIS_LOG {"event":"send_rate","rate":296000,"ts":1760557411.0953064}
2025/10/15 19:43:32 POLARIS_LOG {"event":"send_rate","rate":304000,"ts":1760557412.0900896}
2025/10/15 19:43:33 POLARIS_LOG {"event":"send_rate","rate":296000,"ts":1760557413.0891936}
2025/10/15 19:43:34 POLARIS_LOG {"event":"send_rate","rate":296000,"ts":1760557414.0890641}
2025/10/15 19:43:35 POLARIS_LOG {"event":"send_rate","rate":304000,"ts":1760557415.0891523}
2025/10/15 19:43:36 POLARIS_LOG {"event":"send_rate","rate":296000,"ts":1760557416.0891986}
2025/10/15 19:43:37 POLARIS_LOG {"event":"send_rate","rate":304000,"ts":1760557417.089891}
2025/10/15 19:43:38 POLARIS_LOG {"event":"send_rate","rate":304000,"ts":1760557418.0931501}
2025/10/15 19:43:39 POLARIS_LOG {"event":"send_rate","rate":296000,"ts":1760557419.0910687}
2025/10/15 19:43:40 POLARIS_LOG {"event":"send_rate","rate":296000,"ts":1760557420.089821}
2025/10/15 19:43:41 POLARIS_LOG {"event":"send_rate","rate":304000,"ts":1760557421.0888295}
2025/10/15 19:43:42 POLARIS_LOG {"event":"send_rate","rate":296000,"ts":1760557422.0895846}
2025/10/15 19:43:43 POLARIS_LOG {"event":"send_rate","rate":304000,"ts":1760557423.0896358}
2025/10/15 19:43:44 POLARIS_LOG {"event":"send_rate","rate":296000,"ts":1760557424.0905385}
2025/10/15 19:43:45 POLARIS_LOG {"event":"send_rate","rate":304000,"ts":1760557425.0896127}
2025/10/15 19:43:46 POLARIS_LOG {"event":"send_rate","rate":296000,"ts":1760557426.0890558}
2025/10/15 19:43:47 POLARIS_LOG {"event":"send_rate","rate":304000,"ts":1760557427.089241}
2025/10/15 19:43:48 POLARIS_LOG {"event":"send_rate","rate":296000,"ts":1760557428.0886457}
2025/10/15 19:43:49 POLARIS_LOG {"event":"send_rate","rate":304000,"ts":1760557429.0937178}
2025/10/15 19:43:50 POLARIS_LOG {"event":"send_rate","rate":296000,"ts":1760557430.0942166}
2025/10/15 19:43:51 POLARIS_LOG {"event":"send_rate","rate":304000,"ts":1760557431.088903}
2025/10/15 19:43:52 POLARIS_LOG {"event":"send_rate","rate":296000,"ts":1760557432.0904508}
2025/10/15 19:43:53 POLARIS_LOG {"event":"send_rate","rate":304000,"ts":1760557433.0893004}
2025/10/15 19:43:54 POLARIS_LOG {"event":"send_rate","rate":296000,"ts":1760557434.0887547}
2025/10/15 19:43:55 POLARIS_LOG {"event":"send_rate","rate":304000,"ts":1760557435.0888388}
2025/10/15 19:43:56 POLARIS_LOG {"event":"send_rate","rate":296000,"ts":1760557436.0894272}
2025/10/15 19:43:57 POLARIS_LOG {"event":"send_rate","rate":304000,"ts":1760557437.0890071}
2025/10/15 19:43:58 POLARIS_LOG {"event":"send_rate","rate":296000,"ts":1760557438.0894186}
2025/10/15 19:43:59 POLARIS_LOG {"event":"send_rate","rate":304000,"ts":1760557439.0888972}
2025/10/15 19:44:00 POLARIS_LOG {"event":"send_rate","rate":296000,"ts":1760557440.089396}
2025/10/15 19:44:01 POLARIS_LOG {"event":"send_rate","rate":304000,"ts":1760557441.0889513}
2025/10/15 19:44:02 POLARIS_LOG {"event":"send_rate","rate":296000,"ts":1760557442.0889616}
2025/10/15 19:44:03 POLARIS_LOG {"event":"send_rate","rate":304000,"ts":1760557443.0892818}
2025/10/15 19:44:04 POLARIS_LOG {"event":"send_rate","rate":296000,"ts":1760557444.0908785}
2025/10/15 19:44:05 POLARIS_LOG {"event":"send_rate","rate":304000,"ts":1760557445.0894248}
2025/10/15 19:44:06 POLARIS_LOG {"event":"send_rate","rate":296000,"ts":1760557446.0902622}
2025/10/15 19:44:07 POLARIS_LOG {"event":"send_rate","rate":304000,"ts":1760557447.0886867}
2025/10/15 19:44:08 POLARIS_LOG {"event":"send_rate","rate":296000,"ts":1760557448.0886245}
2025/10/15 19:44:09 POLARIS_LOG {"event":"send_rate","rate":304000,"ts":1760557449.089421}
2025/10/15 19:44:10 POLARIS_LOG {"event":"send_rate","rate":296000,"ts":1760557450.091282}
2025/10/15 19:44:11 POLARIS_LOG {"event":"send_rate","rate":304000,"ts":1760557451.089394}
2025/10/15 19:44:12 POLARIS_LOG {"event":"send_rate","rate":296000,"ts":1760557452.0886703}
2025/10/15 19:44:13 POLARIS_LOG {"event":"send_rate","rate":304000,"ts":1760557453.0895352}
2025/10/15 19:44:14 POLARIS_LOG {"event":"send_rate","rate":296000,"ts":1760557454.0897396}
2025/10/15 19:44:15 POLARIS_LOG {"event":"send_rate","rate":304000,"ts":1760557455.08908}
2025/10/15 19:44:16 POLARIS_LOG {"event":"send_rate","rate":296000,"ts":1760557456.0886455}
2025/10/15 19:44:17 POLARIS_LOG {"event":"send_rate","rate":304000,"ts":1760557457.0889478}
2025/10/15 19:44:18 POLARIS_LOG {"event":"send_rate","rate":296000,"ts":1760557458.0887675}
2025/10/15 19:44:19 POLARIS_LOG {"event":"send_rate","rate":304000,"ts":1760557459.0889068}
2025/10/15 19:44:20 POLARIS_LOG {"event":"send_rate","rate":296000,"ts":1760557460.0891914}
2025/10/15 19:44:21 POLARIS_LOG {"event":"send_rate","rate":304000,"ts":1760557461.0900955}
2025/10/15 19:44:22 POLARIS_LOG {"event":"send_rate","rate":296000,"ts":1760557462.0892377}
2025/10/15 19:44:23 POLARIS_LOG {"event":"send_rate","rate":304000,"ts":1760557463.089069}
2025/10/15 19:44:24 POLARIS_LOG {"event":"send_rate","rate":296000,"ts":1760557464.0891457}
2025/10/15 19:44:25 POLARIS_LOG {"event":"send_rate","rate":304000,"ts":1760557465.092427}
2025/10/15 19:44:26 POLARIS_LOG {"event":"send_rate","rate":296000,"ts":1760557466.089019}
2025/10/15 19:44:27 POLARIS_LOG {"event":"send_rate","rate":304000,"ts":1760557467.0906472}
2025/10/15 19:44:28 POLARIS_LOG {"event":"send_rate","rate":296000,"ts":1760557468.0893064}
2025/10/15 19:44:29 POLARIS_LOG {"event":"send_rate","rate":304000,"ts":1760557469.0889852}
2025/10/15 19:44:30 POLARIS_LOG {"event":"send_rate","rate":296000,"ts":1760557470.0891125}
2025/10/15 19:44:31 POLARIS_LOG {"event":"send_rate","rate":288000,"ts":1760557471.0979865}
2025/10/15 19:44:32 POLARIS_LOG {"event":"send_rate","rate":312000,"ts":1760557472.0897658}
2025/10/15 19:44:33 POLARIS_LOG {"event":"send_rate","rate":296000,"ts":1760557473.0941896}
2025/10/15 19:44:34 POLARIS_LOG {"event":"send_rate","rate":304000,"ts":1760557474.0889428}
2025/10/15 19:44:35 POLARIS_LOG {"event":"send_rate","rate":304000,"ts":1760557475.0900083}
2025/10/15 19:44:36 POLARIS_LOG {"event":"send_rate","rate":296000,"ts":1760557476.09033}
2025/10/15 19:44:37 POLARIS_LOG {"event":"send_rate","rate":304000,"ts":1760557477.0895703}
2025/10/15 19:44:38 POLARIS_LOG {"event":"send_rate","rate":296000,"ts":1760557478.089023}
2025/10/15 19:44:39 POLARIS_LOG {"event":"send_rate","rate":304000,"ts":1760557479.0923166}
2025/10/15 19:44:40 POLARIS_LOG {"event":"send_rate","rate":296000,"ts":1760557480.0890412}
2025/10/15 19:44:41 POLARIS_LOG {"event":"send_rate","rate":304000,"ts":1760557481.0891602}
2025/10/15 19:44:42 POLARIS_LOG {"event":"send_rate","rate":296000,"ts":1760557482.0894608}
2025/10/15 19:44:43 POLARIS_LOG {"event":"send_rate","rate":304000,"ts":1760557483.0890586}
2025/10/15 19:44:44 POLARIS_LOG {"event":"send_rate","rate":296000,"ts":1760557484.0891616}
2025/10/15 19:44:45 POLARIS_LOG {"event":"send_rate","rate":304000,"ts":1760557485.0902014}
2025/10/15 19:44:46 POLARIS_LOG {"event":"send_rate","rate":296000,"ts":1760557486.0894496}
2025/10/15 19:44:47 POLARIS_LOG {"event":"send_rate","rate":304000,"ts":1760557487.0928676}
2025/10/15 19:44:48 POLARIS_LOG {"event":"send_rate","rate":296000,"ts":1760557488.0903282}
2025/10/15 19:44:49 POLARIS_LOG {"event":"send_rate","rate":304000,"ts":1760557489.09356}
2025/10/15 19:44:50 POLARIS_LOG {"event":"send_rate","rate":296000,"ts":1760557490.0888615}
2025/10/15 19:44:51 POLARIS_LOG {"event":"send_rate","rate":304000,"ts":1760557491.0902562}
2025/10/15 19:44:52 POLARIS_LOG {"event":"send_rate","rate":296000,"ts":1760557492.089192}
2025/10/15 19:44:53 POLARIS_LOG {"event":"send_rate","rate":296000,"ts":1760557493.091263}
2025/10/15 19:44:54 POLARIS_LOG {"event":"send_rate","rate":304000,"ts":1760557494.0901077}
2025/10/15 19:44:55 POLARIS_LOG {"event":"send_rate","rate":296000,"ts":1760557495.0892222}
2025/10/15 19:44:56 POLARIS_LOG {"event":"send_rate","rate":304000,"ts":1760557496.088662}
2025/10/15 19:44:57 POLARIS_LOG {"event":"send_rate","rate":304000,"ts":1760557497.0896778}
2025/10/15 19:44:58 POLARIS_LOG {"event":"send_rate","rate":296000,"ts":1760557498.088942}
2025/10/15 19:44:59 POLARIS_LOG {"event":"send_rate","rate":296000,"ts":1760557499.0998096}
2025/10/15 19:45:00 POLARIS_LOG {"event":"send_rate","rate":304000,"ts":1760557500.0895317}
2025/10/15 19:45:01 POLARIS_LOG {"event":"send_rate","rate":304000,"ts":1760557501.0934858}
2025/10/15 19:45:02 POLARIS_LOG {"event":"send_rate","rate":296000,"ts":1760557502.091237}
2025/10/15 19:45:03 POLARIS_LOG {"event":"send_rate","rate":304000,"ts":1760557503.0898037}
2025/10/15 19:45:04 POLARIS_LOG {"event":"send_rate","rate":296000,"ts":1760557504.0893536}
2025/10/15 19:45:05 POLARIS_LOG {"event":"send_rate","rate":296000,"ts":1760557505.0897293}
2025/10/15 19:45:06 POLARIS_LOG {"event":"send_rate","rate":304000,"ts":1760557506.090061}
2025/10/15 19:45:07 POLARIS_LOG {"event":"send_rate","rate":296000,"ts":1760557507.089396}
2025/10/15 19:45:08 POLARIS_LOG {"event":"send_rate","rate":320000,"ts":1760557508.1337297}
2025/10/15 19:45:09 POLARIS_LOG {"event":"send_rate","rate":280000,"ts":1760557509.0890994}
2025/10/15 19:45:10 POLARIS_LOG {"event":"send_rate","rate":304000,"ts":1760557510.0892348}
2025/10/15 19:45:11 POLARIS_LOG {"event":"send_rate","rate":296000,"ts":1760557511.0895767}
2025/10/15 19:45:12 POLARIS_LOG {"event":"send_rate","rate":304000,"ts":1760557512.089811}
2025/10/15 19:45:13 POLARIS_LOG {"event":"send_rate","rate":296000,"ts":1760557513.0895383}
2025/10/15 19:45:14 POLARIS_LOG {"event":"send_rate","rate":304000,"ts":1760557514.0893638}
2025/10/15 19:45:15 POLARIS_LOG {"event":"send_rate","rate":296000,"ts":1760557515.0890825}
2025/10/15 19:45:16 POLARIS_LOG {"event":"send_rate","rate":304000,"ts":1760557516.094252}
2025/10/15 19:45:17 POLARIS_LOG {"event":"send_rate","rate":296000,"ts":1760557517.0894425}
2025/10/15 19:45:18 POLARIS_LOG {"event":"send_rate","rate":304000,"ts":1760557518.0898297}
2025/10/15 19:45:19 POLARIS_LOG {"event":"send_rate","rate":296000,"ts":1760557519.0898752}
2025/10/15 19:45:20 POLARIS_LOG {"event":"send_rate","rate":304000,"ts":1760557520.08948}
2025/10/15 19:45:21 POLARIS_LOG {"event":"send_rate","rate":296000,"ts":1760557521.0959446}
2025/10/15 19:45:22 POLARIS_LOG {"event":"send_rate","rate":304000,"ts":1760557522.090038}
2025/10/15 19:45:23 POLARIS_LOG {"event":"send_rate","rate":296000,"ts":1760557523.0902064}
2025/10/15 19:45:24 POLARIS_LOG {"event":"send_rate","rate":304000,"ts":1760557524.0899165}
2025/10/15 19:45:25 POLARIS_LOG {"event":"send_rate","rate":296000,"ts":1760557525.08949}
2025/10/15 19:45:26 POLARIS_LOG {"event":"send_rate","rate":296000,"ts":1760557526.0916579}
2025/10/15 19:45:27 POLARIS_LOG {"event":"send_rate","rate":304000,"ts":1760557527.0897264}
2025/10/15 19:45:28 POLARIS_LOG {"event":"send_rate","rate":304000,"ts":1760557528.090342}
2025/10/15 19:45:29 POLARIS_LOG {"event":"send_rate","rate":296000,"ts":1760557529.089655}
2025/10/15 19:45:30 POLARIS_LOG {"event":"send_rate","rate":304000,"ts":1760557530.0897262}
2025/10/15 19:45:31 POLARIS_LOG {"event":"send_rate","rate":304000,"ts":1760557531.1006448}
2025/10/15 19:45:32 POLARIS_LOG {"event":"send_rate","rate":296000,"ts":1760557532.0940325}
2025/10/15 19:45:33 POLARIS_LOG {"event":"send_rate","rate":296000,"ts":1760557533.089343}
2025/10/15 19:45:34 POLARIS_LOG {"event":"send_rate","rate":304000,"ts":1760557534.0896742}
2025/10/15 19:45:35 POLARIS_LOG {"event":"send_rate","rate":296000,"ts":1760557535.0896468}
2025/10/15 19:45:36 POLARIS_LOG {"event":"send_rate","rate":304000,"ts":1760557536.088801}
2025/10/15 19:45:37 POLARIS_LOG {"event":"send_rate","rate":296000,"ts":1760557537.0886357}
2025/10/15 19:45:38 POLARIS_LOG {"event":"send_rate","rate":304000,"ts":1760557538.0902162}
2025/10/15 19:45:39 POLARIS_LOG {"event":"send_rate","rate":296000,"ts":1760557539.089744}
2025/10/15 19:45:40 POLARIS_LOG {"event":"send_rate","rate":304000,"ts":1760557540.0906255}
2025/10/15 19:45:41 POLARIS_LOG {"event":"send_rate","rate":296000,"ts":1760557541.0896182}
2025/10/15 19:45:42 POLARIS_LOG {"event":"send_rate","rate":304000,"ts":1760557542.0890274}
2025/10/15 19:45:43 POLARIS_LOG {"event":"send_rate","rate":296000,"ts":1760557543.0899262}
2025/10/15 19:45:44 POLARIS_LOG {"event":"send_rate","rate":304000,"ts":1760557544.0892756}
2025/10/15 19:45:45 POLARIS_LOG {"event":"send_rate","rate":296000,"ts":1760557545.0892437}
2025/10/15 19:45:46 POLARIS_LOG {"event":"send_rate","rate":304000,"ts":1760557546.0891647}
2025/10/15 19:45:47 POLARIS_LOG {"event":"send_rate","rate":296000,"ts":1760557547.0886376}
2025/10/15 19:45:48 POLARIS_LOG {"event":"send_rate","rate":304000,"ts":1760557548.0896695}
2025/10/15 19:45:49 POLARIS_LOG {"event":"send_rate","rate":296000,"ts":1760557549.0900345}
We need to sleep for 1 seconds before we can get the results
2025/10/15 19:45:50 POLARIS_LOG {"event":"send_rate","rate":8000,"ts":1760557550.0892394}
Drain Loop received packet
Drain Loop received non-nil payload
Client sent 10687 packets, server reported 10682 packets received
The network loss rate from client to server is 0.0%

S->C results
Attempted bandwidth: 0 bps / 0.00 Mbps
Achieved bandwidth: 0 bps / 0.00 Mbps
Loss rate: 0.0%
Interarrival time min/avg/max/mdev = -0.000/0.000/0.000/0.000 ms

C->S results
Attempted bandwidth: 299985 bps / 0.30 Mbps
Achieved bandwidth: 299845 bps / 0.30 Mbps
Loss rate: 0.0%
Interarrival time min/avg/max/mdev = 0.002/26.666/465.457/20.947 ms
