
Test parameters:
client->server: 270 seconds, 1000 bytes, 10125 packets
server->client: 270 seconds, 1000 bytes, 0 packets
Polaris prober initialized with 38 paths
Polaris prober initialized with local 1-111,10.111.0.71:32749 and remote 1-113,10.113.0.71
2025/10/15 19:29:04 POLARIS_LOG {"current_rate":0,"event":"path_switch","new":"2 2 5 2","trigger":"initialization","ts":1760556544.1991324}
2025/10/15 19:29:05 POLARIS_LOG {"event":"send_rate","rate":280000,"ts":1760556545.2053769}
2025/10/15 19:29:06 POLARIS_LOG {"event":"send_rate","rate":304000,"ts":1760556546.2039382}
2025/10/15 19:29:07 POLARIS_LOG {"event":"send_rate","rate":296000,"ts":1760556547.2084007}
2025/10/15 19:29:08 POLARIS_LOG {"event":"send_rate","rate":296000,"ts":1760556548.2036436}
2025/10/15 19:29:09 POLARIS_LOG {"event":"send_rate","rate":304000,"ts":1760556549.2035697}
2025/10/15 19:29:10 POLARIS_LOG {"event":"send_rate","rate":296000,"ts":1760556550.204053}
2025/10/15 19:29:11 POLARIS_LOG {"event":"send_rate","rate":304000,"ts":1760556551.2037818}
2025/10/15 19:29:12 POLARIS_LOG {"event":"send_rate","rate":304000,"ts":1760556552.2041433}
2025/10/15 19:29:13 POLARIS_LOG {"event":"send_rate","rate":296000,"ts":1760556553.2038693}
2025/10/15 19:29:14 POLARIS_LOG {"event":"send_rate","rate":304000,"ts":1760556554.2037039}
2025/10/15 19:29:15 POLARIS_LOG {"event":"send_rate","rate":296000,"ts":1760556555.2053943}
2025/10/15 19:29:16 POLARIS_LOG {"event":"send_rate","rate":296000,"ts":1760556556.2051284}
2025/10/15 19:29:17 POLARIS_LOG {"event":"send_rate","rate":304000,"ts":1760556557.2039745}
2025/10/15 19:29:18 POLARIS_LOG {"event":"send_rate","rate":304000,"ts":1760556558.2039235}
2025/10/15 19:29:19 POLARIS_LOG {"event":"send_rate","rate":296000,"ts":1760556559.204957}
2025/10/15 19:29:20 POLARIS_LOG {"event":"send_rate","rate":304000,"ts":1760556560.2044742}
2025/10/15 19:29:21 POLARIS_LOG {"event":"send_rate","rate":296000,"ts":1760556561.207337}
2025/10/15 19:29:22 POLARIS_LOG {"event":"send_rate","rate":296000,"ts":1760556562.2041328}
2025/10/15 19:29:23 POLARIS_LOG {"event":"send_rate","rate":304000,"ts":1760556563.2038426}
2025/10/15 19:29:24 POLARIS_LOG {"event":"send_rate","rate":296000,"ts":1760556564.2033772}
2025/10/15 19:29:25 POLARIS_LOG {"event":"send_rate","rate":264000,"ts":1760556565.204156}
2025/10/15 19:29:26 POLARIS_LOG {"event":"send_rate","rate":168000,"ts":1760556566.2034035}
Received SCMP echo reply with unexpected seq 20, expected 22 or 21
Received SCMP echo reply with unexpected seq 20, expected 22 or 21
Received SCMP echo reply with unexpected seq 20, expected 22 or 21
2025/10/15 19:29:27 POLARIS_LOG {"event":"send_rate","rate":160000,"ts":1760556567.2039807}
Received SCMP echo reply with unexpected seq 21, expected 23 or 22
Received SCMP echo reply with unexpected seq 21, expected 23 or 22
Received SCMP echo reply with unexpected seq 21, expected 23 or 22
2025/10/15 19:29:28 POLARIS_LOG {"event":"send_rate","rate":224000,"ts":1760556568.2038867}
Received SCMP echo reply with unexpected seq 22, expected 24 or 23
Received SCMP echo reply with unexpected seq 22, expected 24 or 23
Received SCMP echo reply with unexpected seq 22, expected 24 or 23
2025/10/15 19:29:29 POLARIS_LOG {"event":"send_rate","rate":352000,"ts":1760556569.2045074}
2025/10/15 19:29:30 POLARIS_LOG {"event":"send_rate","rate":360000,"ts":1760556570.2038953}
2025/10/15 19:29:31 POLARIS_LOG {"event":"send_rate","rate":256000,"ts":1760556571.2037027}
2025/10/15 19:29:32 POLARIS_LOG {"event":"send_rate","rate":368000,"ts":1760556572.204158}
2025/10/15 19:29:33 POLARIS_LOG {"event":"send_rate","rate":264000,"ts":1760556573.205073}
2025/10/15 19:29:34 POLARIS_LOG {"event":"send_rate","rate":264000,"ts":1760556574.2036505}
2025/10/15 19:29:35 POLARIS_LOG {"event":"send_rate","rate":272000,"ts":1760556575.2043948}
2025/10/15 19:29:36 POLARIS_LOG {"event":"send_rate","rate":232000,"ts":1760556576.208431}
2025/10/15 19:29:37 POLARIS_LOG {"event":"send_rate","rate":256000,"ts":1760556577.204102}
2025/10/15 19:29:38 POLARIS_LOG {"event":"send_rate","rate":368000,"ts":1760556578.2033706}
2025/10/15 19:29:39 POLARIS_LOG {"event":"send_rate","rate":320000,"ts":1760556579.204001}
2025/10/15 19:29:40 POLARIS_LOG {"event":"send_rate","rate":256000,"ts":1760556580.20738}
2025/10/15 19:29:41 POLARIS_LOG {"event":"send_rate","rate":216000,"ts":1760556581.2052333}
2025/10/15 19:29:42 POLARIS_LOG {"event":"send_rate","rate":352000,"ts":1760556582.204219}
2025/10/15 19:29:43 POLARIS_LOG {"event":"send_rate","rate":360000,"ts":1760556583.2038312}
Skipping switch: current path 2 2 5 2 has lastEstimate 333250 >= maxEstimate 0
2025/10/15 19:29:44 POLARIS_LOG {"event":"send_rate","rate":272000,"ts":1760556584.2046204}
2025/10/15 19:29:45 POLARIS_LOG {"event":"send_rate","rate":320000,"ts":1760556585.2038128}
2025/10/15 19:29:46 POLARIS_LOG {"event":"send_rate","rate":392000,"ts":1760556586.2035682}
2025/10/15 19:29:47 POLARIS_LOG {"event":"send_rate","rate":352000,"ts":1760556587.2043726}
2025/10/15 19:29:48 POLARIS_LOG {"event":"send_rate","rate":408000,"ts":1760556588.2043977}
2025/10/15 19:29:49 POLARIS_LOG {"event":"send_rate","rate":448000,"ts":1760556589.2037709}
2025/10/15 19:29:50 POLARIS_LOG {"event":"send_rate","rate":296000,"ts":1760556590.203905}
2025/10/15 19:29:51 POLARIS_LOG {"event":"send_rate","rate":304000,"ts":1760556591.2041442}
2025/10/15 19:29:52 POLARIS_LOG {"event":"send_rate","rate":296000,"ts":1760556592.204751}
2025/10/15 19:29:53 POLARIS_LOG {"event":"send_rate","rate":304000,"ts":1760556593.2056687}
2025/10/15 19:29:54 POLARIS_LOG {"event":"send_rate","rate":296000,"ts":1760556594.203899}
2025/10/15 19:29:55 POLARIS_LOG {"event":"send_rate","rate":304000,"ts":1760556595.2042782}
2025/10/15 19:29:56 POLARIS_LOG {"event":"send_rate","rate":304000,"ts":1760556596.2121015}
2025/10/15 19:29:57 POLARIS_LOG {"event":"send_rate","rate":296000,"ts":1760556597.2081697}
2025/10/15 19:29:58 POLARIS_LOG {"event":"send_rate","rate":296000,"ts":1760556598.2045288}
2025/10/15 19:29:59 POLARIS_LOG {"event":"send_rate","rate":304000,"ts":1760556599.204091}
2025/10/15 19:30:00 POLARIS_LOG {"event":"send_rate","rate":296000,"ts":1760556600.2036378}
2025/10/15 19:30:01 POLARIS_LOG {"event":"send_rate","rate":304000,"ts":1760556601.20417}
2025/10/15 19:30:02 POLARIS_LOG {"event":"send_rate","rate":296000,"ts":1760556602.2050178}
2025/10/15 19:30:03 POLARIS_LOG {"event":"send_rate","rate":304000,"ts":1760556603.204024}
2025/10/15 19:30:04 POLARIS_LOG {"event":"send_rate","rate":296000,"ts":1760556604.2050421}
2025/10/15 19:30:05 POLARIS_LOG {"event":"send_rate","rate":304000,"ts":1760556605.2047536}
2025/10/15 19:30:06 POLARIS_LOG {"event":"send_rate","rate":304000,"ts":1760556606.2078004}
2025/10/15 19:30:07 POLARIS_LOG {"event":"send_rate","rate":296000,"ts":1760556607.2033367}
2025/10/15 19:30:08 POLARIS_LOG {"event":"send_rate","rate":296000,"ts":1760556608.204273}
2025/10/15 19:30:09 POLARIS_LOG {"event":"send_rate","rate":304000,"ts":1760556609.204219}
2025/10/15 19:30:10 POLARIS_LOG {"event":"send_rate","rate":296000,"ts":1760556610.2041194}
2025/10/15 19:30:11 POLARIS_LOG {"event":"send_rate","rate":304000,"ts":1760556611.2039742}
2025/10/15 19:30:12 POLARIS_LOG {"event":"send_rate","rate":296000,"ts":1760556612.2035282}
2025/10/15 19:30:13 POLARIS_LOG {"event":"send_rate","rate":304000,"ts":1760556613.2040312}
2025/10/15 19:30:14 POLARIS_LOG {"event":"send_rate","rate":296000,"ts":1760556614.2061327}
2025/10/15 19:30:15 POLARIS_LOG {"event":"send_rate","rate":304000,"ts":1760556615.2037528}
2025/10/15 19:30:16 POLARIS_LOG {"event":"send_rate","rate":296000,"ts":1760556616.2037172}
2025/10/15 19:30:17 POLARIS_LOG {"event":"send_rate","rate":304000,"ts":1760556617.2058733}
2025/10/15 19:30:18 POLARIS_LOG {"event":"send_rate","rate":296000,"ts":1760556618.2040308}
2025/10/15 19:30:19 POLARIS_LOG {"event":"send_rate","rate":304000,"ts":1760556619.206406}
2025/10/15 19:30:20 POLARIS_LOG {"event":"send_rate","rate":296000,"ts":1760556620.2047458}
2025/10/15 19:30:21 POLARIS_LOG {"event":"send_rate","rate":304000,"ts":1760556621.204319}
2025/10/15 19:30:22 POLARIS_LOG {"event":"send_rate","rate":296000,"ts":1760556622.2047703}
2025/10/15 19:30:23 POLARIS_LOG {"event":"send_rate","rate":304000,"ts":1760556623.2039728}
2025/10/15 19:30:24 POLARIS_LOG {"event":"send_rate","rate":296000,"ts":1760556624.2039962}
2025/10/15 19:30:25 POLARIS_LOG {"event":"send_rate","rate":304000,"ts":1760556625.2048616}
2025/10/15 19:30:26 POLARIS_LOG {"event":"send_rate","rate":296000,"ts":1760556626.2036889}
2025/10/15 19:30:27 POLARIS_LOG {"event":"send_rate","rate":304000,"ts":1760556627.2033477}
2025/10/15 19:30:28 POLARIS_LOG {"event":"send_rate","rate":296000,"ts":1760556628.205554}
2025/10/15 19:30:29 POLARIS_LOG {"event":"send_rate","rate":304000,"ts":1760556629.2046762}
2025/10/15 19:30:30 POLARIS_LOG {"event":"send_rate","rate":296000,"ts":1760556630.2040517}
2025/10/15 19:30:31 POLARIS_LOG {"event":"send_rate","rate":296000,"ts":1760556631.2100108}
2025/10/15 19:30:32 POLARIS_LOG {"event":"send_rate","rate":304000,"ts":1760556632.2042608}
2025/10/15 19:30:33 POLARIS_LOG {"event":"send_rate","rate":304000,"ts":1760556633.2049308}
2025/10/15 19:30:34 POLARIS_LOG {"event":"send_rate","rate":296000,"ts":1760556634.2036088}
2025/10/15 19:30:35 POLARIS_LOG {"event":"send_rate","rate":304000,"ts":1760556635.2042973}
2025/10/15 19:30:36 POLARIS_LOG {"event":"send_rate","rate":296000,"ts":1760556636.2041385}
2025/10/15 19:30:37 POLARIS_LOG {"event":"send_rate","rate":304000,"ts":1760556637.204977}
2025/10/15 19:30:38 POLARIS_LOG {"event":"send_rate","rate":296000,"ts":1760556638.2038128}
2025/10/15 19:30:39 POLARIS_LOG {"event":"send_rate","rate":304000,"ts":1760556639.2038734}
2025/10/15 19:30:40 POLARIS_LOG {"event":"send_rate","rate":296000,"ts":1760556640.205031}
2025/10/15 19:30:41 POLARIS_LOG {"event":"send_rate","rate":304000,"ts":1760556641.2034895}
2025/10/15 19:30:42 POLARIS_LOG {"event":"send_rate","rate":296000,"ts":1760556642.203822}
2025/10/15 19:30:43 POLARIS_LOG {"event":"send_rate","rate":304000,"ts":1760556643.2045774}
2025/10/15 19:30:44 POLARIS_LOG {"event":"send_rate","rate":296000,"ts":1760556644.203475}
2025/10/15 19:30:45 POLARIS_LOG {"event":"send_rate","rate":304000,"ts":1760556645.2040882}
2025/10/15 19:30:46 POLARIS_LOG {"event":"send_rate","rate":296000,"ts":1760556646.204482}
2025/10/15 19:30:47 POLARIS_LOG {"event":"send_rate","rate":304000,"ts":1760556647.2052922}
2025/10/15 19:30:48 POLARIS_LOG {"event":"send_rate","rate":296000,"ts":1760556648.2044272}
2025/10/15 19:30:49 POLARIS_LOG {"event":"send_rate","rate":304000,"ts":1760556649.2038808}
2025/10/15 19:30:50 POLARIS_LOG {"event":"send_rate","rate":296000,"ts":1760556650.2038589}
2025/10/15 19:30:51 POLARIS_LOG {"event":"send_rate","rate":304000,"ts":1760556651.204301}
2025/10/15 19:30:52 POLARIS_LOG {"event":"send_rate","rate":296000,"ts":1760556652.204174}
2025/10/15 19:30:53 POLARIS_LOG {"event":"send_rate","rate":304000,"ts":1760556653.2040727}
2025/10/15 19:30:54 POLARIS_LOG {"event":"send_rate","rate":296000,"ts":1760556654.2049606}
2025/10/15 19:30:55 POLARIS_LOG {"event":"send_rate","rate":304000,"ts":1760556655.2050936}
2025/10/15 19:30:56 POLARIS_LOG {"event":"send_rate","rate":296000,"ts":1760556656.2038822}
2025/10/15 19:30:57 POLARIS_LOG {"event":"send_rate","rate":304000,"ts":1760556657.204576}
2025/10/15 19:30:58 POLARIS_LOG {"event":"send_rate","rate":296000,"ts":1760556658.205544}
2025/10/15 19:30:59 POLARIS_LOG {"event":"send_rate","rate":304000,"ts":1760556659.2035456}
2025/10/15 19:31:00 POLARIS_LOG {"event":"send_rate","rate":296000,"ts":1760556660.204086}
2025/10/15 19:31:01 POLARIS_LOG {"event":"send_rate","rate":304000,"ts":1760556661.2039504}
2025/10/15 19:31:02 POLARIS_LOG {"event":"send_rate","rate":296000,"ts":1760556662.2040331}
2025/10/15 19:31:03 POLARIS_LOG {"event":"send_rate","rate":304000,"ts":1760556663.20397}
2025/10/15 19:31:04 POLARIS_LOG {"event":"send_rate","rate":296000,"ts":1760556664.2040265}
2025/10/15 19:31:05 POLARIS_LOG {"event":"send_rate","rate":304000,"ts":1760556665.2055562}
2025/10/15 19:31:06 POLARIS_LOG {"event":"send_rate","rate":296000,"ts":1760556666.2046297}
2025/10/15 19:31:07 POLARIS_LOG {"event":"send_rate","rate":304000,"ts":1760556667.20425}
2025/10/15 19:31:08 POLARIS_LOG {"event":"send_rate","rate":296000,"ts":1760556668.2041636}
2025/10/15 19:31:09 POLARIS_LOG {"event":"send_rate","rate":304000,"ts":1760556669.2040765}
2025/10/15 19:31:10 POLARIS_LOG {"event":"send_rate","rate":296000,"ts":1760556670.204134}
2025/10/15 19:31:11 POLARIS_LOG {"event":"send_rate","rate":304000,"ts":1760556671.205051}
2025/10/15 19:31:12 POLARIS_LOG {"event":"send_rate","rate":296000,"ts":1760556672.2153513}
2025/10/15 19:31:13 POLARIS_LOG {"event":"send_rate","rate":304000,"ts":1760556673.2045658}
2025/10/15 19:31:14 POLARIS_LOG {"event":"send_rate","rate":296000,"ts":1760556674.2035732}
2025/10/15 19:31:15 POLARIS_LOG {"event":"send_rate","rate":304000,"ts":1760556675.203739}
2025/10/15 19:31:16 POLARIS_LOG {"event":"send_rate","rate":304000,"ts":1760556676.2147467}
2025/10/15 19:31:17 POLARIS_LOG {"event":"send_rate","rate":288000,"ts":1760556677.207882}
2025/10/15 19:31:18 POLARIS_LOG {"event":"send_rate","rate":304000,"ts":1760556678.2042441}
2025/10/15 19:31:19 POLARIS_LOG {"event":"send_rate","rate":304000,"ts":1760556679.207479}
2025/10/15 19:31:20 POLARIS_LOG {"event":"send_rate","rate":296000,"ts":1760556680.2034357}
2025/10/15 19:31:21 POLARIS_LOG {"event":"send_rate","rate":304000,"ts":1760556681.2033548}
2025/10/15 19:31:22 POLARIS_LOG {"event":"send_rate","rate":296000,"ts":1760556682.209468}
2025/10/15 19:31:23 POLARIS_LOG {"event":"send_rate","rate":304000,"ts":1760556683.2036536}
2025/10/15 19:31:24 POLARIS_LOG {"event":"send_rate","rate":296000,"ts":1760556684.204976}
2025/10/15 19:31:25 POLARIS_LOG {"event":"send_rate","rate":304000,"ts":1760556685.2088115}
2025/10/15 19:31:26 POLARIS_LOG {"event":"send_rate","rate":296000,"ts":1760556686.203461}
2025/10/15 19:31:27 POLARIS_LOG {"event":"send_rate","rate":296000,"ts":1760556687.2049255}
2025/10/15 19:31:28 POLARIS_LOG {"event":"send_rate","rate":304000,"ts":1760556688.21283}
2025/10/15 19:31:29 POLARIS_LOG {"event":"send_rate","rate":304000,"ts":1760556689.2035496}
2025/10/15 19:31:30 POLARIS_LOG {"event":"send_rate","rate":296000,"ts":1760556690.208678}
2025/10/15 19:31:31 POLARIS_LOG {"event":"send_rate","rate":304000,"ts":1760556691.2046273}
2025/10/15 19:31:32 POLARIS_LOG {"event":"send_rate","rate":296000,"ts":1760556692.2043164}
2025/10/15 19:31:33 POLARIS_LOG {"event":"send_rate","rate":304000,"ts":1760556693.2041633}
2025/10/15 19:31:34 POLARIS_LOG {"event":"send_rate","rate":296000,"ts":1760556694.2070668}
2025/10/15 19:31:35 POLARIS_LOG {"event":"send_rate","rate":304000,"ts":1760556695.2042582}
2025/10/15 19:31:36 POLARIS_LOG {"event":"send_rate","rate":296000,"ts":1760556696.2050598}
2025/10/15 19:31:37 POLARIS_LOG {"event":"send_rate","rate":304000,"ts":1760556697.204346}
2025/10/15 19:31:38 POLARIS_LOG {"event":"send_rate","rate":296000,"ts":1760556698.2094774}
2025/10/15 19:31:39 POLARIS_LOG {"event":"send_rate","rate":296000,"ts":1760556699.2052066}
2025/10/15 19:31:40 POLARIS_LOG {"event":"send_rate","rate":304000,"ts":1760556700.207237}
2025/10/15 19:31:41 POLARIS_LOG {"event":"send_rate","rate":296000,"ts":1760556701.2037313}
2025/10/15 19:31:42 POLARIS_LOG {"event":"send_rate","rate":304000,"ts":1760556702.2041824}
2025/10/15 19:31:43 POLARIS_LOG {"event":"send_rate","rate":304000,"ts":1760556703.2037637}
2025/10/15 19:31:44 POLARIS_LOG {"event":"send_rate","rate":296000,"ts":1760556704.2062242}
2025/10/15 19:31:45 POLARIS_LOG {"event":"send_rate","rate":296000,"ts":1760556705.2072842}
2025/10/15 19:31:46 POLARIS_LOG {"event":"send_rate","rate":304000,"ts":1760556706.205384}
2025/10/15 19:31:47 POLARIS_LOG {"event":"send_rate","rate":304000,"ts":1760556707.2069216}
2025/10/15 19:31:48 POLARIS_LOG {"event":"send_rate","rate":296000,"ts":1760556708.2034628}
2025/10/15 19:31:49 POLARIS_LOG {"event":"send_rate","rate":304000,"ts":1760556709.206118}
2025/10/15 19:31:50 POLARIS_LOG {"event":"send_rate","rate":296000,"ts":1760556710.2049558}
2025/10/15 19:31:51 POLARIS_LOG {"event":"send_rate","rate":304000,"ts":1760556711.2072477}
2025/10/15 19:31:52 POLARIS_LOG {"event":"send_rate","rate":296000,"ts":1760556712.204212}
2025/10/15 19:31:53 POLARIS_LOG {"event":"send_rate","rate":304000,"ts":1760556713.2040038}
2025/10/15 19:31:54 POLARIS_LOG {"event":"send_rate","rate":296000,"ts":1760556714.2043166}
2025/10/15 19:31:55 POLARIS_LOG {"event":"send_rate","rate":296000,"ts":1760556715.2040305}
2025/10/15 19:31:56 POLARIS_LOG {"event":"send_rate","rate":304000,"ts":1760556716.2037723}
2025/10/15 19:31:57 POLARIS_LOG {"event":"send_rate","rate":296000,"ts":1760556717.203678}
2025/10/15 19:31:58 POLARIS_LOG {"event":"send_rate","rate":304000,"ts":1760556718.2058327}
2025/10/15 19:31:59 POLARIS_LOG {"event":"send_rate","rate":304000,"ts":1760556719.205358}
2025/10/15 19:32:00 POLARIS_LOG {"event":"send_rate","rate":296000,"ts":1760556720.2065923}
2025/10/15 19:32:01 POLARIS_LOG {"event":"send_rate","rate":296000,"ts":1760556721.2037833}
2025/10/15 19:32:02 POLARIS_LOG {"event":"send_rate","rate":304000,"ts":1760556722.2038054}
2025/10/15 19:32:03 POLARIS_LOG {"event":"send_rate","rate":296000,"ts":1760556723.2044811}
2025/10/15 19:32:04 POLARIS_LOG {"event":"send_rate","rate":304000,"ts":1760556724.203924}
2025/10/15 19:32:05 POLARIS_LOG {"event":"send_rate","rate":296000,"ts":1760556725.2043452}
2025/10/15 19:32:06 POLARIS_LOG {"event":"send_rate","rate":304000,"ts":1760556726.2053523}
2025/10/15 19:32:07 POLARIS_LOG {"event":"send_rate","rate":304000,"ts":1760556727.2123442}
2025/10/15 19:32:08 POLARIS_LOG {"event":"send_rate","rate":296000,"ts":1760556728.205412}
2025/10/15 19:32:09 POLARIS_LOG {"event":"send_rate","rate":296000,"ts":1760556729.2048984}
2025/10/15 19:32:10 POLARIS_LOG {"event":"send_rate","rate":304000,"ts":1760556730.2044055}
2025/10/15 19:32:11 POLARIS_LOG {"event":"send_rate","rate":296000,"ts":1760556731.205227}
2025/10/15 19:32:12 POLARIS_LOG {"event":"send_rate","rate":304000,"ts":1760556732.2048779}
2025/10/15 19:32:13 POLARIS_LOG {"event":"send_rate","rate":296000,"ts":1760556733.2042727}
2025/10/15 19:32:14 POLARIS_LOG {"event":"send_rate","rate":304000,"ts":1760556734.2042801}
2025/10/15 19:32:15 POLARIS_LOG {"event":"send_rate","rate":304000,"ts":1760556735.2091858}
2025/10/15 19:32:16 POLARIS_LOG {"event":"send_rate","rate":296000,"ts":1760556736.2036843}
2025/10/15 19:32:17 POLARIS_LOG {"event":"send_rate","rate":312000,"ts":1760556737.255709}
2025/10/15 19:32:18 POLARIS_LOG {"event":"send_rate","rate":288000,"ts":1760556738.2033155}
2025/10/15 19:32:19 POLARIS_LOG {"event":"send_rate","rate":296000,"ts":1760556739.2060728}
2025/10/15 19:32:20 POLARIS_LOG {"event":"send_rate","rate":304000,"ts":1760556740.2044199}
2025/10/15 19:32:21 POLARIS_LOG {"event":"send_rate","rate":296000,"ts":1760556741.2062614}
2025/10/15 19:32:22 POLARIS_LOG {"event":"send_rate","rate":304000,"ts":1760556742.20557}
2025/10/15 19:32:23 POLARIS_LOG {"event":"send_rate","rate":296000,"ts":1760556743.2047186}
2025/10/15 19:32:24 POLARIS_LOG {"event":"send_rate","rate":304000,"ts":1760556744.2043412}
2025/10/15 19:32:25 POLARIS_LOG {"event":"send_rate","rate":296000,"ts":1760556745.205158}
2025/10/15 19:32:26 POLARIS_LOG {"event":"send_rate","rate":304000,"ts":1760556746.2044046}
2025/10/15 19:32:27 POLARIS_LOG {"event":"send_rate","rate":296000,"ts":1760556747.206284}
2025/10/15 19:32:28 POLARIS_LOG {"event":"send_rate","rate":304000,"ts":1760556748.2049222}
2025/10/15 19:32:29 POLARIS_LOG {"event":"send_rate","rate":296000,"ts":1760556749.204011}
2025/10/15 19:32:30 POLARIS_LOG {"event":"send_rate","rate":304000,"ts":1760556750.2051518}
2025/10/15 19:32:31 POLARIS_LOG {"event":"send_rate","rate":296000,"ts":1760556751.20405}
2025/10/15 19:32:32 POLARIS_LOG {"event":"send_rate","rate":304000,"ts":1760556752.2036304}
2025/10/15 19:32:33 POLARIS_LOG {"event":"send_rate","rate":296000,"ts":1760556753.2101905}
2025/10/15 19:32:34 POLARIS_LOG {"event":"send_rate","rate":296000,"ts":1760556754.2061648}
2025/10/15 19:32:35 POLARIS_LOG {"event":"send_rate","rate":304000,"ts":1760556755.2037842}
2025/10/15 19:32:36 POLARIS_LOG {"event":"send_rate","rate":304000,"ts":1760556756.205386}
2025/10/15 19:32:37 POLARIS_LOG {"event":"send_rate","rate":296000,"ts":1760556757.2042406}
2025/10/15 19:32:38 POLARIS_LOG {"event":"send_rate","rate":304000,"ts":1760556758.2046669}
2025/10/15 19:32:39 POLARIS_LOG {"event":"send_rate","rate":296000,"ts":1760556759.2043686}
2025/10/15 19:32:40 POLARIS_LOG {"event":"send_rate","rate":304000,"ts":1760556760.2040715}
2025/10/15 19:32:41 POLARIS_LOG {"event":"send_rate","rate":296000,"ts":1760556761.2034338}
2025/10/15 19:32:42 POLARIS_LOG {"event":"send_rate","rate":304000,"ts":1760556762.2043843}
2025/10/15 19:32:43 POLARIS_LOG {"event":"send_rate","rate":304000,"ts":1760556763.2091024}
2025/10/15 19:32:44 POLARIS_LOG {"event":"send_rate","rate":296000,"ts":1760556764.2063954}
2025/10/15 19:32:45 POLARIS_LOG {"event":"send_rate","rate":296000,"ts":1760556765.2060642}
2025/10/15 19:32:46 POLARIS_LOG {"event":"send_rate","rate":304000,"ts":1760556766.212683}
2025/10/15 19:32:47 POLARIS_LOG {"event":"send_rate","rate":296000,"ts":1760556767.204286}
2025/10/15 19:32:48 POLARIS_LOG {"event":"send_rate","rate":304000,"ts":1760556768.2034762}
2025/10/15 19:32:49 POLARIS_LOG {"event":"send_rate","rate":296000,"ts":1760556769.2041094}
2025/10/15 19:32:50 POLARIS_LOG {"event":"send_rate","rate":304000,"ts":1760556770.207646}
2025/10/15 19:32:51 POLARIS_LOG {"event":"send_rate","rate":296000,"ts":1760556771.2047184}
2025/10/15 19:32:52 POLARIS_LOG {"event":"send_rate","rate":304000,"ts":1760556772.208604}
2025/10/15 19:32:53 POLARIS_LOG {"event":"send_rate","rate":296000,"ts":1760556773.2048264}
2025/10/15 19:32:54 POLARIS_LOG {"event":"send_rate","rate":304000,"ts":1760556774.2046585}
2025/10/15 19:32:55 POLARIS_LOG {"event":"send_rate","rate":296000,"ts":1760556775.2046194}
2025/10/15 19:32:56 POLARIS_LOG {"event":"send_rate","rate":304000,"ts":1760556776.2042053}
2025/10/15 19:32:57 POLARIS_LOG {"event":"send_rate","rate":296000,"ts":1760556777.2036252}
2025/10/15 19:32:58 POLARIS_LOG {"event":"send_rate","rate":304000,"ts":1760556778.2046537}
2025/10/15 19:32:59 POLARIS_LOG {"event":"send_rate","rate":296000,"ts":1760556779.204185}
2025/10/15 19:33:00 POLARIS_LOG {"event":"send_rate","rate":304000,"ts":1760556780.203584}
2025/10/15 19:33:01 POLARIS_LOG {"event":"send_rate","rate":296000,"ts":1760556781.2046616}
2025/10/15 19:33:02 POLARIS_LOG {"event":"send_rate","rate":304000,"ts":1760556782.2042592}
2025/10/15 19:33:03 POLARIS_LOG {"event":"send_rate","rate":296000,"ts":1760556783.2043867}
2025/10/15 19:33:04 POLARIS_LOG {"event":"send_rate","rate":304000,"ts":1760556784.2048857}
2025/10/15 19:33:05 POLARIS_LOG {"event":"send_rate","rate":296000,"ts":1760556785.2051566}
2025/10/15 19:33:06 POLARIS_LOG {"event":"send_rate","rate":304000,"ts":1760556786.2081776}
2025/10/15 19:33:07 POLARIS_LOG {"event":"send_rate","rate":296000,"ts":1760556787.2058232}
2025/10/15 19:33:08 POLARIS_LOG {"event":"send_rate","rate":304000,"ts":1760556788.2054408}
2025/10/15 19:33:09 POLARIS_LOG {"event":"send_rate","rate":296000,"ts":1760556789.2038813}
2025/10/15 19:33:10 POLARIS_LOG {"event":"send_rate","rate":304000,"ts":1760556790.2050502}
2025/10/15 19:33:11 POLARIS_LOG {"event":"send_rate","rate":296000,"ts":1760556791.2042098}
2025/10/15 19:33:12 POLARIS_LOG {"event":"send_rate","rate":304000,"ts":1760556792.2197504}
2025/10/15 19:33:13 POLARIS_LOG {"event":"send_rate","rate":296000,"ts":1760556793.2042046}
2025/10/15 19:33:14 POLARIS_LOG {"event":"send_rate","rate":304000,"ts":1760556794.2035613}
2025/10/15 19:33:15 POLARIS_LOG {"event":"send_rate","rate":296000,"ts":1760556795.2045722}
2025/10/15 19:33:16 POLARIS_LOG {"event":"send_rate","rate":304000,"ts":1760556796.2043653}
2025/10/15 19:33:17 POLARIS_LOG {"event":"send_rate","rate":296000,"ts":1760556797.2043881}
2025/10/15 19:33:18 POLARIS_LOG {"event":"send_rate","rate":304000,"ts":1760556798.2082684}
2025/10/15 19:33:19 POLARIS_LOG {"event":"send_rate","rate":296000,"ts":1760556799.20419}
2025/10/15 19:33:20 POLARIS_LOG {"event":"send_rate","rate":304000,"ts":1760556800.204248}
2025/10/15 19:33:21 POLARIS_LOG {"event":"send_rate","rate":296000,"ts":1760556801.2060993}
2025/10/15 19:33:22 POLARIS_LOG {"event":"send_rate","rate":304000,"ts":1760556802.204016}
2025/10/15 19:33:23 POLARIS_LOG {"event":"send_rate","rate":296000,"ts":1760556803.203792}
2025/10/15 19:33:24 POLARIS_LOG {"event":"send_rate","rate":304000,"ts":1760556804.2042694}
2025/10/15 19:33:25 POLARIS_LOG {"event":"send_rate","rate":296000,"ts":1760556805.2046165}
2025/10/15 19:33:26 POLARIS_LOG {"event":"send_rate","rate":304000,"ts":1760556806.2044399}
2025/10/15 19:33:27 POLARIS_LOG {"event":"send_rate","rate":304000,"ts":1760556807.2285657}
2025/10/15 19:33:28 POLARIS_LOG {"event":"send_rate","rate":296000,"ts":1760556808.20532}
2025/10/15 19:33:29 POLARIS_LOG {"event":"send_rate","rate":296000,"ts":1760556809.2043273}
2025/10/15 19:33:30 POLARIS_LOG {"event":"send_rate","rate":304000,"ts":1760556810.2050738}
2025/10/15 19:33:31 POLARIS_LOG {"event":"send_rate","rate":296000,"ts":1760556811.2036643}
2025/10/15 19:33:32 POLARIS_LOG {"event":"send_rate","rate":304000,"ts":1760556812.2229257}
2025/10/15 19:33:33 POLARIS_LOG {"event":"send_rate","rate":296000,"ts":1760556813.2041948}
2025/10/15 19:33:34 POLARIS_LOG {"event":"send_rate","rate":304000,"ts":1760556814.203663}
We need to sleep for 1 seconds before we can get the results
2025/10/15 19:33:35 POLARIS_LOG {"event":"send_rate","rate":24000,"ts":1760556815.204693}
Drain Loop received packet
Drain Loop received non-nil payload
We need to sleep for 1 seconds before we can get the results
Client sent 10125 packets, server reported 10104 packets received
The network loss rate from client to server is 0.2%

S->C results
Attempted bandwidth: 0 bps / 0.00 Mbps
Achieved bandwidth: 0 bps / 0.00 Mbps
Loss rate: 0.0%
Interarrival time min/avg/max/mdev = -0.000/0.000/0.000/0.000 ms

C->S results
Attempted bandwidth: 300000 bps / 0.30 Mbps
Achieved bandwidth: 299377 bps / 0.30 Mbps
Loss rate: 0.2%
Interarrival time min/avg/max/mdev = 0.002/26.704/312.160/16.895 ms
