
Test parameters:
client->server: 258 seconds, 1000 bytes, 9675 packets
server->client: 258 seconds, 1000 bytes, 0 packets
2025/10/15 19:29:16 POLARIS_LOG {"current_rate":0,"event":"path_switch","new":"2 2 5 2","trigger":"initialization","ts":1760556556.3611774}
Polaris prober initialized with 38 paths
Polaris prober initialized with local 1-111,10.111.0.71:32743 and remote 1-113,10.113.0.71
2025/10/15 19:29:17 POLARIS_LOG {"event":"send_rate","rate":296000,"ts":1760556557.3621879}
2025/10/15 19:29:18 POLARIS_LOG {"event":"send_rate","rate":304000,"ts":1760556558.36228}
2025/10/15 19:29:19 POLARIS_LOG {"event":"send_rate","rate":296000,"ts":1760556559.36191}
2025/10/15 19:29:20 POLARIS_LOG {"event":"send_rate","rate":304000,"ts":1760556560.362299}
2025/10/15 19:29:21 POLARIS_LOG {"event":"send_rate","rate":296000,"ts":1760556561.3621294}
2025/10/15 19:29:22 POLARIS_LOG {"event":"send_rate","rate":304000,"ts":1760556562.3620086}
2025/10/15 19:29:23 POLARIS_LOG {"event":"send_rate","rate":304000,"ts":1760556563.3667183}
2025/10/15 19:29:24 POLARIS_LOG {"event":"send_rate","rate":296000,"ts":1760556564.3661127}
2025/10/15 19:29:25 POLARIS_LOG {"event":"send_rate","rate":264000,"ts":1760556565.3634138}
2025/10/15 19:29:26 POLARIS_LOG {"event":"send_rate","rate":192000,"ts":1760556566.3660657}
2025/10/15 19:29:26 POLARIS_LOG {"candidates":6,"candidates_unfiltered":17,"current_rate":264000,"estimated_share":2000000,"event":"path_switch","max_estimated_share":2000000,"new":"4 4 3 5","old":"2 2 5 2","trigger":"scheduled","ts":1760556566.3660195}
Received SCMP echo reply with unexpected seq 8, expected 10 or 9
Received SCMP echo reply with unexpected seq 8, expected 10 or 9
Received SCMP echo reply with unexpected seq 8, expected 10 or 9
2025/10/15 19:29:27 POLARIS_LOG {"event":"send_rate","rate":440000,"ts":1760556567.3667126}
Received SCMP echo reply with unexpected seq 9, expected 11 or 10
Received SCMP echo reply with unexpected seq 9, expected 11 or 10
Received SCMP echo reply with unexpected seq 9, expected 11 or 10
2025/10/15 19:29:28 POLARIS_LOG {"event":"send_rate","rate":304000,"ts":1760556568.3621051}
Received SCMP echo reply with unexpected seq 10, expected 12 or 11
Received SCMP echo reply with unexpected seq 10, expected 12 or 11
Received SCMP echo reply with unexpected seq 10, expected 12 or 11
2025/10/15 19:29:29 POLARIS_LOG {"event":"send_rate","rate":296000,"ts":1760556569.3749914}
2025/10/15 19:29:30 POLARIS_LOG {"event":"send_rate","rate":304000,"ts":1760556570.361963}
2025/10/15 19:29:31 POLARIS_LOG {"event":"send_rate","rate":296000,"ts":1760556571.3620152}
2025/10/15 19:29:32 POLARIS_LOG {"event":"send_rate","rate":304000,"ts":1760556572.3675966}
2025/10/15 19:29:33 POLARIS_LOG {"event":"send_rate","rate":304000,"ts":1760556573.372924}
2025/10/15 19:29:34 POLARIS_LOG {"event":"send_rate","rate":296000,"ts":1760556574.3627186}
2025/10/15 19:29:35 POLARIS_LOG {"event":"send_rate","rate":296000,"ts":1760556575.3627136}
2025/10/15 19:29:36 POLARIS_LOG {"event":"send_rate","rate":304000,"ts":1760556576.3639183}
2025/10/15 19:29:37 POLARIS_LOG {"event":"send_rate","rate":296000,"ts":1760556577.361971}
2025/10/15 19:29:38 POLARIS_LOG {"event":"send_rate","rate":304000,"ts":1760556578.3622403}
2025/10/15 19:29:39 POLARIS_LOG {"event":"send_rate","rate":304000,"ts":1760556579.3740807}
2025/10/15 19:29:40 POLARIS_LOG {"event":"send_rate","rate":296000,"ts":1760556580.3622053}
2025/10/15 19:29:41 POLARIS_LOG {"event":"send_rate","rate":296000,"ts":1760556581.362627}
2025/10/15 19:29:42 POLARIS_LOG {"event":"send_rate","rate":304000,"ts":1760556582.3623571}
2025/10/15 19:29:43 POLARIS_LOG {"event":"send_rate","rate":296000,"ts":1760556583.3625424}
2025/10/15 19:29:44 POLARIS_LOG {"event":"send_rate","rate":304000,"ts":1760556584.362397}
2025/10/15 19:29:45 POLARIS_LOG {"event":"send_rate","rate":296000,"ts":1760556585.3640316}
2025/10/15 19:29:46 POLARIS_LOG {"event":"send_rate","rate":304000,"ts":1760556586.361995}
2025/10/15 19:29:47 POLARIS_LOG {"event":"send_rate","rate":296000,"ts":1760556587.3640053}
2025/10/15 19:29:48 POLARIS_LOG {"event":"send_rate","rate":312000,"ts":1760556588.3902416}
2025/10/15 19:29:49 POLARIS_LOG {"event":"send_rate","rate":288000,"ts":1760556589.3627799}
2025/10/15 19:29:50 POLARIS_LOG {"event":"send_rate","rate":304000,"ts":1760556590.3634815}
2025/10/15 19:29:51 POLARIS_LOG {"event":"send_rate","rate":296000,"ts":1760556591.4075265}
2025/10/15 19:29:52 POLARIS_LOG {"event":"send_rate","rate":304000,"ts":1760556592.3622541}
2025/10/15 19:29:53 POLARIS_LOG {"event":"send_rate","rate":296000,"ts":1760556593.3621278}
2025/10/15 19:29:54 POLARIS_LOG {"event":"send_rate","rate":304000,"ts":1760556594.3620956}
2025/10/15 19:29:55 POLARIS_LOG {"event":"send_rate","rate":296000,"ts":1760556595.3640747}
2025/10/15 19:29:56 POLARIS_LOG {"event":"send_rate","rate":304000,"ts":1760556596.362437}
2025/10/15 19:29:57 POLARIS_LOG {"event":"send_rate","rate":296000,"ts":1760556597.3870678}
2025/10/15 19:29:58 POLARIS_LOG {"event":"send_rate","rate":304000,"ts":1760556598.3642428}
2025/10/15 19:29:59 POLARIS_LOG {"event":"send_rate","rate":296000,"ts":1760556599.3643632}
2025/10/15 19:30:00 POLARIS_LOG {"event":"send_rate","rate":304000,"ts":1760556600.363223}
2025/10/15 19:30:01 POLARIS_LOG {"event":"send_rate","rate":296000,"ts":1760556601.384919}
2025/10/15 19:30:02 POLARIS_LOG {"event":"send_rate","rate":304000,"ts":1760556602.3632593}
2025/10/15 19:30:03 POLARIS_LOG {"event":"send_rate","rate":296000,"ts":1760556603.3628702}
2025/10/15 19:30:04 POLARIS_LOG {"event":"send_rate","rate":304000,"ts":1760556604.3657572}
2025/10/15 19:30:05 POLARIS_LOG {"event":"send_rate","rate":296000,"ts":1760556605.3618793}
2025/10/15 19:30:06 POLARIS_LOG {"event":"send_rate","rate":304000,"ts":1760556606.3627436}
2025/10/15 19:30:07 POLARIS_LOG {"event":"send_rate","rate":304000,"ts":1760556607.3761911}
2025/10/15 19:30:08 POLARIS_LOG {"event":"send_rate","rate":296000,"ts":1760556608.3721132}
2025/10/15 19:30:09 POLARIS_LOG {"event":"send_rate","rate":296000,"ts":1760556609.3625252}
2025/10/15 19:30:10 POLARIS_LOG {"event":"send_rate","rate":296000,"ts":1760556610.364925}
2025/10/15 19:30:11 POLARIS_LOG {"event":"send_rate","rate":304000,"ts":1760556611.3618553}
2025/10/15 19:30:12 POLARIS_LOG {"event":"send_rate","rate":304000,"ts":1760556612.3622818}
2025/10/15 19:30:13 POLARIS_LOG {"event":"send_rate","rate":296000,"ts":1760556613.3659017}
2025/10/15 19:30:14 POLARIS_LOG {"event":"send_rate","rate":304000,"ts":1760556614.3655703}
2025/10/15 19:30:15 POLARIS_LOG {"event":"send_rate","rate":296000,"ts":1760556615.362689}
2025/10/15 19:30:16 POLARIS_LOG {"event":"send_rate","rate":304000,"ts":1760556616.3633387}
2025/10/15 19:30:17 POLARIS_LOG {"event":"send_rate","rate":296000,"ts":1760556617.3625607}
2025/10/15 19:30:18 POLARIS_LOG {"event":"send_rate","rate":304000,"ts":1760556618.369157}
2025/10/15 19:30:19 POLARIS_LOG {"event":"send_rate","rate":296000,"ts":1760556619.3622105}
2025/10/15 19:30:20 POLARIS_LOG {"event":"send_rate","rate":304000,"ts":1760556620.3632505}
2025/10/15 19:30:21 POLARIS_LOG {"event":"send_rate","rate":296000,"ts":1760556621.362495}
2025/10/15 19:30:22 POLARIS_LOG {"event":"send_rate","rate":304000,"ts":1760556622.3619971}
2025/10/15 19:30:23 POLARIS_LOG {"event":"send_rate","rate":296000,"ts":1760556623.3637233}
2025/10/15 19:30:24 POLARIS_LOG {"event":"send_rate","rate":304000,"ts":1760556624.3633022}
2025/10/15 19:30:25 POLARIS_LOG {"event":"send_rate","rate":296000,"ts":1760556625.3627057}
2025/10/15 19:30:26 POLARIS_LOG {"event":"send_rate","rate":304000,"ts":1760556626.3619695}
2025/10/15 19:30:27 POLARIS_LOG {"event":"send_rate","rate":296000,"ts":1760556627.3643868}
2025/10/15 19:30:28 POLARIS_LOG {"event":"send_rate","rate":304000,"ts":1760556628.3633664}
2025/10/15 19:30:29 POLARIS_LOG {"event":"send_rate","rate":296000,"ts":1760556629.362867}
2025/10/15 19:30:30 POLARIS_LOG {"event":"send_rate","rate":304000,"ts":1760556630.3664527}
2025/10/15 19:30:31 POLARIS_LOG {"event":"send_rate","rate":304000,"ts":1760556631.374579}
2025/10/15 19:30:32 POLARIS_LOG {"event":"send_rate","rate":296000,"ts":1760556632.3646646}
2025/10/15 19:30:33 POLARIS_LOG {"event":"send_rate","rate":296000,"ts":1760556633.364325}
2025/10/15 19:30:34 POLARIS_LOG {"event":"send_rate","rate":304000,"ts":1760556634.3627088}
2025/10/15 19:30:35 POLARIS_LOG {"event":"send_rate","rate":296000,"ts":1760556635.3690603}
2025/10/15 19:30:36 POLARIS_LOG {"event":"send_rate","rate":304000,"ts":1760556636.363271}
2025/10/15 19:30:37 POLARIS_LOG {"event":"send_rate","rate":296000,"ts":1760556637.3633866}
2025/10/15 19:30:38 POLARIS_LOG {"event":"send_rate","rate":304000,"ts":1760556638.3620336}
2025/10/15 19:30:39 POLARIS_LOG {"event":"send_rate","rate":296000,"ts":1760556639.3627555}
2025/10/15 19:30:40 POLARIS_LOG {"event":"send_rate","rate":304000,"ts":1760556640.362739}
2025/10/15 19:30:41 POLARIS_LOG {"event":"send_rate","rate":296000,"ts":1760556641.3622544}
2025/10/15 19:30:42 POLARIS_LOG {"event":"send_rate","rate":304000,"ts":1760556642.3625975}
2025/10/15 19:30:43 POLARIS_LOG {"event":"send_rate","rate":296000,"ts":1760556643.367421}
2025/10/15 19:30:44 POLARIS_LOG {"event":"send_rate","rate":304000,"ts":1760556644.36328}
2025/10/15 19:30:45 POLARIS_LOG {"event":"send_rate","rate":296000,"ts":1760556645.363001}
2025/10/15 19:30:46 POLARIS_LOG {"event":"send_rate","rate":304000,"ts":1760556646.368167}
2025/10/15 19:30:47 POLARIS_LOG {"event":"send_rate","rate":296000,"ts":1760556647.3627348}
2025/10/15 19:30:48 POLARIS_LOG {"event":"send_rate","rate":304000,"ts":1760556648.3622828}
2025/10/15 19:30:49 POLARIS_LOG {"event":"send_rate","rate":296000,"ts":1760556649.364086}
2025/10/15 19:30:50 POLARIS_LOG {"event":"send_rate","rate":296000,"ts":1760556650.3632581}
2025/10/15 19:30:51 POLARIS_LOG {"event":"send_rate","rate":304000,"ts":1760556651.3632925}
2025/10/15 19:30:52 POLARIS_LOG {"event":"send_rate","rate":304000,"ts":1760556652.3704827}
2025/10/15 19:30:53 POLARIS_LOG {"event":"send_rate","rate":296000,"ts":1760556653.3633435}
2025/10/15 19:30:54 POLARIS_LOG {"event":"send_rate","rate":304000,"ts":1760556654.3630042}
2025/10/15 19:30:55 POLARIS_LOG {"event":"send_rate","rate":296000,"ts":1760556655.3619876}
2025/10/15 19:30:56 POLARIS_LOG {"event":"send_rate","rate":296000,"ts":1760556656.3624384}
2025/10/15 19:30:57 POLARIS_LOG {"event":"send_rate","rate":304000,"ts":1760556657.3651574}
2025/10/15 19:30:58 POLARIS_LOG {"event":"send_rate","rate":304000,"ts":1760556658.3636622}
2025/10/15 19:30:59 POLARIS_LOG {"event":"send_rate","rate":296000,"ts":1760556659.3637612}
2025/10/15 19:31:00 POLARIS_LOG {"event":"send_rate","rate":304000,"ts":1760556660.3625183}
2025/10/15 19:31:01 POLARIS_LOG {"event":"send_rate","rate":296000,"ts":1760556661.371539}
2025/10/15 19:31:02 POLARIS_LOG {"event":"send_rate","rate":304000,"ts":1760556662.3626816}
2025/10/15 19:31:03 POLARIS_LOG {"event":"send_rate","rate":296000,"ts":1760556663.3638074}
2025/10/15 19:31:04 POLARIS_LOG {"event":"send_rate","rate":296000,"ts":1760556664.3623579}
2025/10/15 19:31:05 POLARIS_LOG {"event":"send_rate","rate":304000,"ts":1760556665.3628528}
2025/10/15 19:31:06 POLARIS_LOG {"event":"send_rate","rate":288000,"ts":1760556666.3634505}
2025/10/15 19:31:06 POLARIS_LOG {"candidates":10,"candidates_unfiltered":10,"current_rate":288000,"estimated_share":500000,"event":"path_switch","max_estimated_share":500000,"new":"1 1 6 6 2 4","old":"4 4 3 5","trigger":"scheduled","ts":1760556666.3636158}
2025/10/15 19:31:07 POLARIS_LOG {"event":"send_rate","rate":312000,"ts":1760556667.3618693}
2025/10/15 19:31:08 POLARIS_LOG {"event":"send_rate","rate":304000,"ts":1760556668.3630688}
2025/10/15 19:31:09 POLARIS_LOG {"event":"send_rate","rate":296000,"ts":1760556669.3682094}
2025/10/15 19:31:10 POLARIS_LOG {"event":"send_rate","rate":304000,"ts":1760556670.3715556}
2025/10/15 19:31:11 POLARIS_LOG {"event":"send_rate","rate":296000,"ts":1760556671.3661532}
2025/10/15 19:31:12 POLARIS_LOG {"event":"send_rate","rate":296000,"ts":1760556672.3619747}
2025/10/15 19:31:13 POLARIS_LOG {"event":"send_rate","rate":304000,"ts":1760556673.3748431}
2025/10/15 19:31:14 POLARIS_LOG {"event":"send_rate","rate":296000,"ts":1760556674.3635097}
2025/10/15 19:31:15 POLARIS_LOG {"event":"send_rate","rate":304000,"ts":1760556675.3664908}
2025/10/15 19:31:16 POLARIS_LOG {"event":"send_rate","rate":304000,"ts":1760556676.3672228}
2025/10/15 19:31:17 POLARIS_LOG {"event":"send_rate","rate":288000,"ts":1760556677.3633125}
2025/10/15 19:31:18 POLARIS_LOG {"event":"send_rate","rate":320000,"ts":1760556678.4108002}
2025/10/15 19:31:19 POLARIS_LOG {"event":"send_rate","rate":288000,"ts":1760556679.3633265}
2025/10/15 19:31:20 POLARIS_LOG {"event":"send_rate","rate":296000,"ts":1760556680.3622148}
2025/10/15 19:31:21 POLARIS_LOG {"event":"send_rate","rate":304000,"ts":1760556681.388762}
2025/10/15 19:31:22 POLARIS_LOG {"event":"send_rate","rate":296000,"ts":1760556682.366406}
2025/10/15 19:31:23 POLARIS_LOG {"event":"send_rate","rate":304000,"ts":1760556683.3631606}
2025/10/15 19:31:24 POLARIS_LOG {"event":"send_rate","rate":296000,"ts":1760556684.3625524}
2025/10/15 19:31:25 POLARIS_LOG {"event":"send_rate","rate":304000,"ts":1760556685.3641963}
2025/10/15 19:31:26 POLARIS_LOG {"event":"send_rate","rate":296000,"ts":1760556686.363171}
2025/10/15 19:31:27 POLARIS_LOG {"event":"send_rate","rate":304000,"ts":1760556687.3702896}
2025/10/15 19:31:28 POLARIS_LOG {"event":"send_rate","rate":312000,"ts":1760556688.404057}
2025/10/15 19:31:29 POLARIS_LOG {"event":"send_rate","rate":288000,"ts":1760556689.3643296}
2025/10/15 19:31:30 POLARIS_LOG {"event":"send_rate","rate":296000,"ts":1760556690.3621697}
2025/10/15 19:31:31 POLARIS_LOG {"event":"send_rate","rate":304000,"ts":1760556691.3627234}
2025/10/15 19:31:32 POLARIS_LOG {"event":"send_rate","rate":296000,"ts":1760556692.3626661}
2025/10/15 19:31:33 POLARIS_LOG {"event":"send_rate","rate":304000,"ts":1760556693.375412}
2025/10/15 19:31:34 POLARIS_LOG {"event":"send_rate","rate":296000,"ts":1760556694.3636718}
2025/10/15 19:31:35 POLARIS_LOG {"event":"send_rate","rate":304000,"ts":1760556695.3626432}
2025/10/15 19:31:36 POLARIS_LOG {"event":"send_rate","rate":296000,"ts":1760556696.3624072}
2025/10/15 19:31:37 POLARIS_LOG {"event":"send_rate","rate":304000,"ts":1760556697.3813329}
2025/10/15 19:31:38 POLARIS_LOG {"event":"send_rate","rate":296000,"ts":1760556698.3626106}
2025/10/15 19:31:39 POLARIS_LOG {"event":"send_rate","rate":304000,"ts":1760556699.3632348}
2025/10/15 19:31:40 POLARIS_LOG {"event":"send_rate","rate":304000,"ts":1760556700.366472}
2025/10/15 19:31:41 POLARIS_LOG {"event":"send_rate","rate":296000,"ts":1760556701.3622448}
2025/10/15 19:31:42 POLARIS_LOG {"event":"send_rate","rate":296000,"ts":1760556702.3630643}
2025/10/15 19:31:43 POLARIS_LOG {"event":"send_rate","rate":304000,"ts":1760556703.3620348}
2025/10/15 19:31:44 POLARIS_LOG {"event":"send_rate","rate":296000,"ts":1760556704.3626544}
2025/10/15 19:31:45 POLARIS_LOG {"event":"send_rate","rate":304000,"ts":1760556705.3845913}
2025/10/15 19:31:46 POLARIS_LOG {"event":"send_rate","rate":296000,"ts":1760556706.364742}
2025/10/15 19:31:47 POLARIS_LOG {"event":"send_rate","rate":304000,"ts":1760556707.3656201}
2025/10/15 19:31:48 POLARIS_LOG {"event":"send_rate","rate":296000,"ts":1760556708.3628578}
2025/10/15 19:31:49 POLARIS_LOG {"event":"send_rate","rate":304000,"ts":1760556709.3775704}
2025/10/15 19:31:50 POLARIS_LOG {"event":"send_rate","rate":296000,"ts":1760556710.3654509}
2025/10/15 19:31:51 POLARIS_LOG {"event":"send_rate","rate":304000,"ts":1760556711.362308}
2025/10/15 19:31:52 POLARIS_LOG {"event":"send_rate","rate":296000,"ts":1760556712.3620157}
2025/10/15 19:31:53 POLARIS_LOG {"event":"send_rate","rate":304000,"ts":1760556713.3675723}
2025/10/15 19:31:54 POLARIS_LOG {"event":"send_rate","rate":296000,"ts":1760556714.3622801}
2025/10/15 19:31:55 POLARIS_LOG {"event":"send_rate","rate":304000,"ts":1760556715.3625083}
2025/10/15 19:31:56 POLARIS_LOG {"event":"send_rate","rate":296000,"ts":1760556716.3626094}
2025/10/15 19:31:57 POLARIS_LOG {"event":"send_rate","rate":304000,"ts":1760556717.3618686}
2025/10/15 19:31:58 POLARIS_LOG {"event":"send_rate","rate":296000,"ts":1760556718.362431}
2025/10/15 19:31:59 POLARIS_LOG {"event":"send_rate","rate":304000,"ts":1760556719.3665178}
2025/10/15 19:32:00 POLARIS_LOG {"event":"send_rate","rate":304000,"ts":1760556720.3715277}
2025/10/15 19:32:01 POLARIS_LOG {"event":"send_rate","rate":296000,"ts":1760556721.3662193}
2025/10/15 19:32:02 POLARIS_LOG {"event":"send_rate","rate":296000,"ts":1760556722.363479}
2025/10/15 19:32:03 POLARIS_LOG {"event":"send_rate","rate":304000,"ts":1760556723.3629022}
2025/10/15 19:32:04 POLARIS_LOG {"event":"send_rate","rate":296000,"ts":1760556724.3629687}
2025/10/15 19:32:05 POLARIS_LOG {"event":"send_rate","rate":304000,"ts":1760556725.3696575}
2025/10/15 19:32:06 POLARIS_LOG {"event":"send_rate","rate":296000,"ts":1760556726.3672051}
2025/10/15 19:32:07 POLARIS_LOG {"event":"send_rate","rate":304000,"ts":1760556727.3631754}
2025/10/15 19:32:08 POLARIS_LOG {"event":"send_rate","rate":296000,"ts":1760556728.3626013}
2025/10/15 19:32:09 POLARIS_LOG {"event":"send_rate","rate":304000,"ts":1760556729.3622067}
2025/10/15 19:32:10 POLARIS_LOG {"event":"send_rate","rate":296000,"ts":1760556730.3625164}
2025/10/15 19:32:11 POLARIS_LOG {"event":"send_rate","rate":304000,"ts":1760556731.36606}
2025/10/15 19:32:12 POLARIS_LOG {"event":"send_rate","rate":296000,"ts":1760556732.3648384}
2025/10/15 19:32:13 POLARIS_LOG {"event":"send_rate","rate":304000,"ts":1760556733.3698523}
2025/10/15 19:32:14 POLARIS_LOG {"event":"send_rate","rate":296000,"ts":1760556734.3631465}
2025/10/15 19:32:15 POLARIS_LOG {"event":"send_rate","rate":304000,"ts":1760556735.3618405}
2025/10/15 19:32:16 POLARIS_LOG {"event":"send_rate","rate":296000,"ts":1760556736.3630939}
2025/10/15 19:32:17 POLARIS_LOG {"event":"send_rate","rate":304000,"ts":1760556737.3711164}
2025/10/15 19:32:18 POLARIS_LOG {"event":"send_rate","rate":296000,"ts":1760556738.3627298}
2025/10/15 19:32:19 POLARIS_LOG {"event":"send_rate","rate":304000,"ts":1760556739.3660803}
2025/10/15 19:32:20 POLARIS_LOG {"event":"send_rate","rate":296000,"ts":1760556740.3658013}
2025/10/15 19:32:21 POLARIS_LOG {"event":"send_rate","rate":304000,"ts":1760556741.3723626}
2025/10/15 19:32:22 POLARIS_LOG {"event":"send_rate","rate":296000,"ts":1760556742.3627286}
2025/10/15 19:32:23 POLARIS_LOG {"event":"send_rate","rate":304000,"ts":1760556743.3650217}
2025/10/15 19:32:24 POLARIS_LOG {"event":"send_rate","rate":296000,"ts":1760556744.3640814}
2025/10/15 19:32:25 POLARIS_LOG {"event":"send_rate","rate":304000,"ts":1760556745.3690803}
2025/10/15 19:32:26 POLARIS_LOG {"event":"send_rate","rate":296000,"ts":1760556746.3635635}
2025/10/15 19:32:27 POLARIS_LOG {"event":"send_rate","rate":304000,"ts":1760556747.3622386}
2025/10/15 19:32:28 POLARIS_LOG {"event":"send_rate","rate":296000,"ts":1760556748.3661387}
2025/10/15 19:32:29 POLARIS_LOG {"event":"send_rate","rate":304000,"ts":1760556749.368211}
2025/10/15 19:32:30 POLARIS_LOG {"event":"send_rate","rate":296000,"ts":1760556750.3627095}
2025/10/15 19:32:31 POLARIS_LOG {"event":"send_rate","rate":304000,"ts":1760556751.3625848}
2025/10/15 19:32:32 POLARIS_LOG {"event":"send_rate","rate":296000,"ts":1760556752.3649049}
2025/10/15 19:32:33 POLARIS_LOG {"event":"send_rate","rate":304000,"ts":1760556753.362107}
2025/10/15 19:32:34 POLARIS_LOG {"event":"send_rate","rate":296000,"ts":1760556754.3693142}
2025/10/15 19:32:35 POLARIS_LOG {"event":"send_rate","rate":304000,"ts":1760556755.3676186}
2025/10/15 19:32:36 POLARIS_LOG {"event":"send_rate","rate":296000,"ts":1760556756.3626366}
2025/10/15 19:32:37 POLARIS_LOG {"event":"send_rate","rate":304000,"ts":1760556757.3632424}
2025/10/15 19:32:38 POLARIS_LOG {"event":"send_rate","rate":296000,"ts":1760556758.3647604}
2025/10/15 19:32:39 POLARIS_LOG {"event":"send_rate","rate":304000,"ts":1760556759.381566}
2025/10/15 19:32:40 POLARIS_LOG {"event":"send_rate","rate":296000,"ts":1760556760.3635519}
2025/10/15 19:32:41 POLARIS_LOG {"event":"send_rate","rate":296000,"ts":1760556761.3630877}
2025/10/15 19:32:42 POLARIS_LOG {"event":"send_rate","rate":304000,"ts":1760556762.3635335}
2025/10/15 19:32:43 POLARIS_LOG {"event":"send_rate","rate":304000,"ts":1760556763.3774972}
2025/10/15 19:32:44 POLARIS_LOG {"event":"send_rate","rate":304000,"ts":1760556764.3811934}
2025/10/15 19:32:45 POLARIS_LOG {"event":"send_rate","rate":296000,"ts":1760556765.362653}
2025/10/15 19:32:46 POLARIS_LOG {"event":"send_rate","rate":296000,"ts":1760556766.364301}
2025/10/15 19:32:47 POLARIS_LOG {"event":"send_rate","rate":296000,"ts":1760556767.3632386}
2025/10/15 19:32:48 POLARIS_LOG {"event":"send_rate","rate":312000,"ts":1760556768.3749008}
2025/10/15 19:32:49 POLARIS_LOG {"event":"send_rate","rate":288000,"ts":1760556769.3620024}
2025/10/15 19:32:50 POLARIS_LOG {"event":"send_rate","rate":304000,"ts":1760556770.362414}
2025/10/15 19:32:51 POLARIS_LOG {"event":"send_rate","rate":304000,"ts":1760556771.362088}
2025/10/15 19:32:52 POLARIS_LOG {"event":"send_rate","rate":296000,"ts":1760556772.3618903}
2025/10/15 19:32:53 POLARIS_LOG {"event":"send_rate","rate":304000,"ts":1760556773.3633523}
2025/10/15 19:32:54 POLARIS_LOG {"event":"send_rate","rate":296000,"ts":1760556774.3623025}
2025/10/15 19:32:55 POLARIS_LOG {"event":"send_rate","rate":304000,"ts":1760556775.3618445}
2025/10/15 19:32:56 POLARIS_LOG {"event":"send_rate","rate":296000,"ts":1760556776.3635347}
2025/10/15 19:32:57 POLARIS_LOG {"event":"send_rate","rate":304000,"ts":1760556777.3861797}
2025/10/15 19:32:58 POLARIS_LOG {"event":"send_rate","rate":296000,"ts":1760556778.362204}
2025/10/15 19:32:59 POLARIS_LOG {"event":"send_rate","rate":304000,"ts":1760556779.3701673}
2025/10/15 19:33:00 POLARIS_LOG {"event":"send_rate","rate":296000,"ts":1760556780.3681195}
2025/10/15 19:33:01 POLARIS_LOG {"event":"send_rate","rate":304000,"ts":1760556781.3681543}
2025/10/15 19:33:02 POLARIS_LOG {"event":"send_rate","rate":296000,"ts":1760556782.364476}
2025/10/15 19:33:03 POLARIS_LOG {"event":"send_rate","rate":296000,"ts":1760556783.3647535}
2025/10/15 19:33:04 POLARIS_LOG {"event":"send_rate","rate":304000,"ts":1760556784.3652678}
2025/10/15 19:33:05 POLARIS_LOG {"event":"send_rate","rate":296000,"ts":1760556785.3647025}
2025/10/15 19:33:06 POLARIS_LOG {"event":"send_rate","rate":304000,"ts":1760556786.3636818}
2025/10/15 19:33:07 POLARIS_LOG {"event":"send_rate","rate":304000,"ts":1760556787.3645475}
2025/10/15 19:33:08 POLARIS_LOG {"event":"send_rate","rate":296000,"ts":1760556788.3676505}
2025/10/15 19:33:09 POLARIS_LOG {"event":"send_rate","rate":304000,"ts":1760556789.364484}
2025/10/15 19:33:10 POLARIS_LOG {"event":"send_rate","rate":296000,"ts":1760556790.362811}
2025/10/15 19:33:11 POLARIS_LOG {"event":"send_rate","rate":296000,"ts":1760556791.3620298}
2025/10/15 19:33:12 POLARIS_LOG {"event":"send_rate","rate":304000,"ts":1760556792.3627312}
2025/10/15 19:33:13 POLARIS_LOG {"event":"send_rate","rate":296000,"ts":1760556793.3622549}
2025/10/15 19:33:14 POLARIS_LOG {"event":"send_rate","rate":304000,"ts":1760556794.3629124}
2025/10/15 19:33:15 POLARIS_LOG {"event":"send_rate","rate":296000,"ts":1760556795.362583}
2025/10/15 19:33:16 POLARIS_LOG {"event":"send_rate","rate":304000,"ts":1760556796.3693302}
2025/10/15 19:33:17 POLARIS_LOG {"event":"send_rate","rate":296000,"ts":1760556797.3623977}
2025/10/15 19:33:18 POLARIS_LOG {"event":"send_rate","rate":304000,"ts":1760556798.3633783}
2025/10/15 19:33:19 POLARIS_LOG {"event":"send_rate","rate":296000,"ts":1760556799.3624458}
2025/10/15 19:33:20 POLARIS_LOG {"event":"send_rate","rate":304000,"ts":1760556800.3622882}
2025/10/15 19:33:21 POLARIS_LOG {"event":"send_rate","rate":296000,"ts":1760556801.3692677}
2025/10/15 19:33:22 POLARIS_LOG {"event":"send_rate","rate":304000,"ts":1760556802.3619893}
2025/10/15 19:33:23 POLARIS_LOG {"event":"send_rate","rate":304000,"ts":1760556803.3662968}
2025/10/15 19:33:24 POLARIS_LOG {"event":"send_rate","rate":296000,"ts":1760556804.3635788}
2025/10/15 19:33:25 POLARIS_LOG {"event":"send_rate","rate":304000,"ts":1760556805.3673933}
2025/10/15 19:33:26 POLARIS_LOG {"event":"send_rate","rate":296000,"ts":1760556806.370183}
2025/10/15 19:33:27 POLARIS_LOG {"event":"send_rate","rate":296000,"ts":1760556807.362437}
2025/10/15 19:33:28 POLARIS_LOG {"event":"send_rate","rate":304000,"ts":1760556808.3674724}
2025/10/15 19:33:29 POLARIS_LOG {"event":"send_rate","rate":304000,"ts":1760556809.36444}
2025/10/15 19:33:30 POLARIS_LOG {"event":"send_rate","rate":296000,"ts":1760556810.362096}
2025/10/15 19:33:31 POLARIS_LOG {"event":"send_rate","rate":296000,"ts":1760556811.3634367}
2025/10/15 19:33:32 POLARIS_LOG {"event":"send_rate","rate":304000,"ts":1760556812.3681598}
2025/10/15 19:33:33 POLARIS_LOG {"event":"send_rate","rate":296000,"ts":1760556813.3622267}
2025/10/15 19:33:34 POLARIS_LOG {"event":"send_rate","rate":304000,"ts":1760556814.3629797}
We need to sleep for 1 seconds before we can get the results
2025/10/15 19:33:35 POLARIS_LOG {"event":"send_rate","rate":8000,"ts":1760556815.3618846}
Drain Loop received packet
Drain Loop received non-nil payload
Client sent 9675 packets, server reported 9660 packets received
The network loss rate from client to server is 0.2%

S->C results
Attempted bandwidth: 0 bps / 0.00 Mbps
Achieved bandwidth: 0 bps / 0.00 Mbps
Loss rate: 0.0%
Interarrival time min/avg/max/mdev = -0.000/0.000/0.000/0.000 ms

C->S results
Attempted bandwidth: 300000 bps / 0.30 Mbps
Achieved bandwidth: 299534 bps / 0.30 Mbps
Loss rate: 0.2%
Interarrival time min/avg/max/mdev = 0.002/26.746/313.352/16.929 ms
