
Test parameters:
client->server: 252 seconds, 1000 bytes, 9450 packets
server->client: 252 seconds, 1000 bytes, 0 packets
2025/10/15 19:29:22 POLARIS_LOG {"current_rate":0,"event":"path_switch","new":"2 2 5 2","trigger":"initialization","ts":1760556562.351817}
Polaris prober initialized with 38 paths
Polaris prober initialized with local 1-111,10.111.0.71:32740 and remote 1-113,10.113.0.71
2025/10/15 19:29:24 POLARIS_LOG {"event":"send_rate","rate":0,"ts":1760556564.3540895}
2025/10/15 19:29:25 POLARIS_LOG {"event":"send_rate","rate":184000,"ts":1760556565.3539133}
2025/10/15 19:29:26 POLARIS_LOG {"event":"send_rate","rate":304000,"ts":1760556566.353931}
Received SCMP echo reply with unexpected seq 2, expected 4 or 3
Received SCMP echo reply with unexpected seq 2, expected 4 or 3
Received SCMP echo reply with unexpected seq 2, expected 4 or 3
2025/10/15 19:29:27 POLARIS_LOG {"event":"send_rate","rate":296000,"ts":1760556567.3545852}
Received SCMP echo reply with unexpected seq 3, expected 5 or 4
Received SCMP echo reply with unexpected seq 3, expected 5 or 4
Received SCMP echo reply with unexpected seq 3, expected 5 or 4
2025/10/15 19:29:28 POLARIS_LOG {"event":"send_rate","rate":304000,"ts":1760556568.355813}
Received SCMP echo reply with unexpected seq 4, expected 6 or 5
Received SCMP echo reply with unexpected seq 4, expected 6 or 5
Received SCMP echo reply with unexpected seq 4, expected 6 or 5
2025/10/15 19:29:29 POLARIS_LOG {"event":"send_rate","rate":296000,"ts":1760556569.3543205}
2025/10/15 19:29:30 POLARIS_LOG {"event":"send_rate","rate":304000,"ts":1760556570.3541493}
2025/10/15 19:29:31 POLARIS_LOG {"event":"send_rate","rate":296000,"ts":1760556571.3551247}
2025/10/15 19:29:32 POLARIS_LOG {"event":"send_rate","rate":304000,"ts":1760556572.3538163}
2025/10/15 19:29:33 POLARIS_LOG {"event":"send_rate","rate":296000,"ts":1760556573.354365}
2025/10/15 19:29:34 POLARIS_LOG {"event":"send_rate","rate":304000,"ts":1760556574.354056}
2025/10/15 19:29:35 POLARIS_LOG {"event":"send_rate","rate":296000,"ts":1760556575.3548381}
2025/10/15 19:29:36 POLARIS_LOG {"event":"send_rate","rate":304000,"ts":1760556576.3547506}
2025/10/15 19:29:37 POLARIS_LOG {"event":"send_rate","rate":296000,"ts":1760556577.3552356}
2025/10/15 19:29:38 POLARIS_LOG {"event":"send_rate","rate":304000,"ts":1760556578.3543203}
2025/10/15 19:29:39 POLARIS_LOG {"event":"send_rate","rate":296000,"ts":1760556579.354894}
2025/10/15 19:29:40 POLARIS_LOG {"event":"send_rate","rate":304000,"ts":1760556580.3605843}
2025/10/15 19:29:41 POLARIS_LOG {"event":"send_rate","rate":304000,"ts":1760556581.3693886}
2025/10/15 19:29:42 POLARIS_LOG {"event":"send_rate","rate":296000,"ts":1760556582.354253}
2025/10/15 19:29:43 POLARIS_LOG {"event":"send_rate","rate":296000,"ts":1760556583.354223}
2025/10/15 19:29:44 POLARIS_LOG {"event":"send_rate","rate":304000,"ts":1760556584.3551104}
2025/10/15 19:29:45 POLARIS_LOG {"event":"send_rate","rate":296000,"ts":1760556585.353862}
2025/10/15 19:29:46 POLARIS_LOG {"event":"send_rate","rate":304000,"ts":1760556586.3539443}
2025/10/15 19:29:47 POLARIS_LOG {"event":"send_rate","rate":296000,"ts":1760556587.355243}
2025/10/15 19:29:48 POLARIS_LOG {"event":"send_rate","rate":304000,"ts":1760556588.391485}
2025/10/15 19:29:49 POLARIS_LOG {"event":"send_rate","rate":296000,"ts":1760556589.3539472}
2025/10/15 19:29:50 POLARIS_LOG {"event":"send_rate","rate":304000,"ts":1760556590.353994}
2025/10/15 19:29:51 POLARIS_LOG {"event":"send_rate","rate":296000,"ts":1760556591.3561182}
2025/10/15 19:29:52 POLARIS_LOG {"event":"send_rate","rate":304000,"ts":1760556592.3543344}
2025/10/15 19:29:53 POLARIS_LOG {"event":"send_rate","rate":296000,"ts":1760556593.35452}
2025/10/15 19:29:54 POLARIS_LOG {"event":"send_rate","rate":304000,"ts":1760556594.3541718}
2025/10/15 19:29:55 POLARIS_LOG {"event":"send_rate","rate":296000,"ts":1760556595.3542}
2025/10/15 19:29:56 POLARIS_LOG {"event":"send_rate","rate":304000,"ts":1760556596.3546424}
2025/10/15 19:29:57 POLARIS_LOG {"event":"send_rate","rate":296000,"ts":1760556597.3561044}
2025/10/15 19:29:58 POLARIS_LOG {"event":"send_rate","rate":304000,"ts":1760556598.3547149}
2025/10/15 19:29:59 POLARIS_LOG {"event":"send_rate","rate":296000,"ts":1760556599.3539147}
2025/10/15 19:30:00 POLARIS_LOG {"event":"send_rate","rate":304000,"ts":1760556600.3549016}
2025/10/15 19:30:01 POLARIS_LOG {"event":"send_rate","rate":296000,"ts":1760556601.354644}
2025/10/15 19:30:02 POLARIS_LOG {"event":"send_rate","rate":304000,"ts":1760556602.3538115}
2025/10/15 19:30:03 POLARIS_LOG {"event":"send_rate","rate":296000,"ts":1760556603.3539155}
2025/10/15 19:30:04 POLARIS_LOG {"event":"send_rate","rate":304000,"ts":1760556604.354611}
2025/10/15 19:30:05 POLARIS_LOG {"event":"send_rate","rate":296000,"ts":1760556605.3539681}
2025/10/15 19:30:06 POLARIS_LOG {"event":"send_rate","rate":304000,"ts":1760556606.3542464}
2025/10/15 19:30:07 POLARIS_LOG {"event":"send_rate","rate":296000,"ts":1760556607.3537033}
2025/10/15 19:30:08 POLARIS_LOG {"event":"send_rate","rate":304000,"ts":1760556608.3543634}
2025/10/15 19:30:09 POLARIS_LOG {"event":"send_rate","rate":296000,"ts":1760556609.3578906}
2025/10/15 19:30:10 POLARIS_LOG {"event":"send_rate","rate":304000,"ts":1760556610.3540564}
2025/10/15 19:30:11 POLARIS_LOG {"event":"send_rate","rate":296000,"ts":1760556611.354098}
2025/10/15 19:30:12 POLARIS_LOG {"event":"send_rate","rate":304000,"ts":1760556612.3546622}
2025/10/15 19:30:13 POLARIS_LOG {"event":"send_rate","rate":296000,"ts":1760556613.3570428}
2025/10/15 19:30:14 POLARIS_LOG {"event":"send_rate","rate":304000,"ts":1760556614.3553255}
2025/10/15 19:30:15 POLARIS_LOG {"event":"send_rate","rate":296000,"ts":1760556615.3542974}
2025/10/15 19:30:16 POLARIS_LOG {"event":"send_rate","rate":304000,"ts":1760556616.3653164}
2025/10/15 19:30:17 POLARIS_LOG {"event":"send_rate","rate":296000,"ts":1760556617.354385}
2025/10/15 19:30:18 POLARIS_LOG {"event":"send_rate","rate":304000,"ts":1760556618.353712}
2025/10/15 19:30:19 POLARIS_LOG {"event":"send_rate","rate":296000,"ts":1760556619.3542743}
2025/10/15 19:30:20 POLARIS_LOG {"event":"send_rate","rate":304000,"ts":1760556620.3547587}
2025/10/15 19:30:21 POLARIS_LOG {"event":"send_rate","rate":304000,"ts":1760556621.3673368}
2025/10/15 19:30:22 POLARIS_LOG {"event":"send_rate","rate":296000,"ts":1760556622.354619}
2025/10/15 19:30:23 POLARIS_LOG {"event":"send_rate","rate":296000,"ts":1760556623.3565063}
2025/10/15 19:30:24 POLARIS_LOG {"event":"send_rate","rate":304000,"ts":1760556624.3559115}
2025/10/15 19:30:25 POLARIS_LOG {"event":"send_rate","rate":296000,"ts":1760556625.3545806}
2025/10/15 19:30:26 POLARIS_LOG {"event":"send_rate","rate":304000,"ts":1760556626.3541288}
2025/10/15 19:30:27 POLARIS_LOG {"event":"send_rate","rate":296000,"ts":1760556627.355036}
2025/10/15 19:30:28 POLARIS_LOG {"event":"send_rate","rate":304000,"ts":1760556628.3703716}
2025/10/15 19:30:29 POLARIS_LOG {"event":"send_rate","rate":296000,"ts":1760556629.3588133}
2025/10/15 19:30:30 POLARIS_LOG {"event":"send_rate","rate":304000,"ts":1760556630.354212}
2025/10/15 19:30:31 POLARIS_LOG {"event":"send_rate","rate":296000,"ts":1760556631.3563335}
2025/10/15 19:30:32 POLARIS_LOG {"event":"send_rate","rate":304000,"ts":1760556632.3634727}
2025/10/15 19:30:33 POLARIS_LOG {"event":"send_rate","rate":296000,"ts":1760556633.354776}
2025/10/15 19:30:34 POLARIS_LOG {"event":"send_rate","rate":304000,"ts":1760556634.3623476}
2025/10/15 19:30:35 POLARIS_LOG {"event":"send_rate","rate":296000,"ts":1760556635.3542013}
2025/10/15 19:30:36 POLARIS_LOG {"event":"send_rate","rate":304000,"ts":1760556636.3541112}
2025/10/15 19:30:37 POLARIS_LOG {"event":"send_rate","rate":296000,"ts":1760556637.3538518}
2025/10/15 19:30:38 POLARIS_LOG {"event":"send_rate","rate":304000,"ts":1760556638.3544915}
2025/10/15 19:30:39 POLARIS_LOG {"event":"send_rate","rate":296000,"ts":1760556639.3550935}
2025/10/15 19:30:40 POLARIS_LOG {"event":"send_rate","rate":304000,"ts":1760556640.3538802}
2025/10/15 19:30:41 POLARIS_LOG {"event":"send_rate","rate":296000,"ts":1760556641.3586347}
2025/10/15 19:30:42 POLARIS_LOG {"event":"send_rate","rate":304000,"ts":1760556642.379167}
2025/10/15 19:30:43 POLARIS_LOG {"event":"send_rate","rate":296000,"ts":1760556643.355771}
2025/10/15 19:30:44 POLARIS_LOG {"event":"send_rate","rate":304000,"ts":1760556644.3554869}
2025/10/15 19:30:45 POLARIS_LOG {"event":"send_rate","rate":312000,"ts":1760556645.3924522}
2025/10/15 19:30:46 POLARIS_LOG {"event":"send_rate","rate":288000,"ts":1760556646.3545487}
2025/10/15 19:30:47 POLARIS_LOG {"event":"send_rate","rate":296000,"ts":1760556647.3545218}
2025/10/15 19:30:48 POLARIS_LOG {"event":"send_rate","rate":304000,"ts":1760556648.3542905}
2025/10/15 19:30:49 POLARIS_LOG {"event":"send_rate","rate":296000,"ts":1760556649.3545327}
2025/10/15 19:30:50 POLARIS_LOG {"event":"send_rate","rate":312000,"ts":1760556650.3874557}
2025/10/15 19:30:51 POLARIS_LOG {"event":"send_rate","rate":288000,"ts":1760556651.354281}
2025/10/15 19:30:52 POLARIS_LOG {"candidates":25,"candidates_unfiltered":25,"current_rate":288000,"estimated_share":500000,"event":"path_switch","max_estimated_share":500000,"new":"4 4 7 7 4 1","old":"2 2 5 2","trigger":"scheduled","ts":1760556652.3543124}
2025/10/15 19:30:52 POLARIS_LOG {"event":"send_rate","rate":304000,"ts":1760556652.354383}
2025/10/15 19:30:53 POLARIS_LOG {"event":"send_rate","rate":296000,"ts":1760556653.3546684}
2025/10/15 19:30:54 POLARIS_LOG {"event":"send_rate","rate":304000,"ts":1760556654.354332}
2025/10/15 19:30:55 POLARIS_LOG {"event":"send_rate","rate":296000,"ts":1760556655.354018}
2025/10/15 19:30:56 POLARIS_LOG {"event":"send_rate","rate":304000,"ts":1760556656.3539915}
2025/10/15 19:30:57 POLARIS_LOG {"event":"send_rate","rate":296000,"ts":1760556657.3590271}
2025/10/15 19:30:58 POLARIS_LOG {"event":"send_rate","rate":304000,"ts":1760556658.3541934}
2025/10/15 19:30:59 POLARIS_LOG {"event":"send_rate","rate":296000,"ts":1760556659.3571715}
2025/10/15 19:31:00 POLARIS_LOG {"event":"send_rate","rate":304000,"ts":1760556660.3542962}
2025/10/15 19:31:01 POLARIS_LOG {"event":"send_rate","rate":296000,"ts":1760556661.3539357}
2025/10/15 19:31:02 POLARIS_LOG {"event":"send_rate","rate":304000,"ts":1760556662.3546684}
2025/10/15 19:31:03 POLARIS_LOG {"event":"send_rate","rate":296000,"ts":1760556663.3558981}
2025/10/15 19:31:04 POLARIS_LOG {"event":"send_rate","rate":304000,"ts":1760556664.3567858}
2025/10/15 19:31:05 POLARIS_LOG {"event":"send_rate","rate":296000,"ts":1760556665.354926}
2025/10/15 19:31:06 POLARIS_LOG {"event":"send_rate","rate":304000,"ts":1760556666.3561287}
2025/10/15 19:31:07 POLARIS_LOG {"event":"send_rate","rate":296000,"ts":1760556667.3546147}
2025/10/15 19:31:08 POLARIS_LOG {"event":"send_rate","rate":304000,"ts":1760556668.3540652}
2025/10/15 19:31:09 POLARIS_LOG {"event":"send_rate","rate":296000,"ts":1760556669.3539722}
2025/10/15 19:31:10 POLARIS_LOG {"event":"send_rate","rate":304000,"ts":1760556670.3541203}
2025/10/15 19:31:11 POLARIS_LOG {"event":"send_rate","rate":296000,"ts":1760556671.3544378}
2025/10/15 19:31:12 POLARIS_LOG {"event":"send_rate","rate":304000,"ts":1760556672.3545203}
2025/10/15 19:31:13 POLARIS_LOG {"event":"send_rate","rate":304000,"ts":1760556673.3914258}
2025/10/15 19:31:14 POLARIS_LOG {"event":"send_rate","rate":296000,"ts":1760556674.3543367}
2025/10/15 19:31:15 POLARIS_LOG {"event":"send_rate","rate":296000,"ts":1760556675.3547778}
2025/10/15 19:31:16 POLARIS_LOG {"event":"send_rate","rate":304000,"ts":1760556676.3539302}
2025/10/15 19:31:17 POLARIS_LOG {"event":"send_rate","rate":296000,"ts":1760556677.3632054}
2025/10/15 19:31:18 POLARIS_LOG {"event":"send_rate","rate":296000,"ts":1760556678.3660905}
2025/10/15 19:31:19 POLARIS_LOG {"event":"send_rate","rate":304000,"ts":1760556679.3552496}
2025/10/15 19:31:20 POLARIS_LOG {"event":"send_rate","rate":304000,"ts":1760556680.3670514}
2025/10/15 19:31:21 POLARIS_LOG {"event":"send_rate","rate":296000,"ts":1760556681.3573866}
2025/10/15 19:31:22 POLARIS_LOG {"event":"send_rate","rate":304000,"ts":1760556682.3539817}
2025/10/15 19:31:23 POLARIS_LOG {"event":"send_rate","rate":296000,"ts":1760556683.3544035}
2025/10/15 19:31:24 POLARIS_LOG {"event":"send_rate","rate":304000,"ts":1760556684.3545904}
2025/10/15 19:31:25 POLARIS_LOG {"event":"send_rate","rate":296000,"ts":1760556685.3539193}
2025/10/15 19:31:26 POLARIS_LOG {"event":"send_rate","rate":296000,"ts":1760556686.3538418}
2025/10/15 19:31:27 POLARIS_LOG {"event":"send_rate","rate":312000,"ts":1760556687.37276}
2025/10/15 19:31:28 POLARIS_LOG {"event":"send_rate","rate":288000,"ts":1760556688.3542502}
2025/10/15 19:31:29 POLARIS_LOG {"event":"send_rate","rate":304000,"ts":1760556689.356318}
2025/10/15 19:31:30 POLARIS_LOG {"event":"send_rate","rate":304000,"ts":1760556690.3551798}
2025/10/15 19:31:31 POLARIS_LOG {"event":"send_rate","rate":296000,"ts":1760556691.3562207}
2025/10/15 19:31:32 POLARIS_LOG {"event":"send_rate","rate":304000,"ts":1760556692.3721035}
2025/10/15 19:31:33 POLARIS_LOG {"event":"send_rate","rate":296000,"ts":1760556693.358538}
2025/10/15 19:31:34 POLARIS_LOG {"event":"send_rate","rate":304000,"ts":1760556694.3679192}
2025/10/15 19:31:35 POLARIS_LOG {"event":"send_rate","rate":296000,"ts":1760556695.3546946}
2025/10/15 19:31:36 POLARIS_LOG {"event":"send_rate","rate":304000,"ts":1760556696.3571684}
2025/10/15 19:31:37 POLARIS_LOG {"event":"send_rate","rate":296000,"ts":1760556697.3537698}
2025/10/15 19:31:38 POLARIS_LOG {"event":"send_rate","rate":296000,"ts":1760556698.355032}
2025/10/15 19:31:39 POLARIS_LOG {"event":"send_rate","rate":304000,"ts":1760556699.3551672}
2025/10/15 19:31:40 POLARIS_LOG {"event":"send_rate","rate":296000,"ts":1760556700.3540869}
2025/10/15 19:31:41 POLARIS_LOG {"event":"send_rate","rate":304000,"ts":1760556701.3619802}
2025/10/15 19:31:42 POLARIS_LOG {"event":"send_rate","rate":304000,"ts":1760556702.3698514}
2025/10/15 19:31:43 POLARIS_LOG {"event":"send_rate","rate":296000,"ts":1760556703.3540425}
2025/10/15 19:31:44 POLARIS_LOG {"event":"send_rate","rate":296000,"ts":1760556704.3546245}
2025/10/15 19:31:45 POLARIS_LOG {"event":"send_rate","rate":304000,"ts":1760556705.3551083}
2025/10/15 19:31:46 POLARIS_LOG {"event":"send_rate","rate":296000,"ts":1760556706.3546128}
2025/10/15 19:31:47 POLARIS_LOG {"event":"send_rate","rate":304000,"ts":1760556707.3544405}
2025/10/15 19:31:48 POLARIS_LOG {"event":"send_rate","rate":296000,"ts":1760556708.3571773}
2025/10/15 19:31:49 POLARIS_LOG {"event":"send_rate","rate":304000,"ts":1760556709.354586}
2025/10/15 19:31:50 POLARIS_LOG {"event":"send_rate","rate":296000,"ts":1760556710.3549848}
2025/10/15 19:31:51 POLARIS_LOG {"event":"send_rate","rate":304000,"ts":1760556711.3538144}
2025/10/15 19:31:52 POLARIS_LOG {"event":"send_rate","rate":296000,"ts":1760556712.3545878}
2025/10/15 19:31:53 POLARIS_LOG {"event":"send_rate","rate":304000,"ts":1760556713.3573709}
2025/10/15 19:31:54 POLARIS_LOG {"event":"send_rate","rate":296000,"ts":1760556714.3539371}
2025/10/15 19:31:55 POLARIS_LOG {"event":"send_rate","rate":304000,"ts":1760556715.354341}
2025/10/15 19:31:56 POLARIS_LOG {"event":"send_rate","rate":296000,"ts":1760556716.3547633}
2025/10/15 19:31:57 POLARIS_LOG {"event":"send_rate","rate":304000,"ts":1760556717.3553438}
2025/10/15 19:31:58 POLARIS_LOG {"event":"send_rate","rate":296000,"ts":1760556718.3539844}
2025/10/15 19:31:59 POLARIS_LOG {"event":"send_rate","rate":304000,"ts":1760556719.3538144}
2025/10/15 19:32:00 POLARIS_LOG {"event":"send_rate","rate":296000,"ts":1760556720.3577447}
2025/10/15 19:32:01 POLARIS_LOG {"event":"send_rate","rate":304000,"ts":1760556721.3711457}
2025/10/15 19:32:02 POLARIS_LOG {"event":"send_rate","rate":296000,"ts":1760556722.3555832}
2025/10/15 19:32:03 POLARIS_LOG {"event":"send_rate","rate":304000,"ts":1760556723.354861}
2025/10/15 19:32:04 POLARIS_LOG {"event":"send_rate","rate":296000,"ts":1760556724.3553782}
2025/10/15 19:32:05 POLARIS_LOG {"event":"send_rate","rate":312000,"ts":1760556725.3731945}
2025/10/15 19:32:06 POLARIS_LOG {"event":"send_rate","rate":288000,"ts":1760556726.356006}
2025/10/15 19:32:07 POLARIS_LOG {"event":"send_rate","rate":304000,"ts":1760556727.3542125}
2025/10/15 19:32:08 POLARIS_LOG {"event":"send_rate","rate":296000,"ts":1760556728.3626726}
2025/10/15 19:32:09 POLARIS_LOG {"event":"send_rate","rate":304000,"ts":1760556729.356418}
2025/10/15 19:32:10 POLARIS_LOG {"event":"send_rate","rate":304000,"ts":1760556730.3652654}
2025/10/15 19:32:11 POLARIS_LOG {"event":"send_rate","rate":296000,"ts":1760556731.3545632}
2025/10/15 19:32:12 POLARIS_LOG {"event":"send_rate","rate":296000,"ts":1760556732.3573344}
2025/10/15 19:32:13 POLARIS_LOG {"event":"send_rate","rate":304000,"ts":1760556733.353833}
2025/10/15 19:32:14 POLARIS_LOG {"event":"send_rate","rate":296000,"ts":1760556734.3544586}
2025/10/15 19:32:15 POLARIS_LOG {"event":"send_rate","rate":304000,"ts":1760556735.3553536}
2025/10/15 19:32:16 POLARIS_LOG {"event":"send_rate","rate":296000,"ts":1760556736.3538024}
2025/10/15 19:32:17 POLARIS_LOG {"event":"send_rate","rate":304000,"ts":1760556737.3541052}
2025/10/15 19:32:18 POLARIS_LOG {"event":"send_rate","rate":296000,"ts":1760556738.3566}
2025/10/15 19:32:19 POLARIS_LOG {"event":"send_rate","rate":304000,"ts":1760556739.3560138}
2025/10/15 19:32:20 POLARIS_LOG {"event":"send_rate","rate":296000,"ts":1760556740.357648}
2025/10/15 19:32:21 POLARIS_LOG {"event":"send_rate","rate":304000,"ts":1760556741.3630729}
2025/10/15 19:32:22 POLARIS_LOG {"event":"send_rate","rate":296000,"ts":1760556742.3555307}
2025/10/15 19:32:23 POLARIS_LOG {"event":"send_rate","rate":304000,"ts":1760556743.3541398}
2025/10/15 19:32:24 POLARIS_LOG {"event":"send_rate","rate":296000,"ts":1760556744.3564806}
2025/10/15 19:32:25 POLARIS_LOG {"event":"send_rate","rate":304000,"ts":1760556745.3545659}
2025/10/15 19:32:26 POLARIS_LOG {"event":"send_rate","rate":296000,"ts":1760556746.3536956}
2025/10/15 19:32:27 POLARIS_LOG {"event":"send_rate","rate":304000,"ts":1760556747.3545668}
2025/10/15 19:32:28 POLARIS_LOG {"event":"send_rate","rate":304000,"ts":1760556748.364774}
2025/10/15 19:32:29 POLARIS_LOG {"event":"send_rate","rate":296000,"ts":1760556749.3537958}
2025/10/15 19:32:30 POLARIS_LOG {"event":"send_rate","rate":296000,"ts":1760556750.355402}
2025/10/15 19:32:31 POLARIS_LOG {"event":"send_rate","rate":304000,"ts":1760556751.354969}
2025/10/15 19:32:32 POLARIS_LOG {"event":"send_rate","rate":296000,"ts":1760556752.3552866}
2025/10/15 19:32:33 POLARIS_LOG {"event":"send_rate","rate":312000,"ts":1760556753.376584}
2025/10/15 19:32:34 POLARIS_LOG {"event":"send_rate","rate":288000,"ts":1760556754.354946}
2025/10/15 19:32:35 POLARIS_LOG {"event":"send_rate","rate":304000,"ts":1760556755.3539114}
2025/10/15 19:32:36 POLARIS_LOG {"event":"send_rate","rate":296000,"ts":1760556756.354069}
2025/10/15 19:32:37 POLARIS_LOG {"event":"send_rate","rate":304000,"ts":1760556757.3542986}
2025/10/15 19:32:38 POLARIS_LOG {"event":"send_rate","rate":296000,"ts":1760556758.357259}
2025/10/15 19:32:39 POLARIS_LOG {"event":"send_rate","rate":304000,"ts":1760556759.3545654}
2025/10/15 19:32:40 POLARIS_LOG {"event":"send_rate","rate":296000,"ts":1760556760.35376}
2025/10/15 19:32:41 POLARIS_LOG {"event":"send_rate","rate":304000,"ts":1760556761.3541763}
2025/10/15 19:32:42 POLARIS_LOG {"event":"send_rate","rate":296000,"ts":1760556762.3537228}
2025/10/15 19:32:43 POLARIS_LOG {"event":"send_rate","rate":304000,"ts":1760556763.3551764}
2025/10/15 19:32:44 POLARIS_LOG {"event":"send_rate","rate":296000,"ts":1760556764.3541796}
2025/10/15 19:32:45 POLARIS_LOG {"event":"send_rate","rate":304000,"ts":1760556765.3544707}
2025/10/15 19:32:46 POLARIS_LOG {"event":"send_rate","rate":296000,"ts":1760556766.3546464}
2025/10/15 19:32:47 POLARIS_LOG {"event":"send_rate","rate":304000,"ts":1760556767.3544762}
2025/10/15 19:32:48 POLARIS_LOG {"event":"send_rate","rate":296000,"ts":1760556768.3538327}
2025/10/15 19:32:49 POLARIS_LOG {"event":"send_rate","rate":304000,"ts":1760556769.3542662}
2025/10/15 19:32:50 POLARIS_LOG {"event":"send_rate","rate":296000,"ts":1760556770.3542552}
2025/10/15 19:32:51 POLARIS_LOG {"event":"send_rate","rate":304000,"ts":1760556771.3568964}
2025/10/15 19:32:52 POLARIS_LOG {"event":"send_rate","rate":296000,"ts":1760556772.3537817}
2025/10/15 19:32:53 POLARIS_LOG {"event":"send_rate","rate":304000,"ts":1760556773.3537674}
2025/10/15 19:32:54 POLARIS_LOG {"event":"send_rate","rate":296000,"ts":1760556774.3598228}
2025/10/15 19:32:55 POLARIS_LOG {"event":"send_rate","rate":296000,"ts":1760556775.3573494}
2025/10/15 19:32:56 POLARIS_LOG {"event":"send_rate","rate":304000,"ts":1760556776.3539639}
2025/10/15 19:32:57 POLARIS_LOG {"event":"send_rate","rate":304000,"ts":1760556777.3548396}
2025/10/15 19:32:58 POLARIS_LOG {"event":"send_rate","rate":296000,"ts":1760556778.3541553}
2025/10/15 19:32:59 POLARIS_LOG {"event":"send_rate","rate":304000,"ts":1760556779.3537402}
2025/10/15 19:33:00 POLARIS_LOG {"event":"send_rate","rate":296000,"ts":1760556780.3539553}
2025/10/15 19:33:01 POLARIS_LOG {"event":"send_rate","rate":304000,"ts":1760556781.3539448}
2025/10/15 19:33:02 POLARIS_LOG {"event":"send_rate","rate":296000,"ts":1760556782.3546293}
2025/10/15 19:33:03 POLARIS_LOG {"event":"send_rate","rate":304000,"ts":1760556783.3573337}
2025/10/15 19:33:04 POLARIS_LOG {"event":"send_rate","rate":296000,"ts":1760556784.3546977}
2025/10/15 19:33:05 POLARIS_LOG {"event":"send_rate","rate":304000,"ts":1760556785.3545415}
2025/10/15 19:33:06 POLARIS_LOG {"event":"send_rate","rate":296000,"ts":1760556786.355808}
2025/10/15 19:33:07 POLARIS_LOG {"event":"send_rate","rate":304000,"ts":1760556787.356322}
2025/10/15 19:33:08 POLARIS_LOG {"event":"send_rate","rate":296000,"ts":1760556788.3545535}
2025/10/15 19:33:09 POLARIS_LOG {"event":"send_rate","rate":296000,"ts":1760556789.3545625}
2025/10/15 19:33:10 POLARIS_LOG {"event":"send_rate","rate":304000,"ts":1760556790.355148}
2025/10/15 19:33:11 POLARIS_LOG {"event":"send_rate","rate":304000,"ts":1760556791.3539727}
2025/10/15 19:33:12 POLARIS_LOG {"event":"send_rate","rate":296000,"ts":1760556792.354645}
2025/10/15 19:33:13 POLARIS_LOG {"event":"send_rate","rate":304000,"ts":1760556793.3542979}
2025/10/15 19:33:14 POLARIS_LOG {"event":"send_rate","rate":296000,"ts":1760556794.3543017}
2025/10/15 19:33:15 POLARIS_LOG {"event":"send_rate","rate":296000,"ts":1760556795.3871918}
2025/10/15 19:33:16 POLARIS_LOG {"event":"send_rate","rate":304000,"ts":1760556796.3545816}
2025/10/15 19:33:17 POLARIS_LOG {"event":"send_rate","rate":304000,"ts":1760556797.354722}
2025/10/15 19:33:18 POLARIS_LOG {"event":"send_rate","rate":296000,"ts":1760556798.3550282}
2025/10/15 19:33:19 POLARIS_LOG {"event":"send_rate","rate":296000,"ts":1760556799.3542452}
2025/10/15 19:33:20 POLARIS_LOG {"event":"send_rate","rate":304000,"ts":1760556800.355268}
2025/10/15 19:33:21 POLARIS_LOG {"event":"send_rate","rate":296000,"ts":1760556801.3543854}
2025/10/15 19:33:22 POLARIS_LOG {"event":"send_rate","rate":304000,"ts":1760556802.3548164}
2025/10/15 19:33:23 POLARIS_LOG {"event":"send_rate","rate":296000,"ts":1760556803.3539357}
2025/10/15 19:33:24 POLARIS_LOG {"event":"send_rate","rate":304000,"ts":1760556804.3639374}
2025/10/15 19:33:25 POLARIS_LOG {"event":"send_rate","rate":296000,"ts":1760556805.356845}
2025/10/15 19:33:26 POLARIS_LOG {"event":"send_rate","rate":304000,"ts":1760556806.3647742}
2025/10/15 19:33:27 POLARIS_LOG {"event":"send_rate","rate":296000,"ts":1760556807.3540747}
2025/10/15 19:33:28 POLARIS_LOG {"event":"send_rate","rate":304000,"ts":1760556808.3545005}
2025/10/15 19:33:29 POLARIS_LOG {"event":"send_rate","rate":304000,"ts":1760556809.3540192}
2025/10/15 19:33:30 POLARIS_LOG {"event":"send_rate","rate":296000,"ts":1760556810.3546357}
2025/10/15 19:33:31 POLARIS_LOG {"event":"send_rate","rate":304000,"ts":1760556811.3549454}
2025/10/15 19:33:32 POLARIS_LOG {"event":"send_rate","rate":296000,"ts":1760556812.353743}
2025/10/15 19:33:33 POLARIS_LOG {"event":"send_rate","rate":296000,"ts":1760556813.353684}
2025/10/15 19:33:34 POLARIS_LOG {"event":"send_rate","rate":304000,"ts":1760556814.3543928}
2025/10/15 19:33:35 POLARIS_LOG {"event":"send_rate","rate":296000,"ts":1760556815.3539655}
2025/10/15 19:33:36 POLARIS_LOG {"event":"send_rate","rate":304000,"ts":1760556816.3545263}
Drain Loop received packet
Drain Loop received non-nil payload
Client sent 9450 packets, server reported 9428 packets received
The network loss rate from client to server is 0.2%

S->C results
Attempted bandwidth: 0 bps / 0.00 Mbps
Achieved bandwidth: 0 bps / 0.00 Mbps
Loss rate: 0.0%
Interarrival time min/avg/max/mdev = -0.000/0.000/0.000/0.000 ms

C->S results
Attempted bandwidth: 300000 bps / 0.30 Mbps
Achieved bandwidth: 299301 bps / 0.30 Mbps
Loss rate: 0.2%
Interarrival time min/avg/max/mdev = 0.002/26.585/323.219/17.223 ms
