
Test parameters:
client->server: 246 seconds, 1000 bytes, 9225 packets
server->client: 246 seconds, 1000 bytes, 0 packets
2025/10/15 19:29:28 POLARIS_LOG {"current_rate":0,"event":"path_switch","new":"2 2 5 2","trigger":"initialization","ts":1760556568.5754824}
Polaris prober initialized with 38 paths
Polaris prober initialized with local 1-111,10.111.0.71:32737 and remote 1-113,10.113.0.71
2025/10/15 19:29:29 POLARIS_LOG {"event":"send_rate","rate":0,"ts":1760556569.576821}
2025/10/15 19:29:30 POLARIS_LOG {"event":"send_rate","rate":272000,"ts":1760556570.5760343}
2025/10/15 19:29:31 POLARIS_LOG {"event":"send_rate","rate":296000,"ts":1760556571.5766697}
2025/10/15 19:29:32 POLARIS_LOG {"event":"send_rate","rate":304000,"ts":1760556572.5762126}
2025/10/15 19:29:33 POLARIS_LOG {"event":"send_rate","rate":296000,"ts":1760556573.579487}
2025/10/15 19:29:34 POLARIS_LOG {"event":"send_rate","rate":304000,"ts":1760556574.5759637}
2025/10/15 19:29:35 POLARIS_LOG {"event":"send_rate","rate":296000,"ts":1760556575.576938}
2025/10/15 19:29:36 POLARIS_LOG {"event":"send_rate","rate":304000,"ts":1760556576.576839}
2025/10/15 19:29:37 POLARIS_LOG {"event":"send_rate","rate":296000,"ts":1760556577.5768223}
2025/10/15 19:29:38 POLARIS_LOG {"event":"send_rate","rate":304000,"ts":1760556578.5760474}
2025/10/15 19:29:39 POLARIS_LOG {"event":"send_rate","rate":296000,"ts":1760556579.5765364}
2025/10/15 19:29:40 POLARIS_LOG {"event":"send_rate","rate":304000,"ts":1760556580.5760343}
2025/10/15 19:29:41 POLARIS_LOG {"event":"send_rate","rate":296000,"ts":1760556581.5764205}
2025/10/15 19:29:42 POLARIS_LOG {"event":"send_rate","rate":304000,"ts":1760556582.5775082}
2025/10/15 19:29:43 POLARIS_LOG {"event":"send_rate","rate":296000,"ts":1760556583.5769606}
2025/10/15 19:29:44 POLARIS_LOG {"event":"send_rate","rate":304000,"ts":1760556584.57648}
2025/10/15 19:29:45 POLARIS_LOG {"event":"send_rate","rate":296000,"ts":1760556585.5763974}
2025/10/15 19:29:46 POLARIS_LOG {"event":"send_rate","rate":304000,"ts":1760556586.5760815}
2025/10/15 19:29:47 POLARIS_LOG {"event":"send_rate","rate":296000,"ts":1760556587.5761862}
2025/10/15 19:29:48 POLARIS_LOG {"event":"send_rate","rate":304000,"ts":1760556588.5769029}
2025/10/15 19:29:49 POLARIS_LOG {"event":"send_rate","rate":296000,"ts":1760556589.576549}
2025/10/15 19:29:50 POLARIS_LOG {"event":"send_rate","rate":304000,"ts":1760556590.5769637}
2025/10/15 19:29:51 POLARIS_LOG {"event":"send_rate","rate":296000,"ts":1760556591.5948923}
2025/10/15 19:29:52 POLARIS_LOG {"event":"send_rate","rate":304000,"ts":1760556592.5769346}
2025/10/15 19:29:53 POLARIS_LOG {"event":"send_rate","rate":296000,"ts":1760556593.576263}
2025/10/15 19:29:54 POLARIS_LOG {"event":"send_rate","rate":304000,"ts":1760556594.5767708}
2025/10/15 19:29:55 POLARIS_LOG {"event":"send_rate","rate":296000,"ts":1760556595.57663}
2025/10/15 19:29:56 POLARIS_LOG {"event":"send_rate","rate":304000,"ts":1760556596.5766652}
2025/10/15 19:29:57 POLARIS_LOG {"event":"send_rate","rate":296000,"ts":1760556597.5771124}
2025/10/15 19:29:58 POLARIS_LOG {"event":"send_rate","rate":304000,"ts":1760556598.5792482}
2025/10/15 19:29:59 POLARIS_LOG {"event":"send_rate","rate":296000,"ts":1760556599.5763667}
2025/10/15 19:30:00 POLARIS_LOG {"event":"send_rate","rate":304000,"ts":1760556600.5792522}
2025/10/15 19:30:01 POLARIS_LOG {"event":"send_rate","rate":296000,"ts":1760556601.576873}
2025/10/15 19:30:02 POLARIS_LOG {"event":"send_rate","rate":304000,"ts":1760556602.5768132}
2025/10/15 19:30:03 POLARIS_LOG {"event":"send_rate","rate":296000,"ts":1760556603.5760493}
2025/10/15 19:30:04 POLARIS_LOG {"event":"send_rate","rate":304000,"ts":1760556604.5853107}
2025/10/15 19:30:05 POLARIS_LOG {"event":"send_rate","rate":296000,"ts":1760556605.5765364}
2025/10/15 19:30:06 POLARIS_LOG {"event":"send_rate","rate":304000,"ts":1760556606.5806563}
2025/10/15 19:30:07 POLARIS_LOG {"event":"send_rate","rate":296000,"ts":1760556607.5777295}
2025/10/15 19:30:08 POLARIS_LOG {"event":"send_rate","rate":304000,"ts":1760556608.5768354}
2025/10/15 19:30:09 POLARIS_LOG {"event":"send_rate","rate":296000,"ts":1760556609.576165}
2025/10/15 19:30:10 POLARIS_LOG {"event":"send_rate","rate":304000,"ts":1760556610.5764313}
2025/10/15 19:30:11 POLARIS_LOG {"event":"send_rate","rate":296000,"ts":1760556611.5768213}
2025/10/15 19:30:12 POLARIS_LOG {"event":"send_rate","rate":304000,"ts":1760556612.5767536}
2025/10/15 19:30:13 POLARIS_LOG {"event":"send_rate","rate":296000,"ts":1760556613.5759718}
2025/10/15 19:30:14 POLARIS_LOG {"event":"send_rate","rate":304000,"ts":1760556614.5760858}
2025/10/15 19:30:15 POLARIS_LOG {"event":"send_rate","rate":296000,"ts":1760556615.5761282}
2025/10/15 19:30:16 POLARIS_LOG {"event":"send_rate","rate":304000,"ts":1760556616.5766642}
2025/10/15 19:30:17 POLARIS_LOG {"event":"send_rate","rate":296000,"ts":1760556617.5767403}
2025/10/15 19:30:18 POLARIS_LOG {"event":"send_rate","rate":304000,"ts":1760556618.5764298}
2025/10/15 19:30:19 POLARIS_LOG {"event":"send_rate","rate":296000,"ts":1760556619.5763552}
2025/10/15 19:30:20 POLARIS_LOG {"event":"send_rate","rate":304000,"ts":1760556620.5768235}
2025/10/15 19:30:21 POLARIS_LOG {"event":"send_rate","rate":296000,"ts":1760556621.5762453}
2025/10/15 19:30:22 POLARIS_LOG {"event":"send_rate","rate":304000,"ts":1760556622.5765622}
2025/10/15 19:30:23 POLARIS_LOG {"event":"send_rate","rate":296000,"ts":1760556623.5761294}
2025/10/15 19:30:24 POLARIS_LOG {"event":"send_rate","rate":304000,"ts":1760556624.5767066}
2025/10/15 19:30:25 POLARIS_LOG {"event":"send_rate","rate":296000,"ts":1760556625.58108}
2025/10/15 19:30:26 POLARIS_LOG {"event":"send_rate","rate":304000,"ts":1760556626.576901}
2025/10/15 19:30:27 POLARIS_LOG {"event":"send_rate","rate":296000,"ts":1760556627.57669}
2025/10/15 19:30:28 POLARIS_LOG {"event":"send_rate","rate":304000,"ts":1760556628.5770733}
2025/10/15 19:30:29 POLARIS_LOG {"event":"send_rate","rate":296000,"ts":1760556629.5762212}
2025/10/15 19:30:30 POLARIS_LOG {"event":"send_rate","rate":304000,"ts":1760556630.5766807}
2025/10/15 19:30:31 POLARIS_LOG {"event":"send_rate","rate":296000,"ts":1760556631.5763106}
2025/10/15 19:30:32 POLARIS_LOG {"event":"send_rate","rate":304000,"ts":1760556632.5768533}
2025/10/15 19:30:33 POLARIS_LOG {"event":"send_rate","rate":296000,"ts":1760556633.5759785}
2025/10/15 19:30:34 POLARIS_LOG {"event":"send_rate","rate":304000,"ts":1760556634.575963}
2025/10/15 19:30:35 POLARIS_LOG {"event":"send_rate","rate":296000,"ts":1760556635.576094}
2025/10/15 19:30:36 POLARIS_LOG {"event":"send_rate","rate":304000,"ts":1760556636.5759745}
2025/10/15 19:30:37 POLARIS_LOG {"event":"send_rate","rate":296000,"ts":1760556637.5846617}
2025/10/15 19:30:38 POLARIS_LOG {"event":"send_rate","rate":304000,"ts":1760556638.5768743}
2025/10/15 19:30:39 POLARIS_LOG {"event":"send_rate","rate":296000,"ts":1760556639.5766578}
2025/10/15 19:30:40 POLARIS_LOG {"event":"send_rate","rate":304000,"ts":1760556640.5765545}
2025/10/15 19:30:41 POLARIS_LOG {"event":"send_rate","rate":296000,"ts":1760556641.5764315}
2025/10/15 19:30:42 POLARIS_LOG {"event":"send_rate","rate":296000,"ts":1760556642.576177}
2025/10/15 19:30:43 POLARIS_LOG {"event":"send_rate","rate":304000,"ts":1760556643.5768855}
2025/10/15 19:30:44 POLARIS_LOG {"event":"send_rate","rate":296000,"ts":1760556644.5767312}
2025/10/15 19:30:45 POLARIS_LOG {"event":"send_rate","rate":304000,"ts":1760556645.576156}
2025/10/15 19:30:46 POLARIS_LOG {"event":"send_rate","rate":296000,"ts":1760556646.576455}
2025/10/15 19:30:47 POLARIS_LOG {"event":"send_rate","rate":304000,"ts":1760556647.5766585}
2025/10/15 19:30:48 POLARIS_LOG {"event":"send_rate","rate":296000,"ts":1760556648.576857}
2025/10/15 19:30:49 POLARIS_LOG {"event":"send_rate","rate":304000,"ts":1760556649.57668}
2025/10/15 19:30:50 POLARIS_LOG {"event":"send_rate","rate":296000,"ts":1760556650.5769382}
2025/10/15 19:30:51 POLARIS_LOG {"event":"send_rate","rate":304000,"ts":1760556651.5762994}
2025/10/15 19:30:52 POLARIS_LOG {"event":"send_rate","rate":296000,"ts":1760556652.5769603}
2025/10/15 19:30:53 POLARIS_LOG {"event":"send_rate","rate":304000,"ts":1760556653.576202}
2025/10/15 19:30:54 POLARIS_LOG {"event":"send_rate","rate":296000,"ts":1760556654.576277}
2025/10/15 19:30:55 POLARIS_LOG {"event":"send_rate","rate":304000,"ts":1760556655.5767732}
2025/10/15 19:30:56 POLARIS_LOG {"event":"send_rate","rate":296000,"ts":1760556656.5765872}
2025/10/15 19:30:57 POLARIS_LOG {"event":"send_rate","rate":304000,"ts":1760556657.5767472}
2025/10/15 19:30:58 POLARIS_LOG {"event":"send_rate","rate":296000,"ts":1760556658.5769029}
2025/10/15 19:30:59 POLARIS_LOG {"event":"send_rate","rate":304000,"ts":1760556659.575969}
2025/10/15 19:31:00 POLARIS_LOG {"event":"send_rate","rate":296000,"ts":1760556660.5768108}
2025/10/15 19:31:01 POLARIS_LOG {"event":"send_rate","rate":304000,"ts":1760556661.576601}
2025/10/15 19:31:02 POLARIS_LOG {"event":"send_rate","rate":296000,"ts":1760556662.5765162}
2025/10/15 19:31:03 POLARIS_LOG {"event":"send_rate","rate":304000,"ts":1760556663.5766294}
2025/10/15 19:31:04 POLARIS_LOG {"event":"send_rate","rate":296000,"ts":1760556664.5765228}
2025/10/15 19:31:05 POLARIS_LOG {"event":"send_rate","rate":304000,"ts":1760556665.5767484}
2025/10/15 19:31:06 POLARIS_LOG {"event":"send_rate","rate":296000,"ts":1760556666.5766985}
2025/10/15 19:31:07 POLARIS_LOG {"event":"send_rate","rate":304000,"ts":1760556667.576667}
2025/10/15 19:31:08 POLARIS_LOG {"event":"send_rate","rate":296000,"ts":1760556668.576229}
2025/10/15 19:31:09 POLARIS_LOG {"event":"send_rate","rate":304000,"ts":1760556669.5766711}
2025/10/15 19:31:10 POLARIS_LOG {"event":"send_rate","rate":296000,"ts":1760556670.5763862}
2025/10/15 19:31:11 POLARIS_LOG {"event":"send_rate","rate":304000,"ts":1760556671.5768464}
2025/10/15 19:31:12 POLARIS_LOG {"event":"send_rate","rate":296000,"ts":1760556672.5765321}
2025/10/15 19:31:13 POLARIS_LOG {"event":"send_rate","rate":304000,"ts":1760556673.577124}
2025/10/15 19:31:14 POLARIS_LOG {"event":"send_rate","rate":296000,"ts":1760556674.5765183}
2025/10/15 19:31:15 POLARIS_LOG {"event":"send_rate","rate":304000,"ts":1760556675.5766706}
2025/10/15 19:31:16 POLARIS_LOG {"event":"send_rate","rate":296000,"ts":1760556676.5763516}
2025/10/15 19:31:17 POLARIS_LOG {"event":"send_rate","rate":304000,"ts":1760556677.5891037}
2025/10/15 19:31:18 POLARIS_LOG {"event":"send_rate","rate":296000,"ts":1760556678.5761487}
2025/10/15 19:31:19 POLARIS_LOG {"event":"send_rate","rate":304000,"ts":1760556679.5792558}
2025/10/15 19:31:20 POLARIS_LOG {"event":"send_rate","rate":296000,"ts":1760556680.5765536}
2025/10/15 19:31:21 POLARIS_LOG {"event":"send_rate","rate":304000,"ts":1760556681.5765426}
2025/10/15 19:31:22 POLARIS_LOG {"event":"send_rate","rate":296000,"ts":1760556682.5760703}
2025/10/15 19:31:23 POLARIS_LOG {"event":"send_rate","rate":304000,"ts":1760556683.5770535}
2025/10/15 19:31:24 POLARIS_LOG {"event":"send_rate","rate":296000,"ts":1760556684.5768304}
2025/10/15 19:31:25 POLARIS_LOG {"event":"send_rate","rate":304000,"ts":1760556685.5763116}
2025/10/15 19:31:26 POLARIS_LOG {"event":"send_rate","rate":296000,"ts":1760556686.5768666}
2025/10/15 19:31:27 POLARIS_LOG {"event":"send_rate","rate":304000,"ts":1760556687.5767264}
2025/10/15 19:31:28 POLARIS_LOG {"event":"send_rate","rate":296000,"ts":1760556688.576164}
2025/10/15 19:31:29 POLARIS_LOG {"event":"send_rate","rate":304000,"ts":1760556689.5761914}
2025/10/15 19:31:30 POLARIS_LOG {"event":"send_rate","rate":296000,"ts":1760556690.576638}
2025/10/15 19:31:31 POLARIS_LOG {"event":"send_rate","rate":304000,"ts":1760556691.5765362}
2025/10/15 19:31:32 POLARIS_LOG {"event":"send_rate","rate":296000,"ts":1760556692.5767186}
2025/10/15 19:31:33 POLARIS_LOG {"event":"send_rate","rate":304000,"ts":1760556693.57725}
2025/10/15 19:31:34 POLARIS_LOG {"event":"send_rate","rate":296000,"ts":1760556694.5766752}
2025/10/15 19:31:35 POLARIS_LOG {"event":"send_rate","rate":304000,"ts":1760556695.5765414}
2025/10/15 19:31:36 POLARIS_LOG {"event":"send_rate","rate":296000,"ts":1760556696.5759761}
2025/10/15 19:31:37 POLARIS_LOG {"event":"send_rate","rate":304000,"ts":1760556697.576625}
2025/10/15 19:31:38 POLARIS_LOG {"event":"send_rate","rate":296000,"ts":1760556698.5763354}
2025/10/15 19:31:39 POLARIS_LOG {"event":"send_rate","rate":304000,"ts":1760556699.5772192}
2025/10/15 19:31:40 POLARIS_LOG {"event":"send_rate","rate":296000,"ts":1760556700.5863125}
2025/10/15 19:31:41 POLARIS_LOG {"event":"send_rate","rate":304000,"ts":1760556701.5768478}
2025/10/15 19:31:42 POLARIS_LOG {"event":"send_rate","rate":296000,"ts":1760556702.5761511}
2025/10/15 19:31:43 POLARIS_LOG {"event":"send_rate","rate":304000,"ts":1760556703.5764682}
2025/10/15 19:31:44 POLARIS_LOG {"event":"send_rate","rate":296000,"ts":1760556704.5763304}
2025/10/15 19:31:45 POLARIS_LOG {"event":"send_rate","rate":304000,"ts":1760556705.576551}
2025/10/15 19:31:46 POLARIS_LOG {"event":"send_rate","rate":296000,"ts":1760556706.576062}
2025/10/15 19:31:47 POLARIS_LOG {"event":"send_rate","rate":304000,"ts":1760556707.5760052}
2025/10/15 19:31:48 POLARIS_LOG {"event":"send_rate","rate":296000,"ts":1760556708.5770864}
2025/10/15 19:31:49 POLARIS_LOG {"event":"send_rate","rate":304000,"ts":1760556709.5766475}
2025/10/15 19:31:50 POLARIS_LOG {"event":"send_rate","rate":296000,"ts":1760556710.5763907}
2025/10/15 19:31:51 POLARIS_LOG {"event":"send_rate","rate":304000,"ts":1760556711.5760438}
2025/10/15 19:31:52 POLARIS_LOG {"event":"send_rate","rate":296000,"ts":1760556712.5762613}
2025/10/15 19:31:53 POLARIS_LOG {"event":"send_rate","rate":304000,"ts":1760556713.5763378}
2025/10/15 19:31:54 POLARIS_LOG {"event":"send_rate","rate":296000,"ts":1760556714.5768306}
2025/10/15 19:31:55 POLARIS_LOG {"event":"send_rate","rate":304000,"ts":1760556715.576503}
2025/10/15 19:31:56 POLARIS_LOG {"event":"send_rate","rate":296000,"ts":1760556716.5763128}
2025/10/15 19:31:57 POLARIS_LOG {"event":"send_rate","rate":304000,"ts":1760556717.5761585}
2025/10/15 19:31:58 POLARIS_LOG {"event":"send_rate","rate":296000,"ts":1760556718.5761528}
2025/10/15 19:31:59 POLARIS_LOG {"event":"send_rate","rate":304000,"ts":1760556719.5767212}
2025/10/15 19:32:00 POLARIS_LOG {"event":"send_rate","rate":296000,"ts":1760556720.5760977}
2025/10/15 19:32:01 POLARIS_LOG {"event":"send_rate","rate":304000,"ts":1760556721.5761948}
2025/10/15 19:32:02 POLARIS_LOG {"event":"send_rate","rate":296000,"ts":1760556722.576058}
2025/10/15 19:32:03 POLARIS_LOG {"event":"send_rate","rate":304000,"ts":1760556723.5763373}
2025/10/15 19:32:04 POLARIS_LOG {"event":"send_rate","rate":296000,"ts":1760556724.5765333}
2025/10/15 19:32:05 POLARIS_LOG {"event":"send_rate","rate":304000,"ts":1760556725.576844}
2025/10/15 19:32:06 POLARIS_LOG {"event":"send_rate","rate":296000,"ts":1760556726.5763564}
2025/10/15 19:32:07 POLARIS_LOG {"event":"send_rate","rate":304000,"ts":1760556727.576688}
2025/10/15 19:32:08 POLARIS_LOG {"event":"send_rate","rate":296000,"ts":1760556728.5768821}
2025/10/15 19:32:09 POLARIS_LOG {"event":"send_rate","rate":304000,"ts":1760556729.5761497}
2025/10/15 19:32:10 POLARIS_LOG {"event":"send_rate","rate":296000,"ts":1760556730.5769277}
2025/10/15 19:32:11 POLARIS_LOG {"event":"send_rate","rate":304000,"ts":1760556731.5769339}
2025/10/15 19:32:12 POLARIS_LOG {"event":"send_rate","rate":296000,"ts":1760556732.575993}
2025/10/15 19:32:13 POLARIS_LOG {"event":"send_rate","rate":304000,"ts":1760556733.5764444}
2025/10/15 19:32:14 POLARIS_LOG {"event":"send_rate","rate":296000,"ts":1760556734.576791}
2025/10/15 19:32:15 POLARIS_LOG {"event":"send_rate","rate":304000,"ts":1760556735.5759928}
2025/10/15 19:32:16 POLARIS_LOG {"event":"send_rate","rate":296000,"ts":1760556736.5765698}
2025/10/15 19:32:17 POLARIS_LOG {"event":"send_rate","rate":304000,"ts":1760556737.5766778}
2025/10/15 19:32:18 POLARIS_LOG {"event":"send_rate","rate":296000,"ts":1760556738.5764682}
2025/10/15 19:32:19 POLARIS_LOG {"event":"send_rate","rate":304000,"ts":1760556739.5764928}
2025/10/15 19:32:20 POLARIS_LOG {"event":"send_rate","rate":296000,"ts":1760556740.576899}
2025/10/15 19:32:21 POLARIS_LOG {"event":"send_rate","rate":304000,"ts":1760556741.5769033}
2025/10/15 19:32:22 POLARIS_LOG {"event":"send_rate","rate":296000,"ts":1760556742.5774436}
2025/10/15 19:32:23 POLARIS_LOG {"event":"send_rate","rate":304000,"ts":1760556743.5766087}
2025/10/15 19:32:24 POLARIS_LOG {"event":"send_rate","rate":296000,"ts":1760556744.5774019}
2025/10/15 19:32:25 POLARIS_LOG {"event":"send_rate","rate":304000,"ts":1760556745.5761268}
2025/10/15 19:32:26 POLARIS_LOG {"event":"send_rate","rate":296000,"ts":1760556746.576505}
2025/10/15 19:32:27 POLARIS_LOG {"event":"send_rate","rate":304000,"ts":1760556747.5769122}
2025/10/15 19:32:28 POLARIS_LOG {"event":"send_rate","rate":296000,"ts":1760556748.5765293}
2025/10/15 19:32:29 POLARIS_LOG {"event":"send_rate","rate":304000,"ts":1760556749.5761304}
2025/10/15 19:32:30 POLARIS_LOG {"event":"send_rate","rate":296000,"ts":1760556750.5768754}
2025/10/15 19:32:31 POLARIS_LOG {"event":"send_rate","rate":296000,"ts":1760556751.5794373}
2025/10/15 19:32:32 POLARIS_LOG {"event":"send_rate","rate":304000,"ts":1760556752.576049}
2025/10/15 19:32:33 POLARIS_LOG {"event":"send_rate","rate":304000,"ts":1760556753.5763948}
2025/10/15 19:32:34 POLARIS_LOG {"event":"send_rate","rate":296000,"ts":1760556754.5766118}
2025/10/15 19:32:35 POLARIS_LOG {"event":"send_rate","rate":304000,"ts":1760556755.576144}
2025/10/15 19:32:36 POLARIS_LOG {"event":"send_rate","rate":296000,"ts":1760556756.5765383}
2025/10/15 19:32:37 POLARIS_LOG {"event":"send_rate","rate":304000,"ts":1760556757.576112}
2025/10/15 19:32:38 POLARIS_LOG {"event":"send_rate","rate":296000,"ts":1760556758.5760365}
2025/10/15 19:32:39 POLARIS_LOG {"event":"send_rate","rate":296000,"ts":1760556759.5760865}
2025/10/15 19:32:40 POLARIS_LOG {"event":"send_rate","rate":304000,"ts":1760556760.5765164}
2025/10/15 19:32:41 POLARIS_LOG {"event":"send_rate","rate":304000,"ts":1760556761.576799}
2025/10/15 19:32:42 POLARIS_LOG {"event":"send_rate","rate":296000,"ts":1760556762.5764472}
2025/10/15 19:32:43 POLARIS_LOG {"event":"send_rate","rate":304000,"ts":1760556763.576891}
2025/10/15 19:32:44 POLARIS_LOG {"event":"send_rate","rate":296000,"ts":1760556764.5760098}
2025/10/15 19:32:45 POLARIS_LOG {"event":"send_rate","rate":296000,"ts":1760556765.5765553}
2025/10/15 19:32:46 POLARIS_LOG {"event":"send_rate","rate":304000,"ts":1760556766.576505}
2025/10/15 19:32:47 POLARIS_LOG {"event":"send_rate","rate":296000,"ts":1760556767.5764444}
2025/10/15 19:32:48 POLARIS_LOG {"event":"send_rate","rate":312000,"ts":1760556768.5912478}
2025/10/15 19:32:49 POLARIS_LOG {"event":"send_rate","rate":288000,"ts":1760556769.576521}
2025/10/15 19:32:50 POLARIS_LOG {"event":"send_rate","rate":304000,"ts":1760556770.5764167}
2025/10/15 19:32:51 POLARIS_LOG {"event":"send_rate","rate":296000,"ts":1760556771.5765312}
2025/10/15 19:32:52 POLARIS_LOG {"event":"send_rate","rate":304000,"ts":1760556772.5765412}
2025/10/15 19:32:53 POLARIS_LOG {"event":"send_rate","rate":296000,"ts":1760556773.5767853}
2025/10/15 19:32:54 POLARIS_LOG {"event":"send_rate","rate":304000,"ts":1760556774.5766046}
2025/10/15 19:32:55 POLARIS_LOG {"event":"send_rate","rate":296000,"ts":1760556775.5765948}
2025/10/15 19:32:56 POLARIS_LOG {"event":"send_rate","rate":304000,"ts":1760556776.576575}
2025/10/15 19:32:57 POLARIS_LOG {"event":"send_rate","rate":296000,"ts":1760556777.5766923}
2025/10/15 19:32:58 POLARIS_LOG {"event":"send_rate","rate":304000,"ts":1760556778.576547}
2025/10/15 19:32:59 POLARIS_LOG {"event":"send_rate","rate":296000,"ts":1760556779.5765953}
2025/10/15 19:33:00 POLARIS_LOG {"event":"send_rate","rate":304000,"ts":1760556780.576479}
2025/10/15 19:33:01 POLARIS_LOG {"event":"send_rate","rate":296000,"ts":1760556781.576734}
2025/10/15 19:33:02 POLARIS_LOG {"event":"send_rate","rate":304000,"ts":1760556782.5772312}
2025/10/15 19:33:03 POLARIS_LOG {"event":"send_rate","rate":296000,"ts":1760556783.5759661}
2025/10/15 19:33:04 POLARIS_LOG {"event":"send_rate","rate":304000,"ts":1760556784.5768073}
2025/10/15 19:33:05 POLARIS_LOG {"event":"send_rate","rate":296000,"ts":1760556785.576334}
2025/10/15 19:33:06 POLARIS_LOG {"event":"send_rate","rate":304000,"ts":1760556786.576332}
2025/10/15 19:33:07 POLARIS_LOG {"event":"send_rate","rate":296000,"ts":1760556787.5765524}
2025/10/15 19:33:08 POLARIS_LOG {"event":"send_rate","rate":304000,"ts":1760556788.5767384}
2025/10/15 19:33:09 POLARIS_LOG {"event":"send_rate","rate":296000,"ts":1760556789.5764747}
2025/10/15 19:33:10 POLARIS_LOG {"event":"send_rate","rate":304000,"ts":1760556790.5763261}
2025/10/15 19:33:11 POLARIS_LOG {"event":"send_rate","rate":296000,"ts":1760556791.5764213}
2025/10/15 19:33:12 POLARIS_LOG {"event":"send_rate","rate":304000,"ts":1760556792.5764105}
2025/10/15 19:33:13 POLARIS_LOG {"event":"send_rate","rate":296000,"ts":1760556793.5764759}
2025/10/15 19:33:14 POLARIS_LOG {"event":"send_rate","rate":304000,"ts":1760556794.576636}
2025/10/15 19:33:15 POLARIS_LOG {"event":"send_rate","rate":296000,"ts":1760556795.576808}
2025/10/15 19:33:16 POLARIS_LOG {"event":"send_rate","rate":304000,"ts":1760556796.576632}
2025/10/15 19:33:17 POLARIS_LOG {"event":"send_rate","rate":296000,"ts":1760556797.576131}
2025/10/15 19:33:18 POLARIS_LOG {"event":"send_rate","rate":304000,"ts":1760556798.5768669}
2025/10/15 19:33:19 POLARIS_LOG {"event":"send_rate","rate":296000,"ts":1760556799.5761006}
2025/10/15 19:33:20 POLARIS_LOG {"event":"send_rate","rate":304000,"ts":1760556800.5766828}
2025/10/15 19:33:21 POLARIS_LOG {"event":"send_rate","rate":296000,"ts":1760556801.5765414}
2025/10/15 19:33:22 POLARIS_LOG {"event":"send_rate","rate":304000,"ts":1760556802.577091}
2025/10/15 19:33:23 POLARIS_LOG {"event":"send_rate","rate":296000,"ts":1760556803.576311}
2025/10/15 19:33:24 POLARIS_LOG {"event":"send_rate","rate":304000,"ts":1760556804.5767655}
2025/10/15 19:33:25 POLARIS_LOG {"event":"send_rate","rate":296000,"ts":1760556805.576764}
2025/10/15 19:33:26 POLARIS_LOG {"event":"send_rate","rate":304000,"ts":1760556806.5764756}
2025/10/15 19:33:27 POLARIS_LOG {"event":"send_rate","rate":296000,"ts":1760556807.5765924}
2025/10/15 19:33:28 POLARIS_LOG {"event":"send_rate","rate":304000,"ts":1760556808.5760996}
2025/10/15 19:33:29 POLARIS_LOG {"event":"send_rate","rate":296000,"ts":1760556809.5767658}
2025/10/15 19:33:30 POLARIS_LOG {"event":"send_rate","rate":304000,"ts":1760556810.5759687}
2025/10/15 19:33:31 POLARIS_LOG {"event":"send_rate","rate":296000,"ts":1760556811.5768652}
2025/10/15 19:33:32 POLARIS_LOG {"event":"send_rate","rate":304000,"ts":1760556812.5788026}
2025/10/15 19:33:33 POLARIS_LOG {"event":"send_rate","rate":296000,"ts":1760556813.5766704}
2025/10/15 19:33:34 POLARIS_LOG {"event":"send_rate","rate":304000,"ts":1760556814.5764656}
2025/10/15 19:33:35 POLARIS_LOG {"event":"send_rate","rate":296000,"ts":1760556815.576999}
We need to sleep for 1 seconds before we can get the results
Drain Loop received packet
Drain Loop received non-nil payload
Client sent 9225 packets, server reported 9221 packets received
The network loss rate from client to server is 0.0%

S->C results
Attempted bandwidth: 0 bps / 0.00 Mbps
Achieved bandwidth: 0 bps / 0.00 Mbps
Loss rate: 0.0%
Interarrival time min/avg/max/mdev = -0.000/0.000/0.000/0.000 ms

C->S results
Attempted bandwidth: 300000 bps / 0.30 Mbps
Achieved bandwidth: 299869 bps / 0.30 Mbps
Loss rate: 0.0%
Interarrival time min/avg/max/mdev = 0.002/26.619/292.891/16.318 ms
