
Test parameters:
client->server: 276 seconds, 1000 bytes, 10350 packets
server->client: 276 seconds, 1000 bytes, 0 packets
2025/10/15 19:28:58 POLARIS_LOG {"current_rate":0,"event":"path_switch","new":"2 2 5 2","trigger":"initialization","ts":1760556538.1853771}
Polaris prober initialized with 38 paths
Polaris prober initialized with local 1-111,10.111.0.71:32752 and remote 1-113,10.113.0.71
2025/10/15 19:28:59 POLARIS_LOG {"event":"send_rate","rate":304000,"ts":1760556539.1861835}
2025/10/15 19:29:00 POLARIS_LOG {"event":"send_rate","rate":296000,"ts":1760556540.1861377}
2025/10/15 19:29:01 POLARIS_LOG {"event":"send_rate","rate":304000,"ts":1760556541.186444}
2025/10/15 19:29:02 POLARIS_LOG {"event":"send_rate","rate":296000,"ts":1760556542.1869614}
2025/10/15 19:29:03 POLARIS_LOG {"event":"send_rate","rate":304000,"ts":1760556543.1866777}
2025/10/15 19:29:04 POLARIS_LOG {"event":"send_rate","rate":296000,"ts":1760556544.1875176}
2025/10/15 19:29:05 POLARIS_LOG {"event":"send_rate","rate":304000,"ts":1760556545.1870253}
2025/10/15 19:29:06 POLARIS_LOG {"event":"send_rate","rate":296000,"ts":1760556546.1863115}
2025/10/15 19:29:07 POLARIS_LOG {"event":"send_rate","rate":304000,"ts":1760556547.1868753}
2025/10/15 19:29:08 POLARIS_LOG {"event":"send_rate","rate":296000,"ts":1760556548.186483}
2025/10/15 19:29:09 POLARIS_LOG {"event":"send_rate","rate":304000,"ts":1760556549.1868038}
2025/10/15 19:29:10 POLARIS_LOG {"event":"send_rate","rate":296000,"ts":1760556550.1867647}
2025/10/15 19:29:11 POLARIS_LOG {"event":"send_rate","rate":304000,"ts":1760556551.1865406}
2025/10/15 19:29:12 POLARIS_LOG {"event":"send_rate","rate":296000,"ts":1760556552.190994}
2025/10/15 19:29:13 POLARIS_LOG {"event":"send_rate","rate":304000,"ts":1760556553.1860235}
2025/10/15 19:29:14 POLARIS_LOG {"event":"send_rate","rate":296000,"ts":1760556554.1862109}
2025/10/15 19:29:15 POLARIS_LOG {"event":"send_rate","rate":304000,"ts":1760556555.1863978}
2025/10/15 19:29:16 POLARIS_LOG {"event":"send_rate","rate":296000,"ts":1760556556.1863933}
2025/10/15 19:29:17 POLARIS_LOG {"event":"send_rate","rate":304000,"ts":1760556557.1862652}
2025/10/15 19:29:18 POLARIS_LOG {"event":"send_rate","rate":296000,"ts":1760556558.186783}
2025/10/15 19:29:19 POLARIS_LOG {"event":"send_rate","rate":304000,"ts":1760556559.186898}
2025/10/15 19:29:20 POLARIS_LOG {"event":"send_rate","rate":296000,"ts":1760556560.1864312}
2025/10/15 19:29:21 POLARIS_LOG {"event":"send_rate","rate":304000,"ts":1760556561.1871848}
2025/10/15 19:29:22 POLARIS_LOG {"event":"send_rate","rate":296000,"ts":1760556562.1868787}
2025/10/15 19:29:23 POLARIS_LOG {"event":"send_rate","rate":304000,"ts":1760556563.1866019}
2025/10/15 19:29:24 POLARIS_LOG {"event":"send_rate","rate":296000,"ts":1760556564.1864781}
2025/10/15 19:29:25 POLARIS_LOG {"event":"send_rate","rate":304000,"ts":1760556565.186962}
2025/10/15 19:29:26 POLARIS_LOG {"event":"send_rate","rate":264000,"ts":1760556566.1868908}
Received SCMP echo reply with unexpected seq 26, expected 28 or 27
Received SCMP echo reply with unexpected seq 26, expected 28 or 27
Received SCMP echo reply with unexpected seq 26, expected 28 or 27
2025/10/15 19:29:27 POLARIS_LOG {"event":"send_rate","rate":176000,"ts":1760556567.186558}
Received SCMP echo reply with unexpected seq 27, expected 29 or 28
Received SCMP echo reply with unexpected seq 27, expected 29 or 28
Received SCMP echo reply with unexpected seq 27, expected 29 or 28
2025/10/15 19:29:28 POLARIS_LOG {"event":"send_rate","rate":184000,"ts":1760556568.1867115}
2025/10/15 19:29:28 POLARIS_LOG {"candidates":2,"candidates_unfiltered":17,"current_rate":184000,"estimated_share":2000000,"event":"path_switch","max_estimated_share":2000000,"new":"3 3 4 1","old":"2 2 5 2","trigger":"scheduled","ts":1760556568.1867537}
Received SCMP echo reply with unexpected seq 28, expected 30 or 29
Received SCMP echo reply with unexpected seq 28, expected 30 or 29
Received SCMP echo reply with unexpected seq 28, expected 30 or 29
2025/10/15 19:29:29 POLARIS_LOG {"event":"send_rate","rate":576000,"ts":1760556569.1865633}
2025/10/15 19:29:30 POLARIS_LOG {"event":"send_rate","rate":296000,"ts":1760556570.186066}
2025/10/15 19:29:31 POLARIS_LOG {"event":"send_rate","rate":304000,"ts":1760556571.186954}
2025/10/15 19:29:32 POLARIS_LOG {"event":"send_rate","rate":296000,"ts":1760556572.1862566}
2025/10/15 19:29:33 POLARIS_LOG {"event":"send_rate","rate":304000,"ts":1760556573.1868966}
2025/10/15 19:29:34 POLARIS_LOG {"event":"send_rate","rate":296000,"ts":1760556574.1871421}
2025/10/15 19:29:35 POLARIS_LOG {"event":"send_rate","rate":304000,"ts":1760556575.1866772}
2025/10/15 19:29:36 POLARIS_LOG {"event":"send_rate","rate":296000,"ts":1760556576.1868553}
2025/10/15 19:29:37 POLARIS_LOG {"event":"send_rate","rate":304000,"ts":1760556577.1885476}
2025/10/15 19:29:38 POLARIS_LOG {"event":"send_rate","rate":296000,"ts":1760556578.1863058}
2025/10/15 19:29:39 POLARIS_LOG {"event":"send_rate","rate":304000,"ts":1760556579.1865354}
2025/10/15 19:29:40 POLARIS_LOG {"event":"send_rate","rate":296000,"ts":1760556580.1868255}
2025/10/15 19:29:41 POLARIS_LOG {"event":"send_rate","rate":304000,"ts":1760556581.1869862}
2025/10/15 19:29:42 POLARIS_LOG {"event":"send_rate","rate":296000,"ts":1760556582.1866412}
2025/10/15 19:29:43 POLARIS_LOG {"event":"send_rate","rate":304000,"ts":1760556583.1869671}
2025/10/15 19:29:44 POLARIS_LOG {"event":"send_rate","rate":296000,"ts":1760556584.1867495}
2025/10/15 19:29:45 POLARIS_LOG {"event":"send_rate","rate":304000,"ts":1760556585.1864586}
2025/10/15 19:29:46 POLARIS_LOG {"event":"send_rate","rate":296000,"ts":1760556586.1867886}
2025/10/15 19:29:47 POLARIS_LOG {"event":"send_rate","rate":304000,"ts":1760556587.1861842}
2025/10/15 19:29:48 POLARIS_LOG {"event":"send_rate","rate":296000,"ts":1760556588.210276}
2025/10/15 19:29:49 POLARIS_LOG {"event":"send_rate","rate":304000,"ts":1760556589.1865401}
2025/10/15 19:29:50 POLARIS_LOG {"event":"send_rate","rate":296000,"ts":1760556590.186149}
2025/10/15 19:29:51 POLARIS_LOG {"event":"send_rate","rate":296000,"ts":1760556591.186204}
2025/10/15 19:29:52 POLARIS_LOG {"event":"send_rate","rate":304000,"ts":1760556592.18618}
2025/10/15 19:29:53 POLARIS_LOG {"event":"send_rate","rate":304000,"ts":1760556593.1866846}
2025/10/15 19:29:54 POLARIS_LOG {"event":"send_rate","rate":296000,"ts":1760556594.186303}
2025/10/15 19:29:55 POLARIS_LOG {"event":"send_rate","rate":304000,"ts":1760556595.1862385}
2025/10/15 19:29:56 POLARIS_LOG {"event":"send_rate","rate":296000,"ts":1760556596.1862166}
2025/10/15 19:29:57 POLARIS_LOG {"event":"send_rate","rate":296000,"ts":1760556597.186375}
2025/10/15 19:29:58 POLARIS_LOG {"event":"send_rate","rate":304000,"ts":1760556598.1876917}
2025/10/15 19:29:59 POLARIS_LOG {"event":"send_rate","rate":304000,"ts":1760556599.1866643}
2025/10/15 19:30:00 POLARIS_LOG {"event":"send_rate","rate":296000,"ts":1760556600.1887488}
2025/10/15 19:30:01 POLARIS_LOG {"event":"send_rate","rate":296000,"ts":1760556601.1865568}
2025/10/15 19:30:02 POLARIS_LOG {"event":"send_rate","rate":304000,"ts":1760556602.1871717}
2025/10/15 19:30:03 POLARIS_LOG {"event":"send_rate","rate":304000,"ts":1760556603.1869829}
2025/10/15 19:30:04 POLARIS_LOG {"event":"send_rate","rate":296000,"ts":1760556604.186738}
2025/10/15 19:30:05 POLARIS_LOG {"event":"send_rate","rate":296000,"ts":1760556605.1864886}
2025/10/15 19:30:06 POLARIS_LOG {"event":"send_rate","rate":304000,"ts":1760556606.1866267}
2025/10/15 19:30:07 POLARIS_LOG {"event":"send_rate","rate":296000,"ts":1760556607.1883495}
2025/10/15 19:30:08 POLARIS_LOG {"event":"send_rate","rate":304000,"ts":1760556608.1866643}
2025/10/15 19:30:09 POLARIS_LOG {"event":"send_rate","rate":296000,"ts":1760556609.186275}
2025/10/15 19:30:10 POLARIS_LOG {"event":"send_rate","rate":304000,"ts":1760556610.1861427}
2025/10/15 19:30:11 POLARIS_LOG {"event":"send_rate","rate":296000,"ts":1760556611.186185}
2025/10/15 19:30:12 POLARIS_LOG {"event":"send_rate","rate":304000,"ts":1760556612.186377}
2025/10/15 19:30:13 POLARIS_LOG {"event":"send_rate","rate":296000,"ts":1760556613.1863725}
2025/10/15 19:30:14 POLARIS_LOG {"event":"send_rate","rate":304000,"ts":1760556614.186516}
2025/10/15 19:30:15 POLARIS_LOG {"event":"send_rate","rate":296000,"ts":1760556615.1868713}
2025/10/15 19:30:16 POLARIS_LOG {"event":"send_rate","rate":304000,"ts":1760556616.1870863}
2025/10/15 19:30:17 POLARIS_LOG {"event":"send_rate","rate":296000,"ts":1760556617.1867838}
2025/10/15 19:30:18 POLARIS_LOG {"event":"send_rate","rate":304000,"ts":1760556618.1866124}
2025/10/15 19:30:19 POLARIS_LOG {"event":"send_rate","rate":296000,"ts":1760556619.186545}
2025/10/15 19:30:20 POLARIS_LOG {"event":"send_rate","rate":312000,"ts":1760556620.203203}
2025/10/15 19:30:21 POLARIS_LOG {"event":"send_rate","rate":288000,"ts":1760556621.1863196}
2025/10/15 19:30:22 POLARIS_LOG {"event":"send_rate","rate":304000,"ts":1760556622.1867938}
2025/10/15 19:30:23 POLARIS_LOG {"event":"send_rate","rate":296000,"ts":1760556623.1866562}
2025/10/15 19:30:24 POLARIS_LOG {"event":"send_rate","rate":304000,"ts":1760556624.186626}
2025/10/15 19:30:25 POLARIS_LOG {"event":"send_rate","rate":296000,"ts":1760556625.1882885}
2025/10/15 19:30:26 POLARIS_LOG {"event":"send_rate","rate":304000,"ts":1760556626.1868248}
2025/10/15 19:30:27 POLARIS_LOG {"event":"send_rate","rate":296000,"ts":1760556627.1863122}
2025/10/15 19:30:28 POLARIS_LOG {"event":"send_rate","rate":304000,"ts":1760556628.1872587}
2025/10/15 19:30:29 POLARIS_LOG {"event":"send_rate","rate":296000,"ts":1760556629.186143}
2025/10/15 19:30:30 POLARIS_LOG {"event":"send_rate","rate":304000,"ts":1760556630.1864142}
2025/10/15 19:30:31 POLARIS_LOG {"event":"send_rate","rate":296000,"ts":1760556631.1869366}
2025/10/15 19:30:32 POLARIS_LOG {"event":"send_rate","rate":304000,"ts":1760556632.1863604}
2025/10/15 19:30:33 POLARIS_LOG {"event":"send_rate","rate":296000,"ts":1760556633.1860902}
2025/10/15 19:30:34 POLARIS_LOG {"event":"send_rate","rate":304000,"ts":1760556634.1867437}
2025/10/15 19:30:35 POLARIS_LOG {"event":"send_rate","rate":296000,"ts":1760556635.18625}
2025/10/15 19:30:36 POLARIS_LOG {"event":"send_rate","rate":304000,"ts":1760556636.1866982}
2025/10/15 19:30:37 POLARIS_LOG {"event":"send_rate","rate":296000,"ts":1760556637.1862197}
2025/10/15 19:30:38 POLARIS_LOG {"event":"send_rate","rate":304000,"ts":1760556638.1864302}
2025/10/15 19:30:39 POLARIS_LOG {"event":"send_rate","rate":296000,"ts":1760556639.1869364}
2025/10/15 19:30:40 POLARIS_LOG {"event":"send_rate","rate":304000,"ts":1760556640.1873176}
2025/10/15 19:30:41 POLARIS_LOG {"event":"send_rate","rate":296000,"ts":1760556641.186728}
2025/10/15 19:30:42 POLARIS_LOG {"event":"send_rate","rate":304000,"ts":1760556642.1872623}
2025/10/15 19:30:43 POLARIS_LOG {"event":"send_rate","rate":296000,"ts":1760556643.1866426}
2025/10/15 19:30:44 POLARIS_LOG {"event":"send_rate","rate":304000,"ts":1760556644.187586}
2025/10/15 19:30:45 POLARIS_LOG {"event":"send_rate","rate":296000,"ts":1760556645.1867726}
2025/10/15 19:30:46 POLARIS_LOG {"event":"send_rate","rate":304000,"ts":1760556646.1868646}
2025/10/15 19:30:47 POLARIS_LOG {"event":"send_rate","rate":296000,"ts":1760556647.1861117}
2025/10/15 19:30:48 POLARIS_LOG {"event":"send_rate","rate":304000,"ts":1760556648.1863546}
2025/10/15 19:30:49 POLARIS_LOG {"event":"send_rate","rate":296000,"ts":1760556649.186426}
2025/10/15 19:30:50 POLARIS_LOG {"event":"send_rate","rate":304000,"ts":1760556650.1863995}
2025/10/15 19:30:51 POLARIS_LOG {"event":"send_rate","rate":296000,"ts":1760556651.1862085}
2025/10/15 19:30:52 POLARIS_LOG {"event":"send_rate","rate":304000,"ts":1760556652.1861207}
2025/10/15 19:30:53 POLARIS_LOG {"event":"send_rate","rate":296000,"ts":1760556653.186954}
2025/10/15 19:30:54 POLARIS_LOG {"event":"send_rate","rate":304000,"ts":1760556654.1860242}
2025/10/15 19:30:55 POLARIS_LOG {"event":"send_rate","rate":296000,"ts":1760556655.1866853}
2025/10/15 19:30:56 POLARIS_LOG {"event":"send_rate","rate":304000,"ts":1760556656.186876}
2025/10/15 19:30:57 POLARIS_LOG {"event":"send_rate","rate":296000,"ts":1760556657.1867857}
2025/10/15 19:30:58 POLARIS_LOG {"event":"send_rate","rate":304000,"ts":1760556658.18668}
2025/10/15 19:30:59 POLARIS_LOG {"event":"send_rate","rate":296000,"ts":1760556659.1866684}
2025/10/15 19:31:00 POLARIS_LOG {"event":"send_rate","rate":304000,"ts":1760556660.1864212}
2025/10/15 19:31:01 POLARIS_LOG {"event":"send_rate","rate":296000,"ts":1760556661.186783}
2025/10/15 19:31:02 POLARIS_LOG {"event":"send_rate","rate":304000,"ts":1760556662.186013}
2025/10/15 19:31:03 POLARIS_LOG {"event":"send_rate","rate":296000,"ts":1760556663.186081}
2025/10/15 19:31:04 POLARIS_LOG {"event":"send_rate","rate":304000,"ts":1760556664.1863341}
2025/10/15 19:31:05 POLARIS_LOG {"event":"send_rate","rate":296000,"ts":1760556665.1865842}
2025/10/15 19:31:06 POLARIS_LOG {"event":"send_rate","rate":304000,"ts":1760556666.2301335}
2025/10/15 19:31:07 POLARIS_LOG {"event":"send_rate","rate":296000,"ts":1760556667.186936}
2025/10/15 19:31:08 POLARIS_LOG {"event":"send_rate","rate":304000,"ts":1760556668.1865802}
2025/10/15 19:31:09 POLARIS_LOG {"event":"send_rate","rate":296000,"ts":1760556669.1864119}
2025/10/15 19:31:10 POLARIS_LOG {"event":"send_rate","rate":304000,"ts":1760556670.1865149}
2025/10/15 19:31:11 POLARIS_LOG {"event":"send_rate","rate":296000,"ts":1760556671.1866024}
2025/10/15 19:31:12 POLARIS_LOG {"event":"send_rate","rate":304000,"ts":1760556672.1869502}
2025/10/15 19:31:13 POLARIS_LOG {"event":"send_rate","rate":296000,"ts":1760556673.1861372}
2025/10/15 19:31:14 POLARIS_LOG {"event":"send_rate","rate":304000,"ts":1760556674.1862628}
2025/10/15 19:31:15 POLARIS_LOG {"event":"send_rate","rate":296000,"ts":1760556675.187018}
2025/10/15 19:31:16 POLARIS_LOG {"event":"send_rate","rate":304000,"ts":1760556676.1969461}
2025/10/15 19:31:17 POLARIS_LOG {"event":"send_rate","rate":296000,"ts":1760556677.1870844}
2025/10/15 19:31:18 POLARIS_LOG {"event":"send_rate","rate":304000,"ts":1760556678.186156}
2025/10/15 19:31:19 POLARIS_LOG {"event":"send_rate","rate":296000,"ts":1760556679.1864839}
2025/10/15 19:31:20 POLARIS_LOG {"event":"send_rate","rate":304000,"ts":1760556680.1864367}
2025/10/15 19:31:21 POLARIS_LOG {"event":"send_rate","rate":296000,"ts":1760556681.18681}
2025/10/15 19:31:22 POLARIS_LOG {"event":"send_rate","rate":304000,"ts":1760556682.1867392}
2025/10/15 19:31:23 POLARIS_LOG {"event":"send_rate","rate":296000,"ts":1760556683.1862102}
2025/10/15 19:31:24 POLARIS_LOG {"event":"send_rate","rate":304000,"ts":1760556684.1871169}
2025/10/15 19:31:25 POLARIS_LOG {"event":"send_rate","rate":296000,"ts":1760556685.1872318}
2025/10/15 19:31:26 POLARIS_LOG {"event":"send_rate","rate":304000,"ts":1760556686.1939604}
2025/10/15 19:31:27 POLARIS_LOG {"event":"send_rate","rate":296000,"ts":1760556687.1864455}
2025/10/15 19:31:28 POLARIS_LOG {"event":"send_rate","rate":304000,"ts":1760556688.1861696}
2025/10/15 19:31:29 POLARIS_LOG {"event":"send_rate","rate":296000,"ts":1760556689.186608}
2025/10/15 19:31:30 POLARIS_LOG {"event":"send_rate","rate":304000,"ts":1760556690.187033}
2025/10/15 19:31:31 POLARIS_LOG {"event":"send_rate","rate":296000,"ts":1760556691.1865141}
2025/10/15 19:31:32 POLARIS_LOG {"event":"send_rate","rate":304000,"ts":1760556692.186131}
2025/10/15 19:31:33 POLARIS_LOG {"event":"send_rate","rate":296000,"ts":1760556693.1861541}
2025/10/15 19:31:34 POLARIS_LOG {"event":"send_rate","rate":304000,"ts":1760556694.1860664}
2025/10/15 19:31:35 POLARIS_LOG {"event":"send_rate","rate":296000,"ts":1760556695.1876466}
2025/10/15 19:31:36 POLARIS_LOG {"event":"send_rate","rate":304000,"ts":1760556696.1863925}
2025/10/15 19:31:37 POLARIS_LOG {"event":"send_rate","rate":296000,"ts":1760556697.1864269}
2025/10/15 19:31:38 POLARIS_LOG {"event":"send_rate","rate":304000,"ts":1760556698.1860955}
2025/10/15 19:31:39 POLARIS_LOG {"event":"send_rate","rate":296000,"ts":1760556699.186371}
2025/10/15 19:31:40 POLARIS_LOG {"event":"send_rate","rate":304000,"ts":1760556700.186375}
2025/10/15 19:31:41 POLARIS_LOG {"event":"send_rate","rate":296000,"ts":1760556701.1860304}
2025/10/15 19:31:42 POLARIS_LOG {"event":"send_rate","rate":304000,"ts":1760556702.1865008}
2025/10/15 19:31:43 POLARIS_LOG {"event":"send_rate","rate":296000,"ts":1760556703.1860878}
2025/10/15 19:31:44 POLARIS_LOG {"event":"send_rate","rate":304000,"ts":1760556704.187282}
2025/10/15 19:31:45 POLARIS_LOG {"event":"send_rate","rate":296000,"ts":1760556705.1866791}
2025/10/15 19:31:46 POLARIS_LOG {"event":"send_rate","rate":304000,"ts":1760556706.1861184}
2025/10/15 19:31:47 POLARIS_LOG {"event":"send_rate","rate":296000,"ts":1760556707.186061}
2025/10/15 19:31:48 POLARIS_LOG {"event":"send_rate","rate":304000,"ts":1760556708.1862986}
2025/10/15 19:31:49 POLARIS_LOG {"event":"send_rate","rate":296000,"ts":1760556709.186448}
2025/10/15 19:31:50 POLARIS_LOG {"event":"send_rate","rate":304000,"ts":1760556710.186562}
2025/10/15 19:31:51 POLARIS_LOG {"event":"send_rate","rate":296000,"ts":1760556711.1866558}
2025/10/15 19:31:52 POLARIS_LOG {"event":"send_rate","rate":304000,"ts":1760556712.1874764}
2025/10/15 19:31:53 POLARIS_LOG {"event":"send_rate","rate":296000,"ts":1760556713.1866105}
2025/10/15 19:31:54 POLARIS_LOG {"event":"send_rate","rate":304000,"ts":1760556714.1872497}
2025/10/15 19:31:55 POLARIS_LOG {"event":"send_rate","rate":296000,"ts":1760556715.186419}
2025/10/15 19:31:56 POLARIS_LOG {"event":"send_rate","rate":304000,"ts":1760556716.1874166}
2025/10/15 19:31:57 POLARIS_LOG {"event":"send_rate","rate":296000,"ts":1760556717.1871948}
2025/10/15 19:31:58 POLARIS_LOG {"event":"send_rate","rate":304000,"ts":1760556718.1870294}
2025/10/15 19:31:59 POLARIS_LOG {"event":"send_rate","rate":296000,"ts":1760556719.1865325}
2025/10/15 19:32:00 POLARIS_LOG {"event":"send_rate","rate":304000,"ts":1760556720.1862795}
2025/10/15 19:32:01 POLARIS_LOG {"event":"send_rate","rate":296000,"ts":1760556721.1861}
2025/10/15 19:32:02 POLARIS_LOG {"event":"send_rate","rate":304000,"ts":1760556722.1861346}
2025/10/15 19:32:03 POLARIS_LOG {"event":"send_rate","rate":296000,"ts":1760556723.1863437}
2025/10/15 19:32:04 POLARIS_LOG {"event":"send_rate","rate":304000,"ts":1760556724.1867726}
2025/10/15 19:32:05 POLARIS_LOG {"event":"send_rate","rate":296000,"ts":1760556725.1864295}
2025/10/15 19:32:06 POLARIS_LOG {"event":"send_rate","rate":304000,"ts":1760556726.1865768}
2025/10/15 19:32:07 POLARIS_LOG {"event":"send_rate","rate":296000,"ts":1760556727.1864972}
2025/10/15 19:32:08 POLARIS_LOG {"event":"send_rate","rate":304000,"ts":1760556728.1863642}
2025/10/15 19:32:09 POLARIS_LOG {"event":"send_rate","rate":296000,"ts":1760556729.1862137}
2025/10/15 19:32:10 POLARIS_LOG {"event":"send_rate","rate":304000,"ts":1760556730.1866567}
2025/10/15 19:32:11 POLARIS_LOG {"event":"send_rate","rate":296000,"ts":1760556731.1864867}
2025/10/15 19:32:12 POLARIS_LOG {"event":"send_rate","rate":304000,"ts":1760556732.1870646}
2025/10/15 19:32:13 POLARIS_LOG {"event":"send_rate","rate":296000,"ts":1760556733.186552}
2025/10/15 19:32:14 POLARIS_LOG {"event":"send_rate","rate":304000,"ts":1760556734.1872299}
2025/10/15 19:32:15 POLARIS_LOG {"event":"send_rate","rate":296000,"ts":1760556735.1872566}
2025/10/15 19:32:16 POLARIS_LOG {"event":"send_rate","rate":296000,"ts":1760556736.186924}
2025/10/15 19:32:17 POLARIS_LOG {"event":"send_rate","rate":304000,"ts":1760556737.1865926}
2025/10/15 19:32:18 POLARIS_LOG {"event":"send_rate","rate":296000,"ts":1760556738.186869}
2025/10/15 19:32:19 POLARIS_LOG {"event":"send_rate","rate":304000,"ts":1760556739.1860595}
2025/10/15 19:32:20 POLARIS_LOG {"event":"send_rate","rate":296000,"ts":1760556740.1864865}
2025/10/15 19:32:21 POLARIS_LOG {"event":"send_rate","rate":304000,"ts":1760556741.1872692}
2025/10/15 19:32:22 POLARIS_LOG {"event":"send_rate","rate":296000,"ts":1760556742.186003}
2025/10/15 19:32:23 POLARIS_LOG {"event":"send_rate","rate":304000,"ts":1760556743.1860263}
2025/10/15 19:32:24 POLARIS_LOG {"event":"send_rate","rate":296000,"ts":1760556744.1868303}
2025/10/15 19:32:25 POLARIS_LOG {"event":"send_rate","rate":304000,"ts":1760556745.1868203}
2025/10/15 19:32:26 POLARIS_LOG {"event":"send_rate","rate":296000,"ts":1760556746.1860778}
2025/10/15 19:32:27 POLARIS_LOG {"event":"send_rate","rate":304000,"ts":1760556747.1868777}
2025/10/15 19:32:28 POLARIS_LOG {"event":"send_rate","rate":304000,"ts":1760556748.202962}
2025/10/15 19:32:29 POLARIS_LOG {"event":"send_rate","rate":296000,"ts":1760556749.1860092}
2025/10/15 19:32:30 POLARIS_LOG {"event":"send_rate","rate":296000,"ts":1760556750.1867225}
2025/10/15 19:32:31 POLARIS_LOG {"event":"send_rate","rate":304000,"ts":1760556751.1867692}
2025/10/15 19:32:32 POLARIS_LOG {"event":"send_rate","rate":296000,"ts":1760556752.1868396}
2025/10/15 19:32:33 POLARIS_LOG {"event":"send_rate","rate":304000,"ts":1760556753.1867957}
2025/10/15 19:32:34 POLARIS_LOG {"event":"send_rate","rate":296000,"ts":1760556754.1865304}
2025/10/15 19:32:35 POLARIS_LOG {"event":"send_rate","rate":304000,"ts":1760556755.186095}
2025/10/15 19:32:36 POLARIS_LOG {"event":"send_rate","rate":296000,"ts":1760556756.1867294}
2025/10/15 19:32:37 POLARIS_LOG {"event":"send_rate","rate":304000,"ts":1760556757.1868706}
2025/10/15 19:32:38 POLARIS_LOG {"event":"send_rate","rate":296000,"ts":1760556758.1864238}
2025/10/15 19:32:39 POLARIS_LOG {"event":"send_rate","rate":304000,"ts":1760556759.186747}
2025/10/15 19:32:40 POLARIS_LOG {"event":"send_rate","rate":296000,"ts":1760556760.1860058}
2025/10/15 19:32:41 POLARIS_LOG {"event":"send_rate","rate":304000,"ts":1760556761.1868818}
2025/10/15 19:32:42 POLARIS_LOG {"event":"send_rate","rate":296000,"ts":1760556762.1861784}
2025/10/15 19:32:43 POLARIS_LOG {"event":"send_rate","rate":304000,"ts":1760556763.1869764}
2025/10/15 19:32:44 POLARIS_LOG {"event":"send_rate","rate":296000,"ts":1760556764.187076}
2025/10/15 19:32:45 POLARIS_LOG {"event":"send_rate","rate":304000,"ts":1760556765.1869519}
2025/10/15 19:32:46 POLARIS_LOG {"event":"send_rate","rate":296000,"ts":1760556766.1869996}
2025/10/15 19:32:47 POLARIS_LOG {"event":"send_rate","rate":304000,"ts":1760556767.1916785}
2025/10/15 19:32:48 POLARIS_LOG {"event":"send_rate","rate":296000,"ts":1760556768.1867554}
2025/10/15 19:32:49 POLARIS_LOG {"event":"send_rate","rate":304000,"ts":1760556769.1870513}
2025/10/15 19:32:50 POLARIS_LOG {"event":"send_rate","rate":296000,"ts":1760556770.1876533}
2025/10/15 19:32:51 POLARIS_LOG {"event":"send_rate","rate":304000,"ts":1760556771.1868453}
2025/10/15 19:32:52 POLARIS_LOG {"event":"send_rate","rate":296000,"ts":1760556772.1977096}
2025/10/15 19:32:53 POLARIS_LOG {"event":"send_rate","rate":304000,"ts":1760556773.186962}
2025/10/15 19:32:54 POLARIS_LOG {"event":"send_rate","rate":296000,"ts":1760556774.186844}
2025/10/15 19:32:55 POLARIS_LOG {"event":"send_rate","rate":304000,"ts":1760556775.1865945}
2025/10/15 19:32:56 POLARIS_LOG {"event":"send_rate","rate":296000,"ts":1760556776.1864557}
2025/10/15 19:32:57 POLARIS_LOG {"event":"send_rate","rate":304000,"ts":1760556777.1868181}
2025/10/15 19:32:58 POLARIS_LOG {"event":"send_rate","rate":296000,"ts":1760556778.1877897}
2025/10/15 19:32:59 POLARIS_LOG {"event":"send_rate","rate":304000,"ts":1760556779.18648}
2025/10/15 19:33:00 POLARIS_LOG {"event":"send_rate","rate":296000,"ts":1760556780.1868932}
2025/10/15 19:33:01 POLARIS_LOG {"event":"send_rate","rate":304000,"ts":1760556781.1861303}
2025/10/15 19:33:02 POLARIS_LOG {"event":"send_rate","rate":296000,"ts":1760556782.18794}
2025/10/15 19:33:03 POLARIS_LOG {"event":"send_rate","rate":304000,"ts":1760556783.1870959}
2025/10/15 19:33:04 POLARIS_LOG {"event":"send_rate","rate":296000,"ts":1760556784.1884115}
2025/10/15 19:33:05 POLARIS_LOG {"event":"send_rate","rate":304000,"ts":1760556785.1892276}
2025/10/15 19:33:06 POLARIS_LOG {"event":"send_rate","rate":296000,"ts":1760556786.1865017}
2025/10/15 19:33:07 POLARIS_LOG {"event":"send_rate","rate":304000,"ts":1760556787.1875556}
2025/10/15 19:33:08 POLARIS_LOG {"event":"send_rate","rate":296000,"ts":1760556788.1865451}
2025/10/15 19:33:09 POLARIS_LOG {"event":"send_rate","rate":304000,"ts":1760556789.1873112}
2025/10/15 19:33:10 POLARIS_LOG {"event":"send_rate","rate":296000,"ts":1760556790.1875293}
2025/10/15 19:33:11 POLARIS_LOG {"event":"send_rate","rate":304000,"ts":1760556791.193275}
2025/10/15 19:33:12 POLARIS_LOG {"event":"send_rate","rate":296000,"ts":1760556792.186839}
2025/10/15 19:33:13 POLARIS_LOG {"event":"send_rate","rate":304000,"ts":1760556793.189144}
2025/10/15 19:33:14 POLARIS_LOG {"event":"send_rate","rate":296000,"ts":1760556794.1866584}
2025/10/15 19:33:15 POLARIS_LOG {"event":"send_rate","rate":304000,"ts":1760556795.1872509}
2025/10/15 19:33:16 POLARIS_LOG {"event":"send_rate","rate":296000,"ts":1760556796.1865642}
2025/10/15 19:33:17 POLARIS_LOG {"event":"send_rate","rate":304000,"ts":1760556797.187241}
2025/10/15 19:33:18 POLARIS_LOG {"event":"send_rate","rate":296000,"ts":1760556798.1863596}
2025/10/15 19:33:19 POLARIS_LOG {"event":"send_rate","rate":304000,"ts":1760556799.1874008}
2025/10/15 19:33:20 POLARIS_LOG {"event":"send_rate","rate":296000,"ts":1760556800.1863577}
2025/10/15 19:33:21 POLARIS_LOG {"event":"send_rate","rate":304000,"ts":1760556801.1862373}
2025/10/15 19:33:22 POLARIS_LOG {"event":"send_rate","rate":296000,"ts":1760556802.1869888}
2025/10/15 19:33:23 POLARIS_LOG {"event":"send_rate","rate":304000,"ts":1760556803.1867235}
2025/10/15 19:33:24 POLARIS_LOG {"event":"send_rate","rate":296000,"ts":1760556804.1861584}
2025/10/15 19:33:25 POLARIS_LOG {"event":"send_rate","rate":304000,"ts":1760556805.1873443}
2025/10/15 19:33:26 POLARIS_LOG {"event":"send_rate","rate":296000,"ts":1760556806.1862104}
2025/10/15 19:33:27 POLARIS_LOG {"event":"send_rate","rate":304000,"ts":1760556807.1860313}
2025/10/15 19:33:28 POLARIS_LOG {"event":"send_rate","rate":296000,"ts":1760556808.1862173}
2025/10/15 19:33:29 POLARIS_LOG {"event":"send_rate","rate":304000,"ts":1760556809.1865048}
2025/10/15 19:33:30 POLARIS_LOG {"event":"send_rate","rate":296000,"ts":1760556810.1862893}
2025/10/15 19:33:31 POLARIS_LOG {"event":"send_rate","rate":304000,"ts":1760556811.1860054}
2025/10/15 19:33:32 POLARIS_LOG {"event":"send_rate","rate":296000,"ts":1760556812.186525}
2025/10/15 19:33:33 POLARIS_LOG {"event":"send_rate","rate":304000,"ts":1760556813.1863127}
2025/10/15 19:33:34 POLARIS_LOG {"event":"send_rate","rate":296000,"ts":1760556814.1867127}
We need to sleep for 1 seconds before we can get the results
2025/10/15 19:33:35 POLARIS_LOG {"event":"send_rate","rate":8000,"ts":1760556815.186813}
Drain Loop received packet
Drain Loop received non-nil payload
Client sent 10350 packets, server reported 10340 packets received
The network loss rate from client to server is 0.1%

S->C results
Attempted bandwidth: 0 bps / 0.00 Mbps
Achieved bandwidth: 0 bps / 0.00 Mbps
Loss rate: 0.0%
Interarrival time min/avg/max/mdev = -0.000/0.000/0.000/0.000 ms

C->S results
Attempted bandwidth: 300000 bps / 0.30 Mbps
Achieved bandwidth: 299710 bps / 0.30 Mbps
Loss rate: 0.1%
Interarrival time min/avg/max/mdev = 0.002/26.707/488.292/21.485 ms
