
Test parameters:
client->server: 294 seconds, 1000 bytes, 11025 packets
server->client: 294 seconds, 1000 bytes, 0 packets
2025/10/15 19:28:40 POLARIS_LOG {"current_rate":0,"event":"path_switch","new":"2 2 5 2","trigger":"initialization","ts":1760556520.1061456}
Polaris prober initialized with 38 paths
Polaris prober initialized with local 1-111,10.111.0.71:32761 and remote 1-113,10.113.0.71
2025/10/15 19:28:41 POLARIS_LOG {"event":"send_rate","rate":296000,"ts":1760556521.10913}
2025/10/15 19:28:42 POLARIS_LOG {"event":"send_rate","rate":296000,"ts":1760556522.1073086}
2025/10/15 19:28:43 POLARIS_LOG {"event":"send_rate","rate":304000,"ts":1760556523.10707}
2025/10/15 19:28:44 POLARIS_LOG {"event":"send_rate","rate":296000,"ts":1760556524.1073883}
2025/10/15 19:28:45 POLARIS_LOG {"event":"send_rate","rate":304000,"ts":1760556525.1120114}
2025/10/15 19:28:46 POLARIS_LOG {"event":"send_rate","rate":296000,"ts":1760556526.106679}
2025/10/15 19:28:47 POLARIS_LOG {"event":"send_rate","rate":304000,"ts":1760556527.1070132}
2025/10/15 19:28:48 POLARIS_LOG {"event":"send_rate","rate":296000,"ts":1760556528.110837}
2025/10/15 19:28:49 POLARIS_LOG {"event":"send_rate","rate":304000,"ts":1760556529.1068912}
2025/10/15 19:28:50 POLARIS_LOG {"event":"send_rate","rate":296000,"ts":1760556530.1070828}
2025/10/15 19:28:51 POLARIS_LOG {"event":"send_rate","rate":304000,"ts":1760556531.1072485}
2025/10/15 19:28:52 POLARIS_LOG {"event":"send_rate","rate":304000,"ts":1760556532.1112707}
2025/10/15 19:28:53 POLARIS_LOG {"event":"send_rate","rate":296000,"ts":1760556533.1072295}
2025/10/15 19:28:54 POLARIS_LOG {"event":"send_rate","rate":304000,"ts":1760556534.111302}
2025/10/15 19:28:55 POLARIS_LOG {"event":"send_rate","rate":296000,"ts":1760556535.1098437}
2025/10/15 19:28:56 POLARIS_LOG {"event":"send_rate","rate":296000,"ts":1760556536.1100016}
2025/10/15 19:28:57 POLARIS_LOG {"event":"send_rate","rate":304000,"ts":1760556537.1106539}
2025/10/15 19:28:58 POLARIS_LOG {"event":"send_rate","rate":304000,"ts":1760556538.1099112}
2025/10/15 19:28:59 POLARIS_LOG {"event":"send_rate","rate":296000,"ts":1760556539.1074493}
2025/10/15 19:29:00 POLARIS_LOG {"event":"send_rate","rate":296000,"ts":1760556540.1075118}
2025/10/15 19:29:01 POLARIS_LOG {"event":"send_rate","rate":304000,"ts":1760556541.1094675}
2025/10/15 19:29:02 POLARIS_LOG {"event":"send_rate","rate":296000,"ts":1760556542.1065145}
2025/10/15 19:29:03 POLARIS_LOG {"event":"send_rate","rate":304000,"ts":1760556543.1076083}
2025/10/15 19:29:04 POLARIS_LOG {"event":"send_rate","rate":296000,"ts":1760556544.1073961}
2025/10/15 19:29:05 POLARIS_LOG {"event":"send_rate","rate":304000,"ts":1760556545.1076255}
2025/10/15 19:29:06 POLARIS_LOG {"event":"send_rate","rate":304000,"ts":1760556546.110907}
2025/10/15 19:29:07 POLARIS_LOG {"event":"send_rate","rate":296000,"ts":1760556547.1069083}
2025/10/15 19:29:08 POLARIS_LOG {"event":"send_rate","rate":296000,"ts":1760556548.1076522}
2025/10/15 19:29:09 POLARIS_LOG {"event":"send_rate","rate":304000,"ts":1760556549.106986}
2025/10/15 19:29:10 POLARIS_LOG {"event":"send_rate","rate":304000,"ts":1760556550.1165938}
2025/10/15 19:29:11 POLARIS_LOG {"event":"send_rate","rate":296000,"ts":1760556551.1122816}
2025/10/15 19:29:12 POLARIS_LOG {"event":"send_rate","rate":296000,"ts":1760556552.1072543}
2025/10/15 19:29:13 POLARIS_LOG {"event":"send_rate","rate":304000,"ts":1760556553.1065967}
2025/10/15 19:29:14 POLARIS_LOG {"event":"send_rate","rate":296000,"ts":1760556554.1065018}
2025/10/15 19:29:15 POLARIS_LOG {"event":"send_rate","rate":304000,"ts":1760556555.107471}
2025/10/15 19:29:16 POLARIS_LOG {"event":"send_rate","rate":296000,"ts":1760556556.1072547}
2025/10/15 19:29:17 POLARIS_LOG {"event":"send_rate","rate":304000,"ts":1760556557.106995}
2025/10/15 19:29:18 POLARIS_LOG {"event":"send_rate","rate":296000,"ts":1760556558.1103535}
2025/10/15 19:29:19 POLARIS_LOG {"event":"send_rate","rate":304000,"ts":1760556559.1082532}
2025/10/15 19:29:20 POLARIS_LOG {"event":"send_rate","rate":304000,"ts":1760556560.118393}
2025/10/15 19:29:21 POLARIS_LOG {"event":"send_rate","rate":296000,"ts":1760556561.1082227}
2025/10/15 19:29:22 POLARIS_LOG {"event":"send_rate","rate":296000,"ts":1760556562.106816}
2025/10/15 19:29:23 POLARIS_LOG {"event":"send_rate","rate":304000,"ts":1760556563.1064796}
2025/10/15 19:29:24 POLARIS_LOG {"event":"send_rate","rate":296000,"ts":1760556564.113089}
2025/10/15 19:29:25 POLARIS_LOG {"event":"send_rate","rate":224000,"ts":1760556565.1072786}
2025/10/15 19:29:26 POLARIS_LOG {"event":"send_rate","rate":264000,"ts":1760556566.1098385}
Received SCMP echo reply with unexpected seq 44, expected 46 or 45
Received SCMP echo reply with unexpected seq 44, expected 46 or 45
Received SCMP echo reply with unexpected seq 44, expected 46 or 45
2025/10/15 19:29:27 POLARIS_LOG {"event":"send_rate","rate":272000,"ts":1760556567.1100988}
Received SCMP echo reply with unexpected seq 45, expected 47 or 46
Received SCMP echo reply with unexpected seq 45, expected 47 or 46
Received SCMP echo reply with unexpected seq 45, expected 47 or 46
2025/10/15 19:29:28 POLARIS_LOG {"event":"send_rate","rate":296000,"ts":1760556568.1066515}
Received SCMP echo reply with unexpected seq 46, expected 48 or 47
Received SCMP echo reply with unexpected seq 46, expected 48 or 47
Received SCMP echo reply with unexpected seq 46, expected 48 or 47
2025/10/15 19:29:29 POLARIS_LOG {"event":"send_rate","rate":280000,"ts":1760556569.1097193}
2025/10/15 19:29:30 POLARIS_LOG {"event":"send_rate","rate":352000,"ts":1760556570.1072657}
2025/10/15 19:29:31 POLARIS_LOG {"event":"send_rate","rate":320000,"ts":1760556571.1091797}
2025/10/15 19:29:32 POLARIS_LOG {"event":"send_rate","rate":272000,"ts":1760556572.1090167}
2025/10/15 19:29:33 POLARIS_LOG {"event":"send_rate","rate":240000,"ts":1760556573.1103342}
2025/10/15 19:29:34 POLARIS_LOG {"event":"send_rate","rate":344000,"ts":1760556574.1115508}
2025/10/15 19:29:35 POLARIS_LOG {"event":"send_rate","rate":384000,"ts":1760556575.1073294}
2025/10/15 19:29:36 POLARIS_LOG {"event":"send_rate","rate":280000,"ts":1760556576.110232}
2025/10/15 19:29:37 POLARIS_LOG {"event":"send_rate","rate":224000,"ts":1760556577.1071804}
2025/10/15 19:29:38 POLARIS_LOG {"event":"send_rate","rate":352000,"ts":1760556578.1083193}
2025/10/15 19:29:39 POLARIS_LOG {"event":"send_rate","rate":384000,"ts":1760556579.1093824}
2025/10/15 19:29:40 POLARIS_LOG {"event":"send_rate","rate":312000,"ts":1760556580.1072354}
2025/10/15 19:29:41 POLARIS_LOG {"event":"send_rate","rate":304000,"ts":1760556581.1079066}
2025/10/15 19:29:42 POLARIS_LOG {"event":"send_rate","rate":296000,"ts":1760556582.1068099}
2025/10/15 19:29:43 POLARIS_LOG {"event":"send_rate","rate":304000,"ts":1760556583.114868}
2025/10/15 19:29:44 POLARIS_LOG {"event":"send_rate","rate":296000,"ts":1760556584.1068344}
2025/10/15 19:29:45 POLARIS_LOG {"event":"send_rate","rate":304000,"ts":1760556585.1068773}
2025/10/15 19:29:46 POLARIS_LOG {"event":"send_rate","rate":296000,"ts":1760556586.1115403}
2025/10/15 19:29:47 POLARIS_LOG {"event":"send_rate","rate":304000,"ts":1760556587.106716}
2025/10/15 19:29:48 POLARIS_LOG {"event":"send_rate","rate":296000,"ts":1760556588.1082668}
2025/10/15 19:29:49 POLARIS_LOG {"event":"send_rate","rate":304000,"ts":1760556589.1069264}
2025/10/15 19:29:50 POLARIS_LOG {"event":"send_rate","rate":304000,"ts":1760556590.1181347}
2025/10/15 19:29:51 POLARIS_LOG {"event":"send_rate","rate":296000,"ts":1760556591.1119967}
2025/10/15 19:29:52 POLARIS_LOG {"event":"send_rate","rate":296000,"ts":1760556592.1073823}
2025/10/15 19:29:53 POLARIS_LOG {"event":"send_rate","rate":288000,"ts":1760556593.110294}
2025/10/15 19:29:54 POLARIS_LOG {"event":"send_rate","rate":312000,"ts":1760556594.1092858}
2025/10/15 19:29:55 POLARIS_LOG {"event":"send_rate","rate":304000,"ts":1760556595.1134164}
2025/10/15 19:29:56 POLARIS_LOG {"event":"send_rate","rate":296000,"ts":1760556596.1065767}
2025/10/15 19:29:57 POLARIS_LOG {"event":"send_rate","rate":304000,"ts":1760556597.106761}
2025/10/15 19:29:58 POLARIS_LOG {"event":"send_rate","rate":304000,"ts":1760556598.1243272}
2025/10/15 19:29:59 POLARIS_LOG {"event":"send_rate","rate":296000,"ts":1760556599.10737}
2025/10/15 19:30:00 POLARIS_LOG {"event":"send_rate","rate":296000,"ts":1760556600.1088316}
2025/10/15 19:30:01 POLARIS_LOG {"event":"send_rate","rate":304000,"ts":1760556601.1186614}
2025/10/15 19:30:02 POLARIS_LOG {"event":"send_rate","rate":296000,"ts":1760556602.107068}
2025/10/15 19:30:03 POLARIS_LOG {"event":"send_rate","rate":304000,"ts":1760556603.1088507}
2025/10/15 19:30:04 POLARIS_LOG {"event":"send_rate","rate":296000,"ts":1760556604.1067917}
2025/10/15 19:30:05 POLARIS_LOG {"event":"send_rate","rate":304000,"ts":1760556605.1096208}
2025/10/15 19:30:06 POLARIS_LOG {"event":"send_rate","rate":296000,"ts":1760556606.1109486}
2025/10/15 19:30:07 POLARIS_LOG {"event":"send_rate","rate":304000,"ts":1760556607.1128924}
2025/10/15 19:30:08 POLARIS_LOG {"event":"send_rate","rate":296000,"ts":1760556608.1102993}
2025/10/15 19:30:09 POLARIS_LOG {"event":"send_rate","rate":304000,"ts":1760556609.1069987}
2025/10/15 19:30:10 POLARIS_LOG {"event":"send_rate","rate":296000,"ts":1760556610.1128469}
2025/10/15 19:30:11 POLARIS_LOG {"event":"send_rate","rate":304000,"ts":1760556611.1094234}
2025/10/15 19:30:12 POLARIS_LOG {"event":"send_rate","rate":296000,"ts":1760556612.1070611}
2025/10/15 19:30:13 POLARIS_LOG {"event":"send_rate","rate":304000,"ts":1760556613.1092153}
2025/10/15 19:30:14 POLARIS_LOG {"event":"send_rate","rate":296000,"ts":1760556614.1092086}
2025/10/15 19:30:15 POLARIS_LOG {"event":"send_rate","rate":304000,"ts":1760556615.1064656}
2025/10/15 19:30:16 POLARIS_LOG {"event":"send_rate","rate":296000,"ts":1760556616.10854}
2025/10/15 19:30:17 POLARIS_LOG {"event":"send_rate","rate":304000,"ts":1760556617.1084096}
2025/10/15 19:30:18 POLARIS_LOG {"event":"send_rate","rate":296000,"ts":1760556618.1118848}
2025/10/15 19:30:19 POLARIS_LOG {"event":"send_rate","rate":304000,"ts":1760556619.110358}
2025/10/15 19:30:20 POLARIS_LOG {"event":"send_rate","rate":296000,"ts":1760556620.1087976}
2025/10/15 19:30:21 POLARIS_LOG {"event":"send_rate","rate":304000,"ts":1760556621.1080236}
2025/10/15 19:30:22 POLARIS_LOG {"event":"send_rate","rate":296000,"ts":1760556622.107378}
2025/10/15 19:30:23 POLARIS_LOG {"event":"send_rate","rate":304000,"ts":1760556623.1115906}
2025/10/15 19:30:24 POLARIS_LOG {"event":"send_rate","rate":296000,"ts":1760556624.106926}
2025/10/15 19:30:25 POLARIS_LOG {"event":"send_rate","rate":304000,"ts":1760556625.113368}
2025/10/15 19:30:26 POLARIS_LOG {"event":"send_rate","rate":296000,"ts":1760556626.106581}
2025/10/15 19:30:27 POLARIS_LOG {"event":"send_rate","rate":312000,"ts":1760556627.1305323}
2025/10/15 19:30:28 POLARIS_LOG {"event":"send_rate","rate":288000,"ts":1760556628.106679}
2025/10/15 19:30:29 POLARIS_LOG {"event":"send_rate","rate":304000,"ts":1760556629.1069772}
2025/10/15 19:30:30 POLARIS_LOG {"event":"send_rate","rate":296000,"ts":1760556630.1122046}
2025/10/15 19:30:31 POLARIS_LOG {"event":"send_rate","rate":304000,"ts":1760556631.1113873}
2025/10/15 19:30:32 POLARIS_LOG {"event":"send_rate","rate":296000,"ts":1760556632.1071594}
2025/10/15 19:30:33 POLARIS_LOG {"event":"send_rate","rate":304000,"ts":1760556633.1165977}
2025/10/15 19:30:34 POLARIS_LOG {"event":"send_rate","rate":296000,"ts":1760556634.1111004}
2025/10/15 19:30:35 POLARIS_LOG {"event":"send_rate","rate":304000,"ts":1760556635.1074476}
2025/10/15 19:30:36 POLARIS_LOG {"event":"send_rate","rate":296000,"ts":1760556636.1072645}
2025/10/15 19:30:37 POLARIS_LOG {"event":"send_rate","rate":304000,"ts":1760556637.1113873}
2025/10/15 19:30:38 POLARIS_LOG {"event":"send_rate","rate":296000,"ts":1760556638.1128542}
2025/10/15 19:30:39 POLARIS_LOG {"event":"send_rate","rate":304000,"ts":1760556639.1115866}
2025/10/15 19:30:40 POLARIS_LOG {"event":"send_rate","rate":296000,"ts":1760556640.1072626}
2025/10/15 19:30:41 POLARIS_LOG {"event":"send_rate","rate":304000,"ts":1760556641.1112554}
2025/10/15 19:30:42 POLARIS_LOG {"event":"send_rate","rate":296000,"ts":1760556642.107414}
2025/10/15 19:30:43 POLARIS_LOG {"event":"send_rate","rate":304000,"ts":1760556643.1142228}
2025/10/15 19:30:44 POLARIS_LOG {"event":"send_rate","rate":296000,"ts":1760556644.1071746}
2025/10/15 19:30:45 POLARIS_LOG {"event":"send_rate","rate":304000,"ts":1760556645.1190548}
2025/10/15 19:30:46 POLARIS_LOG {"event":"send_rate","rate":296000,"ts":1760556646.1113687}
2025/10/15 19:30:47 POLARIS_LOG {"event":"send_rate","rate":304000,"ts":1760556647.10882}
2025/10/15 19:30:48 POLARIS_LOG {"event":"send_rate","rate":304000,"ts":1760556648.1220021}
2025/10/15 19:30:49 POLARIS_LOG {"event":"send_rate","rate":296000,"ts":1760556649.1082582}
2025/10/15 19:30:50 POLARIS_LOG {"event":"send_rate","rate":296000,"ts":1760556650.1092858}
2025/10/15 19:30:51 POLARIS_LOG {"event":"send_rate","rate":304000,"ts":1760556651.1079195}
2025/10/15 19:30:52 POLARIS_LOG {"event":"send_rate","rate":296000,"ts":1760556652.1163802}
2025/10/15 19:30:53 POLARIS_LOG {"event":"send_rate","rate":304000,"ts":1760556653.110575}
2025/10/15 19:30:54 POLARIS_LOG {"event":"send_rate","rate":296000,"ts":1760556654.114388}
2025/10/15 19:30:55 POLARIS_LOG {"event":"send_rate","rate":304000,"ts":1760556655.1067302}
2025/10/15 19:30:56 POLARIS_LOG {"event":"send_rate","rate":296000,"ts":1760556656.1067598}
2025/10/15 19:30:57 POLARIS_LOG {"event":"send_rate","rate":304000,"ts":1760556657.1232932}
2025/10/15 19:30:58 POLARIS_LOG {"event":"send_rate","rate":296000,"ts":1760556658.1065881}
2025/10/15 19:30:59 POLARIS_LOG {"event":"send_rate","rate":296000,"ts":1760556659.1072745}
2025/10/15 19:31:00 POLARIS_LOG {"event":"send_rate","rate":304000,"ts":1760556660.1093035}
2025/10/15 19:31:01 POLARIS_LOG {"event":"send_rate","rate":304000,"ts":1760556661.1084225}
2025/10/15 19:31:02 POLARIS_LOG {"event":"send_rate","rate":296000,"ts":1760556662.113814}
2025/10/15 19:31:03 POLARIS_LOG {"event":"send_rate","rate":304000,"ts":1760556663.1085017}
2025/10/15 19:31:04 POLARIS_LOG {"event":"send_rate","rate":296000,"ts":1760556664.1117878}
2025/10/15 19:31:05 POLARIS_LOG {"event":"send_rate","rate":296000,"ts":1760556665.1071558}
2025/10/15 19:31:06 POLARIS_LOG {"event":"send_rate","rate":304000,"ts":1760556666.1070328}
2025/10/15 19:31:07 POLARIS_LOG {"event":"send_rate","rate":296000,"ts":1760556667.1067617}
2025/10/15 19:31:08 POLARIS_LOG {"event":"send_rate","rate":304000,"ts":1760556668.115323}
2025/10/15 19:31:09 POLARIS_LOG {"event":"send_rate","rate":304000,"ts":1760556669.1124594}
2025/10/15 19:31:10 POLARIS_LOG {"event":"send_rate","rate":296000,"ts":1760556670.1113987}
2025/10/15 19:31:11 POLARIS_LOG {"event":"send_rate","rate":304000,"ts":1760556671.1154952}
2025/10/15 19:31:12 POLARIS_LOG {"event":"send_rate","rate":296000,"ts":1760556672.1068525}
2025/10/15 19:31:13 POLARIS_LOG {"event":"send_rate","rate":296000,"ts":1760556673.1290662}
2025/10/15 19:31:14 POLARIS_LOG {"event":"send_rate","rate":304000,"ts":1760556674.1137393}
2025/10/15 19:31:15 POLARIS_LOG {"event":"send_rate","rate":304000,"ts":1760556675.110068}
2025/10/15 19:31:16 POLARIS_LOG {"event":"send_rate","rate":296000,"ts":1760556676.1087618}
2025/10/15 19:31:17 POLARIS_LOG {"event":"send_rate","rate":296000,"ts":1760556677.107232}
2025/10/15 19:31:18 POLARIS_LOG {"event":"send_rate","rate":304000,"ts":1760556678.107043}
2025/10/15 19:31:19 POLARIS_LOG {"event":"send_rate","rate":304000,"ts":1760556679.1134713}
2025/10/15 19:31:20 POLARIS_LOG {"event":"send_rate","rate":296000,"ts":1760556680.1100686}
2025/10/15 19:31:21 POLARIS_LOG {"event":"send_rate","rate":296000,"ts":1760556681.1065903}
2025/10/15 19:31:22 POLARIS_LOG {"event":"send_rate","rate":304000,"ts":1760556682.1071634}
2025/10/15 19:31:23 POLARIS_LOG {"event":"send_rate","rate":296000,"ts":1760556683.1073208}
2025/10/15 19:31:24 POLARIS_LOG {"event":"send_rate","rate":304000,"ts":1760556684.1101334}
2025/10/15 19:31:25 POLARIS_LOG {"event":"send_rate","rate":296000,"ts":1760556685.110398}
2025/10/15 19:31:26 POLARIS_LOG {"event":"send_rate","rate":304000,"ts":1760556686.107685}
2025/10/15 19:31:27 POLARIS_LOG {"event":"send_rate","rate":296000,"ts":1760556687.107481}
2025/10/15 19:31:28 POLARIS_LOG {"event":"send_rate","rate":304000,"ts":1760556688.1071687}
2025/10/15 19:31:29 POLARIS_LOG {"event":"send_rate","rate":296000,"ts":1760556689.106865}
2025/10/15 19:31:30 POLARIS_LOG {"event":"send_rate","rate":304000,"ts":1760556690.1087177}
2025/10/15 19:31:31 POLARIS_LOG {"event":"send_rate","rate":296000,"ts":1760556691.1069891}
2025/10/15 19:31:32 POLARIS_LOG {"event":"send_rate","rate":304000,"ts":1760556692.1064994}
2025/10/15 19:31:33 POLARIS_LOG {"event":"send_rate","rate":296000,"ts":1760556693.10971}
2025/10/15 19:31:34 POLARIS_LOG {"event":"send_rate","rate":304000,"ts":1760556694.108653}
2025/10/15 19:31:35 POLARIS_LOG {"event":"send_rate","rate":296000,"ts":1760556695.1067054}
2025/10/15 19:31:36 POLARIS_LOG {"event":"send_rate","rate":304000,"ts":1760556696.107305}
2025/10/15 19:31:37 POLARIS_LOG {"event":"send_rate","rate":296000,"ts":1760556697.1094108}
2025/10/15 19:31:38 POLARIS_LOG {"event":"send_rate","rate":304000,"ts":1760556698.1066043}
2025/10/15 19:31:39 POLARIS_LOG {"event":"send_rate","rate":296000,"ts":1760556699.1193242}
2025/10/15 19:31:40 POLARIS_LOG {"event":"send_rate","rate":304000,"ts":1760556700.106981}
2025/10/15 19:31:41 POLARIS_LOG {"event":"send_rate","rate":296000,"ts":1760556701.1092877}
2025/10/15 19:31:42 POLARIS_LOG {"event":"send_rate","rate":304000,"ts":1760556702.1071403}
2025/10/15 19:31:43 POLARIS_LOG {"event":"send_rate","rate":296000,"ts":1760556703.1071296}
2025/10/15 19:31:44 POLARIS_LOG {"event":"send_rate","rate":304000,"ts":1760556704.1091673}
2025/10/15 19:31:45 POLARIS_LOG {"event":"send_rate","rate":296000,"ts":1760556705.1064515}
2025/10/15 19:31:46 POLARIS_LOG {"event":"send_rate","rate":304000,"ts":1760556706.1178122}
2025/10/15 19:31:47 POLARIS_LOG {"event":"send_rate","rate":296000,"ts":1760556707.1073763}
2025/10/15 19:31:48 POLARIS_LOG {"event":"send_rate","rate":304000,"ts":1760556708.109613}
2025/10/15 19:31:49 POLARIS_LOG {"event":"send_rate","rate":296000,"ts":1760556709.1093295}
2025/10/15 19:31:50 POLARIS_LOG {"event":"send_rate","rate":304000,"ts":1760556710.1096265}
2025/10/15 19:31:51 POLARIS_LOG {"event":"send_rate","rate":296000,"ts":1760556711.106452}
2025/10/15 19:31:52 POLARIS_LOG {"event":"send_rate","rate":304000,"ts":1760556712.1090946}
2025/10/15 19:31:53 POLARIS_LOG {"event":"send_rate","rate":296000,"ts":1760556713.1073482}
2025/10/15 19:31:54 POLARIS_LOG {"event":"send_rate","rate":304000,"ts":1760556714.1154912}
2025/10/15 19:31:55 POLARIS_LOG {"event":"send_rate","rate":304000,"ts":1760556715.1122184}
2025/10/15 19:31:56 POLARIS_LOG {"event":"send_rate","rate":296000,"ts":1760556716.1073527}
2025/10/15 19:31:57 POLARIS_LOG {"event":"send_rate","rate":296000,"ts":1760556717.1094034}
2025/10/15 19:31:58 POLARIS_LOG {"event":"send_rate","rate":304000,"ts":1760556718.106982}
2025/10/15 19:31:59 POLARIS_LOG {"event":"send_rate","rate":296000,"ts":1760556719.1114829}
2025/10/15 19:32:00 POLARIS_LOG {"event":"send_rate","rate":304000,"ts":1760556720.1112764}
2025/10/15 19:32:01 POLARIS_LOG {"event":"send_rate","rate":296000,"ts":1760556721.1076498}
2025/10/15 19:32:02 POLARIS_LOG {"event":"send_rate","rate":304000,"ts":1760556722.1143746}
2025/10/15 19:32:03 POLARIS_LOG {"event":"send_rate","rate":296000,"ts":1760556723.1069863}
2025/10/15 19:32:04 POLARIS_LOG {"event":"send_rate","rate":304000,"ts":1760556724.1086123}
2025/10/15 19:32:05 POLARIS_LOG {"event":"send_rate","rate":296000,"ts":1760556725.108062}
2025/10/15 19:32:06 POLARIS_LOG {"event":"send_rate","rate":304000,"ts":1760556726.1127152}
2025/10/15 19:32:07 POLARIS_LOG {"event":"send_rate","rate":296000,"ts":1760556727.1113765}
2025/10/15 19:32:08 POLARIS_LOG {"event":"send_rate","rate":304000,"ts":1760556728.1087108}
2025/10/15 19:32:09 POLARIS_LOG {"event":"send_rate","rate":296000,"ts":1760556729.1081686}
2025/10/15 19:32:10 POLARIS_LOG {"event":"send_rate","rate":304000,"ts":1760556730.107243}
2025/10/15 19:32:11 POLARIS_LOG {"event":"send_rate","rate":296000,"ts":1760556731.1104732}
2025/10/15 19:32:12 POLARIS_LOG {"event":"send_rate","rate":304000,"ts":1760556732.1066754}
2025/10/15 19:32:13 POLARIS_LOG {"event":"send_rate","rate":296000,"ts":1760556733.1075006}
2025/10/15 19:32:14 POLARIS_LOG {"event":"send_rate","rate":304000,"ts":1760556734.1071198}
2025/10/15 19:32:15 POLARIS_LOG {"event":"send_rate","rate":296000,"ts":1760556735.1074483}
2025/10/15 19:32:16 POLARIS_LOG {"event":"send_rate","rate":304000,"ts":1760556736.1154008}
2025/10/15 19:32:17 POLARIS_LOG {"event":"send_rate","rate":296000,"ts":1760556737.106658}
2025/10/15 19:32:18 POLARIS_LOG {"event":"send_rate","rate":304000,"ts":1760556738.110294}
2025/10/15 19:32:19 POLARIS_LOG {"event":"send_rate","rate":304000,"ts":1760556739.121383}
2025/10/15 19:32:20 POLARIS_LOG {"event":"send_rate","rate":296000,"ts":1760556740.1097064}
2025/10/15 19:32:21 POLARIS_LOG {"event":"send_rate","rate":296000,"ts":1760556741.1095273}
2025/10/15 19:32:22 POLARIS_LOG {"event":"send_rate","rate":304000,"ts":1760556742.113676}
2025/10/15 19:32:23 POLARIS_LOG {"event":"send_rate","rate":296000,"ts":1760556743.107325}
2025/10/15 19:32:24 POLARIS_LOG {"event":"send_rate","rate":304000,"ts":1760556744.108373}
2025/10/15 19:32:25 POLARIS_LOG {"event":"send_rate","rate":296000,"ts":1760556745.1064198}
2025/10/15 19:32:26 POLARIS_LOG {"event":"send_rate","rate":304000,"ts":1760556746.1135523}
2025/10/15 19:32:27 POLARIS_LOG {"event":"send_rate","rate":296000,"ts":1760556747.1067564}
2025/10/15 19:32:28 POLARIS_LOG {"event":"send_rate","rate":304000,"ts":1760556748.110145}
2025/10/15 19:32:29 POLARIS_LOG {"event":"send_rate","rate":296000,"ts":1760556749.106605}
2025/10/15 19:32:30 POLARIS_LOG {"event":"send_rate","rate":304000,"ts":1760556750.1070507}
2025/10/15 19:32:31 POLARIS_LOG {"event":"send_rate","rate":296000,"ts":1760556751.1070797}
2025/10/15 19:32:32 POLARIS_LOG {"event":"send_rate","rate":304000,"ts":1760556752.1101327}
2025/10/15 19:32:33 POLARIS_LOG {"event":"send_rate","rate":296000,"ts":1760556753.1083972}
2025/10/15 19:32:34 POLARIS_LOG {"event":"send_rate","rate":304000,"ts":1760556754.111358}
2025/10/15 19:32:35 POLARIS_LOG {"event":"send_rate","rate":296000,"ts":1760556755.1084712}
2025/10/15 19:32:36 POLARIS_LOG {"event":"send_rate","rate":304000,"ts":1760556756.1079643}
2025/10/15 19:32:37 POLARIS_LOG {"event":"send_rate","rate":296000,"ts":1760556757.1094787}
2025/10/15 19:32:38 POLARIS_LOG {"event":"send_rate","rate":304000,"ts":1760556758.1097891}
2025/10/15 19:32:39 POLARIS_LOG {"event":"send_rate","rate":296000,"ts":1760556759.1080186}
2025/10/15 19:32:40 POLARIS_LOG {"event":"send_rate","rate":304000,"ts":1760556760.110377}
2025/10/15 19:32:41 POLARIS_LOG {"event":"send_rate","rate":296000,"ts":1760556761.1069055}
2025/10/15 19:32:42 POLARIS_LOG {"event":"send_rate","rate":304000,"ts":1760556762.1094177}
2025/10/15 19:32:43 POLARIS_LOG {"event":"send_rate","rate":296000,"ts":1760556763.1092021}
2025/10/15 19:32:44 POLARIS_LOG {"event":"send_rate","rate":304000,"ts":1760556764.1192706}
2025/10/15 19:32:45 POLARIS_LOG {"event":"send_rate","rate":296000,"ts":1760556765.107049}
2025/10/15 19:32:46 POLARIS_LOG {"event":"send_rate","rate":304000,"ts":1760556766.1068554}
2025/10/15 19:32:47 POLARIS_LOG {"event":"send_rate","rate":296000,"ts":1760556767.1082678}
2025/10/15 19:32:48 POLARIS_LOG {"event":"send_rate","rate":304000,"ts":1760556768.1078537}
2025/10/15 19:32:49 POLARIS_LOG {"event":"send_rate","rate":304000,"ts":1760556769.1207964}
2025/10/15 19:32:50 POLARIS_LOG {"event":"send_rate","rate":296000,"ts":1760556770.1194742}
2025/10/15 19:32:51 POLARIS_LOG {"event":"send_rate","rate":296000,"ts":1760556771.1076567}
2025/10/15 19:32:52 POLARIS_LOG {"event":"send_rate","rate":304000,"ts":1760556772.1064706}
2025/10/15 19:32:53 POLARIS_LOG {"event":"send_rate","rate":304000,"ts":1760556773.119428}
2025/10/15 19:32:54 POLARIS_LOG {"event":"send_rate","rate":296000,"ts":1760556774.1071723}
2025/10/15 19:32:55 POLARIS_LOG {"event":"send_rate","rate":296000,"ts":1760556775.1083608}
2025/10/15 19:32:56 POLARIS_LOG {"event":"send_rate","rate":304000,"ts":1760556776.1173182}
2025/10/15 19:32:57 POLARIS_LOG {"event":"send_rate","rate":296000,"ts":1760556777.1117992}
2025/10/15 19:32:58 POLARIS_LOG {"event":"send_rate","rate":304000,"ts":1760556778.106702}
2025/10/15 19:32:59 POLARIS_LOG {"event":"send_rate","rate":296000,"ts":1760556779.1106222}
2025/10/15 19:33:00 POLARIS_LOG {"event":"send_rate","rate":304000,"ts":1760556780.106994}
2025/10/15 19:33:01 POLARIS_LOG {"event":"send_rate","rate":296000,"ts":1760556781.1078727}
2025/10/15 19:33:02 POLARIS_LOG {"event":"send_rate","rate":304000,"ts":1760556782.1067846}
2025/10/15 19:33:03 POLARIS_LOG {"event":"send_rate","rate":296000,"ts":1760556783.1093605}
2025/10/15 19:33:04 POLARIS_LOG {"event":"send_rate","rate":304000,"ts":1760556784.1196973}
2025/10/15 19:33:05 POLARIS_LOG {"event":"send_rate","rate":296000,"ts":1760556785.109112}
2025/10/15 19:33:06 POLARIS_LOG {"event":"send_rate","rate":304000,"ts":1760556786.1070192}
2025/10/15 19:33:07 POLARIS_LOG {"event":"send_rate","rate":296000,"ts":1760556787.107392}
2025/10/15 19:33:08 POLARIS_LOG {"event":"send_rate","rate":304000,"ts":1760556788.1070921}
2025/10/15 19:33:09 POLARIS_LOG {"event":"send_rate","rate":296000,"ts":1760556789.1064973}
2025/10/15 19:33:10 POLARIS_LOG {"event":"send_rate","rate":304000,"ts":1760556790.1068816}
2025/10/15 19:33:11 POLARIS_LOG {"event":"send_rate","rate":296000,"ts":1760556791.1073623}
2025/10/15 19:33:12 POLARIS_LOG {"event":"send_rate","rate":304000,"ts":1760556792.1155043}
2025/10/15 19:33:13 POLARIS_LOG {"event":"send_rate","rate":296000,"ts":1760556793.1066267}
2025/10/15 19:33:14 POLARIS_LOG {"event":"send_rate","rate":304000,"ts":1760556794.108271}
2025/10/15 19:33:15 POLARIS_LOG {"event":"send_rate","rate":296000,"ts":1760556795.1080616}
2025/10/15 19:33:16 POLARIS_LOG {"event":"send_rate","rate":296000,"ts":1760556796.1069555}
2025/10/15 19:33:17 POLARIS_LOG {"event":"send_rate","rate":304000,"ts":1760556797.106839}
2025/10/15 19:33:18 POLARIS_LOG {"event":"send_rate","rate":304000,"ts":1760556798.1074255}
2025/10/15 19:33:19 POLARIS_LOG {"event":"send_rate","rate":296000,"ts":1760556799.1115978}
2025/10/15 19:33:20 POLARIS_LOG {"event":"send_rate","rate":296000,"ts":1760556800.1069021}
2025/10/15 19:33:21 POLARIS_LOG {"event":"send_rate","rate":304000,"ts":1760556801.1074045}
2025/10/15 19:33:22 POLARIS_LOG {"event":"send_rate","rate":304000,"ts":1760556802.1087477}
2025/10/15 19:33:23 POLARIS_LOG {"event":"send_rate","rate":296000,"ts":1760556803.1065485}
2025/10/15 19:33:24 POLARIS_LOG {"event":"send_rate","rate":304000,"ts":1760556804.1070585}
2025/10/15 19:33:25 POLARIS_LOG {"event":"send_rate","rate":296000,"ts":1760556805.106705}
2025/10/15 19:33:26 POLARIS_LOG {"event":"send_rate","rate":296000,"ts":1760556806.1199486}
2025/10/15 19:33:27 POLARIS_LOG {"event":"send_rate","rate":304000,"ts":1760556807.1079092}
2025/10/15 19:33:28 POLARIS_LOG {"event":"send_rate","rate":304000,"ts":1760556808.107648}
2025/10/15 19:33:29 POLARIS_LOG {"event":"send_rate","rate":296000,"ts":1760556809.11147}
2025/10/15 19:33:30 POLARIS_LOG {"event":"send_rate","rate":304000,"ts":1760556810.1098118}
2025/10/15 19:33:31 POLARIS_LOG {"event":"send_rate","rate":296000,"ts":1760556811.1091232}
2025/10/15 19:33:32 POLARIS_LOG {"event":"send_rate","rate":304000,"ts":1760556812.1110556}
2025/10/15 19:33:33 POLARIS_LOG {"event":"send_rate","rate":296000,"ts":1760556813.1085737}
2025/10/15 19:33:34 POLARIS_LOG {"event":"send_rate","rate":296000,"ts":1760556814.1067479}
We need to sleep for 1 seconds before we can get the results
2025/10/15 19:33:35 POLARIS_LOG {"event":"send_rate","rate":16000,"ts":1760556815.1083994}
Drain Loop received packet
Drain Loop received non-nil payload
Client sent 11025 packets, server reported 11006 packets received
The network loss rate from client to server is 0.2%

S->C results
Attempted bandwidth: 0 bps / 0.00 Mbps
Achieved bandwidth: 0 bps / 0.00 Mbps
Loss rate: 0.0%
Interarrival time min/avg/max/mdev = -0.000/0.000/0.000/0.000 ms

C->S results
Attempted bandwidth: 300000 bps / 0.30 Mbps
Achieved bandwidth: 299482 bps / 0.30 Mbps
Loss rate: 0.2%
Interarrival time min/avg/max/mdev = 0.003/26.686/298.900/16.499 ms
