
Test parameters:
client->server: 300 seconds, 1000 bytes, 11250 packets
server->client: 300 seconds, 1000 bytes, 0 packets
2025/10/15 19:28:34 POLARIS_LOG {"current_rate":0,"event":"path_switch","new":"2 2 5 2","trigger":"initialization","ts":1760556514.105364}
Polaris prober initialized with 38 paths
Polaris prober initialized with local 1-111,10.111.0.71:32764 and remote 1-113,10.113.0.71
2025/10/15 19:28:35 POLARIS_LOG {"event":"send_rate","rate":304000,"ts":1760556515.1063762}
2025/10/15 19:28:36 POLARIS_LOG {"event":"send_rate","rate":296000,"ts":1760556516.1064987}
2025/10/15 19:28:37 POLARIS_LOG {"event":"send_rate","rate":304000,"ts":1760556517.1058648}
2025/10/15 19:28:38 POLARIS_LOG {"event":"send_rate","rate":296000,"ts":1760556518.1060605}
2025/10/15 19:28:39 POLARIS_LOG {"event":"send_rate","rate":304000,"ts":1760556519.1064417}
2025/10/15 19:28:40 POLARIS_LOG {"event":"send_rate","rate":296000,"ts":1760556520.1057584}
2025/10/15 19:28:41 POLARIS_LOG {"event":"send_rate","rate":304000,"ts":1760556521.1063075}
2025/10/15 19:28:42 POLARIS_LOG {"event":"send_rate","rate":296000,"ts":1760556522.1059074}
2025/10/15 19:28:43 POLARIS_LOG {"event":"send_rate","rate":304000,"ts":1760556523.1093645}
2025/10/15 19:28:44 POLARIS_LOG {"event":"send_rate","rate":296000,"ts":1760556524.1056933}
2025/10/15 19:28:45 POLARIS_LOG {"event":"send_rate","rate":304000,"ts":1760556525.1065485}
2025/10/15 19:28:46 POLARIS_LOG {"event":"send_rate","rate":296000,"ts":1760556526.1061842}
2025/10/15 19:28:47 POLARIS_LOG {"event":"send_rate","rate":304000,"ts":1760556527.1058528}
2025/10/15 19:28:48 POLARIS_LOG {"event":"send_rate","rate":296000,"ts":1760556528.1062794}
2025/10/15 19:28:49 POLARIS_LOG {"event":"send_rate","rate":304000,"ts":1760556529.105702}
2025/10/15 19:28:50 POLARIS_LOG {"event":"send_rate","rate":296000,"ts":1760556530.1060874}
2025/10/15 19:28:51 POLARIS_LOG {"event":"send_rate","rate":304000,"ts":1760556531.1072984}
2025/10/15 19:28:52 POLARIS_LOG {"event":"send_rate","rate":296000,"ts":1760556532.1057992}
2025/10/15 19:28:53 POLARIS_LOG {"event":"send_rate","rate":304000,"ts":1760556533.1063545}
2025/10/15 19:28:54 POLARIS_LOG {"event":"send_rate","rate":296000,"ts":1760556534.1062489}
2025/10/15 19:28:55 POLARIS_LOG {"event":"send_rate","rate":304000,"ts":1760556535.1058137}
2025/10/15 19:28:56 POLARIS_LOG {"event":"send_rate","rate":296000,"ts":1760556536.1057606}
2025/10/15 19:28:57 POLARIS_LOG {"event":"send_rate","rate":304000,"ts":1760556537.1065059}
2025/10/15 19:28:58 POLARIS_LOG {"event":"send_rate","rate":296000,"ts":1760556538.1063893}
2025/10/15 19:28:59 POLARIS_LOG {"event":"send_rate","rate":304000,"ts":1760556539.1060035}
2025/10/15 19:29:00 POLARIS_LOG {"event":"send_rate","rate":296000,"ts":1760556540.1065404}
2025/10/15 19:29:01 POLARIS_LOG {"event":"send_rate","rate":304000,"ts":1760556541.1065078}
2025/10/15 19:29:02 POLARIS_LOG {"event":"send_rate","rate":296000,"ts":1760556542.1064708}
2025/10/15 19:29:03 POLARIS_LOG {"event":"send_rate","rate":304000,"ts":1760556543.1059928}
2025/10/15 19:29:04 POLARIS_LOG {"event":"send_rate","rate":296000,"ts":1760556544.1058226}
2025/10/15 19:29:05 POLARIS_LOG {"event":"send_rate","rate":304000,"ts":1760556545.1058366}
2025/10/15 19:29:06 POLARIS_LOG {"event":"send_rate","rate":296000,"ts":1760556546.106092}
2025/10/15 19:29:07 POLARIS_LOG {"event":"send_rate","rate":304000,"ts":1760556547.1059427}
2025/10/15 19:29:08 POLARIS_LOG {"event":"send_rate","rate":296000,"ts":1760556548.1072981}
2025/10/15 19:29:09 POLARIS_LOG {"event":"send_rate","rate":304000,"ts":1760556549.1061695}
2025/10/15 19:29:10 POLARIS_LOG {"event":"send_rate","rate":296000,"ts":1760556550.1063995}
2025/10/15 19:29:11 POLARIS_LOG {"event":"send_rate","rate":304000,"ts":1760556551.1061146}
2025/10/15 19:29:12 POLARIS_LOG {"event":"send_rate","rate":296000,"ts":1760556552.1060328}
2025/10/15 19:29:13 POLARIS_LOG {"event":"send_rate","rate":304000,"ts":1760556553.1061556}
2025/10/15 19:29:14 POLARIS_LOG {"event":"send_rate","rate":296000,"ts":1760556554.1057239}
2025/10/15 19:29:15 POLARIS_LOG {"event":"send_rate","rate":304000,"ts":1760556555.1064568}
2025/10/15 19:29:16 POLARIS_LOG {"event":"send_rate","rate":296000,"ts":1760556556.1065135}
2025/10/15 19:29:17 POLARIS_LOG {"event":"send_rate","rate":304000,"ts":1760556557.1061382}
2025/10/15 19:29:18 POLARIS_LOG {"event":"send_rate","rate":296000,"ts":1760556558.1065695}
2025/10/15 19:29:19 POLARIS_LOG {"event":"send_rate","rate":304000,"ts":1760556559.1058424}
2025/10/15 19:29:20 POLARIS_LOG {"event":"send_rate","rate":296000,"ts":1760556560.1062322}
2025/10/15 19:29:21 POLARIS_LOG {"event":"send_rate","rate":304000,"ts":1760556561.1065958}
2025/10/15 19:29:22 POLARIS_LOG {"event":"send_rate","rate":296000,"ts":1760556562.1062996}
2025/10/15 19:29:23 POLARIS_LOG {"event":"send_rate","rate":304000,"ts":1760556563.105993}
2025/10/15 19:29:24 POLARIS_LOG {"event":"send_rate","rate":144000,"ts":1760556564.106}
2025/10/15 19:29:24 POLARIS_LOG {"candidates":17,"candidates_unfiltered":17,"current_rate":144000,"estimated_share":2000000,"event":"path_switch","max_estimated_share":2000000,"new":"1 1 6 6 2 4","old":"2 2 5 2","trigger":"scheduled","ts":1760556564.106031}
2025/10/15 19:29:25 POLARIS_LOG {"event":"send_rate","rate":456000,"ts":1760556565.111674}
2025/10/15 19:29:26 POLARIS_LOG {"event":"send_rate","rate":296000,"ts":1760556566.1062965}
Received SCMP echo reply with unexpected seq 50, expected 52 or 51
Received SCMP echo reply with unexpected seq 50, expected 52 or 51
Received SCMP echo reply with unexpected seq 50, expected 52 or 51
2025/10/15 19:29:27 POLARIS_LOG {"event":"send_rate","rate":304000,"ts":1760556567.1060355}
Received SCMP echo reply with unexpected seq 51, expected 53 or 52
Received SCMP echo reply with unexpected seq 51, expected 53 or 52
Received SCMP echo reply with unexpected seq 51, expected 53 or 52
2025/10/15 19:29:28 POLARIS_LOG {"event":"send_rate","rate":296000,"ts":1760556568.1058826}
Received SCMP echo reply with unexpected seq 52, expected 54 or 53
Received SCMP echo reply with unexpected seq 52, expected 54 or 53
Received SCMP echo reply with unexpected seq 52, expected 54 or 53
2025/10/15 19:29:29 POLARIS_LOG {"event":"send_rate","rate":304000,"ts":1760556569.1061904}
2025/10/15 19:29:30 POLARIS_LOG {"event":"send_rate","rate":296000,"ts":1760556570.1063437}
2025/10/15 19:29:31 POLARIS_LOG {"event":"send_rate","rate":304000,"ts":1760556571.105787}
2025/10/15 19:29:32 POLARIS_LOG {"event":"send_rate","rate":296000,"ts":1760556572.1060967}
2025/10/15 19:29:33 POLARIS_LOG {"event":"send_rate","rate":304000,"ts":1760556573.1060226}
2025/10/15 19:29:34 POLARIS_LOG {"event":"send_rate","rate":296000,"ts":1760556574.1062324}
2025/10/15 19:29:35 POLARIS_LOG {"event":"send_rate","rate":304000,"ts":1760556575.1070206}
2025/10/15 19:29:36 POLARIS_LOG {"event":"send_rate","rate":296000,"ts":1760556576.1063643}
2025/10/15 19:29:37 POLARIS_LOG {"event":"send_rate","rate":304000,"ts":1760556577.109333}
2025/10/15 19:29:38 POLARIS_LOG {"event":"send_rate","rate":296000,"ts":1760556578.105958}
2025/10/15 19:29:39 POLARIS_LOG {"event":"send_rate","rate":304000,"ts":1760556579.1061912}
2025/10/15 19:29:40 POLARIS_LOG {"event":"send_rate","rate":296000,"ts":1760556580.1087713}
2025/10/15 19:29:41 POLARIS_LOG {"event":"send_rate","rate":304000,"ts":1760556581.1057398}
2025/10/15 19:29:42 POLARIS_LOG {"event":"send_rate","rate":296000,"ts":1760556582.1061685}
2025/10/15 19:29:43 POLARIS_LOG {"event":"send_rate","rate":304000,"ts":1760556583.1057801}
2025/10/15 19:29:44 POLARIS_LOG {"event":"send_rate","rate":296000,"ts":1760556584.1059868}
2025/10/15 19:29:45 POLARIS_LOG {"event":"send_rate","rate":304000,"ts":1760556585.1072876}
2025/10/15 19:29:46 POLARIS_LOG {"event":"send_rate","rate":296000,"ts":1760556586.107064}
2025/10/15 19:29:47 POLARIS_LOG {"event":"send_rate","rate":296000,"ts":1760556587.105734}
2025/10/15 19:29:48 POLARIS_LOG {"event":"send_rate","rate":304000,"ts":1760556588.1065764}
2025/10/15 19:29:49 POLARIS_LOG {"event":"send_rate","rate":304000,"ts":1760556589.1060216}
2025/10/15 19:29:50 POLARIS_LOG {"event":"send_rate","rate":296000,"ts":1760556590.106221}
2025/10/15 19:29:51 POLARIS_LOG {"event":"send_rate","rate":296000,"ts":1760556591.105965}
2025/10/15 19:29:52 POLARIS_LOG {"event":"send_rate","rate":304000,"ts":1760556592.1064086}
2025/10/15 19:29:53 POLARIS_LOG {"event":"send_rate","rate":304000,"ts":1760556593.1057315}
2025/10/15 19:29:54 POLARIS_LOG {"event":"send_rate","rate":296000,"ts":1760556594.1061964}
2025/10/15 19:29:55 POLARIS_LOG {"event":"send_rate","rate":304000,"ts":1760556595.1060975}
2025/10/15 19:29:56 POLARIS_LOG {"event":"send_rate","rate":296000,"ts":1760556596.1065865}
2025/10/15 19:29:57 POLARIS_LOG {"event":"send_rate","rate":296000,"ts":1760556597.1062562}
2025/10/15 19:29:58 POLARIS_LOG {"event":"send_rate","rate":304000,"ts":1760556598.1067057}
2025/10/15 19:29:59 POLARIS_LOG {"event":"send_rate","rate":296000,"ts":1760556599.1058142}
2025/10/15 19:30:00 POLARIS_LOG {"event":"send_rate","rate":304000,"ts":1760556600.1063}
2025/10/15 19:30:01 POLARIS_LOG {"event":"send_rate","rate":296000,"ts":1760556601.1150942}
2025/10/15 19:30:02 POLARIS_LOG {"event":"send_rate","rate":304000,"ts":1760556602.1058004}
2025/10/15 19:30:03 POLARIS_LOG {"event":"send_rate","rate":296000,"ts":1760556603.1063004}
2025/10/15 19:30:04 POLARIS_LOG {"event":"send_rate","rate":304000,"ts":1760556604.1060843}
2025/10/15 19:30:05 POLARIS_LOG {"event":"send_rate","rate":296000,"ts":1760556605.1056936}
2025/10/15 19:30:06 POLARIS_LOG {"event":"send_rate","rate":304000,"ts":1760556606.1058943}
2025/10/15 19:30:07 POLARIS_LOG {"event":"send_rate","rate":296000,"ts":1760556607.106001}
2025/10/15 19:30:08 POLARIS_LOG {"event":"send_rate","rate":304000,"ts":1760556608.1099794}
2025/10/15 19:30:09 POLARIS_LOG {"event":"send_rate","rate":296000,"ts":1760556609.106015}
2025/10/15 19:30:10 POLARIS_LOG {"event":"send_rate","rate":304000,"ts":1760556610.1064098}
2025/10/15 19:30:11 POLARIS_LOG {"event":"send_rate","rate":296000,"ts":1760556611.1063988}
2025/10/15 19:30:12 POLARIS_LOG {"event":"send_rate","rate":304000,"ts":1760556612.106126}
2025/10/15 19:30:13 POLARIS_LOG {"event":"send_rate","rate":296000,"ts":1760556613.1058216}
2025/10/15 19:30:14 POLARIS_LOG {"event":"send_rate","rate":304000,"ts":1760556614.1063764}
2025/10/15 19:30:15 POLARIS_LOG {"event":"send_rate","rate":296000,"ts":1760556615.1064477}
2025/10/15 19:30:16 POLARIS_LOG {"event":"send_rate","rate":304000,"ts":1760556616.1060772}
2025/10/15 19:30:17 POLARIS_LOG {"event":"send_rate","rate":296000,"ts":1760556617.1058147}
2025/10/15 19:30:18 POLARIS_LOG {"event":"send_rate","rate":304000,"ts":1760556618.1057673}
2025/10/15 19:30:19 POLARIS_LOG {"event":"send_rate","rate":296000,"ts":1760556619.106134}
2025/10/15 19:30:20 POLARIS_LOG {"event":"send_rate","rate":304000,"ts":1760556620.1058211}
2025/10/15 19:30:21 POLARIS_LOG {"event":"send_rate","rate":296000,"ts":1760556621.1070683}
2025/10/15 19:30:22 POLARIS_LOG {"event":"send_rate","rate":304000,"ts":1760556622.1063128}
2025/10/15 19:30:23 POLARIS_LOG {"event":"send_rate","rate":296000,"ts":1760556623.105844}
2025/10/15 19:30:24 POLARIS_LOG {"event":"send_rate","rate":304000,"ts":1760556624.1063218}
2025/10/15 19:30:25 POLARIS_LOG {"event":"send_rate","rate":296000,"ts":1760556625.1059606}
2025/10/15 19:30:26 POLARIS_LOG {"event":"send_rate","rate":304000,"ts":1760556626.1063905}
2025/10/15 19:30:27 POLARIS_LOG {"event":"send_rate","rate":296000,"ts":1760556627.1063445}
2025/10/15 19:30:28 POLARIS_LOG {"event":"send_rate","rate":304000,"ts":1760556628.10631}
2025/10/15 19:30:29 POLARIS_LOG {"event":"send_rate","rate":296000,"ts":1760556629.106168}
2025/10/15 19:30:30 POLARIS_LOG {"event":"send_rate","rate":304000,"ts":1760556630.105928}
2025/10/15 19:30:31 POLARIS_LOG {"event":"send_rate","rate":296000,"ts":1760556631.1063452}
2025/10/15 19:30:32 POLARIS_LOG {"event":"send_rate","rate":304000,"ts":1760556632.1113265}
2025/10/15 19:30:33 POLARIS_LOG {"event":"send_rate","rate":296000,"ts":1760556633.1064596}
2025/10/15 19:30:34 POLARIS_LOG {"event":"send_rate","rate":304000,"ts":1760556634.1060252}
2025/10/15 19:30:35 POLARIS_LOG {"event":"send_rate","rate":296000,"ts":1760556635.1061785}
2025/10/15 19:30:36 POLARIS_LOG {"event":"send_rate","rate":304000,"ts":1760556636.1063037}
2025/10/15 19:30:37 POLARIS_LOG {"event":"send_rate","rate":296000,"ts":1760556637.1062713}
2025/10/15 19:30:38 POLARIS_LOG {"event":"send_rate","rate":304000,"ts":1760556638.1065292}
2025/10/15 19:30:39 POLARIS_LOG {"event":"send_rate","rate":296000,"ts":1760556639.1058037}
2025/10/15 19:30:40 POLARIS_LOG {"event":"send_rate","rate":304000,"ts":1760556640.1066334}
2025/10/15 19:30:41 POLARIS_LOG {"event":"send_rate","rate":296000,"ts":1760556641.1062524}
2025/10/15 19:30:42 POLARIS_LOG {"event":"send_rate","rate":304000,"ts":1760556642.1110227}
2025/10/15 19:30:43 POLARIS_LOG {"event":"send_rate","rate":296000,"ts":1760556643.105927}
2025/10/15 19:30:44 POLARIS_LOG {"event":"send_rate","rate":304000,"ts":1760556644.1063662}
2025/10/15 19:30:45 POLARIS_LOG {"event":"send_rate","rate":296000,"ts":1760556645.1063614}
2025/10/15 19:30:46 POLARIS_LOG {"event":"send_rate","rate":304000,"ts":1760556646.1064909}
2025/10/15 19:30:47 POLARIS_LOG {"event":"send_rate","rate":296000,"ts":1760556647.1061354}
2025/10/15 19:30:48 POLARIS_LOG {"event":"send_rate","rate":304000,"ts":1760556648.1058264}
2025/10/15 19:30:49 POLARIS_LOG {"event":"send_rate","rate":296000,"ts":1760556649.106141}
2025/10/15 19:30:50 POLARIS_LOG {"event":"send_rate","rate":304000,"ts":1760556650.10588}
2025/10/15 19:30:51 POLARIS_LOG {"event":"send_rate","rate":296000,"ts":1760556651.1062903}
2025/10/15 19:30:52 POLARIS_LOG {"event":"send_rate","rate":304000,"ts":1760556652.1063335}
2025/10/15 19:30:53 POLARIS_LOG {"event":"send_rate","rate":296000,"ts":1760556653.1064212}
2025/10/15 19:30:54 POLARIS_LOG {"event":"send_rate","rate":304000,"ts":1760556654.1065147}
2025/10/15 19:30:55 POLARIS_LOG {"event":"send_rate","rate":296000,"ts":1760556655.105885}
2025/10/15 19:30:56 POLARIS_LOG {"event":"send_rate","rate":304000,"ts":1760556656.1077056}
2025/10/15 19:30:57 POLARIS_LOG {"event":"send_rate","rate":296000,"ts":1760556657.1061585}
2025/10/15 19:30:58 POLARIS_LOG {"event":"send_rate","rate":304000,"ts":1760556658.106176}
2025/10/15 19:30:59 POLARIS_LOG {"event":"send_rate","rate":296000,"ts":1760556659.106119}
2025/10/15 19:31:00 POLARIS_LOG {"event":"send_rate","rate":304000,"ts":1760556660.10586}
2025/10/15 19:31:01 POLARIS_LOG {"event":"send_rate","rate":296000,"ts":1760556661.1059103}
2025/10/15 19:31:02 POLARIS_LOG {"event":"send_rate","rate":304000,"ts":1760556662.1057658}
2025/10/15 19:31:03 POLARIS_LOG {"event":"send_rate","rate":296000,"ts":1760556663.1060996}
2025/10/15 19:31:04 POLARIS_LOG {"event":"send_rate","rate":304000,"ts":1760556664.1057158}
2025/10/15 19:31:05 POLARIS_LOG {"event":"send_rate","rate":296000,"ts":1760556665.1062956}
2025/10/15 19:31:06 POLARIS_LOG {"event":"send_rate","rate":304000,"ts":1760556666.1060035}
2025/10/15 19:31:07 POLARIS_LOG {"event":"send_rate","rate":296000,"ts":1760556667.1062217}
2025/10/15 19:31:08 POLARIS_LOG {"event":"send_rate","rate":304000,"ts":1760556668.1057394}
2025/10/15 19:31:09 POLARIS_LOG {"event":"send_rate","rate":296000,"ts":1760556669.1059911}
2025/10/15 19:31:10 POLARIS_LOG {"event":"send_rate","rate":304000,"ts":1760556670.106306}
2025/10/15 19:31:11 POLARIS_LOG {"event":"send_rate","rate":296000,"ts":1760556671.1066036}
2025/10/15 19:31:12 POLARIS_LOG {"event":"send_rate","rate":304000,"ts":1760556672.1060567}
2025/10/15 19:31:13 POLARIS_LOG {"event":"send_rate","rate":296000,"ts":1760556673.1096728}
2025/10/15 19:31:14 POLARIS_LOG {"event":"send_rate","rate":304000,"ts":1760556674.106383}
2025/10/15 19:31:15 POLARIS_LOG {"event":"send_rate","rate":296000,"ts":1760556675.1061203}
2025/10/15 19:31:16 POLARIS_LOG {"event":"send_rate","rate":304000,"ts":1760556676.1061835}
2025/10/15 19:31:17 POLARIS_LOG {"event":"send_rate","rate":296000,"ts":1760556677.105955}
2025/10/15 19:31:18 POLARIS_LOG {"event":"send_rate","rate":304000,"ts":1760556678.1057205}
2025/10/15 19:31:19 POLARIS_LOG {"event":"send_rate","rate":296000,"ts":1760556679.1061113}
2025/10/15 19:31:20 POLARIS_LOG {"event":"send_rate","rate":304000,"ts":1760556680.1061378}
2025/10/15 19:31:21 POLARIS_LOG {"event":"send_rate","rate":296000,"ts":1760556681.1065366}
2025/10/15 19:31:22 POLARIS_LOG {"event":"send_rate","rate":304000,"ts":1760556682.1059167}
2025/10/15 19:31:23 POLARIS_LOG {"event":"send_rate","rate":296000,"ts":1760556683.1061497}
2025/10/15 19:31:24 POLARIS_LOG {"event":"send_rate","rate":304000,"ts":1760556684.106426}
2025/10/15 19:31:25 POLARIS_LOG {"event":"send_rate","rate":296000,"ts":1760556685.1057043}
2025/10/15 19:31:26 POLARIS_LOG {"event":"send_rate","rate":304000,"ts":1760556686.10649}
2025/10/15 19:31:27 POLARIS_LOG {"event":"send_rate","rate":296000,"ts":1760556687.1061049}
2025/10/15 19:31:28 POLARIS_LOG {"event":"send_rate","rate":304000,"ts":1760556688.1065397}
2025/10/15 19:31:29 POLARIS_LOG {"event":"send_rate","rate":296000,"ts":1760556689.107977}
2025/10/15 19:31:30 POLARIS_LOG {"event":"send_rate","rate":304000,"ts":1760556690.1063926}
2025/10/15 19:31:31 POLARIS_LOG {"event":"send_rate","rate":296000,"ts":1760556691.1057985}
2025/10/15 19:31:32 POLARIS_LOG {"event":"send_rate","rate":304000,"ts":1760556692.1071289}
2025/10/15 19:31:33 POLARIS_LOG {"event":"send_rate","rate":296000,"ts":1760556693.106057}
2025/10/15 19:31:34 POLARIS_LOG {"event":"send_rate","rate":304000,"ts":1760556694.1056855}
2025/10/15 19:31:35 POLARIS_LOG {"event":"send_rate","rate":296000,"ts":1760556695.105825}
2025/10/15 19:31:36 POLARIS_LOG {"event":"send_rate","rate":304000,"ts":1760556696.1060069}
2025/10/15 19:31:37 POLARIS_LOG {"event":"send_rate","rate":296000,"ts":1760556697.106588}
2025/10/15 19:31:38 POLARIS_LOG {"event":"send_rate","rate":304000,"ts":1760556698.1061378}
2025/10/15 19:31:39 POLARIS_LOG {"event":"send_rate","rate":296000,"ts":1760556699.1057854}
2025/10/15 19:31:40 POLARIS_LOG {"event":"send_rate","rate":304000,"ts":1760556700.1072643}
2025/10/15 19:31:41 POLARIS_LOG {"event":"send_rate","rate":296000,"ts":1760556701.1057668}
2025/10/15 19:31:42 POLARIS_LOG {"event":"send_rate","rate":304000,"ts":1760556702.1056862}
2025/10/15 19:31:43 POLARIS_LOG {"event":"send_rate","rate":296000,"ts":1760556703.1078408}
2025/10/15 19:31:44 POLARIS_LOG {"event":"send_rate","rate":304000,"ts":1760556704.1057117}
2025/10/15 19:31:45 POLARIS_LOG {"event":"send_rate","rate":296000,"ts":1760556705.1065395}
2025/10/15 19:31:46 POLARIS_LOG {"event":"send_rate","rate":304000,"ts":1760556706.10572}
2025/10/15 19:31:47 POLARIS_LOG {"event":"send_rate","rate":296000,"ts":1760556707.1062882}
2025/10/15 19:31:48 POLARIS_LOG {"event":"send_rate","rate":304000,"ts":1760556708.1058455}
2025/10/15 19:31:49 POLARIS_LOG {"event":"send_rate","rate":296000,"ts":1760556709.106556}
2025/10/15 19:31:50 POLARIS_LOG {"event":"send_rate","rate":304000,"ts":1760556710.1057055}
2025/10/15 19:31:51 POLARIS_LOG {"event":"send_rate","rate":296000,"ts":1760556711.1063876}
2025/10/15 19:31:52 POLARIS_LOG {"event":"send_rate","rate":304000,"ts":1760556712.1060042}
2025/10/15 19:31:53 POLARIS_LOG {"event":"send_rate","rate":296000,"ts":1760556713.105976}
2025/10/15 19:31:54 POLARIS_LOG {"event":"send_rate","rate":304000,"ts":1760556714.1078408}
2025/10/15 19:31:55 POLARIS_LOG {"event":"send_rate","rate":296000,"ts":1760556715.1064732}
2025/10/15 19:31:56 POLARIS_LOG {"event":"send_rate","rate":304000,"ts":1760556716.105928}
2025/10/15 19:31:57 POLARIS_LOG {"event":"send_rate","rate":296000,"ts":1760556717.1057696}
2025/10/15 19:31:58 POLARIS_LOG {"event":"send_rate","rate":304000,"ts":1760556718.1063988}
2025/10/15 19:31:59 POLARIS_LOG {"event":"send_rate","rate":296000,"ts":1760556719.1060698}
2025/10/15 19:32:00 POLARIS_LOG {"event":"send_rate","rate":304000,"ts":1760556720.107102}
2025/10/15 19:32:01 POLARIS_LOG {"event":"send_rate","rate":296000,"ts":1760556721.1062608}
2025/10/15 19:32:02 POLARIS_LOG {"event":"send_rate","rate":304000,"ts":1760556722.1060193}
2025/10/15 19:32:03 POLARIS_LOG {"event":"send_rate","rate":296000,"ts":1760556723.1066296}
2025/10/15 19:32:04 POLARIS_LOG {"event":"send_rate","rate":304000,"ts":1760556724.1059792}
2025/10/15 19:32:05 POLARIS_LOG {"event":"send_rate","rate":296000,"ts":1760556725.106441}
2025/10/15 19:32:06 POLARIS_LOG {"event":"send_rate","rate":304000,"ts":1760556726.106154}
2025/10/15 19:32:07 POLARIS_LOG {"event":"send_rate","rate":296000,"ts":1760556727.106499}
2025/10/15 19:32:08 POLARIS_LOG {"event":"send_rate","rate":304000,"ts":1760556728.1057184}
2025/10/15 19:32:09 POLARIS_LOG {"event":"send_rate","rate":296000,"ts":1760556729.1063948}
2025/10/15 19:32:10 POLARIS_LOG {"event":"send_rate","rate":304000,"ts":1760556730.1057122}
2025/10/15 19:32:11 POLARIS_LOG {"event":"send_rate","rate":296000,"ts":1760556731.1061714}
2025/10/15 19:32:12 POLARIS_LOG {"event":"send_rate","rate":304000,"ts":1760556732.108314}
2025/10/15 19:32:13 POLARIS_LOG {"event":"send_rate","rate":296000,"ts":1760556733.1060753}
2025/10/15 19:32:14 POLARIS_LOG {"event":"send_rate","rate":304000,"ts":1760556734.106221}
2025/10/15 19:32:15 POLARIS_LOG {"event":"send_rate","rate":296000,"ts":1760556735.1062343}
2025/10/15 19:32:16 POLARIS_LOG {"event":"send_rate","rate":296000,"ts":1760556736.105929}
2025/10/15 19:32:17 POLARIS_LOG {"event":"send_rate","rate":304000,"ts":1760556737.106007}
2025/10/15 19:32:18 POLARIS_LOG {"event":"send_rate","rate":296000,"ts":1760556738.1061063}
2025/10/15 19:32:19 POLARIS_LOG {"event":"send_rate","rate":304000,"ts":1760556739.1061516}
2025/10/15 19:32:20 POLARIS_LOG {"event":"send_rate","rate":304000,"ts":1760556740.1056921}
2025/10/15 19:32:21 POLARIS_LOG {"event":"send_rate","rate":296000,"ts":1760556741.1065354}
2025/10/15 19:32:22 POLARIS_LOG {"event":"send_rate","rate":296000,"ts":1760556742.1064744}
2025/10/15 19:32:23 POLARIS_LOG {"event":"send_rate","rate":304000,"ts":1760556743.107785}
2025/10/15 19:32:24 POLARIS_LOG {"event":"send_rate","rate":304000,"ts":1760556744.1068888}
2025/10/15 19:32:25 POLARIS_LOG {"event":"send_rate","rate":296000,"ts":1760556745.1063092}
2025/10/15 19:32:26 POLARIS_LOG {"event":"send_rate","rate":296000,"ts":1760556746.1072927}
2025/10/15 19:32:27 POLARIS_LOG {"event":"send_rate","rate":304000,"ts":1760556747.105851}
2025/10/15 19:32:28 POLARIS_LOG {"event":"send_rate","rate":296000,"ts":1760556748.1058733}
2025/10/15 19:32:29 POLARIS_LOG {"event":"send_rate","rate":304000,"ts":1760556749.1061475}
2025/10/15 19:32:30 POLARIS_LOG {"event":"send_rate","rate":304000,"ts":1760556750.1061745}
2025/10/15 19:32:31 POLARIS_LOG {"event":"send_rate","rate":296000,"ts":1760556751.1064441}
2025/10/15 19:32:32 POLARIS_LOG {"event":"send_rate","rate":296000,"ts":1760556752.1059697}
2025/10/15 19:32:33 POLARIS_LOG {"event":"send_rate","rate":304000,"ts":1760556753.1056924}
2025/10/15 19:32:34 POLARIS_LOG {"event":"send_rate","rate":296000,"ts":1760556754.105943}
2025/10/15 19:32:35 POLARIS_LOG {"event":"send_rate","rate":304000,"ts":1760556755.1063302}
2025/10/15 19:32:36 POLARIS_LOG {"event":"send_rate","rate":304000,"ts":1760556756.1072671}
2025/10/15 19:32:37 POLARIS_LOG {"event":"send_rate","rate":296000,"ts":1760556757.106575}
2025/10/15 19:32:38 POLARIS_LOG {"event":"send_rate","rate":296000,"ts":1760556758.1061602}
2025/10/15 19:32:39 POLARIS_LOG {"event":"send_rate","rate":304000,"ts":1760556759.1069553}
2025/10/15 19:32:40 POLARIS_LOG {"event":"send_rate","rate":296000,"ts":1760556760.1060073}
2025/10/15 19:32:41 POLARIS_LOG {"event":"send_rate","rate":304000,"ts":1760556761.106175}
2025/10/15 19:32:42 POLARIS_LOG {"event":"send_rate","rate":296000,"ts":1760556762.1061149}
2025/10/15 19:32:43 POLARIS_LOG {"event":"send_rate","rate":304000,"ts":1760556763.10586}
2025/10/15 19:32:44 POLARIS_LOG {"event":"send_rate","rate":296000,"ts":1760556764.1064885}
2025/10/15 19:32:45 POLARIS_LOG {"event":"send_rate","rate":304000,"ts":1760556765.106137}
2025/10/15 19:32:46 POLARIS_LOG {"event":"send_rate","rate":296000,"ts":1760556766.1071596}
2025/10/15 19:32:47 POLARIS_LOG {"event":"send_rate","rate":304000,"ts":1760556767.1057148}
2025/10/15 19:32:48 POLARIS_LOG {"event":"send_rate","rate":296000,"ts":1760556768.1067543}
2025/10/15 19:32:49 POLARIS_LOG {"event":"send_rate","rate":304000,"ts":1760556769.105963}
2025/10/15 19:32:50 POLARIS_LOG {"event":"send_rate","rate":296000,"ts":1760556770.1062057}
2025/10/15 19:32:51 POLARIS_LOG {"event":"send_rate","rate":304000,"ts":1760556771.1065874}
2025/10/15 19:32:52 POLARIS_LOG {"event":"send_rate","rate":296000,"ts":1760556772.1060004}
2025/10/15 19:32:53 POLARIS_LOG {"event":"send_rate","rate":304000,"ts":1760556773.1059942}
2025/10/15 19:32:54 POLARIS_LOG {"event":"send_rate","rate":296000,"ts":1760556774.1060553}
2025/10/15 19:32:55 POLARIS_LOG {"event":"send_rate","rate":304000,"ts":1760556775.1057045}
2025/10/15 19:32:56 POLARIS_LOG {"event":"send_rate","rate":296000,"ts":1760556776.1065211}
2025/10/15 19:32:57 POLARIS_LOG {"event":"send_rate","rate":304000,"ts":1760556777.1062222}
2025/10/15 19:32:58 POLARIS_LOG {"event":"send_rate","rate":296000,"ts":1760556778.1058316}
2025/10/15 19:32:59 POLARIS_LOG {"event":"send_rate","rate":304000,"ts":1760556779.106209}
2025/10/15 19:33:00 POLARIS_LOG {"event":"send_rate","rate":296000,"ts":1760556780.1065485}
2025/10/15 19:33:01 POLARIS_LOG {"event":"send_rate","rate":304000,"ts":1760556781.105894}
2025/10/15 19:33:02 POLARIS_LOG {"event":"send_rate","rate":296000,"ts":1760556782.1058645}
2025/10/15 19:33:03 POLARIS_LOG {"event":"send_rate","rate":304000,"ts":1760556783.1062818}
2025/10/15 19:33:04 POLARIS_LOG {"event":"send_rate","rate":296000,"ts":1760556784.1057537}
2025/10/15 19:33:05 POLARIS_LOG {"event":"send_rate","rate":304000,"ts":1760556785.1165462}
2025/10/15 19:33:06 POLARIS_LOG {"event":"send_rate","rate":296000,"ts":1760556786.106371}
2025/10/15 19:33:07 POLARIS_LOG {"event":"send_rate","rate":304000,"ts":1760556787.1058567}
2025/10/15 19:33:08 POLARIS_LOG {"event":"send_rate","rate":296000,"ts":1760556788.1065285}
2025/10/15 19:33:09 POLARIS_LOG {"event":"send_rate","rate":304000,"ts":1760556789.1057694}
2025/10/15 19:33:10 POLARIS_LOG {"event":"send_rate","rate":296000,"ts":1760556790.1063056}
2025/10/15 19:33:11 POLARIS_LOG {"event":"send_rate","rate":304000,"ts":1760556791.1065807}
2025/10/15 19:33:12 POLARIS_LOG {"event":"send_rate","rate":296000,"ts":1760556792.1060133}
2025/10/15 19:33:13 POLARIS_LOG {"event":"send_rate","rate":304000,"ts":1760556793.1060655}
2025/10/15 19:33:14 POLARIS_LOG {"event":"send_rate","rate":296000,"ts":1760556794.105885}
2025/10/15 19:33:15 POLARIS_LOG {"event":"send_rate","rate":304000,"ts":1760556795.106313}
2025/10/15 19:33:16 POLARIS_LOG {"event":"send_rate","rate":296000,"ts":1760556796.10639}
2025/10/15 19:33:17 POLARIS_LOG {"event":"send_rate","rate":304000,"ts":1760556797.10596}
2025/10/15 19:33:18 POLARIS_LOG {"event":"send_rate","rate":296000,"ts":1760556798.1064873}
2025/10/15 19:33:19 POLARIS_LOG {"event":"send_rate","rate":304000,"ts":1760556799.1059215}
2025/10/15 19:33:20 POLARIS_LOG {"event":"send_rate","rate":296000,"ts":1760556800.1062114}
2025/10/15 19:33:21 POLARIS_LOG {"event":"send_rate","rate":304000,"ts":1760556801.120876}
2025/10/15 19:33:22 POLARIS_LOG {"event":"send_rate","rate":296000,"ts":1760556802.1059325}
2025/10/15 19:33:23 POLARIS_LOG {"event":"send_rate","rate":304000,"ts":1760556803.1059568}
2025/10/15 19:33:24 POLARIS_LOG {"event":"send_rate","rate":296000,"ts":1760556804.105786}
2025/10/15 19:33:25 POLARIS_LOG {"event":"send_rate","rate":304000,"ts":1760556805.1065335}
2025/10/15 19:33:26 POLARIS_LOG {"event":"send_rate","rate":296000,"ts":1760556806.1056907}
2025/10/15 19:33:27 POLARIS_LOG {"event":"send_rate","rate":304000,"ts":1760556807.1060486}
2025/10/15 19:33:28 POLARIS_LOG {"event":"send_rate","rate":296000,"ts":1760556808.1060913}
2025/10/15 19:33:29 POLARIS_LOG {"event":"send_rate","rate":304000,"ts":1760556809.1063302}
2025/10/15 19:33:30 POLARIS_LOG {"event":"send_rate","rate":296000,"ts":1760556810.106244}
2025/10/15 19:33:31 POLARIS_LOG {"event":"send_rate","rate":304000,"ts":1760556811.1060424}
2025/10/15 19:33:32 POLARIS_LOG {"event":"send_rate","rate":296000,"ts":1760556812.1057653}
2025/10/15 19:33:33 POLARIS_LOG {"event":"send_rate","rate":304000,"ts":1760556813.1086838}
2025/10/15 19:33:34 POLARIS_LOG {"event":"send_rate","rate":296000,"ts":1760556814.1057878}
We need to sleep for 1 seconds before we can get the results
2025/10/15 19:33:35 POLARIS_LOG {"event":"send_rate","rate":8000,"ts":1760556815.105699}
Drain Loop received packet
Drain Loop received non-nil payload
Client sent 11250 packets, server reported 11231 packets received
The network loss rate from client to server is 0.2%

S->C results
Attempted bandwidth: 0 bps / 0.00 Mbps
Achieved bandwidth: 0 bps / 0.00 Mbps
Loss rate: 0.0%
Interarrival time min/avg/max/mdev = -0.000/0.000/0.000/0.000 ms

C->S results
Attempted bandwidth: 300000 bps / 0.30 Mbps
Achieved bandwidth: 299493 bps / 0.30 Mbps
Loss rate: 0.2%
Interarrival time min/avg/max/mdev = 0.002/26.714/384.377/18.912 ms
