
Test parameters:
client->server: 297 seconds, 1000 bytes, 11137 packets
server->client: 297 seconds, 1000 bytes, 0 packets
Polaris prober initialized with 14 paths
2025/10/15 19:28:37 POLARIS_LOG {"current_rate":0,"event":"path_switch","new":"7 7","trigger":"initialization","ts":1760556517.1915207}
Polaris prober initialized with local 1-114,10.114.0.71:32764 and remote 1-112,10.112.0.71
2025/10/15 19:28:38 POLARIS_LOG {"event":"send_rate","rate":304000,"ts":1760556518.1927757}
2025/10/15 19:28:39 POLARIS_LOG {"event":"send_rate","rate":296000,"ts":1760556519.192301}
2025/10/15 19:28:40 POLARIS_LOG {"event":"send_rate","rate":304000,"ts":1760556520.1930046}
2025/10/15 19:28:41 POLARIS_LOG {"event":"send_rate","rate":296000,"ts":1760556521.1929762}
2025/10/15 19:28:42 POLARIS_LOG {"event":"send_rate","rate":304000,"ts":1760556522.1929421}
2025/10/15 19:28:43 POLARIS_LOG {"event":"send_rate","rate":296000,"ts":1760556523.1927848}
2025/10/15 19:28:44 POLARIS_LOG {"event":"send_rate","rate":304000,"ts":1760556524.1924589}
2025/10/15 19:28:45 POLARIS_LOG {"event":"send_rate","rate":296000,"ts":1760556525.1940815}
2025/10/15 19:28:46 POLARIS_LOG {"event":"send_rate","rate":304000,"ts":1760556526.1925032}
2025/10/15 19:28:47 POLARIS_LOG {"event":"send_rate","rate":296000,"ts":1760556527.1922314}
2025/10/15 19:28:48 POLARIS_LOG {"event":"send_rate","rate":304000,"ts":1760556528.1924262}
2025/10/15 19:28:49 POLARIS_LOG {"event":"send_rate","rate":296000,"ts":1760556529.1927924}
2025/10/15 19:28:50 POLARIS_LOG {"event":"send_rate","rate":304000,"ts":1760556530.1928654}
2025/10/15 19:28:51 POLARIS_LOG {"event":"send_rate","rate":296000,"ts":1760556531.1927521}
2025/10/15 19:28:52 POLARIS_LOG {"event":"send_rate","rate":304000,"ts":1760556532.192017}
2025/10/15 19:28:53 POLARIS_LOG {"event":"send_rate","rate":296000,"ts":1760556533.1922402}
2025/10/15 19:28:54 POLARIS_LOG {"event":"send_rate","rate":304000,"ts":1760556534.1924906}
2025/10/15 19:28:55 POLARIS_LOG {"event":"send_rate","rate":296000,"ts":1760556535.1921735}
2025/10/15 19:28:56 POLARIS_LOG {"event":"send_rate","rate":304000,"ts":1760556536.1928298}
2025/10/15 19:28:57 POLARIS_LOG {"event":"send_rate","rate":296000,"ts":1760556537.192709}
2025/10/15 19:28:58 POLARIS_LOG {"event":"send_rate","rate":304000,"ts":1760556538.1921928}
2025/10/15 19:28:59 POLARIS_LOG {"event":"send_rate","rate":296000,"ts":1760556539.1920528}
2025/10/15 19:29:00 POLARIS_LOG {"event":"send_rate","rate":304000,"ts":1760556540.1927752}
2025/10/15 19:29:01 POLARIS_LOG {"event":"send_rate","rate":296000,"ts":1760556541.1924212}
2025/10/15 19:29:02 POLARIS_LOG {"event":"send_rate","rate":304000,"ts":1760556542.1983457}
2025/10/15 19:29:03 POLARIS_LOG {"event":"send_rate","rate":296000,"ts":1760556543.192907}
2025/10/15 19:29:04 POLARIS_LOG {"event":"send_rate","rate":304000,"ts":1760556544.1919918}
2025/10/15 19:29:05 POLARIS_LOG {"event":"send_rate","rate":296000,"ts":1760556545.193306}
2025/10/15 19:29:06 POLARIS_LOG {"event":"send_rate","rate":304000,"ts":1760556546.1926978}
2025/10/15 19:29:07 POLARIS_LOG {"event":"send_rate","rate":296000,"ts":1760556547.192738}
2025/10/15 19:29:08 POLARIS_LOG {"event":"send_rate","rate":304000,"ts":1760556548.1929839}
2025/10/15 19:29:09 POLARIS_LOG {"event":"send_rate","rate":296000,"ts":1760556549.1925974}
2025/10/15 19:29:10 POLARIS_LOG {"event":"send_rate","rate":304000,"ts":1760556550.1945524}
2025/10/15 19:29:11 POLARIS_LOG {"event":"send_rate","rate":296000,"ts":1760556551.1934438}
2025/10/15 19:29:12 POLARIS_LOG {"event":"send_rate","rate":304000,"ts":1760556552.1925507}
2025/10/15 19:29:13 POLARIS_LOG {"event":"send_rate","rate":296000,"ts":1760556553.1924195}
2025/10/15 19:29:14 POLARIS_LOG {"event":"send_rate","rate":304000,"ts":1760556554.1925998}
2025/10/15 19:29:15 POLARIS_LOG {"event":"send_rate","rate":296000,"ts":1760556555.19276}
2025/10/15 19:29:16 POLARIS_LOG {"event":"send_rate","rate":304000,"ts":1760556556.1938064}
2025/10/15 19:29:17 POLARIS_LOG {"event":"send_rate","rate":296000,"ts":1760556557.1931906}
2025/10/15 19:29:18 POLARIS_LOG {"event":"send_rate","rate":304000,"ts":1760556558.2018397}
2025/10/15 19:29:19 POLARIS_LOG {"event":"send_rate","rate":296000,"ts":1760556559.1962311}
2025/10/15 19:29:20 POLARIS_LOG {"event":"send_rate","rate":304000,"ts":1760556560.192524}
2025/10/15 19:29:21 POLARIS_LOG {"event":"send_rate","rate":296000,"ts":1760556561.1947043}
2025/10/15 19:29:22 POLARIS_LOG {"event":"send_rate","rate":304000,"ts":1760556562.1950676}
2025/10/15 19:29:23 POLARIS_LOG {"event":"send_rate","rate":296000,"ts":1760556563.1941411}
2025/10/15 19:29:24 POLARIS_LOG {"event":"send_rate","rate":304000,"ts":1760556564.1920156}
2025/10/15 19:29:25 POLARIS_LOG {"event":"send_rate","rate":296000,"ts":1760556565.1943624}
2025/10/15 19:29:26 POLARIS_LOG {"event":"send_rate","rate":304000,"ts":1760556566.1932936}
2025/10/15 19:29:27 POLARIS_LOG {"event":"send_rate","rate":296000,"ts":1760556567.2027025}
2025/10/15 19:29:28 POLARIS_LOG {"event":"send_rate","rate":192000,"ts":1760556568.1933017}
2025/10/15 19:29:29 POLARIS_LOG {"event":"send_rate","rate":216000,"ts":1760556569.1948495}
2025/10/15 19:29:30 POLARIS_LOG {"event":"send_rate","rate":216000,"ts":1760556570.193244}
2025/10/15 19:29:31 POLARIS_LOG {"event":"send_rate","rate":152000,"ts":1760556571.1926675}
2025/10/15 19:29:32 POLARIS_LOG {"event":"send_rate","rate":112000,"ts":1760556572.1925793}
2025/10/15 19:29:33 POLARIS_LOG {"event":"send_rate","rate":136000,"ts":1760556573.193387}
2025/10/15 19:29:34 POLARIS_LOG {"event":"send_rate","rate":160000,"ts":1760556574.1933467}
2025/10/15 19:29:35 POLARIS_LOG {"event":"send_rate","rate":184000,"ts":1760556575.1943977}
2025/10/15 19:29:36 POLARIS_LOG {"event":"send_rate","rate":152000,"ts":1760556576.1941962}
2025/10/15 19:29:37 POLARIS_LOG {"event":"send_rate","rate":96000,"ts":1760556577.1952724}
2025/10/15 19:29:37 POLARIS_LOG {"candidates":9,"candidates_unfiltered":14,"current_rate":96000,"estimated_share":666500,"event":"path_switch","max_estimated_share":666500,"new":"4 4 1 1","old":"7 7","trigger":"scheduled","ts":1760556577.1952956}
2025/10/15 19:29:38 POLARIS_LOG {"event":"send_rate","rate":1680000,"ts":1760556578.1922827}
2025/10/15 19:29:39 POLARIS_LOG {"event":"send_rate","rate":304000,"ts":1760556579.1952765}
2025/10/15 19:29:40 POLARIS_LOG {"event":"send_rate","rate":296000,"ts":1760556580.1927688}
2025/10/15 19:29:41 POLARIS_LOG {"event":"send_rate","rate":304000,"ts":1760556581.1935854}
2025/10/15 19:29:42 POLARIS_LOG {"event":"send_rate","rate":304000,"ts":1760556582.196426}
2025/10/15 19:29:43 POLARIS_LOG {"event":"send_rate","rate":296000,"ts":1760556583.1927776}
2025/10/15 19:29:44 POLARIS_LOG {"event":"send_rate","rate":304000,"ts":1760556584.1956377}
2025/10/15 19:29:45 POLARIS_LOG {"event":"send_rate","rate":296000,"ts":1760556585.192302}
2025/10/15 19:29:46 POLARIS_LOG {"event":"send_rate","rate":296000,"ts":1760556586.1929991}
2025/10/15 19:29:47 POLARIS_LOG {"event":"send_rate","rate":304000,"ts":1760556587.1928709}
2025/10/15 19:29:48 POLARIS_LOG {"event":"send_rate","rate":296000,"ts":1760556588.19287}
2025/10/15 19:29:49 POLARIS_LOG {"event":"send_rate","rate":304000,"ts":1760556589.1939478}
2025/10/15 19:29:50 POLARIS_LOG {"event":"send_rate","rate":304000,"ts":1760556590.1945724}
2025/10/15 19:29:51 POLARIS_LOG {"event":"send_rate","rate":296000,"ts":1760556591.195108}
2025/10/15 19:29:52 POLARIS_LOG {"event":"send_rate","rate":304000,"ts":1760556592.1947126}
2025/10/15 19:29:53 POLARIS_LOG {"event":"send_rate","rate":296000,"ts":1760556593.1942227}
2025/10/15 19:29:54 POLARIS_LOG {"event":"send_rate","rate":296000,"ts":1760556594.1920483}
2025/10/15 19:29:55 POLARIS_LOG {"event":"send_rate","rate":304000,"ts":1760556595.1924777}
2025/10/15 19:29:56 POLARIS_LOG {"event":"send_rate","rate":296000,"ts":1760556596.1944368}
2025/10/15 19:29:57 POLARIS_LOG {"event":"send_rate","rate":304000,"ts":1760556597.193964}
2025/10/15 19:29:58 POLARIS_LOG {"event":"send_rate","rate":296000,"ts":1760556598.1931531}
2025/10/15 19:29:59 POLARIS_LOG {"event":"send_rate","rate":304000,"ts":1760556599.1947668}
2025/10/15 19:30:00 POLARIS_LOG {"event":"send_rate","rate":296000,"ts":1760556600.1923757}
2025/10/15 19:30:01 POLARIS_LOG {"event":"send_rate","rate":304000,"ts":1760556601.1944823}
2025/10/15 19:30:02 POLARIS_LOG {"event":"send_rate","rate":296000,"ts":1760556602.1924953}
2025/10/15 19:30:03 POLARIS_LOG {"event":"send_rate","rate":304000,"ts":1760556603.193902}
2025/10/15 19:30:04 POLARIS_LOG {"event":"send_rate","rate":296000,"ts":1760556604.1942077}
2025/10/15 19:30:05 POLARIS_LOG {"event":"send_rate","rate":304000,"ts":1760556605.1928415}
2025/10/15 19:30:06 POLARIS_LOG {"event":"send_rate","rate":296000,"ts":1760556606.1930473}
2025/10/15 19:30:07 POLARIS_LOG {"event":"send_rate","rate":304000,"ts":1760556607.1926339}
2025/10/15 19:30:08 POLARIS_LOG {"event":"send_rate","rate":296000,"ts":1760556608.1921265}
2025/10/15 19:30:09 POLARIS_LOG {"event":"send_rate","rate":304000,"ts":1760556609.1932704}
2025/10/15 19:30:10 POLARIS_LOG {"event":"send_rate","rate":296000,"ts":1760556610.1924121}
2025/10/15 19:30:11 POLARIS_LOG {"event":"send_rate","rate":304000,"ts":1760556611.1927688}
2025/10/15 19:30:12 POLARIS_LOG {"event":"send_rate","rate":296000,"ts":1760556612.1928732}
2025/10/15 19:30:13 POLARIS_LOG {"event":"send_rate","rate":304000,"ts":1760556613.1928046}
2025/10/15 19:30:14 POLARIS_LOG {"event":"send_rate","rate":296000,"ts":1760556614.2025213}
2025/10/15 19:30:15 POLARIS_LOG {"event":"send_rate","rate":304000,"ts":1760556615.1928744}
2025/10/15 19:30:16 POLARIS_LOG {"event":"send_rate","rate":296000,"ts":1760556616.1940398}
2025/10/15 19:30:17 POLARIS_LOG {"event":"send_rate","rate":304000,"ts":1760556617.1950858}
2025/10/15 19:30:18 POLARIS_LOG {"event":"send_rate","rate":296000,"ts":1760556618.1921165}
2025/10/15 19:30:19 POLARIS_LOG {"event":"send_rate","rate":304000,"ts":1760556619.1940563}
2025/10/15 19:30:20 POLARIS_LOG {"event":"send_rate","rate":296000,"ts":1760556620.1955504}
2025/10/15 19:30:21 POLARIS_LOG {"event":"send_rate","rate":304000,"ts":1760556621.1937408}
2025/10/15 19:30:22 POLARIS_LOG {"event":"send_rate","rate":296000,"ts":1760556622.1923578}
2025/10/15 19:30:23 POLARIS_LOG {"event":"send_rate","rate":304000,"ts":1760556623.1920428}
2025/10/15 19:30:24 POLARIS_LOG {"event":"send_rate","rate":296000,"ts":1760556624.1922867}
2025/10/15 19:30:25 POLARIS_LOG {"event":"send_rate","rate":304000,"ts":1760556625.1928713}
2025/10/15 19:30:26 POLARIS_LOG {"event":"send_rate","rate":296000,"ts":1760556626.1946235}
2025/10/15 19:30:27 POLARIS_LOG {"event":"send_rate","rate":304000,"ts":1760556627.1936014}
2025/10/15 19:30:28 POLARIS_LOG {"event":"send_rate","rate":304000,"ts":1760556628.1996968}
2025/10/15 19:30:29 POLARIS_LOG {"event":"send_rate","rate":296000,"ts":1760556629.193575}
2025/10/15 19:30:30 POLARIS_LOG {"event":"send_rate","rate":296000,"ts":1760556630.1933339}
2025/10/15 19:30:31 POLARIS_LOG {"event":"send_rate","rate":304000,"ts":1760556631.1953301}
2025/10/15 19:30:32 POLARIS_LOG {"event":"send_rate","rate":304000,"ts":1760556632.204525}
2025/10/15 19:30:33 POLARIS_LOG {"event":"send_rate","rate":296000,"ts":1760556633.1950405}
2025/10/15 19:30:34 POLARIS_LOG {"event":"send_rate","rate":296000,"ts":1760556634.1924071}
2025/10/15 19:30:35 POLARIS_LOG {"event":"send_rate","rate":304000,"ts":1760556635.200999}
2025/10/15 19:30:36 POLARIS_LOG {"event":"send_rate","rate":296000,"ts":1760556636.1929786}
2025/10/15 19:30:37 POLARIS_LOG {"event":"send_rate","rate":304000,"ts":1760556637.1921735}
2025/10/15 19:30:38 POLARIS_LOG {"event":"send_rate","rate":296000,"ts":1760556638.1947246}
2025/10/15 19:30:39 POLARIS_LOG {"event":"send_rate","rate":304000,"ts":1760556639.1973128}
2025/10/15 19:30:40 POLARIS_LOG {"event":"send_rate","rate":296000,"ts":1760556640.1928039}
2025/10/15 19:30:41 POLARIS_LOG {"event":"send_rate","rate":304000,"ts":1760556641.1930032}
2025/10/15 19:30:42 POLARIS_LOG {"event":"send_rate","rate":296000,"ts":1760556642.204782}
2025/10/15 19:30:43 POLARIS_LOG {"event":"send_rate","rate":304000,"ts":1760556643.192878}
2025/10/15 19:30:44 POLARIS_LOG {"event":"send_rate","rate":296000,"ts":1760556644.1927555}
2025/10/15 19:30:45 POLARIS_LOG {"event":"send_rate","rate":304000,"ts":1760556645.1927233}
2025/10/15 19:30:46 POLARIS_LOG {"event":"send_rate","rate":296000,"ts":1760556646.2015321}
2025/10/15 19:30:47 POLARIS_LOG {"event":"send_rate","rate":296000,"ts":1760556647.1940212}
2025/10/15 19:30:48 POLARIS_LOG {"event":"send_rate","rate":304000,"ts":1760556648.193835}
2025/10/15 19:30:49 POLARIS_LOG {"event":"send_rate","rate":304000,"ts":1760556649.1925237}
2025/10/15 19:30:50 POLARIS_LOG {"event":"send_rate","rate":296000,"ts":1760556650.1935048}
2025/10/15 19:30:51 POLARIS_LOG {"event":"send_rate","rate":304000,"ts":1760556651.2036812}
2025/10/15 19:30:52 POLARIS_LOG {"event":"send_rate","rate":296000,"ts":1760556652.1968205}
2025/10/15 19:30:53 POLARIS_LOG {"event":"send_rate","rate":304000,"ts":1760556653.1937869}
2025/10/15 19:30:54 POLARIS_LOG {"event":"send_rate","rate":296000,"ts":1760556654.1930158}
2025/10/15 19:30:55 POLARIS_LOG {"event":"send_rate","rate":304000,"ts":1760556655.1943266}
2025/10/15 19:30:56 POLARIS_LOG {"event":"send_rate","rate":296000,"ts":1760556656.1934383}
2025/10/15 19:30:57 POLARIS_LOG {"event":"send_rate","rate":304000,"ts":1760556657.1958165}
2025/10/15 19:30:58 POLARIS_LOG {"event":"send_rate","rate":296000,"ts":1760556658.19385}
2025/10/15 19:30:59 POLARIS_LOG {"event":"send_rate","rate":304000,"ts":1760556659.1926181}
2025/10/15 19:31:00 POLARIS_LOG {"event":"send_rate","rate":296000,"ts":1760556660.1924994}
2025/10/15 19:31:01 POLARIS_LOG {"event":"send_rate","rate":304000,"ts":1760556661.1922684}
2025/10/15 19:31:02 POLARIS_LOG {"event":"send_rate","rate":296000,"ts":1760556662.192564}
2025/10/15 19:31:03 POLARIS_LOG {"event":"send_rate","rate":304000,"ts":1760556663.193394}
2025/10/15 19:31:04 POLARIS_LOG {"event":"send_rate","rate":296000,"ts":1760556664.1957679}
2025/10/15 19:31:05 POLARIS_LOG {"event":"send_rate","rate":304000,"ts":1760556665.1928449}
2025/10/15 19:31:06 POLARIS_LOG {"event":"send_rate","rate":296000,"ts":1760556666.1988683}
2025/10/15 19:31:07 POLARIS_LOG {"event":"send_rate","rate":296000,"ts":1760556667.192136}
2025/10/15 19:31:08 POLARIS_LOG {"event":"send_rate","rate":304000,"ts":1760556668.1941538}
2025/10/15 19:31:09 POLARIS_LOG {"event":"send_rate","rate":296000,"ts":1760556669.1929429}
2025/10/15 19:31:10 POLARIS_LOG {"event":"send_rate","rate":304000,"ts":1760556670.1923525}
2025/10/15 19:31:11 POLARIS_LOG {"event":"send_rate","rate":296000,"ts":1760556671.194747}
2025/10/15 19:31:12 POLARIS_LOG {"event":"send_rate","rate":304000,"ts":1760556672.1929228}
2025/10/15 19:31:13 POLARIS_LOG {"event":"send_rate","rate":296000,"ts":1760556673.1936038}
2025/10/15 19:31:14 POLARIS_LOG {"event":"send_rate","rate":304000,"ts":1760556674.1930268}
2025/10/15 19:31:15 POLARIS_LOG {"event":"send_rate","rate":304000,"ts":1760556675.193938}
2025/10/15 19:31:16 POLARIS_LOG {"event":"send_rate","rate":296000,"ts":1760556676.1928916}
2025/10/15 19:31:17 POLARIS_LOG {"event":"send_rate","rate":296000,"ts":1760556677.1942425}
2025/10/15 19:31:18 POLARIS_LOG {"event":"send_rate","rate":304000,"ts":1760556678.1927927}
2025/10/15 19:31:19 POLARIS_LOG {"event":"send_rate","rate":296000,"ts":1760556679.192481}
2025/10/15 19:31:20 POLARIS_LOG {"event":"send_rate","rate":304000,"ts":1760556680.198165}
2025/10/15 19:31:21 POLARIS_LOG {"event":"send_rate","rate":296000,"ts":1760556681.1971846}
2025/10/15 19:31:22 POLARIS_LOG {"event":"send_rate","rate":304000,"ts":1760556682.1927085}
2025/10/15 19:31:23 POLARIS_LOG {"event":"send_rate","rate":296000,"ts":1760556683.1935678}
2025/10/15 19:31:24 POLARIS_LOG {"event":"send_rate","rate":304000,"ts":1760556684.1952918}
2025/10/15 19:31:25 POLARIS_LOG {"event":"send_rate","rate":304000,"ts":1760556685.199169}
2025/10/15 19:31:26 POLARIS_LOG {"event":"send_rate","rate":296000,"ts":1760556686.1944942}
2025/10/15 19:31:27 POLARIS_LOG {"event":"send_rate","rate":296000,"ts":1760556687.1928139}
2025/10/15 19:31:28 POLARIS_LOG {"event":"send_rate","rate":304000,"ts":1760556688.1935291}
2025/10/15 19:31:29 POLARIS_LOG {"event":"send_rate","rate":296000,"ts":1760556689.1932142}
2025/10/15 19:31:30 POLARIS_LOG {"event":"send_rate","rate":304000,"ts":1760556690.1927586}
2025/10/15 19:31:31 POLARIS_LOG {"event":"send_rate","rate":296000,"ts":1760556691.19259}
2025/10/15 19:31:32 POLARIS_LOG {"event":"send_rate","rate":304000,"ts":1760556692.1942863}
2025/10/15 19:31:33 POLARIS_LOG {"event":"send_rate","rate":296000,"ts":1760556693.2021868}
2025/10/15 19:31:34 POLARIS_LOG {"event":"send_rate","rate":304000,"ts":1760556694.1930647}
2025/10/15 19:31:35 POLARIS_LOG {"event":"send_rate","rate":296000,"ts":1760556695.1931586}
2025/10/15 19:31:36 POLARIS_LOG {"event":"send_rate","rate":304000,"ts":1760556696.1927872}
2025/10/15 19:31:37 POLARIS_LOG {"event":"send_rate","rate":296000,"ts":1760556697.1929483}
2025/10/15 19:31:38 POLARIS_LOG {"event":"send_rate","rate":304000,"ts":1760556698.1930547}
2025/10/15 19:31:39 POLARIS_LOG {"event":"send_rate","rate":296000,"ts":1760556699.1936512}
2025/10/15 19:31:40 POLARIS_LOG {"event":"send_rate","rate":304000,"ts":1760556700.195269}
2025/10/15 19:31:41 POLARIS_LOG {"event":"send_rate","rate":296000,"ts":1760556701.1931515}
2025/10/15 19:31:42 POLARIS_LOG {"event":"send_rate","rate":304000,"ts":1760556702.1925082}
2025/10/15 19:31:43 POLARIS_LOG {"event":"send_rate","rate":296000,"ts":1760556703.1930819}
2025/10/15 19:31:44 POLARIS_LOG {"event":"send_rate","rate":304000,"ts":1760556704.195529}
2025/10/15 19:31:45 POLARIS_LOG {"event":"send_rate","rate":296000,"ts":1760556705.200563}
2025/10/15 19:31:46 POLARIS_LOG {"event":"send_rate","rate":304000,"ts":1760556706.192746}
2025/10/15 19:31:47 POLARIS_LOG {"event":"send_rate","rate":296000,"ts":1760556707.193716}
2025/10/15 19:31:48 POLARIS_LOG {"event":"send_rate","rate":304000,"ts":1760556708.1935093}
2025/10/15 19:31:49 POLARIS_LOG {"event":"send_rate","rate":296000,"ts":1760556709.1924975}
2025/10/15 19:31:50 POLARIS_LOG {"event":"send_rate","rate":304000,"ts":1760556710.2153442}
2025/10/15 19:31:51 POLARIS_LOG {"event":"send_rate","rate":304000,"ts":1760556711.202732}
2025/10/15 19:31:52 POLARIS_LOG {"event":"send_rate","rate":296000,"ts":1760556712.1938772}
2025/10/15 19:31:53 POLARIS_LOG {"event":"send_rate","rate":296000,"ts":1760556713.1930032}
2025/10/15 19:31:54 POLARIS_LOG {"event":"send_rate","rate":304000,"ts":1760556714.192826}
2025/10/15 19:31:55 POLARIS_LOG {"event":"send_rate","rate":296000,"ts":1760556715.192154}
2025/10/15 19:31:56 POLARIS_LOG {"event":"send_rate","rate":304000,"ts":1760556716.1929555}
2025/10/15 19:31:57 POLARIS_LOG {"event":"send_rate","rate":296000,"ts":1760556717.1921654}
2025/10/15 19:31:58 POLARIS_LOG {"event":"send_rate","rate":304000,"ts":1760556718.1923394}
2025/10/15 19:31:59 POLARIS_LOG {"event":"send_rate","rate":296000,"ts":1760556719.195002}
2025/10/15 19:32:00 POLARIS_LOG {"event":"send_rate","rate":304000,"ts":1760556720.1935477}
2025/10/15 19:32:01 POLARIS_LOG {"event":"send_rate","rate":296000,"ts":1760556721.1926537}
2025/10/15 19:32:02 POLARIS_LOG {"event":"send_rate","rate":304000,"ts":1760556722.1926143}
2025/10/15 19:32:03 POLARIS_LOG {"event":"send_rate","rate":296000,"ts":1760556723.1932209}
2025/10/15 19:32:04 POLARIS_LOG {"event":"send_rate","rate":304000,"ts":1760556724.1929536}
2025/10/15 19:32:05 POLARIS_LOG {"event":"send_rate","rate":296000,"ts":1760556725.1929257}
2025/10/15 19:32:06 POLARIS_LOG {"event":"send_rate","rate":304000,"ts":1760556726.1951323}
2025/10/15 19:32:07 POLARIS_LOG {"event":"send_rate","rate":296000,"ts":1760556727.19408}
2025/10/15 19:32:08 POLARIS_LOG {"event":"send_rate","rate":304000,"ts":1760556728.195008}
2025/10/15 19:32:09 POLARIS_LOG {"event":"send_rate","rate":296000,"ts":1760556729.197403}
2025/10/15 19:32:10 POLARIS_LOG {"event":"send_rate","rate":304000,"ts":1760556730.1949482}
2025/10/15 19:32:11 POLARIS_LOG {"event":"send_rate","rate":296000,"ts":1760556731.192142}
2025/10/15 19:32:12 POLARIS_LOG {"event":"send_rate","rate":304000,"ts":1760556732.1936395}
2025/10/15 19:32:13 POLARIS_LOG {"event":"send_rate","rate":296000,"ts":1760556733.193933}
2025/10/15 19:32:14 POLARIS_LOG {"event":"send_rate","rate":304000,"ts":1760556734.1924844}
2025/10/15 19:32:15 POLARIS_LOG {"event":"send_rate","rate":296000,"ts":1760556735.1966882}
2025/10/15 19:32:16 POLARIS_LOG {"event":"send_rate","rate":304000,"ts":1760556736.2108178}
2025/10/15 19:32:17 POLARIS_LOG {"event":"send_rate","rate":296000,"ts":1760556737.1946728}
2025/10/15 19:32:18 POLARIS_LOG {"event":"send_rate","rate":304000,"ts":1760556738.1945002}
2025/10/15 19:32:19 POLARIS_LOG {"event":"send_rate","rate":296000,"ts":1760556739.1993763}
2025/10/15 19:32:20 POLARIS_LOG {"event":"send_rate","rate":304000,"ts":1760556740.1955307}
2025/10/15 19:32:21 POLARIS_LOG {"event":"send_rate","rate":296000,"ts":1760556741.1929972}
2025/10/15 19:32:22 POLARIS_LOG {"event":"send_rate","rate":304000,"ts":1760556742.1991632}
2025/10/15 19:32:23 POLARIS_LOG {"event":"send_rate","rate":296000,"ts":1760556743.192464}
2025/10/15 19:32:24 POLARIS_LOG {"event":"send_rate","rate":304000,"ts":1760556744.1948435}
2025/10/15 19:32:25 POLARIS_LOG {"event":"send_rate","rate":296000,"ts":1760556745.1960514}
2025/10/15 19:32:26 POLARIS_LOG {"event":"send_rate","rate":304000,"ts":1760556746.1919923}
2025/10/15 19:32:27 POLARIS_LOG {"event":"send_rate","rate":296000,"ts":1760556747.1954772}
2025/10/15 19:32:28 POLARIS_LOG {"event":"send_rate","rate":304000,"ts":1760556748.1946406}
2025/10/15 19:32:29 POLARIS_LOG {"event":"send_rate","rate":296000,"ts":1760556749.1928132}
2025/10/15 19:32:30 POLARIS_LOG {"event":"send_rate","rate":304000,"ts":1760556750.1922557}
2025/10/15 19:32:31 POLARIS_LOG {"event":"send_rate","rate":296000,"ts":1760556751.1926744}
2025/10/15 19:32:32 POLARIS_LOG {"event":"send_rate","rate":296000,"ts":1760556752.193707}
2025/10/15 19:32:33 POLARIS_LOG {"event":"send_rate","rate":304000,"ts":1760556753.1965432}
2025/10/15 19:32:34 POLARIS_LOG {"event":"send_rate","rate":296000,"ts":1760556754.1939752}
2025/10/15 19:32:35 POLARIS_LOG {"event":"send_rate","rate":304000,"ts":1760556755.193979}
2025/10/15 19:32:36 POLARIS_LOG {"event":"send_rate","rate":296000,"ts":1760556756.1943884}
2025/10/15 19:32:37 POLARIS_LOG {"event":"send_rate","rate":304000,"ts":1760556757.1928666}
2025/10/15 19:32:38 POLARIS_LOG {"event":"send_rate","rate":304000,"ts":1760556758.1980577}
2025/10/15 19:32:39 POLARIS_LOG {"event":"send_rate","rate":296000,"ts":1760556759.19228}
2025/10/15 19:32:40 POLARIS_LOG {"event":"send_rate","rate":304000,"ts":1760556760.194925}
2025/10/15 19:32:41 POLARIS_LOG {"event":"send_rate","rate":296000,"ts":1760556761.1931255}
2025/10/15 19:32:42 POLARIS_LOG {"event":"send_rate","rate":304000,"ts":1760556762.2074406}
2025/10/15 19:32:43 POLARIS_LOG {"event":"send_rate","rate":296000,"ts":1760556763.1927848}
2025/10/15 19:32:44 POLARIS_LOG {"event":"send_rate","rate":304000,"ts":1760556764.1983514}
2025/10/15 19:32:45 POLARIS_LOG {"event":"send_rate","rate":296000,"ts":1760556765.196913}
2025/10/15 19:32:46 POLARIS_LOG {"event":"send_rate","rate":296000,"ts":1760556766.1936834}
2025/10/15 19:32:47 POLARIS_LOG {"event":"send_rate","rate":304000,"ts":1760556767.1932266}
2025/10/15 19:32:48 POLARIS_LOG {"event":"send_rate","rate":304000,"ts":1760556768.1956506}
2025/10/15 19:32:49 POLARIS_LOG {"event":"send_rate","rate":296000,"ts":1760556769.194781}
2025/10/15 19:32:50 POLARIS_LOG {"event":"send_rate","rate":296000,"ts":1760556770.1956487}
2025/10/15 19:32:51 POLARIS_LOG {"event":"send_rate","rate":304000,"ts":1760556771.1944628}
2025/10/15 19:32:52 POLARIS_LOG {"event":"send_rate","rate":296000,"ts":1760556772.1929011}
2025/10/15 19:32:53 POLARIS_LOG {"event":"send_rate","rate":304000,"ts":1760556773.192823}
2025/10/15 19:32:54 POLARIS_LOG {"event":"send_rate","rate":296000,"ts":1760556774.1920717}
2025/10/15 19:32:55 POLARIS_LOG {"event":"send_rate","rate":320000,"ts":1760556775.2393048}
2025/10/15 19:32:56 POLARIS_LOG {"event":"send_rate","rate":288000,"ts":1760556776.193262}
2025/10/15 19:32:57 POLARIS_LOG {"event":"send_rate","rate":296000,"ts":1760556777.1920383}
2025/10/15 19:32:58 POLARIS_LOG {"event":"send_rate","rate":296000,"ts":1760556778.1942353}
2025/10/15 19:32:59 POLARIS_LOG {"event":"send_rate","rate":304000,"ts":1760556779.1937366}
2025/10/15 19:33:00 POLARIS_LOG {"event":"send_rate","rate":296000,"ts":1760556780.1939147}
2025/10/15 19:33:01 POLARIS_LOG {"event":"send_rate","rate":304000,"ts":1760556781.1964934}
2025/10/15 19:33:02 POLARIS_LOG {"event":"send_rate","rate":296000,"ts":1760556782.19412}
2025/10/15 19:33:03 POLARIS_LOG {"event":"send_rate","rate":304000,"ts":1760556783.194477}
2025/10/15 19:33:04 POLARIS_LOG {"event":"send_rate","rate":304000,"ts":1760556784.195536}
2025/10/15 19:33:05 POLARIS_LOG {"event":"send_rate","rate":296000,"ts":1760556785.1943922}
2025/10/15 19:33:06 POLARIS_LOG {"event":"send_rate","rate":304000,"ts":1760556786.2032044}
2025/10/15 19:33:07 POLARIS_LOG {"event":"send_rate","rate":296000,"ts":1760556787.192763}
2025/10/15 19:33:08 POLARIS_LOG {"event":"send_rate","rate":296000,"ts":1760556788.193836}
2025/10/15 19:33:09 POLARIS_LOG {"event":"send_rate","rate":304000,"ts":1760556789.1928968}
2025/10/15 19:33:10 POLARIS_LOG {"event":"send_rate","rate":296000,"ts":1760556790.1988282}
2025/10/15 19:33:11 POLARIS_LOG {"event":"send_rate","rate":304000,"ts":1760556791.192142}
2025/10/15 19:33:12 POLARIS_LOG {"event":"send_rate","rate":296000,"ts":1760556792.1923099}
2025/10/15 19:33:13 POLARIS_LOG {"event":"send_rate","rate":304000,"ts":1760556793.197239}
2025/10/15 19:33:14 POLARIS_LOG {"event":"send_rate","rate":296000,"ts":1760556794.1924503}
2025/10/15 19:33:15 POLARIS_LOG {"event":"send_rate","rate":304000,"ts":1760556795.197072}
2025/10/15 19:33:16 POLARIS_LOG {"event":"send_rate","rate":296000,"ts":1760556796.1929116}
2025/10/15 19:33:17 POLARIS_LOG {"event":"send_rate","rate":304000,"ts":1760556797.1919913}
2025/10/15 19:33:18 POLARIS_LOG {"event":"send_rate","rate":304000,"ts":1760556798.2022185}
2025/10/15 19:33:19 POLARIS_LOG {"event":"send_rate","rate":296000,"ts":1760556799.193547}
2025/10/15 19:33:20 POLARIS_LOG {"event":"send_rate","rate":296000,"ts":1760556800.1931417}
2025/10/15 19:33:21 POLARIS_LOG {"event":"send_rate","rate":304000,"ts":1760556801.1931865}
2025/10/15 19:33:22 POLARIS_LOG {"event":"send_rate","rate":296000,"ts":1760556802.1928935}
2025/10/15 19:33:23 POLARIS_LOG {"event":"send_rate","rate":304000,"ts":1760556803.1921618}
2025/10/15 19:33:24 POLARIS_LOG {"event":"send_rate","rate":296000,"ts":1760556804.1934588}
2025/10/15 19:33:25 POLARIS_LOG {"event":"send_rate","rate":304000,"ts":1760556805.1927598}
2025/10/15 19:33:26 POLARIS_LOG {"event":"send_rate","rate":296000,"ts":1760556806.192062}
2025/10/15 19:33:27 POLARIS_LOG {"event":"send_rate","rate":304000,"ts":1760556807.1942647}
2025/10/15 19:33:28 POLARIS_LOG {"event":"send_rate","rate":296000,"ts":1760556808.1935103}
2025/10/15 19:33:29 POLARIS_LOG {"event":"send_rate","rate":304000,"ts":1760556809.19345}
2025/10/15 19:33:30 POLARIS_LOG {"event":"send_rate","rate":296000,"ts":1760556810.192745}
2025/10/15 19:33:31 POLARIS_LOG {"event":"send_rate","rate":304000,"ts":1760556811.1965263}
2025/10/15 19:33:32 POLARIS_LOG {"event":"send_rate","rate":296000,"ts":1760556812.1927547}
2025/10/15 19:33:33 POLARIS_LOG {"event":"send_rate","rate":304000,"ts":1760556813.192503}
2025/10/15 19:33:34 POLARIS_LOG {"event":"send_rate","rate":296000,"ts":1760556814.1920042}
We need to sleep for 1 seconds before we can get the results
2025/10/15 19:33:35 POLARIS_LOG {"event":"send_rate","rate":8000,"ts":1760556815.1927311}
Drain Loop received packet
Drain Loop received non-nil payload
Client sent 11137 packets, server reported 11121 packets received
The network loss rate from client to server is 0.1%

S->C results
Attempted bandwidth: 0 bps / 0.00 Mbps
Achieved bandwidth: 0 bps / 0.00 Mbps
Loss rate: 0.0%
Interarrival time min/avg/max/mdev = -0.000/0.000/0.000/0.000 ms

C->S results
Attempted bandwidth: 299986 bps / 0.30 Mbps
Achieved bandwidth: 299555 bps / 0.30 Mbps
Loss rate: 0.1%
Interarrival time min/avg/max/mdev = 0.002/26.663/312.827/16.916 ms
