
Test parameters:
client->server: 285 seconds, 1000 bytes, 10687 packets
server->client: 285 seconds, 1000 bytes, 0 packets
2025/10/15 19:28:49 POLARIS_LOG {"current_rate":0,"event":"path_switch","new":"7 7","trigger":"initialization","ts":1760556529.143498}
Polaris prober initialized with 14 paths
Polaris prober initialized with local 1-114,10.114.0.71:32758 and remote 1-112,10.112.0.71
2025/10/15 19:28:50 POLARIS_LOG {"event":"send_rate","rate":304000,"ts":1760556530.1458924}
2025/10/15 19:28:51 POLARIS_LOG {"event":"send_rate","rate":296000,"ts":1760556531.1478696}
2025/10/15 19:28:52 POLARIS_LOG {"event":"send_rate","rate":304000,"ts":1760556532.1459844}
2025/10/15 19:28:53 POLARIS_LOG {"event":"send_rate","rate":296000,"ts":1760556533.144633}
2025/10/15 19:28:54 POLARIS_LOG {"event":"send_rate","rate":304000,"ts":1760556534.1440527}
2025/10/15 19:28:55 POLARIS_LOG {"event":"send_rate","rate":296000,"ts":1760556535.1441019}
2025/10/15 19:28:56 POLARIS_LOG {"event":"send_rate","rate":304000,"ts":1760556536.145014}
2025/10/15 19:28:57 POLARIS_LOG {"event":"send_rate","rate":296000,"ts":1760556537.1472747}
2025/10/15 19:28:58 POLARIS_LOG {"event":"send_rate","rate":304000,"ts":1760556538.1451333}
2025/10/15 19:28:59 POLARIS_LOG {"event":"send_rate","rate":296000,"ts":1760556539.1443365}
2025/10/15 19:29:00 POLARIS_LOG {"event":"send_rate","rate":304000,"ts":1760556540.1442585}
2025/10/15 19:29:01 POLARIS_LOG {"event":"send_rate","rate":296000,"ts":1760556541.147326}
2025/10/15 19:29:02 POLARIS_LOG {"event":"send_rate","rate":304000,"ts":1760556542.1441877}
2025/10/15 19:29:03 POLARIS_LOG {"event":"send_rate","rate":296000,"ts":1760556543.144651}
2025/10/15 19:29:04 POLARIS_LOG {"event":"send_rate","rate":304000,"ts":1760556544.145394}
2025/10/15 19:29:05 POLARIS_LOG {"event":"send_rate","rate":296000,"ts":1760556545.1449912}
2025/10/15 19:29:06 POLARIS_LOG {"event":"send_rate","rate":304000,"ts":1760556546.144725}
2025/10/15 19:29:07 POLARIS_LOG {"event":"send_rate","rate":296000,"ts":1760556547.1444287}
2025/10/15 19:29:08 POLARIS_LOG {"event":"send_rate","rate":304000,"ts":1760556548.1447983}
2025/10/15 19:29:09 POLARIS_LOG {"event":"send_rate","rate":296000,"ts":1760556549.1475866}
2025/10/15 19:29:10 POLARIS_LOG {"event":"send_rate","rate":304000,"ts":1760556550.1440578}
2025/10/15 19:29:11 POLARIS_LOG {"event":"send_rate","rate":296000,"ts":1760556551.1449172}
2025/10/15 19:29:12 POLARIS_LOG {"event":"send_rate","rate":296000,"ts":1760556552.1456418}
2025/10/15 19:29:13 POLARIS_LOG {"event":"send_rate","rate":304000,"ts":1760556553.1452045}
2025/10/15 19:29:14 POLARIS_LOG {"event":"send_rate","rate":304000,"ts":1760556554.1444263}
2025/10/15 19:29:15 POLARIS_LOG {"event":"send_rate","rate":296000,"ts":1760556555.144939}
2025/10/15 19:29:16 POLARIS_LOG {"event":"send_rate","rate":304000,"ts":1760556556.1442947}
2025/10/15 19:29:17 POLARIS_LOG {"event":"send_rate","rate":296000,"ts":1760556557.1441858}
2025/10/15 19:29:18 POLARIS_LOG {"event":"send_rate","rate":304000,"ts":1760556558.1447964}
2025/10/15 19:29:19 POLARIS_LOG {"event":"send_rate","rate":296000,"ts":1760556559.1446412}
2025/10/15 19:29:20 POLARIS_LOG {"event":"send_rate","rate":304000,"ts":1760556560.1446276}
2025/10/15 19:29:21 POLARIS_LOG {"event":"send_rate","rate":296000,"ts":1760556561.1457717}
2025/10/15 19:29:22 POLARIS_LOG {"event":"send_rate","rate":304000,"ts":1760556562.157556}
2025/10/15 19:29:23 POLARIS_LOG {"event":"send_rate","rate":296000,"ts":1760556563.1445255}
2025/10/15 19:29:24 POLARIS_LOG {"event":"send_rate","rate":304000,"ts":1760556564.1449609}
2025/10/15 19:29:25 POLARIS_LOG {"event":"send_rate","rate":296000,"ts":1760556565.1447983}
2025/10/15 19:29:26 POLARIS_LOG {"event":"send_rate","rate":304000,"ts":1760556566.1448228}
2025/10/15 19:29:27 POLARIS_LOG {"event":"send_rate","rate":296000,"ts":1760556567.1459208}
2025/10/15 19:29:28 POLARIS_LOG {"event":"send_rate","rate":296000,"ts":1760556568.1441977}
2025/10/15 19:29:29 POLARIS_LOG {"event":"send_rate","rate":184000,"ts":1760556569.1450143}
2025/10/15 19:29:30 POLARIS_LOG {"event":"send_rate","rate":104000,"ts":1760556570.14626}
2025/10/15 19:29:31 POLARIS_LOG {"event":"send_rate","rate":168000,"ts":1760556571.1448524}
2025/10/15 19:29:32 POLARIS_LOG {"event":"send_rate","rate":160000,"ts":1760556572.1455734}
2025/10/15 19:29:33 POLARIS_LOG {"event":"send_rate","rate":160000,"ts":1760556573.1440434}
2025/10/15 19:29:34 POLARIS_LOG {"event":"send_rate","rate":136000,"ts":1760556574.1458912}
2025/10/15 19:29:35 POLARIS_LOG {"event":"send_rate","rate":144000,"ts":1760556575.145252}
2025/10/15 19:29:36 POLARIS_LOG {"event":"send_rate","rate":168000,"ts":1760556576.1449883}
2025/10/15 19:29:37 POLARIS_LOG {"event":"send_rate","rate":320000,"ts":1760556577.1451526}
2025/10/15 19:29:38 POLARIS_LOG {"event":"send_rate","rate":248000,"ts":1760556578.1445007}
2025/10/15 19:29:39 POLARIS_LOG {"event":"send_rate","rate":440000,"ts":1760556579.1450517}
2025/10/15 19:29:40 POLARIS_LOG {"event":"send_rate","rate":432000,"ts":1760556580.1445348}
2025/10/15 19:29:41 POLARIS_LOG {"event":"send_rate","rate":560000,"ts":1760556581.1445837}
2025/10/15 19:29:42 POLARIS_LOG {"event":"send_rate","rate":872000,"ts":1760556582.1447446}
2025/10/15 19:29:43 POLARIS_LOG {"event":"send_rate","rate":408000,"ts":1760556583.1446712}
2025/10/15 19:29:44 POLARIS_LOG {"event":"send_rate","rate":296000,"ts":1760556584.144337}
2025/10/15 19:29:45 POLARIS_LOG {"event":"send_rate","rate":304000,"ts":1760556585.1449873}
2025/10/15 19:29:46 POLARIS_LOG {"event":"send_rate","rate":296000,"ts":1760556586.144722}
2025/10/15 19:29:47 POLARIS_LOG {"event":"send_rate","rate":304000,"ts":1760556587.1448693}
2025/10/15 19:29:48 POLARIS_LOG {"event":"send_rate","rate":296000,"ts":1760556588.1456416}
2025/10/15 19:29:49 POLARIS_LOG {"event":"send_rate","rate":304000,"ts":1760556589.1448338}
2025/10/15 19:29:50 POLARIS_LOG {"event":"send_rate","rate":296000,"ts":1760556590.1452463}
2025/10/15 19:29:51 POLARIS_LOG {"event":"send_rate","rate":304000,"ts":1760556591.1450741}
2025/10/15 19:29:52 POLARIS_LOG {"event":"send_rate","rate":296000,"ts":1760556592.1466525}
2025/10/15 19:29:53 POLARIS_LOG {"event":"send_rate","rate":304000,"ts":1760556593.1450143}
2025/10/15 19:29:54 POLARIS_LOG {"event":"send_rate","rate":296000,"ts":1760556594.1446605}
2025/10/15 19:29:55 POLARIS_LOG {"event":"send_rate","rate":304000,"ts":1760556595.144852}
2025/10/15 19:29:56 POLARIS_LOG {"event":"send_rate","rate":296000,"ts":1760556596.1462235}
2025/10/15 19:29:57 POLARIS_LOG {"event":"send_rate","rate":304000,"ts":1760556597.1454318}
2025/10/15 19:29:58 POLARIS_LOG {"event":"send_rate","rate":296000,"ts":1760556598.1446855}
2025/10/15 19:29:59 POLARIS_LOG {"event":"send_rate","rate":304000,"ts":1760556599.1440954}
2025/10/15 19:30:00 POLARIS_LOG {"event":"send_rate","rate":296000,"ts":1760556600.144723}
2025/10/15 19:30:01 POLARIS_LOG {"event":"send_rate","rate":304000,"ts":1760556601.1459358}
2025/10/15 19:30:02 POLARIS_LOG {"event":"send_rate","rate":296000,"ts":1760556602.1450496}
2025/10/15 19:30:03 POLARIS_LOG {"event":"send_rate","rate":304000,"ts":1760556603.145098}
2025/10/15 19:30:04 POLARIS_LOG {"event":"send_rate","rate":296000,"ts":1760556604.1457837}
2025/10/15 19:30:05 POLARIS_LOG {"event":"send_rate","rate":304000,"ts":1760556605.144898}
2025/10/15 19:30:06 POLARIS_LOG {"event":"send_rate","rate":296000,"ts":1760556606.14421}
2025/10/15 19:30:07 POLARIS_LOG {"event":"send_rate","rate":304000,"ts":1760556607.1444967}
2025/10/15 19:30:08 POLARIS_LOG {"event":"send_rate","rate":296000,"ts":1760556608.145644}
2025/10/15 19:30:09 POLARIS_LOG {"event":"send_rate","rate":296000,"ts":1760556609.144097}
2025/10/15 19:30:10 POLARIS_LOG {"event":"send_rate","rate":304000,"ts":1760556610.144766}
2025/10/15 19:30:11 POLARIS_LOG {"event":"send_rate","rate":304000,"ts":1760556611.1446238}
2025/10/15 19:30:12 POLARIS_LOG {"event":"send_rate","rate":304000,"ts":1760556612.1558607}
2025/10/15 19:30:13 POLARIS_LOG {"event":"send_rate","rate":296000,"ts":1760556613.1444447}
2025/10/15 19:30:14 POLARIS_LOG {"event":"send_rate","rate":296000,"ts":1760556614.1448953}
2025/10/15 19:30:15 POLARIS_LOG {"event":"send_rate","rate":304000,"ts":1760556615.144135}
2025/10/15 19:30:16 POLARIS_LOG {"event":"send_rate","rate":296000,"ts":1760556616.1453445}
2025/10/15 19:30:17 POLARIS_LOG {"event":"send_rate","rate":304000,"ts":1760556617.1448572}
2025/10/15 19:30:18 POLARIS_LOG {"event":"send_rate","rate":296000,"ts":1760556618.144627}
2025/10/15 19:30:19 POLARIS_LOG {"event":"send_rate","rate":304000,"ts":1760556619.1449816}
2025/10/15 19:30:20 POLARIS_LOG {"event":"send_rate","rate":304000,"ts":1760556620.164688}
2025/10/15 19:30:21 POLARIS_LOG {"event":"send_rate","rate":296000,"ts":1760556621.1462193}
2025/10/15 19:30:22 POLARIS_LOG {"event":"send_rate","rate":296000,"ts":1760556622.1453118}
2025/10/15 19:30:23 POLARIS_LOG {"event":"send_rate","rate":304000,"ts":1760556623.1453407}
2025/10/15 19:30:24 POLARIS_LOG {"event":"send_rate","rate":296000,"ts":1760556624.144352}
2025/10/15 19:30:25 POLARIS_LOG {"event":"send_rate","rate":304000,"ts":1760556625.148391}
2025/10/15 19:30:26 POLARIS_LOG {"event":"send_rate","rate":296000,"ts":1760556626.1463833}
2025/10/15 19:30:27 POLARIS_LOG {"event":"send_rate","rate":304000,"ts":1760556627.1449285}
2025/10/15 19:30:28 POLARIS_LOG {"event":"send_rate","rate":296000,"ts":1760556628.145022}
2025/10/15 19:30:29 POLARIS_LOG {"event":"send_rate","rate":304000,"ts":1760556629.145011}
2025/10/15 19:30:30 POLARIS_LOG {"event":"send_rate","rate":296000,"ts":1760556630.1444292}
2025/10/15 19:30:31 POLARIS_LOG {"event":"send_rate","rate":304000,"ts":1760556631.1454227}
2025/10/15 19:30:32 POLARIS_LOG {"event":"send_rate","rate":296000,"ts":1760556632.1441596}
2025/10/15 19:30:33 POLARIS_LOG {"event":"send_rate","rate":304000,"ts":1760556633.1448617}
2025/10/15 19:30:34 POLARIS_LOG {"event":"send_rate","rate":296000,"ts":1760556634.14454}
2025/10/15 19:30:35 POLARIS_LOG {"event":"send_rate","rate":304000,"ts":1760556635.1447358}
2025/10/15 19:30:36 POLARIS_LOG {"event":"send_rate","rate":296000,"ts":1760556636.1472654}
2025/10/15 19:30:37 POLARIS_LOG {"event":"send_rate","rate":304000,"ts":1760556637.144866}
2025/10/15 19:30:38 POLARIS_LOG {"event":"send_rate","rate":296000,"ts":1760556638.1440697}
2025/10/15 19:30:39 POLARIS_LOG {"event":"send_rate","rate":304000,"ts":1760556639.1468718}
2025/10/15 19:30:40 POLARIS_LOG {"event":"send_rate","rate":296000,"ts":1760556640.1440768}
2025/10/15 19:30:41 POLARIS_LOG {"event":"send_rate","rate":304000,"ts":1760556641.1448755}
2025/10/15 19:30:42 POLARIS_LOG {"event":"send_rate","rate":296000,"ts":1760556642.1445582}
2025/10/15 19:30:43 POLARIS_LOG {"event":"send_rate","rate":304000,"ts":1760556643.1449008}
2025/10/15 19:30:44 POLARIS_LOG {"event":"send_rate","rate":296000,"ts":1760556644.1450698}
2025/10/15 19:30:45 POLARIS_LOG {"event":"send_rate","rate":304000,"ts":1760556645.1452668}
2025/10/15 19:30:46 POLARIS_LOG {"event":"send_rate","rate":296000,"ts":1760556646.1460035}
2025/10/15 19:30:47 POLARIS_LOG {"event":"send_rate","rate":304000,"ts":1760556647.1442442}
2025/10/15 19:30:48 POLARIS_LOG {"event":"send_rate","rate":296000,"ts":1760556648.1512837}
2025/10/15 19:30:49 POLARIS_LOG {"event":"send_rate","rate":304000,"ts":1760556649.1443353}
2025/10/15 19:30:50 POLARIS_LOG {"event":"send_rate","rate":296000,"ts":1760556650.144311}
2025/10/15 19:30:51 POLARIS_LOG {"event":"send_rate","rate":296000,"ts":1760556651.1441107}
2025/10/15 19:30:52 POLARIS_LOG {"event":"send_rate","rate":304000,"ts":1760556652.1454012}
2025/10/15 19:30:53 POLARIS_LOG {"event":"send_rate","rate":296000,"ts":1760556653.1445804}
2025/10/15 19:30:54 POLARIS_LOG {"event":"send_rate","rate":304000,"ts":1760556654.145981}
2025/10/15 19:30:55 POLARIS_LOG {"event":"send_rate","rate":304000,"ts":1760556655.1471844}
2025/10/15 19:30:56 POLARIS_LOG {"event":"send_rate","rate":296000,"ts":1760556656.14648}
2025/10/15 19:30:57 POLARIS_LOG {"event":"send_rate","rate":304000,"ts":1760556657.1545749}
2025/10/15 19:30:58 POLARIS_LOG {"event":"send_rate","rate":296000,"ts":1760556658.1472864}
2025/10/15 19:30:59 POLARIS_LOG {"event":"send_rate","rate":304000,"ts":1760556659.1447148}
2025/10/15 19:31:00 POLARIS_LOG {"event":"send_rate","rate":296000,"ts":1760556660.1459534}
2025/10/15 19:31:01 POLARIS_LOG {"event":"send_rate","rate":304000,"ts":1760556661.1448536}
2025/10/15 19:31:02 POLARIS_LOG {"event":"send_rate","rate":296000,"ts":1760556662.1448944}
2025/10/15 19:31:03 POLARIS_LOG {"event":"send_rate","rate":296000,"ts":1760556663.1440983}
2025/10/15 19:31:04 POLARIS_LOG {"event":"send_rate","rate":304000,"ts":1760556664.1445568}
2025/10/15 19:31:05 POLARIS_LOG {"event":"send_rate","rate":296000,"ts":1760556665.1447873}
2025/10/15 19:31:06 POLARIS_LOG {"event":"send_rate","rate":304000,"ts":1760556666.1450298}
2025/10/15 19:31:07 POLARIS_LOG {"event":"send_rate","rate":296000,"ts":1760556667.1446261}
2025/10/15 19:31:08 POLARIS_LOG {"event":"send_rate","rate":304000,"ts":1760556668.1455312}
2025/10/15 19:31:09 POLARIS_LOG {"event":"send_rate","rate":296000,"ts":1760556669.1445801}
2025/10/15 19:31:10 POLARIS_LOG {"event":"send_rate","rate":304000,"ts":1760556670.1446261}
2025/10/15 19:31:11 POLARIS_LOG {"event":"send_rate","rate":296000,"ts":1760556671.1450295}
2025/10/15 19:31:12 POLARIS_LOG {"event":"send_rate","rate":304000,"ts":1760556672.1442926}
2025/10/15 19:31:13 POLARIS_LOG {"event":"send_rate","rate":296000,"ts":1760556673.1449382}
2025/10/15 19:31:14 POLARIS_LOG {"event":"send_rate","rate":304000,"ts":1760556674.1454654}
2025/10/15 19:31:15 POLARIS_LOG {"event":"send_rate","rate":296000,"ts":1760556675.1450498}
2025/10/15 19:31:16 POLARIS_LOG {"event":"send_rate","rate":304000,"ts":1760556676.1446164}
2025/10/15 19:31:17 POLARIS_LOG {"event":"send_rate","rate":296000,"ts":1760556677.1443598}
2025/10/15 19:31:18 POLARIS_LOG {"event":"send_rate","rate":304000,"ts":1760556678.1440756}
2025/10/15 19:31:19 POLARIS_LOG {"event":"send_rate","rate":296000,"ts":1760556679.1452723}
2025/10/15 19:31:20 POLARIS_LOG {"event":"send_rate","rate":304000,"ts":1760556680.1463091}
2025/10/15 19:31:21 POLARIS_LOG {"event":"send_rate","rate":296000,"ts":1760556681.1450434}
2025/10/15 19:31:22 POLARIS_LOG {"event":"send_rate","rate":304000,"ts":1760556682.144842}
2025/10/15 19:31:23 POLARIS_LOG {"event":"send_rate","rate":296000,"ts":1760556683.1452844}
2025/10/15 19:31:24 POLARIS_LOG {"event":"send_rate","rate":304000,"ts":1760556684.1455617}
2025/10/15 19:31:25 POLARIS_LOG {"event":"send_rate","rate":296000,"ts":1760556685.1444767}
2025/10/15 19:31:26 POLARIS_LOG {"event":"send_rate","rate":304000,"ts":1760556686.1447155}
2025/10/15 19:31:27 POLARIS_LOG {"event":"send_rate","rate":296000,"ts":1760556687.1451764}
2025/10/15 19:31:28 POLARIS_LOG {"event":"send_rate","rate":304000,"ts":1760556688.1450293}
2025/10/15 19:31:29 POLARIS_LOG {"event":"send_rate","rate":296000,"ts":1760556689.1449435}
2025/10/15 19:31:30 POLARIS_LOG {"event":"send_rate","rate":304000,"ts":1760556690.1454906}
2025/10/15 19:31:31 POLARIS_LOG {"event":"send_rate","rate":296000,"ts":1760556691.1443193}
2025/10/15 19:31:32 POLARIS_LOG {"event":"send_rate","rate":304000,"ts":1760556692.1448457}
2025/10/15 19:31:33 POLARIS_LOG {"event":"send_rate","rate":296000,"ts":1760556693.1441188}
2025/10/15 19:31:34 POLARIS_LOG {"event":"send_rate","rate":304000,"ts":1760556694.1455805}
2025/10/15 19:31:35 POLARIS_LOG {"event":"send_rate","rate":296000,"ts":1760556695.1450887}
2025/10/15 19:31:36 POLARIS_LOG {"event":"send_rate","rate":304000,"ts":1760556696.1444798}
2025/10/15 19:31:37 POLARIS_LOG {"event":"send_rate","rate":296000,"ts":1760556697.1447303}
2025/10/15 19:31:38 POLARIS_LOG {"event":"send_rate","rate":304000,"ts":1760556698.1453311}
2025/10/15 19:31:39 POLARIS_LOG {"event":"send_rate","rate":296000,"ts":1760556699.1447382}
2025/10/15 19:31:40 POLARIS_LOG {"event":"send_rate","rate":304000,"ts":1760556700.145263}
2025/10/15 19:31:41 POLARIS_LOG {"event":"send_rate","rate":296000,"ts":1760556701.145438}
2025/10/15 19:31:42 POLARIS_LOG {"event":"send_rate","rate":304000,"ts":1760556702.144887}
2025/10/15 19:31:43 POLARIS_LOG {"event":"send_rate","rate":296000,"ts":1760556703.1442103}
2025/10/15 19:31:44 POLARIS_LOG {"event":"send_rate","rate":304000,"ts":1760556704.1443172}
2025/10/15 19:31:45 POLARIS_LOG {"event":"send_rate","rate":288000,"ts":1760556705.1457777}
2025/10/15 19:31:46 POLARIS_LOG {"event":"send_rate","rate":312000,"ts":1760556706.1441116}
2025/10/15 19:31:47 POLARIS_LOG {"event":"send_rate","rate":296000,"ts":1760556707.1454792}
2025/10/15 19:31:48 POLARIS_LOG {"event":"send_rate","rate":304000,"ts":1760556708.1450393}
2025/10/15 19:31:49 POLARIS_LOG {"event":"send_rate","rate":296000,"ts":1760556709.1448164}
2025/10/15 19:31:50 POLARIS_LOG {"event":"send_rate","rate":304000,"ts":1760556710.1451042}
2025/10/15 19:31:51 POLARIS_LOG {"event":"send_rate","rate":296000,"ts":1760556711.149082}
2025/10/15 19:31:52 POLARIS_LOG {"event":"send_rate","rate":304000,"ts":1760556712.14405}
2025/10/15 19:31:53 POLARIS_LOG {"event":"send_rate","rate":296000,"ts":1760556713.1453428}
2025/10/15 19:31:54 POLARIS_LOG {"event":"send_rate","rate":304000,"ts":1760556714.1449454}
2025/10/15 19:31:55 POLARIS_LOG {"event":"send_rate","rate":296000,"ts":1760556715.145021}
2025/10/15 19:31:56 POLARIS_LOG {"event":"send_rate","rate":304000,"ts":1760556716.147632}
2025/10/15 19:31:57 POLARIS_LOG {"event":"send_rate","rate":296000,"ts":1760556717.1441035}
2025/10/15 19:31:58 POLARIS_LOG {"event":"send_rate","rate":304000,"ts":1760556718.1447856}
2025/10/15 19:31:59 POLARIS_LOG {"event":"send_rate","rate":296000,"ts":1760556719.1450334}
2025/10/15 19:32:00 POLARIS_LOG {"event":"send_rate","rate":304000,"ts":1760556720.144926}
2025/10/15 19:32:01 POLARIS_LOG {"event":"send_rate","rate":296000,"ts":1760556721.1471987}
2025/10/15 19:32:02 POLARIS_LOG {"event":"send_rate","rate":304000,"ts":1760556722.145487}
2025/10/15 19:32:03 POLARIS_LOG {"event":"send_rate","rate":296000,"ts":1760556723.144895}
2025/10/15 19:32:04 POLARIS_LOG {"event":"send_rate","rate":304000,"ts":1760556724.1449647}
2025/10/15 19:32:05 POLARIS_LOG {"event":"send_rate","rate":296000,"ts":1760556725.1448984}
2025/10/15 19:32:06 POLARIS_LOG {"event":"send_rate","rate":304000,"ts":1760556726.1479654}
2025/10/15 19:32:07 POLARIS_LOG {"event":"send_rate","rate":296000,"ts":1760556727.1444695}
2025/10/15 19:32:08 POLARIS_LOG {"event":"send_rate","rate":304000,"ts":1760556728.144726}
2025/10/15 19:32:09 POLARIS_LOG {"event":"send_rate","rate":296000,"ts":1760556729.1453352}
2025/10/15 19:32:10 POLARIS_LOG {"event":"send_rate","rate":304000,"ts":1760556730.1442702}
2025/10/15 19:32:11 POLARIS_LOG {"event":"send_rate","rate":296000,"ts":1760556731.1448386}
2025/10/15 19:32:12 POLARIS_LOG {"event":"send_rate","rate":304000,"ts":1760556732.144628}
2025/10/15 19:32:13 POLARIS_LOG {"event":"send_rate","rate":296000,"ts":1760556733.1449044}
2025/10/15 19:32:14 POLARIS_LOG {"event":"send_rate","rate":304000,"ts":1760556734.1481724}
2025/10/15 19:32:15 POLARIS_LOG {"event":"send_rate","rate":296000,"ts":1760556735.1458728}
2025/10/15 19:32:16 POLARIS_LOG {"event":"send_rate","rate":288000,"ts":1760556736.1467059}
2025/10/15 19:32:17 POLARIS_LOG {"event":"send_rate","rate":312000,"ts":1760556737.144938}
2025/10/15 19:32:18 POLARIS_LOG {"event":"send_rate","rate":304000,"ts":1760556738.1453035}
2025/10/15 19:32:19 POLARIS_LOG {"event":"send_rate","rate":296000,"ts":1760556739.1481826}
2025/10/15 19:32:20 POLARIS_LOG {"event":"send_rate","rate":304000,"ts":1760556740.1459336}
2025/10/15 19:32:21 POLARIS_LOG {"event":"send_rate","rate":296000,"ts":1760556741.1449342}
2025/10/15 19:32:22 POLARIS_LOG {"event":"send_rate","rate":304000,"ts":1760556742.145904}
2025/10/15 19:32:23 POLARIS_LOG {"event":"send_rate","rate":296000,"ts":1760556743.144475}
2025/10/15 19:32:24 POLARIS_LOG {"event":"send_rate","rate":304000,"ts":1760556744.146346}
2025/10/15 19:32:25 POLARIS_LOG {"event":"send_rate","rate":296000,"ts":1760556745.145273}
2025/10/15 19:32:26 POLARIS_LOG {"event":"send_rate","rate":304000,"ts":1760556746.1441052}
2025/10/15 19:32:27 POLARIS_LOG {"event":"send_rate","rate":296000,"ts":1760556747.144889}
2025/10/15 19:32:28 POLARIS_LOG {"event":"send_rate","rate":304000,"ts":1760556748.1447458}
2025/10/15 19:32:29 POLARIS_LOG {"event":"send_rate","rate":296000,"ts":1760556749.1447525}
2025/10/15 19:32:30 POLARIS_LOG {"event":"send_rate","rate":304000,"ts":1760556750.1440842}
2025/10/15 19:32:31 POLARIS_LOG {"event":"send_rate","rate":296000,"ts":1760556751.1488938}
2025/10/15 19:32:32 POLARIS_LOG {"event":"send_rate","rate":304000,"ts":1760556752.1440468}
2025/10/15 19:32:33 POLARIS_LOG {"event":"send_rate","rate":296000,"ts":1760556753.144583}
2025/10/15 19:32:34 POLARIS_LOG {"event":"send_rate","rate":296000,"ts":1760556754.1445487}
2025/10/15 19:32:35 POLARIS_LOG {"event":"send_rate","rate":304000,"ts":1760556755.1484807}
2025/10/15 19:32:36 POLARIS_LOG {"event":"send_rate","rate":304000,"ts":1760556756.144752}
2025/10/15 19:32:37 POLARIS_LOG {"event":"send_rate","rate":296000,"ts":1760556757.1440682}
2025/10/15 19:32:38 POLARIS_LOG {"event":"send_rate","rate":296000,"ts":1760556758.145155}
2025/10/15 19:32:39 POLARIS_LOG {"event":"send_rate","rate":304000,"ts":1760556759.1458457}
2025/10/15 19:32:40 POLARIS_LOG {"event":"send_rate","rate":296000,"ts":1760556760.1446779}
2025/10/15 19:32:41 POLARIS_LOG {"event":"send_rate","rate":304000,"ts":1760556761.1450615}
2025/10/15 19:32:42 POLARIS_LOG {"event":"send_rate","rate":304000,"ts":1760556762.1454852}
2025/10/15 19:32:43 POLARIS_LOG {"event":"send_rate","rate":296000,"ts":1760556763.1465046}
2025/10/15 19:32:44 POLARIS_LOG {"event":"send_rate","rate":304000,"ts":1760556764.147011}
2025/10/15 19:32:45 POLARIS_LOG {"event":"send_rate","rate":296000,"ts":1760556765.1451397}
2025/10/15 19:32:46 POLARIS_LOG {"event":"send_rate","rate":296000,"ts":1760556766.144297}
2025/10/15 19:32:47 POLARIS_LOG {"event":"send_rate","rate":304000,"ts":1760556767.1448884}
2025/10/15 19:32:48 POLARIS_LOG {"event":"send_rate","rate":296000,"ts":1760556768.144421}
2025/10/15 19:32:49 POLARIS_LOG {"event":"send_rate","rate":304000,"ts":1760556769.145}
2025/10/15 19:32:50 POLARIS_LOG {"event":"send_rate","rate":296000,"ts":1760556770.1448457}
2025/10/15 19:32:51 POLARIS_LOG {"event":"send_rate","rate":304000,"ts":1760556771.153838}
2025/10/15 19:32:52 POLARIS_LOG {"event":"send_rate","rate":296000,"ts":1760556772.144989}
2025/10/15 19:32:53 POLARIS_LOG {"event":"send_rate","rate":304000,"ts":1760556773.1441863}
2025/10/15 19:32:54 POLARIS_LOG {"event":"send_rate","rate":296000,"ts":1760556774.1449795}
2025/10/15 19:32:55 POLARIS_LOG {"event":"send_rate","rate":304000,"ts":1760556775.1468832}
2025/10/15 19:32:56 POLARIS_LOG {"event":"send_rate","rate":296000,"ts":1760556776.1449826}
2025/10/15 19:32:57 POLARIS_LOG {"event":"send_rate","rate":304000,"ts":1760556777.145799}
2025/10/15 19:32:58 POLARIS_LOG {"event":"send_rate","rate":296000,"ts":1760556778.1449053}
2025/10/15 19:32:59 POLARIS_LOG {"event":"send_rate","rate":304000,"ts":1760556779.1441023}
2025/10/15 19:33:00 POLARIS_LOG {"event":"send_rate","rate":304000,"ts":1760556780.1639674}
2025/10/15 19:33:01 POLARIS_LOG {"event":"send_rate","rate":296000,"ts":1760556781.1444004}
2025/10/15 19:33:02 POLARIS_LOG {"event":"send_rate","rate":296000,"ts":1760556782.1447227}
2025/10/15 19:33:03 POLARIS_LOG {"event":"send_rate","rate":304000,"ts":1760556783.1449974}
2025/10/15 19:33:04 POLARIS_LOG {"event":"send_rate","rate":296000,"ts":1760556784.1448243}
2025/10/15 19:33:05 POLARIS_LOG {"event":"send_rate","rate":304000,"ts":1760556785.1446607}
2025/10/15 19:33:06 POLARIS_LOG {"event":"send_rate","rate":296000,"ts":1760556786.1456182}
2025/10/15 19:33:07 POLARIS_LOG {"event":"send_rate","rate":304000,"ts":1760556787.1445217}
2025/10/15 19:33:08 POLARIS_LOG {"event":"send_rate","rate":296000,"ts":1760556788.1441007}
2025/10/15 19:33:09 POLARIS_LOG {"event":"send_rate","rate":304000,"ts":1760556789.1465764}
2025/10/15 19:33:10 POLARIS_LOG {"event":"send_rate","rate":296000,"ts":1760556790.1449518}
2025/10/15 19:33:11 POLARIS_LOG {"event":"send_rate","rate":304000,"ts":1760556791.1449883}
2025/10/15 19:33:12 POLARIS_LOG {"event":"send_rate","rate":296000,"ts":1760556792.1457102}
2025/10/15 19:33:13 POLARIS_LOG {"event":"send_rate","rate":304000,"ts":1760556793.144753}
2025/10/15 19:33:14 POLARIS_LOG {"event":"send_rate","rate":296000,"ts":1760556794.1441476}
2025/10/15 19:33:15 POLARIS_LOG {"event":"send_rate","rate":304000,"ts":1760556795.145443}
2025/10/15 19:33:16 POLARIS_LOG {"event":"send_rate","rate":304000,"ts":1760556796.1540995}
2025/10/15 19:33:17 POLARIS_LOG {"event":"send_rate","rate":296000,"ts":1760556797.145098}
2025/10/15 19:33:18 POLARIS_LOG {"event":"send_rate","rate":296000,"ts":1760556798.1448445}
2025/10/15 19:33:19 POLARIS_LOG {"event":"send_rate","rate":304000,"ts":1760556799.1450984}
2025/10/15 19:33:20 POLARIS_LOG {"event":"send_rate","rate":296000,"ts":1760556800.144958}
2025/10/15 19:33:21 POLARIS_LOG {"event":"send_rate","rate":304000,"ts":1760556801.145028}
2025/10/15 19:33:22 POLARIS_LOG {"event":"send_rate","rate":296000,"ts":1760556802.1442304}
2025/10/15 19:33:23 POLARIS_LOG {"event":"send_rate","rate":304000,"ts":1760556803.1446018}
2025/10/15 19:33:24 POLARIS_LOG {"event":"send_rate","rate":296000,"ts":1760556804.145151}
2025/10/15 19:33:25 POLARIS_LOG {"event":"send_rate","rate":304000,"ts":1760556805.1479824}
2025/10/15 19:33:26 POLARIS_LOG {"event":"send_rate","rate":296000,"ts":1760556806.1441274}
2025/10/15 19:33:27 POLARIS_LOG {"event":"send_rate","rate":304000,"ts":1760556807.1449032}
2025/10/15 19:33:28 POLARIS_LOG {"event":"send_rate","rate":296000,"ts":1760556808.145068}
2025/10/15 19:33:29 POLARIS_LOG {"event":"send_rate","rate":304000,"ts":1760556809.1442695}
2025/10/15 19:33:30 POLARIS_LOG {"event":"send_rate","rate":296000,"ts":1760556810.1450014}
2025/10/15 19:33:31 POLARIS_LOG {"event":"send_rate","rate":304000,"ts":1760556811.144068}
2025/10/15 19:33:32 POLARIS_LOG {"event":"send_rate","rate":296000,"ts":1760556812.1447823}
2025/10/15 19:33:33 POLARIS_LOG {"event":"send_rate","rate":304000,"ts":1760556813.146166}
2025/10/15 19:33:34 POLARIS_LOG {"event":"send_rate","rate":296000,"ts":1760556814.1444774}
We need to sleep for 1 seconds before we can get the results
2025/10/15 19:33:35 POLARIS_LOG {"event":"send_rate","rate":8000,"ts":1760556815.1452239}
Drain Loop received packet
Drain Loop received non-nil payload
We need to sleep for 1 seconds before we can get the results
Client sent 10687 packets, server reported 10681 packets received
The network loss rate from client to server is 0.1%

S->C results
Attempted bandwidth: 0 bps / 0.00 Mbps
Achieved bandwidth: 0 bps / 0.00 Mbps
Loss rate: 0.0%
Interarrival time min/avg/max/mdev = -0.000/0.000/0.000/0.000 ms

C->S results
Attempted bandwidth: 299985 bps / 0.30 Mbps
Achieved bandwidth: 299817 bps / 0.30 Mbps
Loss rate: 0.1%
Interarrival time min/avg/max/mdev = 0.002/26.628/355.154/18.125 ms
