
Test parameters:
client->server: 243 seconds, 1000 bytes, 9112 packets
server->client: 243 seconds, 1000 bytes, 0 packets
2025/10/15 19:29:31 POLARIS_LOG {"current_rate":0,"event":"path_switch","new":"7 7","trigger":"initialization","ts":1760556571.3527591}
Polaris prober initialized with 14 paths
Polaris prober initialized with local 1-114,10.114.0.71:32737 and remote 1-112,10.112.0.71
2025/10/15 19:29:33 POLARIS_LOG {"event":"send_rate","rate":0,"ts":1760556573.3546844}
2025/10/15 19:29:34 POLARIS_LOG {"event":"send_rate","rate":256000,"ts":1760556574.3546746}
2025/10/15 19:29:35 POLARIS_LOG {"event":"send_rate","rate":304000,"ts":1760556575.3550282}
2025/10/15 19:29:36 POLARIS_LOG {"event":"send_rate","rate":296000,"ts":1760556576.354144}
2025/10/15 19:29:37 POLARIS_LOG {"event":"send_rate","rate":304000,"ts":1760556577.3547423}
2025/10/15 19:29:38 POLARIS_LOG {"event":"send_rate","rate":296000,"ts":1760556578.3542438}
2025/10/15 19:29:39 POLARIS_LOG {"event":"send_rate","rate":304000,"ts":1760556579.3584642}
2025/10/15 19:29:40 POLARIS_LOG {"event":"send_rate","rate":296000,"ts":1760556580.3544588}
2025/10/15 19:29:41 POLARIS_LOG {"event":"send_rate","rate":304000,"ts":1760556581.3545055}
2025/10/15 19:29:42 POLARIS_LOG {"event":"send_rate","rate":304000,"ts":1760556582.362197}
2025/10/15 19:29:43 POLARIS_LOG {"event":"send_rate","rate":296000,"ts":1760556583.354841}
2025/10/15 19:29:44 POLARIS_LOG {"event":"send_rate","rate":296000,"ts":1760556584.354322}
2025/10/15 19:29:45 POLARIS_LOG {"event":"send_rate","rate":304000,"ts":1760556585.3580356}
2025/10/15 19:29:46 POLARIS_LOG {"event":"send_rate","rate":296000,"ts":1760556586.3549874}
2025/10/15 19:29:47 POLARIS_LOG {"event":"send_rate","rate":304000,"ts":1760556587.3542051}
2025/10/15 19:29:48 POLARIS_LOG {"event":"send_rate","rate":296000,"ts":1760556588.354801}
2025/10/15 19:29:49 POLARIS_LOG {"event":"send_rate","rate":304000,"ts":1760556589.3540483}
2025/10/15 19:29:50 POLARIS_LOG {"event":"send_rate","rate":296000,"ts":1760556590.3541598}
2025/10/15 19:29:51 POLARIS_LOG {"event":"send_rate","rate":312000,"ts":1760556591.3806987}
2025/10/15 19:29:52 POLARIS_LOG {"event":"send_rate","rate":288000,"ts":1760556592.3595552}
2025/10/15 19:29:53 POLARIS_LOG {"event":"send_rate","rate":304000,"ts":1760556593.3551044}
2025/10/15 19:29:54 POLARIS_LOG {"event":"send_rate","rate":296000,"ts":1760556594.3553045}
2025/10/15 19:29:55 POLARIS_LOG {"event":"send_rate","rate":304000,"ts":1760556595.354273}
2025/10/15 19:29:56 POLARIS_LOG {"event":"send_rate","rate":296000,"ts":1760556596.354722}
2025/10/15 19:29:57 POLARIS_LOG {"event":"send_rate","rate":304000,"ts":1760556597.3543143}
2025/10/15 19:29:58 POLARIS_LOG {"event":"send_rate","rate":296000,"ts":1760556598.3549895}
2025/10/15 19:29:59 POLARIS_LOG {"event":"send_rate","rate":304000,"ts":1760556599.3547835}
2025/10/15 19:30:00 POLARIS_LOG {"event":"send_rate","rate":296000,"ts":1760556600.3544028}
2025/10/15 19:30:01 POLARIS_LOG {"event":"send_rate","rate":304000,"ts":1760556601.3549933}
2025/10/15 19:30:02 POLARIS_LOG {"event":"send_rate","rate":304000,"ts":1760556602.3675041}
2025/10/15 19:30:03 POLARIS_LOG {"event":"send_rate","rate":296000,"ts":1760556603.35456}
2025/10/15 19:30:04 POLARIS_LOG {"event":"send_rate","rate":296000,"ts":1760556604.3548892}
2025/10/15 19:30:05 POLARIS_LOG {"event":"send_rate","rate":304000,"ts":1760556605.3596797}
2025/10/15 19:30:06 POLARIS_LOG {"event":"send_rate","rate":296000,"ts":1760556606.354718}
2025/10/15 19:30:07 POLARIS_LOG {"event":"send_rate","rate":304000,"ts":1760556607.3546426}
2025/10/15 19:30:08 POLARIS_LOG {"event":"send_rate","rate":296000,"ts":1760556608.3553045}
2025/10/15 19:30:09 POLARIS_LOG {"event":"send_rate","rate":304000,"ts":1760556609.3549576}
2025/10/15 19:30:10 POLARIS_LOG {"event":"send_rate","rate":296000,"ts":1760556610.3543599}
2025/10/15 19:30:11 POLARIS_LOG {"event":"send_rate","rate":304000,"ts":1760556611.354748}
2025/10/15 19:30:12 POLARIS_LOG {"event":"send_rate","rate":296000,"ts":1760556612.3571463}
2025/10/15 19:30:13 POLARIS_LOG {"event":"send_rate","rate":304000,"ts":1760556613.3541586}
2025/10/15 19:30:14 POLARIS_LOG {"event":"send_rate","rate":296000,"ts":1760556614.354245}
2025/10/15 19:30:15 POLARIS_LOG {"event":"send_rate","rate":304000,"ts":1760556615.3550687}
2025/10/15 19:30:16 POLARIS_LOG {"event":"send_rate","rate":296000,"ts":1760556616.3551033}
2025/10/15 19:30:17 POLARIS_LOG {"event":"send_rate","rate":304000,"ts":1760556617.3598971}
2025/10/15 19:30:18 POLARIS_LOG {"event":"send_rate","rate":296000,"ts":1760556618.3557963}
2025/10/15 19:30:19 POLARIS_LOG {"event":"send_rate","rate":304000,"ts":1760556619.3540537}
2025/10/15 19:30:20 POLARIS_LOG {"event":"send_rate","rate":304000,"ts":1760556620.368083}
2025/10/15 19:30:21 POLARIS_LOG {"event":"send_rate","rate":296000,"ts":1760556621.3542817}
2025/10/15 19:30:22 POLARIS_LOG {"event":"send_rate","rate":296000,"ts":1760556622.354153}
2025/10/15 19:30:23 POLARIS_LOG {"event":"send_rate","rate":304000,"ts":1760556623.3543398}
2025/10/15 19:30:24 POLARIS_LOG {"event":"send_rate","rate":296000,"ts":1760556624.3543692}
2025/10/15 19:30:25 POLARIS_LOG {"event":"send_rate","rate":304000,"ts":1760556625.354402}
2025/10/15 19:30:26 POLARIS_LOG {"event":"send_rate","rate":296000,"ts":1760556626.3580518}
2025/10/15 19:30:27 POLARIS_LOG {"event":"send_rate","rate":304000,"ts":1760556627.3546255}
2025/10/15 19:30:28 POLARIS_LOG {"event":"send_rate","rate":296000,"ts":1760556628.35526}
2025/10/15 19:30:29 POLARIS_LOG {"event":"send_rate","rate":304000,"ts":1760556629.3544786}
2025/10/15 19:30:30 POLARIS_LOG {"event":"send_rate","rate":296000,"ts":1760556630.360303}
2025/10/15 19:30:31 POLARIS_LOG {"event":"send_rate","rate":304000,"ts":1760556631.3548677}
2025/10/15 19:30:32 POLARIS_LOG {"event":"send_rate","rate":296000,"ts":1760556632.3542278}
2025/10/15 19:30:33 POLARIS_LOG {"event":"send_rate","rate":304000,"ts":1760556633.3557246}
2025/10/15 19:30:34 POLARIS_LOG {"event":"send_rate","rate":296000,"ts":1760556634.3542173}
2025/10/15 19:30:35 POLARIS_LOG {"event":"send_rate","rate":304000,"ts":1760556635.3564274}
2025/10/15 19:30:36 POLARIS_LOG {"event":"send_rate","rate":296000,"ts":1760556636.3548315}
2025/10/15 19:30:37 POLARIS_LOG {"event":"send_rate","rate":296000,"ts":1760556637.3547912}
2025/10/15 19:30:38 POLARIS_LOG {"event":"send_rate","rate":304000,"ts":1760556638.355099}
2025/10/15 19:30:39 POLARIS_LOG {"event":"send_rate","rate":296000,"ts":1760556639.3541708}
2025/10/15 19:30:40 POLARIS_LOG {"event":"send_rate","rate":304000,"ts":1760556640.356134}
2025/10/15 19:30:41 POLARIS_LOG {"event":"send_rate","rate":304000,"ts":1760556641.355709}
2025/10/15 19:30:42 POLARIS_LOG {"event":"send_rate","rate":296000,"ts":1760556642.3549912}
2025/10/15 19:30:43 POLARIS_LOG {"event":"send_rate","rate":296000,"ts":1760556643.3555937}
2025/10/15 19:30:44 POLARIS_LOG {"event":"send_rate","rate":304000,"ts":1760556644.354627}
2025/10/15 19:30:45 POLARIS_LOG {"event":"send_rate","rate":296000,"ts":1760556645.354705}
2025/10/15 19:30:46 POLARIS_LOG {"event":"send_rate","rate":304000,"ts":1760556646.3547342}
2025/10/15 19:30:47 POLARIS_LOG {"event":"send_rate","rate":296000,"ts":1760556647.3552768}
2025/10/15 19:30:48 POLARIS_LOG {"event":"send_rate","rate":304000,"ts":1760556648.355374}
2025/10/15 19:30:49 POLARIS_LOG {"event":"send_rate","rate":296000,"ts":1760556649.3544571}
2025/10/15 19:30:50 POLARIS_LOG {"event":"send_rate","rate":304000,"ts":1760556650.3550994}
2025/10/15 19:30:51 POLARIS_LOG {"event":"send_rate","rate":304000,"ts":1760556651.3675554}
2025/10/15 19:30:52 POLARIS_LOG {"event":"send_rate","rate":296000,"ts":1760556652.3543212}
2025/10/15 19:30:53 POLARIS_LOG {"event":"send_rate","rate":296000,"ts":1760556653.3549974}
2025/10/15 19:30:54 POLARIS_LOG {"event":"send_rate","rate":304000,"ts":1760556654.3542058}
2025/10/15 19:30:55 POLARIS_LOG {"event":"send_rate","rate":296000,"ts":1760556655.355535}
2025/10/15 19:30:56 POLARIS_LOG {"event":"send_rate","rate":304000,"ts":1760556656.3584592}
2025/10/15 19:30:57 POLARIS_LOG {"event":"send_rate","rate":296000,"ts":1760556657.354031}
2025/10/15 19:30:58 POLARIS_LOG {"event":"send_rate","rate":304000,"ts":1760556658.354149}
2025/10/15 19:30:59 POLARIS_LOG {"event":"send_rate","rate":296000,"ts":1760556659.3555934}
2025/10/15 19:31:00 POLARIS_LOG {"event":"send_rate","rate":304000,"ts":1760556660.3556578}
2025/10/15 19:31:01 POLARIS_LOG {"event":"send_rate","rate":296000,"ts":1760556661.3554578}
2025/10/15 19:31:02 POLARIS_LOG {"event":"send_rate","rate":304000,"ts":1760556662.3588934}
2025/10/15 19:31:03 POLARIS_LOG {"event":"send_rate","rate":296000,"ts":1760556663.3547256}
2025/10/15 19:31:04 POLARIS_LOG {"event":"send_rate","rate":304000,"ts":1760556664.3546572}
2025/10/15 19:31:05 POLARIS_LOG {"event":"send_rate","rate":304000,"ts":1760556665.3619435}
2025/10/15 19:31:06 POLARIS_LOG {"event":"send_rate","rate":296000,"ts":1760556666.354819}
2025/10/15 19:31:07 POLARIS_LOG {"event":"send_rate","rate":296000,"ts":1760556667.3544776}
2025/10/15 19:31:08 POLARIS_LOG {"event":"send_rate","rate":304000,"ts":1760556668.3576803}
2025/10/15 19:31:09 POLARIS_LOG {"event":"send_rate","rate":296000,"ts":1760556669.3549354}
2025/10/15 19:31:10 POLARIS_LOG {"event":"send_rate","rate":304000,"ts":1760556670.3586648}
2025/10/15 19:31:11 POLARIS_LOG {"event":"send_rate","rate":296000,"ts":1760556671.354736}
2025/10/15 19:31:12 POLARIS_LOG {"event":"send_rate","rate":304000,"ts":1760556672.354699}
2025/10/15 19:31:13 POLARIS_LOG {"event":"send_rate","rate":296000,"ts":1760556673.3600917}
2025/10/15 19:31:14 POLARIS_LOG {"event":"send_rate","rate":304000,"ts":1760556674.3634179}
2025/10/15 19:31:15 POLARIS_LOG {"event":"send_rate","rate":296000,"ts":1760556675.3543315}
2025/10/15 19:31:16 POLARIS_LOG {"event":"send_rate","rate":304000,"ts":1760556676.3548665}
2025/10/15 19:31:17 POLARIS_LOG {"event":"send_rate","rate":296000,"ts":1760556677.3548179}
2025/10/15 19:31:18 POLARIS_LOG {"event":"send_rate","rate":304000,"ts":1760556678.3563044}
2025/10/15 19:31:19 POLARIS_LOG {"event":"send_rate","rate":296000,"ts":1760556679.3582375}
2025/10/15 19:31:20 POLARIS_LOG {"event":"send_rate","rate":304000,"ts":1760556680.3542247}
2025/10/15 19:31:21 POLARIS_LOG {"event":"send_rate","rate":296000,"ts":1760556681.3576255}
2025/10/15 19:31:22 POLARIS_LOG {"event":"send_rate","rate":304000,"ts":1760556682.356875}
2025/10/15 19:31:23 POLARIS_LOG {"event":"send_rate","rate":296000,"ts":1760556683.355053}
2025/10/15 19:31:24 POLARIS_LOG {"event":"send_rate","rate":304000,"ts":1760556684.3552654}
2025/10/15 19:31:25 POLARIS_LOG {"event":"send_rate","rate":296000,"ts":1760556685.356791}
2025/10/15 19:31:26 POLARIS_LOG {"event":"send_rate","rate":304000,"ts":1760556686.355625}
2025/10/15 19:31:27 POLARIS_LOG {"event":"send_rate","rate":296000,"ts":1760556687.354653}
2025/10/15 19:31:28 POLARIS_LOG {"event":"send_rate","rate":304000,"ts":1760556688.3541944}
2025/10/15 19:31:29 POLARIS_LOG {"event":"send_rate","rate":296000,"ts":1760556689.354843}
2025/10/15 19:31:30 POLARIS_LOG {"event":"send_rate","rate":304000,"ts":1760556690.3554015}
2025/10/15 19:31:31 POLARIS_LOG {"event":"send_rate","rate":296000,"ts":1760556691.3540971}
2025/10/15 19:31:32 POLARIS_LOG {"event":"send_rate","rate":304000,"ts":1760556692.3545327}
2025/10/15 19:31:33 POLARIS_LOG {"event":"send_rate","rate":296000,"ts":1760556693.355514}
2025/10/15 19:31:34 POLARIS_LOG {"event":"send_rate","rate":304000,"ts":1760556694.3555546}
2025/10/15 19:31:35 POLARIS_LOG {"event":"send_rate","rate":296000,"ts":1760556695.3540757}
2025/10/15 19:31:36 POLARIS_LOG {"event":"send_rate","rate":304000,"ts":1760556696.3542109}
2025/10/15 19:31:37 POLARIS_LOG {"event":"send_rate","rate":296000,"ts":1760556697.3547206}
2025/10/15 19:31:38 POLARIS_LOG {"event":"send_rate","rate":304000,"ts":1760556698.3632784}
2025/10/15 19:31:39 POLARIS_LOG {"event":"send_rate","rate":296000,"ts":1760556699.3540585}
2025/10/15 19:31:40 POLARIS_LOG {"event":"send_rate","rate":304000,"ts":1760556700.3565505}
2025/10/15 19:31:41 POLARIS_LOG {"event":"send_rate","rate":296000,"ts":1760556701.3541636}
2025/10/15 19:31:42 POLARIS_LOG {"event":"send_rate","rate":304000,"ts":1760556702.354828}
2025/10/15 19:31:43 POLARIS_LOG {"event":"send_rate","rate":296000,"ts":1760556703.3589773}
2025/10/15 19:31:44 POLARIS_LOG {"event":"send_rate","rate":304000,"ts":1760556704.3581283}
2025/10/15 19:31:45 POLARIS_LOG {"event":"send_rate","rate":296000,"ts":1760556705.3581808}
2025/10/15 19:31:46 POLARIS_LOG {"event":"send_rate","rate":304000,"ts":1760556706.3540237}
2025/10/15 19:31:47 POLARIS_LOG {"event":"send_rate","rate":296000,"ts":1760556707.3629112}
2025/10/15 19:31:48 POLARIS_LOG {"event":"send_rate","rate":304000,"ts":1760556708.3549786}
2025/10/15 19:31:49 POLARIS_LOG {"event":"send_rate","rate":296000,"ts":1760556709.35555}
2025/10/15 19:31:50 POLARIS_LOG {"event":"send_rate","rate":304000,"ts":1760556710.354722}
2025/10/15 19:31:51 POLARIS_LOG {"event":"send_rate","rate":296000,"ts":1760556711.3546052}
2025/10/15 19:31:52 POLARIS_LOG {"event":"send_rate","rate":304000,"ts":1760556712.3543894}
2025/10/15 19:31:53 POLARIS_LOG {"event":"send_rate","rate":296000,"ts":1760556713.354756}
2025/10/15 19:31:54 POLARIS_LOG {"event":"send_rate","rate":304000,"ts":1760556714.3553338}
2025/10/15 19:31:55 POLARIS_LOG {"event":"send_rate","rate":296000,"ts":1760556715.355079}
2025/10/15 19:31:56 POLARIS_LOG {"event":"send_rate","rate":304000,"ts":1760556716.3554473}
2025/10/15 19:31:57 POLARIS_LOG {"event":"send_rate","rate":296000,"ts":1760556717.3543482}
2025/10/15 19:31:58 POLARIS_LOG {"event":"send_rate","rate":296000,"ts":1760556718.3549218}
2025/10/15 19:31:59 POLARIS_LOG {"event":"send_rate","rate":304000,"ts":1760556719.3592038}
2025/10/15 19:32:00 POLARIS_LOG {"event":"send_rate","rate":296000,"ts":1760556720.3551843}
2025/10/15 19:32:01 POLARIS_LOG {"event":"send_rate","rate":304000,"ts":1760556721.3552861}
2025/10/15 19:32:02 POLARIS_LOG {"event":"send_rate","rate":296000,"ts":1760556722.354051}
2025/10/15 19:32:03 POLARIS_LOG {"event":"send_rate","rate":304000,"ts":1760556723.3549101}
2025/10/15 19:32:04 POLARIS_LOG {"event":"send_rate","rate":296000,"ts":1760556724.3545997}
2025/10/15 19:32:05 POLARIS_LOG {"event":"send_rate","rate":304000,"ts":1760556725.354044}
2025/10/15 19:32:06 POLARIS_LOG {"event":"send_rate","rate":296000,"ts":1760556726.3552253}
2025/10/15 19:32:07 POLARIS_LOG {"event":"send_rate","rate":304000,"ts":1760556727.354971}
2025/10/15 19:32:08 POLARIS_LOG {"event":"send_rate","rate":296000,"ts":1760556728.3550365}
2025/10/15 19:32:09 POLARIS_LOG {"event":"send_rate","rate":304000,"ts":1760556729.354236}
2025/10/15 19:32:10 POLARIS_LOG {"event":"send_rate","rate":296000,"ts":1760556730.3542385}
2025/10/15 19:32:11 POLARIS_LOG {"event":"send_rate","rate":304000,"ts":1760556731.3575842}
2025/10/15 19:32:12 POLARIS_LOG {"event":"send_rate","rate":296000,"ts":1760556732.3543446}
2025/10/15 19:32:13 POLARIS_LOG {"event":"send_rate","rate":304000,"ts":1760556733.3584177}
2025/10/15 19:32:14 POLARIS_LOG {"event":"send_rate","rate":296000,"ts":1760556734.3551998}
2025/10/15 19:32:15 POLARIS_LOG {"event":"send_rate","rate":304000,"ts":1760556735.354489}
2025/10/15 19:32:16 POLARIS_LOG {"event":"send_rate","rate":296000,"ts":1760556736.354016}
2025/10/15 19:32:17 POLARIS_LOG {"event":"send_rate","rate":304000,"ts":1760556737.354702}
2025/10/15 19:32:18 POLARIS_LOG {"event":"send_rate","rate":296000,"ts":1760556738.354064}
2025/10/15 19:32:19 POLARIS_LOG {"event":"send_rate","rate":304000,"ts":1760556739.359099}
2025/10/15 19:32:20 POLARIS_LOG {"event":"send_rate","rate":296000,"ts":1760556740.354239}
2025/10/15 19:32:21 POLARIS_LOG {"event":"send_rate","rate":304000,"ts":1760556741.354726}
2025/10/15 19:32:22 POLARIS_LOG {"event":"send_rate","rate":296000,"ts":1760556742.355003}
2025/10/15 19:32:23 POLARIS_LOG {"event":"send_rate","rate":304000,"ts":1760556743.3542297}
2025/10/15 19:32:24 POLARIS_LOG {"event":"send_rate","rate":296000,"ts":1760556744.354993}
2025/10/15 19:32:25 POLARIS_LOG {"event":"send_rate","rate":304000,"ts":1760556745.3550744}
2025/10/15 19:32:26 POLARIS_LOG {"event":"send_rate","rate":296000,"ts":1760556746.3572156}
2025/10/15 19:32:27 POLARIS_LOG {"event":"send_rate","rate":304000,"ts":1760556747.3546789}
2025/10/15 19:32:28 POLARIS_LOG {"event":"send_rate","rate":296000,"ts":1760556748.355073}
2025/10/15 19:32:29 POLARIS_LOG {"event":"send_rate","rate":304000,"ts":1760556749.3557591}
2025/10/15 19:32:30 POLARIS_LOG {"event":"send_rate","rate":296000,"ts":1760556750.3549974}
2025/10/15 19:32:31 POLARIS_LOG {"event":"send_rate","rate":304000,"ts":1760556751.3584342}
2025/10/15 19:32:32 POLARIS_LOG {"event":"send_rate","rate":296000,"ts":1760556752.3542502}
2025/10/15 19:32:33 POLARIS_LOG {"event":"send_rate","rate":304000,"ts":1760556753.365517}
2025/10/15 19:32:34 POLARIS_LOG {"event":"send_rate","rate":296000,"ts":1760556754.3548694}
2025/10/15 19:32:35 POLARIS_LOG {"event":"send_rate","rate":304000,"ts":1760556755.3584404}
2025/10/15 19:32:36 POLARIS_LOG {"event":"send_rate","rate":296000,"ts":1760556756.3566718}
2025/10/15 19:32:37 POLARIS_LOG {"event":"send_rate","rate":304000,"ts":1760556757.3615117}
2025/10/15 19:32:38 POLARIS_LOG {"event":"send_rate","rate":296000,"ts":1760556758.3554716}
2025/10/15 19:32:39 POLARIS_LOG {"event":"send_rate","rate":304000,"ts":1760556759.3554323}
2025/10/15 19:32:40 POLARIS_LOG {"event":"send_rate","rate":296000,"ts":1760556760.356622}
2025/10/15 19:32:41 POLARIS_LOG {"event":"send_rate","rate":304000,"ts":1760556761.354674}
2025/10/15 19:32:42 POLARIS_LOG {"event":"send_rate","rate":296000,"ts":1760556762.355794}
2025/10/15 19:32:43 POLARIS_LOG {"event":"send_rate","rate":304000,"ts":1760556763.355517}
2025/10/15 19:32:44 POLARIS_LOG {"event":"send_rate","rate":296000,"ts":1760556764.3555708}
2025/10/15 19:32:45 POLARIS_LOG {"event":"send_rate","rate":304000,"ts":1760556765.3550391}
2025/10/15 19:32:46 POLARIS_LOG {"event":"send_rate","rate":296000,"ts":1760556766.354929}
2025/10/15 19:32:47 POLARIS_LOG {"event":"send_rate","rate":304000,"ts":1760556767.3596528}
2025/10/15 19:32:48 POLARIS_LOG {"event":"send_rate","rate":296000,"ts":1760556768.3566632}
2025/10/15 19:32:49 POLARIS_LOG {"event":"send_rate","rate":304000,"ts":1760556769.3608742}
2025/10/15 19:32:50 POLARIS_LOG {"event":"send_rate","rate":296000,"ts":1760556770.3577185}
2025/10/15 19:32:51 POLARIS_LOG {"event":"send_rate","rate":304000,"ts":1760556771.3549576}
2025/10/15 19:32:52 POLARIS_LOG {"event":"send_rate","rate":296000,"ts":1760556772.354914}
2025/10/15 19:32:53 POLARIS_LOG {"event":"send_rate","rate":304000,"ts":1760556773.3547347}
2025/10/15 19:32:54 POLARIS_LOG {"event":"send_rate","rate":296000,"ts":1760556774.3559222}
2025/10/15 19:32:55 POLARIS_LOG {"event":"send_rate","rate":304000,"ts":1760556775.3546393}
2025/10/15 19:32:56 POLARIS_LOG {"event":"send_rate","rate":296000,"ts":1760556776.354762}
2025/10/15 19:32:57 POLARIS_LOG {"event":"send_rate","rate":304000,"ts":1760556777.3543394}
2025/10/15 19:32:58 POLARIS_LOG {"event":"send_rate","rate":296000,"ts":1760556778.3552785}
2025/10/15 19:32:59 POLARIS_LOG {"event":"send_rate","rate":304000,"ts":1760556779.355632}
2025/10/15 19:33:00 POLARIS_LOG {"event":"send_rate","rate":296000,"ts":1760556780.354618}
2025/10/15 19:33:01 POLARIS_LOG {"event":"send_rate","rate":304000,"ts":1760556781.3545926}
2025/10/15 19:33:02 POLARIS_LOG {"event":"send_rate","rate":304000,"ts":1760556782.3668606}
2025/10/15 19:33:03 POLARIS_LOG {"event":"send_rate","rate":296000,"ts":1760556783.35443}
2025/10/15 19:33:04 POLARIS_LOG {"event":"send_rate","rate":296000,"ts":1760556784.3595679}
2025/10/15 19:33:05 POLARIS_LOG {"event":"send_rate","rate":304000,"ts":1760556785.3582647}
2025/10/15 19:33:06 POLARIS_LOG {"event":"send_rate","rate":296000,"ts":1760556786.3545327}
2025/10/15 19:33:07 POLARIS_LOG {"event":"send_rate","rate":304000,"ts":1760556787.354385}
2025/10/15 19:33:08 POLARIS_LOG {"event":"send_rate","rate":296000,"ts":1760556788.3552492}
2025/10/15 19:33:09 POLARIS_LOG {"event":"send_rate","rate":304000,"ts":1760556789.3557513}
2025/10/15 19:33:10 POLARIS_LOG {"event":"send_rate","rate":296000,"ts":1760556790.3545}
2025/10/15 19:33:11 POLARIS_LOG {"event":"send_rate","rate":304000,"ts":1760556791.3540096}
2025/10/15 19:33:12 POLARIS_LOG {"event":"send_rate","rate":296000,"ts":1760556792.354339}
2025/10/15 19:33:13 POLARIS_LOG {"event":"send_rate","rate":296000,"ts":1760556793.3544059}
2025/10/15 19:33:14 POLARIS_LOG {"event":"send_rate","rate":304000,"ts":1760556794.3547232}
2025/10/15 19:33:15 POLARIS_LOG {"event":"send_rate","rate":304000,"ts":1760556795.3546975}
2025/10/15 19:33:16 POLARIS_LOG {"event":"send_rate","rate":296000,"ts":1760556796.3544598}
2025/10/15 19:33:17 POLARIS_LOG {"event":"send_rate","rate":304000,"ts":1760556797.3596296}
2025/10/15 19:33:18 POLARIS_LOG {"event":"send_rate","rate":296000,"ts":1760556798.3581583}
2025/10/15 19:33:19 POLARIS_LOG {"event":"send_rate","rate":296000,"ts":1760556799.354736}
2025/10/15 19:33:20 POLARIS_LOG {"event":"send_rate","rate":304000,"ts":1760556800.3552814}
2025/10/15 19:33:21 POLARIS_LOG {"event":"send_rate","rate":296000,"ts":1760556801.3544402}
2025/10/15 19:33:22 POLARIS_LOG {"event":"send_rate","rate":304000,"ts":1760556802.3540046}
2025/10/15 19:33:23 POLARIS_LOG {"event":"send_rate","rate":304000,"ts":1760556803.3584323}
2025/10/15 19:33:24 POLARIS_LOG {"event":"send_rate","rate":296000,"ts":1760556804.3548212}
2025/10/15 19:33:25 POLARIS_LOG {"event":"send_rate","rate":296000,"ts":1760556805.354476}
2025/10/15 19:33:26 POLARIS_LOG {"event":"send_rate","rate":304000,"ts":1760556806.3547032}
2025/10/15 19:33:27 POLARIS_LOG {"event":"send_rate","rate":296000,"ts":1760556807.357435}
2025/10/15 19:33:28 POLARIS_LOG {"event":"send_rate","rate":304000,"ts":1760556808.355464}
2025/10/15 19:33:29 POLARIS_LOG {"event":"send_rate","rate":296000,"ts":1760556809.3543627}
2025/10/15 19:33:30 POLARIS_LOG {"event":"send_rate","rate":304000,"ts":1760556810.3546596}
2025/10/15 19:33:31 POLARIS_LOG {"event":"send_rate","rate":296000,"ts":1760556811.3557518}
2025/10/15 19:33:32 POLARIS_LOG {"event":"send_rate","rate":304000,"ts":1760556812.3547509}
2025/10/15 19:33:33 POLARIS_LOG {"event":"send_rate","rate":304000,"ts":1760556813.370024}
2025/10/15 19:33:34 POLARIS_LOG {"event":"send_rate","rate":296000,"ts":1760556814.3546338}
2025/10/15 19:33:35 POLARIS_LOG {"event":"send_rate","rate":296000,"ts":1760556815.3542726}
2025/10/15 19:33:36 POLARIS_LOG {"event":"send_rate","rate":304000,"ts":1760556816.3680067}
Drain Loop received packet
Drain Loop received non-nil payload
Client sent 9112 packets, server reported 9106 packets received
The network loss rate from client to server is 0.1%

S->C results
Attempted bandwidth: 0 bps / 0.00 Mbps
Achieved bandwidth: 0 bps / 0.00 Mbps
Loss rate: 0.0%
Interarrival time min/avg/max/mdev = -0.000/0.000/0.000/0.000 ms

C->S results
Attempted bandwidth: 299983 bps / 0.30 Mbps
Achieved bandwidth: 299786 bps / 0.30 Mbps
Loss rate: 0.1%
Interarrival time min/avg/max/mdev = 0.002/26.582/218.614/13.858 ms
