
Test parameters:
client->server: 255 seconds, 1000 bytes, 9562 packets
server->client: 255 seconds, 1000 bytes, 0 packets
2025/10/15 19:29:19 POLARIS_LOG {"current_rate":0,"event":"path_switch","new":"7 7","trigger":"initialization","ts":1760556559.2991316}
Polaris prober initialized with 14 paths
Polaris prober initialized with local 1-114,10.114.0.71:32743 and remote 1-112,10.112.0.71
2025/10/15 19:29:20 POLARIS_LOG {"event":"send_rate","rate":304000,"ts":1760556560.3002071}
2025/10/15 19:29:21 POLARIS_LOG {"event":"send_rate","rate":296000,"ts":1760556561.3011584}
2025/10/15 19:29:22 POLARIS_LOG {"event":"send_rate","rate":304000,"ts":1760556562.300733}
2025/10/15 19:29:23 POLARIS_LOG {"event":"send_rate","rate":296000,"ts":1760556563.300693}
2025/10/15 19:29:24 POLARIS_LOG {"event":"send_rate","rate":304000,"ts":1760556564.3020759}
2025/10/15 19:29:25 POLARIS_LOG {"event":"send_rate","rate":296000,"ts":1760556565.3017547}
2025/10/15 19:29:26 POLARIS_LOG {"event":"send_rate","rate":304000,"ts":1760556566.3001823}
2025/10/15 19:29:27 POLARIS_LOG {"event":"send_rate","rate":296000,"ts":1760556567.3005674}
2025/10/15 19:29:28 POLARIS_LOG {"event":"send_rate","rate":304000,"ts":1760556568.306196}
2025/10/15 19:29:29 POLARIS_LOG {"event":"send_rate","rate":296000,"ts":1760556569.3032668}
2025/10/15 19:29:30 POLARIS_LOG {"event":"send_rate","rate":304000,"ts":1760556570.3009145}
2025/10/15 19:29:31 POLARIS_LOG {"event":"send_rate","rate":248000,"ts":1760556571.3007}
2025/10/15 19:29:32 POLARIS_LOG {"event":"send_rate","rate":216000,"ts":1760556572.3008125}
2025/10/15 19:29:33 POLARIS_LOG {"event":"send_rate","rate":248000,"ts":1760556573.3007486}
2025/10/15 19:29:34 POLARIS_LOG {"event":"send_rate","rate":352000,"ts":1760556574.3004873}
2025/10/15 19:29:35 POLARIS_LOG {"event":"send_rate","rate":248000,"ts":1760556575.3003788}
2025/10/15 19:29:36 POLARIS_LOG {"event":"send_rate","rate":216000,"ts":1760556576.3002856}
2025/10/15 19:29:37 POLARIS_LOG {"event":"send_rate","rate":312000,"ts":1760556577.3009634}
2025/10/15 19:29:38 POLARIS_LOG {"event":"send_rate","rate":248000,"ts":1760556578.3005579}
2025/10/15 19:29:39 POLARIS_LOG {"event":"send_rate","rate":248000,"ts":1760556579.301123}
2025/10/15 19:29:39 POLARIS_LOG {"candidates":9,"candidates_unfiltered":9,"current_rate":248000,"estimated_share":666500,"event":"path_switch","max_estimated_share":666500,"new":"5 5 1 1","old":"7 7","trigger":"scheduled","ts":1760556579.3012326}
2025/10/15 19:29:40 POLARIS_LOG {"event":"send_rate","rate":664000,"ts":1760556580.3130078}
2025/10/15 19:29:41 POLARIS_LOG {"event":"send_rate","rate":296000,"ts":1760556581.30139}
2025/10/15 19:29:42 POLARIS_LOG {"event":"send_rate","rate":304000,"ts":1760556582.3010979}
2025/10/15 19:29:43 POLARIS_LOG {"event":"send_rate","rate":296000,"ts":1760556583.3004928}
2025/10/15 19:29:44 POLARIS_LOG {"event":"send_rate","rate":304000,"ts":1760556584.3010387}
2025/10/15 19:29:45 POLARIS_LOG {"event":"send_rate","rate":296000,"ts":1760556585.3004746}
2025/10/15 19:29:46 POLARIS_LOG {"event":"send_rate","rate":304000,"ts":1760556586.30051}
2025/10/15 19:29:47 POLARIS_LOG {"event":"send_rate","rate":296000,"ts":1760556587.3009136}
2025/10/15 19:29:48 POLARIS_LOG {"event":"send_rate","rate":304000,"ts":1760556588.30109}
2025/10/15 19:29:49 POLARIS_LOG {"event":"send_rate","rate":296000,"ts":1760556589.3007507}
2025/10/15 19:29:50 POLARIS_LOG {"event":"send_rate","rate":304000,"ts":1760556590.3010352}
2025/10/15 19:29:51 POLARIS_LOG {"event":"send_rate","rate":296000,"ts":1760556591.3012607}
2025/10/15 19:29:52 POLARIS_LOG {"event":"send_rate","rate":304000,"ts":1760556592.3003485}
2025/10/15 19:29:53 POLARIS_LOG {"event":"send_rate","rate":296000,"ts":1760556593.3010833}
2025/10/15 19:29:54 POLARIS_LOG {"event":"send_rate","rate":304000,"ts":1760556594.3019404}
2025/10/15 19:29:55 POLARIS_LOG {"event":"send_rate","rate":296000,"ts":1760556595.3033943}
2025/10/15 19:29:56 POLARIS_LOG {"event":"send_rate","rate":304000,"ts":1760556596.30202}
2025/10/15 19:29:57 POLARIS_LOG {"event":"send_rate","rate":296000,"ts":1760556597.3016727}
2025/10/15 19:29:58 POLARIS_LOG {"event":"send_rate","rate":304000,"ts":1760556598.300371}
2025/10/15 19:29:59 POLARIS_LOG {"event":"send_rate","rate":296000,"ts":1760556599.3010447}
2025/10/15 19:30:00 POLARIS_LOG {"event":"send_rate","rate":304000,"ts":1760556600.3008287}
2025/10/15 19:30:01 POLARIS_LOG {"event":"send_rate","rate":296000,"ts":1760556601.3012137}
2025/10/15 19:30:02 POLARIS_LOG {"event":"send_rate","rate":304000,"ts":1760556602.300698}
2025/10/15 19:30:03 POLARIS_LOG {"event":"send_rate","rate":296000,"ts":1760556603.300338}
2025/10/15 19:30:04 POLARIS_LOG {"event":"send_rate","rate":304000,"ts":1760556604.300791}
2025/10/15 19:30:05 POLARIS_LOG {"event":"send_rate","rate":296000,"ts":1760556605.3011897}
2025/10/15 19:30:06 POLARIS_LOG {"event":"send_rate","rate":304000,"ts":1760556606.3002977}
2025/10/15 19:30:07 POLARIS_LOG {"event":"send_rate","rate":296000,"ts":1760556607.301367}
2025/10/15 19:30:08 POLARIS_LOG {"event":"send_rate","rate":304000,"ts":1760556608.3010361}
2025/10/15 19:30:09 POLARIS_LOG {"event":"send_rate","rate":296000,"ts":1760556609.3012338}
2025/10/15 19:30:10 POLARIS_LOG {"event":"send_rate","rate":296000,"ts":1760556610.3002696}
2025/10/15 19:30:11 POLARIS_LOG {"event":"send_rate","rate":304000,"ts":1760556611.3006496}
2025/10/15 19:30:12 POLARIS_LOG {"event":"send_rate","rate":304000,"ts":1760556612.3012452}
2025/10/15 19:30:13 POLARIS_LOG {"event":"send_rate","rate":296000,"ts":1760556613.30075}
2025/10/15 19:30:14 POLARIS_LOG {"event":"send_rate","rate":296000,"ts":1760556614.300683}
2025/10/15 19:30:15 POLARIS_LOG {"event":"send_rate","rate":304000,"ts":1760556615.3010666}
2025/10/15 19:30:16 POLARIS_LOG {"event":"send_rate","rate":296000,"ts":1760556616.3008642}
2025/10/15 19:30:17 POLARIS_LOG {"event":"send_rate","rate":304000,"ts":1760556617.3006377}
2025/10/15 19:30:18 POLARIS_LOG {"event":"send_rate","rate":304000,"ts":1760556618.301446}
2025/10/15 19:30:19 POLARIS_LOG {"event":"send_rate","rate":296000,"ts":1760556619.302536}
2025/10/15 19:30:20 POLARIS_LOG {"event":"send_rate","rate":296000,"ts":1760556620.3012443}
2025/10/15 19:30:21 POLARIS_LOG {"event":"send_rate","rate":304000,"ts":1760556621.3009028}
2025/10/15 19:30:22 POLARIS_LOG {"event":"send_rate","rate":296000,"ts":1760556622.3009808}
2025/10/15 19:30:23 POLARIS_LOG {"event":"send_rate","rate":304000,"ts":1760556623.3005576}
2025/10/15 19:30:24 POLARIS_LOG {"event":"send_rate","rate":296000,"ts":1760556624.3002121}
2025/10/15 19:30:25 POLARIS_LOG {"event":"send_rate","rate":304000,"ts":1760556625.3003657}
2025/10/15 19:30:26 POLARIS_LOG {"event":"send_rate","rate":296000,"ts":1760556626.3014739}
2025/10/15 19:30:27 POLARIS_LOG {"event":"send_rate","rate":304000,"ts":1760556627.3003747}
2025/10/15 19:30:28 POLARIS_LOG {"event":"send_rate","rate":296000,"ts":1760556628.3023465}
2025/10/15 19:30:29 POLARIS_LOG {"event":"send_rate","rate":304000,"ts":1760556629.3013468}
2025/10/15 19:30:30 POLARIS_LOG {"event":"send_rate","rate":296000,"ts":1760556630.301169}
2025/10/15 19:30:31 POLARIS_LOG {"event":"send_rate","rate":304000,"ts":1760556631.300673}
2025/10/15 19:30:32 POLARIS_LOG {"event":"send_rate","rate":296000,"ts":1760556632.301226}
2025/10/15 19:30:33 POLARIS_LOG {"event":"send_rate","rate":304000,"ts":1760556633.300924}
2025/10/15 19:30:34 POLARIS_LOG {"event":"send_rate","rate":296000,"ts":1760556634.3004794}
2025/10/15 19:30:35 POLARIS_LOG {"event":"send_rate","rate":304000,"ts":1760556635.3012}
2025/10/15 19:30:36 POLARIS_LOG {"event":"send_rate","rate":296000,"ts":1760556636.301012}
2025/10/15 19:30:37 POLARIS_LOG {"event":"send_rate","rate":304000,"ts":1760556637.3008544}
2025/10/15 19:30:38 POLARIS_LOG {"event":"send_rate","rate":296000,"ts":1760556638.3007243}
2025/10/15 19:30:39 POLARIS_LOG {"event":"send_rate","rate":304000,"ts":1760556639.300838}
2025/10/15 19:30:40 POLARIS_LOG {"event":"send_rate","rate":296000,"ts":1760556640.301144}
2025/10/15 19:30:41 POLARIS_LOG {"event":"send_rate","rate":304000,"ts":1760556641.3058453}
2025/10/15 19:30:42 POLARIS_LOG {"event":"send_rate","rate":296000,"ts":1760556642.3030643}
2025/10/15 19:30:43 POLARIS_LOG {"event":"send_rate","rate":304000,"ts":1760556643.3025227}
2025/10/15 19:30:44 POLARIS_LOG {"event":"send_rate","rate":296000,"ts":1760556644.3007097}
2025/10/15 19:30:45 POLARIS_LOG {"event":"send_rate","rate":304000,"ts":1760556645.3006976}
2025/10/15 19:30:46 POLARIS_LOG {"event":"send_rate","rate":296000,"ts":1760556646.3004556}
2025/10/15 19:30:47 POLARIS_LOG {"event":"send_rate","rate":304000,"ts":1760556647.3010929}
2025/10/15 19:30:48 POLARIS_LOG {"event":"send_rate","rate":296000,"ts":1760556648.302272}
2025/10/15 19:30:49 POLARIS_LOG {"event":"send_rate","rate":304000,"ts":1760556649.3015835}
2025/10/15 19:30:50 POLARIS_LOG {"event":"send_rate","rate":296000,"ts":1760556650.3012373}
2025/10/15 19:30:51 POLARIS_LOG {"event":"send_rate","rate":304000,"ts":1760556651.3003507}
2025/10/15 19:30:52 POLARIS_LOG {"event":"send_rate","rate":296000,"ts":1760556652.3043244}
2025/10/15 19:30:53 POLARIS_LOG {"event":"send_rate","rate":304000,"ts":1760556653.3006694}
2025/10/15 19:30:54 POLARIS_LOG {"event":"send_rate","rate":296000,"ts":1760556654.3010728}
2025/10/15 19:30:55 POLARIS_LOG {"event":"send_rate","rate":304000,"ts":1760556655.3008919}
2025/10/15 19:30:56 POLARIS_LOG {"event":"send_rate","rate":296000,"ts":1760556656.3003917}
2025/10/15 19:30:57 POLARIS_LOG {"event":"send_rate","rate":304000,"ts":1760556657.3023555}
2025/10/15 19:30:58 POLARIS_LOG {"event":"send_rate","rate":296000,"ts":1760556658.3009644}
2025/10/15 19:30:59 POLARIS_LOG {"event":"send_rate","rate":304000,"ts":1760556659.3020236}
2025/10/15 19:31:00 POLARIS_LOG {"event":"send_rate","rate":296000,"ts":1760556660.3014154}
2025/10/15 19:31:01 POLARIS_LOG {"event":"send_rate","rate":304000,"ts":1760556661.3004363}
2025/10/15 19:31:02 POLARIS_LOG {"event":"send_rate","rate":296000,"ts":1760556662.3010578}
2025/10/15 19:31:03 POLARIS_LOG {"event":"send_rate","rate":304000,"ts":1760556663.3004785}
2025/10/15 19:31:04 POLARIS_LOG {"event":"send_rate","rate":296000,"ts":1760556664.3013396}
2025/10/15 19:31:05 POLARIS_LOG {"event":"send_rate","rate":304000,"ts":1760556665.3004966}
2025/10/15 19:31:06 POLARIS_LOG {"event":"send_rate","rate":296000,"ts":1760556666.3005135}
2025/10/15 19:31:07 POLARIS_LOG {"event":"send_rate","rate":304000,"ts":1760556667.3014796}
2025/10/15 19:31:08 POLARIS_LOG {"event":"send_rate","rate":296000,"ts":1760556668.300479}
2025/10/15 19:31:09 POLARIS_LOG {"event":"send_rate","rate":304000,"ts":1760556669.3005}
2025/10/15 19:31:10 POLARIS_LOG {"event":"send_rate","rate":296000,"ts":1760556670.3086066}
2025/10/15 19:31:11 POLARIS_LOG {"event":"send_rate","rate":304000,"ts":1760556671.3007107}
2025/10/15 19:31:12 POLARIS_LOG {"event":"send_rate","rate":296000,"ts":1760556672.300775}
2025/10/15 19:31:13 POLARIS_LOG {"event":"send_rate","rate":304000,"ts":1760556673.3006334}
2025/10/15 19:31:14 POLARIS_LOG {"event":"send_rate","rate":296000,"ts":1760556674.30049}
2025/10/15 19:31:15 POLARIS_LOG {"event":"send_rate","rate":304000,"ts":1760556675.3006938}
2025/10/15 19:31:16 POLARIS_LOG {"event":"send_rate","rate":296000,"ts":1760556676.3011534}
2025/10/15 19:31:17 POLARIS_LOG {"event":"send_rate","rate":304000,"ts":1760556677.300906}
2025/10/15 19:31:18 POLARIS_LOG {"event":"send_rate","rate":296000,"ts":1760556678.3009725}
2025/10/15 19:31:19 POLARIS_LOG {"event":"send_rate","rate":304000,"ts":1760556679.3011298}
2025/10/15 19:31:20 POLARIS_LOG {"event":"send_rate","rate":296000,"ts":1760556680.3011863}
2025/10/15 19:31:21 POLARIS_LOG {"event":"send_rate","rate":304000,"ts":1760556681.30152}
2025/10/15 19:31:22 POLARIS_LOG {"event":"send_rate","rate":296000,"ts":1760556682.3007505}
2025/10/15 19:31:23 POLARIS_LOG {"event":"send_rate","rate":304000,"ts":1760556683.301437}
2025/10/15 19:31:24 POLARIS_LOG {"event":"send_rate","rate":296000,"ts":1760556684.301018}
2025/10/15 19:31:25 POLARIS_LOG {"event":"send_rate","rate":304000,"ts":1760556685.3006551}
2025/10/15 19:31:26 POLARIS_LOG {"event":"send_rate","rate":296000,"ts":1760556686.3009953}
2025/10/15 19:31:27 POLARIS_LOG {"event":"send_rate","rate":304000,"ts":1760556687.3010893}
2025/10/15 19:31:28 POLARIS_LOG {"event":"send_rate","rate":296000,"ts":1760556688.3016825}
2025/10/15 19:31:29 POLARIS_LOG {"event":"send_rate","rate":304000,"ts":1760556689.3014562}
2025/10/15 19:31:30 POLARIS_LOG {"event":"send_rate","rate":296000,"ts":1760556690.3010533}
2025/10/15 19:31:31 POLARIS_LOG {"event":"send_rate","rate":304000,"ts":1760556691.3016543}
2025/10/15 19:31:32 POLARIS_LOG {"event":"send_rate","rate":296000,"ts":1760556692.3006759}
2025/10/15 19:31:33 POLARIS_LOG {"event":"send_rate","rate":304000,"ts":1760556693.300688}
2025/10/15 19:31:34 POLARIS_LOG {"event":"send_rate","rate":296000,"ts":1760556694.3010032}
2025/10/15 19:31:35 POLARIS_LOG {"event":"send_rate","rate":304000,"ts":1760556695.3009543}
2025/10/15 19:31:36 POLARIS_LOG {"event":"send_rate","rate":296000,"ts":1760556696.3008971}
2025/10/15 19:31:37 POLARIS_LOG {"event":"send_rate","rate":296000,"ts":1760556697.3012085}
2025/10/15 19:31:38 POLARIS_LOG {"event":"send_rate","rate":304000,"ts":1760556698.3008108}
2025/10/15 19:31:39 POLARIS_LOG {"event":"send_rate","rate":304000,"ts":1760556699.3023267}
2025/10/15 19:31:40 POLARIS_LOG {"event":"send_rate","rate":296000,"ts":1760556700.3007464}
2025/10/15 19:31:41 POLARIS_LOG {"event":"send_rate","rate":296000,"ts":1760556701.3009312}
2025/10/15 19:31:42 POLARIS_LOG {"event":"send_rate","rate":304000,"ts":1760556702.3004897}
2025/10/15 19:31:43 POLARIS_LOG {"event":"send_rate","rate":296000,"ts":1760556703.3012586}
2025/10/15 19:31:44 POLARIS_LOG {"event":"send_rate","rate":304000,"ts":1760556704.300749}
2025/10/15 19:31:45 POLARIS_LOG {"event":"send_rate","rate":304000,"ts":1760556705.305122}
2025/10/15 19:31:46 POLARIS_LOG {"event":"send_rate","rate":296000,"ts":1760556706.300636}
2025/10/15 19:31:47 POLARIS_LOG {"event":"send_rate","rate":296000,"ts":1760556707.3006349}
2025/10/15 19:31:48 POLARIS_LOG {"event":"send_rate","rate":304000,"ts":1760556708.3010342}
2025/10/15 19:31:49 POLARIS_LOG {"event":"send_rate","rate":296000,"ts":1760556709.3032947}
2025/10/15 19:31:50 POLARIS_LOG {"event":"send_rate","rate":304000,"ts":1760556710.3012986}
2025/10/15 19:31:51 POLARIS_LOG {"event":"send_rate","rate":296000,"ts":1760556711.3008182}
2025/10/15 19:31:52 POLARIS_LOG {"event":"send_rate","rate":304000,"ts":1760556712.3013525}
2025/10/15 19:31:53 POLARIS_LOG {"event":"send_rate","rate":304000,"ts":1760556713.3033385}
2025/10/15 19:31:54 POLARIS_LOG {"event":"send_rate","rate":296000,"ts":1760556714.3004224}
2025/10/15 19:31:55 POLARIS_LOG {"event":"send_rate","rate":296000,"ts":1760556715.3013039}
2025/10/15 19:31:56 POLARIS_LOG {"event":"send_rate","rate":304000,"ts":1760556716.3006184}
2025/10/15 19:31:57 POLARIS_LOG {"event":"send_rate","rate":296000,"ts":1760556717.3007505}
2025/10/15 19:31:58 POLARIS_LOG {"event":"send_rate","rate":304000,"ts":1760556718.3011408}
2025/10/15 19:31:59 POLARIS_LOG {"event":"send_rate","rate":296000,"ts":1760556719.3009195}
2025/10/15 19:32:00 POLARIS_LOG {"event":"send_rate","rate":304000,"ts":1760556720.3006973}
2025/10/15 19:32:01 POLARIS_LOG {"event":"send_rate","rate":296000,"ts":1760556721.3006856}
2025/10/15 19:32:02 POLARIS_LOG {"event":"send_rate","rate":304000,"ts":1760556722.3012228}
2025/10/15 19:32:03 POLARIS_LOG {"event":"send_rate","rate":296000,"ts":1760556723.3004763}
2025/10/15 19:32:04 POLARIS_LOG {"event":"send_rate","rate":304000,"ts":1760556724.301056}
2025/10/15 19:32:05 POLARIS_LOG {"event":"send_rate","rate":296000,"ts":1760556725.3005683}
2025/10/15 19:32:06 POLARIS_LOG {"event":"send_rate","rate":304000,"ts":1760556726.3007247}
2025/10/15 19:32:07 POLARIS_LOG {"event":"send_rate","rate":296000,"ts":1760556727.3004475}
2025/10/15 19:32:08 POLARIS_LOG {"event":"send_rate","rate":304000,"ts":1760556728.3009589}
2025/10/15 19:32:09 POLARIS_LOG {"event":"send_rate","rate":296000,"ts":1760556729.308324}
2025/10/15 19:32:10 POLARIS_LOG {"event":"send_rate","rate":304000,"ts":1760556730.3016908}
2025/10/15 19:32:11 POLARIS_LOG {"event":"send_rate","rate":296000,"ts":1760556731.3011177}
2025/10/15 19:32:12 POLARIS_LOG {"event":"send_rate","rate":304000,"ts":1760556732.301391}
2025/10/15 19:32:13 POLARIS_LOG {"event":"send_rate","rate":296000,"ts":1760556733.300238}
2025/10/15 19:32:14 POLARIS_LOG {"event":"send_rate","rate":304000,"ts":1760556734.301065}
2025/10/15 19:32:15 POLARIS_LOG {"event":"send_rate","rate":296000,"ts":1760556735.3011262}
2025/10/15 19:32:16 POLARIS_LOG {"event":"send_rate","rate":304000,"ts":1760556736.3010411}
2025/10/15 19:32:17 POLARIS_LOG {"event":"send_rate","rate":296000,"ts":1760556737.301195}
2025/10/15 19:32:18 POLARIS_LOG {"event":"send_rate","rate":304000,"ts":1760556738.3012285}
2025/10/15 19:32:19 POLARIS_LOG {"event":"send_rate","rate":296000,"ts":1760556739.300767}
2025/10/15 19:32:20 POLARIS_LOG {"event":"send_rate","rate":304000,"ts":1760556740.3020134}
2025/10/15 19:32:21 POLARIS_LOG {"event":"send_rate","rate":296000,"ts":1760556741.3006964}
2025/10/15 19:32:22 POLARIS_LOG {"event":"send_rate","rate":304000,"ts":1760556742.3009512}
2025/10/15 19:32:23 POLARIS_LOG {"event":"send_rate","rate":296000,"ts":1760556743.3005784}
2025/10/15 19:32:24 POLARIS_LOG {"event":"send_rate","rate":304000,"ts":1760556744.3006842}
2025/10/15 19:32:25 POLARIS_LOG {"event":"send_rate","rate":296000,"ts":1760556745.3028898}
2025/10/15 19:32:26 POLARIS_LOG {"event":"send_rate","rate":304000,"ts":1760556746.301912}
2025/10/15 19:32:27 POLARIS_LOG {"event":"send_rate","rate":296000,"ts":1760556747.3011754}
2025/10/15 19:32:28 POLARIS_LOG {"event":"send_rate","rate":304000,"ts":1760556748.300933}
2025/10/15 19:32:29 POLARIS_LOG {"event":"send_rate","rate":296000,"ts":1760556749.3010094}
2025/10/15 19:32:30 POLARIS_LOG {"event":"send_rate","rate":304000,"ts":1760556750.301826}
2025/10/15 19:32:31 POLARIS_LOG {"event":"send_rate","rate":296000,"ts":1760556751.3018398}
2025/10/15 19:32:32 POLARIS_LOG {"event":"send_rate","rate":304000,"ts":1760556752.3015704}
2025/10/15 19:32:33 POLARIS_LOG {"event":"send_rate","rate":296000,"ts":1760556753.3014016}
2025/10/15 19:32:34 POLARIS_LOG {"event":"send_rate","rate":304000,"ts":1760556754.3002152}
2025/10/15 19:32:35 POLARIS_LOG {"event":"send_rate","rate":296000,"ts":1760556755.3013678}
2025/10/15 19:32:36 POLARIS_LOG {"event":"send_rate","rate":304000,"ts":1760556756.301479}
2025/10/15 19:32:37 POLARIS_LOG {"event":"send_rate","rate":296000,"ts":1760556757.3009946}
2025/10/15 19:32:38 POLARIS_LOG {"event":"send_rate","rate":304000,"ts":1760556758.3005702}
2025/10/15 19:32:39 POLARIS_LOG {"event":"send_rate","rate":296000,"ts":1760556759.3013444}
2025/10/15 19:32:40 POLARIS_LOG {"event":"send_rate","rate":304000,"ts":1760556760.3004496}
2025/10/15 19:32:41 POLARIS_LOG {"event":"send_rate","rate":296000,"ts":1760556761.3012183}
2025/10/15 19:32:42 POLARIS_LOG {"event":"send_rate","rate":304000,"ts":1760556762.3002105}
2025/10/15 19:32:43 POLARIS_LOG {"event":"send_rate","rate":296000,"ts":1760556763.3003004}
2025/10/15 19:32:44 POLARIS_LOG {"event":"send_rate","rate":304000,"ts":1760556764.3014493}
2025/10/15 19:32:45 POLARIS_LOG {"event":"send_rate","rate":296000,"ts":1760556765.3011415}
2025/10/15 19:32:46 POLARIS_LOG {"event":"send_rate","rate":304000,"ts":1760556766.3010457}
2025/10/15 19:32:47 POLARIS_LOG {"event":"send_rate","rate":296000,"ts":1760556767.3012033}
2025/10/15 19:32:48 POLARIS_LOG {"event":"send_rate","rate":304000,"ts":1760556768.3003154}
2025/10/15 19:32:49 POLARIS_LOG {"event":"send_rate","rate":296000,"ts":1760556769.301034}
2025/10/15 19:32:50 POLARIS_LOG {"event":"send_rate","rate":304000,"ts":1760556770.3010674}
2025/10/15 19:32:51 POLARIS_LOG {"event":"send_rate","rate":296000,"ts":1760556771.3028777}
2025/10/15 19:32:52 POLARIS_LOG {"event":"send_rate","rate":304000,"ts":1760556772.3010063}
2025/10/15 19:32:53 POLARIS_LOG {"event":"send_rate","rate":296000,"ts":1760556773.300471}
2025/10/15 19:32:54 POLARIS_LOG {"event":"send_rate","rate":304000,"ts":1760556774.3011034}
2025/10/15 19:32:55 POLARIS_LOG {"event":"send_rate","rate":296000,"ts":1760556775.3007143}
2025/10/15 19:32:56 POLARIS_LOG {"event":"send_rate","rate":304000,"ts":1760556776.3015172}
2025/10/15 19:32:57 POLARIS_LOG {"event":"send_rate","rate":296000,"ts":1760556777.301491}
2025/10/15 19:32:58 POLARIS_LOG {"event":"send_rate","rate":304000,"ts":1760556778.30066}
2025/10/15 19:32:59 POLARIS_LOG {"event":"send_rate","rate":296000,"ts":1760556779.3005147}
2025/10/15 19:33:00 POLARIS_LOG {"event":"send_rate","rate":304000,"ts":1760556780.3026628}
2025/10/15 19:33:01 POLARIS_LOG {"event":"send_rate","rate":296000,"ts":1760556781.3011096}
2025/10/15 19:33:02 POLARIS_LOG {"event":"send_rate","rate":304000,"ts":1760556782.3007739}
2025/10/15 19:33:03 POLARIS_LOG {"event":"send_rate","rate":296000,"ts":1760556783.3007345}
2025/10/15 19:33:04 POLARIS_LOG {"event":"send_rate","rate":304000,"ts":1760556784.3061295}
2025/10/15 19:33:05 POLARIS_LOG {"event":"send_rate","rate":296000,"ts":1760556785.3003438}
2025/10/15 19:33:06 POLARIS_LOG {"event":"send_rate","rate":304000,"ts":1760556786.3015642}
2025/10/15 19:33:07 POLARIS_LOG {"event":"send_rate","rate":296000,"ts":1760556787.300797}
2025/10/15 19:33:08 POLARIS_LOG {"event":"send_rate","rate":296000,"ts":1760556788.3009093}
2025/10/15 19:33:09 POLARIS_LOG {"event":"send_rate","rate":304000,"ts":1760556789.300963}
2025/10/15 19:33:10 POLARIS_LOG {"event":"send_rate","rate":296000,"ts":1760556790.3007107}
2025/10/15 19:33:11 POLARIS_LOG {"event":"send_rate","rate":304000,"ts":1760556791.3032773}
2025/10/15 19:33:12 POLARIS_LOG {"event":"send_rate","rate":296000,"ts":1760556792.3007634}
2025/10/15 19:33:13 POLARIS_LOG {"event":"send_rate","rate":304000,"ts":1760556793.3013356}
2025/10/15 19:33:14 POLARIS_LOG {"event":"send_rate","rate":296000,"ts":1760556794.3002331}
2025/10/15 19:33:15 POLARIS_LOG {"event":"send_rate","rate":304000,"ts":1760556795.3044827}
2025/10/15 19:33:16 POLARIS_LOG {"event":"send_rate","rate":296000,"ts":1760556796.3007712}
2025/10/15 19:33:17 POLARIS_LOG {"event":"send_rate","rate":304000,"ts":1760556797.3023806}
2025/10/15 19:33:18 POLARIS_LOG {"event":"send_rate","rate":296000,"ts":1760556798.300468}
2025/10/15 19:33:19 POLARIS_LOG {"event":"send_rate","rate":304000,"ts":1760556799.3009665}
2025/10/15 19:33:20 POLARIS_LOG {"event":"send_rate","rate":296000,"ts":1760556800.3006692}
2025/10/15 19:33:21 POLARIS_LOG {"event":"send_rate","rate":304000,"ts":1760556801.3011239}
2025/10/15 19:33:22 POLARIS_LOG {"event":"send_rate","rate":296000,"ts":1760556802.3008919}
2025/10/15 19:33:23 POLARIS_LOG {"event":"send_rate","rate":304000,"ts":1760556803.3026557}
2025/10/15 19:33:24 POLARIS_LOG {"event":"send_rate","rate":296000,"ts":1760556804.3012085}
2025/10/15 19:33:25 POLARIS_LOG {"event":"send_rate","rate":304000,"ts":1760556805.3015864}
2025/10/15 19:33:26 POLARIS_LOG {"event":"send_rate","rate":296000,"ts":1760556806.3034394}
2025/10/15 19:33:27 POLARIS_LOG {"event":"send_rate","rate":304000,"ts":1760556807.30154}
2025/10/15 19:33:28 POLARIS_LOG {"event":"send_rate","rate":296000,"ts":1760556808.3012693}
2025/10/15 19:33:29 POLARIS_LOG {"event":"send_rate","rate":304000,"ts":1760556809.3023465}
2025/10/15 19:33:30 POLARIS_LOG {"event":"send_rate","rate":296000,"ts":1760556810.3010678}
2025/10/15 19:33:31 POLARIS_LOG {"event":"send_rate","rate":304000,"ts":1760556811.3022687}
2025/10/15 19:33:32 POLARIS_LOG {"event":"send_rate","rate":296000,"ts":1760556812.3003557}
2025/10/15 19:33:33 POLARIS_LOG {"event":"send_rate","rate":304000,"ts":1760556813.300525}
2025/10/15 19:33:34 POLARIS_LOG {"event":"send_rate","rate":296000,"ts":1760556814.3010983}
We need to sleep for 1 seconds before we can get the results
2025/10/15 19:33:35 POLARIS_LOG {"event":"send_rate","rate":8000,"ts":1760556815.3004708}
Drain Loop received packet
Drain Loop received non-nil payload
Client sent 9562 packets, server reported 9557 packets received
The network loss rate from client to server is 0.1%

S->C results
Attempted bandwidth: 0 bps / 0.00 Mbps
Achieved bandwidth: 0 bps / 0.00 Mbps
Loss rate: 0.0%
Interarrival time min/avg/max/mdev = -0.000/0.000/0.000/0.000 ms

C->S results
Attempted bandwidth: 299984 bps / 0.30 Mbps
Achieved bandwidth: 299827 bps / 0.30 Mbps
Loss rate: 0.1%
Interarrival time min/avg/max/mdev = 0.002/26.719/475.916/21.194 ms
