
Test parameters:
client->server: 249 seconds, 1000 bytes, 9337 packets
server->client: 249 seconds, 1000 bytes, 0 packets
Polaris prober initialized with 14 paths
2025/10/15 19:29:25 POLARIS_LOG {"current_rate":0,"event":"path_switch","new":"7 7","trigger":"initialization","ts":1760556565.3254044}
Polaris prober initialized with local 1-114,10.114.0.71:32740 and remote 1-112,10.112.0.71
2025/10/15 19:29:27 POLARIS_LOG {"event":"send_rate","rate":0,"ts":1760556567.326879}
2025/10/15 19:29:28 POLARIS_LOG {"event":"send_rate","rate":152000,"ts":1760556568.3279977}
2025/10/15 19:29:29 POLARIS_LOG {"event":"send_rate","rate":296000,"ts":1760556569.327138}
2025/10/15 19:29:30 POLARIS_LOG {"event":"send_rate","rate":304000,"ts":1760556570.3297546}
2025/10/15 19:29:31 POLARIS_LOG {"event":"send_rate","rate":296000,"ts":1760556571.3298576}
2025/10/15 19:29:32 POLARIS_LOG {"event":"send_rate","rate":304000,"ts":1760556572.3272617}
2025/10/15 19:29:33 POLARIS_LOG {"event":"send_rate","rate":296000,"ts":1760556573.3274536}
2025/10/15 19:29:34 POLARIS_LOG {"event":"send_rate","rate":296000,"ts":1760556574.3272614}
2025/10/15 19:29:35 POLARIS_LOG {"event":"send_rate","rate":304000,"ts":1760556575.328446}
2025/10/15 19:29:36 POLARIS_LOG {"event":"send_rate","rate":304000,"ts":1760556576.3270195}
2025/10/15 19:29:37 POLARIS_LOG {"event":"send_rate","rate":296000,"ts":1760556577.3277395}
2025/10/15 19:29:38 POLARIS_LOG {"event":"send_rate","rate":304000,"ts":1760556578.3268726}
2025/10/15 19:29:39 POLARIS_LOG {"event":"send_rate","rate":296000,"ts":1760556579.3271694}
2025/10/15 19:29:40 POLARIS_LOG {"event":"send_rate","rate":304000,"ts":1760556580.328032}
2025/10/15 19:29:41 POLARIS_LOG {"event":"send_rate","rate":296000,"ts":1760556581.328509}
2025/10/15 19:29:42 POLARIS_LOG {"event":"send_rate","rate":304000,"ts":1760556582.3268757}
2025/10/15 19:29:43 POLARIS_LOG {"event":"send_rate","rate":296000,"ts":1760556583.327632}
2025/10/15 19:29:44 POLARIS_LOG {"event":"send_rate","rate":304000,"ts":1760556584.3277612}
2025/10/15 19:29:45 POLARIS_LOG {"event":"send_rate","rate":296000,"ts":1760556585.3276603}
2025/10/15 19:29:46 POLARIS_LOG {"event":"send_rate","rate":296000,"ts":1760556586.327271}
2025/10/15 19:29:47 POLARIS_LOG {"event":"send_rate","rate":304000,"ts":1760556587.3278637}
2025/10/15 19:29:48 POLARIS_LOG {"event":"send_rate","rate":304000,"ts":1760556588.3302987}
2025/10/15 19:29:49 POLARIS_LOG {"event":"send_rate","rate":296000,"ts":1760556589.328945}
2025/10/15 19:29:50 POLARIS_LOG {"event":"send_rate","rate":296000,"ts":1760556590.3270192}
2025/10/15 19:29:51 POLARIS_LOG {"event":"send_rate","rate":304000,"ts":1760556591.3305442}
2025/10/15 19:29:52 POLARIS_LOG {"event":"send_rate","rate":304000,"ts":1760556592.3278823}
2025/10/15 19:29:53 POLARIS_LOG {"event":"send_rate","rate":296000,"ts":1760556593.3270595}
2025/10/15 19:29:54 POLARIS_LOG {"event":"send_rate","rate":296000,"ts":1760556594.3270545}
2025/10/15 19:29:55 POLARIS_LOG {"event":"send_rate","rate":304000,"ts":1760556595.3310978}
2025/10/15 19:29:56 POLARIS_LOG {"event":"send_rate","rate":296000,"ts":1760556596.3272398}
2025/10/15 19:29:57 POLARIS_LOG {"event":"send_rate","rate":304000,"ts":1760556597.3276808}
2025/10/15 19:29:58 POLARIS_LOG {"event":"send_rate","rate":296000,"ts":1760556598.3270214}
2025/10/15 19:29:59 POLARIS_LOG {"event":"send_rate","rate":304000,"ts":1760556599.3273647}
2025/10/15 19:30:00 POLARIS_LOG {"event":"send_rate","rate":296000,"ts":1760556600.327485}
2025/10/15 19:30:01 POLARIS_LOG {"event":"send_rate","rate":304000,"ts":1760556601.3270702}
2025/10/15 19:30:02 POLARIS_LOG {"event":"send_rate","rate":296000,"ts":1760556602.3283799}
2025/10/15 19:30:03 POLARIS_LOG {"event":"send_rate","rate":304000,"ts":1760556603.327559}
2025/10/15 19:30:04 POLARIS_LOG {"event":"send_rate","rate":296000,"ts":1760556604.3271298}
2025/10/15 19:30:05 POLARIS_LOG {"event":"send_rate","rate":304000,"ts":1760556605.327604}
2025/10/15 19:30:06 POLARIS_LOG {"event":"send_rate","rate":296000,"ts":1760556606.32749}
2025/10/15 19:30:07 POLARIS_LOG {"event":"send_rate","rate":304000,"ts":1760556607.3294575}
2025/10/15 19:30:08 POLARIS_LOG {"event":"send_rate","rate":296000,"ts":1760556608.329949}
2025/10/15 19:30:09 POLARIS_LOG {"event":"send_rate","rate":304000,"ts":1760556609.3274834}
2025/10/15 19:30:10 POLARIS_LOG {"event":"send_rate","rate":296000,"ts":1760556610.327572}
2025/10/15 19:30:11 POLARIS_LOG {"event":"send_rate","rate":304000,"ts":1760556611.3277555}
2025/10/15 19:30:12 POLARIS_LOG {"event":"send_rate","rate":296000,"ts":1760556612.32713}
2025/10/15 19:30:13 POLARIS_LOG {"event":"send_rate","rate":304000,"ts":1760556613.3300078}
2025/10/15 19:30:14 POLARIS_LOG {"event":"send_rate","rate":296000,"ts":1760556614.3269687}
2025/10/15 19:30:15 POLARIS_LOG {"event":"send_rate","rate":304000,"ts":1760556615.3271065}
2025/10/15 19:30:16 POLARIS_LOG {"event":"send_rate","rate":296000,"ts":1760556616.327288}
2025/10/15 19:30:17 POLARIS_LOG {"event":"send_rate","rate":304000,"ts":1760556617.3273962}
2025/10/15 19:30:18 POLARIS_LOG {"event":"send_rate","rate":296000,"ts":1760556618.329485}
2025/10/15 19:30:19 POLARIS_LOG {"event":"send_rate","rate":304000,"ts":1760556619.3275096}
2025/10/15 19:30:20 POLARIS_LOG {"event":"send_rate","rate":296000,"ts":1760556620.3279068}
2025/10/15 19:30:21 POLARIS_LOG {"event":"send_rate","rate":304000,"ts":1760556621.3271375}
2025/10/15 19:30:22 POLARIS_LOG {"event":"send_rate","rate":296000,"ts":1760556622.3273652}
2025/10/15 19:30:23 POLARIS_LOG {"event":"send_rate","rate":304000,"ts":1760556623.327685}
2025/10/15 19:30:24 POLARIS_LOG {"event":"send_rate","rate":296000,"ts":1760556624.3323314}
2025/10/15 19:30:25 POLARIS_LOG {"event":"send_rate","rate":304000,"ts":1760556625.3276143}
2025/10/15 19:30:26 POLARIS_LOG {"event":"send_rate","rate":296000,"ts":1760556626.3282204}
2025/10/15 19:30:27 POLARIS_LOG {"event":"send_rate","rate":304000,"ts":1760556627.3278797}
2025/10/15 19:30:28 POLARIS_LOG {"event":"send_rate","rate":296000,"ts":1760556628.3273532}
2025/10/15 19:30:29 POLARIS_LOG {"event":"send_rate","rate":304000,"ts":1760556629.3269074}
2025/10/15 19:30:30 POLARIS_LOG {"event":"send_rate","rate":296000,"ts":1760556630.3293931}
2025/10/15 19:30:31 POLARIS_LOG {"event":"send_rate","rate":304000,"ts":1760556631.3301294}
2025/10/15 19:30:32 POLARIS_LOG {"event":"send_rate","rate":296000,"ts":1760556632.328212}
2025/10/15 19:30:33 POLARIS_LOG {"event":"send_rate","rate":304000,"ts":1760556633.3274052}
2025/10/15 19:30:34 POLARIS_LOG {"event":"send_rate","rate":296000,"ts":1760556634.326851}
2025/10/15 19:30:35 POLARIS_LOG {"event":"send_rate","rate":304000,"ts":1760556635.3299668}
2025/10/15 19:30:36 POLARIS_LOG {"event":"send_rate","rate":296000,"ts":1760556636.3300843}
2025/10/15 19:30:37 POLARIS_LOG {"event":"send_rate","rate":304000,"ts":1760556637.3277633}
2025/10/15 19:30:38 POLARIS_LOG {"event":"send_rate","rate":296000,"ts":1760556638.327919}
2025/10/15 19:30:39 POLARIS_LOG {"event":"send_rate","rate":296000,"ts":1760556639.3269694}
2025/10/15 19:30:40 POLARIS_LOG {"event":"send_rate","rate":304000,"ts":1760556640.3277361}
2025/10/15 19:30:41 POLARIS_LOG {"event":"send_rate","rate":304000,"ts":1760556641.328583}
2025/10/15 19:30:42 POLARIS_LOG {"event":"send_rate","rate":304000,"ts":1760556642.3423417}
2025/10/15 19:30:43 POLARIS_LOG {"event":"send_rate","rate":296000,"ts":1760556643.3283856}
2025/10/15 19:30:44 POLARIS_LOG {"event":"send_rate","rate":296000,"ts":1760556644.3289442}
2025/10/15 19:30:45 POLARIS_LOG {"event":"send_rate","rate":304000,"ts":1760556645.3277433}
2025/10/15 19:30:46 POLARIS_LOG {"event":"send_rate","rate":296000,"ts":1760556646.3277664}
2025/10/15 19:30:47 POLARIS_LOG {"event":"send_rate","rate":304000,"ts":1760556647.3268685}
2025/10/15 19:30:48 POLARIS_LOG {"event":"send_rate","rate":296000,"ts":1760556648.3275282}
2025/10/15 19:30:49 POLARIS_LOG {"event":"send_rate","rate":304000,"ts":1760556649.327026}
2025/10/15 19:30:50 POLARIS_LOG {"event":"send_rate","rate":296000,"ts":1760556650.3281255}
2025/10/15 19:30:51 POLARIS_LOG {"event":"send_rate","rate":304000,"ts":1760556651.3282986}
2025/10/15 19:30:52 POLARIS_LOG {"event":"send_rate","rate":296000,"ts":1760556652.327647}
2025/10/15 19:30:53 POLARIS_LOG {"event":"send_rate","rate":304000,"ts":1760556653.3273036}
2025/10/15 19:30:54 POLARIS_LOG {"event":"send_rate","rate":296000,"ts":1760556654.3280106}
2025/10/15 19:30:55 POLARIS_LOG {"event":"send_rate","rate":304000,"ts":1760556655.3290205}
2025/10/15 19:30:56 POLARIS_LOG {"event":"send_rate","rate":296000,"ts":1760556656.3280206}
2025/10/15 19:30:57 POLARIS_LOG {"event":"send_rate","rate":296000,"ts":1760556657.3317492}
2025/10/15 19:30:58 POLARIS_LOG {"event":"send_rate","rate":304000,"ts":1760556658.3284173}
2025/10/15 19:30:59 POLARIS_LOG {"event":"send_rate","rate":304000,"ts":1760556659.327657}
2025/10/15 19:31:00 POLARIS_LOG {"event":"send_rate","rate":296000,"ts":1760556660.3283746}
2025/10/15 19:31:01 POLARIS_LOG {"event":"send_rate","rate":304000,"ts":1760556661.3274837}
2025/10/15 19:31:02 POLARIS_LOG {"event":"send_rate","rate":296000,"ts":1760556662.3274615}
2025/10/15 19:31:03 POLARIS_LOG {"event":"send_rate","rate":304000,"ts":1760556663.3269079}
2025/10/15 19:31:04 POLARIS_LOG {"event":"send_rate","rate":296000,"ts":1760556664.3276124}
2025/10/15 19:31:05 POLARIS_LOG {"event":"send_rate","rate":304000,"ts":1760556665.327773}
2025/10/15 19:31:06 POLARIS_LOG {"event":"send_rate","rate":296000,"ts":1760556666.32751}
2025/10/15 19:31:07 POLARIS_LOG {"event":"send_rate","rate":304000,"ts":1760556667.3269768}
2025/10/15 19:31:08 POLARIS_LOG {"event":"send_rate","rate":296000,"ts":1760556668.3285232}
2025/10/15 19:31:09 POLARIS_LOG {"event":"send_rate","rate":304000,"ts":1760556669.3287888}
2025/10/15 19:31:10 POLARIS_LOG {"event":"send_rate","rate":296000,"ts":1760556670.3270364}
2025/10/15 19:31:11 POLARIS_LOG {"event":"send_rate","rate":304000,"ts":1760556671.328194}
2025/10/15 19:31:12 POLARIS_LOG {"event":"send_rate","rate":296000,"ts":1760556672.3288598}
2025/10/15 19:31:13 POLARIS_LOG {"event":"send_rate","rate":296000,"ts":1760556673.327094}
2025/10/15 19:31:14 POLARIS_LOG {"event":"send_rate","rate":304000,"ts":1760556674.3269503}
2025/10/15 19:31:15 POLARIS_LOG {"event":"send_rate","rate":296000,"ts":1760556675.3368604}
2025/10/15 19:31:16 POLARIS_LOG {"event":"send_rate","rate":304000,"ts":1760556676.3276362}
2025/10/15 19:31:17 POLARIS_LOG {"event":"send_rate","rate":296000,"ts":1760556677.3279827}
2025/10/15 19:31:18 POLARIS_LOG {"event":"send_rate","rate":304000,"ts":1760556678.3278217}
2025/10/15 19:31:19 POLARIS_LOG {"event":"send_rate","rate":296000,"ts":1760556679.3276355}
2025/10/15 19:31:20 POLARIS_LOG {"event":"send_rate","rate":304000,"ts":1760556680.3278894}
2025/10/15 19:31:21 POLARIS_LOG {"event":"send_rate","rate":296000,"ts":1760556681.3269384}
2025/10/15 19:31:22 POLARIS_LOG {"event":"send_rate","rate":304000,"ts":1760556682.3268516}
2025/10/15 19:31:23 POLARIS_LOG {"event":"send_rate","rate":296000,"ts":1760556683.3272681}
2025/10/15 19:31:24 POLARIS_LOG {"event":"send_rate","rate":304000,"ts":1760556684.3273673}
2025/10/15 19:31:25 POLARIS_LOG {"event":"send_rate","rate":304000,"ts":1760556685.3313203}
2025/10/15 19:31:26 POLARIS_LOG {"event":"send_rate","rate":296000,"ts":1760556686.327935}
2025/10/15 19:31:27 POLARIS_LOG {"event":"send_rate","rate":296000,"ts":1760556687.327417}
2025/10/15 19:31:28 POLARIS_LOG {"event":"send_rate","rate":304000,"ts":1760556688.3280747}
2025/10/15 19:31:29 POLARIS_LOG {"event":"send_rate","rate":304000,"ts":1760556689.3343832}
2025/10/15 19:31:30 POLARIS_LOG {"event":"send_rate","rate":296000,"ts":1760556690.3277931}
2025/10/15 19:31:31 POLARIS_LOG {"event":"send_rate","rate":296000,"ts":1760556691.3274798}
2025/10/15 19:31:32 POLARIS_LOG {"event":"send_rate","rate":304000,"ts":1760556692.328493}
2025/10/15 19:31:33 POLARIS_LOG {"event":"send_rate","rate":304000,"ts":1760556693.3449714}
2025/10/15 19:31:34 POLARIS_LOG {"event":"send_rate","rate":296000,"ts":1760556694.3272908}
2025/10/15 19:31:35 POLARIS_LOG {"event":"send_rate","rate":296000,"ts":1760556695.3277125}
2025/10/15 19:31:36 POLARIS_LOG {"event":"send_rate","rate":304000,"ts":1760556696.3286536}
2025/10/15 19:31:37 POLARIS_LOG {"event":"send_rate","rate":296000,"ts":1760556697.3283296}
2025/10/15 19:31:38 POLARIS_LOG {"event":"send_rate","rate":304000,"ts":1760556698.3268785}
2025/10/15 19:31:39 POLARIS_LOG {"event":"send_rate","rate":296000,"ts":1760556699.328313}
2025/10/15 19:31:40 POLARIS_LOG {"event":"send_rate","rate":304000,"ts":1760556700.3269424}
2025/10/15 19:31:41 POLARIS_LOG {"event":"send_rate","rate":296000,"ts":1760556701.3275418}
2025/10/15 19:31:42 POLARIS_LOG {"event":"send_rate","rate":304000,"ts":1760556702.3269913}
2025/10/15 19:31:43 POLARIS_LOG {"event":"send_rate","rate":296000,"ts":1760556703.3269072}
2025/10/15 19:31:44 POLARIS_LOG {"event":"send_rate","rate":304000,"ts":1760556704.3285918}
2025/10/15 19:31:45 POLARIS_LOG {"event":"send_rate","rate":296000,"ts":1760556705.3273797}
2025/10/15 19:31:46 POLARIS_LOG {"event":"send_rate","rate":304000,"ts":1760556706.327289}
2025/10/15 19:31:47 POLARIS_LOG {"event":"send_rate","rate":296000,"ts":1760556707.3272579}
2025/10/15 19:31:48 POLARIS_LOG {"event":"send_rate","rate":304000,"ts":1760556708.3273358}
2025/10/15 19:31:49 POLARIS_LOG {"event":"send_rate","rate":296000,"ts":1760556709.3289125}
2025/10/15 19:31:50 POLARIS_LOG {"event":"send_rate","rate":304000,"ts":1760556710.3271468}
2025/10/15 19:31:51 POLARIS_LOG {"event":"send_rate","rate":296000,"ts":1760556711.3274045}
2025/10/15 19:31:52 POLARIS_LOG {"event":"send_rate","rate":304000,"ts":1760556712.3282344}
2025/10/15 19:31:53 POLARIS_LOG {"event":"send_rate","rate":296000,"ts":1760556713.3317864}
2025/10/15 19:31:54 POLARIS_LOG {"event":"send_rate","rate":304000,"ts":1760556714.3273299}
2025/10/15 19:31:55 POLARIS_LOG {"event":"send_rate","rate":296000,"ts":1760556715.3310692}
2025/10/15 19:31:56 POLARIS_LOG {"event":"send_rate","rate":304000,"ts":1760556716.3279095}
2025/10/15 19:31:57 POLARIS_LOG {"event":"send_rate","rate":296000,"ts":1760556717.3272839}
2025/10/15 19:31:58 POLARIS_LOG {"event":"send_rate","rate":304000,"ts":1760556718.3275347}
2025/10/15 19:31:59 POLARIS_LOG {"event":"send_rate","rate":296000,"ts":1760556719.3273625}
2025/10/15 19:32:00 POLARIS_LOG {"event":"send_rate","rate":304000,"ts":1760556720.3280053}
2025/10/15 19:32:01 POLARIS_LOG {"event":"send_rate","rate":296000,"ts":1760556721.3281877}
2025/10/15 19:32:02 POLARIS_LOG {"event":"send_rate","rate":304000,"ts":1760556722.3275883}
2025/10/15 19:32:03 POLARIS_LOG {"event":"send_rate","rate":296000,"ts":1760556723.3277388}
2025/10/15 19:32:04 POLARIS_LOG {"event":"send_rate","rate":304000,"ts":1760556724.327109}
2025/10/15 19:32:05 POLARIS_LOG {"event":"send_rate","rate":296000,"ts":1760556725.327523}
2025/10/15 19:32:06 POLARIS_LOG {"event":"send_rate","rate":304000,"ts":1760556726.327259}
2025/10/15 19:32:07 POLARIS_LOG {"event":"send_rate","rate":296000,"ts":1760556727.3277547}
2025/10/15 19:32:08 POLARIS_LOG {"event":"send_rate","rate":304000,"ts":1760556728.3287277}
2025/10/15 19:32:09 POLARIS_LOG {"event":"send_rate","rate":296000,"ts":1760556729.3270774}
2025/10/15 19:32:10 POLARIS_LOG {"event":"send_rate","rate":304000,"ts":1760556730.328865}
2025/10/15 19:32:11 POLARIS_LOG {"event":"send_rate","rate":296000,"ts":1760556731.3280025}
2025/10/15 19:32:12 POLARIS_LOG {"event":"send_rate","rate":296000,"ts":1760556732.3293653}
2025/10/15 19:32:13 POLARIS_LOG {"event":"send_rate","rate":304000,"ts":1760556733.3285842}
2025/10/15 19:32:14 POLARIS_LOG {"event":"send_rate","rate":304000,"ts":1760556734.3281684}
2025/10/15 19:32:15 POLARIS_LOG {"event":"send_rate","rate":296000,"ts":1760556735.3278422}
2025/10/15 19:32:16 POLARIS_LOG {"event":"send_rate","rate":296000,"ts":1760556736.3296938}
2025/10/15 19:32:17 POLARIS_LOG {"event":"send_rate","rate":304000,"ts":1760556737.3273306}
2025/10/15 19:32:18 POLARIS_LOG {"event":"send_rate","rate":304000,"ts":1760556738.3269098}
2025/10/15 19:32:19 POLARIS_LOG {"event":"send_rate","rate":296000,"ts":1760556739.3273644}
2025/10/15 19:32:20 POLARIS_LOG {"event":"send_rate","rate":304000,"ts":1760556740.327193}
2025/10/15 19:32:21 POLARIS_LOG {"event":"send_rate","rate":296000,"ts":1760556741.328748}
2025/10/15 19:32:22 POLARIS_LOG {"event":"send_rate","rate":304000,"ts":1760556742.3280082}
2025/10/15 19:32:23 POLARIS_LOG {"event":"send_rate","rate":296000,"ts":1760556743.327392}
2025/10/15 19:32:24 POLARIS_LOG {"event":"send_rate","rate":304000,"ts":1760556744.3289614}
2025/10/15 19:32:25 POLARIS_LOG {"event":"send_rate","rate":296000,"ts":1760556745.3276584}
2025/10/15 19:32:26 POLARIS_LOG {"event":"send_rate","rate":304000,"ts":1760556746.3281329}
2025/10/15 19:32:27 POLARIS_LOG {"event":"send_rate","rate":296000,"ts":1760556747.327866}
2025/10/15 19:32:28 POLARIS_LOG {"event":"send_rate","rate":304000,"ts":1760556748.3268595}
2025/10/15 19:32:29 POLARIS_LOG {"event":"send_rate","rate":296000,"ts":1760556749.3287828}
2025/10/15 19:32:30 POLARIS_LOG {"event":"send_rate","rate":296000,"ts":1760556750.3271046}
2025/10/15 19:32:31 POLARIS_LOG {"event":"send_rate","rate":304000,"ts":1760556751.3268576}
2025/10/15 19:32:32 POLARIS_LOG {"event":"send_rate","rate":304000,"ts":1760556752.33372}
2025/10/15 19:32:33 POLARIS_LOG {"event":"send_rate","rate":296000,"ts":1760556753.327169}
2025/10/15 19:32:34 POLARIS_LOG {"event":"send_rate","rate":304000,"ts":1760556754.3274212}
2025/10/15 19:32:35 POLARIS_LOG {"event":"send_rate","rate":296000,"ts":1760556755.328712}
2025/10/15 19:32:36 POLARIS_LOG {"event":"send_rate","rate":296000,"ts":1760556756.327072}
2025/10/15 19:32:37 POLARIS_LOG {"event":"send_rate","rate":304000,"ts":1760556757.3327222}
2025/10/15 19:32:38 POLARIS_LOG {"event":"send_rate","rate":304000,"ts":1760556758.3289213}
2025/10/15 19:32:39 POLARIS_LOG {"event":"send_rate","rate":296000,"ts":1760556759.3281162}
2025/10/15 19:32:40 POLARIS_LOG {"event":"send_rate","rate":296000,"ts":1760556760.326957}
2025/10/15 19:32:41 POLARIS_LOG {"event":"send_rate","rate":304000,"ts":1760556761.3274252}
2025/10/15 19:32:42 POLARIS_LOG {"event":"send_rate","rate":304000,"ts":1760556762.3307552}
2025/10/15 19:32:43 POLARIS_LOG {"event":"send_rate","rate":296000,"ts":1760556763.3272974}
2025/10/15 19:32:44 POLARIS_LOG {"event":"send_rate","rate":304000,"ts":1760556764.329463}
2025/10/15 19:32:45 POLARIS_LOG {"event":"send_rate","rate":296000,"ts":1760556765.329252}
2025/10/15 19:32:46 POLARIS_LOG {"event":"send_rate","rate":296000,"ts":1760556766.3275902}
2025/10/15 19:32:47 POLARIS_LOG {"event":"send_rate","rate":304000,"ts":1760556767.3282044}
2025/10/15 19:32:48 POLARIS_LOG {"event":"send_rate","rate":296000,"ts":1760556768.3275986}
2025/10/15 19:32:49 POLARIS_LOG {"event":"send_rate","rate":304000,"ts":1760556769.3278584}
2025/10/15 19:32:50 POLARIS_LOG {"event":"send_rate","rate":296000,"ts":1760556770.3274148}
2025/10/15 19:32:51 POLARIS_LOG {"event":"send_rate","rate":304000,"ts":1760556771.328253}
2025/10/15 19:32:52 POLARIS_LOG {"event":"send_rate","rate":296000,"ts":1760556772.3280115}
2025/10/15 19:32:53 POLARIS_LOG {"event":"send_rate","rate":304000,"ts":1760556773.327585}
2025/10/15 19:32:54 POLARIS_LOG {"event":"send_rate","rate":296000,"ts":1760556774.3282585}
2025/10/15 19:32:55 POLARIS_LOG {"event":"send_rate","rate":304000,"ts":1760556775.328422}
2025/10/15 19:32:56 POLARIS_LOG {"event":"send_rate","rate":296000,"ts":1760556776.3270614}
2025/10/15 19:32:57 POLARIS_LOG {"event":"send_rate","rate":304000,"ts":1760556777.328397}
2025/10/15 19:32:58 POLARIS_LOG {"event":"send_rate","rate":296000,"ts":1760556778.3278983}
2025/10/15 19:32:59 POLARIS_LOG {"event":"send_rate","rate":304000,"ts":1760556779.328783}
2025/10/15 19:33:00 POLARIS_LOG {"event":"send_rate","rate":296000,"ts":1760556780.3280666}
2025/10/15 19:33:01 POLARIS_LOG {"event":"send_rate","rate":304000,"ts":1760556781.3279502}
2025/10/15 19:33:02 POLARIS_LOG {"event":"send_rate","rate":296000,"ts":1760556782.3301692}
2025/10/15 19:33:03 POLARIS_LOG {"event":"send_rate","rate":304000,"ts":1760556783.3283598}
2025/10/15 19:33:04 POLARIS_LOG {"event":"send_rate","rate":296000,"ts":1760556784.3276489}
2025/10/15 19:33:05 POLARIS_LOG {"event":"send_rate","rate":304000,"ts":1760556785.3270276}
2025/10/15 19:33:06 POLARIS_LOG {"event":"send_rate","rate":296000,"ts":1760556786.3272977}
2025/10/15 19:33:07 POLARIS_LOG {"event":"send_rate","rate":304000,"ts":1760556787.3271034}
2025/10/15 19:33:08 POLARIS_LOG {"event":"send_rate","rate":296000,"ts":1760556788.328039}
2025/10/15 19:33:09 POLARIS_LOG {"event":"send_rate","rate":304000,"ts":1760556789.3268497}
2025/10/15 19:33:10 POLARIS_LOG {"event":"send_rate","rate":296000,"ts":1760556790.3278456}
2025/10/15 19:33:11 POLARIS_LOG {"event":"send_rate","rate":304000,"ts":1760556791.3269825}
2025/10/15 19:33:12 POLARIS_LOG {"event":"send_rate","rate":296000,"ts":1760556792.3302083}
2025/10/15 19:33:13 POLARIS_LOG {"event":"send_rate","rate":304000,"ts":1760556793.3271754}
2025/10/15 19:33:14 POLARIS_LOG {"event":"send_rate","rate":296000,"ts":1760556794.327235}
2025/10/15 19:33:15 POLARIS_LOG {"event":"send_rate","rate":304000,"ts":1760556795.3280764}
2025/10/15 19:33:16 POLARIS_LOG {"event":"send_rate","rate":296000,"ts":1760556796.3278}
2025/10/15 19:33:17 POLARIS_LOG {"event":"send_rate","rate":304000,"ts":1760556797.3274248}
2025/10/15 19:33:18 POLARIS_LOG {"event":"send_rate","rate":296000,"ts":1760556798.3286872}
2025/10/15 19:33:19 POLARIS_LOG {"event":"send_rate","rate":304000,"ts":1760556799.3317876}
2025/10/15 19:33:20 POLARIS_LOG {"event":"send_rate","rate":296000,"ts":1760556800.3268495}
2025/10/15 19:33:21 POLARIS_LOG {"event":"send_rate","rate":304000,"ts":1760556801.3271167}
2025/10/15 19:33:22 POLARIS_LOG {"event":"send_rate","rate":296000,"ts":1760556802.3273442}
2025/10/15 19:33:23 POLARIS_LOG {"event":"send_rate","rate":304000,"ts":1760556803.3281968}
2025/10/15 19:33:24 POLARIS_LOG {"event":"send_rate","rate":296000,"ts":1760556804.3284411}
2025/10/15 19:33:25 POLARIS_LOG {"event":"send_rate","rate":304000,"ts":1760556805.328767}
2025/10/15 19:33:26 POLARIS_LOG {"event":"send_rate","rate":296000,"ts":1760556806.3287709}
2025/10/15 19:33:27 POLARIS_LOG {"event":"send_rate","rate":304000,"ts":1760556807.3339274}
2025/10/15 19:33:28 POLARIS_LOG {"event":"send_rate","rate":296000,"ts":1760556808.3276181}
2025/10/15 19:33:29 POLARIS_LOG {"event":"send_rate","rate":304000,"ts":1760556809.3272386}
2025/10/15 19:33:30 POLARIS_LOG {"event":"send_rate","rate":296000,"ts":1760556810.3292353}
2025/10/15 19:33:31 POLARIS_LOG {"event":"send_rate","rate":304000,"ts":1760556811.3277152}
2025/10/15 19:33:32 POLARIS_LOG {"event":"send_rate","rate":296000,"ts":1760556812.3285348}
2025/10/15 19:33:33 POLARIS_LOG {"event":"send_rate","rate":304000,"ts":1760556813.3273618}
2025/10/15 19:33:34 POLARIS_LOG {"event":"send_rate","rate":296000,"ts":1760556814.327901}
2025/10/15 19:33:35 POLARIS_LOG {"event":"send_rate","rate":304000,"ts":1760556815.327276}
2025/10/15 19:33:36 POLARIS_LOG {"event":"send_rate","rate":296000,"ts":1760556816.327184}
Drain Loop received packet
Drain Loop received non-nil payload
Client sent 9337 packets, server reported 9319 packets received
The network loss rate from client to server is 0.2%

S->C results
Attempted bandwidth: 0 bps / 0.00 Mbps
Achieved bandwidth: 0 bps / 0.00 Mbps
Loss rate: 0.0%
Interarrival time min/avg/max/mdev = -0.000/0.000/0.000/0.000 ms

C->S results
Attempted bandwidth: 299983 bps / 0.30 Mbps
Achieved bandwidth: 299405 bps / 0.30 Mbps
Loss rate: 0.2%
Interarrival time min/avg/max/mdev = 0.002/26.556/185.500/12.607 ms
