
Test parameters:
client->server: 300 seconds, 1000 bytes, 11250 packets
server->client: 300 seconds, 1000 bytes, 0 packets
2025/10/17 19:59:15 POLARIS_LOG {"current_rate":0,"event":"path_switch","new":"2 2 5 2","trigger":"initialization","ts":1760731155.561095}
Polaris prober initialized with 38 paths
Polaris prober initialized with local 1-111,10.111.0.71:32764 and remote 1-113,10.113.0.71
2025/10/17 19:59:16 POLARIS_LOG {"event":"send_rate","rate":304000,"ts":1760731156.5624185}
2025/10/17 19:59:17 POLARIS_LOG {"event":"send_rate","rate":296000,"ts":1760731157.5631118}
2025/10/17 19:59:18 POLARIS_LOG {"event":"send_rate","rate":304000,"ts":1760731158.5623968}
2025/10/17 19:59:19 POLARIS_LOG {"event":"send_rate","rate":296000,"ts":1760731159.5636423}
2025/10/17 19:59:20 POLARIS_LOG {"event":"send_rate","rate":304000,"ts":1760731160.5627134}
2025/10/17 19:59:21 POLARIS_LOG {"event":"send_rate","rate":296000,"ts":1760731161.5624647}
2025/10/17 19:59:22 POLARIS_LOG {"event":"send_rate","rate":304000,"ts":1760731162.562915}
2025/10/17 19:59:23 POLARIS_LOG {"event":"send_rate","rate":296000,"ts":1760731163.5627136}
2025/10/17 19:59:24 POLARIS_LOG {"event":"send_rate","rate":304000,"ts":1760731164.565241}
2025/10/17 19:59:25 POLARIS_LOG {"event":"send_rate","rate":296000,"ts":1760731165.5630374}
2025/10/17 19:59:26 POLARIS_LOG {"event":"send_rate","rate":304000,"ts":1760731166.5651999}
2025/10/17 19:59:27 POLARIS_LOG {"event":"send_rate","rate":296000,"ts":1760731167.5665376}
2025/10/17 19:59:28 POLARIS_LOG {"event":"send_rate","rate":304000,"ts":1760731168.5631573}
2025/10/17 19:59:29 POLARIS_LOG {"event":"send_rate","rate":296000,"ts":1760731169.5625653}
2025/10/17 19:59:30 POLARIS_LOG {"event":"send_rate","rate":304000,"ts":1760731170.5630376}
2025/10/17 19:59:31 POLARIS_LOG {"event":"send_rate","rate":296000,"ts":1760731171.5628555}
2025/10/17 19:59:32 POLARIS_LOG {"event":"send_rate","rate":304000,"ts":1760731172.563722}
2025/10/17 19:59:33 POLARIS_LOG {"event":"send_rate","rate":296000,"ts":1760731173.5683625}
2025/10/17 19:59:34 POLARIS_LOG {"event":"send_rate","rate":304000,"ts":1760731174.5628293}
2025/10/17 19:59:35 POLARIS_LOG {"event":"send_rate","rate":296000,"ts":1760731175.5626798}
2025/10/17 19:59:36 POLARIS_LOG {"event":"send_rate","rate":304000,"ts":1760731176.5625758}
2025/10/17 19:59:37 POLARIS_LOG {"event":"send_rate","rate":296000,"ts":1760731177.562737}
2025/10/17 19:59:38 POLARIS_LOG {"event":"send_rate","rate":304000,"ts":1760731178.5631993}
2025/10/17 19:59:39 POLARIS_LOG {"event":"send_rate","rate":296000,"ts":1760731179.5654602}
2025/10/17 19:59:40 POLARIS_LOG {"event":"send_rate","rate":304000,"ts":1760731180.5632405}
2025/10/17 19:59:41 POLARIS_LOG {"event":"send_rate","rate":296000,"ts":1760731181.5645423}
2025/10/17 19:59:42 POLARIS_LOG {"event":"send_rate","rate":304000,"ts":1760731182.568601}
2025/10/17 19:59:43 POLARIS_LOG {"event":"send_rate","rate":296000,"ts":1760731183.5629466}
2025/10/17 19:59:44 POLARIS_LOG {"event":"send_rate","rate":304000,"ts":1760731184.562738}
2025/10/17 19:59:45 POLARIS_LOG {"event":"send_rate","rate":296000,"ts":1760731185.5632055}
2025/10/17 19:59:46 POLARIS_LOG {"event":"send_rate","rate":160000,"ts":1760731186.5625043}
2025/10/17 19:59:47 POLARIS_LOG {"event":"send_rate","rate":208000,"ts":1760731187.5636706}
2025/10/17 19:59:48 POLARIS_LOG {"event":"send_rate","rate":88000,"ts":1760731188.5629675}
2025/10/17 19:59:49 POLARIS_LOG {"event":"send_rate","rate":208000,"ts":1760731189.5632465}
2025/10/17 19:59:50 POLARIS_LOG {"event":"send_rate","rate":240000,"ts":1760731190.5626056}
2025/10/17 19:59:51 POLARIS_LOG {"event":"send_rate","rate":280000,"ts":1760731191.5648441}
2025/10/17 19:59:52 POLARIS_LOG {"event":"send_rate","rate":288000,"ts":1760731192.5655253}
2025/10/17 19:59:53 POLARIS_LOG {"event":"send_rate","rate":184000,"ts":1760731193.562748}
2025/10/17 19:59:54 POLARIS_LOG {"event":"send_rate","rate":216000,"ts":1760731194.5672688}
2025/10/17 19:59:55 POLARIS_LOG {"event":"send_rate","rate":248000,"ts":1760731195.5838382}
2025/10/17 19:59:56 POLARIS_LOG {"event":"send_rate","rate":224000,"ts":1760731196.5703158}
2025/10/17 19:59:57 POLARIS_LOG {"event":"send_rate","rate":296000,"ts":1760731197.5634644}
2025/10/17 19:59:58 POLARIS_LOG {"event":"send_rate","rate":264000,"ts":1760731198.5625272}
2025/10/17 19:59:59 POLARIS_LOG {"event":"send_rate","rate":264000,"ts":1760731199.5664544}
2025/10/17 20:00:00 POLARIS_LOG {"event":"send_rate","rate":280000,"ts":1760731200.6293097}
2025/10/17 20:00:01 POLARIS_LOG {"event":"send_rate","rate":176000,"ts":1760731201.5640035}
2025/10/17 20:00:02 POLARIS_LOG {"event":"send_rate","rate":176000,"ts":1760731202.5645874}
2025/10/17 20:00:03 POLARIS_LOG {"event":"send_rate","rate":208000,"ts":1760731203.5638506}
2025/10/17 20:00:04 POLARIS_LOG {"event":"send_rate","rate":152000,"ts":1760731204.5636485}
2025/10/17 20:00:05 POLARIS_LOG {"event":"send_rate","rate":160000,"ts":1760731205.56315}
2025/10/17 20:00:06 POLARIS_LOG {"event":"send_rate","rate":176000,"ts":1760731206.5634053}
2025/10/17 20:00:07 POLARIS_LOG {"event":"send_rate","rate":136000,"ts":1760731207.5641139}
2025/10/17 20:00:08 POLARIS_LOG {"event":"send_rate","rate":168000,"ts":1760731208.5642376}
2025/10/17 20:00:09 POLARIS_LOG {"event":"send_rate","rate":128000,"ts":1760731209.5656135}
2025/10/17 20:00:10 POLARIS_LOG {"event":"send_rate","rate":88000,"ts":1760731210.5639465}
2025/10/17 20:00:11 POLARIS_LOG {"event":"send_rate","rate":80000,"ts":1760731211.5702605}
2025/10/17 20:00:12 POLARIS_LOG {"event":"send_rate","rate":128000,"ts":1760731212.563111}
2025/10/17 20:00:13 POLARIS_LOG {"event":"send_rate","rate":112000,"ts":1760731213.5632908}
2025/10/17 20:00:14 POLARIS_LOG {"event":"send_rate","rate":104000,"ts":1760731214.5645356}
2025/10/17 20:00:15 POLARIS_LOG {"event":"send_rate","rate":192000,"ts":1760731215.563735}
2025/10/17 20:00:16 POLARIS_LOG {"event":"send_rate","rate":152000,"ts":1760731216.563055}
2025/10/17 20:00:17 POLARIS_LOG {"event":"send_rate","rate":160000,"ts":1760731217.5632975}
2025/10/17 20:00:18 POLARIS_LOG {"event":"send_rate","rate":120000,"ts":1760731218.569764}
2025/10/17 20:00:19 POLARIS_LOG {"event":"send_rate","rate":112000,"ts":1760731219.5631263}
2025/10/17 20:00:20 POLARIS_LOG {"event":"send_rate","rate":128000,"ts":1760731220.5681014}
2025/10/17 20:00:21 POLARIS_LOG {"event":"send_rate","rate":176000,"ts":1760731221.5648293}
2025/10/17 20:00:22 POLARIS_LOG {"event":"send_rate","rate":80000,"ts":1760731222.5630393}
2025/10/17 20:00:23 POLARIS_LOG {"event":"send_rate","rate":128000,"ts":1760731223.5647597}
2025/10/17 20:00:24 POLARIS_LOG {"event":"send_rate","rate":48000,"ts":1760731224.564579}
2025/10/17 20:00:25 POLARIS_LOG {"event":"send_rate","rate":88000,"ts":1760731225.5655863}
2025/10/17 20:00:25 POLARIS_LOG {"candidates":19,"candidates_unfiltered":25,"current_rate":88000,"estimated_share":400000,"event":"path_switch","max_estimated_share":500000,"new":"3 3 6 6 2 4","old":"2 2 5 2","trigger":"scheduled","ts":1760731225.5656633}
2025/10/17 20:00:26 POLARIS_LOG {"event":"send_rate","rate":3152000,"ts":1760731226.5692952}
2025/10/17 20:00:27 POLARIS_LOG {"event":"send_rate","rate":2624000,"ts":1760731227.5629764}
2025/10/17 20:00:28 POLARIS_LOG {"event":"send_rate","rate":296000,"ts":1760731228.5626256}
2025/10/17 20:00:29 POLARIS_LOG {"event":"send_rate","rate":304000,"ts":1760731229.5626833}
2025/10/17 20:00:30 POLARIS_LOG {"event":"send_rate","rate":312000,"ts":1760731230.6002548}
2025/10/17 20:00:31 POLARIS_LOG {"event":"send_rate","rate":288000,"ts":1760731231.5682402}
2025/10/17 20:00:32 POLARIS_LOG {"event":"send_rate","rate":304000,"ts":1760731232.574933}
2025/10/17 20:00:33 POLARIS_LOG {"event":"send_rate","rate":296000,"ts":1760731233.5631745}
2025/10/17 20:00:34 POLARIS_LOG {"event":"send_rate","rate":288000,"ts":1760731234.5688794}
2025/10/17 20:00:35 POLARIS_LOG {"event":"send_rate","rate":312000,"ts":1760731235.5632293}
2025/10/17 20:00:36 POLARIS_LOG {"event":"send_rate","rate":304000,"ts":1760731236.564346}
2025/10/17 20:00:37 POLARIS_LOG {"event":"send_rate","rate":296000,"ts":1760731237.5639439}
2025/10/17 20:00:38 POLARIS_LOG {"event":"send_rate","rate":296000,"ts":1760731238.5637827}
2025/10/17 20:00:39 POLARIS_LOG {"event":"send_rate","rate":304000,"ts":1760731239.5676355}
2025/10/17 20:00:40 POLARIS_LOG {"event":"send_rate","rate":304000,"ts":1760731240.579371}
2025/10/17 20:00:41 POLARIS_LOG {"event":"send_rate","rate":296000,"ts":1760731241.5625098}
2025/10/17 20:00:42 POLARIS_LOG {"event":"send_rate","rate":296000,"ts":1760731242.5631142}
2025/10/17 20:00:43 POLARIS_LOG {"event":"send_rate","rate":304000,"ts":1760731243.5668848}
2025/10/17 20:00:44 POLARIS_LOG {"event":"send_rate","rate":296000,"ts":1760731244.568923}
2025/10/17 20:00:45 POLARIS_LOG {"event":"send_rate","rate":304000,"ts":1760731245.5624886}
2025/10/17 20:00:46 POLARIS_LOG {"event":"send_rate","rate":296000,"ts":1760731246.5632267}
2025/10/17 20:00:47 POLARIS_LOG {"event":"send_rate","rate":304000,"ts":1760731247.5631707}
2025/10/17 20:00:48 POLARIS_LOG {"event":"send_rate","rate":304000,"ts":1760731248.5721753}
2025/10/17 20:00:49 POLARIS_LOG {"event":"send_rate","rate":296000,"ts":1760731249.5625377}
2025/10/17 20:00:50 POLARIS_LOG {"event":"send_rate","rate":296000,"ts":1760731250.5691917}
2025/10/17 20:00:51 POLARIS_LOG {"event":"send_rate","rate":304000,"ts":1760731251.5632057}
2025/10/17 20:00:52 POLARIS_LOG {"event":"send_rate","rate":296000,"ts":1760731252.5649803}
2025/10/17 20:00:53 POLARIS_LOG {"event":"send_rate","rate":304000,"ts":1760731253.5659645}
2025/10/17 20:00:54 POLARIS_LOG {"event":"send_rate","rate":296000,"ts":1760731254.5624545}
2025/10/17 20:00:55 POLARIS_LOG {"event":"send_rate","rate":304000,"ts":1760731255.5632513}
2025/10/17 20:00:56 POLARIS_LOG {"event":"send_rate","rate":296000,"ts":1760731256.5636983}
2025/10/17 20:00:57 POLARIS_LOG {"event":"send_rate","rate":304000,"ts":1760731257.5667536}
2025/10/17 20:00:58 POLARIS_LOG {"event":"send_rate","rate":296000,"ts":1760731258.5634694}
2025/10/17 20:00:59 POLARIS_LOG {"event":"send_rate","rate":304000,"ts":1760731259.5624542}
2025/10/17 20:01:00 POLARIS_LOG {"event":"send_rate","rate":296000,"ts":1760731260.5625503}
2025/10/17 20:01:01 POLARIS_LOG {"event":"send_rate","rate":304000,"ts":1760731261.5647228}
2025/10/17 20:01:02 POLARIS_LOG {"event":"send_rate","rate":296000,"ts":1760731262.5639093}
2025/10/17 20:01:03 POLARIS_LOG {"event":"send_rate","rate":304000,"ts":1760731263.5699587}
2025/10/17 20:01:04 POLARIS_LOG {"event":"send_rate","rate":296000,"ts":1760731264.5673916}
2025/10/17 20:01:05 POLARIS_LOG {"event":"send_rate","rate":304000,"ts":1760731265.563176}
2025/10/17 20:01:06 POLARIS_LOG {"event":"send_rate","rate":296000,"ts":1760731266.5625985}
2025/10/17 20:01:07 POLARIS_LOG {"event":"send_rate","rate":304000,"ts":1760731267.56305}
2025/10/17 20:01:08 POLARIS_LOG {"event":"send_rate","rate":296000,"ts":1760731268.5627844}
2025/10/17 20:01:09 POLARIS_LOG {"event":"send_rate","rate":304000,"ts":1760731269.5629063}
2025/10/17 20:01:10 POLARIS_LOG {"event":"send_rate","rate":296000,"ts":1760731270.5626864}
2025/10/17 20:01:11 POLARIS_LOG {"event":"send_rate","rate":304000,"ts":1760731271.563082}
2025/10/17 20:01:12 POLARIS_LOG {"event":"send_rate","rate":296000,"ts":1760731272.5632937}
2025/10/17 20:01:13 POLARIS_LOG {"event":"send_rate","rate":304000,"ts":1760731273.5716164}
2025/10/17 20:01:14 POLARIS_LOG {"event":"send_rate","rate":296000,"ts":1760731274.5631042}
2025/10/17 20:01:15 POLARIS_LOG {"event":"send_rate","rate":304000,"ts":1760731275.5638542}
2025/10/17 20:01:16 POLARIS_LOG {"event":"send_rate","rate":296000,"ts":1760731276.56429}
2025/10/17 20:01:17 POLARIS_LOG {"event":"send_rate","rate":304000,"ts":1760731277.5632513}
2025/10/17 20:01:18 POLARIS_LOG {"event":"send_rate","rate":304000,"ts":1760731278.575077}
2025/10/17 20:01:19 POLARIS_LOG {"event":"send_rate","rate":296000,"ts":1760731279.5624857}
2025/10/17 20:01:20 POLARIS_LOG {"event":"send_rate","rate":296000,"ts":1760731280.563583}
2025/10/17 20:01:21 POLARIS_LOG {"event":"send_rate","rate":304000,"ts":1760731281.5636003}
2025/10/17 20:01:22 POLARIS_LOG {"event":"send_rate","rate":296000,"ts":1760731282.5627882}
2025/10/17 20:01:23 POLARIS_LOG {"event":"send_rate","rate":304000,"ts":1760731283.5693262}
2025/10/17 20:01:24 POLARIS_LOG {"event":"send_rate","rate":296000,"ts":1760731284.579469}
2025/10/17 20:01:25 POLARIS_LOG {"event":"send_rate","rate":304000,"ts":1760731285.571923}
2025/10/17 20:01:26 POLARIS_LOG {"event":"send_rate","rate":296000,"ts":1760731286.5648851}
2025/10/17 20:01:27 POLARIS_LOG {"event":"send_rate","rate":304000,"ts":1760731287.5627813}
2025/10/17 20:01:28 POLARIS_LOG {"event":"send_rate","rate":296000,"ts":1760731288.5660641}
2025/10/17 20:01:29 POLARIS_LOG {"event":"send_rate","rate":296000,"ts":1760731289.5724518}
2025/10/17 20:01:30 POLARIS_LOG {"event":"send_rate","rate":304000,"ts":1760731290.5636623}
2025/10/17 20:01:31 POLARIS_LOG {"event":"send_rate","rate":304000,"ts":1760731291.5627785}
2025/10/17 20:01:32 POLARIS_LOG {"event":"send_rate","rate":296000,"ts":1760731292.562775}
2025/10/17 20:01:33 POLARIS_LOG {"event":"send_rate","rate":304000,"ts":1760731293.5677557}
2025/10/17 20:01:34 POLARIS_LOG {"event":"send_rate","rate":296000,"ts":1760731294.562447}
2025/10/17 20:01:35 POLARIS_LOG {"event":"send_rate","rate":304000,"ts":1760731295.5624428}
2025/10/17 20:01:36 POLARIS_LOG {"event":"send_rate","rate":296000,"ts":1760731296.5655234}
2025/10/17 20:01:37 POLARIS_LOG {"event":"send_rate","rate":304000,"ts":1760731297.5624182}
2025/10/17 20:01:38 POLARIS_LOG {"event":"send_rate","rate":304000,"ts":1760731298.5697603}
2025/10/17 20:01:39 POLARIS_LOG {"event":"send_rate","rate":296000,"ts":1760731299.563074}
2025/10/17 20:01:40 POLARIS_LOG {"event":"send_rate","rate":296000,"ts":1760731300.565941}
2025/10/17 20:01:41 POLARIS_LOG {"event":"send_rate","rate":304000,"ts":1760731301.5735397}
2025/10/17 20:01:42 POLARIS_LOG {"event":"send_rate","rate":296000,"ts":1760731302.567382}
2025/10/17 20:01:43 POLARIS_LOG {"event":"send_rate","rate":304000,"ts":1760731303.571061}
2025/10/17 20:01:44 POLARIS_LOG {"event":"send_rate","rate":296000,"ts":1760731304.5630295}
2025/10/17 20:01:45 POLARIS_LOG {"event":"send_rate","rate":304000,"ts":1760731305.584263}
2025/10/17 20:01:46 POLARIS_LOG {"event":"send_rate","rate":296000,"ts":1760731306.5650842}
2025/10/17 20:01:47 POLARIS_LOG {"event":"send_rate","rate":304000,"ts":1760731307.5631053}
2025/10/17 20:01:48 POLARIS_LOG {"event":"send_rate","rate":296000,"ts":1760731308.5766146}
2025/10/17 20:01:49 POLARIS_LOG {"event":"send_rate","rate":304000,"ts":1760731309.5629668}
2025/10/17 20:01:50 POLARIS_LOG {"event":"send_rate","rate":296000,"ts":1760731310.5629854}
2025/10/17 20:01:51 POLARIS_LOG {"event":"send_rate","rate":304000,"ts":1760731311.5630195}
2025/10/17 20:01:52 POLARIS_LOG {"event":"send_rate","rate":296000,"ts":1760731312.5629601}
2025/10/17 20:01:53 POLARIS_LOG {"event":"send_rate","rate":304000,"ts":1760731313.5633643}
2025/10/17 20:01:54 POLARIS_LOG {"event":"send_rate","rate":296000,"ts":1760731314.5629404}
2025/10/17 20:01:55 POLARIS_LOG {"event":"send_rate","rate":304000,"ts":1760731315.5651362}
2025/10/17 20:01:56 POLARIS_LOG {"event":"send_rate","rate":296000,"ts":1760731316.5633988}
2025/10/17 20:01:57 POLARIS_LOG {"event":"send_rate","rate":304000,"ts":1760731317.5636857}
2025/10/17 20:01:58 POLARIS_LOG {"event":"send_rate","rate":272000,"ts":1760731318.563122}
2025/10/17 20:01:59 POLARIS_LOG {"event":"send_rate","rate":256000,"ts":1760731319.5626078}
2025/10/17 20:02:00 POLARIS_LOG {"event":"send_rate","rate":192000,"ts":1760731320.572103}
2025/10/17 20:02:01 POLARIS_LOG {"event":"send_rate","rate":336000,"ts":1760731321.5829277}
2025/10/17 20:02:02 POLARIS_LOG {"event":"send_rate","rate":200000,"ts":1760731322.5727377}
2025/10/17 20:02:03 POLARIS_LOG {"event":"send_rate","rate":232000,"ts":1760731323.5638394}
2025/10/17 20:02:04 POLARIS_LOG {"event":"send_rate","rate":400000,"ts":1760731324.5638163}
2025/10/17 20:02:05 POLARIS_LOG {"event":"send_rate","rate":376000,"ts":1760731325.5650785}
2025/10/17 20:02:06 POLARIS_LOG {"event":"send_rate","rate":328000,"ts":1760731326.5635586}
2025/10/17 20:02:07 POLARIS_LOG {"event":"send_rate","rate":408000,"ts":1760731327.5625598}
2025/10/17 20:02:08 POLARIS_LOG {"event":"send_rate","rate":304000,"ts":1760731328.5834079}
2025/10/17 20:02:09 POLARIS_LOG {"event":"send_rate","rate":296000,"ts":1760731329.564804}
2025/10/17 20:02:10 POLARIS_LOG {"event":"send_rate","rate":296000,"ts":1760731330.5656948}
2025/10/17 20:02:11 POLARIS_LOG {"event":"send_rate","rate":304000,"ts":1760731331.5645945}
2025/10/17 20:02:12 POLARIS_LOG {"event":"send_rate","rate":296000,"ts":1760731332.5632355}
2025/10/17 20:02:13 POLARIS_LOG {"event":"send_rate","rate":304000,"ts":1760731333.5656326}
2025/10/17 20:02:14 POLARIS_LOG {"event":"send_rate","rate":296000,"ts":1760731334.5632055}
2025/10/17 20:02:15 POLARIS_LOG {"event":"send_rate","rate":304000,"ts":1760731335.5632658}
2025/10/17 20:02:16 POLARIS_LOG {"event":"send_rate","rate":296000,"ts":1760731336.570142}
2025/10/17 20:02:17 POLARIS_LOG {"event":"send_rate","rate":304000,"ts":1760731337.577195}
2025/10/17 20:02:18 POLARIS_LOG {"event":"send_rate","rate":296000,"ts":1760731338.5698335}
2025/10/17 20:02:19 POLARIS_LOG {"event":"send_rate","rate":248000,"ts":1760731339.5638845}
2025/10/17 20:02:20 POLARIS_LOG {"event":"send_rate","rate":296000,"ts":1760731340.5681224}
2025/10/17 20:02:21 POLARIS_LOG {"event":"send_rate","rate":240000,"ts":1760731341.5668917}
2025/10/17 20:02:22 POLARIS_LOG {"event":"send_rate","rate":248000,"ts":1760731342.57865}
2025/10/17 20:02:23 POLARIS_LOG {"event":"send_rate","rate":240000,"ts":1760731343.5702868}
2025/10/17 20:02:24 POLARIS_LOG {"event":"send_rate","rate":288000,"ts":1760731344.5723364}
Skipping switch: current path 3 3 6 6 2 4 has lastEstimate 333250 >= maxEstimate 0
2025/10/17 20:02:25 POLARIS_LOG {"event":"send_rate","rate":264000,"ts":1760731345.5628994}
2025/10/17 20:02:26 POLARIS_LOG {"event":"send_rate","rate":400000,"ts":1760731346.5626235}
2025/10/17 20:02:27 POLARIS_LOG {"event":"send_rate","rate":304000,"ts":1760731347.5787644}
2025/10/17 20:02:28 POLARIS_LOG {"event":"send_rate","rate":376000,"ts":1760731348.5894256}
2025/10/17 20:02:29 POLARIS_LOG {"event":"send_rate","rate":232000,"ts":1760731349.579349}
2025/10/17 20:02:30 POLARIS_LOG {"event":"send_rate","rate":256000,"ts":1760731350.5794144}
2025/10/17 20:02:31 POLARIS_LOG {"event":"send_rate","rate":384000,"ts":1760731351.5631194}
2025/10/17 20:02:32 POLARIS_LOG {"event":"send_rate","rate":368000,"ts":1760731352.5630968}
2025/10/17 20:02:33 POLARIS_LOG {"event":"send_rate","rate":264000,"ts":1760731353.5631442}
2025/10/17 20:02:34 POLARIS_LOG {"event":"send_rate","rate":272000,"ts":1760731354.580888}
Skipping switch: current path 3 3 6 6 2 4 has lastEstimate 333250 >= maxEstimate 0
2025/10/17 20:02:35 POLARIS_LOG {"event":"send_rate","rate":248000,"ts":1760731355.5651116}
2025/10/17 20:02:36 POLARIS_LOG {"event":"send_rate","rate":304000,"ts":1760731356.5628548}
2025/10/17 20:02:37 POLARIS_LOG {"event":"send_rate","rate":384000,"ts":1760731357.5632033}
2025/10/17 20:02:38 POLARIS_LOG {"event":"send_rate","rate":368000,"ts":1760731358.5662932}
2025/10/17 20:02:39 POLARIS_LOG {"event":"send_rate","rate":320000,"ts":1760731359.563272}
2025/10/17 20:02:40 POLARIS_LOG {"event":"send_rate","rate":296000,"ts":1760731360.5764885}
2025/10/17 20:02:41 POLARIS_LOG {"event":"send_rate","rate":304000,"ts":1760731361.5669348}
2025/10/17 20:02:42 POLARIS_LOG {"event":"send_rate","rate":296000,"ts":1760731362.5626094}
2025/10/17 20:02:43 POLARIS_LOG {"event":"send_rate","rate":304000,"ts":1760731363.574038}
2025/10/17 20:02:44 POLARIS_LOG {"event":"send_rate","rate":296000,"ts":1760731364.5661104}
2025/10/17 20:02:45 POLARIS_LOG {"event":"send_rate","rate":304000,"ts":1760731365.562405}
2025/10/17 20:02:46 POLARIS_LOG {"event":"send_rate","rate":296000,"ts":1760731366.5643663}
2025/10/17 20:02:47 POLARIS_LOG {"event":"send_rate","rate":296000,"ts":1760731367.5656793}
2025/10/17 20:02:48 POLARIS_LOG {"event":"send_rate","rate":304000,"ts":1760731368.5632548}
2025/10/17 20:02:49 POLARIS_LOG {"event":"send_rate","rate":312000,"ts":1760731369.6030374}
2025/10/17 20:02:50 POLARIS_LOG {"event":"send_rate","rate":288000,"ts":1760731370.5628698}
2025/10/17 20:02:51 POLARIS_LOG {"event":"send_rate","rate":304000,"ts":1760731371.5650337}
2025/10/17 20:02:52 POLARIS_LOG {"event":"send_rate","rate":296000,"ts":1760731372.5624237}
2025/10/17 20:02:53 POLARIS_LOG {"event":"send_rate","rate":304000,"ts":1760731373.5623913}
2025/10/17 20:02:54 POLARIS_LOG {"event":"send_rate","rate":296000,"ts":1760731374.5630124}
2025/10/17 20:02:55 POLARIS_LOG {"event":"send_rate","rate":304000,"ts":1760731375.57673}
2025/10/17 20:02:56 POLARIS_LOG {"event":"send_rate","rate":296000,"ts":1760731376.5637045}
2025/10/17 20:02:57 POLARIS_LOG {"event":"send_rate","rate":296000,"ts":1760731377.5624979}
2025/10/17 20:02:58 POLARIS_LOG {"event":"send_rate","rate":304000,"ts":1760731378.581625}
2025/10/17 20:02:59 POLARIS_LOG {"event":"send_rate","rate":304000,"ts":1760731379.563265}
2025/10/17 20:03:00 POLARIS_LOG {"event":"send_rate","rate":296000,"ts":1760731380.5632253}
2025/10/17 20:03:01 POLARIS_LOG {"event":"send_rate","rate":296000,"ts":1760731381.5838463}
2025/10/17 20:03:02 POLARIS_LOG {"event":"send_rate","rate":304000,"ts":1760731382.5624564}
2025/10/17 20:03:03 POLARIS_LOG {"event":"send_rate","rate":296000,"ts":1760731383.565105}
2025/10/17 20:03:04 POLARIS_LOG {"event":"send_rate","rate":304000,"ts":1760731384.5771315}
2025/10/17 20:03:05 POLARIS_LOG {"event":"send_rate","rate":304000,"ts":1760731385.564438}
2025/10/17 20:03:06 POLARIS_LOG {"event":"send_rate","rate":296000,"ts":1760731386.5634527}
2025/10/17 20:03:07 POLARIS_LOG {"event":"send_rate","rate":304000,"ts":1760731387.5635512}
2025/10/17 20:03:08 POLARIS_LOG {"event":"send_rate","rate":296000,"ts":1760731388.5631683}
2025/10/17 20:03:09 POLARIS_LOG {"event":"send_rate","rate":304000,"ts":1760731389.575041}
2025/10/17 20:03:10 POLARIS_LOG {"event":"send_rate","rate":296000,"ts":1760731390.5624745}
2025/10/17 20:03:11 POLARIS_LOG {"event":"send_rate","rate":296000,"ts":1760731391.5629952}
2025/10/17 20:03:12 POLARIS_LOG {"event":"send_rate","rate":304000,"ts":1760731392.5688145}
2025/10/17 20:03:13 POLARIS_LOG {"event":"send_rate","rate":304000,"ts":1760731393.5665674}
2025/10/17 20:03:14 POLARIS_LOG {"event":"send_rate","rate":296000,"ts":1760731394.5627217}
Skipping switch: current path 3 3 6 6 2 4 has lastEstimate 333250 >= maxEstimate 0
2025/10/17 20:03:15 POLARIS_LOG {"event":"send_rate","rate":288000,"ts":1760731395.572973}
2025/10/17 20:03:16 POLARIS_LOG {"event":"send_rate","rate":312000,"ts":1760731396.5655863}
2025/10/17 20:03:17 POLARIS_LOG {"event":"send_rate","rate":304000,"ts":1760731397.5646899}
2025/10/17 20:03:18 POLARIS_LOG {"event":"send_rate","rate":296000,"ts":1760731398.5644927}
2025/10/17 20:03:19 POLARIS_LOG {"event":"send_rate","rate":304000,"ts":1760731399.568915}
2025/10/17 20:03:20 POLARIS_LOG {"event":"send_rate","rate":256000,"ts":1760731400.5674899}
2025/10/17 20:03:21 POLARIS_LOG {"event":"send_rate","rate":192000,"ts":1760731401.5637164}
2025/10/17 20:03:22 POLARIS_LOG {"event":"send_rate","rate":216000,"ts":1760731402.5632236}
2025/10/17 20:03:23 POLARIS_LOG {"event":"send_rate","rate":232000,"ts":1760731403.5757437}
2025/10/17 20:03:24 POLARIS_LOG {"event":"send_rate","rate":336000,"ts":1760731404.5633178}
2025/10/17 20:03:25 POLARIS_LOG {"event":"send_rate","rate":440000,"ts":1760731405.5642126}
2025/10/17 20:03:26 POLARIS_LOG {"event":"send_rate","rate":256000,"ts":1760731406.5697117}
2025/10/17 20:03:27 POLARIS_LOG {"event":"send_rate","rate":352000,"ts":1760731407.564159}
2025/10/17 20:03:28 POLARIS_LOG {"event":"send_rate","rate":312000,"ts":1760731408.5624156}
2025/10/17 20:03:29 POLARIS_LOG {"event":"send_rate","rate":400000,"ts":1760731409.5644045}
2025/10/17 20:03:30 POLARIS_LOG {"event":"send_rate","rate":304000,"ts":1760731410.5633457}
2025/10/17 20:03:31 POLARIS_LOG {"event":"send_rate","rate":304000,"ts":1760731411.5728884}
2025/10/17 20:03:32 POLARIS_LOG {"event":"send_rate","rate":280000,"ts":1760731412.562402}
2025/10/17 20:03:33 POLARIS_LOG {"event":"send_rate","rate":184000,"ts":1760731413.5634384}
2025/10/17 20:03:34 POLARIS_LOG {"event":"send_rate","rate":248000,"ts":1760731414.563856}
2025/10/17 20:03:35 POLARIS_LOG {"event":"send_rate","rate":312000,"ts":1760731415.5768602}
2025/10/17 20:03:36 POLARIS_LOG {"event":"send_rate","rate":232000,"ts":1760731416.5635865}
2025/10/17 20:03:37 POLARIS_LOG {"event":"send_rate","rate":336000,"ts":1760731417.563701}
2025/10/17 20:03:38 POLARIS_LOG {"event":"send_rate","rate":344000,"ts":1760731418.5635653}
2025/10/17 20:03:39 POLARIS_LOG {"event":"send_rate","rate":248000,"ts":1760731419.5637014}
2025/10/17 20:03:40 POLARIS_LOG {"event":"send_rate","rate":184000,"ts":1760731420.5635567}
2025/10/17 20:03:41 POLARIS_LOG {"event":"send_rate","rate":208000,"ts":1760731421.5634289}
2025/10/17 20:03:42 POLARIS_LOG {"event":"send_rate","rate":144000,"ts":1760731422.5643919}
2025/10/17 20:03:43 POLARIS_LOG {"event":"send_rate","rate":208000,"ts":1760731423.569642}
2025/10/17 20:03:44 POLARIS_LOG {"event":"send_rate","rate":288000,"ts":1760731424.5625958}
2025/10/17 20:03:45 POLARIS_LOG {"event":"send_rate","rate":192000,"ts":1760731425.5633826}
Skipping switch: current path 3 3 6 6 2 4 has lastEstimate 333250 >= maxEstimate 0
2025/10/17 20:03:46 POLARIS_LOG {"event":"send_rate","rate":184000,"ts":1760731426.5632913}
2025/10/17 20:03:47 POLARIS_LOG {"event":"send_rate","rate":168000,"ts":1760731427.563038}
2025/10/17 20:03:48 POLARIS_LOG {"event":"send_rate","rate":192000,"ts":1760731428.5630653}
2025/10/17 20:03:49 POLARIS_LOG {"event":"send_rate","rate":328000,"ts":1760731429.5704248}
2025/10/17 20:03:50 POLARIS_LOG {"event":"send_rate","rate":248000,"ts":1760731430.5630882}
2025/10/17 20:03:51 POLARIS_LOG {"event":"send_rate","rate":264000,"ts":1760731431.5634627}
2025/10/17 20:03:52 POLARIS_LOG {"event":"send_rate","rate":240000,"ts":1760731432.5624309}
2025/10/17 20:03:53 POLARIS_LOG {"event":"send_rate","rate":280000,"ts":1760731433.5633428}
2025/10/17 20:03:54 POLARIS_LOG {"event":"send_rate","rate":272000,"ts":1760731434.5695226}
2025/10/17 20:03:55 POLARIS_LOG {"event":"send_rate","rate":216000,"ts":1760731435.5625708}
Skipping switch: current path 3 3 6 6 2 4 has lastEstimate 333250 >= maxEstimate 0
2025/10/17 20:03:56 POLARIS_LOG {"event":"send_rate","rate":320000,"ts":1760731436.5631726}
2025/10/17 20:03:57 POLARIS_LOG {"event":"send_rate","rate":304000,"ts":1760731437.5627325}
2025/10/17 20:03:58 POLARIS_LOG {"event":"send_rate","rate":296000,"ts":1760731438.5629327}
2025/10/17 20:03:59 POLARIS_LOG {"event":"send_rate","rate":176000,"ts":1760731439.564019}
2025/10/17 20:04:00 POLARIS_LOG {"event":"send_rate","rate":152000,"ts":1760731440.5636156}
2025/10/17 20:04:01 POLARIS_LOG {"event":"send_rate","rate":184000,"ts":1760731441.5632582}
2025/10/17 20:04:02 POLARIS_LOG {"event":"send_rate","rate":280000,"ts":1760731442.5625384}
2025/10/17 20:04:03 POLARIS_LOG {"event":"send_rate","rate":216000,"ts":1760731443.5630684}
2025/10/17 20:04:04 POLARIS_LOG {"event":"send_rate","rate":264000,"ts":1760731444.5639522}
2025/10/17 20:04:05 POLARIS_LOG {"event":"send_rate","rate":376000,"ts":1760731445.5630634}
2025/10/17 20:04:06 POLARIS_LOG {"event":"send_rate","rate":280000,"ts":1760731446.567965}
2025/10/17 20:04:07 POLARIS_LOG {"event":"send_rate","rate":280000,"ts":1760731447.5639305}
2025/10/17 20:04:08 POLARIS_LOG {"event":"send_rate","rate":360000,"ts":1760731448.5631104}
2025/10/17 20:04:09 POLARIS_LOG {"event":"send_rate","rate":240000,"ts":1760731449.5625334}
2025/10/17 20:04:10 POLARIS_LOG {"event":"send_rate","rate":184000,"ts":1760731450.5697572}
2025/10/17 20:04:11 POLARIS_LOG {"event":"send_rate","rate":160000,"ts":1760731451.563289}
2025/10/17 20:04:12 POLARIS_LOG {"event":"send_rate","rate":232000,"ts":1760731452.5626762}
2025/10/17 20:04:13 POLARIS_LOG {"event":"send_rate","rate":312000,"ts":1760731453.5749621}
2025/10/17 20:04:14 POLARIS_LOG {"event":"send_rate","rate":352000,"ts":1760731454.59816}
2025/10/17 20:04:15 POLARIS_LOG {"event":"send_rate","rate":416000,"ts":1760731455.5661888}
2025/10/17 20:04:16 POLARIS_LOG {"event":"send_rate","rate":368000,"ts":1760731456.5626078}
Drain Loop received packet
Drain Loop received non-nil payload
Client sent 11044 packets, server reported 10857 packets received
The network loss rate from client to server is 1.7%

S->C results
Attempted bandwidth: 0 bps / 0.00 Mbps
Achieved bandwidth: 0 bps / 0.00 Mbps
Loss rate: 0.0%
Interarrival time min/avg/max/mdev = -0.000/0.000/0.000/0.000 ms

C->S results
Attempted bandwidth: 300000 bps / 0.30 Mbps
Achieved bandwidth: 289520 bps / 0.29 Mbps
Loss rate: 3.5%
Interarrival time min/avg/max/mdev = 0.002/27.272/717.215/26.267 ms
