
Test parameters:
client->server: 282 seconds, 1000 bytes, 10575 packets
server->client: 282 seconds, 1000 bytes, 0 packets
2025/10/17 19:59:33 POLARIS_LOG {"current_rate":0,"event":"path_switch","new":"2 2 5 2","trigger":"initialization","ts":1760731173.610791}
Polaris prober initialized with 38 paths
Polaris prober initialized with local 1-111,10.111.0.71:32746 and remote 1-113,10.113.0.71
2025/10/17 19:59:34 POLARIS_LOG {"event":"send_rate","rate":120000,"ts":1760731174.6117616}
2025/10/17 19:59:35 POLARIS_LOG {"event":"send_rate","rate":304000,"ts":1760731175.6120732}
2025/10/17 19:59:36 POLARIS_LOG {"event":"send_rate","rate":296000,"ts":1760731176.612727}
2025/10/17 19:59:37 POLARIS_LOG {"event":"send_rate","rate":304000,"ts":1760731177.6114476}
2025/10/17 19:59:38 POLARIS_LOG {"event":"send_rate","rate":296000,"ts":1760731178.6121423}
2025/10/17 19:59:39 POLARIS_LOG {"event":"send_rate","rate":304000,"ts":1760731179.611522}
2025/10/17 19:59:40 POLARIS_LOG {"event":"send_rate","rate":296000,"ts":1760731180.611709}
2025/10/17 19:59:41 POLARIS_LOG {"event":"send_rate","rate":304000,"ts":1760731181.6116745}
2025/10/17 19:59:42 POLARIS_LOG {"event":"send_rate","rate":296000,"ts":1760731182.6119673}
2025/10/17 19:59:43 POLARIS_LOG {"event":"send_rate","rate":304000,"ts":1760731183.6120331}
2025/10/17 19:59:44 POLARIS_LOG {"event":"send_rate","rate":296000,"ts":1760731184.6156182}
2025/10/17 19:59:45 POLARIS_LOG {"event":"send_rate","rate":304000,"ts":1760731185.6128433}
2025/10/17 19:59:46 POLARIS_LOG {"event":"send_rate","rate":232000,"ts":1760731186.6139426}
2025/10/17 19:59:47 POLARIS_LOG {"event":"send_rate","rate":184000,"ts":1760731187.6113026}
2025/10/17 19:59:48 POLARIS_LOG {"event":"send_rate","rate":152000,"ts":1760731188.6126072}
2025/10/17 19:59:49 POLARIS_LOG {"event":"send_rate","rate":184000,"ts":1760731189.6116762}
2025/10/17 19:59:50 POLARIS_LOG {"event":"send_rate","rate":216000,"ts":1760731190.6308842}
2025/10/17 19:59:51 POLARIS_LOG {"event":"send_rate","rate":224000,"ts":1760731191.6126928}
2025/10/17 19:59:52 POLARIS_LOG {"event":"send_rate","rate":256000,"ts":1760731192.611722}
2025/10/17 19:59:53 POLARIS_LOG {"event":"send_rate","rate":192000,"ts":1760731193.6123617}
2025/10/17 19:59:54 POLARIS_LOG {"event":"send_rate","rate":216000,"ts":1760731194.612817}
2025/10/17 19:59:55 POLARIS_LOG {"event":"send_rate","rate":240000,"ts":1760731195.6140761}
2025/10/17 19:59:56 POLARIS_LOG {"event":"send_rate","rate":232000,"ts":1760731196.6111736}
2025/10/17 19:59:57 POLARIS_LOG {"event":"send_rate","rate":248000,"ts":1760731197.613515}
2025/10/17 19:59:58 POLARIS_LOG {"event":"send_rate","rate":168000,"ts":1760731198.6128688}
2025/10/17 19:59:59 POLARIS_LOG {"event":"send_rate","rate":176000,"ts":1760731199.6114936}
2025/10/17 20:00:00 POLARIS_LOG {"event":"send_rate","rate":192000,"ts":1760731200.6149967}
2025/10/17 20:00:01 POLARIS_LOG {"event":"send_rate","rate":176000,"ts":1760731201.6122317}
2025/10/17 20:00:02 POLARIS_LOG {"event":"send_rate","rate":200000,"ts":1760731202.611501}
2025/10/17 20:00:03 POLARIS_LOG {"event":"send_rate","rate":152000,"ts":1760731203.6201189}
2025/10/17 20:00:03 POLARIS_LOG {"candidates":25,"candidates_unfiltered":25,"current_rate":152000,"estimated_share":666500,"event":"path_switch","max_estimated_share":666500,"new":"5 5 1 3","old":"2 2 5 2","trigger":"scheduled","ts":1760731203.62095}
2025/10/17 20:00:04 POLARIS_LOG {"event":"send_rate","rate":2056000,"ts":1760731204.6155899}
2025/10/17 20:00:05 POLARIS_LOG {"event":"send_rate","rate":296000,"ts":1760731205.621911}
2025/10/17 20:00:06 POLARIS_LOG {"event":"send_rate","rate":296000,"ts":1760731206.6326764}
2025/10/17 20:00:07 POLARIS_LOG {"event":"send_rate","rate":312000,"ts":1760731207.6135411}
2025/10/17 20:00:08 POLARIS_LOG {"event":"send_rate","rate":296000,"ts":1760731208.612457}
2025/10/17 20:00:09 POLARIS_LOG {"event":"send_rate","rate":304000,"ts":1760731209.6174626}
2025/10/17 20:00:10 POLARIS_LOG {"event":"send_rate","rate":296000,"ts":1760731210.614743}
2025/10/17 20:00:11 POLARIS_LOG {"event":"send_rate","rate":296000,"ts":1760731211.6459568}
2025/10/17 20:00:12 POLARIS_LOG {"event":"send_rate","rate":304000,"ts":1760731212.614199}
2025/10/17 20:00:13 POLARIS_LOG {"event":"send_rate","rate":304000,"ts":1760731213.6186538}
2025/10/17 20:00:14 POLARIS_LOG {"event":"send_rate","rate":304000,"ts":1760731214.6241407}
2025/10/17 20:00:15 POLARIS_LOG {"event":"send_rate","rate":296000,"ts":1760731215.612646}
2025/10/17 20:00:16 POLARIS_LOG {"event":"send_rate","rate":304000,"ts":1760731216.6278296}
2025/10/17 20:00:17 POLARIS_LOG {"event":"send_rate","rate":296000,"ts":1760731217.6342216}
2025/10/17 20:00:18 POLARIS_LOG {"event":"send_rate","rate":296000,"ts":1760731218.614204}
2025/10/17 20:00:19 POLARIS_LOG {"event":"send_rate","rate":296000,"ts":1760731219.6117237}
2025/10/17 20:00:20 POLARIS_LOG {"event":"send_rate","rate":304000,"ts":1760731220.614054}
2025/10/17 20:00:21 POLARIS_LOG {"event":"send_rate","rate":304000,"ts":1760731221.612092}
2025/10/17 20:00:22 POLARIS_LOG {"event":"send_rate","rate":296000,"ts":1760731222.6117473}
2025/10/17 20:00:23 POLARIS_LOG {"event":"send_rate","rate":304000,"ts":1760731223.6147377}
2025/10/17 20:00:24 POLARIS_LOG {"event":"send_rate","rate":296000,"ts":1760731224.6118515}
2025/10/17 20:00:25 POLARIS_LOG {"event":"send_rate","rate":304000,"ts":1760731225.6170485}
2025/10/17 20:00:26 POLARIS_LOG {"event":"send_rate","rate":296000,"ts":1760731226.620256}
2025/10/17 20:00:27 POLARIS_LOG {"event":"send_rate","rate":296000,"ts":1760731227.6287272}
2025/10/17 20:00:28 POLARIS_LOG {"event":"send_rate","rate":304000,"ts":1760731228.611939}
2025/10/17 20:00:29 POLARIS_LOG {"event":"send_rate","rate":296000,"ts":1760731229.6165514}
2025/10/17 20:00:30 POLARIS_LOG {"event":"send_rate","rate":320000,"ts":1760731230.6573184}
2025/10/17 20:00:31 POLARIS_LOG {"event":"send_rate","rate":288000,"ts":1760731231.628925}
2025/10/17 20:00:32 POLARIS_LOG {"event":"send_rate","rate":296000,"ts":1760731232.6125062}
2025/10/17 20:00:33 POLARIS_LOG {"event":"send_rate","rate":296000,"ts":1760731233.6273012}
2025/10/17 20:00:34 POLARIS_LOG {"event":"send_rate","rate":312000,"ts":1760731234.6378849}
2025/10/17 20:00:35 POLARIS_LOG {"event":"send_rate","rate":296000,"ts":1760731235.611168}
2025/10/17 20:00:36 POLARIS_LOG {"event":"send_rate","rate":296000,"ts":1760731236.614929}
2025/10/17 20:00:37 POLARIS_LOG {"event":"send_rate","rate":304000,"ts":1760731237.6129935}
2025/10/17 20:00:38 POLARIS_LOG {"event":"send_rate","rate":296000,"ts":1760731238.612582}
2025/10/17 20:00:39 POLARIS_LOG {"event":"send_rate","rate":304000,"ts":1760731239.6119606}
2025/10/17 20:00:40 POLARIS_LOG {"event":"send_rate","rate":296000,"ts":1760731240.611947}
2025/10/17 20:00:41 POLARIS_LOG {"event":"send_rate","rate":304000,"ts":1760731241.6132717}
2025/10/17 20:00:42 POLARIS_LOG {"event":"send_rate","rate":296000,"ts":1760731242.6111689}
2025/10/17 20:00:43 POLARIS_LOG {"event":"send_rate","rate":304000,"ts":1760731243.6120338}
2025/10/17 20:00:44 POLARIS_LOG {"event":"send_rate","rate":296000,"ts":1760731244.6113591}
2025/10/17 20:00:45 POLARIS_LOG {"event":"send_rate","rate":296000,"ts":1760731245.611861}
2025/10/17 20:00:46 POLARIS_LOG {"event":"send_rate","rate":304000,"ts":1760731246.6300757}
2025/10/17 20:00:47 POLARIS_LOG {"event":"send_rate","rate":304000,"ts":1760731247.6353686}
2025/10/17 20:00:48 POLARIS_LOG {"event":"send_rate","rate":296000,"ts":1760731248.612819}
2025/10/17 20:00:49 POLARIS_LOG {"event":"send_rate","rate":304000,"ts":1760731249.6377099}
2025/10/17 20:00:50 POLARIS_LOG {"event":"send_rate","rate":296000,"ts":1760731250.611428}
2025/10/17 20:00:51 POLARIS_LOG {"event":"send_rate","rate":296000,"ts":1760731251.6118784}
2025/10/17 20:00:52 POLARIS_LOG {"event":"send_rate","rate":312000,"ts":1760731252.6502922}
2025/10/17 20:00:53 POLARIS_LOG {"event":"send_rate","rate":296000,"ts":1760731253.6415074}
2025/10/17 20:00:54 POLARIS_LOG {"event":"send_rate","rate":288000,"ts":1760731254.6119013}
2025/10/17 20:00:55 POLARIS_LOG {"event":"send_rate","rate":312000,"ts":1760731255.6264486}
2025/10/17 20:00:56 POLARIS_LOG {"event":"send_rate","rate":296000,"ts":1760731256.6233437}
2025/10/17 20:00:57 POLARIS_LOG {"event":"send_rate","rate":296000,"ts":1760731257.6172655}
2025/10/17 20:00:58 POLARIS_LOG {"event":"send_rate","rate":312000,"ts":1760731258.6350002}
2025/10/17 20:00:59 POLARIS_LOG {"event":"send_rate","rate":288000,"ts":1760731259.6127725}
2025/10/17 20:01:00 POLARIS_LOG {"event":"send_rate","rate":304000,"ts":1760731260.6113017}
2025/10/17 20:01:01 POLARIS_LOG {"event":"send_rate","rate":312000,"ts":1760731261.6418347}
2025/10/17 20:01:02 POLARIS_LOG {"event":"send_rate","rate":280000,"ts":1760731262.6131423}
2025/10/17 20:01:03 POLARIS_LOG {"event":"send_rate","rate":320000,"ts":1760731263.6535203}
2025/10/17 20:01:04 POLARIS_LOG {"event":"send_rate","rate":288000,"ts":1760731264.6129313}
2025/10/17 20:01:05 POLARIS_LOG {"event":"send_rate","rate":312000,"ts":1760731265.6450133}
2025/10/17 20:01:06 POLARIS_LOG {"event":"send_rate","rate":288000,"ts":1760731266.6258085}
2025/10/17 20:01:07 POLARIS_LOG {"event":"send_rate","rate":304000,"ts":1760731267.6259644}
2025/10/17 20:01:08 POLARIS_LOG {"event":"send_rate","rate":296000,"ts":1760731268.611555}
2025/10/17 20:01:09 POLARIS_LOG {"event":"send_rate","rate":304000,"ts":1760731269.629427}
2025/10/17 20:01:10 POLARIS_LOG {"event":"send_rate","rate":296000,"ts":1760731270.618946}
2025/10/17 20:01:11 POLARIS_LOG {"event":"send_rate","rate":296000,"ts":1760731271.61114}
2025/10/17 20:01:12 POLARIS_LOG {"event":"send_rate","rate":304000,"ts":1760731272.6238933}
2025/10/17 20:01:13 POLARIS_LOG {"event":"send_rate","rate":296000,"ts":1760731273.6126492}
2025/10/17 20:01:14 POLARIS_LOG {"event":"send_rate","rate":296000,"ts":1760731274.6223242}
2025/10/17 20:01:15 POLARIS_LOG {"event":"send_rate","rate":312000,"ts":1760731275.6170394}
2025/10/17 20:01:16 POLARIS_LOG {"event":"send_rate","rate":296000,"ts":1760731276.6160188}
2025/10/17 20:01:17 POLARIS_LOG {"event":"send_rate","rate":296000,"ts":1760731277.611264}
2025/10/17 20:01:18 POLARIS_LOG {"event":"send_rate","rate":304000,"ts":1760731278.6116834}
2025/10/17 20:01:19 POLARIS_LOG {"event":"send_rate","rate":296000,"ts":1760731279.6118069}
2025/10/17 20:01:20 POLARIS_LOG {"event":"send_rate","rate":304000,"ts":1760731280.6112878}
2025/10/17 20:01:21 POLARIS_LOG {"event":"send_rate","rate":296000,"ts":1760731281.6129897}
2025/10/17 20:01:22 POLARIS_LOG {"event":"send_rate","rate":304000,"ts":1760731282.612475}
2025/10/17 20:01:23 POLARIS_LOG {"event":"send_rate","rate":296000,"ts":1760731283.611147}
2025/10/17 20:01:24 POLARIS_LOG {"event":"send_rate","rate":304000,"ts":1760731284.6208608}
2025/10/17 20:01:25 POLARIS_LOG {"event":"send_rate","rate":296000,"ts":1760731285.6119938}
2025/10/17 20:01:26 POLARIS_LOG {"event":"send_rate","rate":304000,"ts":1760731286.6111603}
2025/10/17 20:01:27 POLARIS_LOG {"event":"send_rate","rate":296000,"ts":1760731287.61408}
2025/10/17 20:01:28 POLARIS_LOG {"event":"send_rate","rate":304000,"ts":1760731288.6134925}
2025/10/17 20:01:29 POLARIS_LOG {"event":"send_rate","rate":304000,"ts":1760731289.6185713}
2025/10/17 20:01:30 POLARIS_LOG {"event":"send_rate","rate":296000,"ts":1760731290.6256652}
2025/10/17 20:01:31 POLARIS_LOG {"event":"send_rate","rate":296000,"ts":1760731291.6116436}
2025/10/17 20:01:32 POLARIS_LOG {"event":"send_rate","rate":304000,"ts":1760731292.6135666}
2025/10/17 20:01:33 POLARIS_LOG {"event":"send_rate","rate":296000,"ts":1760731293.611803}
2025/10/17 20:01:34 POLARIS_LOG {"event":"send_rate","rate":304000,"ts":1760731294.6124892}
2025/10/17 20:01:35 POLARIS_LOG {"event":"send_rate","rate":304000,"ts":1760731295.6245956}
2025/10/17 20:01:36 POLARIS_LOG {"event":"send_rate","rate":296000,"ts":1760731296.6127582}
2025/10/17 20:01:37 POLARIS_LOG {"event":"send_rate","rate":304000,"ts":1760731297.625349}
2025/10/17 20:01:38 POLARIS_LOG {"event":"send_rate","rate":296000,"ts":1760731298.6269872}
2025/10/17 20:01:39 POLARIS_LOG {"event":"send_rate","rate":304000,"ts":1760731299.620035}
2025/10/17 20:01:40 POLARIS_LOG {"event":"send_rate","rate":296000,"ts":1760731300.6280868}
2025/10/17 20:01:41 POLARIS_LOG {"event":"send_rate","rate":296000,"ts":1760731301.616008}
2025/10/17 20:01:42 POLARIS_LOG {"event":"send_rate","rate":304000,"ts":1760731302.611491}
2025/10/17 20:01:43 POLARIS_LOG {"event":"send_rate","rate":296000,"ts":1760731303.6137412}
2025/10/17 20:01:44 POLARIS_LOG {"event":"send_rate","rate":304000,"ts":1760731304.6112754}
2025/10/17 20:01:45 POLARIS_LOG {"event":"send_rate","rate":296000,"ts":1760731305.614624}
2025/10/17 20:01:46 POLARIS_LOG {"event":"send_rate","rate":304000,"ts":1760731306.6113987}
2025/10/17 20:01:47 POLARIS_LOG {"event":"send_rate","rate":296000,"ts":1760731307.6117167}
2025/10/17 20:01:48 POLARIS_LOG {"event":"send_rate","rate":304000,"ts":1760731308.6191297}
2025/10/17 20:01:49 POLARIS_LOG {"event":"send_rate","rate":304000,"ts":1760731309.6293144}
2025/10/17 20:01:50 POLARIS_LOG {"event":"send_rate","rate":296000,"ts":1760731310.6112695}
2025/10/17 20:01:51 POLARIS_LOG {"event":"send_rate","rate":296000,"ts":1760731311.6117165}
2025/10/17 20:01:52 POLARIS_LOG {"event":"send_rate","rate":304000,"ts":1760731312.6135373}
2025/10/17 20:01:53 POLARIS_LOG {"event":"send_rate","rate":304000,"ts":1760731313.6521218}
2025/10/17 20:01:54 POLARIS_LOG {"event":"send_rate","rate":296000,"ts":1760731314.6171634}
2025/10/17 20:01:55 POLARIS_LOG {"event":"send_rate","rate":296000,"ts":1760731315.6114511}
2025/10/17 20:01:56 POLARIS_LOG {"event":"send_rate","rate":304000,"ts":1760731316.6122918}
2025/10/17 20:01:57 POLARIS_LOG {"event":"send_rate","rate":304000,"ts":1760731317.620457}
2025/10/17 20:01:58 POLARIS_LOG {"event":"send_rate","rate":296000,"ts":1760731318.6113846}
2025/10/17 20:01:59 POLARIS_LOG {"event":"send_rate","rate":296000,"ts":1760731319.6182425}
2025/10/17 20:02:00 POLARIS_LOG {"event":"send_rate","rate":304000,"ts":1760731320.6119175}
2025/10/17 20:02:01 POLARIS_LOG {"event":"send_rate","rate":304000,"ts":1760731321.629234}
2025/10/17 20:02:02 POLARIS_LOG {"event":"send_rate","rate":296000,"ts":1760731322.611931}
2025/10/17 20:02:03 POLARIS_LOG {"event":"send_rate","rate":296000,"ts":1760731323.6132643}
2025/10/17 20:02:04 POLARIS_LOG {"event":"send_rate","rate":304000,"ts":1760731324.6119306}
2025/10/17 20:02:05 POLARIS_LOG {"event":"send_rate","rate":296000,"ts":1760731325.6120305}
2025/10/17 20:02:06 POLARIS_LOG {"event":"send_rate","rate":304000,"ts":1760731326.6135278}
2025/10/17 20:02:07 POLARIS_LOG {"event":"send_rate","rate":296000,"ts":1760731327.6111832}
2025/10/17 20:02:08 POLARIS_LOG {"event":"send_rate","rate":304000,"ts":1760731328.631226}
2025/10/17 20:02:09 POLARIS_LOG {"event":"send_rate","rate":264000,"ts":1760731329.6475065}
2025/10/17 20:02:10 POLARIS_LOG {"event":"send_rate","rate":336000,"ts":1760731330.6113324}
2025/10/17 20:02:11 POLARIS_LOG {"event":"send_rate","rate":296000,"ts":1760731331.6238613}
2025/10/17 20:02:12 POLARIS_LOG {"event":"send_rate","rate":304000,"ts":1760731332.6237195}
2025/10/17 20:02:13 POLARIS_LOG {"event":"send_rate","rate":296000,"ts":1760731333.614686}
2025/10/17 20:02:14 POLARIS_LOG {"event":"send_rate","rate":304000,"ts":1760731334.6148124}
2025/10/17 20:02:15 POLARIS_LOG {"event":"send_rate","rate":296000,"ts":1760731335.6119301}
2025/10/17 20:02:16 POLARIS_LOG {"event":"send_rate","rate":296000,"ts":1760731336.612009}
2025/10/17 20:02:17 POLARIS_LOG {"event":"send_rate","rate":304000,"ts":1760731337.6120331}
2025/10/17 20:02:18 POLARIS_LOG {"event":"send_rate","rate":296000,"ts":1760731338.6257527}
2025/10/17 20:02:19 POLARIS_LOG {"event":"send_rate","rate":304000,"ts":1760731339.612826}
2025/10/17 20:02:20 POLARIS_LOG {"event":"send_rate","rate":304000,"ts":1760731340.6127093}
2025/10/17 20:02:21 POLARIS_LOG {"event":"send_rate","rate":312000,"ts":1760731341.6611824}
2025/10/17 20:02:22 POLARIS_LOG {"event":"send_rate","rate":288000,"ts":1760731342.6124492}
2025/10/17 20:02:23 POLARIS_LOG {"event":"send_rate","rate":304000,"ts":1760731343.628578}
2025/10/17 20:02:24 POLARIS_LOG {"event":"send_rate","rate":296000,"ts":1760731344.613406}
2025/10/17 20:02:25 POLARIS_LOG {"event":"send_rate","rate":296000,"ts":1760731345.6115806}
2025/10/17 20:02:26 POLARIS_LOG {"event":"send_rate","rate":304000,"ts":1760731346.6269596}
2025/10/17 20:02:27 POLARIS_LOG {"event":"send_rate","rate":296000,"ts":1760731347.6149938}
2025/10/17 20:02:28 POLARIS_LOG {"event":"send_rate","rate":304000,"ts":1760731348.612715}
2025/10/17 20:02:29 POLARIS_LOG {"event":"send_rate","rate":296000,"ts":1760731349.6122572}
2025/10/17 20:02:30 POLARIS_LOG {"event":"send_rate","rate":304000,"ts":1760731350.620126}
2025/10/17 20:02:31 POLARIS_LOG {"event":"send_rate","rate":296000,"ts":1760731351.6175234}
2025/10/17 20:02:32 POLARIS_LOG {"event":"send_rate","rate":304000,"ts":1760731352.6151628}
2025/10/17 20:02:33 POLARIS_LOG {"event":"send_rate","rate":296000,"ts":1760731353.625745}
2025/10/17 20:02:34 POLARIS_LOG {"event":"send_rate","rate":304000,"ts":1760731354.6233482}
2025/10/17 20:02:35 POLARIS_LOG {"event":"send_rate","rate":296000,"ts":1760731355.6130168}
2025/10/17 20:02:36 POLARIS_LOG {"event":"send_rate","rate":296000,"ts":1760731356.611395}
2025/10/17 20:02:37 POLARIS_LOG {"event":"send_rate","rate":312000,"ts":1760731357.6343255}
2025/10/17 20:02:38 POLARIS_LOG {"event":"send_rate","rate":296000,"ts":1760731358.6228557}
2025/10/17 20:02:39 POLARIS_LOG {"event":"send_rate","rate":296000,"ts":1760731359.6154733}
2025/10/17 20:02:40 POLARIS_LOG {"event":"send_rate","rate":304000,"ts":1760731360.6120038}
2025/10/17 20:02:41 POLARIS_LOG {"event":"send_rate","rate":304000,"ts":1760731361.6281986}
2025/10/17 20:02:42 POLARIS_LOG {"event":"send_rate","rate":296000,"ts":1760731362.6129193}
2025/10/17 20:02:43 POLARIS_LOG {"event":"send_rate","rate":296000,"ts":1760731363.6340299}
2025/10/17 20:02:44 POLARIS_LOG {"event":"send_rate","rate":304000,"ts":1760731364.6147995}
2025/10/17 20:02:45 POLARIS_LOG {"event":"send_rate","rate":296000,"ts":1760731365.6243165}
2025/10/17 20:02:46 POLARIS_LOG {"event":"send_rate","rate":296000,"ts":1760731366.611204}
2025/10/17 20:02:47 POLARIS_LOG {"event":"send_rate","rate":304000,"ts":1760731367.6234348}
2025/10/17 20:02:48 POLARIS_LOG {"event":"send_rate","rate":304000,"ts":1760731368.6119342}
2025/10/17 20:02:49 POLARIS_LOG {"event":"send_rate","rate":296000,"ts":1760731369.6137395}
2025/10/17 20:02:50 POLARIS_LOG {"event":"send_rate","rate":304000,"ts":1760731370.611189}
2025/10/17 20:02:51 POLARIS_LOG {"event":"send_rate","rate":296000,"ts":1760731371.6114345}
2025/10/17 20:02:52 POLARIS_LOG {"event":"send_rate","rate":312000,"ts":1760731372.6437187}
2025/10/17 20:02:53 POLARIS_LOG {"event":"send_rate","rate":288000,"ts":1760731373.6161003}
Skipping switch: current path 5 5 1 3 has lastEstimate 333250 >= maxEstimate 0
2025/10/17 20:02:54 POLARIS_LOG {"event":"send_rate","rate":304000,"ts":1760731374.6206279}
2025/10/17 20:02:55 POLARIS_LOG {"event":"send_rate","rate":304000,"ts":1760731375.6463287}
2025/10/17 20:02:56 POLARIS_LOG {"event":"send_rate","rate":288000,"ts":1760731376.6112607}
2025/10/17 20:02:57 POLARIS_LOG {"event":"send_rate","rate":312000,"ts":1760731377.6264064}
2025/10/17 20:02:58 POLARIS_LOG {"event":"send_rate","rate":296000,"ts":1760731378.6124895}
2025/10/17 20:02:59 POLARIS_LOG {"event":"send_rate","rate":296000,"ts":1760731379.6199155}
2025/10/17 20:03:00 POLARIS_LOG {"event":"send_rate","rate":296000,"ts":1760731380.6124055}
2025/10/17 20:03:01 POLARIS_LOG {"event":"send_rate","rate":304000,"ts":1760731381.6115065}
2025/10/17 20:03:02 POLARIS_LOG {"event":"send_rate","rate":304000,"ts":1760731382.6237814}
2025/10/17 20:03:03 POLARIS_LOG {"event":"send_rate","rate":296000,"ts":1760731383.6113431}
2025/10/17 20:03:04 POLARIS_LOG {"event":"send_rate","rate":304000,"ts":1760731384.6119301}
2025/10/17 20:03:05 POLARIS_LOG {"event":"send_rate","rate":296000,"ts":1760731385.619577}
2025/10/17 20:03:06 POLARIS_LOG {"event":"send_rate","rate":304000,"ts":1760731386.612512}
2025/10/17 20:03:07 POLARIS_LOG {"event":"send_rate","rate":296000,"ts":1760731387.6116896}
2025/10/17 20:03:08 POLARIS_LOG {"event":"send_rate","rate":304000,"ts":1760731388.6198437}
2025/10/17 20:03:09 POLARIS_LOG {"event":"send_rate","rate":312000,"ts":1760731389.6575773}
2025/10/17 20:03:10 POLARIS_LOG {"event":"send_rate","rate":288000,"ts":1760731390.6253998}
2025/10/17 20:03:11 POLARIS_LOG {"event":"send_rate","rate":296000,"ts":1760731391.613829}
2025/10/17 20:03:12 POLARIS_LOG {"event":"send_rate","rate":304000,"ts":1760731392.6253169}
2025/10/17 20:03:13 POLARIS_LOG {"event":"send_rate","rate":296000,"ts":1760731393.6129618}
2025/10/17 20:03:14 POLARIS_LOG {"event":"send_rate","rate":296000,"ts":1760731394.6213927}
2025/10/17 20:03:15 POLARIS_LOG {"event":"send_rate","rate":296000,"ts":1760731395.6463437}
2025/10/17 20:03:16 POLARIS_LOG {"event":"send_rate","rate":304000,"ts":1760731396.613649}
2025/10/17 20:03:17 POLARIS_LOG {"event":"send_rate","rate":304000,"ts":1760731397.611702}
2025/10/17 20:03:18 POLARIS_LOG {"event":"send_rate","rate":304000,"ts":1760731398.613521}
2025/10/17 20:03:19 POLARIS_LOG {"event":"send_rate","rate":296000,"ts":1760731399.6189845}
2025/10/17 20:03:20 POLARIS_LOG {"event":"send_rate","rate":296000,"ts":1760731400.6127276}
2025/10/17 20:03:21 POLARIS_LOG {"event":"send_rate","rate":304000,"ts":1760731401.6117513}
2025/10/17 20:03:22 POLARIS_LOG {"event":"send_rate","rate":296000,"ts":1760731402.6116626}
2025/10/17 20:03:23 POLARIS_LOG {"event":"send_rate","rate":304000,"ts":1760731403.6154585}
2025/10/17 20:03:24 POLARIS_LOG {"event":"send_rate","rate":304000,"ts":1760731404.61659}
2025/10/17 20:03:25 POLARIS_LOG {"event":"send_rate","rate":288000,"ts":1760731405.6276805}
2025/10/17 20:03:26 POLARIS_LOG {"event":"send_rate","rate":304000,"ts":1760731406.6120532}
2025/10/17 20:03:27 POLARIS_LOG {"event":"send_rate","rate":304000,"ts":1760731407.6145303}
2025/10/17 20:03:28 POLARIS_LOG {"event":"send_rate","rate":296000,"ts":1760731408.6116157}
2025/10/17 20:03:29 POLARIS_LOG {"event":"send_rate","rate":304000,"ts":1760731409.6122787}
2025/10/17 20:03:30 POLARIS_LOG {"event":"send_rate","rate":304000,"ts":1760731410.6171966}
2025/10/17 20:03:31 POLARIS_LOG {"event":"send_rate","rate":296000,"ts":1760731411.6137545}
2025/10/17 20:03:32 POLARIS_LOG {"event":"send_rate","rate":304000,"ts":1760731412.6179185}
2025/10/17 20:03:33 POLARIS_LOG {"event":"send_rate","rate":296000,"ts":1760731413.619711}
2025/10/17 20:03:34 POLARIS_LOG {"event":"send_rate","rate":296000,"ts":1760731414.6120994}
2025/10/17 20:03:35 POLARIS_LOG {"event":"send_rate","rate":304000,"ts":1760731415.611674}
2025/10/17 20:03:36 POLARIS_LOG {"event":"send_rate","rate":296000,"ts":1760731416.6243658}
2025/10/17 20:03:37 POLARIS_LOG {"event":"send_rate","rate":304000,"ts":1760731417.621713}
2025/10/17 20:03:38 POLARIS_LOG {"event":"send_rate","rate":296000,"ts":1760731418.6148252}
2025/10/17 20:03:39 POLARIS_LOG {"event":"send_rate","rate":304000,"ts":1760731419.6215503}
2025/10/17 20:03:40 POLARIS_LOG {"event":"send_rate","rate":296000,"ts":1760731420.611156}
2025/10/17 20:03:41 POLARIS_LOG {"event":"send_rate","rate":304000,"ts":1760731421.6177576}
2025/10/17 20:03:42 POLARIS_LOG {"event":"send_rate","rate":296000,"ts":1760731422.6139395}
2025/10/17 20:03:43 POLARIS_LOG {"event":"send_rate","rate":304000,"ts":1760731423.6151123}
2025/10/17 20:03:44 POLARIS_LOG {"event":"send_rate","rate":296000,"ts":1760731424.6122568}
2025/10/17 20:03:45 POLARIS_LOG {"event":"send_rate","rate":304000,"ts":1760731425.6183705}
2025/10/17 20:03:46 POLARIS_LOG {"event":"send_rate","rate":304000,"ts":1760731426.615878}
2025/10/17 20:03:47 POLARIS_LOG {"event":"send_rate","rate":296000,"ts":1760731427.6143649}
2025/10/17 20:03:48 POLARIS_LOG {"event":"send_rate","rate":296000,"ts":1760731428.6121569}
2025/10/17 20:03:49 POLARIS_LOG {"event":"send_rate","rate":304000,"ts":1760731429.6160007}
2025/10/17 20:03:50 POLARIS_LOG {"event":"send_rate","rate":296000,"ts":1760731430.6146371}
2025/10/17 20:03:51 POLARIS_LOG {"event":"send_rate","rate":304000,"ts":1760731431.6113682}
2025/10/17 20:03:52 POLARIS_LOG {"event":"send_rate","rate":304000,"ts":1760731432.6234078}
2025/10/17 20:03:53 POLARIS_LOG {"event":"send_rate","rate":296000,"ts":1760731433.6120915}
2025/10/17 20:03:54 POLARIS_LOG {"event":"send_rate","rate":296000,"ts":1760731434.6121411}
2025/10/17 20:03:55 POLARIS_LOG {"event":"send_rate","rate":304000,"ts":1760731435.6124396}
2025/10/17 20:03:56 POLARIS_LOG {"event":"send_rate","rate":296000,"ts":1760731436.6126676}
2025/10/17 20:03:57 POLARIS_LOG {"event":"send_rate","rate":296000,"ts":1760731437.6195283}
2025/10/17 20:03:58 POLARIS_LOG {"event":"send_rate","rate":304000,"ts":1760731438.6116624}
2025/10/17 20:03:59 POLARIS_LOG {"event":"send_rate","rate":304000,"ts":1760731439.6262064}
2025/10/17 20:04:00 POLARIS_LOG {"event":"send_rate","rate":304000,"ts":1760731440.6243207}
2025/10/17 20:04:01 POLARIS_LOG {"event":"send_rate","rate":296000,"ts":1760731441.6114004}
2025/10/17 20:04:02 POLARIS_LOG {"event":"send_rate","rate":296000,"ts":1760731442.611512}
2025/10/17 20:04:03 POLARIS_LOG {"event":"send_rate","rate":296000,"ts":1760731443.615123}
2025/10/17 20:04:04 POLARIS_LOG {"event":"send_rate","rate":304000,"ts":1760731444.6118987}
2025/10/17 20:04:05 POLARIS_LOG {"event":"send_rate","rate":304000,"ts":1760731445.6147537}
2025/10/17 20:04:06 POLARIS_LOG {"event":"send_rate","rate":296000,"ts":1760731446.6343682}
2025/10/17 20:04:07 POLARIS_LOG {"event":"send_rate","rate":304000,"ts":1760731447.6116986}
2025/10/17 20:04:08 POLARIS_LOG {"event":"send_rate","rate":296000,"ts":1760731448.6113672}
2025/10/17 20:04:09 POLARIS_LOG {"event":"send_rate","rate":304000,"ts":1760731449.6122522}
2025/10/17 20:04:10 POLARIS_LOG {"event":"send_rate","rate":296000,"ts":1760731450.612542}
2025/10/17 20:04:11 POLARIS_LOG {"event":"send_rate","rate":304000,"ts":1760731451.6114206}
2025/10/17 20:04:12 POLARIS_LOG {"event":"send_rate","rate":296000,"ts":1760731452.612983}
2025/10/17 20:04:13 POLARIS_LOG {"event":"send_rate","rate":304000,"ts":1760731453.6114838}
2025/10/17 20:04:14 POLARIS_LOG {"event":"send_rate","rate":304000,"ts":1760731454.6248155}
2025/10/17 20:04:15 POLARIS_LOG {"event":"send_rate","rate":296000,"ts":1760731455.6155577}
2025/10/17 20:04:16 POLARIS_LOG {"event":"send_rate","rate":184000,"ts":1760731456.6121442}
We need to sleep for 1 seconds before we can get the results
Drain Loop received packet
Drain Loop received non-nil payload
Client sent 10575 packets, server reported 10538 packets received
The network loss rate from client to server is 0.3%

S->C results
Attempted bandwidth: 0 bps / 0.00 Mbps
Achieved bandwidth: 0 bps / 0.00 Mbps
Loss rate: 0.0%
Interarrival time min/avg/max/mdev = -0.000/0.000/0.000/0.000 ms

C->S results
Attempted bandwidth: 300000 bps / 0.30 Mbps
Achieved bandwidth: 298950 bps / 0.30 Mbps
Loss rate: 0.3%
Interarrival time min/avg/max/mdev = 0.002/26.714/635.233/24.668 ms
