
Test parameters:
client->server: 258 seconds, 1000 bytes, 9675 packets
server->client: 258 seconds, 1000 bytes, 0 packets
Polaris prober initialized with 38 paths
2025/10/17 19:59:57 POLARIS_LOG {"current_rate":0,"event":"path_switch","new":"2 2 5 2","trigger":"initialization","ts":1760731197.7895339}
Polaris prober initialized with local 1-111,10.111.0.71:32722 and remote 1-113,10.113.0.71
2025/10/17 19:59:59 POLARIS_LOG {"event":"send_rate","rate":0,"ts":1760731199.7908173}
2025/10/17 20:00:00 POLARIS_LOG {"event":"send_rate","rate":272000,"ts":1760731200.791111}
2025/10/17 20:00:01 POLARIS_LOG {"event":"send_rate","rate":304000,"ts":1760731201.7944658}
2025/10/17 20:00:02 POLARIS_LOG {"event":"send_rate","rate":296000,"ts":1760731202.790906}
2025/10/17 20:00:03 POLARIS_LOG {"event":"send_rate","rate":304000,"ts":1760731203.7915726}
2025/10/17 20:00:04 POLARIS_LOG {"event":"send_rate","rate":296000,"ts":1760731204.792174}
2025/10/17 20:00:05 POLARIS_LOG {"event":"send_rate","rate":296000,"ts":1760731205.7923622}
2025/10/17 20:00:06 POLARIS_LOG {"event":"send_rate","rate":304000,"ts":1760731206.8004868}
2025/10/17 20:00:07 POLARIS_LOG {"event":"send_rate","rate":296000,"ts":1760731207.7904665}
2025/10/17 20:00:08 POLARIS_LOG {"event":"send_rate","rate":296000,"ts":1760731208.7941911}
2025/10/17 20:00:09 POLARIS_LOG {"event":"send_rate","rate":304000,"ts":1760731209.7904146}
2025/10/17 20:00:10 POLARIS_LOG {"event":"send_rate","rate":296000,"ts":1760731210.8042562}
2025/10/17 20:00:11 POLARIS_LOG {"event":"send_rate","rate":312000,"ts":1760731211.79158}
2025/10/17 20:00:12 POLARIS_LOG {"event":"send_rate","rate":296000,"ts":1760731212.7914007}
2025/10/17 20:00:13 POLARIS_LOG {"event":"send_rate","rate":304000,"ts":1760731213.8122432}
2025/10/17 20:00:14 POLARIS_LOG {"event":"send_rate","rate":296000,"ts":1760731214.8025832}
2025/10/17 20:00:15 POLARIS_LOG {"event":"send_rate","rate":248000,"ts":1760731215.7937582}
2025/10/17 20:00:16 POLARIS_LOG {"event":"send_rate","rate":152000,"ts":1760731216.7912014}
2025/10/17 20:00:17 POLARIS_LOG {"event":"send_rate","rate":256000,"ts":1760731217.8299494}
2025/10/17 20:00:17 POLARIS_LOG {"candidates":5,"candidates_unfiltered":5,"current_rate":256000,"estimated_share":500000,"event":"path_switch","max_estimated_share":666500,"new":"1 1 6 6 3 5","old":"2 2 5 2","trigger":"scheduled","ts":1760731217.8474615}
2025/10/17 20:00:18 POLARIS_LOG {"event":"send_rate","rate":416000,"ts":1760731218.8125145}
2025/10/17 20:00:19 POLARIS_LOG {"event":"send_rate","rate":424000,"ts":1760731219.7910013}
2025/10/17 20:00:20 POLARIS_LOG {"event":"send_rate","rate":304000,"ts":1760731220.7930605}
2025/10/17 20:00:21 POLARIS_LOG {"event":"send_rate","rate":296000,"ts":1760731221.792107}
2025/10/17 20:00:22 POLARIS_LOG {"event":"send_rate","rate":304000,"ts":1760731222.7933}
2025/10/17 20:00:23 POLARIS_LOG {"event":"send_rate","rate":304000,"ts":1760731223.817135}
2025/10/17 20:00:24 POLARIS_LOG {"event":"send_rate","rate":296000,"ts":1760731224.7916121}
2025/10/17 20:00:25 POLARIS_LOG {"event":"send_rate","rate":304000,"ts":1760731225.8051536}
2025/10/17 20:00:26 POLARIS_LOG {"event":"send_rate","rate":296000,"ts":1760731226.792068}
2025/10/17 20:00:27 POLARIS_LOG {"event":"send_rate","rate":312000,"ts":1760731227.8415587}
2025/10/17 20:00:28 POLARIS_LOG {"event":"send_rate","rate":288000,"ts":1760731228.8049262}
2025/10/17 20:00:29 POLARIS_LOG {"event":"send_rate","rate":304000,"ts":1760731229.810036}
2025/10/17 20:00:30 POLARIS_LOG {"event":"send_rate","rate":296000,"ts":1760731230.7912455}
2025/10/17 20:00:31 POLARIS_LOG {"event":"send_rate","rate":304000,"ts":1760731231.7932155}
2025/10/17 20:00:32 POLARIS_LOG {"event":"send_rate","rate":296000,"ts":1760731232.7934344}
2025/10/17 20:00:33 POLARIS_LOG {"event":"send_rate","rate":304000,"ts":1760731233.8018234}
2025/10/17 20:00:34 POLARIS_LOG {"event":"send_rate","rate":296000,"ts":1760731234.7937424}
2025/10/17 20:00:35 POLARIS_LOG {"event":"send_rate","rate":304000,"ts":1760731235.7992787}
2025/10/17 20:00:36 POLARIS_LOG {"event":"send_rate","rate":296000,"ts":1760731236.791288}
2025/10/17 20:00:37 POLARIS_LOG {"event":"send_rate","rate":304000,"ts":1760731237.7948616}
2025/10/17 20:00:38 POLARIS_LOG {"event":"send_rate","rate":280000,"ts":1760731238.8058443}
2025/10/17 20:00:39 POLARIS_LOG {"event":"send_rate","rate":312000,"ts":1760731239.7909563}
2025/10/17 20:00:40 POLARIS_LOG {"event":"send_rate","rate":304000,"ts":1760731240.797468}
2025/10/17 20:00:41 POLARIS_LOG {"event":"send_rate","rate":304000,"ts":1760731241.7956867}
2025/10/17 20:00:42 POLARIS_LOG {"event":"send_rate","rate":296000,"ts":1760731242.8187873}
2025/10/17 20:00:43 POLARIS_LOG {"event":"send_rate","rate":296000,"ts":1760731243.7926543}
2025/10/17 20:00:44 POLARIS_LOG {"event":"send_rate","rate":304000,"ts":1760731244.795836}
2025/10/17 20:00:45 POLARIS_LOG {"event":"send_rate","rate":296000,"ts":1760731245.7920237}
2025/10/17 20:00:46 POLARIS_LOG {"event":"send_rate","rate":304000,"ts":1760731246.7932022}
2025/10/17 20:00:47 POLARIS_LOG {"event":"send_rate","rate":304000,"ts":1760731247.7979593}
2025/10/17 20:00:48 POLARIS_LOG {"event":"send_rate","rate":296000,"ts":1760731248.8035805}
2025/10/17 20:00:49 POLARIS_LOG {"event":"send_rate","rate":296000,"ts":1760731249.791459}
2025/10/17 20:00:50 POLARIS_LOG {"event":"send_rate","rate":304000,"ts":1760731250.7918692}
2025/10/17 20:00:51 POLARIS_LOG {"event":"send_rate","rate":296000,"ts":1760731251.7929292}
2025/10/17 20:00:52 POLARIS_LOG {"event":"send_rate","rate":304000,"ts":1760731252.807992}
2025/10/17 20:00:53 POLARIS_LOG {"event":"send_rate","rate":296000,"ts":1760731253.791212}
2025/10/17 20:00:54 POLARIS_LOG {"event":"send_rate","rate":304000,"ts":1760731254.8346968}
2025/10/17 20:00:55 POLARIS_LOG {"event":"send_rate","rate":296000,"ts":1760731255.7987537}
2025/10/17 20:00:56 POLARIS_LOG {"event":"send_rate","rate":304000,"ts":1760731256.793391}
2025/10/17 20:00:57 POLARIS_LOG {"event":"send_rate","rate":296000,"ts":1760731257.7976985}
2025/10/17 20:00:58 POLARIS_LOG {"event":"send_rate","rate":304000,"ts":1760731258.8059945}
2025/10/17 20:00:59 POLARIS_LOG {"event":"send_rate","rate":296000,"ts":1760731259.792865}
2025/10/17 20:01:00 POLARIS_LOG {"event":"send_rate","rate":296000,"ts":1760731260.7939725}
2025/10/17 20:01:01 POLARIS_LOG {"event":"send_rate","rate":304000,"ts":1760731261.7906618}
2025/10/17 20:01:02 POLARIS_LOG {"event":"send_rate","rate":304000,"ts":1760731262.7941275}
2025/10/17 20:01:03 POLARIS_LOG {"event":"send_rate","rate":304000,"ts":1760731263.8094282}
2025/10/17 20:01:04 POLARIS_LOG {"event":"send_rate","rate":296000,"ts":1760731264.7905939}
2025/10/17 20:01:05 POLARIS_LOG {"event":"send_rate","rate":304000,"ts":1760731265.8045006}
2025/10/17 20:01:06 POLARIS_LOG {"event":"send_rate","rate":296000,"ts":1760731266.804361}
2025/10/17 20:01:07 POLARIS_LOG {"event":"send_rate","rate":288000,"ts":1760731267.8287175}
Skipping switch: current path 1 1 6 6 3 5 has lastEstimate 333250 >= maxEstimate 0
2025/10/17 20:01:08 POLARIS_LOG {"event":"send_rate","rate":328000,"ts":1760731268.847745}
2025/10/17 20:01:09 POLARIS_LOG {"event":"send_rate","rate":280000,"ts":1760731269.7905228}
2025/10/17 20:01:10 POLARIS_LOG {"event":"send_rate","rate":304000,"ts":1760731270.7946796}
2025/10/17 20:01:11 POLARIS_LOG {"event":"send_rate","rate":304000,"ts":1760731271.8046749}
2025/10/17 20:01:12 POLARIS_LOG {"event":"send_rate","rate":296000,"ts":1760731272.792414}
2025/10/17 20:01:13 POLARIS_LOG {"event":"send_rate","rate":312000,"ts":1760731273.8374891}
2025/10/17 20:01:14 POLARIS_LOG {"event":"send_rate","rate":288000,"ts":1760731274.7907712}
2025/10/17 20:01:15 POLARIS_LOG {"event":"send_rate","rate":304000,"ts":1760731275.7999883}
2025/10/17 20:01:16 POLARIS_LOG {"event":"send_rate","rate":296000,"ts":1760731276.795394}
2025/10/17 20:01:17 POLARIS_LOG {"event":"send_rate","rate":296000,"ts":1760731277.7913723}
2025/10/17 20:01:18 POLARIS_LOG {"event":"send_rate","rate":304000,"ts":1760731278.7913086}
2025/10/17 20:01:19 POLARIS_LOG {"event":"send_rate","rate":296000,"ts":1760731279.7917497}
2025/10/17 20:01:20 POLARIS_LOG {"event":"send_rate","rate":304000,"ts":1760731280.7924933}
2025/10/17 20:01:21 POLARIS_LOG {"event":"send_rate","rate":304000,"ts":1760731281.818007}
2025/10/17 20:01:22 POLARIS_LOG {"event":"send_rate","rate":296000,"ts":1760731282.7909002}
2025/10/17 20:01:23 POLARIS_LOG {"event":"send_rate","rate":304000,"ts":1760731283.8174858}
2025/10/17 20:01:24 POLARIS_LOG {"event":"send_rate","rate":296000,"ts":1760731284.7962375}
2025/10/17 20:01:25 POLARIS_LOG {"event":"send_rate","rate":304000,"ts":1760731285.8038838}
2025/10/17 20:01:26 POLARIS_LOG {"event":"send_rate","rate":296000,"ts":1760731286.794699}
2025/10/17 20:01:27 POLARIS_LOG {"event":"send_rate","rate":304000,"ts":1760731287.7995858}
2025/10/17 20:01:28 POLARIS_LOG {"event":"send_rate","rate":288000,"ts":1760731288.8162904}
2025/10/17 20:01:29 POLARIS_LOG {"event":"send_rate","rate":304000,"ts":1760731289.7905161}
2025/10/17 20:01:30 POLARIS_LOG {"event":"send_rate","rate":304000,"ts":1760731290.8080578}
2025/10/17 20:01:31 POLARIS_LOG {"event":"send_rate","rate":296000,"ts":1760731291.7980926}
2025/10/17 20:01:32 POLARIS_LOG {"event":"send_rate","rate":304000,"ts":1760731292.7929227}
2025/10/17 20:01:33 POLARIS_LOG {"event":"send_rate","rate":296000,"ts":1760731293.7965536}
2025/10/17 20:01:34 POLARIS_LOG {"event":"send_rate","rate":304000,"ts":1760731294.7908266}
2025/10/17 20:01:35 POLARIS_LOG {"event":"send_rate","rate":296000,"ts":1760731295.7931924}
2025/10/17 20:01:36 POLARIS_LOG {"event":"send_rate","rate":304000,"ts":1760731296.7965584}
2025/10/17 20:01:37 POLARIS_LOG {"event":"send_rate","rate":304000,"ts":1760731297.8197846}
2025/10/17 20:01:38 POLARIS_LOG {"event":"send_rate","rate":296000,"ts":1760731298.7914767}
2025/10/17 20:01:39 POLARIS_LOG {"event":"send_rate","rate":296000,"ts":1760731299.815045}
2025/10/17 20:01:40 POLARIS_LOG {"event":"send_rate","rate":304000,"ts":1760731300.790845}
2025/10/17 20:01:41 POLARIS_LOG {"event":"send_rate","rate":296000,"ts":1760731301.7918544}
2025/10/17 20:01:42 POLARIS_LOG {"event":"send_rate","rate":296000,"ts":1760731302.8140705}
2025/10/17 20:01:43 POLARIS_LOG {"event":"send_rate","rate":304000,"ts":1760731303.7904713}
2025/10/17 20:01:44 POLARIS_LOG {"event":"send_rate","rate":312000,"ts":1760731304.8146431}
2025/10/17 20:01:45 POLARIS_LOG {"event":"send_rate","rate":288000,"ts":1760731305.7906184}
2025/10/17 20:01:46 POLARIS_LOG {"event":"send_rate","rate":304000,"ts":1760731306.808015}
2025/10/17 20:01:47 POLARIS_LOG {"event":"send_rate","rate":296000,"ts":1760731307.7936776}
2025/10/17 20:01:48 POLARIS_LOG {"event":"send_rate","rate":296000,"ts":1760731308.819223}
2025/10/17 20:01:49 POLARIS_LOG {"event":"send_rate","rate":304000,"ts":1760731309.7925642}
2025/10/17 20:01:50 POLARIS_LOG {"event":"send_rate","rate":304000,"ts":1760731310.7934287}
2025/10/17 20:01:51 POLARIS_LOG {"event":"send_rate","rate":296000,"ts":1760731311.7935908}
2025/10/17 20:01:52 POLARIS_LOG {"event":"send_rate","rate":312000,"ts":1760731312.8156133}
2025/10/17 20:01:53 POLARIS_LOG {"event":"send_rate","rate":288000,"ts":1760731313.7997694}
2025/10/17 20:01:54 POLARIS_LOG {"event":"send_rate","rate":304000,"ts":1760731314.7968824}
2025/10/17 20:01:55 POLARIS_LOG {"event":"send_rate","rate":296000,"ts":1760731315.7913897}
2025/10/17 20:01:56 POLARIS_LOG {"event":"send_rate","rate":304000,"ts":1760731316.8157525}
2025/10/17 20:01:57 POLARIS_LOG {"event":"send_rate","rate":296000,"ts":1760731317.791647}
2025/10/17 20:01:58 POLARIS_LOG {"event":"send_rate","rate":304000,"ts":1760731318.79427}
2025/10/17 20:01:59 POLARIS_LOG {"event":"send_rate","rate":296000,"ts":1760731319.7912617}
2025/10/17 20:02:00 POLARIS_LOG {"event":"send_rate","rate":304000,"ts":1760731320.810655}
2025/10/17 20:02:01 POLARIS_LOG {"event":"send_rate","rate":296000,"ts":1760731321.7938104}
2025/10/17 20:02:02 POLARIS_LOG {"event":"send_rate","rate":320000,"ts":1760731322.8657753}
2025/10/17 20:02:03 POLARIS_LOG {"event":"send_rate","rate":280000,"ts":1760731323.8047614}
2025/10/17 20:02:04 POLARIS_LOG {"event":"send_rate","rate":304000,"ts":1760731324.7997963}
2025/10/17 20:02:05 POLARIS_LOG {"event":"send_rate","rate":296000,"ts":1760731325.7912848}
2025/10/17 20:02:06 POLARIS_LOG {"event":"send_rate","rate":304000,"ts":1760731326.8024468}
2025/10/17 20:02:07 POLARIS_LOG {"event":"send_rate","rate":304000,"ts":1760731327.827177}
2025/10/17 20:02:08 POLARIS_LOG {"event":"send_rate","rate":304000,"ts":1760731328.81944}
2025/10/17 20:02:09 POLARIS_LOG {"event":"send_rate","rate":288000,"ts":1760731329.794156}
2025/10/17 20:02:10 POLARIS_LOG {"event":"send_rate","rate":304000,"ts":1760731330.812302}
2025/10/17 20:02:11 POLARIS_LOG {"event":"send_rate","rate":296000,"ts":1760731331.7918508}
2025/10/17 20:02:12 POLARIS_LOG {"event":"send_rate","rate":304000,"ts":1760731332.794792}
2025/10/17 20:02:13 POLARIS_LOG {"event":"send_rate","rate":296000,"ts":1760731333.7931962}
2025/10/17 20:02:14 POLARIS_LOG {"event":"send_rate","rate":304000,"ts":1760731334.8065357}
2025/10/17 20:02:15 POLARIS_LOG {"event":"send_rate","rate":296000,"ts":1760731335.79255}
2025/10/17 20:02:16 POLARIS_LOG {"event":"send_rate","rate":296000,"ts":1760731336.7910388}
2025/10/17 20:02:17 POLARIS_LOG {"event":"send_rate","rate":312000,"ts":1760731337.804707}
2025/10/17 20:02:18 POLARIS_LOG {"event":"send_rate","rate":296000,"ts":1760731338.7979984}
2025/10/17 20:02:19 POLARIS_LOG {"event":"send_rate","rate":296000,"ts":1760731339.792775}
2025/10/17 20:02:20 POLARIS_LOG {"event":"send_rate","rate":304000,"ts":1760731340.8054633}
2025/10/17 20:02:21 POLARIS_LOG {"event":"send_rate","rate":296000,"ts":1760731341.793904}
2025/10/17 20:02:22 POLARIS_LOG {"event":"send_rate","rate":296000,"ts":1760731342.7905235}
2025/10/17 20:02:23 POLARIS_LOG {"event":"send_rate","rate":304000,"ts":1760731343.791319}
2025/10/17 20:02:24 POLARIS_LOG {"event":"send_rate","rate":304000,"ts":1760731344.7918472}
2025/10/17 20:02:25 POLARIS_LOG {"event":"send_rate","rate":320000,"ts":1760731345.8717358}
2025/10/17 20:02:26 POLARIS_LOG {"event":"send_rate","rate":280000,"ts":1760731346.810264}
Skipping switch: current path 1 1 6 6 3 5 has lastEstimate 333250 >= maxEstimate 0
2025/10/17 20:02:27 POLARIS_LOG {"event":"send_rate","rate":296000,"ts":1760731347.8021896}
2025/10/17 20:02:28 POLARIS_LOG {"event":"send_rate","rate":304000,"ts":1760731348.791939}
2025/10/17 20:02:29 POLARIS_LOG {"event":"send_rate","rate":296000,"ts":1760731349.7905529}
2025/10/17 20:02:30 POLARIS_LOG {"event":"send_rate","rate":288000,"ts":1760731350.7993078}
2025/10/17 20:02:31 POLARIS_LOG {"event":"send_rate","rate":312000,"ts":1760731351.7909033}
2025/10/17 20:02:32 POLARIS_LOG {"event":"send_rate","rate":304000,"ts":1760731352.793113}
2025/10/17 20:02:33 POLARIS_LOG {"event":"send_rate","rate":304000,"ts":1760731353.8156629}
2025/10/17 20:02:34 POLARIS_LOG {"event":"send_rate","rate":288000,"ts":1760731354.7908669}
2025/10/17 20:02:35 POLARIS_LOG {"event":"send_rate","rate":304000,"ts":1760731355.791389}
2025/10/17 20:02:36 POLARIS_LOG {"event":"send_rate","rate":296000,"ts":1760731356.7921147}
2025/10/17 20:02:37 POLARIS_LOG {"event":"send_rate","rate":304000,"ts":1760731357.7931871}
2025/10/17 20:02:38 POLARIS_LOG {"event":"send_rate","rate":304000,"ts":1760731358.7934487}
2025/10/17 20:02:39 POLARIS_LOG {"event":"send_rate","rate":296000,"ts":1760731359.7930355}
2025/10/17 20:02:40 POLARIS_LOG {"event":"send_rate","rate":304000,"ts":1760731360.8030791}
2025/10/17 20:02:41 POLARIS_LOG {"event":"send_rate","rate":296000,"ts":1760731361.8019354}
2025/10/17 20:02:42 POLARIS_LOG {"event":"send_rate","rate":296000,"ts":1760731362.7906377}
2025/10/17 20:02:43 POLARIS_LOG {"event":"send_rate","rate":304000,"ts":1760731363.7917964}
2025/10/17 20:02:44 POLARIS_LOG {"event":"send_rate","rate":304000,"ts":1760731364.8041298}
2025/10/17 20:02:45 POLARIS_LOG {"event":"send_rate","rate":296000,"ts":1760731365.794796}
2025/10/17 20:02:46 POLARIS_LOG {"event":"send_rate","rate":304000,"ts":1760731366.8076513}
2025/10/17 20:02:47 POLARIS_LOG {"event":"send_rate","rate":296000,"ts":1760731367.7935526}
2025/10/17 20:02:48 POLARIS_LOG {"event":"send_rate","rate":304000,"ts":1760731368.8014858}
2025/10/17 20:02:49 POLARIS_LOG {"event":"send_rate","rate":296000,"ts":1760731369.7936244}
2025/10/17 20:02:50 POLARIS_LOG {"event":"send_rate","rate":304000,"ts":1760731370.799373}
2025/10/17 20:02:51 POLARIS_LOG {"event":"send_rate","rate":296000,"ts":1760731371.7946057}
2025/10/17 20:02:52 POLARIS_LOG {"event":"send_rate","rate":296000,"ts":1760731372.7916868}
2025/10/17 20:02:53 POLARIS_LOG {"event":"send_rate","rate":312000,"ts":1760731373.8136418}
2025/10/17 20:02:54 POLARIS_LOG {"event":"send_rate","rate":288000,"ts":1760731374.7929935}
2025/10/17 20:02:55 POLARIS_LOG {"event":"send_rate","rate":304000,"ts":1760731375.7906008}
2025/10/17 20:02:56 POLARIS_LOG {"event":"send_rate","rate":296000,"ts":1760731376.79108}
2025/10/17 20:02:57 POLARIS_LOG {"event":"send_rate","rate":304000,"ts":1760731377.794212}
2025/10/17 20:02:58 POLARIS_LOG {"event":"send_rate","rate":296000,"ts":1760731378.7910779}
2025/10/17 20:02:59 POLARIS_LOG {"event":"send_rate","rate":304000,"ts":1760731379.791361}
2025/10/17 20:03:00 POLARIS_LOG {"event":"send_rate","rate":296000,"ts":1760731380.791488}
2025/10/17 20:03:01 POLARIS_LOG {"event":"send_rate","rate":312000,"ts":1760731381.8227303}
2025/10/17 20:03:02 POLARIS_LOG {"event":"send_rate","rate":288000,"ts":1760731382.7916753}
2025/10/17 20:03:03 POLARIS_LOG {"event":"send_rate","rate":304000,"ts":1760731383.7904134}
2025/10/17 20:03:04 POLARIS_LOG {"event":"send_rate","rate":304000,"ts":1760731384.7968113}
2025/10/17 20:03:05 POLARIS_LOG {"event":"send_rate","rate":296000,"ts":1760731385.791048}
2025/10/17 20:03:06 POLARIS_LOG {"event":"send_rate","rate":304000,"ts":1760731386.8077536}
2025/10/17 20:03:07 POLARIS_LOG {"event":"send_rate","rate":288000,"ts":1760731387.8084245}
Skipping switch: current path 1 1 6 6 3 5 has lastEstimate 333250 >= maxEstimate 0
2025/10/17 20:03:08 POLARIS_LOG {"event":"send_rate","rate":304000,"ts":1760731388.7942483}
2025/10/17 20:03:09 POLARIS_LOG {"event":"send_rate","rate":304000,"ts":1760731389.8017051}
2025/10/17 20:03:10 POLARIS_LOG {"event":"send_rate","rate":296000,"ts":1760731390.8001497}
2025/10/17 20:03:11 POLARIS_LOG {"event":"send_rate","rate":304000,"ts":1760731391.7920418}
2025/10/17 20:03:12 POLARIS_LOG {"event":"send_rate","rate":304000,"ts":1760731392.8035326}
2025/10/17 20:03:13 POLARIS_LOG {"event":"send_rate","rate":296000,"ts":1760731393.7921298}
2025/10/17 20:03:14 POLARIS_LOG {"event":"send_rate","rate":304000,"ts":1760731394.8139045}
2025/10/17 20:03:15 POLARIS_LOG {"event":"send_rate","rate":296000,"ts":1760731395.8064713}
2025/10/17 20:03:16 POLARIS_LOG {"event":"send_rate","rate":296000,"ts":1760731396.7914824}
2025/10/17 20:03:17 POLARIS_LOG {"event":"send_rate","rate":304000,"ts":1760731397.80837}
2025/10/17 20:03:18 POLARIS_LOG {"event":"send_rate","rate":304000,"ts":1760731398.8131425}
2025/10/17 20:03:19 POLARIS_LOG {"event":"send_rate","rate":296000,"ts":1760731399.794949}
2025/10/17 20:03:20 POLARIS_LOG {"event":"send_rate","rate":296000,"ts":1760731400.7992902}
2025/10/17 20:03:21 POLARIS_LOG {"event":"send_rate","rate":296000,"ts":1760731401.7932603}
2025/10/17 20:03:22 POLARIS_LOG {"event":"send_rate","rate":304000,"ts":1760731402.7920542}
2025/10/17 20:03:23 POLARIS_LOG {"event":"send_rate","rate":304000,"ts":1760731403.7915974}
2025/10/17 20:03:24 POLARIS_LOG {"event":"send_rate","rate":304000,"ts":1760731404.8087187}
2025/10/17 20:03:25 POLARIS_LOG {"event":"send_rate","rate":296000,"ts":1760731405.8012824}
2025/10/17 20:03:26 POLARIS_LOG {"event":"send_rate","rate":296000,"ts":1760731406.7929242}
2025/10/17 20:03:27 POLARIS_LOG {"event":"send_rate","rate":304000,"ts":1760731407.79754}
2025/10/17 20:03:28 POLARIS_LOG {"event":"send_rate","rate":296000,"ts":1760731408.7930179}
2025/10/17 20:03:29 POLARIS_LOG {"event":"send_rate","rate":312000,"ts":1760731409.824324}
2025/10/17 20:03:30 POLARIS_LOG {"event":"send_rate","rate":296000,"ts":1760731410.8008904}
2025/10/17 20:03:31 POLARIS_LOG {"event":"send_rate","rate":296000,"ts":1760731411.7974985}
2025/10/17 20:03:32 POLARIS_LOG {"event":"send_rate","rate":296000,"ts":1760731412.7972755}
2025/10/17 20:03:33 POLARIS_LOG {"event":"send_rate","rate":304000,"ts":1760731413.7937226}
2025/10/17 20:03:34 POLARIS_LOG {"event":"send_rate","rate":296000,"ts":1760731414.792207}
2025/10/17 20:03:35 POLARIS_LOG {"event":"send_rate","rate":304000,"ts":1760731415.7984335}
2025/10/17 20:03:36 POLARIS_LOG {"event":"send_rate","rate":296000,"ts":1760731416.7986424}
2025/10/17 20:03:37 POLARIS_LOG {"event":"send_rate","rate":304000,"ts":1760731417.7910326}
2025/10/17 20:03:38 POLARIS_LOG {"event":"send_rate","rate":296000,"ts":1760731418.7925038}
2025/10/17 20:03:39 POLARIS_LOG {"event":"send_rate","rate":304000,"ts":1760731419.7916331}
2025/10/17 20:03:40 POLARIS_LOG {"event":"send_rate","rate":304000,"ts":1760731420.7993755}
2025/10/17 20:03:41 POLARIS_LOG {"event":"send_rate","rate":296000,"ts":1760731421.7913554}
2025/10/17 20:03:42 POLARIS_LOG {"event":"send_rate","rate":304000,"ts":1760731422.8174322}
2025/10/17 20:03:43 POLARIS_LOG {"event":"send_rate","rate":296000,"ts":1760731423.7912803}
2025/10/17 20:03:44 POLARIS_LOG {"event":"send_rate","rate":296000,"ts":1760731424.796836}
2025/10/17 20:03:45 POLARIS_LOG {"event":"send_rate","rate":304000,"ts":1760731425.7958887}
2025/10/17 20:03:46 POLARIS_LOG {"event":"send_rate","rate":296000,"ts":1760731426.7915483}
2025/10/17 20:03:47 POLARIS_LOG {"event":"send_rate","rate":304000,"ts":1760731427.8103173}
2025/10/17 20:03:48 POLARIS_LOG {"event":"send_rate","rate":296000,"ts":1760731428.7912958}
2025/10/17 20:03:49 POLARIS_LOG {"event":"send_rate","rate":304000,"ts":1760731429.8084488}
2025/10/17 20:03:50 POLARIS_LOG {"event":"send_rate","rate":296000,"ts":1760731430.798669}
2025/10/17 20:03:51 POLARIS_LOG {"event":"send_rate","rate":304000,"ts":1760731431.804612}
2025/10/17 20:03:52 POLARIS_LOG {"event":"send_rate","rate":304000,"ts":1760731432.8178916}
2025/10/17 20:03:53 POLARIS_LOG {"event":"send_rate","rate":296000,"ts":1760731433.7957141}
2025/10/17 20:03:54 POLARIS_LOG {"event":"send_rate","rate":296000,"ts":1760731434.7918904}
2025/10/17 20:03:55 POLARIS_LOG {"event":"send_rate","rate":304000,"ts":1760731435.7990215}
2025/10/17 20:03:56 POLARIS_LOG {"event":"send_rate","rate":272000,"ts":1760731436.802803}
Skipping switch: current path 1 1 6 6 3 5 has lastEstimate 333250 >= maxEstimate 0
2025/10/17 20:03:57 POLARIS_LOG {"event":"send_rate","rate":272000,"ts":1760731437.7978704}
2025/10/17 20:03:58 POLARIS_LOG {"event":"send_rate","rate":320000,"ts":1760731438.7919614}
2025/10/17 20:03:59 POLARIS_LOG {"event":"send_rate","rate":200000,"ts":1760731439.7935407}
2025/10/17 20:04:00 POLARIS_LOG {"event":"send_rate","rate":328000,"ts":1760731440.7967103}
2025/10/17 20:04:01 POLARIS_LOG {"event":"send_rate","rate":264000,"ts":1760731441.80028}
2025/10/17 20:04:02 POLARIS_LOG {"event":"send_rate","rate":216000,"ts":1760731442.7936337}
2025/10/17 20:04:03 POLARIS_LOG {"event":"send_rate","rate":184000,"ts":1760731443.7920349}
2025/10/17 20:04:04 POLARIS_LOG {"event":"send_rate","rate":192000,"ts":1760731444.8121102}
2025/10/17 20:04:05 POLARIS_LOG {"event":"send_rate","rate":200000,"ts":1760731445.801427}
2025/10/17 20:04:06 POLARIS_LOG {"event":"send_rate","rate":184000,"ts":1760731446.7904592}
Skipping switch: current path 1 1 6 6 3 5 has lastEstimate 333250 >= maxEstimate 333250
2025/10/17 20:04:07 POLARIS_LOG {"event":"send_rate","rate":200000,"ts":1760731447.810099}
2025/10/17 20:04:08 POLARIS_LOG {"event":"send_rate","rate":264000,"ts":1760731448.8147814}
2025/10/17 20:04:09 POLARIS_LOG {"event":"send_rate","rate":216000,"ts":1760731449.8021235}
2025/10/17 20:04:10 POLARIS_LOG {"event":"send_rate","rate":248000,"ts":1760731450.8052247}
2025/10/17 20:04:11 POLARIS_LOG {"event":"send_rate","rate":304000,"ts":1760731451.807248}
2025/10/17 20:04:12 POLARIS_LOG {"event":"send_rate","rate":232000,"ts":1760731452.794853}
2025/10/17 20:04:13 POLARIS_LOG {"event":"send_rate","rate":144000,"ts":1760731453.7988255}
2025/10/17 20:04:14 POLARIS_LOG {"event":"send_rate","rate":200000,"ts":1760731454.7967603}
2025/10/17 20:04:15 POLARIS_LOG {"event":"send_rate","rate":168000,"ts":1760731455.7909513}
2025/10/17 20:04:16 POLARIS_LOG {"event":"send_rate","rate":208000,"ts":1760731456.7926662}
2025/10/17 20:04:17 POLARIS_LOG {"event":"send_rate","rate":672000,"ts":1760731457.7908359}
Drain Loop received packet
Drain Loop received non-nil payload
Client sent 9534 packets, server reported 9433 packets received
The network loss rate from client to server is 1.1%

S->C results
Attempted bandwidth: 0 bps / 0.00 Mbps
Achieved bandwidth: 0 bps / 0.00 Mbps
Loss rate: 0.0%
Interarrival time min/avg/max/mdev = -0.000/0.000/0.000/0.000 ms

C->S results
Attempted bandwidth: 300000 bps / 0.30 Mbps
Achieved bandwidth: 292496 bps / 0.29 Mbps
Loss rate: 2.5%
Interarrival time min/avg/max/mdev = 0.002/27.109/582.853/23.574 ms
