
Test parameters:
client->server: 294 seconds, 1000 bytes, 11025 packets
server->client: 294 seconds, 1000 bytes, 0 packets
2025/10/17 19:59:21 POLARIS_LOG {"current_rate":0,"event":"path_switch","new":"2 2 5 2","trigger":"initialization","ts":1760731161.4898596}
Polaris prober initialized with 38 paths
Polaris prober initialized with local 1-111,10.111.0.71:32758 and remote 1-113,10.113.0.71
2025/10/17 19:59:22 POLARIS_LOG {"event":"send_rate","rate":304000,"ts":1760731162.4908524}
2025/10/17 19:59:23 POLARIS_LOG {"event":"send_rate","rate":296000,"ts":1760731163.4905908}
2025/10/17 19:59:24 POLARIS_LOG {"event":"send_rate","rate":304000,"ts":1760731164.4903355}
2025/10/17 19:59:25 POLARIS_LOG {"event":"send_rate","rate":296000,"ts":1760731165.4902463}
2025/10/17 19:59:26 POLARIS_LOG {"event":"send_rate","rate":304000,"ts":1760731166.4908495}
2025/10/17 19:59:27 POLARIS_LOG {"event":"send_rate","rate":296000,"ts":1760731167.4907594}
2025/10/17 19:59:28 POLARIS_LOG {"event":"send_rate","rate":304000,"ts":1760731168.4907746}
2025/10/17 19:59:29 POLARIS_LOG {"event":"send_rate","rate":296000,"ts":1760731169.497622}
2025/10/17 19:59:30 POLARIS_LOG {"event":"send_rate","rate":304000,"ts":1760731170.4903276}
2025/10/17 19:59:31 POLARIS_LOG {"event":"send_rate","rate":296000,"ts":1760731171.4912927}
2025/10/17 19:59:32 POLARIS_LOG {"event":"send_rate","rate":304000,"ts":1760731172.4905643}
2025/10/17 19:59:33 POLARIS_LOG {"event":"send_rate","rate":296000,"ts":1760731173.490306}
2025/10/17 19:59:34 POLARIS_LOG {"event":"send_rate","rate":304000,"ts":1760731174.4906845}
2025/10/17 19:59:35 POLARIS_LOG {"event":"send_rate","rate":296000,"ts":1760731175.4907267}
2025/10/17 19:59:36 POLARIS_LOG {"event":"send_rate","rate":304000,"ts":1760731176.492393}
2025/10/17 19:59:37 POLARIS_LOG {"event":"send_rate","rate":296000,"ts":1760731177.4907308}
2025/10/17 19:59:38 POLARIS_LOG {"event":"send_rate","rate":304000,"ts":1760731178.4908478}
2025/10/17 19:59:39 POLARIS_LOG {"event":"send_rate","rate":296000,"ts":1760731179.49138}
2025/10/17 19:59:40 POLARIS_LOG {"event":"send_rate","rate":304000,"ts":1760731180.4939668}
2025/10/17 19:59:41 POLARIS_LOG {"event":"send_rate","rate":296000,"ts":1760731181.4933214}
2025/10/17 19:59:42 POLARIS_LOG {"event":"send_rate","rate":304000,"ts":1760731182.492064}
2025/10/17 19:59:43 POLARIS_LOG {"event":"send_rate","rate":296000,"ts":1760731183.4907362}
2025/10/17 19:59:44 POLARIS_LOG {"event":"send_rate","rate":296000,"ts":1760731184.4921513}
2025/10/17 19:59:45 POLARIS_LOG {"event":"send_rate","rate":304000,"ts":1760731185.4914799}
2025/10/17 19:59:46 POLARIS_LOG {"event":"send_rate","rate":152000,"ts":1760731186.490554}
2025/10/17 19:59:47 POLARIS_LOG {"event":"send_rate","rate":136000,"ts":1760731187.4906816}
2025/10/17 19:59:48 POLARIS_LOG {"event":"send_rate","rate":88000,"ts":1760731188.4905884}
2025/10/17 19:59:49 POLARIS_LOG {"event":"send_rate","rate":112000,"ts":1760731189.4918025}
2025/10/17 19:59:50 POLARIS_LOG {"event":"send_rate","rate":112000,"ts":1760731190.4926615}
2025/10/17 19:59:51 POLARIS_LOG {"event":"send_rate","rate":120000,"ts":1760731191.4905593}
2025/10/17 19:59:52 POLARIS_LOG {"event":"send_rate","rate":88000,"ts":1760731192.4911487}
2025/10/17 19:59:53 POLARIS_LOG {"event":"send_rate","rate":88000,"ts":1760731193.4918313}
2025/10/17 19:59:54 POLARIS_LOG {"event":"send_rate","rate":96000,"ts":1760731194.490816}
2025/10/17 19:59:55 POLARIS_LOG {"event":"send_rate","rate":160000,"ts":1760731195.4905884}
2025/10/17 19:59:56 POLARIS_LOG {"event":"send_rate","rate":136000,"ts":1760731196.493248}
2025/10/17 19:59:57 POLARIS_LOG {"event":"send_rate","rate":104000,"ts":1760731197.4903934}
2025/10/17 19:59:58 POLARIS_LOG {"event":"send_rate","rate":96000,"ts":1760731198.491662}
2025/10/17 19:59:59 POLARIS_LOG {"event":"send_rate","rate":88000,"ts":1760731199.491128}
2025/10/17 20:00:00 POLARIS_LOG {"event":"send_rate","rate":72000,"ts":1760731200.4908712}
2025/10/17 20:00:01 POLARIS_LOG {"candidates":2,"candidates_unfiltered":25,"current_rate":72000,"estimated_share":1000000,"event":"path_switch","max_estimated_share":1000000,"new":"5 5 2 4","old":"2 2 5 2","trigger":"scheduled","ts":1760731201.493273}
2025/10/17 20:00:01 POLARIS_LOG {"event":"send_rate","rate":88000,"ts":1760731201.493325}
2025/10/17 20:00:02 POLARIS_LOG {"event":"send_rate","rate":520000,"ts":1760731202.518442}
2025/10/17 20:00:03 POLARIS_LOG {"event":"send_rate","rate":3144000,"ts":1760731203.491502}
2025/10/17 20:00:04 POLARIS_LOG {"event":"send_rate","rate":304000,"ts":1760731204.49185}
2025/10/17 20:00:05 POLARIS_LOG {"event":"send_rate","rate":296000,"ts":1760731205.4940522}
2025/10/17 20:00:06 POLARIS_LOG {"event":"send_rate","rate":304000,"ts":1760731206.4905946}
2025/10/17 20:00:07 POLARIS_LOG {"event":"send_rate","rate":296000,"ts":1760731207.491074}
2025/10/17 20:00:08 POLARIS_LOG {"event":"send_rate","rate":304000,"ts":1760731208.491693}
2025/10/17 20:00:09 POLARIS_LOG {"event":"send_rate","rate":304000,"ts":1760731209.5044708}
2025/10/17 20:00:10 POLARIS_LOG {"event":"send_rate","rate":296000,"ts":1760731210.490333}
2025/10/17 20:00:11 POLARIS_LOG {"event":"send_rate","rate":296000,"ts":1760731211.491201}
2025/10/17 20:00:12 POLARIS_LOG {"event":"send_rate","rate":304000,"ts":1760731212.4910028}
2025/10/17 20:00:13 POLARIS_LOG {"event":"send_rate","rate":296000,"ts":1760731213.490551}
2025/10/17 20:00:14 POLARIS_LOG {"event":"send_rate","rate":304000,"ts":1760731214.4925046}
2025/10/17 20:00:15 POLARIS_LOG {"event":"send_rate","rate":296000,"ts":1760731215.4910822}
2025/10/17 20:00:16 POLARIS_LOG {"event":"send_rate","rate":296000,"ts":1760731216.4910488}
2025/10/17 20:00:17 POLARIS_LOG {"event":"send_rate","rate":304000,"ts":1760731217.4925857}
2025/10/17 20:00:18 POLARIS_LOG {"event":"send_rate","rate":304000,"ts":1760731218.4908473}
2025/10/17 20:00:19 POLARIS_LOG {"event":"send_rate","rate":296000,"ts":1760731219.4908946}
2025/10/17 20:00:20 POLARIS_LOG {"event":"send_rate","rate":304000,"ts":1760731220.490816}
2025/10/17 20:00:21 POLARIS_LOG {"event":"send_rate","rate":296000,"ts":1760731221.4911315}
2025/10/17 20:00:22 POLARIS_LOG {"event":"send_rate","rate":304000,"ts":1760731222.4939487}
2025/10/17 20:00:23 POLARIS_LOG {"event":"send_rate","rate":288000,"ts":1760731223.4997253}
2025/10/17 20:00:24 POLARIS_LOG {"event":"send_rate","rate":312000,"ts":1760731224.498241}
2025/10/17 20:00:25 POLARIS_LOG {"event":"send_rate","rate":296000,"ts":1760731225.495948}
2025/10/17 20:00:26 POLARIS_LOG {"event":"send_rate","rate":296000,"ts":1760731226.4983025}
2025/10/17 20:00:27 POLARIS_LOG {"event":"send_rate","rate":296000,"ts":1760731227.5005178}
2025/10/17 20:00:28 POLARIS_LOG {"event":"send_rate","rate":312000,"ts":1760731228.5031738}
2025/10/17 20:00:29 POLARIS_LOG {"event":"send_rate","rate":296000,"ts":1760731229.4922988}
2025/10/17 20:00:30 POLARIS_LOG {"event":"send_rate","rate":304000,"ts":1760731230.491133}
2025/10/17 20:00:31 POLARIS_LOG {"event":"send_rate","rate":296000,"ts":1760731231.4974916}
2025/10/17 20:00:32 POLARIS_LOG {"event":"send_rate","rate":296000,"ts":1760731232.4909778}
2025/10/17 20:00:33 POLARIS_LOG {"event":"send_rate","rate":304000,"ts":1760731233.4978848}
2025/10/17 20:00:34 POLARIS_LOG {"event":"send_rate","rate":304000,"ts":1760731234.4930687}
2025/10/17 20:00:35 POLARIS_LOG {"event":"send_rate","rate":296000,"ts":1760731235.4902859}
2025/10/17 20:00:36 POLARIS_LOG {"event":"send_rate","rate":304000,"ts":1760731236.4946706}
2025/10/17 20:00:37 POLARIS_LOG {"event":"send_rate","rate":296000,"ts":1760731237.491263}
2025/10/17 20:00:38 POLARIS_LOG {"event":"send_rate","rate":304000,"ts":1760731238.4948754}
2025/10/17 20:00:39 POLARIS_LOG {"event":"send_rate","rate":296000,"ts":1760731239.4914322}
2025/10/17 20:00:40 POLARIS_LOG {"event":"send_rate","rate":296000,"ts":1760731240.4911838}
2025/10/17 20:00:41 POLARIS_LOG {"event":"send_rate","rate":304000,"ts":1760731241.490366}
2025/10/17 20:00:42 POLARIS_LOG {"event":"send_rate","rate":296000,"ts":1760731242.491081}
2025/10/17 20:00:43 POLARIS_LOG {"event":"send_rate","rate":304000,"ts":1760731243.4907413}
2025/10/17 20:00:44 POLARIS_LOG {"event":"send_rate","rate":296000,"ts":1760731244.4909708}
2025/10/17 20:00:45 POLARIS_LOG {"event":"send_rate","rate":304000,"ts":1760731245.4978013}
2025/10/17 20:00:46 POLARIS_LOG {"event":"send_rate","rate":296000,"ts":1760731246.4908762}
2025/10/17 20:00:47 POLARIS_LOG {"event":"send_rate","rate":304000,"ts":1760731247.4909818}
2025/10/17 20:00:48 POLARIS_LOG {"event":"send_rate","rate":296000,"ts":1760731248.4909837}
2025/10/17 20:00:49 POLARIS_LOG {"event":"send_rate","rate":304000,"ts":1760731249.4944592}
2025/10/17 20:00:50 POLARIS_LOG {"event":"send_rate","rate":296000,"ts":1760731250.4908025}
2025/10/17 20:00:51 POLARIS_LOG {"event":"send_rate","rate":304000,"ts":1760731251.4991333}
2025/10/17 20:00:52 POLARIS_LOG {"event":"send_rate","rate":296000,"ts":1760731252.4961603}
2025/10/17 20:00:53 POLARIS_LOG {"event":"send_rate","rate":304000,"ts":1760731253.4910085}
2025/10/17 20:00:54 POLARIS_LOG {"event":"send_rate","rate":296000,"ts":1760731254.4910164}
2025/10/17 20:00:55 POLARIS_LOG {"event":"send_rate","rate":304000,"ts":1760731255.4904666}
2025/10/17 20:00:56 POLARIS_LOG {"event":"send_rate","rate":296000,"ts":1760731256.4910488}
2025/10/17 20:00:57 POLARIS_LOG {"event":"send_rate","rate":312000,"ts":1760731257.5201604}
2025/10/17 20:00:58 POLARIS_LOG {"event":"send_rate","rate":288000,"ts":1760731258.4919627}
2025/10/17 20:00:59 POLARIS_LOG {"event":"send_rate","rate":304000,"ts":1760731259.4908702}
2025/10/17 20:01:00 POLARIS_LOG {"event":"send_rate","rate":296000,"ts":1760731260.4909842}
2025/10/17 20:01:01 POLARIS_LOG {"event":"send_rate","rate":304000,"ts":1760731261.491695}
2025/10/17 20:01:02 POLARIS_LOG {"event":"send_rate","rate":296000,"ts":1760731262.4911535}
2025/10/17 20:01:03 POLARIS_LOG {"event":"send_rate","rate":304000,"ts":1760731263.4983983}
2025/10/17 20:01:04 POLARIS_LOG {"event":"send_rate","rate":296000,"ts":1760731264.4904346}
2025/10/17 20:01:05 POLARIS_LOG {"event":"send_rate","rate":304000,"ts":1760731265.4949102}
2025/10/17 20:01:06 POLARIS_LOG {"event":"send_rate","rate":296000,"ts":1760731266.4908166}
2025/10/17 20:01:07 POLARIS_LOG {"event":"send_rate","rate":304000,"ts":1760731267.490341}
2025/10/17 20:01:08 POLARIS_LOG {"event":"send_rate","rate":296000,"ts":1760731268.4905825}
2025/10/17 20:01:09 POLARIS_LOG {"event":"send_rate","rate":304000,"ts":1760731269.4992182}
2025/10/17 20:01:10 POLARIS_LOG {"event":"send_rate","rate":296000,"ts":1760731270.4914541}
2025/10/17 20:01:11 POLARIS_LOG {"event":"send_rate","rate":304000,"ts":1760731271.4918153}
2025/10/17 20:01:12 POLARIS_LOG {"event":"send_rate","rate":304000,"ts":1760731272.5098002}
2025/10/17 20:01:13 POLARIS_LOG {"event":"send_rate","rate":296000,"ts":1760731273.4958038}
2025/10/17 20:01:14 POLARIS_LOG {"event":"send_rate","rate":296000,"ts":1760731274.4945385}
2025/10/17 20:01:15 POLARIS_LOG {"event":"send_rate","rate":304000,"ts":1760731275.4906325}
2025/10/17 20:01:16 POLARIS_LOG {"event":"send_rate","rate":296000,"ts":1760731276.491221}
2025/10/17 20:01:17 POLARIS_LOG {"event":"send_rate","rate":288000,"ts":1760731277.5281239}
2025/10/17 20:01:18 POLARIS_LOG {"event":"send_rate","rate":312000,"ts":1760731278.4917898}
2025/10/17 20:01:19 POLARIS_LOG {"event":"send_rate","rate":304000,"ts":1760731279.491552}
2025/10/17 20:01:20 POLARIS_LOG {"event":"send_rate","rate":296000,"ts":1760731280.4905448}
2025/10/17 20:01:21 POLARIS_LOG {"event":"send_rate","rate":304000,"ts":1760731281.4912012}
2025/10/17 20:01:22 POLARIS_LOG {"event":"send_rate","rate":296000,"ts":1760731282.490553}
2025/10/17 20:01:23 POLARIS_LOG {"event":"send_rate","rate":304000,"ts":1760731283.490755}
2025/10/17 20:01:24 POLARIS_LOG {"event":"send_rate","rate":296000,"ts":1760731284.49014}
2025/10/17 20:01:25 POLARIS_LOG {"event":"send_rate","rate":304000,"ts":1760731285.4929307}
2025/10/17 20:01:26 POLARIS_LOG {"event":"send_rate","rate":296000,"ts":1760731286.490604}
2025/10/17 20:01:27 POLARIS_LOG {"event":"send_rate","rate":304000,"ts":1760731287.4931073}
2025/10/17 20:01:28 POLARIS_LOG {"event":"send_rate","rate":296000,"ts":1760731288.4959826}
2025/10/17 20:01:29 POLARIS_LOG {"event":"send_rate","rate":296000,"ts":1760731289.4925475}
2025/10/17 20:01:30 POLARIS_LOG {"event":"send_rate","rate":304000,"ts":1760731290.4903965}
2025/10/17 20:01:31 POLARIS_LOG {"event":"send_rate","rate":304000,"ts":1760731291.4908376}
2025/10/17 20:01:32 POLARIS_LOG {"event":"send_rate","rate":296000,"ts":1760731292.4922504}
2025/10/17 20:01:33 POLARIS_LOG {"event":"send_rate","rate":304000,"ts":1760731293.4921389}
2025/10/17 20:01:34 POLARIS_LOG {"event":"send_rate","rate":296000,"ts":1760731294.4936378}
2025/10/17 20:01:35 POLARIS_LOG {"event":"send_rate","rate":304000,"ts":1760731295.490434}
2025/10/17 20:01:36 POLARIS_LOG {"event":"send_rate","rate":296000,"ts":1760731296.4903398}
2025/10/17 20:01:37 POLARIS_LOG {"event":"send_rate","rate":304000,"ts":1760731297.4906406}
2025/10/17 20:01:38 POLARIS_LOG {"event":"send_rate","rate":304000,"ts":1760731298.5042372}
2025/10/17 20:01:39 POLARIS_LOG {"event":"send_rate","rate":296000,"ts":1760731299.4908762}
2025/10/17 20:01:40 POLARIS_LOG {"event":"send_rate","rate":296000,"ts":1760731300.4956374}
2025/10/17 20:01:41 POLARIS_LOG {"event":"send_rate","rate":304000,"ts":1760731301.4901989}
2025/10/17 20:01:42 POLARIS_LOG {"event":"send_rate","rate":296000,"ts":1760731302.490967}
2025/10/17 20:01:43 POLARIS_LOG {"event":"send_rate","rate":304000,"ts":1760731303.491013}
2025/10/17 20:01:44 POLARIS_LOG {"event":"send_rate","rate":296000,"ts":1760731304.5001876}
2025/10/17 20:01:45 POLARIS_LOG {"event":"send_rate","rate":304000,"ts":1760731305.509681}
2025/10/17 20:01:46 POLARIS_LOG {"event":"send_rate","rate":296000,"ts":1760731306.490958}
2025/10/17 20:01:47 POLARIS_LOG {"event":"send_rate","rate":304000,"ts":1760731307.491202}
2025/10/17 20:01:48 POLARIS_LOG {"event":"send_rate","rate":296000,"ts":1760731308.4916618}
2025/10/17 20:01:49 POLARIS_LOG {"event":"send_rate","rate":304000,"ts":1760731309.4909806}
2025/10/17 20:01:50 POLARIS_LOG {"event":"send_rate","rate":296000,"ts":1760731310.4943464}
2025/10/17 20:01:51 POLARIS_LOG {"event":"send_rate","rate":304000,"ts":1760731311.4909673}
2025/10/17 20:01:52 POLARIS_LOG {"event":"send_rate","rate":296000,"ts":1760731312.49125}
2025/10/17 20:01:53 POLARIS_LOG {"event":"send_rate","rate":304000,"ts":1760731313.4909177}
2025/10/17 20:01:54 POLARIS_LOG {"event":"send_rate","rate":296000,"ts":1760731314.490157}
2025/10/17 20:01:55 POLARIS_LOG {"event":"send_rate","rate":304000,"ts":1760731315.4904692}
2025/10/17 20:01:56 POLARIS_LOG {"event":"send_rate","rate":296000,"ts":1760731316.4901454}
2025/10/17 20:01:57 POLARIS_LOG {"event":"send_rate","rate":304000,"ts":1760731317.4919689}
2025/10/17 20:01:58 POLARIS_LOG {"event":"send_rate","rate":296000,"ts":1760731318.491114}
2025/10/17 20:01:59 POLARIS_LOG {"event":"send_rate","rate":304000,"ts":1760731319.4914885}
2025/10/17 20:02:00 POLARIS_LOG {"event":"send_rate","rate":296000,"ts":1760731320.4914534}
2025/10/17 20:02:01 POLARIS_LOG {"event":"send_rate","rate":304000,"ts":1760731321.4902878}
2025/10/17 20:02:02 POLARIS_LOG {"event":"send_rate","rate":296000,"ts":1760731322.4912026}
2025/10/17 20:02:03 POLARIS_LOG {"event":"send_rate","rate":304000,"ts":1760731323.490907}
2025/10/17 20:02:04 POLARIS_LOG {"event":"send_rate","rate":296000,"ts":1760731324.4983}
2025/10/17 20:02:05 POLARIS_LOG {"event":"send_rate","rate":304000,"ts":1760731325.4907448}
2025/10/17 20:02:06 POLARIS_LOG {"event":"send_rate","rate":296000,"ts":1760731326.491784}
2025/10/17 20:02:07 POLARIS_LOG {"event":"send_rate","rate":304000,"ts":1760731327.4915044}
2025/10/17 20:02:08 POLARIS_LOG {"event":"send_rate","rate":296000,"ts":1760731328.4933693}
2025/10/17 20:02:09 POLARIS_LOG {"event":"send_rate","rate":304000,"ts":1760731329.490219}
2025/10/17 20:02:10 POLARIS_LOG {"event":"send_rate","rate":296000,"ts":1760731330.494903}
2025/10/17 20:02:11 POLARIS_LOG {"event":"send_rate","rate":304000,"ts":1760731331.4928837}
2025/10/17 20:02:12 POLARIS_LOG {"event":"send_rate","rate":296000,"ts":1760731332.4912572}
2025/10/17 20:02:13 POLARIS_LOG {"event":"send_rate","rate":304000,"ts":1760731333.490407}
2025/10/17 20:02:14 POLARIS_LOG {"event":"send_rate","rate":296000,"ts":1760731334.4956849}
2025/10/17 20:02:15 POLARIS_LOG {"event":"send_rate","rate":304000,"ts":1760731335.4920046}
2025/10/17 20:02:16 POLARIS_LOG {"event":"send_rate","rate":296000,"ts":1760731336.4973316}
2025/10/17 20:02:17 POLARIS_LOG {"event":"send_rate","rate":304000,"ts":1760731337.499573}
2025/10/17 20:02:18 POLARIS_LOG {"event":"send_rate","rate":296000,"ts":1760731338.4911742}
2025/10/17 20:02:19 POLARIS_LOG {"event":"send_rate","rate":296000,"ts":1760731339.4904919}
2025/10/17 20:02:20 POLARIS_LOG {"event":"send_rate","rate":296000,"ts":1760731340.4904935}
2025/10/17 20:02:21 POLARIS_LOG {"event":"send_rate","rate":312000,"ts":1760731341.4906344}
2025/10/17 20:02:22 POLARIS_LOG {"event":"send_rate","rate":296000,"ts":1760731342.4918687}
2025/10/17 20:02:23 POLARIS_LOG {"event":"send_rate","rate":304000,"ts":1760731343.4902637}
2025/10/17 20:02:24 POLARIS_LOG {"event":"send_rate","rate":296000,"ts":1760731344.5004985}
2025/10/17 20:02:25 POLARIS_LOG {"event":"send_rate","rate":304000,"ts":1760731345.4914145}
2025/10/17 20:02:26 POLARIS_LOG {"event":"send_rate","rate":296000,"ts":1760731346.493338}
2025/10/17 20:02:27 POLARIS_LOG {"event":"send_rate","rate":304000,"ts":1760731347.4934385}
2025/10/17 20:02:28 POLARIS_LOG {"event":"send_rate","rate":296000,"ts":1760731348.491925}
2025/10/17 20:02:29 POLARIS_LOG {"event":"send_rate","rate":304000,"ts":1760731349.4930284}
2025/10/17 20:02:30 POLARIS_LOG {"event":"send_rate","rate":296000,"ts":1760731350.4915795}
2025/10/17 20:02:31 POLARIS_LOG {"event":"send_rate","rate":304000,"ts":1760731351.4910092}
2025/10/17 20:02:32 POLARIS_LOG {"event":"send_rate","rate":288000,"ts":1760731352.5119705}
2025/10/17 20:02:33 POLARIS_LOG {"event":"send_rate","rate":312000,"ts":1760731353.4922478}
2025/10/17 20:02:34 POLARIS_LOG {"event":"send_rate","rate":296000,"ts":1760731354.4947844}
2025/10/17 20:02:35 POLARIS_LOG {"event":"send_rate","rate":304000,"ts":1760731355.5036318}
2025/10/17 20:02:36 POLARIS_LOG {"event":"send_rate","rate":296000,"ts":1760731356.4938853}
2025/10/17 20:02:37 POLARIS_LOG {"event":"send_rate","rate":304000,"ts":1760731357.4902263}
2025/10/17 20:02:38 POLARIS_LOG {"event":"send_rate","rate":296000,"ts":1760731358.493535}
2025/10/17 20:02:39 POLARIS_LOG {"event":"send_rate","rate":304000,"ts":1760731359.492167}
2025/10/17 20:02:40 POLARIS_LOG {"event":"send_rate","rate":296000,"ts":1760731360.4910862}
2025/10/17 20:02:41 POLARIS_LOG {"event":"send_rate","rate":304000,"ts":1760731361.5000732}
2025/10/17 20:02:42 POLARIS_LOG {"event":"send_rate","rate":296000,"ts":1760731362.4935598}
2025/10/17 20:02:43 POLARIS_LOG {"event":"send_rate","rate":304000,"ts":1760731363.4976692}
2025/10/17 20:02:44 POLARIS_LOG {"event":"send_rate","rate":296000,"ts":1760731364.4905095}
2025/10/17 20:02:45 POLARIS_LOG {"event":"send_rate","rate":296000,"ts":1760731365.5207987}
2025/10/17 20:02:46 POLARIS_LOG {"event":"send_rate","rate":304000,"ts":1760731366.4925945}
2025/10/17 20:02:47 POLARIS_LOG {"event":"send_rate","rate":296000,"ts":1760731367.4936817}
2025/10/17 20:02:48 POLARIS_LOG {"event":"send_rate","rate":304000,"ts":1760731368.491032}
2025/10/17 20:02:49 POLARIS_LOG {"event":"send_rate","rate":296000,"ts":1760731369.4911003}
2025/10/17 20:02:50 POLARIS_LOG {"event":"send_rate","rate":304000,"ts":1760731370.5026908}
2025/10/17 20:02:51 POLARIS_LOG {"event":"send_rate","rate":304000,"ts":1760731371.4920006}
2025/10/17 20:02:52 POLARIS_LOG {"event":"send_rate","rate":304000,"ts":1760731372.5063808}
2025/10/17 20:02:53 POLARIS_LOG {"event":"send_rate","rate":296000,"ts":1760731373.5095801}
2025/10/17 20:02:54 POLARIS_LOG {"event":"send_rate","rate":296000,"ts":1760731374.4975345}
2025/10/17 20:02:55 POLARIS_LOG {"event":"send_rate","rate":304000,"ts":1760731375.4949265}
2025/10/17 20:02:56 POLARIS_LOG {"event":"send_rate","rate":296000,"ts":1760731376.4904783}
2025/10/17 20:02:57 POLARIS_LOG {"event":"send_rate","rate":304000,"ts":1760731377.5022092}
2025/10/17 20:02:58 POLARIS_LOG {"event":"send_rate","rate":296000,"ts":1760731378.491629}
2025/10/17 20:02:59 POLARIS_LOG {"event":"send_rate","rate":304000,"ts":1760731379.499652}
2025/10/17 20:03:00 POLARIS_LOG {"event":"send_rate","rate":296000,"ts":1760731380.4981213}
2025/10/17 20:03:01 POLARIS_LOG {"event":"send_rate","rate":296000,"ts":1760731381.4904547}
2025/10/17 20:03:02 POLARIS_LOG {"event":"send_rate","rate":304000,"ts":1760731382.501094}
2025/10/17 20:03:03 POLARIS_LOG {"event":"send_rate","rate":304000,"ts":1760731383.4953682}
2025/10/17 20:03:04 POLARIS_LOG {"event":"send_rate","rate":296000,"ts":1760731384.4925716}
2025/10/17 20:03:05 POLARIS_LOG {"event":"send_rate","rate":296000,"ts":1760731385.4909885}
2025/10/17 20:03:06 POLARIS_LOG {"event":"send_rate","rate":304000,"ts":1760731386.5045855}
2025/10/17 20:03:07 POLARIS_LOG {"event":"send_rate","rate":296000,"ts":1760731387.490594}
2025/10/17 20:03:08 POLARIS_LOG {"event":"send_rate","rate":304000,"ts":1760731388.506618}
2025/10/17 20:03:09 POLARIS_LOG {"event":"send_rate","rate":304000,"ts":1760731389.5031252}
2025/10/17 20:03:10 POLARIS_LOG {"event":"send_rate","rate":296000,"ts":1760731390.4977403}
2025/10/17 20:03:11 POLARIS_LOG {"event":"send_rate","rate":304000,"ts":1760731391.4996977}
2025/10/17 20:03:12 POLARIS_LOG {"event":"send_rate","rate":304000,"ts":1760731392.5058906}
2025/10/17 20:03:13 POLARIS_LOG {"event":"send_rate","rate":288000,"ts":1760731393.490175}
2025/10/17 20:03:14 POLARIS_LOG {"event":"send_rate","rate":304000,"ts":1760731394.4909337}
2025/10/17 20:03:15 POLARIS_LOG {"event":"send_rate","rate":296000,"ts":1760731395.5183582}
2025/10/17 20:03:16 POLARIS_LOG {"event":"send_rate","rate":304000,"ts":1760731396.4930964}
2025/10/17 20:03:17 POLARIS_LOG {"event":"send_rate","rate":296000,"ts":1760731397.4907467}
2025/10/17 20:03:18 POLARIS_LOG {"event":"send_rate","rate":304000,"ts":1760731398.4915638}
2025/10/17 20:03:19 POLARIS_LOG {"event":"send_rate","rate":296000,"ts":1760731399.4908867}
2025/10/17 20:03:20 POLARIS_LOG {"event":"send_rate","rate":304000,"ts":1760731400.4949276}
2025/10/17 20:03:21 POLARIS_LOG {"event":"send_rate","rate":304000,"ts":1760731401.4930997}
2025/10/17 20:03:22 POLARIS_LOG {"event":"send_rate","rate":296000,"ts":1760731402.4913547}
2025/10/17 20:03:23 POLARIS_LOG {"event":"send_rate","rate":296000,"ts":1760731403.4912875}
2025/10/17 20:03:24 POLARIS_LOG {"event":"send_rate","rate":304000,"ts":1760731404.4922023}
2025/10/17 20:03:25 POLARIS_LOG {"event":"send_rate","rate":296000,"ts":1760731405.4923244}
2025/10/17 20:03:26 POLARIS_LOG {"event":"send_rate","rate":304000,"ts":1760731406.5031476}
2025/10/17 20:03:27 POLARIS_LOG {"event":"send_rate","rate":304000,"ts":1760731407.4972706}
2025/10/17 20:03:28 POLARIS_LOG {"event":"send_rate","rate":296000,"ts":1760731408.4959044}
2025/10/17 20:03:29 POLARIS_LOG {"event":"send_rate","rate":296000,"ts":1760731409.4984727}
2025/10/17 20:03:30 POLARIS_LOG {"event":"send_rate","rate":304000,"ts":1760731410.491907}
2025/10/17 20:03:31 POLARIS_LOG {"event":"send_rate","rate":296000,"ts":1760731411.4913113}
2025/10/17 20:03:32 POLARIS_LOG {"event":"send_rate","rate":304000,"ts":1760731412.4990485}
2025/10/17 20:03:33 POLARIS_LOG {"event":"send_rate","rate":296000,"ts":1760731413.4902985}
2025/10/17 20:03:34 POLARIS_LOG {"event":"send_rate","rate":304000,"ts":1760731414.5059578}
2025/10/17 20:03:35 POLARIS_LOG {"event":"send_rate","rate":296000,"ts":1760731415.490447}
2025/10/17 20:03:36 POLARIS_LOG {"event":"send_rate","rate":304000,"ts":1760731416.4917476}
2025/10/17 20:03:37 POLARIS_LOG {"event":"send_rate","rate":296000,"ts":1760731417.4942436}
2025/10/17 20:03:38 POLARIS_LOG {"event":"send_rate","rate":304000,"ts":1760731418.4917018}
2025/10/17 20:03:39 POLARIS_LOG {"event":"send_rate","rate":304000,"ts":1760731419.5096173}
2025/10/17 20:03:40 POLARIS_LOG {"event":"send_rate","rate":296000,"ts":1760731420.4907377}
2025/10/17 20:03:41 POLARIS_LOG {"event":"send_rate","rate":296000,"ts":1760731421.4917343}
2025/10/17 20:03:42 POLARIS_LOG {"event":"send_rate","rate":304000,"ts":1760731422.4911504}
2025/10/17 20:03:43 POLARIS_LOG {"event":"send_rate","rate":288000,"ts":1760731423.491008}
2025/10/17 20:03:44 POLARIS_LOG {"event":"send_rate","rate":312000,"ts":1760731424.4915001}
2025/10/17 20:03:45 POLARIS_LOG {"event":"send_rate","rate":296000,"ts":1760731425.494714}
2025/10/17 20:03:46 POLARIS_LOG {"event":"send_rate","rate":296000,"ts":1760731426.4967864}
2025/10/17 20:03:47 POLARIS_LOG {"event":"send_rate","rate":304000,"ts":1760731427.4911363}
2025/10/17 20:03:48 POLARIS_LOG {"event":"send_rate","rate":312000,"ts":1760731428.5134518}
2025/10/17 20:03:49 POLARIS_LOG {"event":"send_rate","rate":296000,"ts":1760731429.5031228}
2025/10/17 20:03:50 POLARIS_LOG {"event":"send_rate","rate":296000,"ts":1760731430.4911373}
2025/10/17 20:03:51 POLARIS_LOG {"event":"send_rate","rate":296000,"ts":1760731431.4910462}
2025/10/17 20:03:52 POLARIS_LOG {"event":"send_rate","rate":304000,"ts":1760731432.4909244}
2025/10/17 20:03:53 POLARIS_LOG {"event":"send_rate","rate":296000,"ts":1760731433.4912636}
2025/10/17 20:03:54 POLARIS_LOG {"event":"send_rate","rate":304000,"ts":1760731434.494433}
2025/10/17 20:03:55 POLARIS_LOG {"event":"send_rate","rate":296000,"ts":1760731435.4909906}
2025/10/17 20:03:56 POLARIS_LOG {"event":"send_rate","rate":304000,"ts":1760731436.4933162}
2025/10/17 20:03:57 POLARIS_LOG {"event":"send_rate","rate":296000,"ts":1760731437.4935274}
2025/10/17 20:03:58 POLARIS_LOG {"event":"send_rate","rate":304000,"ts":1760731438.4959128}
2025/10/17 20:03:59 POLARIS_LOG {"event":"send_rate","rate":296000,"ts":1760731439.5022902}
2025/10/17 20:04:00 POLARIS_LOG {"event":"send_rate","rate":304000,"ts":1760731440.4903834}
2025/10/17 20:04:01 POLARIS_LOG {"event":"send_rate","rate":296000,"ts":1760731441.5560148}
2025/10/17 20:04:02 POLARIS_LOG {"event":"send_rate","rate":304000,"ts":1760731442.4925108}
2025/10/17 20:04:03 POLARIS_LOG {"event":"send_rate","rate":296000,"ts":1760731443.4914927}
2025/10/17 20:04:04 POLARIS_LOG {"event":"send_rate","rate":304000,"ts":1760731444.4911711}
2025/10/17 20:04:05 POLARIS_LOG {"event":"send_rate","rate":296000,"ts":1760731445.4938653}
2025/10/17 20:04:06 POLARIS_LOG {"event":"send_rate","rate":304000,"ts":1760731446.4909024}
2025/10/17 20:04:07 POLARIS_LOG {"event":"send_rate","rate":296000,"ts":1760731447.4904597}
2025/10/17 20:04:08 POLARIS_LOG {"event":"send_rate","rate":304000,"ts":1760731448.4917574}
2025/10/17 20:04:09 POLARIS_LOG {"event":"send_rate","rate":296000,"ts":1760731449.497643}
2025/10/17 20:04:10 POLARIS_LOG {"event":"send_rate","rate":304000,"ts":1760731450.4908385}
2025/10/17 20:04:11 POLARIS_LOG {"event":"send_rate","rate":296000,"ts":1760731451.4913049}
2025/10/17 20:04:12 POLARIS_LOG {"event":"send_rate","rate":304000,"ts":1760731452.4934006}
2025/10/17 20:04:13 POLARIS_LOG {"event":"send_rate","rate":296000,"ts":1760731453.4904463}
2025/10/17 20:04:14 POLARIS_LOG {"event":"send_rate","rate":304000,"ts":1760731454.507351}
2025/10/17 20:04:15 POLARIS_LOG {"event":"send_rate","rate":296000,"ts":1760731455.4954782}
We need to sleep for 1 seconds before we can get the results
2025/10/17 20:04:16 POLARIS_LOG {"event":"send_rate","rate":8000,"ts":1760731456.4927778}
Drain Loop received packet
Drain Loop received non-nil payload
Client sent 11025 packets, server reported 11002 packets received
The network loss rate from client to server is 0.2%

S->C results
Attempted bandwidth: 0 bps / 0.00 Mbps
Achieved bandwidth: 0 bps / 0.00 Mbps
Loss rate: 0.0%
Interarrival time min/avg/max/mdev = -0.000/0.000/0.000/0.000 ms

C->S results
Attempted bandwidth: 300000 bps / 0.30 Mbps
Achieved bandwidth: 299374 bps / 0.30 Mbps
Loss rate: 0.2%
Interarrival time min/avg/max/mdev = 0.002/26.641/608.735/24.127 ms
