
Test parameters:
client->server: 243 seconds, 1000 bytes, 9112 packets
server->client: 243 seconds, 1000 bytes, 0 packets
Polaris prober initialized with 38 paths
2025/10/17 20:00:12 POLARIS_LOG {"current_rate":0,"event":"path_switch","new":"2 2 5 2","trigger":"initialization","ts":1760731212.8458915}
Polaris prober initialized with local 1-111,10.111.0.71:32705 and remote 1-113,10.113.0.71
2025/10/17 20:00:13 POLARIS_LOG {"event":"send_rate","rate":0,"ts":1760731213.8662283}
2025/10/17 20:00:14 POLARIS_LOG {"event":"send_rate","rate":192000,"ts":1760731214.8682714}
2025/10/17 20:00:15 POLARIS_LOG {"event":"send_rate","rate":296000,"ts":1760731215.8671575}
2025/10/17 20:00:16 POLARIS_LOG {"event":"send_rate","rate":304000,"ts":1760731216.8668597}
2025/10/17 20:00:17 POLARIS_LOG {"event":"send_rate","rate":296000,"ts":1760731217.8670342}
2025/10/17 20:00:18 POLARIS_LOG {"event":"send_rate","rate":304000,"ts":1760731218.8706353}
2025/10/17 20:00:19 POLARIS_LOG {"event":"send_rate","rate":296000,"ts":1760731219.8669527}
2025/10/17 20:00:20 POLARIS_LOG {"event":"send_rate","rate":304000,"ts":1760731220.8782423}
2025/10/17 20:00:21 POLARIS_LOG {"event":"send_rate","rate":296000,"ts":1760731221.8665724}
2025/10/17 20:00:22 POLARIS_LOG {"event":"send_rate","rate":304000,"ts":1760731222.868074}
2025/10/17 20:00:23 POLARIS_LOG {"event":"send_rate","rate":304000,"ts":1760731223.880033}
2025/10/17 20:00:24 POLARIS_LOG {"event":"send_rate","rate":296000,"ts":1760731224.8679307}
2025/10/17 20:00:25 POLARIS_LOG {"event":"send_rate","rate":296000,"ts":1760731225.8682559}
2025/10/17 20:00:26 POLARIS_LOG {"event":"send_rate","rate":232000,"ts":1760731226.8772893}
2025/10/17 20:00:27 POLARIS_LOG {"event":"send_rate","rate":240000,"ts":1760731227.866632}
2025/10/17 20:00:28 POLARIS_LOG {"event":"send_rate","rate":224000,"ts":1760731228.8693328}
2025/10/17 20:00:29 POLARIS_LOG {"event":"send_rate","rate":336000,"ts":1760731229.8671298}
2025/10/17 20:00:30 POLARIS_LOG {"event":"send_rate","rate":224000,"ts":1760731230.8676186}
2025/10/17 20:00:31 POLARIS_LOG {"event":"send_rate","rate":232000,"ts":1760731231.8766813}
Skipping switch: current path 2 2 5 2 has lastEstimate 285750 >= maxEstimate 0
2025/10/17 20:00:32 POLARIS_LOG {"event":"send_rate","rate":216000,"ts":1760731232.871112}
2025/10/17 20:00:33 POLARIS_LOG {"event":"send_rate","rate":320000,"ts":1760731233.875078}
2025/10/17 20:00:34 POLARIS_LOG {"event":"send_rate","rate":240000,"ts":1760731234.8847337}
2025/10/17 20:00:35 POLARIS_LOG {"event":"send_rate","rate":296000,"ts":1760731235.8771417}
2025/10/17 20:00:36 POLARIS_LOG {"event":"send_rate","rate":272000,"ts":1760731236.868718}
2025/10/17 20:00:37 POLARIS_LOG {"event":"send_rate","rate":208000,"ts":1760731237.869564}
2025/10/17 20:00:38 POLARIS_LOG {"event":"send_rate","rate":264000,"ts":1760731238.9165933}
2025/10/17 20:00:39 POLARIS_LOG {"event":"send_rate","rate":240000,"ts":1760731239.8695612}
2025/10/17 20:00:40 POLARIS_LOG {"event":"send_rate","rate":288000,"ts":1760731240.8665004}
2025/10/17 20:00:41 POLARIS_LOG {"event":"send_rate","rate":328000,"ts":1760731241.874281}
2025/10/17 20:00:42 POLARIS_LOG {"event":"send_rate","rate":392000,"ts":1760731242.8774338}
2025/10/17 20:00:43 POLARIS_LOG {"event":"send_rate","rate":296000,"ts":1760731243.8754206}
2025/10/17 20:00:44 POLARIS_LOG {"event":"send_rate","rate":328000,"ts":1760731244.9135008}
2025/10/17 20:00:45 POLARIS_LOG {"event":"send_rate","rate":312000,"ts":1760731245.8705585}
2025/10/17 20:00:46 POLARIS_LOG {"event":"send_rate","rate":360000,"ts":1760731246.8693836}
2025/10/17 20:00:47 POLARIS_LOG {"event":"send_rate","rate":400000,"ts":1760731247.8807948}
2025/10/17 20:00:48 POLARIS_LOG {"event":"send_rate","rate":272000,"ts":1760731248.8673186}
2025/10/17 20:00:49 POLARIS_LOG {"event":"send_rate","rate":256000,"ts":1760731249.873823}
2025/10/17 20:00:50 POLARIS_LOG {"event":"send_rate","rate":272000,"ts":1760731250.867337}
2025/10/17 20:00:51 POLARIS_LOG {"event":"send_rate","rate":192000,"ts":1760731251.8675556}
2025/10/17 20:00:52 POLARIS_LOG {"event":"send_rate","rate":176000,"ts":1760731252.8670673}
Skipping switch: current path 2 2 5 2 has lastEstimate 285750 >= maxEstimate 0
2025/10/17 20:00:53 POLARIS_LOG {"event":"send_rate","rate":248000,"ts":1760731253.867676}
2025/10/17 20:00:54 POLARIS_LOG {"event":"send_rate","rate":264000,"ts":1760731254.8759768}
2025/10/17 20:00:55 POLARIS_LOG {"event":"send_rate","rate":304000,"ts":1760731255.8666322}
2025/10/17 20:00:56 POLARIS_LOG {"event":"send_rate","rate":360000,"ts":1760731256.868279}
2025/10/17 20:00:57 POLARIS_LOG {"event":"send_rate","rate":296000,"ts":1760731257.8664532}
2025/10/17 20:00:58 POLARIS_LOG {"event":"send_rate","rate":184000,"ts":1760731258.8672178}
2025/10/17 20:00:59 POLARIS_LOG {"event":"send_rate","rate":232000,"ts":1760731259.885891}
2025/10/17 20:01:00 POLARIS_LOG {"event":"send_rate","rate":184000,"ts":1760731260.8683863}
2025/10/17 20:01:01 POLARIS_LOG {"event":"send_rate","rate":280000,"ts":1760731261.866545}
2025/10/17 20:01:02 POLARIS_LOG {"event":"send_rate","rate":256000,"ts":1760731262.8665583}
Skipping switch: current path 2 2 5 2 has lastEstimate 333250 >= maxEstimate 0
2025/10/17 20:01:03 POLARIS_LOG {"event":"send_rate","rate":248000,"ts":1760731263.8788936}
2025/10/17 20:01:04 POLARIS_LOG {"event":"send_rate","rate":304000,"ts":1760731264.8732708}
2025/10/17 20:01:05 POLARIS_LOG {"event":"send_rate","rate":392000,"ts":1760731265.8720953}
2025/10/17 20:01:06 POLARIS_LOG {"event":"send_rate","rate":344000,"ts":1760731266.8672006}
2025/10/17 20:01:07 POLARIS_LOG {"event":"send_rate","rate":272000,"ts":1760731267.8706894}
2025/10/17 20:01:08 POLARIS_LOG {"event":"send_rate","rate":248000,"ts":1760731268.8732123}
2025/10/17 20:01:09 POLARIS_LOG {"event":"send_rate","rate":232000,"ts":1760731269.8677752}
2025/10/17 20:01:10 POLARIS_LOG {"event":"send_rate","rate":216000,"ts":1760731270.8728793}
2025/10/17 20:01:11 POLARIS_LOG {"event":"send_rate","rate":312000,"ts":1760731271.870095}
2025/10/17 20:01:12 POLARIS_LOG {"event":"send_rate","rate":192000,"ts":1760731272.8673785}
Skipping switch: current path 2 2 5 2 has lastEstimate 333250 >= maxEstimate 0
2025/10/17 20:01:13 POLARIS_LOG {"event":"send_rate","rate":192000,"ts":1760731273.8835778}
2025/10/17 20:01:14 POLARIS_LOG {"event":"send_rate","rate":168000,"ts":1760731274.8672056}
2025/10/17 20:01:15 POLARIS_LOG {"event":"send_rate","rate":352000,"ts":1760731275.871274}
2025/10/17 20:01:16 POLARIS_LOG {"event":"send_rate","rate":232000,"ts":1760731276.8672502}
2025/10/17 20:01:17 POLARIS_LOG {"event":"send_rate","rate":264000,"ts":1760731277.8671784}
2025/10/17 20:01:18 POLARIS_LOG {"event":"send_rate","rate":200000,"ts":1760731278.8918602}
2025/10/17 20:01:19 POLARIS_LOG {"event":"send_rate","rate":264000,"ts":1760731279.8721545}
2025/10/17 20:01:20 POLARIS_LOG {"event":"send_rate","rate":280000,"ts":1760731280.8668787}
2025/10/17 20:01:21 POLARIS_LOG {"event":"send_rate","rate":344000,"ts":1760731281.8667696}
2025/10/17 20:01:22 POLARIS_LOG {"event":"send_rate","rate":336000,"ts":1760731282.8680823}
2025/10/17 20:01:23 POLARIS_LOG {"event":"send_rate","rate":272000,"ts":1760731283.867074}
2025/10/17 20:01:24 POLARIS_LOG {"event":"send_rate","rate":264000,"ts":1760731284.867061}
2025/10/17 20:01:25 POLARIS_LOG {"event":"send_rate","rate":296000,"ts":1760731285.8780766}
2025/10/17 20:01:26 POLARIS_LOG {"event":"send_rate","rate":344000,"ts":1760731286.904202}
2025/10/17 20:01:27 POLARIS_LOG {"event":"send_rate","rate":384000,"ts":1760731287.871972}
2025/10/17 20:01:28 POLARIS_LOG {"event":"send_rate","rate":392000,"ts":1760731288.8684425}
2025/10/17 20:01:29 POLARIS_LOG {"event":"send_rate","rate":384000,"ts":1760731289.867725}
2025/10/17 20:01:30 POLARIS_LOG {"event":"send_rate","rate":360000,"ts":1760731290.8813853}
2025/10/17 20:01:31 POLARIS_LOG {"event":"send_rate","rate":400000,"ts":1760731291.8671749}
2025/10/17 20:01:32 POLARIS_LOG {"event":"send_rate","rate":304000,"ts":1760731292.8910873}
2025/10/17 20:01:33 POLARIS_LOG {"event":"send_rate","rate":496000,"ts":1760731293.8670473}
2025/10/17 20:01:34 POLARIS_LOG {"event":"send_rate","rate":320000,"ts":1760731294.8662393}
2025/10/17 20:01:35 POLARIS_LOG {"event":"send_rate","rate":280000,"ts":1760731295.8689346}
2025/10/17 20:01:36 POLARIS_LOG {"event":"send_rate","rate":288000,"ts":1760731296.8684242}
2025/10/17 20:01:37 POLARIS_LOG {"event":"send_rate","rate":288000,"ts":1760731297.9049807}
2025/10/17 20:01:38 POLARIS_LOG {"event":"send_rate","rate":320000,"ts":1760731298.8669987}
2025/10/17 20:01:39 POLARIS_LOG {"event":"send_rate","rate":400000,"ts":1760731299.8790073}
2025/10/17 20:01:40 POLARIS_LOG {"event":"send_rate","rate":176000,"ts":1760731300.8680668}
2025/10/17 20:01:41 POLARIS_LOG {"event":"send_rate","rate":208000,"ts":1760731301.9442706}
Skipping switch: current path 2 2 5 2 has lastEstimate 333250 >= maxEstimate 0
2025/10/17 20:01:42 POLARIS_LOG {"event":"send_rate","rate":288000,"ts":1760731302.895835}
2025/10/17 20:01:43 POLARIS_LOG {"event":"send_rate","rate":264000,"ts":1760731303.8668227}
2025/10/17 20:01:44 POLARIS_LOG {"event":"send_rate","rate":240000,"ts":1760731304.8667345}
2025/10/17 20:01:45 POLARIS_LOG {"event":"send_rate","rate":272000,"ts":1760731305.8697052}
2025/10/17 20:01:46 POLARIS_LOG {"event":"send_rate","rate":264000,"ts":1760731306.8701675}
2025/10/17 20:01:47 POLARIS_LOG {"event":"send_rate","rate":328000,"ts":1760731307.8822908}
2025/10/17 20:01:48 POLARIS_LOG {"event":"send_rate","rate":272000,"ts":1760731308.8832726}
2025/10/17 20:01:49 POLARIS_LOG {"event":"send_rate","rate":336000,"ts":1760731309.8698485}
2025/10/17 20:01:50 POLARIS_LOG {"event":"send_rate","rate":320000,"ts":1760731310.8694963}
2025/10/17 20:01:51 POLARIS_LOG {"event":"send_rate","rate":272000,"ts":1760731311.8744388}
Skipping switch: current path 2 2 5 2 has lastEstimate 333250 >= maxEstimate 0
2025/10/17 20:01:52 POLARIS_LOG {"event":"send_rate","rate":240000,"ts":1760731312.8790767}
2025/10/17 20:01:53 POLARIS_LOG {"event":"send_rate","rate":312000,"ts":1760731313.8734682}
2025/10/17 20:01:54 POLARIS_LOG {"event":"send_rate","rate":280000,"ts":1760731314.8700287}
2025/10/17 20:01:55 POLARIS_LOG {"event":"send_rate","rate":280000,"ts":1760731315.8668003}
2025/10/17 20:01:56 POLARIS_LOG {"event":"send_rate","rate":224000,"ts":1760731316.8676465}
2025/10/17 20:01:57 POLARIS_LOG {"event":"send_rate","rate":256000,"ts":1760731317.8666644}
2025/10/17 20:01:58 POLARIS_LOG {"event":"send_rate","rate":376000,"ts":1760731318.8664691}
2025/10/17 20:01:59 POLARIS_LOG {"event":"send_rate","rate":264000,"ts":1760731319.8683267}
2025/10/17 20:02:00 POLARIS_LOG {"event":"send_rate","rate":360000,"ts":1760731320.8748705}
2025/10/17 20:02:01 POLARIS_LOG {"event":"send_rate","rate":328000,"ts":1760731321.8666224}
2025/10/17 20:02:02 POLARIS_LOG {"event":"send_rate","rate":296000,"ts":1760731322.868109}
2025/10/17 20:02:03 POLARIS_LOG {"event":"send_rate","rate":408000,"ts":1760731323.9182768}
2025/10/17 20:02:04 POLARIS_LOG {"event":"send_rate","rate":240000,"ts":1760731324.9000592}
2025/10/17 20:02:05 POLARIS_LOG {"event":"send_rate","rate":264000,"ts":1760731325.866972}
2025/10/17 20:02:06 POLARIS_LOG {"event":"send_rate","rate":328000,"ts":1760731326.8779}
2025/10/17 20:02:07 POLARIS_LOG {"event":"send_rate","rate":312000,"ts":1760731327.8885143}
2025/10/17 20:02:08 POLARIS_LOG {"event":"send_rate","rate":352000,"ts":1760731328.8714867}
2025/10/17 20:02:09 POLARIS_LOG {"event":"send_rate","rate":200000,"ts":1760731329.867731}
2025/10/17 20:02:10 POLARIS_LOG {"event":"send_rate","rate":376000,"ts":1760731330.86626}
2025/10/17 20:02:11 POLARIS_LOG {"event":"send_rate","rate":344000,"ts":1760731331.8667128}
2025/10/17 20:02:12 POLARIS_LOG {"event":"send_rate","rate":376000,"ts":1760731332.8681397}
2025/10/17 20:02:13 POLARIS_LOG {"event":"send_rate","rate":416000,"ts":1760731333.876126}
2025/10/17 20:02:14 POLARIS_LOG {"event":"send_rate","rate":320000,"ts":1760731334.869656}
2025/10/17 20:02:15 POLARIS_LOG {"event":"send_rate","rate":376000,"ts":1760731335.8669271}
2025/10/17 20:02:16 POLARIS_LOG {"event":"send_rate","rate":312000,"ts":1760731336.8664165}
2025/10/17 20:02:17 POLARIS_LOG {"event":"send_rate","rate":352000,"ts":1760731337.8699296}
2025/10/17 20:02:18 POLARIS_LOG {"event":"send_rate","rate":264000,"ts":1760731338.8691437}
2025/10/17 20:02:19 POLARIS_LOG {"event":"send_rate","rate":344000,"ts":1760731339.871492}
2025/10/17 20:02:20 POLARIS_LOG {"event":"send_rate","rate":304000,"ts":1760731340.8898287}
2025/10/17 20:02:21 POLARIS_LOG {"event":"send_rate","rate":288000,"ts":1760731341.875867}
2025/10/17 20:02:22 POLARIS_LOG {"event":"send_rate","rate":312000,"ts":1760731342.8699105}
2025/10/17 20:02:23 POLARIS_LOG {"event":"send_rate","rate":352000,"ts":1760731343.8692155}
2025/10/17 20:02:24 POLARIS_LOG {"event":"send_rate","rate":368000,"ts":1760731344.8666453}
2025/10/17 20:02:25 POLARIS_LOG {"event":"send_rate","rate":392000,"ts":1760731345.9108717}
2025/10/17 20:02:26 POLARIS_LOG {"event":"send_rate","rate":216000,"ts":1760731346.874609}
2025/10/17 20:02:27 POLARIS_LOG {"event":"send_rate","rate":344000,"ts":1760731347.886005}
2025/10/17 20:02:28 POLARIS_LOG {"event":"send_rate","rate":280000,"ts":1760731348.8672702}
2025/10/17 20:02:29 POLARIS_LOG {"event":"send_rate","rate":176000,"ts":1760731349.8736985}
2025/10/17 20:02:30 POLARIS_LOG {"event":"send_rate","rate":272000,"ts":1760731350.8838022}
2025/10/17 20:02:31 POLARIS_LOG {"event":"send_rate","rate":368000,"ts":1760731351.866785}
2025/10/17 20:02:32 POLARIS_LOG {"event":"send_rate","rate":336000,"ts":1760731352.8998477}
2025/10/17 20:02:33 POLARIS_LOG {"event":"send_rate","rate":264000,"ts":1760731353.8664992}
2025/10/17 20:02:34 POLARIS_LOG {"event":"send_rate","rate":312000,"ts":1760731354.8670642}
2025/10/17 20:02:35 POLARIS_LOG {"event":"send_rate","rate":368000,"ts":1760731355.8690023}
2025/10/17 20:02:36 POLARIS_LOG {"event":"send_rate","rate":272000,"ts":1760731356.8672116}
2025/10/17 20:02:37 POLARIS_LOG {"event":"send_rate","rate":264000,"ts":1760731357.869472}
2025/10/17 20:02:38 POLARIS_LOG {"event":"send_rate","rate":264000,"ts":1760731358.8777862}
2025/10/17 20:02:39 POLARIS_LOG {"event":"send_rate","rate":216000,"ts":1760731359.8700614}
2025/10/17 20:02:40 POLARIS_LOG {"event":"send_rate","rate":256000,"ts":1760731360.8687737}
2025/10/17 20:02:41 POLARIS_LOG {"event":"send_rate","rate":368000,"ts":1760731361.8695533}
2025/10/17 20:02:42 POLARIS_LOG {"event":"send_rate","rate":296000,"ts":1760731362.8669584}
2025/10/17 20:02:43 POLARIS_LOG {"event":"send_rate","rate":344000,"ts":1760731363.881731}
2025/10/17 20:02:44 POLARIS_LOG {"event":"send_rate","rate":272000,"ts":1760731364.8670158}
2025/10/17 20:02:45 POLARIS_LOG {"event":"send_rate","rate":272000,"ts":1760731365.8755205}
2025/10/17 20:02:46 POLARIS_LOG {"event":"send_rate","rate":232000,"ts":1760731366.867312}
2025/10/17 20:02:47 POLARIS_LOG {"event":"send_rate","rate":256000,"ts":1760731367.8667858}
2025/10/17 20:02:48 POLARIS_LOG {"event":"send_rate","rate":376000,"ts":1760731368.8778207}
2025/10/17 20:02:49 POLARIS_LOG {"event":"send_rate","rate":344000,"ts":1760731369.8681479}
2025/10/17 20:02:50 POLARIS_LOG {"event":"send_rate","rate":360000,"ts":1760731370.8670495}
2025/10/17 20:02:51 POLARIS_LOG {"event":"send_rate","rate":320000,"ts":1760731371.8669767}
Skipping switch: current path 2 2 5 2 has lastEstimate 333250 >= maxEstimate 0
2025/10/17 20:02:52 POLARIS_LOG {"event":"send_rate","rate":272000,"ts":1760731372.8675401}
2025/10/17 20:02:53 POLARIS_LOG {"event":"send_rate","rate":512000,"ts":1760731373.871683}
2025/10/17 20:02:54 POLARIS_LOG {"event":"send_rate","rate":368000,"ts":1760731374.870807}
2025/10/17 20:02:55 POLARIS_LOG {"event":"send_rate","rate":368000,"ts":1760731375.8665402}
2025/10/17 20:02:56 POLARIS_LOG {"event":"send_rate","rate":336000,"ts":1760731376.8711846}
2025/10/17 20:02:57 POLARIS_LOG {"event":"send_rate","rate":224000,"ts":1760731377.8716094}
2025/10/17 20:02:58 POLARIS_LOG {"event":"send_rate","rate":184000,"ts":1760731378.8872933}
2025/10/17 20:02:59 POLARIS_LOG {"event":"send_rate","rate":176000,"ts":1760731379.868316}
2025/10/17 20:03:00 POLARIS_LOG {"event":"send_rate","rate":192000,"ts":1760731380.8765385}
2025/10/17 20:03:01 POLARIS_LOG {"event":"send_rate","rate":264000,"ts":1760731381.8670745}
2025/10/17 20:03:02 POLARIS_LOG {"event":"send_rate","rate":360000,"ts":1760731382.8669035}
2025/10/17 20:03:03 POLARIS_LOG {"event":"send_rate","rate":336000,"ts":1760731383.8670204}
2025/10/17 20:03:04 POLARIS_LOG {"event":"send_rate","rate":256000,"ts":1760731384.9468706}
2025/10/17 20:03:05 POLARIS_LOG {"event":"send_rate","rate":176000,"ts":1760731385.8685482}
2025/10/17 20:03:06 POLARIS_LOG {"event":"send_rate","rate":216000,"ts":1760731386.8669403}
2025/10/17 20:03:07 POLARIS_LOG {"event":"send_rate","rate":288000,"ts":1760731387.8687644}
2025/10/17 20:03:08 POLARIS_LOG {"event":"send_rate","rate":392000,"ts":1760731388.8750768}
2025/10/17 20:03:09 POLARIS_LOG {"event":"send_rate","rate":376000,"ts":1760731389.8923233}
2025/10/17 20:03:10 POLARIS_LOG {"event":"send_rate","rate":296000,"ts":1760731390.868041}
2025/10/17 20:03:11 POLARIS_LOG {"event":"send_rate","rate":264000,"ts":1760731391.8671243}
2025/10/17 20:03:12 POLARIS_LOG {"event":"send_rate","rate":288000,"ts":1760731392.8678918}
Skipping switch: current path 2 2 5 2 has lastEstimate 333250 >= maxEstimate 0
2025/10/17 20:03:13 POLARIS_LOG {"event":"send_rate","rate":200000,"ts":1760731393.8678172}
2025/10/17 20:03:14 POLARIS_LOG {"event":"send_rate","rate":216000,"ts":1760731394.8698545}
2025/10/17 20:03:15 POLARIS_LOG {"event":"send_rate","rate":272000,"ts":1760731395.8664742}
2025/10/17 20:03:16 POLARIS_LOG {"event":"send_rate","rate":304000,"ts":1760731396.8669765}
2025/10/17 20:03:17 POLARIS_LOG {"event":"send_rate","rate":368000,"ts":1760731397.882884}
2025/10/17 20:03:18 POLARIS_LOG {"event":"send_rate","rate":392000,"ts":1760731398.882165}
2025/10/17 20:03:19 POLARIS_LOG {"event":"send_rate","rate":272000,"ts":1760731399.8679385}
2025/10/17 20:03:20 POLARIS_LOG {"event":"send_rate","rate":256000,"ts":1760731400.8842201}
2025/10/17 20:03:21 POLARIS_LOG {"event":"send_rate","rate":240000,"ts":1760731401.8792942}
Skipping switch: current path 2 2 5 2 has lastEstimate 333250 >= maxEstimate 0
2025/10/17 20:03:22 POLARIS_LOG {"event":"send_rate","rate":280000,"ts":1760731402.8762693}
2025/10/17 20:03:23 POLARIS_LOG {"event":"send_rate","rate":336000,"ts":1760731403.8755302}
2025/10/17 20:03:24 POLARIS_LOG {"event":"send_rate","rate":392000,"ts":1760731404.8669283}
2025/10/17 20:03:25 POLARIS_LOG {"event":"send_rate","rate":320000,"ts":1760731405.871395}
2025/10/17 20:03:26 POLARIS_LOG {"event":"send_rate","rate":376000,"ts":1760731406.8667068}
2025/10/17 20:03:27 POLARIS_LOG {"event":"send_rate","rate":264000,"ts":1760731407.866539}
2025/10/17 20:03:28 POLARIS_LOG {"event":"send_rate","rate":216000,"ts":1760731408.874271}
2025/10/17 20:03:29 POLARIS_LOG {"event":"send_rate","rate":264000,"ts":1760731409.870166}
2025/10/17 20:03:30 POLARIS_LOG {"event":"send_rate","rate":288000,"ts":1760731410.8673892}
2025/10/17 20:03:31 POLARIS_LOG {"event":"send_rate","rate":200000,"ts":1760731411.867687}
Skipping switch: current path 2 2 5 2 has lastEstimate 333250 >= maxEstimate 0
2025/10/17 20:03:32 POLARIS_LOG {"event":"send_rate","rate":200000,"ts":1760731412.8904023}
2025/10/17 20:03:33 POLARIS_LOG {"event":"send_rate","rate":184000,"ts":1760731413.8727524}
2025/10/17 20:03:34 POLARIS_LOG {"event":"send_rate","rate":272000,"ts":1760731414.8692288}
2025/10/17 20:03:35 POLARIS_LOG {"event":"send_rate","rate":208000,"ts":1760731415.873877}
2025/10/17 20:03:36 POLARIS_LOG {"event":"send_rate","rate":264000,"ts":1760731416.8671913}
2025/10/17 20:03:37 POLARIS_LOG {"event":"send_rate","rate":296000,"ts":1760731417.8735447}
2025/10/17 20:03:38 POLARIS_LOG {"event":"send_rate","rate":240000,"ts":1760731418.8671644}
2025/10/17 20:03:39 POLARIS_LOG {"event":"send_rate","rate":360000,"ts":1760731419.883104}
2025/10/17 20:03:40 POLARIS_LOG {"event":"send_rate","rate":232000,"ts":1760731420.8805687}
2025/10/17 20:03:41 POLARIS_LOG {"event":"send_rate","rate":352000,"ts":1760731421.8729625}
2025/10/17 20:03:42 POLARIS_LOG {"event":"send_rate","rate":320000,"ts":1760731422.8805168}
2025/10/17 20:03:43 POLARIS_LOG {"event":"send_rate","rate":320000,"ts":1760731423.8837533}
2025/10/17 20:03:44 POLARIS_LOG {"event":"send_rate","rate":248000,"ts":1760731424.8669105}
2025/10/17 20:03:45 POLARIS_LOG {"event":"send_rate","rate":368000,"ts":1760731425.8665}
2025/10/17 20:03:46 POLARIS_LOG {"event":"send_rate","rate":320000,"ts":1760731426.866821}
2025/10/17 20:03:47 POLARIS_LOG {"event":"send_rate","rate":352000,"ts":1760731427.8974333}
2025/10/17 20:03:48 POLARIS_LOG {"event":"send_rate","rate":216000,"ts":1760731428.8932707}
2025/10/17 20:03:49 POLARIS_LOG {"event":"send_rate","rate":384000,"ts":1760731429.8681872}
2025/10/17 20:03:50 POLARIS_LOG {"event":"send_rate","rate":344000,"ts":1760731430.8715637}
2025/10/17 20:03:51 POLARIS_LOG {"event":"send_rate","rate":328000,"ts":1760731431.8682532}
2025/10/17 20:03:52 POLARIS_LOG {"event":"send_rate","rate":336000,"ts":1760731432.902605}
2025/10/17 20:03:53 POLARIS_LOG {"event":"send_rate","rate":352000,"ts":1760731433.8774388}
2025/10/17 20:03:54 POLARIS_LOG {"event":"send_rate","rate":504000,"ts":1760731434.867007}
2025/10/17 20:03:55 POLARIS_LOG {"event":"send_rate","rate":496000,"ts":1760731435.8742125}
2025/10/17 20:03:56 POLARIS_LOG {"event":"send_rate","rate":536000,"ts":1760731436.8676715}
2025/10/17 20:03:57 POLARIS_LOG {"event":"send_rate","rate":440000,"ts":1760731437.8717146}
2025/10/17 20:03:58 POLARIS_LOG {"event":"send_rate","rate":536000,"ts":1760731438.8670065}
2025/10/17 20:03:59 POLARIS_LOG {"event":"send_rate","rate":520000,"ts":1760731439.8669605}
2025/10/17 20:04:00 POLARIS_LOG {"event":"send_rate","rate":448000,"ts":1760731440.8680887}
2025/10/17 20:04:01 POLARIS_LOG {"event":"send_rate","rate":304000,"ts":1760731441.8734088}
2025/10/17 20:04:02 POLARIS_LOG {"event":"send_rate","rate":296000,"ts":1760731442.8679607}
2025/10/17 20:04:03 POLARIS_LOG {"event":"send_rate","rate":304000,"ts":1760731443.866379}
2025/10/17 20:04:04 POLARIS_LOG {"event":"send_rate","rate":304000,"ts":1760731444.8729053}
2025/10/17 20:04:05 POLARIS_LOG {"event":"send_rate","rate":296000,"ts":1760731445.8676865}
2025/10/17 20:04:06 POLARIS_LOG {"event":"send_rate","rate":304000,"ts":1760731446.872852}
2025/10/17 20:04:07 POLARIS_LOG {"event":"send_rate","rate":296000,"ts":1760731447.8708305}
2025/10/17 20:04:08 POLARIS_LOG {"event":"send_rate","rate":304000,"ts":1760731448.8730643}
2025/10/17 20:04:09 POLARIS_LOG {"event":"send_rate","rate":296000,"ts":1760731449.877866}
2025/10/17 20:04:10 POLARIS_LOG {"event":"send_rate","rate":296000,"ts":1760731450.8719654}
2025/10/17 20:04:11 POLARIS_LOG {"event":"send_rate","rate":304000,"ts":1760731451.8670824}
2025/10/17 20:04:12 POLARIS_LOG {"event":"send_rate","rate":296000,"ts":1760731452.8692894}
2025/10/17 20:04:13 POLARIS_LOG {"event":"send_rate","rate":280000,"ts":1760731453.869203}
2025/10/17 20:04:14 POLARIS_LOG {"event":"send_rate","rate":328000,"ts":1760731454.8725874}
2025/10/17 20:04:15 POLARIS_LOG {"event":"send_rate","rate":296000,"ts":1760731455.8666608}
2025/10/17 20:04:16 POLARIS_LOG {"event":"send_rate","rate":264000,"ts":1760731456.8668642}
Drain Loop received packet
Drain Loop received non-nil payload
We need to sleep for 1 seconds before we can get the results
Client sent 9112 packets, server reported 8947 packets received
The network loss rate from client to server is 1.8%

S->C results
Attempted bandwidth: 0 bps / 0.00 Mbps
Achieved bandwidth: 0 bps / 0.00 Mbps
Loss rate: 0.0%
Interarrival time min/avg/max/mdev = -0.000/0.000/0.000/0.000 ms

C->S results
Attempted bandwidth: 299983 bps / 0.30 Mbps
Achieved bandwidth: 294551 bps / 0.29 Mbps
Loss rate: 1.8%
Interarrival time min/avg/max/mdev = 0.002/26.912/573.588/23.381 ms
