
Test parameters:
client->server: 261 seconds, 1000 bytes, 9787 packets
server->client: 261 seconds, 1000 bytes, 0 packets
Polaris prober initialized with 38 paths
2025/10/17 19:59:54 POLARIS_LOG {"current_rate":0,"event":"path_switch","new":"2 2 5 2","trigger":"initialization","ts":1760731194.696829}
Polaris prober initialized with local 1-111,10.111.0.71:32725 and remote 1-113,10.113.0.71
2025/10/17 19:59:55 POLARIS_LOG {"event":"send_rate","rate":0,"ts":1760731195.704252}
2025/10/17 19:59:56 POLARIS_LOG {"event":"send_rate","rate":40000,"ts":1760731196.6981287}
2025/10/17 19:59:57 POLARIS_LOG {"event":"send_rate","rate":304000,"ts":1760731197.7056103}
2025/10/17 19:59:58 POLARIS_LOG {"event":"send_rate","rate":304000,"ts":1760731198.7106783}
2025/10/17 19:59:59 POLARIS_LOG {"event":"send_rate","rate":296000,"ts":1760731199.6994736}
2025/10/17 20:00:00 POLARIS_LOG {"event":"send_rate","rate":296000,"ts":1760731200.6977248}
2025/10/17 20:00:01 POLARIS_LOG {"event":"send_rate","rate":304000,"ts":1760731201.7074978}
2025/10/17 20:00:02 POLARIS_LOG {"event":"send_rate","rate":296000,"ts":1760731202.6984794}
2025/10/17 20:00:03 POLARIS_LOG {"event":"send_rate","rate":304000,"ts":1760731203.69763}
2025/10/17 20:00:04 POLARIS_LOG {"event":"send_rate","rate":296000,"ts":1760731204.7011333}
2025/10/17 20:00:05 POLARIS_LOG {"event":"send_rate","rate":280000,"ts":1760731205.7096908}
2025/10/17 20:00:06 POLARIS_LOG {"event":"send_rate","rate":240000,"ts":1760731206.6979373}
2025/10/17 20:00:07 POLARIS_LOG {"event":"send_rate","rate":328000,"ts":1760731207.706362}
2025/10/17 20:00:08 POLARIS_LOG {"event":"send_rate","rate":240000,"ts":1760731208.698425}
2025/10/17 20:00:09 POLARIS_LOG {"event":"send_rate","rate":256000,"ts":1760731209.6994333}
2025/10/17 20:00:10 POLARIS_LOG {"event":"send_rate","rate":224000,"ts":1760731210.7150784}
2025/10/17 20:00:11 POLARIS_LOG {"event":"send_rate","rate":288000,"ts":1760731211.6978846}
2025/10/17 20:00:12 POLARIS_LOG {"event":"send_rate","rate":152000,"ts":1760731212.6980152}
2025/10/17 20:00:13 POLARIS_LOG {"event":"send_rate","rate":152000,"ts":1760731213.7000222}
2025/10/17 20:00:14 POLARIS_LOG {"event":"send_rate","rate":144000,"ts":1760731214.6984615}
2025/10/17 20:00:15 POLARIS_LOG {"event":"send_rate","rate":128000,"ts":1760731215.698766}
2025/10/17 20:00:16 POLARIS_LOG {"event":"send_rate","rate":224000,"ts":1760731216.715457}
2025/10/17 20:00:17 POLARIS_LOG {"event":"send_rate","rate":128000,"ts":1760731217.706089}
2025/10/17 20:00:18 POLARIS_LOG {"event":"send_rate","rate":152000,"ts":1760731218.7024553}
2025/10/17 20:00:19 POLARIS_LOG {"event":"send_rate","rate":160000,"ts":1760731219.7018833}
2025/10/17 20:00:20 POLARIS_LOG {"event":"send_rate","rate":96000,"ts":1760731220.717644}
2025/10/17 20:00:21 POLARIS_LOG {"event":"send_rate","rate":200000,"ts":1760731221.6989987}
2025/10/17 20:00:22 POLARIS_LOG {"event":"send_rate","rate":160000,"ts":1760731222.7037613}
2025/10/17 20:00:23 POLARIS_LOG {"event":"send_rate","rate":128000,"ts":1760731223.7054713}
2025/10/17 20:00:24 POLARIS_LOG {"event":"send_rate","rate":176000,"ts":1760731224.6987772}
2025/10/17 20:00:24 POLARIS_LOG {"candidates":19,"candidates_unfiltered":25,"current_rate":176000,"estimated_share":400000,"event":"path_switch","max_estimated_share":500000,"new":"4 4 7 7 4 1","old":"2 2 5 2","trigger":"scheduled","ts":1760731224.6987748}
2025/10/17 20:00:25 POLARIS_LOG {"event":"send_rate","rate":2448000,"ts":1760731225.6986003}
2025/10/17 20:00:26 POLARIS_LOG {"event":"send_rate","rate":296000,"ts":1760731226.6993687}
2025/10/17 20:00:27 POLARIS_LOG {"event":"send_rate","rate":304000,"ts":1760731227.6977384}
2025/10/17 20:00:28 POLARIS_LOG {"event":"send_rate","rate":296000,"ts":1760731228.7074623}
2025/10/17 20:00:29 POLARIS_LOG {"event":"send_rate","rate":304000,"ts":1760731229.702176}
2025/10/17 20:00:30 POLARIS_LOG {"event":"send_rate","rate":304000,"ts":1760731230.7224734}
2025/10/17 20:00:31 POLARIS_LOG {"event":"send_rate","rate":296000,"ts":1760731231.7045696}
2025/10/17 20:00:32 POLARIS_LOG {"event":"send_rate","rate":296000,"ts":1760731232.6990776}
2025/10/17 20:00:33 POLARIS_LOG {"event":"send_rate","rate":304000,"ts":1760731233.702805}
2025/10/17 20:00:34 POLARIS_LOG {"event":"send_rate","rate":296000,"ts":1760731234.7082887}
2025/10/17 20:00:35 POLARIS_LOG {"event":"send_rate","rate":304000,"ts":1760731235.7030988}
2025/10/17 20:00:36 POLARIS_LOG {"event":"send_rate","rate":296000,"ts":1760731236.702314}
2025/10/17 20:00:37 POLARIS_LOG {"event":"send_rate","rate":304000,"ts":1760731237.6994793}
2025/10/17 20:00:38 POLARIS_LOG {"event":"send_rate","rate":296000,"ts":1760731238.7085602}
2025/10/17 20:00:39 POLARIS_LOG {"event":"send_rate","rate":304000,"ts":1760731239.7162626}
2025/10/17 20:00:40 POLARIS_LOG {"event":"send_rate","rate":296000,"ts":1760731240.7063363}
2025/10/17 20:00:41 POLARIS_LOG {"event":"send_rate","rate":304000,"ts":1760731241.7186832}
2025/10/17 20:00:42 POLARIS_LOG {"event":"send_rate","rate":296000,"ts":1760731242.6983025}
2025/10/17 20:00:43 POLARIS_LOG {"event":"send_rate","rate":296000,"ts":1760731243.701843}
2025/10/17 20:00:44 POLARIS_LOG {"event":"send_rate","rate":320000,"ts":1760731244.7522473}
2025/10/17 20:00:45 POLARIS_LOG {"event":"send_rate","rate":288000,"ts":1760731245.7022092}
2025/10/17 20:00:46 POLARIS_LOG {"event":"send_rate","rate":296000,"ts":1760731246.700008}
2025/10/17 20:00:47 POLARIS_LOG {"event":"send_rate","rate":296000,"ts":1760731247.6980717}
2025/10/17 20:00:48 POLARIS_LOG {"event":"send_rate","rate":304000,"ts":1760731248.6975806}
2025/10/17 20:00:49 POLARIS_LOG {"event":"send_rate","rate":296000,"ts":1760731249.70117}
2025/10/17 20:00:50 POLARIS_LOG {"event":"send_rate","rate":304000,"ts":1760731250.6989374}
2025/10/17 20:00:51 POLARIS_LOG {"event":"send_rate","rate":304000,"ts":1760731251.709434}
2025/10/17 20:00:52 POLARIS_LOG {"event":"send_rate","rate":296000,"ts":1760731252.6980073}
2025/10/17 20:00:53 POLARIS_LOG {"event":"send_rate","rate":296000,"ts":1760731253.7082415}
2025/10/17 20:00:54 POLARIS_LOG {"event":"send_rate","rate":304000,"ts":1760731254.7103279}
2025/10/17 20:00:55 POLARIS_LOG {"event":"send_rate","rate":296000,"ts":1760731255.6983273}
2025/10/17 20:00:56 POLARIS_LOG {"event":"send_rate","rate":312000,"ts":1760731256.7419834}
2025/10/17 20:00:57 POLARIS_LOG {"event":"send_rate","rate":288000,"ts":1760731257.698549}
2025/10/17 20:00:58 POLARIS_LOG {"event":"send_rate","rate":304000,"ts":1760731258.699272}
2025/10/17 20:00:59 POLARIS_LOG {"event":"send_rate","rate":296000,"ts":1760731259.698414}
2025/10/17 20:01:00 POLARIS_LOG {"event":"send_rate","rate":304000,"ts":1760731260.6983776}
2025/10/17 20:01:01 POLARIS_LOG {"event":"send_rate","rate":296000,"ts":1760731261.698356}
2025/10/17 20:01:02 POLARIS_LOG {"event":"send_rate","rate":304000,"ts":1760731262.7003973}
2025/10/17 20:01:03 POLARIS_LOG {"event":"send_rate","rate":296000,"ts":1760731263.6979165}
2025/10/17 20:01:04 POLARIS_LOG {"event":"send_rate","rate":304000,"ts":1760731264.7007735}
2025/10/17 20:01:05 POLARIS_LOG {"event":"send_rate","rate":304000,"ts":1760731265.7027373}
2025/10/17 20:01:06 POLARIS_LOG {"event":"send_rate","rate":280000,"ts":1760731266.698432}
2025/10/17 20:01:07 POLARIS_LOG {"event":"send_rate","rate":312000,"ts":1760731267.6985033}
2025/10/17 20:01:08 POLARIS_LOG {"event":"send_rate","rate":304000,"ts":1760731268.6978486}
2025/10/17 20:01:09 POLARIS_LOG {"event":"send_rate","rate":304000,"ts":1760731269.7121427}
2025/10/17 20:01:10 POLARIS_LOG {"event":"send_rate","rate":296000,"ts":1760731270.6996698}
2025/10/17 20:01:11 POLARIS_LOG {"event":"send_rate","rate":296000,"ts":1760731271.698648}
2025/10/17 20:01:12 POLARIS_LOG {"event":"send_rate","rate":296000,"ts":1760731272.697603}
2025/10/17 20:01:13 POLARIS_LOG {"event":"send_rate","rate":304000,"ts":1760731273.702261}
2025/10/17 20:01:14 POLARIS_LOG {"event":"send_rate","rate":304000,"ts":1760731274.6985247}
2025/10/17 20:01:15 POLARIS_LOG {"event":"send_rate","rate":296000,"ts":1760731275.698108}
2025/10/17 20:01:16 POLARIS_LOG {"event":"send_rate","rate":304000,"ts":1760731276.6982002}
2025/10/17 20:01:17 POLARIS_LOG {"event":"send_rate","rate":304000,"ts":1760731277.7073355}
2025/10/17 20:01:18 POLARIS_LOG {"event":"send_rate","rate":304000,"ts":1760731278.7207754}
2025/10/17 20:01:19 POLARIS_LOG {"event":"send_rate","rate":296000,"ts":1760731279.707117}
2025/10/17 20:01:20 POLARIS_LOG {"event":"send_rate","rate":296000,"ts":1760731280.6999779}
2025/10/17 20:01:21 POLARIS_LOG {"event":"send_rate","rate":296000,"ts":1760731281.6982782}
2025/10/17 20:01:22 POLARIS_LOG {"event":"send_rate","rate":304000,"ts":1760731282.6986969}
2025/10/17 20:01:23 POLARIS_LOG {"event":"send_rate","rate":304000,"ts":1760731283.7053783}
2025/10/17 20:01:24 POLARIS_LOG {"event":"send_rate","rate":296000,"ts":1760731284.7042346}
2025/10/17 20:01:25 POLARIS_LOG {"event":"send_rate","rate":296000,"ts":1760731285.6987612}
2025/10/17 20:01:26 POLARIS_LOG {"event":"send_rate","rate":296000,"ts":1760731286.7130873}
2025/10/17 20:01:27 POLARIS_LOG {"event":"send_rate","rate":304000,"ts":1760731287.6976442}
2025/10/17 20:01:28 POLARIS_LOG {"event":"send_rate","rate":304000,"ts":1760731288.6982515}
2025/10/17 20:01:29 POLARIS_LOG {"event":"send_rate","rate":296000,"ts":1760731289.6982994}
2025/10/17 20:01:30 POLARIS_LOG {"event":"send_rate","rate":304000,"ts":1760731290.700767}
2025/10/17 20:01:31 POLARIS_LOG {"event":"send_rate","rate":296000,"ts":1760731291.6993473}
2025/10/17 20:01:32 POLARIS_LOG {"event":"send_rate","rate":304000,"ts":1760731292.702447}
2025/10/17 20:01:33 POLARIS_LOG {"event":"send_rate","rate":296000,"ts":1760731293.6978824}
2025/10/17 20:01:34 POLARIS_LOG {"event":"send_rate","rate":304000,"ts":1760731294.699504}
2025/10/17 20:01:35 POLARIS_LOG {"event":"send_rate","rate":296000,"ts":1760731295.6984856}
2025/10/17 20:01:36 POLARIS_LOG {"event":"send_rate","rate":304000,"ts":1760731296.7008123}
2025/10/17 20:01:37 POLARIS_LOG {"event":"send_rate","rate":296000,"ts":1760731297.7011025}
2025/10/17 20:01:38 POLARIS_LOG {"event":"send_rate","rate":304000,"ts":1760731298.6999068}
2025/10/17 20:01:39 POLARIS_LOG {"event":"send_rate","rate":296000,"ts":1760731299.6984098}
2025/10/17 20:01:40 POLARIS_LOG {"event":"send_rate","rate":304000,"ts":1760731300.7054915}
2025/10/17 20:01:41 POLARIS_LOG {"event":"send_rate","rate":304000,"ts":1760731301.7096004}
2025/10/17 20:01:42 POLARIS_LOG {"event":"send_rate","rate":296000,"ts":1760731302.6976247}
2025/10/17 20:01:43 POLARIS_LOG {"event":"send_rate","rate":296000,"ts":1760731303.7040544}
2025/10/17 20:01:44 POLARIS_LOG {"event":"send_rate","rate":304000,"ts":1760731304.6977031}
2025/10/17 20:01:45 POLARIS_LOG {"event":"send_rate","rate":304000,"ts":1760731305.710115}
2025/10/17 20:01:46 POLARIS_LOG {"event":"send_rate","rate":296000,"ts":1760731306.6982327}
2025/10/17 20:01:47 POLARIS_LOG {"event":"send_rate","rate":296000,"ts":1760731307.6988108}
2025/10/17 20:01:48 POLARIS_LOG {"event":"send_rate","rate":304000,"ts":1760731308.6979463}
2025/10/17 20:01:49 POLARIS_LOG {"event":"send_rate","rate":296000,"ts":1760731309.7038856}
2025/10/17 20:01:50 POLARIS_LOG {"event":"send_rate","rate":304000,"ts":1760731310.6984968}
2025/10/17 20:01:51 POLARIS_LOG {"event":"send_rate","rate":304000,"ts":1760731311.7203264}
2025/10/17 20:01:52 POLARIS_LOG {"event":"send_rate","rate":296000,"ts":1760731312.6975598}
2025/10/17 20:01:53 POLARIS_LOG {"event":"send_rate","rate":304000,"ts":1760731313.7326174}
2025/10/17 20:01:54 POLARIS_LOG {"event":"send_rate","rate":304000,"ts":1760731314.7257247}
2025/10/17 20:01:55 POLARIS_LOG {"event":"send_rate","rate":288000,"ts":1760731315.6977797}
2025/10/17 20:01:56 POLARIS_LOG {"event":"send_rate","rate":304000,"ts":1760731316.6978016}
2025/10/17 20:01:57 POLARIS_LOG {"event":"send_rate","rate":304000,"ts":1760731317.715133}
2025/10/17 20:01:58 POLARIS_LOG {"event":"send_rate","rate":296000,"ts":1760731318.706865}
2025/10/17 20:01:59 POLARIS_LOG {"event":"send_rate","rate":296000,"ts":1760731319.7015316}
2025/10/17 20:02:00 POLARIS_LOG {"event":"send_rate","rate":304000,"ts":1760731320.6998122}
2025/10/17 20:02:01 POLARIS_LOG {"event":"send_rate","rate":296000,"ts":1760731321.7003818}
2025/10/17 20:02:02 POLARIS_LOG {"event":"send_rate","rate":304000,"ts":1760731322.6984563}
2025/10/17 20:02:03 POLARIS_LOG {"event":"send_rate","rate":296000,"ts":1760731323.7013752}
2025/10/17 20:02:04 POLARIS_LOG {"event":"send_rate","rate":304000,"ts":1760731324.71175}
2025/10/17 20:02:05 POLARIS_LOG {"event":"send_rate","rate":296000,"ts":1760731325.698451}
2025/10/17 20:02:06 POLARIS_LOG {"event":"send_rate","rate":304000,"ts":1760731326.7192352}
2025/10/17 20:02:07 POLARIS_LOG {"event":"send_rate","rate":296000,"ts":1760731327.7132869}
2025/10/17 20:02:08 POLARIS_LOG {"event":"send_rate","rate":304000,"ts":1760731328.7000084}
2025/10/17 20:02:09 POLARIS_LOG {"event":"send_rate","rate":296000,"ts":1760731329.705529}
2025/10/17 20:02:10 POLARIS_LOG {"event":"send_rate","rate":304000,"ts":1760731330.6999996}
2025/10/17 20:02:11 POLARIS_LOG {"event":"send_rate","rate":296000,"ts":1760731331.6976862}
2025/10/17 20:02:12 POLARIS_LOG {"event":"send_rate","rate":312000,"ts":1760731332.7268505}
2025/10/17 20:02:13 POLARIS_LOG {"event":"send_rate","rate":288000,"ts":1760731333.6981933}
Skipping switch: current path 4 4 7 7 4 1 has lastEstimate 333250 >= maxEstimate 0
2025/10/17 20:02:14 POLARIS_LOG {"event":"send_rate","rate":304000,"ts":1760731334.713901}
2025/10/17 20:02:15 POLARIS_LOG {"event":"send_rate","rate":296000,"ts":1760731335.7001922}
2025/10/17 20:02:16 POLARIS_LOG {"event":"send_rate","rate":296000,"ts":1760731336.698153}
2025/10/17 20:02:17 POLARIS_LOG {"event":"send_rate","rate":304000,"ts":1760731337.7161632}
2025/10/17 20:02:18 POLARIS_LOG {"event":"send_rate","rate":304000,"ts":1760731338.6983526}
2025/10/17 20:02:19 POLARIS_LOG {"event":"send_rate","rate":296000,"ts":1760731339.709848}
2025/10/17 20:02:20 POLARIS_LOG {"event":"send_rate","rate":296000,"ts":1760731340.6979706}
2025/10/17 20:02:21 POLARIS_LOG {"event":"send_rate","rate":304000,"ts":1760731341.7214901}
2025/10/17 20:02:22 POLARIS_LOG {"event":"send_rate","rate":296000,"ts":1760731342.6983168}
2025/10/17 20:02:23 POLARIS_LOG {"event":"send_rate","rate":304000,"ts":1760731343.700629}
2025/10/17 20:02:24 POLARIS_LOG {"event":"send_rate","rate":296000,"ts":1760731344.6985354}
2025/10/17 20:02:25 POLARIS_LOG {"event":"send_rate","rate":304000,"ts":1760731345.697887}
2025/10/17 20:02:26 POLARIS_LOG {"event":"send_rate","rate":304000,"ts":1760731346.7118876}
2025/10/17 20:02:27 POLARIS_LOG {"event":"send_rate","rate":304000,"ts":1760731347.7170806}
2025/10/17 20:02:28 POLARIS_LOG {"event":"send_rate","rate":296000,"ts":1760731348.7109315}
2025/10/17 20:02:29 POLARIS_LOG {"event":"send_rate","rate":296000,"ts":1760731349.7005146}
2025/10/17 20:02:30 POLARIS_LOG {"event":"send_rate","rate":296000,"ts":1760731350.7384505}
2025/10/17 20:02:31 POLARIS_LOG {"event":"send_rate","rate":304000,"ts":1760731351.7083206}
2025/10/17 20:02:32 POLARIS_LOG {"event":"send_rate","rate":296000,"ts":1760731352.6983128}
2025/10/17 20:02:33 POLARIS_LOG {"event":"send_rate","rate":304000,"ts":1760731353.709731}
2025/10/17 20:02:34 POLARIS_LOG {"event":"send_rate","rate":296000,"ts":1760731354.6978598}
2025/10/17 20:02:35 POLARIS_LOG {"event":"send_rate","rate":304000,"ts":1760731355.7048514}
2025/10/17 20:02:36 POLARIS_LOG {"event":"send_rate","rate":296000,"ts":1760731356.6983194}
2025/10/17 20:02:37 POLARIS_LOG {"event":"send_rate","rate":304000,"ts":1760731357.6991792}
2025/10/17 20:02:38 POLARIS_LOG {"event":"send_rate","rate":304000,"ts":1760731358.7059677}
2025/10/17 20:02:39 POLARIS_LOG {"event":"send_rate","rate":296000,"ts":1760731359.6990297}
2025/10/17 20:02:40 POLARIS_LOG {"event":"send_rate","rate":296000,"ts":1760731360.6984417}
2025/10/17 20:02:41 POLARIS_LOG {"event":"send_rate","rate":304000,"ts":1760731361.6981037}
2025/10/17 20:02:42 POLARIS_LOG {"event":"send_rate","rate":296000,"ts":1760731362.6988628}
2025/10/17 20:02:43 POLARIS_LOG {"event":"send_rate","rate":304000,"ts":1760731363.6984658}
2025/10/17 20:02:44 POLARIS_LOG {"event":"send_rate","rate":296000,"ts":1760731364.7005472}
2025/10/17 20:02:45 POLARIS_LOG {"event":"send_rate","rate":304000,"ts":1760731365.7094412}
2025/10/17 20:02:46 POLARIS_LOG {"event":"send_rate","rate":296000,"ts":1760731366.6987855}
2025/10/17 20:02:47 POLARIS_LOG {"event":"send_rate","rate":304000,"ts":1760731367.698093}
2025/10/17 20:02:48 POLARIS_LOG {"event":"send_rate","rate":296000,"ts":1760731368.697571}
2025/10/17 20:02:49 POLARIS_LOG {"event":"send_rate","rate":304000,"ts":1760731369.6993065}
2025/10/17 20:02:50 POLARIS_LOG {"event":"send_rate","rate":296000,"ts":1760731370.6979525}
2025/10/17 20:02:51 POLARIS_LOG {"event":"send_rate","rate":304000,"ts":1760731371.6983979}
2025/10/17 20:02:52 POLARIS_LOG {"event":"send_rate","rate":304000,"ts":1760731372.7338102}
2025/10/17 20:02:53 POLARIS_LOG {"event":"send_rate","rate":296000,"ts":1760731373.6983109}
2025/10/17 20:02:54 POLARIS_LOG {"event":"send_rate","rate":296000,"ts":1760731374.7148862}
2025/10/17 20:02:55 POLARIS_LOG {"event":"send_rate","rate":312000,"ts":1760731375.7255933}
2025/10/17 20:02:56 POLARIS_LOG {"event":"send_rate","rate":288000,"ts":1760731376.6990142}
2025/10/17 20:02:57 POLARIS_LOG {"event":"send_rate","rate":304000,"ts":1760731377.6981797}
2025/10/17 20:02:58 POLARIS_LOG {"event":"send_rate","rate":296000,"ts":1760731378.7017784}
2025/10/17 20:02:59 POLARIS_LOG {"event":"send_rate","rate":304000,"ts":1760731379.7098758}
2025/10/17 20:03:00 POLARIS_LOG {"event":"send_rate","rate":296000,"ts":1760731380.7006161}
2025/10/17 20:03:01 POLARIS_LOG {"event":"send_rate","rate":312000,"ts":1760731381.7223945}
2025/10/17 20:03:02 POLARIS_LOG {"event":"send_rate","rate":288000,"ts":1760731382.698439}
2025/10/17 20:03:03 POLARIS_LOG {"event":"send_rate","rate":304000,"ts":1760731383.7021692}
2025/10/17 20:03:04 POLARIS_LOG {"event":"send_rate","rate":304000,"ts":1760731384.7096515}
2025/10/17 20:03:05 POLARIS_LOG {"event":"send_rate","rate":296000,"ts":1760731385.7168515}
2025/10/17 20:03:06 POLARIS_LOG {"event":"send_rate","rate":296000,"ts":1760731386.698816}
2025/10/17 20:03:07 POLARIS_LOG {"event":"send_rate","rate":304000,"ts":1760731387.7020571}
2025/10/17 20:03:08 POLARIS_LOG {"event":"send_rate","rate":296000,"ts":1760731388.6975706}
2025/10/17 20:03:09 POLARIS_LOG {"event":"send_rate","rate":304000,"ts":1760731389.7064362}
2025/10/17 20:03:10 POLARIS_LOG {"event":"send_rate","rate":296000,"ts":1760731390.7009587}
2025/10/17 20:03:11 POLARIS_LOG {"event":"send_rate","rate":304000,"ts":1760731391.7041855}
2025/10/17 20:03:12 POLARIS_LOG {"event":"send_rate","rate":296000,"ts":1760731392.698433}
2025/10/17 20:03:13 POLARIS_LOG {"event":"send_rate","rate":304000,"ts":1760731393.6984003}
2025/10/17 20:03:14 POLARIS_LOG {"event":"send_rate","rate":296000,"ts":1760731394.6982148}
2025/10/17 20:03:15 POLARIS_LOG {"event":"send_rate","rate":304000,"ts":1760731395.7179904}
2025/10/17 20:03:16 POLARIS_LOG {"event":"send_rate","rate":296000,"ts":1760731396.703662}
2025/10/17 20:03:17 POLARIS_LOG {"event":"send_rate","rate":304000,"ts":1760731397.6984482}
2025/10/17 20:03:18 POLARIS_LOG {"event":"send_rate","rate":296000,"ts":1760731398.6998343}
2025/10/17 20:03:19 POLARIS_LOG {"event":"send_rate","rate":304000,"ts":1760731399.6980386}
2025/10/17 20:03:20 POLARIS_LOG {"event":"send_rate","rate":296000,"ts":1760731400.6996822}
2025/10/17 20:03:21 POLARIS_LOG {"event":"send_rate","rate":304000,"ts":1760731401.6978142}
2025/10/17 20:03:22 POLARIS_LOG {"event":"send_rate","rate":296000,"ts":1760731402.7055805}
2025/10/17 20:03:23 POLARIS_LOG {"event":"send_rate","rate":312000,"ts":1760731403.7307687}
2025/10/17 20:03:24 POLARIS_LOG {"event":"send_rate","rate":296000,"ts":1760731404.7215636}
2025/10/17 20:03:25 POLARIS_LOG {"event":"send_rate","rate":296000,"ts":1760731405.698483}
2025/10/17 20:03:26 POLARIS_LOG {"event":"send_rate","rate":296000,"ts":1760731406.7010772}
2025/10/17 20:03:27 POLARIS_LOG {"event":"send_rate","rate":304000,"ts":1760731407.6976268}
2025/10/17 20:03:28 POLARIS_LOG {"event":"send_rate","rate":296000,"ts":1760731408.6980495}
2025/10/17 20:03:29 POLARIS_LOG {"event":"send_rate","rate":304000,"ts":1760731409.7012694}
2025/10/17 20:03:30 POLARIS_LOG {"event":"send_rate","rate":296000,"ts":1760731410.703969}
2025/10/17 20:03:31 POLARIS_LOG {"event":"send_rate","rate":304000,"ts":1760731411.7170813}
2025/10/17 20:03:32 POLARIS_LOG {"event":"send_rate","rate":304000,"ts":1760731412.7099066}
2025/10/17 20:03:33 POLARIS_LOG {"event":"send_rate","rate":296000,"ts":1760731413.7006314}
2025/10/17 20:03:34 POLARIS_LOG {"event":"send_rate","rate":296000,"ts":1760731414.704035}
2025/10/17 20:03:35 POLARIS_LOG {"event":"send_rate","rate":304000,"ts":1760731415.7014809}
2025/10/17 20:03:36 POLARIS_LOG {"event":"send_rate","rate":304000,"ts":1760731416.7252138}
2025/10/17 20:03:37 POLARIS_LOG {"event":"send_rate","rate":296000,"ts":1760731417.7117317}
2025/10/17 20:03:38 POLARIS_LOG {"event":"send_rate","rate":296000,"ts":1760731418.6979198}
2025/10/17 20:03:39 POLARIS_LOG {"event":"send_rate","rate":304000,"ts":1760731419.698466}
2025/10/17 20:03:40 POLARIS_LOG {"event":"send_rate","rate":296000,"ts":1760731420.6992142}
2025/10/17 20:03:41 POLARIS_LOG {"event":"send_rate","rate":304000,"ts":1760731421.7105815}
2025/10/17 20:03:42 POLARIS_LOG {"event":"send_rate","rate":304000,"ts":1760731422.7131252}
2025/10/17 20:03:43 POLARIS_LOG {"event":"send_rate","rate":288000,"ts":1760731423.7006528}
2025/10/17 20:03:44 POLARIS_LOG {"event":"send_rate","rate":304000,"ts":1760731424.7104135}
2025/10/17 20:03:45 POLARIS_LOG {"event":"send_rate","rate":304000,"ts":1760731425.6987662}
2025/10/17 20:03:46 POLARIS_LOG {"event":"send_rate","rate":296000,"ts":1760731426.6985817}
2025/10/17 20:03:47 POLARIS_LOG {"event":"send_rate","rate":304000,"ts":1760731427.6984932}
2025/10/17 20:03:48 POLARIS_LOG {"event":"send_rate","rate":296000,"ts":1760731428.697812}
2025/10/17 20:03:49 POLARIS_LOG {"event":"send_rate","rate":296000,"ts":1760731429.702532}
2025/10/17 20:03:50 POLARIS_LOG {"event":"send_rate","rate":304000,"ts":1760731430.6984518}
2025/10/17 20:03:51 POLARIS_LOG {"event":"send_rate","rate":304000,"ts":1760731431.700129}
2025/10/17 20:03:52 POLARIS_LOG {"event":"send_rate","rate":296000,"ts":1760731432.6980374}
2025/10/17 20:03:53 POLARIS_LOG {"event":"send_rate","rate":304000,"ts":1760731433.6997602}
2025/10/17 20:03:54 POLARIS_LOG {"event":"send_rate","rate":296000,"ts":1760731434.710315}
2025/10/17 20:03:55 POLARIS_LOG {"event":"send_rate","rate":304000,"ts":1760731435.7040162}
2025/10/17 20:03:56 POLARIS_LOG {"event":"send_rate","rate":296000,"ts":1760731436.6983545}
2025/10/17 20:03:57 POLARIS_LOG {"event":"send_rate","rate":304000,"ts":1760731437.7003524}
2025/10/17 20:03:58 POLARIS_LOG {"event":"send_rate","rate":296000,"ts":1760731438.7068214}
2025/10/17 20:03:59 POLARIS_LOG {"event":"send_rate","rate":296000,"ts":1760731439.6982083}
2025/10/17 20:04:00 POLARIS_LOG {"event":"send_rate","rate":320000,"ts":1760731440.7457604}
2025/10/17 20:04:01 POLARIS_LOG {"event":"send_rate","rate":280000,"ts":1760731441.7059512}
2025/10/17 20:04:02 POLARIS_LOG {"event":"send_rate","rate":304000,"ts":1760731442.6976898}
2025/10/17 20:04:03 POLARIS_LOG {"event":"send_rate","rate":296000,"ts":1760731443.6985838}
2025/10/17 20:04:04 POLARIS_LOG {"event":"send_rate","rate":304000,"ts":1760731444.7080023}
2025/10/17 20:04:05 POLARIS_LOG {"event":"send_rate","rate":296000,"ts":1760731445.700494}
2025/10/17 20:04:06 POLARIS_LOG {"event":"send_rate","rate":304000,"ts":1760731446.6978316}
2025/10/17 20:04:07 POLARIS_LOG {"event":"send_rate","rate":296000,"ts":1760731447.698039}
2025/10/17 20:04:08 POLARIS_LOG {"event":"send_rate","rate":304000,"ts":1760731448.6977646}
2025/10/17 20:04:09 POLARIS_LOG {"event":"send_rate","rate":296000,"ts":1760731449.6988618}
2025/10/17 20:04:10 POLARIS_LOG {"event":"send_rate","rate":312000,"ts":1760731450.7266576}
2025/10/17 20:04:11 POLARIS_LOG {"event":"send_rate","rate":288000,"ts":1760731451.6988132}
2025/10/17 20:04:12 POLARIS_LOG {"event":"send_rate","rate":304000,"ts":1760731452.6980755}
2025/10/17 20:04:13 POLARIS_LOG {"event":"send_rate","rate":312000,"ts":1760731453.7554374}
2025/10/17 20:04:14 POLARIS_LOG {"event":"send_rate","rate":288000,"ts":1760731454.7056115}
2025/10/17 20:04:15 POLARIS_LOG {"event":"send_rate","rate":296000,"ts":1760731455.698626}
2025/10/17 20:04:16 POLARIS_LOG {"event":"send_rate","rate":304000,"ts":1760731456.705461}
Drain Loop received packet
Drain Loop received non-nil payload
Client sent 9787 packets, server reported 9752 packets received
The network loss rate from client to server is 0.4%

S->C results
Attempted bandwidth: 0 bps / 0.00 Mbps
Achieved bandwidth: 0 bps / 0.00 Mbps
Loss rate: 0.0%
Interarrival time min/avg/max/mdev = -0.000/0.000/0.000/0.000 ms

C->S results
Attempted bandwidth: 299984 bps / 0.30 Mbps
Achieved bandwidth: 298911 bps / 0.30 Mbps
Loss rate: 0.4%
Interarrival time min/avg/max/mdev = 0.002/26.575/825.630/28.268 ms
