
Test parameters:
client->server: 255 seconds, 1000 bytes, 9562 packets
server->client: 255 seconds, 1000 bytes, 0 packets
2025/10/17 20:00:00 POLARIS_LOG {"current_rate":0,"event":"path_switch","new":"2 2 5 2","trigger":"initialization","ts":1760731200.7732105}
Polaris prober initialized with 38 paths
Polaris prober initialized with local 1-111,10.111.0.71:32719 and remote 1-113,10.113.0.71
2025/10/17 20:00:02 POLARIS_LOG {"event":"send_rate","rate":0,"ts":1760731202.7760043}
2025/10/17 20:00:03 POLARIS_LOG {"event":"send_rate","rate":256000,"ts":1760731203.7758234}
2025/10/17 20:00:04 POLARIS_LOG {"event":"send_rate","rate":296000,"ts":1760731204.7751958}
2025/10/17 20:00:05 POLARIS_LOG {"event":"send_rate","rate":304000,"ts":1760731205.775866}
2025/10/17 20:00:06 POLARIS_LOG {"event":"send_rate","rate":296000,"ts":1760731206.7754703}
2025/10/17 20:00:07 POLARIS_LOG {"event":"send_rate","rate":304000,"ts":1760731207.779213}
2025/10/17 20:00:08 POLARIS_LOG {"event":"send_rate","rate":296000,"ts":1760731208.7754116}
2025/10/17 20:00:09 POLARIS_LOG {"event":"send_rate","rate":240000,"ts":1760731209.7757227}
2025/10/17 20:00:10 POLARIS_LOG {"event":"send_rate","rate":152000,"ts":1760731210.7757773}
2025/10/17 20:00:10 POLARIS_LOG {"candidates":13,"candidates_unfiltered":13,"current_rate":152000,"estimated_share":500000,"event":"path_switch","max_estimated_share":666500,"new":"5 5 3 5","old":"2 2 5 2","trigger":"scheduled","ts":1760731210.776455}
2025/10/17 20:00:11 POLARIS_LOG {"event":"send_rate","rate":504000,"ts":1760731211.7755213}
2025/10/17 20:00:12 POLARIS_LOG {"event":"send_rate","rate":304000,"ts":1760731212.775733}
2025/10/17 20:00:13 POLARIS_LOG {"event":"send_rate","rate":304000,"ts":1760731213.778108}
2025/10/17 20:00:14 POLARIS_LOG {"event":"send_rate","rate":296000,"ts":1760731214.7779086}
2025/10/17 20:00:15 POLARIS_LOG {"event":"send_rate","rate":296000,"ts":1760731215.7761114}
2025/10/17 20:00:16 POLARIS_LOG {"event":"send_rate","rate":304000,"ts":1760731216.776601}
2025/10/17 20:00:17 POLARIS_LOG {"event":"send_rate","rate":296000,"ts":1760731217.7762744}
2025/10/17 20:00:18 POLARIS_LOG {"event":"send_rate","rate":304000,"ts":1760731218.7867353}
2025/10/17 20:00:19 POLARIS_LOG {"event":"send_rate","rate":296000,"ts":1760731219.776227}
2025/10/17 20:00:20 POLARIS_LOG {"event":"send_rate","rate":304000,"ts":1760731220.7764575}
2025/10/17 20:00:21 POLARIS_LOG {"event":"send_rate","rate":296000,"ts":1760731221.7764623}
2025/10/17 20:00:22 POLARIS_LOG {"event":"send_rate","rate":304000,"ts":1760731222.774997}
2025/10/17 20:00:23 POLARIS_LOG {"event":"send_rate","rate":304000,"ts":1760731223.7843359}
2025/10/17 20:00:24 POLARIS_LOG {"event":"send_rate","rate":296000,"ts":1760731224.7753534}
2025/10/17 20:00:25 POLARIS_LOG {"event":"send_rate","rate":296000,"ts":1760731225.7756107}
2025/10/17 20:00:26 POLARIS_LOG {"event":"send_rate","rate":304000,"ts":1760731226.7750063}
2025/10/17 20:00:27 POLARIS_LOG {"event":"send_rate","rate":304000,"ts":1760731227.798517}
2025/10/17 20:00:28 POLARIS_LOG {"event":"send_rate","rate":296000,"ts":1760731228.784823}
2025/10/17 20:00:29 POLARIS_LOG {"event":"send_rate","rate":296000,"ts":1760731229.788845}
2025/10/17 20:00:30 POLARIS_LOG {"event":"send_rate","rate":304000,"ts":1760731230.7806318}
2025/10/17 20:00:31 POLARIS_LOG {"event":"send_rate","rate":296000,"ts":1760731231.7760332}
2025/10/17 20:00:32 POLARIS_LOG {"event":"send_rate","rate":304000,"ts":1760731232.7897058}
2025/10/17 20:00:33 POLARIS_LOG {"event":"send_rate","rate":296000,"ts":1760731233.7758498}
2025/10/17 20:00:34 POLARIS_LOG {"event":"send_rate","rate":304000,"ts":1760731234.7782226}
2025/10/17 20:00:35 POLARIS_LOG {"event":"send_rate","rate":296000,"ts":1760731235.776344}
2025/10/17 20:00:36 POLARIS_LOG {"event":"send_rate","rate":304000,"ts":1760731236.7778075}
2025/10/17 20:00:37 POLARIS_LOG {"event":"send_rate","rate":296000,"ts":1760731237.775929}
2025/10/17 20:00:38 POLARIS_LOG {"event":"send_rate","rate":304000,"ts":1760731238.778571}
2025/10/17 20:00:39 POLARIS_LOG {"event":"send_rate","rate":296000,"ts":1760731239.7752402}
2025/10/17 20:00:40 POLARIS_LOG {"event":"send_rate","rate":304000,"ts":1760731240.7752323}
2025/10/17 20:00:41 POLARIS_LOG {"event":"send_rate","rate":296000,"ts":1760731241.7759516}
2025/10/17 20:00:42 POLARIS_LOG {"event":"send_rate","rate":304000,"ts":1760731242.7759273}
2025/10/17 20:00:43 POLARIS_LOG {"event":"send_rate","rate":296000,"ts":1760731243.7806304}
2025/10/17 20:00:44 POLARIS_LOG {"event":"send_rate","rate":304000,"ts":1760731244.7767906}
2025/10/17 20:00:45 POLARIS_LOG {"event":"send_rate","rate":304000,"ts":1760731245.798637}
2025/10/17 20:00:46 POLARIS_LOG {"event":"send_rate","rate":296000,"ts":1760731246.7756453}
2025/10/17 20:00:47 POLARIS_LOG {"event":"send_rate","rate":296000,"ts":1760731247.7753117}
2025/10/17 20:00:48 POLARIS_LOG {"event":"send_rate","rate":304000,"ts":1760731248.7784302}
2025/10/17 20:00:49 POLARIS_LOG {"event":"send_rate","rate":296000,"ts":1760731249.7760322}
2025/10/17 20:00:50 POLARIS_LOG {"event":"send_rate","rate":296000,"ts":1760731250.7758312}
2025/10/17 20:00:51 POLARIS_LOG {"event":"send_rate","rate":304000,"ts":1760731251.780006}
2025/10/17 20:00:52 POLARIS_LOG {"event":"send_rate","rate":304000,"ts":1760731252.7753391}
2025/10/17 20:00:53 POLARIS_LOG {"event":"send_rate","rate":296000,"ts":1760731253.775222}
2025/10/17 20:00:54 POLARIS_LOG {"event":"send_rate","rate":304000,"ts":1760731254.7781117}
2025/10/17 20:00:55 POLARIS_LOG {"event":"send_rate","rate":296000,"ts":1760731255.7950306}
2025/10/17 20:00:56 POLARIS_LOG {"event":"send_rate","rate":304000,"ts":1760731256.8132594}
2025/10/17 20:00:57 POLARIS_LOG {"event":"send_rate","rate":296000,"ts":1760731257.77506}
2025/10/17 20:00:58 POLARIS_LOG {"event":"send_rate","rate":304000,"ts":1760731258.7907643}
2025/10/17 20:00:59 POLARIS_LOG {"event":"send_rate","rate":296000,"ts":1760731259.7756507}
2025/10/17 20:01:00 POLARIS_LOG {"event":"send_rate","rate":304000,"ts":1760731260.7785423}
2025/10/17 20:01:01 POLARIS_LOG {"event":"send_rate","rate":296000,"ts":1760731261.783624}
2025/10/17 20:01:02 POLARIS_LOG {"event":"send_rate","rate":304000,"ts":1760731262.7751913}
2025/10/17 20:01:03 POLARIS_LOG {"event":"send_rate","rate":296000,"ts":1760731263.7759385}
2025/10/17 20:01:04 POLARIS_LOG {"event":"send_rate","rate":304000,"ts":1760731264.7757378}
2025/10/17 20:01:05 POLARIS_LOG {"event":"send_rate","rate":296000,"ts":1760731265.777508}
2025/10/17 20:01:06 POLARIS_LOG {"event":"send_rate","rate":296000,"ts":1760731266.7758656}
2025/10/17 20:01:07 POLARIS_LOG {"event":"send_rate","rate":304000,"ts":1760731267.7780268}
2025/10/17 20:01:08 POLARIS_LOG {"event":"send_rate","rate":304000,"ts":1760731268.7776675}
2025/10/17 20:01:09 POLARIS_LOG {"event":"send_rate","rate":296000,"ts":1760731269.7753732}
2025/10/17 20:01:10 POLARIS_LOG {"event":"send_rate","rate":304000,"ts":1760731270.7749753}
2025/10/17 20:01:11 POLARIS_LOG {"event":"send_rate","rate":296000,"ts":1760731271.7755609}
2025/10/17 20:01:12 POLARIS_LOG {"event":"send_rate","rate":304000,"ts":1760731272.7754068}
2025/10/17 20:01:13 POLARIS_LOG {"event":"send_rate","rate":304000,"ts":1760731273.7876205}
2025/10/17 20:01:14 POLARIS_LOG {"event":"send_rate","rate":288000,"ts":1760731274.7764149}
2025/10/17 20:01:15 POLARIS_LOG {"event":"send_rate","rate":304000,"ts":1760731275.7767613}
2025/10/17 20:01:16 POLARIS_LOG {"event":"send_rate","rate":304000,"ts":1760731276.7758603}
2025/10/17 20:01:17 POLARIS_LOG {"event":"send_rate","rate":296000,"ts":1760731277.7758431}
2025/10/17 20:01:18 POLARIS_LOG {"event":"send_rate","rate":296000,"ts":1760731278.7777314}
2025/10/17 20:01:19 POLARIS_LOG {"event":"send_rate","rate":304000,"ts":1760731279.7758865}
2025/10/17 20:01:20 POLARIS_LOG {"event":"send_rate","rate":304000,"ts":1760731280.7751534}
2025/10/17 20:01:21 POLARIS_LOG {"event":"send_rate","rate":296000,"ts":1760731281.775638}
2025/10/17 20:01:22 POLARIS_LOG {"event":"send_rate","rate":304000,"ts":1760731282.7802217}
2025/10/17 20:01:23 POLARIS_LOG {"event":"send_rate","rate":296000,"ts":1760731283.77733}
2025/10/17 20:01:24 POLARIS_LOG {"event":"send_rate","rate":296000,"ts":1760731284.7873807}
2025/10/17 20:01:25 POLARIS_LOG {"event":"send_rate","rate":304000,"ts":1760731285.7750733}
2025/10/17 20:01:26 POLARIS_LOG {"event":"send_rate","rate":296000,"ts":1760731286.7756002}
2025/10/17 20:01:27 POLARIS_LOG {"event":"send_rate","rate":304000,"ts":1760731287.778021}
2025/10/17 20:01:28 POLARIS_LOG {"event":"send_rate","rate":304000,"ts":1760731288.7753525}
2025/10/17 20:01:29 POLARIS_LOG {"event":"send_rate","rate":304000,"ts":1760731289.78913}
2025/10/17 20:01:30 POLARIS_LOG {"event":"send_rate","rate":296000,"ts":1760731290.7758648}
2025/10/17 20:01:31 POLARIS_LOG {"event":"send_rate","rate":296000,"ts":1760731291.7755709}
2025/10/17 20:01:32 POLARIS_LOG {"event":"send_rate","rate":304000,"ts":1760731292.776033}
2025/10/17 20:01:33 POLARIS_LOG {"event":"send_rate","rate":304000,"ts":1760731293.7957826}
2025/10/17 20:01:34 POLARIS_LOG {"event":"send_rate","rate":288000,"ts":1760731294.7758405}
2025/10/17 20:01:35 POLARIS_LOG {"event":"send_rate","rate":304000,"ts":1760731295.7749782}
2025/10/17 20:01:36 POLARIS_LOG {"event":"send_rate","rate":304000,"ts":1760731296.777677}
2025/10/17 20:01:37 POLARIS_LOG {"event":"send_rate","rate":288000,"ts":1760731297.7805119}
2025/10/17 20:01:38 POLARIS_LOG {"event":"send_rate","rate":304000,"ts":1760731298.776357}
2025/10/17 20:01:39 POLARIS_LOG {"event":"send_rate","rate":304000,"ts":1760731299.7762678}
2025/10/17 20:01:40 POLARIS_LOG {"event":"send_rate","rate":296000,"ts":1760731300.7752182}
2025/10/17 20:01:41 POLARIS_LOG {"event":"send_rate","rate":304000,"ts":1760731301.775294}
2025/10/17 20:01:42 POLARIS_LOG {"event":"send_rate","rate":296000,"ts":1760731302.7757068}
2025/10/17 20:01:43 POLARIS_LOG {"event":"send_rate","rate":304000,"ts":1760731303.77511}
2025/10/17 20:01:44 POLARIS_LOG {"event":"send_rate","rate":296000,"ts":1760731304.7768812}
2025/10/17 20:01:45 POLARIS_LOG {"event":"send_rate","rate":304000,"ts":1760731305.7754698}
2025/10/17 20:01:46 POLARIS_LOG {"event":"send_rate","rate":296000,"ts":1760731306.775694}
2025/10/17 20:01:47 POLARIS_LOG {"event":"send_rate","rate":304000,"ts":1760731307.7752585}
2025/10/17 20:01:48 POLARIS_LOG {"event":"send_rate","rate":296000,"ts":1760731308.7758512}
2025/10/17 20:01:49 POLARIS_LOG {"event":"send_rate","rate":304000,"ts":1760731309.780134}
2025/10/17 20:01:50 POLARIS_LOG {"event":"send_rate","rate":296000,"ts":1760731310.775374}
2025/10/17 20:01:51 POLARIS_LOG {"event":"send_rate","rate":304000,"ts":1760731311.7889574}
2025/10/17 20:01:52 POLARIS_LOG {"event":"send_rate","rate":296000,"ts":1760731312.7758572}
2025/10/17 20:01:53 POLARIS_LOG {"event":"send_rate","rate":304000,"ts":1760731313.776257}
2025/10/17 20:01:54 POLARIS_LOG {"event":"send_rate","rate":296000,"ts":1760731314.7777536}
2025/10/17 20:01:55 POLARIS_LOG {"event":"send_rate","rate":304000,"ts":1760731315.7764544}
2025/10/17 20:01:56 POLARIS_LOG {"event":"send_rate","rate":296000,"ts":1760731316.7758183}
2025/10/17 20:01:57 POLARIS_LOG {"event":"send_rate","rate":304000,"ts":1760731317.7760313}
2025/10/17 20:01:58 POLARIS_LOG {"event":"send_rate","rate":296000,"ts":1760731318.77581}
2025/10/17 20:01:59 POLARIS_LOG {"event":"send_rate","rate":304000,"ts":1760731319.7762578}
2025/10/17 20:02:00 POLARIS_LOG {"event":"send_rate","rate":296000,"ts":1760731320.7758749}
2025/10/17 20:02:01 POLARIS_LOG {"event":"send_rate","rate":304000,"ts":1760731321.7794344}
2025/10/17 20:02:02 POLARIS_LOG {"event":"send_rate","rate":304000,"ts":1760731322.7815516}
2025/10/17 20:02:03 POLARIS_LOG {"event":"send_rate","rate":296000,"ts":1760731323.775567}
2025/10/17 20:02:04 POLARIS_LOG {"event":"send_rate","rate":296000,"ts":1760731324.7755294}
2025/10/17 20:02:05 POLARIS_LOG {"event":"send_rate","rate":304000,"ts":1760731325.7757692}
2025/10/17 20:02:06 POLARIS_LOG {"event":"send_rate","rate":296000,"ts":1760731326.7759008}
2025/10/17 20:02:07 POLARIS_LOG {"event":"send_rate","rate":304000,"ts":1760731327.7757223}
2025/10/17 20:02:08 POLARIS_LOG {"event":"send_rate","rate":296000,"ts":1760731328.7756836}
2025/10/17 20:02:09 POLARIS_LOG {"event":"send_rate","rate":296000,"ts":1760731329.775613}
2025/10/17 20:02:10 POLARIS_LOG {"event":"send_rate","rate":304000,"ts":1760731330.7752388}
2025/10/17 20:02:11 POLARIS_LOG {"event":"send_rate","rate":304000,"ts":1760731331.775451}
2025/10/17 20:02:12 POLARIS_LOG {"event":"send_rate","rate":296000,"ts":1760731332.775767}
2025/10/17 20:02:13 POLARIS_LOG {"event":"send_rate","rate":304000,"ts":1760731333.7752242}
2025/10/17 20:02:14 POLARIS_LOG {"event":"send_rate","rate":296000,"ts":1760731334.775268}
2025/10/17 20:02:15 POLARIS_LOG {"event":"send_rate","rate":304000,"ts":1760731335.7762723}
2025/10/17 20:02:16 POLARIS_LOG {"event":"send_rate","rate":296000,"ts":1760731336.7765207}
2025/10/17 20:02:17 POLARIS_LOG {"event":"send_rate","rate":304000,"ts":1760731337.782951}
2025/10/17 20:02:18 POLARIS_LOG {"event":"send_rate","rate":296000,"ts":1760731338.7759147}
2025/10/17 20:02:19 POLARIS_LOG {"event":"send_rate","rate":304000,"ts":1760731339.7757976}
2025/10/17 20:02:20 POLARIS_LOG {"event":"send_rate","rate":296000,"ts":1760731340.7761636}
2025/10/17 20:02:21 POLARIS_LOG {"event":"send_rate","rate":304000,"ts":1760731341.7781868}
2025/10/17 20:02:22 POLARIS_LOG {"event":"send_rate","rate":296000,"ts":1760731342.7749922}
2025/10/17 20:02:23 POLARIS_LOG {"event":"send_rate","rate":304000,"ts":1760731343.7750828}
2025/10/17 20:02:24 POLARIS_LOG {"event":"send_rate","rate":296000,"ts":1760731344.7757905}
2025/10/17 20:02:25 POLARIS_LOG {"event":"send_rate","rate":304000,"ts":1760731345.7765489}
2025/10/17 20:02:26 POLARIS_LOG {"event":"send_rate","rate":296000,"ts":1760731346.780769}
2025/10/17 20:02:27 POLARIS_LOG {"event":"send_rate","rate":304000,"ts":1760731347.7753832}
2025/10/17 20:02:28 POLARIS_LOG {"event":"send_rate","rate":296000,"ts":1760731348.7757185}
2025/10/17 20:02:29 POLARIS_LOG {"event":"send_rate","rate":304000,"ts":1760731349.7758422}
2025/10/17 20:02:30 POLARIS_LOG {"event":"send_rate","rate":296000,"ts":1760731350.7783687}
2025/10/17 20:02:31 POLARIS_LOG {"event":"send_rate","rate":304000,"ts":1760731351.777994}
2025/10/17 20:02:32 POLARIS_LOG {"event":"send_rate","rate":296000,"ts":1760731352.774993}
2025/10/17 20:02:33 POLARIS_LOG {"event":"send_rate","rate":304000,"ts":1760731353.775564}
2025/10/17 20:02:34 POLARIS_LOG {"event":"send_rate","rate":296000,"ts":1760731354.7763574}
2025/10/17 20:02:35 POLARIS_LOG {"event":"send_rate","rate":304000,"ts":1760731355.778822}
2025/10/17 20:02:36 POLARIS_LOG {"event":"send_rate","rate":296000,"ts":1760731356.776004}
2025/10/17 20:02:37 POLARIS_LOG {"event":"send_rate","rate":304000,"ts":1760731357.7750936}
2025/10/17 20:02:38 POLARIS_LOG {"event":"send_rate","rate":296000,"ts":1760731358.775894}
2025/10/17 20:02:39 POLARIS_LOG {"event":"send_rate","rate":304000,"ts":1760731359.7755613}
2025/10/17 20:02:40 POLARIS_LOG {"event":"send_rate","rate":296000,"ts":1760731360.7759202}
2025/10/17 20:02:41 POLARIS_LOG {"event":"send_rate","rate":304000,"ts":1760731361.7751572}
2025/10/17 20:02:42 POLARIS_LOG {"event":"send_rate","rate":296000,"ts":1760731362.7758064}
2025/10/17 20:02:43 POLARIS_LOG {"event":"send_rate","rate":304000,"ts":1760731363.7757878}
2025/10/17 20:02:44 POLARIS_LOG {"event":"send_rate","rate":296000,"ts":1760731364.77745}
2025/10/17 20:02:45 POLARIS_LOG {"event":"send_rate","rate":304000,"ts":1760731365.7758873}
2025/10/17 20:02:46 POLARIS_LOG {"event":"send_rate","rate":296000,"ts":1760731366.7768548}
2025/10/17 20:02:47 POLARIS_LOG {"event":"send_rate","rate":304000,"ts":1760731367.7766364}
2025/10/17 20:02:48 POLARIS_LOG {"event":"send_rate","rate":296000,"ts":1760731368.792452}
2025/10/17 20:02:49 POLARIS_LOG {"event":"send_rate","rate":304000,"ts":1760731369.7873926}
2025/10/17 20:02:50 POLARIS_LOG {"event":"send_rate","rate":296000,"ts":1760731370.7772286}
2025/10/17 20:02:51 POLARIS_LOG {"event":"send_rate","rate":304000,"ts":1760731371.7757435}
2025/10/17 20:02:52 POLARIS_LOG {"event":"send_rate","rate":296000,"ts":1760731372.7750342}
2025/10/17 20:02:53 POLARIS_LOG {"event":"send_rate","rate":304000,"ts":1760731373.781446}
2025/10/17 20:02:54 POLARIS_LOG {"event":"send_rate","rate":296000,"ts":1760731374.7760699}
2025/10/17 20:02:55 POLARIS_LOG {"event":"send_rate","rate":304000,"ts":1760731375.786806}
2025/10/17 20:02:56 POLARIS_LOG {"event":"send_rate","rate":296000,"ts":1760731376.782149}
2025/10/17 20:02:57 POLARIS_LOG {"event":"send_rate","rate":304000,"ts":1760731377.7770252}
2025/10/17 20:02:58 POLARIS_LOG {"event":"send_rate","rate":296000,"ts":1760731378.7755814}
2025/10/17 20:02:59 POLARIS_LOG {"event":"send_rate","rate":296000,"ts":1760731379.7755592}
2025/10/17 20:03:00 POLARIS_LOG {"event":"send_rate","rate":304000,"ts":1760731380.7757285}
2025/10/17 20:03:01 POLARIS_LOG {"event":"send_rate","rate":304000,"ts":1760731381.78989}
2025/10/17 20:03:02 POLARIS_LOG {"event":"send_rate","rate":296000,"ts":1760731382.7802331}
2025/10/17 20:03:03 POLARIS_LOG {"event":"send_rate","rate":304000,"ts":1760731383.7767107}
2025/10/17 20:03:04 POLARIS_LOG {"event":"send_rate","rate":296000,"ts":1760731384.781946}
2025/10/17 20:03:05 POLARIS_LOG {"event":"send_rate","rate":296000,"ts":1760731385.7754974}
2025/10/17 20:03:06 POLARIS_LOG {"event":"send_rate","rate":304000,"ts":1760731386.7750497}
2025/10/17 20:03:07 POLARIS_LOG {"event":"send_rate","rate":296000,"ts":1760731387.7765214}
2025/10/17 20:03:08 POLARIS_LOG {"event":"send_rate","rate":304000,"ts":1760731388.775226}
2025/10/17 20:03:09 POLARIS_LOG {"event":"send_rate","rate":296000,"ts":1760731389.777846}
2025/10/17 20:03:10 POLARIS_LOG {"event":"send_rate","rate":304000,"ts":1760731390.7757509}
2025/10/17 20:03:11 POLARIS_LOG {"event":"send_rate","rate":296000,"ts":1760731391.7760587}
2025/10/17 20:03:12 POLARIS_LOG {"event":"send_rate","rate":304000,"ts":1760731392.7774472}
2025/10/17 20:03:13 POLARIS_LOG {"event":"send_rate","rate":296000,"ts":1760731393.7756455}
2025/10/17 20:03:14 POLARIS_LOG {"event":"send_rate","rate":304000,"ts":1760731394.7758973}
2025/10/17 20:03:15 POLARIS_LOG {"event":"send_rate","rate":296000,"ts":1760731395.7754402}
2025/10/17 20:03:16 POLARIS_LOG {"event":"send_rate","rate":304000,"ts":1760731396.7750156}
2025/10/17 20:03:17 POLARIS_LOG {"event":"send_rate","rate":296000,"ts":1760731397.7756789}
2025/10/17 20:03:18 POLARIS_LOG {"event":"send_rate","rate":304000,"ts":1760731398.7856474}
2025/10/17 20:03:19 POLARIS_LOG {"event":"send_rate","rate":296000,"ts":1760731399.7758744}
2025/10/17 20:03:20 POLARIS_LOG {"event":"send_rate","rate":304000,"ts":1760731400.775704}
2025/10/17 20:03:21 POLARIS_LOG {"event":"send_rate","rate":296000,"ts":1760731401.7757921}
2025/10/17 20:03:22 POLARIS_LOG {"event":"send_rate","rate":304000,"ts":1760731402.775757}
2025/10/17 20:03:23 POLARIS_LOG {"event":"send_rate","rate":304000,"ts":1760731403.789081}
2025/10/17 20:03:24 POLARIS_LOG {"event":"send_rate","rate":296000,"ts":1760731404.7768853}
2025/10/17 20:03:25 POLARIS_LOG {"event":"send_rate","rate":296000,"ts":1760731405.7751362}
2025/10/17 20:03:26 POLARIS_LOG {"event":"send_rate","rate":304000,"ts":1760731406.775241}
2025/10/17 20:03:27 POLARIS_LOG {"event":"send_rate","rate":296000,"ts":1760731407.7749803}
2025/10/17 20:03:28 POLARIS_LOG {"event":"send_rate","rate":304000,"ts":1760731408.7752767}
2025/10/17 20:03:29 POLARIS_LOG {"event":"send_rate","rate":296000,"ts":1760731409.7770696}
2025/10/17 20:03:30 POLARIS_LOG {"event":"send_rate","rate":304000,"ts":1760731410.7754242}
2025/10/17 20:03:31 POLARIS_LOG {"event":"send_rate","rate":296000,"ts":1760731411.775209}
2025/10/17 20:03:32 POLARIS_LOG {"event":"send_rate","rate":296000,"ts":1760731412.7769234}
2025/10/17 20:03:33 POLARIS_LOG {"event":"send_rate","rate":168000,"ts":1760731413.7753582}
2025/10/17 20:03:34 POLARIS_LOG {"event":"send_rate","rate":208000,"ts":1760731414.7755692}
2025/10/17 20:03:35 POLARIS_LOG {"event":"send_rate","rate":216000,"ts":1760731415.777937}
2025/10/17 20:03:36 POLARIS_LOG {"event":"send_rate","rate":336000,"ts":1760731416.7870793}
2025/10/17 20:03:37 POLARIS_LOG {"event":"send_rate","rate":456000,"ts":1760731417.7776728}
2025/10/17 20:03:38 POLARIS_LOG {"event":"send_rate","rate":400000,"ts":1760731418.7805965}
2025/10/17 20:03:39 POLARIS_LOG {"event":"send_rate","rate":320000,"ts":1760731419.7752068}
2025/10/17 20:03:40 POLARIS_LOG {"event":"send_rate","rate":296000,"ts":1760731420.7757657}
2025/10/17 20:03:41 POLARIS_LOG {"event":"send_rate","rate":304000,"ts":1760731421.7753317}
2025/10/17 20:03:42 POLARIS_LOG {"event":"send_rate","rate":328000,"ts":1760731422.8556888}
2025/10/17 20:03:43 POLARIS_LOG {"event":"send_rate","rate":272000,"ts":1760731423.7751555}
2025/10/17 20:03:44 POLARIS_LOG {"event":"send_rate","rate":304000,"ts":1760731424.8472724}
2025/10/17 20:03:45 POLARIS_LOG {"event":"send_rate","rate":296000,"ts":1760731425.7772138}
2025/10/17 20:03:46 POLARIS_LOG {"event":"send_rate","rate":304000,"ts":1760731426.7768025}
2025/10/17 20:03:47 POLARIS_LOG {"event":"send_rate","rate":296000,"ts":1760731427.775222}
2025/10/17 20:03:48 POLARIS_LOG {"event":"send_rate","rate":304000,"ts":1760731428.7857144}
2025/10/17 20:03:49 POLARIS_LOG {"event":"send_rate","rate":296000,"ts":1760731429.7754369}
2025/10/17 20:03:50 POLARIS_LOG {"event":"send_rate","rate":304000,"ts":1760731430.778683}
2025/10/17 20:03:51 POLARIS_LOG {"event":"send_rate","rate":296000,"ts":1760731431.775956}
2025/10/17 20:03:52 POLARIS_LOG {"event":"send_rate","rate":304000,"ts":1760731432.7759304}
2025/10/17 20:03:53 POLARIS_LOG {"event":"send_rate","rate":296000,"ts":1760731433.7753038}
2025/10/17 20:03:54 POLARIS_LOG {"event":"send_rate","rate":304000,"ts":1760731434.7757082}
2025/10/17 20:03:55 POLARIS_LOG {"event":"send_rate","rate":296000,"ts":1760731435.7757592}
2025/10/17 20:03:56 POLARIS_LOG {"event":"send_rate","rate":304000,"ts":1760731436.7762036}
2025/10/17 20:03:57 POLARIS_LOG {"event":"send_rate","rate":256000,"ts":1760731437.7758512}
2025/10/17 20:03:58 POLARIS_LOG {"event":"send_rate","rate":224000,"ts":1760731438.775115}
2025/10/17 20:03:59 POLARIS_LOG {"event":"send_rate","rate":240000,"ts":1760731439.7833242}
Skipping switch: current path 5 5 3 5 has lastEstimate 333250 >= maxEstimate 0
2025/10/17 20:04:00 POLARIS_LOG {"event":"send_rate","rate":264000,"ts":1760731440.7764843}
2025/10/17 20:04:01 POLARIS_LOG {"event":"send_rate","rate":336000,"ts":1760731441.775618}
2025/10/17 20:04:02 POLARIS_LOG {"event":"send_rate","rate":320000,"ts":1760731442.7754228}
2025/10/17 20:04:03 POLARIS_LOG {"event":"send_rate","rate":368000,"ts":1760731443.7755466}
2025/10/17 20:04:04 POLARIS_LOG {"event":"send_rate","rate":392000,"ts":1760731444.7751787}
2025/10/17 20:04:05 POLARIS_LOG {"event":"send_rate","rate":296000,"ts":1760731445.7753205}
2025/10/17 20:04:06 POLARIS_LOG {"event":"send_rate","rate":304000,"ts":1760731446.775304}
2025/10/17 20:04:07 POLARIS_LOG {"event":"send_rate","rate":304000,"ts":1760731447.7984629}
2025/10/17 20:04:08 POLARIS_LOG {"event":"send_rate","rate":264000,"ts":1760731448.7749813}
2025/10/17 20:04:09 POLARIS_LOG {"event":"send_rate","rate":296000,"ts":1760731449.7760868}
2025/10/17 20:04:10 POLARIS_LOG {"event":"send_rate","rate":336000,"ts":1760731450.777792}
2025/10/17 20:04:11 POLARIS_LOG {"event":"send_rate","rate":296000,"ts":1760731451.7759228}
2025/10/17 20:04:12 POLARIS_LOG {"event":"send_rate","rate":304000,"ts":1760731452.7797353}
2025/10/17 20:04:13 POLARIS_LOG {"event":"send_rate","rate":296000,"ts":1760731453.7810283}
2025/10/17 20:04:14 POLARIS_LOG {"event":"send_rate","rate":304000,"ts":1760731454.7749748}
2025/10/17 20:04:15 POLARIS_LOG {"event":"send_rate","rate":296000,"ts":1760731455.775521}
2025/10/17 20:04:16 POLARIS_LOG {"event":"send_rate","rate":304000,"ts":1760731456.7755208}
2025/10/17 20:04:17 POLARIS_LOG {"event":"send_rate","rate":296000,"ts":1760731457.7757533}
Drain Loop received packet
Drain Loop received non-nil payload
Client sent 9562 packets, server reported 9513 packets received
The network loss rate from client to server is 0.5%

S->C results
Attempted bandwidth: 0 bps / 0.00 Mbps
Achieved bandwidth: 0 bps / 0.00 Mbps
Loss rate: 0.0%
Interarrival time min/avg/max/mdev = -0.000/0.000/0.000/0.000 ms

C->S results
Attempted bandwidth: 299984 bps / 0.30 Mbps
Achieved bandwidth: 298447 bps / 0.30 Mbps
Loss rate: 0.5%
Interarrival time min/avg/max/mdev = 0.002/26.601/544.899/22.766 ms
