
Test parameters:
client->server: 267 seconds, 1000 bytes, 10012 packets
server->client: 267 seconds, 1000 bytes, 0 packets
2025/10/17 19:59:48 POLARIS_LOG {"current_rate":0,"event":"path_switch","new":"2 2 5 2","trigger":"initialization","ts":1760731188.593883}
Polaris prober initialized with 38 paths
Polaris prober initialized with local 1-111,10.111.0.71:32731 and remote 1-113,10.113.0.71
2025/10/17 19:59:50 POLARIS_LOG {"event":"send_rate","rate":0,"ts":1760731190.5959036}
2025/10/17 19:59:51 POLARIS_LOG {"event":"send_rate","rate":184000,"ts":1760731191.5953634}
2025/10/17 19:59:52 POLARIS_LOG {"event":"send_rate","rate":296000,"ts":1760731192.5953586}
2025/10/17 19:59:53 POLARIS_LOG {"event":"send_rate","rate":304000,"ts":1760731193.5987065}
2025/10/17 19:59:54 POLARIS_LOG {"event":"send_rate","rate":296000,"ts":1760731194.595639}
2025/10/17 19:59:55 POLARIS_LOG {"event":"send_rate","rate":304000,"ts":1760731195.5954077}
2025/10/17 19:59:56 POLARIS_LOG {"event":"send_rate","rate":264000,"ts":1760731196.596541}
2025/10/17 19:59:57 POLARIS_LOG {"event":"send_rate","rate":168000,"ts":1760731197.5947247}
2025/10/17 19:59:58 POLARIS_LOG {"candidates":3,"candidates_unfiltered":25,"current_rate":168000,"estimated_share":1000000,"event":"path_switch","max_estimated_share":1000000,"new":"3 3 4 1","old":"2 2 5 2","trigger":"scheduled","ts":1760731198.5965755}
2025/10/17 19:59:58 POLARIS_LOG {"event":"send_rate","rate":152000,"ts":1760731198.6064532}
2025/10/17 19:59:59 POLARIS_LOG {"event":"send_rate","rate":616000,"ts":1760731199.5977685}
2025/10/17 20:00:00 POLARIS_LOG {"event":"send_rate","rate":296000,"ts":1760731200.5962064}
2025/10/17 20:00:01 POLARIS_LOG {"event":"send_rate","rate":304000,"ts":1760731201.5947797}
2025/10/17 20:00:02 POLARIS_LOG {"event":"send_rate","rate":296000,"ts":1760731202.596042}
2025/10/17 20:00:03 POLARIS_LOG {"event":"send_rate","rate":304000,"ts":1760731203.5956492}
2025/10/17 20:00:04 POLARIS_LOG {"event":"send_rate","rate":296000,"ts":1760731204.5965424}
2025/10/17 20:00:05 POLARIS_LOG {"event":"send_rate","rate":304000,"ts":1760731205.597391}
2025/10/17 20:00:06 POLARIS_LOG {"event":"send_rate","rate":296000,"ts":1760731206.59581}
2025/10/17 20:00:07 POLARIS_LOG {"event":"send_rate","rate":304000,"ts":1760731207.5954359}
2025/10/17 20:00:08 POLARIS_LOG {"event":"send_rate","rate":296000,"ts":1760731208.594938}
2025/10/17 20:00:09 POLARIS_LOG {"event":"send_rate","rate":304000,"ts":1760731209.595405}
2025/10/17 20:00:10 POLARIS_LOG {"event":"send_rate","rate":296000,"ts":1760731210.5952094}
2025/10/17 20:00:11 POLARIS_LOG {"event":"send_rate","rate":304000,"ts":1760731211.5953913}
2025/10/17 20:00:12 POLARIS_LOG {"event":"send_rate","rate":288000,"ts":1760731212.610017}
2025/10/17 20:00:13 POLARIS_LOG {"event":"send_rate","rate":312000,"ts":1760731213.5954244}
2025/10/17 20:00:14 POLARIS_LOG {"event":"send_rate","rate":296000,"ts":1760731214.6054943}
2025/10/17 20:00:15 POLARIS_LOG {"event":"send_rate","rate":304000,"ts":1760731215.596584}
2025/10/17 20:00:16 POLARIS_LOG {"event":"send_rate","rate":296000,"ts":1760731216.5948014}
2025/10/17 20:00:17 POLARIS_LOG {"event":"send_rate","rate":304000,"ts":1760731217.599054}
2025/10/17 20:00:18 POLARIS_LOG {"event":"send_rate","rate":304000,"ts":1760731218.6226602}
2025/10/17 20:00:19 POLARIS_LOG {"event":"send_rate","rate":288000,"ts":1760731219.5951152}
2025/10/17 20:00:20 POLARIS_LOG {"event":"send_rate","rate":304000,"ts":1760731220.5956557}
2025/10/17 20:00:21 POLARIS_LOG {"event":"send_rate","rate":304000,"ts":1760731221.597034}
2025/10/17 20:00:22 POLARIS_LOG {"event":"send_rate","rate":296000,"ts":1760731222.5951502}
2025/10/17 20:00:23 POLARIS_LOG {"event":"send_rate","rate":304000,"ts":1760731223.5974872}
2025/10/17 20:00:24 POLARIS_LOG {"event":"send_rate","rate":296000,"ts":1760731224.5983593}
2025/10/17 20:00:25 POLARIS_LOG {"event":"send_rate","rate":304000,"ts":1760731225.596589}
2025/10/17 20:00:26 POLARIS_LOG {"event":"send_rate","rate":296000,"ts":1760731226.5963755}
2025/10/17 20:00:27 POLARIS_LOG {"event":"send_rate","rate":296000,"ts":1760731227.5950065}
2025/10/17 20:00:28 POLARIS_LOG {"event":"send_rate","rate":296000,"ts":1760731228.61692}
2025/10/17 20:00:29 POLARIS_LOG {"event":"send_rate","rate":304000,"ts":1760731229.6065214}
2025/10/17 20:00:30 POLARIS_LOG {"event":"send_rate","rate":304000,"ts":1760731230.606376}
2025/10/17 20:00:31 POLARIS_LOG {"event":"send_rate","rate":296000,"ts":1760731231.5951326}
2025/10/17 20:00:32 POLARIS_LOG {"event":"send_rate","rate":304000,"ts":1760731232.5958002}
2025/10/17 20:00:33 POLARIS_LOG {"event":"send_rate","rate":296000,"ts":1760731233.5971735}
2025/10/17 20:00:34 POLARIS_LOG {"event":"send_rate","rate":304000,"ts":1760731234.598207}
2025/10/17 20:00:35 POLARIS_LOG {"event":"send_rate","rate":304000,"ts":1760731235.6176987}
2025/10/17 20:00:36 POLARIS_LOG {"event":"send_rate","rate":296000,"ts":1760731236.5957515}
2025/10/17 20:00:37 POLARIS_LOG {"event":"send_rate","rate":296000,"ts":1760731237.5968442}
2025/10/17 20:00:38 POLARIS_LOG {"event":"send_rate","rate":304000,"ts":1760731238.6249602}
2025/10/17 20:00:39 POLARIS_LOG {"event":"send_rate","rate":296000,"ts":1760731239.5994658}
2025/10/17 20:00:40 POLARIS_LOG {"event":"send_rate","rate":304000,"ts":1760731240.5948904}
2025/10/17 20:00:41 POLARIS_LOG {"event":"send_rate","rate":296000,"ts":1760731241.5956962}
2025/10/17 20:00:42 POLARIS_LOG {"event":"send_rate","rate":304000,"ts":1760731242.595542}
2025/10/17 20:00:43 POLARIS_LOG {"event":"send_rate","rate":296000,"ts":1760731243.5953336}
2025/10/17 20:00:44 POLARIS_LOG {"event":"send_rate","rate":304000,"ts":1760731244.5952702}
2025/10/17 20:00:45 POLARIS_LOG {"event":"send_rate","rate":296000,"ts":1760731245.595214}
2025/10/17 20:00:46 POLARIS_LOG {"event":"send_rate","rate":304000,"ts":1760731246.597431}
2025/10/17 20:00:47 POLARIS_LOG {"event":"send_rate","rate":296000,"ts":1760731247.6115177}
2025/10/17 20:00:48 POLARIS_LOG {"event":"send_rate","rate":312000,"ts":1760731248.6281228}
2025/10/17 20:00:49 POLARIS_LOG {"event":"send_rate","rate":288000,"ts":1760731249.5984712}
2025/10/17 20:00:50 POLARIS_LOG {"event":"send_rate","rate":304000,"ts":1760731250.5980296}
2025/10/17 20:00:51 POLARIS_LOG {"event":"send_rate","rate":296000,"ts":1760731251.5964618}
2025/10/17 20:00:52 POLARIS_LOG {"event":"send_rate","rate":296000,"ts":1760731252.5983675}
2025/10/17 20:00:53 POLARIS_LOG {"event":"send_rate","rate":304000,"ts":1760731253.6042306}
2025/10/17 20:00:54 POLARIS_LOG {"event":"send_rate","rate":296000,"ts":1760731254.595805}
2025/10/17 20:00:55 POLARIS_LOG {"event":"send_rate","rate":304000,"ts":1760731255.596573}
2025/10/17 20:00:56 POLARIS_LOG {"event":"send_rate","rate":304000,"ts":1760731256.5975049}
2025/10/17 20:00:57 POLARIS_LOG {"event":"send_rate","rate":296000,"ts":1760731257.5954509}
2025/10/17 20:00:58 POLARIS_LOG {"event":"send_rate","rate":304000,"ts":1760731258.5954309}
2025/10/17 20:00:59 POLARIS_LOG {"event":"send_rate","rate":296000,"ts":1760731259.5952365}
2025/10/17 20:01:00 POLARIS_LOG {"event":"send_rate","rate":304000,"ts":1760731260.6027315}
2025/10/17 20:01:01 POLARIS_LOG {"event":"send_rate","rate":296000,"ts":1760731261.6003988}
2025/10/17 20:01:02 POLARIS_LOG {"event":"send_rate","rate":304000,"ts":1760731262.5953157}
2025/10/17 20:01:03 POLARIS_LOG {"event":"send_rate","rate":296000,"ts":1760731263.6164832}
2025/10/17 20:01:04 POLARIS_LOG {"event":"send_rate","rate":304000,"ts":1760731264.597381}
2025/10/17 20:01:05 POLARIS_LOG {"event":"send_rate","rate":296000,"ts":1760731265.5953457}
2025/10/17 20:01:06 POLARIS_LOG {"event":"send_rate","rate":304000,"ts":1760731266.5966623}
2025/10/17 20:01:07 POLARIS_LOG {"event":"send_rate","rate":296000,"ts":1760731267.596034}
2025/10/17 20:01:08 POLARIS_LOG {"event":"send_rate","rate":304000,"ts":1760731268.5946696}
2025/10/17 20:01:09 POLARIS_LOG {"event":"send_rate","rate":296000,"ts":1760731269.6113827}
2025/10/17 20:01:10 POLARIS_LOG {"event":"send_rate","rate":304000,"ts":1760731270.5955796}
2025/10/17 20:01:11 POLARIS_LOG {"event":"send_rate","rate":296000,"ts":1760731271.5953486}
2025/10/17 20:01:12 POLARIS_LOG {"event":"send_rate","rate":304000,"ts":1760731272.5955896}
2025/10/17 20:01:13 POLARIS_LOG {"event":"send_rate","rate":296000,"ts":1760731273.597683}
2025/10/17 20:01:14 POLARIS_LOG {"event":"send_rate","rate":304000,"ts":1760731274.595257}
2025/10/17 20:01:15 POLARIS_LOG {"event":"send_rate","rate":296000,"ts":1760731275.5953155}
2025/10/17 20:01:16 POLARIS_LOG {"event":"send_rate","rate":304000,"ts":1760731276.5948143}
2025/10/17 20:01:17 POLARIS_LOG {"event":"send_rate","rate":296000,"ts":1760731277.5950437}
2025/10/17 20:01:18 POLARIS_LOG {"event":"send_rate","rate":304000,"ts":1760731278.5955572}
2025/10/17 20:01:19 POLARIS_LOG {"event":"send_rate","rate":296000,"ts":1760731279.5954044}
2025/10/17 20:01:20 POLARIS_LOG {"event":"send_rate","rate":296000,"ts":1760731280.6055248}
2025/10/17 20:01:21 POLARIS_LOG {"event":"send_rate","rate":304000,"ts":1760731281.602207}
2025/10/17 20:01:22 POLARIS_LOG {"event":"send_rate","rate":304000,"ts":1760731282.595776}
2025/10/17 20:01:23 POLARIS_LOG {"event":"send_rate","rate":296000,"ts":1760731283.595305}
2025/10/17 20:01:24 POLARIS_LOG {"event":"send_rate","rate":304000,"ts":1760731284.6066287}
2025/10/17 20:01:25 POLARIS_LOG {"event":"send_rate","rate":296000,"ts":1760731285.5981603}
2025/10/17 20:01:26 POLARIS_LOG {"event":"send_rate","rate":304000,"ts":1760731286.5946407}
2025/10/17 20:01:27 POLARIS_LOG {"event":"send_rate","rate":296000,"ts":1760731287.5959613}
2025/10/17 20:01:28 POLARIS_LOG {"event":"send_rate","rate":304000,"ts":1760731288.5963595}
2025/10/17 20:01:29 POLARIS_LOG {"event":"send_rate","rate":296000,"ts":1760731289.596984}
2025/10/17 20:01:30 POLARIS_LOG {"event":"send_rate","rate":304000,"ts":1760731290.5958688}
2025/10/17 20:01:31 POLARIS_LOG {"event":"send_rate","rate":296000,"ts":1760731291.5961103}
2025/10/17 20:01:32 POLARIS_LOG {"event":"send_rate","rate":304000,"ts":1760731292.5974329}
2025/10/17 20:01:33 POLARIS_LOG {"event":"send_rate","rate":296000,"ts":1760731293.5954}
2025/10/17 20:01:34 POLARIS_LOG {"event":"send_rate","rate":304000,"ts":1760731294.5946631}
2025/10/17 20:01:35 POLARIS_LOG {"event":"send_rate","rate":296000,"ts":1760731295.5974514}
2025/10/17 20:01:36 POLARIS_LOG {"event":"send_rate","rate":304000,"ts":1760731296.595526}
2025/10/17 20:01:37 POLARIS_LOG {"event":"send_rate","rate":296000,"ts":1760731297.5959766}
2025/10/17 20:01:38 POLARIS_LOG {"event":"send_rate","rate":304000,"ts":1760731298.5947661}
2025/10/17 20:01:39 POLARIS_LOG {"event":"send_rate","rate":296000,"ts":1760731299.6010737}
2025/10/17 20:01:40 POLARIS_LOG {"event":"send_rate","rate":304000,"ts":1760731300.5962415}
2025/10/17 20:01:41 POLARIS_LOG {"event":"send_rate","rate":296000,"ts":1760731301.5953822}
2025/10/17 20:01:42 POLARIS_LOG {"event":"send_rate","rate":304000,"ts":1760731302.5959241}
2025/10/17 20:01:43 POLARIS_LOG {"event":"send_rate","rate":296000,"ts":1760731303.5972707}
2025/10/17 20:01:44 POLARIS_LOG {"event":"send_rate","rate":304000,"ts":1760731304.6157908}
2025/10/17 20:01:45 POLARIS_LOG {"event":"send_rate","rate":296000,"ts":1760731305.5975873}
2025/10/17 20:01:46 POLARIS_LOG {"event":"send_rate","rate":304000,"ts":1760731306.5951567}
2025/10/17 20:01:47 POLARIS_LOG {"event":"send_rate","rate":296000,"ts":1760731307.6243086}
2025/10/17 20:01:48 POLARIS_LOG {"event":"send_rate","rate":296000,"ts":1760731308.5955365}
2025/10/17 20:01:49 POLARIS_LOG {"event":"send_rate","rate":304000,"ts":1760731309.605875}
2025/10/17 20:01:50 POLARIS_LOG {"event":"send_rate","rate":296000,"ts":1760731310.5958817}
2025/10/17 20:01:51 POLARIS_LOG {"event":"send_rate","rate":304000,"ts":1760731311.5961552}
2025/10/17 20:01:52 POLARIS_LOG {"event":"send_rate","rate":296000,"ts":1760731312.5947835}
2025/10/17 20:01:53 POLARIS_LOG {"event":"send_rate","rate":304000,"ts":1760731313.5953817}
2025/10/17 20:01:54 POLARIS_LOG {"event":"send_rate","rate":296000,"ts":1760731314.594981}
2025/10/17 20:01:55 POLARIS_LOG {"event":"send_rate","rate":304000,"ts":1760731315.6059208}
2025/10/17 20:01:56 POLARIS_LOG {"event":"send_rate","rate":304000,"ts":1760731316.6005964}
2025/10/17 20:01:57 POLARIS_LOG {"event":"send_rate","rate":296000,"ts":1760731317.5952742}
2025/10/17 20:01:58 POLARIS_LOG {"event":"send_rate","rate":304000,"ts":1760731318.5989301}
2025/10/17 20:01:59 POLARIS_LOG {"event":"send_rate","rate":296000,"ts":1760731319.595216}
2025/10/17 20:02:00 POLARIS_LOG {"event":"send_rate","rate":296000,"ts":1760731320.5949922}
2025/10/17 20:02:01 POLARIS_LOG {"event":"send_rate","rate":304000,"ts":1760731321.5969048}
2025/10/17 20:02:02 POLARIS_LOG {"event":"send_rate","rate":296000,"ts":1760731322.617596}
2025/10/17 20:02:03 POLARIS_LOG {"event":"send_rate","rate":304000,"ts":1760731323.5974338}
2025/10/17 20:02:04 POLARIS_LOG {"event":"send_rate","rate":296000,"ts":1760731324.5982294}
2025/10/17 20:02:05 POLARIS_LOG {"event":"send_rate","rate":304000,"ts":1760731325.6014602}
2025/10/17 20:02:06 POLARIS_LOG {"event":"send_rate","rate":296000,"ts":1760731326.6148262}
2025/10/17 20:02:07 POLARIS_LOG {"event":"send_rate","rate":304000,"ts":1760731327.5955288}
2025/10/17 20:02:08 POLARIS_LOG {"event":"send_rate","rate":296000,"ts":1760731328.5947878}
2025/10/17 20:02:09 POLARIS_LOG {"event":"send_rate","rate":320000,"ts":1760731329.6465225}
2025/10/17 20:02:10 POLARIS_LOG {"event":"send_rate","rate":280000,"ts":1760731330.6065238}
2025/10/17 20:02:11 POLARIS_LOG {"event":"send_rate","rate":304000,"ts":1760731331.5957453}
2025/10/17 20:02:12 POLARIS_LOG {"event":"send_rate","rate":296000,"ts":1760731332.5960798}
2025/10/17 20:02:13 POLARIS_LOG {"event":"send_rate","rate":304000,"ts":1760731333.5954485}
2025/10/17 20:02:14 POLARIS_LOG {"event":"send_rate","rate":296000,"ts":1760731334.6008012}
2025/10/17 20:02:15 POLARIS_LOG {"event":"send_rate","rate":304000,"ts":1760731335.595039}
2025/10/17 20:02:16 POLARIS_LOG {"event":"send_rate","rate":296000,"ts":1760731336.5947368}
2025/10/17 20:02:17 POLARIS_LOG {"event":"send_rate","rate":304000,"ts":1760731337.6036222}
2025/10/17 20:02:18 POLARIS_LOG {"event":"send_rate","rate":296000,"ts":1760731338.5982735}
2025/10/17 20:02:19 POLARIS_LOG {"event":"send_rate","rate":304000,"ts":1760731339.5949674}
2025/10/17 20:02:20 POLARIS_LOG {"event":"send_rate","rate":296000,"ts":1760731340.5954533}
2025/10/17 20:02:21 POLARIS_LOG {"event":"send_rate","rate":304000,"ts":1760731341.594757}
2025/10/17 20:02:22 POLARIS_LOG {"event":"send_rate","rate":296000,"ts":1760731342.5989864}
2025/10/17 20:02:23 POLARIS_LOG {"event":"send_rate","rate":304000,"ts":1760731343.5953481}
2025/10/17 20:02:24 POLARIS_LOG {"event":"send_rate","rate":296000,"ts":1760731344.598489}
2025/10/17 20:02:25 POLARIS_LOG {"event":"send_rate","rate":304000,"ts":1760731345.5954583}
2025/10/17 20:02:26 POLARIS_LOG {"event":"send_rate","rate":296000,"ts":1760731346.5948598}
2025/10/17 20:02:27 POLARIS_LOG {"event":"send_rate","rate":296000,"ts":1760731347.6202548}
2025/10/17 20:02:28 POLARIS_LOG {"event":"send_rate","rate":312000,"ts":1760731348.608041}
2025/10/17 20:02:29 POLARIS_LOG {"event":"send_rate","rate":296000,"ts":1760731349.606205}
2025/10/17 20:02:30 POLARIS_LOG {"event":"send_rate","rate":296000,"ts":1760731350.595487}
2025/10/17 20:02:31 POLARIS_LOG {"event":"send_rate","rate":304000,"ts":1760731351.5997245}
2025/10/17 20:02:32 POLARIS_LOG {"event":"send_rate","rate":288000,"ts":1760731352.5988266}
2025/10/17 20:02:33 POLARIS_LOG {"event":"send_rate","rate":320000,"ts":1760731353.629436}
2025/10/17 20:02:34 POLARIS_LOG {"event":"send_rate","rate":288000,"ts":1760731354.595644}
2025/10/17 20:02:35 POLARIS_LOG {"event":"send_rate","rate":296000,"ts":1760731355.5968463}
2025/10/17 20:02:36 POLARIS_LOG {"event":"send_rate","rate":304000,"ts":1760731356.5958824}
2025/10/17 20:02:37 POLARIS_LOG {"event":"send_rate","rate":304000,"ts":1760731357.595715}
2025/10/17 20:02:38 POLARIS_LOG {"event":"send_rate","rate":304000,"ts":1760731358.6223834}
2025/10/17 20:02:39 POLARIS_LOG {"event":"send_rate","rate":280000,"ts":1760731359.5955105}
2025/10/17 20:02:40 POLARIS_LOG {"event":"send_rate","rate":264000,"ts":1760731360.5949352}
2025/10/17 20:02:41 POLARIS_LOG {"event":"send_rate","rate":352000,"ts":1760731361.5954041}
2025/10/17 20:02:42 POLARIS_LOG {"event":"send_rate","rate":296000,"ts":1760731362.5955236}
2025/10/17 20:02:43 POLARIS_LOG {"event":"send_rate","rate":304000,"ts":1760731363.6072066}
2025/10/17 20:02:44 POLARIS_LOG {"event":"send_rate","rate":296000,"ts":1760731364.5966043}
2025/10/17 20:02:45 POLARIS_LOG {"event":"send_rate","rate":304000,"ts":1760731365.606419}
2025/10/17 20:02:46 POLARIS_LOG {"event":"send_rate","rate":296000,"ts":1760731366.596819}
2025/10/17 20:02:47 POLARIS_LOG {"event":"send_rate","rate":304000,"ts":1760731367.5955794}
2025/10/17 20:02:48 POLARIS_LOG {"event":"send_rate","rate":296000,"ts":1760731368.5949905}
2025/10/17 20:02:49 POLARIS_LOG {"event":"send_rate","rate":304000,"ts":1760731369.5955296}
2025/10/17 20:02:50 POLARIS_LOG {"event":"send_rate","rate":296000,"ts":1760731370.5955484}
2025/10/17 20:02:51 POLARIS_LOG {"event":"send_rate","rate":304000,"ts":1760731371.6480582}
2025/10/17 20:02:52 POLARIS_LOG {"event":"send_rate","rate":296000,"ts":1760731372.5969207}
2025/10/17 20:02:53 POLARIS_LOG {"event":"send_rate","rate":304000,"ts":1760731373.602925}
2025/10/17 20:02:54 POLARIS_LOG {"event":"send_rate","rate":296000,"ts":1760731374.60812}
2025/10/17 20:02:55 POLARIS_LOG {"event":"send_rate","rate":288000,"ts":1760731375.6529174}
2025/10/17 20:02:56 POLARIS_LOG {"event":"send_rate","rate":312000,"ts":1760731376.596395}
2025/10/17 20:02:57 POLARIS_LOG {"event":"send_rate","rate":304000,"ts":1760731377.5988734}
2025/10/17 20:02:58 POLARIS_LOG {"event":"send_rate","rate":296000,"ts":1760731378.5971653}
2025/10/17 20:02:59 POLARIS_LOG {"event":"send_rate","rate":304000,"ts":1760731379.6008983}
2025/10/17 20:03:00 POLARIS_LOG {"event":"send_rate","rate":304000,"ts":1760731380.6140087}
2025/10/17 20:03:01 POLARIS_LOG {"event":"send_rate","rate":296000,"ts":1760731381.5983515}
2025/10/17 20:03:02 POLARIS_LOG {"event":"send_rate","rate":296000,"ts":1760731382.5951302}
2025/10/17 20:03:03 POLARIS_LOG {"event":"send_rate","rate":304000,"ts":1760731383.6005805}
2025/10/17 20:03:04 POLARIS_LOG {"event":"send_rate","rate":296000,"ts":1760731384.6052282}
2025/10/17 20:03:05 POLARIS_LOG {"event":"send_rate","rate":304000,"ts":1760731385.594715}
2025/10/17 20:03:06 POLARIS_LOG {"event":"send_rate","rate":304000,"ts":1760731386.6232572}
2025/10/17 20:03:07 POLARIS_LOG {"event":"send_rate","rate":296000,"ts":1760731387.6405363}
2025/10/17 20:03:08 POLARIS_LOG {"event":"send_rate","rate":296000,"ts":1760731388.595087}
2025/10/17 20:03:09 POLARIS_LOG {"event":"send_rate","rate":304000,"ts":1760731389.5963116}
2025/10/17 20:03:10 POLARIS_LOG {"event":"send_rate","rate":296000,"ts":1760731390.5956035}
2025/10/17 20:03:11 POLARIS_LOG {"event":"send_rate","rate":304000,"ts":1760731391.5962296}
2025/10/17 20:03:12 POLARIS_LOG {"event":"send_rate","rate":184000,"ts":1760731392.6100824}
2025/10/17 20:03:13 POLARIS_LOG {"event":"send_rate","rate":296000,"ts":1760731393.5983107}
2025/10/17 20:03:14 POLARIS_LOG {"event":"send_rate","rate":232000,"ts":1760731394.5952911}
2025/10/17 20:03:15 POLARIS_LOG {"event":"send_rate","rate":216000,"ts":1760731395.594942}
2025/10/17 20:03:16 POLARIS_LOG {"event":"send_rate","rate":344000,"ts":1760731396.596926}
2025/10/17 20:03:17 POLARIS_LOG {"event":"send_rate","rate":280000,"ts":1760731397.594804}
2025/10/17 20:03:18 POLARIS_LOG {"event":"send_rate","rate":432000,"ts":1760731398.5950346}
2025/10/17 20:03:19 POLARIS_LOG {"event":"send_rate","rate":416000,"ts":1760731399.5952034}
2025/10/17 20:03:20 POLARIS_LOG {"event":"send_rate","rate":296000,"ts":1760731400.6079345}
2025/10/17 20:03:21 POLARIS_LOG {"event":"send_rate","rate":296000,"ts":1760731401.5953515}
2025/10/17 20:03:22 POLARIS_LOG {"event":"send_rate","rate":312000,"ts":1760731402.610963}
2025/10/17 20:03:23 POLARIS_LOG {"event":"send_rate","rate":296000,"ts":1760731403.6172209}
2025/10/17 20:03:24 POLARIS_LOG {"event":"send_rate","rate":296000,"ts":1760731404.5964084}
2025/10/17 20:03:25 POLARIS_LOG {"event":"send_rate","rate":312000,"ts":1760731405.6274242}
2025/10/17 20:03:26 POLARIS_LOG {"event":"send_rate","rate":288000,"ts":1760731406.5952053}
2025/10/17 20:03:27 POLARIS_LOG {"event":"send_rate","rate":304000,"ts":1760731407.596552}
2025/10/17 20:03:28 POLARIS_LOG {"event":"send_rate","rate":304000,"ts":1760731408.6184754}
2025/10/17 20:03:29 POLARIS_LOG {"event":"send_rate","rate":296000,"ts":1760731409.6013346}
2025/10/17 20:03:30 POLARIS_LOG {"event":"send_rate","rate":296000,"ts":1760731410.5954573}
2025/10/17 20:03:31 POLARIS_LOG {"event":"send_rate","rate":296000,"ts":1760731411.6105301}
2025/10/17 20:03:32 POLARIS_LOG {"event":"send_rate","rate":304000,"ts":1760731412.5969121}
2025/10/17 20:03:33 POLARIS_LOG {"event":"send_rate","rate":304000,"ts":1760731413.608394}
2025/10/17 20:03:34 POLARIS_LOG {"event":"send_rate","rate":296000,"ts":1760731414.5983696}
2025/10/17 20:03:35 POLARIS_LOG {"event":"send_rate","rate":280000,"ts":1760731415.5947378}
2025/10/17 20:03:36 POLARIS_LOG {"event":"send_rate","rate":192000,"ts":1760731416.5956035}
2025/10/17 20:03:37 POLARIS_LOG {"event":"send_rate","rate":224000,"ts":1760731417.595592}
2025/10/17 20:03:38 POLARIS_LOG {"event":"send_rate","rate":144000,"ts":1760731418.5955894}
Skipping switch: current path 3 3 4 1 has lastEstimate 333250 >= maxEstimate 0
2025/10/17 20:03:39 POLARIS_LOG {"event":"send_rate","rate":168000,"ts":1760731419.5949922}
2025/10/17 20:03:40 POLARIS_LOG {"event":"send_rate","rate":208000,"ts":1760731420.59557}
2025/10/17 20:03:41 POLARIS_LOG {"event":"send_rate","rate":216000,"ts":1760731421.5972364}
2025/10/17 20:03:42 POLARIS_LOG {"event":"send_rate","rate":240000,"ts":1760731422.609034}
2025/10/17 20:03:43 POLARIS_LOG {"event":"send_rate","rate":240000,"ts":1760731423.5957603}
2025/10/17 20:03:44 POLARIS_LOG {"event":"send_rate","rate":312000,"ts":1760731424.5980618}
2025/10/17 20:03:45 POLARIS_LOG {"event":"send_rate","rate":328000,"ts":1760731425.5957065}
2025/10/17 20:03:46 POLARIS_LOG {"event":"send_rate","rate":496000,"ts":1760731426.5952237}
2025/10/17 20:03:47 POLARIS_LOG {"event":"send_rate","rate":392000,"ts":1760731427.60097}
2025/10/17 20:03:48 POLARIS_LOG {"event":"send_rate","rate":352000,"ts":1760731428.5952127}
2025/10/17 20:03:49 POLARIS_LOG {"event":"send_rate","rate":296000,"ts":1760731429.6054988}
2025/10/17 20:03:50 POLARIS_LOG {"event":"send_rate","rate":272000,"ts":1760731430.5949984}
2025/10/17 20:03:51 POLARIS_LOG {"event":"send_rate","rate":280000,"ts":1760731431.5952406}
2025/10/17 20:03:52 POLARIS_LOG {"event":"send_rate","rate":240000,"ts":1760731432.5954628}
2025/10/17 20:03:53 POLARIS_LOG {"event":"send_rate","rate":184000,"ts":1760731433.5946543}
2025/10/17 20:03:54 POLARIS_LOG {"event":"send_rate","rate":288000,"ts":1760731434.5947516}
2025/10/17 20:03:55 POLARIS_LOG {"event":"send_rate","rate":280000,"ts":1760731435.5996637}
2025/10/17 20:03:56 POLARIS_LOG {"event":"send_rate","rate":312000,"ts":1760731436.59559}
2025/10/17 20:03:57 POLARIS_LOG {"event":"send_rate","rate":288000,"ts":1760731437.5955243}
2025/10/17 20:03:58 POLARIS_LOG {"event":"send_rate","rate":176000,"ts":1760731438.5964165}
Skipping switch: current path 3 3 4 1 has lastEstimate 333250 >= maxEstimate 0
2025/10/17 20:03:59 POLARIS_LOG {"event":"send_rate","rate":320000,"ts":1760731439.5955222}
2025/10/17 20:04:00 POLARIS_LOG {"event":"send_rate","rate":280000,"ts":1760731440.5946338}
2025/10/17 20:04:01 POLARIS_LOG {"event":"send_rate","rate":232000,"ts":1760731441.5951498}
2025/10/17 20:04:02 POLARIS_LOG {"event":"send_rate","rate":320000,"ts":1760731442.5953145}
2025/10/17 20:04:03 POLARIS_LOG {"event":"send_rate","rate":384000,"ts":1760731443.594816}
2025/10/17 20:04:04 POLARIS_LOG {"event":"send_rate","rate":232000,"ts":1760731444.5955398}
2025/10/17 20:04:05 POLARIS_LOG {"event":"send_rate","rate":296000,"ts":1760731445.595367}
2025/10/17 20:04:06 POLARIS_LOG {"event":"send_rate","rate":304000,"ts":1760731446.5949204}
2025/10/17 20:04:07 POLARIS_LOG {"event":"send_rate","rate":216000,"ts":1760731447.5949576}
2025/10/17 20:04:08 POLARIS_LOG {"event":"send_rate","rate":416000,"ts":1760731448.5956264}
2025/10/17 20:04:09 POLARIS_LOG {"event":"send_rate","rate":240000,"ts":1760731449.5951831}
2025/10/17 20:04:10 POLARIS_LOG {"event":"send_rate","rate":152000,"ts":1760731450.594868}
2025/10/17 20:04:11 POLARIS_LOG {"event":"send_rate","rate":208000,"ts":1760731451.5961707}
2025/10/17 20:04:12 POLARIS_LOG {"event":"send_rate","rate":216000,"ts":1760731452.5950618}
2025/10/17 20:04:13 POLARIS_LOG {"event":"send_rate","rate":368000,"ts":1760731453.5947251}
2025/10/17 20:04:14 POLARIS_LOG {"event":"send_rate","rate":376000,"ts":1760731454.6021745}
2025/10/17 20:04:15 POLARIS_LOG {"event":"send_rate","rate":344000,"ts":1760731455.600623}
2025/10/17 20:04:16 POLARIS_LOG {"event":"send_rate","rate":176000,"ts":1760731456.5955749}
2025/10/17 20:04:17 POLARIS_LOG {"event":"send_rate","rate":816000,"ts":1760731457.5954883}
Drain Loop received packet
Drain Loop received non-nil payload
Client sent 9955 packets, server reported 9813 packets received
The network loss rate from client to server is 1.4%

S->C results
Attempted bandwidth: 0 bps / 0.00 Mbps
Achieved bandwidth: 0 bps / 0.00 Mbps
Loss rate: 0.0%
Interarrival time min/avg/max/mdev = -0.000/0.000/0.000/0.000 ms

C->S results
Attempted bandwidth: 299985 bps / 0.30 Mbps
Achieved bandwidth: 294022 bps / 0.29 Mbps
Loss rate: 2.0%
Interarrival time min/avg/max/mdev = 0.002/26.879/633.982/24.639 ms
