
Test parameters:
client->server: 231 seconds, 1000 bytes, 8662 packets
server->client: 231 seconds, 1000 bytes, 0 packets
2025/10/17 20:00:24 POLARIS_LOG {"current_rate":0,"event":"path_switch","new":"2 2 5 2","trigger":"initialization","ts":1760731224.943292}
Polaris prober initialized with 38 paths
Polaris prober initialized with local 1-111,10.111.0.71:32695 and remote 1-113,10.113.0.71
2025/10/17 20:00:25 POLARIS_LOG {"event":"send_rate","rate":0,"ts":1760731225.9455938}
2025/10/17 20:00:26 POLARIS_LOG {"event":"send_rate","rate":160000,"ts":1760731226.9463663}
2025/10/17 20:00:27 POLARIS_LOG {"event":"send_rate","rate":296000,"ts":1760731227.987579}
2025/10/17 20:00:28 POLARIS_LOG {"event":"send_rate","rate":304000,"ts":1760731228.9502223}
2025/10/17 20:00:29 POLARIS_LOG {"event":"send_rate","rate":304000,"ts":1760731229.9487}
2025/10/17 20:00:30 POLARIS_LOG {"event":"send_rate","rate":296000,"ts":1760731230.946798}
2025/10/17 20:00:31 POLARIS_LOG {"event":"send_rate","rate":304000,"ts":1760731231.9468002}
2025/10/17 20:00:33 POLARIS_LOG {"event":"send_rate","rate":320000,"ts":1760731233.0234654}
2025/10/17 20:00:33 POLARIS_LOG {"event":"send_rate","rate":280000,"ts":1760731233.945627}
2025/10/17 20:00:34 POLARIS_LOG {"event":"send_rate","rate":296000,"ts":1760731234.9463744}
2025/10/17 20:00:35 POLARIS_LOG {"event":"send_rate","rate":304000,"ts":1760731235.9479134}
2025/10/17 20:00:36 POLARIS_LOG {"event":"send_rate","rate":296000,"ts":1760731236.946395}
2025/10/17 20:00:37 POLARIS_LOG {"event":"send_rate","rate":304000,"ts":1760731237.9464395}
2025/10/17 20:00:38 POLARIS_LOG {"event":"send_rate","rate":304000,"ts":1760731238.9663174}
2025/10/17 20:00:39 POLARIS_LOG {"event":"send_rate","rate":296000,"ts":1760731239.9456735}
2025/10/17 20:00:40 POLARIS_LOG {"event":"send_rate","rate":296000,"ts":1760731240.9458714}
2025/10/17 20:00:41 POLARIS_LOG {"event":"send_rate","rate":304000,"ts":1760731241.9462736}
2025/10/17 20:00:42 POLARIS_LOG {"event":"send_rate","rate":264000,"ts":1760731242.945928}
2025/10/17 20:00:43 POLARIS_LOG {"event":"send_rate","rate":192000,"ts":1760731243.945601}
2025/10/17 20:00:44 POLARIS_LOG {"event":"send_rate","rate":312000,"ts":1760731244.9499407}
Skipping switch: current path 2 2 5 2 has lastEstimate 285750 >= maxEstimate 0
2025/10/17 20:00:45 POLARIS_LOG {"event":"send_rate","rate":224000,"ts":1760731245.9461272}
2025/10/17 20:00:46 POLARIS_LOG {"event":"send_rate","rate":224000,"ts":1760731246.946083}
2025/10/17 20:00:47 POLARIS_LOG {"event":"send_rate","rate":272000,"ts":1760731247.946284}
2025/10/17 20:00:48 POLARIS_LOG {"event":"send_rate","rate":192000,"ts":1760731248.94654}
2025/10/17 20:00:49 POLARIS_LOG {"event":"send_rate","rate":224000,"ts":1760731249.9456217}
2025/10/17 20:00:50 POLARIS_LOG {"event":"send_rate","rate":208000,"ts":1760731250.9543047}
2025/10/17 20:00:51 POLARIS_LOG {"event":"send_rate","rate":224000,"ts":1760731251.9458246}
2025/10/17 20:00:52 POLARIS_LOG {"event":"send_rate","rate":224000,"ts":1760731252.9462256}
2025/10/17 20:00:53 POLARIS_LOG {"event":"send_rate","rate":232000,"ts":1760731253.9459143}
2025/10/17 20:00:54 POLARIS_LOG {"candidates":3,"candidates_unfiltered":3,"current_rate":232000,"estimated_share":400000,"event":"path_switch","max_estimated_share":400000,"new":"5 5 2 4","old":"2 2 5 2","trigger":"scheduled","ts":1760731254.9513834}
2025/10/17 20:00:54 POLARIS_LOG {"event":"send_rate","rate":112000,"ts":1760731254.9515285}
2025/10/17 20:00:55 POLARIS_LOG {"event":"send_rate","rate":520000,"ts":1760731255.9481788}
2025/10/17 20:00:56 POLARIS_LOG {"event":"send_rate","rate":1072000,"ts":1760731256.9462397}
2025/10/17 20:00:57 POLARIS_LOG {"event":"send_rate","rate":304000,"ts":1760731257.9486625}
2025/10/17 20:00:58 POLARIS_LOG {"event":"send_rate","rate":296000,"ts":1760731258.9464476}
2025/10/17 20:00:59 POLARIS_LOG {"event":"send_rate","rate":296000,"ts":1760731259.946453}
2025/10/17 20:01:00 POLARIS_LOG {"event":"send_rate","rate":304000,"ts":1760731260.9473994}
2025/10/17 20:01:01 POLARIS_LOG {"event":"send_rate","rate":296000,"ts":1760731261.9465492}
2025/10/17 20:01:02 POLARIS_LOG {"event":"send_rate","rate":304000,"ts":1760731262.9463012}
2025/10/17 20:01:03 POLARIS_LOG {"event":"send_rate","rate":296000,"ts":1760731263.9478045}
2025/10/17 20:01:04 POLARIS_LOG {"event":"send_rate","rate":304000,"ts":1760731264.9474046}
2025/10/17 20:01:05 POLARIS_LOG {"event":"send_rate","rate":296000,"ts":1760731265.9476068}
2025/10/17 20:01:06 POLARIS_LOG {"event":"send_rate","rate":304000,"ts":1760731266.9514008}
2025/10/17 20:01:07 POLARIS_LOG {"event":"send_rate","rate":304000,"ts":1760731267.9607718}
2025/10/17 20:01:08 POLARIS_LOG {"event":"send_rate","rate":296000,"ts":1760731268.94669}
2025/10/17 20:01:09 POLARIS_LOG {"event":"send_rate","rate":296000,"ts":1760731269.9454782}
2025/10/17 20:01:10 POLARIS_LOG {"event":"send_rate","rate":304000,"ts":1760731270.9480171}
2025/10/17 20:01:11 POLARIS_LOG {"event":"send_rate","rate":304000,"ts":1760731271.956904}
2025/10/17 20:01:12 POLARIS_LOG {"event":"send_rate","rate":296000,"ts":1760731272.9518535}
2025/10/17 20:01:13 POLARIS_LOG {"event":"send_rate","rate":296000,"ts":1760731273.9575655}
2025/10/17 20:01:14 POLARIS_LOG {"event":"send_rate","rate":304000,"ts":1760731274.9461129}
2025/10/17 20:01:15 POLARIS_LOG {"event":"send_rate","rate":296000,"ts":1760731275.9479134}
2025/10/17 20:01:16 POLARIS_LOG {"event":"send_rate","rate":304000,"ts":1760731276.9487314}
2025/10/17 20:01:17 POLARIS_LOG {"event":"send_rate","rate":296000,"ts":1760731277.947167}
2025/10/17 20:01:18 POLARIS_LOG {"event":"send_rate","rate":304000,"ts":1760731278.9583323}
2025/10/17 20:01:19 POLARIS_LOG {"event":"send_rate","rate":312000,"ts":1760731279.9976084}
2025/10/17 20:01:20 POLARIS_LOG {"event":"send_rate","rate":288000,"ts":1760731280.945957}
2025/10/17 20:01:21 POLARIS_LOG {"event":"send_rate","rate":296000,"ts":1760731281.9461884}
2025/10/17 20:01:22 POLARIS_LOG {"event":"send_rate","rate":304000,"ts":1760731282.9544206}
2025/10/17 20:01:23 POLARIS_LOG {"event":"send_rate","rate":296000,"ts":1760731283.9455264}
2025/10/17 20:01:24 POLARIS_LOG {"event":"send_rate","rate":304000,"ts":1760731284.9473002}
2025/10/17 20:01:25 POLARIS_LOG {"event":"send_rate","rate":296000,"ts":1760731285.9460716}
2025/10/17 20:01:26 POLARIS_LOG {"event":"send_rate","rate":304000,"ts":1760731286.9482775}
2025/10/17 20:01:27 POLARIS_LOG {"event":"send_rate","rate":296000,"ts":1760731287.9456372}
2025/10/17 20:01:28 POLARIS_LOG {"event":"send_rate","rate":304000,"ts":1760731288.9461796}
2025/10/17 20:01:29 POLARIS_LOG {"event":"send_rate","rate":296000,"ts":1760731289.9494677}
2025/10/17 20:01:30 POLARIS_LOG {"event":"send_rate","rate":304000,"ts":1760731290.9474187}
2025/10/17 20:01:31 POLARIS_LOG {"event":"send_rate","rate":304000,"ts":1760731291.9663634}
2025/10/17 20:01:32 POLARIS_LOG {"event":"send_rate","rate":296000,"ts":1760731292.9464498}
2025/10/17 20:01:33 POLARIS_LOG {"event":"send_rate","rate":296000,"ts":1760731293.9460278}
2025/10/17 20:01:34 POLARIS_LOG {"event":"send_rate","rate":304000,"ts":1760731294.9455678}
2025/10/17 20:01:35 POLARIS_LOG {"event":"send_rate","rate":296000,"ts":1760731295.9466732}
2025/10/17 20:01:36 POLARIS_LOG {"event":"send_rate","rate":304000,"ts":1760731296.9464545}
2025/10/17 20:01:37 POLARIS_LOG {"event":"send_rate","rate":296000,"ts":1760731297.9469175}
2025/10/17 20:01:38 POLARIS_LOG {"event":"send_rate","rate":304000,"ts":1760731298.947746}
2025/10/17 20:01:39 POLARIS_LOG {"event":"send_rate","rate":296000,"ts":1760731299.9462707}
2025/10/17 20:01:40 POLARIS_LOG {"event":"send_rate","rate":304000,"ts":1760731300.9628155}
2025/10/17 20:01:41 POLARIS_LOG {"event":"send_rate","rate":296000,"ts":1760731301.9529457}
2025/10/17 20:01:42 POLARIS_LOG {"event":"send_rate","rate":304000,"ts":1760731302.9466016}
2025/10/17 20:01:43 POLARIS_LOG {"event":"send_rate","rate":304000,"ts":1760731303.9757268}
2025/10/17 20:01:44 POLARIS_LOG {"event":"send_rate","rate":296000,"ts":1760731304.9461873}
2025/10/17 20:01:45 POLARIS_LOG {"event":"send_rate","rate":296000,"ts":1760731305.9464035}
2025/10/17 20:01:46 POLARIS_LOG {"event":"send_rate","rate":304000,"ts":1760731306.9457893}
2025/10/17 20:01:47 POLARIS_LOG {"event":"send_rate","rate":296000,"ts":1760731307.947124}
2025/10/17 20:01:48 POLARIS_LOG {"event":"send_rate","rate":304000,"ts":1760731308.9522789}
2025/10/17 20:01:49 POLARIS_LOG {"event":"send_rate","rate":296000,"ts":1760731309.9456286}
2025/10/17 20:01:50 POLARIS_LOG {"event":"send_rate","rate":304000,"ts":1760731310.946688}
2025/10/17 20:01:51 POLARIS_LOG {"event":"send_rate","rate":296000,"ts":1760731311.9463363}
2025/10/17 20:01:52 POLARIS_LOG {"event":"send_rate","rate":304000,"ts":1760731312.9539845}
2025/10/17 20:01:53 POLARIS_LOG {"event":"send_rate","rate":296000,"ts":1760731313.9477654}
2025/10/17 20:01:54 POLARIS_LOG {"event":"send_rate","rate":304000,"ts":1760731314.9456253}
2025/10/17 20:01:55 POLARIS_LOG {"event":"send_rate","rate":296000,"ts":1760731315.9510686}
2025/10/17 20:01:56 POLARIS_LOG {"event":"send_rate","rate":304000,"ts":1760731316.945958}
2025/10/17 20:01:57 POLARIS_LOG {"event":"send_rate","rate":296000,"ts":1760731317.9460807}
2025/10/17 20:01:58 POLARIS_LOG {"event":"send_rate","rate":304000,"ts":1760731318.9457083}
2025/10/17 20:01:59 POLARIS_LOG {"event":"send_rate","rate":296000,"ts":1760731319.951769}
2025/10/17 20:02:00 POLARIS_LOG {"event":"send_rate","rate":296000,"ts":1760731320.9474654}
2025/10/17 20:02:01 POLARIS_LOG {"event":"send_rate","rate":304000,"ts":1760731321.9462926}
2025/10/17 20:02:02 POLARIS_LOG {"event":"send_rate","rate":304000,"ts":1760731322.953694}
2025/10/17 20:02:03 POLARIS_LOG {"event":"send_rate","rate":296000,"ts":1760731323.947992}
2025/10/17 20:02:04 POLARIS_LOG {"event":"send_rate","rate":296000,"ts":1760731324.9458985}
2025/10/17 20:02:05 POLARIS_LOG {"event":"send_rate","rate":304000,"ts":1760731325.946298}
2025/10/17 20:02:06 POLARIS_LOG {"event":"send_rate","rate":304000,"ts":1760731326.951709}
2025/10/17 20:02:07 POLARIS_LOG {"event":"send_rate","rate":296000,"ts":1760731327.9642856}
2025/10/17 20:02:08 POLARIS_LOG {"event":"send_rate","rate":296000,"ts":1760731328.945728}
2025/10/17 20:02:09 POLARIS_LOG {"event":"send_rate","rate":304000,"ts":1760731329.953216}
2025/10/17 20:02:10 POLARIS_LOG {"event":"send_rate","rate":304000,"ts":1760731330.94748}
2025/10/17 20:02:11 POLARIS_LOG {"event":"send_rate","rate":296000,"ts":1760731331.9460735}
2025/10/17 20:02:12 POLARIS_LOG {"event":"send_rate","rate":296000,"ts":1760731332.9454365}
2025/10/17 20:02:14 POLARIS_LOG {"event":"send_rate","rate":304000,"ts":1760731334.0204997}
2025/10/17 20:02:14 POLARIS_LOG {"event":"send_rate","rate":296000,"ts":1760731334.9459922}
2025/10/17 20:02:15 POLARIS_LOG {"event":"send_rate","rate":304000,"ts":1760731335.9462893}
2025/10/17 20:02:16 POLARIS_LOG {"event":"send_rate","rate":296000,"ts":1760731336.961858}
2025/10/17 20:02:17 POLARIS_LOG {"event":"send_rate","rate":304000,"ts":1760731337.9511414}
2025/10/17 20:02:18 POLARIS_LOG {"event":"send_rate","rate":296000,"ts":1760731338.9471116}
2025/10/17 20:02:19 POLARIS_LOG {"event":"send_rate","rate":304000,"ts":1760731339.9465966}
2025/10/17 20:02:20 POLARIS_LOG {"event":"send_rate","rate":304000,"ts":1760731340.9508054}
2025/10/17 20:02:21 POLARIS_LOG {"event":"send_rate","rate":296000,"ts":1760731341.949885}
2025/10/17 20:02:22 POLARIS_LOG {"event":"send_rate","rate":296000,"ts":1760731342.9455726}
2025/10/17 20:02:23 POLARIS_LOG {"event":"send_rate","rate":304000,"ts":1760731343.9572427}
2025/10/17 20:02:24 POLARIS_LOG {"event":"send_rate","rate":296000,"ts":1760731344.9482222}
2025/10/17 20:02:25 POLARIS_LOG {"event":"send_rate","rate":304000,"ts":1760731345.9457855}
2025/10/17 20:02:26 POLARIS_LOG {"event":"send_rate","rate":296000,"ts":1760731346.9461608}
2025/10/17 20:02:27 POLARIS_LOG {"event":"send_rate","rate":296000,"ts":1760731347.9483728}
2025/10/17 20:02:28 POLARIS_LOG {"event":"send_rate","rate":304000,"ts":1760731348.9482348}
2025/10/17 20:02:29 POLARIS_LOG {"event":"send_rate","rate":304000,"ts":1760731349.9555383}
2025/10/17 20:02:30 POLARIS_LOG {"event":"send_rate","rate":296000,"ts":1760731350.946128}
2025/10/17 20:02:31 POLARIS_LOG {"event":"send_rate","rate":304000,"ts":1760731351.9517848}
2025/10/17 20:02:32 POLARIS_LOG {"event":"send_rate","rate":296000,"ts":1760731352.977802}
2025/10/17 20:02:33 POLARIS_LOG {"event":"send_rate","rate":304000,"ts":1760731353.9462318}
2025/10/17 20:02:34 POLARIS_LOG {"event":"send_rate","rate":296000,"ts":1760731354.9466836}
2025/10/17 20:02:35 POLARIS_LOG {"event":"send_rate","rate":304000,"ts":1760731355.946565}
2025/10/17 20:02:36 POLARIS_LOG {"event":"send_rate","rate":296000,"ts":1760731356.9545424}
2025/10/17 20:02:37 POLARIS_LOG {"event":"send_rate","rate":304000,"ts":1760731357.9457648}
2025/10/17 20:02:38 POLARIS_LOG {"event":"send_rate","rate":296000,"ts":1760731358.9479284}
2025/10/17 20:02:39 POLARIS_LOG {"event":"send_rate","rate":304000,"ts":1760731359.9462974}
2025/10/17 20:02:40 POLARIS_LOG {"event":"send_rate","rate":304000,"ts":1760731360.969225}
2025/10/17 20:02:41 POLARIS_LOG {"event":"send_rate","rate":296000,"ts":1760731361.9458237}
2025/10/17 20:02:42 POLARIS_LOG {"event":"send_rate","rate":296000,"ts":1760731362.9463413}
2025/10/17 20:02:43 POLARIS_LOG {"event":"send_rate","rate":304000,"ts":1760731363.9481702}
2025/10/17 20:02:44 POLARIS_LOG {"event":"send_rate","rate":296000,"ts":1760731364.946076}
2025/10/17 20:02:45 POLARIS_LOG {"event":"send_rate","rate":304000,"ts":1760731365.9482224}
2025/10/17 20:02:46 POLARIS_LOG {"event":"send_rate","rate":296000,"ts":1760731366.945597}
2025/10/17 20:02:47 POLARIS_LOG {"event":"send_rate","rate":312000,"ts":1760731367.9853895}
2025/10/17 20:02:48 POLARIS_LOG {"event":"send_rate","rate":288000,"ts":1760731368.9503522}
2025/10/17 20:02:49 POLARIS_LOG {"event":"send_rate","rate":304000,"ts":1760731369.95741}
2025/10/17 20:02:50 POLARIS_LOG {"event":"send_rate","rate":304000,"ts":1760731370.9564545}
2025/10/17 20:02:51 POLARIS_LOG {"event":"send_rate","rate":296000,"ts":1760731371.9458468}
2025/10/17 20:02:52 POLARIS_LOG {"event":"send_rate","rate":296000,"ts":1760731372.9536538}
2025/10/17 20:02:53 POLARIS_LOG {"event":"send_rate","rate":304000,"ts":1760731373.9456227}
2025/10/17 20:02:54 POLARIS_LOG {"event":"send_rate","rate":296000,"ts":1760731374.946471}
2025/10/17 20:02:55 POLARIS_LOG {"event":"send_rate","rate":304000,"ts":1760731375.9458737}
2025/10/17 20:02:56 POLARIS_LOG {"event":"send_rate","rate":296000,"ts":1760731376.9536343}
2025/10/17 20:02:57 POLARIS_LOG {"event":"send_rate","rate":304000,"ts":1760731377.9509625}
2025/10/17 20:02:58 POLARIS_LOG {"event":"send_rate","rate":296000,"ts":1760731378.946006}
2025/10/17 20:02:59 POLARIS_LOG {"event":"send_rate","rate":304000,"ts":1760731379.946157}
2025/10/17 20:03:00 POLARIS_LOG {"event":"send_rate","rate":296000,"ts":1760731380.9459047}
2025/10/17 20:03:01 POLARIS_LOG {"event":"send_rate","rate":304000,"ts":1760731381.9480412}
2025/10/17 20:03:02 POLARIS_LOG {"event":"send_rate","rate":296000,"ts":1760731382.9521127}
2025/10/17 20:03:03 POLARIS_LOG {"event":"send_rate","rate":304000,"ts":1760731383.9463387}
2025/10/17 20:03:04 POLARIS_LOG {"event":"send_rate","rate":296000,"ts":1760731384.9538782}
2025/10/17 20:03:05 POLARIS_LOG {"event":"send_rate","rate":304000,"ts":1760731385.9455519}
2025/10/17 20:03:06 POLARIS_LOG {"event":"send_rate","rate":296000,"ts":1760731386.9454722}
2025/10/17 20:03:07 POLARIS_LOG {"event":"send_rate","rate":304000,"ts":1760731387.9653876}
2025/10/17 20:03:08 POLARIS_LOG {"event":"send_rate","rate":304000,"ts":1760731388.9580884}
2025/10/17 20:03:09 POLARIS_LOG {"event":"send_rate","rate":296000,"ts":1760731389.9463696}
2025/10/17 20:03:10 POLARIS_LOG {"event":"send_rate","rate":296000,"ts":1760731390.94646}
2025/10/17 20:03:11 POLARIS_LOG {"event":"send_rate","rate":304000,"ts":1760731391.9454393}
2025/10/17 20:03:12 POLARIS_LOG {"event":"send_rate","rate":296000,"ts":1760731392.945902}
2025/10/17 20:03:13 POLARIS_LOG {"event":"send_rate","rate":304000,"ts":1760731393.9455204}
2025/10/17 20:03:14 POLARIS_LOG {"event":"send_rate","rate":296000,"ts":1760731394.9460204}
2025/10/17 20:03:15 POLARIS_LOG {"event":"send_rate","rate":304000,"ts":1760731395.94949}
2025/10/17 20:03:16 POLARIS_LOG {"event":"send_rate","rate":296000,"ts":1760731396.9502172}
2025/10/17 20:03:17 POLARIS_LOG {"event":"send_rate","rate":312000,"ts":1760731397.991607}
2025/10/17 20:03:18 POLARIS_LOG {"event":"send_rate","rate":288000,"ts":1760731398.9479403}
2025/10/17 20:03:19 POLARIS_LOG {"event":"send_rate","rate":296000,"ts":1760731399.9457402}
2025/10/17 20:03:20 POLARIS_LOG {"event":"send_rate","rate":304000,"ts":1760731400.9458387}
2025/10/17 20:03:21 POLARIS_LOG {"event":"send_rate","rate":304000,"ts":1760731401.946848}
2025/10/17 20:03:22 POLARIS_LOG {"event":"send_rate","rate":296000,"ts":1760731402.9462206}
2025/10/17 20:03:23 POLARIS_LOG {"event":"send_rate","rate":304000,"ts":1760731403.9490051}
2025/10/17 20:03:24 POLARIS_LOG {"event":"send_rate","rate":296000,"ts":1760731404.9537454}
2025/10/17 20:03:25 POLARIS_LOG {"event":"send_rate","rate":304000,"ts":1760731405.9460573}
2025/10/17 20:03:26 POLARIS_LOG {"event":"send_rate","rate":296000,"ts":1760731406.9459267}
2025/10/17 20:03:27 POLARIS_LOG {"event":"send_rate","rate":296000,"ts":1760731407.9459949}
2025/10/17 20:03:28 POLARIS_LOG {"event":"send_rate","rate":304000,"ts":1760731408.9554152}
2025/10/17 20:03:29 POLARIS_LOG {"event":"send_rate","rate":304000,"ts":1760731409.949158}
2025/10/17 20:03:30 POLARIS_LOG {"event":"send_rate","rate":296000,"ts":1760731410.9502265}
2025/10/17 20:03:31 POLARIS_LOG {"event":"send_rate","rate":296000,"ts":1760731411.9519932}
2025/10/17 20:03:32 POLARIS_LOG {"event":"send_rate","rate":304000,"ts":1760731412.94604}
2025/10/17 20:03:33 POLARIS_LOG {"event":"send_rate","rate":312000,"ts":1760731413.982443}
2025/10/17 20:03:34 POLARIS_LOG {"event":"send_rate","rate":288000,"ts":1760731414.9490368}
2025/10/17 20:03:35 POLARIS_LOG {"event":"send_rate","rate":304000,"ts":1760731415.957415}
2025/10/17 20:03:36 POLARIS_LOG {"event":"send_rate","rate":296000,"ts":1760731416.94617}
2025/10/17 20:03:37 POLARIS_LOG {"event":"send_rate","rate":304000,"ts":1760731417.9554098}
2025/10/17 20:03:38 POLARIS_LOG {"event":"send_rate","rate":296000,"ts":1760731418.950829}
2025/10/17 20:03:39 POLARIS_LOG {"event":"send_rate","rate":296000,"ts":1760731419.946482}
2025/10/17 20:03:40 POLARIS_LOG {"event":"send_rate","rate":304000,"ts":1760731420.9467885}
2025/10/17 20:03:41 POLARIS_LOG {"event":"send_rate","rate":304000,"ts":1760731421.9629595}
2025/10/17 20:03:42 POLARIS_LOG {"event":"send_rate","rate":304000,"ts":1760731422.969741}
2025/10/17 20:03:43 POLARIS_LOG {"event":"send_rate","rate":288000,"ts":1760731423.9473298}
Skipping switch: current path 5 5 2 4 has lastEstimate 333250 >= maxEstimate 0
2025/10/17 20:03:44 POLARIS_LOG {"event":"send_rate","rate":304000,"ts":1760731424.9571476}
2025/10/17 20:03:45 POLARIS_LOG {"event":"send_rate","rate":296000,"ts":1760731425.9478183}
2025/10/17 20:03:46 POLARIS_LOG {"event":"send_rate","rate":304000,"ts":1760731426.9474468}
2025/10/17 20:03:47 POLARIS_LOG {"event":"send_rate","rate":296000,"ts":1760731427.945539}
2025/10/17 20:03:48 POLARIS_LOG {"event":"send_rate","rate":312000,"ts":1760731428.9674025}
2025/10/17 20:03:49 POLARIS_LOG {"event":"send_rate","rate":288000,"ts":1760731429.9660864}
2025/10/17 20:03:50 POLARIS_LOG {"event":"send_rate","rate":304000,"ts":1760731430.975785}
2025/10/17 20:03:51 POLARIS_LOG {"event":"send_rate","rate":296000,"ts":1760731431.9472737}
2025/10/17 20:03:52 POLARIS_LOG {"event":"send_rate","rate":304000,"ts":1760731432.9464786}
2025/10/17 20:03:53 POLARIS_LOG {"event":"send_rate","rate":296000,"ts":1760731433.94659}
2025/10/17 20:03:54 POLARIS_LOG {"event":"send_rate","rate":304000,"ts":1760731434.957683}
2025/10/17 20:03:55 POLARIS_LOG {"event":"send_rate","rate":296000,"ts":1760731435.9455795}
2025/10/17 20:03:56 POLARIS_LOG {"event":"send_rate","rate":304000,"ts":1760731436.9471319}
2025/10/17 20:03:57 POLARIS_LOG {"event":"send_rate","rate":296000,"ts":1760731437.9481485}
2025/10/17 20:03:58 POLARIS_LOG {"event":"send_rate","rate":304000,"ts":1760731438.9474022}
2025/10/17 20:03:59 POLARIS_LOG {"event":"send_rate","rate":296000,"ts":1760731439.9456234}
2025/10/17 20:04:00 POLARIS_LOG {"event":"send_rate","rate":304000,"ts":1760731440.946575}
2025/10/17 20:04:01 POLARIS_LOG {"event":"send_rate","rate":296000,"ts":1760731441.9459364}
2025/10/17 20:04:02 POLARIS_LOG {"event":"send_rate","rate":304000,"ts":1760731442.9455583}
2025/10/17 20:04:03 POLARIS_LOG {"event":"send_rate","rate":296000,"ts":1760731443.9456325}
2025/10/17 20:04:04 POLARIS_LOG {"event":"send_rate","rate":304000,"ts":1760731444.9460812}
2025/10/17 20:04:05 POLARIS_LOG {"event":"send_rate","rate":296000,"ts":1760731445.945901}
2025/10/17 20:04:06 POLARIS_LOG {"event":"send_rate","rate":304000,"ts":1760731446.946105}
2025/10/17 20:04:07 POLARIS_LOG {"event":"send_rate","rate":304000,"ts":1760731447.9539187}
2025/10/17 20:04:08 POLARIS_LOG {"event":"send_rate","rate":296000,"ts":1760731448.949979}
2025/10/17 20:04:09 POLARIS_LOG {"event":"send_rate","rate":296000,"ts":1760731449.94724}
2025/10/17 20:04:10 POLARIS_LOG {"event":"send_rate","rate":304000,"ts":1760731450.946103}
2025/10/17 20:04:11 POLARIS_LOG {"event":"send_rate","rate":296000,"ts":1760731451.9523087}
2025/10/17 20:04:12 POLARIS_LOG {"event":"send_rate","rate":304000,"ts":1760731452.9462426}
2025/10/17 20:04:13 POLARIS_LOG {"event":"send_rate","rate":296000,"ts":1760731453.9460552}
2025/10/17 20:04:14 POLARIS_LOG {"event":"send_rate","rate":312000,"ts":1760731454.9783988}
2025/10/17 20:04:15 POLARIS_LOG {"event":"send_rate","rate":288000,"ts":1760731455.9461458}
2025/10/17 20:04:16 POLARIS_LOG {"event":"send_rate","rate":304000,"ts":1760731456.9534147}
Drain Loop received packet
Drain Loop received non-nil payload
Client sent 8662 packets, server reported 8629 packets received
The network loss rate from client to server is 0.4%

S->C results
Attempted bandwidth: 0 bps / 0.00 Mbps
Achieved bandwidth: 0 bps / 0.00 Mbps
Loss rate: 0.0%
Interarrival time min/avg/max/mdev = -0.000/0.000/0.000/0.000 ms

C->S results
Attempted bandwidth: 299982 bps / 0.30 Mbps
Achieved bandwidth: 298839 bps / 0.30 Mbps
Loss rate: 0.4%
Interarrival time min/avg/max/mdev = 0.002/26.592/521.641/22.250 ms
