
Test parameters:
client->server: 291 seconds, 1000 bytes, 10912 packets
server->client: 291 seconds, 1000 bytes, 0 packets
2025/10/17 19:59:24 POLARIS_LOG {"current_rate":0,"event":"path_switch","new":"2 2 5 2","trigger":"initialization","ts":1760731164.4682522}
Polaris prober initialized with 38 paths
Polaris prober initialized with local 1-111,10.111.0.71:32755 and remote 1-113,10.113.0.71
2025/10/17 19:59:25 POLARIS_LOG {"event":"send_rate","rate":304000,"ts":1760731165.4702528}
2025/10/17 19:59:26 POLARIS_LOG {"event":"send_rate","rate":296000,"ts":1760731166.4739418}
2025/10/17 19:59:27 POLARIS_LOG {"event":"send_rate","rate":304000,"ts":1760731167.483825}
2025/10/17 19:59:28 POLARIS_LOG {"event":"send_rate","rate":296000,"ts":1760731168.4738135}
2025/10/17 19:59:29 POLARIS_LOG {"event":"send_rate","rate":304000,"ts":1760731169.4697754}
2025/10/17 19:59:30 POLARIS_LOG {"event":"send_rate","rate":296000,"ts":1760731170.470448}
2025/10/17 19:59:31 POLARIS_LOG {"event":"send_rate","rate":304000,"ts":1760731171.469934}
2025/10/17 19:59:32 POLARIS_LOG {"event":"send_rate","rate":296000,"ts":1760731172.4727485}
2025/10/17 19:59:33 POLARIS_LOG {"event":"send_rate","rate":304000,"ts":1760731173.470047}
2025/10/17 19:59:34 POLARIS_LOG {"event":"send_rate","rate":296000,"ts":1760731174.4703908}
2025/10/17 19:59:35 POLARIS_LOG {"event":"send_rate","rate":304000,"ts":1760731175.4713178}
2025/10/17 19:59:36 POLARIS_LOG {"event":"send_rate","rate":296000,"ts":1760731176.4704778}
2025/10/17 19:59:37 POLARIS_LOG {"event":"send_rate","rate":304000,"ts":1760731177.4716673}
2025/10/17 19:59:38 POLARIS_LOG {"event":"send_rate","rate":296000,"ts":1760731178.4759336}
2025/10/17 19:59:39 POLARIS_LOG {"event":"send_rate","rate":304000,"ts":1760731179.469971}
2025/10/17 19:59:40 POLARIS_LOG {"event":"send_rate","rate":296000,"ts":1760731180.4734082}
2025/10/17 19:59:41 POLARIS_LOG {"event":"send_rate","rate":304000,"ts":1760731181.4718187}
2025/10/17 19:59:42 POLARIS_LOG {"event":"send_rate","rate":296000,"ts":1760731182.4696805}
2025/10/17 19:59:43 POLARIS_LOG {"event":"send_rate","rate":304000,"ts":1760731183.4700935}
2025/10/17 19:59:44 POLARIS_LOG {"event":"send_rate","rate":296000,"ts":1760731184.4708595}
2025/10/17 19:59:45 POLARIS_LOG {"event":"send_rate","rate":304000,"ts":1760731185.4706411}
2025/10/17 19:59:46 POLARIS_LOG {"event":"send_rate","rate":152000,"ts":1760731186.4699218}
2025/10/17 19:59:47 POLARIS_LOG {"event":"send_rate","rate":184000,"ts":1760731187.4698775}
2025/10/17 19:59:48 POLARIS_LOG {"event":"send_rate","rate":120000,"ts":1760731188.4775038}
2025/10/17 19:59:49 POLARIS_LOG {"event":"send_rate","rate":208000,"ts":1760731189.4707484}
2025/10/17 19:59:50 POLARIS_LOG {"event":"send_rate","rate":152000,"ts":1760731190.4697087}
2025/10/17 19:59:51 POLARIS_LOG {"event":"send_rate","rate":128000,"ts":1760731191.4706368}
2025/10/17 19:59:52 POLARIS_LOG {"event":"send_rate","rate":128000,"ts":1760731192.4763098}
2025/10/17 19:59:53 POLARIS_LOG {"event":"send_rate","rate":136000,"ts":1760731193.4723177}
2025/10/17 19:59:54 POLARIS_LOG {"event":"send_rate","rate":152000,"ts":1760731194.4721365}
2025/10/17 19:59:55 POLARIS_LOG {"event":"send_rate","rate":168000,"ts":1760731195.4723468}
2025/10/17 19:59:56 POLARIS_LOG {"event":"send_rate","rate":112000,"ts":1760731196.4706264}
2025/10/17 19:59:57 POLARIS_LOG {"event":"send_rate","rate":176000,"ts":1760731197.470011}
2025/10/17 19:59:58 POLARIS_LOG {"event":"send_rate","rate":144000,"ts":1760731198.47001}
2025/10/17 19:59:59 POLARIS_LOG {"event":"send_rate","rate":152000,"ts":1760731199.4720147}
2025/10/17 20:00:00 POLARIS_LOG {"event":"send_rate","rate":160000,"ts":1760731200.4699185}
2025/10/17 20:00:01 POLARIS_LOG {"event":"send_rate","rate":152000,"ts":1760731201.4731781}
2025/10/17 20:00:02 POLARIS_LOG {"event":"send_rate","rate":72000,"ts":1760731202.4722183}
2025/10/17 20:00:03 POLARIS_LOG {"event":"send_rate","rate":136000,"ts":1760731203.4711418}
2025/10/17 20:00:04 POLARIS_LOG {"candidates":25,"candidates_unfiltered":25,"current_rate":136000,"estimated_share":666500,"event":"path_switch","max_estimated_share":666500,"new":"3 3 7 7 1 3","old":"2 2 5 2","trigger":"scheduled","ts":1760731204.47232}
2025/10/17 20:00:04 POLARIS_LOG {"event":"send_rate","rate":168000,"ts":1760731204.472384}
2025/10/17 20:00:05 POLARIS_LOG {"event":"send_rate","rate":3200000,"ts":1760731205.4741063}
2025/10/17 20:00:06 POLARIS_LOG {"event":"send_rate","rate":296000,"ts":1760731206.4712753}
2025/10/17 20:00:07 POLARIS_LOG {"event":"send_rate","rate":304000,"ts":1760731207.4810207}
2025/10/17 20:00:08 POLARIS_LOG {"event":"send_rate","rate":296000,"ts":1760731208.4732263}
2025/10/17 20:00:09 POLARIS_LOG {"event":"send_rate","rate":296000,"ts":1760731209.4717538}
2025/10/17 20:00:10 POLARIS_LOG {"event":"send_rate","rate":304000,"ts":1760731210.4711347}
2025/10/17 20:00:11 POLARIS_LOG {"event":"send_rate","rate":296000,"ts":1760731211.4698765}
2025/10/17 20:00:12 POLARIS_LOG {"event":"send_rate","rate":304000,"ts":1760731212.477036}
2025/10/17 20:00:13 POLARIS_LOG {"event":"send_rate","rate":304000,"ts":1760731213.4817705}
2025/10/17 20:00:14 POLARIS_LOG {"event":"send_rate","rate":296000,"ts":1760731214.4731493}
2025/10/17 20:00:15 POLARIS_LOG {"event":"send_rate","rate":296000,"ts":1760731215.4744992}
2025/10/17 20:00:16 POLARIS_LOG {"event":"send_rate","rate":304000,"ts":1760731216.4728425}
2025/10/17 20:00:17 POLARIS_LOG {"event":"send_rate","rate":304000,"ts":1760731217.4744675}
2025/10/17 20:00:18 POLARIS_LOG {"event":"send_rate","rate":296000,"ts":1760731218.4706068}
2025/10/17 20:00:19 POLARIS_LOG {"event":"send_rate","rate":296000,"ts":1760731219.4705875}
2025/10/17 20:00:20 POLARIS_LOG {"event":"send_rate","rate":304000,"ts":1760731220.47102}
2025/10/17 20:00:21 POLARIS_LOG {"event":"send_rate","rate":296000,"ts":1760731221.470977}
2025/10/17 20:00:22 POLARIS_LOG {"event":"send_rate","rate":304000,"ts":1760731222.4702783}
2025/10/17 20:00:23 POLARIS_LOG {"event":"send_rate","rate":296000,"ts":1760731223.4697275}
2025/10/17 20:00:24 POLARIS_LOG {"event":"send_rate","rate":304000,"ts":1760731224.4707673}
2025/10/17 20:00:25 POLARIS_LOG {"event":"send_rate","rate":296000,"ts":1760731225.4697404}
2025/10/17 20:00:26 POLARIS_LOG {"event":"send_rate","rate":304000,"ts":1760731226.4733286}
2025/10/17 20:00:27 POLARIS_LOG {"event":"send_rate","rate":296000,"ts":1760731227.4741032}
2025/10/17 20:00:28 POLARIS_LOG {"event":"send_rate","rate":304000,"ts":1760731228.484796}
2025/10/17 20:00:29 POLARIS_LOG {"event":"send_rate","rate":296000,"ts":1760731229.4697092}
2025/10/17 20:00:30 POLARIS_LOG {"event":"send_rate","rate":304000,"ts":1760731230.4726985}
2025/10/17 20:00:31 POLARIS_LOG {"event":"send_rate","rate":296000,"ts":1760731231.4793432}
2025/10/17 20:00:32 POLARIS_LOG {"event":"send_rate","rate":304000,"ts":1760731232.4706857}
2025/10/17 20:00:33 POLARIS_LOG {"event":"send_rate","rate":296000,"ts":1760731233.4797876}
2025/10/17 20:00:34 POLARIS_LOG {"event":"send_rate","rate":304000,"ts":1760731234.4731374}
2025/10/17 20:00:35 POLARIS_LOG {"event":"send_rate","rate":296000,"ts":1760731235.47035}
2025/10/17 20:00:36 POLARIS_LOG {"event":"send_rate","rate":304000,"ts":1760731236.49767}
2025/10/17 20:00:37 POLARIS_LOG {"event":"send_rate","rate":296000,"ts":1760731237.4702506}
2025/10/17 20:00:38 POLARIS_LOG {"event":"send_rate","rate":304000,"ts":1760731238.4781604}
2025/10/17 20:00:39 POLARIS_LOG {"event":"send_rate","rate":296000,"ts":1760731239.4722176}
2025/10/17 20:00:40 POLARIS_LOG {"event":"send_rate","rate":304000,"ts":1760731240.4730382}
2025/10/17 20:00:41 POLARIS_LOG {"event":"send_rate","rate":296000,"ts":1760731241.4715135}
2025/10/17 20:00:42 POLARIS_LOG {"event":"send_rate","rate":304000,"ts":1760731242.4702618}
2025/10/17 20:00:43 POLARIS_LOG {"event":"send_rate","rate":296000,"ts":1760731243.503586}
2025/10/17 20:00:44 POLARIS_LOG {"event":"send_rate","rate":304000,"ts":1760731244.4708152}
2025/10/17 20:00:45 POLARIS_LOG {"event":"send_rate","rate":296000,"ts":1760731245.4707067}
2025/10/17 20:00:46 POLARIS_LOG {"event":"send_rate","rate":304000,"ts":1760731246.4726505}
2025/10/17 20:00:47 POLARIS_LOG {"event":"send_rate","rate":296000,"ts":1760731247.4740756}
2025/10/17 20:00:48 POLARIS_LOG {"event":"send_rate","rate":304000,"ts":1760731248.474364}
2025/10/17 20:00:49 POLARIS_LOG {"event":"send_rate","rate":296000,"ts":1760731249.4704127}
2025/10/17 20:00:50 POLARIS_LOG {"event":"send_rate","rate":304000,"ts":1760731250.4712555}
2025/10/17 20:00:51 POLARIS_LOG {"event":"send_rate","rate":296000,"ts":1760731251.4717252}
2025/10/17 20:00:52 POLARIS_LOG {"event":"send_rate","rate":304000,"ts":1760731252.4761398}
2025/10/17 20:00:53 POLARIS_LOG {"event":"send_rate","rate":296000,"ts":1760731253.48349}
2025/10/17 20:00:54 POLARIS_LOG {"event":"send_rate","rate":304000,"ts":1760731254.470457}
2025/10/17 20:00:55 POLARIS_LOG {"event":"send_rate","rate":296000,"ts":1760731255.4703088}
2025/10/17 20:00:56 POLARIS_LOG {"event":"send_rate","rate":304000,"ts":1760731256.4698555}
2025/10/17 20:00:57 POLARIS_LOG {"event":"send_rate","rate":296000,"ts":1760731257.4718902}
2025/10/17 20:00:58 POLARIS_LOG {"event":"send_rate","rate":304000,"ts":1760731258.471165}
2025/10/17 20:00:59 POLARIS_LOG {"event":"send_rate","rate":296000,"ts":1760731259.4721258}
2025/10/17 20:01:00 POLARIS_LOG {"event":"send_rate","rate":312000,"ts":1760731260.501264}
2025/10/17 20:01:01 POLARIS_LOG {"event":"send_rate","rate":288000,"ts":1760731261.471326}
2025/10/17 20:01:02 POLARIS_LOG {"event":"send_rate","rate":304000,"ts":1760731262.4725156}
2025/10/17 20:01:03 POLARIS_LOG {"event":"send_rate","rate":296000,"ts":1760731263.4715366}
2025/10/17 20:01:04 POLARIS_LOG {"event":"send_rate","rate":304000,"ts":1760731264.472273}
2025/10/17 20:01:05 POLARIS_LOG {"event":"send_rate","rate":296000,"ts":1760731265.471488}
2025/10/17 20:01:06 POLARIS_LOG {"event":"send_rate","rate":304000,"ts":1760731266.483753}
2025/10/17 20:01:07 POLARIS_LOG {"event":"send_rate","rate":296000,"ts":1760731267.4700465}
2025/10/17 20:01:08 POLARIS_LOG {"event":"send_rate","rate":304000,"ts":1760731268.4738815}
2025/10/17 20:01:09 POLARIS_LOG {"event":"send_rate","rate":296000,"ts":1760731269.4719923}
2025/10/17 20:01:10 POLARIS_LOG {"event":"send_rate","rate":304000,"ts":1760731270.4752746}
2025/10/17 20:01:11 POLARIS_LOG {"event":"send_rate","rate":296000,"ts":1760731271.469871}
2025/10/17 20:01:12 POLARIS_LOG {"event":"send_rate","rate":304000,"ts":1760731272.4842017}
2025/10/17 20:01:13 POLARIS_LOG {"event":"send_rate","rate":296000,"ts":1760731273.4697201}
2025/10/17 20:01:14 POLARIS_LOG {"event":"send_rate","rate":304000,"ts":1760731274.4707482}
2025/10/17 20:01:15 POLARIS_LOG {"event":"send_rate","rate":296000,"ts":1760731275.4720535}
2025/10/17 20:01:16 POLARIS_LOG {"event":"send_rate","rate":312000,"ts":1760731276.5015514}
2025/10/17 20:01:17 POLARIS_LOG {"event":"send_rate","rate":288000,"ts":1760731277.469897}
2025/10/17 20:01:18 POLARIS_LOG {"event":"send_rate","rate":304000,"ts":1760731278.486743}
2025/10/17 20:01:19 POLARIS_LOG {"event":"send_rate","rate":296000,"ts":1760731279.4780784}
2025/10/17 20:01:20 POLARIS_LOG {"event":"send_rate","rate":304000,"ts":1760731280.4708776}
2025/10/17 20:01:21 POLARIS_LOG {"event":"send_rate","rate":296000,"ts":1760731281.4745026}
2025/10/17 20:01:22 POLARIS_LOG {"event":"send_rate","rate":304000,"ts":1760731282.4696844}
2025/10/17 20:01:23 POLARIS_LOG {"event":"send_rate","rate":296000,"ts":1760731283.4726334}
2025/10/17 20:01:24 POLARIS_LOG {"event":"send_rate","rate":304000,"ts":1760731284.4749618}
2025/10/17 20:01:25 POLARIS_LOG {"event":"send_rate","rate":296000,"ts":1760731285.473183}
2025/10/17 20:01:26 POLARIS_LOG {"event":"send_rate","rate":304000,"ts":1760731286.470407}
2025/10/17 20:01:27 POLARIS_LOG {"event":"send_rate","rate":296000,"ts":1760731287.4703674}
2025/10/17 20:01:28 POLARIS_LOG {"event":"send_rate","rate":304000,"ts":1760731288.4750211}
2025/10/17 20:01:29 POLARIS_LOG {"event":"send_rate","rate":296000,"ts":1760731289.470645}
2025/10/17 20:01:30 POLARIS_LOG {"event":"send_rate","rate":304000,"ts":1760731290.47255}
2025/10/17 20:01:31 POLARIS_LOG {"event":"send_rate","rate":296000,"ts":1760731291.4700649}
2025/10/17 20:01:32 POLARIS_LOG {"event":"send_rate","rate":304000,"ts":1760731292.4719732}
2025/10/17 20:01:33 POLARIS_LOG {"event":"send_rate","rate":296000,"ts":1760731293.473578}
2025/10/17 20:01:34 POLARIS_LOG {"event":"send_rate","rate":168000,"ts":1760731294.5038323}
2025/10/17 20:01:35 POLARIS_LOG {"event":"send_rate","rate":144000,"ts":1760731295.4703586}
2025/10/17 20:01:36 POLARIS_LOG {"event":"send_rate","rate":192000,"ts":1760731296.4711885}
2025/10/17 20:01:37 POLARIS_LOG {"event":"send_rate","rate":184000,"ts":1760731297.4699416}
2025/10/17 20:01:38 POLARIS_LOG {"event":"send_rate","rate":296000,"ts":1760731298.473372}
2025/10/17 20:01:39 POLARIS_LOG {"event":"send_rate","rate":400000,"ts":1760731299.4706316}
2025/10/17 20:01:40 POLARIS_LOG {"event":"send_rate","rate":320000,"ts":1760731300.4709425}
2025/10/17 20:01:41 POLARIS_LOG {"event":"send_rate","rate":304000,"ts":1760731301.4700267}
2025/10/17 20:01:42 POLARIS_LOG {"event":"send_rate","rate":352000,"ts":1760731302.4769762}
2025/10/17 20:01:43 POLARIS_LOG {"event":"send_rate","rate":344000,"ts":1760731303.4703481}
2025/10/17 20:01:44 POLARIS_LOG {"event":"send_rate","rate":384000,"ts":1760731304.4712052}
2025/10/17 20:01:45 POLARIS_LOG {"event":"send_rate","rate":240000,"ts":1760731305.4707844}
2025/10/17 20:01:46 POLARIS_LOG {"event":"send_rate","rate":280000,"ts":1760731306.4700656}
2025/10/17 20:01:47 POLARIS_LOG {"event":"send_rate","rate":248000,"ts":1760731307.4709744}
2025/10/17 20:01:48 POLARIS_LOG {"event":"send_rate","rate":288000,"ts":1760731308.4707544}
2025/10/17 20:01:49 POLARIS_LOG {"event":"send_rate","rate":248000,"ts":1760731309.5148618}
2025/10/17 20:01:50 POLARIS_LOG {"event":"send_rate","rate":272000,"ts":1760731310.474363}
2025/10/17 20:01:51 POLARIS_LOG {"event":"send_rate","rate":248000,"ts":1760731311.4847255}
2025/10/17 20:01:52 POLARIS_LOG {"event":"send_rate","rate":240000,"ts":1760731312.4774048}
2025/10/17 20:01:53 POLARIS_LOG {"event":"send_rate","rate":232000,"ts":1760731313.4734607}
2025/10/17 20:01:54 POLARIS_LOG {"event":"send_rate","rate":408000,"ts":1760731314.4699583}
Skipping switch: current path 3 3 7 7 1 3 has lastEstimate 333250 >= maxEstimate 0
2025/10/17 20:01:55 POLARIS_LOG {"event":"send_rate","rate":408000,"ts":1760731315.4708784}
2025/10/17 20:01:56 POLARIS_LOG {"event":"send_rate","rate":408000,"ts":1760731316.4785056}
2025/10/17 20:01:57 POLARIS_LOG {"event":"send_rate","rate":312000,"ts":1760731317.4698393}
2025/10/17 20:01:58 POLARIS_LOG {"event":"send_rate","rate":272000,"ts":1760731318.4708915}
2025/10/17 20:01:59 POLARIS_LOG {"event":"send_rate","rate":400000,"ts":1760731319.480177}
2025/10/17 20:02:00 POLARIS_LOG {"event":"send_rate","rate":392000,"ts":1760731320.4707296}
2025/10/17 20:02:01 POLARIS_LOG {"event":"send_rate","rate":344000,"ts":1760731321.4711614}
2025/10/17 20:02:02 POLARIS_LOG {"event":"send_rate","rate":288000,"ts":1760731322.4703681}
2025/10/17 20:02:03 POLARIS_LOG {"event":"send_rate","rate":280000,"ts":1760731323.4708254}
Skipping switch: current path 3 3 7 7 1 3 has lastEstimate 333250 >= maxEstimate 0
2025/10/17 20:02:04 POLARIS_LOG {"event":"send_rate","rate":408000,"ts":1760731324.4732368}
2025/10/17 20:02:05 POLARIS_LOG {"event":"send_rate","rate":296000,"ts":1760731325.4747858}
2025/10/17 20:02:06 POLARIS_LOG {"event":"send_rate","rate":296000,"ts":1760731326.4805493}
2025/10/17 20:02:07 POLARIS_LOG {"event":"send_rate","rate":304000,"ts":1760731327.4736898}
2025/10/17 20:02:08 POLARIS_LOG {"event":"send_rate","rate":304000,"ts":1760731328.4828484}
2025/10/17 20:02:09 POLARIS_LOG {"event":"send_rate","rate":296000,"ts":1760731329.470683}
2025/10/17 20:02:10 POLARIS_LOG {"event":"send_rate","rate":296000,"ts":1760731330.470559}
2025/10/17 20:02:11 POLARIS_LOG {"event":"send_rate","rate":304000,"ts":1760731331.48429}
2025/10/17 20:02:12 POLARIS_LOG {"event":"send_rate","rate":304000,"ts":1760731332.4855304}
2025/10/17 20:02:13 POLARIS_LOG {"event":"send_rate","rate":296000,"ts":1760731333.4728405}
2025/10/17 20:02:14 POLARIS_LOG {"event":"send_rate","rate":304000,"ts":1760731334.4762452}
2025/10/17 20:02:15 POLARIS_LOG {"event":"send_rate","rate":296000,"ts":1760731335.469957}
2025/10/17 20:02:16 POLARIS_LOG {"event":"send_rate","rate":256000,"ts":1760731336.473329}
2025/10/17 20:02:17 POLARIS_LOG {"event":"send_rate","rate":288000,"ts":1760731337.4838479}
2025/10/17 20:02:18 POLARIS_LOG {"event":"send_rate","rate":336000,"ts":1760731338.4701624}
2025/10/17 20:02:19 POLARIS_LOG {"event":"send_rate","rate":320000,"ts":1760731339.473631}
2025/10/17 20:02:20 POLARIS_LOG {"event":"send_rate","rate":296000,"ts":1760731340.4731827}
2025/10/17 20:02:21 POLARIS_LOG {"event":"send_rate","rate":312000,"ts":1760731341.4891841}
2025/10/17 20:02:22 POLARIS_LOG {"event":"send_rate","rate":296000,"ts":1760731342.486272}
2025/10/17 20:02:23 POLARIS_LOG {"event":"send_rate","rate":296000,"ts":1760731343.4697936}
2025/10/17 20:02:24 POLARIS_LOG {"event":"send_rate","rate":296000,"ts":1760731344.4701655}
2025/10/17 20:02:25 POLARIS_LOG {"event":"send_rate","rate":304000,"ts":1760731345.4702516}
2025/10/17 20:02:26 POLARIS_LOG {"event":"send_rate","rate":304000,"ts":1760731346.485836}
2025/10/17 20:02:27 POLARIS_LOG {"event":"send_rate","rate":296000,"ts":1760731347.4702523}
2025/10/17 20:02:28 POLARIS_LOG {"event":"send_rate","rate":296000,"ts":1760731348.470399}
2025/10/17 20:02:29 POLARIS_LOG {"event":"send_rate","rate":304000,"ts":1760731349.4875312}
2025/10/17 20:02:30 POLARIS_LOG {"event":"send_rate","rate":296000,"ts":1760731350.4700358}
2025/10/17 20:02:31 POLARIS_LOG {"event":"send_rate","rate":304000,"ts":1760731351.4734287}
2025/10/17 20:02:32 POLARIS_LOG {"event":"send_rate","rate":296000,"ts":1760731352.4697354}
2025/10/17 20:02:33 POLARIS_LOG {"event":"send_rate","rate":304000,"ts":1760731353.4761193}
2025/10/17 20:02:34 POLARIS_LOG {"event":"send_rate","rate":296000,"ts":1760731354.470484}
2025/10/17 20:02:35 POLARIS_LOG {"event":"send_rate","rate":304000,"ts":1760731355.4697785}
2025/10/17 20:02:36 POLARIS_LOG {"event":"send_rate","rate":296000,"ts":1760731356.470072}
2025/10/17 20:02:37 POLARIS_LOG {"event":"send_rate","rate":304000,"ts":1760731357.4739168}
2025/10/17 20:02:38 POLARIS_LOG {"event":"send_rate","rate":296000,"ts":1760731358.4700994}
2025/10/17 20:02:39 POLARIS_LOG {"event":"send_rate","rate":304000,"ts":1760731359.4706016}
2025/10/17 20:02:40 POLARIS_LOG {"event":"send_rate","rate":288000,"ts":1760731360.475222}
2025/10/17 20:02:41 POLARIS_LOG {"event":"send_rate","rate":272000,"ts":1760731361.4765878}
2025/10/17 20:02:42 POLARIS_LOG {"event":"send_rate","rate":272000,"ts":1760731362.4704707}
2025/10/17 20:02:43 POLARIS_LOG {"event":"send_rate","rate":248000,"ts":1760731363.4745102}
2025/10/17 20:02:44 POLARIS_LOG {"event":"send_rate","rate":224000,"ts":1760731364.4709663}
Skipping switch: current path 3 3 7 7 1 3 has lastEstimate 333250 >= maxEstimate 0
2025/10/17 20:02:45 POLARIS_LOG {"event":"send_rate","rate":200000,"ts":1760731365.4741323}
2025/10/17 20:02:46 POLARIS_LOG {"event":"send_rate","rate":168000,"ts":1760731366.471595}
2025/10/17 20:02:47 POLARIS_LOG {"event":"send_rate","rate":336000,"ts":1760731367.471011}
2025/10/17 20:02:48 POLARIS_LOG {"event":"send_rate","rate":416000,"ts":1760731368.4705226}
2025/10/17 20:02:49 POLARIS_LOG {"event":"send_rate","rate":400000,"ts":1760731369.4706488}
2025/10/17 20:02:50 POLARIS_LOG {"event":"send_rate","rate":320000,"ts":1760731370.473553}
2025/10/17 20:02:51 POLARIS_LOG {"event":"send_rate","rate":312000,"ts":1760731371.4780807}
2025/10/17 20:02:52 POLARIS_LOG {"event":"send_rate","rate":160000,"ts":1760731372.481522}
2025/10/17 20:02:53 POLARIS_LOG {"event":"send_rate","rate":360000,"ts":1760731373.4724574}
2025/10/17 20:02:54 POLARIS_LOG {"event":"send_rate","rate":368000,"ts":1760731374.4768865}
2025/10/17 20:02:55 POLARIS_LOG {"event":"send_rate","rate":288000,"ts":1760731375.4901428}
2025/10/17 20:02:56 POLARIS_LOG {"event":"send_rate","rate":280000,"ts":1760731376.4778903}
2025/10/17 20:02:57 POLARIS_LOG {"event":"send_rate","rate":296000,"ts":1760731377.4730852}
2025/10/17 20:02:58 POLARIS_LOG {"event":"send_rate","rate":408000,"ts":1760731378.4697382}
2025/10/17 20:02:59 POLARIS_LOG {"event":"send_rate","rate":336000,"ts":1760731379.4704902}
2025/10/17 20:03:00 POLARIS_LOG {"event":"send_rate","rate":248000,"ts":1760731380.4713466}
2025/10/17 20:03:01 POLARIS_LOG {"event":"send_rate","rate":136000,"ts":1760731381.47009}
2025/10/17 20:03:02 POLARIS_LOG {"event":"send_rate","rate":408000,"ts":1760731382.4726937}
2025/10/17 20:03:03 POLARIS_LOG {"event":"send_rate","rate":312000,"ts":1760731383.4710698}
2025/10/17 20:03:04 POLARIS_LOG {"event":"send_rate","rate":328000,"ts":1760731384.485398}
2025/10/17 20:03:05 POLARIS_LOG {"event":"send_rate","rate":336000,"ts":1760731385.4786608}
2025/10/17 20:03:06 POLARIS_LOG {"event":"send_rate","rate":288000,"ts":1760731386.473169}
2025/10/17 20:03:07 POLARIS_LOG {"event":"send_rate","rate":328000,"ts":1760731387.4974322}
2025/10/17 20:03:08 POLARIS_LOG {"event":"send_rate","rate":360000,"ts":1760731388.4706435}
2025/10/17 20:03:09 POLARIS_LOG {"event":"send_rate","rate":304000,"ts":1760731389.4747927}
2025/10/17 20:03:10 POLARIS_LOG {"event":"send_rate","rate":296000,"ts":1760731390.4705098}
2025/10/17 20:03:11 POLARIS_LOG {"event":"send_rate","rate":296000,"ts":1760731391.4699829}
2025/10/17 20:03:12 POLARIS_LOG {"event":"send_rate","rate":304000,"ts":1760731392.5048041}
2025/10/17 20:03:13 POLARIS_LOG {"event":"send_rate","rate":304000,"ts":1760731393.4711502}
2025/10/17 20:03:14 POLARIS_LOG {"event":"send_rate","rate":304000,"ts":1760731394.4828334}
2025/10/17 20:03:15 POLARIS_LOG {"event":"send_rate","rate":296000,"ts":1760731395.4716933}
2025/10/17 20:03:16 POLARIS_LOG {"event":"send_rate","rate":296000,"ts":1760731396.4701521}
2025/10/17 20:03:17 POLARIS_LOG {"event":"send_rate","rate":304000,"ts":1760731397.471093}
2025/10/17 20:03:18 POLARIS_LOG {"event":"send_rate","rate":296000,"ts":1760731398.473417}
2025/10/17 20:03:19 POLARIS_LOG {"event":"send_rate","rate":304000,"ts":1760731399.4723802}
2025/10/17 20:03:20 POLARIS_LOG {"event":"send_rate","rate":296000,"ts":1760731400.480256}
2025/10/17 20:03:21 POLARIS_LOG {"event":"send_rate","rate":304000,"ts":1760731401.4699502}
2025/10/17 20:03:22 POLARIS_LOG {"event":"send_rate","rate":296000,"ts":1760731402.4696841}
2025/10/17 20:03:23 POLARIS_LOG {"event":"send_rate","rate":296000,"ts":1760731403.4698558}
2025/10/17 20:03:24 POLARIS_LOG {"event":"send_rate","rate":304000,"ts":1760731404.4833324}
2025/10/17 20:03:25 POLARIS_LOG {"event":"send_rate","rate":176000,"ts":1760731405.4713624}
2025/10/17 20:03:26 POLARIS_LOG {"event":"send_rate","rate":136000,"ts":1760731406.4706614}
2025/10/17 20:03:27 POLARIS_LOG {"event":"send_rate","rate":288000,"ts":1760731407.4973965}
2025/10/17 20:03:28 POLARIS_LOG {"event":"send_rate","rate":176000,"ts":1760731408.471362}
2025/10/17 20:03:29 POLARIS_LOG {"event":"send_rate","rate":232000,"ts":1760731409.480035}
2025/10/17 20:03:30 POLARIS_LOG {"event":"send_rate","rate":344000,"ts":1760731410.4777021}
2025/10/17 20:03:31 POLARIS_LOG {"event":"send_rate","rate":272000,"ts":1760731411.473612}
2025/10/17 20:03:32 POLARIS_LOG {"event":"send_rate","rate":264000,"ts":1760731412.470531}
2025/10/17 20:03:33 POLARIS_LOG {"event":"send_rate","rate":360000,"ts":1760731413.471629}
Skipping switch: current path 3 3 7 7 1 3 has lastEstimate 333250 >= maxEstimate 0
2025/10/17 20:03:34 POLARIS_LOG {"event":"send_rate","rate":256000,"ts":1760731414.4703422}
2025/10/17 20:03:35 POLARIS_LOG {"event":"send_rate","rate":344000,"ts":1760731415.473211}
2025/10/17 20:03:36 POLARIS_LOG {"event":"send_rate","rate":272000,"ts":1760731416.4731588}
2025/10/17 20:03:37 POLARIS_LOG {"event":"send_rate","rate":320000,"ts":1760731417.4708018}
2025/10/17 20:03:38 POLARIS_LOG {"event":"send_rate","rate":296000,"ts":1760731418.4730065}
2025/10/17 20:03:39 POLARIS_LOG {"event":"send_rate","rate":248000,"ts":1760731419.4705167}
2025/10/17 20:03:40 POLARIS_LOG {"event":"send_rate","rate":208000,"ts":1760731420.4737396}
2025/10/17 20:03:41 POLARIS_LOG {"event":"send_rate","rate":272000,"ts":1760731421.4726262}
2025/10/17 20:03:42 POLARIS_LOG {"event":"send_rate","rate":304000,"ts":1760731422.470523}
2025/10/17 20:03:43 POLARIS_LOG {"event":"send_rate","rate":232000,"ts":1760731423.471058}
2025/10/17 20:03:44 POLARIS_LOG {"event":"send_rate","rate":280000,"ts":1760731424.4713893}
Skipping switch: current path 3 3 7 7 1 3 has lastEstimate 333250 >= maxEstimate 0
2025/10/17 20:03:45 POLARIS_LOG {"event":"send_rate","rate":224000,"ts":1760731425.4751208}
2025/10/17 20:03:46 POLARIS_LOG {"event":"send_rate","rate":176000,"ts":1760731426.4703193}
2025/10/17 20:03:47 POLARIS_LOG {"event":"send_rate","rate":104000,"ts":1760731427.4701514}
2025/10/17 20:03:48 POLARIS_LOG {"event":"send_rate","rate":184000,"ts":1760731428.4702394}
2025/10/17 20:03:49 POLARIS_LOG {"event":"send_rate","rate":144000,"ts":1760731429.4763863}
2025/10/17 20:03:50 POLARIS_LOG {"event":"send_rate","rate":208000,"ts":1760731430.4706726}
2025/10/17 20:03:51 POLARIS_LOG {"event":"send_rate","rate":216000,"ts":1760731431.4702184}
2025/10/17 20:03:52 POLARIS_LOG {"event":"send_rate","rate":208000,"ts":1760731432.4697433}
2025/10/17 20:03:53 POLARIS_LOG {"event":"send_rate","rate":312000,"ts":1760731433.4740727}
Skipping switch: current path 3 3 7 7 1 3 has lastEstimate 333250 >= maxEstimate 0
2025/10/17 20:03:54 POLARIS_LOG {"event":"send_rate","rate":192000,"ts":1760731434.472487}
2025/10/17 20:03:55 POLARIS_LOG {"event":"send_rate","rate":184000,"ts":1760731435.4730735}
2025/10/17 20:03:56 POLARIS_LOG {"event":"send_rate","rate":360000,"ts":1760731436.4699993}
2025/10/17 20:03:57 POLARIS_LOG {"event":"send_rate","rate":488000,"ts":1760731437.4706316}
2025/10/17 20:03:58 POLARIS_LOG {"event":"send_rate","rate":448000,"ts":1760731438.4702637}
2025/10/17 20:03:59 POLARIS_LOG {"event":"send_rate","rate":576000,"ts":1760731439.471451}
2025/10/17 20:04:00 POLARIS_LOG {"event":"send_rate","rate":448000,"ts":1760731440.4764543}
2025/10/17 20:04:01 POLARIS_LOG {"event":"send_rate","rate":400000,"ts":1760731441.4791987}
2025/10/17 20:04:02 POLARIS_LOG {"event":"send_rate","rate":440000,"ts":1760731442.4704907}
2025/10/17 20:04:03 POLARIS_LOG {"event":"send_rate","rate":296000,"ts":1760731443.4938502}
Skipping switch: current path 3 3 7 7 1 3 has lastEstimate 333250 >= maxEstimate 0
2025/10/17 20:04:04 POLARIS_LOG {"event":"send_rate","rate":272000,"ts":1760731444.4697015}
2025/10/17 20:04:05 POLARIS_LOG {"event":"send_rate","rate":208000,"ts":1760731445.4763165}
2025/10/17 20:04:06 POLARIS_LOG {"event":"send_rate","rate":200000,"ts":1760731446.5245893}
2025/10/17 20:04:07 POLARIS_LOG {"event":"send_rate","rate":272000,"ts":1760731447.4705222}
2025/10/17 20:04:08 POLARIS_LOG {"event":"send_rate","rate":320000,"ts":1760731448.4731236}
2025/10/17 20:04:09 POLARIS_LOG {"event":"send_rate","rate":232000,"ts":1760731449.4699533}
2025/10/17 20:04:10 POLARIS_LOG {"event":"send_rate","rate":288000,"ts":1760731450.470079}
2025/10/17 20:04:11 POLARIS_LOG {"event":"send_rate","rate":368000,"ts":1760731451.470988}
2025/10/17 20:04:12 POLARIS_LOG {"event":"send_rate","rate":296000,"ts":1760731452.4701545}
2025/10/17 20:04:13 POLARIS_LOG {"event":"send_rate","rate":160000,"ts":1760731453.470322}
Skipping switch: current path 3 3 7 7 1 3 has lastEstimate 333250 >= maxEstimate 0
2025/10/17 20:04:14 POLARIS_LOG {"event":"send_rate","rate":232000,"ts":1760731454.470284}
2025/10/17 20:04:15 POLARIS_LOG {"event":"send_rate","rate":280000,"ts":1760731455.4785104}
Drain Loop received packet
Drain Loop received non-nil payload
2025/10/17 20:04:16 POLARIS_LOG {"event":"send_rate","rate":320000,"ts":1760731456.4714017}
Client sent 10791 packets, server reported 10612 packets received
The network loss rate from client to server is 1.7%

S->C results
Attempted bandwidth: 0 bps / 0.00 Mbps
Achieved bandwidth: 0 bps / 0.00 Mbps
Loss rate: 0.0%
Interarrival time min/avg/max/mdev = -0.000/0.000/0.000/0.000 ms

C->S results
Attempted bandwidth: 299986 bps / 0.30 Mbps
Achieved bandwidth: 291738 bps / 0.29 Mbps
Loss rate: 2.7%
Interarrival time min/avg/max/mdev = 0.001/27.238/663.086/25.216 ms
