
Test parameters:
client->server: 285 seconds, 1000 bytes, 10687 packets
server->client: 285 seconds, 1000 bytes, 0 packets
Polaris prober initialized with 38 paths
2025/10/17 19:59:30 POLARIS_LOG {"current_rate":0,"event":"path_switch","new":"2 2 5 2","trigger":"initialization","ts":1760731170.504217}
Polaris prober initialized with local 1-111,10.111.0.71:32749 and remote 1-113,10.113.0.71
2025/10/17 19:59:31 POLARIS_LOG {"event":"send_rate","rate":280000,"ts":1760731171.5062072}
2025/10/17 19:59:32 POLARIS_LOG {"event":"send_rate","rate":288000,"ts":1760731172.5157297}
2025/10/17 19:59:33 POLARIS_LOG {"event":"send_rate","rate":312000,"ts":1760731173.5057564}
2025/10/17 19:59:34 POLARIS_LOG {"event":"send_rate","rate":304000,"ts":1760731174.5068936}
2025/10/17 19:59:35 POLARIS_LOG {"event":"send_rate","rate":296000,"ts":1760731175.5189264}
2025/10/17 19:59:36 POLARIS_LOG {"event":"send_rate","rate":304000,"ts":1760731176.5076292}
2025/10/17 19:59:37 POLARIS_LOG {"event":"send_rate","rate":296000,"ts":1760731177.507592}
2025/10/17 19:59:38 POLARIS_LOG {"event":"send_rate","rate":296000,"ts":1760731178.5126066}
2025/10/17 19:59:39 POLARIS_LOG {"event":"send_rate","rate":304000,"ts":1760731179.5062523}
2025/10/17 19:59:40 POLARIS_LOG {"event":"send_rate","rate":296000,"ts":1760731180.505965}
2025/10/17 19:59:41 POLARIS_LOG {"event":"send_rate","rate":304000,"ts":1760731181.5096583}
2025/10/17 19:59:42 POLARIS_LOG {"event":"send_rate","rate":296000,"ts":1760731182.5065444}
2025/10/17 19:59:43 POLARIS_LOG {"event":"send_rate","rate":304000,"ts":1760731183.5063283}
2025/10/17 19:59:44 POLARIS_LOG {"event":"send_rate","rate":296000,"ts":1760731184.505778}
2025/10/17 19:59:45 POLARIS_LOG {"event":"send_rate","rate":304000,"ts":1760731185.5066233}
2025/10/17 19:59:46 POLARIS_LOG {"event":"send_rate","rate":296000,"ts":1760731186.5063941}
2025/10/17 19:59:47 POLARIS_LOG {"event":"send_rate","rate":192000,"ts":1760731187.5082803}
2025/10/17 19:59:48 POLARIS_LOG {"event":"send_rate","rate":192000,"ts":1760731188.5084927}
2025/10/17 19:59:49 POLARIS_LOG {"event":"send_rate","rate":192000,"ts":1760731189.5060384}
2025/10/17 19:59:50 POLARIS_LOG {"candidates":2,"candidates_unfiltered":25,"current_rate":192000,"estimated_share":2000000,"event":"path_switch","max_estimated_share":2000000,"new":"1 1 7 7 3 5","old":"2 2 5 2","trigger":"scheduled","ts":1760731190.5098073}
2025/10/17 19:59:50 POLARIS_LOG {"event":"send_rate","rate":200000,"ts":1760731190.510039}
2025/10/17 19:59:51 POLARIS_LOG {"event":"send_rate","rate":728000,"ts":1760731191.5065744}
2025/10/17 19:59:52 POLARIS_LOG {"event":"send_rate","rate":296000,"ts":1760731192.508401}
2025/10/17 19:59:53 POLARIS_LOG {"event":"send_rate","rate":304000,"ts":1760731193.5092213}
2025/10/17 19:59:54 POLARIS_LOG {"event":"send_rate","rate":296000,"ts":1760731194.5120044}
2025/10/17 19:59:55 POLARIS_LOG {"event":"send_rate","rate":304000,"ts":1760731195.5061946}
2025/10/17 19:59:56 POLARIS_LOG {"event":"send_rate","rate":304000,"ts":1760731196.511838}
2025/10/17 19:59:57 POLARIS_LOG {"event":"send_rate","rate":296000,"ts":1760731197.5088568}
2025/10/17 19:59:58 POLARIS_LOG {"event":"send_rate","rate":296000,"ts":1760731198.5080183}
2025/10/17 19:59:59 POLARIS_LOG {"event":"send_rate","rate":304000,"ts":1760731199.509574}
2025/10/17 20:00:00 POLARIS_LOG {"event":"send_rate","rate":296000,"ts":1760731200.5065253}
2025/10/17 20:00:01 POLARIS_LOG {"event":"send_rate","rate":304000,"ts":1760731201.5070875}
2025/10/17 20:00:02 POLARIS_LOG {"event":"send_rate","rate":296000,"ts":1760731202.5090852}
2025/10/17 20:00:03 POLARIS_LOG {"event":"send_rate","rate":304000,"ts":1760731203.5057693}
2025/10/17 20:00:04 POLARIS_LOG {"event":"send_rate","rate":296000,"ts":1760731204.506913}
2025/10/17 20:00:05 POLARIS_LOG {"event":"send_rate","rate":304000,"ts":1760731205.5080814}
2025/10/17 20:00:06 POLARIS_LOG {"event":"send_rate","rate":296000,"ts":1760731206.506557}
2025/10/17 20:00:07 POLARIS_LOG {"event":"send_rate","rate":304000,"ts":1760731207.5071623}
2025/10/17 20:00:08 POLARIS_LOG {"event":"send_rate","rate":296000,"ts":1760731208.5072205}
2025/10/17 20:00:09 POLARIS_LOG {"event":"send_rate","rate":304000,"ts":1760731209.5095797}
2025/10/17 20:00:10 POLARIS_LOG {"event":"send_rate","rate":296000,"ts":1760731210.5072165}
2025/10/17 20:00:11 POLARIS_LOG {"event":"send_rate","rate":304000,"ts":1760731211.506592}
2025/10/17 20:00:12 POLARIS_LOG {"event":"send_rate","rate":296000,"ts":1760731212.5057836}
2025/10/17 20:00:13 POLARIS_LOG {"event":"send_rate","rate":304000,"ts":1760731213.5068796}
2025/10/17 20:00:14 POLARIS_LOG {"event":"send_rate","rate":296000,"ts":1760731214.506282}
2025/10/17 20:00:15 POLARIS_LOG {"event":"send_rate","rate":304000,"ts":1760731215.5065663}
2025/10/17 20:00:16 POLARIS_LOG {"event":"send_rate","rate":296000,"ts":1760731216.5075116}
2025/10/17 20:00:17 POLARIS_LOG {"event":"send_rate","rate":304000,"ts":1760731217.507245}
2025/10/17 20:00:18 POLARIS_LOG {"event":"send_rate","rate":296000,"ts":1760731218.5068262}
2025/10/17 20:00:19 POLARIS_LOG {"event":"send_rate","rate":304000,"ts":1760731219.506576}
2025/10/17 20:00:20 POLARIS_LOG {"event":"send_rate","rate":296000,"ts":1760731220.50603}
2025/10/17 20:00:21 POLARIS_LOG {"event":"send_rate","rate":304000,"ts":1760731221.5082672}
2025/10/17 20:00:22 POLARIS_LOG {"event":"send_rate","rate":304000,"ts":1760731222.5147517}
2025/10/17 20:00:23 POLARIS_LOG {"event":"send_rate","rate":296000,"ts":1760731223.5104604}
2025/10/17 20:00:24 POLARIS_LOG {"event":"send_rate","rate":296000,"ts":1760731224.5123308}
2025/10/17 20:00:25 POLARIS_LOG {"event":"send_rate","rate":304000,"ts":1760731225.506121}
2025/10/17 20:00:26 POLARIS_LOG {"event":"send_rate","rate":296000,"ts":1760731226.5072439}
2025/10/17 20:00:27 POLARIS_LOG {"event":"send_rate","rate":304000,"ts":1760731227.5059006}
2025/10/17 20:00:28 POLARIS_LOG {"event":"send_rate","rate":304000,"ts":1760731228.5285637}
2025/10/17 20:00:29 POLARIS_LOG {"event":"send_rate","rate":296000,"ts":1760731229.507715}
2025/10/17 20:00:30 POLARIS_LOG {"event":"send_rate","rate":296000,"ts":1760731230.5065575}
2025/10/17 20:00:31 POLARIS_LOG {"event":"send_rate","rate":304000,"ts":1760731231.511242}
2025/10/17 20:00:32 POLARIS_LOG {"event":"send_rate","rate":304000,"ts":1760731232.5245454}
2025/10/17 20:00:33 POLARIS_LOG {"event":"send_rate","rate":288000,"ts":1760731233.5094497}
2025/10/17 20:00:34 POLARIS_LOG {"event":"send_rate","rate":304000,"ts":1760731234.5097263}
2025/10/17 20:00:35 POLARIS_LOG {"event":"send_rate","rate":304000,"ts":1760731235.5197902}
2025/10/17 20:00:36 POLARIS_LOG {"event":"send_rate","rate":296000,"ts":1760731236.507178}
2025/10/17 20:00:37 POLARIS_LOG {"event":"send_rate","rate":296000,"ts":1760731237.5061433}
2025/10/17 20:00:38 POLARIS_LOG {"event":"send_rate","rate":312000,"ts":1760731238.5156224}
2025/10/17 20:00:39 POLARIS_LOG {"event":"send_rate","rate":296000,"ts":1760731239.517154}
2025/10/17 20:00:40 POLARIS_LOG {"event":"send_rate","rate":304000,"ts":1760731240.5265408}
2025/10/17 20:00:41 POLARIS_LOG {"event":"send_rate","rate":296000,"ts":1760731241.5074632}
2025/10/17 20:00:42 POLARIS_LOG {"event":"send_rate","rate":296000,"ts":1760731242.5059543}
2025/10/17 20:00:43 POLARIS_LOG {"event":"send_rate","rate":296000,"ts":1760731243.5086894}
2025/10/17 20:00:44 POLARIS_LOG {"event":"send_rate","rate":304000,"ts":1760731244.5060337}
2025/10/17 20:00:45 POLARIS_LOG {"event":"send_rate","rate":304000,"ts":1760731245.5335486}
2025/10/17 20:00:46 POLARIS_LOG {"event":"send_rate","rate":304000,"ts":1760731246.5251565}
2025/10/17 20:00:47 POLARIS_LOG {"event":"send_rate","rate":296000,"ts":1760731247.5083935}
2025/10/17 20:00:48 POLARIS_LOG {"event":"send_rate","rate":296000,"ts":1760731248.5070598}
2025/10/17 20:00:49 POLARIS_LOG {"event":"send_rate","rate":304000,"ts":1760731249.5057278}
2025/10/17 20:00:50 POLARIS_LOG {"event":"send_rate","rate":296000,"ts":1760731250.5108898}
2025/10/17 20:00:51 POLARIS_LOG {"event":"send_rate","rate":296000,"ts":1760731251.5140536}
2025/10/17 20:00:52 POLARIS_LOG {"event":"send_rate","rate":304000,"ts":1760731252.5124722}
2025/10/17 20:00:53 POLARIS_LOG {"event":"send_rate","rate":296000,"ts":1760731253.5077827}
2025/10/17 20:00:54 POLARIS_LOG {"event":"send_rate","rate":304000,"ts":1760731254.5063698}
2025/10/17 20:00:55 POLARIS_LOG {"event":"send_rate","rate":320000,"ts":1760731255.571866}
2025/10/17 20:00:56 POLARIS_LOG {"event":"send_rate","rate":296000,"ts":1760731256.5697188}
2025/10/17 20:00:57 POLARIS_LOG {"event":"send_rate","rate":288000,"ts":1760731257.5079684}
2025/10/17 20:00:58 POLARIS_LOG {"event":"send_rate","rate":296000,"ts":1760731258.5096858}
2025/10/17 20:00:59 POLARIS_LOG {"event":"send_rate","rate":304000,"ts":1760731259.5065281}
2025/10/17 20:01:00 POLARIS_LOG {"event":"send_rate","rate":296000,"ts":1760731260.5131238}
2025/10/17 20:01:01 POLARIS_LOG {"event":"send_rate","rate":304000,"ts":1760731261.5064106}
2025/10/17 20:01:02 POLARIS_LOG {"event":"send_rate","rate":312000,"ts":1760731262.5605843}
2025/10/17 20:01:03 POLARIS_LOG {"event":"send_rate","rate":288000,"ts":1760731263.5072732}
2025/10/17 20:01:04 POLARIS_LOG {"event":"send_rate","rate":296000,"ts":1760731264.5073714}
2025/10/17 20:01:05 POLARIS_LOG {"event":"send_rate","rate":296000,"ts":1760731265.5153902}
2025/10/17 20:01:06 POLARIS_LOG {"event":"send_rate","rate":304000,"ts":1760731266.5063908}
2025/10/17 20:01:07 POLARIS_LOG {"event":"send_rate","rate":304000,"ts":1760731267.5140457}
2025/10/17 20:01:08 POLARIS_LOG {"event":"send_rate","rate":296000,"ts":1760731268.506532}
2025/10/17 20:01:09 POLARIS_LOG {"event":"send_rate","rate":304000,"ts":1760731269.506146}
2025/10/17 20:01:10 POLARIS_LOG {"event":"send_rate","rate":296000,"ts":1760731270.5067046}
2025/10/17 20:01:11 POLARIS_LOG {"event":"send_rate","rate":304000,"ts":1760731271.5226974}
2025/10/17 20:01:12 POLARIS_LOG {"event":"send_rate","rate":296000,"ts":1760731272.5159807}
2025/10/17 20:01:13 POLARIS_LOG {"event":"send_rate","rate":304000,"ts":1760731273.5110276}
2025/10/17 20:01:14 POLARIS_LOG {"event":"send_rate","rate":296000,"ts":1760731274.5378304}
2025/10/17 20:01:15 POLARIS_LOG {"event":"send_rate","rate":304000,"ts":1760731275.507314}
2025/10/17 20:01:16 POLARIS_LOG {"event":"send_rate","rate":304000,"ts":1760731276.5235536}
2025/10/17 20:01:17 POLARIS_LOG {"event":"send_rate","rate":288000,"ts":1760731277.5070739}
2025/10/17 20:01:18 POLARIS_LOG {"event":"send_rate","rate":304000,"ts":1760731278.514891}
2025/10/17 20:01:19 POLARIS_LOG {"event":"send_rate","rate":304000,"ts":1760731279.5077484}
2025/10/17 20:01:20 POLARIS_LOG {"event":"send_rate","rate":296000,"ts":1760731280.5068066}
2025/10/17 20:01:21 POLARIS_LOG {"event":"send_rate","rate":296000,"ts":1760731281.5064602}
2025/10/17 20:01:22 POLARIS_LOG {"event":"send_rate","rate":304000,"ts":1760731282.511735}
2025/10/17 20:01:23 POLARIS_LOG {"event":"send_rate","rate":296000,"ts":1760731283.506905}
2025/10/17 20:01:24 POLARIS_LOG {"event":"send_rate","rate":304000,"ts":1760731284.505728}
2025/10/17 20:01:25 POLARIS_LOG {"event":"send_rate","rate":296000,"ts":1760731285.5066943}
2025/10/17 20:01:26 POLARIS_LOG {"event":"send_rate","rate":304000,"ts":1760731286.509163}
2025/10/17 20:01:27 POLARIS_LOG {"event":"send_rate","rate":296000,"ts":1760731287.5069098}
2025/10/17 20:01:28 POLARIS_LOG {"event":"send_rate","rate":304000,"ts":1760731288.5084562}
2025/10/17 20:01:29 POLARIS_LOG {"event":"send_rate","rate":296000,"ts":1760731289.5437942}
2025/10/17 20:01:30 POLARIS_LOG {"event":"send_rate","rate":304000,"ts":1760731290.506756}
2025/10/17 20:01:31 POLARIS_LOG {"event":"send_rate","rate":296000,"ts":1760731291.5065355}
2025/10/17 20:01:32 POLARIS_LOG {"event":"send_rate","rate":304000,"ts":1760731292.5094411}
2025/10/17 20:01:33 POLARIS_LOG {"event":"send_rate","rate":296000,"ts":1760731293.506597}
2025/10/17 20:01:34 POLARIS_LOG {"event":"send_rate","rate":304000,"ts":1760731294.5122423}
2025/10/17 20:01:35 POLARIS_LOG {"event":"send_rate","rate":304000,"ts":1760731295.5102682}
2025/10/17 20:01:36 POLARIS_LOG {"event":"send_rate","rate":296000,"ts":1760731296.5057378}
2025/10/17 20:01:37 POLARIS_LOG {"event":"send_rate","rate":296000,"ts":1760731297.5060697}
2025/10/17 20:01:38 POLARIS_LOG {"event":"send_rate","rate":304000,"ts":1760731298.5060678}
2025/10/17 20:01:39 POLARIS_LOG {"event":"send_rate","rate":296000,"ts":1760731299.5064714}
2025/10/17 20:01:40 POLARIS_LOG {"event":"send_rate","rate":304000,"ts":1760731300.5059159}
2025/10/17 20:01:41 POLARIS_LOG {"event":"send_rate","rate":296000,"ts":1760731301.5085554}
2025/10/17 20:01:42 POLARIS_LOG {"event":"send_rate","rate":304000,"ts":1760731302.5065305}
2025/10/17 20:01:43 POLARIS_LOG {"event":"send_rate","rate":296000,"ts":1760731303.507148}
2025/10/17 20:01:44 POLARIS_LOG {"event":"send_rate","rate":304000,"ts":1760731304.5115042}
2025/10/17 20:01:45 POLARIS_LOG {"event":"send_rate","rate":296000,"ts":1760731305.5062635}
2025/10/17 20:01:46 POLARIS_LOG {"event":"send_rate","rate":304000,"ts":1760731306.5068982}
2025/10/17 20:01:47 POLARIS_LOG {"event":"send_rate","rate":296000,"ts":1760731307.5096056}
2025/10/17 20:01:48 POLARIS_LOG {"event":"send_rate","rate":304000,"ts":1760731308.506699}
2025/10/17 20:01:49 POLARIS_LOG {"event":"send_rate","rate":296000,"ts":1760731309.5063696}
2025/10/17 20:01:50 POLARIS_LOG {"event":"send_rate","rate":304000,"ts":1760731310.51396}
2025/10/17 20:01:51 POLARIS_LOG {"event":"send_rate","rate":296000,"ts":1760731311.5063381}
2025/10/17 20:01:52 POLARIS_LOG {"event":"send_rate","rate":304000,"ts":1760731312.5062566}
2025/10/17 20:01:53 POLARIS_LOG {"event":"send_rate","rate":296000,"ts":1760731313.5083928}
2025/10/17 20:01:54 POLARIS_LOG {"event":"send_rate","rate":304000,"ts":1760731314.507698}
2025/10/17 20:01:55 POLARIS_LOG {"event":"send_rate","rate":296000,"ts":1760731315.5116756}
2025/10/17 20:01:56 POLARIS_LOG {"event":"send_rate","rate":304000,"ts":1760731316.5067582}
2025/10/17 20:01:57 POLARIS_LOG {"event":"send_rate","rate":296000,"ts":1760731317.5071847}
2025/10/17 20:01:58 POLARIS_LOG {"event":"send_rate","rate":304000,"ts":1760731318.509945}
2025/10/17 20:01:59 POLARIS_LOG {"event":"send_rate","rate":296000,"ts":1760731319.506002}
2025/10/17 20:02:00 POLARIS_LOG {"event":"send_rate","rate":304000,"ts":1760731320.5060956}
2025/10/17 20:02:01 POLARIS_LOG {"event":"send_rate","rate":296000,"ts":1760731321.5064752}
2025/10/17 20:02:02 POLARIS_LOG {"event":"send_rate","rate":304000,"ts":1760731322.5065556}
2025/10/17 20:02:03 POLARIS_LOG {"event":"send_rate","rate":296000,"ts":1760731323.5070124}
2025/10/17 20:02:04 POLARIS_LOG {"event":"send_rate","rate":304000,"ts":1760731324.5123773}
2025/10/17 20:02:05 POLARIS_LOG {"event":"send_rate","rate":312000,"ts":1760731325.540796}
2025/10/17 20:02:06 POLARIS_LOG {"event":"send_rate","rate":288000,"ts":1760731326.525596}
2025/10/17 20:02:07 POLARIS_LOG {"event":"send_rate","rate":296000,"ts":1760731327.5058923}
2025/10/17 20:02:08 POLARIS_LOG {"event":"send_rate","rate":304000,"ts":1760731328.513063}
2025/10/17 20:02:09 POLARIS_LOG {"event":"send_rate","rate":328000,"ts":1760731329.6172032}
2025/10/17 20:02:10 POLARIS_LOG {"event":"send_rate","rate":272000,"ts":1760731330.506479}
2025/10/17 20:02:11 POLARIS_LOG {"event":"send_rate","rate":304000,"ts":1760731331.5304432}
2025/10/17 20:02:12 POLARIS_LOG {"event":"send_rate","rate":296000,"ts":1760731332.5093708}
2025/10/17 20:02:13 POLARIS_LOG {"event":"send_rate","rate":296000,"ts":1760731333.50667}
2025/10/17 20:02:14 POLARIS_LOG {"event":"send_rate","rate":304000,"ts":1760731334.5057492}
2025/10/17 20:02:15 POLARIS_LOG {"event":"send_rate","rate":296000,"ts":1760731335.5077136}
2025/10/17 20:02:16 POLARIS_LOG {"event":"send_rate","rate":304000,"ts":1760731336.5096655}
2025/10/17 20:02:17 POLARIS_LOG {"event":"send_rate","rate":296000,"ts":1760731337.5131457}
2025/10/17 20:02:18 POLARIS_LOG {"event":"send_rate","rate":304000,"ts":1760731338.5224404}
2025/10/17 20:02:19 POLARIS_LOG {"event":"send_rate","rate":296000,"ts":1760731339.505746}
2025/10/17 20:02:20 POLARIS_LOG {"event":"send_rate","rate":304000,"ts":1760731340.5227726}
2025/10/17 20:02:21 POLARIS_LOG {"event":"send_rate","rate":296000,"ts":1760731341.5060585}
2025/10/17 20:02:22 POLARIS_LOG {"event":"send_rate","rate":304000,"ts":1760731342.5058951}
2025/10/17 20:02:23 POLARIS_LOG {"event":"send_rate","rate":296000,"ts":1760731343.5061498}
2025/10/17 20:02:24 POLARIS_LOG {"event":"send_rate","rate":304000,"ts":1760731344.507482}
2025/10/17 20:02:25 POLARIS_LOG {"event":"send_rate","rate":296000,"ts":1760731345.5065222}
2025/10/17 20:02:26 POLARIS_LOG {"event":"send_rate","rate":304000,"ts":1760731346.51425}
2025/10/17 20:02:27 POLARIS_LOG {"event":"send_rate","rate":296000,"ts":1760731347.5094774}
2025/10/17 20:02:28 POLARIS_LOG {"event":"send_rate","rate":304000,"ts":1760731348.5071278}
2025/10/17 20:02:29 POLARIS_LOG {"event":"send_rate","rate":296000,"ts":1760731349.5108454}
2025/10/17 20:02:30 POLARIS_LOG {"event":"send_rate","rate":304000,"ts":1760731350.515812}
2025/10/17 20:02:31 POLARIS_LOG {"event":"send_rate","rate":296000,"ts":1760731351.5065546}
2025/10/17 20:02:32 POLARIS_LOG {"event":"send_rate","rate":304000,"ts":1760731352.5066183}
2025/10/17 20:02:33 POLARIS_LOG {"event":"send_rate","rate":296000,"ts":1760731353.5175707}
2025/10/17 20:02:34 POLARIS_LOG {"event":"send_rate","rate":304000,"ts":1760731354.5065615}
2025/10/17 20:02:35 POLARIS_LOG {"event":"send_rate","rate":296000,"ts":1760731355.506414}
2025/10/17 20:02:36 POLARIS_LOG {"event":"send_rate","rate":296000,"ts":1760731356.5057075}
2025/10/17 20:02:37 POLARIS_LOG {"event":"send_rate","rate":304000,"ts":1760731357.5092652}
2025/10/17 20:02:38 POLARIS_LOG {"event":"send_rate","rate":296000,"ts":1760731358.5085657}
2025/10/17 20:02:39 POLARIS_LOG {"event":"send_rate","rate":304000,"ts":1760731359.5070384}
2025/10/17 20:02:40 POLARIS_LOG {"event":"send_rate","rate":296000,"ts":1760731360.5060067}
2025/10/17 20:02:41 POLARIS_LOG {"event":"send_rate","rate":304000,"ts":1760731361.5076916}
2025/10/17 20:02:42 POLARIS_LOG {"event":"send_rate","rate":304000,"ts":1760731362.506659}
2025/10/17 20:02:43 POLARIS_LOG {"event":"send_rate","rate":296000,"ts":1760731363.5067637}
2025/10/17 20:02:44 POLARIS_LOG {"event":"send_rate","rate":304000,"ts":1760731364.5072408}
2025/10/17 20:02:45 POLARIS_LOG {"event":"send_rate","rate":296000,"ts":1760731365.5064404}
2025/10/17 20:02:46 POLARIS_LOG {"event":"send_rate","rate":296000,"ts":1760731366.5094247}
2025/10/17 20:02:47 POLARIS_LOG {"event":"send_rate","rate":304000,"ts":1760731367.5134418}
2025/10/17 20:02:48 POLARIS_LOG {"event":"send_rate","rate":304000,"ts":1760731368.5112305}
2025/10/17 20:02:49 POLARIS_LOG {"event":"send_rate","rate":296000,"ts":1760731369.5073745}
2025/10/17 20:02:50 POLARIS_LOG {"event":"send_rate","rate":296000,"ts":1760731370.5060275}
2025/10/17 20:02:51 POLARIS_LOG {"event":"send_rate","rate":304000,"ts":1760731371.5081365}
2025/10/17 20:02:52 POLARIS_LOG {"event":"send_rate","rate":296000,"ts":1760731372.5071926}
2025/10/17 20:02:53 POLARIS_LOG {"event":"send_rate","rate":304000,"ts":1760731373.5080855}
2025/10/17 20:02:54 POLARIS_LOG {"event":"send_rate","rate":296000,"ts":1760731374.5065644}
2025/10/17 20:02:55 POLARIS_LOG {"event":"send_rate","rate":288000,"ts":1760731375.5144577}
2025/10/17 20:02:56 POLARIS_LOG {"event":"send_rate","rate":320000,"ts":1760731376.5085223}
2025/10/17 20:02:57 POLARIS_LOG {"event":"send_rate","rate":296000,"ts":1760731377.5214145}
2025/10/17 20:02:58 POLARIS_LOG {"event":"send_rate","rate":296000,"ts":1760731378.5063133}
2025/10/17 20:02:59 POLARIS_LOG {"event":"send_rate","rate":296000,"ts":1760731379.508546}
2025/10/17 20:03:00 POLARIS_LOG {"event":"send_rate","rate":304000,"ts":1760731380.5066807}
2025/10/17 20:03:01 POLARIS_LOG {"event":"send_rate","rate":304000,"ts":1760731381.5063586}
2025/10/17 20:03:02 POLARIS_LOG {"event":"send_rate","rate":296000,"ts":1760731382.5070946}
2025/10/17 20:03:03 POLARIS_LOG {"event":"send_rate","rate":304000,"ts":1760731383.5073187}
2025/10/17 20:03:04 POLARIS_LOG {"event":"send_rate","rate":296000,"ts":1760731384.5060184}
2025/10/17 20:03:05 POLARIS_LOG {"event":"send_rate","rate":304000,"ts":1760731385.5067627}
2025/10/17 20:03:06 POLARIS_LOG {"event":"send_rate","rate":296000,"ts":1760731386.505854}
2025/10/17 20:03:07 POLARIS_LOG {"event":"send_rate","rate":304000,"ts":1760731387.5169065}
2025/10/17 20:03:08 POLARIS_LOG {"event":"send_rate","rate":296000,"ts":1760731388.5062041}
2025/10/17 20:03:09 POLARIS_LOG {"event":"send_rate","rate":304000,"ts":1760731389.5097196}
2025/10/17 20:03:10 POLARIS_LOG {"event":"send_rate","rate":304000,"ts":1760731390.5149176}
2025/10/17 20:03:11 POLARIS_LOG {"event":"send_rate","rate":296000,"ts":1760731391.5065863}
2025/10/17 20:03:12 POLARIS_LOG {"event":"send_rate","rate":280000,"ts":1760731392.5216155}
2025/10/17 20:03:13 POLARIS_LOG {"event":"send_rate","rate":288000,"ts":1760731393.5067642}
2025/10/17 20:03:14 POLARIS_LOG {"event":"send_rate","rate":208000,"ts":1760731394.5073235}
2025/10/17 20:03:15 POLARIS_LOG {"event":"send_rate","rate":224000,"ts":1760731395.5109606}
2025/10/17 20:03:16 POLARIS_LOG {"event":"send_rate","rate":208000,"ts":1760731396.5148525}
2025/10/17 20:03:17 POLARIS_LOG {"event":"send_rate","rate":288000,"ts":1760731397.5058193}
2025/10/17 20:03:18 POLARIS_LOG {"event":"send_rate","rate":280000,"ts":1760731398.5061343}
2025/10/17 20:03:19 POLARIS_LOG {"event":"send_rate","rate":320000,"ts":1760731399.5086777}
Skipping switch: current path 1 1 7 7 3 5 has lastEstimate 333250 >= maxEstimate 0
2025/10/17 20:03:20 POLARIS_LOG {"event":"send_rate","rate":280000,"ts":1760731400.518453}
2025/10/17 20:03:21 POLARIS_LOG {"event":"send_rate","rate":288000,"ts":1760731401.5081162}
2025/10/17 20:03:22 POLARIS_LOG {"event":"send_rate","rate":408000,"ts":1760731402.5327952}
2025/10/17 20:03:23 POLARIS_LOG {"event":"send_rate","rate":384000,"ts":1760731403.5074513}
2025/10/17 20:03:24 POLARIS_LOG {"event":"send_rate","rate":384000,"ts":1760731404.5068958}
2025/10/17 20:03:25 POLARIS_LOG {"event":"send_rate","rate":296000,"ts":1760731405.5149024}
2025/10/17 20:03:26 POLARIS_LOG {"event":"send_rate","rate":248000,"ts":1760731406.507759}
2025/10/17 20:03:27 POLARIS_LOG {"event":"send_rate","rate":256000,"ts":1760731407.5069146}
2025/10/17 20:03:28 POLARIS_LOG {"event":"send_rate","rate":192000,"ts":1760731408.508641}
2025/10/17 20:03:29 POLARIS_LOG {"event":"send_rate","rate":296000,"ts":1760731409.5085373}
2025/10/17 20:03:30 POLARIS_LOG {"event":"send_rate","rate":232000,"ts":1760731410.5061305}
Skipping switch: current path 1 1 7 7 3 5 has lastEstimate 333250 >= maxEstimate 0
2025/10/17 20:03:31 POLARIS_LOG {"event":"send_rate","rate":208000,"ts":1760731411.5079951}
2025/10/17 20:03:32 POLARIS_LOG {"event":"send_rate","rate":192000,"ts":1760731412.5066977}
2025/10/17 20:03:33 POLARIS_LOG {"event":"send_rate","rate":192000,"ts":1760731413.5068944}
2025/10/17 20:03:34 POLARIS_LOG {"event":"send_rate","rate":192000,"ts":1760731414.5062737}
2025/10/17 20:03:35 POLARIS_LOG {"event":"send_rate","rate":248000,"ts":1760731415.5067651}
2025/10/17 20:03:36 POLARIS_LOG {"event":"send_rate","rate":240000,"ts":1760731416.507232}
2025/10/17 20:03:37 POLARIS_LOG {"event":"send_rate","rate":312000,"ts":1760731417.5124478}
2025/10/17 20:03:38 POLARIS_LOG {"event":"send_rate","rate":176000,"ts":1760731418.5065322}
2025/10/17 20:03:39 POLARIS_LOG {"event":"send_rate","rate":192000,"ts":1760731419.5064085}
2025/10/17 20:03:40 POLARIS_LOG {"event":"send_rate","rate":296000,"ts":1760731420.5063715}
2025/10/17 20:03:41 POLARIS_LOG {"event":"send_rate","rate":320000,"ts":1760731421.5071282}
2025/10/17 20:03:42 POLARIS_LOG {"event":"send_rate","rate":272000,"ts":1760731422.5060217}
2025/10/17 20:03:43 POLARIS_LOG {"event":"send_rate","rate":344000,"ts":1760731423.505879}
2025/10/17 20:03:44 POLARIS_LOG {"event":"send_rate","rate":288000,"ts":1760731424.511427}
2025/10/17 20:03:45 POLARIS_LOG {"event":"send_rate","rate":328000,"ts":1760731425.5152805}
2025/10/17 20:03:46 POLARIS_LOG {"event":"send_rate","rate":256000,"ts":1760731426.5064387}
2025/10/17 20:03:47 POLARIS_LOG {"event":"send_rate","rate":208000,"ts":1760731427.5066872}
2025/10/17 20:03:48 POLARIS_LOG {"event":"send_rate","rate":352000,"ts":1760731428.50622}
2025/10/17 20:03:49 POLARIS_LOG {"event":"send_rate","rate":312000,"ts":1760731429.5070643}
2025/10/17 20:03:50 POLARIS_LOG {"event":"send_rate","rate":424000,"ts":1760731430.5113719}
2025/10/17 20:03:51 POLARIS_LOG {"event":"send_rate","rate":408000,"ts":1760731431.5061057}
2025/10/17 20:03:52 POLARIS_LOG {"event":"send_rate","rate":288000,"ts":1760731432.5149024}
2025/10/17 20:03:53 POLARIS_LOG {"event":"send_rate","rate":392000,"ts":1760731433.511774}
2025/10/17 20:03:54 POLARIS_LOG {"event":"send_rate","rate":384000,"ts":1760731434.5069203}
2025/10/17 20:03:55 POLARIS_LOG {"event":"send_rate","rate":360000,"ts":1760731435.5068839}
2025/10/17 20:03:56 POLARIS_LOG {"event":"send_rate","rate":536000,"ts":1760731436.5062017}
2025/10/17 20:03:57 POLARIS_LOG {"event":"send_rate","rate":296000,"ts":1760731437.5148191}
2025/10/17 20:03:58 POLARIS_LOG {"event":"send_rate","rate":504000,"ts":1760731438.5062475}
2025/10/17 20:03:59 POLARIS_LOG {"event":"send_rate","rate":256000,"ts":1760731439.5060053}
2025/10/17 20:04:00 POLARIS_LOG {"event":"send_rate","rate":288000,"ts":1760731440.5065305}
Skipping switch: current path 1 1 7 7 3 5 has lastEstimate 333250 >= maxEstimate 0
2025/10/17 20:04:01 POLARIS_LOG {"event":"send_rate","rate":280000,"ts":1760731441.5064776}
2025/10/17 20:04:02 POLARIS_LOG {"event":"send_rate","rate":320000,"ts":1760731442.5061228}
2025/10/17 20:04:03 POLARIS_LOG {"event":"send_rate","rate":328000,"ts":1760731443.5068185}
2025/10/17 20:04:04 POLARIS_LOG {"event":"send_rate","rate":312000,"ts":1760731444.5075245}
2025/10/17 20:04:05 POLARIS_LOG {"event":"send_rate","rate":232000,"ts":1760731445.509775}
2025/10/17 20:04:06 POLARIS_LOG {"event":"send_rate","rate":304000,"ts":1760731446.5069892}
2025/10/17 20:04:07 POLARIS_LOG {"event":"send_rate","rate":296000,"ts":1760731447.506446}
2025/10/17 20:04:08 POLARIS_LOG {"event":"send_rate","rate":264000,"ts":1760731448.5082107}
2025/10/17 20:04:09 POLARIS_LOG {"event":"send_rate","rate":296000,"ts":1760731449.5064259}
2025/10/17 20:04:10 POLARIS_LOG {"event":"send_rate","rate":376000,"ts":1760731450.5066333}
2025/10/17 20:04:11 POLARIS_LOG {"event":"send_rate","rate":368000,"ts":1760731451.515373}
2025/10/17 20:04:12 POLARIS_LOG {"event":"send_rate","rate":248000,"ts":1760731452.5065382}
2025/10/17 20:04:13 POLARIS_LOG {"event":"send_rate","rate":160000,"ts":1760731453.5418844}
2025/10/17 20:04:14 POLARIS_LOG {"event":"send_rate","rate":208000,"ts":1760731454.518942}
2025/10/17 20:04:15 POLARIS_LOG {"event":"send_rate","rate":296000,"ts":1760731455.5065534}
2025/10/17 20:04:16 POLARIS_LOG {"event":"send_rate","rate":264000,"ts":1760731456.5065513}
Drain Loop received packet
Drain Loop received non-nil payload
Client sent 10656 packets, server reported 10541 packets received
The network loss rate from client to server is 1.1%

S->C results
Attempted bandwidth: 0 bps / 0.00 Mbps
Achieved bandwidth: 0 bps / 0.00 Mbps
Loss rate: 0.0%
Interarrival time min/avg/max/mdev = -0.000/0.000/0.000/0.000 ms

C->S results
Attempted bandwidth: 299985 bps / 0.30 Mbps
Achieved bandwidth: 295887 bps / 0.30 Mbps
Loss rate: 1.4%
Interarrival time min/avg/max/mdev = 0.002/27.123/554.708/22.969 ms
