
Test parameters:
client->server: 270 seconds, 1000 bytes, 10125 packets
server->client: 270 seconds, 1000 bytes, 0 packets
2025/10/17 19:59:45 POLARIS_LOG {"current_rate":0,"event":"path_switch","new":"2 2 5 2","trigger":"initialization","ts":1760731185.7274678}
Polaris prober initialized with 38 paths
Polaris prober initialized with local 1-111,10.111.0.71:32734 and remote 1-113,10.113.0.71
2025/10/17 19:59:47 POLARIS_LOG {"event":"send_rate","rate":0,"ts":1760731187.7294636}
2025/10/17 19:59:48 POLARIS_LOG {"event":"send_rate","rate":0,"ts":1760731188.7288737}
2025/10/17 19:59:49 POLARIS_LOG {"event":"send_rate","rate":272000,"ts":1760731189.7292013}
2025/10/17 19:59:50 POLARIS_LOG {"event":"send_rate","rate":304000,"ts":1760731190.7287967}
2025/10/17 19:59:51 POLARIS_LOG {"event":"send_rate","rate":296000,"ts":1760731191.7296932}
2025/10/17 19:59:52 POLARIS_LOG {"event":"send_rate","rate":304000,"ts":1760731192.7294157}
2025/10/17 19:59:53 POLARIS_LOG {"event":"send_rate","rate":296000,"ts":1760731193.7294376}
2025/10/17 19:59:54 POLARIS_LOG {"event":"send_rate","rate":304000,"ts":1760731194.7304142}
2025/10/17 19:59:55 POLARIS_LOG {"event":"send_rate","rate":296000,"ts":1760731195.7298985}
2025/10/17 19:59:56 POLARIS_LOG {"event":"send_rate","rate":304000,"ts":1760731196.729912}
2025/10/17 19:59:57 POLARIS_LOG {"event":"send_rate","rate":304000,"ts":1760731197.736514}
2025/10/17 19:59:58 POLARIS_LOG {"event":"send_rate","rate":296000,"ts":1760731198.7294838}
2025/10/17 19:59:59 POLARIS_LOG {"event":"send_rate","rate":296000,"ts":1760731199.7302911}
2025/10/17 20:00:00 POLARIS_LOG {"event":"send_rate","rate":312000,"ts":1760731200.757308}
2025/10/17 20:00:01 POLARIS_LOG {"event":"send_rate","rate":144000,"ts":1760731201.73031}
2025/10/17 20:00:02 POLARIS_LOG {"event":"send_rate","rate":160000,"ts":1760731202.729287}
2025/10/17 20:00:03 POLARIS_LOG {"event":"send_rate","rate":184000,"ts":1760731203.7316155}
2025/10/17 20:00:04 POLARIS_LOG {"event":"send_rate","rate":192000,"ts":1760731204.7307825}
2025/10/17 20:00:05 POLARIS_LOG {"candidates":19,"candidates_unfiltered":25,"current_rate":192000,"estimated_share":500000,"event":"path_switch","max_estimated_share":666500,"new":"4 4 7 7 4 1","old":"2 2 5 2","trigger":"scheduled","ts":1760731205.7326002}
2025/10/17 20:00:05 POLARIS_LOG {"event":"send_rate","rate":216000,"ts":1760731205.734222}
2025/10/17 20:00:06 POLARIS_LOG {"event":"send_rate","rate":896000,"ts":1760731206.7300887}
2025/10/17 20:00:07 POLARIS_LOG {"event":"send_rate","rate":296000,"ts":1760731207.7299237}
2025/10/17 20:00:08 POLARIS_LOG {"event":"send_rate","rate":304000,"ts":1760731208.7297077}
2025/10/17 20:00:09 POLARIS_LOG {"event":"send_rate","rate":296000,"ts":1760731209.7288253}
2025/10/17 20:00:10 POLARIS_LOG {"event":"send_rate","rate":304000,"ts":1760731210.729511}
2025/10/17 20:00:11 POLARIS_LOG {"event":"send_rate","rate":304000,"ts":1760731211.746503}
2025/10/17 20:00:12 POLARIS_LOG {"event":"send_rate","rate":296000,"ts":1760731212.735911}
2025/10/17 20:00:13 POLARIS_LOG {"event":"send_rate","rate":296000,"ts":1760731213.7291021}
2025/10/17 20:00:14 POLARIS_LOG {"event":"send_rate","rate":304000,"ts":1760731214.7391279}
2025/10/17 20:00:15 POLARIS_LOG {"event":"send_rate","rate":304000,"ts":1760731215.7594802}
2025/10/17 20:00:16 POLARIS_LOG {"event":"send_rate","rate":296000,"ts":1760731216.7291143}
2025/10/17 20:00:17 POLARIS_LOG {"event":"send_rate","rate":312000,"ts":1760731217.7648268}
2025/10/17 20:00:18 POLARIS_LOG {"event":"send_rate","rate":288000,"ts":1760731218.7388449}
2025/10/17 20:00:19 POLARIS_LOG {"event":"send_rate","rate":296000,"ts":1760731219.7293956}
2025/10/17 20:00:20 POLARIS_LOG {"event":"send_rate","rate":304000,"ts":1760731220.733554}
2025/10/17 20:00:21 POLARIS_LOG {"event":"send_rate","rate":296000,"ts":1760731221.729802}
2025/10/17 20:00:22 POLARIS_LOG {"event":"send_rate","rate":296000,"ts":1760731222.7304988}
2025/10/17 20:00:23 POLARIS_LOG {"event":"send_rate","rate":296000,"ts":1760731223.7501886}
2025/10/17 20:00:24 POLARIS_LOG {"event":"send_rate","rate":312000,"ts":1760731224.7291143}
2025/10/17 20:00:25 POLARIS_LOG {"event":"send_rate","rate":296000,"ts":1760731225.7371607}
2025/10/17 20:00:26 POLARIS_LOG {"event":"send_rate","rate":312000,"ts":1760731226.7519672}
2025/10/17 20:00:27 POLARIS_LOG {"event":"send_rate","rate":296000,"ts":1760731227.7414193}
2025/10/17 20:00:28 POLARIS_LOG {"event":"send_rate","rate":304000,"ts":1760731228.7772725}
2025/10/17 20:00:29 POLARIS_LOG {"event":"send_rate","rate":288000,"ts":1760731229.7344198}
2025/10/17 20:00:30 POLARIS_LOG {"event":"send_rate","rate":288000,"ts":1760731230.749659}
2025/10/17 20:00:31 POLARIS_LOG {"event":"send_rate","rate":312000,"ts":1760731231.7290862}
2025/10/17 20:00:32 POLARIS_LOG {"event":"send_rate","rate":304000,"ts":1760731232.7296422}
2025/10/17 20:00:33 POLARIS_LOG {"event":"send_rate","rate":296000,"ts":1760731233.7289283}
2025/10/17 20:00:34 POLARIS_LOG {"event":"send_rate","rate":304000,"ts":1760731234.7458045}
2025/10/17 20:00:35 POLARIS_LOG {"event":"send_rate","rate":296000,"ts":1760731235.7293515}
2025/10/17 20:00:36 POLARIS_LOG {"event":"send_rate","rate":304000,"ts":1760731236.7452471}
2025/10/17 20:00:37 POLARIS_LOG {"event":"send_rate","rate":296000,"ts":1760731237.7334235}
2025/10/17 20:00:38 POLARIS_LOG {"event":"send_rate","rate":304000,"ts":1760731238.7377057}
2025/10/17 20:00:39 POLARIS_LOG {"event":"send_rate","rate":304000,"ts":1760731239.7456453}
2025/10/17 20:00:40 POLARIS_LOG {"event":"send_rate","rate":296000,"ts":1760731240.7290232}
2025/10/17 20:00:41 POLARIS_LOG {"event":"send_rate","rate":296000,"ts":1760731241.731831}
2025/10/17 20:00:42 POLARIS_LOG {"event":"send_rate","rate":304000,"ts":1760731242.7288249}
2025/10/17 20:00:43 POLARIS_LOG {"event":"send_rate","rate":296000,"ts":1760731243.7311368}
2025/10/17 20:00:44 POLARIS_LOG {"event":"send_rate","rate":296000,"ts":1760731244.7487118}
2025/10/17 20:00:45 POLARIS_LOG {"event":"send_rate","rate":304000,"ts":1760731245.7330954}
2025/10/17 20:00:46 POLARIS_LOG {"event":"send_rate","rate":304000,"ts":1760731246.739302}
2025/10/17 20:00:47 POLARIS_LOG {"event":"send_rate","rate":296000,"ts":1760731247.7560573}
2025/10/17 20:00:48 POLARIS_LOG {"event":"send_rate","rate":312000,"ts":1760731248.753519}
2025/10/17 20:00:49 POLARIS_LOG {"event":"send_rate","rate":296000,"ts":1760731249.7409363}
2025/10/17 20:00:50 POLARIS_LOG {"event":"send_rate","rate":288000,"ts":1760731250.7450938}
2025/10/17 20:00:51 POLARIS_LOG {"event":"send_rate","rate":312000,"ts":1760731251.755011}
2025/10/17 20:00:52 POLARIS_LOG {"event":"send_rate","rate":296000,"ts":1760731252.7298894}
2025/10/17 20:00:53 POLARIS_LOG {"event":"send_rate","rate":296000,"ts":1760731253.7309997}
2025/10/17 20:00:54 POLARIS_LOG {"event":"send_rate","rate":288000,"ts":1760731254.730414}
2025/10/17 20:00:55 POLARIS_LOG {"event":"send_rate","rate":312000,"ts":1760731255.7296429}
2025/10/17 20:00:56 POLARIS_LOG {"event":"send_rate","rate":296000,"ts":1760731256.7308745}
2025/10/17 20:00:57 POLARIS_LOG {"event":"send_rate","rate":304000,"ts":1760731257.7290556}
2025/10/17 20:00:58 POLARIS_LOG {"event":"send_rate","rate":304000,"ts":1760731258.7308052}
2025/10/17 20:00:59 POLARIS_LOG {"event":"send_rate","rate":304000,"ts":1760731259.7461221}
2025/10/17 20:01:00 POLARIS_LOG {"event":"send_rate","rate":296000,"ts":1760731260.7298453}
2025/10/17 20:01:01 POLARIS_LOG {"event":"send_rate","rate":296000,"ts":1760731261.7349954}
2025/10/17 20:01:02 POLARIS_LOG {"event":"send_rate","rate":304000,"ts":1760731262.7361114}
2025/10/17 20:01:03 POLARIS_LOG {"event":"send_rate","rate":296000,"ts":1760731263.735452}
2025/10/17 20:01:04 POLARIS_LOG {"event":"send_rate","rate":304000,"ts":1760731264.7485204}
2025/10/17 20:01:05 POLARIS_LOG {"event":"send_rate","rate":304000,"ts":1760731265.7502925}
2025/10/17 20:01:06 POLARIS_LOG {"event":"send_rate","rate":296000,"ts":1760731266.739559}
2025/10/17 20:01:07 POLARIS_LOG {"event":"send_rate","rate":312000,"ts":1760731267.7692924}
2025/10/17 20:01:08 POLARIS_LOG {"event":"send_rate","rate":288000,"ts":1760731268.7299852}
2025/10/17 20:01:09 POLARIS_LOG {"event":"send_rate","rate":296000,"ts":1760731269.729464}
2025/10/17 20:01:10 POLARIS_LOG {"event":"send_rate","rate":304000,"ts":1760731270.7293808}
2025/10/17 20:01:11 POLARIS_LOG {"event":"send_rate","rate":296000,"ts":1760731271.731273}
2025/10/17 20:01:12 POLARIS_LOG {"event":"send_rate","rate":296000,"ts":1760731272.7516081}
2025/10/17 20:01:13 POLARIS_LOG {"event":"send_rate","rate":304000,"ts":1760731273.7291927}
2025/10/17 20:01:14 POLARIS_LOG {"event":"send_rate","rate":312000,"ts":1760731274.7616744}
2025/10/17 20:01:15 POLARIS_LOG {"event":"send_rate","rate":288000,"ts":1760731275.7290895}
Skipping switch: current path 4 4 7 7 4 1 has lastEstimate 333250 >= maxEstimate 0
2025/10/17 20:01:16 POLARIS_LOG {"event":"send_rate","rate":296000,"ts":1760731276.7303417}
2025/10/17 20:01:17 POLARIS_LOG {"event":"send_rate","rate":304000,"ts":1760731277.7411556}
2025/10/17 20:01:18 POLARIS_LOG {"event":"send_rate","rate":304000,"ts":1760731278.7499876}
2025/10/17 20:01:19 POLARIS_LOG {"event":"send_rate","rate":296000,"ts":1760731279.7313259}
2025/10/17 20:01:20 POLARIS_LOG {"event":"send_rate","rate":312000,"ts":1760731280.756271}
2025/10/17 20:01:21 POLARIS_LOG {"event":"send_rate","rate":288000,"ts":1760731281.729257}
2025/10/17 20:01:22 POLARIS_LOG {"event":"send_rate","rate":304000,"ts":1760731282.734507}
2025/10/17 20:01:23 POLARIS_LOG {"event":"send_rate","rate":296000,"ts":1760731283.7309108}
2025/10/17 20:01:24 POLARIS_LOG {"event":"send_rate","rate":304000,"ts":1760731284.7295446}
2025/10/17 20:01:25 POLARIS_LOG {"event":"send_rate","rate":296000,"ts":1760731285.7336948}
2025/10/17 20:01:26 POLARIS_LOG {"event":"send_rate","rate":304000,"ts":1760731286.7300646}
2025/10/17 20:01:27 POLARIS_LOG {"event":"send_rate","rate":296000,"ts":1760731287.7331507}
2025/10/17 20:01:28 POLARIS_LOG {"event":"send_rate","rate":304000,"ts":1760731288.7305229}
2025/10/17 20:01:29 POLARIS_LOG {"event":"send_rate","rate":296000,"ts":1760731289.7295368}
2025/10/17 20:01:30 POLARIS_LOG {"event":"send_rate","rate":296000,"ts":1760731290.74018}
2025/10/17 20:01:31 POLARIS_LOG {"event":"send_rate","rate":304000,"ts":1760731291.7330194}
2025/10/17 20:01:32 POLARIS_LOG {"event":"send_rate","rate":304000,"ts":1760731292.7304745}
2025/10/17 20:01:33 POLARIS_LOG {"event":"send_rate","rate":296000,"ts":1760731293.72882}
2025/10/17 20:01:34 POLARIS_LOG {"event":"send_rate","rate":304000,"ts":1760731294.728859}
2025/10/17 20:01:35 POLARIS_LOG {"event":"send_rate","rate":296000,"ts":1760731295.7290692}
2025/10/17 20:01:36 POLARIS_LOG {"event":"send_rate","rate":304000,"ts":1760731296.7287934}
2025/10/17 20:01:37 POLARIS_LOG {"event":"send_rate","rate":296000,"ts":1760731297.7298973}
2025/10/17 20:01:38 POLARIS_LOG {"event":"send_rate","rate":304000,"ts":1760731298.7440188}
2025/10/17 20:01:39 POLARIS_LOG {"event":"send_rate","rate":296000,"ts":1760731299.729061}
2025/10/17 20:01:40 POLARIS_LOG {"event":"send_rate","rate":296000,"ts":1760731300.729399}
2025/10/17 20:01:41 POLARIS_LOG {"event":"send_rate","rate":304000,"ts":1760731301.7295198}
2025/10/17 20:01:42 POLARIS_LOG {"event":"send_rate","rate":296000,"ts":1760731302.7291589}
2025/10/17 20:01:43 POLARIS_LOG {"event":"send_rate","rate":304000,"ts":1760731303.7301052}
2025/10/17 20:01:44 POLARIS_LOG {"event":"send_rate","rate":304000,"ts":1760731304.7306004}
2025/10/17 20:01:45 POLARIS_LOG {"event":"send_rate","rate":296000,"ts":1760731305.733777}
2025/10/17 20:01:46 POLARIS_LOG {"event":"send_rate","rate":296000,"ts":1760731306.72944}
2025/10/17 20:01:47 POLARIS_LOG {"event":"send_rate","rate":304000,"ts":1760731307.7297375}
2025/10/17 20:01:48 POLARIS_LOG {"event":"send_rate","rate":304000,"ts":1760731308.7346804}
2025/10/17 20:01:49 POLARIS_LOG {"event":"send_rate","rate":296000,"ts":1760731309.731719}
2025/10/17 20:01:50 POLARIS_LOG {"event":"send_rate","rate":304000,"ts":1760731310.7300987}
2025/10/17 20:01:51 POLARIS_LOG {"event":"send_rate","rate":296000,"ts":1760731311.748597}
2025/10/17 20:01:52 POLARIS_LOG {"event":"send_rate","rate":304000,"ts":1760731312.730209}
2025/10/17 20:01:53 POLARIS_LOG {"event":"send_rate","rate":296000,"ts":1760731313.729624}
2025/10/17 20:01:54 POLARIS_LOG {"event":"send_rate","rate":296000,"ts":1760731314.7288232}
2025/10/17 20:01:55 POLARIS_LOG {"event":"send_rate","rate":304000,"ts":1760731315.7331388}
2025/10/17 20:01:56 POLARIS_LOG {"event":"send_rate","rate":304000,"ts":1760731316.7299986}
2025/10/17 20:01:57 POLARIS_LOG {"event":"send_rate","rate":296000,"ts":1760731317.7348557}
2025/10/17 20:01:58 POLARIS_LOG {"event":"send_rate","rate":296000,"ts":1760731318.729114}
2025/10/17 20:01:59 POLARIS_LOG {"event":"send_rate","rate":304000,"ts":1760731319.7377284}
2025/10/17 20:02:00 POLARIS_LOG {"event":"send_rate","rate":304000,"ts":1760731320.7348506}
2025/10/17 20:02:01 POLARIS_LOG {"event":"send_rate","rate":296000,"ts":1760731321.7291074}
2025/10/17 20:02:02 POLARIS_LOG {"event":"send_rate","rate":296000,"ts":1760731322.7290745}
2025/10/17 20:02:03 POLARIS_LOG {"event":"send_rate","rate":296000,"ts":1760731323.7336273}
2025/10/17 20:02:04 POLARIS_LOG {"event":"send_rate","rate":304000,"ts":1760731324.7301476}
2025/10/17 20:02:05 POLARIS_LOG {"event":"send_rate","rate":304000,"ts":1760731325.728823}
2025/10/17 20:02:06 POLARIS_LOG {"event":"send_rate","rate":296000,"ts":1760731326.7377207}
2025/10/17 20:02:07 POLARIS_LOG {"event":"send_rate","rate":304000,"ts":1760731327.7291276}
2025/10/17 20:02:08 POLARIS_LOG {"event":"send_rate","rate":304000,"ts":1760731328.745082}
2025/10/17 20:02:09 POLARIS_LOG {"event":"send_rate","rate":296000,"ts":1760731329.7379065}
2025/10/17 20:02:10 POLARIS_LOG {"event":"send_rate","rate":296000,"ts":1760731330.7295697}
2025/10/17 20:02:11 POLARIS_LOG {"event":"send_rate","rate":304000,"ts":1760731331.729014}
2025/10/17 20:02:12 POLARIS_LOG {"event":"send_rate","rate":296000,"ts":1760731332.7327113}
2025/10/17 20:02:13 POLARIS_LOG {"event":"send_rate","rate":304000,"ts":1760731333.7290049}
2025/10/17 20:02:14 POLARIS_LOG {"event":"send_rate","rate":304000,"ts":1760731334.7319543}
2025/10/17 20:02:15 POLARIS_LOG {"event":"send_rate","rate":296000,"ts":1760731335.728814}
2025/10/17 20:02:16 POLARIS_LOG {"event":"send_rate","rate":304000,"ts":1760731336.7414858}
2025/10/17 20:02:17 POLARIS_LOG {"event":"send_rate","rate":296000,"ts":1760731337.7305741}
2025/10/17 20:02:18 POLARIS_LOG {"event":"send_rate","rate":296000,"ts":1760731338.7297113}
2025/10/17 20:02:19 POLARIS_LOG {"event":"send_rate","rate":304000,"ts":1760731339.7377596}
2025/10/17 20:02:20 POLARIS_LOG {"event":"send_rate","rate":304000,"ts":1760731340.7353625}
2025/10/17 20:02:21 POLARIS_LOG {"event":"send_rate","rate":296000,"ts":1760731341.7311795}
2025/10/17 20:02:22 POLARIS_LOG {"event":"send_rate","rate":304000,"ts":1760731342.7461896}
2025/10/17 20:02:23 POLARIS_LOG {"event":"send_rate","rate":296000,"ts":1760731343.7367249}
2025/10/17 20:02:24 POLARIS_LOG {"event":"send_rate","rate":304000,"ts":1760731344.7327955}
2025/10/17 20:02:25 POLARIS_LOG {"event":"send_rate","rate":296000,"ts":1760731345.734775}
2025/10/17 20:02:26 POLARIS_LOG {"event":"send_rate","rate":304000,"ts":1760731346.734438}
2025/10/17 20:02:27 POLARIS_LOG {"event":"send_rate","rate":296000,"ts":1760731347.729072}
2025/10/17 20:02:28 POLARIS_LOG {"event":"send_rate","rate":296000,"ts":1760731348.733975}
2025/10/17 20:02:29 POLARIS_LOG {"event":"send_rate","rate":304000,"ts":1760731349.7335477}
2025/10/17 20:02:30 POLARIS_LOG {"event":"send_rate","rate":296000,"ts":1760731350.7295082}
2025/10/17 20:02:31 POLARIS_LOG {"event":"send_rate","rate":304000,"ts":1760731351.7407696}
2025/10/17 20:02:32 POLARIS_LOG {"event":"send_rate","rate":296000,"ts":1760731352.7413998}
2025/10/17 20:02:33 POLARIS_LOG {"event":"send_rate","rate":304000,"ts":1760731353.729322}
2025/10/17 20:02:34 POLARIS_LOG {"event":"send_rate","rate":304000,"ts":1760731354.7450073}
2025/10/17 20:02:35 POLARIS_LOG {"event":"send_rate","rate":296000,"ts":1760731355.7389216}
2025/10/17 20:02:36 POLARIS_LOG {"event":"send_rate","rate":304000,"ts":1760731356.7341263}
2025/10/17 20:02:37 POLARIS_LOG {"event":"send_rate","rate":296000,"ts":1760731357.7380295}
2025/10/17 20:02:38 POLARIS_LOG {"event":"send_rate","rate":296000,"ts":1760731358.7304974}
2025/10/17 20:02:39 POLARIS_LOG {"event":"send_rate","rate":304000,"ts":1760731359.7298467}
2025/10/17 20:02:40 POLARIS_LOG {"event":"send_rate","rate":296000,"ts":1760731360.7469854}
2025/10/17 20:02:41 POLARIS_LOG {"event":"send_rate","rate":304000,"ts":1760731361.7293017}
2025/10/17 20:02:42 POLARIS_LOG {"event":"send_rate","rate":296000,"ts":1760731362.729577}
2025/10/17 20:02:43 POLARIS_LOG {"event":"send_rate","rate":304000,"ts":1760731363.7296283}
2025/10/17 20:02:44 POLARIS_LOG {"event":"send_rate","rate":296000,"ts":1760731364.729154}
2025/10/17 20:02:45 POLARIS_LOG {"event":"send_rate","rate":304000,"ts":1760731365.7334845}
2025/10/17 20:02:46 POLARIS_LOG {"event":"send_rate","rate":296000,"ts":1760731366.7295103}
2025/10/17 20:02:47 POLARIS_LOG {"event":"send_rate","rate":304000,"ts":1760731367.7290807}
2025/10/17 20:02:48 POLARIS_LOG {"event":"send_rate","rate":288000,"ts":1760731368.739042}
2025/10/17 20:02:49 POLARIS_LOG {"event":"send_rate","rate":304000,"ts":1760731369.7308722}
2025/10/17 20:02:50 POLARIS_LOG {"event":"send_rate","rate":304000,"ts":1760731370.7291188}
2025/10/17 20:02:51 POLARIS_LOG {"event":"send_rate","rate":304000,"ts":1760731371.7298784}
2025/10/17 20:02:52 POLARIS_LOG {"event":"send_rate","rate":304000,"ts":1760731372.7403202}
2025/10/17 20:02:53 POLARIS_LOG {"event":"send_rate","rate":296000,"ts":1760731373.728854}
2025/10/17 20:02:54 POLARIS_LOG {"event":"send_rate","rate":296000,"ts":1760731374.7310567}
2025/10/17 20:02:55 POLARIS_LOG {"event":"send_rate","rate":304000,"ts":1760731375.7297778}
2025/10/17 20:02:56 POLARIS_LOG {"event":"send_rate","rate":296000,"ts":1760731376.7354405}
2025/10/17 20:02:57 POLARIS_LOG {"event":"send_rate","rate":304000,"ts":1760731377.7382894}
2025/10/17 20:02:58 POLARIS_LOG {"event":"send_rate","rate":296000,"ts":1760731378.7321556}
2025/10/17 20:02:59 POLARIS_LOG {"event":"send_rate","rate":304000,"ts":1760731379.7337575}
2025/10/17 20:03:00 POLARIS_LOG {"event":"send_rate","rate":296000,"ts":1760731380.7294633}
2025/10/17 20:03:01 POLARIS_LOG {"event":"send_rate","rate":304000,"ts":1760731381.7375925}
2025/10/17 20:03:02 POLARIS_LOG {"event":"send_rate","rate":296000,"ts":1760731382.7291455}
2025/10/17 20:03:03 POLARIS_LOG {"event":"send_rate","rate":304000,"ts":1760731383.729395}
2025/10/17 20:03:04 POLARIS_LOG {"event":"send_rate","rate":288000,"ts":1760731384.7369263}
2025/10/17 20:03:05 POLARIS_LOG {"event":"send_rate","rate":312000,"ts":1760731385.72877}
2025/10/17 20:03:06 POLARIS_LOG {"event":"send_rate","rate":304000,"ts":1760731386.7385106}
2025/10/17 20:03:07 POLARIS_LOG {"event":"send_rate","rate":296000,"ts":1760731387.7327764}
2025/10/17 20:03:08 POLARIS_LOG {"event":"send_rate","rate":296000,"ts":1760731388.7289808}
2025/10/17 20:03:09 POLARIS_LOG {"event":"send_rate","rate":304000,"ts":1760731389.7296152}
2025/10/17 20:03:10 POLARIS_LOG {"event":"send_rate","rate":296000,"ts":1760731390.7296698}
2025/10/17 20:03:11 POLARIS_LOG {"event":"send_rate","rate":304000,"ts":1760731391.7311592}
2025/10/17 20:03:12 POLARIS_LOG {"event":"send_rate","rate":304000,"ts":1760731392.7397318}
2025/10/17 20:03:13 POLARIS_LOG {"event":"send_rate","rate":288000,"ts":1760731393.7287662}
2025/10/17 20:03:14 POLARIS_LOG {"event":"send_rate","rate":304000,"ts":1760731394.7291267}
2025/10/17 20:03:15 POLARIS_LOG {"event":"send_rate","rate":304000,"ts":1760731395.7294624}
2025/10/17 20:03:16 POLARIS_LOG {"event":"send_rate","rate":296000,"ts":1760731396.7367375}
2025/10/17 20:03:17 POLARIS_LOG {"event":"send_rate","rate":304000,"ts":1760731397.731552}
2025/10/17 20:03:18 POLARIS_LOG {"event":"send_rate","rate":296000,"ts":1760731398.7288833}
2025/10/17 20:03:19 POLARIS_LOG {"event":"send_rate","rate":304000,"ts":1760731399.731628}
2025/10/17 20:03:20 POLARIS_LOG {"event":"send_rate","rate":296000,"ts":1760731400.7288642}
2025/10/17 20:03:21 POLARIS_LOG {"event":"send_rate","rate":304000,"ts":1760731401.7291415}
2025/10/17 20:03:22 POLARIS_LOG {"event":"send_rate","rate":296000,"ts":1760731402.730043}
2025/10/17 20:03:23 POLARIS_LOG {"event":"send_rate","rate":304000,"ts":1760731403.7520013}
2025/10/17 20:03:24 POLARIS_LOG {"event":"send_rate","rate":296000,"ts":1760731404.7294166}
2025/10/17 20:03:25 POLARIS_LOG {"event":"send_rate","rate":304000,"ts":1760731405.737487}
2025/10/17 20:03:26 POLARIS_LOG {"event":"send_rate","rate":296000,"ts":1760731406.7419038}
2025/10/17 20:03:27 POLARIS_LOG {"event":"send_rate","rate":304000,"ts":1760731407.7348056}
2025/10/17 20:03:28 POLARIS_LOG {"event":"send_rate","rate":296000,"ts":1760731408.7296898}
2025/10/17 20:03:29 POLARIS_LOG {"event":"send_rate","rate":304000,"ts":1760731409.7422621}
2025/10/17 20:03:30 POLARIS_LOG {"event":"send_rate","rate":296000,"ts":1760731410.7338178}
2025/10/17 20:03:31 POLARIS_LOG {"event":"send_rate","rate":304000,"ts":1760731411.733726}
2025/10/17 20:03:32 POLARIS_LOG {"event":"send_rate","rate":296000,"ts":1760731412.7305954}
2025/10/17 20:03:33 POLARIS_LOG {"event":"send_rate","rate":304000,"ts":1760731413.7413187}
2025/10/17 20:03:34 POLARIS_LOG {"event":"send_rate","rate":296000,"ts":1760731414.7296188}
2025/10/17 20:03:35 POLARIS_LOG {"event":"send_rate","rate":304000,"ts":1760731415.7297206}
2025/10/17 20:03:36 POLARIS_LOG {"event":"send_rate","rate":296000,"ts":1760731416.7393415}
2025/10/17 20:03:37 POLARIS_LOG {"event":"send_rate","rate":304000,"ts":1760731417.7301128}
2025/10/17 20:03:38 POLARIS_LOG {"event":"send_rate","rate":296000,"ts":1760731418.7297509}
2025/10/17 20:03:39 POLARIS_LOG {"event":"send_rate","rate":304000,"ts":1760731419.7294016}
2025/10/17 20:03:40 POLARIS_LOG {"event":"send_rate","rate":296000,"ts":1760731420.729317}
2025/10/17 20:03:41 POLARIS_LOG {"event":"send_rate","rate":304000,"ts":1760731421.728793}
2025/10/17 20:03:42 POLARIS_LOG {"event":"send_rate","rate":320000,"ts":1760731422.81417}
2025/10/17 20:03:43 POLARIS_LOG {"event":"send_rate","rate":280000,"ts":1760731423.7288325}
2025/10/17 20:03:44 POLARIS_LOG {"event":"send_rate","rate":296000,"ts":1760731424.7295792}
2025/10/17 20:03:45 POLARIS_LOG {"event":"send_rate","rate":304000,"ts":1760731425.7314253}
2025/10/17 20:03:46 POLARIS_LOG {"event":"send_rate","rate":296000,"ts":1760731426.7293053}
2025/10/17 20:03:47 POLARIS_LOG {"event":"send_rate","rate":304000,"ts":1760731427.7295642}
2025/10/17 20:03:48 POLARIS_LOG {"event":"send_rate","rate":296000,"ts":1760731428.7290914}
2025/10/17 20:03:49 POLARIS_LOG {"event":"send_rate","rate":304000,"ts":1760731429.7296236}
2025/10/17 20:03:50 POLARIS_LOG {"event":"send_rate","rate":296000,"ts":1760731430.735413}
2025/10/17 20:03:51 POLARIS_LOG {"event":"send_rate","rate":304000,"ts":1760731431.729088}
2025/10/17 20:03:52 POLARIS_LOG {"event":"send_rate","rate":296000,"ts":1760731432.7294295}
2025/10/17 20:03:53 POLARIS_LOG {"event":"send_rate","rate":296000,"ts":1760731433.7310455}
2025/10/17 20:03:54 POLARIS_LOG {"event":"send_rate","rate":304000,"ts":1760731434.729047}
2025/10/17 20:03:55 POLARIS_LOG {"event":"send_rate","rate":296000,"ts":1760731435.7293816}
2025/10/17 20:03:56 POLARIS_LOG {"event":"send_rate","rate":304000,"ts":1760731436.7300165}
2025/10/17 20:03:57 POLARIS_LOG {"event":"send_rate","rate":304000,"ts":1760731437.7374213}
2025/10/17 20:03:58 POLARIS_LOG {"event":"send_rate","rate":296000,"ts":1760731438.7308962}
2025/10/17 20:03:59 POLARIS_LOG {"event":"send_rate","rate":296000,"ts":1760731439.734221}
2025/10/17 20:04:00 POLARIS_LOG {"event":"send_rate","rate":296000,"ts":1760731440.746046}
2025/10/17 20:04:01 POLARIS_LOG {"event":"send_rate","rate":312000,"ts":1760731441.7292795}
2025/10/17 20:04:02 POLARIS_LOG {"event":"send_rate","rate":296000,"ts":1760731442.729473}
2025/10/17 20:04:03 POLARIS_LOG {"event":"send_rate","rate":304000,"ts":1760731443.7347372}
2025/10/17 20:04:04 POLARIS_LOG {"event":"send_rate","rate":296000,"ts":1760731444.7300153}
2025/10/17 20:04:05 POLARIS_LOG {"event":"send_rate","rate":304000,"ts":1760731445.7316172}
2025/10/17 20:04:06 POLARIS_LOG {"event":"send_rate","rate":296000,"ts":1760731446.7297256}
2025/10/17 20:04:07 POLARIS_LOG {"event":"send_rate","rate":304000,"ts":1760731447.735977}
2025/10/17 20:04:08 POLARIS_LOG {"event":"send_rate","rate":296000,"ts":1760731448.7288585}
2025/10/17 20:04:09 POLARIS_LOG {"event":"send_rate","rate":296000,"ts":1760731449.729323}
2025/10/17 20:04:10 POLARIS_LOG {"event":"send_rate","rate":304000,"ts":1760731450.7328753}
2025/10/17 20:04:11 POLARIS_LOG {"event":"send_rate","rate":304000,"ts":1760731451.731055}
2025/10/17 20:04:12 POLARIS_LOG {"event":"send_rate","rate":296000,"ts":1760731452.729471}
2025/10/17 20:04:13 POLARIS_LOG {"event":"send_rate","rate":296000,"ts":1760731453.7301857}
2025/10/17 20:04:14 POLARIS_LOG {"event":"send_rate","rate":304000,"ts":1760731454.7289474}
2025/10/17 20:04:15 POLARIS_LOG {"event":"send_rate","rate":296000,"ts":1760731455.738378}
2025/10/17 20:04:16 POLARIS_LOG {"event":"send_rate","rate":304000,"ts":1760731456.72977}
2025/10/17 20:04:17 POLARIS_LOG {"event":"send_rate","rate":296000,"ts":1760731457.7290013}
Drain Loop received packet
Drain Loop received non-nil payload
Client sent 10125 packets, server reported 10072 packets received
The network loss rate from client to server is 0.5%

S->C results
Attempted bandwidth: 0 bps / 0.00 Mbps
Achieved bandwidth: 0 bps / 0.00 Mbps
Loss rate: 0.0%
Interarrival time min/avg/max/mdev = -0.000/0.000/0.000/0.000 ms

C->S results
Attempted bandwidth: 300000 bps / 0.30 Mbps
Achieved bandwidth: 298429 bps / 0.30 Mbps
Loss rate: 0.5%
Interarrival time min/avg/max/mdev = 0.002/26.644/823.809/28.234 ms
