
Test parameters:
client->server: 300 seconds, 1000 bytes, 18750 packets
server->client: 300 seconds, 1000 bytes, 0 packets
2025/10/14 15:58:19 POLARIS_LOG {"current_rate":0,"event":"path_switch","new":"2 2 5 2","trigger":"initialization","ts":1760457499.4322274}
Polaris prober initialized with 38 paths
Polaris prober initialized with local 1-111,10.111.0.71:32764 and remote 1-113,10.113.0.71
2025/10/14 15:58:20 POLARIS_LOG {"event":"send_rate","rate":504000,"ts":1760457500.4328048}
2025/10/14 15:58:21 POLARIS_LOG {"event":"send_rate","rate":496000,"ts":1760457501.4324121}
2025/10/14 15:58:22 POLARIS_LOG {"event":"send_rate","rate":504000,"ts":1760457502.4324641}
2025/10/14 15:58:23 POLARIS_LOG {"event":"send_rate","rate":496000,"ts":1760457503.4333894}
2025/10/14 15:58:24 POLARIS_LOG {"event":"send_rate","rate":504000,"ts":1760457504.4329383}
2025/10/14 15:58:25 POLARIS_LOG {"event":"send_rate","rate":496000,"ts":1760457505.4326813}
2025/10/14 15:58:26 POLARIS_LOG {"event":"send_rate","rate":504000,"ts":1760457506.4329119}
2025/10/14 15:58:27 POLARIS_LOG {"event":"send_rate","rate":496000,"ts":1760457507.4327967}
2025/10/14 15:58:28 POLARIS_LOG {"event":"send_rate","rate":504000,"ts":1760457508.4328003}
2025/10/14 15:58:29 POLARIS_LOG {"event":"send_rate","rate":496000,"ts":1760457509.4331381}
2025/10/14 15:58:30 POLARIS_LOG {"event":"send_rate","rate":504000,"ts":1760457510.4328005}
2025/10/14 15:58:31 POLARIS_LOG {"event":"send_rate","rate":496000,"ts":1760457511.4329576}
2025/10/14 15:58:32 POLARIS_LOG {"event":"send_rate","rate":504000,"ts":1760457512.4323943}
2025/10/14 15:58:33 POLARIS_LOG {"event":"send_rate","rate":496000,"ts":1760457513.4326696}
2025/10/14 15:58:34 POLARIS_LOG {"event":"send_rate","rate":504000,"ts":1760457514.4327362}
2025/10/14 15:58:35 POLARIS_LOG {"event":"send_rate","rate":496000,"ts":1760457515.4330063}
2025/10/14 15:58:36 POLARIS_LOG {"event":"send_rate","rate":504000,"ts":1760457516.4324365}
2025/10/14 15:58:37 POLARIS_LOG {"event":"send_rate","rate":496000,"ts":1760457517.4331124}
2025/10/14 15:58:38 POLARIS_LOG {"event":"send_rate","rate":504000,"ts":1760457518.4325876}
2025/10/14 15:58:39 POLARIS_LOG {"event":"send_rate","rate":496000,"ts":1760457519.4328318}
2025/10/14 15:58:40 POLARIS_LOG {"event":"send_rate","rate":504000,"ts":1760457520.4329755}
2025/10/14 15:58:41 POLARIS_LOG {"event":"send_rate","rate":496000,"ts":1760457521.4343853}
2025/10/14 15:58:42 POLARIS_LOG {"event":"send_rate","rate":504000,"ts":1760457522.43332}
2025/10/14 15:58:43 POLARIS_LOG {"event":"send_rate","rate":496000,"ts":1760457523.4328227}
2025/10/14 15:58:44 POLARIS_LOG {"event":"send_rate","rate":504000,"ts":1760457524.432395}
2025/10/14 15:58:45 POLARIS_LOG {"event":"send_rate","rate":496000,"ts":1760457525.4331267}
2025/10/14 15:58:46 POLARIS_LOG {"event":"send_rate","rate":496000,"ts":1760457526.4325953}
2025/10/14 15:58:47 POLARIS_LOG {"event":"send_rate","rate":504000,"ts":1760457527.4356651}
2025/10/14 15:58:48 POLARIS_LOG {"event":"send_rate","rate":496000,"ts":1760457528.4324355}
2025/10/14 15:58:49 POLARIS_LOG {"event":"send_rate","rate":504000,"ts":1760457529.4344554}
2025/10/14 15:58:50 POLARIS_LOG {"event":"send_rate","rate":504000,"ts":1760457530.4328415}
2025/10/14 15:58:51 POLARIS_LOG {"event":"send_rate","rate":496000,"ts":1760457531.433564}
2025/10/14 15:58:52 POLARIS_LOG {"event":"send_rate","rate":504000,"ts":1760457532.4331388}
2025/10/14 15:58:53 POLARIS_LOG {"event":"send_rate","rate":496000,"ts":1760457533.4335144}
2025/10/14 15:58:54 POLARIS_LOG {"event":"send_rate","rate":504000,"ts":1760457534.4371283}
2025/10/14 15:58:55 POLARIS_LOG {"event":"send_rate","rate":496000,"ts":1760457535.4325235}
2025/10/14 15:58:56 POLARIS_LOG {"event":"send_rate","rate":328000,"ts":1760457536.4324265}
2025/10/14 15:58:57 POLARIS_LOG {"event":"send_rate","rate":288000,"ts":1760457537.435201}
2025/10/14 15:58:58 POLARIS_LOG {"event":"send_rate","rate":264000,"ts":1760457538.4330404}
2025/10/14 15:58:59 POLARIS_LOG {"event":"send_rate","rate":344000,"ts":1760457539.4341812}
2025/10/14 15:59:00 POLARIS_LOG {"event":"send_rate","rate":336000,"ts":1760457540.4333048}
2025/10/14 15:59:01 POLARIS_LOG {"event":"send_rate","rate":504000,"ts":1760457541.4339216}
2025/10/14 15:59:02 POLARIS_LOG {"event":"send_rate","rate":640000,"ts":1760457542.4325829}
2025/10/14 15:59:03 POLARIS_LOG {"event":"send_rate","rate":480000,"ts":1760457543.4327698}
2025/10/14 15:59:04 POLARIS_LOG {"event":"send_rate","rate":344000,"ts":1760457544.4332197}
2025/10/14 15:59:05 POLARIS_LOG {"event":"send_rate","rate":392000,"ts":1760457545.4337716}
2025/10/14 15:59:06 POLARIS_LOG {"event":"send_rate","rate":608000,"ts":1760457546.4325233}
2025/10/14 15:59:07 POLARIS_LOG {"event":"send_rate","rate":696000,"ts":1760457547.4343827}
2025/10/14 15:59:08 POLARIS_LOG {"event":"send_rate","rate":576000,"ts":1760457548.4437842}
2025/10/14 15:59:09 POLARIS_LOG {"event":"send_rate","rate":632000,"ts":1760457549.43301}
2025/10/14 15:59:10 POLARIS_LOG {"event":"send_rate","rate":472000,"ts":1760457550.4335668}
2025/10/14 15:59:11 POLARIS_LOG {"event":"send_rate","rate":416000,"ts":1760457551.4360359}
2025/10/14 15:59:12 POLARIS_LOG {"event":"send_rate","rate":424000,"ts":1760457552.4341028}
2025/10/14 15:59:13 POLARIS_LOG {"event":"send_rate","rate":472000,"ts":1760457553.433959}
2025/10/14 15:59:14 POLARIS_LOG {"event":"send_rate","rate":368000,"ts":1760457554.4330437}
2025/10/14 15:59:15 POLARIS_LOG {"event":"send_rate","rate":376000,"ts":1760457555.432479}
2025/10/14 15:59:16 POLARIS_LOG {"event":"send_rate","rate":456000,"ts":1760457556.433218}
2025/10/14 15:59:17 POLARIS_LOG {"event":"send_rate","rate":568000,"ts":1760457557.4329917}
2025/10/14 15:59:18 POLARIS_LOG {"event":"send_rate","rate":448000,"ts":1760457558.433023}
2025/10/14 15:59:19 POLARIS_LOG {"candidates":7,"candidates_unfiltered":7,"current_rate":448000,"estimated_share":1000000,"event":"path_switch","max_estimated_share":1000000,"new":"5 5 6 6 4 1","old":"2 2 5 2","trigger":"scheduled","ts":1760457559.4328852}
2025/10/14 15:59:19 POLARIS_LOG {"event":"send_rate","rate":488000,"ts":1760457559.4329045}
2025/10/14 15:59:20 POLARIS_LOG {"event":"send_rate","rate":1576000,"ts":1760457560.4326525}
2025/10/14 15:59:21 POLARIS_LOG {"event":"send_rate","rate":512000,"ts":1760457561.4442995}
2025/10/14 15:59:22 POLARIS_LOG {"event":"send_rate","rate":488000,"ts":1760457562.4333487}
2025/10/14 15:59:23 POLARIS_LOG {"event":"send_rate","rate":504000,"ts":1760457563.4327466}
2025/10/14 15:59:24 POLARIS_LOG {"event":"send_rate","rate":496000,"ts":1760457564.432965}
2025/10/14 15:59:25 POLARIS_LOG {"event":"send_rate","rate":504000,"ts":1760457565.443442}
2025/10/14 15:59:26 POLARIS_LOG {"event":"send_rate","rate":496000,"ts":1760457566.433211}
2025/10/14 15:59:27 POLARIS_LOG {"event":"send_rate","rate":504000,"ts":1760457567.4446688}
2025/10/14 15:59:28 POLARIS_LOG {"event":"send_rate","rate":496000,"ts":1760457568.4324028}
2025/10/14 15:59:29 POLARIS_LOG {"event":"send_rate","rate":504000,"ts":1760457569.4336684}
2025/10/14 15:59:30 POLARIS_LOG {"event":"send_rate","rate":496000,"ts":1760457570.4465067}
2025/10/14 15:59:31 POLARIS_LOG {"event":"send_rate","rate":504000,"ts":1760457571.4334853}
2025/10/14 15:59:32 POLARIS_LOG {"event":"send_rate","rate":496000,"ts":1760457572.432703}
2025/10/14 15:59:33 POLARIS_LOG {"event":"send_rate","rate":504000,"ts":1760457573.4331877}
2025/10/14 15:59:34 POLARIS_LOG {"event":"send_rate","rate":496000,"ts":1760457574.4338086}
2025/10/14 15:59:35 POLARIS_LOG {"event":"send_rate","rate":504000,"ts":1760457575.432398}
2025/10/14 15:59:36 POLARIS_LOG {"event":"send_rate","rate":496000,"ts":1760457576.4335048}
2025/10/14 15:59:37 POLARIS_LOG {"event":"send_rate","rate":504000,"ts":1760457577.4376585}
2025/10/14 15:59:38 POLARIS_LOG {"event":"send_rate","rate":504000,"ts":1760457578.43975}
2025/10/14 15:59:39 POLARIS_LOG {"event":"send_rate","rate":496000,"ts":1760457579.4333696}
2025/10/14 15:59:40 POLARIS_LOG {"event":"send_rate","rate":496000,"ts":1760457580.4324806}
2025/10/14 15:59:41 POLARIS_LOG {"event":"send_rate","rate":504000,"ts":1760457581.4352994}
2025/10/14 15:59:42 POLARIS_LOG {"event":"send_rate","rate":496000,"ts":1760457582.434407}
2025/10/14 15:59:43 POLARIS_LOG {"event":"send_rate","rate":504000,"ts":1760457583.4365227}
2025/10/14 15:59:44 POLARIS_LOG {"event":"send_rate","rate":504000,"ts":1760457584.4367921}
2025/10/14 15:59:45 POLARIS_LOG {"event":"send_rate","rate":496000,"ts":1760457585.432418}
2025/10/14 15:59:46 POLARIS_LOG {"event":"send_rate","rate":496000,"ts":1760457586.4328294}
2025/10/14 15:59:47 POLARIS_LOG {"event":"send_rate","rate":504000,"ts":1760457587.4329717}
2025/10/14 15:59:48 POLARIS_LOG {"event":"send_rate","rate":496000,"ts":1760457588.433833}
2025/10/14 15:59:49 POLARIS_LOG {"event":"send_rate","rate":504000,"ts":1760457589.4327133}
2025/10/14 15:59:50 POLARIS_LOG {"event":"send_rate","rate":496000,"ts":1760457590.4327288}
2025/10/14 15:59:51 POLARIS_LOG {"event":"send_rate","rate":504000,"ts":1760457591.4348562}
2025/10/14 15:59:52 POLARIS_LOG {"event":"send_rate","rate":496000,"ts":1760457592.4327338}
2025/10/14 15:59:53 POLARIS_LOG {"event":"send_rate","rate":504000,"ts":1760457593.4347954}
2025/10/14 15:59:54 POLARIS_LOG {"event":"send_rate","rate":496000,"ts":1760457594.4332}
2025/10/14 15:59:55 POLARIS_LOG {"event":"send_rate","rate":504000,"ts":1760457595.4376678}
2025/10/14 15:59:56 POLARIS_LOG {"event":"send_rate","rate":496000,"ts":1760457596.4326215}
2025/10/14 15:59:57 POLARIS_LOG {"event":"send_rate","rate":504000,"ts":1760457597.43353}
2025/10/14 15:59:58 POLARIS_LOG {"event":"send_rate","rate":496000,"ts":1760457598.4328933}
2025/10/14 15:59:59 POLARIS_LOG {"event":"send_rate","rate":504000,"ts":1760457599.434269}
2025/10/14 16:00:00 POLARIS_LOG {"event":"send_rate","rate":496000,"ts":1760457600.4340506}
2025/10/14 16:00:01 POLARIS_LOG {"event":"send_rate","rate":504000,"ts":1760457601.4329164}
2025/10/14 16:00:02 POLARIS_LOG {"event":"send_rate","rate":496000,"ts":1760457602.433059}
2025/10/14 16:00:03 POLARIS_LOG {"event":"send_rate","rate":504000,"ts":1760457603.4374967}
2025/10/14 16:00:04 POLARIS_LOG {"event":"send_rate","rate":496000,"ts":1760457604.4367685}
2025/10/14 16:00:05 POLARIS_LOG {"event":"send_rate","rate":504000,"ts":1760457605.434452}
2025/10/14 16:00:06 POLARIS_LOG {"event":"send_rate","rate":496000,"ts":1760457606.4418788}
2025/10/14 16:00:07 POLARIS_LOG {"event":"send_rate","rate":504000,"ts":1760457607.4336946}
2025/10/14 16:00:08 POLARIS_LOG {"event":"send_rate","rate":496000,"ts":1760457608.432575}
2025/10/14 16:00:09 POLARIS_LOG {"event":"send_rate","rate":504000,"ts":1760457609.4324853}
2025/10/14 16:00:10 POLARIS_LOG {"event":"send_rate","rate":496000,"ts":1760457610.4335916}
2025/10/14 16:00:11 POLARIS_LOG {"event":"send_rate","rate":504000,"ts":1760457611.435377}
2025/10/14 16:00:12 POLARIS_LOG {"event":"send_rate","rate":496000,"ts":1760457612.4400733}
2025/10/14 16:00:13 POLARIS_LOG {"event":"send_rate","rate":504000,"ts":1760457613.4330544}
2025/10/14 16:00:14 POLARIS_LOG {"event":"send_rate","rate":496000,"ts":1760457614.4326246}
2025/10/14 16:00:15 POLARIS_LOG {"event":"send_rate","rate":504000,"ts":1760457615.4324806}
2025/10/14 16:00:16 POLARIS_LOG {"event":"send_rate","rate":496000,"ts":1760457616.432803}
2025/10/14 16:00:17 POLARIS_LOG {"event":"send_rate","rate":504000,"ts":1760457617.43562}
2025/10/14 16:00:18 POLARIS_LOG {"event":"send_rate","rate":504000,"ts":1760457618.4531088}
2025/10/14 16:00:19 POLARIS_LOG {"event":"send_rate","rate":496000,"ts":1760457619.4359262}
2025/10/14 16:00:20 POLARIS_LOG {"event":"send_rate","rate":504000,"ts":1760457620.4381757}
2025/10/14 16:00:21 POLARIS_LOG {"event":"send_rate","rate":496000,"ts":1760457621.434105}
2025/10/14 16:00:22 POLARIS_LOG {"event":"send_rate","rate":496000,"ts":1760457622.4337935}
2025/10/14 16:00:23 POLARIS_LOG {"event":"send_rate","rate":504000,"ts":1760457623.433114}
2025/10/14 16:00:24 POLARIS_LOG {"event":"send_rate","rate":496000,"ts":1760457624.432947}
2025/10/14 16:00:25 POLARIS_LOG {"event":"send_rate","rate":504000,"ts":1760457625.4339843}
2025/10/14 16:00:26 POLARIS_LOG {"event":"send_rate","rate":496000,"ts":1760457626.4331074}
2025/10/14 16:00:27 POLARIS_LOG {"event":"send_rate","rate":504000,"ts":1760457627.4333167}
2025/10/14 16:00:28 POLARIS_LOG {"event":"send_rate","rate":504000,"ts":1760457628.4408689}
2025/10/14 16:00:29 POLARIS_LOG {"event":"send_rate","rate":496000,"ts":1760457629.4325397}
2025/10/14 16:00:30 POLARIS_LOG {"event":"send_rate","rate":496000,"ts":1760457630.4352028}
2025/10/14 16:00:31 POLARIS_LOG {"event":"send_rate","rate":504000,"ts":1760457631.433683}
2025/10/14 16:00:32 POLARIS_LOG {"event":"send_rate","rate":496000,"ts":1760457632.4334245}
2025/10/14 16:00:33 POLARIS_LOG {"event":"send_rate","rate":504000,"ts":1760457633.4326198}
2025/10/14 16:00:34 POLARIS_LOG {"event":"send_rate","rate":496000,"ts":1760457634.4326687}
2025/10/14 16:00:35 POLARIS_LOG {"event":"send_rate","rate":504000,"ts":1760457635.4330194}
2025/10/14 16:00:36 POLARIS_LOG {"event":"send_rate","rate":496000,"ts":1760457636.4331}
2025/10/14 16:00:37 POLARIS_LOG {"event":"send_rate","rate":504000,"ts":1760457637.433802}
2025/10/14 16:00:38 POLARIS_LOG {"event":"send_rate","rate":496000,"ts":1760457638.434336}
2025/10/14 16:00:39 POLARIS_LOG {"event":"send_rate","rate":504000,"ts":1760457639.432429}
2025/10/14 16:00:40 POLARIS_LOG {"event":"send_rate","rate":496000,"ts":1760457640.4368236}
2025/10/14 16:00:41 POLARIS_LOG {"event":"send_rate","rate":496000,"ts":1760457641.438071}
2025/10/14 16:00:42 POLARIS_LOG {"event":"send_rate","rate":504000,"ts":1760457642.43693}
2025/10/14 16:00:43 POLARIS_LOG {"event":"send_rate","rate":504000,"ts":1760457643.4331257}
2025/10/14 16:00:44 POLARIS_LOG {"event":"send_rate","rate":496000,"ts":1760457644.4334362}
2025/10/14 16:00:45 POLARIS_LOG {"event":"send_rate","rate":504000,"ts":1760457645.4364293}
2025/10/14 16:00:46 POLARIS_LOG {"event":"send_rate","rate":496000,"ts":1760457646.4370787}
2025/10/14 16:00:47 POLARIS_LOG {"event":"send_rate","rate":504000,"ts":1760457647.4327242}
2025/10/14 16:00:48 POLARIS_LOG {"event":"send_rate","rate":496000,"ts":1760457648.4338696}
2025/10/14 16:00:49 POLARIS_LOG {"event":"send_rate","rate":504000,"ts":1760457649.4351766}
2025/10/14 16:00:50 POLARIS_LOG {"event":"send_rate","rate":496000,"ts":1760457650.4334435}
2025/10/14 16:00:51 POLARIS_LOG {"event":"send_rate","rate":504000,"ts":1760457651.4337416}
2025/10/14 16:00:52 POLARIS_LOG {"event":"send_rate","rate":496000,"ts":1760457652.4326553}
2025/10/14 16:00:53 POLARIS_LOG {"event":"send_rate","rate":504000,"ts":1760457653.4346857}
2025/10/14 16:00:54 POLARIS_LOG {"event":"send_rate","rate":496000,"ts":1760457654.4371643}
2025/10/14 16:00:55 POLARIS_LOG {"event":"send_rate","rate":504000,"ts":1760457655.435069}
2025/10/14 16:00:56 POLARIS_LOG {"event":"send_rate","rate":496000,"ts":1760457656.4336052}
2025/10/14 16:00:57 POLARIS_LOG {"event":"send_rate","rate":504000,"ts":1760457657.4334452}
2025/10/14 16:00:58 POLARIS_LOG {"event":"send_rate","rate":496000,"ts":1760457658.4332511}
2025/10/14 16:00:59 POLARIS_LOG {"event":"send_rate","rate":504000,"ts":1760457659.4437187}
2025/10/14 16:01:00 POLARIS_LOG {"event":"send_rate","rate":496000,"ts":1760457660.4511898}
2025/10/14 16:01:01 POLARIS_LOG {"event":"send_rate","rate":496000,"ts":1760457661.4325209}
2025/10/14 16:01:02 POLARIS_LOG {"event":"send_rate","rate":504000,"ts":1760457662.4339287}
2025/10/14 16:01:03 POLARIS_LOG {"event":"send_rate","rate":504000,"ts":1760457663.4354718}
2025/10/14 16:01:04 POLARIS_LOG {"event":"send_rate","rate":496000,"ts":1760457664.435256}
2025/10/14 16:01:05 POLARIS_LOG {"event":"send_rate","rate":504000,"ts":1760457665.4339712}
2025/10/14 16:01:06 POLARIS_LOG {"event":"send_rate","rate":496000,"ts":1760457666.433664}
2025/10/14 16:01:07 POLARIS_LOG {"event":"send_rate","rate":504000,"ts":1760457667.432731}
2025/10/14 16:01:08 POLARIS_LOG {"event":"send_rate","rate":496000,"ts":1760457668.432762}
2025/10/14 16:01:09 POLARIS_LOG {"event":"send_rate","rate":504000,"ts":1760457669.4339511}
2025/10/14 16:01:10 POLARIS_LOG {"event":"send_rate","rate":496000,"ts":1760457670.433307}
2025/10/14 16:01:11 POLARIS_LOG {"event":"send_rate","rate":504000,"ts":1760457671.437536}
2025/10/14 16:01:12 POLARIS_LOG {"event":"send_rate","rate":496000,"ts":1760457672.432803}
2025/10/14 16:01:13 POLARIS_LOG {"event":"send_rate","rate":512000,"ts":1760457673.448224}
2025/10/14 16:01:14 POLARIS_LOG {"event":"send_rate","rate":488000,"ts":1760457674.4330044}
2025/10/14 16:01:15 POLARIS_LOG {"event":"send_rate","rate":504000,"ts":1760457675.439396}
2025/10/14 16:01:16 POLARIS_LOG {"event":"send_rate","rate":496000,"ts":1760457676.4331002}
2025/10/14 16:01:17 POLARIS_LOG {"event":"send_rate","rate":504000,"ts":1760457677.433425}
2025/10/14 16:01:18 POLARIS_LOG {"event":"send_rate","rate":496000,"ts":1760457678.4343452}
2025/10/14 16:01:19 POLARIS_LOG {"event":"send_rate","rate":496000,"ts":1760457679.4323955}
2025/10/14 16:01:20 POLARIS_LOG {"event":"send_rate","rate":504000,"ts":1760457680.4329753}
2025/10/14 16:01:21 POLARIS_LOG {"event":"send_rate","rate":512000,"ts":1760457681.4570909}
2025/10/14 16:01:22 POLARIS_LOG {"event":"send_rate","rate":488000,"ts":1760457682.433751}
2025/10/14 16:01:23 POLARIS_LOG {"event":"send_rate","rate":496000,"ts":1760457683.4324443}
2025/10/14 16:01:24 POLARIS_LOG {"event":"send_rate","rate":504000,"ts":1760457684.4335654}
2025/10/14 16:01:25 POLARIS_LOG {"event":"send_rate","rate":496000,"ts":1760457685.4334908}
2025/10/14 16:01:26 POLARIS_LOG {"event":"send_rate","rate":504000,"ts":1760457686.4387655}
2025/10/14 16:01:27 POLARIS_LOG {"event":"send_rate","rate":504000,"ts":1760457687.4374344}
2025/10/14 16:01:28 POLARIS_LOG {"event":"send_rate","rate":496000,"ts":1760457688.433076}
2025/10/14 16:01:29 POLARIS_LOG {"event":"send_rate","rate":504000,"ts":1760457689.4331152}
2025/10/14 16:01:30 POLARIS_LOG {"event":"send_rate","rate":496000,"ts":1760457690.433177}
2025/10/14 16:01:31 POLARIS_LOG {"event":"send_rate","rate":504000,"ts":1760457691.4340708}
2025/10/14 16:01:32 POLARIS_LOG {"event":"send_rate","rate":496000,"ts":1760457692.4324565}
2025/10/14 16:01:33 POLARIS_LOG {"event":"send_rate","rate":496000,"ts":1760457693.4327536}
2025/10/14 16:01:34 POLARIS_LOG {"event":"send_rate","rate":504000,"ts":1760457694.4395173}
2025/10/14 16:01:35 POLARIS_LOG {"event":"send_rate","rate":496000,"ts":1760457695.4323967}
2025/10/14 16:01:36 POLARIS_LOG {"event":"send_rate","rate":504000,"ts":1760457696.4441128}
2025/10/14 16:01:37 POLARIS_LOG {"event":"send_rate","rate":504000,"ts":1760457697.4418573}
2025/10/14 16:01:38 POLARIS_LOG {"event":"send_rate","rate":496000,"ts":1760457698.4326549}
2025/10/14 16:01:39 POLARIS_LOG {"event":"send_rate","rate":496000,"ts":1760457699.4327734}
2025/10/14 16:01:40 POLARIS_LOG {"event":"send_rate","rate":504000,"ts":1760457700.435446}
2025/10/14 16:01:41 POLARIS_LOG {"event":"send_rate","rate":504000,"ts":1760457701.4339294}
2025/10/14 16:01:42 POLARIS_LOG {"event":"send_rate","rate":496000,"ts":1760457702.4373243}
2025/10/14 16:01:43 POLARIS_LOG {"event":"send_rate","rate":504000,"ts":1760457703.4337053}
2025/10/14 16:01:44 POLARIS_LOG {"event":"send_rate","rate":496000,"ts":1760457704.4334528}
2025/10/14 16:01:45 POLARIS_LOG {"event":"send_rate","rate":496000,"ts":1760457705.4324806}
2025/10/14 16:01:46 POLARIS_LOG {"event":"send_rate","rate":504000,"ts":1760457706.43411}
2025/10/14 16:01:47 POLARIS_LOG {"event":"send_rate","rate":504000,"ts":1760457707.436049}
2025/10/14 16:01:48 POLARIS_LOG {"event":"send_rate","rate":496000,"ts":1760457708.4388678}
2025/10/14 16:01:49 POLARIS_LOG {"event":"send_rate","rate":496000,"ts":1760457709.433597}
2025/10/14 16:01:50 POLARIS_LOG {"event":"send_rate","rate":504000,"ts":1760457710.4359868}
2025/10/14 16:01:51 POLARIS_LOG {"event":"send_rate","rate":496000,"ts":1760457711.4338}
2025/10/14 16:01:52 POLARIS_LOG {"event":"send_rate","rate":504000,"ts":1760457712.4334035}
2025/10/14 16:01:53 POLARIS_LOG {"event":"send_rate","rate":504000,"ts":1760457713.4342558}
2025/10/14 16:01:54 POLARIS_LOG {"event":"send_rate","rate":496000,"ts":1760457714.4360635}
2025/10/14 16:01:55 POLARIS_LOG {"event":"send_rate","rate":496000,"ts":1760457715.432482}
2025/10/14 16:01:56 POLARIS_LOG {"event":"send_rate","rate":504000,"ts":1760457716.4378645}
2025/10/14 16:01:57 POLARIS_LOG {"event":"send_rate","rate":496000,"ts":1760457717.434059}
2025/10/14 16:01:58 POLARIS_LOG {"event":"send_rate","rate":504000,"ts":1760457718.4334292}
2025/10/14 16:01:59 POLARIS_LOG {"event":"send_rate","rate":496000,"ts":1760457719.4332483}
2025/10/14 16:02:00 POLARIS_LOG {"event":"send_rate","rate":504000,"ts":1760457720.4408424}
2025/10/14 16:02:01 POLARIS_LOG {"event":"send_rate","rate":496000,"ts":1760457721.437552}
2025/10/14 16:02:02 POLARIS_LOG {"event":"send_rate","rate":504000,"ts":1760457722.4333458}
2025/10/14 16:02:03 POLARIS_LOG {"event":"send_rate","rate":496000,"ts":1760457723.4334974}
2025/10/14 16:02:04 POLARIS_LOG {"event":"send_rate","rate":504000,"ts":1760457724.4345372}
2025/10/14 16:02:05 POLARIS_LOG {"event":"send_rate","rate":496000,"ts":1760457725.4331272}
2025/10/14 16:02:06 POLARIS_LOG {"event":"send_rate","rate":504000,"ts":1760457726.4329283}
2025/10/14 16:02:07 POLARIS_LOG {"event":"send_rate","rate":496000,"ts":1760457727.4332073}
2025/10/14 16:02:08 POLARIS_LOG {"event":"send_rate","rate":504000,"ts":1760457728.4348147}
2025/10/14 16:02:09 POLARIS_LOG {"event":"send_rate","rate":496000,"ts":1760457729.433899}
2025/10/14 16:02:10 POLARIS_LOG {"event":"send_rate","rate":504000,"ts":1760457730.432868}
2025/10/14 16:02:11 POLARIS_LOG {"event":"send_rate","rate":496000,"ts":1760457731.4355938}
2025/10/14 16:02:12 POLARIS_LOG {"event":"send_rate","rate":504000,"ts":1760457732.436661}
2025/10/14 16:02:13 POLARIS_LOG {"event":"send_rate","rate":496000,"ts":1760457733.4336607}
2025/10/14 16:02:14 POLARIS_LOG {"event":"send_rate","rate":504000,"ts":1760457734.4364986}
2025/10/14 16:02:15 POLARIS_LOG {"event":"send_rate","rate":496000,"ts":1760457735.4326997}
2025/10/14 16:02:16 POLARIS_LOG {"event":"send_rate","rate":504000,"ts":1760457736.432406}
2025/10/14 16:02:17 POLARIS_LOG {"event":"send_rate","rate":504000,"ts":1760457737.440221}
2025/10/14 16:02:18 POLARIS_LOG {"event":"send_rate","rate":496000,"ts":1760457738.433824}
2025/10/14 16:02:19 POLARIS_LOG {"event":"send_rate","rate":496000,"ts":1760457739.434919}
2025/10/14 16:02:20 POLARIS_LOG {"event":"send_rate","rate":504000,"ts":1760457740.437855}
2025/10/14 16:02:21 POLARIS_LOG {"event":"send_rate","rate":496000,"ts":1760457741.4330297}
2025/10/14 16:02:22 POLARIS_LOG {"event":"send_rate","rate":504000,"ts":1760457742.434307}
2025/10/14 16:02:23 POLARIS_LOG {"event":"send_rate","rate":496000,"ts":1760457743.4603057}
2025/10/14 16:02:24 POLARIS_LOG {"event":"send_rate","rate":504000,"ts":1760457744.433611}
2025/10/14 16:02:25 POLARIS_LOG {"event":"send_rate","rate":496000,"ts":1760457745.4357147}
2025/10/14 16:02:26 POLARIS_LOG {"event":"send_rate","rate":504000,"ts":1760457746.432854}
2025/10/14 16:02:27 POLARIS_LOG {"event":"send_rate","rate":504000,"ts":1760457747.4388592}
2025/10/14 16:02:28 POLARIS_LOG {"event":"send_rate","rate":496000,"ts":1760457748.4361002}
2025/10/14 16:02:29 POLARIS_LOG {"event":"send_rate","rate":496000,"ts":1760457749.4423227}
2025/10/14 16:02:30 POLARIS_LOG {"event":"send_rate","rate":504000,"ts":1760457750.433009}
2025/10/14 16:02:31 POLARIS_LOG {"event":"send_rate","rate":496000,"ts":1760457751.4340668}
2025/10/14 16:02:32 POLARIS_LOG {"event":"send_rate","rate":504000,"ts":1760457752.4335623}
2025/10/14 16:02:33 POLARIS_LOG {"event":"send_rate","rate":496000,"ts":1760457753.433943}
2025/10/14 16:02:34 POLARIS_LOG {"event":"send_rate","rate":504000,"ts":1760457754.433002}
2025/10/14 16:02:35 POLARIS_LOG {"event":"send_rate","rate":496000,"ts":1760457755.4330666}
2025/10/14 16:02:36 POLARIS_LOG {"event":"send_rate","rate":504000,"ts":1760457756.4334624}
2025/10/14 16:02:37 POLARIS_LOG {"event":"send_rate","rate":496000,"ts":1760457757.4343498}
2025/10/14 16:02:38 POLARIS_LOG {"event":"send_rate","rate":504000,"ts":1760457758.4342}
2025/10/14 16:02:39 POLARIS_LOG {"event":"send_rate","rate":496000,"ts":1760457759.433523}
2025/10/14 16:02:40 POLARIS_LOG {"event":"send_rate","rate":504000,"ts":1760457760.4328344}
2025/10/14 16:02:41 POLARIS_LOG {"event":"send_rate","rate":496000,"ts":1760457761.4332707}
2025/10/14 16:02:42 POLARIS_LOG {"event":"send_rate","rate":504000,"ts":1760457762.4367075}
2025/10/14 16:02:43 POLARIS_LOG {"event":"send_rate","rate":496000,"ts":1760457763.433333}
2025/10/14 16:02:44 POLARIS_LOG {"event":"send_rate","rate":504000,"ts":1760457764.4375112}
2025/10/14 16:02:45 POLARIS_LOG {"event":"send_rate","rate":496000,"ts":1760457765.433872}
2025/10/14 16:02:46 POLARIS_LOG {"event":"send_rate","rate":504000,"ts":1760457766.4346013}
2025/10/14 16:02:47 POLARIS_LOG {"event":"send_rate","rate":496000,"ts":1760457767.436317}
2025/10/14 16:02:48 POLARIS_LOG {"event":"send_rate","rate":504000,"ts":1760457768.4338646}
2025/10/14 16:02:49 POLARIS_LOG {"event":"send_rate","rate":496000,"ts":1760457769.4325402}
2025/10/14 16:02:50 POLARIS_LOG {"event":"send_rate","rate":504000,"ts":1760457770.4393175}
2025/10/14 16:02:51 POLARIS_LOG {"event":"send_rate","rate":496000,"ts":1760457771.4332283}
2025/10/14 16:02:52 POLARIS_LOG {"event":"send_rate","rate":504000,"ts":1760457772.4331615}
2025/10/14 16:02:53 POLARIS_LOG {"event":"send_rate","rate":496000,"ts":1760457773.4332626}
2025/10/14 16:02:54 POLARIS_LOG {"event":"send_rate","rate":504000,"ts":1760457774.4332173}
2025/10/14 16:02:55 POLARIS_LOG {"event":"send_rate","rate":496000,"ts":1760457775.4420552}
2025/10/14 16:02:56 POLARIS_LOG {"event":"send_rate","rate":504000,"ts":1760457776.4332457}
2025/10/14 16:02:57 POLARIS_LOG {"event":"send_rate","rate":496000,"ts":1760457777.4339488}
2025/10/14 16:02:58 POLARIS_LOG {"event":"send_rate","rate":504000,"ts":1760457778.43304}
2025/10/14 16:02:59 POLARIS_LOG {"event":"send_rate","rate":496000,"ts":1760457779.4344728}
2025/10/14 16:03:00 POLARIS_LOG {"event":"send_rate","rate":504000,"ts":1760457780.432915}
2025/10/14 16:03:01 POLARIS_LOG {"event":"send_rate","rate":496000,"ts":1760457781.433541}
2025/10/14 16:03:02 POLARIS_LOG {"event":"send_rate","rate":504000,"ts":1760457782.4367526}
2025/10/14 16:03:03 POLARIS_LOG {"event":"send_rate","rate":504000,"ts":1760457783.4395223}
2025/10/14 16:03:04 POLARIS_LOG {"event":"send_rate","rate":496000,"ts":1760457784.436147}
2025/10/14 16:03:05 POLARIS_LOG {"event":"send_rate","rate":496000,"ts":1760457785.4333522}
2025/10/14 16:03:06 POLARIS_LOG {"event":"send_rate","rate":504000,"ts":1760457786.4353433}
2025/10/14 16:03:07 POLARIS_LOG {"event":"send_rate","rate":496000,"ts":1760457787.4333327}
2025/10/14 16:03:08 POLARIS_LOG {"event":"send_rate","rate":504000,"ts":1760457788.4407651}
2025/10/14 16:03:09 POLARIS_LOG {"event":"send_rate","rate":496000,"ts":1760457789.4331656}
2025/10/14 16:03:10 POLARIS_LOG {"event":"send_rate","rate":504000,"ts":1760457790.4359233}
2025/10/14 16:03:11 POLARIS_LOG {"event":"send_rate","rate":496000,"ts":1760457791.4334488}
2025/10/14 16:03:12 POLARIS_LOG {"event":"send_rate","rate":504000,"ts":1760457792.4328203}
2025/10/14 16:03:13 POLARIS_LOG {"event":"send_rate","rate":496000,"ts":1760457793.4324355}
2025/10/14 16:03:14 POLARIS_LOG {"event":"send_rate","rate":512000,"ts":1760457794.4492922}
2025/10/14 16:03:15 POLARIS_LOG {"event":"send_rate","rate":488000,"ts":1760457795.4331517}
2025/10/14 16:03:16 POLARIS_LOG {"event":"send_rate","rate":504000,"ts":1760457796.4340956}
2025/10/14 16:03:17 POLARIS_LOG {"event":"send_rate","rate":496000,"ts":1760457797.4345121}
2025/10/14 16:03:18 POLARIS_LOG {"event":"send_rate","rate":504000,"ts":1760457798.4452329}
2025/10/14 16:03:19 POLARIS_LOG {"event":"send_rate","rate":496000,"ts":1760457799.4337459}
We need to sleep for 1 seconds before we can get the results
2025/10/14 16:03:20 POLARIS_LOG {"event":"send_rate","rate":8000,"ts":1760457800.4352145}
Drain Loop received packet
Drain Loop received non-nil payload
We need to sleep for 1 seconds before we can get the results
Client sent 18750 packets, server reported 18730 packets received
The network loss rate from client to server is 0.1%

S->C results
Attempted bandwidth: 0 bps / 0.00 Mbps
Achieved bandwidth: 0 bps / 0.00 Mbps
Loss rate: 0.0%
Interarrival time min/avg/max/mdev = -0.000/0.000/0.000/0.000 ms

C->S results
Attempted bandwidth: 500000 bps / 0.50 Mbps
Achieved bandwidth: 499466 bps / 0.50 Mbps
Loss rate: 0.1%
Interarrival time min/avg/max/mdev = 0.002/16.015/261.030/15.653 ms
