
Test parameters:
client->server: 293 seconds, 1000 bytes, 18312 packets
server->client: 293 seconds, 1000 bytes, 0 packets
2025/10/14 15:58:26 POLARIS_LOG {"current_rate":0,"event":"path_switch","new":"2 2 5 2","trigger":"initialization","ts":1760457506.3659334}
Polaris prober initialized with 38 paths
Polaris prober initialized with local 1-111,10.111.0.71:32761 and remote 1-113,10.113.0.71
2025/10/14 15:58:27 POLARIS_LOG {"event":"send_rate","rate":504000,"ts":1760457507.3669555}
2025/10/14 15:58:28 POLARIS_LOG {"event":"send_rate","rate":496000,"ts":1760457508.3665836}
2025/10/14 15:58:29 POLARIS_LOG {"event":"send_rate","rate":504000,"ts":1760457509.3663783}
2025/10/14 15:58:30 POLARIS_LOG {"event":"send_rate","rate":496000,"ts":1760457510.366198}
2025/10/14 15:58:31 POLARIS_LOG {"event":"send_rate","rate":504000,"ts":1760457511.3663492}
2025/10/14 15:58:32 POLARIS_LOG {"event":"send_rate","rate":496000,"ts":1760457512.3669682}
2025/10/14 15:58:33 POLARIS_LOG {"event":"send_rate","rate":504000,"ts":1760457513.366458}
2025/10/14 15:58:34 POLARIS_LOG {"event":"send_rate","rate":496000,"ts":1760457514.3670177}
2025/10/14 15:58:35 POLARIS_LOG {"event":"send_rate","rate":504000,"ts":1760457515.3662453}
2025/10/14 15:58:36 POLARIS_LOG {"event":"send_rate","rate":496000,"ts":1760457516.367181}
2025/10/14 15:58:37 POLARIS_LOG {"event":"send_rate","rate":504000,"ts":1760457517.3664317}
2025/10/14 15:58:38 POLARIS_LOG {"event":"send_rate","rate":496000,"ts":1760457518.3665001}
2025/10/14 15:58:39 POLARIS_LOG {"event":"send_rate","rate":504000,"ts":1760457519.36713}
2025/10/14 15:58:40 POLARIS_LOG {"event":"send_rate","rate":496000,"ts":1760457520.3670518}
2025/10/14 15:58:41 POLARIS_LOG {"event":"send_rate","rate":504000,"ts":1760457521.366943}
2025/10/14 15:58:42 POLARIS_LOG {"event":"send_rate","rate":496000,"ts":1760457522.3667104}
2025/10/14 15:58:43 POLARIS_LOG {"event":"send_rate","rate":504000,"ts":1760457523.3667173}
2025/10/14 15:58:44 POLARIS_LOG {"event":"send_rate","rate":496000,"ts":1760457524.3666558}
2025/10/14 15:58:45 POLARIS_LOG {"event":"send_rate","rate":504000,"ts":1760457525.3661702}
2025/10/14 15:58:46 POLARIS_LOG {"event":"send_rate","rate":496000,"ts":1760457526.367752}
2025/10/14 15:58:47 POLARIS_LOG {"event":"send_rate","rate":504000,"ts":1760457527.3666332}
2025/10/14 15:58:48 POLARIS_LOG {"event":"send_rate","rate":496000,"ts":1760457528.3671157}
2025/10/14 15:58:49 POLARIS_LOG {"event":"send_rate","rate":504000,"ts":1760457529.3671017}
2025/10/14 15:58:50 POLARIS_LOG {"event":"send_rate","rate":496000,"ts":1760457530.36618}
2025/10/14 15:58:51 POLARIS_LOG {"event":"send_rate","rate":504000,"ts":1760457531.3667858}
2025/10/14 15:58:52 POLARIS_LOG {"event":"send_rate","rate":496000,"ts":1760457532.3665433}
2025/10/14 15:58:53 POLARIS_LOG {"event":"send_rate","rate":504000,"ts":1760457533.3672137}
2025/10/14 15:58:54 POLARIS_LOG {"event":"send_rate","rate":496000,"ts":1760457534.3662167}
2025/10/14 15:58:55 POLARIS_LOG {"event":"send_rate","rate":416000,"ts":1760457535.3664944}
2025/10/14 15:58:56 POLARIS_LOG {"event":"send_rate","rate":224000,"ts":1760457536.3667426}
2025/10/14 15:58:56 POLARIS_LOG {"candidates":25,"candidates_unfiltered":25,"current_rate":224000,"estimated_share":2000000,"event":"path_switch","max_estimated_share":2000000,"new":"4 4 7 7 4 1","old":"2 2 5 2","trigger":"scheduled","ts":1760457536.3667784}
2025/10/14 15:58:57 POLARIS_LOG {"event":"send_rate","rate":856000,"ts":1760457537.3666215}
2025/10/14 15:58:58 POLARIS_LOG {"event":"send_rate","rate":504000,"ts":1760457538.3666382}
2025/10/14 15:58:59 POLARIS_LOG {"event":"send_rate","rate":496000,"ts":1760457539.3664486}
2025/10/14 15:59:00 POLARIS_LOG {"event":"send_rate","rate":504000,"ts":1760457540.3665473}
2025/10/14 15:59:01 POLARIS_LOG {"event":"send_rate","rate":504000,"ts":1760457541.3669646}
2025/10/14 15:59:02 POLARIS_LOG {"event":"send_rate","rate":496000,"ts":1760457542.366736}
2025/10/14 15:59:03 POLARIS_LOG {"event":"send_rate","rate":496000,"ts":1760457543.3671799}
2025/10/14 15:59:04 POLARIS_LOG {"event":"send_rate","rate":504000,"ts":1760457544.3670027}
2025/10/14 15:59:05 POLARIS_LOG {"event":"send_rate","rate":496000,"ts":1760457545.3663478}
2025/10/14 15:59:06 POLARIS_LOG {"event":"send_rate","rate":504000,"ts":1760457546.366396}
2025/10/14 15:59:07 POLARIS_LOG {"event":"send_rate","rate":496000,"ts":1760457547.366963}
2025/10/14 15:59:08 POLARIS_LOG {"event":"send_rate","rate":504000,"ts":1760457548.3669229}
2025/10/14 15:59:09 POLARIS_LOG {"event":"send_rate","rate":496000,"ts":1760457549.3663015}
2025/10/14 15:59:10 POLARIS_LOG {"event":"send_rate","rate":504000,"ts":1760457550.367119}
2025/10/14 15:59:11 POLARIS_LOG {"event":"send_rate","rate":496000,"ts":1760457551.3670697}
2025/10/14 15:59:12 POLARIS_LOG {"event":"send_rate","rate":504000,"ts":1760457552.3668742}
2025/10/14 15:59:13 POLARIS_LOG {"event":"send_rate","rate":496000,"ts":1760457553.366535}
2025/10/14 15:59:14 POLARIS_LOG {"event":"send_rate","rate":504000,"ts":1760457554.3669403}
2025/10/14 15:59:15 POLARIS_LOG {"event":"send_rate","rate":496000,"ts":1760457555.367184}
2025/10/14 15:59:16 POLARIS_LOG {"event":"send_rate","rate":504000,"ts":1760457556.366938}
2025/10/14 15:59:17 POLARIS_LOG {"event":"send_rate","rate":496000,"ts":1760457557.3662045}
2025/10/14 15:59:18 POLARIS_LOG {"event":"send_rate","rate":504000,"ts":1760457558.3669217}
2025/10/14 15:59:19 POLARIS_LOG {"event":"send_rate","rate":496000,"ts":1760457559.3667223}
2025/10/14 15:59:20 POLARIS_LOG {"event":"send_rate","rate":504000,"ts":1760457560.3670113}
2025/10/14 15:59:21 POLARIS_LOG {"event":"send_rate","rate":496000,"ts":1760457561.366251}
2025/10/14 15:59:22 POLARIS_LOG {"event":"send_rate","rate":504000,"ts":1760457562.3664393}
2025/10/14 15:59:23 POLARIS_LOG {"event":"send_rate","rate":496000,"ts":1760457563.3670616}
2025/10/14 15:59:24 POLARIS_LOG {"event":"send_rate","rate":504000,"ts":1760457564.366241}
2025/10/14 15:59:25 POLARIS_LOG {"event":"send_rate","rate":496000,"ts":1760457565.367121}
2025/10/14 15:59:26 POLARIS_LOG {"event":"send_rate","rate":504000,"ts":1760457566.3664167}
2025/10/14 15:59:27 POLARIS_LOG {"event":"send_rate","rate":496000,"ts":1760457567.36718}
2025/10/14 15:59:28 POLARIS_LOG {"event":"send_rate","rate":504000,"ts":1760457568.36657}
2025/10/14 15:59:29 POLARIS_LOG {"event":"send_rate","rate":496000,"ts":1760457569.3663442}
2025/10/14 15:59:30 POLARIS_LOG {"event":"send_rate","rate":504000,"ts":1760457570.3670087}
2025/10/14 15:59:31 POLARIS_LOG {"event":"send_rate","rate":496000,"ts":1760457571.3664093}
2025/10/14 15:59:32 POLARIS_LOG {"event":"send_rate","rate":504000,"ts":1760457572.3667374}
2025/10/14 15:59:33 POLARIS_LOG {"event":"send_rate","rate":496000,"ts":1760457573.366895}
2025/10/14 15:59:34 POLARIS_LOG {"event":"send_rate","rate":504000,"ts":1760457574.3667119}
2025/10/14 15:59:35 POLARIS_LOG {"event":"send_rate","rate":496000,"ts":1760457575.3664055}
2025/10/14 15:59:36 POLARIS_LOG {"event":"send_rate","rate":504000,"ts":1760457576.366675}
2025/10/14 15:59:37 POLARIS_LOG {"event":"send_rate","rate":496000,"ts":1760457577.366653}
2025/10/14 15:59:38 POLARIS_LOG {"event":"send_rate","rate":504000,"ts":1760457578.3668873}
2025/10/14 15:59:39 POLARIS_LOG {"event":"send_rate","rate":496000,"ts":1760457579.3664525}
2025/10/14 15:59:40 POLARIS_LOG {"event":"send_rate","rate":504000,"ts":1760457580.3668876}
2025/10/14 15:59:41 POLARIS_LOG {"event":"send_rate","rate":496000,"ts":1760457581.3664303}
2025/10/14 15:59:42 POLARIS_LOG {"event":"send_rate","rate":504000,"ts":1760457582.3666563}
2025/10/14 15:59:43 POLARIS_LOG {"event":"send_rate","rate":496000,"ts":1760457583.3663852}
2025/10/14 15:59:44 POLARIS_LOG {"event":"send_rate","rate":504000,"ts":1760457584.367315}
2025/10/14 15:59:45 POLARIS_LOG {"event":"send_rate","rate":496000,"ts":1760457585.366519}
2025/10/14 15:59:46 POLARIS_LOG {"event":"send_rate","rate":504000,"ts":1760457586.3666542}
2025/10/14 15:59:47 POLARIS_LOG {"event":"send_rate","rate":496000,"ts":1760457587.3670285}
2025/10/14 15:59:48 POLARIS_LOG {"event":"send_rate","rate":504000,"ts":1760457588.3663619}
2025/10/14 15:59:49 POLARIS_LOG {"event":"send_rate","rate":496000,"ts":1760457589.3663275}
2025/10/14 15:59:50 POLARIS_LOG {"event":"send_rate","rate":504000,"ts":1760457590.3663292}
2025/10/14 15:59:51 POLARIS_LOG {"event":"send_rate","rate":496000,"ts":1760457591.3665657}
2025/10/14 15:59:52 POLARIS_LOG {"event":"send_rate","rate":504000,"ts":1760457592.3671386}
2025/10/14 15:59:53 POLARIS_LOG {"event":"send_rate","rate":496000,"ts":1760457593.3667092}
2025/10/14 15:59:54 POLARIS_LOG {"event":"send_rate","rate":504000,"ts":1760457594.366461}
2025/10/14 15:59:55 POLARIS_LOG {"event":"send_rate","rate":496000,"ts":1760457595.3669431}
2025/10/14 15:59:56 POLARIS_LOG {"event":"send_rate","rate":504000,"ts":1760457596.3664978}
2025/10/14 15:59:57 POLARIS_LOG {"event":"send_rate","rate":496000,"ts":1760457597.3666768}
2025/10/14 15:59:58 POLARIS_LOG {"event":"send_rate","rate":504000,"ts":1760457598.3669825}
2025/10/14 15:59:59 POLARIS_LOG {"event":"send_rate","rate":496000,"ts":1760457599.3668423}
2025/10/14 16:00:00 POLARIS_LOG {"event":"send_rate","rate":504000,"ts":1760457600.3664412}
2025/10/14 16:00:01 POLARIS_LOG {"event":"send_rate","rate":496000,"ts":1760457601.3668962}
2025/10/14 16:00:02 POLARIS_LOG {"event":"send_rate","rate":504000,"ts":1760457602.3661876}
2025/10/14 16:00:03 POLARIS_LOG {"event":"send_rate","rate":496000,"ts":1760457603.3663158}
2025/10/14 16:00:04 POLARIS_LOG {"event":"send_rate","rate":504000,"ts":1760457604.366842}
2025/10/14 16:00:05 POLARIS_LOG {"event":"send_rate","rate":496000,"ts":1760457605.3664477}
2025/10/14 16:00:06 POLARIS_LOG {"event":"send_rate","rate":496000,"ts":1760457606.3670838}
2025/10/14 16:00:07 POLARIS_LOG {"event":"send_rate","rate":504000,"ts":1760457607.3668768}
2025/10/14 16:00:08 POLARIS_LOG {"event":"send_rate","rate":504000,"ts":1760457608.367239}
2025/10/14 16:00:09 POLARIS_LOG {"event":"send_rate","rate":496000,"ts":1760457609.366563}
2025/10/14 16:00:10 POLARIS_LOG {"event":"send_rate","rate":504000,"ts":1760457610.3670866}
2025/10/14 16:00:11 POLARIS_LOG {"event":"send_rate","rate":496000,"ts":1760457611.3662846}
2025/10/14 16:00:12 POLARIS_LOG {"event":"send_rate","rate":504000,"ts":1760457612.3667326}
2025/10/14 16:00:13 POLARIS_LOG {"event":"send_rate","rate":496000,"ts":1760457613.3669767}
2025/10/14 16:00:14 POLARIS_LOG {"event":"send_rate","rate":504000,"ts":1760457614.3666263}
2025/10/14 16:00:15 POLARIS_LOG {"event":"send_rate","rate":496000,"ts":1760457615.3670292}
2025/10/14 16:00:16 POLARIS_LOG {"event":"send_rate","rate":504000,"ts":1760457616.3662772}
2025/10/14 16:00:17 POLARIS_LOG {"event":"send_rate","rate":496000,"ts":1760457617.3667173}
2025/10/14 16:00:18 POLARIS_LOG {"event":"send_rate","rate":504000,"ts":1760457618.3664238}
2025/10/14 16:00:19 POLARIS_LOG {"event":"send_rate","rate":496000,"ts":1760457619.3670645}
2025/10/14 16:00:20 POLARIS_LOG {"event":"send_rate","rate":504000,"ts":1760457620.3670943}
2025/10/14 16:00:21 POLARIS_LOG {"event":"send_rate","rate":496000,"ts":1760457621.3670464}
2025/10/14 16:00:22 POLARIS_LOG {"event":"send_rate","rate":496000,"ts":1760457622.366377}
2025/10/14 16:00:23 POLARIS_LOG {"event":"send_rate","rate":504000,"ts":1760457623.3671927}
2025/10/14 16:00:24 POLARIS_LOG {"event":"send_rate","rate":504000,"ts":1760457624.3669555}
2025/10/14 16:00:25 POLARIS_LOG {"event":"send_rate","rate":496000,"ts":1760457625.3669472}
2025/10/14 16:00:26 POLARIS_LOG {"event":"send_rate","rate":496000,"ts":1760457626.3662193}
2025/10/14 16:00:27 POLARIS_LOG {"event":"send_rate","rate":504000,"ts":1760457627.366838}
2025/10/14 16:00:28 POLARIS_LOG {"event":"send_rate","rate":496000,"ts":1760457628.366177}
2025/10/14 16:00:29 POLARIS_LOG {"event":"send_rate","rate":504000,"ts":1760457629.3663325}
2025/10/14 16:00:30 POLARIS_LOG {"event":"send_rate","rate":504000,"ts":1760457630.3663745}
2025/10/14 16:00:31 POLARIS_LOG {"event":"send_rate","rate":496000,"ts":1760457631.3664}
2025/10/14 16:00:32 POLARIS_LOG {"event":"send_rate","rate":504000,"ts":1760457632.3667412}
2025/10/14 16:00:33 POLARIS_LOG {"event":"send_rate","rate":496000,"ts":1760457633.3671439}
2025/10/14 16:00:34 POLARIS_LOG {"event":"send_rate","rate":496000,"ts":1760457634.3667152}
2025/10/14 16:00:35 POLARIS_LOG {"event":"send_rate","rate":504000,"ts":1760457635.3666966}
2025/10/14 16:00:36 POLARIS_LOG {"event":"send_rate","rate":496000,"ts":1760457636.3663616}
2025/10/14 16:00:37 POLARIS_LOG {"event":"send_rate","rate":504000,"ts":1760457637.3670783}
2025/10/14 16:00:38 POLARIS_LOG {"event":"send_rate","rate":496000,"ts":1760457638.3666084}
2025/10/14 16:00:39 POLARIS_LOG {"event":"send_rate","rate":504000,"ts":1760457639.3662815}
2025/10/14 16:00:40 POLARIS_LOG {"event":"send_rate","rate":496000,"ts":1760457640.3663654}
2025/10/14 16:00:41 POLARIS_LOG {"event":"send_rate","rate":504000,"ts":1760457641.3661747}
2025/10/14 16:00:42 POLARIS_LOG {"event":"send_rate","rate":496000,"ts":1760457642.3665762}
2025/10/14 16:00:43 POLARIS_LOG {"event":"send_rate","rate":504000,"ts":1760457643.366482}
2025/10/14 16:00:44 POLARIS_LOG {"event":"send_rate","rate":496000,"ts":1760457644.3667128}
2025/10/14 16:00:45 POLARIS_LOG {"event":"send_rate","rate":504000,"ts":1760457645.366977}
2025/10/14 16:00:46 POLARIS_LOG {"event":"send_rate","rate":496000,"ts":1760457646.366562}
2025/10/14 16:00:47 POLARIS_LOG {"event":"send_rate","rate":504000,"ts":1760457647.3670363}
2025/10/14 16:00:48 POLARIS_LOG {"event":"send_rate","rate":496000,"ts":1760457648.3670702}
2025/10/14 16:00:49 POLARIS_LOG {"event":"send_rate","rate":504000,"ts":1760457649.3670135}
2025/10/14 16:00:50 POLARIS_LOG {"event":"send_rate","rate":496000,"ts":1760457650.3663318}
2025/10/14 16:00:51 POLARIS_LOG {"event":"send_rate","rate":504000,"ts":1760457651.366684}
2025/10/14 16:00:52 POLARIS_LOG {"event":"send_rate","rate":496000,"ts":1760457652.367143}
2025/10/14 16:00:53 POLARIS_LOG {"event":"send_rate","rate":504000,"ts":1760457653.3677082}
2025/10/14 16:00:54 POLARIS_LOG {"event":"send_rate","rate":496000,"ts":1760457654.3668008}
2025/10/14 16:00:55 POLARIS_LOG {"event":"send_rate","rate":504000,"ts":1760457655.3665028}
2025/10/14 16:00:56 POLARIS_LOG {"event":"send_rate","rate":496000,"ts":1760457656.366888}
2025/10/14 16:00:57 POLARIS_LOG {"event":"send_rate","rate":504000,"ts":1760457657.3666346}
2025/10/14 16:00:58 POLARIS_LOG {"event":"send_rate","rate":496000,"ts":1760457658.366871}
2025/10/14 16:00:59 POLARIS_LOG {"event":"send_rate","rate":504000,"ts":1760457659.3664985}
2025/10/14 16:01:00 POLARIS_LOG {"event":"send_rate","rate":496000,"ts":1760457660.366893}
2025/10/14 16:01:01 POLARIS_LOG {"event":"send_rate","rate":504000,"ts":1760457661.3666177}
2025/10/14 16:01:02 POLARIS_LOG {"event":"send_rate","rate":496000,"ts":1760457662.3665872}
2025/10/14 16:01:03 POLARIS_LOG {"event":"send_rate","rate":504000,"ts":1760457663.366338}
2025/10/14 16:01:04 POLARIS_LOG {"event":"send_rate","rate":496000,"ts":1760457664.3663747}
2025/10/14 16:01:05 POLARIS_LOG {"event":"send_rate","rate":504000,"ts":1760457665.3664398}
2025/10/14 16:01:06 POLARIS_LOG {"event":"send_rate","rate":496000,"ts":1760457666.366181}
2025/10/14 16:01:07 POLARIS_LOG {"event":"send_rate","rate":504000,"ts":1760457667.3666723}
2025/10/14 16:01:08 POLARIS_LOG {"event":"send_rate","rate":496000,"ts":1760457668.366496}
2025/10/14 16:01:09 POLARIS_LOG {"event":"send_rate","rate":504000,"ts":1760457669.3667042}
2025/10/14 16:01:10 POLARIS_LOG {"event":"send_rate","rate":496000,"ts":1760457670.367192}
2025/10/14 16:01:11 POLARIS_LOG {"event":"send_rate","rate":504000,"ts":1760457671.3761923}
2025/10/14 16:01:12 POLARIS_LOG {"event":"send_rate","rate":496000,"ts":1760457672.3671777}
2025/10/14 16:01:13 POLARIS_LOG {"event":"send_rate","rate":504000,"ts":1760457673.3663225}
2025/10/14 16:01:14 POLARIS_LOG {"event":"send_rate","rate":496000,"ts":1760457674.3661869}
2025/10/14 16:01:15 POLARIS_LOG {"event":"send_rate","rate":504000,"ts":1760457675.3668282}
2025/10/14 16:01:16 POLARIS_LOG {"event":"send_rate","rate":496000,"ts":1760457676.366349}
2025/10/14 16:01:17 POLARIS_LOG {"event":"send_rate","rate":504000,"ts":1760457677.366768}
2025/10/14 16:01:18 POLARIS_LOG {"event":"send_rate","rate":496000,"ts":1760457678.3663106}
2025/10/14 16:01:19 POLARIS_LOG {"event":"send_rate","rate":504000,"ts":1760457679.3668442}
2025/10/14 16:01:20 POLARIS_LOG {"event":"send_rate","rate":496000,"ts":1760457680.3666475}
2025/10/14 16:01:21 POLARIS_LOG {"event":"send_rate","rate":504000,"ts":1760457681.3664014}
2025/10/14 16:01:22 POLARIS_LOG {"event":"send_rate","rate":496000,"ts":1760457682.3663554}
2025/10/14 16:01:23 POLARIS_LOG {"event":"send_rate","rate":504000,"ts":1760457683.367101}
2025/10/14 16:01:24 POLARIS_LOG {"event":"send_rate","rate":496000,"ts":1760457684.366916}
2025/10/14 16:01:25 POLARIS_LOG {"event":"send_rate","rate":504000,"ts":1760457685.366541}
2025/10/14 16:01:26 POLARIS_LOG {"event":"send_rate","rate":496000,"ts":1760457686.3664315}
2025/10/14 16:01:27 POLARIS_LOG {"event":"send_rate","rate":504000,"ts":1760457687.3666635}
2025/10/14 16:01:28 POLARIS_LOG {"event":"send_rate","rate":496000,"ts":1760457688.367186}
2025/10/14 16:01:29 POLARIS_LOG {"event":"send_rate","rate":504000,"ts":1760457689.3662877}
2025/10/14 16:01:30 POLARIS_LOG {"event":"send_rate","rate":496000,"ts":1760457690.3666542}
2025/10/14 16:01:31 POLARIS_LOG {"event":"send_rate","rate":504000,"ts":1760457691.367035}
2025/10/14 16:01:32 POLARIS_LOG {"event":"send_rate","rate":496000,"ts":1760457692.3668227}
2025/10/14 16:01:33 POLARIS_LOG {"event":"send_rate","rate":504000,"ts":1760457693.3662896}
2025/10/14 16:01:34 POLARIS_LOG {"event":"send_rate","rate":496000,"ts":1760457694.3669255}
2025/10/14 16:01:35 POLARIS_LOG {"event":"send_rate","rate":504000,"ts":1760457695.3669508}
2025/10/14 16:01:36 POLARIS_LOG {"event":"send_rate","rate":496000,"ts":1760457696.3663297}
2025/10/14 16:01:37 POLARIS_LOG {"event":"send_rate","rate":504000,"ts":1760457697.366469}
2025/10/14 16:01:38 POLARIS_LOG {"event":"send_rate","rate":496000,"ts":1760457698.366736}
2025/10/14 16:01:39 POLARIS_LOG {"event":"send_rate","rate":504000,"ts":1760457699.3671165}
2025/10/14 16:01:40 POLARIS_LOG {"event":"send_rate","rate":496000,"ts":1760457700.3668227}
2025/10/14 16:01:41 POLARIS_LOG {"event":"send_rate","rate":504000,"ts":1760457701.3671222}
2025/10/14 16:01:42 POLARIS_LOG {"event":"send_rate","rate":496000,"ts":1760457702.3662636}
2025/10/14 16:01:43 POLARIS_LOG {"event":"send_rate","rate":504000,"ts":1760457703.366713}
2025/10/14 16:01:44 POLARIS_LOG {"event":"send_rate","rate":496000,"ts":1760457704.3669317}
2025/10/14 16:01:45 POLARIS_LOG {"event":"send_rate","rate":504000,"ts":1760457705.3666506}
2025/10/14 16:01:46 POLARIS_LOG {"event":"send_rate","rate":496000,"ts":1760457706.3664618}
2025/10/14 16:01:47 POLARIS_LOG {"event":"send_rate","rate":504000,"ts":1760457707.3664212}
2025/10/14 16:01:48 POLARIS_LOG {"event":"send_rate","rate":496000,"ts":1760457708.3669388}
2025/10/14 16:01:49 POLARIS_LOG {"event":"send_rate","rate":504000,"ts":1760457709.3661895}
2025/10/14 16:01:50 POLARIS_LOG {"event":"send_rate","rate":496000,"ts":1760457710.3669913}
2025/10/14 16:01:51 POLARIS_LOG {"event":"send_rate","rate":504000,"ts":1760457711.366811}
2025/10/14 16:01:52 POLARIS_LOG {"event":"send_rate","rate":496000,"ts":1760457712.366349}
2025/10/14 16:01:53 POLARIS_LOG {"event":"send_rate","rate":504000,"ts":1760457713.3668938}
2025/10/14 16:01:54 POLARIS_LOG {"event":"send_rate","rate":496000,"ts":1760457714.3670502}
2025/10/14 16:01:55 POLARIS_LOG {"event":"send_rate","rate":504000,"ts":1760457715.36649}
2025/10/14 16:01:56 POLARIS_LOG {"event":"send_rate","rate":496000,"ts":1760457716.3672206}
2025/10/14 16:01:57 POLARIS_LOG {"event":"send_rate","rate":504000,"ts":1760457717.36671}
2025/10/14 16:01:58 POLARIS_LOG {"event":"send_rate","rate":496000,"ts":1760457718.3664715}
2025/10/14 16:01:59 POLARIS_LOG {"event":"send_rate","rate":504000,"ts":1760457719.3670917}
2025/10/14 16:02:00 POLARIS_LOG {"event":"send_rate","rate":496000,"ts":1760457720.3667486}
2025/10/14 16:02:01 POLARIS_LOG {"event":"send_rate","rate":496000,"ts":1760457721.3662393}
2025/10/14 16:02:02 POLARIS_LOG {"event":"send_rate","rate":504000,"ts":1760457722.3669915}
2025/10/14 16:02:03 POLARIS_LOG {"event":"send_rate","rate":504000,"ts":1760457723.3661814}
2025/10/14 16:02:04 POLARIS_LOG {"event":"send_rate","rate":496000,"ts":1760457724.3671854}
2025/10/14 16:02:05 POLARIS_LOG {"event":"send_rate","rate":504000,"ts":1760457725.3667634}
2025/10/14 16:02:06 POLARIS_LOG {"event":"send_rate","rate":496000,"ts":1760457726.3668783}
2025/10/14 16:02:07 POLARIS_LOG {"event":"send_rate","rate":504000,"ts":1760457727.3663454}
2025/10/14 16:02:08 POLARIS_LOG {"event":"send_rate","rate":496000,"ts":1760457728.3670242}
2025/10/14 16:02:09 POLARIS_LOG {"event":"send_rate","rate":504000,"ts":1760457729.3669655}
2025/10/14 16:02:10 POLARIS_LOG {"event":"send_rate","rate":496000,"ts":1760457730.3669417}
2025/10/14 16:02:11 POLARIS_LOG {"event":"send_rate","rate":496000,"ts":1760457731.3666322}
2025/10/14 16:02:12 POLARIS_LOG {"event":"send_rate","rate":504000,"ts":1760457732.3669071}
2025/10/14 16:02:13 POLARIS_LOG {"event":"send_rate","rate":496000,"ts":1760457733.3667092}
2025/10/14 16:02:14 POLARIS_LOG {"event":"send_rate","rate":504000,"ts":1760457734.3671484}
2025/10/14 16:02:15 POLARIS_LOG {"event":"send_rate","rate":496000,"ts":1760457735.367932}
2025/10/14 16:02:16 POLARIS_LOG {"event":"send_rate","rate":504000,"ts":1760457736.3664205}
2025/10/14 16:02:17 POLARIS_LOG {"event":"send_rate","rate":496000,"ts":1760457737.3666546}
2025/10/14 16:02:18 POLARIS_LOG {"event":"send_rate","rate":504000,"ts":1760457738.366427}
2025/10/14 16:02:19 POLARIS_LOG {"event":"send_rate","rate":496000,"ts":1760457739.366799}
2025/10/14 16:02:20 POLARIS_LOG {"event":"send_rate","rate":504000,"ts":1760457740.3669612}
2025/10/14 16:02:21 POLARIS_LOG {"event":"send_rate","rate":496000,"ts":1760457741.3670669}
2025/10/14 16:02:22 POLARIS_LOG {"event":"send_rate","rate":504000,"ts":1760457742.366539}
2025/10/14 16:02:23 POLARIS_LOG {"event":"send_rate","rate":496000,"ts":1760457743.366474}
2025/10/14 16:02:24 POLARIS_LOG {"event":"send_rate","rate":504000,"ts":1760457744.3663023}
2025/10/14 16:02:25 POLARIS_LOG {"event":"send_rate","rate":496000,"ts":1760457745.3664925}
2025/10/14 16:02:26 POLARIS_LOG {"event":"send_rate","rate":504000,"ts":1760457746.3669448}
2025/10/14 16:02:27 POLARIS_LOG {"event":"send_rate","rate":496000,"ts":1760457747.366927}
2025/10/14 16:02:28 POLARIS_LOG {"event":"send_rate","rate":504000,"ts":1760457748.3663518}
2025/10/14 16:02:29 POLARIS_LOG {"event":"send_rate","rate":496000,"ts":1760457749.366266}
2025/10/14 16:02:30 POLARIS_LOG {"event":"send_rate","rate":504000,"ts":1760457750.3666737}
2025/10/14 16:02:31 POLARIS_LOG {"event":"send_rate","rate":496000,"ts":1760457751.3664455}
2025/10/14 16:02:32 POLARIS_LOG {"event":"send_rate","rate":504000,"ts":1760457752.3670537}
2025/10/14 16:02:33 POLARIS_LOG {"event":"send_rate","rate":496000,"ts":1760457753.366731}
2025/10/14 16:02:34 POLARIS_LOG {"event":"send_rate","rate":504000,"ts":1760457754.3669808}
2025/10/14 16:02:35 POLARIS_LOG {"event":"send_rate","rate":496000,"ts":1760457755.366347}
2025/10/14 16:02:36 POLARIS_LOG {"event":"send_rate","rate":504000,"ts":1760457756.3668869}
2025/10/14 16:02:37 POLARIS_LOG {"event":"send_rate","rate":496000,"ts":1760457757.3667605}
2025/10/14 16:02:38 POLARIS_LOG {"event":"send_rate","rate":504000,"ts":1760457758.3667784}
2025/10/14 16:02:39 POLARIS_LOG {"event":"send_rate","rate":496000,"ts":1760457759.3662705}
2025/10/14 16:02:40 POLARIS_LOG {"event":"send_rate","rate":504000,"ts":1760457760.3669198}
2025/10/14 16:02:41 POLARIS_LOG {"event":"send_rate","rate":496000,"ts":1760457761.3666232}
2025/10/14 16:02:42 POLARIS_LOG {"event":"send_rate","rate":504000,"ts":1760457762.3662744}
2025/10/14 16:02:43 POLARIS_LOG {"event":"send_rate","rate":496000,"ts":1760457763.3665667}
2025/10/14 16:02:44 POLARIS_LOG {"event":"send_rate","rate":504000,"ts":1760457764.366923}
2025/10/14 16:02:45 POLARIS_LOG {"event":"send_rate","rate":496000,"ts":1760457765.3664994}
2025/10/14 16:02:46 POLARIS_LOG {"event":"send_rate","rate":504000,"ts":1760457766.3667607}
2025/10/14 16:02:47 POLARIS_LOG {"event":"send_rate","rate":496000,"ts":1760457767.36642}
2025/10/14 16:02:48 POLARIS_LOG {"event":"send_rate","rate":504000,"ts":1760457768.3664334}
2025/10/14 16:02:49 POLARIS_LOG {"event":"send_rate","rate":496000,"ts":1760457769.3670259}
2025/10/14 16:02:50 POLARIS_LOG {"event":"send_rate","rate":504000,"ts":1760457770.36703}
2025/10/14 16:02:51 POLARIS_LOG {"event":"send_rate","rate":496000,"ts":1760457771.3670695}
2025/10/14 16:02:52 POLARIS_LOG {"event":"send_rate","rate":504000,"ts":1760457772.366343}
2025/10/14 16:02:53 POLARIS_LOG {"event":"send_rate","rate":496000,"ts":1760457773.3668592}
2025/10/14 16:02:54 POLARIS_LOG {"event":"send_rate","rate":504000,"ts":1760457774.3669422}
2025/10/14 16:02:55 POLARIS_LOG {"event":"send_rate","rate":496000,"ts":1760457775.366627}
2025/10/14 16:02:56 POLARIS_LOG {"event":"send_rate","rate":504000,"ts":1760457776.3669376}
2025/10/14 16:02:57 POLARIS_LOG {"event":"send_rate","rate":496000,"ts":1760457777.3663836}
2025/10/14 16:02:58 POLARIS_LOG {"event":"send_rate","rate":504000,"ts":1760457778.3668242}
2025/10/14 16:02:59 POLARIS_LOG {"event":"send_rate","rate":496000,"ts":1760457779.3670707}
2025/10/14 16:03:00 POLARIS_LOG {"event":"send_rate","rate":504000,"ts":1760457780.3669088}
2025/10/14 16:03:01 POLARIS_LOG {"event":"send_rate","rate":496000,"ts":1760457781.3669555}
2025/10/14 16:03:02 POLARIS_LOG {"event":"send_rate","rate":504000,"ts":1760457782.3664505}
2025/10/14 16:03:03 POLARIS_LOG {"event":"send_rate","rate":496000,"ts":1760457783.3668952}
2025/10/14 16:03:04 POLARIS_LOG {"event":"send_rate","rate":504000,"ts":1760457784.3661978}
2025/10/14 16:03:05 POLARIS_LOG {"event":"send_rate","rate":496000,"ts":1760457785.3666613}
2025/10/14 16:03:06 POLARIS_LOG {"event":"send_rate","rate":504000,"ts":1760457786.3670871}
2025/10/14 16:03:07 POLARIS_LOG {"event":"send_rate","rate":496000,"ts":1760457787.36701}
2025/10/14 16:03:08 POLARIS_LOG {"event":"send_rate","rate":504000,"ts":1760457788.3674474}
2025/10/14 16:03:09 POLARIS_LOG {"event":"send_rate","rate":496000,"ts":1760457789.36617}
2025/10/14 16:03:10 POLARIS_LOG {"event":"send_rate","rate":504000,"ts":1760457790.366469}
2025/10/14 16:03:11 POLARIS_LOG {"event":"send_rate","rate":496000,"ts":1760457791.367112}
2025/10/14 16:03:12 POLARIS_LOG {"event":"send_rate","rate":504000,"ts":1760457792.3663936}
2025/10/14 16:03:13 POLARIS_LOG {"event":"send_rate","rate":496000,"ts":1760457793.3671129}
2025/10/14 16:03:14 POLARIS_LOG {"event":"send_rate","rate":504000,"ts":1760457794.3667488}
2025/10/14 16:03:15 POLARIS_LOG {"event":"send_rate","rate":496000,"ts":1760457795.3669112}
2025/10/14 16:03:16 POLARIS_LOG {"event":"send_rate","rate":504000,"ts":1760457796.3669596}
2025/10/14 16:03:17 POLARIS_LOG {"event":"send_rate","rate":496000,"ts":1760457797.3668041}
2025/10/14 16:03:18 POLARIS_LOG {"event":"send_rate","rate":504000,"ts":1760457798.3661816}
2025/10/14 16:03:19 POLARIS_LOG {"event":"send_rate","rate":496000,"ts":1760457799.3666708}
We need to sleep for 1 seconds before we can get the results
2025/10/14 16:03:20 POLARIS_LOG {"event":"send_rate","rate":8000,"ts":1760457800.3661947}
Drain Loop received packet
Drain Loop received non-nil payload
Client sent 18312 packets, server reported 18293 packets received
The network loss rate from client to server is 0.1%

S->C results
Attempted bandwidth: 0 bps / 0.00 Mbps
Achieved bandwidth: 0 bps / 0.00 Mbps
Loss rate: 0.0%
Interarrival time min/avg/max/mdev = -0.000/0.000/0.000/0.000 ms

C->S results
Attempted bandwidth: 499986 bps / 0.50 Mbps
Achieved bandwidth: 499467 bps / 0.50 Mbps
Loss rate: 0.1%
Interarrival time min/avg/max/mdev = 0.002/16.018/215.346/14.118 ms
