
Test parameters:
client->server: 265 seconds, 1000 bytes, 16562 packets
server->client: 265 seconds, 1000 bytes, 0 packets
2025/10/14 15:58:54 POLARIS_LOG {"current_rate":0,"event":"path_switch","new":"2 2 5 2","trigger":"initialization","ts":1760457534.4778953}
Polaris prober initialized with 38 paths
Polaris prober initialized with local 1-111,10.111.0.71:32749 and remote 1-113,10.113.0.71
2025/10/14 15:58:56 POLARIS_LOG {"event":"send_rate","rate":32000,"ts":1760457536.483665}
2025/10/14 15:58:57 POLARIS_LOG {"event":"send_rate","rate":496000,"ts":1760457537.478594}
2025/10/14 15:58:58 POLARIS_LOG {"event":"send_rate","rate":504000,"ts":1760457538.4899428}
2025/10/14 15:58:59 POLARIS_LOG {"event":"send_rate","rate":496000,"ts":1760457539.4791918}
2025/10/14 15:59:00 POLARIS_LOG {"event":"send_rate","rate":504000,"ts":1760457540.4787958}
2025/10/14 15:59:01 POLARIS_LOG {"event":"send_rate","rate":496000,"ts":1760457541.4797065}
2025/10/14 15:59:02 POLARIS_LOG {"event":"send_rate","rate":504000,"ts":1760457542.4788327}
2025/10/14 15:59:03 POLARIS_LOG {"event":"send_rate","rate":496000,"ts":1760457543.4786563}
2025/10/14 15:59:04 POLARIS_LOG {"event":"send_rate","rate":504000,"ts":1760457544.4789248}
2025/10/14 15:59:05 POLARIS_LOG {"event":"send_rate","rate":496000,"ts":1760457545.4936051}
2025/10/14 15:59:06 POLARIS_LOG {"event":"send_rate","rate":504000,"ts":1760457546.4795294}
2025/10/14 15:59:07 POLARIS_LOG {"event":"send_rate","rate":496000,"ts":1760457547.4815981}
2025/10/14 15:59:08 POLARIS_LOG {"event":"send_rate","rate":504000,"ts":1760457548.4786427}
2025/10/14 15:59:09 POLARIS_LOG {"event":"send_rate","rate":496000,"ts":1760457549.4786336}
2025/10/14 15:59:10 POLARIS_LOG {"event":"send_rate","rate":504000,"ts":1760457550.4788558}
2025/10/14 15:59:11 POLARIS_LOG {"event":"send_rate","rate":496000,"ts":1760457551.4791102}
2025/10/14 15:59:12 POLARIS_LOG {"event":"send_rate","rate":504000,"ts":1760457552.478715}
2025/10/14 15:59:13 POLARIS_LOG {"event":"send_rate","rate":496000,"ts":1760457553.4795196}
2025/10/14 15:59:14 POLARIS_LOG {"event":"send_rate","rate":320000,"ts":1760457554.4790492}
2025/10/14 15:59:14 POLARIS_LOG {"candidates":13,"candidates_unfiltered":13,"current_rate":320000,"estimated_share":1000000,"event":"path_switch","max_estimated_share":1000000,"new":"4 4 1 3","old":"2 2 5 2","trigger":"scheduled","ts":1760457554.4792845}
2025/10/14 15:59:15 POLARIS_LOG {"event":"send_rate","rate":680000,"ts":1760457555.4792156}
2025/10/14 15:59:16 POLARIS_LOG {"event":"send_rate","rate":504000,"ts":1760457556.478708}
2025/10/14 15:59:17 POLARIS_LOG {"event":"send_rate","rate":496000,"ts":1760457557.4789255}
2025/10/14 15:59:18 POLARIS_LOG {"event":"send_rate","rate":504000,"ts":1760457558.478793}
2025/10/14 15:59:19 POLARIS_LOG {"event":"send_rate","rate":496000,"ts":1760457559.4785407}
2025/10/14 15:59:20 POLARIS_LOG {"event":"send_rate","rate":504000,"ts":1760457560.4789083}
2025/10/14 15:59:21 POLARIS_LOG {"event":"send_rate","rate":496000,"ts":1760457561.4833224}
2025/10/14 15:59:22 POLARIS_LOG {"event":"send_rate","rate":504000,"ts":1760457562.4786563}
2025/10/14 15:59:23 POLARIS_LOG {"event":"send_rate","rate":496000,"ts":1760457563.4793925}
2025/10/14 15:59:24 POLARIS_LOG {"event":"send_rate","rate":504000,"ts":1760457564.4796019}
2025/10/14 15:59:25 POLARIS_LOG {"event":"send_rate","rate":496000,"ts":1760457565.4817982}
2025/10/14 15:59:26 POLARIS_LOG {"event":"send_rate","rate":504000,"ts":1760457566.4795818}
2025/10/14 15:59:27 POLARIS_LOG {"event":"send_rate","rate":496000,"ts":1760457567.4796076}
2025/10/14 15:59:28 POLARIS_LOG {"event":"send_rate","rate":504000,"ts":1760457568.4792123}
2025/10/14 15:59:29 POLARIS_LOG {"event":"send_rate","rate":496000,"ts":1760457569.4788897}
2025/10/14 15:59:30 POLARIS_LOG {"event":"send_rate","rate":504000,"ts":1760457570.4785712}
2025/10/14 15:59:31 POLARIS_LOG {"event":"send_rate","rate":496000,"ts":1760457571.4787493}
2025/10/14 15:59:32 POLARIS_LOG {"event":"send_rate","rate":504000,"ts":1760457572.4793038}
2025/10/14 15:59:33 POLARIS_LOG {"event":"send_rate","rate":496000,"ts":1760457573.479514}
2025/10/14 15:59:34 POLARIS_LOG {"event":"send_rate","rate":504000,"ts":1760457574.479415}
2025/10/14 15:59:35 POLARIS_LOG {"event":"send_rate","rate":504000,"ts":1760457575.4914792}
2025/10/14 15:59:36 POLARIS_LOG {"event":"send_rate","rate":496000,"ts":1760457576.4834204}
2025/10/14 15:59:37 POLARIS_LOG {"event":"send_rate","rate":496000,"ts":1760457577.4799647}
2025/10/14 15:59:38 POLARIS_LOG {"event":"send_rate","rate":504000,"ts":1760457578.4788857}
2025/10/14 15:59:39 POLARIS_LOG {"event":"send_rate","rate":496000,"ts":1760457579.481897}
2025/10/14 15:59:40 POLARIS_LOG {"event":"send_rate","rate":504000,"ts":1760457580.4797847}
2025/10/14 15:59:41 POLARIS_LOG {"event":"send_rate","rate":496000,"ts":1760457581.4805312}
2025/10/14 15:59:42 POLARIS_LOG {"event":"send_rate","rate":504000,"ts":1760457582.4785664}
2025/10/14 15:59:43 POLARIS_LOG {"event":"send_rate","rate":496000,"ts":1760457583.4792793}
2025/10/14 15:59:44 POLARIS_LOG {"event":"send_rate","rate":504000,"ts":1760457584.4786978}
2025/10/14 15:59:45 POLARIS_LOG {"event":"send_rate","rate":496000,"ts":1760457585.4798763}
2025/10/14 15:59:46 POLARIS_LOG {"event":"send_rate","rate":504000,"ts":1760457586.481407}
2025/10/14 15:59:47 POLARIS_LOG {"event":"send_rate","rate":496000,"ts":1760457587.4801943}
2025/10/14 15:59:48 POLARIS_LOG {"event":"send_rate","rate":496000,"ts":1760457588.4790182}
2025/10/14 15:59:49 POLARIS_LOG {"event":"send_rate","rate":504000,"ts":1760457589.4831903}
2025/10/14 15:59:50 POLARIS_LOG {"event":"send_rate","rate":504000,"ts":1760457590.4824498}
2025/10/14 15:59:51 POLARIS_LOG {"event":"send_rate","rate":496000,"ts":1760457591.479794}
2025/10/14 15:59:52 POLARIS_LOG {"event":"send_rate","rate":504000,"ts":1760457592.4791005}
2025/10/14 15:59:53 POLARIS_LOG {"event":"send_rate","rate":496000,"ts":1760457593.5038786}
2025/10/14 15:59:54 POLARIS_LOG {"event":"send_rate","rate":504000,"ts":1760457594.479796}
2025/10/14 15:59:55 POLARIS_LOG {"event":"send_rate","rate":496000,"ts":1760457595.4791303}
2025/10/14 15:59:56 POLARIS_LOG {"event":"send_rate","rate":504000,"ts":1760457596.4796681}
2025/10/14 15:59:57 POLARIS_LOG {"event":"send_rate","rate":496000,"ts":1760457597.4800198}
2025/10/14 15:59:58 POLARIS_LOG {"event":"send_rate","rate":496000,"ts":1760457598.4787898}
2025/10/14 15:59:59 POLARIS_LOG {"event":"send_rate","rate":504000,"ts":1760457599.479558}
2025/10/14 16:00:00 POLARIS_LOG {"event":"send_rate","rate":504000,"ts":1760457600.483441}
2025/10/14 16:00:01 POLARIS_LOG {"event":"send_rate","rate":496000,"ts":1760457601.4805841}
2025/10/14 16:00:02 POLARIS_LOG {"event":"send_rate","rate":496000,"ts":1760457602.4790504}
2025/10/14 16:00:03 POLARIS_LOG {"event":"send_rate","rate":504000,"ts":1760457603.4804401}
2025/10/14 16:00:04 POLARIS_LOG {"event":"send_rate","rate":512000,"ts":1760457604.503674}
2025/10/14 16:00:05 POLARIS_LOG {"event":"send_rate","rate":488000,"ts":1760457605.4795544}
2025/10/14 16:00:06 POLARIS_LOG {"event":"send_rate","rate":496000,"ts":1760457606.4791448}
2025/10/14 16:00:07 POLARIS_LOG {"event":"send_rate","rate":504000,"ts":1760457607.5377905}
2025/10/14 16:00:08 POLARIS_LOG {"event":"send_rate","rate":496000,"ts":1760457608.4793878}
2025/10/14 16:00:09 POLARIS_LOG {"event":"send_rate","rate":504000,"ts":1760457609.4838705}
2025/10/14 16:00:10 POLARIS_LOG {"event":"send_rate","rate":496000,"ts":1760457610.4791958}
2025/10/14 16:00:11 POLARIS_LOG {"event":"send_rate","rate":504000,"ts":1760457611.4788227}
2025/10/14 16:00:12 POLARIS_LOG {"event":"send_rate","rate":496000,"ts":1760457612.479489}
2025/10/14 16:00:13 POLARIS_LOG {"event":"send_rate","rate":504000,"ts":1760457613.4787729}
2025/10/14 16:00:14 POLARIS_LOG {"event":"send_rate","rate":496000,"ts":1760457614.479281}
2025/10/14 16:00:15 POLARIS_LOG {"event":"send_rate","rate":512000,"ts":1760457615.499707}
2025/10/14 16:00:16 POLARIS_LOG {"event":"send_rate","rate":488000,"ts":1760457616.4787297}
2025/10/14 16:00:17 POLARIS_LOG {"event":"send_rate","rate":504000,"ts":1760457617.4805741}
2025/10/14 16:00:18 POLARIS_LOG {"event":"send_rate","rate":496000,"ts":1760457618.4789588}
2025/10/14 16:00:19 POLARIS_LOG {"event":"send_rate","rate":504000,"ts":1760457619.479041}
2025/10/14 16:00:20 POLARIS_LOG {"event":"send_rate","rate":496000,"ts":1760457620.4787333}
2025/10/14 16:00:21 POLARIS_LOG {"event":"send_rate","rate":504000,"ts":1760457621.4795053}
2025/10/14 16:00:22 POLARIS_LOG {"event":"send_rate","rate":496000,"ts":1760457622.4796426}
2025/10/14 16:00:23 POLARIS_LOG {"event":"send_rate","rate":504000,"ts":1760457623.4795153}
2025/10/14 16:00:24 POLARIS_LOG {"event":"send_rate","rate":496000,"ts":1760457624.4791265}
2025/10/14 16:00:25 POLARIS_LOG {"event":"send_rate","rate":504000,"ts":1760457625.4786193}
2025/10/14 16:00:26 POLARIS_LOG {"event":"send_rate","rate":496000,"ts":1760457626.4788172}
2025/10/14 16:00:27 POLARIS_LOG {"event":"send_rate","rate":504000,"ts":1760457627.4795058}
2025/10/14 16:00:28 POLARIS_LOG {"event":"send_rate","rate":496000,"ts":1760457628.4788837}
2025/10/14 16:00:29 POLARIS_LOG {"event":"send_rate","rate":504000,"ts":1760457629.4795666}
2025/10/14 16:00:30 POLARIS_LOG {"event":"send_rate","rate":496000,"ts":1760457630.4794893}
2025/10/14 16:00:31 POLARIS_LOG {"event":"send_rate","rate":504000,"ts":1760457631.4792082}
2025/10/14 16:00:32 POLARIS_LOG {"event":"send_rate","rate":496000,"ts":1760457632.4794402}
2025/10/14 16:00:33 POLARIS_LOG {"event":"send_rate","rate":504000,"ts":1760457633.4791398}
2025/10/14 16:00:34 POLARIS_LOG {"event":"send_rate","rate":496000,"ts":1760457634.4795163}
2025/10/14 16:00:35 POLARIS_LOG {"event":"send_rate","rate":504000,"ts":1760457635.4796808}
2025/10/14 16:00:36 POLARIS_LOG {"event":"send_rate","rate":496000,"ts":1760457636.478965}
2025/10/14 16:00:37 POLARIS_LOG {"event":"send_rate","rate":504000,"ts":1760457637.479064}
2025/10/14 16:00:38 POLARIS_LOG {"event":"send_rate","rate":496000,"ts":1760457638.4787667}
2025/10/14 16:00:39 POLARIS_LOG {"event":"send_rate","rate":504000,"ts":1760457639.479744}
2025/10/14 16:00:40 POLARIS_LOG {"event":"send_rate","rate":496000,"ts":1760457640.4788477}
2025/10/14 16:00:41 POLARIS_LOG {"event":"send_rate","rate":504000,"ts":1760457641.4792638}
2025/10/14 16:00:42 POLARIS_LOG {"event":"send_rate","rate":496000,"ts":1760457642.4791243}
2025/10/14 16:00:43 POLARIS_LOG {"event":"send_rate","rate":504000,"ts":1760457643.480192}
2025/10/14 16:00:44 POLARIS_LOG {"event":"send_rate","rate":496000,"ts":1760457644.479121}
2025/10/14 16:00:45 POLARIS_LOG {"event":"send_rate","rate":504000,"ts":1760457645.479042}
2025/10/14 16:00:46 POLARIS_LOG {"event":"send_rate","rate":496000,"ts":1760457646.4785342}
2025/10/14 16:00:47 POLARIS_LOG {"event":"send_rate","rate":504000,"ts":1760457647.4788268}
2025/10/14 16:00:48 POLARIS_LOG {"event":"send_rate","rate":496000,"ts":1760457648.479571}
2025/10/14 16:00:49 POLARIS_LOG {"event":"send_rate","rate":504000,"ts":1760457649.478808}
2025/10/14 16:00:50 POLARIS_LOG {"event":"send_rate","rate":496000,"ts":1760457650.4790936}
2025/10/14 16:00:51 POLARIS_LOG {"event":"send_rate","rate":504000,"ts":1760457651.4798043}
2025/10/14 16:00:52 POLARIS_LOG {"event":"send_rate","rate":496000,"ts":1760457652.47921}
2025/10/14 16:00:53 POLARIS_LOG {"event":"send_rate","rate":504000,"ts":1760457653.4800806}
2025/10/14 16:00:54 POLARIS_LOG {"event":"send_rate","rate":496000,"ts":1760457654.4798536}
2025/10/14 16:00:55 POLARIS_LOG {"event":"send_rate","rate":504000,"ts":1760457655.4799545}
2025/10/14 16:00:56 POLARIS_LOG {"event":"send_rate","rate":496000,"ts":1760457656.4795086}
2025/10/14 16:00:57 POLARIS_LOG {"event":"send_rate","rate":504000,"ts":1760457657.4793453}
2025/10/14 16:00:58 POLARIS_LOG {"event":"send_rate","rate":496000,"ts":1760457658.4791887}
2025/10/14 16:00:59 POLARIS_LOG {"event":"send_rate","rate":504000,"ts":1760457659.4805145}
2025/10/14 16:01:00 POLARIS_LOG {"event":"send_rate","rate":496000,"ts":1760457660.479305}
2025/10/14 16:01:01 POLARIS_LOG {"event":"send_rate","rate":504000,"ts":1760457661.4793808}
2025/10/14 16:01:02 POLARIS_LOG {"event":"send_rate","rate":496000,"ts":1760457662.4789088}
2025/10/14 16:01:03 POLARIS_LOG {"event":"send_rate","rate":504000,"ts":1760457663.481472}
2025/10/14 16:01:04 POLARIS_LOG {"event":"send_rate","rate":496000,"ts":1760457664.481107}
2025/10/14 16:01:05 POLARIS_LOG {"event":"send_rate","rate":504000,"ts":1760457665.4896152}
2025/10/14 16:01:06 POLARIS_LOG {"event":"send_rate","rate":496000,"ts":1760457666.4793057}
2025/10/14 16:01:07 POLARIS_LOG {"event":"send_rate","rate":504000,"ts":1760457667.4792752}
2025/10/14 16:01:08 POLARIS_LOG {"event":"send_rate","rate":496000,"ts":1760457668.4902039}
2025/10/14 16:01:09 POLARIS_LOG {"event":"send_rate","rate":504000,"ts":1760457669.4825354}
2025/10/14 16:01:10 POLARIS_LOG {"event":"send_rate","rate":496000,"ts":1760457670.4789073}
2025/10/14 16:01:11 POLARIS_LOG {"event":"send_rate","rate":504000,"ts":1760457671.484579}
2025/10/14 16:01:12 POLARIS_LOG {"event":"send_rate","rate":496000,"ts":1760457672.479093}
2025/10/14 16:01:13 POLARIS_LOG {"event":"send_rate","rate":504000,"ts":1760457673.4792078}
2025/10/14 16:01:14 POLARIS_LOG {"event":"send_rate","rate":496000,"ts":1760457674.4795303}
2025/10/14 16:01:15 POLARIS_LOG {"event":"send_rate","rate":504000,"ts":1760457675.4795005}
2025/10/14 16:01:16 POLARIS_LOG {"event":"send_rate","rate":496000,"ts":1760457676.478811}
2025/10/14 16:01:17 POLARIS_LOG {"event":"send_rate","rate":504000,"ts":1760457677.4822807}
2025/10/14 16:01:18 POLARIS_LOG {"event":"send_rate","rate":504000,"ts":1760457678.48756}
2025/10/14 16:01:19 POLARIS_LOG {"event":"send_rate","rate":488000,"ts":1760457679.4791913}
2025/10/14 16:01:20 POLARIS_LOG {"event":"send_rate","rate":504000,"ts":1760457680.4794207}
2025/10/14 16:01:21 POLARIS_LOG {"event":"send_rate","rate":504000,"ts":1760457681.4849024}
2025/10/14 16:01:22 POLARIS_LOG {"event":"send_rate","rate":496000,"ts":1760457682.4786406}
2025/10/14 16:01:23 POLARIS_LOG {"event":"send_rate","rate":496000,"ts":1760457683.479098}
2025/10/14 16:01:24 POLARIS_LOG {"event":"send_rate","rate":504000,"ts":1760457684.4793074}
2025/10/14 16:01:25 POLARIS_LOG {"event":"send_rate","rate":496000,"ts":1760457685.4787707}
2025/10/14 16:01:26 POLARIS_LOG {"event":"send_rate","rate":504000,"ts":1760457686.4795616}
2025/10/14 16:01:27 POLARIS_LOG {"event":"send_rate","rate":504000,"ts":1760457687.4802408}
2025/10/14 16:01:28 POLARIS_LOG {"event":"send_rate","rate":496000,"ts":1760457688.478827}
2025/10/14 16:01:29 POLARIS_LOG {"event":"send_rate","rate":496000,"ts":1760457689.4790556}
2025/10/14 16:01:30 POLARIS_LOG {"event":"send_rate","rate":504000,"ts":1760457690.4833906}
2025/10/14 16:01:31 POLARIS_LOG {"event":"send_rate","rate":504000,"ts":1760457691.4802835}
2025/10/14 16:01:32 POLARIS_LOG {"event":"send_rate","rate":496000,"ts":1760457692.4793785}
2025/10/14 16:01:33 POLARIS_LOG {"event":"send_rate","rate":504000,"ts":1760457693.4805737}
2025/10/14 16:01:34 POLARIS_LOG {"event":"send_rate","rate":496000,"ts":1760457694.484908}
2025/10/14 16:01:35 POLARIS_LOG {"event":"send_rate","rate":496000,"ts":1760457695.4789252}
2025/10/14 16:01:36 POLARIS_LOG {"event":"send_rate","rate":504000,"ts":1760457696.4804025}
2025/10/14 16:01:37 POLARIS_LOG {"event":"send_rate","rate":496000,"ts":1760457697.4795094}
2025/10/14 16:01:38 POLARIS_LOG {"event":"send_rate","rate":504000,"ts":1760457698.4795673}
2025/10/14 16:01:39 POLARIS_LOG {"event":"send_rate","rate":496000,"ts":1760457699.4793003}
2025/10/14 16:01:40 POLARIS_LOG {"event":"send_rate","rate":504000,"ts":1760457700.4786556}
2025/10/14 16:01:41 POLARIS_LOG {"event":"send_rate","rate":496000,"ts":1760457701.4787874}
2025/10/14 16:01:42 POLARIS_LOG {"event":"send_rate","rate":504000,"ts":1760457702.4981682}
2025/10/14 16:01:43 POLARIS_LOG {"event":"send_rate","rate":504000,"ts":1760457703.483193}
2025/10/14 16:01:44 POLARIS_LOG {"event":"send_rate","rate":496000,"ts":1760457704.479071}
2025/10/14 16:01:45 POLARIS_LOG {"event":"send_rate","rate":496000,"ts":1760457705.4789033}
2025/10/14 16:01:46 POLARIS_LOG {"event":"send_rate","rate":504000,"ts":1760457706.47902}
2025/10/14 16:01:47 POLARIS_LOG {"event":"send_rate","rate":496000,"ts":1760457707.4790866}
2025/10/14 16:01:48 POLARIS_LOG {"event":"send_rate","rate":504000,"ts":1760457708.4793487}
2025/10/14 16:01:49 POLARIS_LOG {"event":"send_rate","rate":496000,"ts":1760457709.4796474}
2025/10/14 16:01:50 POLARIS_LOG {"event":"send_rate","rate":504000,"ts":1760457710.484322}
2025/10/14 16:01:51 POLARIS_LOG {"event":"send_rate","rate":496000,"ts":1760457711.4789617}
2025/10/14 16:01:52 POLARIS_LOG {"event":"send_rate","rate":504000,"ts":1760457712.4791455}
2025/10/14 16:01:53 POLARIS_LOG {"event":"send_rate","rate":496000,"ts":1760457713.4809413}
2025/10/14 16:01:54 POLARIS_LOG {"event":"send_rate","rate":504000,"ts":1760457714.480236}
2025/10/14 16:01:55 POLARIS_LOG {"event":"send_rate","rate":496000,"ts":1760457715.4813085}
2025/10/14 16:01:56 POLARIS_LOG {"event":"send_rate","rate":504000,"ts":1760457716.479049}
2025/10/14 16:01:57 POLARIS_LOG {"event":"send_rate","rate":496000,"ts":1760457717.479392}
2025/10/14 16:01:58 POLARIS_LOG {"event":"send_rate","rate":504000,"ts":1760457718.479903}
2025/10/14 16:01:59 POLARIS_LOG {"event":"send_rate","rate":496000,"ts":1760457719.481112}
2025/10/14 16:02:00 POLARIS_LOG {"event":"send_rate","rate":504000,"ts":1760457720.4809408}
2025/10/14 16:02:01 POLARIS_LOG {"event":"send_rate","rate":496000,"ts":1760457721.4801586}
2025/10/14 16:02:02 POLARIS_LOG {"event":"send_rate","rate":504000,"ts":1760457722.4786248}
2025/10/14 16:02:03 POLARIS_LOG {"event":"send_rate","rate":496000,"ts":1760457723.47856}
2025/10/14 16:02:04 POLARIS_LOG {"event":"send_rate","rate":504000,"ts":1760457724.4793184}
2025/10/14 16:02:05 POLARIS_LOG {"event":"send_rate","rate":496000,"ts":1760457725.4793086}
2025/10/14 16:02:06 POLARIS_LOG {"event":"send_rate","rate":496000,"ts":1760457726.47926}
2025/10/14 16:02:07 POLARIS_LOG {"event":"send_rate","rate":504000,"ts":1760457727.4792578}
2025/10/14 16:02:08 POLARIS_LOG {"event":"send_rate","rate":504000,"ts":1760457728.4795387}
2025/10/14 16:02:09 POLARIS_LOG {"event":"send_rate","rate":496000,"ts":1760457729.4794269}
2025/10/14 16:02:10 POLARIS_LOG {"event":"send_rate","rate":504000,"ts":1760457730.4789407}
2025/10/14 16:02:11 POLARIS_LOG {"event":"send_rate","rate":496000,"ts":1760457731.4788072}
2025/10/14 16:02:12 POLARIS_LOG {"event":"send_rate","rate":504000,"ts":1760457732.479353}
2025/10/14 16:02:13 POLARIS_LOG {"event":"send_rate","rate":496000,"ts":1760457733.479562}
2025/10/14 16:02:14 POLARIS_LOG {"event":"send_rate","rate":504000,"ts":1760457734.4797113}
2025/10/14 16:02:15 POLARIS_LOG {"event":"send_rate","rate":496000,"ts":1760457735.4795911}
2025/10/14 16:02:16 POLARIS_LOG {"event":"send_rate","rate":496000,"ts":1760457736.4792178}
2025/10/14 16:02:17 POLARIS_LOG {"event":"send_rate","rate":512000,"ts":1760457737.4984832}
2025/10/14 16:02:18 POLARIS_LOG {"event":"send_rate","rate":496000,"ts":1760457738.4794939}
2025/10/14 16:02:19 POLARIS_LOG {"event":"send_rate","rate":496000,"ts":1760457739.4800935}
2025/10/14 16:02:20 POLARIS_LOG {"event":"send_rate","rate":504000,"ts":1760457740.4800465}
2025/10/14 16:02:21 POLARIS_LOG {"event":"send_rate","rate":496000,"ts":1760457741.4814517}
2025/10/14 16:02:22 POLARIS_LOG {"event":"send_rate","rate":504000,"ts":1760457742.4788013}
2025/10/14 16:02:23 POLARIS_LOG {"event":"send_rate","rate":496000,"ts":1760457743.4806106}
2025/10/14 16:02:24 POLARIS_LOG {"event":"send_rate","rate":504000,"ts":1760457744.479313}
2025/10/14 16:02:25 POLARIS_LOG {"event":"send_rate","rate":496000,"ts":1760457745.4793582}
2025/10/14 16:02:26 POLARIS_LOG {"event":"send_rate","rate":504000,"ts":1760457746.4792402}
2025/10/14 16:02:27 POLARIS_LOG {"event":"send_rate","rate":496000,"ts":1760457747.4791927}
2025/10/14 16:02:28 POLARIS_LOG {"event":"send_rate","rate":504000,"ts":1760457748.480637}
2025/10/14 16:02:29 POLARIS_LOG {"event":"send_rate","rate":496000,"ts":1760457749.4798102}
2025/10/14 16:02:30 POLARIS_LOG {"event":"send_rate","rate":504000,"ts":1760457750.47936}
2025/10/14 16:02:31 POLARIS_LOG {"event":"send_rate","rate":496000,"ts":1760457751.4796438}
2025/10/14 16:02:32 POLARIS_LOG {"event":"send_rate","rate":504000,"ts":1760457752.4790926}
2025/10/14 16:02:33 POLARIS_LOG {"event":"send_rate","rate":496000,"ts":1760457753.478737}
2025/10/14 16:02:34 POLARIS_LOG {"event":"send_rate","rate":504000,"ts":1760457754.480321}
2025/10/14 16:02:35 POLARIS_LOG {"event":"send_rate","rate":496000,"ts":1760457755.479107}
2025/10/14 16:02:36 POLARIS_LOG {"event":"send_rate","rate":496000,"ts":1760457756.4787598}
2025/10/14 16:02:37 POLARIS_LOG {"event":"send_rate","rate":504000,"ts":1760457757.4810898}
2025/10/14 16:02:38 POLARIS_LOG {"event":"send_rate","rate":504000,"ts":1760457758.4798956}
2025/10/14 16:02:39 POLARIS_LOG {"event":"send_rate","rate":496000,"ts":1760457759.4785638}
2025/10/14 16:02:40 POLARIS_LOG {"event":"send_rate","rate":504000,"ts":1760457760.478779}
2025/10/14 16:02:41 POLARIS_LOG {"event":"send_rate","rate":496000,"ts":1760457761.4795353}
2025/10/14 16:02:42 POLARIS_LOG {"event":"send_rate","rate":504000,"ts":1760457762.4792323}
2025/10/14 16:02:43 POLARIS_LOG {"event":"send_rate","rate":496000,"ts":1760457763.4838314}
2025/10/14 16:02:44 POLARIS_LOG {"event":"send_rate","rate":496000,"ts":1760457764.4786453}
2025/10/14 16:02:45 POLARIS_LOG {"event":"send_rate","rate":504000,"ts":1760457765.4791899}
2025/10/14 16:02:46 POLARIS_LOG {"event":"send_rate","rate":504000,"ts":1760457766.4790046}
2025/10/14 16:02:47 POLARIS_LOG {"event":"send_rate","rate":496000,"ts":1760457767.4792674}
2025/10/14 16:02:48 POLARIS_LOG {"event":"send_rate","rate":496000,"ts":1760457768.4808333}
2025/10/14 16:02:49 POLARIS_LOG {"event":"send_rate","rate":504000,"ts":1760457769.4803753}
2025/10/14 16:02:50 POLARIS_LOG {"event":"send_rate","rate":496000,"ts":1760457770.478641}
2025/10/14 16:02:51 POLARIS_LOG {"event":"send_rate","rate":504000,"ts":1760457771.4789023}
2025/10/14 16:02:52 POLARIS_LOG {"event":"send_rate","rate":496000,"ts":1760457772.478559}
2025/10/14 16:02:53 POLARIS_LOG {"event":"send_rate","rate":504000,"ts":1760457773.4802394}
2025/10/14 16:02:54 POLARIS_LOG {"event":"send_rate","rate":504000,"ts":1760457774.4815526}
2025/10/14 16:02:55 POLARIS_LOG {"event":"send_rate","rate":496000,"ts":1760457775.4796784}
2025/10/14 16:02:56 POLARIS_LOG {"event":"send_rate","rate":504000,"ts":1760457776.4804149}
2025/10/14 16:02:57 POLARIS_LOG {"event":"send_rate","rate":496000,"ts":1760457777.481511}
2025/10/14 16:02:58 POLARIS_LOG {"event":"send_rate","rate":496000,"ts":1760457778.4794095}
2025/10/14 16:02:59 POLARIS_LOG {"event":"send_rate","rate":504000,"ts":1760457779.481279}
2025/10/14 16:03:00 POLARIS_LOG {"event":"send_rate","rate":496000,"ts":1760457780.4788513}
2025/10/14 16:03:01 POLARIS_LOG {"event":"send_rate","rate":504000,"ts":1760457781.4797642}
2025/10/14 16:03:02 POLARIS_LOG {"event":"send_rate","rate":496000,"ts":1760457782.4788437}
2025/10/14 16:03:03 POLARIS_LOG {"event":"send_rate","rate":504000,"ts":1760457783.4793763}
2025/10/14 16:03:04 POLARIS_LOG {"event":"send_rate","rate":496000,"ts":1760457784.4791882}
2025/10/14 16:03:05 POLARIS_LOG {"event":"send_rate","rate":504000,"ts":1760457785.479835}
2025/10/14 16:03:06 POLARIS_LOG {"event":"send_rate","rate":496000,"ts":1760457786.4791336}
2025/10/14 16:03:07 POLARIS_LOG {"event":"send_rate","rate":504000,"ts":1760457787.4789515}
2025/10/14 16:03:08 POLARIS_LOG {"event":"send_rate","rate":496000,"ts":1760457788.4792118}
2025/10/14 16:03:09 POLARIS_LOG {"event":"send_rate","rate":504000,"ts":1760457789.482607}
2025/10/14 16:03:10 POLARIS_LOG {"event":"send_rate","rate":496000,"ts":1760457790.4802501}
2025/10/14 16:03:11 POLARIS_LOG {"event":"send_rate","rate":504000,"ts":1760457791.4792106}
2025/10/14 16:03:12 POLARIS_LOG {"event":"send_rate","rate":496000,"ts":1760457792.4888995}
2025/10/14 16:03:13 POLARIS_LOG {"event":"send_rate","rate":504000,"ts":1760457793.479358}
2025/10/14 16:03:14 POLARIS_LOG {"event":"send_rate","rate":496000,"ts":1760457794.4789836}
2025/10/14 16:03:15 POLARIS_LOG {"event":"send_rate","rate":504000,"ts":1760457795.4791164}
2025/10/14 16:03:16 POLARIS_LOG {"event":"send_rate","rate":504000,"ts":1760457796.487464}
2025/10/14 16:03:17 POLARIS_LOG {"event":"send_rate","rate":496000,"ts":1760457797.4843771}
2025/10/14 16:03:18 POLARIS_LOG {"event":"send_rate","rate":496000,"ts":1760457798.4794366}
2025/10/14 16:03:19 POLARIS_LOG {"event":"send_rate","rate":504000,"ts":1760457799.4805133}
2025/10/14 16:03:20 POLARIS_LOG {"event":"send_rate","rate":496000,"ts":1760457800.4793987}
We need to sleep for 1 seconds before we can get the results
2025/10/14 16:03:21 POLARIS_LOG {"event":"send_rate","rate":480000,"ts":1760457801.4793057}
Drain Loop received packet
Drain Loop received non-nil payload
Client sent 16562 packets, server reported 16542 packets received
The network loss rate from client to server is 0.1%

S->C results
Attempted bandwidth: 0 bps / 0.00 Mbps
Achieved bandwidth: 0 bps / 0.00 Mbps
Loss rate: 0.0%
Interarrival time min/avg/max/mdev = -0.000/0.000/0.000/0.000 ms

C->S results
Attempted bandwidth: 499984 bps / 0.50 Mbps
Achieved bandwidth: 499381 bps / 0.50 Mbps
Loss rate: 0.1%
Interarrival time min/avg/max/mdev = 0.002/15.973/135.764/10.945 ms
