2025/10/14 15:58:47 POLARIS_LOG {"current_rate":0,"event":"path_switch","new":"2 2 5 2","trigger":"initialization","ts":1760457527.4300694}

Test parameters:
client->server: 272 seconds, 1000 bytes, 17000 packets
server->client: 272 seconds, 1000 bytes, 0 packets
Polaris prober initialized with 38 paths
Polaris prober initialized with local 1-111,10.111.0.71:32752 and remote 1-113,10.113.0.71
2025/10/14 15:58:48 POLARIS_LOG {"event":"send_rate","rate":496000,"ts":1760457528.433125}
2025/10/14 15:58:49 POLARIS_LOG {"event":"send_rate","rate":496000,"ts":1760457529.432191}
2025/10/14 15:58:50 POLARIS_LOG {"event":"send_rate","rate":504000,"ts":1760457530.4327962}
2025/10/14 15:58:51 POLARIS_LOG {"event":"send_rate","rate":496000,"ts":1760457531.4326417}
2025/10/14 15:58:52 POLARIS_LOG {"event":"send_rate","rate":504000,"ts":1760457532.4321482}
2025/10/14 15:58:53 POLARIS_LOG {"event":"send_rate","rate":496000,"ts":1760457533.4332998}
2025/10/14 15:58:54 POLARIS_LOG {"event":"send_rate","rate":504000,"ts":1760457534.43265}
2025/10/14 15:58:55 POLARIS_LOG {"event":"send_rate","rate":496000,"ts":1760457535.4329817}
2025/10/14 15:58:56 POLARIS_LOG {"event":"send_rate","rate":504000,"ts":1760457536.4323058}
2025/10/14 15:58:57 POLARIS_LOG {"event":"send_rate","rate":368000,"ts":1760457537.4326603}
2025/10/14 15:58:57 POLARIS_LOG {"candidates":10,"candidates_unfiltered":25,"current_rate":368000,"estimated_share":2000000,"event":"path_switch","max_estimated_share":2000000,"new":"1 1 6 6 1 3","old":"2 2 5 2","trigger":"scheduled","ts":1760457537.4326992}
2025/10/14 15:58:58 POLARIS_LOG {"event":"send_rate","rate":632000,"ts":1760457538.4321277}
2025/10/14 15:58:59 POLARIS_LOG {"event":"send_rate","rate":496000,"ts":1760457539.4325895}
2025/10/14 15:59:00 POLARIS_LOG {"event":"send_rate","rate":504000,"ts":1760457540.4320533}
2025/10/14 15:59:01 POLARIS_LOG {"event":"send_rate","rate":496000,"ts":1760457541.4321911}
2025/10/14 15:59:02 POLARIS_LOG {"event":"send_rate","rate":504000,"ts":1760457542.4328196}
2025/10/14 15:59:03 POLARIS_LOG {"event":"send_rate","rate":496000,"ts":1760457543.4354289}
2025/10/14 15:59:04 POLARIS_LOG {"event":"send_rate","rate":504000,"ts":1760457544.432083}
2025/10/14 15:59:05 POLARIS_LOG {"event":"send_rate","rate":496000,"ts":1760457545.4322717}
2025/10/14 15:59:06 POLARIS_LOG {"event":"send_rate","rate":496000,"ts":1760457546.4324305}
2025/10/14 15:59:07 POLARIS_LOG {"event":"send_rate","rate":504000,"ts":1760457547.4330845}
2025/10/14 15:59:08 POLARIS_LOG {"event":"send_rate","rate":504000,"ts":1760457548.4320822}
2025/10/14 15:59:09 POLARIS_LOG {"event":"send_rate","rate":496000,"ts":1760457549.4326286}
2025/10/14 15:59:10 POLARIS_LOG {"event":"send_rate","rate":504000,"ts":1760457550.4327106}
2025/10/14 15:59:11 POLARIS_LOG {"event":"send_rate","rate":496000,"ts":1760457551.4323912}
2025/10/14 15:59:12 POLARIS_LOG {"event":"send_rate","rate":496000,"ts":1760457552.4332936}
2025/10/14 15:59:13 POLARIS_LOG {"event":"send_rate","rate":504000,"ts":1760457553.4330034}
2025/10/14 15:59:14 POLARIS_LOG {"event":"send_rate","rate":496000,"ts":1760457554.4321842}
2025/10/14 15:59:15 POLARIS_LOG {"event":"send_rate","rate":504000,"ts":1760457555.4320676}
2025/10/14 15:59:16 POLARIS_LOG {"event":"send_rate","rate":504000,"ts":1760457556.43357}
2025/10/14 15:59:17 POLARIS_LOG {"event":"send_rate","rate":496000,"ts":1760457557.432283}
2025/10/14 15:59:18 POLARIS_LOG {"event":"send_rate","rate":504000,"ts":1760457558.4329083}
2025/10/14 15:59:19 POLARIS_LOG {"event":"send_rate","rate":496000,"ts":1760457559.4336228}
2025/10/14 15:59:20 POLARIS_LOG {"event":"send_rate","rate":504000,"ts":1760457560.4327254}
2025/10/14 15:59:21 POLARIS_LOG {"event":"send_rate","rate":496000,"ts":1760457561.4323487}
2025/10/14 15:59:22 POLARIS_LOG {"event":"send_rate","rate":504000,"ts":1760457562.4329236}
2025/10/14 15:59:23 POLARIS_LOG {"event":"send_rate","rate":496000,"ts":1760457563.4328084}
2025/10/14 15:59:24 POLARIS_LOG {"event":"send_rate","rate":504000,"ts":1760457564.4344544}
2025/10/14 15:59:25 POLARIS_LOG {"event":"send_rate","rate":496000,"ts":1760457565.432602}
2025/10/14 15:59:26 POLARIS_LOG {"event":"send_rate","rate":496000,"ts":1760457566.4323428}
2025/10/14 15:59:27 POLARIS_LOG {"event":"send_rate","rate":504000,"ts":1760457567.4329946}
2025/10/14 15:59:28 POLARIS_LOG {"event":"send_rate","rate":504000,"ts":1760457568.4328659}
2025/10/14 15:59:29 POLARIS_LOG {"event":"send_rate","rate":496000,"ts":1760457569.4330056}
2025/10/14 15:59:30 POLARIS_LOG {"event":"send_rate","rate":496000,"ts":1760457570.4322855}
2025/10/14 15:59:31 POLARIS_LOG {"event":"send_rate","rate":504000,"ts":1760457571.4320703}
2025/10/14 15:59:32 POLARIS_LOG {"event":"send_rate","rate":496000,"ts":1760457572.432651}
2025/10/14 15:59:33 POLARIS_LOG {"event":"send_rate","rate":504000,"ts":1760457573.4325128}
2025/10/14 15:59:34 POLARIS_LOG {"event":"send_rate","rate":496000,"ts":1760457574.432513}
2025/10/14 15:59:35 POLARIS_LOG {"event":"send_rate","rate":504000,"ts":1760457575.432322}
2025/10/14 15:59:36 POLARIS_LOG {"event":"send_rate","rate":504000,"ts":1760457576.4452121}
2025/10/14 15:59:37 POLARIS_LOG {"event":"send_rate","rate":496000,"ts":1760457577.432899}
2025/10/14 15:59:38 POLARIS_LOG {"event":"send_rate","rate":496000,"ts":1760457578.433186}
2025/10/14 15:59:39 POLARIS_LOG {"event":"send_rate","rate":504000,"ts":1760457579.4394405}
2025/10/14 15:59:40 POLARIS_LOG {"event":"send_rate","rate":496000,"ts":1760457580.4321036}
2025/10/14 15:59:41 POLARIS_LOG {"event":"send_rate","rate":504000,"ts":1760457581.4321275}
2025/10/14 15:59:42 POLARIS_LOG {"event":"send_rate","rate":496000,"ts":1760457582.4336932}
2025/10/14 15:59:43 POLARIS_LOG {"event":"send_rate","rate":504000,"ts":1760457583.4329119}
2025/10/14 15:59:44 POLARIS_LOG {"event":"send_rate","rate":496000,"ts":1760457584.4329686}
2025/10/14 15:59:45 POLARIS_LOG {"event":"send_rate","rate":504000,"ts":1760457585.436516}
2025/10/14 15:59:46 POLARIS_LOG {"event":"send_rate","rate":504000,"ts":1760457586.444916}
2025/10/14 15:59:47 POLARIS_LOG {"event":"send_rate","rate":496000,"ts":1760457587.4329948}
2025/10/14 15:59:48 POLARIS_LOG {"event":"send_rate","rate":496000,"ts":1760457588.4324915}
2025/10/14 15:59:49 POLARIS_LOG {"event":"send_rate","rate":504000,"ts":1760457589.4322824}
2025/10/14 15:59:50 POLARIS_LOG {"event":"send_rate","rate":496000,"ts":1760457590.4328637}
2025/10/14 15:59:51 POLARIS_LOG {"event":"send_rate","rate":504000,"ts":1760457591.4331455}
2025/10/14 15:59:52 POLARIS_LOG {"event":"send_rate","rate":496000,"ts":1760457592.4322524}
2025/10/14 15:59:53 POLARIS_LOG {"event":"send_rate","rate":504000,"ts":1760457593.4328048}
2025/10/14 15:59:54 POLARIS_LOG {"event":"send_rate","rate":496000,"ts":1760457594.4328105}
2025/10/14 15:59:55 POLARIS_LOG {"event":"send_rate","rate":504000,"ts":1760457595.4396012}
2025/10/14 15:59:56 POLARIS_LOG {"event":"send_rate","rate":504000,"ts":1760457596.4372156}
2025/10/14 15:59:57 POLARIS_LOG {"event":"send_rate","rate":496000,"ts":1760457597.4321897}
2025/10/14 15:59:58 POLARIS_LOG {"event":"send_rate","rate":496000,"ts":1760457598.4336958}
2025/10/14 15:59:59 POLARIS_LOG {"event":"send_rate","rate":504000,"ts":1760457599.4323876}
2025/10/14 16:00:00 POLARIS_LOG {"event":"send_rate","rate":496000,"ts":1760457600.4340928}
2025/10/14 16:00:01 POLARIS_LOG {"event":"send_rate","rate":504000,"ts":1760457601.434453}
2025/10/14 16:00:02 POLARIS_LOG {"event":"send_rate","rate":496000,"ts":1760457602.433317}
2025/10/14 16:00:03 POLARIS_LOG {"event":"send_rate","rate":504000,"ts":1760457603.4329057}
2025/10/14 16:00:04 POLARIS_LOG {"event":"send_rate","rate":496000,"ts":1760457604.4323144}
2025/10/14 16:00:05 POLARIS_LOG {"event":"send_rate","rate":504000,"ts":1760457605.4326534}
2025/10/14 16:00:06 POLARIS_LOG {"event":"send_rate","rate":496000,"ts":1760457606.4322128}
2025/10/14 16:00:07 POLARIS_LOG {"event":"send_rate","rate":504000,"ts":1760457607.432156}
2025/10/14 16:00:08 POLARIS_LOG {"event":"send_rate","rate":504000,"ts":1760457608.4425046}
2025/10/14 16:00:09 POLARIS_LOG {"event":"send_rate","rate":496000,"ts":1760457609.4320958}
2025/10/14 16:00:10 POLARIS_LOG {"event":"send_rate","rate":496000,"ts":1760457610.4326048}
2025/10/14 16:00:11 POLARIS_LOG {"event":"send_rate","rate":504000,"ts":1760457611.432739}
2025/10/14 16:00:12 POLARIS_LOG {"event":"send_rate","rate":496000,"ts":1760457612.432119}
2025/10/14 16:00:13 POLARIS_LOG {"event":"send_rate","rate":504000,"ts":1760457613.4329686}
2025/10/14 16:00:14 POLARIS_LOG {"event":"send_rate","rate":496000,"ts":1760457614.437575}
2025/10/14 16:00:15 POLARIS_LOG {"event":"send_rate","rate":504000,"ts":1760457615.4349287}
2025/10/14 16:00:16 POLARIS_LOG {"event":"send_rate","rate":504000,"ts":1760457616.4362242}
2025/10/14 16:00:17 POLARIS_LOG {"event":"send_rate","rate":496000,"ts":1760457617.4324393}
2025/10/14 16:00:18 POLARIS_LOG {"event":"send_rate","rate":496000,"ts":1760457618.4322753}
2025/10/14 16:00:19 POLARIS_LOG {"event":"send_rate","rate":504000,"ts":1760457619.4329898}
2025/10/14 16:00:20 POLARIS_LOG {"event":"send_rate","rate":496000,"ts":1760457620.4324458}
2025/10/14 16:00:21 POLARIS_LOG {"event":"send_rate","rate":504000,"ts":1760457621.4325714}
2025/10/14 16:00:22 POLARIS_LOG {"event":"send_rate","rate":496000,"ts":1760457622.43532}
2025/10/14 16:00:23 POLARIS_LOG {"event":"send_rate","rate":504000,"ts":1760457623.43518}
2025/10/14 16:00:24 POLARIS_LOG {"event":"send_rate","rate":496000,"ts":1760457624.432922}
2025/10/14 16:00:25 POLARIS_LOG {"event":"send_rate","rate":504000,"ts":1760457625.4336646}
2025/10/14 16:00:26 POLARIS_LOG {"event":"send_rate","rate":496000,"ts":1760457626.4326704}
2025/10/14 16:00:27 POLARIS_LOG {"event":"send_rate","rate":504000,"ts":1760457627.432779}
2025/10/14 16:00:28 POLARIS_LOG {"event":"send_rate","rate":504000,"ts":1760457628.4407532}
2025/10/14 16:00:29 POLARIS_LOG {"event":"send_rate","rate":496000,"ts":1760457629.4394615}
2025/10/14 16:00:30 POLARIS_LOG {"event":"send_rate","rate":496000,"ts":1760457630.4337702}
2025/10/14 16:00:31 POLARIS_LOG {"event":"send_rate","rate":504000,"ts":1760457631.4339888}
2025/10/14 16:00:32 POLARIS_LOG {"event":"send_rate","rate":496000,"ts":1760457632.4328055}
2025/10/14 16:00:33 POLARIS_LOG {"event":"send_rate","rate":504000,"ts":1760457633.4324374}
2025/10/14 16:00:34 POLARIS_LOG {"event":"send_rate","rate":496000,"ts":1760457634.4336174}
2025/10/14 16:00:35 POLARIS_LOG {"event":"send_rate","rate":504000,"ts":1760457635.4327161}
2025/10/14 16:00:36 POLARIS_LOG {"event":"send_rate","rate":496000,"ts":1760457636.4322593}
2025/10/14 16:00:37 POLARIS_LOG {"event":"send_rate","rate":504000,"ts":1760457637.433199}
2025/10/14 16:00:38 POLARIS_LOG {"event":"send_rate","rate":496000,"ts":1760457638.4336135}
2025/10/14 16:00:39 POLARIS_LOG {"event":"send_rate","rate":504000,"ts":1760457639.4328432}
2025/10/14 16:00:40 POLARIS_LOG {"event":"send_rate","rate":496000,"ts":1760457640.4324403}
2025/10/14 16:00:41 POLARIS_LOG {"event":"send_rate","rate":496000,"ts":1760457641.4320812}
2025/10/14 16:00:42 POLARIS_LOG {"event":"send_rate","rate":504000,"ts":1760457642.4325888}
2025/10/14 16:00:43 POLARIS_LOG {"event":"send_rate","rate":504000,"ts":1760457643.4326153}
2025/10/14 16:00:44 POLARIS_LOG {"event":"send_rate","rate":496000,"ts":1760457644.4324586}
2025/10/14 16:00:45 POLARIS_LOG {"event":"send_rate","rate":504000,"ts":1760457645.432769}
2025/10/14 16:00:46 POLARIS_LOG {"event":"send_rate","rate":496000,"ts":1760457646.4329672}
2025/10/14 16:00:47 POLARIS_LOG {"event":"send_rate","rate":504000,"ts":1760457647.4332428}
2025/10/14 16:00:48 POLARIS_LOG {"event":"send_rate","rate":496000,"ts":1760457648.4328988}
2025/10/14 16:00:49 POLARIS_LOG {"event":"send_rate","rate":504000,"ts":1760457649.4328861}
2025/10/14 16:00:50 POLARIS_LOG {"event":"send_rate","rate":496000,"ts":1760457650.4329207}
2025/10/14 16:00:51 POLARIS_LOG {"event":"send_rate","rate":504000,"ts":1760457651.4327009}
2025/10/14 16:00:52 POLARIS_LOG {"event":"send_rate","rate":496000,"ts":1760457652.432575}
2025/10/14 16:00:53 POLARIS_LOG {"event":"send_rate","rate":504000,"ts":1760457653.4323902}
2025/10/14 16:00:54 POLARIS_LOG {"event":"send_rate","rate":496000,"ts":1760457654.433921}
2025/10/14 16:00:55 POLARIS_LOG {"event":"send_rate","rate":504000,"ts":1760457655.433222}
2025/10/14 16:00:56 POLARIS_LOG {"event":"send_rate","rate":512000,"ts":1760457656.4580996}
2025/10/14 16:00:57 POLARIS_LOG {"event":"send_rate","rate":488000,"ts":1760457657.4321494}
Skipping switch: current path 1 1 6 6 1 3 has lastEstimate 666500 >= maxEstimate 0
2025/10/14 16:00:58 POLARIS_LOG {"event":"send_rate","rate":496000,"ts":1760457658.4324448}
2025/10/14 16:00:59 POLARIS_LOG {"event":"send_rate","rate":504000,"ts":1760457659.4327419}
2025/10/14 16:01:00 POLARIS_LOG {"event":"send_rate","rate":496000,"ts":1760457660.4322295}
2025/10/14 16:01:01 POLARIS_LOG {"event":"send_rate","rate":504000,"ts":1760457661.4323192}
2025/10/14 16:01:02 POLARIS_LOG {"event":"send_rate","rate":496000,"ts":1760457662.4327912}
2025/10/14 16:01:03 POLARIS_LOG {"event":"send_rate","rate":504000,"ts":1760457663.432325}
2025/10/14 16:01:04 POLARIS_LOG {"event":"send_rate","rate":496000,"ts":1760457664.4333827}
2025/10/14 16:01:05 POLARIS_LOG {"event":"send_rate","rate":504000,"ts":1760457665.4329243}
2025/10/14 16:01:06 POLARIS_LOG {"event":"send_rate","rate":496000,"ts":1760457666.4324389}
2025/10/14 16:01:07 POLARIS_LOG {"event":"send_rate","rate":504000,"ts":1760457667.4323244}
2025/10/14 16:01:08 POLARIS_LOG {"event":"send_rate","rate":496000,"ts":1760457668.4336176}
2025/10/14 16:01:09 POLARIS_LOG {"event":"send_rate","rate":504000,"ts":1760457669.4328558}
2025/10/14 16:01:10 POLARIS_LOG {"event":"send_rate","rate":496000,"ts":1760457670.432814}
2025/10/14 16:01:11 POLARIS_LOG {"event":"send_rate","rate":504000,"ts":1760457671.433796}
2025/10/14 16:01:12 POLARIS_LOG {"event":"send_rate","rate":496000,"ts":1760457672.4370975}
2025/10/14 16:01:13 POLARIS_LOG {"event":"send_rate","rate":504000,"ts":1760457673.4328518}
2025/10/14 16:01:14 POLARIS_LOG {"event":"send_rate","rate":496000,"ts":1760457674.4346952}
2025/10/14 16:01:15 POLARIS_LOG {"event":"send_rate","rate":504000,"ts":1760457675.4354024}
2025/10/14 16:01:16 POLARIS_LOG {"event":"send_rate","rate":496000,"ts":1760457676.4328287}
2025/10/14 16:01:17 POLARIS_LOG {"event":"send_rate","rate":496000,"ts":1760457677.435416}
2025/10/14 16:01:18 POLARIS_LOG {"event":"send_rate","rate":504000,"ts":1760457678.4329813}
2025/10/14 16:01:19 POLARIS_LOG {"event":"send_rate","rate":504000,"ts":1760457679.4322186}
2025/10/14 16:01:20 POLARIS_LOG {"event":"send_rate","rate":496000,"ts":1760457680.432833}
2025/10/14 16:01:21 POLARIS_LOG {"event":"send_rate","rate":504000,"ts":1760457681.44066}
2025/10/14 16:01:22 POLARIS_LOG {"event":"send_rate","rate":496000,"ts":1760457682.4322128}
2025/10/14 16:01:23 POLARIS_LOG {"event":"send_rate","rate":504000,"ts":1760457683.4338503}
2025/10/14 16:01:24 POLARIS_LOG {"event":"send_rate","rate":496000,"ts":1760457684.4328945}
2025/10/14 16:01:25 POLARIS_LOG {"event":"send_rate","rate":504000,"ts":1760457685.4321442}
2025/10/14 16:01:26 POLARIS_LOG {"event":"send_rate","rate":496000,"ts":1760457686.4326108}
2025/10/14 16:01:27 POLARIS_LOG {"event":"send_rate","rate":504000,"ts":1760457687.4332843}
2025/10/14 16:01:28 POLARIS_LOG {"event":"send_rate","rate":496000,"ts":1760457688.4326286}
2025/10/14 16:01:29 POLARIS_LOG {"event":"send_rate","rate":496000,"ts":1760457689.4323814}
2025/10/14 16:01:30 POLARIS_LOG {"event":"send_rate","rate":504000,"ts":1760457690.434182}
2025/10/14 16:01:31 POLARIS_LOG {"event":"send_rate","rate":504000,"ts":1760457691.4323082}
2025/10/14 16:01:32 POLARIS_LOG {"event":"send_rate","rate":496000,"ts":1760457692.4325964}
2025/10/14 16:01:33 POLARIS_LOG {"event":"send_rate","rate":496000,"ts":1760457693.4370298}
2025/10/14 16:01:34 POLARIS_LOG {"event":"send_rate","rate":504000,"ts":1760457694.4330683}
2025/10/14 16:01:35 POLARIS_LOG {"event":"send_rate","rate":496000,"ts":1760457695.433427}
2025/10/14 16:01:36 POLARIS_LOG {"event":"send_rate","rate":504000,"ts":1760457696.4324226}
2025/10/14 16:01:37 POLARIS_LOG {"event":"send_rate","rate":504000,"ts":1760457697.4334466}
2025/10/14 16:01:38 POLARIS_LOG {"event":"send_rate","rate":496000,"ts":1760457698.4328842}
2025/10/14 16:01:39 POLARIS_LOG {"event":"send_rate","rate":496000,"ts":1760457699.43212}
2025/10/14 16:01:40 POLARIS_LOG {"event":"send_rate","rate":504000,"ts":1760457700.4328232}
2025/10/14 16:01:41 POLARIS_LOG {"event":"send_rate","rate":504000,"ts":1760457701.432655}
2025/10/14 16:01:42 POLARIS_LOG {"event":"send_rate","rate":496000,"ts":1760457702.4326308}
2025/10/14 16:01:43 POLARIS_LOG {"event":"send_rate","rate":504000,"ts":1760457703.4329953}
2025/10/14 16:01:44 POLARIS_LOG {"event":"send_rate","rate":496000,"ts":1760457704.4332275}
2025/10/14 16:01:45 POLARIS_LOG {"event":"send_rate","rate":504000,"ts":1760457705.432954}
2025/10/14 16:01:46 POLARIS_LOG {"event":"send_rate","rate":496000,"ts":1760457706.4326785}
2025/10/14 16:01:47 POLARIS_LOG {"event":"send_rate","rate":496000,"ts":1760457707.4322138}
2025/10/14 16:01:48 POLARIS_LOG {"event":"send_rate","rate":504000,"ts":1760457708.4327524}
2025/10/14 16:01:49 POLARIS_LOG {"event":"send_rate","rate":496000,"ts":1760457709.4328406}
2025/10/14 16:01:50 POLARIS_LOG {"event":"send_rate","rate":496000,"ts":1760457710.4338977}
2025/10/14 16:01:51 POLARIS_LOG {"event":"send_rate","rate":504000,"ts":1760457711.4323132}
2025/10/14 16:01:52 POLARIS_LOG {"event":"send_rate","rate":504000,"ts":1760457712.4321096}
2025/10/14 16:01:53 POLARIS_LOG {"event":"send_rate","rate":496000,"ts":1760457713.4326615}
2025/10/14 16:01:54 POLARIS_LOG {"event":"send_rate","rate":504000,"ts":1760457714.433426}
2025/10/14 16:01:55 POLARIS_LOG {"event":"send_rate","rate":496000,"ts":1760457715.4325073}
2025/10/14 16:01:56 POLARIS_LOG {"event":"send_rate","rate":504000,"ts":1760457716.4324021}
2025/10/14 16:01:57 POLARIS_LOG {"event":"send_rate","rate":496000,"ts":1760457717.4324849}
2025/10/14 16:01:58 POLARIS_LOG {"event":"send_rate","rate":504000,"ts":1760457718.4329674}
2025/10/14 16:01:59 POLARIS_LOG {"event":"send_rate","rate":496000,"ts":1760457719.433467}
2025/10/14 16:02:00 POLARIS_LOG {"event":"send_rate","rate":504000,"ts":1760457720.4326625}
2025/10/14 16:02:01 POLARIS_LOG {"event":"send_rate","rate":496000,"ts":1760457721.4324617}
2025/10/14 16:02:02 POLARIS_LOG {"event":"send_rate","rate":504000,"ts":1760457722.4328942}
2025/10/14 16:02:03 POLARIS_LOG {"event":"send_rate","rate":496000,"ts":1760457723.4320748}
2025/10/14 16:02:04 POLARIS_LOG {"event":"send_rate","rate":504000,"ts":1760457724.4325492}
2025/10/14 16:02:05 POLARIS_LOG {"event":"send_rate","rate":496000,"ts":1760457725.4322176}
2025/10/14 16:02:06 POLARIS_LOG {"event":"send_rate","rate":504000,"ts":1760457726.4341123}
2025/10/14 16:02:07 POLARIS_LOG {"event":"send_rate","rate":504000,"ts":1760457727.4344232}
2025/10/14 16:02:08 POLARIS_LOG {"event":"send_rate","rate":496000,"ts":1760457728.4323633}
2025/10/14 16:02:09 POLARIS_LOG {"event":"send_rate","rate":496000,"ts":1760457729.4329407}
2025/10/14 16:02:10 POLARIS_LOG {"event":"send_rate","rate":504000,"ts":1760457730.4335015}
2025/10/14 16:02:11 POLARIS_LOG {"event":"send_rate","rate":496000,"ts":1760457731.4339325}
2025/10/14 16:02:12 POLARIS_LOG {"event":"send_rate","rate":504000,"ts":1760457732.4328587}
2025/10/14 16:02:13 POLARIS_LOG {"event":"send_rate","rate":496000,"ts":1760457733.4329646}
2025/10/14 16:02:14 POLARIS_LOG {"event":"send_rate","rate":504000,"ts":1760457734.4321735}
2025/10/14 16:02:15 POLARIS_LOG {"event":"send_rate","rate":496000,"ts":1760457735.4353473}
2025/10/14 16:02:16 POLARIS_LOG {"event":"send_rate","rate":504000,"ts":1760457736.432364}
2025/10/14 16:02:17 POLARIS_LOG {"event":"send_rate","rate":496000,"ts":1760457737.4330215}
2025/10/14 16:02:18 POLARIS_LOG {"event":"send_rate","rate":504000,"ts":1760457738.434362}
2025/10/14 16:02:19 POLARIS_LOG {"event":"send_rate","rate":496000,"ts":1760457739.4328225}
2025/10/14 16:02:20 POLARIS_LOG {"event":"send_rate","rate":504000,"ts":1760457740.4327912}
2025/10/14 16:02:21 POLARIS_LOG {"event":"send_rate","rate":496000,"ts":1760457741.4339764}
2025/10/14 16:02:22 POLARIS_LOG {"event":"send_rate","rate":504000,"ts":1760457742.4329767}
2025/10/14 16:02:23 POLARIS_LOG {"event":"send_rate","rate":496000,"ts":1760457743.4322047}
2025/10/14 16:02:24 POLARIS_LOG {"event":"send_rate","rate":504000,"ts":1760457744.4329476}
2025/10/14 16:02:25 POLARIS_LOG {"event":"send_rate","rate":496000,"ts":1760457745.4328196}
2025/10/14 16:02:26 POLARIS_LOG {"event":"send_rate","rate":504000,"ts":1760457746.4334254}
2025/10/14 16:02:27 POLARIS_LOG {"event":"send_rate","rate":496000,"ts":1760457747.4321299}
2025/10/14 16:02:28 POLARIS_LOG {"event":"send_rate","rate":504000,"ts":1760457748.432291}
2025/10/14 16:02:29 POLARIS_LOG {"event":"send_rate","rate":496000,"ts":1760457749.4328856}
2025/10/14 16:02:30 POLARIS_LOG {"event":"send_rate","rate":504000,"ts":1760457750.4331713}
2025/10/14 16:02:31 POLARIS_LOG {"event":"send_rate","rate":496000,"ts":1760457751.432652}
2025/10/14 16:02:32 POLARIS_LOG {"event":"send_rate","rate":504000,"ts":1760457752.4327438}
2025/10/14 16:02:33 POLARIS_LOG {"event":"send_rate","rate":496000,"ts":1760457753.432672}
2025/10/14 16:02:34 POLARIS_LOG {"event":"send_rate","rate":504000,"ts":1760457754.433731}
2025/10/14 16:02:35 POLARIS_LOG {"event":"send_rate","rate":496000,"ts":1760457755.4328299}
2025/10/14 16:02:36 POLARIS_LOG {"event":"send_rate","rate":496000,"ts":1760457756.4321585}
2025/10/14 16:02:37 POLARIS_LOG {"event":"send_rate","rate":504000,"ts":1760457757.433014}
2025/10/14 16:02:38 POLARIS_LOG {"event":"send_rate","rate":504000,"ts":1760457758.4327016}
2025/10/14 16:02:39 POLARIS_LOG {"event":"send_rate","rate":496000,"ts":1760457759.4320593}
2025/10/14 16:02:40 POLARIS_LOG {"event":"send_rate","rate":504000,"ts":1760457760.4325626}
2025/10/14 16:02:41 POLARIS_LOG {"event":"send_rate","rate":496000,"ts":1760457761.4322884}
2025/10/14 16:02:42 POLARIS_LOG {"event":"send_rate","rate":504000,"ts":1760457762.4328363}
2025/10/14 16:02:43 POLARIS_LOG {"event":"send_rate","rate":496000,"ts":1760457763.432556}
2025/10/14 16:02:44 POLARIS_LOG {"event":"send_rate","rate":504000,"ts":1760457764.43761}
2025/10/14 16:02:45 POLARIS_LOG {"event":"send_rate","rate":504000,"ts":1760457765.4392366}
2025/10/14 16:02:46 POLARIS_LOG {"event":"send_rate","rate":496000,"ts":1760457766.4435582}
2025/10/14 16:02:47 POLARIS_LOG {"event":"send_rate","rate":496000,"ts":1760457767.4322126}
2025/10/14 16:02:48 POLARIS_LOG {"event":"send_rate","rate":504000,"ts":1760457768.434963}
2025/10/14 16:02:49 POLARIS_LOG {"event":"send_rate","rate":496000,"ts":1760457769.4363306}
2025/10/14 16:02:50 POLARIS_LOG {"event":"send_rate","rate":504000,"ts":1760457770.4325142}
2025/10/14 16:02:51 POLARIS_LOG {"event":"send_rate","rate":496000,"ts":1760457771.432088}
2025/10/14 16:02:52 POLARIS_LOG {"event":"send_rate","rate":504000,"ts":1760457772.4321837}
2025/10/14 16:02:53 POLARIS_LOG {"event":"send_rate","rate":496000,"ts":1760457773.4328756}
2025/10/14 16:02:54 POLARIS_LOG {"event":"send_rate","rate":504000,"ts":1760457774.433551}
2025/10/14 16:02:55 POLARIS_LOG {"event":"send_rate","rate":496000,"ts":1760457775.4338531}
2025/10/14 16:02:56 POLARIS_LOG {"event":"send_rate","rate":504000,"ts":1760457776.4321315}
2025/10/14 16:02:57 POLARIS_LOG {"event":"send_rate","rate":496000,"ts":1760457777.4320889}
2025/10/14 16:02:58 POLARIS_LOG {"event":"send_rate","rate":496000,"ts":1760457778.432252}
2025/10/14 16:02:59 POLARIS_LOG {"event":"send_rate","rate":504000,"ts":1760457779.4344923}
2025/10/14 16:03:00 POLARIS_LOG {"event":"send_rate","rate":504000,"ts":1760457780.4332964}
2025/10/14 16:03:01 POLARIS_LOG {"event":"send_rate","rate":496000,"ts":1760457781.4333568}
2025/10/14 16:03:02 POLARIS_LOG {"event":"send_rate","rate":504000,"ts":1760457782.4330401}
2025/10/14 16:03:03 POLARIS_LOG {"event":"send_rate","rate":512000,"ts":1760457783.4570713}
2025/10/14 16:03:04 POLARIS_LOG {"event":"send_rate","rate":488000,"ts":1760457784.4326}
2025/10/14 16:03:05 POLARIS_LOG {"event":"send_rate","rate":496000,"ts":1760457785.4331796}
2025/10/14 16:03:06 POLARIS_LOG {"event":"send_rate","rate":504000,"ts":1760457786.4327633}
2025/10/14 16:03:07 POLARIS_LOG {"event":"send_rate","rate":496000,"ts":1760457787.4344916}
2025/10/14 16:03:08 POLARIS_LOG {"event":"send_rate","rate":504000,"ts":1760457788.4320936}
2025/10/14 16:03:09 POLARIS_LOG {"event":"send_rate","rate":496000,"ts":1760457789.4333227}
2025/10/14 16:03:10 POLARIS_LOG {"event":"send_rate","rate":504000,"ts":1760457790.4325442}
2025/10/14 16:03:11 POLARIS_LOG {"event":"send_rate","rate":496000,"ts":1760457791.4332004}
2025/10/14 16:03:12 POLARIS_LOG {"event":"send_rate","rate":504000,"ts":1760457792.4324808}
2025/10/14 16:03:13 POLARIS_LOG {"event":"send_rate","rate":496000,"ts":1760457793.436745}
2025/10/14 16:03:14 POLARIS_LOG {"event":"send_rate","rate":504000,"ts":1760457794.4340599}
2025/10/14 16:03:15 POLARIS_LOG {"event":"send_rate","rate":496000,"ts":1760457795.4334831}
2025/10/14 16:03:16 POLARIS_LOG {"event":"send_rate","rate":504000,"ts":1760457796.4392338}
2025/10/14 16:03:17 POLARIS_LOG {"event":"send_rate","rate":496000,"ts":1760457797.432078}
2025/10/14 16:03:18 POLARIS_LOG {"event":"send_rate","rate":504000,"ts":1760457798.4358327}
2025/10/14 16:03:19 POLARIS_LOG {"event":"send_rate","rate":496000,"ts":1760457799.4336133}
We need to sleep for 1 seconds before we can get the results
2025/10/14 16:03:20 POLARIS_LOG {"event":"send_rate","rate":16000,"ts":1760457800.4327908}
Drain Loop received packet
Drain Loop received non-nil payload
Client sent 17000 packets, server reported 16968 packets received
The network loss rate from client to server is 0.2%

S->C results
Attempted bandwidth: 0 bps / 0.00 Mbps
Achieved bandwidth: 0 bps / 0.00 Mbps
Loss rate: 0.0%
Interarrival time min/avg/max/mdev = -0.000/0.000/0.000/0.000 ms

C->S results
Attempted bandwidth: 500000 bps / 0.50 Mbps
Achieved bandwidth: 499058 bps / 0.50 Mbps
Loss rate: 0.2%
Interarrival time min/avg/max/mdev = 0.002/16.030/151.795/11.652 ms
