
Test parameters:
client->server: 279 seconds, 1000 bytes, 17437 packets
server->client: 279 seconds, 1000 bytes, 0 packets
2025/10/14 15:58:40 POLARIS_LOG {"current_rate":0,"event":"path_switch","new":"2 2 5 2","trigger":"initialization","ts":1760457520.4107072}
Polaris prober initialized with 38 paths
Polaris prober initialized with local 1-111,10.111.0.71:32755 and remote 1-113,10.113.0.71
2025/10/14 15:58:41 POLARIS_LOG {"event":"send_rate","rate":504000,"ts":1760457521.4114182}
2025/10/14 15:58:42 POLARIS_LOG {"event":"send_rate","rate":496000,"ts":1760457522.4120557}
2025/10/14 15:58:43 POLARIS_LOG {"event":"send_rate","rate":504000,"ts":1760457523.4120953}
2025/10/14 15:58:44 POLARIS_LOG {"event":"send_rate","rate":496000,"ts":1760457524.4118876}
2025/10/14 15:58:45 POLARIS_LOG {"event":"send_rate","rate":504000,"ts":1760457525.4118216}
2025/10/14 15:58:46 POLARIS_LOG {"event":"send_rate","rate":496000,"ts":1760457526.4146364}
2025/10/14 15:58:47 POLARIS_LOG {"event":"send_rate","rate":504000,"ts":1760457527.4115736}
2025/10/14 15:58:48 POLARIS_LOG {"event":"send_rate","rate":496000,"ts":1760457528.4114478}
2025/10/14 15:58:49 POLARIS_LOG {"event":"send_rate","rate":504000,"ts":1760457529.4112494}
2025/10/14 15:58:50 POLARIS_LOG {"event":"send_rate","rate":496000,"ts":1760457530.4120815}
2025/10/14 15:58:51 POLARIS_LOG {"event":"send_rate","rate":504000,"ts":1760457531.4112444}
2025/10/14 15:58:52 POLARIS_LOG {"event":"send_rate","rate":496000,"ts":1760457532.4119277}
2025/10/14 15:58:53 POLARIS_LOG {"event":"send_rate","rate":504000,"ts":1760457533.4118583}
2025/10/14 15:58:54 POLARIS_LOG {"event":"send_rate","rate":496000,"ts":1760457534.412429}
2025/10/14 15:58:55 POLARIS_LOG {"event":"send_rate","rate":504000,"ts":1760457535.4116828}
2025/10/14 15:58:56 POLARIS_LOG {"event":"send_rate","rate":328000,"ts":1760457536.4115958}
2025/10/14 15:58:57 POLARIS_LOG {"event":"send_rate","rate":344000,"ts":1760457537.4118629}
2025/10/14 15:58:58 POLARIS_LOG {"event":"send_rate","rate":240000,"ts":1760457538.412207}
2025/10/14 15:58:59 POLARIS_LOG {"event":"send_rate","rate":336000,"ts":1760457539.4115095}
2025/10/14 15:59:00 POLARIS_LOG {"event":"send_rate","rate":248000,"ts":1760457540.4119122}
2025/10/14 15:59:00 POLARIS_LOG {"candidates":3,"candidates_unfiltered":25,"current_rate":248000,"estimated_share":2000000,"event":"path_switch","max_estimated_share":2000000,"new":"5 5 3 5","old":"2 2 5 2","trigger":"scheduled","ts":1760457540.4119406}
2025/10/14 15:59:01 POLARIS_LOG {"event":"send_rate","rate":1496000,"ts":1760457541.4119198}
2025/10/14 15:59:02 POLARIS_LOG {"event":"send_rate","rate":504000,"ts":1760457542.411242}
2025/10/14 15:59:03 POLARIS_LOG {"event":"send_rate","rate":504000,"ts":1760457543.4120817}
2025/10/14 15:59:04 POLARIS_LOG {"event":"send_rate","rate":496000,"ts":1760457544.4112756}
2025/10/14 15:59:05 POLARIS_LOG {"event":"send_rate","rate":496000,"ts":1760457545.4116285}
2025/10/14 15:59:06 POLARIS_LOG {"event":"send_rate","rate":504000,"ts":1760457546.4119775}
2025/10/14 15:59:07 POLARIS_LOG {"event":"send_rate","rate":496000,"ts":1760457547.411283}
2025/10/14 15:59:08 POLARIS_LOG {"event":"send_rate","rate":504000,"ts":1760457548.4117146}
2025/10/14 15:59:09 POLARIS_LOG {"event":"send_rate","rate":504000,"ts":1760457549.4121897}
2025/10/14 15:59:10 POLARIS_LOG {"event":"send_rate","rate":496000,"ts":1760457550.4120288}
2025/10/14 15:59:11 POLARIS_LOG {"event":"send_rate","rate":496000,"ts":1760457551.4115174}
2025/10/14 15:59:12 POLARIS_LOG {"event":"send_rate","rate":504000,"ts":1760457552.4115334}
2025/10/14 15:59:13 POLARIS_LOG {"event":"send_rate","rate":496000,"ts":1760457553.4117785}
2025/10/14 15:59:14 POLARIS_LOG {"event":"send_rate","rate":504000,"ts":1760457554.4114392}
2025/10/14 15:59:15 POLARIS_LOG {"event":"send_rate","rate":496000,"ts":1760457555.412059}
2025/10/14 15:59:16 POLARIS_LOG {"event":"send_rate","rate":504000,"ts":1760457556.4120104}
2025/10/14 15:59:17 POLARIS_LOG {"event":"send_rate","rate":496000,"ts":1760457557.4117527}
2025/10/14 15:59:18 POLARIS_LOG {"event":"send_rate","rate":504000,"ts":1760457558.4112477}
2025/10/14 15:59:19 POLARIS_LOG {"event":"send_rate","rate":496000,"ts":1760457559.411944}
2025/10/14 15:59:20 POLARIS_LOG {"event":"send_rate","rate":504000,"ts":1760457560.4117212}
2025/10/14 15:59:21 POLARIS_LOG {"event":"send_rate","rate":496000,"ts":1760457561.4120443}
2025/10/14 15:59:22 POLARIS_LOG {"event":"send_rate","rate":504000,"ts":1760457562.4119723}
2025/10/14 15:59:23 POLARIS_LOG {"event":"send_rate","rate":496000,"ts":1760457563.4115667}
2025/10/14 15:59:24 POLARIS_LOG {"event":"send_rate","rate":504000,"ts":1760457564.412215}
2025/10/14 15:59:25 POLARIS_LOG {"event":"send_rate","rate":496000,"ts":1760457565.411684}
2025/10/14 15:59:26 POLARIS_LOG {"event":"send_rate","rate":504000,"ts":1760457566.411368}
2025/10/14 15:59:27 POLARIS_LOG {"event":"send_rate","rate":496000,"ts":1760457567.4133348}
2025/10/14 15:59:28 POLARIS_LOG {"event":"send_rate","rate":504000,"ts":1760457568.412436}
2025/10/14 15:59:29 POLARIS_LOG {"event":"send_rate","rate":496000,"ts":1760457569.4119291}
2025/10/14 15:59:30 POLARIS_LOG {"event":"send_rate","rate":504000,"ts":1760457570.4114168}
2025/10/14 15:59:31 POLARIS_LOG {"event":"send_rate","rate":496000,"ts":1760457571.4117167}
2025/10/14 15:59:32 POLARIS_LOG {"event":"send_rate","rate":504000,"ts":1760457572.412322}
2025/10/14 15:59:33 POLARIS_LOG {"event":"send_rate","rate":496000,"ts":1760457573.412445}
2025/10/14 15:59:34 POLARIS_LOG {"event":"send_rate","rate":504000,"ts":1760457574.411694}
2025/10/14 15:59:35 POLARIS_LOG {"event":"send_rate","rate":496000,"ts":1760457575.4116914}
2025/10/14 15:59:36 POLARIS_LOG {"event":"send_rate","rate":496000,"ts":1760457576.4145706}
2025/10/14 15:59:37 POLARIS_LOG {"event":"send_rate","rate":504000,"ts":1760457577.4123788}
2025/10/14 15:59:38 POLARIS_LOG {"event":"send_rate","rate":504000,"ts":1760457578.411391}
2025/10/14 15:59:39 POLARIS_LOG {"event":"send_rate","rate":496000,"ts":1760457579.4120743}
2025/10/14 15:59:40 POLARIS_LOG {"event":"send_rate","rate":504000,"ts":1760457580.4121926}
2025/10/14 15:59:41 POLARIS_LOG {"event":"send_rate","rate":496000,"ts":1760457581.4112425}
2025/10/14 15:59:42 POLARIS_LOG {"event":"send_rate","rate":504000,"ts":1760457582.412255}
2025/10/14 15:59:43 POLARIS_LOG {"event":"send_rate","rate":496000,"ts":1760457583.4118028}
2025/10/14 15:59:44 POLARIS_LOG {"event":"send_rate","rate":504000,"ts":1760457584.4113722}
2025/10/14 15:59:45 POLARIS_LOG {"event":"send_rate","rate":496000,"ts":1760457585.4114785}
2025/10/14 15:59:46 POLARIS_LOG {"event":"send_rate","rate":504000,"ts":1760457586.4120116}
2025/10/14 15:59:47 POLARIS_LOG {"event":"send_rate","rate":496000,"ts":1760457587.4126751}
2025/10/14 15:59:48 POLARIS_LOG {"event":"send_rate","rate":504000,"ts":1760457588.4117966}
2025/10/14 15:59:49 POLARIS_LOG {"event":"send_rate","rate":496000,"ts":1760457589.4118156}
2025/10/14 15:59:50 POLARIS_LOG {"event":"send_rate","rate":504000,"ts":1760457590.412217}
2025/10/14 15:59:51 POLARIS_LOG {"event":"send_rate","rate":496000,"ts":1760457591.4129128}
2025/10/14 15:59:52 POLARIS_LOG {"event":"send_rate","rate":504000,"ts":1760457592.4115334}
2025/10/14 15:59:53 POLARIS_LOG {"event":"send_rate","rate":496000,"ts":1760457593.4115863}
2025/10/14 15:59:54 POLARIS_LOG {"event":"send_rate","rate":504000,"ts":1760457594.411932}
2025/10/14 15:59:55 POLARIS_LOG {"event":"send_rate","rate":496000,"ts":1760457595.4122431}
2025/10/14 15:59:56 POLARIS_LOG {"event":"send_rate","rate":504000,"ts":1760457596.4118414}
2025/10/14 15:59:57 POLARIS_LOG {"event":"send_rate","rate":496000,"ts":1760457597.413117}
2025/10/14 15:59:58 POLARIS_LOG {"event":"send_rate","rate":504000,"ts":1760457598.4117944}
2025/10/14 15:59:59 POLARIS_LOG {"event":"send_rate","rate":496000,"ts":1760457599.4121783}
2025/10/14 16:00:00 POLARIS_LOG {"event":"send_rate","rate":504000,"ts":1760457600.4113328}
2025/10/14 16:00:01 POLARIS_LOG {"event":"send_rate","rate":496000,"ts":1760457601.4112887}
2025/10/14 16:00:02 POLARIS_LOG {"event":"send_rate","rate":504000,"ts":1760457602.412029}
2025/10/14 16:00:03 POLARIS_LOG {"event":"send_rate","rate":496000,"ts":1760457603.411406}
2025/10/14 16:00:04 POLARIS_LOG {"event":"send_rate","rate":504000,"ts":1760457604.4135773}
2025/10/14 16:00:05 POLARIS_LOG {"event":"send_rate","rate":496000,"ts":1760457605.41234}
2025/10/14 16:00:06 POLARIS_LOG {"event":"send_rate","rate":504000,"ts":1760457606.4113925}
2025/10/14 16:00:07 POLARIS_LOG {"event":"send_rate","rate":496000,"ts":1760457607.4118814}
2025/10/14 16:00:08 POLARIS_LOG {"event":"send_rate","rate":504000,"ts":1760457608.4122858}
2025/10/14 16:00:09 POLARIS_LOG {"event":"send_rate","rate":496000,"ts":1760457609.4118295}
2025/10/14 16:00:10 POLARIS_LOG {"event":"send_rate","rate":504000,"ts":1760457610.4117315}
2025/10/14 16:00:11 POLARIS_LOG {"event":"send_rate","rate":496000,"ts":1760457611.4117951}
2025/10/14 16:00:12 POLARIS_LOG {"event":"send_rate","rate":504000,"ts":1760457612.4115171}
2025/10/14 16:00:13 POLARIS_LOG {"event":"send_rate","rate":496000,"ts":1760457613.4117186}
2025/10/14 16:00:14 POLARIS_LOG {"event":"send_rate","rate":504000,"ts":1760457614.4119902}
2025/10/14 16:00:15 POLARIS_LOG {"event":"send_rate","rate":496000,"ts":1760457615.411306}
2025/10/14 16:00:16 POLARIS_LOG {"event":"send_rate","rate":496000,"ts":1760457616.4113176}
2025/10/14 16:00:17 POLARIS_LOG {"event":"send_rate","rate":504000,"ts":1760457617.4120834}
2025/10/14 16:00:18 POLARIS_LOG {"event":"send_rate","rate":504000,"ts":1760457618.4116848}
2025/10/14 16:00:19 POLARIS_LOG {"event":"send_rate","rate":496000,"ts":1760457619.4131446}
2025/10/14 16:00:20 POLARIS_LOG {"event":"send_rate","rate":504000,"ts":1760457620.4116652}
2025/10/14 16:00:21 POLARIS_LOG {"event":"send_rate","rate":496000,"ts":1760457621.413183}
2025/10/14 16:00:22 POLARIS_LOG {"event":"send_rate","rate":504000,"ts":1760457622.4123576}
2025/10/14 16:00:23 POLARIS_LOG {"event":"send_rate","rate":496000,"ts":1760457623.4121192}
2025/10/14 16:00:24 POLARIS_LOG {"event":"send_rate","rate":504000,"ts":1760457624.4115071}
2025/10/14 16:00:25 POLARIS_LOG {"event":"send_rate","rate":496000,"ts":1760457625.4117935}
2025/10/14 16:00:26 POLARIS_LOG {"event":"send_rate","rate":504000,"ts":1760457626.4122431}
2025/10/14 16:00:27 POLARIS_LOG {"event":"send_rate","rate":496000,"ts":1760457627.4118505}
2025/10/14 16:00:28 POLARIS_LOG {"event":"send_rate","rate":496000,"ts":1760457628.411863}
2025/10/14 16:00:29 POLARIS_LOG {"event":"send_rate","rate":504000,"ts":1760457629.4121075}
2025/10/14 16:00:30 POLARIS_LOG {"event":"send_rate","rate":504000,"ts":1760457630.41171}
2025/10/14 16:00:31 POLARIS_LOG {"event":"send_rate","rate":496000,"ts":1760457631.4169877}
2025/10/14 16:00:32 POLARIS_LOG {"event":"send_rate","rate":496000,"ts":1760457632.4115345}
2025/10/14 16:00:33 POLARIS_LOG {"event":"send_rate","rate":504000,"ts":1760457633.4112513}
2025/10/14 16:00:34 POLARIS_LOG {"event":"send_rate","rate":504000,"ts":1760457634.4117968}
2025/10/14 16:00:35 POLARIS_LOG {"event":"send_rate","rate":496000,"ts":1760457635.4114952}
2025/10/14 16:00:36 POLARIS_LOG {"event":"send_rate","rate":504000,"ts":1760457636.4121106}
2025/10/14 16:00:37 POLARIS_LOG {"event":"send_rate","rate":496000,"ts":1760457637.4116452}
2025/10/14 16:00:38 POLARIS_LOG {"event":"send_rate","rate":504000,"ts":1760457638.4117486}
2025/10/14 16:00:39 POLARIS_LOG {"event":"send_rate","rate":496000,"ts":1760457639.4120555}
2025/10/14 16:00:40 POLARIS_LOG {"event":"send_rate","rate":496000,"ts":1760457640.4118366}
2025/10/14 16:00:41 POLARIS_LOG {"event":"send_rate","rate":504000,"ts":1760457641.4112902}
2025/10/14 16:00:42 POLARIS_LOG {"event":"send_rate","rate":496000,"ts":1760457642.411816}
2025/10/14 16:00:43 POLARIS_LOG {"event":"send_rate","rate":504000,"ts":1760457643.4119432}
2025/10/14 16:00:44 POLARIS_LOG {"event":"send_rate","rate":496000,"ts":1760457644.411359}
2025/10/14 16:00:45 POLARIS_LOG {"event":"send_rate","rate":504000,"ts":1760457645.411763}
2025/10/14 16:00:46 POLARIS_LOG {"event":"send_rate","rate":496000,"ts":1760457646.4114308}
2025/10/14 16:00:47 POLARIS_LOG {"event":"send_rate","rate":504000,"ts":1760457647.411284}
2025/10/14 16:00:48 POLARIS_LOG {"event":"send_rate","rate":496000,"ts":1760457648.4120588}
2025/10/14 16:00:49 POLARIS_LOG {"event":"send_rate","rate":504000,"ts":1760457649.4120924}
2025/10/14 16:00:50 POLARIS_LOG {"event":"send_rate","rate":496000,"ts":1760457650.4113324}
2025/10/14 16:00:51 POLARIS_LOG {"event":"send_rate","rate":504000,"ts":1760457651.4118946}
2025/10/14 16:00:52 POLARIS_LOG {"event":"send_rate","rate":496000,"ts":1760457652.4114082}
2025/10/14 16:00:53 POLARIS_LOG {"event":"send_rate","rate":504000,"ts":1760457653.4121683}
2025/10/14 16:00:54 POLARIS_LOG {"event":"send_rate","rate":496000,"ts":1760457654.4115229}
2025/10/14 16:00:55 POLARIS_LOG {"event":"send_rate","rate":504000,"ts":1760457655.412369}
2025/10/14 16:00:56 POLARIS_LOG {"event":"send_rate","rate":496000,"ts":1760457656.411849}
2025/10/14 16:00:57 POLARIS_LOG {"event":"send_rate","rate":504000,"ts":1760457657.4113557}
2025/10/14 16:00:58 POLARIS_LOG {"event":"send_rate","rate":496000,"ts":1760457658.4119205}
2025/10/14 16:00:59 POLARIS_LOG {"event":"send_rate","rate":504000,"ts":1760457659.4122164}
2025/10/14 16:01:00 POLARIS_LOG {"event":"send_rate","rate":496000,"ts":1760457660.411821}
2025/10/14 16:01:01 POLARIS_LOG {"event":"send_rate","rate":504000,"ts":1760457661.4132965}
2025/10/14 16:01:02 POLARIS_LOG {"event":"send_rate","rate":496000,"ts":1760457662.4112809}
2025/10/14 16:01:03 POLARIS_LOG {"event":"send_rate","rate":504000,"ts":1760457663.4120622}
2025/10/14 16:01:04 POLARIS_LOG {"event":"send_rate","rate":496000,"ts":1760457664.4125197}
2025/10/14 16:01:05 POLARIS_LOG {"event":"send_rate","rate":504000,"ts":1760457665.4116359}
2025/10/14 16:01:06 POLARIS_LOG {"event":"send_rate","rate":496000,"ts":1760457666.4120843}
2025/10/14 16:01:07 POLARIS_LOG {"event":"send_rate","rate":504000,"ts":1760457667.412291}
2025/10/14 16:01:08 POLARIS_LOG {"event":"send_rate","rate":496000,"ts":1760457668.4116764}
2025/10/14 16:01:09 POLARIS_LOG {"event":"send_rate","rate":504000,"ts":1760457669.411343}
2025/10/14 16:01:10 POLARIS_LOG {"event":"send_rate","rate":496000,"ts":1760457670.412704}
2025/10/14 16:01:11 POLARIS_LOG {"event":"send_rate","rate":504000,"ts":1760457671.4121542}
2025/10/14 16:01:12 POLARIS_LOG {"event":"send_rate","rate":496000,"ts":1760457672.4119306}
2025/10/14 16:01:13 POLARIS_LOG {"event":"send_rate","rate":504000,"ts":1760457673.4113495}
2025/10/14 16:01:14 POLARIS_LOG {"event":"send_rate","rate":496000,"ts":1760457674.4113138}
2025/10/14 16:01:15 POLARIS_LOG {"event":"send_rate","rate":504000,"ts":1760457675.4116948}
2025/10/14 16:01:16 POLARIS_LOG {"event":"send_rate","rate":496000,"ts":1760457676.4115005}
2025/10/14 16:01:17 POLARIS_LOG {"event":"send_rate","rate":504000,"ts":1760457677.412281}
2025/10/14 16:01:18 POLARIS_LOG {"event":"send_rate","rate":496000,"ts":1760457678.4113355}
2025/10/14 16:01:19 POLARIS_LOG {"event":"send_rate","rate":504000,"ts":1760457679.412022}
2025/10/14 16:01:20 POLARIS_LOG {"event":"send_rate","rate":496000,"ts":1760457680.412387}
2025/10/14 16:01:21 POLARIS_LOG {"event":"send_rate","rate":504000,"ts":1760457681.4122953}
2025/10/14 16:01:22 POLARIS_LOG {"event":"send_rate","rate":496000,"ts":1760457682.4121783}
2025/10/14 16:01:23 POLARIS_LOG {"event":"send_rate","rate":504000,"ts":1760457683.4121838}
2025/10/14 16:01:24 POLARIS_LOG {"event":"send_rate","rate":496000,"ts":1760457684.4116595}
2025/10/14 16:01:25 POLARIS_LOG {"event":"send_rate","rate":504000,"ts":1760457685.4115102}
2025/10/14 16:01:26 POLARIS_LOG {"event":"send_rate","rate":496000,"ts":1760457686.412207}
2025/10/14 16:01:27 POLARIS_LOG {"event":"send_rate","rate":504000,"ts":1760457687.4116056}
2025/10/14 16:01:28 POLARIS_LOG {"event":"send_rate","rate":496000,"ts":1760457688.412765}
2025/10/14 16:01:29 POLARIS_LOG {"event":"send_rate","rate":504000,"ts":1760457689.4119327}
2025/10/14 16:01:30 POLARIS_LOG {"event":"send_rate","rate":496000,"ts":1760457690.412593}
2025/10/14 16:01:31 POLARIS_LOG {"event":"send_rate","rate":504000,"ts":1760457691.4116228}
2025/10/14 16:01:32 POLARIS_LOG {"event":"send_rate","rate":496000,"ts":1760457692.4118376}
2025/10/14 16:01:33 POLARIS_LOG {"event":"send_rate","rate":504000,"ts":1760457693.4126446}
2025/10/14 16:01:34 POLARIS_LOG {"event":"send_rate","rate":496000,"ts":1760457694.4112759}
2025/10/14 16:01:35 POLARIS_LOG {"event":"send_rate","rate":504000,"ts":1760457695.411307}
2025/10/14 16:01:36 POLARIS_LOG {"event":"send_rate","rate":496000,"ts":1760457696.4124615}
2025/10/14 16:01:37 POLARIS_LOG {"event":"send_rate","rate":504000,"ts":1760457697.4115036}
2025/10/14 16:01:38 POLARIS_LOG {"event":"send_rate","rate":496000,"ts":1760457698.4134085}
2025/10/14 16:01:39 POLARIS_LOG {"event":"send_rate","rate":504000,"ts":1760457699.4117327}
2025/10/14 16:01:40 POLARIS_LOG {"event":"send_rate","rate":496000,"ts":1760457700.4129102}
2025/10/14 16:01:41 POLARIS_LOG {"event":"send_rate","rate":504000,"ts":1760457701.411276}
2025/10/14 16:01:42 POLARIS_LOG {"event":"send_rate","rate":496000,"ts":1760457702.4119704}
2025/10/14 16:01:43 POLARIS_LOG {"event":"send_rate","rate":504000,"ts":1760457703.4113195}
2025/10/14 16:01:44 POLARIS_LOG {"event":"send_rate","rate":496000,"ts":1760457704.4118738}
2025/10/14 16:01:45 POLARIS_LOG {"event":"send_rate","rate":504000,"ts":1760457705.4120257}
2025/10/14 16:01:46 POLARIS_LOG {"event":"send_rate","rate":496000,"ts":1760457706.4116182}
2025/10/14 16:01:47 POLARIS_LOG {"event":"send_rate","rate":504000,"ts":1760457707.411307}
2025/10/14 16:01:48 POLARIS_LOG {"event":"send_rate","rate":496000,"ts":1760457708.4121687}
2025/10/14 16:01:49 POLARIS_LOG {"event":"send_rate","rate":504000,"ts":1760457709.4114704}
2025/10/14 16:01:50 POLARIS_LOG {"event":"send_rate","rate":496000,"ts":1760457710.4120405}
2025/10/14 16:01:51 POLARIS_LOG {"event":"send_rate","rate":504000,"ts":1760457711.4121504}
2025/10/14 16:01:52 POLARIS_LOG {"event":"send_rate","rate":496000,"ts":1760457712.4116368}
2025/10/14 16:01:53 POLARIS_LOG {"event":"send_rate","rate":504000,"ts":1760457713.4123101}
2025/10/14 16:01:54 POLARIS_LOG {"event":"send_rate","rate":496000,"ts":1760457714.4113822}
2025/10/14 16:01:55 POLARIS_LOG {"event":"send_rate","rate":504000,"ts":1760457715.4118574}
2025/10/14 16:01:56 POLARIS_LOG {"event":"send_rate","rate":496000,"ts":1760457716.4127204}
2025/10/14 16:01:57 POLARIS_LOG {"event":"send_rate","rate":504000,"ts":1760457717.4120643}
2025/10/14 16:01:58 POLARIS_LOG {"event":"send_rate","rate":496000,"ts":1760457718.4116106}
2025/10/14 16:01:59 POLARIS_LOG {"event":"send_rate","rate":504000,"ts":1760457719.412133}
2025/10/14 16:02:00 POLARIS_LOG {"event":"send_rate","rate":496000,"ts":1760457720.4115098}
2025/10/14 16:02:01 POLARIS_LOG {"event":"send_rate","rate":496000,"ts":1760457721.4113452}
2025/10/14 16:02:02 POLARIS_LOG {"event":"send_rate","rate":504000,"ts":1760457722.4121935}
2025/10/14 16:02:03 POLARIS_LOG {"event":"send_rate","rate":496000,"ts":1760457723.4119852}
2025/10/14 16:02:04 POLARIS_LOG {"event":"send_rate","rate":504000,"ts":1760457724.411794}
2025/10/14 16:02:05 POLARIS_LOG {"event":"send_rate","rate":496000,"ts":1760457725.4119713}
2025/10/14 16:02:06 POLARIS_LOG {"event":"send_rate","rate":504000,"ts":1760457726.4118888}
2025/10/14 16:02:07 POLARIS_LOG {"event":"send_rate","rate":504000,"ts":1760457727.4117658}
2025/10/14 16:02:08 POLARIS_LOG {"event":"send_rate","rate":496000,"ts":1760457728.4118242}
2025/10/14 16:02:09 POLARIS_LOG {"event":"send_rate","rate":496000,"ts":1760457729.4113905}
2025/10/14 16:02:10 POLARIS_LOG {"event":"send_rate","rate":504000,"ts":1760457730.4125776}
2025/10/14 16:02:11 POLARIS_LOG {"event":"send_rate","rate":504000,"ts":1760457731.4134452}
2025/10/14 16:02:12 POLARIS_LOG {"event":"send_rate","rate":496000,"ts":1760457732.4118943}
2025/10/14 16:02:13 POLARIS_LOG {"event":"send_rate","rate":504000,"ts":1760457733.4121304}
2025/10/14 16:02:14 POLARIS_LOG {"event":"send_rate","rate":496000,"ts":1760457734.4118397}
2025/10/14 16:02:15 POLARIS_LOG {"event":"send_rate","rate":504000,"ts":1760457735.4120107}
2025/10/14 16:02:16 POLARIS_LOG {"event":"send_rate","rate":496000,"ts":1760457736.4122434}
2025/10/14 16:02:17 POLARIS_LOG {"event":"send_rate","rate":496000,"ts":1760457737.4120317}
2025/10/14 16:02:18 POLARIS_LOG {"event":"send_rate","rate":504000,"ts":1760457738.42441}
2025/10/14 16:02:19 POLARIS_LOG {"event":"send_rate","rate":496000,"ts":1760457739.411294}
2025/10/14 16:02:20 POLARIS_LOG {"event":"send_rate","rate":504000,"ts":1760457740.4118776}
2025/10/14 16:02:21 POLARIS_LOG {"event":"send_rate","rate":496000,"ts":1760457741.4123044}
2025/10/14 16:02:22 POLARIS_LOG {"event":"send_rate","rate":504000,"ts":1760457742.4121284}
2025/10/14 16:02:23 POLARIS_LOG {"event":"send_rate","rate":496000,"ts":1760457743.4118767}
2025/10/14 16:02:24 POLARIS_LOG {"event":"send_rate","rate":504000,"ts":1760457744.4117086}
2025/10/14 16:02:25 POLARIS_LOG {"event":"send_rate","rate":504000,"ts":1760457745.4137328}
2025/10/14 16:02:26 POLARIS_LOG {"event":"send_rate","rate":496000,"ts":1760457746.4120538}
2025/10/14 16:02:27 POLARIS_LOG {"event":"send_rate","rate":496000,"ts":1760457747.4112897}
2025/10/14 16:02:28 POLARIS_LOG {"event":"send_rate","rate":504000,"ts":1760457748.412219}
2025/10/14 16:02:29 POLARIS_LOG {"event":"send_rate","rate":496000,"ts":1760457749.4115071}
2025/10/14 16:02:30 POLARIS_LOG {"event":"send_rate","rate":504000,"ts":1760457750.411502}
2025/10/14 16:02:31 POLARIS_LOG {"event":"send_rate","rate":496000,"ts":1760457751.4113564}
2025/10/14 16:02:32 POLARIS_LOG {"event":"send_rate","rate":504000,"ts":1760457752.41229}
2025/10/14 16:02:33 POLARIS_LOG {"event":"send_rate","rate":496000,"ts":1760457753.4123871}
2025/10/14 16:02:34 POLARIS_LOG {"event":"send_rate","rate":504000,"ts":1760457754.4116485}
2025/10/14 16:02:35 POLARIS_LOG {"event":"send_rate","rate":496000,"ts":1760457755.411999}
2025/10/14 16:02:36 POLARIS_LOG {"event":"send_rate","rate":504000,"ts":1760457756.4115956}
2025/10/14 16:02:37 POLARIS_LOG {"event":"send_rate","rate":496000,"ts":1760457757.4115584}
2025/10/14 16:02:38 POLARIS_LOG {"event":"send_rate","rate":504000,"ts":1760457758.4116638}
2025/10/14 16:02:39 POLARIS_LOG {"event":"send_rate","rate":496000,"ts":1760457759.4114423}
2025/10/14 16:02:40 POLARIS_LOG {"event":"send_rate","rate":504000,"ts":1760457760.4199164}
2025/10/14 16:02:41 POLARIS_LOG {"event":"send_rate","rate":496000,"ts":1760457761.4119582}
2025/10/14 16:02:42 POLARIS_LOG {"event":"send_rate","rate":504000,"ts":1760457762.4159336}
2025/10/14 16:02:43 POLARIS_LOG {"event":"send_rate","rate":496000,"ts":1760457763.4123807}
2025/10/14 16:02:44 POLARIS_LOG {"event":"send_rate","rate":504000,"ts":1760457764.4129026}
2025/10/14 16:02:45 POLARIS_LOG {"event":"send_rate","rate":496000,"ts":1760457765.4119763}
2025/10/14 16:02:46 POLARIS_LOG {"event":"send_rate","rate":504000,"ts":1760457766.411821}
2025/10/14 16:02:47 POLARIS_LOG {"event":"send_rate","rate":496000,"ts":1760457767.4117699}
2025/10/14 16:02:48 POLARIS_LOG {"event":"send_rate","rate":504000,"ts":1760457768.4122381}
2025/10/14 16:02:49 POLARIS_LOG {"event":"send_rate","rate":496000,"ts":1760457769.4125912}
2025/10/14 16:02:50 POLARIS_LOG {"event":"send_rate","rate":504000,"ts":1760457770.4233823}
2025/10/14 16:02:51 POLARIS_LOG {"event":"send_rate","rate":496000,"ts":1760457771.4118783}
2025/10/14 16:02:52 POLARIS_LOG {"event":"send_rate","rate":504000,"ts":1760457772.4221802}
2025/10/14 16:02:53 POLARIS_LOG {"event":"send_rate","rate":496000,"ts":1760457773.4115746}
2025/10/14 16:02:54 POLARIS_LOG {"event":"send_rate","rate":504000,"ts":1760457774.4113646}
2025/10/14 16:02:55 POLARIS_LOG {"event":"send_rate","rate":496000,"ts":1760457775.411871}
2025/10/14 16:02:56 POLARIS_LOG {"event":"send_rate","rate":504000,"ts":1760457776.4120457}
2025/10/14 16:02:57 POLARIS_LOG {"event":"send_rate","rate":496000,"ts":1760457777.412106}
2025/10/14 16:02:58 POLARIS_LOG {"event":"send_rate","rate":504000,"ts":1760457778.4112785}
2025/10/14 16:02:59 POLARIS_LOG {"event":"send_rate","rate":496000,"ts":1760457779.4118557}
2025/10/14 16:03:00 POLARIS_LOG {"event":"send_rate","rate":504000,"ts":1760457780.4122283}
2025/10/14 16:03:01 POLARIS_LOG {"event":"send_rate","rate":496000,"ts":1760457781.414928}
2025/10/14 16:03:02 POLARIS_LOG {"event":"send_rate","rate":504000,"ts":1760457782.4112785}
2025/10/14 16:03:03 POLARIS_LOG {"event":"send_rate","rate":496000,"ts":1760457783.4112835}
2025/10/14 16:03:04 POLARIS_LOG {"event":"send_rate","rate":504000,"ts":1760457784.4117494}
2025/10/14 16:03:05 POLARIS_LOG {"event":"send_rate","rate":496000,"ts":1760457785.412609}
2025/10/14 16:03:06 POLARIS_LOG {"event":"send_rate","rate":504000,"ts":1760457786.4119601}
2025/10/14 16:03:07 POLARIS_LOG {"event":"send_rate","rate":496000,"ts":1760457787.4123561}
2025/10/14 16:03:08 POLARIS_LOG {"event":"send_rate","rate":504000,"ts":1760457788.4117677}
2025/10/14 16:03:09 POLARIS_LOG {"event":"send_rate","rate":496000,"ts":1760457789.4120984}
2025/10/14 16:03:10 POLARIS_LOG {"event":"send_rate","rate":504000,"ts":1760457790.41147}
2025/10/14 16:03:11 POLARIS_LOG {"event":"send_rate","rate":496000,"ts":1760457791.4112582}
2025/10/14 16:03:12 POLARIS_LOG {"event":"send_rate","rate":504000,"ts":1760457792.4117818}
2025/10/14 16:03:13 POLARIS_LOG {"event":"send_rate","rate":496000,"ts":1760457793.4127157}
2025/10/14 16:03:14 POLARIS_LOG {"event":"send_rate","rate":504000,"ts":1760457794.411653}
2025/10/14 16:03:15 POLARIS_LOG {"event":"send_rate","rate":496000,"ts":1760457795.4114094}
2025/10/14 16:03:16 POLARIS_LOG {"event":"send_rate","rate":504000,"ts":1760457796.4123623}
2025/10/14 16:03:17 POLARIS_LOG {"event":"send_rate","rate":496000,"ts":1760457797.4122686}
2025/10/14 16:03:18 POLARIS_LOG {"event":"send_rate","rate":504000,"ts":1760457798.4118838}
2025/10/14 16:03:19 POLARIS_LOG {"event":"send_rate","rate":496000,"ts":1760457799.4126065}
We need to sleep for 1 seconds before we can get the results
2025/10/14 16:03:20 POLARIS_LOG {"event":"send_rate","rate":8000,"ts":1760457800.4122357}
Drain Loop received packet
Drain Loop received non-nil payload
Client sent 17437 packets, server reported 17423 packets received
The network loss rate from client to server is 0.1%

S->C results
Attempted bandwidth: 0 bps / 0.00 Mbps
Achieved bandwidth: 0 bps / 0.00 Mbps
Loss rate: 0.0%
Interarrival time min/avg/max/mdev = -0.000/0.000/0.000/0.000 ms

C->S results
Attempted bandwidth: 499985 bps / 0.50 Mbps
Achieved bandwidth: 499584 bps / 0.50 Mbps
Loss rate: 0.1%
Interarrival time min/avg/max/mdev = 0.002/16.009/189.356/13.166 ms
