
Test parameters:
client->server: 282 seconds, 1000 bytes, 10575 packets
server->client: 282 seconds, 1000 bytes, 0 packets
Polaris prober initialized with 38 paths
Polaris prober initialized with local 1-111,10.111.0.71:32746 and remote 1-113,10.113.0.71
2025/10/17 19:53:31 POLARIS_LOG {"current_rate":0,"event":"path_switch","new":"2 2 5 2","trigger":"initialization","ts":1760730811.6088061}
2025/10/17 19:53:32 POLARIS_LOG {"event":"send_rate","rate":296000,"ts":1760730812.610817}
2025/10/17 19:53:33 POLARIS_LOG {"event":"send_rate","rate":304000,"ts":1760730813.6107416}
2025/10/17 19:53:34 POLARIS_LOG {"event":"send_rate","rate":296000,"ts":1760730814.6104488}
2025/10/17 19:53:35 POLARIS_LOG {"event":"send_rate","rate":296000,"ts":1760730815.6099286}
2025/10/17 19:53:36 POLARIS_LOG {"event":"send_rate","rate":304000,"ts":1760730816.6103086}
2025/10/17 19:53:37 POLARIS_LOG {"event":"send_rate","rate":296000,"ts":1760730817.6116288}
2025/10/17 19:53:38 POLARIS_LOG {"event":"send_rate","rate":304000,"ts":1760730818.6100478}
2025/10/17 19:53:39 POLARIS_LOG {"event":"send_rate","rate":296000,"ts":1760730819.6100204}
2025/10/17 19:53:40 POLARIS_LOG {"event":"send_rate","rate":304000,"ts":1760730820.6098638}
2025/10/17 19:53:41 POLARIS_LOG {"event":"send_rate","rate":304000,"ts":1760730821.6106923}
2025/10/17 19:53:42 POLARIS_LOG {"event":"send_rate","rate":296000,"ts":1760730822.6111405}
2025/10/17 19:53:43 POLARIS_LOG {"event":"send_rate","rate":304000,"ts":1760730823.6105719}
2025/10/17 19:53:44 POLARIS_LOG {"event":"send_rate","rate":296000,"ts":1760730824.611038}
2025/10/17 19:53:45 POLARIS_LOG {"event":"send_rate","rate":248000,"ts":1760730825.6107867}
2025/10/17 19:53:46 POLARIS_LOG {"event":"send_rate","rate":224000,"ts":1760730826.6144392}
2025/10/17 19:53:47 POLARIS_LOG {"event":"send_rate","rate":192000,"ts":1760730827.6109471}
2025/10/17 19:53:48 POLARIS_LOG {"event":"send_rate","rate":216000,"ts":1760730828.6111445}
2025/10/17 19:53:49 POLARIS_LOG {"event":"send_rate","rate":256000,"ts":1760730829.6126766}
2025/10/17 19:53:50 POLARIS_LOG {"event":"send_rate","rate":224000,"ts":1760730830.6115394}
2025/10/17 19:53:51 POLARIS_LOG {"event":"send_rate","rate":192000,"ts":1760730831.6121433}
2025/10/17 19:53:51 POLARIS_LOG {"candidates":19,"candidates_unfiltered":25,"current_rate":192000,"estimated_share":1000000,"event":"path_switch","max_estimated_share":1000000,"new":"4 4 6 6 4 1","old":"2 2 5 2","trigger":"scheduled","ts":1760730831.6129453}
2025/10/17 19:53:52 POLARIS_LOG {"event":"send_rate","rate":848000,"ts":1760730832.6112196}
2025/10/17 19:53:53 POLARIS_LOG {"event":"send_rate","rate":304000,"ts":1760730833.6117334}
2025/10/17 19:53:54 POLARIS_LOG {"event":"send_rate","rate":296000,"ts":1760730834.6116343}
2025/10/17 19:53:55 POLARIS_LOG {"event":"send_rate","rate":304000,"ts":1760730835.610686}
2025/10/17 19:53:56 POLARIS_LOG {"event":"send_rate","rate":296000,"ts":1760730836.6104195}
2025/10/17 19:53:57 POLARIS_LOG {"event":"send_rate","rate":296000,"ts":1760730837.6101909}
2025/10/17 19:53:58 POLARIS_LOG {"event":"send_rate","rate":304000,"ts":1760730838.6098619}
2025/10/17 19:53:59 POLARIS_LOG {"event":"send_rate","rate":296000,"ts":1760730839.6103866}
2025/10/17 19:54:00 POLARIS_LOG {"event":"send_rate","rate":304000,"ts":1760730840.6108496}
2025/10/17 19:54:01 POLARIS_LOG {"event":"send_rate","rate":296000,"ts":1760730841.610446}
2025/10/17 19:54:02 POLARIS_LOG {"event":"send_rate","rate":304000,"ts":1760730842.6103358}
2025/10/17 19:54:03 POLARIS_LOG {"event":"send_rate","rate":296000,"ts":1760730843.609994}
2025/10/17 19:54:04 POLARIS_LOG {"event":"send_rate","rate":304000,"ts":1760730844.6106274}
2025/10/17 19:54:05 POLARIS_LOG {"event":"send_rate","rate":304000,"ts":1760730845.611986}
2025/10/17 19:54:06 POLARIS_LOG {"event":"send_rate","rate":296000,"ts":1760730846.6109257}
2025/10/17 19:54:07 POLARIS_LOG {"event":"send_rate","rate":296000,"ts":1760730847.6147707}
2025/10/17 19:54:08 POLARIS_LOG {"event":"send_rate","rate":304000,"ts":1760730848.6136653}
2025/10/17 19:54:09 POLARIS_LOG {"event":"send_rate","rate":296000,"ts":1760730849.610034}
2025/10/17 19:54:10 POLARIS_LOG {"event":"send_rate","rate":320000,"ts":1760730850.660864}
2025/10/17 19:54:11 POLARIS_LOG {"event":"send_rate","rate":280000,"ts":1760730851.6101034}
2025/10/17 19:54:11 POLARIS_LOG {"candidates":7,"candidates_unfiltered":7,"current_rate":280000,"estimated_share":500000,"event":"path_switch","max_estimated_share":666500,"new":"3 3 6 6 2 4","old":"4 4 6 6 4 1","trigger":"scheduled","ts":1760730851.610183}
2025/10/17 19:54:12 POLARIS_LOG {"event":"send_rate","rate":304000,"ts":1760730852.6271646}
2025/10/17 19:54:13 POLARIS_LOG {"event":"send_rate","rate":296000,"ts":1760730853.6112928}
2025/10/17 19:54:14 POLARIS_LOG {"event":"send_rate","rate":304000,"ts":1760730854.610742}
2025/10/17 19:54:15 POLARIS_LOG {"event":"send_rate","rate":304000,"ts":1760730855.613473}
2025/10/17 19:54:16 POLARIS_LOG {"event":"send_rate","rate":296000,"ts":1760730856.6159406}
2025/10/17 19:54:17 POLARIS_LOG {"event":"send_rate","rate":312000,"ts":1760730857.654869}
2025/10/17 19:54:18 POLARIS_LOG {"event":"send_rate","rate":288000,"ts":1760730858.610152}
2025/10/17 19:54:19 POLARIS_LOG {"event":"send_rate","rate":296000,"ts":1760730859.6101005}
2025/10/17 19:54:20 POLARIS_LOG {"event":"send_rate","rate":304000,"ts":1760730860.6115623}
2025/10/17 19:54:21 POLARIS_LOG {"event":"send_rate","rate":304000,"ts":1760730861.6143303}
2025/10/17 19:54:22 POLARIS_LOG {"event":"send_rate","rate":304000,"ts":1760730862.6582355}
2025/10/17 19:54:23 POLARIS_LOG {"event":"send_rate","rate":288000,"ts":1760730863.6108763}
2025/10/17 19:54:24 POLARIS_LOG {"event":"send_rate","rate":304000,"ts":1760730864.6099381}
2025/10/17 19:54:25 POLARIS_LOG {"event":"send_rate","rate":296000,"ts":1760730865.6109927}
2025/10/17 19:54:26 POLARIS_LOG {"event":"send_rate","rate":304000,"ts":1760730866.6108465}
2025/10/17 19:54:27 POLARIS_LOG {"event":"send_rate","rate":296000,"ts":1760730867.6108723}
2025/10/17 19:54:28 POLARIS_LOG {"event":"send_rate","rate":304000,"ts":1760730868.6205304}
2025/10/17 19:54:29 POLARIS_LOG {"event":"send_rate","rate":296000,"ts":1760730869.6107075}
2025/10/17 19:54:30 POLARIS_LOG {"event":"send_rate","rate":304000,"ts":1760730870.6129615}
2025/10/17 19:54:31 POLARIS_LOG {"event":"send_rate","rate":304000,"ts":1760730871.6190145}
2025/10/17 19:54:32 POLARIS_LOG {"event":"send_rate","rate":296000,"ts":1760730872.619738}
2025/10/17 19:54:33 POLARIS_LOG {"event":"send_rate","rate":304000,"ts":1760730873.6240566}
2025/10/17 19:54:34 POLARIS_LOG {"event":"send_rate","rate":296000,"ts":1760730874.6129754}
2025/10/17 19:54:35 POLARIS_LOG {"event":"send_rate","rate":288000,"ts":1760730875.6108277}
2025/10/17 19:54:36 POLARIS_LOG {"event":"send_rate","rate":312000,"ts":1760730876.6259618}
2025/10/17 19:54:37 POLARIS_LOG {"event":"send_rate","rate":296000,"ts":1760730877.6100821}
2025/10/17 19:54:38 POLARIS_LOG {"event":"send_rate","rate":304000,"ts":1760730878.617066}
2025/10/17 19:54:39 POLARIS_LOG {"event":"send_rate","rate":296000,"ts":1760730879.6105595}
2025/10/17 19:54:40 POLARIS_LOG {"event":"send_rate","rate":304000,"ts":1760730880.611046}
2025/10/17 19:54:41 POLARIS_LOG {"event":"send_rate","rate":296000,"ts":1760730881.6101544}
2025/10/17 19:54:42 POLARIS_LOG {"event":"send_rate","rate":304000,"ts":1760730882.619052}
2025/10/17 19:54:43 POLARIS_LOG {"event":"send_rate","rate":296000,"ts":1760730883.6104095}
2025/10/17 19:54:44 POLARIS_LOG {"event":"send_rate","rate":304000,"ts":1760730884.610292}
2025/10/17 19:54:45 POLARIS_LOG {"event":"send_rate","rate":296000,"ts":1760730885.6104827}
2025/10/17 19:54:46 POLARIS_LOG {"event":"send_rate","rate":304000,"ts":1760730886.612678}
2025/10/17 19:54:47 POLARIS_LOG {"event":"send_rate","rate":296000,"ts":1760730887.6152818}
2025/10/17 19:54:48 POLARIS_LOG {"event":"send_rate","rate":304000,"ts":1760730888.6105313}
2025/10/17 19:54:49 POLARIS_LOG {"event":"send_rate","rate":296000,"ts":1760730889.6118515}
2025/10/17 19:54:50 POLARIS_LOG {"event":"send_rate","rate":304000,"ts":1760730890.6098635}
2025/10/17 19:54:51 POLARIS_LOG {"event":"send_rate","rate":296000,"ts":1760730891.610785}
2025/10/17 19:54:52 POLARIS_LOG {"event":"send_rate","rate":304000,"ts":1760730892.6125886}
2025/10/17 19:54:53 POLARIS_LOG {"event":"send_rate","rate":304000,"ts":1760730893.6282344}
2025/10/17 19:54:54 POLARIS_LOG {"event":"send_rate","rate":296000,"ts":1760730894.6305885}
2025/10/17 19:54:55 POLARIS_LOG {"event":"send_rate","rate":296000,"ts":1760730895.6127443}
2025/10/17 19:54:56 POLARIS_LOG {"event":"send_rate","rate":304000,"ts":1760730896.6113067}
2025/10/17 19:54:57 POLARIS_LOG {"event":"send_rate","rate":296000,"ts":1760730897.6099753}
2025/10/17 19:54:58 POLARIS_LOG {"event":"send_rate","rate":304000,"ts":1760730898.6135173}
2025/10/17 19:54:59 POLARIS_LOG {"event":"send_rate","rate":296000,"ts":1760730899.612611}
2025/10/17 19:55:00 POLARIS_LOG {"event":"send_rate","rate":304000,"ts":1760730900.6099837}
2025/10/17 19:55:01 POLARIS_LOG {"event":"send_rate","rate":296000,"ts":1760730901.6136155}
2025/10/17 19:55:02 POLARIS_LOG {"event":"send_rate","rate":304000,"ts":1760730902.6106396}
2025/10/17 19:55:03 POLARIS_LOG {"event":"send_rate","rate":296000,"ts":1760730903.610493}
2025/10/17 19:55:04 POLARIS_LOG {"event":"send_rate","rate":304000,"ts":1760730904.6204898}
2025/10/17 19:55:05 POLARIS_LOG {"event":"send_rate","rate":296000,"ts":1760730905.6127563}
2025/10/17 19:55:06 POLARIS_LOG {"event":"send_rate","rate":304000,"ts":1760730906.6105826}
2025/10/17 19:55:07 POLARIS_LOG {"event":"send_rate","rate":296000,"ts":1760730907.6132433}
2025/10/17 19:55:08 POLARIS_LOG {"event":"send_rate","rate":304000,"ts":1760730908.6114554}
2025/10/17 19:55:09 POLARIS_LOG {"event":"send_rate","rate":296000,"ts":1760730909.6107535}
2025/10/17 19:55:10 POLARIS_LOG {"event":"send_rate","rate":304000,"ts":1760730910.6114933}
2025/10/17 19:55:11 POLARIS_LOG {"event":"send_rate","rate":296000,"ts":1760730911.6145768}
2025/10/17 19:55:12 POLARIS_LOG {"event":"send_rate","rate":304000,"ts":1760730912.6102793}
2025/10/17 19:55:13 POLARIS_LOG {"event":"send_rate","rate":296000,"ts":1760730913.60994}
2025/10/17 19:55:14 POLARIS_LOG {"event":"send_rate","rate":304000,"ts":1760730914.6182864}
2025/10/17 19:55:15 POLARIS_LOG {"event":"send_rate","rate":296000,"ts":1760730915.6126218}
2025/10/17 19:55:16 POLARIS_LOG {"event":"send_rate","rate":304000,"ts":1760730916.6100502}
2025/10/17 19:55:17 POLARIS_LOG {"event":"send_rate","rate":296000,"ts":1760730917.611854}
2025/10/17 19:55:18 POLARIS_LOG {"event":"send_rate","rate":312000,"ts":1760730918.6332755}
2025/10/17 19:55:19 POLARIS_LOG {"event":"send_rate","rate":288000,"ts":1760730919.612699}
2025/10/17 19:55:20 POLARIS_LOG {"event":"send_rate","rate":304000,"ts":1760730920.6300807}
2025/10/17 19:55:21 POLARIS_LOG {"event":"send_rate","rate":296000,"ts":1760730921.6104531}
2025/10/17 19:55:22 POLARIS_LOG {"event":"send_rate","rate":304000,"ts":1760730922.613481}
2025/10/17 19:55:23 POLARIS_LOG {"event":"send_rate","rate":296000,"ts":1760730923.6125665}
2025/10/17 19:55:24 POLARIS_LOG {"event":"send_rate","rate":304000,"ts":1760730924.611154}
2025/10/17 19:55:25 POLARIS_LOG {"event":"send_rate","rate":296000,"ts":1760730925.6109715}
2025/10/17 19:55:26 POLARIS_LOG {"event":"send_rate","rate":304000,"ts":1760730926.6101716}
2025/10/17 19:55:27 POLARIS_LOG {"event":"send_rate","rate":296000,"ts":1760730927.6123147}
2025/10/17 19:55:28 POLARIS_LOG {"event":"send_rate","rate":304000,"ts":1760730928.6110227}
2025/10/17 19:55:29 POLARIS_LOG {"event":"send_rate","rate":296000,"ts":1760730929.610345}
2025/10/17 19:55:30 POLARIS_LOG {"event":"send_rate","rate":304000,"ts":1760730930.628781}
2025/10/17 19:55:31 POLARIS_LOG {"event":"send_rate","rate":296000,"ts":1760730931.6151285}
2025/10/17 19:55:32 POLARIS_LOG {"event":"send_rate","rate":304000,"ts":1760730932.613271}
2025/10/17 19:55:33 POLARIS_LOG {"event":"send_rate","rate":296000,"ts":1760730933.6133363}
2025/10/17 19:55:34 POLARIS_LOG {"event":"send_rate","rate":304000,"ts":1760730934.6110597}
2025/10/17 19:55:35 POLARIS_LOG {"event":"send_rate","rate":296000,"ts":1760730935.610909}
2025/10/17 19:55:36 POLARIS_LOG {"event":"send_rate","rate":312000,"ts":1760730936.634176}
2025/10/17 19:55:37 POLARIS_LOG {"event":"send_rate","rate":288000,"ts":1760730937.610271}
2025/10/17 19:55:38 POLARIS_LOG {"event":"send_rate","rate":304000,"ts":1760730938.6105413}
2025/10/17 19:55:39 POLARIS_LOG {"event":"send_rate","rate":296000,"ts":1760730939.6107917}
2025/10/17 19:55:40 POLARIS_LOG {"event":"send_rate","rate":304000,"ts":1760730940.624244}
2025/10/17 19:55:41 POLARIS_LOG {"event":"send_rate","rate":296000,"ts":1760730941.6099174}
2025/10/17 19:55:42 POLARIS_LOG {"event":"send_rate","rate":304000,"ts":1760730942.6138265}
2025/10/17 19:55:43 POLARIS_LOG {"event":"send_rate","rate":296000,"ts":1760730943.6299706}
2025/10/17 19:55:44 POLARIS_LOG {"event":"send_rate","rate":304000,"ts":1760730944.6140234}
2025/10/17 19:55:45 POLARIS_LOG {"event":"send_rate","rate":296000,"ts":1760730945.609932}
2025/10/17 19:55:46 POLARIS_LOG {"event":"send_rate","rate":304000,"ts":1760730946.630717}
2025/10/17 19:55:47 POLARIS_LOG {"event":"send_rate","rate":296000,"ts":1760730947.6106515}
2025/10/17 19:55:48 POLARIS_LOG {"event":"send_rate","rate":304000,"ts":1760730948.6100907}
2025/10/17 19:55:49 POLARIS_LOG {"event":"send_rate","rate":304000,"ts":1760730949.6231213}
2025/10/17 19:55:50 POLARIS_LOG {"event":"send_rate","rate":296000,"ts":1760730950.6107585}
2025/10/17 19:55:51 POLARIS_LOG {"event":"send_rate","rate":296000,"ts":1760730951.6104226}
2025/10/17 19:55:52 POLARIS_LOG {"event":"send_rate","rate":304000,"ts":1760730952.610175}
2025/10/17 19:55:53 POLARIS_LOG {"event":"send_rate","rate":296000,"ts":1760730953.6176026}
2025/10/17 19:55:54 POLARIS_LOG {"event":"send_rate","rate":304000,"ts":1760730954.6108034}
2025/10/17 19:55:55 POLARIS_LOG {"event":"send_rate","rate":296000,"ts":1760730955.6115735}
2025/10/17 19:55:56 POLARIS_LOG {"event":"send_rate","rate":304000,"ts":1760730956.6259205}
2025/10/17 19:55:57 POLARIS_LOG {"event":"send_rate","rate":304000,"ts":1760730957.629636}
2025/10/17 19:55:58 POLARIS_LOG {"event":"send_rate","rate":288000,"ts":1760730958.6118286}
2025/10/17 19:55:59 POLARIS_LOG {"event":"send_rate","rate":304000,"ts":1760730959.6107278}
2025/10/17 19:56:00 POLARIS_LOG {"event":"send_rate","rate":296000,"ts":1760730960.6105626}
2025/10/17 19:56:01 POLARIS_LOG {"event":"send_rate","rate":304000,"ts":1760730961.6114585}
2025/10/17 19:56:02 POLARIS_LOG {"event":"send_rate","rate":304000,"ts":1760730962.6104517}
2025/10/17 19:56:03 POLARIS_LOG {"event":"send_rate","rate":296000,"ts":1760730963.6106567}
2025/10/17 19:56:04 POLARIS_LOG {"event":"send_rate","rate":304000,"ts":1760730964.6106043}
2025/10/17 19:56:05 POLARIS_LOG {"event":"send_rate","rate":296000,"ts":1760730965.6103196}
2025/10/17 19:56:06 POLARIS_LOG {"event":"send_rate","rate":296000,"ts":1760730966.6103694}
2025/10/17 19:56:07 POLARIS_LOG {"event":"send_rate","rate":304000,"ts":1760730967.6105237}
2025/10/17 19:56:08 POLARIS_LOG {"event":"send_rate","rate":304000,"ts":1760730968.6132634}
2025/10/17 19:56:09 POLARIS_LOG {"event":"send_rate","rate":296000,"ts":1760730969.6100729}
2025/10/17 19:56:10 POLARIS_LOG {"event":"send_rate","rate":296000,"ts":1760730970.610202}
2025/10/17 19:56:11 POLARIS_LOG {"event":"send_rate","rate":304000,"ts":1760730971.6108403}
2025/10/17 19:56:12 POLARIS_LOG {"event":"send_rate","rate":304000,"ts":1760730972.6104944}
2025/10/17 19:56:13 POLARIS_LOG {"event":"send_rate","rate":296000,"ts":1760730973.610847}
2025/10/17 19:56:14 POLARIS_LOG {"event":"send_rate","rate":296000,"ts":1760730974.6407237}
2025/10/17 19:56:15 POLARIS_LOG {"event":"send_rate","rate":304000,"ts":1760730975.6101198}
2025/10/17 19:56:16 POLARIS_LOG {"event":"send_rate","rate":296000,"ts":1760730976.6105616}
2025/10/17 19:56:17 POLARIS_LOG {"event":"send_rate","rate":304000,"ts":1760730977.623955}
2025/10/17 19:56:18 POLARIS_LOG {"event":"send_rate","rate":304000,"ts":1760730978.6137662}
2025/10/17 19:56:19 POLARIS_LOG {"event":"send_rate","rate":296000,"ts":1760730979.6132033}
2025/10/17 19:56:20 POLARIS_LOG {"event":"send_rate","rate":296000,"ts":1760730980.61179}
2025/10/17 19:56:21 POLARIS_LOG {"event":"send_rate","rate":304000,"ts":1760730981.6126904}
2025/10/17 19:56:22 POLARIS_LOG {"event":"send_rate","rate":304000,"ts":1760730982.6135519}
2025/10/17 19:56:23 POLARIS_LOG {"event":"send_rate","rate":296000,"ts":1760730983.6125865}
2025/10/17 19:56:24 POLARIS_LOG {"event":"send_rate","rate":304000,"ts":1760730984.6188226}
2025/10/17 19:56:25 POLARIS_LOG {"event":"send_rate","rate":296000,"ts":1760730985.610472}
2025/10/17 19:56:26 POLARIS_LOG {"event":"send_rate","rate":304000,"ts":1760730986.6226754}
2025/10/17 19:56:27 POLARIS_LOG {"event":"send_rate","rate":296000,"ts":1760730987.609871}
2025/10/17 19:56:28 POLARIS_LOG {"event":"send_rate","rate":296000,"ts":1760730988.6104257}
2025/10/17 19:56:29 POLARIS_LOG {"event":"send_rate","rate":304000,"ts":1760730989.6114197}
2025/10/17 19:56:30 POLARIS_LOG {"event":"send_rate","rate":304000,"ts":1760730990.6134818}
2025/10/17 19:56:31 POLARIS_LOG {"event":"send_rate","rate":304000,"ts":1760730991.6319556}
2025/10/17 19:56:32 POLARIS_LOG {"event":"send_rate","rate":288000,"ts":1760730992.610393}
2025/10/17 19:56:33 POLARIS_LOG {"event":"send_rate","rate":304000,"ts":1760730993.6150117}
2025/10/17 19:56:34 POLARIS_LOG {"event":"send_rate","rate":304000,"ts":1760730994.6172776}
2025/10/17 19:56:35 POLARIS_LOG {"event":"send_rate","rate":296000,"ts":1760730995.6136634}
2025/10/17 19:56:36 POLARIS_LOG {"event":"send_rate","rate":296000,"ts":1760730996.6483831}
2025/10/17 19:56:37 POLARIS_LOG {"event":"send_rate","rate":304000,"ts":1760730997.6118171}
2025/10/17 19:56:38 POLARIS_LOG {"event":"send_rate","rate":304000,"ts":1760730998.621418}
2025/10/17 19:56:39 POLARIS_LOG {"event":"send_rate","rate":296000,"ts":1760730999.6107244}
2025/10/17 19:56:40 POLARIS_LOG {"event":"send_rate","rate":296000,"ts":1760731000.6101012}
2025/10/17 19:56:41 POLARIS_LOG {"event":"send_rate","rate":304000,"ts":1760731001.612824}
2025/10/17 19:56:42 POLARIS_LOG {"event":"send_rate","rate":296000,"ts":1760731002.6134171}
2025/10/17 19:56:43 POLARIS_LOG {"event":"send_rate","rate":296000,"ts":1760731003.6138654}
2025/10/17 19:56:44 POLARIS_LOG {"event":"send_rate","rate":304000,"ts":1760731004.6105056}
2025/10/17 19:56:45 POLARIS_LOG {"event":"send_rate","rate":304000,"ts":1760731005.6185222}
2025/10/17 19:56:46 POLARIS_LOG {"event":"send_rate","rate":296000,"ts":1760731006.6103141}
2025/10/17 19:56:47 POLARIS_LOG {"event":"send_rate","rate":304000,"ts":1760731007.6117952}
2025/10/17 19:56:48 POLARIS_LOG {"event":"send_rate","rate":304000,"ts":1760731008.6168692}
2025/10/17 19:56:49 POLARIS_LOG {"event":"send_rate","rate":296000,"ts":1760731009.6119797}
2025/10/17 19:56:50 POLARIS_LOG {"event":"send_rate","rate":304000,"ts":1760731010.6189291}
2025/10/17 19:56:51 POLARIS_LOG {"event":"send_rate","rate":296000,"ts":1760731011.6106384}
2025/10/17 19:56:52 POLARIS_LOG {"event":"send_rate","rate":296000,"ts":1760731012.6106915}
2025/10/17 19:56:53 POLARIS_LOG {"event":"send_rate","rate":304000,"ts":1760731013.6102931}
2025/10/17 19:56:54 POLARIS_LOG {"event":"send_rate","rate":296000,"ts":1760731014.613207}
2025/10/17 19:56:55 POLARIS_LOG {"event":"send_rate","rate":304000,"ts":1760731015.6112337}
2025/10/17 19:56:56 POLARIS_LOG {"event":"send_rate","rate":304000,"ts":1760731016.6375077}
2025/10/17 19:56:57 POLARIS_LOG {"event":"send_rate","rate":296000,"ts":1760731017.6107028}
2025/10/17 19:56:58 POLARIS_LOG {"event":"send_rate","rate":296000,"ts":1760731018.6101878}
2025/10/17 19:56:59 POLARIS_LOG {"event":"send_rate","rate":304000,"ts":1760731019.6114688}
2025/10/17 19:57:00 POLARIS_LOG {"event":"send_rate","rate":304000,"ts":1760731020.6168087}
2025/10/17 19:57:01 POLARIS_LOG {"event":"send_rate","rate":296000,"ts":1760731021.611452}
2025/10/17 19:57:02 POLARIS_LOG {"event":"send_rate","rate":296000,"ts":1760731022.6100986}
2025/10/17 19:57:03 POLARIS_LOG {"event":"send_rate","rate":304000,"ts":1760731023.6105962}
2025/10/17 19:57:04 POLARIS_LOG {"event":"send_rate","rate":296000,"ts":1760731024.6111374}
2025/10/17 19:57:05 POLARIS_LOG {"event":"send_rate","rate":304000,"ts":1760731025.614391}
2025/10/17 19:57:06 POLARIS_LOG {"event":"send_rate","rate":296000,"ts":1760731026.6106014}
2025/10/17 19:57:07 POLARIS_LOG {"event":"send_rate","rate":304000,"ts":1760731027.6115956}
2025/10/17 19:57:08 POLARIS_LOG {"event":"send_rate","rate":296000,"ts":1760731028.610506}
2025/10/17 19:57:09 POLARIS_LOG {"event":"send_rate","rate":304000,"ts":1760731029.6115186}
2025/10/17 19:57:10 POLARIS_LOG {"event":"send_rate","rate":296000,"ts":1760731030.6105416}
2025/10/17 19:57:11 POLARIS_LOG {"event":"send_rate","rate":304000,"ts":1760731031.6135466}
2025/10/17 19:57:12 POLARIS_LOG {"event":"send_rate","rate":296000,"ts":1760731032.6104994}
2025/10/17 19:57:13 POLARIS_LOG {"event":"send_rate","rate":304000,"ts":1760731033.610425}
2025/10/17 19:57:14 POLARIS_LOG {"event":"send_rate","rate":296000,"ts":1760731034.6103384}
2025/10/17 19:57:15 POLARIS_LOG {"event":"send_rate","rate":304000,"ts":1760731035.6156282}
2025/10/17 19:57:16 POLARIS_LOG {"event":"send_rate","rate":296000,"ts":1760731036.6108472}
2025/10/17 19:57:17 POLARIS_LOG {"event":"send_rate","rate":296000,"ts":1760731037.6313841}
2025/10/17 19:57:18 POLARIS_LOG {"event":"send_rate","rate":304000,"ts":1760731038.6106758}
2025/10/17 19:57:19 POLARIS_LOG {"event":"send_rate","rate":304000,"ts":1760731039.6104822}
2025/10/17 19:57:20 POLARIS_LOG {"event":"send_rate","rate":296000,"ts":1760731040.610861}
2025/10/17 19:57:21 POLARIS_LOG {"event":"send_rate","rate":304000,"ts":1760731041.61019}
2025/10/17 19:57:22 POLARIS_LOG {"event":"send_rate","rate":296000,"ts":1760731042.6113522}
2025/10/17 19:57:23 POLARIS_LOG {"event":"send_rate","rate":304000,"ts":1760731043.6105337}
2025/10/17 19:57:24 POLARIS_LOG {"event":"send_rate","rate":296000,"ts":1760731044.609846}
2025/10/17 19:57:25 POLARIS_LOG {"event":"send_rate","rate":304000,"ts":1760731045.6114228}
2025/10/17 19:57:26 POLARIS_LOG {"event":"send_rate","rate":296000,"ts":1760731046.6102943}
2025/10/17 19:57:27 POLARIS_LOG {"event":"send_rate","rate":296000,"ts":1760731047.6145883}
2025/10/17 19:57:28 POLARIS_LOG {"event":"send_rate","rate":304000,"ts":1760731048.6108735}
2025/10/17 19:57:29 POLARIS_LOG {"event":"send_rate","rate":304000,"ts":1760731049.6106362}
2025/10/17 19:57:30 POLARIS_LOG {"event":"send_rate","rate":296000,"ts":1760731050.6099164}
2025/10/17 19:57:31 POLARIS_LOG {"event":"send_rate","rate":304000,"ts":1760731051.610708}
2025/10/17 19:57:32 POLARIS_LOG {"event":"send_rate","rate":296000,"ts":1760731052.6182823}
2025/10/17 19:57:33 POLARIS_LOG {"event":"send_rate","rate":304000,"ts":1760731053.6105597}
2025/10/17 19:57:34 POLARIS_LOG {"event":"send_rate","rate":296000,"ts":1760731054.6107395}
2025/10/17 19:57:35 POLARIS_LOG {"event":"send_rate","rate":304000,"ts":1760731055.6109788}
2025/10/17 19:57:36 POLARIS_LOG {"event":"send_rate","rate":296000,"ts":1760731056.6100247}
2025/10/17 19:57:37 POLARIS_LOG {"event":"send_rate","rate":304000,"ts":1760731057.613564}
2025/10/17 19:57:38 POLARIS_LOG {"event":"send_rate","rate":296000,"ts":1760731058.6101716}
2025/10/17 19:57:39 POLARIS_LOG {"event":"send_rate","rate":304000,"ts":1760731059.6101563}
2025/10/17 19:57:40 POLARIS_LOG {"event":"send_rate","rate":296000,"ts":1760731060.60998}
2025/10/17 19:57:41 POLARIS_LOG {"event":"send_rate","rate":304000,"ts":1760731061.611089}
2025/10/17 19:57:42 POLARIS_LOG {"event":"send_rate","rate":296000,"ts":1760731062.6101058}
2025/10/17 19:57:43 POLARIS_LOG {"event":"send_rate","rate":304000,"ts":1760731063.612185}
2025/10/17 19:57:44 POLARIS_LOG {"event":"send_rate","rate":296000,"ts":1760731064.6119967}
2025/10/17 19:57:45 POLARIS_LOG {"event":"send_rate","rate":304000,"ts":1760731065.610674}
2025/10/17 19:57:46 POLARIS_LOG {"event":"send_rate","rate":296000,"ts":1760731066.6114805}
2025/10/17 19:57:47 POLARIS_LOG {"event":"send_rate","rate":304000,"ts":1760731067.6107008}
2025/10/17 19:57:48 POLARIS_LOG {"event":"send_rate","rate":296000,"ts":1760731068.61228}
2025/10/17 19:57:49 POLARIS_LOG {"event":"send_rate","rate":304000,"ts":1760731069.6288748}
2025/10/17 19:57:50 POLARIS_LOG {"event":"send_rate","rate":296000,"ts":1760731070.6118224}
2025/10/17 19:57:51 POLARIS_LOG {"event":"send_rate","rate":304000,"ts":1760731071.6216063}
2025/10/17 19:57:52 POLARIS_LOG {"event":"send_rate","rate":296000,"ts":1760731072.6106505}
2025/10/17 19:57:53 POLARIS_LOG {"event":"send_rate","rate":304000,"ts":1760731073.6105418}
2025/10/17 19:57:54 POLARIS_LOG {"event":"send_rate","rate":288000,"ts":1760731074.6160717}
2025/10/17 19:57:55 POLARIS_LOG {"event":"send_rate","rate":312000,"ts":1760731075.6106873}
2025/10/17 19:57:56 POLARIS_LOG {"event":"send_rate","rate":296000,"ts":1760731076.610205}
2025/10/17 19:57:57 POLARIS_LOG {"event":"send_rate","rate":304000,"ts":1760731077.6145399}
2025/10/17 19:57:58 POLARIS_LOG {"event":"send_rate","rate":296000,"ts":1760731078.610704}
2025/10/17 19:57:59 POLARIS_LOG {"event":"send_rate","rate":296000,"ts":1760731079.6110623}
2025/10/17 19:58:00 POLARIS_LOG {"event":"send_rate","rate":304000,"ts":1760731080.6101134}
2025/10/17 19:58:01 POLARIS_LOG {"event":"send_rate","rate":296000,"ts":1760731081.6109583}
2025/10/17 19:58:02 POLARIS_LOG {"event":"send_rate","rate":304000,"ts":1760731082.610789}
2025/10/17 19:58:03 POLARIS_LOG {"event":"send_rate","rate":304000,"ts":1760731083.6101665}
2025/10/17 19:58:04 POLARIS_LOG {"event":"send_rate","rate":304000,"ts":1760731084.6362047}
2025/10/17 19:58:05 POLARIS_LOG {"event":"send_rate","rate":304000,"ts":1760731085.645695}
2025/10/17 19:58:06 POLARIS_LOG {"event":"send_rate","rate":288000,"ts":1760731086.6103187}
2025/10/17 19:58:07 POLARIS_LOG {"event":"send_rate","rate":304000,"ts":1760731087.6107106}
2025/10/17 19:58:08 POLARIS_LOG {"event":"send_rate","rate":296000,"ts":1760731088.6234024}
2025/10/17 19:58:09 POLARIS_LOG {"event":"send_rate","rate":304000,"ts":1760731089.6100998}
2025/10/17 19:58:10 POLARIS_LOG {"event":"send_rate","rate":296000,"ts":1760731090.6115015}
2025/10/17 19:58:11 POLARIS_LOG {"event":"send_rate","rate":304000,"ts":1760731091.637683}
2025/10/17 19:58:12 POLARIS_LOG {"event":"send_rate","rate":296000,"ts":1760731092.6109977}
2025/10/17 19:58:13 POLARIS_LOG {"event":"send_rate","rate":304000,"ts":1760731093.6145036}
We need to sleep for 1 seconds before we can get the results
Drain Loop received packet
Drain Loop received non-nil payload
2025/10/17 19:58:14 POLARIS_LOG {"event":"send_rate","rate":8000,"ts":1760731094.6112025}
Client sent 10575 packets, server reported 10558 packets received
The network loss rate from client to server is 0.2%

S->C results
Attempted bandwidth: 0 bps / 0.00 Mbps
Achieved bandwidth: 0 bps / 0.00 Mbps
Loss rate: 0.0%
Interarrival time min/avg/max/mdev = -0.000/0.000/0.000/0.000 ms

C->S results
Attempted bandwidth: 300000 bps / 0.30 Mbps
Achieved bandwidth: 299517 bps / 0.30 Mbps
Loss rate: 0.2%
Interarrival time min/avg/max/mdev = 0.002/26.726/495.804/21.658 ms
