
Test parameters:
client->server: 300 seconds, 1000 bytes, 11250 packets
server->client: 300 seconds, 1000 bytes, 0 packets
2025/10/17 19:53:13 POLARIS_LOG {"current_rate":0,"event":"path_switch","new":"2 2 5 2","trigger":"initialization","ts":1760730793.798087}
Polaris prober initialized with 38 paths
Polaris prober initialized with local 1-111,10.111.0.71:32764 and remote 1-113,10.113.0.71
2025/10/17 19:53:14 POLARIS_LOG {"event":"send_rate","rate":304000,"ts":1760730794.79987}
2025/10/17 19:53:15 POLARIS_LOG {"event":"send_rate","rate":296000,"ts":1760730795.799426}
2025/10/17 19:53:16 POLARIS_LOG {"event":"send_rate","rate":304000,"ts":1760730796.799832}
2025/10/17 19:53:17 POLARIS_LOG {"event":"send_rate","rate":296000,"ts":1760730797.7995512}
2025/10/17 19:53:18 POLARIS_LOG {"event":"send_rate","rate":304000,"ts":1760730798.7997584}
2025/10/17 19:53:19 POLARIS_LOG {"event":"send_rate","rate":296000,"ts":1760730799.7991834}
2025/10/17 19:53:20 POLARIS_LOG {"event":"send_rate","rate":304000,"ts":1760730800.800168}
2025/10/17 19:53:21 POLARIS_LOG {"event":"send_rate","rate":296000,"ts":1760730801.8001184}
2025/10/17 19:53:22 POLARIS_LOG {"event":"send_rate","rate":304000,"ts":1760730802.7993104}
2025/10/17 19:53:23 POLARIS_LOG {"event":"send_rate","rate":296000,"ts":1760730803.799804}
2025/10/17 19:53:24 POLARIS_LOG {"event":"send_rate","rate":304000,"ts":1760730804.7991774}
2025/10/17 19:53:25 POLARIS_LOG {"event":"send_rate","rate":296000,"ts":1760730805.7992768}
2025/10/17 19:53:26 POLARIS_LOG {"event":"send_rate","rate":304000,"ts":1760730806.7994401}
2025/10/17 19:53:27 POLARIS_LOG {"event":"send_rate","rate":296000,"ts":1760730807.7997472}
2025/10/17 19:53:28 POLARIS_LOG {"event":"send_rate","rate":304000,"ts":1760730808.7995272}
2025/10/17 19:53:29 POLARIS_LOG {"event":"send_rate","rate":296000,"ts":1760730809.8000627}
2025/10/17 19:53:30 POLARIS_LOG {"event":"send_rate","rate":304000,"ts":1760730810.7992568}
2025/10/17 19:53:31 POLARIS_LOG {"event":"send_rate","rate":296000,"ts":1760730811.7996113}
2025/10/17 19:53:32 POLARIS_LOG {"event":"send_rate","rate":304000,"ts":1760730812.800137}
2025/10/17 19:53:33 POLARIS_LOG {"event":"send_rate","rate":296000,"ts":1760730813.7998652}
2025/10/17 19:53:34 POLARIS_LOG {"event":"send_rate","rate":304000,"ts":1760730814.8000681}
2025/10/17 19:53:35 POLARIS_LOG {"event":"send_rate","rate":296000,"ts":1760730815.7999642}
2025/10/17 19:53:36 POLARIS_LOG {"event":"send_rate","rate":304000,"ts":1760730816.8001165}
2025/10/17 19:53:37 POLARIS_LOG {"event":"send_rate","rate":296000,"ts":1760730817.8000245}
2025/10/17 19:53:38 POLARIS_LOG {"event":"send_rate","rate":296000,"ts":1760730818.8024292}
2025/10/17 19:53:39 POLARIS_LOG {"event":"send_rate","rate":304000,"ts":1760730819.7999446}
2025/10/17 19:53:40 POLARIS_LOG {"event":"send_rate","rate":304000,"ts":1760730820.7996566}
2025/10/17 19:53:41 POLARIS_LOG {"event":"send_rate","rate":296000,"ts":1760730821.800042}
2025/10/17 19:53:42 POLARIS_LOG {"event":"send_rate","rate":304000,"ts":1760730822.8001108}
2025/10/17 19:53:43 POLARIS_LOG {"event":"send_rate","rate":240000,"ts":1760730823.7993064}
2025/10/17 19:53:43 POLARIS_LOG {"candidates":25,"candidates_unfiltered":25,"current_rate":240000,"estimated_share":2000000,"event":"path_switch","max_estimated_share":2000000,"new":"1 1 7 7 3 5","old":"2 2 5 2","trigger":"scheduled","ts":1760730823.7999985}
2025/10/17 19:53:44 POLARIS_LOG {"event":"send_rate","rate":360000,"ts":1760730824.799158}
2025/10/17 19:53:45 POLARIS_LOG {"event":"send_rate","rate":296000,"ts":1760730825.7992299}
2025/10/17 19:53:46 POLARIS_LOG {"event":"send_rate","rate":304000,"ts":1760730826.7995443}
2025/10/17 19:53:47 POLARIS_LOG {"event":"send_rate","rate":296000,"ts":1760730827.799941}
2025/10/17 19:53:48 POLARIS_LOG {"event":"send_rate","rate":304000,"ts":1760730828.8001308}
2025/10/17 19:53:49 POLARIS_LOG {"event":"send_rate","rate":296000,"ts":1760730829.8023043}
2025/10/17 19:53:50 POLARIS_LOG {"event":"send_rate","rate":304000,"ts":1760730830.8000076}
2025/10/17 19:53:51 POLARIS_LOG {"event":"send_rate","rate":296000,"ts":1760730831.8052976}
2025/10/17 19:53:52 POLARIS_LOG {"event":"send_rate","rate":304000,"ts":1760730832.8150442}
2025/10/17 19:53:53 POLARIS_LOG {"event":"send_rate","rate":296000,"ts":1760730833.799172}
2025/10/17 19:53:54 POLARIS_LOG {"event":"send_rate","rate":296000,"ts":1760730834.806506}
2025/10/17 19:53:55 POLARIS_LOG {"event":"send_rate","rate":304000,"ts":1760730835.8031673}
2025/10/17 19:53:56 POLARIS_LOG {"event":"send_rate","rate":296000,"ts":1760730836.8007812}
2025/10/17 19:53:57 POLARIS_LOG {"event":"send_rate","rate":304000,"ts":1760730837.8056226}
2025/10/17 19:53:58 POLARIS_LOG {"event":"send_rate","rate":304000,"ts":1760730838.804426}
2025/10/17 19:53:59 POLARIS_LOG {"event":"send_rate","rate":296000,"ts":1760730839.800572}
2025/10/17 19:54:00 POLARIS_LOG {"event":"send_rate","rate":296000,"ts":1760730840.8056817}
2025/10/17 19:54:01 POLARIS_LOG {"event":"send_rate","rate":296000,"ts":1760730841.8041317}
2025/10/17 19:54:02 POLARIS_LOG {"event":"send_rate","rate":304000,"ts":1760730842.7997348}
2025/10/17 19:54:03 POLARIS_LOG {"event":"send_rate","rate":312000,"ts":1760730843.82168}
2025/10/17 19:54:04 POLARIS_LOG {"event":"send_rate","rate":296000,"ts":1760730844.8131807}
2025/10/17 19:54:05 POLARIS_LOG {"event":"send_rate","rate":296000,"ts":1760730845.7995436}
2025/10/17 19:54:06 POLARIS_LOG {"event":"send_rate","rate":304000,"ts":1760730846.808764}
2025/10/17 19:54:07 POLARIS_LOG {"event":"send_rate","rate":296000,"ts":1760730847.8006706}
2025/10/17 19:54:08 POLARIS_LOG {"event":"send_rate","rate":304000,"ts":1760730848.8010914}
2025/10/17 19:54:09 POLARIS_LOG {"event":"send_rate","rate":288000,"ts":1760730849.8135343}
2025/10/17 19:54:10 POLARIS_LOG {"event":"send_rate","rate":312000,"ts":1760730850.806657}
2025/10/17 19:54:11 POLARIS_LOG {"event":"send_rate","rate":296000,"ts":1760730851.7993953}
2025/10/17 19:54:12 POLARIS_LOG {"event":"send_rate","rate":304000,"ts":1760730852.806873}
2025/10/17 19:54:13 POLARIS_LOG {"event":"send_rate","rate":296000,"ts":1760730853.799276}
2025/10/17 19:54:14 POLARIS_LOG {"event":"send_rate","rate":304000,"ts":1760730854.8259783}
2025/10/17 19:54:15 POLARIS_LOG {"event":"send_rate","rate":296000,"ts":1760730855.8004715}
2025/10/17 19:54:16 POLARIS_LOG {"event":"send_rate","rate":304000,"ts":1760730856.8059108}
2025/10/17 19:54:17 POLARIS_LOG {"event":"send_rate","rate":272000,"ts":1760730857.805887}
2025/10/17 19:54:18 POLARIS_LOG {"event":"send_rate","rate":320000,"ts":1760730858.7995577}
2025/10/17 19:54:19 POLARIS_LOG {"event":"send_rate","rate":304000,"ts":1760730859.8044915}
2025/10/17 19:54:20 POLARIS_LOG {"event":"send_rate","rate":304000,"ts":1760730860.8015404}
2025/10/17 19:54:21 POLARIS_LOG {"event":"send_rate","rate":296000,"ts":1760730861.7998173}
2025/10/17 19:54:22 POLARIS_LOG {"event":"send_rate","rate":296000,"ts":1760730862.901628}
2025/10/17 19:54:23 POLARIS_LOG {"event":"send_rate","rate":304000,"ts":1760730863.800263}
2025/10/17 19:54:24 POLARIS_LOG {"event":"send_rate","rate":304000,"ts":1760730864.8080862}
2025/10/17 19:54:25 POLARIS_LOG {"event":"send_rate","rate":296000,"ts":1760730865.7998765}
2025/10/17 19:54:26 POLARIS_LOG {"event":"send_rate","rate":304000,"ts":1760730866.8155322}
2025/10/17 19:54:27 POLARIS_LOG {"event":"send_rate","rate":296000,"ts":1760730867.8000615}
2025/10/17 19:54:28 POLARIS_LOG {"event":"send_rate","rate":304000,"ts":1760730868.8082032}
2025/10/17 19:54:29 POLARIS_LOG {"event":"send_rate","rate":296000,"ts":1760730869.8010714}
2025/10/17 19:54:30 POLARIS_LOG {"event":"send_rate","rate":296000,"ts":1760730870.799753}
2025/10/17 19:54:31 POLARIS_LOG {"event":"send_rate","rate":304000,"ts":1760730871.7998781}
2025/10/17 19:54:32 POLARIS_LOG {"event":"send_rate","rate":296000,"ts":1760730872.800204}
2025/10/17 19:54:33 POLARIS_LOG {"event":"send_rate","rate":304000,"ts":1760730873.814248}
2025/10/17 19:54:34 POLARIS_LOG {"event":"send_rate","rate":296000,"ts":1760730874.8005702}
2025/10/17 19:54:35 POLARIS_LOG {"event":"send_rate","rate":304000,"ts":1760730875.8220136}
2025/10/17 19:54:36 POLARIS_LOG {"event":"send_rate","rate":296000,"ts":1760730876.7999575}
2025/10/17 19:54:37 POLARIS_LOG {"event":"send_rate","rate":304000,"ts":1760730877.808067}
2025/10/17 19:54:38 POLARIS_LOG {"event":"send_rate","rate":304000,"ts":1760730878.8083298}
2025/10/17 19:54:39 POLARIS_LOG {"event":"send_rate","rate":296000,"ts":1760730879.799281}
2025/10/17 19:54:40 POLARIS_LOG {"event":"send_rate","rate":296000,"ts":1760730880.8001664}
2025/10/17 19:54:41 POLARIS_LOG {"event":"send_rate","rate":304000,"ts":1760730881.8004413}
2025/10/17 19:54:42 POLARIS_LOG {"event":"send_rate","rate":296000,"ts":1760730882.7995214}
2025/10/17 19:54:43 POLARIS_LOG {"event":"send_rate","rate":304000,"ts":1760730883.7993011}
2025/10/17 19:54:44 POLARIS_LOG {"event":"send_rate","rate":304000,"ts":1760730884.8199298}
2025/10/17 19:54:45 POLARIS_LOG {"event":"send_rate","rate":296000,"ts":1760730885.8073137}
2025/10/17 19:54:46 POLARIS_LOG {"event":"send_rate","rate":296000,"ts":1760730886.8002775}
2025/10/17 19:54:47 POLARIS_LOG {"event":"send_rate","rate":304000,"ts":1760730887.8016415}
2025/10/17 19:54:48 POLARIS_LOG {"event":"send_rate","rate":296000,"ts":1760730888.801556}
2025/10/17 19:54:49 POLARIS_LOG {"event":"send_rate","rate":304000,"ts":1760730889.801372}
2025/10/17 19:54:50 POLARIS_LOG {"event":"send_rate","rate":296000,"ts":1760730890.802739}
2025/10/17 19:54:51 POLARIS_LOG {"event":"send_rate","rate":304000,"ts":1760730891.7998393}
2025/10/17 19:54:52 POLARIS_LOG {"event":"send_rate","rate":296000,"ts":1760730892.799566}
2025/10/17 19:54:53 POLARIS_LOG {"event":"send_rate","rate":304000,"ts":1760730893.8125048}
2025/10/17 19:54:54 POLARIS_LOG {"event":"send_rate","rate":296000,"ts":1760730894.7993522}
2025/10/17 19:54:55 POLARIS_LOG {"event":"send_rate","rate":304000,"ts":1760730895.800098}
2025/10/17 19:54:56 POLARIS_LOG {"event":"send_rate","rate":296000,"ts":1760730896.7996566}
2025/10/17 19:54:57 POLARIS_LOG {"event":"send_rate","rate":304000,"ts":1760730897.8112228}
2025/10/17 19:54:58 POLARIS_LOG {"event":"send_rate","rate":304000,"ts":1760730898.8127422}
2025/10/17 19:54:59 POLARIS_LOG {"event":"send_rate","rate":296000,"ts":1760730899.8006268}
2025/10/17 19:55:00 POLARIS_LOG {"event":"send_rate","rate":296000,"ts":1760730900.8015995}
2025/10/17 19:55:01 POLARIS_LOG {"event":"send_rate","rate":304000,"ts":1760730901.8070092}
2025/10/17 19:55:02 POLARIS_LOG {"event":"send_rate","rate":296000,"ts":1760730902.802552}
2025/10/17 19:55:03 POLARIS_LOG {"event":"send_rate","rate":304000,"ts":1760730903.79968}
2025/10/17 19:55:04 POLARIS_LOG {"event":"send_rate","rate":296000,"ts":1760730904.8004832}
2025/10/17 19:55:05 POLARIS_LOG {"event":"send_rate","rate":312000,"ts":1760730905.8264275}
2025/10/17 19:55:06 POLARIS_LOG {"event":"send_rate","rate":288000,"ts":1760730906.7994804}
2025/10/17 19:55:07 POLARIS_LOG {"event":"send_rate","rate":304000,"ts":1760730907.7998965}
2025/10/17 19:55:08 POLARIS_LOG {"event":"send_rate","rate":296000,"ts":1760730908.802783}
2025/10/17 19:55:09 POLARIS_LOG {"event":"send_rate","rate":304000,"ts":1760730909.8007004}
2025/10/17 19:55:10 POLARIS_LOG {"event":"send_rate","rate":296000,"ts":1760730910.8021073}
2025/10/17 19:55:11 POLARIS_LOG {"event":"send_rate","rate":304000,"ts":1760730911.8023655}
2025/10/17 19:55:12 POLARIS_LOG {"event":"send_rate","rate":296000,"ts":1760730912.7999125}
2025/10/17 19:55:13 POLARIS_LOG {"event":"send_rate","rate":304000,"ts":1760730913.7996497}
2025/10/17 19:55:14 POLARIS_LOG {"event":"send_rate","rate":296000,"ts":1760730914.8010418}
2025/10/17 19:55:15 POLARIS_LOG {"event":"send_rate","rate":304000,"ts":1760730915.816474}
2025/10/17 19:55:16 POLARIS_LOG {"event":"send_rate","rate":296000,"ts":1760730916.8012486}
2025/10/17 19:55:17 POLARIS_LOG {"event":"send_rate","rate":312000,"ts":1760730917.8229995}
2025/10/17 19:55:18 POLARIS_LOG {"event":"send_rate","rate":288000,"ts":1760730918.800952}
2025/10/17 19:55:19 POLARIS_LOG {"event":"send_rate","rate":304000,"ts":1760730919.799582}
2025/10/17 19:55:20 POLARIS_LOG {"event":"send_rate","rate":296000,"ts":1760730920.7996666}
2025/10/17 19:55:21 POLARIS_LOG {"event":"send_rate","rate":304000,"ts":1760730921.8124263}
2025/10/17 19:55:22 POLARIS_LOG {"event":"send_rate","rate":296000,"ts":1760730922.8008432}
2025/10/17 19:55:23 POLARIS_LOG {"event":"send_rate","rate":304000,"ts":1760730923.8005118}
2025/10/17 19:55:24 POLARIS_LOG {"event":"send_rate","rate":296000,"ts":1760730924.8087378}
2025/10/17 19:55:25 POLARIS_LOG {"event":"send_rate","rate":304000,"ts":1760730925.7996507}
2025/10/17 19:55:26 POLARIS_LOG {"event":"send_rate","rate":304000,"ts":1760730926.8229403}
2025/10/17 19:55:27 POLARIS_LOG {"event":"send_rate","rate":296000,"ts":1760730927.8059978}
2025/10/17 19:55:28 POLARIS_LOG {"event":"send_rate","rate":296000,"ts":1760730928.8023324}
2025/10/17 19:55:29 POLARIS_LOG {"event":"send_rate","rate":304000,"ts":1760730929.799657}
2025/10/17 19:55:30 POLARIS_LOG {"event":"send_rate","rate":296000,"ts":1760730930.7996776}
2025/10/17 19:55:31 POLARIS_LOG {"event":"send_rate","rate":304000,"ts":1760730931.8001752}
2025/10/17 19:55:32 POLARIS_LOG {"event":"send_rate","rate":296000,"ts":1760730932.7996414}
2025/10/17 19:55:33 POLARIS_LOG {"event":"send_rate","rate":304000,"ts":1760730933.8081062}
2025/10/17 19:55:34 POLARIS_LOG {"event":"send_rate","rate":304000,"ts":1760730934.810226}
2025/10/17 19:55:35 POLARIS_LOG {"event":"send_rate","rate":296000,"ts":1760730935.799514}
2025/10/17 19:55:36 POLARIS_LOG {"event":"send_rate","rate":296000,"ts":1760730936.799474}
2025/10/17 19:55:37 POLARIS_LOG {"event":"send_rate","rate":304000,"ts":1760730937.802293}
2025/10/17 19:55:38 POLARIS_LOG {"event":"send_rate","rate":296000,"ts":1760730938.8022847}
2025/10/17 19:55:39 POLARIS_LOG {"event":"send_rate","rate":304000,"ts":1760730939.7991476}
2025/10/17 19:55:40 POLARIS_LOG {"event":"send_rate","rate":296000,"ts":1760730940.8023174}
2025/10/17 19:55:41 POLARIS_LOG {"event":"send_rate","rate":304000,"ts":1760730941.8095624}
2025/10/17 19:55:42 POLARIS_LOG {"event":"send_rate","rate":296000,"ts":1760730942.8002439}
2025/10/17 19:55:43 POLARIS_LOG {"event":"send_rate","rate":304000,"ts":1760730943.7993116}
2025/10/17 19:55:44 POLARIS_LOG {"event":"send_rate","rate":296000,"ts":1760730944.7996407}
2025/10/17 19:55:45 POLARIS_LOG {"event":"send_rate","rate":304000,"ts":1760730945.8054225}
2025/10/17 19:55:46 POLARIS_LOG {"event":"send_rate","rate":296000,"ts":1760730946.8014667}
2025/10/17 19:55:47 POLARIS_LOG {"event":"send_rate","rate":304000,"ts":1760730947.8009443}
2025/10/17 19:55:48 POLARIS_LOG {"event":"send_rate","rate":296000,"ts":1760730948.8010206}
2025/10/17 19:55:49 POLARIS_LOG {"event":"send_rate","rate":304000,"ts":1760730949.8013127}
2025/10/17 19:55:50 POLARIS_LOG {"event":"send_rate","rate":304000,"ts":1760730950.8142939}
2025/10/17 19:55:51 POLARIS_LOG {"event":"send_rate","rate":288000,"ts":1760730951.8047202}
2025/10/17 19:55:52 POLARIS_LOG {"event":"send_rate","rate":304000,"ts":1760730952.7997584}
2025/10/17 19:55:53 POLARIS_LOG {"event":"send_rate","rate":304000,"ts":1760730953.7994845}
2025/10/17 19:55:54 POLARIS_LOG {"event":"send_rate","rate":296000,"ts":1760730954.8064792}
2025/10/17 19:55:55 POLARIS_LOG {"event":"send_rate","rate":312000,"ts":1760730955.8368473}
2025/10/17 19:55:56 POLARIS_LOG {"event":"send_rate","rate":304000,"ts":1760730956.8418396}
2025/10/17 19:55:57 POLARIS_LOG {"event":"send_rate","rate":288000,"ts":1760730957.809509}
2025/10/17 19:55:58 POLARIS_LOG {"event":"send_rate","rate":296000,"ts":1760730958.7993302}
2025/10/17 19:55:59 POLARIS_LOG {"event":"send_rate","rate":304000,"ts":1760730959.8103056}
2025/10/17 19:56:00 POLARIS_LOG {"event":"send_rate","rate":296000,"ts":1760730960.802046}
2025/10/17 19:56:01 POLARIS_LOG {"event":"send_rate","rate":304000,"ts":1760730961.8006396}
2025/10/17 19:56:02 POLARIS_LOG {"event":"send_rate","rate":296000,"ts":1760730962.8053234}
2025/10/17 19:56:03 POLARIS_LOG {"event":"send_rate","rate":304000,"ts":1760730963.7997484}
2025/10/17 19:56:04 POLARIS_LOG {"event":"send_rate","rate":296000,"ts":1760730964.8005276}
2025/10/17 19:56:05 POLARIS_LOG {"event":"send_rate","rate":304000,"ts":1760730965.8089242}
2025/10/17 19:56:06 POLARIS_LOG {"event":"send_rate","rate":296000,"ts":1760730966.7996433}
2025/10/17 19:56:07 POLARIS_LOG {"event":"send_rate","rate":304000,"ts":1760730967.8212643}
2025/10/17 19:56:08 POLARIS_LOG {"event":"send_rate","rate":296000,"ts":1760730968.7993202}
2025/10/17 19:56:09 POLARIS_LOG {"event":"send_rate","rate":312000,"ts":1760730969.8466535}
2025/10/17 19:56:10 POLARIS_LOG {"event":"send_rate","rate":288000,"ts":1760730970.7999284}
2025/10/17 19:56:11 POLARIS_LOG {"event":"send_rate","rate":304000,"ts":1760730971.8000088}
2025/10/17 19:56:12 POLARIS_LOG {"event":"send_rate","rate":312000,"ts":1760730972.8427496}
2025/10/17 19:56:13 POLARIS_LOG {"event":"send_rate","rate":280000,"ts":1760730973.8780994}
2025/10/17 19:56:14 POLARIS_LOG {"event":"send_rate","rate":312000,"ts":1760730974.8282466}
2025/10/17 19:56:15 POLARIS_LOG {"event":"send_rate","rate":296000,"ts":1760730975.7995074}
2025/10/17 19:56:16 POLARIS_LOG {"event":"send_rate","rate":296000,"ts":1760730976.8070254}
2025/10/17 19:56:17 POLARIS_LOG {"event":"send_rate","rate":304000,"ts":1760730977.805954}
2025/10/17 19:56:18 POLARIS_LOG {"event":"send_rate","rate":296000,"ts":1760730978.8000627}
2025/10/17 19:56:19 POLARIS_LOG {"event":"send_rate","rate":304000,"ts":1760730979.8049943}
2025/10/17 19:56:20 POLARIS_LOG {"event":"send_rate","rate":336000,"ts":1760730980.920785}
2025/10/17 19:56:21 POLARIS_LOG {"event":"send_rate","rate":264000,"ts":1760730981.8002172}
2025/10/17 19:56:22 POLARIS_LOG {"event":"send_rate","rate":296000,"ts":1760730982.808736}
2025/10/17 19:56:23 POLARIS_LOG {"event":"send_rate","rate":304000,"ts":1760730983.8057003}
2025/10/17 19:56:24 POLARIS_LOG {"event":"send_rate","rate":296000,"ts":1760730984.8000836}
2025/10/17 19:56:25 POLARIS_LOG {"event":"send_rate","rate":296000,"ts":1760730985.803986}
2025/10/17 19:56:26 POLARIS_LOG {"event":"send_rate","rate":304000,"ts":1760730986.8000996}
2025/10/17 19:56:27 POLARIS_LOG {"event":"send_rate","rate":304000,"ts":1760730987.8157213}
2025/10/17 19:56:28 POLARIS_LOG {"event":"send_rate","rate":296000,"ts":1760730988.8008618}
2025/10/17 19:56:29 POLARIS_LOG {"event":"send_rate","rate":304000,"ts":1760730989.8211265}
2025/10/17 19:56:30 POLARIS_LOG {"event":"send_rate","rate":296000,"ts":1760730990.8003354}
2025/10/17 19:56:31 POLARIS_LOG {"event":"send_rate","rate":304000,"ts":1760730991.8231695}
2025/10/17 19:56:32 POLARIS_LOG {"event":"send_rate","rate":304000,"ts":1760730992.8193498}
Skipping switch: current path 1 1 7 7 3 5 has lastEstimate 333250 >= maxEstimate 0
2025/10/17 19:56:33 POLARIS_LOG {"event":"send_rate","rate":288000,"ts":1760730993.799587}
2025/10/17 19:56:34 POLARIS_LOG {"event":"send_rate","rate":304000,"ts":1760730994.8556235}
2025/10/17 19:56:35 POLARIS_LOG {"event":"send_rate","rate":304000,"ts":1760730995.803853}
2025/10/17 19:56:36 POLARIS_LOG {"event":"send_rate","rate":288000,"ts":1760730996.857031}
2025/10/17 19:56:37 POLARIS_LOG {"event":"send_rate","rate":304000,"ts":1760730997.8092892}
2025/10/17 19:56:38 POLARIS_LOG {"event":"send_rate","rate":304000,"ts":1760730998.8029861}
2025/10/17 19:56:39 POLARIS_LOG {"event":"send_rate","rate":296000,"ts":1760730999.8018117}
2025/10/17 19:56:40 POLARIS_LOG {"event":"send_rate","rate":304000,"ts":1760731000.801457}
2025/10/17 19:56:41 POLARIS_LOG {"event":"send_rate","rate":296000,"ts":1760731001.802078}
2025/10/17 19:56:42 POLARIS_LOG {"event":"send_rate","rate":304000,"ts":1760731002.8007393}
2025/10/17 19:56:43 POLARIS_LOG {"event":"send_rate","rate":296000,"ts":1760731003.7994215}
2025/10/17 19:56:44 POLARIS_LOG {"event":"send_rate","rate":304000,"ts":1760731004.8044167}
2025/10/17 19:56:45 POLARIS_LOG {"event":"send_rate","rate":320000,"ts":1760731005.8656845}
2025/10/17 19:56:46 POLARIS_LOG {"event":"send_rate","rate":304000,"ts":1760731006.876119}
2025/10/17 19:56:47 POLARIS_LOG {"event":"send_rate","rate":240000,"ts":1760731007.8051062}
2025/10/17 19:56:48 POLARIS_LOG {"event":"send_rate","rate":336000,"ts":1760731008.8046474}
2025/10/17 19:56:49 POLARIS_LOG {"event":"send_rate","rate":304000,"ts":1760731009.8038733}
2025/10/17 19:56:50 POLARIS_LOG {"event":"send_rate","rate":296000,"ts":1760731010.800116}
2025/10/17 19:56:51 POLARIS_LOG {"event":"send_rate","rate":304000,"ts":1760731011.8011415}
2025/10/17 19:56:52 POLARIS_LOG {"event":"send_rate","rate":296000,"ts":1760731012.8001788}
2025/10/17 19:56:53 POLARIS_LOG {"event":"send_rate","rate":296000,"ts":1760731013.7997487}
2025/10/17 19:56:54 POLARIS_LOG {"event":"send_rate","rate":312000,"ts":1760731014.8169532}
2025/10/17 19:56:55 POLARIS_LOG {"event":"send_rate","rate":296000,"ts":1760731015.8010914}
2025/10/17 19:56:56 POLARIS_LOG {"event":"send_rate","rate":296000,"ts":1760731016.7994695}
2025/10/17 19:56:57 POLARIS_LOG {"event":"send_rate","rate":296000,"ts":1760731017.7995145}
2025/10/17 19:56:58 POLARIS_LOG {"event":"send_rate","rate":304000,"ts":1760731018.799311}
2025/10/17 19:56:59 POLARIS_LOG {"event":"send_rate","rate":296000,"ts":1760731019.8017912}
2025/10/17 19:57:00 POLARIS_LOG {"event":"send_rate","rate":304000,"ts":1760731020.8058045}
2025/10/17 19:57:01 POLARIS_LOG {"event":"send_rate","rate":296000,"ts":1760731021.8009322}
2025/10/17 19:57:02 POLARIS_LOG {"event":"send_rate","rate":304000,"ts":1760731022.8002899}
2025/10/17 19:57:03 POLARIS_LOG {"event":"send_rate","rate":296000,"ts":1760731023.7997797}
2025/10/17 19:57:04 POLARIS_LOG {"event":"send_rate","rate":304000,"ts":1760731024.8048427}
2025/10/17 19:57:05 POLARIS_LOG {"event":"send_rate","rate":296000,"ts":1760731025.8116674}
2025/10/17 19:57:06 POLARIS_LOG {"event":"send_rate","rate":304000,"ts":1760731026.8031967}
2025/10/17 19:57:07 POLARIS_LOG {"event":"send_rate","rate":312000,"ts":1760731027.8472452}
2025/10/17 19:57:08 POLARIS_LOG {"event":"send_rate","rate":288000,"ts":1760731028.801682}
2025/10/17 19:57:09 POLARIS_LOG {"event":"send_rate","rate":296000,"ts":1760731029.7999074}
2025/10/17 19:57:10 POLARIS_LOG {"event":"send_rate","rate":304000,"ts":1760731030.8016725}
2025/10/17 19:57:11 POLARIS_LOG {"event":"send_rate","rate":304000,"ts":1760731031.802833}
2025/10/17 19:57:12 POLARIS_LOG {"event":"send_rate","rate":296000,"ts":1760731032.8058743}
2025/10/17 19:57:13 POLARIS_LOG {"event":"send_rate","rate":296000,"ts":1760731033.8032393}
2025/10/17 19:57:14 POLARIS_LOG {"event":"send_rate","rate":304000,"ts":1760731034.7992392}
2025/10/17 19:57:15 POLARIS_LOG {"event":"send_rate","rate":304000,"ts":1760731035.8039765}
2025/10/17 19:57:16 POLARIS_LOG {"event":"send_rate","rate":296000,"ts":1760731036.8003886}
2025/10/17 19:57:17 POLARIS_LOG {"event":"send_rate","rate":296000,"ts":1760731037.8381367}
2025/10/17 19:57:18 POLARIS_LOG {"event":"send_rate","rate":304000,"ts":1760731038.8000371}
2025/10/17 19:57:19 POLARIS_LOG {"event":"send_rate","rate":296000,"ts":1760731039.8005626}
2025/10/17 19:57:20 POLARIS_LOG {"event":"send_rate","rate":304000,"ts":1760731040.8312635}
2025/10/17 19:57:21 POLARIS_LOG {"event":"send_rate","rate":296000,"ts":1760731041.8024445}
2025/10/17 19:57:22 POLARIS_LOG {"event":"send_rate","rate":304000,"ts":1760731042.8151762}
2025/10/17 19:57:23 POLARIS_LOG {"event":"send_rate","rate":296000,"ts":1760731043.8008943}
2025/10/17 19:57:24 POLARIS_LOG {"event":"send_rate","rate":304000,"ts":1760731044.8015723}
2025/10/17 19:57:25 POLARIS_LOG {"event":"send_rate","rate":304000,"ts":1760731045.8135316}
2025/10/17 19:57:26 POLARIS_LOG {"event":"send_rate","rate":296000,"ts":1760731046.8066616}
2025/10/17 19:57:27 POLARIS_LOG {"event":"send_rate","rate":296000,"ts":1760731047.8008578}
2025/10/17 19:57:28 POLARIS_LOG {"event":"send_rate","rate":304000,"ts":1760731048.7997708}
2025/10/17 19:57:29 POLARIS_LOG {"event":"send_rate","rate":296000,"ts":1760731049.8040338}
2025/10/17 19:57:30 POLARIS_LOG {"event":"send_rate","rate":304000,"ts":1760731050.8005083}
2025/10/17 19:57:31 POLARIS_LOG {"event":"send_rate","rate":296000,"ts":1760731051.800037}
2025/10/17 19:57:32 POLARIS_LOG {"event":"send_rate","rate":304000,"ts":1760731052.8128104}
2025/10/17 19:57:33 POLARIS_LOG {"event":"send_rate","rate":288000,"ts":1760731053.8224313}
Skipping switch: current path 1 1 7 7 3 5 has lastEstimate 333250 >= maxEstimate 0
2025/10/17 19:57:34 POLARIS_LOG {"event":"send_rate","rate":312000,"ts":1760731054.8000624}
2025/10/17 19:57:35 POLARIS_LOG {"event":"send_rate","rate":288000,"ts":1760731055.8069139}
2025/10/17 19:57:36 POLARIS_LOG {"event":"send_rate","rate":312000,"ts":1760731056.8003519}
2025/10/17 19:57:37 POLARIS_LOG {"event":"send_rate","rate":296000,"ts":1760731057.8037584}
2025/10/17 19:57:38 POLARIS_LOG {"event":"send_rate","rate":304000,"ts":1760731058.7999005}
2025/10/17 19:57:39 POLARIS_LOG {"event":"send_rate","rate":296000,"ts":1760731059.8041375}
2025/10/17 19:57:40 POLARIS_LOG {"event":"send_rate","rate":304000,"ts":1760731060.7999318}
2025/10/17 19:57:41 POLARIS_LOG {"event":"send_rate","rate":296000,"ts":1760731061.8509414}
2025/10/17 19:57:42 POLARIS_LOG {"event":"send_rate","rate":304000,"ts":1760731062.7999766}
2025/10/17 19:57:43 POLARIS_LOG {"event":"send_rate","rate":296000,"ts":1760731063.8054302}
2025/10/17 19:57:44 POLARIS_LOG {"event":"send_rate","rate":304000,"ts":1760731064.8164997}
2025/10/17 19:57:45 POLARIS_LOG {"event":"send_rate","rate":296000,"ts":1760731065.8814178}
2025/10/17 19:57:46 POLARIS_LOG {"event":"send_rate","rate":296000,"ts":1760731066.810863}
2025/10/17 19:57:47 POLARIS_LOG {"event":"send_rate","rate":288000,"ts":1760731067.8059382}
2025/10/17 19:57:48 POLARIS_LOG {"event":"send_rate","rate":304000,"ts":1760731068.805794}
2025/10/17 19:57:49 POLARIS_LOG {"event":"send_rate","rate":320000,"ts":1760731069.8226466}
2025/10/17 19:57:50 POLARIS_LOG {"event":"send_rate","rate":296000,"ts":1760731070.800701}
2025/10/17 19:57:51 POLARIS_LOG {"event":"send_rate","rate":296000,"ts":1760731071.7996385}
2025/10/17 19:57:52 POLARIS_LOG {"event":"send_rate","rate":304000,"ts":1760731072.8132546}
2025/10/17 19:57:53 POLARIS_LOG {"event":"send_rate","rate":296000,"ts":1760731073.800766}
2025/10/17 19:57:54 POLARIS_LOG {"event":"send_rate","rate":296000,"ts":1760731074.80618}
2025/10/17 19:57:55 POLARIS_LOG {"event":"send_rate","rate":304000,"ts":1760731075.8021321}
2025/10/17 19:57:56 POLARIS_LOG {"event":"send_rate","rate":296000,"ts":1760731076.826328}
2025/10/17 19:57:57 POLARIS_LOG {"event":"send_rate","rate":304000,"ts":1760731077.7994194}
2025/10/17 19:57:58 POLARIS_LOG {"event":"send_rate","rate":304000,"ts":1760731078.8078287}
2025/10/17 19:57:59 POLARIS_LOG {"event":"send_rate","rate":296000,"ts":1760731079.8005621}
2025/10/17 19:58:00 POLARIS_LOG {"event":"send_rate","rate":304000,"ts":1760731080.7993846}
2025/10/17 19:58:01 POLARIS_LOG {"event":"send_rate","rate":296000,"ts":1760731081.8024585}
2025/10/17 19:58:02 POLARIS_LOG {"event":"send_rate","rate":304000,"ts":1760731082.8130856}
2025/10/17 19:58:03 POLARIS_LOG {"event":"send_rate","rate":304000,"ts":1760731083.8117733}
2025/10/17 19:58:04 POLARIS_LOG {"event":"send_rate","rate":288000,"ts":1760731084.8314524}
2025/10/17 19:58:05 POLARIS_LOG {"event":"send_rate","rate":320000,"ts":1760731085.8523545}
2025/10/17 19:58:06 POLARIS_LOG {"event":"send_rate","rate":288000,"ts":1760731086.7998774}
2025/10/17 19:58:07 POLARIS_LOG {"event":"send_rate","rate":296000,"ts":1760731087.8004587}
2025/10/17 19:58:08 POLARIS_LOG {"event":"send_rate","rate":304000,"ts":1760731088.8032095}
2025/10/17 19:58:09 POLARIS_LOG {"event":"send_rate","rate":304000,"ts":1760731089.808598}
2025/10/17 19:58:10 POLARIS_LOG {"event":"send_rate","rate":296000,"ts":1760731090.8295014}
2025/10/17 19:58:11 POLARIS_LOG {"event":"send_rate","rate":296000,"ts":1760731091.7995708}
2025/10/17 19:58:12 POLARIS_LOG {"event":"send_rate","rate":304000,"ts":1760731092.7993412}
2025/10/17 19:58:13 POLARIS_LOG {"event":"send_rate","rate":296000,"ts":1760731093.8001058}
We need to sleep for 1 seconds before we can get the results
2025/10/17 19:58:14 POLARIS_LOG {"event":"send_rate","rate":8000,"ts":1760731094.8007498}
Drain Loop received packet
Drain Loop received non-nil payload
Client sent 11250 packets, server reported 11214 packets received
The network loss rate from client to server is 0.3%

S->C results
Attempted bandwidth: 0 bps / 0.00 Mbps
Achieved bandwidth: 0 bps / 0.00 Mbps
Loss rate: 0.0%
Interarrival time min/avg/max/mdev = -0.000/0.000/0.000/0.000 ms

C->S results
Attempted bandwidth: 300000 bps / 0.30 Mbps
Achieved bandwidth: 299040 bps / 0.30 Mbps
Loss rate: 0.3%
Interarrival time min/avg/max/mdev = 0.002/26.753/374.946/18.660 ms
