
Test parameters:
client->server: 261 seconds, 1000 bytes, 9787 packets
server->client: 261 seconds, 1000 bytes, 0 packets
Polaris prober initialized with 38 paths
Polaris prober initialized with local 1-111,10.111.0.71:32724 and remote 1-113,10.113.0.71
2025/10/17 19:53:52 POLARIS_LOG {"current_rate":0,"event":"path_switch","new":"2 2 5 2","trigger":"initialization","ts":1760730832.7446105}
2025/10/17 19:53:53 POLARIS_LOG {"event":"send_rate","rate":0,"ts":1760730833.747465}
2025/10/17 19:53:54 POLARIS_LOG {"event":"send_rate","rate":184000,"ts":1760730834.7498188}
2025/10/17 19:53:55 POLARIS_LOG {"event":"send_rate","rate":296000,"ts":1760730835.747966}
2025/10/17 19:53:56 POLARIS_LOG {"event":"send_rate","rate":312000,"ts":1760730836.7851596}
2025/10/17 19:53:57 POLARIS_LOG {"event":"send_rate","rate":296000,"ts":1760730837.7483914}
2025/10/17 19:53:58 POLARIS_LOG {"event":"send_rate","rate":296000,"ts":1760730838.7477822}
2025/10/17 19:53:59 POLARIS_LOG {"event":"send_rate","rate":304000,"ts":1760730839.7484057}
2025/10/17 19:54:00 POLARIS_LOG {"event":"send_rate","rate":296000,"ts":1760730840.7555587}
2025/10/17 19:54:01 POLARIS_LOG {"event":"send_rate","rate":304000,"ts":1760730841.7486963}
2025/10/17 19:54:02 POLARIS_LOG {"event":"send_rate","rate":304000,"ts":1760730842.7663383}
2025/10/17 19:54:03 POLARIS_LOG {"event":"send_rate","rate":288000,"ts":1760730843.7484095}
2025/10/17 19:54:04 POLARIS_LOG {"event":"send_rate","rate":304000,"ts":1760730844.749416}
2025/10/17 19:54:05 POLARIS_LOG {"event":"send_rate","rate":288000,"ts":1760730845.7474022}
2025/10/17 19:54:06 POLARIS_LOG {"event":"send_rate","rate":128000,"ts":1760730846.7485526}
2025/10/17 19:54:07 POLARIS_LOG {"event":"send_rate","rate":104000,"ts":1760730847.7470698}
2025/10/17 19:54:08 POLARIS_LOG {"event":"send_rate","rate":152000,"ts":1760730848.7476592}
2025/10/17 19:54:09 POLARIS_LOG {"event":"send_rate","rate":168000,"ts":1760730849.7519178}
2025/10/17 19:54:10 POLARIS_LOG {"event":"send_rate","rate":184000,"ts":1760730850.746791}
2025/10/17 19:54:11 POLARIS_LOG {"event":"send_rate","rate":192000,"ts":1760730851.7498004}
2025/10/17 19:54:12 POLARIS_LOG {"event":"send_rate","rate":144000,"ts":1760730852.7491257}
2025/10/17 19:54:12 POLARIS_LOG {"candidates":25,"candidates_unfiltered":25,"current_rate":144000,"estimated_share":400000,"event":"path_switch","max_estimated_share":500000,"new":"5 5 1 3","old":"2 2 5 2","trigger":"scheduled","ts":1760730852.7535408}
2025/10/17 19:54:13 POLARIS_LOG {"event":"send_rate","rate":1336000,"ts":1760730853.7478786}
2025/10/17 19:54:14 POLARIS_LOG {"event":"send_rate","rate":304000,"ts":1760730854.7480586}
2025/10/17 19:54:15 POLARIS_LOG {"event":"send_rate","rate":296000,"ts":1760730855.7479453}
2025/10/17 19:54:16 POLARIS_LOG {"event":"send_rate","rate":304000,"ts":1760730856.7497163}
2025/10/17 19:54:17 POLARIS_LOG {"event":"send_rate","rate":296000,"ts":1760730857.7472825}
2025/10/17 19:54:18 POLARIS_LOG {"event":"send_rate","rate":304000,"ts":1760730858.7575986}
2025/10/17 19:54:19 POLARIS_LOG {"event":"send_rate","rate":296000,"ts":1760730859.747474}
2025/10/17 19:54:20 POLARIS_LOG {"event":"send_rate","rate":304000,"ts":1760730860.7480567}
2025/10/17 19:54:21 POLARIS_LOG {"event":"send_rate","rate":296000,"ts":1760730861.748305}
2025/10/17 19:54:22 POLARIS_LOG {"event":"send_rate","rate":304000,"ts":1760730862.7608063}
2025/10/17 19:54:23 POLARIS_LOG {"event":"send_rate","rate":304000,"ts":1760730863.757675}
2025/10/17 19:54:24 POLARIS_LOG {"event":"send_rate","rate":296000,"ts":1760730864.746971}
2025/10/17 19:54:25 POLARIS_LOG {"event":"send_rate","rate":296000,"ts":1760730865.7475436}
2025/10/17 19:54:26 POLARIS_LOG {"event":"send_rate","rate":320000,"ts":1760730866.7936096}
2025/10/17 19:54:27 POLARIS_LOG {"event":"send_rate","rate":280000,"ts":1760730867.7474322}
2025/10/17 19:54:28 POLARIS_LOG {"event":"send_rate","rate":296000,"ts":1760730868.8156893}
2025/10/17 19:54:29 POLARIS_LOG {"event":"send_rate","rate":304000,"ts":1760730869.7469811}
2025/10/17 19:54:30 POLARIS_LOG {"event":"send_rate","rate":304000,"ts":1760730870.7468703}
2025/10/17 19:54:31 POLARIS_LOG {"event":"send_rate","rate":296000,"ts":1760730871.7467613}
2025/10/17 19:54:32 POLARIS_LOG {"event":"send_rate","rate":304000,"ts":1760730872.7481973}
2025/10/17 19:54:33 POLARIS_LOG {"event":"send_rate","rate":296000,"ts":1760730873.7509248}
2025/10/17 19:54:34 POLARIS_LOG {"event":"send_rate","rate":304000,"ts":1760730874.747274}
2025/10/17 19:54:35 POLARIS_LOG {"event":"send_rate","rate":304000,"ts":1760730875.7550259}
2025/10/17 19:54:36 POLARIS_LOG {"event":"send_rate","rate":296000,"ts":1760730876.7474892}
2025/10/17 19:54:37 POLARIS_LOG {"event":"send_rate","rate":296000,"ts":1760730877.7470343}
2025/10/17 19:54:38 POLARIS_LOG {"event":"send_rate","rate":304000,"ts":1760730878.7905092}
2025/10/17 19:54:39 POLARIS_LOG {"event":"send_rate","rate":296000,"ts":1760730879.74728}
2025/10/17 19:54:40 POLARIS_LOG {"event":"send_rate","rate":304000,"ts":1760730880.7471952}
2025/10/17 19:54:41 POLARIS_LOG {"event":"send_rate","rate":304000,"ts":1760730881.7638109}
2025/10/17 19:54:42 POLARIS_LOG {"event":"send_rate","rate":296000,"ts":1760730882.7470205}
2025/10/17 19:54:43 POLARIS_LOG {"event":"send_rate","rate":304000,"ts":1760730883.7791793}
2025/10/17 19:54:44 POLARIS_LOG {"event":"send_rate","rate":296000,"ts":1760730884.7669878}
2025/10/17 19:54:45 POLARIS_LOG {"event":"send_rate","rate":296000,"ts":1760730885.7474296}
2025/10/17 19:54:46 POLARIS_LOG {"event":"send_rate","rate":304000,"ts":1760730886.747145}
2025/10/17 19:54:47 POLARIS_LOG {"event":"send_rate","rate":296000,"ts":1760730887.7471757}
2025/10/17 19:54:48 POLARIS_LOG {"event":"send_rate","rate":304000,"ts":1760730888.7472718}
2025/10/17 19:54:49 POLARIS_LOG {"event":"send_rate","rate":296000,"ts":1760730889.7496178}
2025/10/17 19:54:50 POLARIS_LOG {"event":"send_rate","rate":304000,"ts":1760730890.7503874}
2025/10/17 19:54:51 POLARIS_LOG {"event":"send_rate","rate":304000,"ts":1760730891.7576842}
2025/10/17 19:54:52 POLARIS_LOG {"event":"send_rate","rate":296000,"ts":1760730892.749039}
2025/10/17 19:54:53 POLARIS_LOG {"event":"send_rate","rate":296000,"ts":1760730893.7518072}
2025/10/17 19:54:54 POLARIS_LOG {"event":"send_rate","rate":304000,"ts":1760730894.749474}
2025/10/17 19:54:55 POLARIS_LOG {"event":"send_rate","rate":296000,"ts":1760730895.7479615}
2025/10/17 19:54:56 POLARIS_LOG {"event":"send_rate","rate":304000,"ts":1760730896.7581441}
2025/10/17 19:54:57 POLARIS_LOG {"event":"send_rate","rate":296000,"ts":1760730897.7476723}
2025/10/17 19:54:58 POLARIS_LOG {"event":"send_rate","rate":320000,"ts":1760730898.8029702}
2025/10/17 19:54:59 POLARIS_LOG {"event":"send_rate","rate":288000,"ts":1760730899.7634683}
2025/10/17 19:55:00 POLARIS_LOG {"event":"send_rate","rate":296000,"ts":1760730900.746618}
2025/10/17 19:55:01 POLARIS_LOG {"event":"send_rate","rate":296000,"ts":1760730901.74828}
2025/10/17 19:55:02 POLARIS_LOG {"event":"send_rate","rate":304000,"ts":1760730902.7471454}
2025/10/17 19:55:03 POLARIS_LOG {"event":"send_rate","rate":296000,"ts":1760730903.747513}
2025/10/17 19:55:04 POLARIS_LOG {"event":"send_rate","rate":304000,"ts":1760730904.7536922}
2025/10/17 19:55:05 POLARIS_LOG {"event":"send_rate","rate":296000,"ts":1760730905.773522}
2025/10/17 19:55:06 POLARIS_LOG {"event":"send_rate","rate":304000,"ts":1760730906.7524261}
2025/10/17 19:55:07 POLARIS_LOG {"event":"send_rate","rate":296000,"ts":1760730907.7474375}
2025/10/17 19:55:08 POLARIS_LOG {"event":"send_rate","rate":304000,"ts":1760730908.7515583}
2025/10/17 19:55:09 POLARIS_LOG {"event":"send_rate","rate":296000,"ts":1760730909.7475584}
2025/10/17 19:55:10 POLARIS_LOG {"event":"send_rate","rate":304000,"ts":1760730910.7467415}
2025/10/17 19:55:11 POLARIS_LOG {"event":"send_rate","rate":296000,"ts":1760730911.7475586}
2025/10/17 19:55:12 POLARIS_LOG {"event":"send_rate","rate":304000,"ts":1760730912.7576046}
2025/10/17 19:55:13 POLARIS_LOG {"event":"send_rate","rate":296000,"ts":1760730913.750172}
2025/10/17 19:55:14 POLARIS_LOG {"event":"send_rate","rate":304000,"ts":1760730914.7477918}
2025/10/17 19:55:15 POLARIS_LOG {"event":"send_rate","rate":304000,"ts":1760730915.7600904}
2025/10/17 19:55:16 POLARIS_LOG {"event":"send_rate","rate":296000,"ts":1760730916.7537224}
2025/10/17 19:55:17 POLARIS_LOG {"event":"send_rate","rate":296000,"ts":1760730917.7484975}
2025/10/17 19:55:18 POLARIS_LOG {"event":"send_rate","rate":304000,"ts":1760730918.7582438}
2025/10/17 19:55:19 POLARIS_LOG {"event":"send_rate","rate":296000,"ts":1760730919.7494648}
2025/10/17 19:55:20 POLARIS_LOG {"event":"send_rate","rate":296000,"ts":1760730920.7518125}
2025/10/17 19:55:21 POLARIS_LOG {"event":"send_rate","rate":304000,"ts":1760730921.746803}
2025/10/17 19:55:22 POLARIS_LOG {"event":"send_rate","rate":304000,"ts":1760730922.7540708}
2025/10/17 19:55:23 POLARIS_LOG {"event":"send_rate","rate":296000,"ts":1760730923.7502723}
2025/10/17 19:55:24 POLARIS_LOG {"event":"send_rate","rate":304000,"ts":1760730924.75595}
2025/10/17 19:55:25 POLARIS_LOG {"event":"send_rate","rate":296000,"ts":1760730925.7537272}
2025/10/17 19:55:26 POLARIS_LOG {"event":"send_rate","rate":304000,"ts":1760730926.749959}
2025/10/17 19:55:27 POLARIS_LOG {"event":"send_rate","rate":296000,"ts":1760730927.749499}
2025/10/17 19:55:28 POLARIS_LOG {"event":"send_rate","rate":304000,"ts":1760730928.751827}
2025/10/17 19:55:29 POLARIS_LOG {"event":"send_rate","rate":296000,"ts":1760730929.7525327}
2025/10/17 19:55:30 POLARIS_LOG {"event":"send_rate","rate":296000,"ts":1760730930.7471628}
2025/10/17 19:55:31 POLARIS_LOG {"event":"send_rate","rate":304000,"ts":1760730931.7466447}
2025/10/17 19:55:32 POLARIS_LOG {"event":"send_rate","rate":296000,"ts":1760730932.7476175}
2025/10/17 19:55:33 POLARIS_LOG {"event":"send_rate","rate":304000,"ts":1760730933.7471938}
2025/10/17 19:55:34 POLARIS_LOG {"event":"send_rate","rate":304000,"ts":1760730934.749599}
2025/10/17 19:55:35 POLARIS_LOG {"event":"send_rate","rate":296000,"ts":1760730935.749915}
2025/10/17 19:55:36 POLARIS_LOG {"event":"send_rate","rate":296000,"ts":1760730936.7475548}
2025/10/17 19:55:37 POLARIS_LOG {"event":"send_rate","rate":304000,"ts":1760730937.746647}
2025/10/17 19:55:38 POLARIS_LOG {"event":"send_rate","rate":296000,"ts":1760730938.747286}
2025/10/17 19:55:39 POLARIS_LOG {"event":"send_rate","rate":304000,"ts":1760730939.7578623}
2025/10/17 19:55:40 POLARIS_LOG {"event":"send_rate","rate":296000,"ts":1760730940.7497594}
2025/10/17 19:55:41 POLARIS_LOG {"event":"send_rate","rate":304000,"ts":1760730941.771238}
2025/10/17 19:55:42 POLARIS_LOG {"event":"send_rate","rate":296000,"ts":1760730942.7470965}
2025/10/17 19:55:43 POLARIS_LOG {"event":"send_rate","rate":304000,"ts":1760730943.7479348}
2025/10/17 19:55:44 POLARIS_LOG {"event":"send_rate","rate":296000,"ts":1760730944.748043}
2025/10/17 19:55:45 POLARIS_LOG {"event":"send_rate","rate":304000,"ts":1760730945.7467024}
2025/10/17 19:55:46 POLARIS_LOG {"event":"send_rate","rate":296000,"ts":1760730946.7507849}
2025/10/17 19:55:47 POLARIS_LOG {"event":"send_rate","rate":304000,"ts":1760730947.7607076}
2025/10/17 19:55:48 POLARIS_LOG {"event":"send_rate","rate":304000,"ts":1760730948.7549884}
2025/10/17 19:55:49 POLARIS_LOG {"event":"send_rate","rate":296000,"ts":1760730949.7466536}
2025/10/17 19:55:50 POLARIS_LOG {"event":"send_rate","rate":296000,"ts":1760730950.7469392}
2025/10/17 19:55:51 POLARIS_LOG {"event":"send_rate","rate":304000,"ts":1760730951.7516298}
2025/10/17 19:55:52 POLARIS_LOG {"event":"send_rate","rate":296000,"ts":1760730952.7473352}
2025/10/17 19:55:53 POLARIS_LOG {"event":"send_rate","rate":304000,"ts":1760730953.7540796}
2025/10/17 19:55:54 POLARIS_LOG {"event":"send_rate","rate":296000,"ts":1760730954.746875}
2025/10/17 19:55:55 POLARIS_LOG {"event":"send_rate","rate":304000,"ts":1760730955.7477038}
2025/10/17 19:55:56 POLARIS_LOG {"event":"send_rate","rate":296000,"ts":1760730956.746826}
2025/10/17 19:55:57 POLARIS_LOG {"event":"send_rate","rate":296000,"ts":1760730957.7576709}
2025/10/17 19:55:58 POLARIS_LOG {"event":"send_rate","rate":312000,"ts":1760730958.7717645}
2025/10/17 19:55:59 POLARIS_LOG {"event":"send_rate","rate":296000,"ts":1760730959.7488203}
2025/10/17 19:56:00 POLARIS_LOG {"event":"send_rate","rate":296000,"ts":1760730960.7501357}
2025/10/17 19:56:01 POLARIS_LOG {"event":"send_rate","rate":304000,"ts":1760730961.7485778}
2025/10/17 19:56:02 POLARIS_LOG {"event":"send_rate","rate":296000,"ts":1760730962.7468884}
2025/10/17 19:56:03 POLARIS_LOG {"event":"send_rate","rate":304000,"ts":1760730963.752297}
2025/10/17 19:56:04 POLARIS_LOG {"event":"send_rate","rate":296000,"ts":1760730964.7470973}
2025/10/17 19:56:05 POLARIS_LOG {"event":"send_rate","rate":304000,"ts":1760730965.752094}
2025/10/17 19:56:06 POLARIS_LOG {"event":"send_rate","rate":296000,"ts":1760730966.7494626}
2025/10/17 19:56:07 POLARIS_LOG {"event":"send_rate","rate":304000,"ts":1760730967.7475438}
2025/10/17 19:56:08 POLARIS_LOG {"event":"send_rate","rate":296000,"ts":1760730968.7465255}
2025/10/17 19:56:09 POLARIS_LOG {"event":"send_rate","rate":304000,"ts":1760730969.7568176}
2025/10/17 19:56:10 POLARIS_LOG {"event":"send_rate","rate":296000,"ts":1760730970.7466536}
2025/10/17 19:56:11 POLARIS_LOG {"event":"send_rate","rate":296000,"ts":1760730971.7770631}
2025/10/17 19:56:12 POLARIS_LOG {"event":"send_rate","rate":304000,"ts":1760730972.7523212}
2025/10/17 19:56:13 POLARIS_LOG {"event":"send_rate","rate":304000,"ts":1760730973.7471912}
2025/10/17 19:56:14 POLARIS_LOG {"event":"send_rate","rate":296000,"ts":1760730974.7644455}
2025/10/17 19:56:15 POLARIS_LOG {"event":"send_rate","rate":304000,"ts":1760730975.7518451}
2025/10/17 19:56:16 POLARIS_LOG {"event":"send_rate","rate":296000,"ts":1760730976.7467604}
2025/10/17 19:56:17 POLARIS_LOG {"event":"send_rate","rate":296000,"ts":1760730977.7613199}
2025/10/17 19:56:18 POLARIS_LOG {"event":"send_rate","rate":312000,"ts":1760730978.7595162}
2025/10/17 19:56:19 POLARIS_LOG {"event":"send_rate","rate":296000,"ts":1760730979.7520251}
2025/10/17 19:56:20 POLARIS_LOG {"event":"send_rate","rate":296000,"ts":1760730980.7478526}
2025/10/17 19:56:21 POLARIS_LOG {"event":"send_rate","rate":304000,"ts":1760730981.7568607}
2025/10/17 19:56:22 POLARIS_LOG {"event":"send_rate","rate":296000,"ts":1760730982.7491062}
2025/10/17 19:56:23 POLARIS_LOG {"event":"send_rate","rate":304000,"ts":1760730983.7525172}
2025/10/17 19:56:24 POLARIS_LOG {"event":"send_rate","rate":304000,"ts":1760730984.7594848}
2025/10/17 19:56:25 POLARIS_LOG {"event":"send_rate","rate":296000,"ts":1760730985.750506}
2025/10/17 19:56:26 POLARIS_LOG {"event":"send_rate","rate":296000,"ts":1760730986.7466311}
2025/10/17 19:56:27 POLARIS_LOG {"event":"send_rate","rate":304000,"ts":1760730987.746965}
2025/10/17 19:56:28 POLARIS_LOG {"event":"send_rate","rate":296000,"ts":1760730988.7468464}
2025/10/17 19:56:29 POLARIS_LOG {"event":"send_rate","rate":304000,"ts":1760730989.7482066}
2025/10/17 19:56:30 POLARIS_LOG {"event":"send_rate","rate":320000,"ts":1760730990.8130064}
2025/10/17 19:56:31 POLARIS_LOG {"event":"send_rate","rate":280000,"ts":1760730991.7620456}
2025/10/17 19:56:32 POLARIS_LOG {"event":"send_rate","rate":296000,"ts":1760730992.749881}
2025/10/17 19:56:33 POLARIS_LOG {"event":"send_rate","rate":296000,"ts":1760730993.7985685}
2025/10/17 19:56:34 POLARIS_LOG {"event":"send_rate","rate":304000,"ts":1760730994.74746}
2025/10/17 19:56:35 POLARIS_LOG {"event":"send_rate","rate":296000,"ts":1760730995.7468462}
2025/10/17 19:56:36 POLARIS_LOG {"event":"send_rate","rate":304000,"ts":1760730996.7474816}
2025/10/17 19:56:37 POLARIS_LOG {"event":"send_rate","rate":304000,"ts":1760730997.753618}
2025/10/17 19:56:38 POLARIS_LOG {"event":"send_rate","rate":304000,"ts":1760730998.7699852}
2025/10/17 19:56:39 POLARIS_LOG {"event":"send_rate","rate":264000,"ts":1760730999.749119}
2025/10/17 19:56:40 POLARIS_LOG {"event":"send_rate","rate":328000,"ts":1760731000.7469647}
2025/10/17 19:56:41 POLARIS_LOG {"event":"send_rate","rate":296000,"ts":1760731001.7480059}
2025/10/17 19:56:42 POLARIS_LOG {"event":"send_rate","rate":304000,"ts":1760731002.7528806}
2025/10/17 19:56:43 POLARIS_LOG {"event":"send_rate","rate":296000,"ts":1760731003.7466898}
2025/10/17 19:56:44 POLARIS_LOG {"event":"send_rate","rate":288000,"ts":1760731004.8201938}
2025/10/17 19:56:45 POLARIS_LOG {"event":"send_rate","rate":320000,"ts":1760731005.7586093}
2025/10/17 19:56:46 POLARIS_LOG {"event":"send_rate","rate":296000,"ts":1760731006.7467608}
2025/10/17 19:56:47 POLARIS_LOG {"event":"send_rate","rate":328000,"ts":1760731007.829842}
2025/10/17 19:56:48 POLARIS_LOG {"event":"send_rate","rate":272000,"ts":1760731008.7477617}
2025/10/17 19:56:49 POLARIS_LOG {"event":"send_rate","rate":296000,"ts":1760731009.7466729}
2025/10/17 19:56:50 POLARIS_LOG {"event":"send_rate","rate":312000,"ts":1760731010.8568807}
2025/10/17 19:56:51 POLARIS_LOG {"event":"send_rate","rate":296000,"ts":1760731011.7576022}
2025/10/17 19:56:52 POLARIS_LOG {"event":"send_rate","rate":296000,"ts":1760731012.7485669}
2025/10/17 19:56:53 POLARIS_LOG {"event":"send_rate","rate":304000,"ts":1760731013.7551525}
2025/10/17 19:56:54 POLARIS_LOG {"event":"send_rate","rate":312000,"ts":1760731014.7998872}
2025/10/17 19:56:55 POLARIS_LOG {"event":"send_rate","rate":288000,"ts":1760731015.7526114}
2025/10/17 19:56:56 POLARIS_LOG {"event":"send_rate","rate":296000,"ts":1760731016.7545812}
2025/10/17 19:56:57 POLARIS_LOG {"event":"send_rate","rate":296000,"ts":1760731017.7627213}
2025/10/17 19:56:58 POLARIS_LOG {"event":"send_rate","rate":304000,"ts":1760731018.7524428}
2025/10/17 19:56:59 POLARIS_LOG {"event":"send_rate","rate":296000,"ts":1760731019.7475696}
2025/10/17 19:57:00 POLARIS_LOG {"event":"send_rate","rate":304000,"ts":1760731020.7647161}
2025/10/17 19:57:01 POLARIS_LOG {"event":"send_rate","rate":304000,"ts":1760731021.7507505}
2025/10/17 19:57:02 POLARIS_LOG {"event":"send_rate","rate":312000,"ts":1760731022.7952814}
2025/10/17 19:57:03 POLARIS_LOG {"event":"send_rate","rate":280000,"ts":1760731023.7472208}
2025/10/17 19:57:04 POLARIS_LOG {"event":"send_rate","rate":312000,"ts":1760731024.7697742}
2025/10/17 19:57:05 POLARIS_LOG {"event":"send_rate","rate":280000,"ts":1760731025.7465396}
2025/10/17 19:57:06 POLARIS_LOG {"event":"send_rate","rate":312000,"ts":1760731026.7706966}
2025/10/17 19:57:07 POLARIS_LOG {"event":"send_rate","rate":296000,"ts":1760731027.7467556}
2025/10/17 19:57:08 POLARIS_LOG {"event":"send_rate","rate":304000,"ts":1760731028.748379}
2025/10/17 19:57:09 POLARIS_LOG {"event":"send_rate","rate":296000,"ts":1760731029.7472258}
2025/10/17 19:57:10 POLARIS_LOG {"event":"send_rate","rate":304000,"ts":1760731030.747456}
2025/10/17 19:57:11 POLARIS_LOG {"event":"send_rate","rate":296000,"ts":1760731031.7482944}
2025/10/17 19:57:12 POLARIS_LOG {"event":"send_rate","rate":304000,"ts":1760731032.7511322}
2025/10/17 19:57:13 POLARIS_LOG {"event":"send_rate","rate":296000,"ts":1760731033.755812}
2025/10/17 19:57:14 POLARIS_LOG {"event":"send_rate","rate":304000,"ts":1760731034.7471952}
2025/10/17 19:57:15 POLARIS_LOG {"event":"send_rate","rate":296000,"ts":1760731035.749149}
2025/10/17 19:57:16 POLARIS_LOG {"event":"send_rate","rate":304000,"ts":1760731036.7473063}
2025/10/17 19:57:17 POLARIS_LOG {"event":"send_rate","rate":296000,"ts":1760731037.7492702}
2025/10/17 19:57:18 POLARIS_LOG {"event":"send_rate","rate":304000,"ts":1760731038.7470486}
2025/10/17 19:57:19 POLARIS_LOG {"event":"send_rate","rate":304000,"ts":1760731039.7562852}
2025/10/17 19:57:20 POLARIS_LOG {"event":"send_rate","rate":296000,"ts":1760731040.7505863}
2025/10/17 19:57:21 POLARIS_LOG {"event":"send_rate","rate":296000,"ts":1760731041.7465298}
2025/10/17 19:57:22 POLARIS_LOG {"event":"send_rate","rate":304000,"ts":1760731042.7468216}
2025/10/17 19:57:23 POLARIS_LOG {"event":"send_rate","rate":296000,"ts":1760731043.7472177}
2025/10/17 19:57:24 POLARIS_LOG {"event":"send_rate","rate":304000,"ts":1760731044.7470496}
2025/10/17 19:57:25 POLARIS_LOG {"event":"send_rate","rate":296000,"ts":1760731045.7576091}
2025/10/17 19:57:26 POLARIS_LOG {"event":"send_rate","rate":304000,"ts":1760731046.7472014}
2025/10/17 19:57:27 POLARIS_LOG {"event":"send_rate","rate":296000,"ts":1760731047.7495217}
2025/10/17 19:57:28 POLARIS_LOG {"event":"send_rate","rate":304000,"ts":1760731048.7487037}
2025/10/17 19:57:29 POLARIS_LOG {"event":"send_rate","rate":296000,"ts":1760731049.7487996}
2025/10/17 19:57:30 POLARIS_LOG {"event":"send_rate","rate":304000,"ts":1760731050.7465503}
2025/10/17 19:57:31 POLARIS_LOG {"event":"send_rate","rate":296000,"ts":1760731051.7476168}
2025/10/17 19:57:32 POLARIS_LOG {"event":"send_rate","rate":304000,"ts":1760731052.747039}
2025/10/17 19:57:33 POLARIS_LOG {"event":"send_rate","rate":296000,"ts":1760731053.7521584}
2025/10/17 19:57:34 POLARIS_LOG {"event":"send_rate","rate":304000,"ts":1760731054.7595692}
2025/10/17 19:57:35 POLARIS_LOG {"event":"send_rate","rate":296000,"ts":1760731055.746972}
2025/10/17 19:57:36 POLARIS_LOG {"event":"send_rate","rate":304000,"ts":1760731056.7468388}
2025/10/17 19:57:37 POLARIS_LOG {"event":"send_rate","rate":296000,"ts":1760731057.7487803}
2025/10/17 19:57:38 POLARIS_LOG {"event":"send_rate","rate":304000,"ts":1760731058.7534444}
2025/10/17 19:57:39 POLARIS_LOG {"event":"send_rate","rate":296000,"ts":1760731059.747081}
2025/10/17 19:57:40 POLARIS_LOG {"event":"send_rate","rate":304000,"ts":1760731060.7473106}
2025/10/17 19:57:41 POLARIS_LOG {"event":"send_rate","rate":296000,"ts":1760731061.7490876}
2025/10/17 19:57:42 POLARIS_LOG {"event":"send_rate","rate":304000,"ts":1760731062.7465103}
2025/10/17 19:57:43 POLARIS_LOG {"event":"send_rate","rate":296000,"ts":1760731063.7507615}
2025/10/17 19:57:44 POLARIS_LOG {"event":"send_rate","rate":304000,"ts":1760731064.7466445}
2025/10/17 19:57:45 POLARIS_LOG {"event":"send_rate","rate":296000,"ts":1760731065.746868}
2025/10/17 19:57:46 POLARIS_LOG {"event":"send_rate","rate":304000,"ts":1760731066.7525742}
2025/10/17 19:57:47 POLARIS_LOG {"event":"send_rate","rate":296000,"ts":1760731067.747531}
2025/10/17 19:57:48 POLARIS_LOG {"event":"send_rate","rate":304000,"ts":1760731068.760841}
2025/10/17 19:57:49 POLARIS_LOG {"event":"send_rate","rate":296000,"ts":1760731069.7483304}
2025/10/17 19:57:50 POLARIS_LOG {"event":"send_rate","rate":304000,"ts":1760731070.749765}
2025/10/17 19:57:51 POLARIS_LOG {"event":"send_rate","rate":296000,"ts":1760731071.7475913}
2025/10/17 19:57:52 POLARIS_LOG {"event":"send_rate","rate":304000,"ts":1760731072.753776}
2025/10/17 19:57:53 POLARIS_LOG {"event":"send_rate","rate":296000,"ts":1760731073.7484891}
2025/10/17 19:57:54 POLARIS_LOG {"event":"send_rate","rate":304000,"ts":1760731074.7571936}
2025/10/17 19:57:55 POLARIS_LOG {"event":"send_rate","rate":296000,"ts":1760731075.7483902}
2025/10/17 19:57:56 POLARIS_LOG {"event":"send_rate","rate":296000,"ts":1760731076.7518935}
2025/10/17 19:57:57 POLARIS_LOG {"event":"send_rate","rate":304000,"ts":1760731077.7468238}
2025/10/17 19:57:58 POLARIS_LOG {"event":"send_rate","rate":296000,"ts":1760731078.750136}
2025/10/17 19:57:59 POLARIS_LOG {"event":"send_rate","rate":304000,"ts":1760731079.7501385}
2025/10/17 19:58:00 POLARIS_LOG {"event":"send_rate","rate":304000,"ts":1760731080.7472634}
2025/10/17 19:58:01 POLARIS_LOG {"event":"send_rate","rate":296000,"ts":1760731081.7502437}
2025/10/17 19:58:02 POLARIS_LOG {"event":"send_rate","rate":304000,"ts":1760731082.7477741}
2025/10/17 19:58:03 POLARIS_LOG {"event":"send_rate","rate":296000,"ts":1760731083.7472265}
2025/10/17 19:58:04 POLARIS_LOG {"event":"send_rate","rate":296000,"ts":1760731084.7509022}
2025/10/17 19:58:05 POLARIS_LOG {"event":"send_rate","rate":304000,"ts":1760731085.7543764}
2025/10/17 19:58:06 POLARIS_LOG {"event":"send_rate","rate":296000,"ts":1760731086.7466443}
2025/10/17 19:58:07 POLARIS_LOG {"event":"send_rate","rate":304000,"ts":1760731087.7474744}
2025/10/17 19:58:08 POLARIS_LOG {"event":"send_rate","rate":296000,"ts":1760731088.7468045}
2025/10/17 19:58:09 POLARIS_LOG {"event":"send_rate","rate":304000,"ts":1760731089.7509713}
2025/10/17 19:58:10 POLARIS_LOG {"event":"send_rate","rate":296000,"ts":1760731090.7465203}
2025/10/17 19:58:11 POLARIS_LOG {"event":"send_rate","rate":304000,"ts":1760731091.747152}
2025/10/17 19:58:12 POLARIS_LOG {"event":"send_rate","rate":296000,"ts":1760731092.747685}
2025/10/17 19:58:13 POLARIS_LOG {"event":"send_rate","rate":304000,"ts":1760731093.7471943}
2025/10/17 19:58:14 POLARIS_LOG {"event":"send_rate","rate":296000,"ts":1760731094.747093}
Drain Loop received packet
Drain Loop received non-nil payload
Client sent 9787 packets, server reported 9764 packets received
The network loss rate from client to server is 0.2%

S->C results
Attempted bandwidth: 0 bps / 0.00 Mbps
Achieved bandwidth: 0 bps / 0.00 Mbps
Loss rate: 0.0%
Interarrival time min/avg/max/mdev = -0.000/0.000/0.000/0.000 ms

C->S results
Attempted bandwidth: 299984 bps / 0.30 Mbps
Achieved bandwidth: 299279 bps / 0.30 Mbps
Loss rate: 0.2%
Interarrival time min/avg/max/mdev = 0.002/26.643/421.558/19.872 ms
