
Test parameters:
client->server: 243 seconds, 1000 bytes, 9112 packets
server->client: 243 seconds, 1000 bytes, 0 packets
Polaris prober initialized with 38 paths
Polaris prober initialized with local 1-111,10.111.0.71:32707 and remote 1-113,10.113.0.71
2025/10/17 19:54:11 POLARIS_LOG {"current_rate":0,"event":"path_switch","new":"2 2 5 2","trigger":"initialization","ts":1760730851.0067902}
2025/10/17 19:54:12 POLARIS_LOG {"event":"send_rate","rate":0,"ts":1760730852.009022}
2025/10/17 19:54:13 POLARIS_LOG {"event":"send_rate","rate":152000,"ts":1760730853.0193884}
2025/10/17 19:54:14 POLARIS_LOG {"event":"send_rate","rate":296000,"ts":1760730854.009511}
2025/10/17 19:54:15 POLARIS_LOG {"event":"send_rate","rate":304000,"ts":1760730855.0091586}
2025/10/17 19:54:16 POLARIS_LOG {"event":"send_rate","rate":296000,"ts":1760730856.0208855}
2025/10/17 19:54:17 POLARIS_LOG {"event":"send_rate","rate":304000,"ts":1760730857.0093071}
2025/10/17 19:54:18 POLARIS_LOG {"event":"send_rate","rate":296000,"ts":1760730858.0094867}
2025/10/17 19:54:19 POLARIS_LOG {"event":"send_rate","rate":304000,"ts":1760730859.029326}
2025/10/17 19:54:20 POLARIS_LOG {"event":"send_rate","rate":296000,"ts":1760730860.0088859}
2025/10/17 19:54:21 POLARIS_LOG {"event":"send_rate","rate":304000,"ts":1760730861.0148335}
2025/10/17 19:54:22 POLARIS_LOG {"event":"send_rate","rate":272000,"ts":1760730862.0097668}
2025/10/17 19:54:23 POLARIS_LOG {"event":"send_rate","rate":168000,"ts":1760730863.0106761}
2025/10/17 19:54:24 POLARIS_LOG {"event":"send_rate","rate":224000,"ts":1760730864.009207}
2025/10/17 19:54:25 POLARIS_LOG {"event":"send_rate","rate":384000,"ts":1760730865.0098324}
2025/10/17 19:54:26 POLARIS_LOG {"event":"send_rate","rate":408000,"ts":1760730866.0088274}
2025/10/17 19:54:27 POLARIS_LOG {"event":"send_rate","rate":336000,"ts":1760730867.008974}
2025/10/17 19:54:28 POLARIS_LOG {"event":"send_rate","rate":304000,"ts":1760730868.0096636}
2025/10/17 19:54:29 POLARIS_LOG {"event":"send_rate","rate":304000,"ts":1760730869.0247254}
2025/10/17 19:54:30 POLARIS_LOG {"event":"send_rate","rate":296000,"ts":1760730870.0098689}
2025/10/17 19:54:31 POLARIS_LOG {"event":"send_rate","rate":296000,"ts":1760730871.0097432}
2025/10/17 19:54:32 POLARIS_LOG {"event":"send_rate","rate":304000,"ts":1760730872.02069}
2025/10/17 19:54:33 POLARIS_LOG {"event":"send_rate","rate":264000,"ts":1760730873.01044}
2025/10/17 19:54:34 POLARIS_LOG {"event":"send_rate","rate":336000,"ts":1760730874.0112126}
2025/10/17 19:54:35 POLARIS_LOG {"event":"send_rate","rate":272000,"ts":1760730875.0155368}
2025/10/17 19:54:36 POLARIS_LOG {"event":"send_rate","rate":264000,"ts":1760730876.0346537}
2025/10/17 19:54:37 POLARIS_LOG {"event":"send_rate","rate":328000,"ts":1760730877.0187662}
2025/10/17 19:54:38 POLARIS_LOG {"event":"send_rate","rate":336000,"ts":1760730878.0119064}
2025/10/17 19:54:39 POLARIS_LOG {"event":"send_rate","rate":304000,"ts":1760730879.0201077}
2025/10/17 19:54:40 POLARIS_LOG {"event":"send_rate","rate":296000,"ts":1760730880.0089173}
2025/10/17 19:54:41 POLARIS_LOG {"event":"send_rate","rate":296000,"ts":1760730881.0147293}
2025/10/17 19:54:42 POLARIS_LOG {"event":"send_rate","rate":304000,"ts":1760730882.0094147}
2025/10/17 19:54:43 POLARIS_LOG {"event":"send_rate","rate":304000,"ts":1760730883.021202}
2025/10/17 19:54:44 POLARIS_LOG {"event":"send_rate","rate":296000,"ts":1760730884.0169747}
2025/10/17 19:54:45 POLARIS_LOG {"event":"send_rate","rate":296000,"ts":1760730885.0091045}
2025/10/17 19:54:46 POLARIS_LOG {"event":"send_rate","rate":304000,"ts":1760730886.009574}
2025/10/17 19:54:47 POLARIS_LOG {"event":"send_rate","rate":264000,"ts":1760730887.0096684}
2025/10/17 19:54:48 POLARIS_LOG {"event":"send_rate","rate":264000,"ts":1760730888.0094297}
2025/10/17 19:54:49 POLARIS_LOG {"event":"send_rate","rate":360000,"ts":1760730889.0088317}
2025/10/17 19:54:50 POLARIS_LOG {"event":"send_rate","rate":280000,"ts":1760730890.0102704}
2025/10/17 19:54:51 POLARIS_LOG {"event":"send_rate","rate":304000,"ts":1760730891.0097392}
2025/10/17 19:54:52 POLARIS_LOG {"event":"send_rate","rate":328000,"ts":1760730892.0104394}
2025/10/17 19:54:53 POLARIS_LOG {"event":"send_rate","rate":296000,"ts":1760730893.0097003}
2025/10/17 19:54:54 POLARIS_LOG {"event":"send_rate","rate":304000,"ts":1760730894.0090845}
2025/10/17 19:54:55 POLARIS_LOG {"event":"send_rate","rate":296000,"ts":1760730895.0092027}
2025/10/17 19:54:56 POLARIS_LOG {"event":"send_rate","rate":296000,"ts":1760730896.0102413}
2025/10/17 19:54:57 POLARIS_LOG {"event":"send_rate","rate":304000,"ts":1760730897.0087492}
2025/10/17 19:54:58 POLARIS_LOG {"event":"send_rate","rate":304000,"ts":1760730898.00984}
2025/10/17 19:54:59 POLARIS_LOG {"event":"send_rate","rate":296000,"ts":1760730899.0179207}
2025/10/17 19:55:00 POLARIS_LOG {"event":"send_rate","rate":304000,"ts":1760730900.0114288}
2025/10/17 19:55:01 POLARIS_LOG {"event":"send_rate","rate":296000,"ts":1760730901.0090199}
2025/10/17 19:55:02 POLARIS_LOG {"event":"send_rate","rate":304000,"ts":1760730902.008715}
2025/10/17 19:55:03 POLARIS_LOG {"event":"send_rate","rate":304000,"ts":1760730903.0258532}
2025/10/17 19:55:04 POLARIS_LOG {"event":"send_rate","rate":296000,"ts":1760730904.0097795}
2025/10/17 19:55:05 POLARIS_LOG {"event":"send_rate","rate":304000,"ts":1760730905.0339963}
2025/10/17 19:55:06 POLARIS_LOG {"event":"send_rate","rate":296000,"ts":1760730906.0097861}
2025/10/17 19:55:07 POLARIS_LOG {"event":"send_rate","rate":296000,"ts":1760730907.0092547}
2025/10/17 19:55:08 POLARIS_LOG {"event":"send_rate","rate":304000,"ts":1760730908.0179474}
2025/10/17 19:55:09 POLARIS_LOG {"event":"send_rate","rate":296000,"ts":1760730909.00984}
2025/10/17 19:55:10 POLARIS_LOG {"event":"send_rate","rate":296000,"ts":1760730910.0094104}
2025/10/17 19:55:11 POLARIS_LOG {"event":"send_rate","rate":304000,"ts":1760730911.009993}
2025/10/17 19:55:12 POLARIS_LOG {"event":"send_rate","rate":304000,"ts":1760730912.0095851}
2025/10/17 19:55:13 POLARIS_LOG {"event":"send_rate","rate":296000,"ts":1760730913.0095336}
2025/10/17 19:55:14 POLARIS_LOG {"event":"send_rate","rate":216000,"ts":1760730914.0141954}
2025/10/17 19:55:15 POLARIS_LOG {"event":"send_rate","rate":344000,"ts":1760730915.0647058}
2025/10/17 19:55:16 POLARIS_LOG {"event":"send_rate","rate":272000,"ts":1760730916.0098693}
2025/10/17 19:55:17 POLARIS_LOG {"event":"send_rate","rate":208000,"ts":1760730917.0090952}
2025/10/17 19:55:18 POLARIS_LOG {"event":"send_rate","rate":312000,"ts":1760730918.0095618}
2025/10/17 19:55:19 POLARIS_LOG {"event":"send_rate","rate":328000,"ts":1760730919.0115037}
2025/10/17 19:55:20 POLARIS_LOG {"event":"send_rate","rate":376000,"ts":1760730920.0087128}
2025/10/17 19:55:21 POLARIS_LOG {"event":"send_rate","rate":344000,"ts":1760730921.0094793}
2025/10/17 19:55:22 POLARIS_LOG {"event":"send_rate","rate":312000,"ts":1760730922.0554795}
2025/10/17 19:55:23 POLARIS_LOG {"event":"send_rate","rate":288000,"ts":1760730923.0184503}
2025/10/17 19:55:24 POLARIS_LOG {"event":"send_rate","rate":304000,"ts":1760730924.0094516}
2025/10/17 19:55:25 POLARIS_LOG {"event":"send_rate","rate":296000,"ts":1760730925.009308}
2025/10/17 19:55:26 POLARIS_LOG {"event":"send_rate","rate":304000,"ts":1760730926.0181472}
2025/10/17 19:55:27 POLARIS_LOG {"event":"send_rate","rate":296000,"ts":1760730927.0089703}
2025/10/17 19:55:28 POLARIS_LOG {"event":"send_rate","rate":304000,"ts":1760730928.0093813}
2025/10/17 19:55:29 POLARIS_LOG {"event":"send_rate","rate":296000,"ts":1760730929.009429}
2025/10/17 19:55:30 POLARIS_LOG {"event":"send_rate","rate":304000,"ts":1760730930.0091102}
2025/10/17 19:55:31 POLARIS_LOG {"event":"send_rate","rate":296000,"ts":1760730931.008911}
2025/10/17 19:55:32 POLARIS_LOG {"event":"send_rate","rate":304000,"ts":1760730932.0094552}
2025/10/17 19:55:33 POLARIS_LOG {"event":"send_rate","rate":296000,"ts":1760730933.0106251}
2025/10/17 19:55:34 POLARIS_LOG {"event":"send_rate","rate":296000,"ts":1760730934.0118535}
2025/10/17 19:55:35 POLARIS_LOG {"event":"send_rate","rate":304000,"ts":1760730935.0090091}
2025/10/17 19:55:36 POLARIS_LOG {"event":"send_rate","rate":304000,"ts":1760730936.0095065}
2025/10/17 19:55:37 POLARIS_LOG {"event":"send_rate","rate":296000,"ts":1760730937.0115545}
2025/10/17 19:55:38 POLARIS_LOG {"event":"send_rate","rate":296000,"ts":1760730938.0093997}
2025/10/17 19:55:39 POLARIS_LOG {"event":"send_rate","rate":304000,"ts":1760730939.0091326}
2025/10/17 19:55:40 POLARIS_LOG {"event":"send_rate","rate":296000,"ts":1760730940.0089126}
2025/10/17 19:55:41 POLARIS_LOG {"event":"send_rate","rate":304000,"ts":1760730941.0093977}
2025/10/17 19:55:42 POLARIS_LOG {"event":"send_rate","rate":304000,"ts":1760730942.0138483}
2025/10/17 19:55:43 POLARIS_LOG {"event":"send_rate","rate":296000,"ts":1760730943.0094981}
2025/10/17 19:55:44 POLARIS_LOG {"event":"send_rate","rate":296000,"ts":1760730944.0106668}
2025/10/17 19:55:45 POLARIS_LOG {"event":"send_rate","rate":312000,"ts":1760730945.037515}
2025/10/17 19:55:46 POLARIS_LOG {"event":"send_rate","rate":288000,"ts":1760730946.015558}
2025/10/17 19:55:47 POLARIS_LOG {"event":"send_rate","rate":296000,"ts":1760730947.0127416}
2025/10/17 19:55:48 POLARIS_LOG {"event":"send_rate","rate":304000,"ts":1760730948.0090432}
2025/10/17 19:55:49 POLARIS_LOG {"event":"send_rate","rate":312000,"ts":1760730949.050646}
2025/10/17 19:55:50 POLARIS_LOG {"event":"send_rate","rate":288000,"ts":1760730950.0119205}
2025/10/17 19:55:51 POLARIS_LOG {"event":"send_rate","rate":288000,"ts":1760730951.0097697}
Skipping switch: current path 2 2 5 2 has lastEstimate 333250 >= maxEstimate 0
2025/10/17 19:55:52 POLARIS_LOG {"event":"send_rate","rate":192000,"ts":1760730952.0169833}
2025/10/17 19:55:53 POLARIS_LOG {"event":"send_rate","rate":184000,"ts":1760730953.0098689}
2025/10/17 19:55:54 POLARIS_LOG {"event":"send_rate","rate":144000,"ts":1760730954.0108645}
2025/10/17 19:55:55 POLARIS_LOG {"event":"send_rate","rate":184000,"ts":1760730955.008958}
2025/10/17 19:55:56 POLARIS_LOG {"event":"send_rate","rate":296000,"ts":1760730956.0095959}
2025/10/17 19:55:57 POLARIS_LOG {"event":"send_rate","rate":400000,"ts":1760730957.0097458}
2025/10/17 19:55:58 POLARIS_LOG {"event":"send_rate","rate":464000,"ts":1760730958.008986}
2025/10/17 19:55:59 POLARIS_LOG {"event":"send_rate","rate":352000,"ts":1760730959.015342}
2025/10/17 19:56:00 POLARIS_LOG {"event":"send_rate","rate":248000,"ts":1760730960.0167193}
Skipping switch: current path 2 2 5 2 has lastEstimate 333250 >= maxEstimate 0
2025/10/17 19:56:01 POLARIS_LOG {"event":"send_rate","rate":304000,"ts":1760730961.0144656}
2025/10/17 19:56:02 POLARIS_LOG {"event":"send_rate","rate":216000,"ts":1760730962.013164}
2025/10/17 19:56:03 POLARIS_LOG {"event":"send_rate","rate":264000,"ts":1760730963.010475}
2025/10/17 19:56:04 POLARIS_LOG {"event":"send_rate","rate":240000,"ts":1760730964.009326}
2025/10/17 19:56:05 POLARIS_LOG {"event":"send_rate","rate":280000,"ts":1760730965.0092664}
2025/10/17 19:56:06 POLARIS_LOG {"event":"send_rate","rate":312000,"ts":1760730966.0095327}
2025/10/17 19:56:07 POLARIS_LOG {"event":"send_rate","rate":344000,"ts":1760730967.0092502}
2025/10/17 19:56:08 POLARIS_LOG {"event":"send_rate","rate":312000,"ts":1760730968.0097597}
2025/10/17 19:56:09 POLARIS_LOG {"event":"send_rate","rate":304000,"ts":1760730969.0108263}
2025/10/17 19:56:10 POLARIS_LOG {"event":"send_rate","rate":224000,"ts":1760730970.0161946}
2025/10/17 19:56:11 POLARIS_LOG {"event":"send_rate","rate":304000,"ts":1760730971.009935}
2025/10/17 19:56:12 POLARIS_LOG {"event":"send_rate","rate":368000,"ts":1760730972.0099938}
2025/10/17 19:56:13 POLARIS_LOG {"event":"send_rate","rate":424000,"ts":1760730973.0937026}
2025/10/17 19:56:14 POLARIS_LOG {"event":"send_rate","rate":248000,"ts":1760730974.0127206}
2025/10/17 19:56:15 POLARIS_LOG {"event":"send_rate","rate":368000,"ts":1760730975.015675}
2025/10/17 19:56:16 POLARIS_LOG {"event":"send_rate","rate":312000,"ts":1760730976.0100012}
2025/10/17 19:56:17 POLARIS_LOG {"event":"send_rate","rate":472000,"ts":1760730977.011059}
2025/10/17 19:56:18 POLARIS_LOG {"event":"send_rate","rate":352000,"ts":1760730978.0094268}
2025/10/17 19:56:19 POLARIS_LOG {"event":"send_rate","rate":304000,"ts":1760730979.0150936}
2025/10/17 19:56:20 POLARIS_LOG {"event":"send_rate","rate":296000,"ts":1760730980.009194}
2025/10/17 19:56:21 POLARIS_LOG {"event":"send_rate","rate":304000,"ts":1760730981.0096498}
2025/10/17 19:56:22 POLARIS_LOG {"event":"send_rate","rate":296000,"ts":1760730982.011224}
2025/10/17 19:56:23 POLARIS_LOG {"event":"send_rate","rate":304000,"ts":1760730983.0089386}
2025/10/17 19:56:24 POLARIS_LOG {"event":"send_rate","rate":312000,"ts":1760730984.0539844}
2025/10/17 19:56:25 POLARIS_LOG {"event":"send_rate","rate":288000,"ts":1760730985.0098197}
2025/10/17 19:56:26 POLARIS_LOG {"event":"send_rate","rate":296000,"ts":1760730986.009195}
2025/10/17 19:56:27 POLARIS_LOG {"event":"send_rate","rate":304000,"ts":1760730987.0109653}
2025/10/17 19:56:28 POLARIS_LOG {"event":"send_rate","rate":296000,"ts":1760730988.013872}
2025/10/17 19:56:29 POLARIS_LOG {"event":"send_rate","rate":304000,"ts":1760730989.0095646}
2025/10/17 19:56:30 POLARIS_LOG {"event":"send_rate","rate":296000,"ts":1760730990.008911}
2025/10/17 19:56:31 POLARIS_LOG {"event":"send_rate","rate":304000,"ts":1760730991.008932}
2025/10/17 19:56:32 POLARIS_LOG {"event":"send_rate","rate":296000,"ts":1760730992.0090497}
2025/10/17 19:56:33 POLARIS_LOG {"event":"send_rate","rate":296000,"ts":1760730993.0299292}
2025/10/17 19:56:34 POLARIS_LOG {"event":"send_rate","rate":304000,"ts":1760730994.013939}
2025/10/17 19:56:35 POLARIS_LOG {"event":"send_rate","rate":320000,"ts":1760730995.059105}
2025/10/17 19:56:36 POLARIS_LOG {"event":"send_rate","rate":280000,"ts":1760730996.008914}
2025/10/17 19:56:37 POLARIS_LOG {"event":"send_rate","rate":304000,"ts":1760730997.0198905}
2025/10/17 19:56:38 POLARIS_LOG {"event":"send_rate","rate":296000,"ts":1760730998.0222423}
2025/10/17 19:56:39 POLARIS_LOG {"event":"send_rate","rate":304000,"ts":1760730999.0103495}
2025/10/17 19:56:40 POLARIS_LOG {"event":"send_rate","rate":288000,"ts":1760731000.009911}
2025/10/17 19:56:41 POLARIS_LOG {"event":"send_rate","rate":304000,"ts":1760731001.021446}
2025/10/17 19:56:42 POLARIS_LOG {"event":"send_rate","rate":312000,"ts":1760731002.0228212}
2025/10/17 19:56:43 POLARIS_LOG {"event":"send_rate","rate":296000,"ts":1760731003.0152745}
2025/10/17 19:56:44 POLARIS_LOG {"event":"send_rate","rate":296000,"ts":1760731004.0090902}
2025/10/17 19:56:45 POLARIS_LOG {"event":"send_rate","rate":304000,"ts":1760731005.009088}
2025/10/17 19:56:46 POLARIS_LOG {"event":"send_rate","rate":304000,"ts":1760731006.0210032}
2025/10/17 19:56:47 POLARIS_LOG {"event":"send_rate","rate":296000,"ts":1760731007.0097106}
2025/10/17 19:56:48 POLARIS_LOG {"event":"send_rate","rate":304000,"ts":1760731008.0267966}
2025/10/17 19:56:49 POLARIS_LOG {"event":"send_rate","rate":288000,"ts":1760731009.0107734}
2025/10/17 19:56:50 POLARIS_LOG {"event":"send_rate","rate":304000,"ts":1760731010.0095165}
2025/10/17 19:56:51 POLARIS_LOG {"event":"send_rate","rate":304000,"ts":1760731011.009339}
2025/10/17 19:56:52 POLARIS_LOG {"event":"send_rate","rate":296000,"ts":1760731012.0158117}
2025/10/17 19:56:53 POLARIS_LOG {"event":"send_rate","rate":304000,"ts":1760731013.00912}
2025/10/17 19:56:54 POLARIS_LOG {"event":"send_rate","rate":296000,"ts":1760731014.0141861}
2025/10/17 19:56:55 POLARIS_LOG {"event":"send_rate","rate":296000,"ts":1760731015.010626}
2025/10/17 19:56:56 POLARIS_LOG {"event":"send_rate","rate":304000,"ts":1760731016.0096211}
2025/10/17 19:56:57 POLARIS_LOG {"event":"send_rate","rate":296000,"ts":1760731017.008856}
2025/10/17 19:56:58 POLARIS_LOG {"event":"send_rate","rate":304000,"ts":1760731018.0093846}
2025/10/17 19:56:59 POLARIS_LOG {"event":"send_rate","rate":296000,"ts":1760731019.0188904}
2025/10/17 19:57:00 POLARIS_LOG {"event":"send_rate","rate":304000,"ts":1760731020.010643}
2025/10/17 19:57:01 POLARIS_LOG {"event":"send_rate","rate":304000,"ts":1760731021.0097346}
2025/10/17 19:57:02 POLARIS_LOG {"event":"send_rate","rate":296000,"ts":1760731022.0179014}
2025/10/17 19:57:03 POLARIS_LOG {"event":"send_rate","rate":280000,"ts":1760731023.0101423}
2025/10/17 19:57:04 POLARIS_LOG {"event":"send_rate","rate":240000,"ts":1760731024.0095716}
2025/10/17 19:57:05 POLARIS_LOG {"event":"send_rate","rate":376000,"ts":1760731025.0087242}
2025/10/17 19:57:06 POLARIS_LOG {"event":"send_rate","rate":304000,"ts":1760731026.009588}
2025/10/17 19:57:07 POLARIS_LOG {"event":"send_rate","rate":296000,"ts":1760731027.0095577}
2025/10/17 19:57:08 POLARIS_LOG {"event":"send_rate","rate":304000,"ts":1760731028.00911}
2025/10/17 19:57:09 POLARIS_LOG {"event":"send_rate","rate":288000,"ts":1760731029.009577}
2025/10/17 19:57:10 POLARIS_LOG {"event":"send_rate","rate":192000,"ts":1760731030.0096574}
Skipping switch: current path 2 2 5 2 has lastEstimate 333250 >= maxEstimate 0
2025/10/17 19:57:11 POLARIS_LOG {"event":"send_rate","rate":256000,"ts":1760731031.0163713}
2025/10/17 19:57:12 POLARIS_LOG {"event":"send_rate","rate":256000,"ts":1760731032.0121927}
2025/10/17 19:57:13 POLARIS_LOG {"event":"send_rate","rate":232000,"ts":1760731033.0094116}
2025/10/17 19:57:14 POLARIS_LOG {"event":"send_rate","rate":312000,"ts":1760731034.0099192}
2025/10/17 19:57:15 POLARIS_LOG {"event":"send_rate","rate":296000,"ts":1760731035.0090888}
2025/10/17 19:57:16 POLARIS_LOG {"event":"send_rate","rate":320000,"ts":1760731036.0087423}
2025/10/17 19:57:17 POLARIS_LOG {"event":"send_rate","rate":384000,"ts":1760731037.021907}
2025/10/17 19:57:18 POLARIS_LOG {"event":"send_rate","rate":320000,"ts":1760731038.0087314}
2025/10/17 19:57:19 POLARIS_LOG {"event":"send_rate","rate":296000,"ts":1760731039.0094206}
2025/10/17 19:57:20 POLARIS_LOG {"event":"send_rate","rate":352000,"ts":1760731040.0095336}
2025/10/17 19:57:21 POLARIS_LOG {"event":"send_rate","rate":312000,"ts":1760731041.0089383}
2025/10/17 19:57:22 POLARIS_LOG {"event":"send_rate","rate":296000,"ts":1760731042.0109613}
2025/10/17 19:57:23 POLARIS_LOG {"event":"send_rate","rate":288000,"ts":1760731043.009693}
2025/10/17 19:57:24 POLARIS_LOG {"event":"send_rate","rate":208000,"ts":1760731044.0157943}
2025/10/17 19:57:25 POLARIS_LOG {"event":"send_rate","rate":232000,"ts":1760731045.0226927}
2025/10/17 19:57:26 POLARIS_LOG {"event":"send_rate","rate":272000,"ts":1760731046.0100217}
2025/10/17 19:57:27 POLARIS_LOG {"event":"send_rate","rate":304000,"ts":1760731047.0133724}
2025/10/17 19:57:28 POLARIS_LOG {"event":"send_rate","rate":344000,"ts":1760731048.010352}
2025/10/17 19:57:29 POLARIS_LOG {"event":"send_rate","rate":320000,"ts":1760731049.0209599}
2025/10/17 19:57:30 POLARIS_LOG {"event":"send_rate","rate":336000,"ts":1760731050.017466}
2025/10/17 19:57:31 POLARIS_LOG {"event":"send_rate","rate":320000,"ts":1760731051.0216}
2025/10/17 19:57:32 POLARIS_LOG {"event":"send_rate","rate":384000,"ts":1760731052.010073}
2025/10/17 19:57:33 POLARIS_LOG {"event":"send_rate","rate":304000,"ts":1760731053.0285957}
2025/10/17 19:57:34 POLARIS_LOG {"event":"send_rate","rate":376000,"ts":1760731054.0094726}
2025/10/17 19:57:35 POLARIS_LOG {"event":"send_rate","rate":296000,"ts":1760731055.0128546}
2025/10/17 19:57:36 POLARIS_LOG {"event":"send_rate","rate":304000,"ts":1760731056.0177228}
2025/10/17 19:57:37 POLARIS_LOG {"event":"send_rate","rate":296000,"ts":1760731057.0102842}
2025/10/17 19:57:38 POLARIS_LOG {"event":"send_rate","rate":304000,"ts":1760731058.0095985}
2025/10/17 19:57:39 POLARIS_LOG {"event":"send_rate","rate":296000,"ts":1760731059.0215614}
2025/10/17 19:57:40 POLARIS_LOG {"event":"send_rate","rate":304000,"ts":1760731060.0088224}
2025/10/17 19:57:41 POLARIS_LOG {"event":"send_rate","rate":296000,"ts":1760731061.0104716}
2025/10/17 19:57:42 POLARIS_LOG {"event":"send_rate","rate":304000,"ts":1760731062.0093653}
2025/10/17 19:57:43 POLARIS_LOG {"event":"send_rate","rate":296000,"ts":1760731063.0099237}
2025/10/17 19:57:44 POLARIS_LOG {"event":"send_rate","rate":304000,"ts":1760731064.0150764}
2025/10/17 19:57:45 POLARIS_LOG {"event":"send_rate","rate":304000,"ts":1760731065.0214467}
2025/10/17 19:57:46 POLARIS_LOG {"event":"send_rate","rate":296000,"ts":1760731066.0136473}
2025/10/17 19:57:47 POLARIS_LOG {"event":"send_rate","rate":304000,"ts":1760731067.0339346}
2025/10/17 19:57:48 POLARIS_LOG {"event":"send_rate","rate":296000,"ts":1760731068.014067}
2025/10/17 19:57:49 POLARIS_LOG {"event":"send_rate","rate":304000,"ts":1760731069.0399468}
2025/10/17 19:57:50 POLARIS_LOG {"event":"send_rate","rate":296000,"ts":1760731070.0358737}
2025/10/17 19:57:51 POLARIS_LOG {"event":"send_rate","rate":304000,"ts":1760731071.019898}
2025/10/17 19:57:52 POLARIS_LOG {"event":"send_rate","rate":296000,"ts":1760731072.0095675}
2025/10/17 19:57:53 POLARIS_LOG {"event":"send_rate","rate":304000,"ts":1760731073.0227368}
2025/10/17 19:57:54 POLARIS_LOG {"event":"send_rate","rate":296000,"ts":1760731074.0167696}
2025/10/17 19:57:55 POLARIS_LOG {"event":"send_rate","rate":296000,"ts":1760731075.0173173}
2025/10/17 19:57:56 POLARIS_LOG {"event":"send_rate","rate":304000,"ts":1760731076.0099738}
2025/10/17 19:57:57 POLARIS_LOG {"event":"send_rate","rate":304000,"ts":1760731077.038592}
2025/10/17 19:57:58 POLARIS_LOG {"event":"send_rate","rate":304000,"ts":1760731078.048429}
2025/10/17 19:57:59 POLARIS_LOG {"event":"send_rate","rate":288000,"ts":1760731079.0095947}
2025/10/17 19:58:00 POLARIS_LOG {"event":"send_rate","rate":304000,"ts":1760731080.0099487}
2025/10/17 19:58:01 POLARIS_LOG {"event":"send_rate","rate":296000,"ts":1760731081.0095315}
2025/10/17 19:58:02 POLARIS_LOG {"event":"send_rate","rate":304000,"ts":1760731082.0103066}
2025/10/17 19:58:03 POLARIS_LOG {"event":"send_rate","rate":296000,"ts":1760731083.0097163}
2025/10/17 19:58:04 POLARIS_LOG {"event":"send_rate","rate":304000,"ts":1760731084.01157}
2025/10/17 19:58:05 POLARIS_LOG {"event":"send_rate","rate":296000,"ts":1760731085.017049}
2025/10/17 19:58:06 POLARIS_LOG {"event":"send_rate","rate":304000,"ts":1760731086.0099306}
2025/10/17 19:58:07 POLARIS_LOG {"event":"send_rate","rate":296000,"ts":1760731087.019793}
2025/10/17 19:58:08 POLARIS_LOG {"event":"send_rate","rate":304000,"ts":1760731088.0109043}
2025/10/17 19:58:09 POLARIS_LOG {"event":"send_rate","rate":296000,"ts":1760731089.0111701}
2025/10/17 19:58:10 POLARIS_LOG {"event":"send_rate","rate":304000,"ts":1760731090.0152287}
2025/10/17 19:58:11 POLARIS_LOG {"event":"send_rate","rate":296000,"ts":1760731091.009703}
2025/10/17 19:58:12 POLARIS_LOG {"event":"send_rate","rate":304000,"ts":1760731092.010291}
2025/10/17 19:58:13 POLARIS_LOG {"event":"send_rate","rate":296000,"ts":1760731093.0125918}
2025/10/17 19:58:14 POLARIS_LOG {"event":"send_rate","rate":304000,"ts":1760731094.0092063}
2025/10/17 19:58:15 POLARIS_LOG {"event":"send_rate","rate":296000,"ts":1760731095.0102973}
We need to sleep for 1 seconds before we can get the results
Drain Loop received packet
Drain Loop received non-nil payload
Client sent 9112 packets, server reported 8981 packets received
The network loss rate from client to server is 1.4%

S->C results
Attempted bandwidth: 0 bps / 0.00 Mbps
Achieved bandwidth: 0 bps / 0.00 Mbps
Loss rate: 0.0%
Interarrival time min/avg/max/mdev = -0.000/0.000/0.000/0.000 ms

C->S results
Attempted bandwidth: 299983 bps / 0.30 Mbps
Achieved bandwidth: 295670 bps / 0.30 Mbps
Loss rate: 1.4%
Interarrival time min/avg/max/mdev = 0.002/26.733/381.125/18.825 ms
